{
	"start":	{
		"connected":	[{
				"socket":	4,
				"local_host":	"10.0.0.2",
				"local_port":	34066,
				"remote_host":	"10.0.0.8",
				"remote_port":	3299
			}],
		"version":	"iperf 3.0.7",
		"system_info":	"Linux H2 5.4.197-0504197-generic #202206060747 SMP Mon Jun 6 09:27:47 UTC 2022 x86_64 x86_64 x86_64 GNU/Linux\n",
		"timestamp":	{
			"time":	"Fri, 22 Jul 2022 16:28:03 GMT",
			"timesecs":	1658507283
		},
		"connecting_to":	{
			"host":	"10.0.0.8",
			"port":	3299
		},
		"cookie":	"H2.1658507283.276927.132e7503763f3bd",
		"tcp_mss_default":	1448,
		"test_start":	{
			"protocol":	"TCP",
			"num_streams":	1,
			"blksize":	131072,
			"omit":	0,
			"duration":	5,
			"bytes":	0,
			"blocks":	0,
			"reverse":	0
		}
	},
	"intervals":	[{
			"streams":	[{
					"socket":	4,
					"start":	0,
					"end":	1.00019,
					"seconds":	1.00019,
					"bytes":	1703936,
					"bits_per_second":	1.36288e+07,
					"retransmits":	0,
					"snd_cwnd":	95568,
					"omitted":	false
				}],
			"sum":	{
				"start":	0,
				"end":	1.00019,
				"seconds":	1.00019,
				"bytes":	1703936,
				"bits_per_second":	1.36288e+07,
				"retransmits":	0,
				"omitted":	false
			}
		}, {
			"streams":	[{
					"socket":	4,
					"start":	1.00019,
					"end":	2.00055,
					"seconds":	1.00035,
					"bytes":	1966080,
					"bits_per_second":	1.57231e+07,
					"retransmits":	0,
					"snd_cwnd":	121632,
					"omitted":	false
				}],
			"sum":	{
				"start":	1.00019,
				"end":	2.00055,
				"seconds":	1.00035,
				"bytes":	1966080,
				"bits_per_second":	1.57231e+07,
				"retransmits":	0,
				"omitted":	false
			}
		}, {
			"streams":	[{
					"socket":	4,
					"start":	2.00055,
					"end":	3.00083,
					"seconds":	1.00028,
					"bytes":	1835008,
					"bits_per_second":	1.46759e+07,
					"retransmits":	0,
					"snd_cwnd":	147696,
					"omitted":	false
				}],
			"sum":	{
				"start":	2.00055,
				"end":	3.00083,
				"seconds":	1.00028,
				"bytes":	1835008,
				"bits_per_second":	1.46759e+07,
				"retransmits":	0,
				"omitted":	false
			}
		}, {
			"streams":	[{
					"socket":	4,
					"start":	3.00083,
					"end":	4.0004,
					"seconds":	0.999571,
					"bytes":	1835008,
					"bits_per_second":	1.46864e+07,
					"retransmits":	0,
					"snd_cwnd":	175208,
					"omitted":	false
				}],
			"sum":	{
				"start":	3.00083,
				"end":	4.0004,
				"seconds":	0.999571,
				"bytes":	1835008,
				"bits_per_second":	1.46864e+07,
				"retransmits":	0,
				"omitted":	false
			}
		}, {
			"streams":	[{
					"socket":	4,
					"start":	4.0004,
					"end":	5.00031,
					"seconds":	0.99991,
					"bytes":	1966080,
					"bits_per_second":	1.57301e+07,
					"retransmits":	0,
					"snd_cwnd":	195480,
					"omitted":	false
				}],
			"sum":	{
				"start":	4.0004,
				"end":	5.00031,
				"seconds":	0.99991,
				"bytes":	1966080,
				"bits_per_second":	1.57301e+07,
				"retransmits":	0,
				"omitted":	false
			}
		}],
	"end":	{
		"streams":	[{
				"sender":	{
					"socket":	4,
					"start":	0,
					"end":	5.00031,
					"seconds":	5.00031,
					"bytes":	9306112,
					"bits_per_second":	1.48889e+07,
					"retransmits":	0
				},
				"receiver":	{
					"socket":	4,
					"start":	0,
					"end":	5.00031,
					"seconds":	5.00031,
					"bytes":	9306112,
					"bits_per_second":	1.48889e+07
				}
			}],
		"sum_sent":	{
			"start":	0,
			"end":	5.00031,
			"seconds":	5.00031,
			"bytes":	9306112,
			"bits_per_second":	1.48889e+07,
			"retransmits":	0
		},
		"sum_received":	{
			"start":	0,
			"end":	5.00031,
			"seconds":	5.00031,
			"bytes":	9306112,
			"bits_per_second":	1.48889e+07
		},
		"cpu_utilization_percent":	{
			"host_total":	0.478895,
			"host_user":	0,
			"host_system":	0.478835,
			"remote_total":	1.19042,
			"remote_user":	1.19046,
			"remote_system":	0
		}
	}
}
