{
	"start":	{
		"connected":	[{
				"socket":	4,
				"local_host":	"10.0.0.3",
				"local_port":	48644,
				"remote_host":	"10.0.0.8",
				"remote_port":	2719
			}],
		"version":	"iperf 3.0.7",
		"system_info":	"Linux H3 5.4.197-0504197-generic #202206060747 SMP Mon Jun 6 09:27:47 UTC 2022 x86_64 x86_64 x86_64 GNU/Linux\n",
		"timestamp":	{
			"time":	"Fri, 22 Jul 2022 09:31:18 GMT",
			"timesecs":	1658482278
		},
		"connecting_to":	{
			"host":	"10.0.0.8",
			"port":	2719
		},
		"cookie":	"H3.1658482278.163720.33524c7e52d159c",
		"tcp_mss_default":	1448,
		"test_start":	{
			"protocol":	"TCP",
			"num_streams":	1,
			"blksize":	131072,
			"omit":	0,
			"duration":	5,
			"bytes":	0,
			"blocks":	0,
			"reverse":	0
		}
	},
	"intervals":	[{
			"streams":	[{
					"socket":	4,
					"start":	0,
					"end":	1.00039,
					"seconds":	1.00039,
					"bytes":	1817576,
					"bits_per_second":	1.4535e+07,
					"retransmits":	0,
					"snd_cwnd":	92672,
					"omitted":	false
				}],
			"sum":	{
				"start":	0,
				"end":	1.00039,
				"seconds":	1.00039,
				"bytes":	1817576,
				"bits_per_second":	1.4535e+07,
				"retransmits":	0,
				"omitted":	false
			}
		}, {
			"streams":	[{
					"socket":	4,
					"start":	1.00039,
					"end":	2.00044,
					"seconds":	1.00005,
					"bytes":	1835008,
					"bits_per_second":	1.46794e+07,
					"retransmits":	0,
					"snd_cwnd":	130320,
					"omitted":	false
				}],
			"sum":	{
				"start":	1.00039,
				"end":	2.00044,
				"seconds":	1.00005,
				"bytes":	1835008,
				"bits_per_second":	1.46794e+07,
				"retransmits":	0,
				"omitted":	false
			}
		}, {
			"streams":	[{
					"socket":	4,
					"start":	2.00044,
					"end":	3.00053,
					"seconds":	1.00009,
					"bytes":	1835008,
					"bits_per_second":	1.46787e+07,
					"retransmits":	0,
					"snd_cwnd":	149144,
					"omitted":	false
				}],
			"sum":	{
				"start":	2.00044,
				"end":	3.00053,
				"seconds":	1.00009,
				"bytes":	1835008,
				"bits_per_second":	1.46787e+07,
				"retransmits":	0,
				"omitted":	false
			}
		}, {
			"streams":	[{
					"socket":	4,
					"start":	3.00053,
					"end":	4.00066,
					"seconds":	1.00013,
					"bytes":	1835008,
					"bits_per_second":	1.46781e+07,
					"retransmits":	0,
					"snd_cwnd":	163624,
					"omitted":	false
				}],
			"sum":	{
				"start":	3.00053,
				"end":	4.00066,
				"seconds":	1.00013,
				"bytes":	1835008,
				"bits_per_second":	1.46781e+07,
				"retransmits":	0,
				"omitted":	false
			}
		}, {
			"streams":	[{
					"socket":	4,
					"start":	4.00066,
					"end":	5.00042,
					"seconds":	0.999761,
					"bytes":	1966080,
					"bits_per_second":	1.57324e+07,
					"retransmits":	0,
					"snd_cwnd":	192584,
					"omitted":	false
				}],
			"sum":	{
				"start":	4.00066,
				"end":	5.00042,
				"seconds":	0.999761,
				"bytes":	1966080,
				"bits_per_second":	1.57324e+07,
				"retransmits":	0,
				"omitted":	false
			}
		}],
	"end":	{
		"streams":	[{
				"sender":	{
					"socket":	4,
					"start":	0,
					"end":	5.00042,
					"seconds":	5.00042,
					"bytes":	9288680,
					"bits_per_second":	1.48606e+07,
					"retransmits":	0
				},
				"receiver":	{
					"socket":	4,
					"start":	0,
					"end":	5.00042,
					"seconds":	5.00042,
					"bytes":	9288680,
					"bits_per_second":	1.48606e+07
				}
			}],
		"sum_sent":	{
			"start":	0,
			"end":	5.00042,
			"seconds":	5.00042,
			"bytes":	9288680,
			"bits_per_second":	1.48606e+07,
			"retransmits":	0
		},
		"sum_received":	{
			"start":	0,
			"end":	5.00042,
			"seconds":	5.00042,
			"bytes":	9288680,
			"bits_per_second":	1.48606e+07
		},
		"cpu_utilization_percent":	{
			"host_total":	0.722363,
			"host_user":	0.118773,
			"host_system":	0.603591,
			"remote_total":	1.82098,
			"remote_user":	0.480513,
			"remote_system":	1.34043
		}
	}
}
