{
	"start":	{
		"connected":	[{
				"socket":	4,
				"local_host":	"10.0.0.1",
				"local_port":	44510,
				"remote_host":	"10.0.0.12",
				"remote_port":	1008
			}],
		"version":	"iperf 3.0.7",
		"system_info":	"Linux H1 5.4.197-0504197-generic #202206060747 SMP Mon Jun 6 09:27:47 UTC 2022 x86_64 x86_64 x86_64 GNU/Linux\n",
		"timestamp":	{
			"time":	"Fri, 22 Jul 2022 16:23:02 GMT",
			"timesecs":	1658506982
		},
		"connecting_to":	{
			"host":	"10.0.0.12",
			"port":	1008
		},
		"cookie":	"H1.1658506982.280534.4efca3f5794dc38",
		"tcp_mss_default":	1448,
		"test_start":	{
			"protocol":	"TCP",
			"num_streams":	1,
			"blksize":	131072,
			"omit":	0,
			"duration":	5,
			"bytes":	0,
			"blocks":	0,
			"reverse":	0
		}
	},
	"intervals":	[{
			"streams":	[{
					"socket":	4,
					"start":	0,
					"end":	1.00125,
					"seconds":	1.00125,
					"bytes":	1690848,
					"bits_per_second":	1.351e+07,
					"retransmits":	0,
					"snd_cwnd":	89776,
					"omitted":	false
				}],
			"sum":	{
				"start":	0,
				"end":	1.00125,
				"seconds":	1.00125,
				"bytes":	1690848,
				"bits_per_second":	1.351e+07,
				"retransmits":	0,
				"omitted":	false
			}
		}, {
			"streams":	[{
					"socket":	4,
					"start":	1.00125,
					"end":	2.00054,
					"seconds":	0.999295,
					"bytes":	1966080,
					"bits_per_second":	1.57397e+07,
					"retransmits":	0,
					"snd_cwnd":	125976,
					"omitted":	false
				}],
			"sum":	{
				"start":	1.00125,
				"end":	2.00054,
				"seconds":	0.999295,
				"bytes":	1966080,
				"bits_per_second":	1.57397e+07,
				"retransmits":	0,
				"omitted":	false
			}
		}, {
			"streams":	[{
					"socket":	4,
					"start":	2.00054,
					"end":	3.00053,
					"seconds":	0.999986,
					"bytes":	1835008,
					"bits_per_second":	1.46803e+07,
					"retransmits":	0,
					"snd_cwnd":	147696,
					"omitted":	false
				}],
			"sum":	{
				"start":	2.00054,
				"end":	3.00053,
				"seconds":	0.999986,
				"bytes":	1835008,
				"bits_per_second":	1.46803e+07,
				"retransmits":	0,
				"omitted":	false
			}
		}, {
			"streams":	[{
					"socket":	4,
					"start":	3.00053,
					"end":	4.00074,
					"seconds":	1.00021,
					"bytes":	1835008,
					"bits_per_second":	1.4677e+07,
					"retransmits":	0,
					"snd_cwnd":	166520,
					"omitted":	false
				}],
			"sum":	{
				"start":	3.00053,
				"end":	4.00074,
				"seconds":	1.00021,
				"bytes":	1835008,
				"bits_per_second":	1.4677e+07,
				"retransmits":	0,
				"omitted":	false
			}
		}, {
			"streams":	[{
					"socket":	4,
					"start":	4.00074,
					"end":	5.00043,
					"seconds":	0.999693,
					"bytes":	1966080,
					"bits_per_second":	1.57335e+07,
					"retransmits":	0,
					"snd_cwnd":	195480,
					"omitted":	false
				}],
			"sum":	{
				"start":	4.00074,
				"end":	5.00043,
				"seconds":	0.999693,
				"bytes":	1966080,
				"bits_per_second":	1.57335e+07,
				"retransmits":	0,
				"omitted":	false
			}
		}],
	"end":	{
		"streams":	[{
				"sender":	{
					"socket":	4,
					"start":	0,
					"end":	5.00043,
					"seconds":	5.00043,
					"bytes":	9293024,
					"bits_per_second":	1.48676e+07,
					"retransmits":	0
				},
				"receiver":	{
					"socket":	4,
					"start":	0,
					"end":	5.00043,
					"seconds":	5.00043,
					"bytes":	9293024,
					"bits_per_second":	1.48676e+07
				}
			}],
		"sum_sent":	{
			"start":	0,
			"end":	5.00043,
			"seconds":	5.00043,
			"bytes":	9293024,
			"bits_per_second":	1.48676e+07,
			"retransmits":	0
		},
		"sum_received":	{
			"start":	0,
			"end":	5.00043,
			"seconds":	5.00043,
			"bytes":	9293024,
			"bits_per_second":	1.48676e+07
		},
		"cpu_utilization_percent":	{
			"host_total":	0.352623,
			"host_user":	0,
			"host_system":	0.352583,
			"remote_total":	1.20946,
			"remote_user":	0.317327,
			"remote_system":	0.89207
		}
	}
}
