{
	"start":	{
		"connected":	[{
				"socket":	4,
				"local_host":	"10.0.0.4",
				"local_port":	55858,
				"remote_host":	"10.0.0.9",
				"remote_port":	1196
			}],
		"version":	"iperf 3.0.7",
		"system_info":	"Linux H4 5.4.197-0504197-generic #202206060747 SMP Mon Jun 6 09:27:47 UTC 2022 x86_64 x86_64 x86_64 GNU/Linux\n",
		"timestamp":	{
			"time":	"Fri, 22 Jul 2022 15:01:09 GMT",
			"timesecs":	1658502069
		},
		"connecting_to":	{
			"host":	"10.0.0.9",
			"port":	1196
		},
		"cookie":	"H4.1658502069.836407.4acea7294ca0e58",
		"tcp_mss_default":	1448,
		"test_start":	{
			"protocol":	"TCP",
			"num_streams":	1,
			"blksize":	131072,
			"omit":	0,
			"duration":	5,
			"bytes":	0,
			"blocks":	0,
			"reverse":	0
		}
	},
	"intervals":	[{
			"streams":	[{
					"socket":	4,
					"start":	0,
					"end":	1.00075,
					"seconds":	1.00075,
					"bytes":	1690848,
					"bits_per_second":	1.35167e+07,
					"retransmits":	0,
					"snd_cwnd":	89776,
					"omitted":	false
				}],
			"sum":	{
				"start":	0,
				"end":	1.00075,
				"seconds":	1.00075,
				"bytes":	1690848,
				"bits_per_second":	1.35167e+07,
				"retransmits":	0,
				"omitted":	false
			}
		}, {
			"streams":	[{
					"socket":	4,
					"start":	1.00075,
					"end":	2.00029,
					"seconds":	0.999541,
					"bytes":	1966080,
					"bits_per_second":	1.57359e+07,
					"retransmits":	0,
					"snd_cwnd":	124528,
					"omitted":	false
				}],
			"sum":	{
				"start":	1.00075,
				"end":	2.00029,
				"seconds":	0.999541,
				"bytes":	1966080,
				"bits_per_second":	1.57359e+07,
				"retransmits":	0,
				"omitted":	false
			}
		}, {
			"streams":	[{
					"socket":	4,
					"start":	2.00029,
					"end":	3.00037,
					"seconds":	1.00008,
					"bytes":	1835008,
					"bits_per_second":	1.46789e+07,
					"retransmits":	0,
					"snd_cwnd":	165072,
					"omitted":	false
				}],
			"sum":	{
				"start":	2.00029,
				"end":	3.00037,
				"seconds":	1.00008,
				"bytes":	1835008,
				"bits_per_second":	1.46789e+07,
				"retransmits":	0,
				"omitted":	false
			}
		}, {
			"streams":	[{
					"socket":	4,
					"start":	3.00037,
					"end":	4.00102,
					"seconds":	1.00065,
					"bytes":	1835008,
					"bits_per_second":	1.46705e+07,
					"retransmits":	0,
					"snd_cwnd":	173760,
					"omitted":	false
				}],
			"sum":	{
				"start":	3.00037,
				"end":	4.00102,
				"seconds":	1.00065,
				"bytes":	1835008,
				"bits_per_second":	1.46705e+07,
				"retransmits":	0,
				"omitted":	false
			}
		}, {
			"streams":	[{
					"socket":	4,
					"start":	4.00102,
					"end":	5.00046,
					"seconds":	0.999441,
					"bytes":	1966080,
					"bits_per_second":	1.57374e+07,
					"retransmits":	0,
					"snd_cwnd":	182448,
					"omitted":	false
				}],
			"sum":	{
				"start":	4.00102,
				"end":	5.00046,
				"seconds":	0.999441,
				"bytes":	1966080,
				"bits_per_second":	1.57374e+07,
				"retransmits":	0,
				"omitted":	false
			}
		}],
	"end":	{
		"streams":	[{
				"sender":	{
					"socket":	4,
					"start":	0,
					"end":	5.00046,
					"seconds":	5.00046,
					"bytes":	9293024,
					"bits_per_second":	1.48675e+07,
					"retransmits":	0
				},
				"receiver":	{
					"socket":	4,
					"start":	0,
					"end":	5.00046,
					"seconds":	5.00046,
					"bytes":	9293024,
					"bits_per_second":	1.48675e+07
				}
			}],
		"sum_sent":	{
			"start":	0,
			"end":	5.00046,
			"seconds":	5.00046,
			"bytes":	9293024,
			"bits_per_second":	1.48675e+07,
			"retransmits":	0
		},
		"sum_received":	{
			"start":	0,
			"end":	5.00046,
			"seconds":	5.00046,
			"bytes":	9293024,
			"bits_per_second":	1.48675e+07
		},
		"cpu_utilization_percent":	{
			"host_total":	0.660255,
			"host_user":	0,
			"host_system":	0.660295,
			"remote_total":	1.93219,
			"remote_user":	0.270527,
			"remote_system":	1.66164
		}
	}
}
