{
	"start":	{
		"connected":	[{
				"socket":	4,
				"local_host":	"10.0.0.3",
				"local_port":	44834,
				"remote_host":	"10.0.0.11",
				"remote_port":	1401
			}],
		"version":	"iperf 3.0.7",
		"system_info":	"Linux H3 5.4.197-0504197-generic #202206060747 SMP Mon Jun 6 09:27:47 UTC 2022 x86_64 x86_64 x86_64 GNU/Linux\n",
		"timestamp":	{
			"time":	"Fri, 22 Jul 2022 16:29:21 GMT",
			"timesecs":	1658507361
		},
		"connecting_to":	{
			"host":	"10.0.0.11",
			"port":	1401
		},
		"cookie":	"H3.1658507361.050561.427d69256d78ea4",
		"tcp_mss_default":	1448,
		"test_start":	{
			"protocol":	"TCP",
			"num_streams":	1,
			"blksize":	131072,
			"omit":	0,
			"duration":	5,
			"bytes":	0,
			"blocks":	0,
			"reverse":	0
		}
	},
	"intervals":	[{
			"streams":	[{
					"socket":	4,
					"start":	0,
					"end":	1.0009,
					"seconds":	1.0009,
					"bytes":	1703936,
					"bits_per_second":	1.36193e+07,
					"retransmits":	0,
					"snd_cwnd":	95568,
					"omitted":	false
				}],
			"sum":	{
				"start":	0,
				"end":	1.0009,
				"seconds":	1.0009,
				"bytes":	1703936,
				"bits_per_second":	1.36193e+07,
				"retransmits":	0,
				"omitted":	false
			}
		}, {
			"streams":	[{
					"socket":	4,
					"start":	1.0009,
					"end":	2.00042,
					"seconds":	0.999525,
					"bytes":	1966080,
					"bits_per_second":	1.57361e+07,
					"retransmits":	0,
					"snd_cwnd":	139008,
					"omitted":	false
				}],
			"sum":	{
				"start":	1.0009,
				"end":	2.00042,
				"seconds":	0.999525,
				"bytes":	1966080,
				"bits_per_second":	1.57361e+07,
				"retransmits":	0,
				"omitted":	false
			}
		}, {
			"streams":	[{
					"socket":	4,
					"start":	2.00042,
					"end":	3.00025,
					"seconds":	0.999832,
					"bytes":	1835008,
					"bits_per_second":	1.46825e+07,
					"retransmits":	0,
					"snd_cwnd":	167968,
					"omitted":	false
				}],
			"sum":	{
				"start":	2.00042,
				"end":	3.00025,
				"seconds":	0.999832,
				"bytes":	1835008,
				"bits_per_second":	1.46825e+07,
				"retransmits":	0,
				"omitted":	false
			}
		}, {
			"streams":	[{
					"socket":	4,
					"start":	3.00025,
					"end":	4.00091,
					"seconds":	1.00065,
					"bytes":	1835008,
					"bits_per_second":	1.46705e+07,
					"retransmits":	0,
					"snd_cwnd":	188240,
					"omitted":	false
				}],
			"sum":	{
				"start":	3.00025,
				"end":	4.00091,
				"seconds":	1.00065,
				"bytes":	1835008,
				"bits_per_second":	1.46705e+07,
				"retransmits":	0,
				"omitted":	false
			}
		}, {
			"streams":	[{
					"socket":	4,
					"start":	4.00091,
					"end":	5.00029,
					"seconds":	0.999384,
					"bytes":	1966080,
					"bits_per_second":	1.57383e+07,
					"retransmits":	0,
					"snd_cwnd":	188240,
					"omitted":	false
				}],
			"sum":	{
				"start":	4.00091,
				"end":	5.00029,
				"seconds":	0.999384,
				"bytes":	1966080,
				"bits_per_second":	1.57383e+07,
				"retransmits":	0,
				"omitted":	false
			}
		}],
	"end":	{
		"streams":	[{
				"sender":	{
					"socket":	4,
					"start":	0,
					"end":	5.00029,
					"seconds":	5.00029,
					"bytes":	9306112,
					"bits_per_second":	1.48889e+07,
					"retransmits":	0
				},
				"receiver":	{
					"socket":	4,
					"start":	0,
					"end":	5.00029,
					"seconds":	5.00029,
					"bytes":	9306112,
					"bits_per_second":	1.48889e+07
				}
			}],
		"sum_sent":	{
			"start":	0,
			"end":	5.00029,
			"seconds":	5.00029,
			"bytes":	9306112,
			"bits_per_second":	1.48889e+07,
			"retransmits":	0
		},
		"sum_received":	{
			"start":	0,
			"end":	5.00029,
			"seconds":	5.00029,
			"bytes":	9306112,
			"bits_per_second":	1.48889e+07
		},
		"cpu_utilization_percent":	{
			"host_total":	0.644506,
			"host_user":	0,
			"host_system":	0.644506,
			"remote_total":	1.12135,
			"remote_user":	0,
			"remote_system":	1.12133
		}
	}
}
