{
	"start":	{
		"connected":	[{
				"socket":	4,
				"local_host":	"10.0.0.3",
				"local_port":	38994,
				"remote_host":	"10.0.0.10",
				"remote_port":	3253
			}],
		"version":	"iperf 3.0.7",
		"system_info":	"Linux H3 5.4.197-0504197-generic #202206060747 SMP Mon Jun 6 09:27:47 UTC 2022 x86_64 x86_64 x86_64 GNU/Linux\n",
		"timestamp":	{
			"time":	"Fri, 22 Jul 2022 16:30:10 GMT",
			"timesecs":	1658507410
		},
		"connecting_to":	{
			"host":	"10.0.0.10",
			"port":	3253
		},
		"cookie":	"H3.1658507410.544235.4e8e2c423844615",
		"tcp_mss_default":	1448,
		"test_start":	{
			"protocol":	"TCP",
			"num_streams":	1,
			"blksize":	131072,
			"omit":	0,
			"duration":	5,
			"bytes":	0,
			"blocks":	0,
			"reverse":	0
		}
	},
	"intervals":	[{
			"streams":	[{
					"socket":	4,
					"start":	0,
					"end":	1.0005,
					"seconds":	1.0005,
					"bytes":	1690848,
					"bits_per_second":	1.352e+07,
					"retransmits":	0,
					"snd_cwnd":	95568,
					"omitted":	false
				}],
			"sum":	{
				"start":	0,
				"end":	1.0005,
				"seconds":	1.0005,
				"bytes":	1690848,
				"bits_per_second":	1.352e+07,
				"retransmits":	0,
				"omitted":	false
			}
		}, {
			"streams":	[{
					"socket":	4,
					"start":	1.0005,
					"end":	2.00124,
					"seconds":	1.00074,
					"bytes":	1966080,
					"bits_per_second":	1.5717e+07,
					"retransmits":	0,
					"snd_cwnd":	136112,
					"omitted":	false
				}],
			"sum":	{
				"start":	1.0005,
				"end":	2.00124,
				"seconds":	1.00074,
				"bytes":	1966080,
				"bits_per_second":	1.5717e+07,
				"retransmits":	0,
				"omitted":	false
			}
		}, {
			"streams":	[{
					"socket":	4,
					"start":	2.00124,
					"end":	3.00028,
					"seconds":	0.999038,
					"bytes":	1835008,
					"bits_per_second":	1.46942e+07,
					"retransmits":	0,
					"snd_cwnd":	149144,
					"omitted":	false
				}],
			"sum":	{
				"start":	2.00124,
				"end":	3.00028,
				"seconds":	0.999038,
				"bytes":	1835008,
				"bits_per_second":	1.46942e+07,
				"retransmits":	0,
				"omitted":	false
			}
		}, {
			"streams":	[{
					"socket":	4,
					"start":	3.00028,
					"end":	4.00102,
					"seconds":	1.00074,
					"bytes":	1835008,
					"bits_per_second":	1.46693e+07,
					"retransmits":	0,
					"snd_cwnd":	185344,
					"omitted":	false
				}],
			"sum":	{
				"start":	3.00028,
				"end":	4.00102,
				"seconds":	1.00074,
				"bytes":	1835008,
				"bits_per_second":	1.46693e+07,
				"retransmits":	0,
				"omitted":	false
			}
		}, {
			"streams":	[{
					"socket":	4,
					"start":	4.00102,
					"end":	5.00039,
					"seconds":	0.99937,
					"bytes":	1966080,
					"bits_per_second":	1.57386e+07,
					"retransmits":	0,
					"snd_cwnd":	196928,
					"omitted":	false
				}],
			"sum":	{
				"start":	4.00102,
				"end":	5.00039,
				"seconds":	0.99937,
				"bytes":	1966080,
				"bits_per_second":	1.57386e+07,
				"retransmits":	0,
				"omitted":	false
			}
		}],
	"end":	{
		"streams":	[{
				"sender":	{
					"socket":	4,
					"start":	0,
					"end":	5.00039,
					"seconds":	5.00039,
					"bytes":	9293024,
					"bits_per_second":	1.48677e+07,
					"retransmits":	0
				},
				"receiver":	{
					"socket":	4,
					"start":	0,
					"end":	5.00039,
					"seconds":	5.00039,
					"bytes":	9293024,
					"bits_per_second":	1.48677e+07
				}
			}],
		"sum_sent":	{
			"start":	0,
			"end":	5.00039,
			"seconds":	5.00039,
			"bytes":	9293024,
			"bits_per_second":	1.48677e+07,
			"retransmits":	0
		},
		"sum_received":	{
			"start":	0,
			"end":	5.00039,
			"seconds":	5.00039,
			"bytes":	9293024,
			"bits_per_second":	1.48677e+07
		},
		"cpu_utilization_percent":	{
			"host_total":	0.384868,
			"host_user":	0.0586373,
			"host_system":	0.326291,
			"remote_total":	1.14713,
			"remote_user":	1.14715,
			"remote_system":	0
		}
	}
}
