{
	"start":	{
		"connected":	[{
				"socket":	4,
				"local_host":	"10.0.0.7",
				"local_port":	43740,
				"remote_host":	"10.0.0.10",
				"remote_port":	1522
			}],
		"version":	"iperf 3.0.7",
		"system_info":	"Linux BS7 5.4.197-0504197-generic #202206060747 SMP Mon Jun 6 09:27:47 UTC 2022 x86_64 x86_64 x86_64 GNU/Linux\n",
		"timestamp":	{
			"time":	"Mon, 25 Jul 2022 21:44:38 GMT",
			"timesecs":	1658785478
		},
		"connecting_to":	{
			"host":	"10.0.0.10",
			"port":	1522
		},
		"cookie":	"BS7.1658785478.194156.7b5367745166dd",
		"test_start":	{
			"protocol":	"UDP",
			"num_streams":	1,
			"blksize":	8192,
			"omit":	0,
			"duration":	8,
			"bytes":	0,
			"blocks":	0,
			"reverse":	0
		}
	},
	"intervals":	[{
			"streams":	[{
					"socket":	4,
					"start":	0,
					"end":	1.0004,
					"seconds":	1.0004,
					"bytes":	2826240,
					"bits_per_second":	2.26008e+07,
					"packets":	345,
					"omitted":	false
				}],
			"sum":	{
				"start":	0,
				"end":	1.0004,
				"seconds":	1.0004,
				"bytes":	2826240,
				"bits_per_second":	2.26008e+07,
				"packets":	345,
				"omitted":	false
			}
		}, {
			"streams":	[{
					"socket":	4,
					"start":	1.0004,
					"end":	2.00029,
					"seconds":	0.999883,
					"bytes":	3121152,
					"bits_per_second":	2.49721e+07,
					"packets":	381,
					"omitted":	false
				}],
			"sum":	{
				"start":	1.0004,
				"end":	2.00029,
				"seconds":	0.999883,
				"bytes":	3121152,
				"bits_per_second":	2.49721e+07,
				"packets":	381,
				"omitted":	false
			}
		}, {
			"streams":	[{
					"socket":	4,
					"start":	2.00029,
					"end":	3.00017,
					"seconds":	0.99988,
					"bytes":	3121152,
					"bits_per_second":	2.49722e+07,
					"packets":	381,
					"omitted":	false
				}],
			"sum":	{
				"start":	2.00029,
				"end":	3.00017,
				"seconds":	0.99988,
				"bytes":	3121152,
				"bits_per_second":	2.49722e+07,
				"packets":	381,
				"omitted":	false
			}
		}, {
			"streams":	[{
					"socket":	4,
					"start":	3.00017,
					"end":	4.00065,
					"seconds":	1.00048,
					"bytes":	3129344,
					"bits_per_second":	2.50227e+07,
					"packets":	382,
					"omitted":	false
				}],
			"sum":	{
				"start":	3.00017,
				"end":	4.00065,
				"seconds":	1.00048,
				"bytes":	3129344,
				"bits_per_second":	2.50227e+07,
				"packets":	382,
				"omitted":	false
			}
		}, {
			"streams":	[{
					"socket":	4,
					"start":	4.00065,
					"end":	5.00026,
					"seconds":	0.999614,
					"bytes":	3121152,
					"bits_per_second":	2.49789e+07,
					"packets":	381,
					"omitted":	false
				}],
			"sum":	{
				"start":	4.00065,
				"end":	5.00026,
				"seconds":	0.999614,
				"bytes":	3121152,
				"bits_per_second":	2.49789e+07,
				"packets":	381,
				"omitted":	false
			}
		}, {
			"streams":	[{
					"socket":	4,
					"start":	5.00026,
					"end":	6.00032,
					"seconds":	1.00006,
					"bytes":	3153920,
					"bits_per_second":	2.52299e+07,
					"packets":	385,
					"omitted":	false
				}],
			"sum":	{
				"start":	5.00026,
				"end":	6.00032,
				"seconds":	1.00006,
				"bytes":	3153920,
				"bits_per_second":	2.52299e+07,
				"packets":	385,
				"omitted":	false
			}
		}, {
			"streams":	[{
					"socket":	4,
					"start":	6.00032,
					"end":	7.00065,
					"seconds":	1.00033,
					"bytes":	3104768,
					"bits_per_second":	2.48299e+07,
					"packets":	379,
					"omitted":	false
				}],
			"sum":	{
				"start":	6.00032,
				"end":	7.00065,
				"seconds":	1.00033,
				"bytes":	3104768,
				"bits_per_second":	2.48299e+07,
				"packets":	379,
				"omitted":	false
			}
		}, {
			"streams":	[{
					"socket":	4,
					"start":	7.00065,
					"end":	8.00044,
					"seconds":	0.999792,
					"bytes":	3121152,
					"bits_per_second":	2.49744e+07,
					"packets":	381,
					"omitted":	false
				}],
			"sum":	{
				"start":	7.00065,
				"end":	8.00044,
				"seconds":	0.999792,
				"bytes":	3121152,
				"bits_per_second":	2.49744e+07,
				"packets":	381,
				"omitted":	false
			}
		}],
	"end":	{
		"streams":	[{
				"udp":	{
					"socket":	4,
					"start":	0,
					"end":	8.00044,
					"seconds":	8.00044,
					"bytes":	24698880,
					"bits_per_second":	2.46975e+07,
					"jitter_ms":	0.593238,
					"lost_packets":	19,
					"packets":	3015,
					"lost_percent":	0.630182
				}
			}],
		"sum":	{
			"start":	0,
			"end":	8.00044,
			"seconds":	8.00044,
			"bytes":	24698880,
			"bits_per_second":	2.46975e+07,
			"jitter_ms":	0.593238,
			"lost_packets":	19,
			"packets":	3015,
			"lost_percent":	0.630182
		},
		"cpu_utilization_percent":	{
			"host_total":	2.98499,
			"host_user":	0.138407,
			"host_system":	2.84652,
			"remote_total":	2.9115,
			"remote_user":	0.249928,
			"remote_system":	2.66152
		}
	}
}
