{
	"start":	{
		"connected":	[{
				"socket":	4,
				"local_host":	"10.0.0.4",
				"local_port":	50928,
				"remote_host":	"10.0.0.11",
				"remote_port":	3089
			}],
		"version":	"iperf 3.0.7",
		"system_info":	"Linux BS4 5.4.197-0504197-generic #202206060747 SMP Mon Jun 6 09:27:47 UTC 2022 x86_64 x86_64 x86_64 GNU/Linux\n",
		"timestamp":	{
			"time":	"Mon, 25 Jul 2022 21:46:13 GMT",
			"timesecs":	1658785573
		},
		"connecting_to":	{
			"host":	"10.0.0.11",
			"port":	3089
		},
		"cookie":	"BS4.1658785573.077177.553fa5195aef8c",
		"tcp_mss_default":	1448,
		"test_start":	{
			"protocol":	"TCP",
			"num_streams":	1,
			"blksize":	131072,
			"omit":	0,
			"duration":	7,
			"bytes":	0,
			"blocks":	0,
			"reverse":	0
		}
	},
	"intervals":	[{
			"streams":	[{
					"socket":	4,
					"start":	0,
					"end":	1.00292,
					"seconds":	1.00292,
					"bytes":	22644992,
					"bits_per_second":	1.80632e+08,
					"retransmits":	0,
					"snd_cwnd":	1558048,
					"omitted":	false
				}],
			"sum":	{
				"start":	0,
				"end":	1.00292,
				"seconds":	1.00292,
				"bytes":	22644992,
				"bits_per_second":	1.80632e+08,
				"retransmits":	0,
				"omitted":	false
			}
		}, {
			"streams":	[{
					"socket":	4,
					"start":	1.00292,
					"end":	2.0005,
					"seconds":	0.99758,
					"bytes":	25034752,
					"bits_per_second":	2.00764e+08,
					"retransmits":	1,
					"snd_cwnd":	1708640,
					"omitted":	false
				}],
			"sum":	{
				"start":	1.00292,
				"end":	2.0005,
				"seconds":	0.99758,
				"bytes":	25034752,
				"bits_per_second":	2.00764e+08,
				"retransmits":	1,
				"omitted":	false
			}
		}, {
			"streams":	[{
					"socket":	4,
					"start":	2.0005,
					"end":	3.00033,
					"seconds":	0.999829,
					"bytes":	24903680,
					"bits_per_second":	1.99264e+08,
					"retransmits":	0,
					"snd_cwnd":	1718776,
					"omitted":	false
				}],
			"sum":	{
				"start":	2.0005,
				"end":	3.00033,
				"seconds":	0.999829,
				"bytes":	24903680,
				"bits_per_second":	1.99264e+08,
				"retransmits":	0,
				"omitted":	false
			}
		}, {
			"streams":	[{
					"socket":	4,
					"start":	3.00033,
					"end":	4.00115,
					"seconds":	1.00082,
					"bytes":	25034752,
					"bits_per_second":	2.00114e+08,
					"retransmits":	0,
					"snd_cwnd":	1727464,
					"omitted":	false
				}],
			"sum":	{
				"start":	3.00033,
				"end":	4.00115,
				"seconds":	1.00082,
				"bytes":	25034752,
				"bits_per_second":	2.00114e+08,
				"retransmits":	0,
				"omitted":	false
			}
		}, {
			"streams":	[{
					"socket":	4,
					"start":	4.00115,
					"end":	5.00041,
					"seconds":	0.999258,
					"bytes":	25034752,
					"bits_per_second":	2.00427e+08,
					"retransmits":	0,
					"snd_cwnd":	1739048,
					"omitted":	false
				}],
			"sum":	{
				"start":	4.00115,
				"end":	5.00041,
				"seconds":	0.999258,
				"bytes":	25034752,
				"bits_per_second":	2.00427e+08,
				"retransmits":	0,
				"omitted":	false
			}
		}, {
			"streams":	[{
					"socket":	4,
					"start":	5.00041,
					"end":	6.00038,
					"seconds":	0.999966,
					"bytes":	24903680,
					"bits_per_second":	1.99236e+08,
					"retransmits":	0,
					"snd_cwnd":	1750632,
					"omitted":	false
				}],
			"sum":	{
				"start":	5.00041,
				"end":	6.00038,
				"seconds":	0.999966,
				"bytes":	24903680,
				"bits_per_second":	1.99236e+08,
				"retransmits":	0,
				"omitted":	false
			}
		}, {
			"streams":	[{
					"socket":	4,
					"start":	6.00038,
					"end":	7.00045,
					"seconds":	1.00007,
					"bytes":	25165824,
					"bits_per_second":	2.01312e+08,
					"retransmits":	0,
					"snd_cwnd":	1762216,
					"omitted":	false
				}],
			"sum":	{
				"start":	6.00038,
				"end":	7.00045,
				"seconds":	1.00007,
				"bytes":	25165824,
				"bits_per_second":	2.01312e+08,
				"retransmits":	0,
				"omitted":	false
			}
		}],
	"end":	{
		"streams":	[{
				"sender":	{
					"socket":	4,
					"start":	0,
					"end":	7.00045,
					"seconds":	7.00045,
					"bytes":	172722432,
					"bits_per_second":	1.97384e+08,
					"retransmits":	1
				},
				"receiver":	{
					"socket":	4,
					"start":	0,
					"end":	7.00045,
					"seconds":	7.00045,
					"bytes":	172722432,
					"bits_per_second":	1.97384e+08
				}
			}],
		"sum_sent":	{
			"start":	0,
			"end":	7.00045,
			"seconds":	7.00045,
			"bytes":	172722432,
			"bits_per_second":	1.97384e+08,
			"retransmits":	1
		},
		"sum_received":	{
			"start":	0,
			"end":	7.00045,
			"seconds":	7.00045,
			"bytes":	172722432,
			"bits_per_second":	1.97384e+08
		},
		"cpu_utilization_percent":	{
			"host_total":	2.01619,
			"host_user":	0.242739,
			"host_system":	1.77345,
			"remote_total":	3.81918,
			"remote_user":	0.550318,
			"remote_system":	3.26889
		}
	}
}
