{
	"start":	{
		"connected":	[{
				"socket":	4,
				"local_host":	"10.0.0.2",
				"local_port":	53428,
				"remote_host":	"10.0.0.11",
				"remote_port":	3431
			}],
		"version":	"iperf 3.0.7",
		"system_info":	"Linux H2 5.4.197-0504197-generic #202206060747 SMP Mon Jun 6 09:27:47 UTC 2022 x86_64 x86_64 x86_64 GNU/Linux\n",
		"timestamp":	{
			"time":	"Fri, 22 Jul 2022 15:00:41 GMT",
			"timesecs":	1658502041
		},
		"connecting_to":	{
			"host":	"10.0.0.11",
			"port":	3431
		},
		"cookie":	"H2.1658502041.435263.487377651e1a45d",
		"tcp_mss_default":	1448,
		"test_start":	{
			"protocol":	"TCP",
			"num_streams":	1,
			"blksize":	131072,
			"omit":	0,
			"duration":	5,
			"bytes":	0,
			"blocks":	0,
			"reverse":	0
		}
	},
	"intervals":	[{
			"streams":	[{
					"socket":	4,
					"start":	0,
					"end":	1.00051,
					"seconds":	1.00051,
					"bytes":	1689400,
					"bits_per_second":	1.35083e+07,
					"retransmits":	0,
					"snd_cwnd":	86880,
					"omitted":	false
				}],
			"sum":	{
				"start":	0,
				"end":	1.00051,
				"seconds":	1.00051,
				"bytes":	1689400,
				"bits_per_second":	1.35083e+07,
				"retransmits":	0,
				"omitted":	false
			}
		}, {
			"streams":	[{
					"socket":	4,
					"start":	1.00051,
					"end":	2.00086,
					"seconds":	1.00035,
					"bytes":	1966080,
					"bits_per_second":	1.57231e+07,
					"retransmits":	0,
					"snd_cwnd":	127424,
					"omitted":	false
				}],
			"sum":	{
				"start":	1.00051,
				"end":	2.00086,
				"seconds":	1.00035,
				"bytes":	1966080,
				"bits_per_second":	1.57231e+07,
				"retransmits":	0,
				"omitted":	false
			}
		}, {
			"streams":	[{
					"socket":	4,
					"start":	2.00086,
					"end":	3.00123,
					"seconds":	1.00037,
					"bytes":	1835008,
					"bits_per_second":	1.46746e+07,
					"retransmits":	0,
					"snd_cwnd":	166520,
					"omitted":	false
				}],
			"sum":	{
				"start":	2.00086,
				"end":	3.00123,
				"seconds":	1.00037,
				"bytes":	1835008,
				"bits_per_second":	1.46746e+07,
				"retransmits":	0,
				"omitted":	false
			}
		}, {
			"streams":	[{
					"socket":	4,
					"start":	3.00123,
					"end":	4.00082,
					"seconds":	0.999587,
					"bytes":	1835008,
					"bits_per_second":	1.46861e+07,
					"retransmits":	0,
					"snd_cwnd":	166520,
					"omitted":	false
				}],
			"sum":	{
				"start":	3.00123,
				"end":	4.00082,
				"seconds":	0.999587,
				"bytes":	1835008,
				"bits_per_second":	1.46861e+07,
				"retransmits":	0,
				"omitted":	false
			}
		}, {
			"streams":	[{
					"socket":	4,
					"start":	4.00082,
					"end":	5.00097,
					"seconds":	1.00014,
					"bytes":	1966080,
					"bits_per_second":	1.57264e+07,
					"retransmits":	0,
					"snd_cwnd":	195480,
					"omitted":	false
				}],
			"sum":	{
				"start":	4.00082,
				"end":	5.00097,
				"seconds":	1.00014,
				"bytes":	1966080,
				"bits_per_second":	1.57264e+07,
				"retransmits":	0,
				"omitted":	false
			}
		}],
	"end":	{
		"streams":	[{
				"sender":	{
					"socket":	4,
					"start":	0,
					"end":	5.00097,
					"seconds":	5.00097,
					"bytes":	9291576,
					"bits_per_second":	1.48636e+07,
					"retransmits":	0
				},
				"receiver":	{
					"socket":	4,
					"start":	0,
					"end":	5.00097,
					"seconds":	5.00097,
					"bytes":	9291576,
					"bits_per_second":	1.48636e+07
				}
			}],
		"sum_sent":	{
			"start":	0,
			"end":	5.00097,
			"seconds":	5.00097,
			"bytes":	9291576,
			"bits_per_second":	1.48636e+07,
			"retransmits":	0
		},
		"sum_received":	{
			"start":	0,
			"end":	5.00097,
			"seconds":	5.00097,
			"bytes":	9291576,
			"bits_per_second":	1.48636e+07
		},
		"cpu_utilization_percent":	{
			"host_total":	1.03786,
			"host_user":	0.125889,
			"host_system":	0.91193,
			"remote_total":	2.78614,
			"remote_user":	0.444345,
			"remote_system":	2.3418
		}
	}
}
