{
	"start":	{
		"connected":	[{
				"socket":	4,
				"local_host":	"10.0.0.4",
				"local_port":	39632,
				"remote_host":	"10.0.0.11",
				"remote_port":	3039
			}],
		"version":	"iperf 3.0.7",
		"system_info":	"Linux BS4 5.4.197-0504197-generic #202206060747 SMP Mon Jun 6 09:27:47 UTC 2022 x86_64 x86_64 x86_64 GNU/Linux\n",
		"timestamp":	{
			"time":	"Mon, 25 Jul 2022 21:43:36 GMT",
			"timesecs":	1658785416
		},
		"connecting_to":	{
			"host":	"10.0.0.11",
			"port":	3039
		},
		"cookie":	"BS4.1658785416.761730.620af1433e09aa",
		"tcp_mss_default":	1448,
		"test_start":	{
			"protocol":	"TCP",
			"num_streams":	1,
			"blksize":	131072,
			"omit":	0,
			"duration":	9,
			"bytes":	0,
			"blocks":	0,
			"reverse":	0
		}
	},
	"intervals":	[{
			"streams":	[{
					"socket":	4,
					"start":	0,
					"end":	1.00028,
					"seconds":	1.00028,
					"bytes":	5639632,
					"bits_per_second":	4.51045e+07,
					"retransmits":	0,
					"snd_cwnd":	372136,
					"omitted":	false
				}],
			"sum":	{
				"start":	0,
				"end":	1.00028,
				"seconds":	1.00028,
				"bytes":	5639632,
				"bits_per_second":	4.51045e+07,
				"retransmits":	0,
				"omitted":	false
			}
		}, {
			"streams":	[{
					"socket":	4,
					"start":	1.00028,
					"end":	2.00018,
					"seconds":	0.999899,
					"bytes":	6291456,
					"bits_per_second":	5.03367e+07,
					"retransmits":	0,
					"snd_cwnd":	618296,
					"omitted":	false
				}],
			"sum":	{
				"start":	1.00028,
				"end":	2.00018,
				"seconds":	0.999899,
				"bytes":	6291456,
				"bits_per_second":	5.03367e+07,
				"retransmits":	0,
				"omitted":	false
			}
		}, {
			"streams":	[{
					"socket":	4,
					"start":	2.00018,
					"end":	3.00052,
					"seconds":	1.00034,
					"bytes":	6291456,
					"bits_per_second":	5.03146e+07,
					"retransmits":	0,
					"snd_cwnd":	683456,
					"omitted":	false
				}],
			"sum":	{
				"start":	2.00018,
				"end":	3.00052,
				"seconds":	1.00034,
				"bytes":	6291456,
				"bits_per_second":	5.03146e+07,
				"retransmits":	0,
				"omitted":	false
			}
		}, {
			"streams":	[{
					"socket":	4,
					"start":	3.00052,
					"end":	4.00051,
					"seconds":	0.999993,
					"bytes":	6160384,
					"bits_per_second":	4.92834e+07,
					"retransmits":	0,
					"snd_cwnd":	683456,
					"omitted":	false
				}],
			"sum":	{
				"start":	3.00052,
				"end":	4.00051,
				"seconds":	0.999993,
				"bytes":	6160384,
				"bits_per_second":	4.92834e+07,
				"retransmits":	0,
				"omitted":	false
			}
		}, {
			"streams":	[{
					"socket":	4,
					"start":	4.00051,
					"end":	5.00053,
					"seconds":	1.00002,
					"bytes":	6291456,
					"bits_per_second":	5.03304e+07,
					"retransmits":	0,
					"snd_cwnd":	683456,
					"omitted":	false
				}],
			"sum":	{
				"start":	4.00051,
				"end":	5.00053,
				"seconds":	1.00002,
				"bytes":	6291456,
				"bits_per_second":	5.03304e+07,
				"retransmits":	0,
				"omitted":	false
			}
		}, {
			"streams":	[{
					"socket":	4,
					"start":	5.00053,
					"end":	6.00038,
					"seconds":	0.999841,
					"bytes":	6291456,
					"bits_per_second":	5.03397e+07,
					"retransmits":	0,
					"snd_cwnd":	683456,
					"omitted":	false
				}],
			"sum":	{
				"start":	5.00053,
				"end":	6.00038,
				"seconds":	0.999841,
				"bytes":	6291456,
				"bits_per_second":	5.03397e+07,
				"retransmits":	0,
				"omitted":	false
			}
		}, {
			"streams":	[{
					"socket":	4,
					"start":	6.00038,
					"end":	7.00138,
					"seconds":	1.001,
					"bytes":	6291456,
					"bits_per_second":	5.02812e+07,
					"retransmits":	0,
					"snd_cwnd":	683456,
					"omitted":	false
				}],
			"sum":	{
				"start":	6.00038,
				"end":	7.00138,
				"seconds":	1.001,
				"bytes":	6291456,
				"bits_per_second":	5.02812e+07,
				"retransmits":	0,
				"omitted":	false
			}
		}, {
			"streams":	[{
					"socket":	4,
					"start":	7.00138,
					"end":	8.00037,
					"seconds":	0.998996,
					"bytes":	6160384,
					"bits_per_second":	4.93326e+07,
					"retransmits":	0,
					"snd_cwnd":	683456,
					"omitted":	false
				}],
			"sum":	{
				"start":	7.00138,
				"end":	8.00037,
				"seconds":	0.998996,
				"bytes":	6160384,
				"bits_per_second":	4.93326e+07,
				"retransmits":	0,
				"omitted":	false
			}
		}, {
			"streams":	[{
					"socket":	4,
					"start":	8.00037,
					"end":	9.00035,
					"seconds":	0.999975,
					"bytes":	6291456,
					"bits_per_second":	5.03329e+07,
					"retransmits":	0,
					"snd_cwnd":	683456,
					"omitted":	false
				}],
			"sum":	{
				"start":	8.00037,
				"end":	9.00035,
				"seconds":	0.999975,
				"bytes":	6291456,
				"bits_per_second":	5.03329e+07,
				"retransmits":	0,
				"omitted":	false
			}
		}],
	"end":	{
		"streams":	[{
				"sender":	{
					"socket":	4,
					"start":	0,
					"end":	9.00035,
					"seconds":	9.00035,
					"bytes":	55709136,
					"bits_per_second":	4.95173e+07,
					"retransmits":	0
				},
				"receiver":	{
					"socket":	4,
					"start":	0,
					"end":	9.00035,
					"seconds":	9.00035,
					"bytes":	55709136,
					"bits_per_second":	4.95173e+07
				}
			}],
		"sum_sent":	{
			"start":	0,
			"end":	9.00035,
			"seconds":	9.00035,
			"bytes":	55709136,
			"bits_per_second":	4.95173e+07,
			"retransmits":	0
		},
		"sum_received":	{
			"start":	0,
			"end":	9.00035,
			"seconds":	9.00035,
			"bytes":	55709136,
			"bits_per_second":	4.95173e+07
		},
		"cpu_utilization_percent":	{
			"host_total":	0.880504,
			"host_user":	0.057544,
			"host_system":	0.822949,
			"remote_total":	1.46745,
			"remote_user":	0,
			"remote_system":	1.46746
		}
	}
}
