{
	"start":	{
		"connected":	[{
				"socket":	5,
				"local_host":	"10.0.0.2",
				"local_port":	39202,
				"remote_host":	"10.0.0.12",
				"remote_port":	2434
			}],
		"version":	"iperf 3.7",
		"system_info":	"Linux H2 5.4.197-0504197-generic #202206060747 SMP Mon Jun 6 09:27:47 UTC 2022 x86_64",
		"timestamp":	{
			"time":	"Mon, 01 Aug 2022 00:25:15 GMT",
			"timesecs":	1659313515
		},
		"connecting_to":	{
			"host":	"10.0.0.12",
			"port":	2434
		},
		"cookie":	"ikvh7dnflwppxxzkrgp7aieasuho3jnhrwjf",
		"tcp_mss_default":	1448,
		"target_bitrate":	15000000,
		"sock_bufsize":	0,
		"sndbuf_actual":	87380,
		"rcvbuf_actual":	87380,
		"test_start":	{
			"protocol":	"TCP",
			"num_streams":	1,
			"blksize":	131072,
			"omit":	0,
			"duration":	5,
			"bytes":	0,
			"blocks":	0,
			"reverse":	0,
			"tos":	0
		}
	},
	"intervals":	[{
			"streams":	[{
					"socket":	5,
					"start":	0,
					"end":	1.000576,
					"seconds":	1.0005760192871094,
					"bytes":	1966080,
					"bits_per_second":	15719585.21573038,
					"retransmits":	0,
					"snd_cwnd":	85432,
					"rtt":	3969,
					"rttvar":	1232,
					"pmtu":	1500,
					"omitted":	false,
					"sender":	true
				}],
			"sum":	{
				"start":	0,
				"end":	1.000576,
				"seconds":	1.0005760192871094,
				"bytes":	1966080,
				"bits_per_second":	15719585.21573038,
				"retransmits":	0,
				"omitted":	false,
				"sender":	true
			}
		}, {
			"streams":	[{
					"socket":	5,
					"start":	1.000576,
					"end":	2.000641,
					"seconds":	1.0000649690628052,
					"bytes":	1835008,
					"bits_per_second":	14679110.311960218,
					"retransmits":	0,
					"snd_cwnd":	91224,
					"rtt":	4077,
					"rttvar":	1356,
					"pmtu":	1500,
					"omitted":	false,
					"sender":	true
				}],
			"sum":	{
				"start":	1.000576,
				"end":	2.000641,
				"seconds":	1.0000649690628052,
				"bytes":	1835008,
				"bits_per_second":	14679110.311960218,
				"retransmits":	0,
				"omitted":	false,
				"sender":	true
			}
		}, {
			"streams":	[{
					"socket":	5,
					"start":	2.000641,
					"end":	3.000534,
					"seconds":	0.99989300966262817,
					"bytes":	1835008,
					"bits_per_second":	14681634.793059679,
					"retransmits":	0,
					"snd_cwnd":	97016,
					"rtt":	4232,
					"rttvar":	1812,
					"pmtu":	1500,
					"omitted":	false,
					"sender":	true
				}],
			"sum":	{
				"start":	2.000641,
				"end":	3.000534,
				"seconds":	0.99989300966262817,
				"bytes":	1835008,
				"bits_per_second":	14681634.793059679,
				"retransmits":	0,
				"omitted":	false,
				"sender":	true
			}
		}, {
			"streams":	[{
					"socket":	5,
					"start":	3.000534,
					"end":	4.000639,
					"seconds":	1.0001050233840942,
					"bytes":	1966080,
					"bits_per_second":	15726988.298467284,
					"retransmits":	0,
					"snd_cwnd":	107152,
					"rtt":	4501,
					"rttvar":	1956,
					"pmtu":	1500,
					"omitted":	false,
					"sender":	true
				}],
			"sum":	{
				"start":	3.000534,
				"end":	4.000639,
				"seconds":	1.0001050233840942,
				"bytes":	1966080,
				"bits_per_second":	15726988.298467284,
				"retransmits":	0,
				"omitted":	false,
				"sender":	true
			}
		}, {
			"streams":	[{
					"socket":	5,
					"start":	4.000639,
					"end":	5.000978,
					"seconds":	1.0003390312194824,
					"bytes":	1835008,
					"bits_per_second":	14675088.686786506,
					"retransmits":	0,
					"snd_cwnd":	107152,
					"rtt":	4775,
					"rttvar":	1565,
					"pmtu":	1500,
					"omitted":	false,
					"sender":	true
				}],
			"sum":	{
				"start":	4.000639,
				"end":	5.000978,
				"seconds":	1.0003390312194824,
				"bytes":	1835008,
				"bits_per_second":	14675088.686786506,
				"retransmits":	0,
				"omitted":	false,
				"sender":	true
			}
		}],
	"end":	{
		"streams":	[{
				"sender":	{
					"socket":	5,
					"start":	0,
					"end":	5.000978,
					"seconds":	5.000978,
					"bytes":	9437184,
					"bits_per_second":	15096541.516479377,
					"retransmits":	0,
					"max_snd_cwnd":	107152,
					"max_rtt":	4775,
					"min_rtt":	3969,
					"mean_rtt":	4310,
					"sender":	true
				},
				"receiver":	{
					"socket":	5,
					"start":	0,
					"end":	5.001322,
					"seconds":	5.000978,
					"bytes":	9437184,
					"bits_per_second":	15095503.148967413,
					"sender":	true
				}
			}],
		"sum_sent":	{
			"start":	0,
			"end":	5.000978,
			"seconds":	5.000978,
			"bytes":	9437184,
			"bits_per_second":	15096541.516479377,
			"retransmits":	0,
			"sender":	true
		},
		"sum_received":	{
			"start":	0,
			"end":	5.001322,
			"seconds":	5.001322,
			"bytes":	9437184,
			"bits_per_second":	15095503.148967413,
			"sender":	true
		},
		"cpu_utilization_percent":	{
			"host_total":	5.989799060966809,
			"host_user":	1.511794273668239,
			"host_system":	4.4780447580639526,
			"remote_total":	2.3845615264482047,
			"remote_user":	0,
			"remote_system":	2.3846014327561749
		},
		"sender_tcp_congestion":	"cubic",
		"receiver_tcp_congestion":	"cubic"
	}
}
