{
	"start":	{
		"connected":	[{
				"socket":	4,
				"local_host":	"10.0.0.2",
				"local_port":	45730,
				"remote_host":	"10.0.0.11",
				"remote_port":	2952
			}],
		"version":	"iperf 3.0.7",
		"system_info":	"Linux H2 5.4.197-0504197-generic #202206060747 SMP Mon Jun 6 09:27:47 UTC 2022 x86_64 x86_64 x86_64 GNU/Linux\n",
		"timestamp":	{
			"time":	"Fri, 22 Jul 2022 09:30:00 GMT",
			"timesecs":	1658482200
		},
		"connecting_to":	{
			"host":	"10.0.0.11",
			"port":	2952
		},
		"cookie":	"H2.1658482200.496405.7bd63d4a591946c",
		"tcp_mss_default":	1448,
		"test_start":	{
			"protocol":	"TCP",
			"num_streams":	1,
			"blksize":	131072,
			"omit":	0,
			"duration":	5,
			"bytes":	0,
			"blocks":	0,
			"reverse":	0
		}
	},
	"intervals":	[{
			"streams":	[{
					"socket":	4,
					"start":	0,
					"end":	1.00086,
					"seconds":	1.00086,
					"bytes":	1703936,
					"bits_per_second":	1.36197e+07,
					"retransmits":	0,
					"snd_cwnd":	88328,
					"omitted":	false
				}],
			"sum":	{
				"start":	0,
				"end":	1.00086,
				"seconds":	1.00086,
				"bytes":	1703936,
				"bits_per_second":	1.36197e+07,
				"retransmits":	0,
				"omitted":	false
			}
		}, {
			"streams":	[{
					"socket":	4,
					"start":	1.00086,
					"end":	2.0006,
					"seconds":	0.999735,
					"bytes":	1966080,
					"bits_per_second":	1.57328e+07,
					"retransmits":	0,
					"snd_cwnd":	118736,
					"omitted":	false
				}],
			"sum":	{
				"start":	1.00086,
				"end":	2.0006,
				"seconds":	0.999735,
				"bytes":	1966080,
				"bits_per_second":	1.57328e+07,
				"retransmits":	0,
				"omitted":	false
			}
		}, {
			"streams":	[{
					"socket":	4,
					"start":	2.0006,
					"end":	3.00086,
					"seconds":	1.00027,
					"bytes":	1835008,
					"bits_per_second":	1.46762e+07,
					"retransmits":	0,
					"snd_cwnd":	157832,
					"omitted":	false
				}],
			"sum":	{
				"start":	2.0006,
				"end":	3.00086,
				"seconds":	1.00027,
				"bytes":	1835008,
				"bits_per_second":	1.46762e+07,
				"retransmits":	0,
				"omitted":	false
			}
		}, {
			"streams":	[{
					"socket":	4,
					"start":	3.00086,
					"end":	4.00087,
					"seconds":	1.00001,
					"bytes":	1835008,
					"bits_per_second":	1.46799e+07,
					"retransmits":	0,
					"snd_cwnd":	175208,
					"omitted":	false
				}],
			"sum":	{
				"start":	3.00086,
				"end":	4.00087,
				"seconds":	1.00001,
				"bytes":	1835008,
				"bits_per_second":	1.46799e+07,
				"retransmits":	0,
				"omitted":	false
			}
		}, {
			"streams":	[{
					"socket":	4,
					"start":	4.00087,
					"end":	5.00027,
					"seconds":	0.999395,
					"bytes":	1966080,
					"bits_per_second":	1.57382e+07,
					"retransmits":	0,
					"snd_cwnd":	186792,
					"omitted":	false
				}],
			"sum":	{
				"start":	4.00087,
				"end":	5.00027,
				"seconds":	0.999395,
				"bytes":	1966080,
				"bits_per_second":	1.57382e+07,
				"retransmits":	0,
				"omitted":	false
			}
		}],
	"end":	{
		"streams":	[{
				"sender":	{
					"socket":	4,
					"start":	0,
					"end":	5.00027,
					"seconds":	5.00027,
					"bytes":	9306112,
					"bits_per_second":	1.4889e+07,
					"retransmits":	0
				},
				"receiver":	{
					"socket":	4,
					"start":	0,
					"end":	5.00027,
					"seconds":	5.00027,
					"bytes":	9306112,
					"bits_per_second":	1.4889e+07
				}
			}],
		"sum_sent":	{
			"start":	0,
			"end":	5.00027,
			"seconds":	5.00027,
			"bytes":	9306112,
			"bits_per_second":	1.4889e+07,
			"retransmits":	0
		},
		"sum_received":	{
			"start":	0,
			"end":	5.00027,
			"seconds":	5.00027,
			"bytes":	9306112,
			"bits_per_second":	1.4889e+07
		},
		"cpu_utilization_percent":	{
			"host_total":	0.524727,
			"host_user":	0.0921159,
			"host_system":	0.432571,
			"remote_total":	1.1064,
			"remote_user":	0.290228,
			"remote_system":	0.816129
		}
	}
}
