{
	"start":	{
		"connected":	[{
				"socket":	4,
				"local_host":	"10.0.0.2",
				"local_port":	49256,
				"remote_host":	"10.0.0.19",
				"remote_port":	1882
			}],
		"version":	"iperf 3.0.7",
		"system_info":	"Linux BS2 5.4.197-0504197-generic #202206060747 SMP Mon Jun 6 09:27:47 UTC 2022 x86_64 x86_64 x86_64 GNU/Linux\n",
		"timestamp":	{
			"time":	"Mon, 25 Jul 2022 21:42:28 GMT",
			"timesecs":	1658785348
		},
		"connecting_to":	{
			"host":	"10.0.0.19",
			"port":	1882
		},
		"cookie":	"BS2.1658785348.592770.51e2e6b116d4fc",
		"test_start":	{
			"protocol":	"UDP",
			"num_streams":	1,
			"blksize":	8192,
			"omit":	0,
			"duration":	6,
			"bytes":	0,
			"blocks":	0,
			"reverse":	0
		}
	},
	"intervals":	[{
			"streams":	[{
					"socket":	4,
					"start":	0,
					"end":	1.00058,
					"seconds":	1.00058,
					"bytes":	23838720,
					"bits_per_second":	1.90599e+08,
					"packets":	2910,
					"omitted":	false
				}],
			"sum":	{
				"start":	0,
				"end":	1.00058,
				"seconds":	1.00058,
				"bytes":	23838720,
				"bits_per_second":	1.90599e+08,
				"packets":	2910,
				"omitted":	false
			}
		}, {
			"streams":	[{
					"socket":	4,
					"start":	1.00058,
					"end":	2.00014,
					"seconds":	0.99956,
					"bytes":	25362432,
					"bits_per_second":	2.02989e+08,
					"packets":	3096,
					"omitted":	false
				}],
			"sum":	{
				"start":	1.00058,
				"end":	2.00014,
				"seconds":	0.99956,
				"bytes":	25362432,
				"bits_per_second":	2.02989e+08,
				"packets":	3096,
				"omitted":	false
			}
		}, {
			"streams":	[{
					"socket":	4,
					"start":	2.00014,
					"end":	3.00021,
					"seconds":	1.00007,
					"bytes":	24002560,
					"bits_per_second":	1.92007e+08,
					"packets":	2930,
					"omitted":	false
				}],
			"sum":	{
				"start":	2.00014,
				"end":	3.00021,
				"seconds":	1.00007,
				"bytes":	24002560,
				"bits_per_second":	1.92007e+08,
				"packets":	2930,
				"omitted":	false
			}
		}, {
			"streams":	[{
					"socket":	4,
					"start":	3.00021,
					"end":	4.00027,
					"seconds":	1.00006,
					"bytes":	25501696,
					"bits_per_second":	2.04002e+08,
					"packets":	3113,
					"omitted":	false
				}],
			"sum":	{
				"start":	3.00021,
				"end":	4.00027,
				"seconds":	1.00006,
				"bytes":	25501696,
				"bits_per_second":	2.04002e+08,
				"packets":	3113,
				"omitted":	false
			}
		}, {
			"streams":	[{
					"socket":	4,
					"start":	4.00027,
					"end":	5.0003,
					"seconds":	1.00003,
					"bytes":	24100864,
					"bits_per_second":	1.92801e+08,
					"packets":	2942,
					"omitted":	false
				}],
			"sum":	{
				"start":	4.00027,
				"end":	5.0003,
				"seconds":	1.00003,
				"bytes":	24100864,
				"bits_per_second":	1.92801e+08,
				"packets":	2942,
				"omitted":	false
			}
		}, {
			"streams":	[{
					"socket":	4,
					"start":	5.0003,
					"end":	6.00026,
					"seconds":	0.999964,
					"bytes":	24879104,
					"bits_per_second":	1.9904e+08,
					"packets":	3037,
					"omitted":	false
				}],
			"sum":	{
				"start":	5.0003,
				"end":	6.00026,
				"seconds":	0.999964,
				"bytes":	24879104,
				"bits_per_second":	1.9904e+08,
				"packets":	3037,
				"omitted":	false
			}
		}],
	"end":	{
		"streams":	[{
				"udp":	{
					"socket":	4,
					"start":	0,
					"end":	6.00026,
					"seconds":	6.00026,
					"bytes":	147685376,
					"bits_per_second":	1.96905e+08,
					"jitter_ms":	2.03817,
					"lost_packets":	640,
					"packets":	840,
					"lost_percent":	76.1905
				}
			}],
		"sum":	{
			"start":	0,
			"end":	6.00026,
			"seconds":	6.00026,
			"bytes":	147685376,
			"bits_per_second":	1.96905e+08,
			"jitter_ms":	2.03817,
			"lost_packets":	640,
			"packets":	840,
			"lost_percent":	76.1905
		},
		"cpu_utilization_percent":	{
			"host_total":	43.3409,
			"host_user":	0.946233,
			"host_system":	42.3946,
			"remote_total":	0.238899,
			"remote_user":	0,
			"remote_system":	0.238899
		}
	}
}
