{
	"start":	{
		"connected":	[{
				"socket":	4,
				"local_host":	"10.0.0.4",
				"local_port":	45660,
				"remote_host":	"10.0.0.10",
				"remote_port":	1972
			}],
		"version":	"iperf 3.0.7",
		"system_info":	"Linux H4 5.4.197-0504197-generic #202206060747 SMP Mon Jun 6 09:27:47 UTC 2022 x86_64 x86_64 x86_64 GNU/Linux\n",
		"timestamp":	{
			"time":	"Fri, 22 Jul 2022 15:01:45 GMT",
			"timesecs":	1658502105
		},
		"connecting_to":	{
			"host":	"10.0.0.10",
			"port":	1972
		},
		"cookie":	"H4.1658502105.096876.493a8a761ce91e3",
		"tcp_mss_default":	1448,
		"test_start":	{
			"protocol":	"TCP",
			"num_streams":	1,
			"blksize":	131072,
			"omit":	0,
			"duration":	5,
			"bytes":	0,
			"blocks":	0,
			"reverse":	0
		}
	},
	"intervals":	[{
			"streams":	[{
					"socket":	4,
					"start":	0,
					"end":	1.00065,
					"seconds":	1.00065,
					"bytes":	1819024,
					"bits_per_second":	1.45428e+07,
					"retransmits":	0,
					"snd_cwnd":	97016,
					"omitted":	false
				}],
			"sum":	{
				"start":	0,
				"end":	1.00065,
				"seconds":	1.00065,
				"bytes":	1819024,
				"bits_per_second":	1.45428e+07,
				"retransmits":	0,
				"omitted":	false
			}
		}, {
			"streams":	[{
					"socket":	4,
					"start":	1.00065,
					"end":	2.00131,
					"seconds":	1.00067,
					"bytes":	1835008,
					"bits_per_second":	1.46703e+07,
					"retransmits":	0,
					"snd_cwnd":	127424,
					"omitted":	false
				}],
			"sum":	{
				"start":	1.00065,
				"end":	2.00131,
				"seconds":	1.00067,
				"bytes":	1835008,
				"bits_per_second":	1.46703e+07,
				"retransmits":	0,
				"omitted":	false
			}
		}, {
			"streams":	[{
					"socket":	4,
					"start":	2.00131,
					"end":	3.00049,
					"seconds":	0.999171,
					"bytes":	1835008,
					"bits_per_second":	1.46922e+07,
					"retransmits":	0,
					"snd_cwnd":	159280,
					"omitted":	false
				}],
			"sum":	{
				"start":	2.00131,
				"end":	3.00049,
				"seconds":	0.999171,
				"bytes":	1835008,
				"bits_per_second":	1.46922e+07,
				"retransmits":	0,
				"omitted":	false
			}
		}, {
			"streams":	[{
					"socket":	4,
					"start":	3.00049,
					"end":	4.00109,
					"seconds":	1.0006,
					"bytes":	1835008,
					"bits_per_second":	1.46713e+07,
					"retransmits":	0,
					"snd_cwnd":	179552,
					"omitted":	false
				}],
			"sum":	{
				"start":	3.00049,
				"end":	4.00109,
				"seconds":	1.0006,
				"bytes":	1835008,
				"bits_per_second":	1.46713e+07,
				"retransmits":	0,
				"omitted":	false
			}
		}, {
			"streams":	[{
					"socket":	4,
					"start":	4.00109,
					"end":	5.00091,
					"seconds":	0.999823,
					"bytes":	1966080,
					"bits_per_second":	1.57314e+07,
					"retransmits":	0,
					"snd_cwnd":	202720,
					"omitted":	false
				}],
			"sum":	{
				"start":	4.00109,
				"end":	5.00091,
				"seconds":	0.999823,
				"bytes":	1966080,
				"bits_per_second":	1.57314e+07,
				"retransmits":	0,
				"omitted":	false
			}
		}],
	"end":	{
		"streams":	[{
				"sender":	{
					"socket":	4,
					"start":	0,
					"end":	5.00091,
					"seconds":	5.00091,
					"bytes":	9290128,
					"bits_per_second":	1.48615e+07,
					"retransmits":	0
				},
				"receiver":	{
					"socket":	4,
					"start":	0,
					"end":	5.00091,
					"seconds":	5.00091,
					"bytes":	9290128,
					"bits_per_second":	1.48615e+07
				}
			}],
		"sum_sent":	{
			"start":	0,
			"end":	5.00091,
			"seconds":	5.00091,
			"bytes":	9290128,
			"bits_per_second":	1.48615e+07,
			"retransmits":	0
		},
		"sum_received":	{
			"start":	0,
			"end":	5.00091,
			"seconds":	5.00091,
			"bytes":	9290128,
			"bits_per_second":	1.48615e+07
		},
		"cpu_utilization_percent":	{
			"host_total":	0.371548,
			"host_user":	0,
			"host_system":	0.371508,
			"remote_total":	1.22665,
			"remote_user":	0.472718,
			"remote_system":	0.753808
		}
	}
}
