{
	"start":	{
		"connected":	[{
				"socket":	4,
				"local_host":	"10.0.0.1",
				"local_port":	52578,
				"remote_host":	"10.0.0.14",
				"remote_port":	3066
			}],
		"version":	"iperf 3.0.7",
		"system_info":	"Linux BS1 5.4.197-0504197-generic #202206060747 SMP Mon Jun 6 09:27:47 UTC 2022 x86_64 x86_64 x86_64 GNU/Linux\n",
		"timestamp":	{
			"time":	"Mon, 25 Jul 2022 21:44:27 GMT",
			"timesecs":	1658785467
		},
		"connecting_to":	{
			"host":	"10.0.0.14",
			"port":	3066
		},
		"cookie":	"BS1.1658785467.374980.7bf3a3ac4dd5c2",
		"tcp_mss_default":	1448,
		"test_start":	{
			"protocol":	"TCP",
			"num_streams":	1,
			"blksize":	131072,
			"omit":	0,
			"duration":	3,
			"bytes":	0,
			"blocks":	0,
			"reverse":	0
		}
	},
	"intervals":	[{
			"streams":	[{
					"socket":	4,
					"start":	0,
					"end":	1.0006,
					"seconds":	1.0006,
					"bytes":	11372048,
					"bits_per_second":	9.09218e+07,
					"retransmits":	11,
					"snd_cwnd":	1117856,
					"omitted":	false
				}],
			"sum":	{
				"start":	0,
				"end":	1.0006,
				"seconds":	1.0006,
				"bytes":	11372048,
				"bits_per_second":	9.09218e+07,
				"retransmits":	11,
				"omitted":	false
			}
		}, {
			"streams":	[{
					"socket":	4,
					"start":	1.0006,
					"end":	2.00509,
					"seconds":	1.00449,
					"bytes":	12451840,
					"bits_per_second":	9.91695e+07,
					"retransmits":	0,
					"snd_cwnd":	1125096,
					"omitted":	false
				}],
			"sum":	{
				"start":	1.0006,
				"end":	2.00509,
				"seconds":	1.00449,
				"bytes":	12451840,
				"bits_per_second":	9.91695e+07,
				"retransmits":	0,
				"omitted":	false
			}
		}, {
			"streams":	[{
					"socket":	4,
					"start":	2.00509,
					"end":	3.00027,
					"seconds":	0.995184,
					"bytes":	12451840,
					"bits_per_second":	1.00097e+08,
					"retransmits":	0,
					"snd_cwnd":	1132336,
					"omitted":	false
				}],
			"sum":	{
				"start":	2.00509,
				"end":	3.00027,
				"seconds":	0.995184,
				"bytes":	12451840,
				"bits_per_second":	1.00097e+08,
				"retransmits":	0,
				"omitted":	false
			}
		}],
	"end":	{
		"streams":	[{
				"sender":	{
					"socket":	4,
					"start":	0,
					"end":	3.00027,
					"seconds":	3.00027,
					"bytes":	36275728,
					"bits_per_second":	9.67265e+07,
					"retransmits":	11
				},
				"receiver":	{
					"socket":	4,
					"start":	0,
					"end":	3.00027,
					"seconds":	3.00027,
					"bytes":	36275728,
					"bits_per_second":	9.67265e+07
				}
			}],
		"sum_sent":	{
			"start":	0,
			"end":	3.00027,
			"seconds":	3.00027,
			"bytes":	36275728,
			"bits_per_second":	9.67265e+07,
			"retransmits":	11
		},
		"sum_received":	{
			"start":	0,
			"end":	3.00027,
			"seconds":	3.00027,
			"bytes":	36275728,
			"bits_per_second":	9.67265e+07
		},
		"cpu_utilization_percent":	{
			"host_total":	4.18398,
			"host_user":	0.444729,
			"host_system":	3.7388,
			"remote_total":	4.8568,
			"remote_user":	1.2361,
			"remote_system":	3.62073
		}
	}
}
