{
	"start":	{
		"connected":	[{
				"socket":	4,
				"local_host":	"10.0.0.4",
				"local_port":	38704,
				"remote_host":	"10.0.0.9",
				"remote_port":	1850
			}],
		"version":	"iperf 3.0.7",
		"system_info":	"Linux BS4 5.4.197-0504197-generic #202206060747 SMP Mon Jun 6 09:27:47 UTC 2022 x86_64 x86_64 x86_64 GNU/Linux\n",
		"timestamp":	{
			"time":	"Mon, 25 Jul 2022 21:51:23 GMT",
			"timesecs":	1658785883
		},
		"connecting_to":	{
			"host":	"10.0.0.9",
			"port":	1850
		},
		"cookie":	"BS4.1658785883.808309.0027d76746a387",
		"tcp_mss_default":	1448,
		"test_start":	{
			"protocol":	"TCP",
			"num_streams":	1,
			"blksize":	131072,
			"omit":	0,
			"duration":	24,
			"bytes":	0,
			"blocks":	0,
			"reverse":	0
		}
	},
	"intervals":	[{
			"streams":	[{
					"socket":	4,
					"start":	0,
					"end":	1.00047,
					"seconds":	1.00047,
					"bytes":	8619536,
					"bits_per_second":	6.89238e+07,
					"retransmits":	5,
					"snd_cwnd":	437296,
					"omitted":	false
				}],
			"sum":	{
				"start":	0,
				"end":	1.00047,
				"seconds":	1.00047,
				"bytes":	8619536,
				"bits_per_second":	6.89238e+07,
				"retransmits":	5,
				"omitted":	false
			}
		}, {
			"streams":	[{
					"socket":	4,
					"start":	1.00047,
					"end":	2.00052,
					"seconds":	1.00005,
					"bytes":	9961472,
					"bits_per_second":	7.96877e+07,
					"retransmits":	0,
					"snd_cwnd":	454672,
					"omitted":	false
				}],
			"sum":	{
				"start":	1.00047,
				"end":	2.00052,
				"seconds":	1.00005,
				"bytes":	9961472,
				"bits_per_second":	7.96877e+07,
				"retransmits":	0,
				"omitted":	false
			}
		}, {
			"streams":	[{
					"socket":	4,
					"start":	2.00052,
					"end":	3.00064,
					"seconds":	1.00011,
					"bytes":	10485760,
					"bits_per_second":	8.38765e+07,
					"retransmits":	0,
					"snd_cwnd":	472048,
					"omitted":	false
				}],
			"sum":	{
				"start":	2.00052,
				"end":	3.00064,
				"seconds":	1.00011,
				"bytes":	10485760,
				"bits_per_second":	8.38765e+07,
				"retransmits":	0,
				"omitted":	false
			}
		}, {
			"streams":	[{
					"socket":	4,
					"start":	3.00064,
					"end":	4.00008,
					"seconds":	0.999445,
					"bytes":	10747904,
					"bits_per_second":	8.6031e+07,
					"retransmits":	0,
					"snd_cwnd":	489424,
					"omitted":	false
				}],
			"sum":	{
				"start":	3.00064,
				"end":	4.00008,
				"seconds":	0.999445,
				"bytes":	10747904,
				"bits_per_second":	8.6031e+07,
				"retransmits":	0,
				"omitted":	false
			}
		}, {
			"streams":	[{
					"socket":	4,
					"start":	4.00008,
					"end":	5.00064,
					"seconds":	1.00056,
					"bytes":	11141120,
					"bits_per_second":	8.9079e+07,
					"retransmits":	0,
					"snd_cwnd":	506800,
					"omitted":	false
				}],
			"sum":	{
				"start":	4.00008,
				"end":	5.00064,
				"seconds":	1.00056,
				"bytes":	11141120,
				"bits_per_second":	8.9079e+07,
				"retransmits":	0,
				"omitted":	false
			}
		}, {
			"streams":	[{
					"socket":	4,
					"start":	5.00064,
					"end":	6.00514,
					"seconds":	1.0045,
					"bytes":	10223616,
					"bits_per_second":	8.14229e+07,
					"retransmits":	0,
					"snd_cwnd":	528520,
					"omitted":	false
				}],
			"sum":	{
				"start":	5.00064,
				"end":	6.00514,
				"seconds":	1.0045,
				"bytes":	10223616,
				"bits_per_second":	8.14229e+07,
				"retransmits":	0,
				"omitted":	false
			}
		}, {
			"streams":	[{
					"socket":	4,
					"start":	6.00514,
					"end":	7.00046,
					"seconds":	0.995326,
					"bytes":	10223616,
					"bits_per_second":	8.2173e+07,
					"retransmits":	0,
					"snd_cwnd":	593680,
					"omitted":	false
				}],
			"sum":	{
				"start":	6.00514,
				"end":	7.00046,
				"seconds":	0.995326,
				"bytes":	10223616,
				"bits_per_second":	8.2173e+07,
				"retransmits":	0,
				"omitted":	false
			}
		}, {
			"streams":	[{
					"socket":	4,
					"start":	7.00046,
					"end":	8.0001,
					"seconds":	0.999637,
					"bytes":	12058624,
					"bits_per_second":	9.6504e+07,
					"retransmits":	0,
					"snd_cwnd":	680560,
					"omitted":	false
				}],
			"sum":	{
				"start":	7.00046,
				"end":	8.0001,
				"seconds":	0.999637,
				"bytes":	12058624,
				"bits_per_second":	9.6504e+07,
				"retransmits":	0,
				"omitted":	false
			}
		}, {
			"streams":	[{
					"socket":	4,
					"start":	8.0001,
					"end":	9.01359,
					"seconds":	1.01349,
					"bytes":	14286848,
					"bits_per_second":	1.12773e+08,
					"retransmits":	0,
					"snd_cwnd":	796400,
					"omitted":	false
				}],
			"sum":	{
				"start":	8.0001,
				"end":	9.01359,
				"seconds":	1.01349,
				"bytes":	14286848,
				"bits_per_second":	1.12773e+08,
				"retransmits":	0,
				"omitted":	false
			}
		}, {
			"streams":	[{
					"socket":	4,
					"start":	9.01359,
					"end":	10.0012,
					"seconds":	0.987639,
					"bytes":	14811136,
					"bits_per_second":	1.19972e+08,
					"retransmits":	0,
					"snd_cwnd":	939752,
					"omitted":	false
				}],
			"sum":	{
				"start":	9.01359,
				"end":	10.0012,
				"seconds":	0.987639,
				"bytes":	14811136,
				"bits_per_second":	1.19972e+08,
				"retransmits":	0,
				"omitted":	false
			}
		}, {
			"streams":	[{
					"socket":	4,
					"start":	10.0012,
					"end":	11.0002,
					"seconds":	0.999012,
					"bytes":	21626880,
					"bits_per_second":	1.73186e+08,
					"retransmits":	0,
					"snd_cwnd":	1114960,
					"omitted":	false
				}],
			"sum":	{
				"start":	10.0012,
				"end":	11.0002,
				"seconds":	0.999012,
				"bytes":	21626880,
				"bits_per_second":	1.73186e+08,
				"retransmits":	0,
				"omitted":	false
			}
		}, {
			"streams":	[{
					"socket":	4,
					"start":	11.0002,
					"end":	12.0002,
					"seconds":	0.999985,
					"bytes":	26345472,
					"bits_per_second":	2.10767e+08,
					"retransmits":	0,
					"snd_cwnd":	1330712,
					"omitted":	false
				}],
			"sum":	{
				"start":	11.0002,
				"end":	12.0002,
				"seconds":	0.999985,
				"bytes":	26345472,
				"bits_per_second":	2.10767e+08,
				"retransmits":	0,
				"omitted":	false
			}
		}, {
			"streams":	[{
					"socket":	4,
					"start":	12.0002,
					"end":	13.0007,
					"seconds":	1.00047,
					"bytes":	27787264,
					"bits_per_second":	2.22193e+08,
					"retransmits":	0,
					"snd_cwnd":	1585560,
					"omitted":	false
				}],
			"sum":	{
				"start":	12.0002,
				"end":	13.0007,
				"seconds":	1.00047,
				"bytes":	27787264,
				"bits_per_second":	2.22193e+08,
				"retransmits":	0,
				"omitted":	false
			}
		}, {
			"streams":	[{
					"socket":	4,
					"start":	13.0007,
					"end":	14.0002,
					"seconds":	0.999465,
					"bytes":	31064064,
					"bits_per_second":	2.48646e+08,
					"retransmits":	0,
					"snd_cwnd":	1880952,
					"omitted":	false
				}],
			"sum":	{
				"start":	13.0007,
				"end":	14.0002,
				"seconds":	0.999465,
				"bytes":	31064064,
				"bits_per_second":	2.48646e+08,
				"retransmits":	0,
				"omitted":	false
			}
		}, {
			"streams":	[{
					"socket":	4,
					"start":	14.0002,
					"end":	15.0053,
					"seconds":	1.0051,
					"bytes":	31981568,
					"bits_per_second":	2.54555e+08,
					"retransmits":	0,
					"snd_cwnd":	2224128,
					"omitted":	false
				}],
			"sum":	{
				"start":	14.0002,
				"end":	15.0053,
				"seconds":	1.0051,
				"bytes":	31981568,
				"bits_per_second":	2.54555e+08,
				"retransmits":	0,
				"omitted":	false
			}
		}, {
			"streams":	[{
					"socket":	4,
					"start":	15.0053,
					"end":	16.0021,
					"seconds":	0.996854,
					"bytes":	27918336,
					"bits_per_second":	2.24052e+08,
					"retransmits":	0,
					"snd_cwnd":	2610744,
					"omitted":	false
				}],
			"sum":	{
				"start":	15.0053,
				"end":	16.0021,
				"seconds":	0.996854,
				"bytes":	27918336,
				"bits_per_second":	2.24052e+08,
				"retransmits":	0,
				"omitted":	false
			}
		}, {
			"streams":	[{
					"socket":	4,
					"start":	16.0021,
					"end":	17.0003,
					"seconds":	0.99821,
					"bytes":	30408704,
					"bits_per_second":	2.43706e+08,
					"retransmits":	0,
					"snd_cwnd":	3053832,
					"omitted":	false
				}],
			"sum":	{
				"start":	16.0021,
				"end":	17.0003,
				"seconds":	0.99821,
				"bytes":	30408704,
				"bits_per_second":	2.43706e+08,
				"retransmits":	0,
				"omitted":	false
			}
		}, {
			"streams":	[{
					"socket":	4,
					"start":	17.0003,
					"end":	18.0031,
					"seconds":	1.00278,
					"bytes":	28180480,
					"bits_per_second":	2.24818e+08,
					"retransmits":	0,
					"snd_cwnd":	3546152,
					"omitted":	false
				}],
			"sum":	{
				"start":	17.0003,
				"end":	18.0031,
				"seconds":	1.00278,
				"bytes":	28180480,
				"bits_per_second":	2.24818e+08,
				"retransmits":	0,
				"omitted":	false
			}
		}, {
			"streams":	[{
					"socket":	4,
					"start":	18.0031,
					"end":	19.0033,
					"seconds":	1.00017,
					"bytes":	24510464,
					"bits_per_second":	1.96051e+08,
					"retransmits":	0,
					"snd_cwnd":	4087704,
					"omitted":	false
				}],
			"sum":	{
				"start":	18.0031,
				"end":	19.0033,
				"seconds":	1.00017,
				"bytes":	24510464,
				"bits_per_second":	1.96051e+08,
				"retransmits":	0,
				"omitted":	false
			}
		}, {
			"streams":	[{
					"socket":	4,
					"start":	19.0033,
					"end":	20,
					"seconds":	0.996741,
					"bytes":	25296896,
					"bits_per_second":	2.03037e+08,
					"retransmits":	0,
					"snd_cwnd":	4707448,
					"omitted":	false
				}],
			"sum":	{
				"start":	19.0033,
				"end":	20,
				"seconds":	0.996741,
				"bytes":	25296896,
				"bits_per_second":	2.03037e+08,
				"retransmits":	0,
				"omitted":	false
			}
		}, {
			"streams":	[{
					"socket":	4,
					"start":	20,
					"end":	21.0005,
					"seconds":	1.00044,
					"bytes":	29622272,
					"bits_per_second":	2.36873e+08,
					"retransmits":	0,
					"snd_cwnd":	5409728,
					"omitted":	false
				}],
			"sum":	{
				"start":	20,
				"end":	21.0005,
				"seconds":	1.00044,
				"bytes":	29622272,
				"bits_per_second":	2.36873e+08,
				"retransmits":	0,
				"omitted":	false
			}
		}, {
			"streams":	[{
					"socket":	4,
					"start":	21.0005,
					"end":	22.0006,
					"seconds":	1.00015,
					"bytes":	27000832,
					"bits_per_second":	2.15974e+08,
					"retransmits":	0,
					"snd_cwnd":	6139520,
					"omitted":	false
				}],
			"sum":	{
				"start":	21.0005,
				"end":	22.0006,
				"seconds":	1.00015,
				"bytes":	27000832,
				"bits_per_second":	2.15974e+08,
				"retransmits":	0,
				"omitted":	false
			}
		}, {
			"streams":	[{
					"socket":	4,
					"start":	22.0006,
					"end":	23.0002,
					"seconds":	0.999571,
					"bytes":	30015488,
					"bits_per_second":	2.40227e+08,
					"retransmits":	0,
					"snd_cwnd":	6966328,
					"omitted":	false
				}],
			"sum":	{
				"start":	22.0006,
				"end":	23.0002,
				"seconds":	0.999571,
				"bytes":	30015488,
				"bits_per_second":	2.40227e+08,
				"retransmits":	0,
				"omitted":	false
			}
		}, {
			"streams":	[{
					"socket":	4,
					"start":	23.0002,
					"end":	24.0007,
					"seconds":	1.00049,
					"bytes":	30408704,
					"bits_per_second":	2.4315e+08,
					"retransmits":	0,
					"snd_cwnd":	7855400,
					"omitted":	false
				}],
			"sum":	{
				"start":	23.0002,
				"end":	24.0007,
				"seconds":	1.00049,
				"bytes":	30408704,
				"bits_per_second":	2.4315e+08,
				"retransmits":	0,
				"omitted":	false
			}
		}],
	"end":	{
		"streams":	[{
				"sender":	{
					"socket":	4,
					"start":	0,
					"end":	24.0007,
					"seconds":	24.0007,
					"bytes":	504727056,
					"bits_per_second":	1.68238e+08,
					"retransmits":	5
				},
				"receiver":	{
					"socket":	4,
					"start":	0,
					"end":	24.0007,
					"seconds":	24.0007,
					"bytes":	501559688,
					"bits_per_second":	1.67182e+08
				}
			}],
		"sum_sent":	{
			"start":	0,
			"end":	24.0007,
			"seconds":	24.0007,
			"bytes":	504727056,
			"bits_per_second":	1.68238e+08,
			"retransmits":	5
		},
		"sum_received":	{
			"start":	0,
			"end":	24.0007,
			"seconds":	24.0007,
			"bytes":	501559688,
			"bits_per_second":	1.67182e+08
		},
		"cpu_utilization_percent":	{
			"host_total":	5.2268,
			"host_user":	0.451926,
			"host_system":	4.77486,
			"remote_total":	9.74971,
			"remote_user":	0.911022,
			"remote_system":	8.83869
		}
	}
}
