{
	"start":	{
		"connected":	[{
				"socket":	4,
				"local_host":	"10.0.0.3",
				"local_port":	54204,
				"remote_host":	"10.0.0.15",
				"remote_port":	3019
			}],
		"version":	"iperf 3.0.7",
		"system_info":	"Linux BS3 5.4.197-0504197-generic #202206060747 SMP Mon Jun 6 09:27:47 UTC 2022 x86_64 x86_64 x86_64 GNU/Linux\n",
		"timestamp":	{
			"time":	"Mon, 25 Jul 2022 21:44:33 GMT",
			"timesecs":	1658785473
		},
		"connecting_to":	{
			"host":	"10.0.0.15",
			"port":	3019
		},
		"cookie":	"BS3.1658785473.941770.11648ecc355e05",
		"test_start":	{
			"protocol":	"UDP",
			"num_streams":	1,
			"blksize":	8192,
			"omit":	0,
			"duration":	8,
			"bytes":	0,
			"blocks":	0,
			"reverse":	0
		}
	},
	"intervals":	[{
			"streams":	[{
					"socket":	4,
					"start":	0,
					"end":	1.00014,
					"seconds":	1.00014,
					"bytes":	2940928,
					"bits_per_second":	2.35241e+07,
					"packets":	359,
					"omitted":	false
				}],
			"sum":	{
				"start":	0,
				"end":	1.00014,
				"seconds":	1.00014,
				"bytes":	2940928,
				"bits_per_second":	2.35241e+07,
				"packets":	359,
				"omitted":	false
			}
		}, {
			"streams":	[{
					"socket":	4,
					"start":	1.00014,
					"end":	2.00028,
					"seconds":	1.00013,
					"bytes":	3039232,
					"bits_per_second":	2.43106e+07,
					"packets":	371,
					"omitted":	false
				}],
			"sum":	{
				"start":	1.00014,
				"end":	2.00028,
				"seconds":	1.00013,
				"bytes":	3039232,
				"bits_per_second":	2.43106e+07,
				"packets":	371,
				"omitted":	false
			}
		}, {
			"streams":	[{
					"socket":	4,
					"start":	2.00028,
					"end":	3.00034,
					"seconds":	1.00007,
					"bytes":	3088384,
					"bits_per_second":	2.47054e+07,
					"packets":	377,
					"omitted":	false
				}],
			"sum":	{
				"start":	2.00028,
				"end":	3.00034,
				"seconds":	1.00007,
				"bytes":	3088384,
				"bits_per_second":	2.47054e+07,
				"packets":	377,
				"omitted":	false
			}
		}, {
			"streams":	[{
					"socket":	4,
					"start":	3.00034,
					"end":	4.00052,
					"seconds":	1.00017,
					"bytes":	3129344,
					"bits_per_second":	2.50304e+07,
					"packets":	382,
					"omitted":	false
				}],
			"sum":	{
				"start":	3.00034,
				"end":	4.00052,
				"seconds":	1.00017,
				"bytes":	3129344,
				"bits_per_second":	2.50304e+07,
				"packets":	382,
				"omitted":	false
			}
		}, {
			"streams":	[{
					"socket":	4,
					"start":	4.00052,
					"end":	5.00061,
					"seconds":	1.0001,
					"bytes":	3129344,
					"bits_per_second":	2.50323e+07,
					"packets":	382,
					"omitted":	false
				}],
			"sum":	{
				"start":	4.00052,
				"end":	5.00061,
				"seconds":	1.0001,
				"bytes":	3129344,
				"bits_per_second":	2.50323e+07,
				"packets":	382,
				"omitted":	false
			}
		}, {
			"streams":	[{
					"socket":	4,
					"start":	5.00061,
					"end":	6.00046,
					"seconds":	0.999843,
					"bytes":	3121152,
					"bits_per_second":	2.49731e+07,
					"packets":	381,
					"omitted":	false
				}],
			"sum":	{
				"start":	5.00061,
				"end":	6.00046,
				"seconds":	0.999843,
				"bytes":	3121152,
				"bits_per_second":	2.49731e+07,
				"packets":	381,
				"omitted":	false
			}
		}, {
			"streams":	[{
					"socket":	4,
					"start":	6.00046,
					"end":	7.00094,
					"seconds":	1.00048,
					"bytes":	3260416,
					"bits_per_second":	2.60707e+07,
					"packets":	398,
					"omitted":	false
				}],
			"sum":	{
				"start":	6.00046,
				"end":	7.00094,
				"seconds":	1.00048,
				"bytes":	3260416,
				"bits_per_second":	2.60707e+07,
				"packets":	398,
				"omitted":	false
			}
		}, {
			"streams":	[{
					"socket":	4,
					"start":	7.00094,
					"end":	8.00041,
					"seconds":	0.999472,
					"bytes":	2990080,
					"bits_per_second":	2.39333e+07,
					"packets":	365,
					"omitted":	false
				}],
			"sum":	{
				"start":	7.00094,
				"end":	8.00041,
				"seconds":	0.999472,
				"bytes":	2990080,
				"bits_per_second":	2.39333e+07,
				"packets":	365,
				"omitted":	false
			}
		}],
	"end":	{
		"streams":	[{
				"udp":	{
					"socket":	4,
					"start":	0,
					"end":	8.00041,
					"seconds":	8.00041,
					"bytes":	24698880,
					"bits_per_second":	2.46976e+07,
					"jitter_ms":	0.988352,
					"lost_packets":	670,
					"packets":	3015,
					"lost_percent":	22.2222
				}
			}],
		"sum":	{
			"start":	0,
			"end":	8.00041,
			"seconds":	8.00041,
			"bytes":	24698880,
			"bits_per_second":	2.46976e+07,
			"jitter_ms":	0.988352,
			"lost_packets":	670,
			"packets":	3015,
			"lost_percent":	22.2222
		},
		"cpu_utilization_percent":	{
			"host_total":	3.40952,
			"host_user":	0.0488266,
			"host_system":	3.36071,
			"remote_total":	2.0244,
			"remote_user":	0.214221,
			"remote_system":	1.8101
		}
	}
}
