{
	"start":	{
		"connected":	[{
				"socket":	4,
				"local_host":	"10.0.0.3",
				"local_port":	49922,
				"remote_host":	"10.0.0.12",
				"remote_port":	1236
			}],
		"version":	"iperf 3.0.7",
		"system_info":	"Linux H3 5.4.197-0504197-generic #202206060747 SMP Mon Jun 6 09:27:47 UTC 2022 x86_64 x86_64 x86_64 GNU/Linux\n",
		"timestamp":	{
			"time":	"Fri, 22 Jul 2022 16:24:12 GMT",
			"timesecs":	1658507052
		},
		"connecting_to":	{
			"host":	"10.0.0.12",
			"port":	1236
		},
		"cookie":	"H3.1658507052.820377.22ac400a6ad4da7",
		"tcp_mss_default":	1448,
		"test_start":	{
			"protocol":	"TCP",
			"num_streams":	1,
			"blksize":	131072,
			"omit":	0,
			"duration":	5,
			"bytes":	0,
			"blocks":	0,
			"reverse":	0
		}
	},
	"intervals":	[{
			"streams":	[{
					"socket":	4,
					"start":	0,
					"end":	1.00119,
					"seconds":	1.00119,
					"bytes":	1702432,
					"bits_per_second":	1.36033e+07,
					"retransmits":	0,
					"snd_cwnd":	95568,
					"omitted":	false
				}],
			"sum":	{
				"start":	0,
				"end":	1.00119,
				"seconds":	1.00119,
				"bytes":	1702432,
				"bits_per_second":	1.36033e+07,
				"retransmits":	0,
				"omitted":	false
			}
		}, {
			"streams":	[{
					"socket":	4,
					"start":	1.00119,
					"end":	2.00026,
					"seconds":	0.99907,
					"bytes":	1966080,
					"bits_per_second":	1.57433e+07,
					"retransmits":	0,
					"snd_cwnd":	130320,
					"omitted":	false
				}],
			"sum":	{
				"start":	1.00119,
				"end":	2.00026,
				"seconds":	0.99907,
				"bytes":	1966080,
				"bits_per_second":	1.57433e+07,
				"retransmits":	0,
				"omitted":	false
			}
		}, {
			"streams":	[{
					"socket":	4,
					"start":	2.00026,
					"end":	3.00138,
					"seconds":	1.00112,
					"bytes":	1835008,
					"bits_per_second":	1.46636e+07,
					"retransmits":	0,
					"snd_cwnd":	166520,
					"omitted":	false
				}],
			"sum":	{
				"start":	2.00026,
				"end":	3.00138,
				"seconds":	1.00112,
				"bytes":	1835008,
				"bits_per_second":	1.46636e+07,
				"retransmits":	0,
				"omitted":	false
			}
		}, {
			"streams":	[{
					"socket":	4,
					"start":	3.00138,
					"end":	4.00058,
					"seconds":	0.999196,
					"bytes":	1835008,
					"bits_per_second":	1.46919e+07,
					"retransmits":	0,
					"snd_cwnd":	183896,
					"omitted":	false
				}],
			"sum":	{
				"start":	3.00138,
				"end":	4.00058,
				"seconds":	0.999196,
				"bytes":	1835008,
				"bits_per_second":	1.46919e+07,
				"retransmits":	0,
				"omitted":	false
			}
		}, {
			"streams":	[{
					"socket":	4,
					"start":	4.00058,
					"end":	5.00105,
					"seconds":	1.00047,
					"bytes":	1966080,
					"bits_per_second":	1.57212e+07,
					"retransmits":	0,
					"snd_cwnd":	195480,
					"omitted":	false
				}],
			"sum":	{
				"start":	4.00058,
				"end":	5.00105,
				"seconds":	1.00047,
				"bytes":	1966080,
				"bits_per_second":	1.57212e+07,
				"retransmits":	0,
				"omitted":	false
			}
		}],
	"end":	{
		"streams":	[{
				"sender":	{
					"socket":	4,
					"start":	0,
					"end":	5.00105,
					"seconds":	5.00105,
					"bytes":	9304608,
					"bits_per_second":	1.48842e+07,
					"retransmits":	0
				},
				"receiver":	{
					"socket":	4,
					"start":	0,
					"end":	5.00105,
					"seconds":	5.00105,
					"bytes":	9304608,
					"bits_per_second":	1.48842e+07
				}
			}],
		"sum_sent":	{
			"start":	0,
			"end":	5.00105,
			"seconds":	5.00105,
			"bytes":	9304608,
			"bits_per_second":	1.48842e+07,
			"retransmits":	0
		},
		"sum_received":	{
			"start":	0,
			"end":	5.00105,
			"seconds":	5.00105,
			"bytes":	9304608,
			"bits_per_second":	1.48842e+07
		},
		"cpu_utilization_percent":	{
			"host_total":	0.291328,
			"host_user":	0,
			"host_system":	0.291388,
			"remote_total":	1.0257,
			"remote_user":	0.493753,
			"remote_system":	0.531944
		}
	}
}
