{
	"start":	{
		"connected":	[{
				"socket":	4,
				"local_host":	"10.0.0.3",
				"local_port":	36956,
				"remote_host":	"10.0.0.17",
				"remote_port":	2790
			}],
		"version":	"iperf 3.0.7",
		"system_info":	"Linux BS3 5.4.197-0504197-generic #202206060747 SMP Mon Jun 6 09:27:47 UTC 2022 x86_64 x86_64 x86_64 GNU/Linux\n",
		"timestamp":	{
			"time":	"Mon, 25 Jul 2022 21:50:03 GMT",
			"timesecs":	1658785803
		},
		"connecting_to":	{
			"host":	"10.0.0.17",
			"port":	2790
		},
		"cookie":	"BS3.1658785803.015822.4b96c6d45d1338",
		"tcp_mss_default":	1448,
		"test_start":	{
			"protocol":	"TCP",
			"num_streams":	1,
			"blksize":	131072,
			"omit":	0,
			"duration":	5,
			"bytes":	0,
			"blocks":	0,
			"reverse":	0
		}
	},
	"intervals":	[{
			"streams":	[{
					"socket":	4,
					"start":	0,
					"end":	1.00047,
					"seconds":	1.00047,
					"bytes":	11372048,
					"bits_per_second":	9.09336e+07,
					"retransmits":	18,
					"snd_cwnd":	1394424,
					"omitted":	false
				}],
			"sum":	{
				"start":	0,
				"end":	1.00047,
				"seconds":	1.00047,
				"bytes":	11372048,
				"bits_per_second":	9.09336e+07,
				"retransmits":	18,
				"omitted":	false
			}
		}, {
			"streams":	[{
					"socket":	4,
					"start":	1.00047,
					"end":	2.00406,
					"seconds":	1.00358,
					"bytes":	12451840,
					"bits_per_second":	9.9259e+07,
					"retransmits":	0,
					"snd_cwnd":	1394424,
					"omitted":	false
				}],
			"sum":	{
				"start":	1.00047,
				"end":	2.00406,
				"seconds":	1.00358,
				"bytes":	12451840,
				"bits_per_second":	9.9259e+07,
				"retransmits":	0,
				"omitted":	false
			}
		}, {
			"streams":	[{
					"socket":	4,
					"start":	2.00406,
					"end":	3.00129,
					"seconds":	0.997236,
					"bytes":	12451840,
					"bits_per_second":	9.98908e+07,
					"retransmits":	0,
					"snd_cwnd":	1394424,
					"omitted":	false
				}],
			"sum":	{
				"start":	2.00406,
				"end":	3.00129,
				"seconds":	0.997236,
				"bytes":	12451840,
				"bits_per_second":	9.98908e+07,
				"retransmits":	0,
				"omitted":	false
			}
		}, {
			"streams":	[{
					"socket":	4,
					"start":	3.00129,
					"end":	4.00091,
					"seconds":	0.999622,
					"bytes":	12582912,
					"bits_per_second":	1.00701e+08,
					"retransmits":	0,
					"snd_cwnd":	1394424,
					"omitted":	false
				}],
			"sum":	{
				"start":	3.00129,
				"end":	4.00091,
				"seconds":	0.999622,
				"bytes":	12582912,
				"bits_per_second":	1.00701e+08,
				"retransmits":	0,
				"omitted":	false
			}
		}, {
			"streams":	[{
					"socket":	4,
					"start":	4.00091,
					"end":	5.00027,
					"seconds":	0.999354,
					"bytes":	12451840,
					"bits_per_second":	9.96791e+07,
					"retransmits":	0,
					"snd_cwnd":	1394424,
					"omitted":	false
				}],
			"sum":	{
				"start":	4.00091,
				"end":	5.00027,
				"seconds":	0.999354,
				"bytes":	12451840,
				"bits_per_second":	9.96791e+07,
				"retransmits":	0,
				"omitted":	false
			}
		}],
	"end":	{
		"streams":	[{
				"sender":	{
					"socket":	4,
					"start":	0,
					"end":	5.00027,
					"seconds":	5.00027,
					"bytes":	61310480,
					"bits_per_second":	9.80915e+07,
					"retransmits":	18
				},
				"receiver":	{
					"socket":	4,
					"start":	0,
					"end":	5.00027,
					"seconds":	5.00027,
					"bytes":	61310480,
					"bits_per_second":	9.80915e+07
				}
			}],
		"sum_sent":	{
			"start":	0,
			"end":	5.00027,
			"seconds":	5.00027,
			"bytes":	61310480,
			"bits_per_second":	9.80915e+07,
			"retransmits":	18
		},
		"sum_received":	{
			"start":	0,
			"end":	5.00027,
			"seconds":	5.00027,
			"bytes":	61310480,
			"bits_per_second":	9.80915e+07
		},
		"cpu_utilization_percent":	{
			"host_total":	1.82349,
			"host_user":	1.2027,
			"host_system":	0.62069,
			"remote_total":	3.76095,
			"remote_user":	0.806221,
			"remote_system":	2.95471
		}
	}
}
