{
	"start":	{
		"connected":	[{
				"socket":	4,
				"local_host":	"10.0.0.3",
				"local_port":	57490,
				"remote_host":	"10.0.0.19",
				"remote_port":	2238
			}],
		"version":	"iperf 3.0.7",
		"system_info":	"Linux BS3 5.4.197-0504197-generic #202206060747 SMP Mon Jun 6 09:27:47 UTC 2022 x86_64 x86_64 x86_64 GNU/Linux\n",
		"timestamp":	{
			"time":	"Mon, 25 Jul 2022 21:52:32 GMT",
			"timesecs":	1658785952
		},
		"connecting_to":	{
			"host":	"10.0.0.19",
			"port":	2238
		},
		"cookie":	"BS3.1658785952.882781.26dd4c30357e9c",
		"test_start":	{
			"protocol":	"UDP",
			"num_streams":	1,
			"blksize":	8192,
			"omit":	0,
			"duration":	24,
			"bytes":	0,
			"blocks":	0,
			"reverse":	0
		}
	},
	"intervals":	[{
			"streams":	[{
					"socket":	4,
					"start":	0,
					"end":	1.00182,
					"seconds":	1.00182,
					"bytes":	11599872,
					"bits_per_second":	9.26301e+07,
					"packets":	1416,
					"omitted":	false
				}],
			"sum":	{
				"start":	0,
				"end":	1.00182,
				"seconds":	1.00182,
				"bytes":	11599872,
				"bits_per_second":	9.26301e+07,
				"packets":	1416,
				"omitted":	false
			}
		}, {
			"streams":	[{
					"socket":	4,
					"start":	1.00182,
					"end":	2.00361,
					"seconds":	1.00179,
					"bytes":	12566528,
					"bits_per_second":	1.00353e+08,
					"packets":	1534,
					"omitted":	false
				}],
			"sum":	{
				"start":	1.00182,
				"end":	2.00361,
				"seconds":	1.00179,
				"bytes":	12566528,
				"bits_per_second":	1.00353e+08,
				"packets":	1534,
				"omitted":	false
			}
		}, {
			"streams":	[{
					"socket":	4,
					"start":	2.00361,
					"end":	3.00118,
					"seconds":	0.997565,
					"bytes":	12509184,
					"bits_per_second":	1.00318e+08,
					"packets":	1527,
					"omitted":	false
				}],
			"sum":	{
				"start":	2.00361,
				"end":	3.00118,
				"seconds":	0.997565,
				"bytes":	12509184,
				"bits_per_second":	1.00318e+08,
				"packets":	1527,
				"omitted":	false
			}
		}, {
			"streams":	[{
					"socket":	4,
					"start":	3.00118,
					"end":	4.00519,
					"seconds":	1.00401,
					"bytes":	13287424,
					"bits_per_second":	1.05875e+08,
					"packets":	1622,
					"omitted":	false
				}],
			"sum":	{
				"start":	3.00118,
				"end":	4.00519,
				"seconds":	1.00401,
				"bytes":	13287424,
				"bits_per_second":	1.05875e+08,
				"packets":	1622,
				"omitted":	false
			}
		}, {
			"streams":	[{
					"socket":	4,
					"start":	4.00519,
					"end":	5.00038,
					"seconds":	0.99519,
					"bytes":	12173312,
					"bits_per_second":	9.78572e+07,
					"packets":	1486,
					"omitted":	false
				}],
			"sum":	{
				"start":	4.00519,
				"end":	5.00038,
				"seconds":	0.99519,
				"bytes":	12173312,
				"bits_per_second":	9.78572e+07,
				"packets":	1486,
				"omitted":	false
			}
		}, {
			"streams":	[{
					"socket":	4,
					"start":	5.00038,
					"end":	6.00883,
					"seconds":	1.00845,
					"bytes":	12156928,
					"bits_per_second":	9.64402e+07,
					"packets":	1484,
					"omitted":	false
				}],
			"sum":	{
				"start":	5.00038,
				"end":	6.00883,
				"seconds":	1.00845,
				"bytes":	12156928,
				"bits_per_second":	9.64402e+07,
				"packets":	1484,
				"omitted":	false
			}
		}, {
			"streams":	[{
					"socket":	4,
					"start":	6.00883,
					"end":	7.00131,
					"seconds":	0.99248,
					"bytes":	13123584,
					"bits_per_second":	1.05784e+08,
					"packets":	1602,
					"omitted":	false
				}],
			"sum":	{
				"start":	6.00883,
				"end":	7.00131,
				"seconds":	0.99248,
				"bytes":	13123584,
				"bits_per_second":	1.05784e+08,
				"packets":	1602,
				"omitted":	false
			}
		}, {
			"streams":	[{
					"socket":	4,
					"start":	7.00131,
					"end":	8.00402,
					"seconds":	1.00271,
					"bytes":	11067392,
					"bits_per_second":	8.83001e+07,
					"packets":	1351,
					"omitted":	false
				}],
			"sum":	{
				"start":	7.00131,
				"end":	8.00402,
				"seconds":	1.00271,
				"bytes":	11067392,
				"bits_per_second":	8.83001e+07,
				"packets":	1351,
				"omitted":	false
			}
		}, {
			"streams":	[{
					"socket":	4,
					"start":	8.00402,
					"end":	9.00006,
					"seconds":	0.996045,
					"bytes":	13123584,
					"bits_per_second":	1.05406e+08,
					"packets":	1602,
					"omitted":	false
				}],
			"sum":	{
				"start":	8.00402,
				"end":	9.00006,
				"seconds":	0.996045,
				"bytes":	13123584,
				"bits_per_second":	1.05406e+08,
				"packets":	1602,
				"omitted":	false
			}
		}, {
			"streams":	[{
					"socket":	4,
					"start":	9.00006,
					"end":	10.0018,
					"seconds":	1.00178,
					"bytes":	11051008,
					"bits_per_second":	8.82513e+07,
					"packets":	1349,
					"omitted":	false
				}],
			"sum":	{
				"start":	9.00006,
				"end":	10.0018,
				"seconds":	1.00178,
				"bytes":	11051008,
				"bits_per_second":	8.82513e+07,
				"packets":	1349,
				"omitted":	false
			}
		}, {
			"streams":	[{
					"socket":	4,
					"start":	10.0018,
					"end":	11.0004,
					"seconds":	0.998543,
					"bytes":	14770176,
					"bits_per_second":	1.18334e+08,
					"packets":	1803,
					"omitted":	false
				}],
			"sum":	{
				"start":	10.0018,
				"end":	11.0004,
				"seconds":	0.998543,
				"bytes":	14770176,
				"bits_per_second":	1.18334e+08,
				"packets":	1803,
				"omitted":	false
			}
		}, {
			"streams":	[{
					"socket":	4,
					"start":	11.0004,
					"end":	12.0103,
					"seconds":	1.00992,
					"bytes":	12320768,
					"bits_per_second":	9.75982e+07,
					"packets":	1504,
					"omitted":	false
				}],
			"sum":	{
				"start":	11.0004,
				"end":	12.0103,
				"seconds":	1.00992,
				"bytes":	12320768,
				"bits_per_second":	9.75982e+07,
				"packets":	1504,
				"omitted":	false
			}
		}, {
			"streams":	[{
					"socket":	4,
					"start":	12.0103,
					"end":	13.0002,
					"seconds":	0.989882,
					"bytes":	11993088,
					"bits_per_second":	9.69254e+07,
					"packets":	1464,
					"omitted":	false
				}],
			"sum":	{
				"start":	12.0103,
				"end":	13.0002,
				"seconds":	0.989882,
				"bytes":	11993088,
				"bits_per_second":	9.69254e+07,
				"packets":	1464,
				"omitted":	false
			}
		}, {
			"streams":	[{
					"socket":	4,
					"start":	13.0002,
					"end":	14.0002,
					"seconds":	1.00005,
					"bytes":	12754944,
					"bits_per_second":	1.02034e+08,
					"packets":	1557,
					"omitted":	false
				}],
			"sum":	{
				"start":	13.0002,
				"end":	14.0002,
				"seconds":	1.00005,
				"bytes":	12754944,
				"bits_per_second":	1.02034e+08,
				"packets":	1557,
				"omitted":	false
			}
		}, {
			"streams":	[{
					"socket":	4,
					"start":	14.0002,
					"end":	15.0001,
					"seconds":	0.999874,
					"bytes":	11771904,
					"bits_per_second":	9.41871e+07,
					"packets":	1437,
					"omitted":	false
				}],
			"sum":	{
				"start":	14.0002,
				"end":	15.0001,
				"seconds":	0.999874,
				"bytes":	11771904,
				"bits_per_second":	9.41871e+07,
				"packets":	1437,
				"omitted":	false
			}
		}, {
			"streams":	[{
					"socket":	4,
					"start":	15.0001,
					"end":	16.0015,
					"seconds":	1.00144,
					"bytes":	13082624,
					"bits_per_second":	1.0451e+08,
					"packets":	1597,
					"omitted":	false
				}],
			"sum":	{
				"start":	15.0001,
				"end":	16.0015,
				"seconds":	1.00144,
				"bytes":	13082624,
				"bits_per_second":	1.0451e+08,
				"packets":	1597,
				"omitted":	false
			}
		}, {
			"streams":	[{
					"socket":	4,
					"start":	16.0015,
					"end":	17.0004,
					"seconds":	0.99889,
					"bytes":	12451840,
					"bits_per_second":	9.97254e+07,
					"packets":	1520,
					"omitted":	false
				}],
			"sum":	{
				"start":	16.0015,
				"end":	17.0004,
				"seconds":	0.99889,
				"bytes":	12451840,
				"bits_per_second":	9.97254e+07,
				"packets":	1520,
				"omitted":	false
			}
		}, {
			"streams":	[{
					"socket":	4,
					"start":	17.0004,
					"end":	18.0012,
					"seconds":	1.0008,
					"bytes":	12861440,
					"bits_per_second":	1.0281e+08,
					"packets":	1570,
					"omitted":	false
				}],
			"sum":	{
				"start":	17.0004,
				"end":	18.0012,
				"seconds":	1.0008,
				"bytes":	12861440,
				"bits_per_second":	1.0281e+08,
				"packets":	1570,
				"omitted":	false
			}
		}, {
			"streams":	[{
					"socket":	4,
					"start":	18.0012,
					"end":	19.0002,
					"seconds":	0.99896,
					"bytes":	11698176,
					"bits_per_second":	9.36828e+07,
					"packets":	1428,
					"omitted":	false
				}],
			"sum":	{
				"start":	18.0012,
				"end":	19.0002,
				"seconds":	0.99896,
				"bytes":	11698176,
				"bits_per_second":	9.36828e+07,
				"packets":	1428,
				"omitted":	false
			}
		}, {
			"streams":	[{
					"socket":	4,
					"start":	19.0002,
					"end":	20.0004,
					"seconds":	1.00018,
					"bytes":	13131776,
					"bits_per_second":	1.05035e+08,
					"packets":	1603,
					"omitted":	false
				}],
			"sum":	{
				"start":	19.0002,
				"end":	20.0004,
				"seconds":	1.00018,
				"bytes":	13131776,
				"bits_per_second":	1.05035e+08,
				"packets":	1603,
				"omitted":	false
			}
		}, {
			"streams":	[{
					"socket":	4,
					"start":	20.0004,
					"end":	21.0005,
					"seconds":	1.00014,
					"bytes":	12525568,
					"bits_per_second":	1.00191e+08,
					"packets":	1529,
					"omitted":	false
				}],
			"sum":	{
				"start":	20.0004,
				"end":	21.0005,
				"seconds":	1.00014,
				"bytes":	12525568,
				"bits_per_second":	1.00191e+08,
				"packets":	1529,
				"omitted":	false
			}
		}, {
			"streams":	[{
					"socket":	4,
					"start":	21.0005,
					"end":	22.0019,
					"seconds":	1.00136,
					"bytes":	10788864,
					"bits_per_second":	8.61937e+07,
					"packets":	1317,
					"omitted":	false
				}],
			"sum":	{
				"start":	21.0005,
				"end":	22.0019,
				"seconds":	1.00136,
				"bytes":	10788864,
				"bits_per_second":	8.61937e+07,
				"packets":	1317,
				"omitted":	false
			}
		}, {
			"streams":	[{
					"socket":	4,
					"start":	22.0019,
					"end":	23.0002,
					"seconds":	0.998292,
					"bytes":	13803520,
					"bits_per_second":	1.10617e+08,
					"packets":	1685,
					"omitted":	false
				}],
			"sum":	{
				"start":	22.0019,
				"end":	23.0002,
				"seconds":	0.998292,
				"bytes":	13803520,
				"bits_per_second":	1.10617e+08,
				"packets":	1685,
				"omitted":	false
			}
		}, {
			"streams":	[{
					"socket":	4,
					"start":	23.0002,
					"end":	24.0027,
					"seconds":	1.00257,
					"bytes":	13262848,
					"bits_per_second":	1.05831e+08,
					"packets":	1619,
					"omitted":	false
				}],
			"sum":	{
				"start":	23.0002,
				"end":	24.0027,
				"seconds":	1.00257,
				"bytes":	13262848,
				"bits_per_second":	1.05831e+08,
				"packets":	1619,
				"omitted":	false
			}
		}],
	"end":	{
		"streams":	[{
				"udp":	{
					"socket":	4,
					"start":	0,
					"end":	24.0027,
					"seconds":	24.0027,
					"bytes":	299876352,
					"bits_per_second":	9.99474e+07,
					"jitter_ms":	0.99534,
					"lost_packets":	887,
					"packets":	36606,
					"lost_percent":	2.4231
				}
			}],
		"sum":	{
			"start":	0,
			"end":	24.0027,
			"seconds":	24.0027,
			"bytes":	299876352,
			"bits_per_second":	9.99474e+07,
			"jitter_ms":	0.99534,
			"lost_packets":	887,
			"packets":	36606,
			"lost_percent":	2.4231
		},
		"cpu_utilization_percent":	{
			"host_total":	38.6687,
			"host_user":	0.744537,
			"host_system":	37.9241,
			"remote_total":	11.192,
			"remote_user":	0.685251,
			"remote_system":	10.5067
		}
	}
}
