{
	"start":	{
		"connected":	[{
				"socket":	4,
				"local_host":	"10.0.0.4",
				"local_port":	47380,
				"remote_host":	"10.0.0.11",
				"remote_port":	2189
			}],
		"version":	"iperf 3.0.7",
		"system_info":	"Linux BS4 5.4.197-0504197-generic #202206060747 SMP Mon Jun 6 09:27:47 UTC 2022 x86_64 x86_64 x86_64 GNU/Linux\n",
		"timestamp":	{
			"time":	"Mon, 25 Jul 2022 21:44:22 GMT",
			"timesecs":	1658785462
		},
		"connecting_to":	{
			"host":	"10.0.0.11",
			"port":	2189
		},
		"cookie":	"BS4.1658785462.900820.7098f9b47b58ae",
		"tcp_mss_default":	1448,
		"test_start":	{
			"protocol":	"TCP",
			"num_streams":	1,
			"blksize":	131072,
			"omit":	0,
			"duration":	2,
			"bytes":	0,
			"blocks":	0,
			"reverse":	0
		}
	},
	"intervals":	[{
			"streams":	[{
					"socket":	4,
					"start":	0,
					"end":	1.00048,
					"seconds":	1.00048,
					"bytes":	11482904,
					"bits_per_second":	9.18189e+07,
					"retransmits":	3,
					"snd_cwnd":	240368,
					"omitted":	false
				}],
			"sum":	{
				"start":	0,
				"end":	1.00048,
				"seconds":	1.00048,
				"bytes":	11482904,
				"bits_per_second":	9.18189e+07,
				"retransmits":	3,
				"omitted":	false
			}
		}, {
			"streams":	[{
					"socket":	4,
					"start":	1.00048,
					"end":	2.01182,
					"seconds":	1.01134,
					"bytes":	12320768,
					"bits_per_second":	9.74612e+07,
					"retransmits":	0,
					"snd_cwnd":	278016,
					"omitted":	false
				}],
			"sum":	{
				"start":	1.00048,
				"end":	2.01182,
				"seconds":	1.01134,
				"bytes":	12320768,
				"bits_per_second":	9.74612e+07,
				"retransmits":	0,
				"omitted":	false
			}
		}],
	"end":	{
		"streams":	[{
				"sender":	{
					"socket":	4,
					"start":	0,
					"end":	2.01182,
					"seconds":	2.01182,
					"bytes":	23803672,
					"bits_per_second":	9.46553e+07,
					"retransmits":	3
				},
				"receiver":	{
					"socket":	4,
					"start":	0,
					"end":	2.01182,
					"seconds":	2.01182,
					"bytes":	23803672,
					"bits_per_second":	9.46553e+07
				}
			}],
		"sum_sent":	{
			"start":	0,
			"end":	2.01182,
			"seconds":	2.01182,
			"bytes":	23803672,
			"bits_per_second":	9.46553e+07,
			"retransmits":	3
		},
		"sum_received":	{
			"start":	0,
			"end":	2.01182,
			"seconds":	2.01182,
			"bytes":	23803672,
			"bits_per_second":	9.46553e+07
		},
		"cpu_utilization_percent":	{
			"host_total":	2.2524,
			"host_user":	0.335881,
			"host_system":	1.91076,
			"remote_total":	5.2223,
			"remote_user":	1.29263,
			"remote_system":	3.92967
		}
	}
}
