{
	"start":	{
		"connected":	[{
				"socket":	4,
				"local_host":	"10.0.0.3",
				"local_port":	44160,
				"remote_host":	"10.0.0.7",
				"remote_port":	3570
			}],
		"version":	"iperf 3.0.7",
		"system_info":	"Linux H3 5.4.197-0504197-generic #202206060747 SMP Mon Jun 6 09:27:47 UTC 2022 x86_64 x86_64 x86_64 GNU/Linux\n",
		"timestamp":	{
			"time":	"Fri, 22 Jul 2022 16:23:44 GMT",
			"timesecs":	1658507024
		},
		"connecting_to":	{
			"host":	"10.0.0.7",
			"port":	3570
		},
		"cookie":	"H3.1658507024.618865.5ffc8d446144f57",
		"tcp_mss_default":	1448,
		"test_start":	{
			"protocol":	"TCP",
			"num_streams":	1,
			"blksize":	131072,
			"omit":	0,
			"duration":	5,
			"bytes":	0,
			"blocks":	0,
			"reverse":	0
		}
	},
	"intervals":	[{
			"streams":	[{
					"socket":	4,
					"start":	0,
					"end":	1.00024,
					"seconds":	1.00024,
					"bytes":	1703936,
					"bits_per_second":	1.36282e+07,
					"retransmits":	0,
					"snd_cwnd":	91224,
					"omitted":	false
				}],
			"sum":	{
				"start":	0,
				"end":	1.00024,
				"seconds":	1.00024,
				"bytes":	1703936,
				"bits_per_second":	1.36282e+07,
				"retransmits":	0,
				"omitted":	false
			}
		}, {
			"streams":	[{
					"socket":	4,
					"start":	1.00024,
					"end":	2.00064,
					"seconds":	1.0004,
					"bytes":	1966080,
					"bits_per_second":	1.57224e+07,
					"retransmits":	0,
					"snd_cwnd":	120184,
					"omitted":	false
				}],
			"sum":	{
				"start":	1.00024,
				"end":	2.00064,
				"seconds":	1.0004,
				"bytes":	1966080,
				"bits_per_second":	1.57224e+07,
				"retransmits":	0,
				"omitted":	false
			}
		}, {
			"streams":	[{
					"socket":	4,
					"start":	2.00064,
					"end":	3.00102,
					"seconds":	1.00038,
					"bytes":	1835008,
					"bits_per_second":	1.46745e+07,
					"retransmits":	0,
					"snd_cwnd":	131768,
					"omitted":	false
				}],
			"sum":	{
				"start":	2.00064,
				"end":	3.00102,
				"seconds":	1.00038,
				"bytes":	1835008,
				"bits_per_second":	1.46745e+07,
				"retransmits":	0,
				"omitted":	false
			}
		}, {
			"streams":	[{
					"socket":	4,
					"start":	3.00102,
					"end":	4.0008,
					"seconds":	0.999783,
					"bytes":	1835008,
					"bits_per_second":	1.46832e+07,
					"retransmits":	0,
					"snd_cwnd":	169416,
					"omitted":	false
				}],
			"sum":	{
				"start":	3.00102,
				"end":	4.0008,
				"seconds":	0.999783,
				"bytes":	1835008,
				"bits_per_second":	1.46832e+07,
				"retransmits":	0,
				"omitted":	false
			}
		}, {
			"streams":	[{
					"socket":	4,
					"start":	4.0008,
					"end":	5.00076,
					"seconds":	0.999965,
					"bytes":	1966080,
					"bits_per_second":	1.57292e+07,
					"retransmits":	0,
					"snd_cwnd":	186792,
					"omitted":	false
				}],
			"sum":	{
				"start":	4.0008,
				"end":	5.00076,
				"seconds":	0.999965,
				"bytes":	1966080,
				"bits_per_second":	1.57292e+07,
				"retransmits":	0,
				"omitted":	false
			}
		}],
	"end":	{
		"streams":	[{
				"sender":	{
					"socket":	4,
					"start":	0,
					"end":	5.00076,
					"seconds":	5.00076,
					"bytes":	9306112,
					"bits_per_second":	1.48875e+07,
					"retransmits":	0
				},
				"receiver":	{
					"socket":	4,
					"start":	0,
					"end":	5.00076,
					"seconds":	5.00076,
					"bytes":	9306112,
					"bits_per_second":	1.48875e+07
				}
			}],
		"sum_sent":	{
			"start":	0,
			"end":	5.00076,
			"seconds":	5.00076,
			"bytes":	9306112,
			"bits_per_second":	1.48875e+07,
			"retransmits":	0
		},
		"sum_received":	{
			"start":	0,
			"end":	5.00076,
			"seconds":	5.00076,
			"bytes":	9306112,
			"bits_per_second":	1.48875e+07
		},
		"cpu_utilization_percent":	{
			"host_total":	0.605964,
			"host_user":	0,
			"host_system":	0.605944,
			"remote_total":	1.61028,
			"remote_user":	0,
			"remote_system":	1.61026
		}
	}
}
