{
	"start":	{
		"connected":	[{
				"socket":	4,
				"local_host":	"10.0.0.3",
				"local_port":	52396,
				"remote_host":	"10.0.0.13",
				"remote_port":	1810
			}],
		"version":	"iperf 3.0.7",
		"system_info":	"Linux H3 5.4.197-0504197-generic #202206060747 SMP Mon Jun 6 09:27:47 UTC 2022 x86_64 x86_64 x86_64 GNU/Linux\n",
		"timestamp":	{
			"time":	"Fri, 22 Jul 2022 16:30:24 GMT",
			"timesecs":	1658507424
		},
		"connecting_to":	{
			"host":	"10.0.0.13",
			"port":	1810
		},
		"cookie":	"H3.1658507424.692760.50e15ef903b524c",
		"tcp_mss_default":	1448,
		"test_start":	{
			"protocol":	"TCP",
			"num_streams":	1,
			"blksize":	131072,
			"omit":	0,
			"duration":	5,
			"bytes":	0,
			"blocks":	0,
			"reverse":	0
		}
	},
	"intervals":	[{
			"streams":	[{
					"socket":	4,
					"start":	0,
					"end":	1.00104,
					"seconds":	1.00104,
					"bytes":	1816128,
					"bits_per_second":	1.45139e+07,
					"retransmits":	0,
					"snd_cwnd":	89776,
					"omitted":	false
				}],
			"sum":	{
				"start":	0,
				"end":	1.00104,
				"seconds":	1.00104,
				"bytes":	1816128,
				"bits_per_second":	1.45139e+07,
				"retransmits":	0,
				"omitted":	false
			}
		}, {
			"streams":	[{
					"socket":	4,
					"start":	1.00104,
					"end":	2.0005,
					"seconds":	0.999456,
					"bytes":	1835008,
					"bits_per_second":	1.46881e+07,
					"retransmits":	0,
					"snd_cwnd":	112944,
					"omitted":	false
				}],
			"sum":	{
				"start":	1.00104,
				"end":	2.0005,
				"seconds":	0.999456,
				"bytes":	1835008,
				"bits_per_second":	1.46881e+07,
				"retransmits":	0,
				"omitted":	false
			}
		}, {
			"streams":	[{
					"socket":	4,
					"start":	2.0005,
					"end":	3.00041,
					"seconds":	0.999908,
					"bytes":	1835008,
					"bits_per_second":	1.46814e+07,
					"retransmits":	0,
					"snd_cwnd":	152040,
					"omitted":	false
				}],
			"sum":	{
				"start":	2.0005,
				"end":	3.00041,
				"seconds":	0.999908,
				"bytes":	1835008,
				"bits_per_second":	1.46814e+07,
				"retransmits":	0,
				"omitted":	false
			}
		}, {
			"streams":	[{
					"socket":	4,
					"start":	3.00041,
					"end":	4.00056,
					"seconds":	1.00015,
					"bytes":	1835008,
					"bits_per_second":	1.46778e+07,
					"retransmits":	0,
					"snd_cwnd":	173760,
					"omitted":	false
				}],
			"sum":	{
				"start":	3.00041,
				"end":	4.00056,
				"seconds":	1.00015,
				"bytes":	1835008,
				"bits_per_second":	1.46778e+07,
				"retransmits":	0,
				"omitted":	false
			}
		}, {
			"streams":	[{
					"socket":	4,
					"start":	4.00056,
					"end":	5.00054,
					"seconds":	0.999984,
					"bytes":	1966080,
					"bits_per_second":	1.57289e+07,
					"retransmits":	0,
					"snd_cwnd":	183896,
					"omitted":	false
				}],
			"sum":	{
				"start":	4.00056,
				"end":	5.00054,
				"seconds":	0.999984,
				"bytes":	1966080,
				"bits_per_second":	1.57289e+07,
				"retransmits":	0,
				"omitted":	false
			}
		}],
	"end":	{
		"streams":	[{
				"sender":	{
					"socket":	4,
					"start":	0,
					"end":	5.00054,
					"seconds":	5.00054,
					"bytes":	9287232,
					"bits_per_second":	1.4858e+07,
					"retransmits":	0
				},
				"receiver":	{
					"socket":	4,
					"start":	0,
					"end":	5.00054,
					"seconds":	5.00054,
					"bytes":	9287232,
					"bits_per_second":	1.4858e+07
				}
			}],
		"sum_sent":	{
			"start":	0,
			"end":	5.00054,
			"seconds":	5.00054,
			"bytes":	9287232,
			"bits_per_second":	1.4858e+07,
			"retransmits":	0
		},
		"sum_received":	{
			"start":	0,
			"end":	5.00054,
			"seconds":	5.00054,
			"bytes":	9287232,
			"bits_per_second":	1.4858e+07
		},
		"cpu_utilization_percent":	{
			"host_total":	0.70698,
			"host_user":	0.0792107,
			"host_system":	0.627749,
			"remote_total":	1.68527,
			"remote_user":	0.63252,
			"remote_system":	1.05275
		}
	}
}
