{
	"start":	{
		"connected":	[{
				"socket":	4,
				"local_host":	"10.0.0.5",
				"local_port":	49450,
				"remote_host":	"10.0.0.13",
				"remote_port":	3453
			}],
		"version":	"iperf 3.0.7",
		"system_info":	"Linux BS5 5.4.197-0504197-generic #202206060747 SMP Mon Jun 6 09:27:47 UTC 2022 x86_64 x86_64 x86_64 GNU/Linux\n",
		"timestamp":	{
			"time":	"Mon, 25 Jul 2022 21:50:08 GMT",
			"timesecs":	1658785808
		},
		"connecting_to":	{
			"host":	"10.0.0.13",
			"port":	3453
		},
		"cookie":	"BS5.1658785808.491440.4293185156075c",
		"tcp_mss_default":	1448,
		"test_start":	{
			"protocol":	"TCP",
			"num_streams":	1,
			"blksize":	131072,
			"omit":	0,
			"duration":	9,
			"bytes":	0,
			"blocks":	0,
			"reverse":	0
		}
	},
	"intervals":	[{
			"streams":	[{
					"socket":	4,
					"start":	0,
					"end":	1.00044,
					"seconds":	1.00044,
					"bytes":	2874840,
					"bits_per_second":	2.29885e+07,
					"retransmits":	177,
					"snd_cwnd":	291048,
					"omitted":	false
				}],
			"sum":	{
				"start":	0,
				"end":	1.00044,
				"seconds":	1.00044,
				"bytes":	2874840,
				"bits_per_second":	2.29885e+07,
				"retransmits":	177,
				"omitted":	false
			}
		}, {
			"streams":	[{
					"socket":	4,
					"start":	1.00044,
					"end":	2.0004,
					"seconds":	0.999961,
					"bytes":	3145728,
					"bits_per_second":	2.51668e+07,
					"retransmits":	0,
					"snd_cwnd":	296840,
					"omitted":	false
				}],
			"sum":	{
				"start":	1.00044,
				"end":	2.0004,
				"seconds":	0.999961,
				"bytes":	3145728,
				"bits_per_second":	2.51668e+07,
				"retransmits":	0,
				"omitted":	false
			}
		}, {
			"streams":	[{
					"socket":	4,
					"start":	2.0004,
					"end":	3.00045,
					"seconds":	1.00005,
					"bytes":	3145728,
					"bits_per_second":	2.51645e+07,
					"retransmits":	0,
					"snd_cwnd":	304080,
					"omitted":	false
				}],
			"sum":	{
				"start":	2.0004,
				"end":	3.00045,
				"seconds":	1.00005,
				"bytes":	3145728,
				"bits_per_second":	2.51645e+07,
				"retransmits":	0,
				"omitted":	false
			}
		}, {
			"streams":	[{
					"socket":	4,
					"start":	3.00045,
					"end":	4.00061,
					"seconds":	1.00016,
					"bytes":	3145728,
					"bits_per_second":	2.51618e+07,
					"retransmits":	0,
					"snd_cwnd":	312768,
					"omitted":	false
				}],
			"sum":	{
				"start":	3.00045,
				"end":	4.00061,
				"seconds":	1.00016,
				"bytes":	3145728,
				"bits_per_second":	2.51618e+07,
				"retransmits":	0,
				"omitted":	false
			}
		}, {
			"streams":	[{
					"socket":	4,
					"start":	4.00061,
					"end":	5.00057,
					"seconds":	0.999951,
					"bytes":	3014656,
					"bits_per_second":	2.41184e+07,
					"retransmits":	0,
					"snd_cwnd":	317112,
					"omitted":	false
				}],
			"sum":	{
				"start":	4.00061,
				"end":	5.00057,
				"seconds":	0.999951,
				"bytes":	3014656,
				"bits_per_second":	2.41184e+07,
				"retransmits":	0,
				"omitted":	false
			}
		}, {
			"streams":	[{
					"socket":	4,
					"start":	5.00057,
					"end":	6.00048,
					"seconds":	0.999915,
					"bytes":	3145728,
					"bits_per_second":	2.5168e+07,
					"retransmits":	0,
					"snd_cwnd":	324352,
					"omitted":	false
				}],
			"sum":	{
				"start":	5.00057,
				"end":	6.00048,
				"seconds":	0.999915,
				"bytes":	3145728,
				"bits_per_second":	2.5168e+07,
				"retransmits":	0,
				"omitted":	false
			}
		}, {
			"streams":	[{
					"socket":	4,
					"start":	6.00048,
					"end":	7.00053,
					"seconds":	1.00005,
					"bytes":	3145728,
					"bits_per_second":	2.51646e+07,
					"retransmits":	0,
					"snd_cwnd":	330144,
					"omitted":	false
				}],
			"sum":	{
				"start":	6.00048,
				"end":	7.00053,
				"seconds":	1.00005,
				"bytes":	3145728,
				"bits_per_second":	2.51646e+07,
				"retransmits":	0,
				"omitted":	false
			}
		}, {
			"streams":	[{
					"socket":	4,
					"start":	7.00053,
					"end":	8.00546,
					"seconds":	1.00493,
					"bytes":	3145728,
					"bits_per_second":	2.50423e+07,
					"retransmits":	0,
					"snd_cwnd":	334488,
					"omitted":	false
				}],
			"sum":	{
				"start":	7.00053,
				"end":	8.00546,
				"seconds":	1.00493,
				"bytes":	3145728,
				"bits_per_second":	2.50423e+07,
				"retransmits":	0,
				"omitted":	false
			}
		}, {
			"streams":	[{
					"socket":	4,
					"start":	8.00546,
					"end":	9.00041,
					"seconds":	0.994941,
					"bytes":	3145728,
					"bits_per_second":	2.52938e+07,
					"retransmits":	0,
					"snd_cwnd":	340280,
					"omitted":	false
				}],
			"sum":	{
				"start":	8.00546,
				"end":	9.00041,
				"seconds":	0.994941,
				"bytes":	3145728,
				"bits_per_second":	2.52938e+07,
				"retransmits":	0,
				"omitted":	false
			}
		}],
	"end":	{
		"streams":	[{
				"sender":	{
					"socket":	4,
					"start":	0,
					"end":	9.00041,
					"seconds":	9.00041,
					"bytes":	27909592,
					"bits_per_second":	2.48074e+07,
					"retransmits":	177
				},
				"receiver":	{
					"socket":	4,
					"start":	0,
					"end":	9.00041,
					"seconds":	9.00041,
					"bytes":	27909592,
					"bits_per_second":	2.48074e+07
				}
			}],
		"sum_sent":	{
			"start":	0,
			"end":	9.00041,
			"seconds":	9.00041,
			"bytes":	27909592,
			"bits_per_second":	2.48074e+07,
			"retransmits":	177
		},
		"sum_received":	{
			"start":	0,
			"end":	9.00041,
			"seconds":	9.00041,
			"bytes":	27909592,
			"bits_per_second":	2.48074e+07
		},
		"cpu_utilization_percent":	{
			"host_total":	1.27985,
			"host_user":	0.3841,
			"host_system":	0.895704,
			"remote_total":	1.19734,
			"remote_user":	0.186629,
			"remote_system":	1.0107
		}
	}
}
