{
	"start":	{
		"connected":	[{
				"socket":	4,
				"local_host":	"10.0.0.4",
				"local_port":	40602,
				"remote_host":	"10.0.0.18",
				"remote_port":	2732
			}],
		"version":	"iperf 3.0.7",
		"system_info":	"Linux BS4 5.4.197-0504197-generic #202206060747 SMP Mon Jun 6 09:27:47 UTC 2022 x86_64 x86_64 x86_64 GNU/Linux\n",
		"timestamp":	{
			"time":	"Mon, 25 Jul 2022 21:43:17 GMT",
			"timesecs":	1658785397
		},
		"connecting_to":	{
			"host":	"10.0.0.18",
			"port":	2732
		},
		"cookie":	"BS4.1658785397.144525.2da6883956cf1c",
		"tcp_mss_default":	1448,
		"test_start":	{
			"protocol":	"TCP",
			"num_streams":	1,
			"blksize":	131072,
			"omit":	0,
			"duration":	6,
			"bytes":	0,
			"blocks":	0,
			"reverse":	0
		}
	},
	"intervals":	[{
			"streams":	[{
					"socket":	4,
					"start":	0,
					"end":	1.00049,
					"seconds":	1.00049,
					"bytes":	2874840,
					"bits_per_second":	2.29874e+07,
					"retransmits":	0,
					"snd_cwnd":	826808,
					"omitted":	false
				}],
			"sum":	{
				"start":	0,
				"end":	1.00049,
				"seconds":	1.00049,
				"bytes":	2874840,
				"bits_per_second":	2.29874e+07,
				"retransmits":	0,
				"omitted":	false
			}
		}, {
			"streams":	[{
					"socket":	4,
					"start":	1.00049,
					"end":	2.00043,
					"seconds":	0.999932,
					"bytes":	3145728,
					"bits_per_second":	2.51675e+07,
					"retransmits":	0,
					"snd_cwnd":	826808,
					"omitted":	false
				}],
			"sum":	{
				"start":	1.00049,
				"end":	2.00043,
				"seconds":	0.999932,
				"bytes":	3145728,
				"bits_per_second":	2.51675e+07,
				"retransmits":	0,
				"omitted":	false
			}
		}, {
			"streams":	[{
					"socket":	4,
					"start":	2.00043,
					"end":	3.00056,
					"seconds":	1.00013,
					"bytes":	3145728,
					"bits_per_second":	2.51626e+07,
					"retransmits":	0,
					"snd_cwnd":	826808,
					"omitted":	false
				}],
			"sum":	{
				"start":	2.00043,
				"end":	3.00056,
				"seconds":	1.00013,
				"bytes":	3145728,
				"bits_per_second":	2.51626e+07,
				"retransmits":	0,
				"omitted":	false
			}
		}, {
			"streams":	[{
					"socket":	4,
					"start":	3.00056,
					"end":	4.00033,
					"seconds":	0.999774,
					"bytes":	3145728,
					"bits_per_second":	2.51715e+07,
					"retransmits":	0,
					"snd_cwnd":	826808,
					"omitted":	false
				}],
			"sum":	{
				"start":	3.00056,
				"end":	4.00033,
				"seconds":	0.999774,
				"bytes":	3145728,
				"bits_per_second":	2.51715e+07,
				"retransmits":	0,
				"omitted":	false
			}
		}, {
			"streams":	[{
					"socket":	4,
					"start":	4.00033,
					"end":	5.00034,
					"seconds":	1.00001,
					"bytes":	3014656,
					"bits_per_second":	2.4117e+07,
					"retransmits":	0,
					"snd_cwnd":	826808,
					"omitted":	false
				}],
			"sum":	{
				"start":	4.00033,
				"end":	5.00034,
				"seconds":	1.00001,
				"bytes":	3014656,
				"bits_per_second":	2.4117e+07,
				"retransmits":	0,
				"omitted":	false
			}
		}, {
			"streams":	[{
					"socket":	4,
					"start":	5.00034,
					"end":	6.00057,
					"seconds":	1.00023,
					"bytes":	3145728,
					"bits_per_second":	2.51601e+07,
					"retransmits":	0,
					"snd_cwnd":	826808,
					"omitted":	false
				}],
			"sum":	{
				"start":	5.00034,
				"end":	6.00057,
				"seconds":	1.00023,
				"bytes":	3145728,
				"bits_per_second":	2.51601e+07,
				"retransmits":	0,
				"omitted":	false
			}
		}],
	"end":	{
		"streams":	[{
				"sender":	{
					"socket":	4,
					"start":	0,
					"end":	6.00057,
					"seconds":	6.00057,
					"bytes":	18472408,
					"bits_per_second":	2.46276e+07,
					"retransmits":	0
				},
				"receiver":	{
					"socket":	4,
					"start":	0,
					"end":	6.00057,
					"seconds":	6.00057,
					"bytes":	18472408,
					"bits_per_second":	2.46276e+07
				}
			}],
		"sum_sent":	{
			"start":	0,
			"end":	6.00057,
			"seconds":	6.00057,
			"bytes":	18472408,
			"bits_per_second":	2.46276e+07,
			"retransmits":	0
		},
		"sum_received":	{
			"start":	0,
			"end":	6.00057,
			"seconds":	6.00057,
			"bytes":	18472408,
			"bits_per_second":	2.46276e+07
		},
		"cpu_utilization_percent":	{
			"host_total":	1.3503,
			"host_user":	0.336084,
			"host_system":	1.0104,
			"remote_total":	1.21452,
			"remote_user":	0.23031,
			"remote_system":	0.984193
		}
	}
}
