{
	"start":	{
		"connected":	[{
				"socket":	4,
				"local_host":	"10.0.0.3",
				"local_port":	60000,
				"remote_host":	"10.0.0.13",
				"remote_port":	2350
			}],
		"version":	"iperf 3.0.7",
		"system_info":	"Linux H3 5.4.197-0504197-generic #202206060747 SMP Mon Jun 6 09:27:47 UTC 2022 x86_64 x86_64 x86_64 GNU/Linux\n",
		"timestamp":	{
			"time":	"Fri, 22 Jul 2022 16:23:37 GMT",
			"timesecs":	1658507017
		},
		"connecting_to":	{
			"host":	"10.0.0.13",
			"port":	2350
		},
		"cookie":	"H3.1658507017.560486.5da9e62774d6fa6",
		"tcp_mss_default":	1448,
		"test_start":	{
			"protocol":	"TCP",
			"num_streams":	1,
			"blksize":	131072,
			"omit":	0,
			"duration":	5,
			"bytes":	0,
			"blocks":	0,
			"reverse":	0
		}
	},
	"intervals":	[{
			"streams":	[{
					"socket":	4,
					"start":	0,
					"end":	1.00096,
					"seconds":	1.00096,
					"bytes":	1703936,
					"bits_per_second":	1.36185e+07,
					"retransmits":	0,
					"snd_cwnd":	94120,
					"omitted":	false
				}],
			"sum":	{
				"start":	0,
				"end":	1.00096,
				"seconds":	1.00096,
				"bytes":	1703936,
				"bits_per_second":	1.36185e+07,
				"retransmits":	0,
				"omitted":	false
			}
		}, {
			"streams":	[{
					"socket":	4,
					"start":	1.00096,
					"end":	2.00114,
					"seconds":	1.00019,
					"bytes":	1966080,
					"bits_per_second":	1.57257e+07,
					"retransmits":	0,
					"snd_cwnd":	121632,
					"omitted":	false
				}],
			"sum":	{
				"start":	1.00096,
				"end":	2.00114,
				"seconds":	1.00019,
				"bytes":	1966080,
				"bits_per_second":	1.57257e+07,
				"retransmits":	0,
				"omitted":	false
			}
		}, {
			"streams":	[{
					"socket":	4,
					"start":	2.00114,
					"end":	3.00079,
					"seconds":	0.999653,
					"bytes":	1835008,
					"bits_per_second":	1.46852e+07,
					"retransmits":	0,
					"snd_cwnd":	137560,
					"omitted":	false
				}],
			"sum":	{
				"start":	2.00114,
				"end":	3.00079,
				"seconds":	0.999653,
				"bytes":	1835008,
				"bits_per_second":	1.46852e+07,
				"retransmits":	0,
				"omitted":	false
			}
		}, {
			"streams":	[{
					"socket":	4,
					"start":	3.00079,
					"end":	4.00082,
					"seconds":	1.00003,
					"bytes":	1835008,
					"bits_per_second":	1.46796e+07,
					"retransmits":	0,
					"snd_cwnd":	170864,
					"omitted":	false
				}],
			"sum":	{
				"start":	3.00079,
				"end":	4.00082,
				"seconds":	1.00003,
				"bytes":	1835008,
				"bits_per_second":	1.46796e+07,
				"retransmits":	0,
				"omitted":	false
			}
		}, {
			"streams":	[{
					"socket":	4,
					"start":	4.00082,
					"end":	5.00019,
					"seconds":	0.999366,
					"bytes":	1966080,
					"bits_per_second":	1.57386e+07,
					"retransmits":	0,
					"snd_cwnd":	191136,
					"omitted":	false
				}],
			"sum":	{
				"start":	4.00082,
				"end":	5.00019,
				"seconds":	0.999366,
				"bytes":	1966080,
				"bits_per_second":	1.57386e+07,
				"retransmits":	0,
				"omitted":	false
			}
		}],
	"end":	{
		"streams":	[{
				"sender":	{
					"socket":	4,
					"start":	0,
					"end":	5.00019,
					"seconds":	5.00019,
					"bytes":	9306112,
					"bits_per_second":	1.48892e+07,
					"retransmits":	0
				},
				"receiver":	{
					"socket":	4,
					"start":	0,
					"end":	5.00019,
					"seconds":	5.00019,
					"bytes":	9306112,
					"bits_per_second":	1.48892e+07
				}
			}],
		"sum_sent":	{
			"start":	0,
			"end":	5.00019,
			"seconds":	5.00019,
			"bytes":	9306112,
			"bits_per_second":	1.48892e+07,
			"retransmits":	0
		},
		"sum_received":	{
			"start":	0,
			"end":	5.00019,
			"seconds":	5.00019,
			"bytes":	9306112,
			"bits_per_second":	1.48892e+07
		},
		"cpu_utilization_percent":	{
			"host_total":	0.492354,
			"host_user":	0.216847,
			"host_system":	0.275427,
			"remote_total":	1.35544,
			"remote_user":	0.65156,
			"remote_system":	0.703784
		}
	}
}
