{
	"start":	{
		"connected":	[{
				"socket":	4,
				"local_host":	"10.0.0.3",
				"local_port":	35946,
				"remote_host":	"10.0.0.9",
				"remote_port":	2012
			}],
		"version":	"iperf 3.0.7",
		"system_info":	"Linux H3 5.4.197-0504197-generic #202206060747 SMP Mon Jun 6 09:27:47 UTC 2022 x86_64 x86_64 x86_64 GNU/Linux\n",
		"timestamp":	{
			"time":	"Fri, 22 Jul 2022 16:29:42 GMT",
			"timesecs":	1658507382
		},
		"connecting_to":	{
			"host":	"10.0.0.9",
			"port":	2012
		},
		"cookie":	"H3.1658507382.193620.773fb7db3a48ca3",
		"tcp_mss_default":	1448,
		"test_start":	{
			"protocol":	"TCP",
			"num_streams":	1,
			"blksize":	131072,
			"omit":	0,
			"duration":	5,
			"bytes":	0,
			"blocks":	0,
			"reverse":	0
		}
	},
	"intervals":	[{
			"streams":	[{
					"socket":	4,
					"start":	0,
					"end":	1.00111,
					"seconds":	1.00111,
					"bytes":	1689400,
					"bits_per_second":	1.35003e+07,
					"retransmits":	0,
					"snd_cwnd":	95568,
					"omitted":	false
				}],
			"sum":	{
				"start":	0,
				"end":	1.00111,
				"seconds":	1.00111,
				"bytes":	1689400,
				"bits_per_second":	1.35003e+07,
				"retransmits":	0,
				"omitted":	false
			}
		}, {
			"streams":	[{
					"socket":	4,
					"start":	1.00111,
					"end":	2.00048,
					"seconds":	0.999372,
					"bytes":	1966080,
					"bits_per_second":	1.57385e+07,
					"retransmits":	0,
					"snd_cwnd":	123080,
					"omitted":	false
				}],
			"sum":	{
				"start":	1.00111,
				"end":	2.00048,
				"seconds":	0.999372,
				"bytes":	1966080,
				"bits_per_second":	1.57385e+07,
				"retransmits":	0,
				"omitted":	false
			}
		}, {
			"streams":	[{
					"socket":	4,
					"start":	2.00048,
					"end":	3.00026,
					"seconds":	0.999778,
					"bytes":	1835008,
					"bits_per_second":	1.46833e+07,
					"retransmits":	0,
					"snd_cwnd":	159280,
					"omitted":	false
				}],
			"sum":	{
				"start":	2.00048,
				"end":	3.00026,
				"seconds":	0.999778,
				"bytes":	1835008,
				"bits_per_second":	1.46833e+07,
				"retransmits":	0,
				"omitted":	false
			}
		}, {
			"streams":	[{
					"socket":	4,
					"start":	3.00026,
					"end":	4.00125,
					"seconds":	1.00099,
					"bytes":	1835008,
					"bits_per_second":	1.46655e+07,
					"retransmits":	0,
					"snd_cwnd":	179552,
					"omitted":	false
				}],
			"sum":	{
				"start":	3.00026,
				"end":	4.00125,
				"seconds":	1.00099,
				"bytes":	1835008,
				"bits_per_second":	1.46655e+07,
				"retransmits":	0,
				"omitted":	false
			}
		}, {
			"streams":	[{
					"socket":	4,
					"start":	4.00125,
					"end":	5.00027,
					"seconds":	0.999019,
					"bytes":	1966080,
					"bits_per_second":	1.57441e+07,
					"retransmits":	0,
					"snd_cwnd":	188240,
					"omitted":	false
				}],
			"sum":	{
				"start":	4.00125,
				"end":	5.00027,
				"seconds":	0.999019,
				"bytes":	1966080,
				"bits_per_second":	1.57441e+07,
				"retransmits":	0,
				"omitted":	false
			}
		}],
	"end":	{
		"streams":	[{
				"sender":	{
					"socket":	4,
					"start":	0,
					"end":	5.00027,
					"seconds":	5.00027,
					"bytes":	9291576,
					"bits_per_second":	1.48657e+07,
					"retransmits":	0
				},
				"receiver":	{
					"socket":	4,
					"start":	0,
					"end":	5.00027,
					"seconds":	5.00027,
					"bytes":	9291576,
					"bits_per_second":	1.48657e+07
				}
			}],
		"sum_sent":	{
			"start":	0,
			"end":	5.00027,
			"seconds":	5.00027,
			"bytes":	9291576,
			"bits_per_second":	1.48657e+07,
			"retransmits":	0
		},
		"sum_received":	{
			"start":	0,
			"end":	5.00027,
			"seconds":	5.00027,
			"bytes":	9291576,
			"bits_per_second":	1.48657e+07
		},
		"cpu_utilization_percent":	{
			"host_total":	0.396186,
			"host_user":	0,
			"host_system":	0.396026,
			"remote_total":	1.37699,
			"remote_user":	0.80273,
			"remote_system":	0.57424
		}
	}
}
