{
	"start":	{
		"connected":	[{
				"socket":	5,
				"local_host":	"10.0.0.1",
				"local_port":	54344,
				"remote_host":	"10.0.0.9",
				"remote_port":	3222
			}],
		"version":	"iperf 3.7",
		"system_info":	"Linux H1 5.4.197-0504197-generic #202206060747 SMP Mon Jun 6 09:27:47 UTC 2022 x86_64",
		"timestamp":	{
			"time":	"Mon, 01 Aug 2022 00:24:04 GMT",
			"timesecs":	1659313444
		},
		"connecting_to":	{
			"host":	"10.0.0.9",
			"port":	3222
		},
		"cookie":	"ifxlxpr3dykk73ythwssidnvnrhn5dwkalnh",
		"tcp_mss_default":	1448,
		"target_bitrate":	15000000,
		"sock_bufsize":	0,
		"sndbuf_actual":	87380,
		"rcvbuf_actual":	87380,
		"test_start":	{
			"protocol":	"TCP",
			"num_streams":	1,
			"blksize":	131072,
			"omit":	0,
			"duration":	5,
			"bytes":	0,
			"blocks":	0,
			"reverse":	0,
			"tos":	0
		}
	},
	"intervals":	[{
			"streams":	[{
					"socket":	5,
					"start":	0,
					"end":	1.00087,
					"seconds":	1.0008699893951416,
					"bytes":	1966080,
					"bits_per_second":	15714968.14436941,
					"retransmits":	0,
					"snd_cwnd":	92672,
					"rtt":	4001,
					"rttvar":	1143,
					"pmtu":	1500,
					"omitted":	false,
					"sender":	true
				}],
			"sum":	{
				"start":	0,
				"end":	1.00087,
				"seconds":	1.0008699893951416,
				"bytes":	1966080,
				"bits_per_second":	15714968.14436941,
				"retransmits":	0,
				"omitted":	false,
				"sender":	true
			}
		}, {
			"streams":	[{
					"socket":	5,
					"start":	1.00087,
					"end":	2.000078,
					"seconds":	0.99920797348022461,
					"bytes":	1835008,
					"bits_per_second":	14691700.216191813,
					"retransmits":	0,
					"snd_cwnd":	104256,
					"rtt":	4449,
					"rttvar":	1707,
					"pmtu":	1500,
					"omitted":	false,
					"sender":	true
				}],
			"sum":	{
				"start":	1.00087,
				"end":	2.000078,
				"seconds":	0.99920797348022461,
				"bytes":	1835008,
				"bits_per_second":	14691700.216191813,
				"retransmits":	0,
				"omitted":	false,
				"sender":	true
			}
		}, {
			"streams":	[{
					"socket":	5,
					"start":	2.000078,
					"end":	3.000858,
					"seconds":	1.0007799863815308,
					"bytes":	1835008,
					"bits_per_second":	14668622.674078405,
					"retransmits":	0,
					"snd_cwnd":	104256,
					"rtt":	4613,
					"rttvar":	1432,
					"pmtu":	1500,
					"omitted":	false,
					"sender":	true
				}],
			"sum":	{
				"start":	2.000078,
				"end":	3.000858,
				"seconds":	1.0007799863815308,
				"bytes":	1835008,
				"bits_per_second":	14668622.674078405,
				"retransmits":	0,
				"omitted":	false,
				"sender":	true
			}
		}, {
			"streams":	[{
					"socket":	5,
					"start":	3.000858,
					"end":	4.001244,
					"seconds":	1.0003859996795654,
					"bytes":	1966080,
					"bits_per_second":	15722571.092596313,
					"retransmits":	0,
					"snd_cwnd":	110048,
					"rtt":	4891,
					"rttvar":	2174,
					"pmtu":	1500,
					"omitted":	false,
					"sender":	true
				}],
			"sum":	{
				"start":	3.000858,
				"end":	4.001244,
				"seconds":	1.0003859996795654,
				"bytes":	1966080,
				"bits_per_second":	15722571.092596313,
				"retransmits":	0,
				"omitted":	false,
				"sender":	true
			}
		}, {
			"streams":	[{
					"socket":	5,
					"start":	4.001244,
					"end":	5.000113,
					"seconds":	0.998869001865387,
					"bytes":	1835008,
					"bits_per_second":	14696685.924365452,
					"retransmits":	0,
					"snd_cwnd":	110048,
					"rtt":	4823,
					"rttvar":	1828,
					"pmtu":	1500,
					"omitted":	false,
					"sender":	true
				}],
			"sum":	{
				"start":	4.001244,
				"end":	5.000113,
				"seconds":	0.998869001865387,
				"bytes":	1835008,
				"bits_per_second":	14696685.924365452,
				"retransmits":	0,
				"omitted":	false,
				"sender":	true
			}
		}],
	"end":	{
		"streams":	[{
				"sender":	{
					"socket":	5,
					"start":	0,
					"end":	5.000113,
					"seconds":	5.000113,
					"bytes":	9437184,
					"bits_per_second":	15099153.159138603,
					"retransmits":	0,
					"max_snd_cwnd":	110048,
					"max_rtt":	4891,
					"min_rtt":	4001,
					"mean_rtt":	4555,
					"sender":	true
				},
				"receiver":	{
					"socket":	5,
					"start":	0,
					"end":	5.000363,
					"seconds":	5.000113,
					"bytes":	9437184,
					"bits_per_second":	15098398.256286593,
					"sender":	true
				}
			}],
		"sum_sent":	{
			"start":	0,
			"end":	5.000113,
			"seconds":	5.000113,
			"bytes":	9437184,
			"bits_per_second":	15099153.159138603,
			"retransmits":	0,
			"sender":	true
		},
		"sum_received":	{
			"start":	0,
			"end":	5.000363,
			"seconds":	5.000363,
			"bytes":	9437184,
			"bits_per_second":	15098398.256286593,
			"sender":	true
		},
		"cpu_utilization_percent":	{
			"host_total":	5.8419724069288472,
			"host_user":	0.9291825807496058,
			"host_system":	4.9128098124686463,
			"remote_total":	2.1582301658496088,
			"remote_user":	1.0440712332102342,
			"remote_system":	1.1141788892736084
		},
		"sender_tcp_congestion":	"cubic",
		"receiver_tcp_congestion":	"cubic"
	}
}
