{
	"start":	{
		"connected":	[{
				"socket":	4,
				"local_host":	"10.0.0.5",
				"local_port":	58890,
				"remote_host":	"10.0.0.15",
				"remote_port":	3937
			}],
		"version":	"iperf 3.0.7",
		"system_info":	"Linux BS5 5.4.197-0504197-generic #202206060747 SMP Mon Jun 6 09:27:47 UTC 2022 x86_64 x86_64 x86_64 GNU/Linux\n",
		"timestamp":	{
			"time":	"Mon, 25 Jul 2022 21:43:41 GMT",
			"timesecs":	1658785421
		},
		"connecting_to":	{
			"host":	"10.0.0.15",
			"port":	3937
		},
		"cookie":	"BS5.1658785421.015879.493ef47e6d602c",
		"tcp_mss_default":	1448,
		"test_start":	{
			"protocol":	"TCP",
			"num_streams":	1,
			"blksize":	131072,
			"omit":	0,
			"duration":	6,
			"bytes":	0,
			"blocks":	0,
			"reverse":	0
		}
	},
	"intervals":	[{
			"streams":	[{
					"socket":	4,
					"start":	0,
					"end":	1.00035,
					"seconds":	1.00035,
					"bytes":	11372048,
					"bits_per_second":	9.09448e+07,
					"retransmits":	0,
					"snd_cwnd":	1398768,
					"omitted":	false
				}],
			"sum":	{
				"start":	0,
				"end":	1.00035,
				"seconds":	1.00035,
				"bytes":	11372048,
				"bits_per_second":	9.09448e+07,
				"retransmits":	0,
				"omitted":	false
			}
		}, {
			"streams":	[{
					"socket":	4,
					"start":	1.00035,
					"end":	2.00007,
					"seconds":	0.999723,
					"bytes":	12451840,
					"bits_per_second":	9.96423e+07,
					"retransmits":	0,
					"snd_cwnd":	1398768,
					"omitted":	false
				}],
			"sum":	{
				"start":	1.00035,
				"end":	2.00007,
				"seconds":	0.999723,
				"bytes":	12451840,
				"bits_per_second":	9.96423e+07,
				"retransmits":	0,
				"omitted":	false
			}
		}, {
			"streams":	[{
					"socket":	4,
					"start":	2.00007,
					"end":	3.00025,
					"seconds":	1.00017,
					"bytes":	12451840,
					"bits_per_second":	9.95973e+07,
					"retransmits":	0,
					"snd_cwnd":	1398768,
					"omitted":	false
				}],
			"sum":	{
				"start":	2.00007,
				"end":	3.00025,
				"seconds":	1.00017,
				"bytes":	12451840,
				"bits_per_second":	9.95973e+07,
				"retransmits":	0,
				"omitted":	false
			}
		}, {
			"streams":	[{
					"socket":	4,
					"start":	3.00025,
					"end":	4.0002,
					"seconds":	0.999954,
					"bytes":	12582912,
					"bits_per_second":	1.00668e+08,
					"retransmits":	21,
					"snd_cwnd":	1398768,
					"omitted":	false
				}],
			"sum":	{
				"start":	3.00025,
				"end":	4.0002,
				"seconds":	0.999954,
				"bytes":	12582912,
				"bits_per_second":	1.00668e+08,
				"retransmits":	21,
				"omitted":	false
			}
		}, {
			"streams":	[{
					"socket":	4,
					"start":	4.0002,
					"end":	5.00025,
					"seconds":	1.00005,
					"bytes":	12451840,
					"bits_per_second":	9.96099e+07,
					"retransmits":	0,
					"snd_cwnd":	1398768,
					"omitted":	false
				}],
			"sum":	{
				"start":	4.0002,
				"end":	5.00025,
				"seconds":	1.00005,
				"bytes":	12451840,
				"bits_per_second":	9.96099e+07,
				"retransmits":	0,
				"omitted":	false
			}
		}, {
			"streams":	[{
					"socket":	4,
					"start":	5.00025,
					"end":	6.00027,
					"seconds":	1.00002,
					"bytes":	12582912,
					"bits_per_second":	1.00661e+08,
					"retransmits":	0,
					"snd_cwnd":	1398768,
					"omitted":	false
				}],
			"sum":	{
				"start":	5.00025,
				"end":	6.00027,
				"seconds":	1.00002,
				"bytes":	12582912,
				"bits_per_second":	1.00661e+08,
				"retransmits":	0,
				"omitted":	false
			}
		}],
	"end":	{
		"streams":	[{
				"sender":	{
					"socket":	4,
					"start":	0,
					"end":	6.00027,
					"seconds":	6.00027,
					"bytes":	73893392,
					"bits_per_second":	9.85201e+07,
					"retransmits":	21
				},
				"receiver":	{
					"socket":	4,
					"start":	0,
					"end":	6.00027,
					"seconds":	6.00027,
					"bytes":	73893392,
					"bits_per_second":	9.85201e+07
				}
			}],
		"sum_sent":	{
			"start":	0,
			"end":	6.00027,
			"seconds":	6.00027,
			"bytes":	73893392,
			"bits_per_second":	9.85201e+07,
			"retransmits":	21
		},
		"sum_received":	{
			"start":	0,
			"end":	6.00027,
			"seconds":	6.00027,
			"bytes":	73893392,
			"bits_per_second":	9.85201e+07
		},
		"cpu_utilization_percent":	{
			"host_total":	1.92554,
			"host_user":	0.862846,
			"host_system":	1.06265,
			"remote_total":	3.95447,
			"remote_user":	0.168335,
			"remote_system":	3.78612
		}
	}
}
