{
	"start":	{
		"connected":	[{
				"socket":	4,
				"local_host":	"10.0.0.4",
				"local_port":	54630,
				"remote_host":	"10.0.0.8",
				"remote_port":	2391
			}],
		"version":	"iperf 3.0.7",
		"system_info":	"Linux H4 5.4.197-0504197-generic #202206060747 SMP Mon Jun 6 09:27:47 UTC 2022 x86_64 x86_64 x86_64 GNU/Linux\n",
		"timestamp":	{
			"time":	"Fri, 22 Jul 2022 09:29:53 GMT",
			"timesecs":	1658482193
		},
		"connecting_to":	{
			"host":	"10.0.0.8",
			"port":	2391
		},
		"cookie":	"H4.1658482193.424214.17758ae875e359c",
		"tcp_mss_default":	1448,
		"test_start":	{
			"protocol":	"TCP",
			"num_streams":	1,
			"blksize":	131072,
			"omit":	0,
			"duration":	5,
			"bytes":	0,
			"blocks":	0,
			"reverse":	0
		}
	},
	"intervals":	[{
			"streams":	[{
					"socket":	4,
					"start":	0,
					"end":	1.00096,
					"seconds":	1.00096,
					"bytes":	1689400,
					"bits_per_second":	1.35023e+07,
					"retransmits":	0,
					"snd_cwnd":	95568,
					"omitted":	false
				}],
			"sum":	{
				"start":	0,
				"end":	1.00096,
				"seconds":	1.00096,
				"bytes":	1689400,
				"bits_per_second":	1.35023e+07,
				"retransmits":	0,
				"omitted":	false
			}
		}, {
			"streams":	[{
					"socket":	4,
					"start":	1.00096,
					"end":	2.00082,
					"seconds":	0.999864,
					"bytes":	1966080,
					"bits_per_second":	1.57308e+07,
					"retransmits":	0,
					"snd_cwnd":	140456,
					"omitted":	false
				}],
			"sum":	{
				"start":	1.00096,
				"end":	2.00082,
				"seconds":	0.999864,
				"bytes":	1966080,
				"bits_per_second":	1.57308e+07,
				"retransmits":	0,
				"omitted":	false
			}
		}, {
			"streams":	[{
					"socket":	4,
					"start":	2.00082,
					"end":	3.00033,
					"seconds":	0.999508,
					"bytes":	1835008,
					"bits_per_second":	1.46873e+07,
					"retransmits":	0,
					"snd_cwnd":	176656,
					"omitted":	false
				}],
			"sum":	{
				"start":	2.00082,
				"end":	3.00033,
				"seconds":	0.999508,
				"bytes":	1835008,
				"bits_per_second":	1.46873e+07,
				"retransmits":	0,
				"omitted":	false
			}
		}, {
			"streams":	[{
					"socket":	4,
					"start":	3.00033,
					"end":	4.00087,
					"seconds":	1.00054,
					"bytes":	1835008,
					"bits_per_second":	1.46721e+07,
					"retransmits":	0,
					"snd_cwnd":	189688,
					"omitted":	false
				}],
			"sum":	{
				"start":	3.00033,
				"end":	4.00087,
				"seconds":	1.00054,
				"bytes":	1835008,
				"bits_per_second":	1.46721e+07,
				"retransmits":	0,
				"omitted":	false
			}
		}, {
			"streams":	[{
					"socket":	4,
					"start":	4.00087,
					"end":	5.00039,
					"seconds":	0.999523,
					"bytes":	1966080,
					"bits_per_second":	1.57361e+07,
					"retransmits":	0,
					"snd_cwnd":	192584,
					"omitted":	false
				}],
			"sum":	{
				"start":	4.00087,
				"end":	5.00039,
				"seconds":	0.999523,
				"bytes":	1966080,
				"bits_per_second":	1.57361e+07,
				"retransmits":	0,
				"omitted":	false
			}
		}],
	"end":	{
		"streams":	[{
				"sender":	{
					"socket":	4,
					"start":	0,
					"end":	5.00039,
					"seconds":	5.00039,
					"bytes":	9291576,
					"bits_per_second":	1.48654e+07,
					"retransmits":	0
				},
				"receiver":	{
					"socket":	4,
					"start":	0,
					"end":	5.00039,
					"seconds":	5.00039,
					"bytes":	9291576,
					"bits_per_second":	1.48654e+07
				}
			}],
		"sum_sent":	{
			"start":	0,
			"end":	5.00039,
			"seconds":	5.00039,
			"bytes":	9291576,
			"bits_per_second":	1.48654e+07,
			"retransmits":	0
		},
		"sum_received":	{
			"start":	0,
			"end":	5.00039,
			"seconds":	5.00039,
			"bytes":	9291576,
			"bits_per_second":	1.48654e+07
		},
		"cpu_utilization_percent":	{
			"host_total":	0.643403,
			"host_user":	0,
			"host_system":	0.643363,
			"remote_total":	1.21578,
			"remote_user":	0.285137,
			"remote_system":	0.930646
		}
	}
}
