{
	"start":	{
		"connected":	[{
				"socket":	4,
				"local_host":	"10.0.0.3",
				"local_port":	47144,
				"remote_host":	"10.0.0.15",
				"remote_port":	2847
			}],
		"version":	"iperf 3.0.7",
		"system_info":	"Linux BS3 5.4.197-0504197-generic #202206060747 SMP Mon Jun 6 09:27:47 UTC 2022 x86_64 x86_64 x86_64 GNU/Linux\n",
		"timestamp":	{
			"time":	"Mon, 25 Jul 2022 21:50:54 GMT",
			"timesecs":	1658785854
		},
		"connecting_to":	{
			"host":	"10.0.0.15",
			"port":	2847
		},
		"cookie":	"BS3.1658785854.352677.3715103105dcce",
		"tcp_mss_default":	1448,
		"test_start":	{
			"protocol":	"TCP",
			"num_streams":	1,
			"blksize":	131072,
			"omit":	0,
			"duration":	10,
			"bytes":	0,
			"blocks":	0,
			"reverse":	0
		}
	},
	"intervals":	[{
			"streams":	[{
					"socket":	4,
					"start":	0,
					"end":	1.00024,
					"seconds":	1.00024,
					"bytes":	1322024,
					"bits_per_second":	1.05737e+07,
					"retransmits":	2,
					"snd_cwnd":	43440,
					"omitted":	false
				}],
			"sum":	{
				"start":	0,
				"end":	1.00024,
				"seconds":	1.00024,
				"bytes":	1322024,
				"bits_per_second":	1.05737e+07,
				"retransmits":	2,
				"omitted":	false
			}
		}, {
			"streams":	[{
					"socket":	4,
					"start":	1.00024,
					"end":	2.00096,
					"seconds":	1.00072,
					"bytes":	2482096,
					"bits_per_second":	1.98425e+07,
					"retransmits":	0,
					"snd_cwnd":	75296,
					"omitted":	false
				}],
			"sum":	{
				"start":	1.00024,
				"end":	2.00096,
				"seconds":	1.00072,
				"bytes":	2482096,
				"bits_per_second":	1.98425e+07,
				"retransmits":	0,
				"omitted":	false
			}
		}, {
			"streams":	[{
					"socket":	4,
					"start":	2.00096,
					"end":	3.00021,
					"seconds":	0.99925,
					"bytes":	3670016,
					"bits_per_second":	2.93822e+07,
					"retransmits":	0,
					"snd_cwnd":	105704,
					"omitted":	false
				}],
			"sum":	{
				"start":	2.00096,
				"end":	3.00021,
				"seconds":	0.99925,
				"bytes":	3670016,
				"bits_per_second":	2.93822e+07,
				"retransmits":	0,
				"omitted":	false
			}
		}, {
			"streams":	[{
					"socket":	4,
					"start":	3.00021,
					"end":	4.00051,
					"seconds":	1.0003,
					"bytes":	4849664,
					"bits_per_second":	3.87856e+07,
					"retransmits":	0,
					"snd_cwnd":	136112,
					"omitted":	false
				}],
			"sum":	{
				"start":	3.00021,
				"end":	4.00051,
				"seconds":	1.0003,
				"bytes":	4849664,
				"bits_per_second":	3.87856e+07,
				"retransmits":	0,
				"omitted":	false
			}
		}, {
			"streams":	[{
					"socket":	4,
					"start":	4.00051,
					"end":	5.0018,
					"seconds":	1.00129,
					"bytes":	3014656,
					"bits_per_second":	2.40862e+07,
					"retransmits":	0,
					"snd_cwnd":	153488,
					"omitted":	false
				}],
			"sum":	{
				"start":	4.00051,
				"end":	5.0018,
				"seconds":	1.00129,
				"bytes":	3014656,
				"bits_per_second":	2.40862e+07,
				"retransmits":	0,
				"omitted":	false
			}
		}, {
			"streams":	[{
					"socket":	4,
					"start":	5.0018,
					"end":	6.00016,
					"seconds":	0.998359,
					"bytes":	3145728,
					"bits_per_second":	2.52072e+07,
					"retransmits":	0,
					"snd_cwnd":	167968,
					"omitted":	false
				}],
			"sum":	{
				"start":	5.0018,
				"end":	6.00016,
				"seconds":	0.998359,
				"bytes":	3145728,
				"bits_per_second":	2.52072e+07,
				"retransmits":	0,
				"omitted":	false
			}
		}, {
			"streams":	[{
					"socket":	4,
					"start":	6.00016,
					"end":	7.0015,
					"seconds":	1.00135,
					"bytes":	3145728,
					"bits_per_second":	2.5132e+07,
					"retransmits":	0,
					"snd_cwnd":	182448,
					"omitted":	false
				}],
			"sum":	{
				"start":	6.00016,
				"end":	7.0015,
				"seconds":	1.00135,
				"bytes":	3145728,
				"bits_per_second":	2.5132e+07,
				"retransmits":	0,
				"omitted":	false
			}
		}, {
			"streams":	[{
					"socket":	4,
					"start":	7.0015,
					"end":	8.0005,
					"seconds":	0.998992,
					"bytes":	3145728,
					"bits_per_second":	2.51912e+07,
					"retransmits":	0,
					"snd_cwnd":	194032,
					"omitted":	false
				}],
			"sum":	{
				"start":	7.0015,
				"end":	8.0005,
				"seconds":	0.998992,
				"bytes":	3145728,
				"bits_per_second":	2.51912e+07,
				"retransmits":	0,
				"omitted":	false
			}
		}, {
			"streams":	[{
					"socket":	4,
					"start":	8.0005,
					"end":	9.00042,
					"seconds":	0.999922,
					"bytes":	3145728,
					"bits_per_second":	2.51678e+07,
					"retransmits":	0,
					"snd_cwnd":	205616,
					"omitted":	false
				}],
			"sum":	{
				"start":	8.0005,
				"end":	9.00042,
				"seconds":	0.999922,
				"bytes":	3145728,
				"bits_per_second":	2.51678e+07,
				"retransmits":	0,
				"omitted":	false
			}
		}, {
			"streams":	[{
					"socket":	4,
					"start":	9.00042,
					"end":	10.0005,
					"seconds":	1.00005,
					"bytes":	3145728,
					"bits_per_second":	2.51646e+07,
					"retransmits":	0,
					"snd_cwnd":	215752,
					"omitted":	false
				}],
			"sum":	{
				"start":	9.00042,
				"end":	10.0005,
				"seconds":	1.00005,
				"bytes":	3145728,
				"bits_per_second":	2.51646e+07,
				"retransmits":	0,
				"omitted":	false
			}
		}],
	"end":	{
		"streams":	[{
				"sender":	{
					"socket":	4,
					"start":	0,
					"end":	10.0005,
					"seconds":	10.0005,
					"bytes":	31067096,
					"bits_per_second":	2.48525e+07,
					"retransmits":	2
				},
				"receiver":	{
					"socket":	4,
					"start":	0,
					"end":	10.0005,
					"seconds":	10.0005,
					"bytes":	31067096,
					"bits_per_second":	2.48525e+07
				}
			}],
		"sum_sent":	{
			"start":	0,
			"end":	10.0005,
			"seconds":	10.0005,
			"bytes":	31067096,
			"bits_per_second":	2.48525e+07,
			"retransmits":	2
		},
		"sum_received":	{
			"start":	0,
			"end":	10.0005,
			"seconds":	10.0005,
			"bytes":	31067096,
			"bits_per_second":	2.48525e+07
		},
		"cpu_utilization_percent":	{
			"host_total":	1.1217,
			"host_user":	0.151993,
			"host_system":	0.969672,
			"remote_total":	4.04917,
			"remote_user":	0.272822,
			"remote_system":	3.77632
		}
	}
}
