{
	"start":	{
		"connected":	[{
				"socket":	4,
				"local_host":	"10.0.0.6",
				"local_port":	36468,
				"remote_host":	"10.0.0.12",
				"remote_port":	4065
			}],
		"version":	"iperf 3.0.7",
		"system_info":	"Linux BS6 5.4.197-0504197-generic #202206060747 SMP Mon Jun 6 09:27:47 UTC 2022 x86_64 x86_64 x86_64 GNU/Linux\n",
		"timestamp":	{
			"time":	"Mon, 25 Jul 2022 21:44:16 GMT",
			"timesecs":	1658785456
		},
		"connecting_to":	{
			"host":	"10.0.0.12",
			"port":	4065
		},
		"cookie":	"BS6.1658785456.381044.14b488163daf50",
		"tcp_mss_default":	1448,
		"test_start":	{
			"protocol":	"TCP",
			"num_streams":	1,
			"blksize":	131072,
			"omit":	0,
			"duration":	6,
			"bytes":	0,
			"blocks":	0,
			"reverse":	0
		}
	},
	"intervals":	[{
			"streams":	[{
					"socket":	4,
					"start":	0,
					"end":	1.00443,
					"seconds":	1.00443,
					"bytes":	5322520,
					"bits_per_second":	4.23923e+07,
					"retransmits":	228,
					"snd_cwnd":	279464,
					"omitted":	false
				}],
			"sum":	{
				"start":	0,
				"end":	1.00443,
				"seconds":	1.00443,
				"bytes":	5322520,
				"bits_per_second":	4.23923e+07,
				"retransmits":	228,
				"omitted":	false
			}
		}, {
			"streams":	[{
					"socket":	4,
					"start":	1.00443,
					"end":	2.00019,
					"seconds":	0.995756,
					"bytes":	6029312,
					"bits_per_second":	4.84401e+07,
					"retransmits":	3,
					"snd_cwnd":	295392,
					"omitted":	false
				}],
			"sum":	{
				"start":	1.00443,
				"end":	2.00019,
				"seconds":	0.995756,
				"bytes":	6029312,
				"bits_per_second":	4.84401e+07,
				"retransmits":	3,
				"omitted":	false
			}
		}, {
			"streams":	[{
					"socket":	4,
					"start":	2.00019,
					"end":	3.00051,
					"seconds":	1.00032,
					"bytes":	6553600,
					"bits_per_second":	5.2412e+07,
					"retransmits":	0,
					"snd_cwnd":	311320,
					"omitted":	false
				}],
			"sum":	{
				"start":	2.00019,
				"end":	3.00051,
				"seconds":	1.00032,
				"bytes":	6553600,
				"bits_per_second":	5.2412e+07,
				"retransmits":	0,
				"omitted":	false
			}
		}, {
			"streams":	[{
					"socket":	4,
					"start":	3.00051,
					"end":	4.00059,
					"seconds":	1.00008,
					"bytes":	6553600,
					"bits_per_second":	5.24248e+07,
					"retransmits":	0,
					"snd_cwnd":	327248,
					"omitted":	false
				}],
			"sum":	{
				"start":	3.00051,
				"end":	4.00059,
				"seconds":	1.00008,
				"bytes":	6553600,
				"bits_per_second":	5.24248e+07,
				"retransmits":	0,
				"omitted":	false
			}
		}, {
			"streams":	[{
					"socket":	4,
					"start":	4.00059,
					"end":	5.00484,
					"seconds":	1.00425,
					"bytes":	6684672,
					"bits_per_second":	5.32509e+07,
					"retransmits":	4,
					"snd_cwnd":	341728,
					"omitted":	false
				}],
			"sum":	{
				"start":	4.00059,
				"end":	5.00484,
				"seconds":	1.00425,
				"bytes":	6684672,
				"bits_per_second":	5.32509e+07,
				"retransmits":	4,
				"omitted":	false
			}
		}, {
			"streams":	[{
					"socket":	4,
					"start":	5.00484,
					"end":	6.00147,
					"seconds":	0.996635,
					"bytes":	5767168,
					"bits_per_second":	4.62931e+07,
					"retransmits":	0,
					"snd_cwnd":	356208,
					"omitted":	false
				}],
			"sum":	{
				"start":	5.00484,
				"end":	6.00147,
				"seconds":	0.996635,
				"bytes":	5767168,
				"bits_per_second":	4.62931e+07,
				"retransmits":	0,
				"omitted":	false
			}
		}],
	"end":	{
		"streams":	[{
				"sender":	{
					"socket":	4,
					"start":	0,
					"end":	6.00147,
					"seconds":	6.00147,
					"bytes":	36910872,
					"bits_per_second":	4.92024e+07,
					"retransmits":	235
				},
				"receiver":	{
					"socket":	4,
					"start":	0,
					"end":	6.00147,
					"seconds":	6.00147,
					"bytes":	36910872,
					"bits_per_second":	4.92024e+07
				}
			}],
		"sum_sent":	{
			"start":	0,
			"end":	6.00147,
			"seconds":	6.00147,
			"bytes":	36910872,
			"bits_per_second":	4.92024e+07,
			"retransmits":	235
		},
		"sum_received":	{
			"start":	0,
			"end":	6.00147,
			"seconds":	6.00147,
			"bytes":	36910872,
			"bits_per_second":	4.92024e+07
		},
		"cpu_utilization_percent":	{
			"host_total":	1.331,
			"host_user":	0.220047,
			"host_system":	1.11099,
			"remote_total":	5.99901,
			"remote_user":	0.757303,
			"remote_system":	5.24172
		}
	}
}
