{
	"start":	{
		"connected":	[{
				"socket":	4,
				"local_host":	"10.0.0.1",
				"local_port":	57292,
				"remote_host":	"10.0.0.7",
				"remote_port":	4032
			}],
		"version":	"iperf 3.0.7",
		"system_info":	"Linux H1 5.4.197-0504197-generic #202206060747 SMP Mon Jun 6 09:27:47 UTC 2022 x86_64 x86_64 x86_64 GNU/Linux\n",
		"timestamp":	{
			"time":	"Fri, 22 Jul 2022 16:23:09 GMT",
			"timesecs":	1658506989
		},
		"connecting_to":	{
			"host":	"10.0.0.7",
			"port":	4032
		},
		"cookie":	"H1.1658506989.320017.2749cc1109df137",
		"tcp_mss_default":	1448,
		"test_start":	{
			"protocol":	"TCP",
			"num_streams":	1,
			"blksize":	131072,
			"omit":	0,
			"duration":	5,
			"bytes":	0,
			"blocks":	0,
			"reverse":	0
		}
	},
	"intervals":	[{
			"streams":	[{
					"socket":	4,
					"start":	0,
					"end":	1.00102,
					"seconds":	1.00102,
					"bytes":	1689400,
					"bits_per_second":	1.35014e+07,
					"retransmits":	0,
					"snd_cwnd":	95568,
					"omitted":	false
				}],
			"sum":	{
				"start":	0,
				"end":	1.00102,
				"seconds":	1.00102,
				"bytes":	1689400,
				"bits_per_second":	1.35014e+07,
				"retransmits":	0,
				"omitted":	false
			}
		}, {
			"streams":	[{
					"socket":	4,
					"start":	1.00102,
					"end":	2.00085,
					"seconds":	0.999834,
					"bytes":	1966080,
					"bits_per_second":	1.57313e+07,
					"retransmits":	0,
					"snd_cwnd":	137560,
					"omitted":	false
				}],
			"sum":	{
				"start":	1.00102,
				"end":	2.00085,
				"seconds":	0.999834,
				"bytes":	1966080,
				"bits_per_second":	1.57313e+07,
				"retransmits":	0,
				"omitted":	false
			}
		}, {
			"streams":	[{
					"socket":	4,
					"start":	2.00085,
					"end":	3.00069,
					"seconds":	0.999832,
					"bytes":	1835008,
					"bits_per_second":	1.46825e+07,
					"retransmits":	0,
					"snd_cwnd":	163624,
					"omitted":	false
				}],
			"sum":	{
				"start":	2.00085,
				"end":	3.00069,
				"seconds":	0.999832,
				"bytes":	1835008,
				"bits_per_second":	1.46825e+07,
				"retransmits":	0,
				"omitted":	false
			}
		}, {
			"streams":	[{
					"socket":	4,
					"start":	3.00069,
					"end":	4.00087,
					"seconds":	1.00018,
					"bytes":	1835008,
					"bits_per_second":	1.46774e+07,
					"retransmits":	0,
					"snd_cwnd":	170864,
					"omitted":	false
				}],
			"sum":	{
				"start":	3.00069,
				"end":	4.00087,
				"seconds":	1.00018,
				"bytes":	1835008,
				"bits_per_second":	1.46774e+07,
				"retransmits":	0,
				"omitted":	false
			}
		}, {
			"streams":	[{
					"socket":	4,
					"start":	4.00087,
					"end":	5.0003,
					"seconds":	0.999435,
					"bytes":	1966080,
					"bits_per_second":	1.57375e+07,
					"retransmits":	0,
					"snd_cwnd":	189688,
					"omitted":	false
				}],
			"sum":	{
				"start":	4.00087,
				"end":	5.0003,
				"seconds":	0.999435,
				"bytes":	1966080,
				"bits_per_second":	1.57375e+07,
				"retransmits":	0,
				"omitted":	false
			}
		}],
	"end":	{
		"streams":	[{
				"sender":	{
					"socket":	4,
					"start":	0,
					"end":	5.0003,
					"seconds":	5.0003,
					"bytes":	9291576,
					"bits_per_second":	1.48656e+07,
					"retransmits":	0
				},
				"receiver":	{
					"socket":	4,
					"start":	0,
					"end":	5.0003,
					"seconds":	5.0003,
					"bytes":	9291576,
					"bits_per_second":	1.48656e+07
				}
			}],
		"sum_sent":	{
			"start":	0,
			"end":	5.0003,
			"seconds":	5.0003,
			"bytes":	9291576,
			"bits_per_second":	1.48656e+07,
			"retransmits":	0
		},
		"sum_received":	{
			"start":	0,
			"end":	5.0003,
			"seconds":	5.0003,
			"bytes":	9291576,
			"bits_per_second":	1.48656e+07
		},
		"cpu_utilization_percent":	{
			"host_total":	0.320136,
			"host_user":	0.181853,
			"host_system":	0.138303,
			"remote_total":	1.37056,
			"remote_user":	0.661791,
			"remote_system":	0.708774
		}
	}
}
