{
	"start":	{
		"connected":	[{
				"socket":	4,
				"local_host":	"10.0.0.5",
				"local_port":	47442,
				"remote_host":	"10.0.0.11",
				"remote_port":	1271
			}],
		"version":	"iperf 3.0.7",
		"system_info":	"Linux H5 5.4.197-0504197-generic #202206060747 SMP Mon Jun 6 09:27:47 UTC 2022 x86_64 x86_64 x86_64 GNU/Linux\n",
		"timestamp":	{
			"time":	"Fri, 22 Jul 2022 16:30:45 GMT",
			"timesecs":	1658507445
		},
		"connecting_to":	{
			"host":	"10.0.0.11",
			"port":	1271
		},
		"cookie":	"H5.1658507445.856306.3d5e5bd4102518b",
		"tcp_mss_default":	1448,
		"test_start":	{
			"protocol":	"TCP",
			"num_streams":	1,
			"blksize":	131072,
			"omit":	0,
			"duration":	5,
			"bytes":	0,
			"blocks":	0,
			"reverse":	0
		}
	},
	"intervals":	[{
			"streams":	[{
					"socket":	4,
					"start":	0,
					"end":	1.00085,
					"seconds":	1.00085,
					"bytes":	1689400,
					"bits_per_second":	1.35037e+07,
					"retransmits":	0,
					"snd_cwnd":	94120,
					"omitted":	false
				}],
			"sum":	{
				"start":	0,
				"end":	1.00085,
				"seconds":	1.00085,
				"bytes":	1689400,
				"bits_per_second":	1.35037e+07,
				"retransmits":	0,
				"omitted":	false
			}
		}, {
			"streams":	[{
					"socket":	4,
					"start":	1.00085,
					"end":	2.00034,
					"seconds":	0.999488,
					"bytes":	1966080,
					"bits_per_second":	1.57367e+07,
					"retransmits":	0,
					"snd_cwnd":	128872,
					"omitted":	false
				}],
			"sum":	{
				"start":	1.00085,
				"end":	2.00034,
				"seconds":	0.999488,
				"bytes":	1966080,
				"bits_per_second":	1.57367e+07,
				"retransmits":	0,
				"omitted":	false
			}
		}, {
			"streams":	[{
					"socket":	4,
					"start":	2.00034,
					"end":	3.00031,
					"seconds":	0.999972,
					"bytes":	1835008,
					"bits_per_second":	1.46805e+07,
					"retransmits":	0,
					"snd_cwnd":	160728,
					"omitted":	false
				}],
			"sum":	{
				"start":	2.00034,
				"end":	3.00031,
				"seconds":	0.999972,
				"bytes":	1835008,
				"bits_per_second":	1.46805e+07,
				"retransmits":	0,
				"omitted":	false
			}
		}, {
			"streams":	[{
					"socket":	4,
					"start":	3.00031,
					"end":	4.00043,
					"seconds":	1.00012,
					"bytes":	1835008,
					"bits_per_second":	1.46783e+07,
					"retransmits":	0,
					"snd_cwnd":	189688,
					"omitted":	false
				}],
			"sum":	{
				"start":	3.00031,
				"end":	4.00043,
				"seconds":	1.00012,
				"bytes":	1835008,
				"bits_per_second":	1.46783e+07,
				"retransmits":	0,
				"omitted":	false
			}
		}, {
			"streams":	[{
					"socket":	4,
					"start":	4.00043,
					"end":	5.00032,
					"seconds":	0.999891,
					"bytes":	1966080,
					"bits_per_second":	1.57304e+07,
					"retransmits":	0,
					"snd_cwnd":	189688,
					"omitted":	false
				}],
			"sum":	{
				"start":	4.00043,
				"end":	5.00032,
				"seconds":	0.999891,
				"bytes":	1966080,
				"bits_per_second":	1.57304e+07,
				"retransmits":	0,
				"omitted":	false
			}
		}],
	"end":	{
		"streams":	[{
				"sender":	{
					"socket":	4,
					"start":	0,
					"end":	5.00032,
					"seconds":	5.00032,
					"bytes":	9291576,
					"bits_per_second":	1.48656e+07,
					"retransmits":	0
				},
				"receiver":	{
					"socket":	4,
					"start":	0,
					"end":	5.00032,
					"seconds":	5.00032,
					"bytes":	9291576,
					"bits_per_second":	1.48656e+07
				}
			}],
		"sum_sent":	{
			"start":	0,
			"end":	5.00032,
			"seconds":	5.00032,
			"bytes":	9291576,
			"bits_per_second":	1.48656e+07,
			"retransmits":	0
		},
		"sum_received":	{
			"start":	0,
			"end":	5.00032,
			"seconds":	5.00032,
			"bytes":	9291576,
			"bits_per_second":	1.48656e+07
		},
		"cpu_utilization_percent":	{
			"host_total":	0.531796,
			"host_user":	0,
			"host_system":	0.531816,
			"remote_total":	1.24043,
			"remote_user":	1.24045,
			"remote_system":	0
		}
	}
}
