{
	"start":	{
		"connected":	[{
				"socket":	4,
				"local_host":	"10.0.0.4",
				"local_port":	47076,
				"remote_host":	"10.0.0.12",
				"remote_port":	2671
			}],
		"version":	"iperf 3.0.7",
		"system_info":	"Linux BS4 5.4.197-0504197-generic #202206060747 SMP Mon Jun 6 09:27:47 UTC 2022 x86_64 x86_64 x86_64 GNU/Linux\n",
		"timestamp":	{
			"time":	"Mon, 25 Jul 2022 21:50:26 GMT",
			"timesecs":	1658785826
		},
		"connecting_to":	{
			"host":	"10.0.0.12",
			"port":	2671
		},
		"cookie":	"BS4.1658785826.068416.649a61ca4b119a",
		"tcp_mss_default":	1448,
		"test_start":	{
			"protocol":	"TCP",
			"num_streams":	1,
			"blksize":	131072,
			"omit":	0,
			"duration":	3,
			"bytes":	0,
			"blocks":	0,
			"reverse":	0
		}
	},
	"intervals":	[{
			"streams":	[{
					"socket":	4,
					"start":	0,
					"end":	1.00047,
					"seconds":	1.00047,
					"bytes":	7178496,
					"bits_per_second":	5.74007e+07,
					"retransmits":	0,
					"snd_cwnd":	350416,
					"omitted":	false
				}],
			"sum":	{
				"start":	0,
				"end":	1.00047,
				"seconds":	1.00047,
				"bytes":	7178496,
				"bits_per_second":	5.74007e+07,
				"retransmits":	0,
				"omitted":	false
			}
		}, {
			"streams":	[{
					"socket":	4,
					"start":	1.00047,
					"end":	2.00042,
					"seconds":	0.99995,
					"bytes":	16646144,
					"bits_per_second":	1.33176e+08,
					"retransmits":	0,
					"snd_cwnd":	1154056,
					"omitted":	false
				}],
			"sum":	{
				"start":	1.00047,
				"end":	2.00042,
				"seconds":	0.99995,
				"bytes":	16646144,
				"bits_per_second":	1.33176e+08,
				"retransmits":	0,
				"omitted":	false
			}
		}, {
			"streams":	[{
					"socket":	4,
					"start":	2.00042,
					"end":	3.00072,
					"seconds":	1.00029,
					"bytes":	12451840,
					"bits_per_second":	9.95856e+07,
					"retransmits":	0,
					"snd_cwnd":	1350984,
					"omitted":	false
				}],
			"sum":	{
				"start":	2.00042,
				"end":	3.00072,
				"seconds":	1.00029,
				"bytes":	12451840,
				"bits_per_second":	9.95856e+07,
				"retransmits":	0,
				"omitted":	false
			}
		}],
	"end":	{
		"streams":	[{
				"sender":	{
					"socket":	4,
					"start":	0,
					"end":	3.00072,
					"seconds":	3.00072,
					"bytes":	36276480,
					"bits_per_second":	9.67142e+07,
					"retransmits":	0
				},
				"receiver":	{
					"socket":	4,
					"start":	0,
					"end":	3.00072,
					"seconds":	3.00072,
					"bytes":	36276480,
					"bits_per_second":	9.67142e+07
				}
			}],
		"sum_sent":	{
			"start":	0,
			"end":	3.00072,
			"seconds":	3.00072,
			"bytes":	36276480,
			"bits_per_second":	9.67142e+07,
			"retransmits":	0
		},
		"sum_received":	{
			"start":	0,
			"end":	3.00072,
			"seconds":	3.00072,
			"bytes":	36276480,
			"bits_per_second":	9.67142e+07
		},
		"cpu_utilization_percent":	{
			"host_total":	2.98486,
			"host_user":	0.309986,
			"host_system":	2.67474,
			"remote_total":	4.51803,
			"remote_user":	0.230067,
			"remote_system":	4.28803
		}
	}
}
