{
	"start":	{
		"connected":	[{
				"socket":	4,
				"local_host":	"10.0.0.4",
				"local_port":	60802,
				"remote_host":	"10.0.0.12",
				"remote_port":	1862
			}],
		"version":	"iperf 3.0.7",
		"system_info":	"Linux BS4 5.4.197-0504197-generic #202206060747 SMP Mon Jun 6 09:27:47 UTC 2022 x86_64 x86_64 x86_64 GNU/Linux\n",
		"timestamp":	{
			"time":	"Mon, 25 Jul 2022 21:42:12 GMT",
			"timesecs":	1658785332
		},
		"connecting_to":	{
			"host":	"10.0.0.12",
			"port":	1862
		},
		"cookie":	"BS4.1658785332.149804.673b34151f4383",
		"test_start":	{
			"protocol":	"UDP",
			"num_streams":	1,
			"blksize":	8192,
			"omit":	0,
			"duration":	27,
			"bytes":	0,
			"blocks":	0,
			"reverse":	0
		}
	},
	"intervals":	[{
			"streams":	[{
					"socket":	4,
					"start":	0,
					"end":	1.00026,
					"seconds":	1.00026,
					"bytes":	2818048,
					"bits_per_second":	2.25385e+07,
					"packets":	344,
					"omitted":	false
				}],
			"sum":	{
				"start":	0,
				"end":	1.00026,
				"seconds":	1.00026,
				"bytes":	2818048,
				"bits_per_second":	2.25385e+07,
				"packets":	344,
				"omitted":	false
			}
		}, {
			"streams":	[{
					"socket":	4,
					"start":	1.00026,
					"end":	2.00035,
					"seconds":	1.00009,
					"bytes":	3129344,
					"bits_per_second":	2.50326e+07,
					"packets":	382,
					"omitted":	false
				}],
			"sum":	{
				"start":	1.00026,
				"end":	2.00035,
				"seconds":	1.00009,
				"bytes":	3129344,
				"bits_per_second":	2.50326e+07,
				"packets":	382,
				"omitted":	false
			}
		}, {
			"streams":	[{
					"socket":	4,
					"start":	2.00035,
					"end":	3.0002,
					"seconds":	0.999849,
					"bytes":	3121152,
					"bits_per_second":	2.4973e+07,
					"packets":	381,
					"omitted":	false
				}],
			"sum":	{
				"start":	2.00035,
				"end":	3.0002,
				"seconds":	0.999849,
				"bytes":	3121152,
				"bits_per_second":	2.4973e+07,
				"packets":	381,
				"omitted":	false
			}
		}, {
			"streams":	[{
					"socket":	4,
					"start":	3.0002,
					"end":	4.00053,
					"seconds":	1.00034,
					"bytes":	3129344,
					"bits_per_second":	2.50263e+07,
					"packets":	382,
					"omitted":	false
				}],
			"sum":	{
				"start":	3.0002,
				"end":	4.00053,
				"seconds":	1.00034,
				"bytes":	3129344,
				"bits_per_second":	2.50263e+07,
				"packets":	382,
				"omitted":	false
			}
		}, {
			"streams":	[{
					"socket":	4,
					"start":	4.00053,
					"end":	5.001,
					"seconds":	1.00047,
					"bytes":	3121152,
					"bits_per_second":	2.49575e+07,
					"packets":	381,
					"omitted":	false
				}],
			"sum":	{
				"start":	4.00053,
				"end":	5.001,
				"seconds":	1.00047,
				"bytes":	3121152,
				"bits_per_second":	2.49575e+07,
				"packets":	381,
				"omitted":	false
			}
		}, {
			"streams":	[{
					"socket":	4,
					"start":	5.001,
					"end":	6.00037,
					"seconds":	0.999371,
					"bytes":	3129344,
					"bits_per_second":	2.50505e+07,
					"packets":	382,
					"omitted":	false
				}],
			"sum":	{
				"start":	5.001,
				"end":	6.00037,
				"seconds":	0.999371,
				"bytes":	3129344,
				"bits_per_second":	2.50505e+07,
				"packets":	382,
				"omitted":	false
			}
		}, {
			"streams":	[{
					"socket":	4,
					"start":	6.00037,
					"end":	7.00063,
					"seconds":	1.00026,
					"bytes":	3121152,
					"bits_per_second":	2.49628e+07,
					"packets":	381,
					"omitted":	false
				}],
			"sum":	{
				"start":	6.00037,
				"end":	7.00063,
				"seconds":	1.00026,
				"bytes":	3121152,
				"bits_per_second":	2.49628e+07,
				"packets":	381,
				"omitted":	false
			}
		}, {
			"streams":	[{
					"socket":	4,
					"start":	7.00063,
					"end":	8.00032,
					"seconds":	0.999694,
					"bytes":	3129344,
					"bits_per_second":	2.50424e+07,
					"packets":	382,
					"omitted":	false
				}],
			"sum":	{
				"start":	7.00063,
				"end":	8.00032,
				"seconds":	0.999694,
				"bytes":	3129344,
				"bits_per_second":	2.50424e+07,
				"packets":	382,
				"omitted":	false
			}
		}, {
			"streams":	[{
					"socket":	4,
					"start":	8.00032,
					"end":	9.00029,
					"seconds":	0.999968,
					"bytes":	3121152,
					"bits_per_second":	2.497e+07,
					"packets":	381,
					"omitted":	false
				}],
			"sum":	{
				"start":	8.00032,
				"end":	9.00029,
				"seconds":	0.999968,
				"bytes":	3121152,
				"bits_per_second":	2.497e+07,
				"packets":	381,
				"omitted":	false
			}
		}, {
			"streams":	[{
					"socket":	4,
					"start":	9.00029,
					"end":	10.0006,
					"seconds":	1.00027,
					"bytes":	3129344,
					"bits_per_second":	2.50281e+07,
					"packets":	382,
					"omitted":	false
				}],
			"sum":	{
				"start":	9.00029,
				"end":	10.0006,
				"seconds":	1.00027,
				"bytes":	3129344,
				"bits_per_second":	2.50281e+07,
				"packets":	382,
				"omitted":	false
			}
		}, {
			"streams":	[{
					"socket":	4,
					"start":	10.0006,
					"end":	11.0006,
					"seconds":	1.00002,
					"bytes":	3121152,
					"bits_per_second":	2.49686e+07,
					"packets":	381,
					"omitted":	false
				}],
			"sum":	{
				"start":	10.0006,
				"end":	11.0006,
				"seconds":	1.00002,
				"bytes":	3121152,
				"bits_per_second":	2.49686e+07,
				"packets":	381,
				"omitted":	false
			}
		}, {
			"streams":	[{
					"socket":	4,
					"start":	11.0006,
					"end":	12.0002,
					"seconds":	0.999656,
					"bytes":	3121152,
					"bits_per_second":	2.49778e+07,
					"packets":	381,
					"omitted":	false
				}],
			"sum":	{
				"start":	11.0006,
				"end":	12.0002,
				"seconds":	0.999656,
				"bytes":	3121152,
				"bits_per_second":	2.49778e+07,
				"packets":	381,
				"omitted":	false
			}
		}, {
			"streams":	[{
					"socket":	4,
					"start":	12.0002,
					"end":	13.0004,
					"seconds":	1.00015,
					"bytes":	3129344,
					"bits_per_second":	2.5031e+07,
					"packets":	382,
					"omitted":	false
				}],
			"sum":	{
				"start":	12.0002,
				"end":	13.0004,
				"seconds":	1.00015,
				"bytes":	3129344,
				"bits_per_second":	2.5031e+07,
				"packets":	382,
				"omitted":	false
			}
		}, {
			"streams":	[{
					"socket":	4,
					"start":	13.0004,
					"end":	14.0003,
					"seconds":	0.999932,
					"bytes":	3121152,
					"bits_per_second":	2.49709e+07,
					"packets":	381,
					"omitted":	false
				}],
			"sum":	{
				"start":	13.0004,
				"end":	14.0003,
				"seconds":	0.999932,
				"bytes":	3121152,
				"bits_per_second":	2.49709e+07,
				"packets":	381,
				"omitted":	false
			}
		}, {
			"streams":	[{
					"socket":	4,
					"start":	14.0003,
					"end":	15.0003,
					"seconds":	0.999957,
					"bytes":	3129344,
					"bits_per_second":	2.50358e+07,
					"packets":	382,
					"omitted":	false
				}],
			"sum":	{
				"start":	14.0003,
				"end":	15.0003,
				"seconds":	0.999957,
				"bytes":	3129344,
				"bits_per_second":	2.50358e+07,
				"packets":	382,
				"omitted":	false
			}
		}, {
			"streams":	[{
					"socket":	4,
					"start":	15.0003,
					"end":	16.0002,
					"seconds":	0.999948,
					"bytes":	3121152,
					"bits_per_second":	2.49705e+07,
					"packets":	381,
					"omitted":	false
				}],
			"sum":	{
				"start":	15.0003,
				"end":	16.0002,
				"seconds":	0.999948,
				"bytes":	3121152,
				"bits_per_second":	2.49705e+07,
				"packets":	381,
				"omitted":	false
			}
		}, {
			"streams":	[{
					"socket":	4,
					"start":	16.0002,
					"end":	17.0002,
					"seconds":	0.999953,
					"bytes":	3129344,
					"bits_per_second":	2.50359e+07,
					"packets":	382,
					"omitted":	false
				}],
			"sum":	{
				"start":	16.0002,
				"end":	17.0002,
				"seconds":	0.999953,
				"bytes":	3129344,
				"bits_per_second":	2.50359e+07,
				"packets":	382,
				"omitted":	false
			}
		}, {
			"streams":	[{
					"socket":	4,
					"start":	17.0002,
					"end":	18.0005,
					"seconds":	1.00032,
					"bytes":	3129344,
					"bits_per_second":	2.50268e+07,
					"packets":	382,
					"omitted":	false
				}],
			"sum":	{
				"start":	17.0002,
				"end":	18.0005,
				"seconds":	1.00032,
				"bytes":	3129344,
				"bits_per_second":	2.50268e+07,
				"packets":	382,
				"omitted":	false
			}
		}, {
			"streams":	[{
					"socket":	4,
					"start":	18.0005,
					"end":	19.0005,
					"seconds":	0.999992,
					"bytes":	3129344,
					"bits_per_second":	2.50349e+07,
					"packets":	382,
					"omitted":	false
				}],
			"sum":	{
				"start":	18.0005,
				"end":	19.0005,
				"seconds":	0.999992,
				"bytes":	3129344,
				"bits_per_second":	2.50349e+07,
				"packets":	382,
				"omitted":	false
			}
		}, {
			"streams":	[{
					"socket":	4,
					"start":	19.0005,
					"end":	20.0002,
					"seconds":	0.999744,
					"bytes":	3121152,
					"bits_per_second":	2.49756e+07,
					"packets":	381,
					"omitted":	false
				}],
			"sum":	{
				"start":	19.0005,
				"end":	20.0002,
				"seconds":	0.999744,
				"bytes":	3121152,
				"bits_per_second":	2.49756e+07,
				"packets":	381,
				"omitted":	false
			}
		}, {
			"streams":	[{
					"socket":	4,
					"start":	20.0002,
					"end":	21.0003,
					"seconds":	1.00007,
					"bytes":	3121152,
					"bits_per_second":	2.49676e+07,
					"packets":	381,
					"omitted":	false
				}],
			"sum":	{
				"start":	20.0002,
				"end":	21.0003,
				"seconds":	1.00007,
				"bytes":	3121152,
				"bits_per_second":	2.49676e+07,
				"packets":	381,
				"omitted":	false
			}
		}, {
			"streams":	[{
					"socket":	4,
					"start":	21.0003,
					"end":	22.0003,
					"seconds":	0.999962,
					"bytes":	3129344,
					"bits_per_second":	2.50357e+07,
					"packets":	382,
					"omitted":	false
				}],
			"sum":	{
				"start":	21.0003,
				"end":	22.0003,
				"seconds":	0.999962,
				"bytes":	3129344,
				"bits_per_second":	2.50357e+07,
				"packets":	382,
				"omitted":	false
			}
		}, {
			"streams":	[{
					"socket":	4,
					"start":	22.0003,
					"end":	23.0003,
					"seconds":	1.00002,
					"bytes":	3121152,
					"bits_per_second":	2.49687e+07,
					"packets":	381,
					"omitted":	false
				}],
			"sum":	{
				"start":	22.0003,
				"end":	23.0003,
				"seconds":	1.00002,
				"bytes":	3121152,
				"bits_per_second":	2.49687e+07,
				"packets":	381,
				"omitted":	false
			}
		}, {
			"streams":	[{
					"socket":	4,
					"start":	23.0003,
					"end":	24.0007,
					"seconds":	1.00047,
					"bytes":	3121152,
					"bits_per_second":	2.49575e+07,
					"packets":	381,
					"omitted":	false
				}],
			"sum":	{
				"start":	23.0003,
				"end":	24.0007,
				"seconds":	1.00047,
				"bytes":	3121152,
				"bits_per_second":	2.49575e+07,
				"packets":	381,
				"omitted":	false
			}
		}, {
			"streams":	[{
					"socket":	4,
					"start":	24.0007,
					"end":	25.0009,
					"seconds":	1.00017,
					"bytes":	3121152,
					"bits_per_second":	2.49649e+07,
					"packets":	381,
					"omitted":	false
				}],
			"sum":	{
				"start":	24.0007,
				"end":	25.0009,
				"seconds":	1.00017,
				"bytes":	3121152,
				"bits_per_second":	2.49649e+07,
				"packets":	381,
				"omitted":	false
			}
		}, {
			"streams":	[{
					"socket":	4,
					"start":	25.0009,
					"end":	26.0005,
					"seconds":	0.999624,
					"bytes":	3129344,
					"bits_per_second":	2.50442e+07,
					"packets":	382,
					"omitted":	false
				}],
			"sum":	{
				"start":	25.0009,
				"end":	26.0005,
				"seconds":	0.999624,
				"bytes":	3129344,
				"bits_per_second":	2.50442e+07,
				"packets":	382,
				"omitted":	false
			}
		}, {
			"streams":	[{
					"socket":	4,
					"start":	26.0005,
					"end":	27.0003,
					"seconds":	0.999762,
					"bytes":	3129344,
					"bits_per_second":	2.50407e+07,
					"packets":	382,
					"omitted":	false
				}],
			"sum":	{
				"start":	26.0005,
				"end":	27.0003,
				"seconds":	0.999762,
				"bytes":	3129344,
				"bits_per_second":	2.50407e+07,
				"packets":	382,
				"omitted":	false
			}
		}],
	"end":	{
		"streams":	[{
				"udp":	{
					"socket":	4,
					"start":	0,
					"end":	27.0003,
					"seconds":	27.0003,
					"bytes":	84074496,
					"bits_per_second":	2.49107e+07,
					"jitter_ms":	0.567003,
					"lost_packets":	20,
					"packets":	10263,
					"lost_percent":	0.194875
				}
			}],
		"sum":	{
			"start":	0,
			"end":	27.0003,
			"seconds":	27.0003,
			"bytes":	84074496,
			"bits_per_second":	2.49107e+07,
			"jitter_ms":	0.567003,
			"lost_packets":	20,
			"packets":	10263,
			"lost_percent":	0.194875
		},
		"cpu_utilization_percent":	{
			"host_total":	1.09932,
			"host_user":	0.0901036,
			"host_system":	1.00921,
			"remote_total":	2.03131,
			"remote_user":	0.269989,
			"remote_system":	1.76132
		}
	}
}
