{
	"start":	{
		"connected":	[{
				"socket":	4,
				"local_host":	"10.0.0.1",
				"local_port":	38135,
				"remote_host":	"10.0.0.9",
				"remote_port":	3377
			}],
		"version":	"iperf 3.0.7",
		"system_info":	"Linux BS1 5.4.197-0504197-generic #202206060747 SMP Mon Jun 6 09:27:47 UTC 2022 x86_64 x86_64 x86_64 GNU/Linux\n",
		"timestamp":	{
			"time":	"Mon, 25 Jul 2022 21:51:08 GMT",
			"timesecs":	1658785868
		},
		"connecting_to":	{
			"host":	"10.0.0.9",
			"port":	3377
		},
		"cookie":	"BS1.1658785868.031694.4e66f9f2462006",
		"test_start":	{
			"protocol":	"UDP",
			"num_streams":	1,
			"blksize":	8192,
			"omit":	0,
			"duration":	3,
			"bytes":	0,
			"blocks":	0,
			"reverse":	0
		}
	},
	"intervals":	[{
			"streams":	[{
					"socket":	4,
					"start":	0,
					"end":	1.00152,
					"seconds":	1.00152,
					"bytes":	6037504,
					"bits_per_second":	4.82267e+07,
					"packets":	737,
					"omitted":	false
				}],
			"sum":	{
				"start":	0,
				"end":	1.00152,
				"seconds":	1.00152,
				"bytes":	6037504,
				"bits_per_second":	4.82267e+07,
				"packets":	737,
				"omitted":	false
			}
		}, {
			"streams":	[{
					"socket":	4,
					"start":	1.00152,
					"end":	2.00026,
					"seconds":	0.998735,
					"bytes":	5849088,
					"bits_per_second":	4.6852e+07,
					"packets":	714,
					"omitted":	false
				}],
			"sum":	{
				"start":	1.00152,
				"end":	2.00026,
				"seconds":	0.998735,
				"bytes":	5849088,
				"bits_per_second":	4.6852e+07,
				"packets":	714,
				"omitted":	false
			}
		}, {
			"streams":	[{
					"socket":	4,
					"start":	2.00026,
					"end":	3.00035,
					"seconds":	1.00009,
					"bytes":	6307840,
					"bits_per_second":	5.04581e+07,
					"packets":	770,
					"omitted":	false
				}],
			"sum":	{
				"start":	2.00026,
				"end":	3.00035,
				"seconds":	1.00009,
				"bytes":	6307840,
				"bits_per_second":	5.04581e+07,
				"packets":	770,
				"omitted":	false
			}
		}],
	"end":	{
		"streams":	[{
				"udp":	{
					"socket":	4,
					"start":	0,
					"end":	3.00035,
					"seconds":	3.00035,
					"bytes":	18194432,
					"bits_per_second":	4.85129e+07,
					"jitter_ms":	0.377689,
					"lost_packets":	45,
					"packets":	2221,
					"lost_percent":	2.02611
				}
			}],
		"sum":	{
			"start":	0,
			"end":	3.00035,
			"seconds":	3.00035,
			"bytes":	18194432,
			"bits_per_second":	4.85129e+07,
			"jitter_ms":	0.377689,
			"lost_packets":	45,
			"packets":	2221,
			"lost_percent":	2.02611
		},
		"cpu_utilization_percent":	{
			"host_total":	10.9668,
			"host_user":	0.446359,
			"host_system":	10.5204,
			"remote_total":	5.30501,
			"remote_user":	0.663759,
			"remote_system":	4.64125
		}
	}
}
