{
	"start":	{
		"connected":	[{
				"socket":	4,
				"local_host":	"10.0.0.4",
				"local_port":	57962,
				"remote_host":	"10.0.0.14",
				"remote_port":	1602
			}],
		"version":	"iperf 3.0.7",
		"system_info":	"Linux BS4 5.4.197-0504197-generic #202206060747 SMP Mon Jun 6 09:27:47 UTC 2022 x86_64 x86_64 x86_64 GNU/Linux\n",
		"timestamp":	{
			"time":	"Mon, 25 Jul 2022 21:44:35 GMT",
			"timesecs":	1658785475
		},
		"connecting_to":	{
			"host":	"10.0.0.14",
			"port":	1602
		},
		"cookie":	"BS4.1658785475.044192.6decaa8a52fbc5",
		"test_start":	{
			"protocol":	"UDP",
			"num_streams":	1,
			"blksize":	8192,
			"omit":	0,
			"duration":	8,
			"bytes":	0,
			"blocks":	0,
			"reverse":	0
		}
	},
	"intervals":	[{
			"streams":	[{
					"socket":	4,
					"start":	0,
					"end":	1.00159,
					"seconds":	1.00159,
					"bytes":	2826240,
					"bits_per_second":	2.2574e+07,
					"packets":	345,
					"omitted":	false
				}],
			"sum":	{
				"start":	0,
				"end":	1.00159,
				"seconds":	1.00159,
				"bytes":	2826240,
				"bits_per_second":	2.2574e+07,
				"packets":	345,
				"omitted":	false
			}
		}, {
			"streams":	[{
					"socket":	4,
					"start":	1.00159,
					"end":	2.00055,
					"seconds":	0.998956,
					"bytes":	3170304,
					"bits_per_second":	2.53889e+07,
					"packets":	387,
					"omitted":	false
				}],
			"sum":	{
				"start":	1.00159,
				"end":	2.00055,
				"seconds":	0.998956,
				"bytes":	3170304,
				"bits_per_second":	2.53889e+07,
				"packets":	387,
				"omitted":	false
			}
		}, {
			"streams":	[{
					"socket":	4,
					"start":	2.00055,
					"end":	3.00031,
					"seconds":	0.999757,
					"bytes":	3080192,
					"bits_per_second":	2.46475e+07,
					"packets":	376,
					"omitted":	false
				}],
			"sum":	{
				"start":	2.00055,
				"end":	3.00031,
				"seconds":	0.999757,
				"bytes":	3080192,
				"bits_per_second":	2.46475e+07,
				"packets":	376,
				"omitted":	false
			}
		}, {
			"streams":	[{
					"socket":	4,
					"start":	3.00031,
					"end":	4.0002,
					"seconds":	0.999893,
					"bytes":	3121152,
					"bits_per_second":	2.49719e+07,
					"packets":	381,
					"omitted":	false
				}],
			"sum":	{
				"start":	3.00031,
				"end":	4.0002,
				"seconds":	0.999893,
				"bytes":	3121152,
				"bits_per_second":	2.49719e+07,
				"packets":	381,
				"omitted":	false
			}
		}, {
			"streams":	[{
					"socket":	4,
					"start":	4.0002,
					"end":	5.00027,
					"seconds":	1.00007,
					"bytes":	3121152,
					"bits_per_second":	2.49675e+07,
					"packets":	381,
					"omitted":	false
				}],
			"sum":	{
				"start":	4.0002,
				"end":	5.00027,
				"seconds":	1.00007,
				"bytes":	3121152,
				"bits_per_second":	2.49675e+07,
				"packets":	381,
				"omitted":	false
			}
		}, {
			"streams":	[{
					"socket":	4,
					"start":	5.00027,
					"end":	6.00154,
					"seconds":	1.00127,
					"bytes":	3129344,
					"bits_per_second":	2.5003e+07,
					"packets":	382,
					"omitted":	false
				}],
			"sum":	{
				"start":	5.00027,
				"end":	6.00154,
				"seconds":	1.00127,
				"bytes":	3129344,
				"bits_per_second":	2.5003e+07,
				"packets":	382,
				"omitted":	false
			}
		}, {
			"streams":	[{
					"socket":	4,
					"start":	6.00154,
					"end":	7.00038,
					"seconds":	0.99884,
					"bytes":	3129344,
					"bits_per_second":	2.50638e+07,
					"packets":	382,
					"omitted":	false
				}],
			"sum":	{
				"start":	6.00154,
				"end":	7.00038,
				"seconds":	0.99884,
				"bytes":	3129344,
				"bits_per_second":	2.50638e+07,
				"packets":	382,
				"omitted":	false
			}
		}, {
			"streams":	[{
					"socket":	4,
					"start":	7.00038,
					"end":	8.0041,
					"seconds":	1.00372,
					"bytes":	3121152,
					"bits_per_second":	2.48767e+07,
					"packets":	381,
					"omitted":	false
				}],
			"sum":	{
				"start":	7.00038,
				"end":	8.0041,
				"seconds":	1.00372,
				"bytes":	3121152,
				"bits_per_second":	2.48767e+07,
				"packets":	381,
				"omitted":	false
			}
		}],
	"end":	{
		"streams":	[{
				"udp":	{
					"socket":	4,
					"start":	0,
					"end":	8.0041,
					"seconds":	8.0041,
					"bytes":	24698880,
					"bits_per_second":	2.46862e+07,
					"jitter_ms":	0.816756,
					"lost_packets":	7,
					"packets":	3015,
					"lost_percent":	0.232172
				}
			}],
		"sum":	{
			"start":	0,
			"end":	8.0041,
			"seconds":	8.0041,
			"bytes":	24698880,
			"bits_per_second":	2.46862e+07,
			"jitter_ms":	0.816756,
			"lost_packets":	7,
			"packets":	3015,
			"lost_percent":	0.232172
		},
		"cpu_utilization_percent":	{
			"host_total":	2.91106,
			"host_user":	0.246678,
			"host_system":	2.66434,
			"remote_total":	2.33706,
			"remote_user":	0.383708,
			"remote_system":	1.95338
		}
	}
}
