{
	"start":	{
		"connected":	[{
				"socket":	4,
				"local_host":	"10.0.0.7",
				"local_port":	33536,
				"remote_host":	"10.0.0.6",
				"remote_port":	3355
			}],
		"version":	"iperf 3.0.7",
		"system_info":	"Linux H7 5.4.197-0504197-generic #202206060747 SMP Mon Jun 6 09:27:47 UTC 2022 x86_64 x86_64 x86_64 GNU/Linux\n",
		"timestamp":	{
			"time":	"Fri, 22 Jul 2022 16:30:38 GMT",
			"timesecs":	1658507438
		},
		"connecting_to":	{
			"host":	"10.0.0.6",
			"port":	3355
		},
		"cookie":	"H7.1658507438.789594.37bde28332d30ae",
		"tcp_mss_default":	1448,
		"test_start":	{
			"protocol":	"TCP",
			"num_streams":	1,
			"blksize":	131072,
			"omit":	0,
			"duration":	5,
			"bytes":	0,
			"blocks":	0,
			"reverse":	0
		}
	},
	"intervals":	[{
			"streams":	[{
					"socket":	4,
					"start":	0,
					"end":	1.00065,
					"seconds":	1.00065,
					"bytes":	1703936,
					"bits_per_second":	1.36226e+07,
					"retransmits":	0,
					"snd_cwnd":	94120,
					"omitted":	false
				}],
			"sum":	{
				"start":	0,
				"end":	1.00065,
				"seconds":	1.00065,
				"bytes":	1703936,
				"bits_per_second":	1.36226e+07,
				"retransmits":	0,
				"omitted":	false
			}
		}, {
			"streams":	[{
					"socket":	4,
					"start":	1.00065,
					"end":	2.00054,
					"seconds":	0.999885,
					"bytes":	1966080,
					"bits_per_second":	1.57305e+07,
					"retransmits":	0,
					"snd_cwnd":	117288,
					"omitted":	false
				}],
			"sum":	{
				"start":	1.00065,
				"end":	2.00054,
				"seconds":	0.999885,
				"bytes":	1966080,
				"bits_per_second":	1.57305e+07,
				"retransmits":	0,
				"omitted":	false
			}
		}, {
			"streams":	[{
					"socket":	4,
					"start":	2.00054,
					"end":	3.00116,
					"seconds":	1.00062,
					"bytes":	1835008,
					"bits_per_second":	1.4671e+07,
					"retransmits":	0,
					"snd_cwnd":	137560,
					"omitted":	false
				}],
			"sum":	{
				"start":	2.00054,
				"end":	3.00116,
				"seconds":	1.00062,
				"bytes":	1835008,
				"bits_per_second":	1.4671e+07,
				"retransmits":	0,
				"omitted":	false
			}
		}, {
			"streams":	[{
					"socket":	4,
					"start":	3.00116,
					"end":	4.00028,
					"seconds":	0.999123,
					"bytes":	1835008,
					"bits_per_second":	1.46929e+07,
					"retransmits":	0,
					"snd_cwnd":	163624,
					"omitted":	false
				}],
			"sum":	{
				"start":	3.00116,
				"end":	4.00028,
				"seconds":	0.999123,
				"bytes":	1835008,
				"bits_per_second":	1.46929e+07,
				"retransmits":	0,
				"omitted":	false
			}
		}, {
			"streams":	[{
					"socket":	4,
					"start":	4.00028,
					"end":	5.00037,
					"seconds":	1.00009,
					"bytes":	1966080,
					"bits_per_second":	1.57273e+07,
					"retransmits":	0,
					"snd_cwnd":	182448,
					"omitted":	false
				}],
			"sum":	{
				"start":	4.00028,
				"end":	5.00037,
				"seconds":	1.00009,
				"bytes":	1966080,
				"bits_per_second":	1.57273e+07,
				"retransmits":	0,
				"omitted":	false
			}
		}],
	"end":	{
		"streams":	[{
				"sender":	{
					"socket":	4,
					"start":	0,
					"end":	5.00037,
					"seconds":	5.00037,
					"bytes":	9306112,
					"bits_per_second":	1.48887e+07,
					"retransmits":	0
				},
				"receiver":	{
					"socket":	4,
					"start":	0,
					"end":	5.00037,
					"seconds":	5.00037,
					"bytes":	9306112,
					"bits_per_second":	1.48887e+07
				}
			}],
		"sum_sent":	{
			"start":	0,
			"end":	5.00037,
			"seconds":	5.00037,
			"bytes":	9306112,
			"bits_per_second":	1.48887e+07,
			"retransmits":	0
		},
		"sum_received":	{
			"start":	0,
			"end":	5.00037,
			"seconds":	5.00037,
			"bytes":	9306112,
			"bits_per_second":	1.48887e+07
		},
		"cpu_utilization_percent":	{
			"host_total":	0.68054,
			"host_user":	0.186807,
			"host_system":	0.493732,
			"remote_total":	1.32908,
			"remote_user":	0.690738,
			"remote_system":	0.638305
		}
	}
}
