{
	"start":	{
		"connected":	[{
				"socket":	4,
				"local_host":	"10.0.0.4",
				"local_port":	38622,
				"remote_host":	"10.0.0.8",
				"remote_port":	3070
			}],
		"version":	"iperf 3.0.7",
		"system_info":	"Linux H4 5.4.197-0504197-generic #202206060747 SMP Mon Jun 6 09:27:47 UTC 2022 x86_64 x86_64 x86_64 GNU/Linux\n",
		"timestamp":	{
			"time":	"Fri, 22 Jul 2022 16:34:08 GMT",
			"timesecs":	1658507648
		},
		"connecting_to":	{
			"host":	"10.0.0.8",
			"port":	3070
		},
		"cookie":	"H4.1658507648.118858.6db8cfa5172dacf",
		"tcp_mss_default":	1448,
		"test_start":	{
			"protocol":	"TCP",
			"num_streams":	1,
			"blksize":	131072,
			"omit":	0,
			"duration":	5,
			"bytes":	0,
			"blocks":	0,
			"reverse":	0
		}
	},
	"intervals":	[{
			"streams":	[{
					"socket":	4,
					"start":	0,
					"end":	1.00034,
					"seconds":	1.00034,
					"bytes":	1690848,
					"bits_per_second":	1.35221e+07,
					"retransmits":	0,
					"snd_cwnd":	97016,
					"omitted":	false
				}],
			"sum":	{
				"start":	0,
				"end":	1.00034,
				"seconds":	1.00034,
				"bytes":	1690848,
				"bits_per_second":	1.35221e+07,
				"retransmits":	0,
				"omitted":	false
			}
		}, {
			"streams":	[{
					"socket":	4,
					"start":	1.00034,
					"end":	2.0008,
					"seconds":	1.00045,
					"bytes":	1966080,
					"bits_per_second":	1.57215e+07,
					"retransmits":	0,
					"snd_cwnd":	139008,
					"omitted":	false
				}],
			"sum":	{
				"start":	1.00034,
				"end":	2.0008,
				"seconds":	1.00045,
				"bytes":	1966080,
				"bits_per_second":	1.57215e+07,
				"retransmits":	0,
				"omitted":	false
			}
		}, {
			"streams":	[{
					"socket":	4,
					"start":	2.0008,
					"end":	3.00044,
					"seconds":	0.999639,
					"bytes":	1835008,
					"bits_per_second":	1.46854e+07,
					"retransmits":	0,
					"snd_cwnd":	159280,
					"omitted":	false
				}],
			"sum":	{
				"start":	2.0008,
				"end":	3.00044,
				"seconds":	0.999639,
				"bytes":	1835008,
				"bits_per_second":	1.46854e+07,
				"retransmits":	0,
				"omitted":	false
			}
		}, {
			"streams":	[{
					"socket":	4,
					"start":	3.00044,
					"end":	4.00026,
					"seconds":	0.999818,
					"bytes":	1835008,
					"bits_per_second":	1.46827e+07,
					"retransmits":	0,
					"snd_cwnd":	179552,
					"omitted":	false
				}],
			"sum":	{
				"start":	3.00044,
				"end":	4.00026,
				"seconds":	0.999818,
				"bytes":	1835008,
				"bits_per_second":	1.46827e+07,
				"retransmits":	0,
				"omitted":	false
			}
		}, {
			"streams":	[{
					"socket":	4,
					"start":	4.00026,
					"end":	5.00097,
					"seconds":	1.00071,
					"bytes":	1966080,
					"bits_per_second":	1.57175e+07,
					"retransmits":	0,
					"snd_cwnd":	191136,
					"omitted":	false
				}],
			"sum":	{
				"start":	4.00026,
				"end":	5.00097,
				"seconds":	1.00071,
				"bytes":	1966080,
				"bits_per_second":	1.57175e+07,
				"retransmits":	0,
				"omitted":	false
			}
		}],
	"end":	{
		"streams":	[{
				"sender":	{
					"socket":	4,
					"start":	0,
					"end":	5.00097,
					"seconds":	5.00097,
					"bytes":	9293024,
					"bits_per_second":	1.4866e+07,
					"retransmits":	0
				},
				"receiver":	{
					"socket":	4,
					"start":	0,
					"end":	5.00097,
					"seconds":	5.00097,
					"bytes":	9293024,
					"bits_per_second":	1.4866e+07
				}
			}],
		"sum_sent":	{
			"start":	0,
			"end":	5.00097,
			"seconds":	5.00097,
			"bytes":	9293024,
			"bits_per_second":	1.4866e+07,
			"retransmits":	0
		},
		"sum_received":	{
			"start":	0,
			"end":	5.00097,
			"seconds":	5.00097,
			"bytes":	9293024,
			"bits_per_second":	1.4866e+07
		},
		"cpu_utilization_percent":	{
			"host_total":	0.546453,
			"host_user":	0.193465,
			"host_system":	0.352948,
			"remote_total":	1.3602,
			"remote_user":	1.36012,
			"remote_system":	0
		}
	}
}
