{
	"start":	{
		"connected":	[{
				"socket":	4,
				"local_host":	"10.0.0.1",
				"local_port":	34375,
				"remote_host":	"10.0.0.17",
				"remote_port":	2439
			}],
		"version":	"iperf 3.0.7",
		"system_info":	"Linux BS1 5.4.197-0504197-generic #202206060747 SMP Mon Jun 6 09:27:47 UTC 2022 x86_64 x86_64 x86_64 GNU/Linux\n",
		"timestamp":	{
			"time":	"Mon, 25 Jul 2022 21:48:01 GMT",
			"timesecs":	1658785681
		},
		"connecting_to":	{
			"host":	"10.0.0.17",
			"port":	2439
		},
		"cookie":	"BS1.1658785681.260241.291223106ba6fd",
		"test_start":	{
			"protocol":	"UDP",
			"num_streams":	1,
			"blksize":	8192,
			"omit":	0,
			"duration":	33,
			"bytes":	0,
			"blocks":	0,
			"reverse":	0
		}
	},
	"intervals":	[{
			"streams":	[{
					"socket":	4,
					"start":	0,
					"end":	1.00005,
					"seconds":	1.00005,
					"bytes":	11862016,
					"bits_per_second":	9.4891e+07,
					"packets":	1448,
					"omitted":	false
				}],
			"sum":	{
				"start":	0,
				"end":	1.00005,
				"seconds":	1.00005,
				"bytes":	11862016,
				"bits_per_second":	9.4891e+07,
				"packets":	1448,
				"omitted":	false
			}
		}, {
			"streams":	[{
					"socket":	4,
					"start":	1.00005,
					"end":	2.00055,
					"seconds":	1.00049,
					"bytes":	11886592,
					"bits_per_second":	9.50461e+07,
					"packets":	1451,
					"omitted":	false
				}],
			"sum":	{
				"start":	1.00005,
				"end":	2.00055,
				"seconds":	1.00049,
				"bytes":	11886592,
				"bits_per_second":	9.50461e+07,
				"packets":	1451,
				"omitted":	false
			}
		}, {
			"streams":	[{
					"socket":	4,
					"start":	2.00055,
					"end":	3.00287,
					"seconds":	1.00232,
					"bytes":	12886016,
					"bits_per_second":	1.02849e+08,
					"packets":	1573,
					"omitted":	false
				}],
			"sum":	{
				"start":	2.00055,
				"end":	3.00287,
				"seconds":	1.00232,
				"bytes":	12886016,
				"bits_per_second":	1.02849e+08,
				"packets":	1573,
				"omitted":	false
			}
		}, {
			"streams":	[{
					"socket":	4,
					"start":	3.00287,
					"end":	4.0055,
					"seconds":	1.00264,
					"bytes":	11132928,
					"bits_per_second":	8.88293e+07,
					"packets":	1359,
					"omitted":	false
				}],
			"sum":	{
				"start":	3.00287,
				"end":	4.0055,
				"seconds":	1.00264,
				"bytes":	11132928,
				"bits_per_second":	8.88293e+07,
				"packets":	1359,
				"omitted":	false
			}
		}, {
			"streams":	[{
					"socket":	4,
					"start":	4.0055,
					"end":	5.00028,
					"seconds":	0.994772,
					"bytes":	12746752,
					"bits_per_second":	1.0251e+08,
					"packets":	1556,
					"omitted":	false
				}],
			"sum":	{
				"start":	4.0055,
				"end":	5.00028,
				"seconds":	0.994772,
				"bytes":	12746752,
				"bits_per_second":	1.0251e+08,
				"packets":	1556,
				"omitted":	false
			}
		}, {
			"streams":	[{
					"socket":	4,
					"start":	5.00028,
					"end":	6.00008,
					"seconds":	0.9998,
					"bytes":	13180928,
					"bits_per_second":	1.05469e+08,
					"packets":	1609,
					"omitted":	false
				}],
			"sum":	{
				"start":	5.00028,
				"end":	6.00008,
				"seconds":	0.9998,
				"bytes":	13180928,
				"bits_per_second":	1.05469e+08,
				"packets":	1609,
				"omitted":	false
			}
		}, {
			"streams":	[{
					"socket":	4,
					"start":	6.00008,
					"end":	7.00036,
					"seconds":	1.00029,
					"bytes":	13352960,
					"bits_per_second":	1.06793e+08,
					"packets":	1630,
					"omitted":	false
				}],
			"sum":	{
				"start":	6.00008,
				"end":	7.00036,
				"seconds":	1.00029,
				"bytes":	13352960,
				"bits_per_second":	1.06793e+08,
				"packets":	1630,
				"omitted":	false
			}
		}, {
			"streams":	[{
					"socket":	4,
					"start":	7.00036,
					"end":	8.00019,
					"seconds":	0.999831,
					"bytes":	8962048,
					"bits_per_second":	7.17085e+07,
					"packets":	1094,
					"omitted":	false
				}],
			"sum":	{
				"start":	7.00036,
				"end":	8.00019,
				"seconds":	0.999831,
				"bytes":	8962048,
				"bits_per_second":	7.17085e+07,
				"packets":	1094,
				"omitted":	false
			}
		}, {
			"streams":	[{
					"socket":	4,
					"start":	8.00019,
					"end":	9.00106,
					"seconds":	1.00087,
					"bytes":	15941632,
					"bits_per_second":	1.27422e+08,
					"packets":	1946,
					"omitted":	false
				}],
			"sum":	{
				"start":	8.00019,
				"end":	9.00106,
				"seconds":	1.00087,
				"bytes":	15941632,
				"bits_per_second":	1.27422e+08,
				"packets":	1946,
				"omitted":	false
			}
		}, {
			"streams":	[{
					"socket":	4,
					"start":	9.00106,
					"end":	10.0161,
					"seconds":	1.01505,
					"bytes":	12615680,
					"bits_per_second":	9.94289e+07,
					"packets":	1540,
					"omitted":	false
				}],
			"sum":	{
				"start":	9.00106,
				"end":	10.0161,
				"seconds":	1.01505,
				"bytes":	12615680,
				"bits_per_second":	9.94289e+07,
				"packets":	1540,
				"omitted":	false
			}
		}, {
			"streams":	[{
					"socket":	4,
					"start":	10.0161,
					"end":	11.031,
					"seconds":	1.0149,
					"bytes":	8978432,
					"bits_per_second":	7.07729e+07,
					"packets":	1096,
					"omitted":	false
				}],
			"sum":	{
				"start":	10.0161,
				"end":	11.031,
				"seconds":	1.0149,
				"bytes":	8978432,
				"bits_per_second":	7.07729e+07,
				"packets":	1096,
				"omitted":	false
			}
		}, {
			"streams":	[{
					"socket":	4,
					"start":	11.031,
					"end":	12.0012,
					"seconds":	0.970204,
					"bytes":	13295616,
					"bits_per_second":	1.09632e+08,
					"packets":	1623,
					"omitted":	false
				}],
			"sum":	{
				"start":	11.031,
				"end":	12.0012,
				"seconds":	0.970204,
				"bytes":	13295616,
				"bits_per_second":	1.09632e+08,
				"packets":	1623,
				"omitted":	false
			}
		}, {
			"streams":	[{
					"socket":	4,
					"start":	12.0012,
					"end":	13.0012,
					"seconds":	1.00003,
					"bytes":	14598144,
					"bits_per_second":	1.16782e+08,
					"packets":	1782,
					"omitted":	false
				}],
			"sum":	{
				"start":	12.0012,
				"end":	13.0012,
				"seconds":	1.00003,
				"bytes":	14598144,
				"bits_per_second":	1.16782e+08,
				"packets":	1782,
				"omitted":	false
			}
		}, {
			"streams":	[{
					"socket":	4,
					"start":	13.0012,
					"end":	14.0005,
					"seconds":	0.999263,
					"bytes":	10854400,
					"bits_per_second":	8.68992e+07,
					"packets":	1325,
					"omitted":	false
				}],
			"sum":	{
				"start":	13.0012,
				"end":	14.0005,
				"seconds":	0.999263,
				"bytes":	10854400,
				"bits_per_second":	8.68992e+07,
				"packets":	1325,
				"omitted":	false
			}
		}, {
			"streams":	[{
					"socket":	4,
					"start":	14.0005,
					"end":	15.0043,
					"seconds":	1.00377,
					"bytes":	13139968,
					"bits_per_second":	1.04725e+08,
					"packets":	1604,
					"omitted":	false
				}],
			"sum":	{
				"start":	14.0005,
				"end":	15.0043,
				"seconds":	1.00377,
				"bytes":	13139968,
				"bits_per_second":	1.04725e+08,
				"packets":	1604,
				"omitted":	false
			}
		}, {
			"streams":	[{
					"socket":	4,
					"start":	15.0043,
					"end":	16,
					"seconds":	0.995736,
					"bytes":	12427264,
					"bits_per_second":	9.98438e+07,
					"packets":	1517,
					"omitted":	false
				}],
			"sum":	{
				"start":	15.0043,
				"end":	16,
				"seconds":	0.995736,
				"bytes":	12427264,
				"bits_per_second":	9.98438e+07,
				"packets":	1517,
				"omitted":	false
			}
		}, {
			"streams":	[{
					"socket":	4,
					"start":	16,
					"end":	17.0015,
					"seconds":	1.00146,
					"bytes":	12206080,
					"bits_per_second":	9.75067e+07,
					"packets":	1490,
					"omitted":	false
				}],
			"sum":	{
				"start":	16,
				"end":	17.0015,
				"seconds":	1.00146,
				"bytes":	12206080,
				"bits_per_second":	9.75067e+07,
				"packets":	1490,
				"omitted":	false
			}
		}, {
			"streams":	[{
					"socket":	4,
					"start":	17.0015,
					"end":	18.0127,
					"seconds":	1.0112,
					"bytes":	11116544,
					"bits_per_second":	8.79475e+07,
					"packets":	1357,
					"omitted":	false
				}],
			"sum":	{
				"start":	17.0015,
				"end":	18.0127,
				"seconds":	1.0112,
				"bytes":	11116544,
				"bits_per_second":	8.79475e+07,
				"packets":	1357,
				"omitted":	false
			}
		}, {
			"streams":	[{
					"socket":	4,
					"start":	18.0127,
					"end":	19.0042,
					"seconds":	0.991567,
					"bytes":	11452416,
					"bits_per_second":	9.23985e+07,
					"packets":	1398,
					"omitted":	false
				}],
			"sum":	{
				"start":	18.0127,
				"end":	19.0042,
				"seconds":	0.991567,
				"bytes":	11452416,
				"bits_per_second":	9.23985e+07,
				"packets":	1398,
				"omitted":	false
			}
		}, {
			"streams":	[{
					"socket":	4,
					"start":	19.0042,
					"end":	20.0004,
					"seconds":	0.996198,
					"bytes":	11337728,
					"bits_per_second":	9.1048e+07,
					"packets":	1384,
					"omitted":	false
				}],
			"sum":	{
				"start":	19.0042,
				"end":	20.0004,
				"seconds":	0.996198,
				"bytes":	11337728,
				"bits_per_second":	9.1048e+07,
				"packets":	1384,
				"omitted":	false
			}
		}, {
			"streams":	[{
					"socket":	4,
					"start":	20.0004,
					"end":	21,
					"seconds":	0.999575,
					"bytes":	12484608,
					"bits_per_second":	9.99193e+07,
					"packets":	1524,
					"omitted":	false
				}],
			"sum":	{
				"start":	20.0004,
				"end":	21,
				"seconds":	0.999575,
				"bytes":	12484608,
				"bits_per_second":	9.99193e+07,
				"packets":	1524,
				"omitted":	false
			}
		}, {
			"streams":	[{
					"socket":	4,
					"start":	21,
					"end":	22.0029,
					"seconds":	1.00285,
					"bytes":	15335424,
					"bits_per_second":	1.22335e+08,
					"packets":	1872,
					"omitted":	false
				}],
			"sum":	{
				"start":	21,
				"end":	22.0029,
				"seconds":	1.00285,
				"bytes":	15335424,
				"bits_per_second":	1.22335e+08,
				"packets":	1872,
				"omitted":	false
			}
		}, {
			"streams":	[{
					"socket":	4,
					"start":	22.0029,
					"end":	23.0016,
					"seconds":	0.998705,
					"bytes":	9699328,
					"bits_per_second":	7.76952e+07,
					"packets":	1184,
					"omitted":	false
				}],
			"sum":	{
				"start":	22.0029,
				"end":	23.0016,
				"seconds":	0.998705,
				"bytes":	9699328,
				"bits_per_second":	7.76952e+07,
				"packets":	1184,
				"omitted":	false
			}
		}, {
			"streams":	[{
					"socket":	4,
					"start":	23.0016,
					"end":	24.002,
					"seconds":	1.00043,
					"bytes":	12476416,
					"bits_per_second":	9.97682e+07,
					"packets":	1523,
					"omitted":	false
				}],
			"sum":	{
				"start":	23.0016,
				"end":	24.002,
				"seconds":	1.00043,
				"bytes":	12476416,
				"bits_per_second":	9.97682e+07,
				"packets":	1523,
				"omitted":	false
			}
		}, {
			"streams":	[{
					"socket":	4,
					"start":	24.002,
					"end":	25.001,
					"seconds":	0.999021,
					"bytes":	14049280,
					"bits_per_second":	1.12504e+08,
					"packets":	1715,
					"omitted":	false
				}],
			"sum":	{
				"start":	24.002,
				"end":	25.001,
				"seconds":	0.999021,
				"bytes":	14049280,
				"bits_per_second":	1.12504e+08,
				"packets":	1715,
				"omitted":	false
			}
		}, {
			"streams":	[{
					"socket":	4,
					"start":	25.001,
					"end":	26.003,
					"seconds":	1.00202,
					"bytes":	13254656,
					"bits_per_second":	1.05823e+08,
					"packets":	1618,
					"omitted":	false
				}],
			"sum":	{
				"start":	25.001,
				"end":	26.003,
				"seconds":	1.00202,
				"bytes":	13254656,
				"bits_per_second":	1.05823e+08,
				"packets":	1618,
				"omitted":	false
			}
		}, {
			"streams":	[{
					"socket":	4,
					"start":	26.003,
					"end":	27.001,
					"seconds":	0.998003,
					"bytes":	13508608,
					"bits_per_second":	1.08285e+08,
					"packets":	1649,
					"omitted":	false
				}],
			"sum":	{
				"start":	26.003,
				"end":	27.001,
				"seconds":	0.998003,
				"bytes":	13508608,
				"bits_per_second":	1.08285e+08,
				"packets":	1649,
				"omitted":	false
			}
		}, {
			"streams":	[{
					"socket":	4,
					"start":	27.001,
					"end":	28,
					"seconds":	0.998963,
					"bytes":	12083200,
					"bits_per_second":	9.6766e+07,
					"packets":	1475,
					"omitted":	false
				}],
			"sum":	{
				"start":	27.001,
				"end":	28,
				"seconds":	0.998963,
				"bytes":	12083200,
				"bits_per_second":	9.6766e+07,
				"packets":	1475,
				"omitted":	false
			}
		}, {
			"streams":	[{
					"socket":	4,
					"start":	28,
					"end":	29.0003,
					"seconds":	1.00031,
					"bytes":	11354112,
					"bits_per_second":	9.08052e+07,
					"packets":	1386,
					"omitted":	false
				}],
			"sum":	{
				"start":	28,
				"end":	29.0003,
				"seconds":	1.00031,
				"bytes":	11354112,
				"bits_per_second":	9.08052e+07,
				"packets":	1386,
				"omitted":	false
			}
		}, {
			"streams":	[{
					"socket":	4,
					"start":	29.0003,
					"end":	30.0026,
					"seconds":	1.00233,
					"bytes":	9281536,
					"bits_per_second":	7.40795e+07,
					"packets":	1133,
					"omitted":	false
				}],
			"sum":	{
				"start":	29.0003,
				"end":	30.0026,
				"seconds":	1.00233,
				"bytes":	9281536,
				"bits_per_second":	7.40795e+07,
				"packets":	1133,
				"omitted":	false
			}
		}, {
			"streams":	[{
					"socket":	4,
					"start":	30.0026,
					"end":	31.0003,
					"seconds":	0.997622,
					"bytes":	11411456,
					"bits_per_second":	9.15093e+07,
					"packets":	1393,
					"omitted":	false
				}],
			"sum":	{
				"start":	30.0026,
				"end":	31.0003,
				"seconds":	0.997622,
				"bytes":	11411456,
				"bits_per_second":	9.15093e+07,
				"packets":	1393,
				"omitted":	false
			}
		}, {
			"streams":	[{
					"socket":	4,
					"start":	31.0003,
					"end":	32.0002,
					"seconds":	0.99993,
					"bytes":	10346496,
					"bits_per_second":	8.27778e+07,
					"packets":	1263,
					"omitted":	false
				}],
			"sum":	{
				"start":	31.0003,
				"end":	32.0002,
				"seconds":	0.99993,
				"bytes":	10346496,
				"bits_per_second":	8.27778e+07,
				"packets":	1263,
				"omitted":	false
			}
		}, {
			"streams":	[{
					"socket":	4,
					"start":	32.0002,
					"end":	33.0003,
					"seconds":	1.00008,
					"bytes":	11042816,
					"bits_per_second":	8.83351e+07,
					"packets":	1348,
					"omitted":	false
				}],
			"sum":	{
				"start":	32.0002,
				"end":	33.0003,
				"seconds":	1.00008,
				"bytes":	11042816,
				"bits_per_second":	8.83351e+07,
				"packets":	1348,
				"omitted":	false
			}
		}],
	"end":	{
		"streams":	[{
				"udp":	{
					"socket":	4,
					"start":	0,
					"end":	33.0003,
					"seconds":	33.0003,
					"bytes":	400302080,
					"bits_per_second":	9.70421e+07,
					"jitter_ms":	1.04916,
					"lost_packets":	4655,
					"packets":	48853,
					"lost_percent":	9.52859
				}
			}],
		"sum":	{
			"start":	0,
			"end":	33.0003,
			"seconds":	33.0003,
			"bytes":	400302080,
			"bits_per_second":	9.70421e+07,
			"jitter_ms":	1.04916,
			"lost_packets":	4655,
			"packets":	48853,
			"lost_percent":	9.52859
		},
		"cpu_utilization_percent":	{
			"host_total":	41.6085,
			"host_user":	0.967771,
			"host_system":	40.6407,
			"remote_total":	12.3279,
			"remote_user":	1.37856,
			"remote_system":	10.9497
		}
	}
}
