{
	"start":	{
		"connected":	[{
				"socket":	4,
				"local_host":	"10.0.0.4",
				"local_port":	33624,
				"remote_host":	"10.0.0.7",
				"remote_port":	1215
			}],
		"version":	"iperf 3.0.7",
		"system_info":	"Linux H4 5.4.197-0504197-generic #202206060747 SMP Mon Jun 6 09:27:47 UTC 2022 x86_64 x86_64 x86_64 GNU/Linux\n",
		"timestamp":	{
			"time":	"Fri, 22 Jul 2022 16:28:38 GMT",
			"timesecs":	1658507318
		},
		"connecting_to":	{
			"host":	"10.0.0.7",
			"port":	1215
		},
		"cookie":	"H4.1658507318.536009.66e3e7cc6da6da5",
		"tcp_mss_default":	1448,
		"test_start":	{
			"protocol":	"TCP",
			"num_streams":	1,
			"blksize":	131072,
			"omit":	0,
			"duration":	5,
			"bytes":	0,
			"blocks":	0,
			"reverse":	0
		}
	},
	"intervals":	[{
			"streams":	[{
					"socket":	4,
					"start":	0,
					"end":	1.00087,
					"seconds":	1.00087,
					"bytes":	1820472,
					"bits_per_second":	1.45511e+07,
					"retransmits":	0,
					"snd_cwnd":	99912,
					"omitted":	false
				}],
			"sum":	{
				"start":	0,
				"end":	1.00087,
				"seconds":	1.00087,
				"bytes":	1820472,
				"bits_per_second":	1.45511e+07,
				"retransmits":	0,
				"omitted":	false
			}
		}, {
			"streams":	[{
					"socket":	4,
					"start":	1.00087,
					"end":	2.00034,
					"seconds":	0.999467,
					"bytes":	1835008,
					"bits_per_second":	1.46879e+07,
					"retransmits":	0,
					"snd_cwnd":	124528,
					"omitted":	false
				}],
			"sum":	{
				"start":	1.00087,
				"end":	2.00034,
				"seconds":	0.999467,
				"bytes":	1835008,
				"bits_per_second":	1.46879e+07,
				"retransmits":	0,
				"omitted":	false
			}
		}, {
			"streams":	[{
					"socket":	4,
					"start":	2.00034,
					"end":	3.00034,
					"seconds":	1.00001,
					"bytes":	1835008,
					"bits_per_second":	1.468e+07,
					"retransmits":	0,
					"snd_cwnd":	166520,
					"omitted":	false
				}],
			"sum":	{
				"start":	2.00034,
				"end":	3.00034,
				"seconds":	1.00001,
				"bytes":	1835008,
				"bits_per_second":	1.468e+07,
				"retransmits":	0,
				"omitted":	false
			}
		}, {
			"streams":	[{
					"socket":	4,
					"start":	3.00034,
					"end":	4.00027,
					"seconds":	0.999925,
					"bytes":	1835008,
					"bits_per_second":	1.46812e+07,
					"retransmits":	0,
					"snd_cwnd":	186792,
					"omitted":	false
				}],
			"sum":	{
				"start":	3.00034,
				"end":	4.00027,
				"seconds":	0.999925,
				"bytes":	1835008,
				"bits_per_second":	1.46812e+07,
				"retransmits":	0,
				"omitted":	false
			}
		}, {
			"streams":	[{
					"socket":	4,
					"start":	4.00027,
					"end":	5.00024,
					"seconds":	0.99997,
					"bytes":	1966080,
					"bits_per_second":	1.57291e+07,
					"retransmits":	0,
					"snd_cwnd":	186792,
					"omitted":	false
				}],
			"sum":	{
				"start":	4.00027,
				"end":	5.00024,
				"seconds":	0.99997,
				"bytes":	1966080,
				"bits_per_second":	1.57291e+07,
				"retransmits":	0,
				"omitted":	false
			}
		}],
	"end":	{
		"streams":	[{
				"sender":	{
					"socket":	4,
					"start":	0,
					"end":	5.00024,
					"seconds":	5.00024,
					"bytes":	9291576,
					"bits_per_second":	1.48658e+07,
					"retransmits":	0
				},
				"receiver":	{
					"socket":	4,
					"start":	0,
					"end":	5.00024,
					"seconds":	5.00024,
					"bytes":	9291576,
					"bits_per_second":	1.48658e+07
				}
			}],
		"sum_sent":	{
			"start":	0,
			"end":	5.00024,
			"seconds":	5.00024,
			"bytes":	9291576,
			"bits_per_second":	1.48658e+07,
			"retransmits":	0
		},
		"sum_received":	{
			"start":	0,
			"end":	5.00024,
			"seconds":	5.00024,
			"bytes":	9291576,
			"bits_per_second":	1.48658e+07
		},
		"cpu_utilization_percent":	{
			"host_total":	0.785792,
			"host_user":	0,
			"host_system":	0.785772,
			"remote_total":	1.42538,
			"remote_user":	0.324799,
			"remote_system":	1.10056
		}
	}
}
