{
	"start":	{
		"connected":	[{
				"socket":	4,
				"local_host":	"10.0.0.1",
				"local_port":	43852,
				"remote_host":	"10.0.0.9",
				"remote_port":	3146
			}],
		"version":	"iperf 3.0.7",
		"system_info":	"Linux H1 5.4.197-0504197-generic #202206060747 SMP Mon Jun 6 09:27:47 UTC 2022 x86_64 x86_64 x86_64 GNU/Linux\n",
		"timestamp":	{
			"time":	"Fri, 22 Jul 2022 15:01:31 GMT",
			"timesecs":	1658502091
		},
		"connecting_to":	{
			"host":	"10.0.0.9",
			"port":	3146
		},
		"cookie":	"H1.1658502091.013045.3e0667a469abe55",
		"tcp_mss_default":	1448,
		"test_start":	{
			"protocol":	"TCP",
			"num_streams":	1,
			"blksize":	131072,
			"omit":	0,
			"duration":	5,
			"bytes":	0,
			"blocks":	0,
			"reverse":	0
		}
	},
	"intervals":	[{
			"streams":	[{
					"socket":	4,
					"start":	0,
					"end":	1.00093,
					"seconds":	1.00093,
					"bytes":	1700984,
					"bits_per_second":	1.35953e+07,
					"retransmits":	0,
					"snd_cwnd":	86880,
					"omitted":	false
				}],
			"sum":	{
				"start":	0,
				"end":	1.00093,
				"seconds":	1.00093,
				"bytes":	1700984,
				"bits_per_second":	1.35953e+07,
				"retransmits":	0,
				"omitted":	false
			}
		}, {
			"streams":	[{
					"socket":	4,
					"start":	1.00093,
					"end":	2.00033,
					"seconds":	0.999404,
					"bytes":	1966080,
					"bits_per_second":	1.5738e+07,
					"retransmits":	0,
					"snd_cwnd":	124528,
					"omitted":	false
				}],
			"sum":	{
				"start":	1.00093,
				"end":	2.00033,
				"seconds":	0.999404,
				"bytes":	1966080,
				"bits_per_second":	1.5738e+07,
				"retransmits":	0,
				"omitted":	false
			}
		}, {
			"streams":	[{
					"socket":	4,
					"start":	2.00033,
					"end":	3.00035,
					"seconds":	1.00002,
					"bytes":	1835008,
					"bits_per_second":	1.46798e+07,
					"retransmits":	0,
					"snd_cwnd":	162176,
					"omitted":	false
				}],
			"sum":	{
				"start":	2.00033,
				"end":	3.00035,
				"seconds":	1.00002,
				"bytes":	1835008,
				"bits_per_second":	1.46798e+07,
				"retransmits":	0,
				"omitted":	false
			}
		}, {
			"streams":	[{
					"socket":	4,
					"start":	3.00035,
					"end":	4.00055,
					"seconds":	1.00021,
					"bytes":	1835008,
					"bits_per_second":	1.46771e+07,
					"retransmits":	0,
					"snd_cwnd":	175208,
					"omitted":	false
				}],
			"sum":	{
				"start":	3.00035,
				"end":	4.00055,
				"seconds":	1.00021,
				"bytes":	1835008,
				"bits_per_second":	1.46771e+07,
				"retransmits":	0,
				"omitted":	false
			}
		}, {
			"streams":	[{
					"socket":	4,
					"start":	4.00055,
					"end":	5.00035,
					"seconds":	0.999802,
					"bytes":	1966080,
					"bits_per_second":	1.57318e+07,
					"retransmits":	0,
					"snd_cwnd":	175208,
					"omitted":	false
				}],
			"sum":	{
				"start":	4.00055,
				"end":	5.00035,
				"seconds":	0.999802,
				"bytes":	1966080,
				"bits_per_second":	1.57318e+07,
				"retransmits":	0,
				"omitted":	false
			}
		}],
	"end":	{
		"streams":	[{
				"sender":	{
					"socket":	4,
					"start":	0,
					"end":	5.00035,
					"seconds":	5.00035,
					"bytes":	9303160,
					"bits_per_second":	1.4884e+07,
					"retransmits":	0
				},
				"receiver":	{
					"socket":	4,
					"start":	0,
					"end":	5.00035,
					"seconds":	5.00035,
					"bytes":	9303160,
					"bits_per_second":	1.4884e+07
				}
			}],
		"sum_sent":	{
			"start":	0,
			"end":	5.00035,
			"seconds":	5.00035,
			"bytes":	9303160,
			"bits_per_second":	1.4884e+07,
			"retransmits":	0
		},
		"sum_received":	{
			"start":	0,
			"end":	5.00035,
			"seconds":	5.00035,
			"bytes":	9303160,
			"bits_per_second":	1.4884e+07
		},
		"cpu_utilization_percent":	{
			"host_total":	0.483305,
			"host_user":	0.27654,
			"host_system":	0.206725,
			"remote_total":	1.62964,
			"remote_user":	0.576573,
			"remote_system":	1.05299
		}
	}
}
