{
	"start":	{
		"connected":	[{
				"socket":	4,
				"local_host":	"10.0.0.7",
				"local_port":	35204,
				"remote_host":	"10.0.0.21",
				"remote_port":	3840
			}],
		"version":	"iperf 3.0.7",
		"system_info":	"Linux BS7 5.4.197-0504197-generic #202206060747 SMP Mon Jun 6 09:27:47 UTC 2022 x86_64 x86_64 x86_64 GNU/Linux\n",
		"timestamp":	{
			"time":	"Mon, 25 Jul 2022 21:42:24 GMT",
			"timesecs":	1658785344
		},
		"connecting_to":	{
			"host":	"10.0.0.21",
			"port":	3840
		},
		"cookie":	"BS7.1658785344.458724.2552c44f4e2de1",
		"tcp_mss_default":	1448,
		"test_start":	{
			"protocol":	"TCP",
			"num_streams":	1,
			"blksize":	131072,
			"omit":	0,
			"duration":	58,
			"bytes":	0,
			"blocks":	0,
			"reverse":	0
		}
	},
	"intervals":	[{
			"streams":	[{
					"socket":	4,
					"start":	0,
					"end":	1.00052,
					"seconds":	1.00052,
					"bytes":	5735952,
					"bits_per_second":	4.58637e+07,
					"retransmits":	0,
					"snd_cwnd":	761648,
					"omitted":	false
				}],
			"sum":	{
				"start":	0,
				"end":	1.00052,
				"seconds":	1.00052,
				"bytes":	5735952,
				"bits_per_second":	4.58637e+07,
				"retransmits":	0,
				"omitted":	false
			}
		}, {
			"streams":	[{
					"socket":	4,
					"start":	1.00052,
					"end":	2.00029,
					"seconds":	0.999769,
					"bytes":	6160384,
					"bits_per_second":	4.92945e+07,
					"retransmits":	0,
					"snd_cwnd":	761648,
					"omitted":	false
				}],
			"sum":	{
				"start":	1.00052,
				"end":	2.00029,
				"seconds":	0.999769,
				"bytes":	6160384,
				"bits_per_second":	4.92945e+07,
				"retransmits":	0,
				"omitted":	false
			}
		}, {
			"streams":	[{
					"socket":	4,
					"start":	2.00029,
					"end":	3.00047,
					"seconds":	1.00018,
					"bytes":	6291456,
					"bits_per_second":	5.03224e+07,
					"retransmits":	0,
					"snd_cwnd":	761648,
					"omitted":	false
				}],
			"sum":	{
				"start":	2.00029,
				"end":	3.00047,
				"seconds":	1.00018,
				"bytes":	6291456,
				"bits_per_second":	5.03224e+07,
				"retransmits":	0,
				"omitted":	false
			}
		}, {
			"streams":	[{
					"socket":	4,
					"start":	3.00047,
					"end":	4.00048,
					"seconds":	1.00001,
					"bytes":	6291456,
					"bits_per_second":	5.03313e+07,
					"retransmits":	0,
					"snd_cwnd":	761648,
					"omitted":	false
				}],
			"sum":	{
				"start":	3.00047,
				"end":	4.00048,
				"seconds":	1.00001,
				"bytes":	6291456,
				"bits_per_second":	5.03313e+07,
				"retransmits":	0,
				"omitted":	false
			}
		}, {
			"streams":	[{
					"socket":	4,
					"start":	4.00048,
					"end":	5.00024,
					"seconds":	0.999757,
					"bytes":	6160384,
					"bits_per_second":	4.9295e+07,
					"retransmits":	0,
					"snd_cwnd":	761648,
					"omitted":	false
				}],
			"sum":	{
				"start":	4.00048,
				"end":	5.00024,
				"seconds":	0.999757,
				"bytes":	6160384,
				"bits_per_second":	4.9295e+07,
				"retransmits":	0,
				"omitted":	false
			}
		}, {
			"streams":	[{
					"socket":	4,
					"start":	5.00024,
					"end":	6.00041,
					"seconds":	1.00017,
					"bytes":	6291456,
					"bits_per_second":	5.03231e+07,
					"retransmits":	0,
					"snd_cwnd":	761648,
					"omitted":	false
				}],
			"sum":	{
				"start":	5.00024,
				"end":	6.00041,
				"seconds":	1.00017,
				"bytes":	6291456,
				"bits_per_second":	5.03231e+07,
				"retransmits":	0,
				"omitted":	false
			}
		}, {
			"streams":	[{
					"socket":	4,
					"start":	6.00041,
					"end":	7.0002,
					"seconds":	0.999795,
					"bytes":	6291456,
					"bits_per_second":	5.0342e+07,
					"retransmits":	0,
					"snd_cwnd":	761648,
					"omitted":	false
				}],
			"sum":	{
				"start":	6.00041,
				"end":	7.0002,
				"seconds":	0.999795,
				"bytes":	6291456,
				"bits_per_second":	5.0342e+07,
				"retransmits":	0,
				"omitted":	false
			}
		}, {
			"streams":	[{
					"socket":	4,
					"start":	7.0002,
					"end":	8.00029,
					"seconds":	1.00009,
					"bytes":	6160384,
					"bits_per_second":	4.92788e+07,
					"retransmits":	0,
					"snd_cwnd":	761648,
					"omitted":	false
				}],
			"sum":	{
				"start":	7.0002,
				"end":	8.00029,
				"seconds":	1.00009,
				"bytes":	6160384,
				"bits_per_second":	4.92788e+07,
				"retransmits":	0,
				"omitted":	false
			}
		}, {
			"streams":	[{
					"socket":	4,
					"start":	8.00029,
					"end":	9.00023,
					"seconds":	0.999944,
					"bytes":	6291456,
					"bits_per_second":	5.03345e+07,
					"retransmits":	0,
					"snd_cwnd":	761648,
					"omitted":	false
				}],
			"sum":	{
				"start":	8.00029,
				"end":	9.00023,
				"seconds":	0.999944,
				"bytes":	6291456,
				"bits_per_second":	5.03345e+07,
				"retransmits":	0,
				"omitted":	false
			}
		}, {
			"streams":	[{
					"socket":	4,
					"start":	9.00023,
					"end":	10.0002,
					"seconds":	0.99995,
					"bytes":	6291456,
					"bits_per_second":	5.03342e+07,
					"retransmits":	0,
					"snd_cwnd":	761648,
					"omitted":	false
				}],
			"sum":	{
				"start":	9.00023,
				"end":	10.0002,
				"seconds":	0.99995,
				"bytes":	6291456,
				"bits_per_second":	5.03342e+07,
				"retransmits":	0,
				"omitted":	false
			}
		}, {
			"streams":	[{
					"socket":	4,
					"start":	10.0002,
					"end":	11.0003,
					"seconds":	1.00015,
					"bytes":	6291456,
					"bits_per_second":	5.03242e+07,
					"retransmits":	0,
					"snd_cwnd":	761648,
					"omitted":	false
				}],
			"sum":	{
				"start":	10.0002,
				"end":	11.0003,
				"seconds":	1.00015,
				"bytes":	6291456,
				"bits_per_second":	5.03242e+07,
				"retransmits":	0,
				"omitted":	false
			}
		}, {
			"streams":	[{
					"socket":	4,
					"start":	11.0003,
					"end":	12.0002,
					"seconds":	0.999884,
					"bytes":	6291456,
					"bits_per_second":	5.03375e+07,
					"retransmits":	0,
					"snd_cwnd":	800744,
					"omitted":	false
				}],
			"sum":	{
				"start":	11.0003,
				"end":	12.0002,
				"seconds":	0.999884,
				"bytes":	6291456,
				"bits_per_second":	5.03375e+07,
				"retransmits":	0,
				"omitted":	false
			}
		}, {
			"streams":	[{
					"socket":	4,
					"start":	12.0002,
					"end":	13.0001,
					"seconds":	0.999856,
					"bytes":	6160384,
					"bits_per_second":	4.92902e+07,
					"retransmits":	0,
					"snd_cwnd":	800744,
					"omitted":	false
				}],
			"sum":	{
				"start":	12.0002,
				"end":	13.0001,
				"seconds":	0.999856,
				"bytes":	6160384,
				"bits_per_second":	4.92902e+07,
				"retransmits":	0,
				"omitted":	false
			}
		}, {
			"streams":	[{
					"socket":	4,
					"start":	13.0001,
					"end":	14.0005,
					"seconds":	1.00048,
					"bytes":	6291456,
					"bits_per_second":	5.03077e+07,
					"retransmits":	0,
					"snd_cwnd":	800744,
					"omitted":	false
				}],
			"sum":	{
				"start":	13.0001,
				"end":	14.0005,
				"seconds":	1.00048,
				"bytes":	6291456,
				"bits_per_second":	5.03077e+07,
				"retransmits":	0,
				"omitted":	false
			}
		}, {
			"streams":	[{
					"socket":	4,
					"start":	14.0005,
					"end":	15.0003,
					"seconds":	0.999761,
					"bytes":	6160384,
					"bits_per_second":	4.92949e+07,
					"retransmits":	0,
					"snd_cwnd":	800744,
					"omitted":	false
				}],
			"sum":	{
				"start":	14.0005,
				"end":	15.0003,
				"seconds":	0.999761,
				"bytes":	6160384,
				"bits_per_second":	4.92949e+07,
				"retransmits":	0,
				"omitted":	false
			}
		}, {
			"streams":	[{
					"socket":	4,
					"start":	15.0003,
					"end":	16.0002,
					"seconds":	0.999906,
					"bytes":	6291456,
					"bits_per_second":	5.03364e+07,
					"retransmits":	0,
					"snd_cwnd":	800744,
					"omitted":	false
				}],
			"sum":	{
				"start":	15.0003,
				"end":	16.0002,
				"seconds":	0.999906,
				"bytes":	6291456,
				"bits_per_second":	5.03364e+07,
				"retransmits":	0,
				"omitted":	false
			}
		}, {
			"streams":	[{
					"socket":	4,
					"start":	16.0002,
					"end":	17.0009,
					"seconds":	1.00072,
					"bytes":	6291456,
					"bits_per_second":	5.02956e+07,
					"retransmits":	0,
					"snd_cwnd":	800744,
					"omitted":	false
				}],
			"sum":	{
				"start":	16.0002,
				"end":	17.0009,
				"seconds":	1.00072,
				"bytes":	6291456,
				"bits_per_second":	5.02956e+07,
				"retransmits":	0,
				"omitted":	false
			}
		}, {
			"streams":	[{
					"socket":	4,
					"start":	17.0009,
					"end":	18.0002,
					"seconds":	0.99928,
					"bytes":	6160384,
					"bits_per_second":	4.93186e+07,
					"retransmits":	0,
					"snd_cwnd":	800744,
					"omitted":	false
				}],
			"sum":	{
				"start":	17.0009,
				"end":	18.0002,
				"seconds":	0.99928,
				"bytes":	6160384,
				"bits_per_second":	4.93186e+07,
				"retransmits":	0,
				"omitted":	false
			}
		}, {
			"streams":	[{
					"socket":	4,
					"start":	18.0002,
					"end":	19.0004,
					"seconds":	1.00018,
					"bytes":	6291456,
					"bits_per_second":	5.03225e+07,
					"retransmits":	0,
					"snd_cwnd":	800744,
					"omitted":	false
				}],
			"sum":	{
				"start":	18.0002,
				"end":	19.0004,
				"seconds":	1.00018,
				"bytes":	6291456,
				"bits_per_second":	5.03225e+07,
				"retransmits":	0,
				"omitted":	false
			}
		}, {
			"streams":	[{
					"socket":	4,
					"start":	19.0004,
					"end":	20.0002,
					"seconds":	0.999769,
					"bytes":	6291456,
					"bits_per_second":	5.03433e+07,
					"retransmits":	0,
					"snd_cwnd":	800744,
					"omitted":	false
				}],
			"sum":	{
				"start":	19.0004,
				"end":	20.0002,
				"seconds":	0.999769,
				"bytes":	6291456,
				"bits_per_second":	5.03433e+07,
				"retransmits":	0,
				"omitted":	false
			}
		}, {
			"streams":	[{
					"socket":	4,
					"start":	20.0002,
					"end":	21.0003,
					"seconds":	1.00012,
					"bytes":	6160384,
					"bits_per_second":	4.92772e+07,
					"retransmits":	0,
					"snd_cwnd":	800744,
					"omitted":	false
				}],
			"sum":	{
				"start":	20.0002,
				"end":	21.0003,
				"seconds":	1.00012,
				"bytes":	6160384,
				"bits_per_second":	4.92772e+07,
				"retransmits":	0,
				"omitted":	false
			}
		}, {
			"streams":	[{
					"socket":	4,
					"start":	21.0003,
					"end":	22.0003,
					"seconds":	1.00002,
					"bytes":	6291456,
					"bits_per_second":	5.03304e+07,
					"retransmits":	0,
					"snd_cwnd":	800744,
					"omitted":	false
				}],
			"sum":	{
				"start":	21.0003,
				"end":	22.0003,
				"seconds":	1.00002,
				"bytes":	6291456,
				"bits_per_second":	5.03304e+07,
				"retransmits":	0,
				"omitted":	false
			}
		}, {
			"streams":	[{
					"socket":	4,
					"start":	22.0003,
					"end":	23.0011,
					"seconds":	1.00085,
					"bytes":	6291456,
					"bits_per_second":	5.0289e+07,
					"retransmits":	0,
					"snd_cwnd":	800744,
					"omitted":	false
				}],
			"sum":	{
				"start":	22.0003,
				"end":	23.0011,
				"seconds":	1.00085,
				"bytes":	6291456,
				"bits_per_second":	5.0289e+07,
				"retransmits":	0,
				"omitted":	false
			}
		}, {
			"streams":	[{
					"socket":	4,
					"start":	23.0011,
					"end":	24.0003,
					"seconds":	0.999181,
					"bytes":	6160384,
					"bits_per_second":	4.93235e+07,
					"retransmits":	0,
					"snd_cwnd":	800744,
					"omitted":	false
				}],
			"sum":	{
				"start":	23.0011,
				"end":	24.0003,
				"seconds":	0.999181,
				"bytes":	6160384,
				"bits_per_second":	4.93235e+07,
				"retransmits":	0,
				"omitted":	false
			}
		}, {
			"streams":	[{
					"socket":	4,
					"start":	24.0003,
					"end":	25.0015,
					"seconds":	1.00118,
					"bytes":	6291456,
					"bits_per_second":	5.02725e+07,
					"retransmits":	0,
					"snd_cwnd":	800744,
					"omitted":	false
				}],
			"sum":	{
				"start":	24.0003,
				"end":	25.0015,
				"seconds":	1.00118,
				"bytes":	6291456,
				"bits_per_second":	5.02725e+07,
				"retransmits":	0,
				"omitted":	false
			}
		}, {
			"streams":	[{
					"socket":	4,
					"start":	25.0015,
					"end":	26.0007,
					"seconds":	0.999226,
					"bytes":	6291456,
					"bits_per_second":	5.03706e+07,
					"retransmits":	5,
					"snd_cwnd":	800744,
					"omitted":	false
				}],
			"sum":	{
				"start":	25.0015,
				"end":	26.0007,
				"seconds":	0.999226,
				"bytes":	6291456,
				"bits_per_second":	5.03706e+07,
				"retransmits":	5,
				"omitted":	false
			}
		}, {
			"streams":	[{
					"socket":	4,
					"start":	26.0007,
					"end":	27.0002,
					"seconds":	0.999516,
					"bytes":	6160384,
					"bits_per_second":	4.93069e+07,
					"retransmits":	0,
					"snd_cwnd":	800744,
					"omitted":	false
				}],
			"sum":	{
				"start":	26.0007,
				"end":	27.0002,
				"seconds":	0.999516,
				"bytes":	6160384,
				"bits_per_second":	4.93069e+07,
				"retransmits":	0,
				"omitted":	false
			}
		}, {
			"streams":	[{
					"socket":	4,
					"start":	27.0002,
					"end":	28.0005,
					"seconds":	1.00022,
					"bytes":	6291456,
					"bits_per_second":	5.03206e+07,
					"retransmits":	0,
					"snd_cwnd":	800744,
					"omitted":	false
				}],
			"sum":	{
				"start":	27.0002,
				"end":	28.0005,
				"seconds":	1.00022,
				"bytes":	6291456,
				"bits_per_second":	5.03206e+07,
				"retransmits":	0,
				"omitted":	false
			}
		}, {
			"streams":	[{
					"socket":	4,
					"start":	28.0005,
					"end":	29.0003,
					"seconds":	0.999841,
					"bytes":	6291456,
					"bits_per_second":	5.03397e+07,
					"retransmits":	0,
					"snd_cwnd":	800744,
					"omitted":	false
				}],
			"sum":	{
				"start":	28.0005,
				"end":	29.0003,
				"seconds":	0.999841,
				"bytes":	6291456,
				"bits_per_second":	5.03397e+07,
				"retransmits":	0,
				"omitted":	false
			}
		}, {
			"streams":	[{
					"socket":	4,
					"start":	29.0003,
					"end":	30.0005,
					"seconds":	1.00023,
					"bytes":	6291456,
					"bits_per_second":	5.03201e+07,
					"retransmits":	0,
					"snd_cwnd":	800744,
					"omitted":	false
				}],
			"sum":	{
				"start":	29.0003,
				"end":	30.0005,
				"seconds":	1.00023,
				"bytes":	6291456,
				"bits_per_second":	5.03201e+07,
				"retransmits":	0,
				"omitted":	false
			}
		}, {
			"streams":	[{
					"socket":	4,
					"start":	30.0005,
					"end":	31.0006,
					"seconds":	1.00005,
					"bytes":	6160384,
					"bits_per_second":	4.92808e+07,
					"retransmits":	0,
					"snd_cwnd":	800744,
					"omitted":	false
				}],
			"sum":	{
				"start":	30.0005,
				"end":	31.0006,
				"seconds":	1.00005,
				"bytes":	6160384,
				"bits_per_second":	4.92808e+07,
				"retransmits":	0,
				"omitted":	false
			}
		}, {
			"streams":	[{
					"socket":	4,
					"start":	31.0006,
					"end":	32.0004,
					"seconds":	0.999845,
					"bytes":	6291456,
					"bits_per_second":	5.03394e+07,
					"retransmits":	0,
					"snd_cwnd":	800744,
					"omitted":	false
				}],
			"sum":	{
				"start":	31.0006,
				"end":	32.0004,
				"seconds":	0.999845,
				"bytes":	6291456,
				"bits_per_second":	5.03394e+07,
				"retransmits":	0,
				"omitted":	false
			}
		}, {
			"streams":	[{
					"socket":	4,
					"start":	32.0004,
					"end":	33.0004,
					"seconds":	0.99995,
					"bytes":	6291456,
					"bits_per_second":	5.03342e+07,
					"retransmits":	0,
					"snd_cwnd":	800744,
					"omitted":	false
				}],
			"sum":	{
				"start":	32.0004,
				"end":	33.0004,
				"seconds":	0.99995,
				"bytes":	6291456,
				"bits_per_second":	5.03342e+07,
				"retransmits":	0,
				"omitted":	false
			}
		}, {
			"streams":	[{
					"socket":	4,
					"start":	33.0004,
					"end":	34.0005,
					"seconds":	1.00011,
					"bytes":	6160384,
					"bits_per_second":	4.92777e+07,
					"retransmits":	0,
					"snd_cwnd":	800744,
					"omitted":	false
				}],
			"sum":	{
				"start":	33.0004,
				"end":	34.0005,
				"seconds":	1.00011,
				"bytes":	6160384,
				"bits_per_second":	4.92777e+07,
				"retransmits":	0,
				"omitted":	false
			}
		}, {
			"streams":	[{
					"socket":	4,
					"start":	34.0005,
					"end":	35.0002,
					"seconds":	0.999701,
					"bytes":	6291456,
					"bits_per_second":	5.03467e+07,
					"retransmits":	0,
					"snd_cwnd":	800744,
					"omitted":	false
				}],
			"sum":	{
				"start":	34.0005,
				"end":	35.0002,
				"seconds":	0.999701,
				"bytes":	6291456,
				"bits_per_second":	5.03467e+07,
				"retransmits":	0,
				"omitted":	false
			}
		}, {
			"streams":	[{
					"socket":	4,
					"start":	35.0002,
					"end":	36.0006,
					"seconds":	1.00044,
					"bytes":	6291456,
					"bits_per_second":	5.03097e+07,
					"retransmits":	0,
					"snd_cwnd":	800744,
					"omitted":	false
				}],
			"sum":	{
				"start":	35.0002,
				"end":	36.0006,
				"seconds":	1.00044,
				"bytes":	6291456,
				"bits_per_second":	5.03097e+07,
				"retransmits":	0,
				"omitted":	false
			}
		}, {
			"streams":	[{
					"socket":	4,
					"start":	36.0006,
					"end":	37.0006,
					"seconds":	1.00002,
					"bytes":	6160384,
					"bits_per_second":	4.92819e+07,
					"retransmits":	0,
					"snd_cwnd":	800744,
					"omitted":	false
				}],
			"sum":	{
				"start":	36.0006,
				"end":	37.0006,
				"seconds":	1.00002,
				"bytes":	6160384,
				"bits_per_second":	4.92819e+07,
				"retransmits":	0,
				"omitted":	false
			}
		}, {
			"streams":	[{
					"socket":	4,
					"start":	37.0006,
					"end":	38.0002,
					"seconds":	0.999591,
					"bytes":	6291456,
					"bits_per_second":	5.03522e+07,
					"retransmits":	0,
					"snd_cwnd":	800744,
					"omitted":	false
				}],
			"sum":	{
				"start":	37.0006,
				"end":	38.0002,
				"seconds":	0.999591,
				"bytes":	6291456,
				"bits_per_second":	5.03522e+07,
				"retransmits":	0,
				"omitted":	false
			}
		}, {
			"streams":	[{
					"socket":	4,
					"start":	38.0002,
					"end":	39.0005,
					"seconds":	1.00024,
					"bytes":	6291456,
					"bits_per_second":	5.03195e+07,
					"retransmits":	0,
					"snd_cwnd":	800744,
					"omitted":	false
				}],
			"sum":	{
				"start":	38.0002,
				"end":	39.0005,
				"seconds":	1.00024,
				"bytes":	6291456,
				"bits_per_second":	5.03195e+07,
				"retransmits":	0,
				"omitted":	false
			}
		}, {
			"streams":	[{
					"socket":	4,
					"start":	39.0005,
					"end":	40.0005,
					"seconds":	1.00001,
					"bytes":	6160384,
					"bits_per_second":	4.92828e+07,
					"retransmits":	0,
					"snd_cwnd":	800744,
					"omitted":	false
				}],
			"sum":	{
				"start":	39.0005,
				"end":	40.0005,
				"seconds":	1.00001,
				"bytes":	6160384,
				"bits_per_second":	4.92828e+07,
				"retransmits":	0,
				"omitted":	false
			}
		}, {
			"streams":	[{
					"socket":	4,
					"start":	40.0005,
					"end":	41.0004,
					"seconds":	0.999937,
					"bytes":	6291456,
					"bits_per_second":	5.03348e+07,
					"retransmits":	0,
					"snd_cwnd":	800744,
					"omitted":	false
				}],
			"sum":	{
				"start":	40.0005,
				"end":	41.0004,
				"seconds":	0.999937,
				"bytes":	6291456,
				"bits_per_second":	5.03348e+07,
				"retransmits":	0,
				"omitted":	false
			}
		}, {
			"streams":	[{
					"socket":	4,
					"start":	41.0004,
					"end":	42.0001,
					"seconds":	0.99967,
					"bytes":	6291456,
					"bits_per_second":	5.03483e+07,
					"retransmits":	0,
					"snd_cwnd":	800744,
					"omitted":	false
				}],
			"sum":	{
				"start":	41.0004,
				"end":	42.0001,
				"seconds":	0.99967,
				"bytes":	6291456,
				"bits_per_second":	5.03483e+07,
				"retransmits":	0,
				"omitted":	false
			}
		}, {
			"streams":	[{
					"socket":	4,
					"start":	42.0001,
					"end":	43.0003,
					"seconds":	1.00019,
					"bytes":	6160384,
					"bits_per_second":	4.92739e+07,
					"retransmits":	0,
					"snd_cwnd":	800744,
					"omitted":	false
				}],
			"sum":	{
				"start":	42.0001,
				"end":	43.0003,
				"seconds":	1.00019,
				"bytes":	6160384,
				"bits_per_second":	4.92739e+07,
				"retransmits":	0,
				"omitted":	false
			}
		}, {
			"streams":	[{
					"socket":	4,
					"start":	43.0003,
					"end":	44.0004,
					"seconds":	1.00012,
					"bytes":	6291456,
					"bits_per_second":	5.03259e+07,
					"retransmits":	0,
					"snd_cwnd":	800744,
					"omitted":	false
				}],
			"sum":	{
				"start":	43.0003,
				"end":	44.0004,
				"seconds":	1.00012,
				"bytes":	6291456,
				"bits_per_second":	5.03259e+07,
				"retransmits":	0,
				"omitted":	false
			}
		}, {
			"streams":	[{
					"socket":	4,
					"start":	44.0004,
					"end":	45.0001,
					"seconds":	0.99969,
					"bytes":	6291456,
					"bits_per_second":	5.03473e+07,
					"retransmits":	0,
					"snd_cwnd":	800744,
					"omitted":	false
				}],
			"sum":	{
				"start":	44.0004,
				"end":	45.0001,
				"seconds":	0.99969,
				"bytes":	6291456,
				"bits_per_second":	5.03473e+07,
				"retransmits":	0,
				"omitted":	false
			}
		}, {
			"streams":	[{
					"socket":	4,
					"start":	45.0001,
					"end":	46.0002,
					"seconds":	1.00015,
					"bytes":	6160384,
					"bits_per_second":	4.92754e+07,
					"retransmits":	0,
					"snd_cwnd":	800744,
					"omitted":	false
				}],
			"sum":	{
				"start":	45.0001,
				"end":	46.0002,
				"seconds":	1.00015,
				"bytes":	6160384,
				"bits_per_second":	4.92754e+07,
				"retransmits":	0,
				"omitted":	false
			}
		}, {
			"streams":	[{
					"socket":	4,
					"start":	46.0002,
					"end":	47.004,
					"seconds":	1.00373,
					"bytes":	4980736,
					"bits_per_second":	3.9698e+07,
					"retransmits":	194,
					"snd_cwnd":	366344,
					"omitted":	false
				}],
			"sum":	{
				"start":	46.0002,
				"end":	47.004,
				"seconds":	1.00373,
				"bytes":	4980736,
				"bits_per_second":	3.9698e+07,
				"retransmits":	194,
				"omitted":	false
			}
		}, {
			"streams":	[{
					"socket":	4,
					"start":	47.004,
					"end":	48.0019,
					"seconds":	0.997933,
					"bytes":	6291456,
					"bits_per_second":	5.04359e+07,
					"retransmits":	11,
					"snd_cwnd":	417024,
					"omitted":	false
				}],
			"sum":	{
				"start":	47.004,
				"end":	48.0019,
				"seconds":	0.997933,
				"bytes":	6291456,
				"bits_per_second":	5.04359e+07,
				"retransmits":	11,
				"omitted":	false
			}
		}, {
			"streams":	[{
					"socket":	4,
					"start":	48.0019,
					"end":	49.0038,
					"seconds":	1.00191,
					"bytes":	7602176,
					"bits_per_second":	6.07017e+07,
					"retransmits":	3,
					"snd_cwnd":	431504,
					"omitted":	false
				}],
			"sum":	{
				"start":	48.0019,
				"end":	49.0038,
				"seconds":	1.00191,
				"bytes":	7602176,
				"bits_per_second":	6.07017e+07,
				"retransmits":	3,
				"omitted":	false
			}
		}, {
			"streams":	[{
					"socket":	4,
					"start":	49.0038,
					"end":	50.0012,
					"seconds":	0.997362,
					"bytes":	6160384,
					"bits_per_second":	4.94134e+07,
					"retransmits":	0,
					"snd_cwnd":	443088,
					"omitted":	false
				}],
			"sum":	{
				"start":	49.0038,
				"end":	50.0012,
				"seconds":	0.997362,
				"bytes":	6160384,
				"bits_per_second":	4.94134e+07,
				"retransmits":	0,
				"omitted":	false
			}
		}, {
			"streams":	[{
					"socket":	4,
					"start":	50.0012,
					"end":	51.0006,
					"seconds":	0.999392,
					"bytes":	6291456,
					"bits_per_second":	5.03623e+07,
					"retransmits":	0,
					"snd_cwnd":	454672,
					"omitted":	false
				}],
			"sum":	{
				"start":	50.0012,
				"end":	51.0006,
				"seconds":	0.999392,
				"bytes":	6291456,
				"bits_per_second":	5.03623e+07,
				"retransmits":	0,
				"omitted":	false
			}
		}, {
			"streams":	[{
					"socket":	4,
					"start":	51.0006,
					"end":	52.0004,
					"seconds":	0.999849,
					"bytes":	6291456,
					"bits_per_second":	5.03392e+07,
					"retransmits":	0,
					"snd_cwnd":	463360,
					"omitted":	false
				}],
			"sum":	{
				"start":	51.0006,
				"end":	52.0004,
				"seconds":	0.999849,
				"bytes":	6291456,
				"bits_per_second":	5.03392e+07,
				"retransmits":	0,
				"omitted":	false
			}
		}, {
			"streams":	[{
					"socket":	4,
					"start":	52.0004,
					"end":	53.0002,
					"seconds":	0.999841,
					"bytes":	6160384,
					"bits_per_second":	4.92909e+07,
					"retransmits":	0,
					"snd_cwnd":	472048,
					"omitted":	false
				}],
			"sum":	{
				"start":	52.0004,
				"end":	53.0002,
				"seconds":	0.999841,
				"bytes":	6160384,
				"bits_per_second":	4.92909e+07,
				"retransmits":	0,
				"omitted":	false
			}
		}, {
			"streams":	[{
					"socket":	4,
					"start":	53.0002,
					"end":	54.0004,
					"seconds":	1.00011,
					"bytes":	6291456,
					"bits_per_second":	5.03264e+07,
					"retransmits":	13,
					"snd_cwnd":	479288,
					"omitted":	false
				}],
			"sum":	{
				"start":	53.0002,
				"end":	54.0004,
				"seconds":	1.00011,
				"bytes":	6291456,
				"bits_per_second":	5.03264e+07,
				"retransmits":	13,
				"omitted":	false
			}
		}, {
			"streams":	[{
					"socket":	4,
					"start":	54.0004,
					"end":	55.0003,
					"seconds":	0.999987,
					"bytes":	6291456,
					"bits_per_second":	5.03323e+07,
					"retransmits":	0,
					"snd_cwnd":	487976,
					"omitted":	false
				}],
			"sum":	{
				"start":	54.0004,
				"end":	55.0003,
				"seconds":	0.999987,
				"bytes":	6291456,
				"bits_per_second":	5.03323e+07,
				"retransmits":	0,
				"omitted":	false
			}
		}, {
			"streams":	[{
					"socket":	4,
					"start":	55.0003,
					"end":	56.0002,
					"seconds":	0.999854,
					"bytes":	6160384,
					"bits_per_second":	4.92903e+07,
					"retransmits":	0,
					"snd_cwnd":	495216,
					"omitted":	false
				}],
			"sum":	{
				"start":	55.0003,
				"end":	56.0002,
				"seconds":	0.999854,
				"bytes":	6160384,
				"bits_per_second":	4.92903e+07,
				"retransmits":	0,
				"omitted":	false
			}
		}, {
			"streams":	[{
					"socket":	4,
					"start":	56.0002,
					"end":	57.0002,
					"seconds":	1.00002,
					"bytes":	6291456,
					"bits_per_second":	5.03306e+07,
					"retransmits":	0,
					"snd_cwnd":	503904,
					"omitted":	false
				}],
			"sum":	{
				"start":	56.0002,
				"end":	57.0002,
				"seconds":	1.00002,
				"bytes":	6291456,
				"bits_per_second":	5.03306e+07,
				"retransmits":	0,
				"omitted":	false
			}
		}, {
			"streams":	[{
					"socket":	4,
					"start":	57.0002,
					"end":	58.0017,
					"seconds":	1.00145,
					"bytes":	6291456,
					"bits_per_second":	5.02586e+07,
					"retransmits":	0,
					"snd_cwnd":	512592,
					"omitted":	false
				}],
			"sum":	{
				"start":	57.0002,
				"end":	58.0017,
				"seconds":	1.00145,
				"bytes":	6291456,
				"bits_per_second":	5.02586e+07,
				"retransmits":	0,
				"omitted":	false
			}
		}],
	"end":	{
		"streams":	[{
				"sender":	{
					"socket":	4,
					"start":	0,
					"end":	58.0017,
					"seconds":	58.0017,
					"bytes":	361989648,
					"bits_per_second":	4.99282e+07,
					"retransmits":	226
				},
				"receiver":	{
					"socket":	4,
					"start":	0,
					"end":	58.0017,
					"seconds":	58.0017,
					"bytes":	361989648,
					"bits_per_second":	4.99282e+07
				}
			}],
		"sum_sent":	{
			"start":	0,
			"end":	58.0017,
			"seconds":	58.0017,
			"bytes":	361989648,
			"bits_per_second":	4.99282e+07,
			"retransmits":	226
		},
		"sum_received":	{
			"start":	0,
			"end":	58.0017,
			"seconds":	58.0017,
			"bytes":	361989648,
			"bits_per_second":	4.99282e+07
		},
		"cpu_utilization_percent":	{
			"host_total":	1.01575,
			"host_user":	0.0357142,
			"host_system":	0.98003,
			"remote_total":	2.68021,
			"remote_user":	0.233066,
			"remote_system":	2.44715
		}
	}
}
