{
	"start":	{
		"connected":	[{
				"socket":	4,
				"local_host":	"10.0.0.1",
				"local_port":	60150,
				"remote_host":	"10.0.0.13",
				"remote_port":	2004
			}],
		"version":	"iperf 3.0.7",
		"system_info":	"Linux BS1 5.4.197-0504197-generic #202206060747 SMP Mon Jun 6 09:27:47 UTC 2022 x86_64 x86_64 x86_64 GNU/Linux\n",
		"timestamp":	{
			"time":	"Mon, 25 Jul 2022 21:43:52 GMT",
			"timesecs":	1658785432
		},
		"connecting_to":	{
			"host":	"10.0.0.13",
			"port":	2004
		},
		"cookie":	"BS1.1658785432.148447.066aea4e004aad",
		"test_start":	{
			"protocol":	"UDP",
			"num_streams":	1,
			"blksize":	8192,
			"omit":	0,
			"duration":	52,
			"bytes":	0,
			"blocks":	0,
			"reverse":	0
		}
	},
	"intervals":	[{
			"streams":	[{
					"socket":	4,
					"start":	0,
					"end":	1.00033,
					"seconds":	1.00033,
					"bytes":	2826240,
					"bits_per_second":	2.26024e+07,
					"packets":	345,
					"omitted":	false
				}],
			"sum":	{
				"start":	0,
				"end":	1.00033,
				"seconds":	1.00033,
				"bytes":	2826240,
				"bits_per_second":	2.26024e+07,
				"packets":	345,
				"omitted":	false
			}
		}, {
			"streams":	[{
					"socket":	4,
					"start":	1.00033,
					"end":	2.0004,
					"seconds":	1.00007,
					"bytes":	3121152,
					"bits_per_second":	2.49674e+07,
					"packets":	381,
					"omitted":	false
				}],
			"sum":	{
				"start":	1.00033,
				"end":	2.0004,
				"seconds":	1.00007,
				"bytes":	3121152,
				"bits_per_second":	2.49674e+07,
				"packets":	381,
				"omitted":	false
			}
		}, {
			"streams":	[{
					"socket":	4,
					"start":	2.0004,
					"end":	3.00023,
					"seconds":	0.999826,
					"bytes":	3121152,
					"bits_per_second":	2.49736e+07,
					"packets":	381,
					"omitted":	false
				}],
			"sum":	{
				"start":	2.0004,
				"end":	3.00023,
				"seconds":	0.999826,
				"bytes":	3121152,
				"bits_per_second":	2.49736e+07,
				"packets":	381,
				"omitted":	false
			}
		}, {
			"streams":	[{
					"socket":	4,
					"start":	3.00023,
					"end":	4.00014,
					"seconds":	0.999907,
					"bytes":	3129344,
					"bits_per_second":	2.50371e+07,
					"packets":	382,
					"omitted":	false
				}],
			"sum":	{
				"start":	3.00023,
				"end":	4.00014,
				"seconds":	0.999907,
				"bytes":	3129344,
				"bits_per_second":	2.50371e+07,
				"packets":	382,
				"omitted":	false
			}
		}, {
			"streams":	[{
					"socket":	4,
					"start":	4.00014,
					"end":	5.0002,
					"seconds":	1.00006,
					"bytes":	3121152,
					"bits_per_second":	2.49676e+07,
					"packets":	381,
					"omitted":	false
				}],
			"sum":	{
				"start":	4.00014,
				"end":	5.0002,
				"seconds":	1.00006,
				"bytes":	3121152,
				"bits_per_second":	2.49676e+07,
				"packets":	381,
				"omitted":	false
			}
		}, {
			"streams":	[{
					"socket":	4,
					"start":	5.0002,
					"end":	6.00026,
					"seconds":	1.00006,
					"bytes":	3129344,
					"bits_per_second":	2.50333e+07,
					"packets":	382,
					"omitted":	false
				}],
			"sum":	{
				"start":	5.0002,
				"end":	6.00026,
				"seconds":	1.00006,
				"bytes":	3129344,
				"bits_per_second":	2.50333e+07,
				"packets":	382,
				"omitted":	false
			}
		}, {
			"streams":	[{
					"socket":	4,
					"start":	6.00026,
					"end":	7.00068,
					"seconds":	1.00042,
					"bytes":	3121152,
					"bits_per_second":	2.49586e+07,
					"packets":	381,
					"omitted":	false
				}],
			"sum":	{
				"start":	6.00026,
				"end":	7.00068,
				"seconds":	1.00042,
				"bytes":	3121152,
				"bits_per_second":	2.49586e+07,
				"packets":	381,
				"omitted":	false
			}
		}, {
			"streams":	[{
					"socket":	4,
					"start":	7.00068,
					"end":	8.00053,
					"seconds":	0.999846,
					"bytes":	3129344,
					"bits_per_second":	2.50386e+07,
					"packets":	382,
					"omitted":	false
				}],
			"sum":	{
				"start":	7.00068,
				"end":	8.00053,
				"seconds":	0.999846,
				"bytes":	3129344,
				"bits_per_second":	2.50386e+07,
				"packets":	382,
				"omitted":	false
			}
		}, {
			"streams":	[{
					"socket":	4,
					"start":	8.00053,
					"end":	9.00011,
					"seconds":	0.999584,
					"bytes":	3121152,
					"bits_per_second":	2.49796e+07,
					"packets":	381,
					"omitted":	false
				}],
			"sum":	{
				"start":	8.00053,
				"end":	9.00011,
				"seconds":	0.999584,
				"bytes":	3121152,
				"bits_per_second":	2.49796e+07,
				"packets":	381,
				"omitted":	false
			}
		}, {
			"streams":	[{
					"socket":	4,
					"start":	9.00011,
					"end":	10.0035,
					"seconds":	1.00342,
					"bytes":	3129344,
					"bits_per_second":	2.49495e+07,
					"packets":	382,
					"omitted":	false
				}],
			"sum":	{
				"start":	9.00011,
				"end":	10.0035,
				"seconds":	1.00342,
				"bytes":	3129344,
				"bits_per_second":	2.49495e+07,
				"packets":	382,
				"omitted":	false
			}
		}, {
			"streams":	[{
					"socket":	4,
					"start":	10.0035,
					"end":	11.0004,
					"seconds":	0.996847,
					"bytes":	3121152,
					"bits_per_second":	2.50482e+07,
					"packets":	381,
					"omitted":	false
				}],
			"sum":	{
				"start":	10.0035,
				"end":	11.0004,
				"seconds":	0.996847,
				"bytes":	3121152,
				"bits_per_second":	2.50482e+07,
				"packets":	381,
				"omitted":	false
			}
		}, {
			"streams":	[{
					"socket":	4,
					"start":	11.0004,
					"end":	12.0003,
					"seconds":	0.999876,
					"bytes":	3129344,
					"bits_per_second":	2.50379e+07,
					"packets":	382,
					"omitted":	false
				}],
			"sum":	{
				"start":	11.0004,
				"end":	12.0003,
				"seconds":	0.999876,
				"bytes":	3129344,
				"bits_per_second":	2.50379e+07,
				"packets":	382,
				"omitted":	false
			}
		}, {
			"streams":	[{
					"socket":	4,
					"start":	12.0003,
					"end":	13.0002,
					"seconds":	0.999935,
					"bytes":	3162112,
					"bits_per_second":	2.52985e+07,
					"packets":	386,
					"omitted":	false
				}],
			"sum":	{
				"start":	12.0003,
				"end":	13.0002,
				"seconds":	0.999935,
				"bytes":	3162112,
				"bits_per_second":	2.52985e+07,
				"packets":	386,
				"omitted":	false
			}
		}, {
			"streams":	[{
					"socket":	4,
					"start":	13.0002,
					"end":	14.0003,
					"seconds":	1.00014,
					"bytes":	3080192,
					"bits_per_second":	2.4638e+07,
					"packets":	376,
					"omitted":	false
				}],
			"sum":	{
				"start":	13.0002,
				"end":	14.0003,
				"seconds":	1.00014,
				"bytes":	3080192,
				"bits_per_second":	2.4638e+07,
				"packets":	376,
				"omitted":	false
			}
		}, {
			"streams":	[{
					"socket":	4,
					"start":	14.0003,
					"end":	15.0002,
					"seconds":	0.999889,
					"bytes":	3145728,
					"bits_per_second":	2.51686e+07,
					"packets":	384,
					"omitted":	false
				}],
			"sum":	{
				"start":	14.0003,
				"end":	15.0002,
				"seconds":	0.999889,
				"bytes":	3145728,
				"bits_per_second":	2.51686e+07,
				"packets":	384,
				"omitted":	false
			}
		}, {
			"streams":	[{
					"socket":	4,
					"start":	15.0002,
					"end":	16.0001,
					"seconds":	0.999894,
					"bytes":	3194880,
					"bits_per_second":	2.55618e+07,
					"packets":	390,
					"omitted":	false
				}],
			"sum":	{
				"start":	15.0002,
				"end":	16.0001,
				"seconds":	0.999894,
				"bytes":	3194880,
				"bits_per_second":	2.55618e+07,
				"packets":	390,
				"omitted":	false
			}
		}, {
			"streams":	[{
					"socket":	4,
					"start":	16.0001,
					"end":	17.0003,
					"seconds":	1.00023,
					"bytes":	3055616,
					"bits_per_second":	2.44393e+07,
					"packets":	373,
					"omitted":	false
				}],
			"sum":	{
				"start":	16.0001,
				"end":	17.0003,
				"seconds":	1.00023,
				"bytes":	3055616,
				"bits_per_second":	2.44393e+07,
				"packets":	373,
				"omitted":	false
			}
		}, {
			"streams":	[{
					"socket":	4,
					"start":	17.0003,
					"end":	18.0002,
					"seconds":	0.999907,
					"bytes":	3104768,
					"bits_per_second":	2.48405e+07,
					"packets":	379,
					"omitted":	false
				}],
			"sum":	{
				"start":	17.0003,
				"end":	18.0002,
				"seconds":	0.999907,
				"bytes":	3104768,
				"bits_per_second":	2.48405e+07,
				"packets":	379,
				"omitted":	false
			}
		}, {
			"streams":	[{
					"socket":	4,
					"start":	18.0002,
					"end":	19.0004,
					"seconds":	1.00018,
					"bytes":	3129344,
					"bits_per_second":	2.50303e+07,
					"packets":	382,
					"omitted":	false
				}],
			"sum":	{
				"start":	18.0002,
				"end":	19.0004,
				"seconds":	1.00018,
				"bytes":	3129344,
				"bits_per_second":	2.50303e+07,
				"packets":	382,
				"omitted":	false
			}
		}, {
			"streams":	[{
					"socket":	4,
					"start":	19.0004,
					"end":	20.0004,
					"seconds":	0.999962,
					"bytes":	3129344,
					"bits_per_second":	2.50357e+07,
					"packets":	382,
					"omitted":	false
				}],
			"sum":	{
				"start":	19.0004,
				"end":	20.0004,
				"seconds":	0.999962,
				"bytes":	3129344,
				"bits_per_second":	2.50357e+07,
				"packets":	382,
				"omitted":	false
			}
		}, {
			"streams":	[{
					"socket":	4,
					"start":	20.0004,
					"end":	21.0004,
					"seconds":	0.999969,
					"bytes":	3121152,
					"bits_per_second":	2.497e+07,
					"packets":	381,
					"omitted":	false
				}],
			"sum":	{
				"start":	20.0004,
				"end":	21.0004,
				"seconds":	0.999969,
				"bytes":	3121152,
				"bits_per_second":	2.497e+07,
				"packets":	381,
				"omitted":	false
			}
		}, {
			"streams":	[{
					"socket":	4,
					"start":	21.0004,
					"end":	22.0004,
					"seconds":	1.00008,
					"bytes":	3121152,
					"bits_per_second":	2.49672e+07,
					"packets":	381,
					"omitted":	false
				}],
			"sum":	{
				"start":	21.0004,
				"end":	22.0004,
				"seconds":	1.00008,
				"bytes":	3121152,
				"bits_per_second":	2.49672e+07,
				"packets":	381,
				"omitted":	false
			}
		}, {
			"streams":	[{
					"socket":	4,
					"start":	22.0004,
					"end":	23.0053,
					"seconds":	1.00487,
					"bytes":	3137536,
					"bits_per_second":	2.49786e+07,
					"packets":	383,
					"omitted":	false
				}],
			"sum":	{
				"start":	22.0004,
				"end":	23.0053,
				"seconds":	1.00487,
				"bytes":	3137536,
				"bits_per_second":	2.49786e+07,
				"packets":	383,
				"omitted":	false
			}
		}, {
			"streams":	[{
					"socket":	4,
					"start":	23.0053,
					"end":	24.0002,
					"seconds":	0.994881,
					"bytes":	3121152,
					"bits_per_second":	2.50977e+07,
					"packets":	381,
					"omitted":	false
				}],
			"sum":	{
				"start":	23.0053,
				"end":	24.0002,
				"seconds":	0.994881,
				"bytes":	3121152,
				"bits_per_second":	2.50977e+07,
				"packets":	381,
				"omitted":	false
			}
		}, {
			"streams":	[{
					"socket":	4,
					"start":	24.0002,
					"end":	25.0003,
					"seconds":	1.00012,
					"bytes":	3137536,
					"bits_per_second":	2.50973e+07,
					"packets":	383,
					"omitted":	false
				}],
			"sum":	{
				"start":	24.0002,
				"end":	25.0003,
				"seconds":	1.00012,
				"bytes":	3137536,
				"bits_per_second":	2.50973e+07,
				"packets":	383,
				"omitted":	false
			}
		}, {
			"streams":	[{
					"socket":	4,
					"start":	25.0003,
					"end":	26.0006,
					"seconds":	1.0003,
					"bytes":	3104768,
					"bits_per_second":	2.48306e+07,
					"packets":	379,
					"omitted":	false
				}],
			"sum":	{
				"start":	25.0003,
				"end":	26.0006,
				"seconds":	1.0003,
				"bytes":	3104768,
				"bits_per_second":	2.48306e+07,
				"packets":	379,
				"omitted":	false
			}
		}, {
			"streams":	[{
					"socket":	4,
					"start":	26.0006,
					"end":	27.0002,
					"seconds":	0.999599,
					"bytes":	3129344,
					"bits_per_second":	2.50448e+07,
					"packets":	382,
					"omitted":	false
				}],
			"sum":	{
				"start":	26.0006,
				"end":	27.0002,
				"seconds":	0.999599,
				"bytes":	3129344,
				"bits_per_second":	2.50448e+07,
				"packets":	382,
				"omitted":	false
			}
		}, {
			"streams":	[{
					"socket":	4,
					"start":	27.0002,
					"end":	28.0002,
					"seconds":	1.00002,
					"bytes":	3145728,
					"bits_per_second":	2.51654e+07,
					"packets":	384,
					"omitted":	false
				}],
			"sum":	{
				"start":	27.0002,
				"end":	28.0002,
				"seconds":	1.00002,
				"bytes":	3145728,
				"bits_per_second":	2.51654e+07,
				"packets":	384,
				"omitted":	false
			}
		}, {
			"streams":	[{
					"socket":	4,
					"start":	28.0002,
					"end":	29.0003,
					"seconds":	1.0001,
					"bytes":	3112960,
					"bits_per_second":	2.49012e+07,
					"packets":	380,
					"omitted":	false
				}],
			"sum":	{
				"start":	28.0002,
				"end":	29.0003,
				"seconds":	1.0001,
				"bytes":	3112960,
				"bits_per_second":	2.49012e+07,
				"packets":	380,
				"omitted":	false
			}
		}, {
			"streams":	[{
					"socket":	4,
					"start":	29.0003,
					"end":	30.0005,
					"seconds":	1.00019,
					"bytes":	3137536,
					"bits_per_second":	2.50955e+07,
					"packets":	383,
					"omitted":	false
				}],
			"sum":	{
				"start":	29.0003,
				"end":	30.0005,
				"seconds":	1.00019,
				"bytes":	3137536,
				"bits_per_second":	2.50955e+07,
				"packets":	383,
				"omitted":	false
			}
		}, {
			"streams":	[{
					"socket":	4,
					"start":	30.0005,
					"end":	31.0047,
					"seconds":	1.00415,
					"bytes":	3129344,
					"bits_per_second":	2.49313e+07,
					"packets":	382,
					"omitted":	false
				}],
			"sum":	{
				"start":	30.0005,
				"end":	31.0047,
				"seconds":	1.00415,
				"bytes":	3129344,
				"bits_per_second":	2.49313e+07,
				"packets":	382,
				"omitted":	false
			}
		}, {
			"streams":	[{
					"socket":	4,
					"start":	31.0047,
					"end":	32.0002,
					"seconds":	0.995523,
					"bytes":	3121152,
					"bits_per_second":	2.50815e+07,
					"packets":	381,
					"omitted":	false
				}],
			"sum":	{
				"start":	31.0047,
				"end":	32.0002,
				"seconds":	0.995523,
				"bytes":	3121152,
				"bits_per_second":	2.50815e+07,
				"packets":	381,
				"omitted":	false
			}
		}, {
			"streams":	[{
					"socket":	4,
					"start":	32.0002,
					"end":	33.0007,
					"seconds":	1.00049,
					"bytes":	3104768,
					"bits_per_second":	2.48259e+07,
					"packets":	379,
					"omitted":	false
				}],
			"sum":	{
				"start":	32.0002,
				"end":	33.0007,
				"seconds":	1.00049,
				"bytes":	3104768,
				"bits_per_second":	2.48259e+07,
				"packets":	379,
				"omitted":	false
			}
		}, {
			"streams":	[{
					"socket":	4,
					"start":	33.0007,
					"end":	34.0005,
					"seconds":	0.999841,
					"bytes":	3162112,
					"bits_per_second":	2.53009e+07,
					"packets":	386,
					"omitted":	false
				}],
			"sum":	{
				"start":	33.0007,
				"end":	34.0005,
				"seconds":	0.999841,
				"bytes":	3162112,
				"bits_per_second":	2.53009e+07,
				"packets":	386,
				"omitted":	false
			}
		}, {
			"streams":	[{
					"socket":	4,
					"start":	34.0005,
					"end":	35.002,
					"seconds":	1.00142,
					"bytes":	3104768,
					"bits_per_second":	2.48029e+07,
					"packets":	379,
					"omitted":	false
				}],
			"sum":	{
				"start":	34.0005,
				"end":	35.002,
				"seconds":	1.00142,
				"bytes":	3104768,
				"bits_per_second":	2.48029e+07,
				"packets":	379,
				"omitted":	false
			}
		}, {
			"streams":	[{
					"socket":	4,
					"start":	35.002,
					"end":	36.0004,
					"seconds":	0.998424,
					"bytes":	3145728,
					"bits_per_second":	2.52055e+07,
					"packets":	384,
					"omitted":	false
				}],
			"sum":	{
				"start":	35.002,
				"end":	36.0004,
				"seconds":	0.998424,
				"bytes":	3145728,
				"bits_per_second":	2.52055e+07,
				"packets":	384,
				"omitted":	false
			}
		}, {
			"streams":	[{
					"socket":	4,
					"start":	36.0004,
					"end":	37.0003,
					"seconds":	0.999955,
					"bytes":	3096576,
					"bits_per_second":	2.47737e+07,
					"packets":	378,
					"omitted":	false
				}],
			"sum":	{
				"start":	36.0004,
				"end":	37.0003,
				"seconds":	0.999955,
				"bytes":	3096576,
				"bits_per_second":	2.47737e+07,
				"packets":	378,
				"omitted":	false
			}
		}, {
			"streams":	[{
					"socket":	4,
					"start":	37.0003,
					"end":	38.0003,
					"seconds":	0.99994,
					"bytes":	3137536,
					"bits_per_second":	2.51018e+07,
					"packets":	383,
					"omitted":	false
				}],
			"sum":	{
				"start":	37.0003,
				"end":	38.0003,
				"seconds":	0.99994,
				"bytes":	3137536,
				"bits_per_second":	2.51018e+07,
				"packets":	383,
				"omitted":	false
			}
		}, {
			"streams":	[{
					"socket":	4,
					"start":	38.0003,
					"end":	39.0002,
					"seconds":	0.999964,
					"bytes":	3096576,
					"bits_per_second":	2.47735e+07,
					"packets":	378,
					"omitted":	false
				}],
			"sum":	{
				"start":	38.0003,
				"end":	39.0002,
				"seconds":	0.999964,
				"bytes":	3096576,
				"bits_per_second":	2.47735e+07,
				"packets":	378,
				"omitted":	false
			}
		}, {
			"streams":	[{
					"socket":	4,
					"start":	39.0002,
					"end":	40.0007,
					"seconds":	1.00042,
					"bytes":	3129344,
					"bits_per_second":	2.50243e+07,
					"packets":	382,
					"omitted":	false
				}],
			"sum":	{
				"start":	39.0002,
				"end":	40.0007,
				"seconds":	1.00042,
				"bytes":	3129344,
				"bits_per_second":	2.50243e+07,
				"packets":	382,
				"omitted":	false
			}
		}, {
			"streams":	[{
					"socket":	4,
					"start":	40.0007,
					"end":	41.0001,
					"seconds":	0.999495,
					"bytes":	3121152,
					"bits_per_second":	2.49818e+07,
					"packets":	381,
					"omitted":	false
				}],
			"sum":	{
				"start":	40.0007,
				"end":	41.0001,
				"seconds":	0.999495,
				"bytes":	3121152,
				"bits_per_second":	2.49818e+07,
				"packets":	381,
				"omitted":	false
			}
		}, {
			"streams":	[{
					"socket":	4,
					"start":	41.0001,
					"end":	42.0006,
					"seconds":	1.00044,
					"bytes":	3129344,
					"bits_per_second":	2.50237e+07,
					"packets":	382,
					"omitted":	false
				}],
			"sum":	{
				"start":	41.0001,
				"end":	42.0006,
				"seconds":	1.00044,
				"bytes":	3129344,
				"bits_per_second":	2.50237e+07,
				"packets":	382,
				"omitted":	false
			}
		}, {
			"streams":	[{
					"socket":	4,
					"start":	42.0006,
					"end":	43.0013,
					"seconds":	1.00069,
					"bytes":	3121152,
					"bits_per_second":	2.49521e+07,
					"packets":	381,
					"omitted":	false
				}],
			"sum":	{
				"start":	42.0006,
				"end":	43.0013,
				"seconds":	1.00069,
				"bytes":	3121152,
				"bits_per_second":	2.49521e+07,
				"packets":	381,
				"omitted":	false
			}
		}, {
			"streams":	[{
					"socket":	4,
					"start":	43.0013,
					"end":	44.0004,
					"seconds":	0.999175,
					"bytes":	3129344,
					"bits_per_second":	2.50554e+07,
					"packets":	382,
					"omitted":	false
				}],
			"sum":	{
				"start":	43.0013,
				"end":	44.0004,
				"seconds":	0.999175,
				"bytes":	3129344,
				"bits_per_second":	2.50554e+07,
				"packets":	382,
				"omitted":	false
			}
		}, {
			"streams":	[{
					"socket":	4,
					"start":	44.0004,
					"end":	45.0004,
					"seconds":	0.999969,
					"bytes":	3162112,
					"bits_per_second":	2.52977e+07,
					"packets":	386,
					"omitted":	false
				}],
			"sum":	{
				"start":	44.0004,
				"end":	45.0004,
				"seconds":	0.999969,
				"bytes":	3162112,
				"bits_per_second":	2.52977e+07,
				"packets":	386,
				"omitted":	false
			}
		}, {
			"streams":	[{
					"socket":	4,
					"start":	45.0004,
					"end":	46.01,
					"seconds":	1.00959,
					"bytes":	3096576,
					"bits_per_second":	2.45372e+07,
					"packets":	378,
					"omitted":	false
				}],
			"sum":	{
				"start":	45.0004,
				"end":	46.01,
				"seconds":	1.00959,
				"bytes":	3096576,
				"bits_per_second":	2.45372e+07,
				"packets":	378,
				"omitted":	false
			}
		}, {
			"streams":	[{
					"socket":	4,
					"start":	46.01,
					"end":	47.0036,
					"seconds":	0.993586,
					"bytes":	3112960,
					"bits_per_second":	2.50644e+07,
					"packets":	380,
					"omitted":	false
				}],
			"sum":	{
				"start":	46.01,
				"end":	47.0036,
				"seconds":	0.993586,
				"bytes":	3112960,
				"bits_per_second":	2.50644e+07,
				"packets":	380,
				"omitted":	false
			}
		}, {
			"streams":	[{
					"socket":	4,
					"start":	47.0036,
					"end":	48.0002,
					"seconds":	0.996595,
					"bytes":	3121152,
					"bits_per_second":	2.50545e+07,
					"packets":	381,
					"omitted":	false
				}],
			"sum":	{
				"start":	47.0036,
				"end":	48.0002,
				"seconds":	0.996595,
				"bytes":	3121152,
				"bits_per_second":	2.50545e+07,
				"packets":	381,
				"omitted":	false
			}
		}, {
			"streams":	[{
					"socket":	4,
					"start":	48.0002,
					"end":	49.0003,
					"seconds":	1.00011,
					"bytes":	3129344,
					"bits_per_second":	2.50321e+07,
					"packets":	382,
					"omitted":	false
				}],
			"sum":	{
				"start":	48.0002,
				"end":	49.0003,
				"seconds":	1.00011,
				"bytes":	3129344,
				"bits_per_second":	2.50321e+07,
				"packets":	382,
				"omitted":	false
			}
		}, {
			"streams":	[{
					"socket":	4,
					"start":	49.0003,
					"end":	50.0004,
					"seconds":	1.00011,
					"bytes":	3129344,
					"bits_per_second":	2.50321e+07,
					"packets":	382,
					"omitted":	false
				}],
			"sum":	{
				"start":	49.0003,
				"end":	50.0004,
				"seconds":	1.00011,
				"bytes":	3129344,
				"bits_per_second":	2.50321e+07,
				"packets":	382,
				"omitted":	false
			}
		}, {
			"streams":	[{
					"socket":	4,
					"start":	50.0004,
					"end":	51.0006,
					"seconds":	1.00018,
					"bytes":	3153920,
					"bits_per_second":	2.52267e+07,
					"packets":	385,
					"omitted":	false
				}],
			"sum":	{
				"start":	50.0004,
				"end":	51.0006,
				"seconds":	1.00018,
				"bytes":	3153920,
				"bits_per_second":	2.52267e+07,
				"packets":	385,
				"omitted":	false
			}
		}, {
			"streams":	[{
					"socket":	4,
					"start":	51.0006,
					"end":	52.0008,
					"seconds":	1.00017,
					"bytes":	3088384,
					"bits_per_second":	2.4703e+07,
					"packets":	377,
					"omitted":	false
				}],
			"sum":	{
				"start":	51.0006,
				"end":	52.0008,
				"seconds":	1.00017,
				"bytes":	3088384,
				"bits_per_second":	2.4703e+07,
				"packets":	377,
				"omitted":	false
			}
		}],
	"end":	{
		"streams":	[{
				"udp":	{
					"socket":	4,
					"start":	0,
					"end":	52.0008,
					"seconds":	52.0008,
					"bytes":	162193408,
					"bits_per_second":	2.49525e+07,
					"jitter_ms":	0.607807,
					"lost_packets":	657,
					"packets":	19799,
					"lost_percent":	3.31835
				}
			}],
		"sum":	{
			"start":	0,
			"end":	52.0008,
			"seconds":	52.0008,
			"bytes":	162193408,
			"bits_per_second":	2.49525e+07,
			"jitter_ms":	0.607807,
			"lost_packets":	657,
			"packets":	19799,
			"lost_percent":	3.31835
		},
		"cpu_utilization_percent":	{
			"host_total":	2.82977,
			"host_user":	0.121119,
			"host_system":	2.70865,
			"remote_total":	2.49592,
			"remote_user":	0.126412,
			"remote_system":	2.36952
		}
	}
}
