{
	"start":	{
		"connected":	[{
				"socket":	4,
				"local_host":	"10.0.0.5",
				"local_port":	53199,
				"remote_host":	"10.0.0.15",
				"remote_port":	2260
			}],
		"version":	"iperf 3.0.7",
		"system_info":	"Linux BS5 5.4.197-0504197-generic #202206060747 SMP Mon Jun 6 09:27:47 UTC 2022 x86_64 x86_64 x86_64 GNU/Linux\n",
		"timestamp":	{
			"time":	"Mon, 25 Jul 2022 21:42:51 GMT",
			"timesecs":	1658785371
		},
		"connecting_to":	{
			"host":	"10.0.0.15",
			"port":	2260
		},
		"cookie":	"BS5.1658785369.931081.5c7f933d0994ec",
		"test_start":	{
			"protocol":	"UDP",
			"num_streams":	1,
			"blksize":	8192,
			"omit":	0,
			"duration":	2,
			"bytes":	0,
			"blocks":	0,
			"reverse":	0
		}
	},
	"intervals":	[{
			"streams":	[{
					"socket":	4,
					"start":	0,
					"end":	1.00039,
					"seconds":	1.00039,
					"bytes":	5660672,
					"bits_per_second":	4.52676e+07,
					"packets":	691,
					"omitted":	false
				}],
			"sum":	{
				"start":	0,
				"end":	1.00039,
				"seconds":	1.00039,
				"bytes":	5660672,
				"bits_per_second":	4.52676e+07,
				"packets":	691,
				"omitted":	false
			}
		}, {
			"streams":	[{
					"socket":	4,
					"start":	1.00039,
					"end":	2.00032,
					"seconds":	0.99993,
					"bytes":	6438912,
					"bits_per_second":	5.15149e+07,
					"packets":	786,
					"omitted":	false
				}],
			"sum":	{
				"start":	1.00039,
				"end":	2.00032,
				"seconds":	0.99993,
				"bytes":	6438912,
				"bits_per_second":	5.15149e+07,
				"packets":	786,
				"omitted":	false
			}
		}],
	"end":	{
		"streams":	[{
				"udp":	{
					"socket":	4,
					"start":	0,
					"end":	2.00032,
					"seconds":	2.00032,
					"bytes":	12099584,
					"bits_per_second":	4.83905e+07,
					"jitter_ms":	1.09389,
					"lost_packets":	31,
					"packets":	1477,
					"lost_percent":	2.09885
				}
			}],
		"sum":	{
			"start":	0,
			"end":	2.00032,
			"seconds":	2.00032,
			"bytes":	12099584,
			"bits_per_second":	4.83905e+07,
			"jitter_ms":	1.09389,
			"lost_packets":	31,
			"packets":	1477,
			"lost_percent":	2.09885
		},
		"cpu_utilization_percent":	{
			"host_total":	11.4963,
			"host_user":	0.700189,
			"host_system":	10.796,
			"remote_total":	2.97447,
			"remote_user":	0.350124,
			"remote_system":	2.62431
		}
	}
}
