{
	"start":	{
		"connected":	[{
				"socket":	4,
				"local_host":	"10.0.0.2",
				"local_port":	58674,
				"remote_host":	"10.0.0.12",
				"remote_port":	1683
			}],
		"version":	"iperf 3.0.7",
		"system_info":	"Linux BS2 5.4.197-0504197-generic #202206060747 SMP Mon Jun 6 09:27:47 UTC 2022 x86_64 x86_64 x86_64 GNU/Linux\n",
		"timestamp":	{
			"time":	"Mon, 25 Jul 2022 21:47:37 GMT",
			"timesecs":	1658785657
		},
		"connecting_to":	{
			"host":	"10.0.0.12",
			"port":	1683
		},
		"cookie":	"BS2.1658785657.513231.46a6e6b41da4ae",
		"tcp_mss_default":	1448,
		"test_start":	{
			"protocol":	"TCP",
			"num_streams":	1,
			"blksize":	131072,
			"omit":	0,
			"duration":	18,
			"bytes":	0,
			"blocks":	0,
			"reverse":	0
		}
	},
	"intervals":	[{
			"streams":	[{
					"socket":	4,
					"start":	0,
					"end":	1.00098,
					"seconds":	1.00098,
					"bytes":	5735952,
					"bits_per_second":	4.58428e+07,
					"retransmits":	0,
					"snd_cwnd":	800744,
					"omitted":	false
				}],
			"sum":	{
				"start":	0,
				"end":	1.00098,
				"seconds":	1.00098,
				"bytes":	5735952,
				"bits_per_second":	4.58428e+07,
				"retransmits":	0,
				"omitted":	false
			}
		}, {
			"streams":	[{
					"socket":	4,
					"start":	1.00098,
					"end":	2.00112,
					"seconds":	1.00015,
					"bytes":	6160384,
					"bits_per_second":	4.92758e+07,
					"retransmits":	0,
					"snd_cwnd":	800744,
					"omitted":	false
				}],
			"sum":	{
				"start":	1.00098,
				"end":	2.00112,
				"seconds":	1.00015,
				"bytes":	6160384,
				"bits_per_second":	4.92758e+07,
				"retransmits":	0,
				"omitted":	false
			}
		}, {
			"streams":	[{
					"socket":	4,
					"start":	2.00112,
					"end":	3.00017,
					"seconds":	0.99905,
					"bytes":	6291456,
					"bits_per_second":	5.03795e+07,
					"retransmits":	0,
					"snd_cwnd":	800744,
					"omitted":	false
				}],
			"sum":	{
				"start":	2.00112,
				"end":	3.00017,
				"seconds":	0.99905,
				"bytes":	6291456,
				"bits_per_second":	5.03795e+07,
				"retransmits":	0,
				"omitted":	false
			}
		}, {
			"streams":	[{
					"socket":	4,
					"start":	3.00017,
					"end":	4.00132,
					"seconds":	1.00115,
					"bytes":	6291456,
					"bits_per_second":	5.02739e+07,
					"retransmits":	0,
					"snd_cwnd":	800744,
					"omitted":	false
				}],
			"sum":	{
				"start":	3.00017,
				"end":	4.00132,
				"seconds":	1.00115,
				"bytes":	6291456,
				"bits_per_second":	5.02739e+07,
				"retransmits":	0,
				"omitted":	false
			}
		}, {
			"streams":	[{
					"socket":	4,
					"start":	4.00132,
					"end":	5.00036,
					"seconds":	0.999035,
					"bytes":	6160384,
					"bits_per_second":	4.93307e+07,
					"retransmits":	0,
					"snd_cwnd":	800744,
					"omitted":	false
				}],
			"sum":	{
				"start":	4.00132,
				"end":	5.00036,
				"seconds":	0.999035,
				"bytes":	6160384,
				"bits_per_second":	4.93307e+07,
				"retransmits":	0,
				"omitted":	false
			}
		}, {
			"streams":	[{
					"socket":	4,
					"start":	5.00036,
					"end":	6.00043,
					"seconds":	1.00007,
					"bytes":	6291456,
					"bits_per_second":	5.03282e+07,
					"retransmits":	0,
					"snd_cwnd":	800744,
					"omitted":	false
				}],
			"sum":	{
				"start":	5.00036,
				"end":	6.00043,
				"seconds":	1.00007,
				"bytes":	6291456,
				"bits_per_second":	5.03282e+07,
				"retransmits":	0,
				"omitted":	false
			}
		}, {
			"streams":	[{
					"socket":	4,
					"start":	6.00043,
					"end":	7.00536,
					"seconds":	1.00494,
					"bytes":	6291456,
					"bits_per_second":	5.00844e+07,
					"retransmits":	0,
					"snd_cwnd":	800744,
					"omitted":	false
				}],
			"sum":	{
				"start":	6.00043,
				"end":	7.00536,
				"seconds":	1.00494,
				"bytes":	6291456,
				"bits_per_second":	5.00844e+07,
				"retransmits":	0,
				"omitted":	false
			}
		}, {
			"streams":	[{
					"socket":	4,
					"start":	7.00536,
					"end":	8.00551,
					"seconds":	1.00015,
					"bytes":	6291456,
					"bits_per_second":	5.03242e+07,
					"retransmits":	0,
					"snd_cwnd":	849976,
					"omitted":	false
				}],
			"sum":	{
				"start":	7.00536,
				"end":	8.00551,
				"seconds":	1.00015,
				"bytes":	6291456,
				"bits_per_second":	5.03242e+07,
				"retransmits":	0,
				"omitted":	false
			}
		}, {
			"streams":	[{
					"socket":	4,
					"start":	8.00551,
					"end":	9.00025,
					"seconds":	0.994736,
					"bytes":	6160384,
					"bits_per_second":	4.95439e+07,
					"retransmits":	0,
					"snd_cwnd":	849976,
					"omitted":	false
				}],
			"sum":	{
				"start":	8.00551,
				"end":	9.00025,
				"seconds":	0.994736,
				"bytes":	6160384,
				"bits_per_second":	4.95439e+07,
				"retransmits":	0,
				"omitted":	false
			}
		}, {
			"streams":	[{
					"socket":	4,
					"start":	9.00025,
					"end":	10.0001,
					"seconds":	0.999893,
					"bytes":	6291456,
					"bits_per_second":	5.0337e+07,
					"retransmits":	0,
					"snd_cwnd":	849976,
					"omitted":	false
				}],
			"sum":	{
				"start":	9.00025,
				"end":	10.0001,
				"seconds":	0.999893,
				"bytes":	6291456,
				"bits_per_second":	5.0337e+07,
				"retransmits":	0,
				"omitted":	false
			}
		}, {
			"streams":	[{
					"socket":	4,
					"start":	10.0001,
					"end":	11.0115,
					"seconds":	1.01139,
					"bytes":	6553600,
					"bits_per_second":	5.18384e+07,
					"retransmits":	0,
					"snd_cwnd":	871696,
					"omitted":	false
				}],
			"sum":	{
				"start":	10.0001,
				"end":	11.0115,
				"seconds":	1.01139,
				"bytes":	6553600,
				"bits_per_second":	5.18384e+07,
				"retransmits":	0,
				"omitted":	false
			}
		}, {
			"streams":	[{
					"socket":	4,
					"start":	11.0115,
					"end":	12.0004,
					"seconds":	0.988849,
					"bytes":	5898240,
					"bits_per_second":	4.7718e+07,
					"retransmits":	5,
					"snd_cwnd":	897760,
					"omitted":	false
				}],
			"sum":	{
				"start":	11.0115,
				"end":	12.0004,
				"seconds":	0.988849,
				"bytes":	5898240,
				"bits_per_second":	4.7718e+07,
				"retransmits":	5,
				"omitted":	false
			}
		}, {
			"streams":	[{
					"socket":	4,
					"start":	12.0004,
					"end":	13.0004,
					"seconds":	1,
					"bytes":	6291456,
					"bits_per_second":	5.03316e+07,
					"retransmits":	0,
					"snd_cwnd":	897760,
					"omitted":	false
				}],
			"sum":	{
				"start":	12.0004,
				"end":	13.0004,
				"seconds":	1,
				"bytes":	6291456,
				"bits_per_second":	5.03316e+07,
				"retransmits":	0,
				"omitted":	false
			}
		}, {
			"streams":	[{
					"socket":	4,
					"start":	13.0004,
					"end":	14.0066,
					"seconds":	1.00626,
					"bytes":	6291456,
					"bits_per_second":	5.00186e+07,
					"retransmits":	0,
					"snd_cwnd":	897760,
					"omitted":	false
				}],
			"sum":	{
				"start":	13.0004,
				"end":	14.0066,
				"seconds":	1.00626,
				"bytes":	6291456,
				"bits_per_second":	5.00186e+07,
				"retransmits":	0,
				"omitted":	false
			}
		}, {
			"streams":	[{
					"socket":	4,
					"start":	14.0066,
					"end":	15.0004,
					"seconds":	0.993762,
					"bytes":	6160384,
					"bits_per_second":	4.95924e+07,
					"retransmits":	0,
					"snd_cwnd":	897760,
					"omitted":	false
				}],
			"sum":	{
				"start":	14.0066,
				"end":	15.0004,
				"seconds":	0.993762,
				"bytes":	6160384,
				"bits_per_second":	4.95924e+07,
				"retransmits":	0,
				"omitted":	false
			}
		}, {
			"streams":	[{
					"socket":	4,
					"start":	15.0004,
					"end":	16.0105,
					"seconds":	1.01008,
					"bytes":	6291456,
					"bits_per_second":	4.98293e+07,
					"retransmits":	0,
					"snd_cwnd":	897760,
					"omitted":	false
				}],
			"sum":	{
				"start":	15.0004,
				"end":	16.0105,
				"seconds":	1.01008,
				"bytes":	6291456,
				"bits_per_second":	4.98293e+07,
				"retransmits":	0,
				"omitted":	false
			}
		}, {
			"streams":	[{
					"socket":	4,
					"start":	16.0105,
					"end":	17.0015,
					"seconds":	0.990974,
					"bytes":	6291456,
					"bits_per_second":	5.07901e+07,
					"retransmits":	0,
					"snd_cwnd":	897760,
					"omitted":	false
				}],
			"sum":	{
				"start":	16.0105,
				"end":	17.0015,
				"seconds":	0.990974,
				"bytes":	6291456,
				"bits_per_second":	5.07901e+07,
				"retransmits":	0,
				"omitted":	false
			}
		}, {
			"streams":	[{
					"socket":	4,
					"start":	17.0015,
					"end":	18.001,
					"seconds":	0.99958,
					"bytes":	6160384,
					"bits_per_second":	4.93038e+07,
					"retransmits":	0,
					"snd_cwnd":	897760,
					"omitted":	false
				}],
			"sum":	{
				"start":	17.0015,
				"end":	18.001,
				"seconds":	0.99958,
				"bytes":	6160384,
				"bits_per_second":	4.93038e+07,
				"retransmits":	0,
				"omitted":	false
			}
		}],
	"end":	{
		"streams":	[{
				"sender":	{
					"socket":	4,
					"start":	0,
					"end":	18.001,
					"seconds":	18.001,
					"bytes":	111904272,
					"bits_per_second":	4.97324e+07,
					"retransmits":	5
				},
				"receiver":	{
					"socket":	4,
					"start":	0,
					"end":	18.001,
					"seconds":	18.001,
					"bytes":	111904272,
					"bits_per_second":	4.97324e+07
				}
			}],
		"sum_sent":	{
			"start":	0,
			"end":	18.001,
			"seconds":	18.001,
			"bytes":	111904272,
			"bits_per_second":	4.97324e+07,
			"retransmits":	5
		},
		"sum_received":	{
			"start":	0,
			"end":	18.001,
			"seconds":	18.001,
			"bytes":	111904272,
			"bits_per_second":	4.97324e+07
		},
		"cpu_utilization_percent":	{
			"host_total":	1.59871,
			"host_user":	0.114231,
			"host_system":	1.48446,
			"remote_total":	4.08171,
			"remote_user":	0.196088,
			"remote_system":	3.88563
		}
	}
}
