{
	"start":	{
		"connected":	[{
				"socket":	4,
				"local_host":	"10.0.0.2",
				"local_port":	60442,
				"remote_host":	"10.0.0.9",
				"remote_port":	1666
			}],
		"version":	"iperf 3.0.7",
		"system_info":	"Linux H2 5.4.197-0504197-generic #202206060747 SMP Mon Jun 6 09:27:47 UTC 2022 x86_64 x86_64 x86_64 GNU/Linux\n",
		"timestamp":	{
			"time":	"Fri, 22 Jul 2022 09:30:14 GMT",
			"timesecs":	1658482214
		},
		"connecting_to":	{
			"host":	"10.0.0.9",
			"port":	1666
		},
		"cookie":	"H2.1658482214.580472.4c4ef68725a7fa8",
		"tcp_mss_default":	1448,
		"test_start":	{
			"protocol":	"TCP",
			"num_streams":	1,
			"blksize":	131072,
			"omit":	0,
			"duration":	5,
			"bytes":	0,
			"blocks":	0,
			"reverse":	0
		}
	},
	"intervals":	[{
			"streams":	[{
					"socket":	4,
					"start":	0,
					"end":	1.00072,
					"seconds":	1.00072,
					"bytes":	1817576,
					"bits_per_second":	1.45302e+07,
					"retransmits":	0,
					"snd_cwnd":	95568,
					"omitted":	false
				}],
			"sum":	{
				"start":	0,
				"end":	1.00072,
				"seconds":	1.00072,
				"bytes":	1817576,
				"bits_per_second":	1.45302e+07,
				"retransmits":	0,
				"omitted":	false
			}
		}, {
			"streams":	[{
					"socket":	4,
					"start":	1.00072,
					"end":	2.00077,
					"seconds":	1.00005,
					"bytes":	1835008,
					"bits_per_second":	1.46793e+07,
					"retransmits":	0,
					"snd_cwnd":	121632,
					"omitted":	false
				}],
			"sum":	{
				"start":	1.00072,
				"end":	2.00077,
				"seconds":	1.00005,
				"bytes":	1835008,
				"bits_per_second":	1.46793e+07,
				"retransmits":	0,
				"omitted":	false
			}
		}, {
			"streams":	[{
					"socket":	4,
					"start":	2.00077,
					"end":	3.00052,
					"seconds":	0.999756,
					"bytes":	1835008,
					"bits_per_second":	1.46836e+07,
					"retransmits":	0,
					"snd_cwnd":	152040,
					"omitted":	false
				}],
			"sum":	{
				"start":	2.00077,
				"end":	3.00052,
				"seconds":	0.999756,
				"bytes":	1835008,
				"bits_per_second":	1.46836e+07,
				"retransmits":	0,
				"omitted":	false
			}
		}, {
			"streams":	[{
					"socket":	4,
					"start":	3.00052,
					"end":	4.00026,
					"seconds":	0.999734,
					"bytes":	1835008,
					"bits_per_second":	1.4684e+07,
					"retransmits":	0,
					"snd_cwnd":	165072,
					"omitted":	false
				}],
			"sum":	{
				"start":	3.00052,
				"end":	4.00026,
				"seconds":	0.999734,
				"bytes":	1835008,
				"bits_per_second":	1.4684e+07,
				"retransmits":	0,
				"omitted":	false
			}
		}, {
			"streams":	[{
					"socket":	4,
					"start":	4.00026,
					"end":	5.00112,
					"seconds":	1.00086,
					"bytes":	1966080,
					"bits_per_second":	1.57151e+07,
					"retransmits":	0,
					"snd_cwnd":	192584,
					"omitted":	false
				}],
			"sum":	{
				"start":	4.00026,
				"end":	5.00112,
				"seconds":	1.00086,
				"bytes":	1966080,
				"bits_per_second":	1.57151e+07,
				"retransmits":	0,
				"omitted":	false
			}
		}],
	"end":	{
		"streams":	[{
				"sender":	{
					"socket":	4,
					"start":	0,
					"end":	5.00112,
					"seconds":	5.00112,
					"bytes":	9288680,
					"bits_per_second":	1.48586e+07,
					"retransmits":	0
				},
				"receiver":	{
					"socket":	4,
					"start":	0,
					"end":	5.00112,
					"seconds":	5.00112,
					"bytes":	9288680,
					"bits_per_second":	1.48586e+07
				}
			}],
		"sum_sent":	{
			"start":	0,
			"end":	5.00112,
			"seconds":	5.00112,
			"bytes":	9288680,
			"bits_per_second":	1.48586e+07,
			"retransmits":	0
		},
		"sum_received":	{
			"start":	0,
			"end":	5.00112,
			"seconds":	5.00112,
			"bytes":	9288680,
			"bits_per_second":	1.48586e+07
		},
		"cpu_utilization_percent":	{
			"host_total":	0.30946,
			"host_user":	0,
			"host_system":	0.30942,
			"remote_total":	1.30659,
			"remote_user":	0,
			"remote_system":	1.30659
		}
	}
}
