{
	"start":	{
		"connected":	[{
				"socket":	4,
				"local_host":	"10.0.0.1",
				"local_port":	45214,
				"remote_host":	"10.0.0.13",
				"remote_port":	2643
			}],
		"version":	"iperf 3.0.7",
		"system_info":	"Linux BS1 5.4.197-0504197-generic #202206060747 SMP Mon Jun 6 09:27:47 UTC 2022 x86_64 x86_64 x86_64 GNU/Linux\n",
		"timestamp":	{
			"time":	"Mon, 25 Jul 2022 21:46:12 GMT",
			"timesecs":	1658785572
		},
		"connecting_to":	{
			"host":	"10.0.0.13",
			"port":	2643
		},
		"cookie":	"BS1.1658785572.043683.504bf981001560",
		"tcp_mss_default":	1448,
		"test_start":	{
			"protocol":	"TCP",
			"num_streams":	1,
			"blksize":	131072,
			"omit":	0,
			"duration":	7,
			"bytes":	0,
			"blocks":	0,
			"reverse":	0
		}
	},
	"intervals":	[{
			"streams":	[{
					"socket":	4,
					"start":	0,
					"end":	1.00044,
					"seconds":	1.00044,
					"bytes":	22666712,
					"bits_per_second":	1.81254e+08,
					"retransmits":	11,
					"snd_cwnd":	1178672,
					"omitted":	false
				}],
			"sum":	{
				"start":	0,
				"end":	1.00044,
				"seconds":	1.00044,
				"bytes":	22666712,
				"bits_per_second":	1.81254e+08,
				"retransmits":	11,
				"omitted":	false
			}
		}, {
			"streams":	[{
					"socket":	4,
					"start":	1.00044,
					"end":	2.00256,
					"seconds":	1.00213,
					"bytes":	25034752,
					"bits_per_second":	1.99853e+08,
					"retransmits":	0,
					"snd_cwnd":	1190256,
					"omitted":	false
				}],
			"sum":	{
				"start":	1.00044,
				"end":	2.00256,
				"seconds":	1.00213,
				"bytes":	25034752,
				"bits_per_second":	1.99853e+08,
				"retransmits":	0,
				"omitted":	false
			}
		}, {
			"streams":	[{
					"socket":	4,
					"start":	2.00256,
					"end":	3.00041,
					"seconds":	0.99785,
					"bytes":	24903680,
					"bits_per_second":	1.99659e+08,
					"retransmits":	0,
					"snd_cwnd":	1203288,
					"omitted":	false
				}],
			"sum":	{
				"start":	2.00256,
				"end":	3.00041,
				"seconds":	0.99785,
				"bytes":	24903680,
				"bits_per_second":	1.99659e+08,
				"retransmits":	0,
				"omitted":	false
			}
		}, {
			"streams":	[{
					"socket":	4,
					"start":	3.00041,
					"end":	4.00019,
					"seconds":	0.999777,
					"bytes":	25165824,
					"bits_per_second":	2.01372e+08,
					"retransmits":	0,
					"snd_cwnd":	1217768,
					"omitted":	false
				}],
			"sum":	{
				"start":	3.00041,
				"end":	4.00019,
				"seconds":	0.999777,
				"bytes":	25165824,
				"bits_per_second":	2.01372e+08,
				"retransmits":	0,
				"omitted":	false
			}
		}, {
			"streams":	[{
					"socket":	4,
					"start":	4.00019,
					"end":	5.00012,
					"seconds":	0.999933,
					"bytes":	25296896,
					"bits_per_second":	2.02389e+08,
					"retransmits":	0,
					"snd_cwnd":	1233696,
					"omitted":	false
				}],
			"sum":	{
				"start":	4.00019,
				"end":	5.00012,
				"seconds":	0.999933,
				"bytes":	25296896,
				"bits_per_second":	2.02389e+08,
				"retransmits":	0,
				"omitted":	false
			}
		}, {
			"streams":	[{
					"socket":	4,
					"start":	5.00012,
					"end":	6.0004,
					"seconds":	1.00027,
					"bytes":	24641536,
					"bits_per_second":	1.97079e+08,
					"retransmits":	0,
					"snd_cwnd":	1251072,
					"omitted":	false
				}],
			"sum":	{
				"start":	5.00012,
				"end":	6.0004,
				"seconds":	1.00027,
				"bytes":	24641536,
				"bits_per_second":	1.97079e+08,
				"retransmits":	0,
				"omitted":	false
			}
		}, {
			"streams":	[{
					"socket":	4,
					"start":	6.0004,
					"end":	7.00037,
					"seconds":	0.999971,
					"bytes":	24903680,
					"bits_per_second":	1.99235e+08,
					"retransmits":	0,
					"snd_cwnd":	1265552,
					"omitted":	false
				}],
			"sum":	{
				"start":	6.0004,
				"end":	7.00037,
				"seconds":	0.999971,
				"bytes":	24903680,
				"bits_per_second":	1.99235e+08,
				"retransmits":	0,
				"omitted":	false
			}
		}],
	"end":	{
		"streams":	[{
				"sender":	{
					"socket":	4,
					"start":	0,
					"end":	7.00037,
					"seconds":	7.00037,
					"bytes":	172613080,
					"bits_per_second":	1.97262e+08,
					"retransmits":	11
				},
				"receiver":	{
					"socket":	4,
					"start":	0,
					"end":	7.00037,
					"seconds":	7.00037,
					"bytes":	172613080,
					"bits_per_second":	1.97262e+08
				}
			}],
		"sum_sent":	{
			"start":	0,
			"end":	7.00037,
			"seconds":	7.00037,
			"bytes":	172613080,
			"bits_per_second":	1.97262e+08,
			"retransmits":	11
		},
		"sum_received":	{
			"start":	0,
			"end":	7.00037,
			"seconds":	7.00037,
			"bytes":	172613080,
			"bits_per_second":	1.97262e+08
		},
		"cpu_utilization_percent":	{
			"host_total":	2.6093,
			"host_user":	0.60593,
			"host_system":	2.00332,
			"remote_total":	7.12979,
			"remote_user":	0.370519,
			"remote_system":	6.75929
		}
	}
}
