{
	"start":	{
		"connected":	[{
				"socket":	4,
				"local_host":	"10.0.0.2",
				"local_port":	41240,
				"remote_host":	"10.0.0.8",
				"remote_port":	3587
			}],
		"version":	"iperf 3.0.7",
		"system_info":	"Linux BS2 5.4.197-0504197-generic #202206060747 SMP Mon Jun 6 09:27:47 UTC 2022 x86_64 x86_64 x86_64 GNU/Linux\n",
		"timestamp":	{
			"time":	"Mon, 25 Jul 2022 21:44:21 GMT",
			"timesecs":	1658785461
		},
		"connecting_to":	{
			"host":	"10.0.0.8",
			"port":	3587
		},
		"cookie":	"BS2.1658785461.817006.5f6acdb84f6889",
		"tcp_mss_default":	1448,
		"test_start":	{
			"protocol":	"TCP",
			"num_streams":	1,
			"blksize":	131072,
			"omit":	0,
			"duration":	2,
			"bytes":	0,
			"blocks":	0,
			"reverse":	0
		}
	},
	"intervals":	[{
			"streams":	[{
					"socket":	4,
					"start":	0,
					"end":	1.00383,
					"seconds":	1.00383,
					"bytes":	11285168,
					"bits_per_second":	8.99367e+07,
					"retransmits":	0,
					"snd_cwnd":	726896,
					"omitted":	false
				}],
			"sum":	{
				"start":	0,
				"end":	1.00383,
				"seconds":	1.00383,
				"bytes":	11285168,
				"bits_per_second":	8.99367e+07,
				"retransmits":	0,
				"omitted":	false
			}
		}, {
			"streams":	[{
					"socket":	4,
					"start":	1.00383,
					"end":	2.00037,
					"seconds":	0.996533,
					"bytes":	12582912,
					"bits_per_second":	1.01014e+08,
					"retransmits":	15,
					"snd_cwnd":	747168,
					"omitted":	false
				}],
			"sum":	{
				"start":	1.00383,
				"end":	2.00037,
				"seconds":	0.996533,
				"bytes":	12582912,
				"bits_per_second":	1.01014e+08,
				"retransmits":	15,
				"omitted":	false
			}
		}],
	"end":	{
		"streams":	[{
				"sender":	{
					"socket":	4,
					"start":	0,
					"end":	2.00037,
					"seconds":	2.00037,
					"bytes":	23868080,
					"bits_per_second":	9.54549e+07,
					"retransmits":	15
				},
				"receiver":	{
					"socket":	4,
					"start":	0,
					"end":	2.00037,
					"seconds":	2.00037,
					"bytes":	23868080,
					"bits_per_second":	9.54549e+07
				}
			}],
		"sum_sent":	{
			"start":	0,
			"end":	2.00037,
			"seconds":	2.00037,
			"bytes":	23868080,
			"bits_per_second":	9.54549e+07,
			"retransmits":	15
		},
		"sum_received":	{
			"start":	0,
			"end":	2.00037,
			"seconds":	2.00037,
			"bytes":	23868080,
			"bits_per_second":	9.54549e+07
		},
		"cpu_utilization_percent":	{
			"host_total":	2.75379,
			"host_user":	1.01169,
			"host_system":	1.74201,
			"remote_total":	5.55428,
			"remote_user":	0.395583,
			"remote_system":	5.15884
		}
	}
}
