{
	"start":	{
		"connected":	[{
				"socket":	4,
				"local_host":	"10.0.0.4",
				"local_port":	46600,
				"remote_host":	"10.0.0.14",
				"remote_port":	1431
			}],
		"version":	"iperf 3.0.7",
		"system_info":	"Linux BS4 5.4.197-0504197-generic #202206060747 SMP Mon Jun 6 09:27:47 UTC 2022 x86_64 x86_64 x86_64 GNU/Linux\n",
		"timestamp":	{
			"time":	"Mon, 25 Jul 2022 21:42:47 GMT",
			"timesecs":	1658785367
		},
		"connecting_to":	{
			"host":	"10.0.0.14",
			"port":	1431
		},
		"cookie":	"BS4.1658785367.643207.6a1d0b646b64ea",
		"tcp_mss_default":	1448,
		"test_start":	{
			"protocol":	"TCP",
			"num_streams":	1,
			"blksize":	131072,
			"omit":	0,
			"duration":	1,
			"bytes":	0,
			"blocks":	0,
			"reverse":	0
		}
	},
	"intervals":	[{
			"streams":	[{
					"socket":	4,
					"start":	0,
					"end":	1.00025,
					"seconds":	1.00025,
					"bytes":	8904152,
					"bits_per_second":	7.12152e+07,
					"retransmits":	3,
					"snd_cwnd":	257744,
					"omitted":	false
				}],
			"sum":	{
				"start":	0,
				"end":	1.00025,
				"seconds":	1.00025,
				"bytes":	8904152,
				"bits_per_second":	7.12152e+07,
				"retransmits":	3,
				"omitted":	false
			}
		}],
	"end":	{
		"streams":	[{
				"sender":	{
					"socket":	4,
					"start":	0,
					"end":	1.00025,
					"seconds":	1.00025,
					"bytes":	8904152,
					"bits_per_second":	7.12152e+07,
					"retransmits":	3
				},
				"receiver":	{
					"socket":	4,
					"start":	0,
					"end":	1.00025,
					"seconds":	1.00025,
					"bytes":	8145000,
					"bits_per_second":	6.51435e+07
				}
			}],
		"sum_sent":	{
			"start":	0,
			"end":	1.00025,
			"seconds":	1.00025,
			"bytes":	8904152,
			"bits_per_second":	7.12152e+07,
			"retransmits":	3
		},
		"sum_received":	{
			"start":	0,
			"end":	1.00025,
			"seconds":	1.00025,
			"bytes":	8145000,
			"bits_per_second":	6.51435e+07
		},
		"cpu_utilization_percent":	{
			"host_total":	6.19387,
			"host_user":	1.71272,
			"host_system":	4.48088,
			"remote_total":	6.05224,
			"remote_user":	0.472467,
			"remote_system":	5.57985
		}
	}
}
