{
	"start":	{
		"connected":	[{
				"socket":	4,
				"local_host":	"10.0.0.1",
				"local_port":	37352,
				"remote_host":	"10.0.0.9",
				"remote_port":	3771
			}],
		"version":	"iperf 3.0.7",
		"system_info":	"Linux H1 5.4.197-0504197-generic #202206060747 SMP Mon Jun 6 09:27:47 UTC 2022 x86_64 x86_64 x86_64 GNU/Linux\n",
		"timestamp":	{
			"time":	"Fri, 22 Jul 2022 16:21:30 GMT",
			"timesecs":	1658506890
		},
		"connecting_to":	{
			"host":	"10.0.0.9",
			"port":	3771
		},
		"cookie":	"H1.1658506890.602493.0956e1b802b7494",
		"tcp_mss_default":	1448,
		"test_start":	{
			"protocol":	"TCP",
			"num_streams":	1,
			"blksize":	131072,
			"omit":	0,
			"duration":	5,
			"bytes":	0,
			"blocks":	0,
			"reverse":	0
		}
	},
	"intervals":	[{
			"streams":	[{
					"socket":	4,
					"start":	0,
					"end":	1.00078,
					"seconds":	1.00078,
					"bytes":	1690848,
					"bits_per_second":	1.35162e+07,
					"retransmits":	0,
					"snd_cwnd":	92672,
					"omitted":	false
				}],
			"sum":	{
				"start":	0,
				"end":	1.00078,
				"seconds":	1.00078,
				"bytes":	1690848,
				"bits_per_second":	1.35162e+07,
				"retransmits":	0,
				"omitted":	false
			}
		}, {
			"streams":	[{
					"socket":	4,
					"start":	1.00078,
					"end":	2.00035,
					"seconds":	0.999566,
					"bytes":	1966080,
					"bits_per_second":	1.57355e+07,
					"retransmits":	0,
					"snd_cwnd":	127424,
					"omitted":	false
				}],
			"sum":	{
				"start":	1.00078,
				"end":	2.00035,
				"seconds":	0.999566,
				"bytes":	1966080,
				"bits_per_second":	1.57355e+07,
				"retransmits":	0,
				"omitted":	false
			}
		}, {
			"streams":	[{
					"socket":	4,
					"start":	2.00035,
					"end":	3.00025,
					"seconds":	0.999907,
					"bytes":	1835008,
					"bits_per_second":	1.46814e+07,
					"retransmits":	0,
					"snd_cwnd":	166520,
					"omitted":	false
				}],
			"sum":	{
				"start":	2.00035,
				"end":	3.00025,
				"seconds":	0.999907,
				"bytes":	1835008,
				"bits_per_second":	1.46814e+07,
				"retransmits":	0,
				"omitted":	false
			}
		}, {
			"streams":	[{
					"socket":	4,
					"start":	3.00025,
					"end":	4.00067,
					"seconds":	1.00042,
					"bytes":	1835008,
					"bits_per_second":	1.46739e+07,
					"retransmits":	0,
					"snd_cwnd":	183896,
					"omitted":	false
				}],
			"sum":	{
				"start":	3.00025,
				"end":	4.00067,
				"seconds":	1.00042,
				"bytes":	1835008,
				"bits_per_second":	1.46739e+07,
				"retransmits":	0,
				"omitted":	false
			}
		}, {
			"streams":	[{
					"socket":	4,
					"start":	4.00067,
					"end":	5.00022,
					"seconds":	0.999548,
					"bytes":	1966080,
					"bits_per_second":	1.57358e+07,
					"retransmits":	0,
					"snd_cwnd":	195480,
					"omitted":	false
				}],
			"sum":	{
				"start":	4.00067,
				"end":	5.00022,
				"seconds":	0.999548,
				"bytes":	1966080,
				"bits_per_second":	1.57358e+07,
				"retransmits":	0,
				"omitted":	false
			}
		}],
	"end":	{
		"streams":	[{
				"sender":	{
					"socket":	4,
					"start":	0,
					"end":	5.00022,
					"seconds":	5.00022,
					"bytes":	9293024,
					"bits_per_second":	1.48682e+07,
					"retransmits":	0
				},
				"receiver":	{
					"socket":	4,
					"start":	0,
					"end":	5.00022,
					"seconds":	5.00022,
					"bytes":	9293024,
					"bits_per_second":	1.48682e+07
				}
			}],
		"sum_sent":	{
			"start":	0,
			"end":	5.00022,
			"seconds":	5.00022,
			"bytes":	9293024,
			"bits_per_second":	1.48682e+07,
			"retransmits":	0
		},
		"sum_received":	{
			"start":	0,
			"end":	5.00022,
			"seconds":	5.00022,
			"bytes":	9293024,
			"bits_per_second":	1.48682e+07
		},
		"cpu_utilization_percent":	{
			"host_total":	0.366139,
			"host_user":	0.229993,
			"host_system":	0.136146,
			"remote_total":	1.10472,
			"remote_user":	1.10472,
			"remote_system":	0
		}
	}
}
