{
	"start":	{
		"connected":	[{
				"socket":	5,
				"local_host":	"10.0.0.5",
				"local_port":	48370,
				"remote_host":	"10.0.0.6",
				"remote_port":	2101
			}],
		"version":	"iperf 3.7",
		"system_info":	"Linux H5 5.4.197-0504197-generic #202206060747 SMP Mon Jun 6 09:27:47 UTC 2022 x86_64",
		"timestamp":	{
			"time":	"Mon, 01 Aug 2022 00:26:04 GMT",
			"timesecs":	1659313564
		},
		"connecting_to":	{
			"host":	"10.0.0.6",
			"port":	2101
		},
		"cookie":	"c4sococmlakvv5k5avnei5fpcdbpspap4e36",
		"tcp_mss_default":	1448,
		"target_bitrate":	15000000,
		"sock_bufsize":	0,
		"sndbuf_actual":	87380,
		"rcvbuf_actual":	87380,
		"test_start":	{
			"protocol":	"TCP",
			"num_streams":	1,
			"blksize":	131072,
			"omit":	0,
			"duration":	5,
			"bytes":	0,
			"blocks":	0,
			"reverse":	0,
			"tos":	0
		}
	},
	"intervals":	[{
			"streams":	[{
					"socket":	5,
					"start":	0,
					"end":	1.000284,
					"seconds":	1.00028395652771,
					"bytes":	1966080,
					"bits_per_second":	15724175.017860824,
					"retransmits":	1,
					"snd_cwnd":	81088,
					"rtt":	4324,
					"rttvar":	1704,
					"pmtu":	1500,
					"omitted":	false,
					"sender":	true
				}],
			"sum":	{
				"start":	0,
				"end":	1.000284,
				"seconds":	1.00028395652771,
				"bytes":	1966080,
				"bits_per_second":	15724175.017860824,
				"retransmits":	1,
				"omitted":	false,
				"sender":	true
			}
		}, {
			"streams":	[{
					"socket":	5,
					"start":	1.000284,
					"end":	2.000833,
					"seconds":	1.0005489587783813,
					"bytes":	1835008,
					"bits_per_second":	14672009.671494337,
					"retransmits":	0,
					"snd_cwnd":	85432,
					"rtt":	4261,
					"rttvar":	1540,
					"pmtu":	1500,
					"omitted":	false,
					"sender":	true
				}],
			"sum":	{
				"start":	1.000284,
				"end":	2.000833,
				"seconds":	1.0005489587783813,
				"bytes":	1835008,
				"bits_per_second":	14672009.671494337,
				"retransmits":	0,
				"omitted":	false,
				"sender":	true
			}
		}, {
			"streams":	[{
					"socket":	5,
					"start":	2.000833,
					"end":	3.00087,
					"seconds":	1.0000369548797607,
					"bytes":	1835008,
					"bits_per_second":	14679521.520047281,
					"retransmits":	0,
					"snd_cwnd":	88328,
					"rtt":	4246,
					"rttvar":	1340,
					"pmtu":	1500,
					"omitted":	false,
					"sender":	true
				}],
			"sum":	{
				"start":	2.000833,
				"end":	3.00087,
				"seconds":	1.0000369548797607,
				"bytes":	1835008,
				"bits_per_second":	14679521.520047281,
				"retransmits":	0,
				"omitted":	false,
				"sender":	true
			}
		}, {
			"streams":	[{
					"socket":	5,
					"start":	3.00087,
					"end":	4.00028,
					"seconds":	0.99940997362136841,
					"bytes":	1966080,
					"bits_per_second":	15737925.79136185,
					"retransmits":	0,
					"snd_cwnd":	91224,
					"rtt":	3885,
					"rttvar":	1350,
					"pmtu":	1500,
					"omitted":	false,
					"sender":	true
				}],
			"sum":	{
				"start":	3.00087,
				"end":	4.00028,
				"seconds":	0.99940997362136841,
				"bytes":	1966080,
				"bits_per_second":	15737925.79136185,
				"retransmits":	0,
				"omitted":	false,
				"sender":	true
			}
		}, {
			"streams":	[{
					"socket":	5,
					"start":	4.00028,
					"end":	5.000599,
					"seconds":	1.0003190040588379,
					"bytes":	1835008,
					"bits_per_second":	14675382.4934196,
					"retransmits":	0,
					"snd_cwnd":	91224,
					"rtt":	4121,
					"rttvar":	1759,
					"pmtu":	1500,
					"omitted":	false,
					"sender":	true
				}],
			"sum":	{
				"start":	4.00028,
				"end":	5.000599,
				"seconds":	1.0003190040588379,
				"bytes":	1835008,
				"bits_per_second":	14675382.4934196,
				"retransmits":	0,
				"omitted":	false,
				"sender":	true
			}
		}],
	"end":	{
		"streams":	[{
				"sender":	{
					"socket":	5,
					"start":	0,
					"end":	5.000599,
					"seconds":	5.000599,
					"bytes":	9437184,
					"bits_per_second":	15097685.697253468,
					"retransmits":	1,
					"max_snd_cwnd":	91224,
					"max_rtt":	4324,
					"min_rtt":	3885,
					"mean_rtt":	4167,
					"sender":	true
				},
				"receiver":	{
					"socket":	5,
					"start":	0,
					"end":	5.000923,
					"seconds":	5.000599,
					"bytes":	9437184,
					"bits_per_second":	15096707.547786677,
					"sender":	true
				}
			}],
		"sum_sent":	{
			"start":	0,
			"end":	5.000599,
			"seconds":	5.000599,
			"bytes":	9437184,
			"bits_per_second":	15097685.697253468,
			"retransmits":	1,
			"sender":	true
		},
		"sum_received":	{
			"start":	0,
			"end":	5.000923,
			"seconds":	5.000923,
			"bytes":	9437184,
			"bits_per_second":	15096707.547786677,
			"sender":	true
		},
		"cpu_utilization_percent":	{
			"host_total":	5.9521960748807841,
			"host_user":	2.3403093110504978,
			"host_system":	3.6119467241006107,
			"remote_total":	2.2346737743888907,
			"remote_user":	0,
			"remote_system":	2.2347336440167891
		},
		"sender_tcp_congestion":	"cubic",
		"receiver_tcp_congestion":	"cubic"
	}
}
