{
	"start":	{
		"connected":	[{
				"socket":	4,
				"local_host":	"10.0.0.6",
				"local_port":	56728,
				"remote_host":	"10.0.0.8",
				"remote_port":	1218
			}],
		"version":	"iperf 3.0.7",
		"system_info":	"Linux BS6 5.4.197-0504197-generic #202206060747 SMP Mon Jun 6 09:27:47 UTC 2022 x86_64 x86_64 x86_64 GNU/Linux\n",
		"timestamp":	{
			"time":	"Mon, 25 Jul 2022 21:43:10 GMT",
			"timesecs":	1658785390
		},
		"connecting_to":	{
			"host":	"10.0.0.8",
			"port":	1218
		},
		"cookie":	"BS6.1658785390.426841.08cdba7a142ac2",
		"test_start":	{
			"protocol":	"UDP",
			"num_streams":	1,
			"blksize":	8192,
			"omit":	0,
			"duration":	1,
			"bytes":	0,
			"blocks":	0,
			"reverse":	0
		}
	},
	"intervals":	[{
			"streams":	[{
					"socket":	4,
					"start":	0,
					"end":	1.00945,
					"seconds":	1.00945,
					"bytes":	12509184,
					"bits_per_second":	9.91368e+07,
					"packets":	1527,
					"omitted":	false
				}],
			"sum":	{
				"start":	0,
				"end":	1.00945,
				"seconds":	1.00945,
				"bytes":	12509184,
				"bits_per_second":	9.91368e+07,
				"packets":	1527,
				"omitted":	false
			}
		}],
	"end":	{
		"streams":	[{
				"udp":	{
					"socket":	4,
					"start":	0,
					"end":	1.00945,
					"seconds":	1.00945,
					"bytes":	12509184,
					"bits_per_second":	9.91368e+07,
					"jitter_ms":	3.99751,
					"lost_packets":	826,
					"packets":	1525,
					"lost_percent":	54.1639
				}
			}],
		"sum":	{
			"start":	0,
			"end":	1.00945,
			"seconds":	1.00945,
			"bytes":	12509184,
			"bits_per_second":	9.91368e+07,
			"jitter_ms":	3.99751,
			"lost_packets":	826,
			"packets":	1525,
			"lost_percent":	54.1639
		},
		"cpu_utilization_percent":	{
			"host_total":	29.2084,
			"host_user":	0.288592,
			"host_system":	28.9198,
			"remote_total":	7.55682,
			"remote_user":	1.0405,
			"remote_system":	6.51644
		}
	}
}
