{
	"start":	{
		"connected":	[{
				"socket":	4,
				"local_host":	"10.0.0.4",
				"local_port":	36282,
				"remote_host":	"10.0.0.9",
				"remote_port":	1532
			}],
		"version":	"iperf 3.0.7",
		"system_info":	"Linux H4 5.4.197-0504197-generic #202206060747 SMP Mon Jun 6 09:27:47 UTC 2022 x86_64 x86_64 x86_64 GNU/Linux\n",
		"timestamp":	{
			"time":	"Fri, 22 Jul 2022 09:30:28 GMT",
			"timesecs":	1658482228
		},
		"connecting_to":	{
			"host":	"10.0.0.9",
			"port":	1532
		},
		"cookie":	"H4.1658482228.635896.5427961c6b7fc11",
		"tcp_mss_default":	1448,
		"test_start":	{
			"protocol":	"TCP",
			"num_streams":	1,
			"blksize":	131072,
			"omit":	0,
			"duration":	5,
			"bytes":	0,
			"blocks":	0,
			"reverse":	0
		}
	},
	"intervals":	[{
			"streams":	[{
					"socket":	4,
					"start":	0,
					"end":	1.0007,
					"seconds":	1.0007,
					"bytes":	1700984,
					"bits_per_second":	1.35983e+07,
					"retransmits":	0,
					"snd_cwnd":	88328,
					"omitted":	false
				}],
			"sum":	{
				"start":	0,
				"end":	1.0007,
				"seconds":	1.0007,
				"bytes":	1700984,
				"bits_per_second":	1.35983e+07,
				"retransmits":	0,
				"omitted":	false
			}
		}, {
			"streams":	[{
					"socket":	4,
					"start":	1.0007,
					"end":	2.00085,
					"seconds":	1.00015,
					"bytes":	1966080,
					"bits_per_second":	1.57263e+07,
					"retransmits":	0,
					"snd_cwnd":	111496,
					"omitted":	false
				}],
			"sum":	{
				"start":	1.0007,
				"end":	2.00085,
				"seconds":	1.00015,
				"bytes":	1966080,
				"bits_per_second":	1.57263e+07,
				"retransmits":	0,
				"omitted":	false
			}
		}, {
			"streams":	[{
					"socket":	4,
					"start":	2.00085,
					"end":	3.00023,
					"seconds":	0.999378,
					"bytes":	1835008,
					"bits_per_second":	1.46892e+07,
					"retransmits":	0,
					"snd_cwnd":	139008,
					"omitted":	false
				}],
			"sum":	{
				"start":	2.00085,
				"end":	3.00023,
				"seconds":	0.999378,
				"bytes":	1835008,
				"bits_per_second":	1.46892e+07,
				"retransmits":	0,
				"omitted":	false
			}
		}, {
			"streams":	[{
					"socket":	4,
					"start":	3.00023,
					"end":	4.00137,
					"seconds":	1.00114,
					"bytes":	1835008,
					"bits_per_second":	1.46633e+07,
					"retransmits":	0,
					"snd_cwnd":	160728,
					"omitted":	false
				}],
			"sum":	{
				"start":	3.00023,
				"end":	4.00137,
				"seconds":	1.00114,
				"bytes":	1835008,
				"bits_per_second":	1.46633e+07,
				"retransmits":	0,
				"omitted":	false
			}
		}, {
			"streams":	[{
					"socket":	4,
					"start":	4.00137,
					"end":	5.00024,
					"seconds":	0.998868,
					"bytes":	1966080,
					"bits_per_second":	1.57465e+07,
					"retransmits":	0,
					"snd_cwnd":	176656,
					"omitted":	false
				}],
			"sum":	{
				"start":	4.00137,
				"end":	5.00024,
				"seconds":	0.998868,
				"bytes":	1966080,
				"bits_per_second":	1.57465e+07,
				"retransmits":	0,
				"omitted":	false
			}
		}],
	"end":	{
		"streams":	[{
				"sender":	{
					"socket":	4,
					"start":	0,
					"end":	5.00024,
					"seconds":	5.00024,
					"bytes":	9303160,
					"bits_per_second":	1.48844e+07,
					"retransmits":	0
				},
				"receiver":	{
					"socket":	4,
					"start":	0,
					"end":	5.00024,
					"seconds":	5.00024,
					"bytes":	9303160,
					"bits_per_second":	1.48844e+07
				}
			}],
		"sum_sent":	{
			"start":	0,
			"end":	5.00024,
			"seconds":	5.00024,
			"bytes":	9303160,
			"bits_per_second":	1.48844e+07,
			"retransmits":	0
		},
		"sum_received":	{
			"start":	0,
			"end":	5.00024,
			"seconds":	5.00024,
			"bytes":	9303160,
			"bits_per_second":	1.48844e+07
		},
		"cpu_utilization_percent":	{
			"host_total":	0.462762,
			"host_user":	0,
			"host_system":	0.462802,
			"remote_total":	1.3206,
			"remote_user":	0,
			"remote_system":	1.32054
		}
	}
}
