{
	"start":	{
		"connected":	[{
				"socket":	4,
				"local_host":	"10.0.0.7",
				"local_port":	60098,
				"remote_host":	"10.0.0.13",
				"remote_port":	3186
			}],
		"version":	"iperf 3.0.7",
		"system_info":	"Linux BS7 5.4.197-0504197-generic #202206060747 SMP Mon Jun 6 09:27:47 UTC 2022 x86_64 x86_64 x86_64 GNU/Linux\n",
		"timestamp":	{
			"time":	"Mon, 25 Jul 2022 21:42:58 GMT",
			"timesecs":	1658785378
		},
		"connecting_to":	{
			"host":	"10.0.0.13",
			"port":	3186
		},
		"cookie":	"BS7.1658785378.581264.163be1ae528e30",
		"tcp_mss_default":	1448,
		"test_start":	{
			"protocol":	"TCP",
			"num_streams":	1,
			"blksize":	131072,
			"omit":	0,
			"duration":	41,
			"bytes":	0,
			"blocks":	0,
			"reverse":	0
		}
	},
	"intervals":	[{
			"streams":	[{
					"socket":	4,
					"start":	0,
					"end":	1.00061,
					"seconds":	1.00061,
					"bytes":	5715736,
					"bits_per_second":	4.56978e+07,
					"retransmits":	0,
					"snd_cwnd":	414128,
					"omitted":	false
				}],
			"sum":	{
				"start":	0,
				"end":	1.00061,
				"seconds":	1.00061,
				"bytes":	5715736,
				"bits_per_second":	4.56978e+07,
				"retransmits":	0,
				"omitted":	false
			}
		}, {
			"streams":	[{
					"socket":	4,
					"start":	1.00061,
					"end":	2.00023,
					"seconds":	0.999616,
					"bytes":	6291456,
					"bits_per_second":	5.0351e+07,
					"retransmits":	0,
					"snd_cwnd":	670424,
					"omitted":	false
				}],
			"sum":	{
				"start":	1.00061,
				"end":	2.00023,
				"seconds":	0.999616,
				"bytes":	6291456,
				"bits_per_second":	5.0351e+07,
				"retransmits":	0,
				"omitted":	false
			}
		}, {
			"streams":	[{
					"socket":	4,
					"start":	2.00023,
					"end":	3.00064,
					"seconds":	1.00041,
					"bytes":	6160384,
					"bits_per_second":	4.9263e+07,
					"retransmits":	0,
					"snd_cwnd":	670424,
					"omitted":	false
				}],
			"sum":	{
				"start":	2.00023,
				"end":	3.00064,
				"seconds":	1.00041,
				"bytes":	6160384,
				"bits_per_second":	4.9263e+07,
				"retransmits":	0,
				"omitted":	false
			}
		}, {
			"streams":	[{
					"socket":	4,
					"start":	3.00064,
					"end":	4.00056,
					"seconds":	0.999928,
					"bytes":	6291456,
					"bits_per_second":	5.03353e+07,
					"retransmits":	0,
					"snd_cwnd":	670424,
					"omitted":	false
				}],
			"sum":	{
				"start":	3.00064,
				"end":	4.00056,
				"seconds":	0.999928,
				"bytes":	6291456,
				"bits_per_second":	5.03353e+07,
				"retransmits":	0,
				"omitted":	false
			}
		}, {
			"streams":	[{
					"socket":	4,
					"start":	4.00056,
					"end":	5.00056,
					"seconds":	0.999993,
					"bytes":	6291456,
					"bits_per_second":	5.0332e+07,
					"retransmits":	0,
					"snd_cwnd":	670424,
					"omitted":	false
				}],
			"sum":	{
				"start":	4.00056,
				"end":	5.00056,
				"seconds":	0.999993,
				"bytes":	6291456,
				"bits_per_second":	5.0332e+07,
				"retransmits":	0,
				"omitted":	false
			}
		}, {
			"streams":	[{
					"socket":	4,
					"start":	5.00056,
					"end":	6.00032,
					"seconds":	0.999763,
					"bytes":	6160384,
					"bits_per_second":	4.92948e+07,
					"retransmits":	0,
					"snd_cwnd":	670424,
					"omitted":	false
				}],
			"sum":	{
				"start":	5.00056,
				"end":	6.00032,
				"seconds":	0.999763,
				"bytes":	6160384,
				"bits_per_second":	4.92948e+07,
				"retransmits":	0,
				"omitted":	false
			}
		}, {
			"streams":	[{
					"socket":	4,
					"start":	6.00032,
					"end":	7.00032,
					"seconds":	0.999999,
					"bytes":	6291456,
					"bits_per_second":	5.03317e+07,
					"retransmits":	0,
					"snd_cwnd":	670424,
					"omitted":	false
				}],
			"sum":	{
				"start":	6.00032,
				"end":	7.00032,
				"seconds":	0.999999,
				"bytes":	6291456,
				"bits_per_second":	5.03317e+07,
				"retransmits":	0,
				"omitted":	false
			}
		}, {
			"streams":	[{
					"socket":	4,
					"start":	7.00032,
					"end":	8.00183,
					"seconds":	1.00151,
					"bytes":	6291456,
					"bits_per_second":	5.02559e+07,
					"retransmits":	0,
					"snd_cwnd":	670424,
					"omitted":	false
				}],
			"sum":	{
				"start":	7.00032,
				"end":	8.00183,
				"seconds":	1.00151,
				"bytes":	6291456,
				"bits_per_second":	5.02559e+07,
				"retransmits":	0,
				"omitted":	false
			}
		}, {
			"streams":	[{
					"socket":	4,
					"start":	8.00183,
					"end":	9.00038,
					"seconds":	0.998549,
					"bytes":	6160384,
					"bits_per_second":	4.93547e+07,
					"retransmits":	0,
					"snd_cwnd":	670424,
					"omitted":	false
				}],
			"sum":	{
				"start":	8.00183,
				"end":	9.00038,
				"seconds":	0.998549,
				"bytes":	6160384,
				"bits_per_second":	4.93547e+07,
				"retransmits":	0,
				"omitted":	false
			}
		}, {
			"streams":	[{
					"socket":	4,
					"start":	9.00038,
					"end":	10.0003,
					"seconds":	0.999912,
					"bytes":	6291456,
					"bits_per_second":	5.03361e+07,
					"retransmits":	0,
					"snd_cwnd":	670424,
					"omitted":	false
				}],
			"sum":	{
				"start":	9.00038,
				"end":	10.0003,
				"seconds":	0.999912,
				"bytes":	6291456,
				"bits_per_second":	5.03361e+07,
				"retransmits":	0,
				"omitted":	false
			}
		}, {
			"streams":	[{
					"socket":	4,
					"start":	10.0003,
					"end":	11.0004,
					"seconds":	1.00008,
					"bytes":	6291456,
					"bits_per_second":	5.03279e+07,
					"retransmits":	13,
					"snd_cwnd":	670424,
					"omitted":	false
				}],
			"sum":	{
				"start":	10.0003,
				"end":	11.0004,
				"seconds":	1.00008,
				"bytes":	6291456,
				"bits_per_second":	5.03279e+07,
				"retransmits":	13,
				"omitted":	false
			}
		}, {
			"streams":	[{
					"socket":	4,
					"start":	11.0004,
					"end":	12.0006,
					"seconds":	1.00022,
					"bytes":	6160384,
					"bits_per_second":	4.92723e+07,
					"retransmits":	0,
					"snd_cwnd":	670424,
					"omitted":	false
				}],
			"sum":	{
				"start":	11.0004,
				"end":	12.0006,
				"seconds":	1.00022,
				"bytes":	6160384,
				"bits_per_second":	4.92723e+07,
				"retransmits":	0,
				"omitted":	false
			}
		}, {
			"streams":	[{
					"socket":	4,
					"start":	12.0006,
					"end":	13.0005,
					"seconds":	0.999924,
					"bytes":	6291456,
					"bits_per_second":	5.03355e+07,
					"retransmits":	0,
					"snd_cwnd":	670424,
					"omitted":	false
				}],
			"sum":	{
				"start":	12.0006,
				"end":	13.0005,
				"seconds":	0.999924,
				"bytes":	6291456,
				"bits_per_second":	5.03355e+07,
				"retransmits":	0,
				"omitted":	false
			}
		}, {
			"streams":	[{
					"socket":	4,
					"start":	13.0005,
					"end":	14.0004,
					"seconds":	0.999919,
					"bytes":	6553600,
					"bits_per_second":	5.24331e+07,
					"retransmits":	0,
					"snd_cwnd":	671872,
					"omitted":	false
				}],
			"sum":	{
				"start":	13.0005,
				"end":	14.0004,
				"seconds":	0.999919,
				"bytes":	6553600,
				"bits_per_second":	5.24331e+07,
				"retransmits":	0,
				"omitted":	false
			}
		}, {
			"streams":	[{
					"socket":	4,
					"start":	14.0004,
					"end":	15.0038,
					"seconds":	1.00335,
					"bytes":	5898240,
					"bits_per_second":	4.70282e+07,
					"retransmits":	0,
					"snd_cwnd":	673320,
					"omitted":	false
				}],
			"sum":	{
				"start":	14.0004,
				"end":	15.0038,
				"seconds":	1.00335,
				"bytes":	5898240,
				"bits_per_second":	4.70282e+07,
				"retransmits":	0,
				"omitted":	false
			}
		}, {
			"streams":	[{
					"socket":	4,
					"start":	15.0038,
					"end":	16.0003,
					"seconds":	0.996495,
					"bytes":	6291456,
					"bits_per_second":	5.05087e+07,
					"retransmits":	0,
					"snd_cwnd":	673320,
					"omitted":	false
				}],
			"sum":	{
				"start":	15.0038,
				"end":	16.0003,
				"seconds":	0.996495,
				"bytes":	6291456,
				"bits_per_second":	5.05087e+07,
				"retransmits":	0,
				"omitted":	false
			}
		}, {
			"streams":	[{
					"socket":	4,
					"start":	16.0003,
					"end":	17.0004,
					"seconds":	1.00017,
					"bytes":	6291456,
					"bits_per_second":	5.0323e+07,
					"retransmits":	0,
					"snd_cwnd":	673320,
					"omitted":	false
				}],
			"sum":	{
				"start":	16.0003,
				"end":	17.0004,
				"seconds":	1.00017,
				"bytes":	6291456,
				"bits_per_second":	5.0323e+07,
				"retransmits":	0,
				"omitted":	false
			}
		}, {
			"streams":	[{
					"socket":	4,
					"start":	17.0004,
					"end":	18.0042,
					"seconds":	1.00376,
					"bytes":	6291456,
					"bits_per_second":	5.01431e+07,
					"retransmits":	1,
					"snd_cwnd":	673320,
					"omitted":	false
				}],
			"sum":	{
				"start":	17.0004,
				"end":	18.0042,
				"seconds":	1.00376,
				"bytes":	6291456,
				"bits_per_second":	5.01431e+07,
				"retransmits":	1,
				"omitted":	false
			}
		}, {
			"streams":	[{
					"socket":	4,
					"start":	18.0042,
					"end":	19.0001,
					"seconds":	0.995941,
					"bytes":	6160384,
					"bits_per_second":	4.94839e+07,
					"retransmits":	0,
					"snd_cwnd":	673320,
					"omitted":	false
				}],
			"sum":	{
				"start":	18.0042,
				"end":	19.0001,
				"seconds":	0.995941,
				"bytes":	6160384,
				"bits_per_second":	4.94839e+07,
				"retransmits":	0,
				"omitted":	false
			}
		}, {
			"streams":	[{
					"socket":	4,
					"start":	19.0001,
					"end":	20.0005,
					"seconds":	1.00036,
					"bytes":	6291456,
					"bits_per_second":	5.03134e+07,
					"retransmits":	0,
					"snd_cwnd":	673320,
					"omitted":	false
				}],
			"sum":	{
				"start":	19.0001,
				"end":	20.0005,
				"seconds":	1.00036,
				"bytes":	6291456,
				"bits_per_second":	5.03134e+07,
				"retransmits":	0,
				"omitted":	false
			}
		}, {
			"streams":	[{
					"socket":	4,
					"start":	20.0005,
					"end":	21.0008,
					"seconds":	1.00034,
					"bytes":	6291456,
					"bits_per_second":	5.03145e+07,
					"retransmits":	0,
					"snd_cwnd":	673320,
					"omitted":	false
				}],
			"sum":	{
				"start":	20.0005,
				"end":	21.0008,
				"seconds":	1.00034,
				"bytes":	6291456,
				"bits_per_second":	5.03145e+07,
				"retransmits":	0,
				"omitted":	false
			}
		}, {
			"streams":	[{
					"socket":	4,
					"start":	21.0008,
					"end":	22.0003,
					"seconds":	0.999433,
					"bytes":	6160384,
					"bits_per_second":	4.9311e+07,
					"retransmits":	0,
					"snd_cwnd":	673320,
					"omitted":	false
				}],
			"sum":	{
				"start":	21.0008,
				"end":	22.0003,
				"seconds":	0.999433,
				"bytes":	6160384,
				"bits_per_second":	4.9311e+07,
				"retransmits":	0,
				"omitted":	false
			}
		}, {
			"streams":	[{
					"socket":	4,
					"start":	22.0003,
					"end":	23.0001,
					"seconds":	0.999854,
					"bytes":	6291456,
					"bits_per_second":	5.0339e+07,
					"retransmits":	0,
					"snd_cwnd":	673320,
					"omitted":	false
				}],
			"sum":	{
				"start":	22.0003,
				"end":	23.0001,
				"seconds":	0.999854,
				"bytes":	6291456,
				"bits_per_second":	5.0339e+07,
				"retransmits":	0,
				"omitted":	false
			}
		}, {
			"streams":	[{
					"socket":	4,
					"start":	23.0001,
					"end":	24.0005,
					"seconds":	1.00041,
					"bytes":	6291456,
					"bits_per_second":	5.03108e+07,
					"retransmits":	0,
					"snd_cwnd":	673320,
					"omitted":	false
				}],
			"sum":	{
				"start":	23.0001,
				"end":	24.0005,
				"seconds":	1.00041,
				"bytes":	6291456,
				"bits_per_second":	5.03108e+07,
				"retransmits":	0,
				"omitted":	false
			}
		}, {
			"streams":	[{
					"socket":	4,
					"start":	24.0005,
					"end":	25.0009,
					"seconds":	1.0003,
					"bytes":	6291456,
					"bits_per_second":	5.03164e+07,
					"retransmits":	0,
					"snd_cwnd":	673320,
					"omitted":	false
				}],
			"sum":	{
				"start":	24.0005,
				"end":	25.0009,
				"seconds":	1.0003,
				"bytes":	6291456,
				"bits_per_second":	5.03164e+07,
				"retransmits":	0,
				"omitted":	false
			}
		}, {
			"streams":	[{
					"socket":	4,
					"start":	25.0009,
					"end":	26.0008,
					"seconds":	0.999951,
					"bytes":	6160384,
					"bits_per_second":	4.92855e+07,
					"retransmits":	0,
					"snd_cwnd":	673320,
					"omitted":	false
				}],
			"sum":	{
				"start":	25.0009,
				"end":	26.0008,
				"seconds":	0.999951,
				"bytes":	6160384,
				"bits_per_second":	4.92855e+07,
				"retransmits":	0,
				"omitted":	false
			}
		}, {
			"streams":	[{
					"socket":	4,
					"start":	26.0008,
					"end":	27.0006,
					"seconds":	0.999838,
					"bytes":	6291456,
					"bits_per_second":	5.03398e+07,
					"retransmits":	0,
					"snd_cwnd":	673320,
					"omitted":	false
				}],
			"sum":	{
				"start":	26.0008,
				"end":	27.0006,
				"seconds":	0.999838,
				"bytes":	6291456,
				"bits_per_second":	5.03398e+07,
				"retransmits":	0,
				"omitted":	false
			}
		}, {
			"streams":	[{
					"socket":	4,
					"start":	27.0006,
					"end":	28.0041,
					"seconds":	1.00345,
					"bytes":	6160384,
					"bits_per_second":	4.91136e+07,
					"retransmits":	0,
					"snd_cwnd":	673320,
					"omitted":	false
				}],
			"sum":	{
				"start":	27.0006,
				"end":	28.0041,
				"seconds":	1.00345,
				"bytes":	6160384,
				"bits_per_second":	4.91136e+07,
				"retransmits":	0,
				"omitted":	false
			}
		}, {
			"streams":	[{
					"socket":	4,
					"start":	28.0041,
					"end":	29.0003,
					"seconds":	0.996216,
					"bytes":	6291456,
					"bits_per_second":	5.05228e+07,
					"retransmits":	0,
					"snd_cwnd":	673320,
					"omitted":	false
				}],
			"sum":	{
				"start":	28.0041,
				"end":	29.0003,
				"seconds":	0.996216,
				"bytes":	6291456,
				"bits_per_second":	5.05228e+07,
				"retransmits":	0,
				"omitted":	false
			}
		}, {
			"streams":	[{
					"socket":	4,
					"start":	29.0003,
					"end":	30.0047,
					"seconds":	1.00443,
					"bytes":	6291456,
					"bits_per_second":	5.01099e+07,
					"retransmits":	0,
					"snd_cwnd":	673320,
					"omitted":	false
				}],
			"sum":	{
				"start":	29.0003,
				"end":	30.0047,
				"seconds":	1.00443,
				"bytes":	6291456,
				"bits_per_second":	5.01099e+07,
				"retransmits":	0,
				"omitted":	false
			}
		}, {
			"streams":	[{
					"socket":	4,
					"start":	30.0047,
					"end":	31.0003,
					"seconds":	0.995555,
					"bytes":	6160384,
					"bits_per_second":	4.95031e+07,
					"retransmits":	0,
					"snd_cwnd":	673320,
					"omitted":	false
				}],
			"sum":	{
				"start":	30.0047,
				"end":	31.0003,
				"seconds":	0.995555,
				"bytes":	6160384,
				"bits_per_second":	4.95031e+07,
				"retransmits":	0,
				"omitted":	false
			}
		}, {
			"streams":	[{
					"socket":	4,
					"start":	31.0003,
					"end":	32.0007,
					"seconds":	1.0004,
					"bytes":	6291456,
					"bits_per_second":	5.03118e+07,
					"retransmits":	0,
					"snd_cwnd":	673320,
					"omitted":	false
				}],
			"sum":	{
				"start":	31.0003,
				"end":	32.0007,
				"seconds":	1.0004,
				"bytes":	6291456,
				"bits_per_second":	5.03118e+07,
				"retransmits":	0,
				"omitted":	false
			}
		}, {
			"streams":	[{
					"socket":	4,
					"start":	32.0007,
					"end":	33.0007,
					"seconds":	0.99999,
					"bytes":	6291456,
					"bits_per_second":	5.03322e+07,
					"retransmits":	0,
					"snd_cwnd":	673320,
					"omitted":	false
				}],
			"sum":	{
				"start":	32.0007,
				"end":	33.0007,
				"seconds":	0.99999,
				"bytes":	6291456,
				"bits_per_second":	5.03322e+07,
				"retransmits":	0,
				"omitted":	false
			}
		}, {
			"streams":	[{
					"socket":	4,
					"start":	33.0007,
					"end":	34.0003,
					"seconds":	0.999655,
					"bytes":	6160384,
					"bits_per_second":	4.93001e+07,
					"retransmits":	0,
					"snd_cwnd":	673320,
					"omitted":	false
				}],
			"sum":	{
				"start":	33.0007,
				"end":	34.0003,
				"seconds":	0.999655,
				"bytes":	6160384,
				"bits_per_second":	4.93001e+07,
				"retransmits":	0,
				"omitted":	false
			}
		}, {
			"streams":	[{
					"socket":	4,
					"start":	34.0003,
					"end":	35.0002,
					"seconds":	0.999849,
					"bytes":	6291456,
					"bits_per_second":	5.03392e+07,
					"retransmits":	0,
					"snd_cwnd":	673320,
					"omitted":	false
				}],
			"sum":	{
				"start":	34.0003,
				"end":	35.0002,
				"seconds":	0.999849,
				"bytes":	6291456,
				"bits_per_second":	5.03392e+07,
				"retransmits":	0,
				"omitted":	false
			}
		}, {
			"streams":	[{
					"socket":	4,
					"start":	35.0002,
					"end":	36.0005,
					"seconds":	1.00031,
					"bytes":	6291456,
					"bits_per_second":	5.03158e+07,
					"retransmits":	0,
					"snd_cwnd":	673320,
					"omitted":	false
				}],
			"sum":	{
				"start":	35.0002,
				"end":	36.0005,
				"seconds":	1.00031,
				"bytes":	6291456,
				"bits_per_second":	5.03158e+07,
				"retransmits":	0,
				"omitted":	false
			}
		}, {
			"streams":	[{
					"socket":	4,
					"start":	36.0005,
					"end":	37.0004,
					"seconds":	0.99993,
					"bytes":	6160384,
					"bits_per_second":	4.92865e+07,
					"retransmits":	0,
					"snd_cwnd":	673320,
					"omitted":	false
				}],
			"sum":	{
				"start":	36.0005,
				"end":	37.0004,
				"seconds":	0.99993,
				"bytes":	6160384,
				"bits_per_second":	4.92865e+07,
				"retransmits":	0,
				"omitted":	false
			}
		}, {
			"streams":	[{
					"socket":	4,
					"start":	37.0004,
					"end":	38.0004,
					"seconds":	1,
					"bytes":	6291456,
					"bits_per_second":	50331648,
					"retransmits":	0,
					"snd_cwnd":	673320,
					"omitted":	false
				}],
			"sum":	{
				"start":	37.0004,
				"end":	38.0004,
				"seconds":	1,
				"bytes":	6291456,
				"bits_per_second":	50331648,
				"retransmits":	0,
				"omitted":	false
			}
		}, {
			"streams":	[{
					"socket":	4,
					"start":	38.0004,
					"end":	39.0005,
					"seconds":	1.00007,
					"bytes":	6291456,
					"bits_per_second":	5.03279e+07,
					"retransmits":	0,
					"snd_cwnd":	673320,
					"omitted":	false
				}],
			"sum":	{
				"start":	38.0004,
				"end":	39.0005,
				"seconds":	1.00007,
				"bytes":	6291456,
				"bits_per_second":	5.03279e+07,
				"retransmits":	0,
				"omitted":	false
			}
		}, {
			"streams":	[{
					"socket":	4,
					"start":	39.0005,
					"end":	40.0005,
					"seconds":	1.00003,
					"bytes":	6291456,
					"bits_per_second":	5.03301e+07,
					"retransmits":	0,
					"snd_cwnd":	673320,
					"omitted":	false
				}],
			"sum":	{
				"start":	39.0005,
				"end":	40.0005,
				"seconds":	1.00003,
				"bytes":	6291456,
				"bits_per_second":	5.03301e+07,
				"retransmits":	0,
				"omitted":	false
			}
		}, {
			"streams":	[{
					"socket":	4,
					"start":	40.0005,
					"end":	41.0004,
					"seconds":	0.999875,
					"bytes":	6160384,
					"bits_per_second":	4.92892e+07,
					"retransmits":	0,
					"snd_cwnd":	673320,
					"omitted":	false
				}],
			"sum":	{
				"start":	40.0005,
				"end":	41.0004,
				"seconds":	0.999875,
				"bytes":	6160384,
				"bits_per_second":	4.92892e+07,
				"retransmits":	0,
				"omitted":	false
			}
		}],
	"end":	{
		"streams":	[{
				"sender":	{
					"socket":	4,
					"start":	0,
					"end":	41.0004,
					"seconds":	41.0004,
					"bytes":	255670040,
					"bits_per_second":	4.98863e+07,
					"retransmits":	14
				},
				"receiver":	{
					"socket":	4,
					"start":	0,
					"end":	41.0004,
					"seconds":	41.0004,
					"bytes":	255670040,
					"bits_per_second":	4.98863e+07
				}
			}],
		"sum_sent":	{
			"start":	0,
			"end":	41.0004,
			"seconds":	41.0004,
			"bytes":	255670040,
			"bits_per_second":	4.98863e+07,
			"retransmits":	14
		},
		"sum_received":	{
			"start":	0,
			"end":	41.0004,
			"seconds":	41.0004,
			"bytes":	255670040,
			"bits_per_second":	4.98863e+07
		},
		"cpu_utilization_percent":	{
			"host_total":	1.00604,
			"host_user":	0.0420878,
			"host_system":	0.963944,
			"remote_total":	2.14954,
			"remote_user":	0.258273,
			"remote_system":	1.89126
		}
	}
}
