{
	"start":	{
		"connected":	[{
				"socket":	4,
				"local_host":	"10.0.0.2",
				"local_port":	47526,
				"remote_host":	"10.0.0.18",
				"remote_port":	1994
			}],
		"version":	"iperf 3.0.7",
		"system_info":	"Linux BS2 5.4.197-0504197-generic #202206060747 SMP Mon Jun 6 09:27:47 UTC 2022 x86_64 x86_64 x86_64 GNU/Linux\n",
		"timestamp":	{
			"time":	"Mon, 25 Jul 2022 21:49:21 GMT",
			"timesecs":	1658785761
		},
		"connecting_to":	{
			"host":	"10.0.0.18",
			"port":	1994
		},
		"cookie":	"BS2.1658785761.506987.4226206b1fbb1f",
		"tcp_mss_default":	1448,
		"test_start":	{
			"protocol":	"TCP",
			"num_streams":	1,
			"blksize":	131072,
			"omit":	0,
			"duration":	11,
			"bytes":	0,
			"blocks":	0,
			"reverse":	0
		}
	},
	"intervals":	[{
			"streams":	[{
					"socket":	4,
					"start":	0,
					"end":	1.00025,
					"seconds":	1.00025,
					"bytes":	5735952,
					"bits_per_second":	4.58762e+07,
					"retransmits":	0,
					"snd_cwnd":	1362568,
					"omitted":	false
				}],
			"sum":	{
				"start":	0,
				"end":	1.00025,
				"seconds":	1.00025,
				"bytes":	5735952,
				"bits_per_second":	4.58762e+07,
				"retransmits":	0,
				"omitted":	false
			}
		}, {
			"streams":	[{
					"socket":	4,
					"start":	1.00025,
					"end":	2.00029,
					"seconds":	1.00004,
					"bytes":	6160384,
					"bits_per_second":	4.92809e+07,
					"retransmits":	0,
					"snd_cwnd":	1362568,
					"omitted":	false
				}],
			"sum":	{
				"start":	1.00025,
				"end":	2.00029,
				"seconds":	1.00004,
				"bytes":	6160384,
				"bits_per_second":	4.92809e+07,
				"retransmits":	0,
				"omitted":	false
			}
		}, {
			"streams":	[{
					"socket":	4,
					"start":	2.00029,
					"end":	3.00051,
					"seconds":	1.00021,
					"bytes":	6291456,
					"bits_per_second":	5.03209e+07,
					"retransmits":	0,
					"snd_cwnd":	1362568,
					"omitted":	false
				}],
			"sum":	{
				"start":	2.00029,
				"end":	3.00051,
				"seconds":	1.00021,
				"bytes":	6291456,
				"bits_per_second":	5.03209e+07,
				"retransmits":	0,
				"omitted":	false
			}
		}, {
			"streams":	[{
					"socket":	4,
					"start":	3.00051,
					"end":	4.00011,
					"seconds":	0.999604,
					"bytes":	6291456,
					"bits_per_second":	5.03516e+07,
					"retransmits":	0,
					"snd_cwnd":	1362568,
					"omitted":	false
				}],
			"sum":	{
				"start":	3.00051,
				"end":	4.00011,
				"seconds":	0.999604,
				"bytes":	6291456,
				"bits_per_second":	5.03516e+07,
				"retransmits":	0,
				"omitted":	false
			}
		}, {
			"streams":	[{
					"socket":	4,
					"start":	4.00011,
					"end":	5.00034,
					"seconds":	1.00023,
					"bytes":	6160384,
					"bits_per_second":	4.92719e+07,
					"retransmits":	0,
					"snd_cwnd":	1362568,
					"omitted":	false
				}],
			"sum":	{
				"start":	4.00011,
				"end":	5.00034,
				"seconds":	1.00023,
				"bytes":	6160384,
				"bits_per_second":	4.92719e+07,
				"retransmits":	0,
				"omitted":	false
			}
		}, {
			"streams":	[{
					"socket":	4,
					"start":	5.00034,
					"end":	6.00061,
					"seconds":	1.00027,
					"bytes":	6291456,
					"bits_per_second":	5.0318e+07,
					"retransmits":	0,
					"snd_cwnd":	1362568,
					"omitted":	false
				}],
			"sum":	{
				"start":	5.00034,
				"end":	6.00061,
				"seconds":	1.00027,
				"bytes":	6291456,
				"bits_per_second":	5.0318e+07,
				"retransmits":	0,
				"omitted":	false
			}
		}, {
			"streams":	[{
					"socket":	4,
					"start":	6.00061,
					"end":	7.00021,
					"seconds":	0.9996,
					"bytes":	6291456,
					"bits_per_second":	5.03518e+07,
					"retransmits":	0,
					"snd_cwnd":	1362568,
					"omitted":	false
				}],
			"sum":	{
				"start":	6.00061,
				"end":	7.00021,
				"seconds":	0.9996,
				"bytes":	6291456,
				"bits_per_second":	5.03518e+07,
				"retransmits":	0,
				"omitted":	false
			}
		}, {
			"streams":	[{
					"socket":	4,
					"start":	7.00021,
					"end":	8.00048,
					"seconds":	1.00027,
					"bytes":	6160384,
					"bits_per_second":	4.92696e+07,
					"retransmits":	0,
					"snd_cwnd":	1362568,
					"omitted":	false
				}],
			"sum":	{
				"start":	7.00021,
				"end":	8.00048,
				"seconds":	1.00027,
				"bytes":	6160384,
				"bits_per_second":	4.92696e+07,
				"retransmits":	0,
				"omitted":	false
			}
		}, {
			"streams":	[{
					"socket":	4,
					"start":	8.00048,
					"end":	9.00012,
					"seconds":	0.999634,
					"bytes":	6291456,
					"bits_per_second":	5.03501e+07,
					"retransmits":	0,
					"snd_cwnd":	1362568,
					"omitted":	false
				}],
			"sum":	{
				"start":	8.00048,
				"end":	9.00012,
				"seconds":	0.999634,
				"bytes":	6291456,
				"bits_per_second":	5.03501e+07,
				"retransmits":	0,
				"omitted":	false
			}
		}, {
			"streams":	[{
					"socket":	4,
					"start":	9.00012,
					"end":	10.0007,
					"seconds":	1.00058,
					"bytes":	6291456,
					"bits_per_second":	5.03026e+07,
					"retransmits":	0,
					"snd_cwnd":	1362568,
					"omitted":	false
				}],
			"sum":	{
				"start":	9.00012,
				"end":	10.0007,
				"seconds":	1.00058,
				"bytes":	6291456,
				"bits_per_second":	5.03026e+07,
				"retransmits":	0,
				"omitted":	false
			}
		}, {
			"streams":	[{
					"socket":	4,
					"start":	10.0007,
					"end":	11.0005,
					"seconds":	0.99983,
					"bytes":	6291456,
					"bits_per_second":	5.03402e+07,
					"retransmits":	0,
					"snd_cwnd":	1362568,
					"omitted":	false
				}],
			"sum":	{
				"start":	10.0007,
				"end":	11.0005,
				"seconds":	0.99983,
				"bytes":	6291456,
				"bits_per_second":	5.03402e+07,
				"retransmits":	0,
				"omitted":	false
			}
		}],
	"end":	{
		"streams":	[{
				"sender":	{
					"socket":	4,
					"start":	0,
					"end":	11.0005,
					"seconds":	11.0005,
					"bytes":	68257296,
					"bits_per_second":	4.96393e+07,
					"retransmits":	0
				},
				"receiver":	{
					"socket":	4,
					"start":	0,
					"end":	11.0005,
					"seconds":	11.0005,
					"bytes":	68257296,
					"bits_per_second":	4.96393e+07
				}
			}],
		"sum_sent":	{
			"start":	0,
			"end":	11.0005,
			"seconds":	11.0005,
			"bytes":	68257296,
			"bits_per_second":	4.96393e+07,
			"retransmits":	0
		},
		"sum_received":	{
			"start":	0,
			"end":	11.0005,
			"seconds":	11.0005,
			"bytes":	68257296,
			"bits_per_second":	4.96393e+07
		},
		"cpu_utilization_percent":	{
			"host_total":	1.25845,
			"host_user":	0.36175,
			"host_system":	0.896661,
			"remote_total":	2.62879,
			"remote_user":	0.299275,
			"remote_system":	2.3295
		}
	}
}
