{
	"start":	{
		"connected":	[{
				"socket":	4,
				"local_host":	"10.0.0.7",
				"local_port":	55989,
				"remote_host":	"10.0.0.12",
				"remote_port":	1103
			}],
		"version":	"iperf 3.0.7",
		"system_info":	"Linux BS7 5.4.197-0504197-generic #202206060747 SMP Mon Jun 6 09:27:47 UTC 2022 x86_64 x86_64 x86_64 GNU/Linux\n",
		"timestamp":	{
			"time":	"Mon, 25 Jul 2022 21:49:13 GMT",
			"timesecs":	1658785753
		},
		"connecting_to":	{
			"host":	"10.0.0.12",
			"port":	1103
		},
		"cookie":	"BS7.1658785753.804079.14a830a8798698",
		"test_start":	{
			"protocol":	"UDP",
			"num_streams":	1,
			"blksize":	8192,
			"omit":	0,
			"duration":	9,
			"bytes":	0,
			"blocks":	0,
			"reverse":	0
		}
	},
	"intervals":	[{
			"streams":	[{
					"socket":	4,
					"start":	0,
					"end":	1.00023,
					"seconds":	1.00023,
					"bytes":	11780096,
					"bits_per_second":	9.4219e+07,
					"packets":	1438,
					"omitted":	false
				}],
			"sum":	{
				"start":	0,
				"end":	1.00023,
				"seconds":	1.00023,
				"bytes":	11780096,
				"bits_per_second":	9.4219e+07,
				"packets":	1438,
				"omitted":	false
			}
		}, {
			"streams":	[{
					"socket":	4,
					"start":	1.00023,
					"end":	2.0015,
					"seconds":	1.00127,
					"bytes":	12034048,
					"bits_per_second":	9.61501e+07,
					"packets":	1469,
					"omitted":	false
				}],
			"sum":	{
				"start":	1.00023,
				"end":	2.0015,
				"seconds":	1.00127,
				"bytes":	12034048,
				"bits_per_second":	9.61501e+07,
				"packets":	1469,
				"omitted":	false
			}
		}, {
			"streams":	[{
					"socket":	4,
					"start":	2.0015,
					"end":	3.00023,
					"seconds":	0.998722,
					"bytes":	12468224,
					"bits_per_second":	9.98734e+07,
					"packets":	1522,
					"omitted":	false
				}],
			"sum":	{
				"start":	2.0015,
				"end":	3.00023,
				"seconds":	0.998722,
				"bytes":	12468224,
				"bits_per_second":	9.98734e+07,
				"packets":	1522,
				"omitted":	false
			}
		}, {
			"streams":	[{
					"socket":	4,
					"start":	3.00023,
					"end":	4.00523,
					"seconds":	1.00501,
					"bytes":	13328384,
					"bits_per_second":	1.06096e+08,
					"packets":	1627,
					"omitted":	false
				}],
			"sum":	{
				"start":	3.00023,
				"end":	4.00523,
				"seconds":	1.00501,
				"bytes":	13328384,
				"bits_per_second":	1.06096e+08,
				"packets":	1627,
				"omitted":	false
			}
		}, {
			"streams":	[{
					"socket":	4,
					"start":	4.00523,
					"end":	5.00383,
					"seconds":	0.998595,
					"bytes":	12427264,
					"bits_per_second":	9.9558e+07,
					"packets":	1517,
					"omitted":	false
				}],
			"sum":	{
				"start":	4.00523,
				"end":	5.00383,
				"seconds":	0.998595,
				"bytes":	12427264,
				"bits_per_second":	9.9558e+07,
				"packets":	1517,
				"omitted":	false
			}
		}, {
			"streams":	[{
					"socket":	4,
					"start":	5.00383,
					"end":	6.00058,
					"seconds":	0.996746,
					"bytes":	12058624,
					"bits_per_second":	9.67839e+07,
					"packets":	1472,
					"omitted":	false
				}],
			"sum":	{
				"start":	5.00383,
				"end":	6.00058,
				"seconds":	0.996746,
				"bytes":	12058624,
				"bits_per_second":	9.67839e+07,
				"packets":	1472,
				"omitted":	false
			}
		}, {
			"streams":	[{
					"socket":	4,
					"start":	6.00058,
					"end":	7.00058,
					"seconds":	1.00001,
					"bytes":	13099008,
					"bits_per_second":	1.04791e+08,
					"packets":	1599,
					"omitted":	false
				}],
			"sum":	{
				"start":	6.00058,
				"end":	7.00058,
				"seconds":	1.00001,
				"bytes":	13099008,
				"bits_per_second":	1.04791e+08,
				"packets":	1599,
				"omitted":	false
			}
		}, {
			"streams":	[{
					"socket":	4,
					"start":	7.00058,
					"end":	8.00026,
					"seconds":	0.999682,
					"bytes":	11845632,
					"bits_per_second":	9.47952e+07,
					"packets":	1446,
					"omitted":	false
				}],
			"sum":	{
				"start":	7.00058,
				"end":	8.00026,
				"seconds":	0.999682,
				"bytes":	11845632,
				"bits_per_second":	9.47952e+07,
				"packets":	1446,
				"omitted":	false
			}
		}, {
			"streams":	[{
					"socket":	4,
					"start":	8.00026,
					"end":	9.00049,
					"seconds":	1.00023,
					"bytes":	13295616,
					"bits_per_second":	1.0634e+08,
					"packets":	1623,
					"omitted":	false
				}],
			"sum":	{
				"start":	8.00026,
				"end":	9.00049,
				"seconds":	1.00023,
				"bytes":	13295616,
				"bits_per_second":	1.0634e+08,
				"packets":	1623,
				"omitted":	false
			}
		}],
	"end":	{
		"streams":	[{
				"udp":	{
					"socket":	4,
					"start":	0,
					"end":	9.00049,
					"seconds":	9.00049,
					"bytes":	112336896,
					"bits_per_second":	9.98495e+07,
					"jitter_ms":	0.905847,
					"lost_packets":	585,
					"packets":	13708,
					"lost_percent":	4.26758
				}
			}],
		"sum":	{
			"start":	0,
			"end":	9.00049,
			"seconds":	9.00049,
			"bytes":	112336896,
			"bits_per_second":	9.98495e+07,
			"jitter_ms":	0.905847,
			"lost_packets":	585,
			"packets":	13708,
			"lost_percent":	4.26758
		},
		"cpu_utilization_percent":	{
			"host_total":	34.0978,
			"host_user":	0.602101,
			"host_system":	33.4957,
			"remote_total":	10.1265,
			"remote_user":	1.3187,
			"remote_system":	8.80779
		}
	}
}
