{
	"start":	{
		"connected":	[{
				"socket":	4,
				"local_host":	"10.0.0.1",
				"local_port":	59072,
				"remote_host":	"10.0.0.9",
				"remote_port":	2704
			}],
		"version":	"iperf 3.0.7",
		"system_info":	"Linux H1 5.4.197-0504197-generic #202206060747 SMP Mon Jun 6 09:27:47 UTC 2022 x86_64 x86_64 x86_64 GNU/Linux\n",
		"timestamp":	{
			"time":	"Fri, 22 Jul 2022 09:30:49 GMT",
			"timesecs":	1658482249
		},
		"connecting_to":	{
			"host":	"10.0.0.9",
			"port":	2704
		},
		"cookie":	"H1.1658482249.790643.5d6fa6c92cd6ddd",
		"tcp_mss_default":	1448,
		"test_start":	{
			"protocol":	"TCP",
			"num_streams":	1,
			"blksize":	131072,
			"omit":	0,
			"duration":	5,
			"bytes":	0,
			"blocks":	0,
			"reverse":	0
		}
	},
	"intervals":	[{
			"streams":	[{
					"socket":	4,
					"start":	0,
					"end":	1.00085,
					"seconds":	1.00085,
					"bytes":	1819024,
					"bits_per_second":	1.45399e+07,
					"retransmits":	0,
					"snd_cwnd":	92672,
					"omitted":	false
				}],
			"sum":	{
				"start":	0,
				"end":	1.00085,
				"seconds":	1.00085,
				"bytes":	1819024,
				"bits_per_second":	1.45399e+07,
				"retransmits":	0,
				"omitted":	false
			}
		}, {
			"streams":	[{
					"socket":	4,
					"start":	1.00085,
					"end":	2.00079,
					"seconds":	0.999945,
					"bytes":	1835008,
					"bits_per_second":	1.46809e+07,
					"retransmits":	0,
					"snd_cwnd":	121632,
					"omitted":	false
				}],
			"sum":	{
				"start":	1.00085,
				"end":	2.00079,
				"seconds":	0.999945,
				"bytes":	1835008,
				"bits_per_second":	1.46809e+07,
				"retransmits":	0,
				"omitted":	false
			}
		}, {
			"streams":	[{
					"socket":	4,
					"start":	2.00079,
					"end":	3.00087,
					"seconds":	1.00007,
					"bytes":	1835008,
					"bits_per_second":	1.4679e+07,
					"retransmits":	0,
					"snd_cwnd":	160728,
					"omitted":	false
				}],
			"sum":	{
				"start":	2.00079,
				"end":	3.00087,
				"seconds":	1.00007,
				"bytes":	1835008,
				"bits_per_second":	1.4679e+07,
				"retransmits":	0,
				"omitted":	false
			}
		}, {
			"streams":	[{
					"socket":	4,
					"start":	3.00087,
					"end":	4.00028,
					"seconds":	0.999409,
					"bytes":	1835008,
					"bits_per_second":	1.46887e+07,
					"retransmits":	0,
					"snd_cwnd":	178104,
					"omitted":	false
				}],
			"sum":	{
				"start":	3.00087,
				"end":	4.00028,
				"seconds":	0.999409,
				"bytes":	1835008,
				"bits_per_second":	1.46887e+07,
				"retransmits":	0,
				"omitted":	false
			}
		}, {
			"streams":	[{
					"socket":	4,
					"start":	4.00028,
					"end":	5.00052,
					"seconds":	1.00025,
					"bytes":	1966080,
					"bits_per_second":	1.57247e+07,
					"retransmits":	0,
					"snd_cwnd":	189688,
					"omitted":	false
				}],
			"sum":	{
				"start":	4.00028,
				"end":	5.00052,
				"seconds":	1.00025,
				"bytes":	1966080,
				"bits_per_second":	1.57247e+07,
				"retransmits":	0,
				"omitted":	false
			}
		}],
	"end":	{
		"streams":	[{
				"sender":	{
					"socket":	4,
					"start":	0,
					"end":	5.00052,
					"seconds":	5.00052,
					"bytes":	9290128,
					"bits_per_second":	1.48626e+07,
					"retransmits":	0
				},
				"receiver":	{
					"socket":	4,
					"start":	0,
					"end":	5.00052,
					"seconds":	5.00052,
					"bytes":	9290128,
					"bits_per_second":	1.48626e+07
				}
			}],
		"sum_sent":	{
			"start":	0,
			"end":	5.00052,
			"seconds":	5.00052,
			"bytes":	9290128,
			"bits_per_second":	1.48626e+07,
			"retransmits":	0
		},
		"sum_received":	{
			"start":	0,
			"end":	5.00052,
			"seconds":	5.00052,
			"bytes":	9290128,
			"bits_per_second":	1.48626e+07
		},
		"cpu_utilization_percent":	{
			"host_total":	0.651541,
			"host_user":	0,
			"host_system":	0.651521,
			"remote_total":	1.21961,
			"remote_user":	0.575729,
			"remote_system":	0.64386
		}
	}
}
