{
	"start":	{
		"connected":	[{
				"socket":	4,
				"local_host":	"10.0.0.4",
				"local_port":	33562,
				"remote_host":	"10.0.0.6",
				"remote_port":	2614
			}],
		"version":	"iperf 3.0.7",
		"system_info":	"Linux H4 5.4.197-0504197-generic #202206060747 SMP Mon Jun 6 09:27:47 UTC 2022 x86_64 x86_64 x86_64 GNU/Linux\n",
		"timestamp":	{
			"time":	"Fri, 22 Jul 2022 16:30:03 GMT",
			"timesecs":	1658507403
		},
		"connecting_to":	{
			"host":	"10.0.0.6",
			"port":	2614
		},
		"cookie":	"H4.1658507403.508946.2a066e3335c0f43",
		"tcp_mss_default":	1448,
		"test_start":	{
			"protocol":	"TCP",
			"num_streams":	1,
			"blksize":	131072,
			"omit":	0,
			"duration":	5,
			"bytes":	0,
			"blocks":	0,
			"reverse":	0
		}
	},
	"intervals":	[{
			"streams":	[{
					"socket":	4,
					"start":	0,
					"end":	1.00047,
					"seconds":	1.00047,
					"bytes":	1695192,
					"bits_per_second":	1.35551e+07,
					"retransmits":	1,
					"snd_cwnd":	82536,
					"omitted":	false
				}],
			"sum":	{
				"start":	0,
				"end":	1.00047,
				"seconds":	1.00047,
				"bytes":	1695192,
				"bits_per_second":	1.35551e+07,
				"retransmits":	1,
				"omitted":	false
			}
		}, {
			"streams":	[{
					"socket":	4,
					"start":	1.00047,
					"end":	2.00101,
					"seconds":	1.00054,
					"bytes":	1966080,
					"bits_per_second":	1.57201e+07,
					"retransmits":	0,
					"snd_cwnd":	92672,
					"omitted":	false
				}],
			"sum":	{
				"start":	1.00047,
				"end":	2.00101,
				"seconds":	1.00054,
				"bytes":	1966080,
				"bits_per_second":	1.57201e+07,
				"retransmits":	0,
				"omitted":	false
			}
		}, {
			"streams":	[{
					"socket":	4,
					"start":	2.00101,
					"end":	3.00107,
					"seconds":	1.00005,
					"bytes":	1835008,
					"bits_per_second":	1.46793e+07,
					"retransmits":	0,
					"snd_cwnd":	99912,
					"omitted":	false
				}],
			"sum":	{
				"start":	2.00101,
				"end":	3.00107,
				"seconds":	1.00005,
				"bytes":	1835008,
				"bits_per_second":	1.46793e+07,
				"retransmits":	0,
				"omitted":	false
			}
		}, {
			"streams":	[{
					"socket":	4,
					"start":	3.00107,
					"end":	4.00073,
					"seconds":	0.999661,
					"bytes":	1835008,
					"bits_per_second":	1.4685e+07,
					"retransmits":	0,
					"snd_cwnd":	102808,
					"omitted":	false
				}],
			"sum":	{
				"start":	3.00107,
				"end":	4.00073,
				"seconds":	0.999661,
				"bytes":	1835008,
				"bits_per_second":	1.4685e+07,
				"retransmits":	0,
				"omitted":	false
			}
		}, {
			"streams":	[{
					"socket":	4,
					"start":	4.00073,
					"end":	5.00122,
					"seconds":	1.00049,
					"bytes":	1966080,
					"bits_per_second":	1.57209e+07,
					"retransmits":	0,
					"snd_cwnd":	104256,
					"omitted":	false
				}],
			"sum":	{
				"start":	4.00073,
				"end":	5.00122,
				"seconds":	1.00049,
				"bytes":	1966080,
				"bits_per_second":	1.57209e+07,
				"retransmits":	0,
				"omitted":	false
			}
		}],
	"end":	{
		"streams":	[{
				"sender":	{
					"socket":	4,
					"start":	0,
					"end":	5.00122,
					"seconds":	5.00122,
					"bytes":	9297368,
					"bits_per_second":	1.48722e+07,
					"retransmits":	1
				},
				"receiver":	{
					"socket":	4,
					"start":	0,
					"end":	5.00122,
					"seconds":	5.00122,
					"bytes":	9297368,
					"bits_per_second":	1.48722e+07
				}
			}],
		"sum_sent":	{
			"start":	0,
			"end":	5.00122,
			"seconds":	5.00122,
			"bytes":	9297368,
			"bits_per_second":	1.48722e+07,
			"retransmits":	1
		},
		"sum_received":	{
			"start":	0,
			"end":	5.00122,
			"seconds":	5.00122,
			"bytes":	9297368,
			"bits_per_second":	1.48722e+07
		},
		"cpu_utilization_percent":	{
			"host_total":	0.866771,
			"host_user":	0.125733,
			"host_system":	0.740918,
			"remote_total":	1.71579,
			"remote_user":	0,
			"remote_system":	1.7157
		}
	}
}
