{
	"start":	{
		"connected":	[{
				"socket":	4,
				"local_host":	"10.0.0.4",
				"local_port":	37184,
				"remote_host":	"10.0.0.9",
				"remote_port":	3283
			}],
		"version":	"iperf 3.0.7",
		"system_info":	"Linux H4 5.4.197-0504197-generic #202206060747 SMP Mon Jun 6 09:27:47 UTC 2022 x86_64 x86_64 x86_64 GNU/Linux\n",
		"timestamp":	{
			"time":	"Fri, 22 Jul 2022 16:27:56 GMT",
			"timesecs":	1658507276
		},
		"connecting_to":	{
			"host":	"10.0.0.9",
			"port":	3283
		},
		"cookie":	"H4.1658507276.235500.6b99702f27a7436",
		"tcp_mss_default":	1448,
		"test_start":	{
			"protocol":	"TCP",
			"num_streams":	1,
			"blksize":	131072,
			"omit":	0,
			"duration":	5,
			"bytes":	0,
			"blocks":	0,
			"reverse":	0
		}
	},
	"intervals":	[{
			"streams":	[{
					"socket":	4,
					"start":	0,
					"end":	1.00084,
					"seconds":	1.00084,
					"bytes":	1703936,
					"bits_per_second":	1.362e+07,
					"retransmits":	0,
					"snd_cwnd":	97016,
					"omitted":	false
				}],
			"sum":	{
				"start":	0,
				"end":	1.00084,
				"seconds":	1.00084,
				"bytes":	1703936,
				"bits_per_second":	1.362e+07,
				"retransmits":	0,
				"omitted":	false
			}
		}, {
			"streams":	[{
					"socket":	4,
					"start":	1.00084,
					"end":	2.00031,
					"seconds":	0.999468,
					"bytes":	1966080,
					"bits_per_second":	1.5737e+07,
					"retransmits":	0,
					"snd_cwnd":	133216,
					"omitted":	false
				}],
			"sum":	{
				"start":	1.00084,
				"end":	2.00031,
				"seconds":	0.999468,
				"bytes":	1966080,
				"bits_per_second":	1.5737e+07,
				"retransmits":	0,
				"omitted":	false
			}
		}, {
			"streams":	[{
					"socket":	4,
					"start":	2.00031,
					"end":	3.00106,
					"seconds":	1.00075,
					"bytes":	1835008,
					"bits_per_second":	1.46691e+07,
					"retransmits":	0,
					"snd_cwnd":	167968,
					"omitted":	false
				}],
			"sum":	{
				"start":	2.00031,
				"end":	3.00106,
				"seconds":	1.00075,
				"bytes":	1835008,
				"bits_per_second":	1.46691e+07,
				"retransmits":	0,
				"omitted":	false
			}
		}, {
			"streams":	[{
					"socket":	4,
					"start":	3.00106,
					"end":	4.00143,
					"seconds":	1.00037,
					"bytes":	1835008,
					"bits_per_second":	1.46747e+07,
					"retransmits":	0,
					"snd_cwnd":	196928,
					"omitted":	false
				}],
			"sum":	{
				"start":	3.00106,
				"end":	4.00143,
				"seconds":	1.00037,
				"bytes":	1835008,
				"bits_per_second":	1.46747e+07,
				"retransmits":	0,
				"omitted":	false
			}
		}, {
			"streams":	[{
					"socket":	4,
					"start":	4.00143,
					"end":	5.00048,
					"seconds":	0.999051,
					"bytes":	1966080,
					"bits_per_second":	1.57436e+07,
					"retransmits":	0,
					"snd_cwnd":	196928,
					"omitted":	false
				}],
			"sum":	{
				"start":	4.00143,
				"end":	5.00048,
				"seconds":	0.999051,
				"bytes":	1966080,
				"bits_per_second":	1.57436e+07,
				"retransmits":	0,
				"omitted":	false
			}
		}],
	"end":	{
		"streams":	[{
				"sender":	{
					"socket":	4,
					"start":	0,
					"end":	5.00048,
					"seconds":	5.00048,
					"bytes":	9306112,
					"bits_per_second":	1.48884e+07,
					"retransmits":	0
				},
				"receiver":	{
					"socket":	4,
					"start":	0,
					"end":	5.00048,
					"seconds":	5.00048,
					"bytes":	9306112,
					"bits_per_second":	1.48884e+07
				}
			}],
		"sum_sent":	{
			"start":	0,
			"end":	5.00048,
			"seconds":	5.00048,
			"bytes":	9306112,
			"bits_per_second":	1.48884e+07,
			"retransmits":	0
		},
		"sum_received":	{
			"start":	0,
			"end":	5.00048,
			"seconds":	5.00048,
			"bytes":	9306112,
			"bits_per_second":	1.48884e+07
		},
		"cpu_utilization_percent":	{
			"host_total":	0.511384,
			"host_user":	0.170461,
			"host_system":	0.340943,
			"remote_total":	1.2587,
			"remote_user":	1.25866,
			"remote_system":	0
		}
	}
}
