{
	"start":	{
		"connected":	[{
				"socket":	4,
				"local_host":	"10.0.0.4",
				"local_port":	37664,
				"remote_host":	"10.0.0.11",
				"remote_port":	3092
			}],
		"version":	"iperf 3.0.7",
		"system_info":	"Linux H4 5.4.197-0504197-generic #202206060747 SMP Mon Jun 6 09:27:47 UTC 2022 x86_64 x86_64 x86_64 GNU/Linux\n",
		"timestamp":	{
			"time":	"Fri, 22 Jul 2022 16:21:02 GMT",
			"timesecs":	1658506862
		},
		"connecting_to":	{
			"host":	"10.0.0.11",
			"port":	3092
		},
		"cookie":	"H4.1658506862.420569.5477c60537d1c4d",
		"tcp_mss_default":	1448,
		"test_start":	{
			"protocol":	"TCP",
			"num_streams":	1,
			"blksize":	131072,
			"omit":	0,
			"duration":	5,
			"bytes":	0,
			"blocks":	0,
			"reverse":	0
		}
	},
	"intervals":	[{
			"streams":	[{
					"socket":	4,
					"start":	0,
					"end":	1.00096,
					"seconds":	1.00096,
					"bytes":	1703936,
					"bits_per_second":	1.36185e+07,
					"retransmits":	0,
					"snd_cwnd":	97016,
					"omitted":	false
				}],
			"sum":	{
				"start":	0,
				"end":	1.00096,
				"seconds":	1.00096,
				"bytes":	1703936,
				"bits_per_second":	1.36185e+07,
				"retransmits":	0,
				"omitted":	false
			}
		}, {
			"streams":	[{
					"socket":	4,
					"start":	1.00096,
					"end":	2.00056,
					"seconds":	0.999603,
					"bytes":	1966080,
					"bits_per_second":	1.57349e+07,
					"retransmits":	0,
					"snd_cwnd":	131768,
					"omitted":	false
				}],
			"sum":	{
				"start":	1.00096,
				"end":	2.00056,
				"seconds":	0.999603,
				"bytes":	1966080,
				"bits_per_second":	1.57349e+07,
				"retransmits":	0,
				"omitted":	false
			}
		}, {
			"streams":	[{
					"socket":	4,
					"start":	2.00056,
					"end":	3.001,
					"seconds":	1.00044,
					"bytes":	1835008,
					"bits_per_second":	1.46736e+07,
					"retransmits":	0,
					"snd_cwnd":	162176,
					"omitted":	false
				}],
			"sum":	{
				"start":	2.00056,
				"end":	3.001,
				"seconds":	1.00044,
				"bytes":	1835008,
				"bits_per_second":	1.46736e+07,
				"retransmits":	0,
				"omitted":	false
			}
		}, {
			"streams":	[{
					"socket":	4,
					"start":	3.001,
					"end":	4.0004,
					"seconds":	0.999398,
					"bytes":	1835008,
					"bits_per_second":	1.46889e+07,
					"retransmits":	0,
					"snd_cwnd":	179552,
					"omitted":	false
				}],
			"sum":	{
				"start":	3.001,
				"end":	4.0004,
				"seconds":	0.999398,
				"bytes":	1835008,
				"bits_per_second":	1.46889e+07,
				"retransmits":	0,
				"omitted":	false
			}
		}, {
			"streams":	[{
					"socket":	4,
					"start":	4.0004,
					"end":	5.00044,
					"seconds":	1.00004,
					"bytes":	1966080,
					"bits_per_second":	1.57281e+07,
					"retransmits":	0,
					"snd_cwnd":	191136,
					"omitted":	false
				}],
			"sum":	{
				"start":	4.0004,
				"end":	5.00044,
				"seconds":	1.00004,
				"bytes":	1966080,
				"bits_per_second":	1.57281e+07,
				"retransmits":	0,
				"omitted":	false
			}
		}],
	"end":	{
		"streams":	[{
				"sender":	{
					"socket":	4,
					"start":	0,
					"end":	5.00044,
					"seconds":	5.00044,
					"bytes":	9306112,
					"bits_per_second":	1.48885e+07,
					"retransmits":	0
				},
				"receiver":	{
					"socket":	4,
					"start":	0,
					"end":	5.00044,
					"seconds":	5.00044,
					"bytes":	9306112,
					"bits_per_second":	1.48885e+07
				}
			}],
		"sum_sent":	{
			"start":	0,
			"end":	5.00044,
			"seconds":	5.00044,
			"bytes":	9306112,
			"bits_per_second":	1.48885e+07,
			"retransmits":	0
		},
		"sum_received":	{
			"start":	0,
			"end":	5.00044,
			"seconds":	5.00044,
			"bytes":	9306112,
			"bits_per_second":	1.48885e+07
		},
		"cpu_utilization_percent":	{
			"host_total":	0.595944,
			"host_user":	0,
			"host_system":	0.595824,
			"remote_total":	1.44712,
			"remote_user":	0.752555,
			"remote_system":	0.694543
		}
	}
}
