{
	"start":	{
		"connected":	[{
				"socket":	4,
				"local_host":	"10.0.0.1",
				"local_port":	44026,
				"remote_host":	"10.0.0.9",
				"remote_port":	3636
			}],
		"version":	"iperf 3.0.7",
		"system_info":	"Linux BS1 5.4.197-0504197-generic #202206060747 SMP Mon Jun 6 09:27:47 UTC 2022 x86_64 x86_64 x86_64 GNU/Linux\n",
		"timestamp":	{
			"time":	"Mon, 25 Jul 2022 21:46:21 GMT",
			"timesecs":	1658785581
		},
		"connecting_to":	{
			"host":	"10.0.0.9",
			"port":	3636
		},
		"cookie":	"BS1.1658785581.685709.39469a0d1d53ce",
		"tcp_mss_default":	1448,
		"test_start":	{
			"protocol":	"TCP",
			"num_streams":	1,
			"blksize":	131072,
			"omit":	0,
			"duration":	55,
			"bytes":	0,
			"blocks":	0,
			"reverse":	0
		}
	},
	"intervals":	[{
			"streams":	[{
					"socket":	4,
					"start":	0,
					"end":	1.00049,
					"seconds":	1.00049,
					"bytes":	12027408,
					"bits_per_second":	9.61721e+07,
					"retransmits":	0,
					"snd_cwnd":	823912,
					"omitted":	false
				}],
			"sum":	{
				"start":	0,
				"end":	1.00049,
				"seconds":	1.00049,
				"bytes":	12027408,
				"bits_per_second":	9.61721e+07,
				"retransmits":	0,
				"omitted":	false
			}
		}, {
			"streams":	[{
					"socket":	4,
					"start":	1.00049,
					"end":	2.00047,
					"seconds":	0.999982,
					"bytes":	11796480,
					"bits_per_second":	9.43735e+07,
					"retransmits":	3,
					"snd_cwnd":	855768,
					"omitted":	false
				}],
			"sum":	{
				"start":	1.00049,
				"end":	2.00047,
				"seconds":	0.999982,
				"bytes":	11796480,
				"bits_per_second":	9.43735e+07,
				"retransmits":	3,
				"omitted":	false
			}
		}, {
			"streams":	[{
					"socket":	4,
					"start":	2.00047,
					"end":	3.00035,
					"seconds":	0.999878,
					"bytes":	12451840,
					"bits_per_second":	9.96269e+07,
					"retransmits":	0,
					"snd_cwnd":	865904,
					"omitted":	false
				}],
			"sum":	{
				"start":	2.00047,
				"end":	3.00035,
				"seconds":	0.999878,
				"bytes":	12451840,
				"bits_per_second":	9.96269e+07,
				"retransmits":	0,
				"omitted":	false
			}
		}, {
			"streams":	[{
					"socket":	4,
					"start":	3.00035,
					"end":	4.00041,
					"seconds":	1.00006,
					"bytes":	12582912,
					"bits_per_second":	1.00657e+08,
					"retransmits":	0,
					"snd_cwnd":	877488,
					"omitted":	false
				}],
			"sum":	{
				"start":	3.00035,
				"end":	4.00041,
				"seconds":	1.00006,
				"bytes":	12582912,
				"bits_per_second":	1.00657e+08,
				"retransmits":	0,
				"omitted":	false
			}
		}, {
			"streams":	[{
					"socket":	4,
					"start":	4.00041,
					"end":	5.00028,
					"seconds":	0.999862,
					"bytes":	12451840,
					"bits_per_second":	9.96284e+07,
					"retransmits":	0,
					"snd_cwnd":	887624,
					"omitted":	false
				}],
			"sum":	{
				"start":	4.00041,
				"end":	5.00028,
				"seconds":	0.999862,
				"bytes":	12451840,
				"bits_per_second":	9.96284e+07,
				"retransmits":	0,
				"omitted":	false
			}
		}, {
			"streams":	[{
					"socket":	4,
					"start":	5.00028,
					"end":	6.00027,
					"seconds":	0.999998,
					"bytes":	12582912,
					"bits_per_second":	1.00664e+08,
					"retransmits":	0,
					"snd_cwnd":	915136,
					"omitted":	false
				}],
			"sum":	{
				"start":	5.00028,
				"end":	6.00027,
				"seconds":	0.999998,
				"bytes":	12582912,
				"bits_per_second":	1.00664e+08,
				"retransmits":	0,
				"omitted":	false
			}
		}, {
			"streams":	[{
					"socket":	4,
					"start":	6.00027,
					"end":	7.00021,
					"seconds":	0.999933,
					"bytes":	12451840,
					"bits_per_second":	9.96214e+07,
					"retransmits":	0,
					"snd_cwnd":	965816,
					"omitted":	false
				}],
			"sum":	{
				"start":	6.00027,
				"end":	7.00021,
				"seconds":	0.999933,
				"bytes":	12451840,
				"bits_per_second":	9.96214e+07,
				"retransmits":	0,
				"omitted":	false
			}
		}, {
			"streams":	[{
					"socket":	4,
					"start":	7.00021,
					"end":	8.00039,
					"seconds":	1.00018,
					"bytes":	12451840,
					"bits_per_second":	9.95965e+07,
					"retransmits":	0,
					"snd_cwnd":	1036768,
					"omitted":	false
				}],
			"sum":	{
				"start":	7.00021,
				"end":	8.00039,
				"seconds":	1.00018,
				"bytes":	12451840,
				"bits_per_second":	9.95965e+07,
				"retransmits":	0,
				"omitted":	false
			}
		}, {
			"streams":	[{
					"socket":	4,
					"start":	8.00039,
					"end":	9.00029,
					"seconds":	0.999895,
					"bytes":	12582912,
					"bits_per_second":	1.00674e+08,
					"retransmits":	0,
					"snd_cwnd":	1135232,
					"omitted":	false
				}],
			"sum":	{
				"start":	8.00039,
				"end":	9.00029,
				"seconds":	0.999895,
				"bytes":	12582912,
				"bits_per_second":	1.00674e+08,
				"retransmits":	0,
				"omitted":	false
			}
		}, {
			"streams":	[{
					"socket":	4,
					"start":	9.00029,
					"end":	10.0003,
					"seconds":	0.999974,
					"bytes":	12451840,
					"bits_per_second":	9.96173e+07,
					"retransmits":	0,
					"snd_cwnd":	1245280,
					"omitted":	false
				}],
			"sum":	{
				"start":	9.00029,
				"end":	10.0003,
				"seconds":	0.999974,
				"bytes":	12451840,
				"bits_per_second":	9.96173e+07,
				"retransmits":	0,
				"omitted":	false
			}
		}, {
			"streams":	[{
					"socket":	4,
					"start":	10.0003,
					"end":	11.0003,
					"seconds":	1.00003,
					"bytes":	12582912,
					"bits_per_second":	1.0066e+08,
					"retransmits":	0,
					"snd_cwnd":	1384288,
					"omitted":	false
				}],
			"sum":	{
				"start":	10.0003,
				"end":	11.0003,
				"seconds":	1.00003,
				"bytes":	12582912,
				"bits_per_second":	1.0066e+08,
				"retransmits":	0,
				"omitted":	false
			}
		}, {
			"streams":	[{
					"socket":	4,
					"start":	11.0003,
					"end":	12.0053,
					"seconds":	1.00502,
					"bytes":	12320768,
					"bits_per_second":	9.80737e+07,
					"retransmits":	0,
					"snd_cwnd":	1584112,
					"omitted":	false
				}],
			"sum":	{
				"start":	11.0003,
				"end":	12.0053,
				"seconds":	1.00502,
				"bytes":	12320768,
				"bits_per_second":	9.80737e+07,
				"retransmits":	0,
				"omitted":	false
			}
		}, {
			"streams":	[{
					"socket":	4,
					"start":	12.0053,
					"end":	13.0002,
					"seconds":	0.994914,
					"bytes":	12582912,
					"bits_per_second":	1.01178e+08,
					"retransmits":	0,
					"snd_cwnd":	1802760,
					"omitted":	false
				}],
			"sum":	{
				"start":	12.0053,
				"end":	13.0002,
				"seconds":	0.994914,
				"bytes":	12582912,
				"bits_per_second":	1.01178e+08,
				"retransmits":	0,
				"omitted":	false
			}
		}, {
			"streams":	[{
					"socket":	4,
					"start":	13.0002,
					"end":	14.0042,
					"seconds":	1.00397,
					"bytes":	12582912,
					"bits_per_second":	1.00265e+08,
					"retransmits":	0,
					"snd_cwnd":	2053264,
					"omitted":	false
				}],
			"sum":	{
				"start":	13.0002,
				"end":	14.0042,
				"seconds":	1.00397,
				"bytes":	12582912,
				"bits_per_second":	1.00265e+08,
				"retransmits":	0,
				"omitted":	false
			}
		}, {
			"streams":	[{
					"socket":	4,
					"start":	14.0042,
					"end":	15.0004,
					"seconds":	0.996214,
					"bytes":	12451840,
					"bits_per_second":	9.99933e+07,
					"retransmits":	0,
					"snd_cwnd":	2219784,
					"omitted":	false
				}],
			"sum":	{
				"start":	14.0042,
				"end":	15.0004,
				"seconds":	0.996214,
				"bytes":	12451840,
				"bits_per_second":	9.99933e+07,
				"retransmits":	0,
				"omitted":	false
			}
		}, {
			"streams":	[{
					"socket":	4,
					"start":	15.0004,
					"end":	16.0004,
					"seconds":	0.999963,
					"bytes":	12451840,
					"bits_per_second":	9.96184e+07,
					"retransmits":	1,
					"snd_cwnd":	2219784,
					"omitted":	false
				}],
			"sum":	{
				"start":	15.0004,
				"end":	16.0004,
				"seconds":	0.999963,
				"bytes":	12451840,
				"bits_per_second":	9.96184e+07,
				"retransmits":	1,
				"omitted":	false
			}
		}, {
			"streams":	[{
					"socket":	4,
					"start":	16.0004,
					"end":	17.0004,
					"seconds":	1.00006,
					"bytes":	12582912,
					"bits_per_second":	1.00657e+08,
					"retransmits":	0,
					"snd_cwnd":	2219784,
					"omitted":	false
				}],
			"sum":	{
				"start":	16.0004,
				"end":	17.0004,
				"seconds":	1.00006,
				"bytes":	12582912,
				"bits_per_second":	1.00657e+08,
				"retransmits":	0,
				"omitted":	false
			}
		}, {
			"streams":	[{
					"socket":	4,
					"start":	17.0004,
					"end":	18.0043,
					"seconds":	1.00388,
					"bytes":	12451840,
					"bits_per_second":	9.92301e+07,
					"retransmits":	0,
					"snd_cwnd":	2221232,
					"omitted":	false
				}],
			"sum":	{
				"start":	17.0004,
				"end":	18.0043,
				"seconds":	1.00388,
				"bytes":	12451840,
				"bits_per_second":	9.92301e+07,
				"retransmits":	0,
				"omitted":	false
			}
		}, {
			"streams":	[{
					"socket":	4,
					"start":	18.0043,
					"end":	19.0115,
					"seconds":	1.00714,
					"bytes":	12582912,
					"bits_per_second":	9.99499e+07,
					"retransmits":	0,
					"snd_cwnd":	2222680,
					"omitted":	false
				}],
			"sum":	{
				"start":	18.0043,
				"end":	19.0115,
				"seconds":	1.00714,
				"bytes":	12582912,
				"bits_per_second":	9.99499e+07,
				"retransmits":	0,
				"omitted":	false
			}
		}, {
			"streams":	[{
					"socket":	4,
					"start":	19.0115,
					"end":	20.0008,
					"seconds":	0.989337,
					"bytes":	12582912,
					"bits_per_second":	1.01748e+08,
					"retransmits":	0,
					"snd_cwnd":	2231368,
					"omitted":	false
				}],
			"sum":	{
				"start":	19.0115,
				"end":	20.0008,
				"seconds":	0.989337,
				"bytes":	12582912,
				"bits_per_second":	1.01748e+08,
				"retransmits":	0,
				"omitted":	false
			}
		}, {
			"streams":	[{
					"socket":	4,
					"start":	20.0008,
					"end":	21.0002,
					"seconds":	0.999456,
					"bytes":	12320768,
					"bits_per_second":	9.86198e+07,
					"retransmits":	0,
					"snd_cwnd":	2250192,
					"omitted":	false
				}],
			"sum":	{
				"start":	20.0008,
				"end":	21.0002,
				"seconds":	0.999456,
				"bytes":	12320768,
				"bits_per_second":	9.86198e+07,
				"retransmits":	0,
				"omitted":	false
			}
		}, {
			"streams":	[{
					"socket":	4,
					"start":	21.0002,
					"end":	22.0002,
					"seconds":	0.999919,
					"bytes":	12582912,
					"bits_per_second":	1.00671e+08,
					"retransmits":	7,
					"snd_cwnd":	2257432,
					"omitted":	false
				}],
			"sum":	{
				"start":	21.0002,
				"end":	22.0002,
				"seconds":	0.999919,
				"bytes":	12582912,
				"bits_per_second":	1.00671e+08,
				"retransmits":	7,
				"omitted":	false
			}
		}, {
			"streams":	[{
					"socket":	4,
					"start":	22.0002,
					"end":	23.0007,
					"seconds":	1.00053,
					"bytes":	12451840,
					"bits_per_second":	9.95623e+07,
					"retransmits":	0,
					"snd_cwnd":	2260328,
					"omitted":	false
				}],
			"sum":	{
				"start":	22.0002,
				"end":	23.0007,
				"seconds":	1.00053,
				"bytes":	12451840,
				"bits_per_second":	9.95623e+07,
				"retransmits":	0,
				"omitted":	false
			}
		}, {
			"streams":	[{
					"socket":	4,
					"start":	23.0007,
					"end":	24.0003,
					"seconds":	0.999578,
					"bytes":	12451840,
					"bits_per_second":	9.96568e+07,
					"retransmits":	0,
					"snd_cwnd":	2261776,
					"omitted":	false
				}],
			"sum":	{
				"start":	23.0007,
				"end":	24.0003,
				"seconds":	0.999578,
				"bytes":	12451840,
				"bits_per_second":	9.96568e+07,
				"retransmits":	0,
				"omitted":	false
			}
		}, {
			"streams":	[{
					"socket":	4,
					"start":	24.0003,
					"end":	25.0004,
					"seconds":	1.00012,
					"bytes":	12582912,
					"bits_per_second":	1.00651e+08,
					"retransmits":	0,
					"snd_cwnd":	2271912,
					"omitted":	false
				}],
			"sum":	{
				"start":	24.0003,
				"end":	25.0004,
				"seconds":	1.00012,
				"bytes":	12582912,
				"bits_per_second":	1.00651e+08,
				"retransmits":	0,
				"omitted":	false
			}
		}, {
			"streams":	[{
					"socket":	4,
					"start":	25.0004,
					"end":	26.0014,
					"seconds":	1.00101,
					"bytes":	12451840,
					"bits_per_second":	9.9514e+07,
					"retransmits":	0,
					"snd_cwnd":	2302320,
					"omitted":	false
				}],
			"sum":	{
				"start":	25.0004,
				"end":	26.0014,
				"seconds":	1.00101,
				"bytes":	12451840,
				"bits_per_second":	9.9514e+07,
				"retransmits":	0,
				"omitted":	false
			}
		}, {
			"streams":	[{
					"socket":	4,
					"start":	26.0014,
					"end":	27.0003,
					"seconds":	0.998881,
					"bytes":	12451840,
					"bits_per_second":	9.97263e+07,
					"retransmits":	0,
					"snd_cwnd":	2303768,
					"omitted":	false
				}],
			"sum":	{
				"start":	26.0014,
				"end":	27.0003,
				"seconds":	0.998881,
				"bytes":	12451840,
				"bits_per_second":	9.97263e+07,
				"retransmits":	0,
				"omitted":	false
			}
		}, {
			"streams":	[{
					"socket":	4,
					"start":	27.0003,
					"end":	28.0003,
					"seconds":	1.00002,
					"bytes":	12582912,
					"bits_per_second":	1.00662e+08,
					"retransmits":	0,
					"snd_cwnd":	2303768,
					"omitted":	false
				}],
			"sum":	{
				"start":	27.0003,
				"end":	28.0003,
				"seconds":	1.00002,
				"bytes":	12582912,
				"bits_per_second":	1.00662e+08,
				"retransmits":	0,
				"omitted":	false
			}
		}, {
			"streams":	[{
					"socket":	4,
					"start":	28.0003,
					"end":	29.0046,
					"seconds":	1.00433,
					"bytes":	12451840,
					"bits_per_second":	9.91857e+07,
					"retransmits":	0,
					"snd_cwnd":	2439880,
					"omitted":	false
				}],
			"sum":	{
				"start":	28.0003,
				"end":	29.0046,
				"seconds":	1.00433,
				"bytes":	12451840,
				"bits_per_second":	9.91857e+07,
				"retransmits":	0,
				"omitted":	false
			}
		}, {
			"streams":	[{
					"socket":	4,
					"start":	29.0046,
					"end":	30.0082,
					"seconds":	1.0036,
					"bytes":	12451840,
					"bits_per_second":	9.92576e+07,
					"retransmits":	0,
					"snd_cwnd":	2463048,
					"omitted":	false
				}],
			"sum":	{
				"start":	29.0046,
				"end":	30.0082,
				"seconds":	1.0036,
				"bytes":	12451840,
				"bits_per_second":	9.92576e+07,
				"retransmits":	0,
				"omitted":	false
			}
		}, {
			"streams":	[{
					"socket":	4,
					"start":	30.0082,
					"end":	31.0003,
					"seconds":	0.992062,
					"bytes":	12582912,
					"bits_per_second":	1.01469e+08,
					"retransmits":	0,
					"snd_cwnd":	2575992,
					"omitted":	false
				}],
			"sum":	{
				"start":	30.0082,
				"end":	31.0003,
				"seconds":	0.992062,
				"bytes":	12582912,
				"bits_per_second":	1.01469e+08,
				"retransmits":	0,
				"omitted":	false
			}
		}, {
			"streams":	[{
					"socket":	4,
					"start":	31.0003,
					"end":	32.001,
					"seconds":	1.00068,
					"bytes":	12451840,
					"bits_per_second":	9.95467e+07,
					"retransmits":	0,
					"snd_cwnd":	2575992,
					"omitted":	false
				}],
			"sum":	{
				"start":	31.0003,
				"end":	32.001,
				"seconds":	1.00068,
				"bytes":	12451840,
				"bits_per_second":	9.95467e+07,
				"retransmits":	0,
				"omitted":	false
			}
		}, {
			"streams":	[{
					"socket":	4,
					"start":	32.001,
					"end":	33.0036,
					"seconds":	1.00264,
					"bytes":	12451840,
					"bits_per_second":	9.93521e+07,
					"retransmits":	528,
					"snd_cwnd":	1823032,
					"omitted":	false
				}],
			"sum":	{
				"start":	32.001,
				"end":	33.0036,
				"seconds":	1.00264,
				"bytes":	12451840,
				"bits_per_second":	9.93521e+07,
				"retransmits":	528,
				"omitted":	false
			}
		}, {
			"streams":	[{
					"socket":	4,
					"start":	33.0036,
					"end":	34.0038,
					"seconds":	1.00022,
					"bytes":	8912896,
					"bits_per_second":	7.12874e+07,
					"retransmits":	269,
					"snd_cwnd":	920928,
					"omitted":	false
				}],
			"sum":	{
				"start":	33.0036,
				"end":	34.0038,
				"seconds":	1.00022,
				"bytes":	8912896,
				"bits_per_second":	7.12874e+07,
				"retransmits":	269,
				"omitted":	false
			}
		}, {
			"streams":	[{
					"socket":	4,
					"start":	34.0038,
					"end":	35.003,
					"seconds":	0.999214,
					"bytes":	3670016,
					"bits_per_second":	2.93832e+07,
					"retransmits":	49,
					"snd_cwnd":	466256,
					"omitted":	false
				}],
			"sum":	{
				"start":	34.0038,
				"end":	35.003,
				"seconds":	0.999214,
				"bytes":	3670016,
				"bits_per_second":	2.93832e+07,
				"retransmits":	49,
				"omitted":	false
			}
		}, {
			"streams":	[{
					"socket":	4,
					"start":	35.003,
					"end":	36.0031,
					"seconds":	1.00002,
					"bytes":	6422528,
					"bits_per_second":	5.13792e+07,
					"retransmits":	0,
					"snd_cwnd":	509696,
					"omitted":	false
				}],
			"sum":	{
				"start":	35.003,
				"end":	36.0031,
				"seconds":	1.00002,
				"bytes":	6422528,
				"bits_per_second":	5.13792e+07,
				"retransmits":	0,
				"omitted":	false
			}
		}, {
			"streams":	[{
					"socket":	4,
					"start":	36.0031,
					"end":	37.0008,
					"seconds":	0.997702,
					"bytes":	7208960,
					"bits_per_second":	5.78045e+07,
					"retransmits":	0,
					"snd_cwnd":	532864,
					"omitted":	false
				}],
			"sum":	{
				"start":	36.0031,
				"end":	37.0008,
				"seconds":	0.997702,
				"bytes":	7208960,
				"bits_per_second":	5.78045e+07,
				"retransmits":	0,
				"omitted":	false
			}
		}, {
			"streams":	[{
					"socket":	4,
					"start":	37.0008,
					"end":	38.0002,
					"seconds":	0.999429,
					"bytes":	4718592,
					"bits_per_second":	3.77703e+07,
					"retransmits":	0,
					"snd_cwnd":	545896,
					"omitted":	false
				}],
			"sum":	{
				"start":	37.0008,
				"end":	38.0002,
				"seconds":	0.999429,
				"bytes":	4718592,
				"bits_per_second":	3.77703e+07,
				"retransmits":	0,
				"omitted":	false
			}
		}, {
			"streams":	[{
					"socket":	4,
					"start":	38.0002,
					"end":	39.0003,
					"seconds":	1.00009,
					"bytes":	3801088,
					"bits_per_second":	3.0406e+07,
					"retransmits":	0,
					"snd_cwnd":	551688,
					"omitted":	false
				}],
			"sum":	{
				"start":	38.0002,
				"end":	39.0003,
				"seconds":	1.00009,
				"bytes":	3801088,
				"bits_per_second":	3.0406e+07,
				"retransmits":	0,
				"omitted":	false
			}
		}, {
			"streams":	[{
					"socket":	4,
					"start":	39.0003,
					"end":	40.0974,
					"seconds":	1.09712,
					"bytes":	2883584,
					"bits_per_second":	2.10265e+07,
					"retransmits":	0,
					"snd_cwnd":	551688,
					"omitted":	false
				}],
			"sum":	{
				"start":	39.0003,
				"end":	40.0974,
				"seconds":	1.09712,
				"bytes":	2883584,
				"bits_per_second":	2.10265e+07,
				"retransmits":	0,
				"omitted":	false
			}
		}, {
			"streams":	[{
					"socket":	4,
					"start":	40.0974,
					"end":	41.0006,
					"seconds":	0.903238,
					"bytes":	3801088,
					"bits_per_second":	3.36663e+07,
					"retransmits":	0,
					"snd_cwnd":	551688,
					"omitted":	false
				}],
			"sum":	{
				"start":	40.0974,
				"end":	41.0006,
				"seconds":	0.903238,
				"bytes":	3801088,
				"bits_per_second":	3.36663e+07,
				"retransmits":	0,
				"omitted":	false
			}
		}, {
			"streams":	[{
					"socket":	4,
					"start":	41.0006,
					"end":	42.0003,
					"seconds":	0.999623,
					"bytes":	5242880,
					"bits_per_second":	4.19589e+07,
					"retransmits":	0,
					"snd_cwnd":	554584,
					"omitted":	false
				}],
			"sum":	{
				"start":	41.0006,
				"end":	42.0003,
				"seconds":	0.999623,
				"bytes":	5242880,
				"bits_per_second":	4.19589e+07,
				"retransmits":	0,
				"omitted":	false
			}
		}, {
			"streams":	[{
					"socket":	4,
					"start":	42.0003,
					"end":	43.0001,
					"seconds":	0.999854,
					"bytes":	5767168,
					"bits_per_second":	4.61441e+07,
					"retransmits":	0,
					"snd_cwnd":	564720,
					"omitted":	false
				}],
			"sum":	{
				"start":	42.0003,
				"end":	43.0001,
				"seconds":	0.999854,
				"bytes":	5767168,
				"bits_per_second":	4.61441e+07,
				"retransmits":	0,
				"omitted":	false
			}
		}, {
			"streams":	[{
					"socket":	4,
					"start":	43.0001,
					"end":	44.0016,
					"seconds":	1.00144,
					"bytes":	7602176,
					"bits_per_second":	6.07303e+07,
					"retransmits":	0,
					"snd_cwnd":	583544,
					"omitted":	false
				}],
			"sum":	{
				"start":	43.0001,
				"end":	44.0016,
				"seconds":	1.00144,
				"bytes":	7602176,
				"bits_per_second":	6.07303e+07,
				"retransmits":	0,
				"omitted":	false
			}
		}, {
			"streams":	[{
					"socket":	4,
					"start":	44.0016,
					"end":	45.0124,
					"seconds":	1.0108,
					"bytes":	7077888,
					"bits_per_second":	5.60181e+07,
					"retransmits":	0,
					"snd_cwnd":	615400,
					"omitted":	false
				}],
			"sum":	{
				"start":	44.0016,
				"end":	45.0124,
				"seconds":	1.0108,
				"bytes":	7077888,
				"bits_per_second":	5.60181e+07,
				"retransmits":	0,
				"omitted":	false
			}
		}, {
			"streams":	[{
					"socket":	4,
					"start":	45.0124,
					"end":	46.003,
					"seconds":	0.990684,
					"bytes":	5636096,
					"bits_per_second":	4.55128e+07,
					"retransmits":	56,
					"snd_cwnd":	640016,
					"omitted":	false
				}],
			"sum":	{
				"start":	45.0124,
				"end":	46.003,
				"seconds":	0.990684,
				"bytes":	5636096,
				"bits_per_second":	4.55128e+07,
				"retransmits":	56,
				"omitted":	false
			}
		}, {
			"streams":	[{
					"socket":	4,
					"start":	46.003,
					"end":	47.0091,
					"seconds":	1.00608,
					"bytes":	6684672,
					"bits_per_second":	5.3154e+07,
					"retransmits":	7,
					"snd_cwnd":	647256,
					"omitted":	false
				}],
			"sum":	{
				"start":	46.003,
				"end":	47.0091,
				"seconds":	1.00608,
				"bytes":	6684672,
				"bits_per_second":	5.3154e+07,
				"retransmits":	7,
				"omitted":	false
			}
		}, {
			"streams":	[{
					"socket":	4,
					"start":	47.0091,
					"end":	48.0008,
					"seconds":	0.991663,
					"bytes":	5898240,
					"bits_per_second":	4.75826e+07,
					"retransmits":	0,
					"snd_cwnd":	654496,
					"omitted":	false
				}],
			"sum":	{
				"start":	47.0091,
				"end":	48.0008,
				"seconds":	0.991663,
				"bytes":	5898240,
				"bits_per_second":	4.75826e+07,
				"retransmits":	0,
				"omitted":	false
			}
		}, {
			"streams":	[{
					"socket":	4,
					"start":	48.0008,
					"end":	49.0034,
					"seconds":	1.00258,
					"bytes":	9043968,
					"bits_per_second":	7.21658e+07,
					"retransmits":	0,
					"snd_cwnd":	664632,
					"omitted":	false
				}],
			"sum":	{
				"start":	48.0008,
				"end":	49.0034,
				"seconds":	1.00258,
				"bytes":	9043968,
				"bits_per_second":	7.21658e+07,
				"retransmits":	0,
				"omitted":	false
			}
		}, {
			"streams":	[{
					"socket":	4,
					"start":	49.0034,
					"end":	50.0201,
					"seconds":	1.01669,
					"bytes":	9043968,
					"bits_per_second":	7.1164e+07,
					"retransmits":	0,
					"snd_cwnd":	674768,
					"omitted":	false
				}],
			"sum":	{
				"start":	49.0034,
				"end":	50.0201,
				"seconds":	1.01669,
				"bytes":	9043968,
				"bits_per_second":	7.1164e+07,
				"retransmits":	0,
				"omitted":	false
			}
		}, {
			"streams":	[{
					"socket":	4,
					"start":	50.0201,
					"end":	51.0149,
					"seconds":	0.994809,
					"bytes":	7733248,
					"bits_per_second":	6.21888e+07,
					"retransmits":	0,
					"snd_cwnd":	687800,
					"omitted":	false
				}],
			"sum":	{
				"start":	50.0201,
				"end":	51.0149,
				"seconds":	0.994809,
				"bytes":	7733248,
				"bits_per_second":	6.21888e+07,
				"retransmits":	0,
				"omitted":	false
			}
		}, {
			"streams":	[{
					"socket":	4,
					"start":	51.0149,
					"end":	52.0361,
					"seconds":	1.02121,
					"bytes":	7864320,
					"bits_per_second":	6.1608e+07,
					"retransmits":	0,
					"snd_cwnd":	719656,
					"omitted":	false
				}],
			"sum":	{
				"start":	51.0149,
				"end":	52.0361,
				"seconds":	1.02121,
				"bytes":	7864320,
				"bits_per_second":	6.1608e+07,
				"retransmits":	0,
				"omitted":	false
			}
		}, {
			"streams":	[{
					"socket":	4,
					"start":	52.0361,
					"end":	53.0145,
					"seconds":	0.97844,
					"bytes":	4849664,
					"bits_per_second":	3.96522e+07,
					"retransmits":	18,
					"snd_cwnd":	732688,
					"omitted":	false
				}],
			"sum":	{
				"start":	52.0361,
				"end":	53.0145,
				"seconds":	0.97844,
				"bytes":	4849664,
				"bits_per_second":	3.96522e+07,
				"retransmits":	18,
				"omitted":	false
			}
		}, {
			"streams":	[{
					"socket":	4,
					"start":	53.0145,
					"end":	54.0101,
					"seconds":	0.995571,
					"bytes":	8257536,
					"bits_per_second":	6.63542e+07,
					"retransmits":	0,
					"snd_cwnd":	739928,
					"omitted":	false
				}],
			"sum":	{
				"start":	53.0145,
				"end":	54.0101,
				"seconds":	0.995571,
				"bytes":	8257536,
				"bits_per_second":	6.63542e+07,
				"retransmits":	0,
				"omitted":	false
			}
		}, {
			"streams":	[{
					"socket":	4,
					"start":	54.0101,
					"end":	55.0013,
					"seconds":	0.991183,
					"bytes":	8912896,
					"bits_per_second":	7.19374e+07,
					"retransmits":	0,
					"snd_cwnd":	750064,
					"omitted":	false
				}],
			"sum":	{
				"start":	54.0101,
				"end":	55.0013,
				"seconds":	0.991183,
				"bytes":	8912896,
				"bits_per_second":	7.19374e+07,
				"retransmits":	0,
				"omitted":	false
			}
		}],
	"end":	{
		"streams":	[{
				"sender":	{
					"socket":	4,
					"start":	0,
					"end":	55.0013,
					"seconds":	55.0013,
					"bytes":	552306192,
					"bits_per_second":	8.03336e+07,
					"retransmits":	938
				},
				"receiver":	{
					"socket":	4,
					"start":	0,
					"end":	55.0013,
					"seconds":	55.0013,
					"bytes":	545636392,
					"bits_per_second":	7.93635e+07
				}
			}],
		"sum_sent":	{
			"start":	0,
			"end":	55.0013,
			"seconds":	55.0013,
			"bytes":	552306192,
			"bits_per_second":	8.03336e+07,
			"retransmits":	938
		},
		"sum_received":	{
			"start":	0,
			"end":	55.0013,
			"seconds":	55.0013,
			"bytes":	545636392,
			"bits_per_second":	7.93635e+07
		},
		"cpu_utilization_percent":	{
			"host_total":	2.42078,
			"host_user":	0.0862262,
			"host_system":	2.33455,
			"remote_total":	5.66162,
			"remote_user":	0.390202,
			"remote_system":	5.27142
		}
	}
}
