{
	"start":	{
		"connected":	[{
				"socket":	4,
				"local_host":	"10.0.0.2",
				"local_port":	49776,
				"remote_host":	"10.0.0.11",
				"remote_port":	2875
			}],
		"version":	"iperf 3.0.7",
		"system_info":	"Linux H2 5.4.197-0504197-generic #202206060747 SMP Mon Jun 6 09:27:47 UTC 2022 x86_64 x86_64 x86_64 GNU/Linux\n",
		"timestamp":	{
			"time":	"Fri, 22 Jul 2022 16:20:41 GMT",
			"timesecs":	1658506841
		},
		"connecting_to":	{
			"host":	"10.0.0.11",
			"port":	2875
		},
		"cookie":	"H2.1658506841.272758.490b20cf046ed95",
		"tcp_mss_default":	1448,
		"test_start":	{
			"protocol":	"TCP",
			"num_streams":	1,
			"blksize":	131072,
			"omit":	0,
			"duration":	5,
			"bytes":	0,
			"blocks":	0,
			"reverse":	0
		}
	},
	"intervals":	[{
			"streams":	[{
					"socket":	4,
					"start":	0,
					"end":	1.00011,
					"seconds":	1.00011,
					"bytes":	1689400,
					"bits_per_second":	1.35138e+07,
					"retransmits":	0,
					"snd_cwnd":	89776,
					"omitted":	false
				}],
			"sum":	{
				"start":	0,
				"end":	1.00011,
				"seconds":	1.00011,
				"bytes":	1689400,
				"bits_per_second":	1.35138e+07,
				"retransmits":	0,
				"omitted":	false
			}
		}, {
			"streams":	[{
					"socket":	4,
					"start":	1.00011,
					"end":	2.00014,
					"seconds":	1.00003,
					"bytes":	1966080,
					"bits_per_second":	1.57282e+07,
					"retransmits":	0,
					"snd_cwnd":	117288,
					"omitted":	false
				}],
			"sum":	{
				"start":	1.00011,
				"end":	2.00014,
				"seconds":	1.00003,
				"bytes":	1966080,
				"bits_per_second":	1.57282e+07,
				"retransmits":	0,
				"omitted":	false
			}
		}, {
			"streams":	[{
					"socket":	4,
					"start":	2.00014,
					"end":	3.00103,
					"seconds":	1.00089,
					"bytes":	1835008,
					"bits_per_second":	1.4667e+07,
					"retransmits":	0,
					"snd_cwnd":	141904,
					"omitted":	false
				}],
			"sum":	{
				"start":	2.00014,
				"end":	3.00103,
				"seconds":	1.00089,
				"bytes":	1835008,
				"bits_per_second":	1.4667e+07,
				"retransmits":	0,
				"omitted":	false
			}
		}, {
			"streams":	[{
					"socket":	4,
					"start":	3.00103,
					"end":	4.00031,
					"seconds":	0.99928,
					"bytes":	1835008,
					"bits_per_second":	1.46906e+07,
					"retransmits":	0,
					"snd_cwnd":	165072,
					"omitted":	false
				}],
			"sum":	{
				"start":	3.00103,
				"end":	4.00031,
				"seconds":	0.99928,
				"bytes":	1835008,
				"bits_per_second":	1.46906e+07,
				"retransmits":	0,
				"omitted":	false
			}
		}, {
			"streams":	[{
					"socket":	4,
					"start":	4.00031,
					"end":	5.00019,
					"seconds":	0.999882,
					"bytes":	1966080,
					"bits_per_second":	1.57305e+07,
					"retransmits":	0,
					"snd_cwnd":	182448,
					"omitted":	false
				}],
			"sum":	{
				"start":	4.00031,
				"end":	5.00019,
				"seconds":	0.999882,
				"bytes":	1966080,
				"bits_per_second":	1.57305e+07,
				"retransmits":	0,
				"omitted":	false
			}
		}],
	"end":	{
		"streams":	[{
				"sender":	{
					"socket":	4,
					"start":	0,
					"end":	5.00019,
					"seconds":	5.00019,
					"bytes":	9291576,
					"bits_per_second":	1.4866e+07,
					"retransmits":	0
				},
				"receiver":	{
					"socket":	4,
					"start":	0,
					"end":	5.00019,
					"seconds":	5.00019,
					"bytes":	9291576,
					"bits_per_second":	1.4866e+07
				}
			}],
		"sum_sent":	{
			"start":	0,
			"end":	5.00019,
			"seconds":	5.00019,
			"bytes":	9291576,
			"bits_per_second":	1.4866e+07,
			"retransmits":	0
		},
		"sum_received":	{
			"start":	0,
			"end":	5.00019,
			"seconds":	5.00019,
			"bytes":	9291576,
			"bits_per_second":	1.4866e+07
		},
		"cpu_utilization_percent":	{
			"host_total":	0.582866,
			"host_user":	0,
			"host_system":	0.582786,
			"remote_total":	1.65653,
			"remote_user":	1.65639,
			"remote_system":	0
		}
	}
}
