{
	"start":	{
		"connected":	[{
				"socket":	4,
				"local_host":	"10.0.0.2",
				"local_port":	48412,
				"remote_host":	"10.0.0.10",
				"remote_port":	2382
			}],
		"version":	"iperf 3.0.7",
		"system_info":	"Linux H2 5.4.197-0504197-generic #202206060747 SMP Mon Jun 6 09:27:47 UTC 2022 x86_64 x86_64 x86_64 GNU/Linux\n",
		"timestamp":	{
			"time":	"Fri, 22 Jul 2022 15:02:06 GMT",
			"timesecs":	1658502126
		},
		"connecting_to":	{
			"host":	"10.0.0.10",
			"port":	2382
		},
		"cookie":	"H2.1658502126.566037.431b953223a81d8",
		"tcp_mss_default":	1448,
		"test_start":	{
			"protocol":	"TCP",
			"num_streams":	1,
			"blksize":	131072,
			"omit":	0,
			"duration":	5,
			"bytes":	0,
			"blocks":	0,
			"reverse":	0
		}
	},
	"intervals":	[{
			"streams":	[{
					"socket":	4,
					"start":	0,
					"end":	1.00104,
					"seconds":	1.00104,
					"bytes":	1703936,
					"bits_per_second":	1.36174e+07,
					"retransmits":	0,
					"snd_cwnd":	86880,
					"omitted":	false
				}],
			"sum":	{
				"start":	0,
				"end":	1.00104,
				"seconds":	1.00104,
				"bytes":	1703936,
				"bits_per_second":	1.36174e+07,
				"retransmits":	0,
				"omitted":	false
			}
		}, {
			"streams":	[{
					"socket":	4,
					"start":	1.00104,
					"end":	2.00079,
					"seconds":	0.99975,
					"bytes":	1966080,
					"bits_per_second":	1.57326e+07,
					"retransmits":	0,
					"snd_cwnd":	121632,
					"omitted":	false
				}],
			"sum":	{
				"start":	1.00104,
				"end":	2.00079,
				"seconds":	0.99975,
				"bytes":	1966080,
				"bits_per_second":	1.57326e+07,
				"retransmits":	0,
				"omitted":	false
			}
		}, {
			"streams":	[{
					"socket":	4,
					"start":	2.00079,
					"end":	3.00102,
					"seconds":	1.00024,
					"bytes":	1835008,
					"bits_per_second":	1.46766e+07,
					"retransmits":	0,
					"snd_cwnd":	144800,
					"omitted":	false
				}],
			"sum":	{
				"start":	2.00079,
				"end":	3.00102,
				"seconds":	1.00024,
				"bytes":	1835008,
				"bits_per_second":	1.46766e+07,
				"retransmits":	0,
				"omitted":	false
			}
		}, {
			"streams":	[{
					"socket":	4,
					"start":	3.00102,
					"end":	4.00194,
					"seconds":	1.00092,
					"bytes":	1835008,
					"bits_per_second":	1.46666e+07,
					"retransmits":	0,
					"snd_cwnd":	175208,
					"omitted":	false
				}],
			"sum":	{
				"start":	3.00102,
				"end":	4.00194,
				"seconds":	1.00092,
				"bytes":	1835008,
				"bits_per_second":	1.46666e+07,
				"retransmits":	0,
				"omitted":	false
			}
		}, {
			"streams":	[{
					"socket":	4,
					"start":	4.00194,
					"end":	5.00108,
					"seconds":	0.999138,
					"bytes":	1966080,
					"bits_per_second":	1.57422e+07,
					"retransmits":	0,
					"snd_cwnd":	195480,
					"omitted":	false
				}],
			"sum":	{
				"start":	4.00194,
				"end":	5.00108,
				"seconds":	0.999138,
				"bytes":	1966080,
				"bits_per_second":	1.57422e+07,
				"retransmits":	0,
				"omitted":	false
			}
		}],
	"end":	{
		"streams":	[{
				"sender":	{
					"socket":	4,
					"start":	0,
					"end":	5.00108,
					"seconds":	5.00108,
					"bytes":	9306112,
					"bits_per_second":	1.48866e+07,
					"retransmits":	0
				},
				"receiver":	{
					"socket":	4,
					"start":	0,
					"end":	5.00108,
					"seconds":	5.00108,
					"bytes":	9306112,
					"bits_per_second":	1.48866e+07
				}
			}],
		"sum_sent":	{
			"start":	0,
			"end":	5.00108,
			"seconds":	5.00108,
			"bytes":	9306112,
			"bits_per_second":	1.48866e+07,
			"retransmits":	0
		},
		"sum_received":	{
			"start":	0,
			"end":	5.00108,
			"seconds":	5.00108,
			"bytes":	9306112,
			"bits_per_second":	1.48866e+07
		},
		"cpu_utilization_percent":	{
			"host_total":	0.719862,
			"host_user":	0.0725969,
			"host_system":	0.647166,
			"remote_total":	1.72772,
			"remote_user":	0.151712,
			"remote_system":	1.57593
		}
	}
}
