{
	"start":	{
		"connected":	[{
				"socket":	5,
				"local_host":	"10.0.0.4",
				"local_port":	56144,
				"remote_host":	"10.0.0.10",
				"remote_port":	3837
			}],
		"version":	"iperf 3.7",
		"system_info":	"Linux H4 5.4.197-0504197-generic #202206060747 SMP Mon Jun 6 09:27:47 UTC 2022 x86_64",
		"timestamp":	{
			"time":	"Mon, 01 Aug 2022 00:24:18 GMT",
			"timesecs":	1659313458
		},
		"connecting_to":	{
			"host":	"10.0.0.10",
			"port":	3837
		},
		"cookie":	"2w3csgbmfbcn3dldunjgm3743pgqloxivrza",
		"tcp_mss_default":	1448,
		"target_bitrate":	15000000,
		"sock_bufsize":	0,
		"sndbuf_actual":	87380,
		"rcvbuf_actual":	87380,
		"test_start":	{
			"protocol":	"TCP",
			"num_streams":	1,
			"blksize":	131072,
			"omit":	0,
			"duration":	5,
			"bytes":	0,
			"blocks":	0,
			"reverse":	0,
			"tos":	0
		}
	},
	"intervals":	[{
			"streams":	[{
					"socket":	5,
					"start":	0,
					"end":	1.00031,
					"seconds":	1.000309944152832,
					"bytes":	1966080,
					"bits_per_second":	15723766.510509571,
					"retransmits":	0,
					"snd_cwnd":	86880,
					"rtt":	4207,
					"rttvar":	1771,
					"pmtu":	1500,
					"omitted":	false,
					"sender":	true
				}],
			"sum":	{
				"start":	0,
				"end":	1.00031,
				"seconds":	1.000309944152832,
				"bytes":	1966080,
				"bits_per_second":	15723766.510509571,
				"retransmits":	0,
				"omitted":	false,
				"sender":	true
			}
		}, {
			"streams":	[{
					"socket":	5,
					"start":	1.00031,
					"end":	2.000269,
					"seconds":	0.99995899200439453,
					"bytes":	1835008,
					"bits_per_second":	14680666.024687827,
					"retransmits":	0,
					"snd_cwnd":	66608,
					"rtt":	3668,
					"rttvar":	944,
					"pmtu":	1500,
					"omitted":	false,
					"sender":	true
				}],
			"sum":	{
				"start":	1.00031,
				"end":	2.000269,
				"seconds":	0.99995899200439453,
				"bytes":	1835008,
				"bits_per_second":	14680666.024687827,
				"retransmits":	0,
				"omitted":	false,
				"sender":	true
			}
		}, {
			"streams":	[{
					"socket":	5,
					"start":	2.000269,
					"end":	3.000277,
					"seconds":	1.0000079870224,
					"bytes":	1835008,
					"bits_per_second":	14679946.750936471,
					"retransmits":	0,
					"snd_cwnd":	73848,
					"rtt":	4117,
					"rttvar":	1321,
					"pmtu":	1500,
					"omitted":	false,
					"sender":	true
				}],
			"sum":	{
				"start":	2.000269,
				"end":	3.000277,
				"seconds":	1.0000079870224,
				"bytes":	1835008,
				"bits_per_second":	14679946.750936471,
				"retransmits":	0,
				"omitted":	false,
				"sender":	true
			}
		}, {
			"streams":	[{
					"socket":	5,
					"start":	3.000277,
					"end":	4.000295,
					"seconds":	1.0000180006027222,
					"bytes":	1966080,
					"bits_per_second":	15728356.880096329,
					"retransmits":	0,
					"snd_cwnd":	79640,
					"rtt":	3797,
					"rttvar":	804,
					"pmtu":	1500,
					"omitted":	false,
					"sender":	true
				}],
			"sum":	{
				"start":	3.000277,
				"end":	4.000295,
				"seconds":	1.0000180006027222,
				"bytes":	1966080,
				"bits_per_second":	15728356.880096329,
				"retransmits":	0,
				"omitted":	false,
				"sender":	true
			}
		}, {
			"streams":	[{
					"socket":	5,
					"start":	4.000295,
					"end":	5.000759,
					"seconds":	1.0004639625549316,
					"bytes":	1835008,
					"bits_per_second":	14673256.158583498,
					"retransmits":	0,
					"snd_cwnd":	88328,
					"rtt":	4066,
					"rttvar":	1219,
					"pmtu":	1500,
					"omitted":	false,
					"sender":	true
				}],
			"sum":	{
				"start":	4.000295,
				"end":	5.000759,
				"seconds":	1.0004639625549316,
				"bytes":	1835008,
				"bits_per_second":	14673256.158583498,
				"retransmits":	0,
				"omitted":	false,
				"sender":	true
			}
		}],
	"end":	{
		"streams":	[{
				"sender":	{
					"socket":	5,
					"start":	0,
					"end":	5.000759,
					"seconds":	5.000759,
					"bytes":	9437184,
					"bits_per_second":	15097202.644638542,
					"retransmits":	0,
					"max_snd_cwnd":	88328,
					"max_rtt":	4207,
					"min_rtt":	3668,
					"mean_rtt":	3971,
					"sender":	true
				},
				"receiver":	{
					"socket":	5,
					"start":	0,
					"end":	5.001002,
					"seconds":	5.000759,
					"bytes":	9437184,
					"bits_per_second":	15096469.067598853,
					"sender":	true
				}
			}],
		"sum_sent":	{
			"start":	0,
			"end":	5.000759,
			"seconds":	5.000759,
			"bytes":	9437184,
			"bits_per_second":	15097202.644638542,
			"retransmits":	0,
			"sender":	true
		},
		"sum_received":	{
			"start":	0,
			"end":	5.001002,
			"seconds":	5.001002,
			"bytes":	9437184,
			"bits_per_second":	15096469.067598853,
			"sender":	true
		},
		"cpu_utilization_percent":	{
			"host_total":	5.60142944798764,
			"host_user":	0.65260536482702525,
			"host_system":	4.94884406984948,
			"remote_total":	2.5505140297127973,
			"remote_user":	0.81269811624202992,
			"remote_system":	1.7378358672657592
		},
		"sender_tcp_congestion":	"cubic",
		"receiver_tcp_congestion":	"cubic"
	}
}
