{
	"start":	{
		"connected":	[{
				"socket":	4,
				"local_host":	"10.0.0.2",
				"local_port":	45022,
				"remote_host":	"10.0.0.10",
				"remote_port":	2354
			}],
		"version":	"iperf 3.0.7",
		"system_info":	"Linux H2 5.4.197-0504197-generic #202206060747 SMP Mon Jun 6 09:27:47 UTC 2022 x86_64 x86_64 x86_64 GNU/Linux\n",
		"timestamp":	{
			"time":	"Fri, 22 Jul 2022 16:28:52 GMT",
			"timesecs":	1658507332
		},
		"connecting_to":	{
			"host":	"10.0.0.10",
			"port":	2354
		},
		"cookie":	"H2.1658507332.740632.399be8b3687577d",
		"tcp_mss_default":	1448,
		"test_start":	{
			"protocol":	"TCP",
			"num_streams":	1,
			"blksize":	131072,
			"omit":	0,
			"duration":	5,
			"bytes":	0,
			"blocks":	0,
			"reverse":	0
		}
	},
	"intervals":	[{
			"streams":	[{
					"socket":	4,
					"start":	0,
					"end":	1.00093,
					"seconds":	1.00093,
					"bytes":	1699536,
					"bits_per_second":	1.35837e+07,
					"retransmits":	0,
					"snd_cwnd":	89776,
					"omitted":	false
				}],
			"sum":	{
				"start":	0,
				"end":	1.00093,
				"seconds":	1.00093,
				"bytes":	1699536,
				"bits_per_second":	1.35837e+07,
				"retransmits":	0,
				"omitted":	false
			}
		}, {
			"streams":	[{
					"socket":	4,
					"start":	1.00093,
					"end":	2.00076,
					"seconds":	0.999835,
					"bytes":	1966080,
					"bits_per_second":	1.57312e+07,
					"retransmits":	0,
					"snd_cwnd":	121632,
					"omitted":	false
				}],
			"sum":	{
				"start":	1.00093,
				"end":	2.00076,
				"seconds":	0.999835,
				"bytes":	1966080,
				"bits_per_second":	1.57312e+07,
				"retransmits":	0,
				"omitted":	false
			}
		}, {
			"streams":	[{
					"socket":	4,
					"start":	2.00076,
					"end":	3.0003,
					"seconds":	0.999533,
					"bytes":	1835008,
					"bits_per_second":	1.46869e+07,
					"retransmits":	0,
					"snd_cwnd":	144800,
					"omitted":	false
				}],
			"sum":	{
				"start":	2.00076,
				"end":	3.0003,
				"seconds":	0.999533,
				"bytes":	1835008,
				"bits_per_second":	1.46869e+07,
				"retransmits":	0,
				"omitted":	false
			}
		}, {
			"streams":	[{
					"socket":	4,
					"start":	3.0003,
					"end":	4.0007,
					"seconds":	1.00041,
					"bytes":	1835008,
					"bits_per_second":	1.46741e+07,
					"retransmits":	0,
					"snd_cwnd":	175208,
					"omitted":	false
				}],
			"sum":	{
				"start":	3.0003,
				"end":	4.0007,
				"seconds":	1.00041,
				"bytes":	1835008,
				"bits_per_second":	1.46741e+07,
				"retransmits":	0,
				"omitted":	false
			}
		}, {
			"streams":	[{
					"socket":	4,
					"start":	4.0007,
					"end":	5.00039,
					"seconds":	0.99969,
					"bytes":	1966080,
					"bits_per_second":	1.57335e+07,
					"retransmits":	0,
					"snd_cwnd":	185344,
					"omitted":	false
				}],
			"sum":	{
				"start":	4.0007,
				"end":	5.00039,
				"seconds":	0.99969,
				"bytes":	1966080,
				"bits_per_second":	1.57335e+07,
				"retransmits":	0,
				"omitted":	false
			}
		}],
	"end":	{
		"streams":	[{
				"sender":	{
					"socket":	4,
					"start":	0,
					"end":	5.00039,
					"seconds":	5.00039,
					"bytes":	9301712,
					"bits_per_second":	1.48816e+07,
					"retransmits":	0
				},
				"receiver":	{
					"socket":	4,
					"start":	0,
					"end":	5.00039,
					"seconds":	5.00039,
					"bytes":	9301712,
					"bits_per_second":	1.48816e+07
				}
			}],
		"sum_sent":	{
			"start":	0,
			"end":	5.00039,
			"seconds":	5.00039,
			"bytes":	9301712,
			"bits_per_second":	1.48816e+07,
			"retransmits":	0
		},
		"sum_received":	{
			"start":	0,
			"end":	5.00039,
			"seconds":	5.00039,
			"bytes":	9301712,
			"bits_per_second":	1.48816e+07
		},
		"cpu_utilization_percent":	{
			"host_total":	0.875246,
			"host_user":	0.124958,
			"host_system":	0.750128,
			"remote_total":	2.02499,
			"remote_user":	0.422338,
			"remote_system":	1.6026
		}
	}
}
