{
	"start":	{
		"connected":	[{
				"socket":	4,
				"local_host":	"10.0.0.1",
				"local_port":	53812,
				"remote_host":	"10.0.0.12",
				"remote_port":	2827
			}],
		"version":	"iperf 3.0.7",
		"system_info":	"Linux H1 5.4.197-0504197-generic #202206060747 SMP Mon Jun 6 09:27:47 UTC 2022 x86_64 x86_64 x86_64 GNU/Linux\n",
		"timestamp":	{
			"time":	"Fri, 22 Jul 2022 16:29:49 GMT",
			"timesecs":	1658507389
		},
		"connecting_to":	{
			"host":	"10.0.0.12",
			"port":	2827
		},
		"cookie":	"H1.1658507389.253806.106eee1e4b7bb37",
		"tcp_mss_default":	1448,
		"test_start":	{
			"protocol":	"TCP",
			"num_streams":	1,
			"blksize":	131072,
			"omit":	0,
			"duration":	5,
			"bytes":	0,
			"blocks":	0,
			"reverse":	0
		}
	},
	"intervals":	[{
			"streams":	[{
					"socket":	4,
					"start":	0,
					"end":	1.00049,
					"seconds":	1.00049,
					"bytes":	1819024,
					"bits_per_second":	1.45451e+07,
					"retransmits":	0,
					"snd_cwnd":	97016,
					"omitted":	false
				}],
			"sum":	{
				"start":	0,
				"end":	1.00049,
				"seconds":	1.00049,
				"bytes":	1819024,
				"bits_per_second":	1.45451e+07,
				"retransmits":	0,
				"omitted":	false
			}
		}, {
			"streams":	[{
					"socket":	4,
					"start":	1.00049,
					"end":	2.00044,
					"seconds":	0.99995,
					"bytes":	1835008,
					"bits_per_second":	1.46808e+07,
					"retransmits":	0,
					"snd_cwnd":	118736,
					"omitted":	false
				}],
			"sum":	{
				"start":	1.00049,
				"end":	2.00044,
				"seconds":	0.99995,
				"bytes":	1835008,
				"bits_per_second":	1.46808e+07,
				"retransmits":	0,
				"omitted":	false
			}
		}, {
			"streams":	[{
					"socket":	4,
					"start":	2.00044,
					"end":	3.00077,
					"seconds":	1.00033,
					"bytes":	1835008,
					"bits_per_second":	1.46753e+07,
					"retransmits":	0,
					"snd_cwnd":	141904,
					"omitted":	false
				}],
			"sum":	{
				"start":	2.00044,
				"end":	3.00077,
				"seconds":	1.00033,
				"bytes":	1835008,
				"bits_per_second":	1.46753e+07,
				"retransmits":	0,
				"omitted":	false
			}
		}, {
			"streams":	[{
					"socket":	4,
					"start":	3.00077,
					"end":	4.00146,
					"seconds":	1.00069,
					"bytes":	1835008,
					"bits_per_second":	1.46699e+07,
					"retransmits":	0,
					"snd_cwnd":	166520,
					"omitted":	false
				}],
			"sum":	{
				"start":	3.00077,
				"end":	4.00146,
				"seconds":	1.00069,
				"bytes":	1835008,
				"bits_per_second":	1.46699e+07,
				"retransmits":	0,
				"omitted":	false
			}
		}, {
			"streams":	[{
					"socket":	4,
					"start":	4.00146,
					"end":	5.00095,
					"seconds":	0.999493,
					"bytes":	1966080,
					"bits_per_second":	1.57366e+07,
					"retransmits":	0,
					"snd_cwnd":	185344,
					"omitted":	false
				}],
			"sum":	{
				"start":	4.00146,
				"end":	5.00095,
				"seconds":	0.999493,
				"bytes":	1966080,
				"bits_per_second":	1.57366e+07,
				"retransmits":	0,
				"omitted":	false
			}
		}],
	"end":	{
		"streams":	[{
				"sender":	{
					"socket":	4,
					"start":	0,
					"end":	5.00095,
					"seconds":	5.00095,
					"bytes":	9290128,
					"bits_per_second":	1.48614e+07,
					"retransmits":	0
				},
				"receiver":	{
					"socket":	4,
					"start":	0,
					"end":	5.00095,
					"seconds":	5.00095,
					"bytes":	9290128,
					"bits_per_second":	1.48614e+07
				}
			}],
		"sum_sent":	{
			"start":	0,
			"end":	5.00095,
			"seconds":	5.00095,
			"bytes":	9290128,
			"bits_per_second":	1.48614e+07,
			"retransmits":	0
		},
		"sum_received":	{
			"start":	0,
			"end":	5.00095,
			"seconds":	5.00095,
			"bytes":	9290128,
			"bits_per_second":	1.48614e+07
		},
		"cpu_utilization_percent":	{
			"host_total":	0.731201,
			"host_user":	0.109632,
			"host_system":	0.621749,
			"remote_total":	1.68069,
			"remote_user":	0.349063,
			"remote_system":	1.3318
		}
	}
}
