{
	"start":	{
		"connected":	[{
				"socket":	4,
				"local_host":	"10.0.0.7",
				"local_port":	46278,
				"remote_host":	"10.0.0.19",
				"remote_port":	2958
			}],
		"version":	"iperf 3.0.7",
		"system_info":	"Linux BS7 5.4.197-0504197-generic #202206060747 SMP Mon Jun 6 09:27:47 UTC 2022 x86_64 x86_64 x86_64 GNU/Linux\n",
		"timestamp":	{
			"time":	"Mon, 25 Jul 2022 21:47:44 GMT",
			"timesecs":	1658785664
		},
		"connecting_to":	{
			"host":	"10.0.0.19",
			"port":	2958
		},
		"cookie":	"BS7.1658785664.421669.26c3cac73f1701",
		"tcp_mss_default":	1448,
		"test_start":	{
			"protocol":	"TCP",
			"num_streams":	1,
			"blksize":	131072,
			"omit":	0,
			"duration":	21,
			"bytes":	0,
			"blocks":	0,
			"reverse":	0
		}
	},
	"intervals":	[{
			"streams":	[{
					"socket":	4,
					"start":	0,
					"end":	1.00018,
					"seconds":	1.00018,
					"bytes":	6413784,
					"bits_per_second":	5.1301e+07,
					"retransmits":	453,
					"snd_cwnd":	473496,
					"omitted":	false
				}],
			"sum":	{
				"start":	0,
				"end":	1.00018,
				"seconds":	1.00018,
				"bytes":	6413784,
				"bits_per_second":	5.1301e+07,
				"retransmits":	453,
				"omitted":	false
			}
		}, {
			"streams":	[{
					"socket":	4,
					"start":	1.00018,
					"end":	2.00024,
					"seconds":	1.00006,
					"bytes":	14417920,
					"bits_per_second":	1.15336e+08,
					"retransmits":	0,
					"snd_cwnd":	543000,
					"omitted":	false
				}],
			"sum":	{
				"start":	1.00018,
				"end":	2.00024,
				"seconds":	1.00006,
				"bytes":	14417920,
				"bits_per_second":	1.15336e+08,
				"retransmits":	0,
				"omitted":	false
			}
		}, {
			"streams":	[{
					"socket":	4,
					"start":	2.00024,
					"end":	3.00128,
					"seconds":	1.00104,
					"bytes":	18743296,
					"bits_per_second":	1.4979e+08,
					"retransmits":	0,
					"snd_cwnd":	593680,
					"omitted":	false
				}],
			"sum":	{
				"start":	2.00024,
				"end":	3.00128,
				"seconds":	1.00104,
				"bytes":	18743296,
				"bits_per_second":	1.4979e+08,
				"retransmits":	0,
				"omitted":	false
			}
		}, {
			"streams":	[{
					"socket":	4,
					"start":	3.00128,
					"end":	4.00306,
					"seconds":	1.00178,
					"bytes":	16121856,
					"bits_per_second":	1.28746e+08,
					"retransmits":	0,
					"snd_cwnd":	626984,
					"omitted":	false
				}],
			"sum":	{
				"start":	3.00128,
				"end":	4.00306,
				"seconds":	1.00178,
				"bytes":	16121856,
				"bits_per_second":	1.28746e+08,
				"retransmits":	0,
				"omitted":	false
			}
		}, {
			"streams":	[{
					"socket":	4,
					"start":	4.00306,
					"end":	5.00026,
					"seconds":	0.997194,
					"bytes":	20447232,
					"bits_per_second":	1.64038e+08,
					"retransmits":	0,
					"snd_cwnd":	647256,
					"omitted":	false
				}],
			"sum":	{
				"start":	4.00306,
				"end":	5.00026,
				"seconds":	0.997194,
				"bytes":	20447232,
				"bits_per_second":	1.64038e+08,
				"retransmits":	0,
				"omitted":	false
			}
		}, {
			"streams":	[{
					"socket":	4,
					"start":	5.00026,
					"end":	6.00026,
					"seconds":	1.00001,
					"bytes":	22413312,
					"bits_per_second":	1.79305e+08,
					"retransmits":	0,
					"snd_cwnd":	655944,
					"omitted":	false
				}],
			"sum":	{
				"start":	5.00026,
				"end":	6.00026,
				"seconds":	1.00001,
				"bytes":	22413312,
				"bits_per_second":	1.79305e+08,
				"retransmits":	0,
				"omitted":	false
			}
		}, {
			"streams":	[{
					"socket":	4,
					"start":	6.00026,
					"end":	7.00072,
					"seconds":	1.00046,
					"bytes":	18612224,
					"bits_per_second":	1.48829e+08,
					"retransmits":	0,
					"snd_cwnd":	658840,
					"omitted":	false
				}],
			"sum":	{
				"start":	6.00026,
				"end":	7.00072,
				"seconds":	1.00046,
				"bytes":	18612224,
				"bits_per_second":	1.48829e+08,
				"retransmits":	0,
				"omitted":	false
			}
		}, {
			"streams":	[{
					"socket":	4,
					"start":	7.00072,
					"end":	8.00015,
					"seconds":	0.999422,
					"bytes":	21495808,
					"bits_per_second":	1.72066e+08,
					"retransmits":	66,
					"snd_cwnd":	680560,
					"omitted":	false
				}],
			"sum":	{
				"start":	7.00072,
				"end":	8.00015,
				"seconds":	0.999422,
				"bytes":	21495808,
				"bits_per_second":	1.72066e+08,
				"retransmits":	66,
				"omitted":	false
			}
		}, {
			"streams":	[{
					"socket":	4,
					"start":	8.00015,
					"end":	9.00047,
					"seconds":	1.00033,
					"bytes":	23461888,
					"bits_per_second":	1.87634e+08,
					"retransmits":	0,
					"snd_cwnd":	706624,
					"omitted":	false
				}],
			"sum":	{
				"start":	8.00015,
				"end":	9.00047,
				"seconds":	1.00033,
				"bytes":	23461888,
				"bits_per_second":	1.87634e+08,
				"retransmits":	0,
				"omitted":	false
			}
		}, {
			"streams":	[{
					"socket":	4,
					"start":	9.00047,
					"end":	10.006,
					"seconds":	1.00553,
					"bytes":	20578304,
					"bits_per_second":	1.6372e+08,
					"retransmits":	0,
					"snd_cwnd":	729792,
					"omitted":	false
				}],
			"sum":	{
				"start":	9.00047,
				"end":	10.006,
				"seconds":	1.00553,
				"bytes":	20578304,
				"bits_per_second":	1.6372e+08,
				"retransmits":	0,
				"omitted":	false
			}
		}, {
			"streams":	[{
					"socket":	4,
					"start":	10.006,
					"end":	11.0004,
					"seconds":	0.994397,
					"bytes":	22544384,
					"bits_per_second":	1.81371e+08,
					"retransmits":	0,
					"snd_cwnd":	752960,
					"omitted":	false
				}],
			"sum":	{
				"start":	10.006,
				"end":	11.0004,
				"seconds":	0.994397,
				"bytes":	22544384,
				"bits_per_second":	1.81371e+08,
				"retransmits":	0,
				"omitted":	false
			}
		}, {
			"streams":	[{
					"socket":	4,
					"start":	11.0004,
					"end":	12.0019,
					"seconds":	1.00147,
					"bytes":	24248320,
					"bits_per_second":	1.93703e+08,
					"retransmits":	0,
					"snd_cwnd":	777576,
					"omitted":	false
				}],
			"sum":	{
				"start":	11.0004,
				"end":	12.0019,
				"seconds":	1.00147,
				"bytes":	24248320,
				"bits_per_second":	1.93703e+08,
				"retransmits":	0,
				"omitted":	false
			}
		}, {
			"streams":	[{
					"socket":	4,
					"start":	12.0019,
					"end":	13.0001,
					"seconds":	0.998271,
					"bytes":	25427968,
					"bits_per_second":	2.03776e+08,
					"retransmits":	0,
					"snd_cwnd":	802192,
					"omitted":	false
				}],
			"sum":	{
				"start":	12.0019,
				"end":	13.0001,
				"seconds":	0.998271,
				"bytes":	25427968,
				"bits_per_second":	2.03776e+08,
				"retransmits":	0,
				"omitted":	false
			}
		}, {
			"streams":	[{
					"socket":	4,
					"start":	13.0001,
					"end":	14.0006,
					"seconds":	1.00048,
					"bytes":	26345472,
					"bits_per_second":	2.10662e+08,
					"retransmits":	0,
					"snd_cwnd":	848528,
					"omitted":	false
				}],
			"sum":	{
				"start":	13.0001,
				"end":	14.0006,
				"seconds":	1.00048,
				"bytes":	26345472,
				"bits_per_second":	2.10662e+08,
				"retransmits":	0,
				"omitted":	false
			}
		}, {
			"streams":	[{
					"socket":	4,
					"start":	14.0006,
					"end":	15.0018,
					"seconds":	1.0012,
					"bytes":	29229056,
					"bits_per_second":	2.33552e+08,
					"retransmits":	0,
					"snd_cwnd":	944096,
					"omitted":	false
				}],
			"sum":	{
				"start":	14.0006,
				"end":	15.0018,
				"seconds":	1.0012,
				"bytes":	29229056,
				"bits_per_second":	2.33552e+08,
				"retransmits":	0,
				"omitted":	false
			}
		}, {
			"streams":	[{
					"socket":	4,
					"start":	15.0018,
					"end":	16.0007,
					"seconds":	0.99887,
					"bytes":	30408704,
					"bits_per_second":	2.43545e+08,
					"retransmits":	0,
					"snd_cwnd":	1067176,
					"omitted":	false
				}],
			"sum":	{
				"start":	15.0018,
				"end":	16.0007,
				"seconds":	0.99887,
				"bytes":	30408704,
				"bits_per_second":	2.43545e+08,
				"retransmits":	0,
				"omitted":	false
			}
		}, {
			"streams":	[{
					"socket":	4,
					"start":	16.0007,
					"end":	17.0005,
					"seconds":	0.999794,
					"bytes":	30539776,
					"bits_per_second":	2.44369e+08,
					"retransmits":	0,
					"snd_cwnd":	1220664,
					"omitted":	false
				}],
			"sum":	{
				"start":	16.0007,
				"end":	17.0005,
				"seconds":	0.999794,
				"bytes":	30539776,
				"bits_per_second":	2.44369e+08,
				"retransmits":	0,
				"omitted":	false
			}
		}, {
			"streams":	[{
					"socket":	4,
					"start":	17.0005,
					"end":	18.0003,
					"seconds":	0.99979,
					"bytes":	30932992,
					"bits_per_second":	2.47516e+08,
					"retransmits":	0,
					"snd_cwnd":	1407456,
					"omitted":	false
				}],
			"sum":	{
				"start":	17.0005,
				"end":	18.0003,
				"seconds":	0.99979,
				"bytes":	30932992,
				"bits_per_second":	2.47516e+08,
				"retransmits":	0,
				"omitted":	false
			}
		}, {
			"streams":	[{
					"socket":	4,
					"start":	18.0003,
					"end":	19.0016,
					"seconds":	1.00134,
					"bytes":	26476544,
					"bits_per_second":	2.11529e+08,
					"retransmits":	0,
					"snd_cwnd":	1629000,
					"omitted":	false
				}],
			"sum":	{
				"start":	18.0003,
				"end":	19.0016,
				"seconds":	1.00134,
				"bytes":	26476544,
				"bits_per_second":	2.11529e+08,
				"retransmits":	0,
				"omitted":	false
			}
		}, {
			"streams":	[{
					"socket":	4,
					"start":	19.0016,
					"end":	20.0002,
					"seconds":	0.998535,
					"bytes":	29884416,
					"bits_per_second":	2.39426e+08,
					"retransmits":	0,
					"snd_cwnd":	1893984,
					"omitted":	false
				}],
			"sum":	{
				"start":	19.0016,
				"end":	20.0002,
				"seconds":	0.998535,
				"bytes":	29884416,
				"bits_per_second":	2.39426e+08,
				"retransmits":	0,
				"omitted":	false
			}
		}, {
			"streams":	[{
					"socket":	4,
					"start":	20.0002,
					"end":	21.0001,
					"seconds":	0.999954,
					"bytes":	26476544,
					"bits_per_second":	2.11822e+08,
					"retransmits":	0,
					"snd_cwnd":	2199512,
					"omitted":	false
				}],
			"sum":	{
				"start":	20.0002,
				"end":	21.0001,
				"seconds":	0.999954,
				"bytes":	26476544,
				"bits_per_second":	2.11822e+08,
				"retransmits":	0,
				"omitted":	false
			}
		}],
	"end":	{
		"streams":	[{
				"sender":	{
					"socket":	4,
					"start":	0,
					"end":	21.0001,
					"seconds":	21.0001,
					"bytes":	485219800,
					"bits_per_second":	1.84845e+08,
					"retransmits":	519
				},
				"receiver":	{
					"socket":	4,
					"start":	0,
					"end":	21.0001,
					"seconds":	21.0001,
					"bytes":	478120216,
					"bits_per_second":	1.8214e+08
				}
			}],
		"sum_sent":	{
			"start":	0,
			"end":	21.0001,
			"seconds":	21.0001,
			"bytes":	485219800,
			"bits_per_second":	1.84845e+08,
			"retransmits":	519
		},
		"sum_received":	{
			"start":	0,
			"end":	21.0001,
			"seconds":	21.0001,
			"bytes":	478120216,
			"bits_per_second":	1.8214e+08
		},
		"cpu_utilization_percent":	{
			"host_total":	5.09682,
			"host_user":	0.434614,
			"host_system":	4.66221,
			"remote_total":	9.87281,
			"remote_user":	0.363437,
			"remote_system":	9.50937
		}
	}
}
