{
	"start":	{
		"connected":	[{
				"socket":	4,
				"local_host":	"10.0.0.4",
				"local_port":	51552,
				"remote_host":	"10.0.0.11",
				"remote_port":	2585
			}],
		"version":	"iperf 3.0.7",
		"system_info":	"Linux BS4 5.4.197-0504197-generic #202206060747 SMP Mon Jun 6 09:27:47 UTC 2022 x86_64 x86_64 x86_64 GNU/Linux\n",
		"timestamp":	{
			"time":	"Mon, 25 Jul 2022 21:42:45 GMT",
			"timesecs":	1658785365
		},
		"connecting_to":	{
			"host":	"10.0.0.11",
			"port":	2585
		},
		"cookie":	"BS4.1658785365.443417.1ee719b91904ad",
		"tcp_mss_default":	1448,
		"test_start":	{
			"protocol":	"TCP",
			"num_streams":	1,
			"blksize":	131072,
			"omit":	0,
			"duration":	11,
			"bytes":	0,
			"blocks":	0,
			"reverse":	0
		}
	},
	"intervals":	[{
			"streams":	[{
					"socket":	4,
					"start":	0,
					"end":	1.00072,
					"seconds":	1.00072,
					"bytes":	5664888,
					"bits_per_second":	4.52865e+07,
					"retransmits":	3,
					"snd_cwnd":	107152,
					"omitted":	false
				}],
			"sum":	{
				"start":	0,
				"end":	1.00072,
				"seconds":	1.00072,
				"bytes":	5664888,
				"bits_per_second":	4.52865e+07,
				"retransmits":	3,
				"omitted":	false
			}
		}, {
			"streams":	[{
					"socket":	4,
					"start":	1.00072,
					"end":	2.00075,
					"seconds":	1.00003,
					"bytes":	6291456,
					"bits_per_second":	5.033e+07,
					"retransmits":	0,
					"snd_cwnd":	144800,
					"omitted":	false
				}],
			"sum":	{
				"start":	1.00072,
				"end":	2.00075,
				"seconds":	1.00003,
				"bytes":	6291456,
				"bits_per_second":	5.033e+07,
				"retransmits":	0,
				"omitted":	false
			}
		}, {
			"streams":	[{
					"socket":	4,
					"start":	2.00075,
					"end":	3.00029,
					"seconds":	0.99954,
					"bytes":	6291456,
					"bits_per_second":	5.03548e+07,
					"retransmits":	0,
					"snd_cwnd":	173760,
					"omitted":	false
				}],
			"sum":	{
				"start":	2.00075,
				"end":	3.00029,
				"seconds":	0.99954,
				"bytes":	6291456,
				"bits_per_second":	5.03548e+07,
				"retransmits":	0,
				"omitted":	false
			}
		}, {
			"streams":	[{
					"socket":	4,
					"start":	3.00029,
					"end":	4.00027,
					"seconds":	0.999976,
					"bytes":	6160384,
					"bits_per_second":	4.92843e+07,
					"retransmits":	0,
					"snd_cwnd":	198376,
					"omitted":	false
				}],
			"sum":	{
				"start":	3.00029,
				"end":	4.00027,
				"seconds":	0.999976,
				"bytes":	6160384,
				"bits_per_second":	4.92843e+07,
				"retransmits":	0,
				"omitted":	false
			}
		}, {
			"streams":	[{
					"socket":	4,
					"start":	4.00027,
					"end":	5.00058,
					"seconds":	1.00032,
					"bytes":	6291456,
					"bits_per_second":	5.03157e+07,
					"retransmits":	0,
					"snd_cwnd":	220096,
					"omitted":	false
				}],
			"sum":	{
				"start":	4.00027,
				"end":	5.00058,
				"seconds":	1.00032,
				"bytes":	6291456,
				"bits_per_second":	5.03157e+07,
				"retransmits":	0,
				"omitted":	false
			}
		}, {
			"streams":	[{
					"socket":	4,
					"start":	5.00058,
					"end":	6.00084,
					"seconds":	1.00026,
					"bytes":	6291456,
					"bits_per_second":	5.03185e+07,
					"retransmits":	0,
					"snd_cwnd":	237472,
					"omitted":	false
				}],
			"sum":	{
				"start":	5.00058,
				"end":	6.00084,
				"seconds":	1.00026,
				"bytes":	6291456,
				"bits_per_second":	5.03185e+07,
				"retransmits":	0,
				"omitted":	false
			}
		}, {
			"streams":	[{
					"socket":	4,
					"start":	6.00084,
					"end":	7.00083,
					"seconds":	0.999984,
					"bytes":	6160384,
					"bits_per_second":	4.92839e+07,
					"retransmits":	0,
					"snd_cwnd":	254848,
					"omitted":	false
				}],
			"sum":	{
				"start":	6.00084,
				"end":	7.00083,
				"seconds":	0.999984,
				"bytes":	6160384,
				"bits_per_second":	4.92839e+07,
				"retransmits":	0,
				"omitted":	false
			}
		}, {
			"streams":	[{
					"socket":	4,
					"start":	7.00083,
					"end":	8.00019,
					"seconds":	0.999358,
					"bytes":	6291456,
					"bits_per_second":	5.0364e+07,
					"retransmits":	0,
					"snd_cwnd":	273672,
					"omitted":	false
				}],
			"sum":	{
				"start":	7.00083,
				"end":	8.00019,
				"seconds":	0.999358,
				"bytes":	6291456,
				"bits_per_second":	5.0364e+07,
				"retransmits":	0,
				"omitted":	false
			}
		}, {
			"streams":	[{
					"socket":	4,
					"start":	8.00019,
					"end":	9.00051,
					"seconds":	1.00032,
					"bytes":	6291456,
					"bits_per_second":	5.03155e+07,
					"retransmits":	0,
					"snd_cwnd":	289600,
					"omitted":	false
				}],
			"sum":	{
				"start":	8.00019,
				"end":	9.00051,
				"seconds":	1.00032,
				"bytes":	6291456,
				"bits_per_second":	5.03155e+07,
				"retransmits":	0,
				"omitted":	false
			}
		}, {
			"streams":	[{
					"socket":	4,
					"start":	9.00051,
					"end":	10.0002,
					"seconds":	0.999681,
					"bytes":	6160384,
					"bits_per_second":	4.92988e+07,
					"retransmits":	0,
					"snd_cwnd":	304080,
					"omitted":	false
				}],
			"sum":	{
				"start":	9.00051,
				"end":	10.0002,
				"seconds":	0.999681,
				"bytes":	6160384,
				"bits_per_second":	4.92988e+07,
				"retransmits":	0,
				"omitted":	false
			}
		}, {
			"streams":	[{
					"socket":	4,
					"start":	10.0002,
					"end":	11.0004,
					"seconds":	1.00025,
					"bytes":	6291456,
					"bits_per_second":	5.0319e+07,
					"retransmits":	0,
					"snd_cwnd":	317112,
					"omitted":	false
				}],
			"sum":	{
				"start":	10.0002,
				"end":	11.0004,
				"seconds":	1.00025,
				"bytes":	6291456,
				"bits_per_second":	5.0319e+07,
				"retransmits":	0,
				"omitted":	false
			}
		}],
	"end":	{
		"streams":	[{
				"sender":	{
					"socket":	4,
					"start":	0,
					"end":	11.0004,
					"seconds":	11.0004,
					"bytes":	68186232,
					"bits_per_second":	4.9588e+07,
					"retransmits":	3
				},
				"receiver":	{
					"socket":	4,
					"start":	0,
					"end":	11.0004,
					"seconds":	11.0004,
					"bytes":	68186232,
					"bits_per_second":	4.9588e+07
				}
			}],
		"sum_sent":	{
			"start":	0,
			"end":	11.0004,
			"seconds":	11.0004,
			"bytes":	68186232,
			"bits_per_second":	4.9588e+07,
			"retransmits":	3
		},
		"sum_received":	{
			"start":	0,
			"end":	11.0004,
			"seconds":	11.0004,
			"bytes":	68186232,
			"bits_per_second":	4.9588e+07
		},
		"cpu_utilization_percent":	{
			"host_total":	1.06298,
			"host_user":	0.124503,
			"host_system":	0.938454,
			"remote_total":	2.34428,
			"remote_user":	0.298276,
			"remote_system":	2.04601
		}
	}
}
