{
	"start":	{
		"connected":	[{
				"socket":	5,
				"local_host":	"10.0.0.3",
				"local_port":	41716,
				"remote_host":	"10.0.0.10",
				"remote_port":	2384
			}],
		"version":	"iperf 3.7",
		"system_info":	"Linux H3 5.4.197-0504197-generic #202206060747 SMP Mon Jun 6 09:27:47 UTC 2022 x86_64",
		"timestamp":	{
			"time":	"Mon, 01 Aug 2022 00:25:57 GMT",
			"timesecs":	1659313557
		},
		"connecting_to":	{
			"host":	"10.0.0.10",
			"port":	2384
		},
		"cookie":	"77xm4aqg7znmloycfnj6r3uicesj25zps7pp",
		"tcp_mss_default":	1448,
		"target_bitrate":	15000000,
		"sock_bufsize":	0,
		"sndbuf_actual":	87380,
		"rcvbuf_actual":	87380,
		"test_start":	{
			"protocol":	"TCP",
			"num_streams":	1,
			"blksize":	131072,
			"omit":	0,
			"duration":	5,
			"bytes":	0,
			"blocks":	0,
			"reverse":	0,
			"tos":	0
		}
	},
	"intervals":	[{
			"streams":	[{
					"socket":	5,
					"start":	0,
					"end":	1.000578,
					"seconds":	1.0005780458450317,
					"bytes":	1966080,
					"bits_per_second":	15719553.377484391,
					"retransmits":	0,
					"snd_cwnd":	81088,
					"rtt":	3980,
					"rttvar":	1503,
					"pmtu":	1500,
					"omitted":	false,
					"sender":	true
				}],
			"sum":	{
				"start":	0,
				"end":	1.000578,
				"seconds":	1.0005780458450317,
				"bytes":	1966080,
				"bits_per_second":	15719553.377484391,
				"retransmits":	0,
				"omitted":	false,
				"sender":	true
			}
		}, {
			"streams":	[{
					"socket":	5,
					"start":	1.000578,
					"end":	2.000208,
					"seconds":	0.99962997436523438,
					"bytes":	1835008,
					"bits_per_second":	14685498.010723267,
					"retransmits":	6,
					"snd_cwnd":	92672,
					"rtt":	4287,
					"rttvar":	1583,
					"pmtu":	1500,
					"omitted":	false,
					"sender":	true
				}],
			"sum":	{
				"start":	1.000578,
				"end":	2.000208,
				"seconds":	0.99962997436523438,
				"bytes":	1835008,
				"bits_per_second":	14685498.010723267,
				"retransmits":	6,
				"omitted":	false,
				"sender":	true
			}
		}, {
			"streams":	[{
					"socket":	5,
					"start":	2.000208,
					"end":	3.000733,
					"seconds":	1.0005249977111816,
					"bytes":	1835008,
					"bits_per_second":	14672361.044034252,
					"retransmits":	0,
					"snd_cwnd":	92672,
					"rtt":	4210,
					"rttvar":	1457,
					"pmtu":	1500,
					"omitted":	false,
					"sender":	true
				}],
			"sum":	{
				"start":	2.000208,
				"end":	3.000733,
				"seconds":	1.0005249977111816,
				"bytes":	1835008,
				"bits_per_second":	14672361.044034252,
				"retransmits":	0,
				"omitted":	false,
				"sender":	true
			}
		}, {
			"streams":	[{
					"socket":	5,
					"start":	3.000733,
					"end":	4.000431,
					"seconds":	0.9996979832649231,
					"bytes":	1966080,
					"bits_per_second":	15733391.747607298,
					"retransmits":	0,
					"snd_cwnd":	92672,
					"rtt":	4260,
					"rttvar":	1468,
					"pmtu":	1500,
					"omitted":	false,
					"sender":	true
				}],
			"sum":	{
				"start":	3.000733,
				"end":	4.000431,
				"seconds":	0.9996979832649231,
				"bytes":	1966080,
				"bits_per_second":	15733391.747607298,
				"retransmits":	0,
				"omitted":	false,
				"sender":	true
			}
		}, {
			"streams":	[{
					"socket":	5,
					"start":	4.000431,
					"end":	5.000565,
					"seconds":	1.0001339912414551,
					"bytes":	1835008,
					"bits_per_second":	14678097.263525462,
					"retransmits":	0,
					"snd_cwnd":	94120,
					"rtt":	4349,
					"rttvar":	2136,
					"pmtu":	1500,
					"omitted":	false,
					"sender":	true
				}],
			"sum":	{
				"start":	4.000431,
				"end":	5.000565,
				"seconds":	1.0001339912414551,
				"bytes":	1835008,
				"bits_per_second":	14678097.263525462,
				"retransmits":	0,
				"omitted":	false,
				"sender":	true
			}
		}],
	"end":	{
		"streams":	[{
				"sender":	{
					"socket":	5,
					"start":	0,
					"end":	5.000565,
					"seconds":	5.000565,
					"bytes":	9437184,
					"bits_per_second":	15097788.34991646,
					"retransmits":	6,
					"max_snd_cwnd":	94120,
					"max_rtt":	4349,
					"min_rtt":	3980,
					"mean_rtt":	4217,
					"sender":	true
				},
				"receiver":	{
					"socket":	5,
					"start":	0,
					"end":	5.000802,
					"seconds":	5.000565,
					"bytes":	9437184,
					"bits_per_second":	15097072.829518145,
					"sender":	true
				}
			}],
		"sum_sent":	{
			"start":	0,
			"end":	5.000565,
			"seconds":	5.000565,
			"bytes":	9437184,
			"bits_per_second":	15097788.34991646,
			"retransmits":	6,
			"sender":	true
		},
		"sum_received":	{
			"start":	0,
			"end":	5.000802,
			"seconds":	5.000802,
			"bytes":	9437184,
			"bits_per_second":	15097072.829518145,
			"sender":	true
		},
		"cpu_utilization_percent":	{
			"host_total":	5.8454557773800815,
			"host_user":	1.4193362959386031,
			"host_system":	4.4261394684339432,
			"remote_total":	2.4001832709758362,
			"remote_user":	0,
			"remote_system":	2.40022318190263
		},
		"sender_tcp_congestion":	"cubic",
		"receiver_tcp_congestion":	"cubic"
	}
}
