{
	"start":	{
		"connected":	[{
				"socket":	4,
				"local_host":	"10.0.0.3",
				"local_port":	50954,
				"remote_host":	"10.0.0.8",
				"remote_port":	3037
			}],
		"version":	"iperf 3.0.7",
		"system_info":	"Linux H3 5.4.197-0504197-generic #202206060747 SMP Mon Jun 6 09:27:47 UTC 2022 x86_64 x86_64 x86_64 GNU/Linux\n",
		"timestamp":	{
			"time":	"Fri, 22 Jul 2022 16:21:58 GMT",
			"timesecs":	1658506918
		},
		"connecting_to":	{
			"host":	"10.0.0.8",
			"port":	3037
		},
		"cookie":	"H3.1658506918.789080.0b9f52ce500c5d6",
		"tcp_mss_default":	1448,
		"test_start":	{
			"protocol":	"TCP",
			"num_streams":	1,
			"blksize":	131072,
			"omit":	0,
			"duration":	5,
			"bytes":	0,
			"blocks":	0,
			"reverse":	0
		}
	},
	"intervals":	[{
			"streams":	[{
					"socket":	4,
					"start":	0,
					"end":	1.00026,
					"seconds":	1.00026,
					"bytes":	1689400,
					"bits_per_second":	1.35117e+07,
					"retransmits":	0,
					"snd_cwnd":	95568,
					"omitted":	false
				}],
			"sum":	{
				"start":	0,
				"end":	1.00026,
				"seconds":	1.00026,
				"bytes":	1689400,
				"bits_per_second":	1.35117e+07,
				"retransmits":	0,
				"omitted":	false
			}
		}, {
			"streams":	[{
					"socket":	4,
					"start":	1.00026,
					"end":	2.00067,
					"seconds":	1.00041,
					"bytes":	1966080,
					"bits_per_second":	1.57222e+07,
					"retransmits":	0,
					"snd_cwnd":	127424,
					"omitted":	false
				}],
			"sum":	{
				"start":	1.00026,
				"end":	2.00067,
				"seconds":	1.00041,
				"bytes":	1966080,
				"bits_per_second":	1.57222e+07,
				"retransmits":	0,
				"omitted":	false
			}
		}, {
			"streams":	[{
					"socket":	4,
					"start":	2.00067,
					"end":	3.00084,
					"seconds":	1.00017,
					"bytes":	1835008,
					"bits_per_second":	1.46775e+07,
					"retransmits":	0,
					"snd_cwnd":	169416,
					"omitted":	false
				}],
			"sum":	{
				"start":	2.00067,
				"end":	3.00084,
				"seconds":	1.00017,
				"bytes":	1835008,
				"bits_per_second":	1.46775e+07,
				"retransmits":	0,
				"omitted":	false
			}
		}, {
			"streams":	[{
					"socket":	4,
					"start":	3.00084,
					"end":	4.00099,
					"seconds":	1.00015,
					"bytes":	1835008,
					"bits_per_second":	1.46779e+07,
					"retransmits":	0,
					"snd_cwnd":	178104,
					"omitted":	false
				}],
			"sum":	{
				"start":	3.00084,
				"end":	4.00099,
				"seconds":	1.00015,
				"bytes":	1835008,
				"bits_per_second":	1.46779e+07,
				"retransmits":	0,
				"omitted":	false
			}
		}, {
			"streams":	[{
					"socket":	4,
					"start":	4.00099,
					"end":	5.00036,
					"seconds":	0.999366,
					"bytes":	1966080,
					"bits_per_second":	1.57386e+07,
					"retransmits":	0,
					"snd_cwnd":	186792,
					"omitted":	false
				}],
			"sum":	{
				"start":	4.00099,
				"end":	5.00036,
				"seconds":	0.999366,
				"bytes":	1966080,
				"bits_per_second":	1.57386e+07,
				"retransmits":	0,
				"omitted":	false
			}
		}],
	"end":	{
		"streams":	[{
				"sender":	{
					"socket":	4,
					"start":	0,
					"end":	5.00036,
					"seconds":	5.00036,
					"bytes":	9291576,
					"bits_per_second":	1.48655e+07,
					"retransmits":	0
				},
				"receiver":	{
					"socket":	4,
					"start":	0,
					"end":	5.00036,
					"seconds":	5.00036,
					"bytes":	9291576,
					"bits_per_second":	1.48655e+07
				}
			}],
		"sum_sent":	{
			"start":	0,
			"end":	5.00036,
			"seconds":	5.00036,
			"bytes":	9291576,
			"bits_per_second":	1.48655e+07,
			"retransmits":	0
		},
		"sum_received":	{
			"start":	0,
			"end":	5.00036,
			"seconds":	5.00036,
			"bytes":	9291576,
			"bits_per_second":	1.48655e+07
		},
		"cpu_utilization_percent":	{
			"host_total":	0.361572,
			"host_user":	0,
			"host_system":	0.361552,
			"remote_total":	1.27079,
			"remote_user":	1.27077,
			"remote_system":	0
		}
	}
}
