{
	"start":	{
		"connected":	[{
				"socket":	4,
				"local_host":	"10.0.0.4",
				"local_port":	38715,
				"remote_host":	"10.0.0.21",
				"remote_port":	1824
			}],
		"version":	"iperf 3.0.7",
		"system_info":	"Linux BS4 5.4.197-0504197-generic #202206060747 SMP Mon Jun 6 09:27:47 UTC 2022 x86_64 x86_64 x86_64 GNU/Linux\n",
		"timestamp":	{
			"time":	"Mon, 25 Jul 2022 21:44:08 GMT",
			"timesecs":	1658785448
		},
		"connecting_to":	{
			"host":	"10.0.0.21",
			"port":	1824
		},
		"cookie":	"BS4.1658785448.376293.497c29bb6b5b9c",
		"test_start":	{
			"protocol":	"UDP",
			"num_streams":	1,
			"blksize":	8192,
			"omit":	0,
			"duration":	2,
			"bytes":	0,
			"blocks":	0,
			"reverse":	0
		}
	},
	"intervals":	[{
			"streams":	[{
					"socket":	4,
					"start":	0,
					"end":	1.00053,
					"seconds":	1.00053,
					"bytes":	23519232,
					"bits_per_second":	1.88055e+08,
					"packets":	2871,
					"omitted":	false
				}],
			"sum":	{
				"start":	0,
				"end":	1.00053,
				"seconds":	1.00053,
				"bytes":	23519232,
				"bits_per_second":	1.88055e+08,
				"packets":	2871,
				"omitted":	false
			}
		}, {
			"streams":	[{
					"socket":	4,
					"start":	1.00053,
					"end":	2.00017,
					"seconds":	0.999646,
					"bytes":	25067520,
					"bits_per_second":	2.00611e+08,
					"packets":	3060,
					"omitted":	false
				}],
			"sum":	{
				"start":	1.00053,
				"end":	2.00017,
				"seconds":	0.999646,
				"bytes":	25067520,
				"bits_per_second":	2.00611e+08,
				"packets":	3060,
				"omitted":	false
			}
		}],
	"end":	{
		"streams":	[{
				"udp":	{
					"socket":	4,
					"start":	0,
					"end":	2.00017,
					"seconds":	2.00017,
					"bytes":	48586752,
					"bits_per_second":	1.9433e+08,
					"jitter_ms":	1.03828,
					"lost_packets":	1088,
					"packets":	1847,
					"lost_percent":	58.9063
				}
			}],
		"sum":	{
			"start":	0,
			"end":	2.00017,
			"seconds":	2.00017,
			"bytes":	48586752,
			"bits_per_second":	1.9433e+08,
			"jitter_ms":	1.03828,
			"lost_packets":	1088,
			"packets":	1847,
			"lost_percent":	58.9063
		},
		"cpu_utilization_percent":	{
			"host_total":	55.3306,
			"host_user":	1.83174,
			"host_system":	53.4987,
			"remote_total":	2.26708,
			"remote_user":	0,
			"remote_system":	2.26699
		}
	}
}
