{
	"start":	{
		"connected":	[{
				"socket":	4,
				"local_host":	"10.0.0.2",
				"local_port":	60177,
				"remote_host":	"10.0.0.12",
				"remote_port":	4006
			}],
		"version":	"iperf 3.0.7",
		"system_info":	"Linux BS2 5.4.197-0504197-generic #202206060747 SMP Mon Jun 6 09:27:47 UTC 2022 x86_64 x86_64 x86_64 GNU/Linux\n",
		"timestamp":	{
			"time":	"Mon, 25 Jul 2022 21:48:27 GMT",
			"timesecs":	1658785707
		},
		"connecting_to":	{
			"host":	"10.0.0.12",
			"port":	4006
		},
		"cookie":	"BS2.1658785707.413866.3a3605b657c4db",
		"test_start":	{
			"protocol":	"UDP",
			"num_streams":	1,
			"blksize":	8192,
			"omit":	0,
			"duration":	10,
			"bytes":	0,
			"blocks":	0,
			"reverse":	0
		}
	},
	"intervals":	[{
			"streams":	[{
					"socket":	4,
					"start":	0,
					"end":	1.00034,
					"seconds":	1.00034,
					"bytes":	2850816,
					"bits_per_second":	2.27988e+07,
					"packets":	348,
					"omitted":	false
				}],
			"sum":	{
				"start":	0,
				"end":	1.00034,
				"seconds":	1.00034,
				"bytes":	2850816,
				"bits_per_second":	2.27988e+07,
				"packets":	348,
				"omitted":	false
			}
		}, {
			"streams":	[{
					"socket":	4,
					"start":	1.00034,
					"end":	2.00144,
					"seconds":	1.0011,
					"bytes":	3162112,
					"bits_per_second":	2.52691e+07,
					"packets":	386,
					"omitted":	false
				}],
			"sum":	{
				"start":	1.00034,
				"end":	2.00144,
				"seconds":	1.0011,
				"bytes":	3162112,
				"bits_per_second":	2.52691e+07,
				"packets":	386,
				"omitted":	false
			}
		}, {
			"streams":	[{
					"socket":	4,
					"start":	2.00144,
					"end":	3.00369,
					"seconds":	1.00225,
					"bytes":	3301376,
					"bits_per_second":	2.63516e+07,
					"packets":	403,
					"omitted":	false
				}],
			"sum":	{
				"start":	2.00144,
				"end":	3.00369,
				"seconds":	1.00225,
				"bytes":	3301376,
				"bits_per_second":	2.63516e+07,
				"packets":	403,
				"omitted":	false
			}
		}, {
			"streams":	[{
					"socket":	4,
					"start":	3.00369,
					"end":	4.0005,
					"seconds":	0.996802,
					"bytes":	2916352,
					"bits_per_second":	2.34057e+07,
					"packets":	356,
					"omitted":	false
				}],
			"sum":	{
				"start":	3.00369,
				"end":	4.0005,
				"seconds":	0.996802,
				"bytes":	2916352,
				"bits_per_second":	2.34057e+07,
				"packets":	356,
				"omitted":	false
			}
		}, {
			"streams":	[{
					"socket":	4,
					"start":	4.0005,
					"end":	5.00201,
					"seconds":	1.00151,
					"bytes":	3186688,
					"bits_per_second":	2.5455e+07,
					"packets":	389,
					"omitted":	false
				}],
			"sum":	{
				"start":	4.0005,
				"end":	5.00201,
				"seconds":	1.00151,
				"bytes":	3186688,
				"bits_per_second":	2.5455e+07,
				"packets":	389,
				"omitted":	false
			}
		}, {
			"streams":	[{
					"socket":	4,
					"start":	5.00201,
					"end":	6.00243,
					"seconds":	1.00042,
					"bytes":	3170304,
					"bits_per_second":	2.53518e+07,
					"packets":	387,
					"omitted":	false
				}],
			"sum":	{
				"start":	5.00201,
				"end":	6.00243,
				"seconds":	1.00042,
				"bytes":	3170304,
				"bits_per_second":	2.53518e+07,
				"packets":	387,
				"omitted":	false
			}
		}, {
			"streams":	[{
					"socket":	4,
					"start":	6.00243,
					"end":	7.00047,
					"seconds":	0.998038,
					"bytes":	2990080,
					"bits_per_second":	2.39677e+07,
					"packets":	365,
					"omitted":	false
				}],
			"sum":	{
				"start":	6.00243,
				"end":	7.00047,
				"seconds":	0.998038,
				"bytes":	2990080,
				"bits_per_second":	2.39677e+07,
				"packets":	365,
				"omitted":	false
			}
		}, {
			"streams":	[{
					"socket":	4,
					"start":	7.00047,
					"end":	8.00111,
					"seconds":	1.00064,
					"bytes":	3211264,
					"bits_per_second":	2.56736e+07,
					"packets":	392,
					"omitted":	false
				}],
			"sum":	{
				"start":	7.00047,
				"end":	8.00111,
				"seconds":	1.00064,
				"bytes":	3211264,
				"bits_per_second":	2.56736e+07,
				"packets":	392,
				"omitted":	false
			}
		}, {
			"streams":	[{
					"socket":	4,
					"start":	8.00111,
					"end":	9.00178,
					"seconds":	1.00067,
					"bytes":	3031040,
					"bits_per_second":	2.4232e+07,
					"packets":	370,
					"omitted":	false
				}],
			"sum":	{
				"start":	8.00111,
				"end":	9.00178,
				"seconds":	1.00067,
				"bytes":	3031040,
				"bits_per_second":	2.4232e+07,
				"packets":	370,
				"omitted":	false
			}
		}, {
			"streams":	[{
					"socket":	4,
					"start":	9.00178,
					"end":	10.0091,
					"seconds":	1.00728,
					"bytes":	3145728,
					"bits_per_second":	2.4984e+07,
					"packets":	384,
					"omitted":	false
				}],
			"sum":	{
				"start":	9.00178,
				"end":	10.0091,
				"seconds":	1.00728,
				"bytes":	3145728,
				"bits_per_second":	2.4984e+07,
				"packets":	384,
				"omitted":	false
			}
		}],
	"end":	{
		"streams":	[{
				"udp":	{
					"socket":	4,
					"start":	0,
					"end":	10.0091,
					"seconds":	10.0091,
					"bytes":	30965760,
					"bits_per_second":	2.47502e+07,
					"jitter_ms":	1.64037,
					"lost_packets":	399,
					"packets":	3780,
					"lost_percent":	10.5556
				}
			}],
		"sum":	{
			"start":	0,
			"end":	10.0091,
			"seconds":	10.0091,
			"bytes":	30965760,
			"bits_per_second":	2.47502e+07,
			"jitter_ms":	1.64037,
			"lost_packets":	399,
			"packets":	3780,
			"lost_percent":	10.5556
		},
		"cpu_utilization_percent":	{
			"host_total":	8.94389,
			"host_user":	0.381428,
			"host_system":	8.56247,
			"remote_total":	4.03383,
			"remote_user":	0.339493,
			"remote_system":	3.69435
		}
	}
}
