{
	"start":	{
		"connected":	[{
				"socket":	4,
				"local_host":	"10.0.0.1",
				"local_port":	49308,
				"remote_host":	"10.0.0.21",
				"remote_port":	2663
			}],
		"version":	"iperf 3.0.7",
		"system_info":	"Linux BS1 5.4.197-0504197-generic #202206060747 SMP Mon Jun 6 09:27:47 UTC 2022 x86_64 x86_64 x86_64 GNU/Linux\n",
		"timestamp":	{
			"time":	"Mon, 25 Jul 2022 21:47:36 GMT",
			"timesecs":	1658785656
		},
		"connecting_to":	{
			"host":	"10.0.0.21",
			"port":	2663
		},
		"cookie":	"BS1.1658785656.476431.44426a8052290a",
		"tcp_mss_default":	1448,
		"test_start":	{
			"protocol":	"TCP",
			"num_streams":	1,
			"blksize":	131072,
			"omit":	0,
			"duration":	18,
			"bytes":	0,
			"blocks":	0,
			"reverse":	0
		}
	},
	"intervals":	[{
			"streams":	[{
					"socket":	4,
					"start":	0,
					"end":	1.0005,
					"seconds":	1.0005,
					"bytes":	5714232,
					"bits_per_second":	4.56909e+07,
					"retransmits":	0,
					"snd_cwnd":	1576872,
					"omitted":	false
				}],
			"sum":	{
				"start":	0,
				"end":	1.0005,
				"seconds":	1.0005,
				"bytes":	5714232,
				"bits_per_second":	4.56909e+07,
				"retransmits":	0,
				"omitted":	false
			}
		}, {
			"streams":	[{
					"socket":	4,
					"start":	1.0005,
					"end":	2.00031,
					"seconds":	0.999805,
					"bytes":	6291456,
					"bits_per_second":	5.03415e+07,
					"retransmits":	0,
					"snd_cwnd":	1576872,
					"omitted":	false
				}],
			"sum":	{
				"start":	1.0005,
				"end":	2.00031,
				"seconds":	0.999805,
				"bytes":	6291456,
				"bits_per_second":	5.03415e+07,
				"retransmits":	0,
				"omitted":	false
			}
		}, {
			"streams":	[{
					"socket":	4,
					"start":	2.00031,
					"end":	3.00105,
					"seconds":	1.00075,
					"bytes":	6160384,
					"bits_per_second":	4.92463e+07,
					"retransmits":	0,
					"snd_cwnd":	1576872,
					"omitted":	false
				}],
			"sum":	{
				"start":	2.00031,
				"end":	3.00105,
				"seconds":	1.00075,
				"bytes":	6160384,
				"bits_per_second":	4.92463e+07,
				"retransmits":	0,
				"omitted":	false
			}
		}, {
			"streams":	[{
					"socket":	4,
					"start":	3.00105,
					"end":	4.00055,
					"seconds":	0.999494,
					"bytes":	6291456,
					"bits_per_second":	5.03571e+07,
					"retransmits":	0,
					"snd_cwnd":	1576872,
					"omitted":	false
				}],
			"sum":	{
				"start":	3.00105,
				"end":	4.00055,
				"seconds":	0.999494,
				"bytes":	6291456,
				"bits_per_second":	5.03571e+07,
				"retransmits":	0,
				"omitted":	false
			}
		}, {
			"streams":	[{
					"socket":	4,
					"start":	4.00055,
					"end":	5.00042,
					"seconds":	0.999872,
					"bytes":	6291456,
					"bits_per_second":	5.03381e+07,
					"retransmits":	0,
					"snd_cwnd":	1576872,
					"omitted":	false
				}],
			"sum":	{
				"start":	4.00055,
				"end":	5.00042,
				"seconds":	0.999872,
				"bytes":	6291456,
				"bits_per_second":	5.03381e+07,
				"retransmits":	0,
				"omitted":	false
			}
		}, {
			"streams":	[{
					"socket":	4,
					"start":	5.00042,
					"end":	6.002,
					"seconds":	1.00158,
					"bytes":	6160384,
					"bits_per_second":	4.92055e+07,
					"retransmits":	0,
					"snd_cwnd":	1576872,
					"omitted":	false
				}],
			"sum":	{
				"start":	5.00042,
				"end":	6.002,
				"seconds":	1.00158,
				"bytes":	6160384,
				"bits_per_second":	4.92055e+07,
				"retransmits":	0,
				"omitted":	false
			}
		}, {
			"streams":	[{
					"socket":	4,
					"start":	6.002,
					"end":	7.00035,
					"seconds":	0.998358,
					"bytes":	6291456,
					"bits_per_second":	5.04144e+07,
					"retransmits":	0,
					"snd_cwnd":	1576872,
					"omitted":	false
				}],
			"sum":	{
				"start":	6.002,
				"end":	7.00035,
				"seconds":	0.998358,
				"bytes":	6291456,
				"bits_per_second":	5.04144e+07,
				"retransmits":	0,
				"omitted":	false
			}
		}, {
			"streams":	[{
					"socket":	4,
					"start":	7.00035,
					"end":	8.00042,
					"seconds":	1.00007,
					"bytes":	6291456,
					"bits_per_second":	5.03284e+07,
					"retransmits":	0,
					"snd_cwnd":	1576872,
					"omitted":	false
				}],
			"sum":	{
				"start":	7.00035,
				"end":	8.00042,
				"seconds":	1.00007,
				"bytes":	6291456,
				"bits_per_second":	5.03284e+07,
				"retransmits":	0,
				"omitted":	false
			}
		}, {
			"streams":	[{
					"socket":	4,
					"start":	8.00042,
					"end":	9.00916,
					"seconds":	1.00874,
					"bytes":	6291456,
					"bits_per_second":	4.98954e+07,
					"retransmits":	0,
					"snd_cwnd":	1576872,
					"omitted":	false
				}],
			"sum":	{
				"start":	8.00042,
				"end":	9.00916,
				"seconds":	1.00874,
				"bytes":	6291456,
				"bits_per_second":	4.98954e+07,
				"retransmits":	0,
				"omitted":	false
			}
		}, {
			"streams":	[{
					"socket":	4,
					"start":	9.00916,
					"end":	10.0002,
					"seconds":	0.991067,
					"bytes":	6160384,
					"bits_per_second":	4.97273e+07,
					"retransmits":	0,
					"snd_cwnd":	1576872,
					"omitted":	false
				}],
			"sum":	{
				"start":	9.00916,
				"end":	10.0002,
				"seconds":	0.991067,
				"bytes":	6160384,
				"bits_per_second":	4.97273e+07,
				"retransmits":	0,
				"omitted":	false
			}
		}, {
			"streams":	[{
					"socket":	4,
					"start":	10.0002,
					"end":	11.017,
					"seconds":	1.01677,
					"bytes":	6291456,
					"bits_per_second":	4.95015e+07,
					"retransmits":	0,
					"snd_cwnd":	1576872,
					"omitted":	false
				}],
			"sum":	{
				"start":	10.0002,
				"end":	11.017,
				"seconds":	1.01677,
				"bytes":	6291456,
				"bits_per_second":	4.95015e+07,
				"retransmits":	0,
				"omitted":	false
			}
		}, {
			"streams":	[{
					"socket":	4,
					"start":	11.017,
					"end":	12.0017,
					"seconds":	0.984695,
					"bytes":	6422528,
					"bits_per_second":	5.21788e+07,
					"retransmits":	0,
					"snd_cwnd":	1576872,
					"omitted":	false
				}],
			"sum":	{
				"start":	11.017,
				"end":	12.0017,
				"seconds":	0.984695,
				"bytes":	6422528,
				"bits_per_second":	5.21788e+07,
				"retransmits":	0,
				"omitted":	false
			}
		}, {
			"streams":	[{
					"socket":	4,
					"start":	12.0017,
					"end":	13.0003,
					"seconds":	0.998626,
					"bytes":	6029312,
					"bits_per_second":	4.83009e+07,
					"retransmits":	0,
					"snd_cwnd":	1576872,
					"omitted":	false
				}],
			"sum":	{
				"start":	12.0017,
				"end":	13.0003,
				"seconds":	0.998626,
				"bytes":	6029312,
				"bits_per_second":	4.83009e+07,
				"retransmits":	0,
				"omitted":	false
			}
		}, {
			"streams":	[{
					"socket":	4,
					"start":	13.0003,
					"end":	14.0004,
					"seconds":	1.00011,
					"bytes":	6291456,
					"bits_per_second":	5.03261e+07,
					"retransmits":	0,
					"snd_cwnd":	1576872,
					"omitted":	false
				}],
			"sum":	{
				"start":	13.0003,
				"end":	14.0004,
				"seconds":	1.00011,
				"bytes":	6291456,
				"bits_per_second":	5.03261e+07,
				"retransmits":	0,
				"omitted":	false
			}
		}, {
			"streams":	[{
					"socket":	4,
					"start":	14.0004,
					"end":	15.0053,
					"seconds":	1.0049,
					"bytes":	6422528,
					"bits_per_second":	5.11295e+07,
					"retransmits":	0,
					"snd_cwnd":	1576872,
					"omitted":	false
				}],
			"sum":	{
				"start":	14.0004,
				"end":	15.0053,
				"seconds":	1.0049,
				"bytes":	6422528,
				"bits_per_second":	5.11295e+07,
				"retransmits":	0,
				"omitted":	false
			}
		}, {
			"streams":	[{
					"socket":	4,
					"start":	15.0053,
					"end":	16.001,
					"seconds":	0.995667,
					"bytes":	6029312,
					"bits_per_second":	4.84444e+07,
					"retransmits":	0,
					"snd_cwnd":	1576872,
					"omitted":	false
				}],
			"sum":	{
				"start":	15.0053,
				"end":	16.001,
				"seconds":	0.995667,
				"bytes":	6029312,
				"bits_per_second":	4.84444e+07,
				"retransmits":	0,
				"omitted":	false
			}
		}, {
			"streams":	[{
					"socket":	4,
					"start":	16.001,
					"end":	17.0005,
					"seconds":	0.999457,
					"bytes":	6291456,
					"bits_per_second":	5.0359e+07,
					"retransmits":	0,
					"snd_cwnd":	1576872,
					"omitted":	false
				}],
			"sum":	{
				"start":	16.001,
				"end":	17.0005,
				"seconds":	0.999457,
				"bytes":	6291456,
				"bits_per_second":	5.0359e+07,
				"retransmits":	0,
				"omitted":	false
			}
		}, {
			"streams":	[{
					"socket":	4,
					"start":	17.0005,
					"end":	18.0003,
					"seconds":	0.999889,
					"bytes":	6291456,
					"bits_per_second":	5.03372e+07,
					"retransmits":	0,
					"snd_cwnd":	1576872,
					"omitted":	false
				}],
			"sum":	{
				"start":	17.0005,
				"end":	18.0003,
				"seconds":	0.999889,
				"bytes":	6291456,
				"bits_per_second":	5.03372e+07,
				"retransmits":	0,
				"omitted":	false
			}
		}],
	"end":	{
		"streams":	[{
				"sender":	{
					"socket":	4,
					"start":	0,
					"end":	18.0003,
					"seconds":	18.0003,
					"bytes":	112013624,
					"bits_per_second":	4.97829e+07,
					"retransmits":	0
				},
				"receiver":	{
					"socket":	4,
					"start":	0,
					"end":	18.0003,
					"seconds":	18.0003,
					"bytes":	112013624,
					"bits_per_second":	4.97829e+07
				}
			}],
		"sum_sent":	{
			"start":	0,
			"end":	18.0003,
			"seconds":	18.0003,
			"bytes":	112013624,
			"bits_per_second":	4.97829e+07,
			"retransmits":	0
		},
		"sum_received":	{
			"start":	0,
			"end":	18.0003,
			"seconds":	18.0003,
			"bytes":	112013624,
			"bits_per_second":	4.97829e+07
		},
		"cpu_utilization_percent":	{
			"host_total":	2.20651,
			"host_user":	0.151088,
			"host_system":	2.05543,
			"remote_total":	2.68386,
			"remote_user":	0.150958,
			"remote_system":	2.53289
		}
	}
}
