{
	"start":	{
		"connected":	[{
				"socket":	4,
				"local_host":	"10.0.0.4",
				"local_port":	47628,
				"remote_host":	"10.0.0.9",
				"remote_port":	2725
			}],
		"version":	"iperf 3.0.7",
		"system_info":	"Linux BS4 5.4.197-0504197-generic #202206060747 SMP Mon Jun 6 09:27:47 UTC 2022 x86_64 x86_64 x86_64 GNU/Linux\n",
		"timestamp":	{
			"time":	"Mon, 25 Jul 2022 21:47:23 GMT",
			"timesecs":	1658785643
		},
		"connecting_to":	{
			"host":	"10.0.0.9",
			"port":	2725
		},
		"cookie":	"BS4.1658785643.701806.7b9bf19f4bab26",
		"tcp_mss_default":	1448,
		"test_start":	{
			"protocol":	"TCP",
			"num_streams":	1,
			"blksize":	131072,
			"omit":	0,
			"duration":	39,
			"bytes":	0,
			"blocks":	0,
			"reverse":	0
		}
	},
	"intervals":	[{
			"streams":	[{
					"socket":	4,
					"start":	0,
					"end":	1.0007,
					"seconds":	1.0007,
					"bytes":	2852368,
					"bits_per_second":	2.28031e+07,
					"retransmits":	2,
					"snd_cwnd":	370688,
					"omitted":	false
				}],
			"sum":	{
				"start":	0,
				"end":	1.0007,
				"seconds":	1.0007,
				"bytes":	2852368,
				"bits_per_second":	2.28031e+07,
				"retransmits":	2,
				"omitted":	false
			}
		}, {
			"streams":	[{
					"socket":	4,
					"start":	1.0007,
					"end":	2.00081,
					"seconds":	1.00012,
					"bytes":	3145728,
					"bits_per_second":	2.51629e+07,
					"retransmits":	0,
					"snd_cwnd":	373584,
					"omitted":	false
				}],
			"sum":	{
				"start":	1.0007,
				"end":	2.00081,
				"seconds":	1.00012,
				"bytes":	3145728,
				"bits_per_second":	2.51629e+07,
				"retransmits":	0,
				"omitted":	false
			}
		}, {
			"streams":	[{
					"socket":	4,
					"start":	2.00081,
					"end":	3.00098,
					"seconds":	1.00017,
					"bytes":	3145728,
					"bits_per_second":	2.51616e+07,
					"retransmits":	0,
					"snd_cwnd":	377928,
					"omitted":	false
				}],
			"sum":	{
				"start":	2.00081,
				"end":	3.00098,
				"seconds":	1.00017,
				"bytes":	3145728,
				"bits_per_second":	2.51616e+07,
				"retransmits":	0,
				"omitted":	false
			}
		}, {
			"streams":	[{
					"socket":	4,
					"start":	3.00098,
					"end":	4.00096,
					"seconds":	0.999985,
					"bytes":	3145728,
					"bits_per_second":	2.51662e+07,
					"retransmits":	0,
					"snd_cwnd":	382272,
					"omitted":	false
				}],
			"sum":	{
				"start":	3.00098,
				"end":	4.00096,
				"seconds":	0.999985,
				"bytes":	3145728,
				"bits_per_second":	2.51662e+07,
				"retransmits":	0,
				"omitted":	false
			}
		}, {
			"streams":	[{
					"socket":	4,
					"start":	4.00096,
					"end":	5.00083,
					"seconds":	0.999866,
					"bytes":	3145728,
					"bits_per_second":	2.51692e+07,
					"retransmits":	0,
					"snd_cwnd":	385168,
					"omitted":	false
				}],
			"sum":	{
				"start":	4.00096,
				"end":	5.00083,
				"seconds":	0.999866,
				"bytes":	3145728,
				"bits_per_second":	2.51692e+07,
				"retransmits":	0,
				"omitted":	false
			}
		}, {
			"streams":	[{
					"socket":	4,
					"start":	5.00083,
					"end":	6.00485,
					"seconds":	1.00402,
					"bytes":	3014656,
					"bits_per_second":	2.40206e+07,
					"retransmits":	0,
					"snd_cwnd":	390960,
					"omitted":	false
				}],
			"sum":	{
				"start":	5.00083,
				"end":	6.00485,
				"seconds":	1.00402,
				"bytes":	3014656,
				"bits_per_second":	2.40206e+07,
				"retransmits":	0,
				"omitted":	false
			}
		}, {
			"streams":	[{
					"socket":	4,
					"start":	6.00485,
					"end":	7.00082,
					"seconds":	0.99597,
					"bytes":	3145728,
					"bits_per_second":	2.52677e+07,
					"retransmits":	0,
					"snd_cwnd":	395304,
					"omitted":	false
				}],
			"sum":	{
				"start":	6.00485,
				"end":	7.00082,
				"seconds":	0.99597,
				"bytes":	3145728,
				"bits_per_second":	2.52677e+07,
				"retransmits":	0,
				"omitted":	false
			}
		}, {
			"streams":	[{
					"socket":	4,
					"start":	7.00082,
					"end":	8.00077,
					"seconds":	0.999947,
					"bytes":	3145728,
					"bits_per_second":	2.51672e+07,
					"retransmits":	0,
					"snd_cwnd":	395304,
					"omitted":	false
				}],
			"sum":	{
				"start":	7.00082,
				"end":	8.00077,
				"seconds":	0.999947,
				"bytes":	3145728,
				"bits_per_second":	2.51672e+07,
				"retransmits":	0,
				"omitted":	false
			}
		}, {
			"streams":	[{
					"socket":	4,
					"start":	8.00077,
					"end":	9.0007,
					"seconds":	0.999928,
					"bytes":	3145728,
					"bits_per_second":	2.51676e+07,
					"retransmits":	0,
					"snd_cwnd":	431504,
					"omitted":	false
				}],
			"sum":	{
				"start":	8.00077,
				"end":	9.0007,
				"seconds":	0.999928,
				"bytes":	3145728,
				"bits_per_second":	2.51676e+07,
				"retransmits":	0,
				"omitted":	false
			}
		}, {
			"streams":	[{
					"socket":	4,
					"start":	9.0007,
					"end":	10.0041,
					"seconds":	1.00342,
					"bytes":	3145728,
					"bits_per_second":	2.50801e+07,
					"retransmits":	0,
					"snd_cwnd":	431504,
					"omitted":	false
				}],
			"sum":	{
				"start":	9.0007,
				"end":	10.0041,
				"seconds":	1.00342,
				"bytes":	3145728,
				"bits_per_second":	2.50801e+07,
				"retransmits":	0,
				"omitted":	false
			}
		}, {
			"streams":	[{
					"socket":	4,
					"start":	10.0041,
					"end":	11.0006,
					"seconds":	0.996528,
					"bytes":	3145728,
					"bits_per_second":	2.52535e+07,
					"retransmits":	0,
					"snd_cwnd":	431504,
					"omitted":	false
				}],
			"sum":	{
				"start":	10.0041,
				"end":	11.0006,
				"seconds":	0.996528,
				"bytes":	3145728,
				"bits_per_second":	2.52535e+07,
				"retransmits":	0,
				"omitted":	false
			}
		}, {
			"streams":	[{
					"socket":	4,
					"start":	11.0006,
					"end":	12.001,
					"seconds":	1.00039,
					"bytes":	3145728,
					"bits_per_second":	2.51561e+07,
					"retransmits":	0,
					"snd_cwnd":	438744,
					"omitted":	false
				}],
			"sum":	{
				"start":	11.0006,
				"end":	12.001,
				"seconds":	1.00039,
				"bytes":	3145728,
				"bits_per_second":	2.51561e+07,
				"retransmits":	0,
				"omitted":	false
			}
		}, {
			"streams":	[{
					"socket":	4,
					"start":	12.001,
					"end":	13.001,
					"seconds":	0.999971,
					"bytes":	3014656,
					"bits_per_second":	2.41179e+07,
					"retransmits":	0,
					"snd_cwnd":	438744,
					"omitted":	false
				}],
			"sum":	{
				"start":	12.001,
				"end":	13.001,
				"seconds":	0.999971,
				"bytes":	3014656,
				"bits_per_second":	2.41179e+07,
				"retransmits":	0,
				"omitted":	false
			}
		}, {
			"streams":	[{
					"socket":	4,
					"start":	13.001,
					"end":	14.0007,
					"seconds":	0.999702,
					"bytes":	3145728,
					"bits_per_second":	2.51733e+07,
					"retransmits":	0,
					"snd_cwnd":	438744,
					"omitted":	false
				}],
			"sum":	{
				"start":	13.001,
				"end":	14.0007,
				"seconds":	0.999702,
				"bytes":	3145728,
				"bits_per_second":	2.51733e+07,
				"retransmits":	0,
				"omitted":	false
			}
		}, {
			"streams":	[{
					"socket":	4,
					"start":	14.0007,
					"end":	15.0014,
					"seconds":	1.0007,
					"bytes":	3145728,
					"bits_per_second":	2.51481e+07,
					"retransmits":	0,
					"snd_cwnd":	438744,
					"omitted":	false
				}],
			"sum":	{
				"start":	14.0007,
				"end":	15.0014,
				"seconds":	1.0007,
				"bytes":	3145728,
				"bits_per_second":	2.51481e+07,
				"retransmits":	0,
				"omitted":	false
			}
		}, {
			"streams":	[{
					"socket":	4,
					"start":	15.0014,
					"end":	16.0011,
					"seconds":	0.999692,
					"bytes":	3145728,
					"bits_per_second":	2.51736e+07,
					"retransmits":	0,
					"snd_cwnd":	438744,
					"omitted":	false
				}],
			"sum":	{
				"start":	15.0014,
				"end":	16.0011,
				"seconds":	0.999692,
				"bytes":	3145728,
				"bits_per_second":	2.51736e+07,
				"retransmits":	0,
				"omitted":	false
			}
		}, {
			"streams":	[{
					"socket":	4,
					"start":	16.0011,
					"end":	17.001,
					"seconds":	0.999942,
					"bytes":	3145728,
					"bits_per_second":	2.51673e+07,
					"retransmits":	0,
					"snd_cwnd":	438744,
					"omitted":	false
				}],
			"sum":	{
				"start":	16.0011,
				"end":	17.001,
				"seconds":	0.999942,
				"bytes":	3145728,
				"bits_per_second":	2.51673e+07,
				"retransmits":	0,
				"omitted":	false
			}
		}, {
			"streams":	[{
					"socket":	4,
					"start":	17.001,
					"end":	18.0006,
					"seconds":	0.999562,
					"bytes":	3145728,
					"bits_per_second":	2.51769e+07,
					"retransmits":	0,
					"snd_cwnd":	438744,
					"omitted":	false
				}],
			"sum":	{
				"start":	17.001,
				"end":	18.0006,
				"seconds":	0.999562,
				"bytes":	3145728,
				"bits_per_second":	2.51769e+07,
				"retransmits":	0,
				"omitted":	false
			}
		}, {
			"streams":	[{
					"socket":	4,
					"start":	18.0006,
					"end":	19.0011,
					"seconds":	1.00047,
					"bytes":	3014656,
					"bits_per_second":	2.4106e+07,
					"retransmits":	0,
					"snd_cwnd":	438744,
					"omitted":	false
				}],
			"sum":	{
				"start":	18.0006,
				"end":	19.0011,
				"seconds":	1.00047,
				"bytes":	3014656,
				"bits_per_second":	2.4106e+07,
				"retransmits":	0,
				"omitted":	false
			}
		}, {
			"streams":	[{
					"socket":	4,
					"start":	19.0011,
					"end":	20.0011,
					"seconds":	0.999991,
					"bytes":	3145728,
					"bits_per_second":	2.5166e+07,
					"retransmits":	0,
					"snd_cwnd":	438744,
					"omitted":	false
				}],
			"sum":	{
				"start":	19.0011,
				"end":	20.0011,
				"seconds":	0.999991,
				"bytes":	3145728,
				"bits_per_second":	2.5166e+07,
				"retransmits":	0,
				"omitted":	false
			}
		}, {
			"streams":	[{
					"socket":	4,
					"start":	20.0011,
					"end":	21.0023,
					"seconds":	1.00126,
					"bytes":	3145728,
					"bits_per_second":	2.51342e+07,
					"retransmits":	0,
					"snd_cwnd":	438744,
					"omitted":	false
				}],
			"sum":	{
				"start":	20.0011,
				"end":	21.0023,
				"seconds":	1.00126,
				"bytes":	3145728,
				"bits_per_second":	2.51342e+07,
				"retransmits":	0,
				"omitted":	false
			}
		}, {
			"streams":	[{
					"socket":	4,
					"start":	21.0023,
					"end":	22.0022,
					"seconds":	0.999832,
					"bytes":	3145728,
					"bits_per_second":	2.51701e+07,
					"retransmits":	0,
					"snd_cwnd":	515488,
					"omitted":	false
				}],
			"sum":	{
				"start":	21.0023,
				"end":	22.0022,
				"seconds":	0.999832,
				"bytes":	3145728,
				"bits_per_second":	2.51701e+07,
				"retransmits":	0,
				"omitted":	false
			}
		}, {
			"streams":	[{
					"socket":	4,
					"start":	22.0022,
					"end":	23.0009,
					"seconds":	0.99874,
					"bytes":	3145728,
					"bits_per_second":	2.51976e+07,
					"retransmits":	1,
					"snd_cwnd":	515488,
					"omitted":	false
				}],
			"sum":	{
				"start":	22.0022,
				"end":	23.0009,
				"seconds":	0.99874,
				"bytes":	3145728,
				"bits_per_second":	2.51976e+07,
				"retransmits":	1,
				"omitted":	false
			}
		}, {
			"streams":	[{
					"socket":	4,
					"start":	23.0009,
					"end":	24.0007,
					"seconds":	0.9998,
					"bytes":	3145728,
					"bits_per_second":	2.51709e+07,
					"retransmits":	0,
					"snd_cwnd":	515488,
					"omitted":	false
				}],
			"sum":	{
				"start":	23.0009,
				"end":	24.0007,
				"seconds":	0.9998,
				"bytes":	3145728,
				"bits_per_second":	2.51709e+07,
				"retransmits":	0,
				"omitted":	false
			}
		}, {
			"streams":	[{
					"socket":	4,
					"start":	24.0007,
					"end":	25.001,
					"seconds":	1.00032,
					"bytes":	3014656,
					"bits_per_second":	2.41096e+07,
					"retransmits":	0,
					"snd_cwnd":	515488,
					"omitted":	false
				}],
			"sum":	{
				"start":	24.0007,
				"end":	25.001,
				"seconds":	1.00032,
				"bytes":	3014656,
				"bits_per_second":	2.41096e+07,
				"retransmits":	0,
				"omitted":	false
			}
		}, {
			"streams":	[{
					"socket":	4,
					"start":	25.001,
					"end":	26.0011,
					"seconds":	1.00008,
					"bytes":	3145728,
					"bits_per_second":	2.51639e+07,
					"retransmits":	0,
					"snd_cwnd":	515488,
					"omitted":	false
				}],
			"sum":	{
				"start":	25.001,
				"end":	26.0011,
				"seconds":	1.00008,
				"bytes":	3145728,
				"bits_per_second":	2.51639e+07,
				"retransmits":	0,
				"omitted":	false
			}
		}, {
			"streams":	[{
					"socket":	4,
					"start":	26.0011,
					"end":	27.001,
					"seconds":	0.99995,
					"bytes":	3145728,
					"bits_per_second":	2.51671e+07,
					"retransmits":	0,
					"snd_cwnd":	515488,
					"omitted":	false
				}],
			"sum":	{
				"start":	26.0011,
				"end":	27.001,
				"seconds":	0.99995,
				"bytes":	3145728,
				"bits_per_second":	2.51671e+07,
				"retransmits":	0,
				"omitted":	false
			}
		}, {
			"streams":	[{
					"socket":	4,
					"start":	27.001,
					"end":	28.0013,
					"seconds":	1.00025,
					"bytes":	3145728,
					"bits_per_second":	2.51596e+07,
					"retransmits":	0,
					"snd_cwnd":	515488,
					"omitted":	false
				}],
			"sum":	{
				"start":	27.001,
				"end":	28.0013,
				"seconds":	1.00025,
				"bytes":	3145728,
				"bits_per_second":	2.51596e+07,
				"retransmits":	0,
				"omitted":	false
			}
		}, {
			"streams":	[{
					"socket":	4,
					"start":	28.0013,
					"end":	29.001,
					"seconds":	0.999719,
					"bytes":	3145728,
					"bits_per_second":	2.51729e+07,
					"retransmits":	0,
					"snd_cwnd":	515488,
					"omitted":	false
				}],
			"sum":	{
				"start":	28.0013,
				"end":	29.001,
				"seconds":	0.999719,
				"bytes":	3145728,
				"bits_per_second":	2.51729e+07,
				"retransmits":	0,
				"omitted":	false
			}
		}, {
			"streams":	[{
					"socket":	4,
					"start":	29.001,
					"end":	30.0006,
					"seconds":	0.999631,
					"bytes":	3145728,
					"bits_per_second":	2.51751e+07,
					"retransmits":	0,
					"snd_cwnd":	515488,
					"omitted":	false
				}],
			"sum":	{
				"start":	29.001,
				"end":	30.0006,
				"seconds":	0.999631,
				"bytes":	3145728,
				"bits_per_second":	2.51751e+07,
				"retransmits":	0,
				"omitted":	false
			}
		}, {
			"streams":	[{
					"socket":	4,
					"start":	30.0006,
					"end":	31.0009,
					"seconds":	1.00026,
					"bytes":	3014656,
					"bits_per_second":	2.4111e+07,
					"retransmits":	0,
					"snd_cwnd":	515488,
					"omitted":	false
				}],
			"sum":	{
				"start":	30.0006,
				"end":	31.0009,
				"seconds":	1.00026,
				"bytes":	3014656,
				"bits_per_second":	2.4111e+07,
				"retransmits":	0,
				"omitted":	false
			}
		}, {
			"streams":	[{
					"socket":	4,
					"start":	31.0009,
					"end":	32.001,
					"seconds":	1.00009,
					"bytes":	3145728,
					"bits_per_second":	2.51635e+07,
					"retransmits":	0,
					"snd_cwnd":	515488,
					"omitted":	false
				}],
			"sum":	{
				"start":	31.0009,
				"end":	32.001,
				"seconds":	1.00009,
				"bytes":	3145728,
				"bits_per_second":	2.51635e+07,
				"retransmits":	0,
				"omitted":	false
			}
		}, {
			"streams":	[{
					"socket":	4,
					"start":	32.001,
					"end":	33.0008,
					"seconds":	0.999803,
					"bytes":	3145728,
					"bits_per_second":	2.51708e+07,
					"retransmits":	0,
					"snd_cwnd":	515488,
					"omitted":	false
				}],
			"sum":	{
				"start":	32.001,
				"end":	33.0008,
				"seconds":	0.999803,
				"bytes":	3145728,
				"bits_per_second":	2.51708e+07,
				"retransmits":	0,
				"omitted":	false
			}
		}, {
			"streams":	[{
					"socket":	4,
					"start":	33.0008,
					"end":	34.0008,
					"seconds":	1.00006,
					"bytes":	3145728,
					"bits_per_second":	2.51643e+07,
					"retransmits":	0,
					"snd_cwnd":	515488,
					"omitted":	false
				}],
			"sum":	{
				"start":	33.0008,
				"end":	34.0008,
				"seconds":	1.00006,
				"bytes":	3145728,
				"bits_per_second":	2.51643e+07,
				"retransmits":	0,
				"omitted":	false
			}
		}, {
			"streams":	[{
					"socket":	4,
					"start":	34.0008,
					"end":	35.0007,
					"seconds":	0.999894,
					"bytes":	3145728,
					"bits_per_second":	2.51685e+07,
					"retransmits":	0,
					"snd_cwnd":	515488,
					"omitted":	false
				}],
			"sum":	{
				"start":	34.0008,
				"end":	35.0007,
				"seconds":	0.999894,
				"bytes":	3145728,
				"bits_per_second":	2.51685e+07,
				"retransmits":	0,
				"omitted":	false
			}
		}, {
			"streams":	[{
					"socket":	4,
					"start":	35.0007,
					"end":	36.001,
					"seconds":	1.00024,
					"bytes":	3145728,
					"bits_per_second":	2.51599e+07,
					"retransmits":	0,
					"snd_cwnd":	515488,
					"omitted":	false
				}],
			"sum":	{
				"start":	35.0007,
				"end":	36.001,
				"seconds":	1.00024,
				"bytes":	3145728,
				"bits_per_second":	2.51599e+07,
				"retransmits":	0,
				"omitted":	false
			}
		}, {
			"streams":	[{
					"socket":	4,
					"start":	36.001,
					"end":	37.0008,
					"seconds":	0.999828,
					"bytes":	3145728,
					"bits_per_second":	2.51702e+07,
					"retransmits":	0,
					"snd_cwnd":	515488,
					"omitted":	false
				}],
			"sum":	{
				"start":	36.001,
				"end":	37.0008,
				"seconds":	0.999828,
				"bytes":	3145728,
				"bits_per_second":	2.51702e+07,
				"retransmits":	0,
				"omitted":	false
			}
		}, {
			"streams":	[{
					"socket":	4,
					"start":	37.0008,
					"end":	38.0006,
					"seconds":	0.999787,
					"bytes":	3014656,
					"bits_per_second":	2.41224e+07,
					"retransmits":	0,
					"snd_cwnd":	515488,
					"omitted":	false
				}],
			"sum":	{
				"start":	37.0008,
				"end":	38.0006,
				"seconds":	0.999787,
				"bytes":	3014656,
				"bits_per_second":	2.41224e+07,
				"retransmits":	0,
				"omitted":	false
			}
		}, {
			"streams":	[{
					"socket":	4,
					"start":	38.0006,
					"end":	39.0008,
					"seconds":	1.00017,
					"bytes":	3145728,
					"bits_per_second":	2.51616e+07,
					"retransmits":	0,
					"snd_cwnd":	515488,
					"omitted":	false
				}],
			"sum":	{
				"start":	38.0006,
				"end":	39.0008,
				"seconds":	1.00017,
				"bytes":	3145728,
				"bits_per_second":	2.51616e+07,
				"retransmits":	0,
				"omitted":	false
			}
		}],
	"end":	{
		"streams":	[{
				"sender":	{
					"socket":	4,
					"start":	0,
					"end":	39.0008,
					"seconds":	39.0008,
					"bytes":	121603600,
					"bits_per_second":	2.49438e+07,
					"retransmits":	3
				},
				"receiver":	{
					"socket":	4,
					"start":	0,
					"end":	39.0008,
					"seconds":	39.0008,
					"bytes":	121603600,
					"bits_per_second":	2.49438e+07
				}
			}],
		"sum_sent":	{
			"start":	0,
			"end":	39.0008,
			"seconds":	39.0008,
			"bytes":	121603600,
			"bits_per_second":	2.49438e+07,
			"retransmits":	3
		},
		"sum_received":	{
			"start":	0,
			"end":	39.0008,
			"seconds":	39.0008,
			"bytes":	121603600,
			"bits_per_second":	2.49438e+07
		},
		"cpu_utilization_percent":	{
			"host_total":	2.37554,
			"host_user":	0.118574,
			"host_system":	2.25696,
			"remote_total":	2.76267,
			"remote_user":	0.231251,
			"remote_system":	2.53127
		}
	}
}
