{
	"start":	{
		"connected":	[{
				"socket":	4,
				"local_host":	"10.0.0.6",
				"local_port":	47548,
				"remote_host":	"10.0.0.15",
				"remote_port":	1029
			}],
		"version":	"iperf 3.0.7",
		"system_info":	"Linux BS6 5.4.197-0504197-generic #202206060747 SMP Mon Jun 6 09:27:47 UTC 2022 x86_64 x86_64 x86_64 GNU/Linux\n",
		"timestamp":	{
			"time":	"Mon, 25 Jul 2022 21:46:42 GMT",
			"timesecs":	1658785602
		},
		"connecting_to":	{
			"host":	"10.0.0.15",
			"port":	1029
		},
		"cookie":	"BS6.1658785602.100050.309cde66798778",
		"test_start":	{
			"protocol":	"UDP",
			"num_streams":	1,
			"blksize":	8192,
			"omit":	0,
			"duration":	6,
			"bytes":	0,
			"blocks":	0,
			"reverse":	0
		}
	},
	"intervals":	[{
			"streams":	[{
					"socket":	4,
					"start":	0,
					"end":	1.00034,
					"seconds":	1.00034,
					"bytes":	2949120,
					"bits_per_second":	2.3585e+07,
					"packets":	360,
					"omitted":	false
				}],
			"sum":	{
				"start":	0,
				"end":	1.00034,
				"seconds":	1.00034,
				"bytes":	2949120,
				"bits_per_second":	2.3585e+07,
				"packets":	360,
				"omitted":	false
			}
		}, {
			"streams":	[{
					"socket":	4,
					"start":	1.00034,
					"end":	2.00085,
					"seconds":	1.00051,
					"bytes":	3039232,
					"bits_per_second":	2.43013e+07,
					"packets":	371,
					"omitted":	false
				}],
			"sum":	{
				"start":	1.00034,
				"end":	2.00085,
				"seconds":	1.00051,
				"bytes":	3039232,
				"bits_per_second":	2.43013e+07,
				"packets":	371,
				"omitted":	false
			}
		}, {
			"streams":	[{
					"socket":	4,
					"start":	2.00085,
					"end":	3.00092,
					"seconds":	1.00006,
					"bytes":	3137536,
					"bits_per_second":	2.50987e+07,
					"packets":	383,
					"omitted":	false
				}],
			"sum":	{
				"start":	2.00085,
				"end":	3.00092,
				"seconds":	1.00006,
				"bytes":	3137536,
				"bits_per_second":	2.50987e+07,
				"packets":	383,
				"omitted":	false
			}
		}, {
			"streams":	[{
					"socket":	4,
					"start":	3.00092,
					"end":	4.0002,
					"seconds":	0.999287,
					"bytes":	3112960,
					"bits_per_second":	2.49215e+07,
					"packets":	380,
					"omitted":	false
				}],
			"sum":	{
				"start":	3.00092,
				"end":	4.0002,
				"seconds":	0.999287,
				"bytes":	3112960,
				"bits_per_second":	2.49215e+07,
				"packets":	380,
				"omitted":	false
			}
		}, {
			"streams":	[{
					"socket":	4,
					"start":	4.0002,
					"end":	5.00022,
					"seconds":	1.00002,
					"bytes":	3088384,
					"bits_per_second":	2.47066e+07,
					"packets":	377,
					"omitted":	false
				}],
			"sum":	{
				"start":	4.0002,
				"end":	5.00022,
				"seconds":	1.00002,
				"bytes":	3088384,
				"bits_per_second":	2.47066e+07,
				"packets":	377,
				"omitted":	false
			}
		}, {
			"streams":	[{
					"socket":	4,
					"start":	5.00022,
					"end":	6.00016,
					"seconds":	0.999938,
					"bytes":	3235840,
					"bits_per_second":	2.58883e+07,
					"packets":	395,
					"omitted":	false
				}],
			"sum":	{
				"start":	5.00022,
				"end":	6.00016,
				"seconds":	0.999938,
				"bytes":	3235840,
				"bits_per_second":	2.58883e+07,
				"packets":	395,
				"omitted":	false
			}
		}],
	"end":	{
		"streams":	[{
				"udp":	{
					"socket":	4,
					"start":	0,
					"end":	6.00016,
					"seconds":	6.00016,
					"bytes":	18563072,
					"bits_per_second":	2.47501e+07,
					"jitter_ms":	1.10351,
					"lost_packets":	1747,
					"packets":	2266,
					"lost_percent":	77.0962
				}
			}],
		"sum":	{
			"start":	0,
			"end":	6.00016,
			"seconds":	6.00016,
			"bytes":	18563072,
			"bits_per_second":	2.47501e+07,
			"jitter_ms":	1.10351,
			"lost_packets":	1747,
			"packets":	2266,
			"lost_percent":	77.0962
		},
		"cpu_utilization_percent":	{
			"host_total":	7.57194,
			"host_user":	0.42722,
			"host_system":	7.14468,
			"remote_total":	0.695293,
			"remote_user":	0.109126,
			"remote_system":	0.586134
		}
	}
}
