{
	"start":	{
		"connected":	[{
				"socket":	4,
				"local_host":	"10.0.0.6",
				"local_port":	57080,
				"remote_host":	"10.0.0.20",
				"remote_port":	2428
			}],
		"version":	"iperf 3.0.7",
		"system_info":	"Linux BS6 5.4.197-0504197-generic #202206060747 SMP Mon Jun 6 09:27:47 UTC 2022 x86_64 x86_64 x86_64 GNU/Linux\n",
		"timestamp":	{
			"time":	"Mon, 25 Jul 2022 21:44:10 GMT",
			"timesecs":	1658785450
		},
		"connecting_to":	{
			"host":	"10.0.0.20",
			"port":	2428
		},
		"cookie":	"BS6.1658785450.476036.2ab5f4d70280ff",
		"test_start":	{
			"protocol":	"UDP",
			"num_streams":	1,
			"blksize":	8192,
			"omit":	0,
			"duration":	2,
			"bytes":	0,
			"blocks":	0,
			"reverse":	0
		}
	},
	"intervals":	[{
			"streams":	[{
					"socket":	4,
					"start":	0,
					"end":	1.00068,
					"seconds":	1.00068,
					"bytes":	10846208,
					"bits_per_second":	8.67109e+07,
					"packets":	1324,
					"omitted":	false
				}],
			"sum":	{
				"start":	0,
				"end":	1.00068,
				"seconds":	1.00068,
				"bytes":	10846208,
				"bits_per_second":	8.67109e+07,
				"packets":	1324,
				"omitted":	false
			}
		}, {
			"streams":	[{
					"socket":	4,
					"start":	1.00068,
					"end":	2.01023,
					"seconds":	1.00955,
					"bytes":	15990784,
					"bits_per_second":	1.26716e+08,
					"packets":	1952,
					"omitted":	false
				}],
			"sum":	{
				"start":	1.00068,
				"end":	2.01023,
				"seconds":	1.00955,
				"bytes":	15990784,
				"bits_per_second":	1.26716e+08,
				"packets":	1952,
				"omitted":	false
			}
		}],
	"end":	{
		"streams":	[{
				"udp":	{
					"socket":	4,
					"start":	0,
					"end":	2.01023,
					"seconds":	2.01023,
					"bytes":	26836992,
					"bits_per_second":	1.06802e+08,
					"jitter_ms":	1.69185,
					"lost_packets":	476,
					"packets":	1141,
					"lost_percent":	41.7178
				}
			}],
		"sum":	{
			"start":	0,
			"end":	2.01023,
			"seconds":	2.01023,
			"bytes":	26836992,
			"bits_per_second":	1.06802e+08,
			"jitter_ms":	1.69185,
			"lost_packets":	476,
			"packets":	1141,
			"lost_percent":	41.7178
		},
		"cpu_utilization_percent":	{
			"host_total":	49.3939,
			"host_user":	0.950698,
			"host_system":	48.4376,
			"remote_total":	2.59075,
			"remote_user":	0.194839,
			"remote_system":	2.39582
		}
	}
}
