{
	"start":	{
		"connected":	[{
				"socket":	4,
				"local_host":	"10.0.0.7",
				"local_port":	54979,
				"remote_host":	"10.0.0.12",
				"remote_port":	2621
			}],
		"version":	"iperf 3.0.7",
		"system_info":	"Linux BS7 5.4.197-0504197-generic #202206060747 SMP Mon Jun 6 09:27:47 UTC 2022 x86_64 x86_64 x86_64 GNU/Linux\n",
		"timestamp":	{
			"time":	"Mon, 25 Jul 2022 21:48:05 GMT",
			"timesecs":	1658785685
		},
		"connecting_to":	{
			"host":	"10.0.0.12",
			"port":	2621
		},
		"cookie":	"BS7.1658785685.576084.0aa3b8f2414a12",
		"test_start":	{
			"protocol":	"UDP",
			"num_streams":	1,
			"blksize":	8192,
			"omit":	0,
			"duration":	33,
			"bytes":	0,
			"blocks":	0,
			"reverse":	0
		}
	},
	"intervals":	[{
			"streams":	[{
					"socket":	4,
					"start":	0,
					"end":	1.00014,
					"seconds":	1.00014,
					"bytes":	12140544,
					"bits_per_second":	9.71109e+07,
					"packets":	1482,
					"omitted":	false
				}],
			"sum":	{
				"start":	0,
				"end":	1.00014,
				"seconds":	1.00014,
				"bytes":	12140544,
				"bits_per_second":	9.71109e+07,
				"packets":	1482,
				"omitted":	false
			}
		}, {
			"streams":	[{
					"socket":	4,
					"start":	1.00014,
					"end":	2.0003,
					"seconds":	1.00016,
					"bytes":	12763136,
					"bits_per_second":	1.02089e+08,
					"packets":	1558,
					"omitted":	false
				}],
			"sum":	{
				"start":	1.00014,
				"end":	2.0003,
				"seconds":	1.00016,
				"bytes":	12763136,
				"bits_per_second":	1.02089e+08,
				"packets":	1558,
				"omitted":	false
			}
		}, {
			"streams":	[{
					"socket":	4,
					"start":	2.0003,
					"end":	3.02364,
					"seconds":	1.02334,
					"bytes":	12230656,
					"bits_per_second":	9.56134e+07,
					"packets":	1493,
					"omitted":	false
				}],
			"sum":	{
				"start":	2.0003,
				"end":	3.02364,
				"seconds":	1.02334,
				"bytes":	12230656,
				"bits_per_second":	9.56134e+07,
				"packets":	1493,
				"omitted":	false
			}
		}, {
			"streams":	[{
					"socket":	4,
					"start":	3.02364,
					"end":	4.00018,
					"seconds":	0.976541,
					"bytes":	11640832,
					"bits_per_second":	9.53638e+07,
					"packets":	1421,
					"omitted":	false
				}],
			"sum":	{
				"start":	3.02364,
				"end":	4.00018,
				"seconds":	0.976541,
				"bytes":	11640832,
				"bits_per_second":	9.53638e+07,
				"packets":	1421,
				"omitted":	false
			}
		}, {
			"streams":	[{
					"socket":	4,
					"start":	4.00018,
					"end":	5.00018,
					"seconds":	1,
					"bytes":	13172736,
					"bits_per_second":	105381888,
					"packets":	1608,
					"omitted":	false
				}],
			"sum":	{
				"start":	4.00018,
				"end":	5.00018,
				"seconds":	1,
				"bytes":	13172736,
				"bits_per_second":	105381888,
				"packets":	1608,
				"omitted":	false
			}
		}, {
			"streams":	[{
					"socket":	4,
					"start":	5.00018,
					"end":	6.00238,
					"seconds":	1.00219,
					"bytes":	12337152,
					"bits_per_second":	9.84813e+07,
					"packets":	1506,
					"omitted":	false
				}],
			"sum":	{
				"start":	5.00018,
				"end":	6.00238,
				"seconds":	1.00219,
				"bytes":	12337152,
				"bits_per_second":	9.84813e+07,
				"packets":	1506,
				"omitted":	false
			}
		}, {
			"streams":	[{
					"socket":	4,
					"start":	6.00238,
					"end":	7.00024,
					"seconds":	0.997867,
					"bytes":	12541952,
					"bits_per_second":	1.0055e+08,
					"packets":	1531,
					"omitted":	false
				}],
			"sum":	{
				"start":	6.00238,
				"end":	7.00024,
				"seconds":	0.997867,
				"bytes":	12541952,
				"bits_per_second":	1.0055e+08,
				"packets":	1531,
				"omitted":	false
			}
		}, {
			"streams":	[{
					"socket":	4,
					"start":	7.00024,
					"end":	8.00016,
					"seconds":	0.999914,
					"bytes":	12468224,
					"bits_per_second":	9.97544e+07,
					"packets":	1522,
					"omitted":	false
				}],
			"sum":	{
				"start":	7.00024,
				"end":	8.00016,
				"seconds":	0.999914,
				"bytes":	12468224,
				"bits_per_second":	9.97544e+07,
				"packets":	1522,
				"omitted":	false
			}
		}, {
			"streams":	[{
					"socket":	4,
					"start":	8.00016,
					"end":	9.02385,
					"seconds":	1.0237,
					"bytes":	11862016,
					"bits_per_second":	9.26994e+07,
					"packets":	1448,
					"omitted":	false
				}],
			"sum":	{
				"start":	8.00016,
				"end":	9.02385,
				"seconds":	1.0237,
				"bytes":	11862016,
				"bits_per_second":	9.26994e+07,
				"packets":	1448,
				"omitted":	false
			}
		}, {
			"streams":	[{
					"socket":	4,
					"start":	9.02385,
					"end":	10.0003,
					"seconds":	0.976444,
					"bytes":	13688832,
					"bits_per_second":	1.12153e+08,
					"packets":	1671,
					"omitted":	false
				}],
			"sum":	{
				"start":	9.02385,
				"end":	10.0003,
				"seconds":	0.976444,
				"bytes":	13688832,
				"bits_per_second":	1.12153e+08,
				"packets":	1671,
				"omitted":	false
			}
		}, {
			"streams":	[{
					"socket":	4,
					"start":	10.0003,
					"end":	11.0002,
					"seconds":	0.999951,
					"bytes":	11919360,
					"bits_per_second":	9.53595e+07,
					"packets":	1455,
					"omitted":	false
				}],
			"sum":	{
				"start":	10.0003,
				"end":	11.0002,
				"seconds":	0.999951,
				"bytes":	11919360,
				"bits_per_second":	9.53595e+07,
				"packets":	1455,
				"omitted":	false
			}
		}, {
			"streams":	[{
					"socket":	4,
					"start":	11.0002,
					"end":	12.0024,
					"seconds":	1.00212,
					"bytes":	12918784,
					"bits_per_second":	1.03132e+08,
					"packets":	1577,
					"omitted":	false
				}],
			"sum":	{
				"start":	11.0002,
				"end":	12.0024,
				"seconds":	1.00212,
				"bytes":	12918784,
				"bits_per_second":	1.03132e+08,
				"packets":	1577,
				"omitted":	false
			}
		}, {
			"streams":	[{
					"socket":	4,
					"start":	12.0024,
					"end":	13.0014,
					"seconds":	0.999032,
					"bytes":	12066816,
					"bits_per_second":	9.66281e+07,
					"packets":	1473,
					"omitted":	false
				}],
			"sum":	{
				"start":	12.0024,
				"end":	13.0014,
				"seconds":	0.999032,
				"bytes":	12066816,
				"bits_per_second":	9.66281e+07,
				"packets":	1473,
				"omitted":	false
			}
		}, {
			"streams":	[{
					"socket":	4,
					"start":	13.0014,
					"end":	14.001,
					"seconds":	0.999642,
					"bytes":	13033472,
					"bits_per_second":	1.04305e+08,
					"packets":	1591,
					"omitted":	false
				}],
			"sum":	{
				"start":	13.0014,
				"end":	14.001,
				"seconds":	0.999642,
				"bytes":	13033472,
				"bits_per_second":	1.04305e+08,
				"packets":	1591,
				"omitted":	false
			}
		}, {
			"streams":	[{
					"socket":	4,
					"start":	14.001,
					"end":	15.0035,
					"seconds":	1.00249,
					"bytes":	11485184,
					"bits_per_second":	9.16529e+07,
					"packets":	1402,
					"omitted":	false
				}],
			"sum":	{
				"start":	14.001,
				"end":	15.0035,
				"seconds":	1.00249,
				"bytes":	11485184,
				"bits_per_second":	9.16529e+07,
				"packets":	1402,
				"omitted":	false
			}
		}, {
			"streams":	[{
					"socket":	4,
					"start":	15.0035,
					"end":	16,
					"seconds":	0.996495,
					"bytes":	10756096,
					"bits_per_second":	8.63514e+07,
					"packets":	1313,
					"omitted":	false
				}],
			"sum":	{
				"start":	15.0035,
				"end":	16,
				"seconds":	0.996495,
				"bytes":	10756096,
				"bits_per_second":	8.63514e+07,
				"packets":	1313,
				"omitted":	false
			}
		}, {
			"streams":	[{
					"socket":	4,
					"start":	16,
					"end":	17.0013,
					"seconds":	1.00127,
					"bytes":	14327808,
					"bits_per_second":	1.14478e+08,
					"packets":	1749,
					"omitted":	false
				}],
			"sum":	{
				"start":	16,
				"end":	17.0013,
				"seconds":	1.00127,
				"bytes":	14327808,
				"bits_per_second":	1.14478e+08,
				"packets":	1749,
				"omitted":	false
			}
		}, {
			"streams":	[{
					"socket":	4,
					"start":	17.0013,
					"end":	18.0131,
					"seconds":	1.01182,
					"bytes":	12886016,
					"bits_per_second":	1.01884e+08,
					"packets":	1573,
					"omitted":	false
				}],
			"sum":	{
				"start":	17.0013,
				"end":	18.0131,
				"seconds":	1.01182,
				"bytes":	12886016,
				"bits_per_second":	1.01884e+08,
				"packets":	1573,
				"omitted":	false
			}
		}, {
			"streams":	[{
					"socket":	4,
					"start":	18.0131,
					"end":	19.0002,
					"seconds":	0.987078,
					"bytes":	12427264,
					"bits_per_second":	1.0072e+08,
					"packets":	1517,
					"omitted":	false
				}],
			"sum":	{
				"start":	18.0131,
				"end":	19.0002,
				"seconds":	0.987078,
				"bytes":	12427264,
				"bits_per_second":	1.0072e+08,
				"packets":	1517,
				"omitted":	false
			}
		}, {
			"streams":	[{
					"socket":	4,
					"start":	19.0002,
					"end":	20.0002,
					"seconds":	0.999986,
					"bytes":	12820480,
					"bits_per_second":	1.02565e+08,
					"packets":	1565,
					"omitted":	false
				}],
			"sum":	{
				"start":	19.0002,
				"end":	20.0002,
				"seconds":	0.999986,
				"bytes":	12820480,
				"bits_per_second":	1.02565e+08,
				"packets":	1565,
				"omitted":	false
			}
		}, {
			"streams":	[{
					"socket":	4,
					"start":	20.0002,
					"end":	21.0004,
					"seconds":	1.00026,
					"bytes":	12476416,
					"bits_per_second":	9.97852e+07,
					"packets":	1523,
					"omitted":	false
				}],
			"sum":	{
				"start":	20.0002,
				"end":	21.0004,
				"seconds":	1.00026,
				"bytes":	12476416,
				"bits_per_second":	9.97852e+07,
				"packets":	1523,
				"omitted":	false
			}
		}, {
			"streams":	[{
					"socket":	4,
					"start":	21.0004,
					"end":	22.0004,
					"seconds":	0.999953,
					"bytes":	12361728,
					"bits_per_second":	9.88985e+07,
					"packets":	1509,
					"omitted":	false
				}],
			"sum":	{
				"start":	21.0004,
				"end":	22.0004,
				"seconds":	0.999953,
				"bytes":	12361728,
				"bits_per_second":	9.88985e+07,
				"packets":	1509,
				"omitted":	false
			}
		}, {
			"streams":	[{
					"socket":	4,
					"start":	22.0004,
					"end":	23.0003,
					"seconds":	0.999873,
					"bytes":	12632064,
					"bits_per_second":	1.01069e+08,
					"packets":	1542,
					"omitted":	false
				}],
			"sum":	{
				"start":	22.0004,
				"end":	23.0003,
				"seconds":	0.999873,
				"bytes":	12632064,
				"bits_per_second":	1.01069e+08,
				"packets":	1542,
				"omitted":	false
			}
		}, {
			"streams":	[{
					"socket":	4,
					"start":	23.0003,
					"end":	24.0006,
					"seconds":	1.00033,
					"bytes":	12214272,
					"bits_per_second":	9.76823e+07,
					"packets":	1491,
					"omitted":	false
				}],
			"sum":	{
				"start":	23.0003,
				"end":	24.0006,
				"seconds":	1.00033,
				"bytes":	12214272,
				"bits_per_second":	9.76823e+07,
				"packets":	1491,
				"omitted":	false
			}
		}, {
			"streams":	[{
					"socket":	4,
					"start":	24.0006,
					"end":	25.0044,
					"seconds":	1.00379,
					"bytes":	10321920,
					"bits_per_second":	8.22635e+07,
					"packets":	1260,
					"omitted":	false
				}],
			"sum":	{
				"start":	24.0006,
				"end":	25.0044,
				"seconds":	1.00379,
				"bytes":	10321920,
				"bits_per_second":	8.22635e+07,
				"packets":	1260,
				"omitted":	false
			}
		}, {
			"streams":	[{
					"socket":	4,
					"start":	25.0044,
					"end":	26.0013,
					"seconds":	0.996878,
					"bytes":	15065088,
					"bits_per_second":	1.20898e+08,
					"packets":	1839,
					"omitted":	false
				}],
			"sum":	{
				"start":	25.0044,
				"end":	26.0013,
				"seconds":	0.996878,
				"bytes":	15065088,
				"bits_per_second":	1.20898e+08,
				"packets":	1839,
				"omitted":	false
			}
		}, {
			"streams":	[{
					"socket":	4,
					"start":	26.0013,
					"end":	27.0006,
					"seconds":	0.999322,
					"bytes":	11706368,
					"bits_per_second":	9.37145e+07,
					"packets":	1429,
					"omitted":	false
				}],
			"sum":	{
				"start":	26.0013,
				"end":	27.0006,
				"seconds":	0.999322,
				"bytes":	11706368,
				"bits_per_second":	9.37145e+07,
				"packets":	1429,
				"omitted":	false
			}
		}, {
			"streams":	[{
					"socket":	4,
					"start":	27.0006,
					"end":	28.0011,
					"seconds":	1.00051,
					"bytes":	9904128,
					"bits_per_second":	7.91922e+07,
					"packets":	1209,
					"omitted":	false
				}],
			"sum":	{
				"start":	27.0006,
				"end":	28.0011,
				"seconds":	1.00051,
				"bytes":	9904128,
				"bits_per_second":	7.91922e+07,
				"packets":	1209,
				"omitted":	false
			}
		}, {
			"streams":	[{
					"socket":	4,
					"start":	28.0011,
					"end":	29.0001,
					"seconds":	0.999033,
					"bytes":	12902400,
					"bits_per_second":	1.03319e+08,
					"packets":	1575,
					"omitted":	false
				}],
			"sum":	{
				"start":	28.0011,
				"end":	29.0001,
				"seconds":	0.999033,
				"bytes":	12902400,
				"bits_per_second":	1.03319e+08,
				"packets":	1575,
				"omitted":	false
			}
		}, {
			"streams":	[{
					"socket":	4,
					"start":	29.0001,
					"end":	30.0016,
					"seconds":	1.00143,
					"bytes":	15269888,
					"bits_per_second":	1.21984e+08,
					"packets":	1864,
					"omitted":	false
				}],
			"sum":	{
				"start":	29.0001,
				"end":	30.0016,
				"seconds":	1.00143,
				"bytes":	15269888,
				"bits_per_second":	1.21984e+08,
				"packets":	1864,
				"omitted":	false
			}
		}, {
			"streams":	[{
					"socket":	4,
					"start":	30.0016,
					"end":	31.0039,
					"seconds":	1.00236,
					"bytes":	8888320,
					"bits_per_second":	7.0939e+07,
					"packets":	1085,
					"omitted":	false
				}],
			"sum":	{
				"start":	30.0016,
				"end":	31.0039,
				"seconds":	1.00236,
				"bytes":	8888320,
				"bits_per_second":	7.0939e+07,
				"packets":	1085,
				"omitted":	false
			}
		}, {
			"streams":	[{
					"socket":	4,
					"start":	31.0039,
					"end":	32.0005,
					"seconds":	0.996611,
					"bytes":	8503296,
					"bits_per_second":	6.82577e+07,
					"packets":	1038,
					"omitted":	false
				}],
			"sum":	{
				"start":	31.0039,
				"end":	32.0005,
				"seconds":	0.996611,
				"bytes":	8503296,
				"bits_per_second":	6.82577e+07,
				"packets":	1038,
				"omitted":	false
			}
		}, {
			"streams":	[{
					"socket":	4,
					"start":	32.0005,
					"end":	33.0019,
					"seconds":	1.00135,
					"bytes":	12484608,
					"bits_per_second":	9.97419e+07,
					"packets":	1524,
					"omitted":	false
				}],
			"sum":	{
				"start":	32.0005,
				"end":	33.0019,
				"seconds":	1.00135,
				"bytes":	12484608,
				"bits_per_second":	9.97419e+07,
				"packets":	1524,
				"omitted":	false
			}
		}],
	"end":	{
		"streams":	[{
				"udp":	{
					"socket":	4,
					"start":	0,
					"end":	33.0019,
					"seconds":	33.0019,
					"bytes":	404217856,
					"bits_per_second":	9.79866e+07,
					"jitter_ms":	2.19997,
					"lost_packets":	4697,
					"packets":	49339,
					"lost_percent":	9.51985
				}
			}],
		"sum":	{
			"start":	0,
			"end":	33.0019,
			"seconds":	33.0019,
			"bytes":	404217856,
			"bits_per_second":	9.79866e+07,
			"jitter_ms":	2.19997,
			"lost_packets":	4697,
			"packets":	49339,
			"lost_percent":	9.51985
		},
		"cpu_utilization_percent":	{
			"host_total":	34.4883,
			"host_user":	0.887111,
			"host_system":	33.6012,
			"remote_total":	12.2103,
			"remote_user":	1.01492,
			"remote_system":	11.1953
		}
	}
}
