{
	"start":	{
		"connected":	[{
				"socket":	4,
				"local_host":	"10.0.0.3",
				"local_port":	47886,
				"remote_host":	"10.0.0.10",
				"remote_port":	1788
			}],
		"version":	"iperf 3.0.7",
		"system_info":	"Linux H3 5.4.197-0504197-generic #202206060747 SMP Mon Jun 6 09:27:47 UTC 2022 x86_64 x86_64 x86_64 GNU/Linux\n",
		"timestamp":	{
			"time":	"Fri, 22 Jul 2022 16:23:23 GMT",
			"timesecs":	1658507003
		},
		"connecting_to":	{
			"host":	"10.0.0.10",
			"port":	1788
		},
		"cookie":	"H3.1658507003.436138.576bccc83f9e800",
		"tcp_mss_default":	1448,
		"test_start":	{
			"protocol":	"TCP",
			"num_streams":	1,
			"blksize":	131072,
			"omit":	0,
			"duration":	5,
			"bytes":	0,
			"blocks":	0,
			"reverse":	0
		}
	},
	"intervals":	[{
			"streams":	[{
					"socket":	4,
					"start":	0,
					"end":	1.00037,
					"seconds":	1.00037,
					"bytes":	1819024,
					"bits_per_second":	1.45469e+07,
					"retransmits":	0,
					"snd_cwnd":	102808,
					"omitted":	false
				}],
			"sum":	{
				"start":	0,
				"end":	1.00037,
				"seconds":	1.00037,
				"bytes":	1819024,
				"bits_per_second":	1.45469e+07,
				"retransmits":	0,
				"omitted":	false
			}
		}, {
			"streams":	[{
					"socket":	4,
					"start":	1.00037,
					"end":	2.00042,
					"seconds":	1.00005,
					"bytes":	1835008,
					"bits_per_second":	1.46793e+07,
					"retransmits":	6,
					"snd_cwnd":	117288,
					"omitted":	false
				}],
			"sum":	{
				"start":	1.00037,
				"end":	2.00042,
				"seconds":	1.00005,
				"bytes":	1835008,
				"bits_per_second":	1.46793e+07,
				"retransmits":	6,
				"omitted":	false
			}
		}, {
			"streams":	[{
					"socket":	4,
					"start":	2.00042,
					"end":	3.00024,
					"seconds":	0.999823,
					"bytes":	1835008,
					"bits_per_second":	1.46827e+07,
					"retransmits":	0,
					"snd_cwnd":	120184,
					"omitted":	false
				}],
			"sum":	{
				"start":	2.00042,
				"end":	3.00024,
				"seconds":	0.999823,
				"bytes":	1835008,
				"bits_per_second":	1.46827e+07,
				"retransmits":	0,
				"omitted":	false
			}
		}, {
			"streams":	[{
					"socket":	4,
					"start":	3.00024,
					"end":	4.00105,
					"seconds":	1.00081,
					"bytes":	1835008,
					"bits_per_second":	1.46681e+07,
					"retransmits":	0,
					"snd_cwnd":	124528,
					"omitted":	false
				}],
			"sum":	{
				"start":	3.00024,
				"end":	4.00105,
				"seconds":	1.00081,
				"bytes":	1835008,
				"bits_per_second":	1.46681e+07,
				"retransmits":	0,
				"omitted":	false
			}
		}, {
			"streams":	[{
					"socket":	4,
					"start":	4.00105,
					"end":	5.001,
					"seconds":	0.999954,
					"bytes":	1966080,
					"bits_per_second":	1.57294e+07,
					"retransmits":	0,
					"snd_cwnd":	128872,
					"omitted":	false
				}],
			"sum":	{
				"start":	4.00105,
				"end":	5.001,
				"seconds":	0.999954,
				"bytes":	1966080,
				"bits_per_second":	1.57294e+07,
				"retransmits":	0,
				"omitted":	false
			}
		}],
	"end":	{
		"streams":	[{
				"sender":	{
					"socket":	4,
					"start":	0,
					"end":	5.001,
					"seconds":	5.001,
					"bytes":	9290128,
					"bits_per_second":	1.48612e+07,
					"retransmits":	6
				},
				"receiver":	{
					"socket":	4,
					"start":	0,
					"end":	5.001,
					"seconds":	5.001,
					"bytes":	9290128,
					"bits_per_second":	1.48612e+07
				}
			}],
		"sum_sent":	{
			"start":	0,
			"end":	5.001,
			"seconds":	5.001,
			"bytes":	9290128,
			"bits_per_second":	1.48612e+07,
			"retransmits":	6
		},
		"sum_received":	{
			"start":	0,
			"end":	5.001,
			"seconds":	5.001,
			"bytes":	9290128,
			"bits_per_second":	1.48612e+07
		},
		"cpu_utilization_percent":	{
			"host_total":	0.871241,
			"host_user":	0.315477,
			"host_system":	0.555785,
			"remote_total":	1.88325,
			"remote_user":	0.34385,
			"remote_system":	1.53935
		}
	}
}
