{
	"start":	{
		"connected":	[{
				"socket":	4,
				"local_host":	"10.0.0.5",
				"local_port":	41782,
				"remote_host":	"10.0.0.11",
				"remote_port":	1596
			}],
		"version":	"iperf 3.0.7",
		"system_info":	"Linux H5 5.4.197-0504197-generic #202206060747 SMP Mon Jun 6 09:27:47 UTC 2022 x86_64 x86_64 x86_64 GNU/Linux\n",
		"timestamp":	{
			"time":	"Fri, 22 Jul 2022 16:23:58 GMT",
			"timesecs":	1658507038
		},
		"connecting_to":	{
			"host":	"10.0.0.11",
			"port":	1596
		},
		"cookie":	"H5.1658507038.713426.096f96de3ca7351",
		"tcp_mss_default":	1448,
		"test_start":	{
			"protocol":	"TCP",
			"num_streams":	1,
			"blksize":	131072,
			"omit":	0,
			"duration":	5,
			"bytes":	0,
			"blocks":	0,
			"reverse":	0
		}
	},
	"intervals":	[{
			"streams":	[{
					"socket":	4,
					"start":	0,
					"end":	1.00095,
					"seconds":	1.00095,
					"bytes":	1696640,
					"bits_per_second":	1.35603e+07,
					"retransmits":	0,
					"snd_cwnd":	85432,
					"omitted":	false
				}],
			"sum":	{
				"start":	0,
				"end":	1.00095,
				"seconds":	1.00095,
				"bytes":	1696640,
				"bits_per_second":	1.35603e+07,
				"retransmits":	0,
				"omitted":	false
			}
		}, {
			"streams":	[{
					"socket":	4,
					"start":	1.00095,
					"end":	2.00026,
					"seconds":	0.999318,
					"bytes":	1966080,
					"bits_per_second":	1.57394e+07,
					"retransmits":	0,
					"snd_cwnd":	131768,
					"omitted":	false
				}],
			"sum":	{
				"start":	1.00095,
				"end":	2.00026,
				"seconds":	0.999318,
				"bytes":	1966080,
				"bits_per_second":	1.57394e+07,
				"retransmits":	0,
				"omitted":	false
			}
		}, {
			"streams":	[{
					"socket":	4,
					"start":	2.00026,
					"end":	3.00036,
					"seconds":	1.00009,
					"bytes":	1835008,
					"bits_per_second":	1.46787e+07,
					"retransmits":	0,
					"snd_cwnd":	166520,
					"omitted":	false
				}],
			"sum":	{
				"start":	2.00026,
				"end":	3.00036,
				"seconds":	1.00009,
				"bytes":	1835008,
				"bits_per_second":	1.46787e+07,
				"retransmits":	0,
				"omitted":	false
			}
		}, {
			"streams":	[{
					"socket":	4,
					"start":	3.00036,
					"end":	4.00043,
					"seconds":	1.00008,
					"bytes":	1835008,
					"bits_per_second":	1.46789e+07,
					"retransmits":	0,
					"snd_cwnd":	186792,
					"omitted":	false
				}],
			"sum":	{
				"start":	3.00036,
				"end":	4.00043,
				"seconds":	1.00008,
				"bytes":	1835008,
				"bits_per_second":	1.46789e+07,
				"retransmits":	0,
				"omitted":	false
			}
		}, {
			"streams":	[{
					"socket":	4,
					"start":	4.00043,
					"end":	5.00032,
					"seconds":	0.999884,
					"bytes":	1966080,
					"bits_per_second":	1.57305e+07,
					"retransmits":	0,
					"snd_cwnd":	186792,
					"omitted":	false
				}],
			"sum":	{
				"start":	4.00043,
				"end":	5.00032,
				"seconds":	0.999884,
				"bytes":	1966080,
				"bits_per_second":	1.57305e+07,
				"retransmits":	0,
				"omitted":	false
			}
		}],
	"end":	{
		"streams":	[{
				"sender":	{
					"socket":	4,
					"start":	0,
					"end":	5.00032,
					"seconds":	5.00032,
					"bytes":	9298816,
					"bits_per_second":	1.48772e+07,
					"retransmits":	0
				},
				"receiver":	{
					"socket":	4,
					"start":	0,
					"end":	5.00032,
					"seconds":	5.00032,
					"bytes":	9298816,
					"bits_per_second":	1.48772e+07
				}
			}],
		"sum_sent":	{
			"start":	0,
			"end":	5.00032,
			"seconds":	5.00032,
			"bytes":	9298816,
			"bits_per_second":	1.48772e+07,
			"retransmits":	0
		},
		"sum_received":	{
			"start":	0,
			"end":	5.00032,
			"seconds":	5.00032,
			"bytes":	9298816,
			"bits_per_second":	1.48772e+07
		},
		"cpu_utilization_percent":	{
			"host_total":	0.542378,
			"host_user":	0.138676,
			"host_system":	0.403682,
			"remote_total":	1.2236,
			"remote_user":	0.583635,
			"remote_system":	0.639942
		}
	}
}
