{
	"start":	{
		"connected":	[{
				"socket":	4,
				"local_host":	"10.0.0.3",
				"local_port":	47108,
				"remote_host":	"10.0.0.11",
				"remote_port":	2556
			}],
		"version":	"iperf 3.0.7",
		"system_info":	"Linux H3 5.4.197-0504197-generic #202206060747 SMP Mon Jun 6 09:27:47 UTC 2022 x86_64 x86_64 x86_64 GNU/Linux\n",
		"timestamp":	{
			"time":	"Fri, 22 Jul 2022 09:31:53 GMT",
			"timesecs":	1658482313
		},
		"connecting_to":	{
			"host":	"10.0.0.11",
			"port":	2556
		},
		"cookie":	"H3.1658482313.521029.5589be1624c190c",
		"tcp_mss_default":	1448,
		"test_start":	{
			"protocol":	"TCP",
			"num_streams":	1,
			"blksize":	131072,
			"omit":	0,
			"duration":	5,
			"bytes":	0,
			"blocks":	0,
			"reverse":	0
		}
	},
	"intervals":	[{
			"streams":	[{
					"socket":	4,
					"start":	0,
					"end":	1.00039,
					"seconds":	1.00039,
					"bytes":	1819024,
					"bits_per_second":	1.45466e+07,
					"retransmits":	0,
					"snd_cwnd":	104256,
					"omitted":	false
				}],
			"sum":	{
				"start":	0,
				"end":	1.00039,
				"seconds":	1.00039,
				"bytes":	1819024,
				"bits_per_second":	1.45466e+07,
				"retransmits":	0,
				"omitted":	false
			}
		}, {
			"streams":	[{
					"socket":	4,
					"start":	1.00039,
					"end":	2.00114,
					"seconds":	1.00075,
					"bytes":	1835008,
					"bits_per_second":	1.4669e+07,
					"retransmits":	0,
					"snd_cwnd":	139008,
					"omitted":	false
				}],
			"sum":	{
				"start":	1.00039,
				"end":	2.00114,
				"seconds":	1.00075,
				"bytes":	1835008,
				"bits_per_second":	1.4669e+07,
				"retransmits":	0,
				"omitted":	false
			}
		}, {
			"streams":	[{
					"socket":	4,
					"start":	2.00114,
					"end":	3.00062,
					"seconds":	0.999479,
					"bytes":	1835008,
					"bits_per_second":	1.46877e+07,
					"retransmits":	0,
					"snd_cwnd":	169416,
					"omitted":	false
				}],
			"sum":	{
				"start":	2.00114,
				"end":	3.00062,
				"seconds":	0.999479,
				"bytes":	1835008,
				"bits_per_second":	1.46877e+07,
				"retransmits":	0,
				"omitted":	false
			}
		}, {
			"streams":	[{
					"socket":	4,
					"start":	3.00062,
					"end":	4.00056,
					"seconds":	0.999942,
					"bytes":	1835008,
					"bits_per_second":	1.46809e+07,
					"retransmits":	0,
					"snd_cwnd":	169416,
					"omitted":	false
				}],
			"sum":	{
				"start":	3.00062,
				"end":	4.00056,
				"seconds":	0.999942,
				"bytes":	1835008,
				"bits_per_second":	1.46809e+07,
				"retransmits":	0,
				"omitted":	false
			}
		}, {
			"streams":	[{
					"socket":	4,
					"start":	4.00056,
					"end":	5.0005,
					"seconds":	0.999944,
					"bytes":	1966080,
					"bits_per_second":	1.57295e+07,
					"retransmits":	0,
					"snd_cwnd":	178104,
					"omitted":	false
				}],
			"sum":	{
				"start":	4.00056,
				"end":	5.0005,
				"seconds":	0.999944,
				"bytes":	1966080,
				"bits_per_second":	1.57295e+07,
				"retransmits":	0,
				"omitted":	false
			}
		}],
	"end":	{
		"streams":	[{
				"sender":	{
					"socket":	4,
					"start":	0,
					"end":	5.0005,
					"seconds":	5.0005,
					"bytes":	9290128,
					"bits_per_second":	1.48627e+07,
					"retransmits":	0
				},
				"receiver":	{
					"socket":	4,
					"start":	0,
					"end":	5.0005,
					"seconds":	5.0005,
					"bytes":	9290128,
					"bits_per_second":	1.48627e+07
				}
			}],
		"sum_sent":	{
			"start":	0,
			"end":	5.0005,
			"seconds":	5.0005,
			"bytes":	9290128,
			"bits_per_second":	1.48627e+07,
			"retransmits":	0
		},
		"sum_received":	{
			"start":	0,
			"end":	5.0005,
			"seconds":	5.0005,
			"bytes":	9290128,
			"bits_per_second":	1.48627e+07
		},
		"cpu_utilization_percent":	{
			"host_total":	0.500578,
			"host_user":	0,
			"host_system":	0.500538,
			"remote_total":	1.58481,
			"remote_user":	0.284979,
			"remote_system":	1.29981
		}
	}
}
