{
	"start":	{
		"connected":	[{
				"socket":	4,
				"local_host":	"10.0.0.4",
				"local_port":	60448,
				"remote_host":	"10.0.0.12",
				"remote_port":	1661
			}],
		"version":	"iperf 3.0.7",
		"system_info":	"Linux H4 5.4.197-0504197-generic #202206060747 SMP Mon Jun 6 09:27:47 UTC 2022 x86_64 x86_64 x86_64 GNU/Linux\n",
		"timestamp":	{
			"time":	"Fri, 22 Jul 2022 16:29:13 GMT",
			"timesecs":	1658507353
		},
		"connecting_to":	{
			"host":	"10.0.0.12",
			"port":	1661
		},
		"cookie":	"H4.1658507353.998037.28cde89b5e0399c",
		"tcp_mss_default":	1448,
		"test_start":	{
			"protocol":	"TCP",
			"num_streams":	1,
			"blksize":	131072,
			"omit":	0,
			"duration":	5,
			"bytes":	0,
			"blocks":	0,
			"reverse":	0
		}
	},
	"intervals":	[{
			"streams":	[{
					"socket":	4,
					"start":	0,
					"end":	1.00078,
					"seconds":	1.00078,
					"bytes":	1703880,
					"bits_per_second":	1.36204e+07,
					"retransmits":	0,
					"snd_cwnd":	91224,
					"omitted":	false
				}],
			"sum":	{
				"start":	0,
				"end":	1.00078,
				"seconds":	1.00078,
				"bytes":	1703880,
				"bits_per_second":	1.36204e+07,
				"retransmits":	0,
				"omitted":	false
			}
		}, {
			"streams":	[{
					"socket":	4,
					"start":	1.00078,
					"end":	2.00066,
					"seconds":	0.999884,
					"bytes":	1966080,
					"bits_per_second":	1.57305e+07,
					"retransmits":	0,
					"snd_cwnd":	118736,
					"omitted":	false
				}],
			"sum":	{
				"start":	1.00078,
				"end":	2.00066,
				"seconds":	0.999884,
				"bytes":	1966080,
				"bits_per_second":	1.57305e+07,
				"retransmits":	0,
				"omitted":	false
			}
		}, {
			"streams":	[{
					"socket":	4,
					"start":	2.00066,
					"end":	3.0004,
					"seconds":	0.999741,
					"bytes":	1835008,
					"bits_per_second":	1.46839e+07,
					"retransmits":	0,
					"snd_cwnd":	144800,
					"omitted":	false
				}],
			"sum":	{
				"start":	2.00066,
				"end":	3.0004,
				"seconds":	0.999741,
				"bytes":	1835008,
				"bits_per_second":	1.46839e+07,
				"retransmits":	0,
				"omitted":	false
			}
		}, {
			"streams":	[{
					"socket":	4,
					"start":	3.0004,
					"end":	4.00087,
					"seconds":	1.00047,
					"bytes":	1835008,
					"bits_per_second":	1.46732e+07,
					"retransmits":	0,
					"snd_cwnd":	172312,
					"omitted":	false
				}],
			"sum":	{
				"start":	3.0004,
				"end":	4.00087,
				"seconds":	1.00047,
				"bytes":	1835008,
				"bits_per_second":	1.46732e+07,
				"retransmits":	0,
				"omitted":	false
			}
		}, {
			"streams":	[{
					"socket":	4,
					"start":	4.00087,
					"end":	5.00127,
					"seconds":	1.0004,
					"bytes":	1966080,
					"bits_per_second":	1.57223e+07,
					"retransmits":	0,
					"snd_cwnd":	189688,
					"omitted":	false
				}],
			"sum":	{
				"start":	4.00087,
				"end":	5.00127,
				"seconds":	1.0004,
				"bytes":	1966080,
				"bits_per_second":	1.57223e+07,
				"retransmits":	0,
				"omitted":	false
			}
		}],
	"end":	{
		"streams":	[{
				"sender":	{
					"socket":	4,
					"start":	0,
					"end":	5.00127,
					"seconds":	5.00127,
					"bytes":	9306056,
					"bits_per_second":	1.48859e+07,
					"retransmits":	0
				},
				"receiver":	{
					"socket":	4,
					"start":	0,
					"end":	5.00127,
					"seconds":	5.00127,
					"bytes":	9306056,
					"bits_per_second":	1.48859e+07
				}
			}],
		"sum_sent":	{
			"start":	0,
			"end":	5.00127,
			"seconds":	5.00127,
			"bytes":	9306056,
			"bits_per_second":	1.48859e+07,
			"retransmits":	0
		},
		"sum_received":	{
			"start":	0,
			"end":	5.00127,
			"seconds":	5.00127,
			"bytes":	9306056,
			"bits_per_second":	1.48859e+07
		},
		"cpu_utilization_percent":	{
			"host_total":	0.36927,
			"host_user":	0.211671,
			"host_system":	0.15754,
			"remote_total":	1.23555,
			"remote_user":	0,
			"remote_system":	1.23551
		}
	}
}
