{
	"start":	{
		"connected":	[{
				"socket":	4,
				"local_host":	"10.0.0.1",
				"local_port":	59678,
				"remote_host":	"10.0.0.13",
				"remote_port":	3860
			}],
		"version":	"iperf 3.0.7",
		"system_info":	"Linux H1 5.4.197-0504197-generic #202206060747 SMP Mon Jun 6 09:27:47 UTC 2022 x86_64 x86_64 x86_64 GNU/Linux\n",
		"timestamp":	{
			"time":	"Fri, 22 Jul 2022 16:22:48 GMT",
			"timesecs":	1658506968
		},
		"connecting_to":	{
			"host":	"10.0.0.13",
			"port":	3860
		},
		"cookie":	"H1.1658506968.140088.278eab1468ee7dd",
		"tcp_mss_default":	1448,
		"test_start":	{
			"protocol":	"TCP",
			"num_streams":	1,
			"blksize":	131072,
			"omit":	0,
			"duration":	5,
			"bytes":	0,
			"blocks":	0,
			"reverse":	0
		}
	},
	"intervals":	[{
			"streams":	[{
					"socket":	4,
					"start":	0,
					"end":	1.00081,
					"seconds":	1.00081,
					"bytes":	1819024,
					"bits_per_second":	1.45404e+07,
					"retransmits":	0,
					"snd_cwnd":	91224,
					"omitted":	false
				}],
			"sum":	{
				"start":	0,
				"end":	1.00081,
				"seconds":	1.00081,
				"bytes":	1819024,
				"bits_per_second":	1.45404e+07,
				"retransmits":	0,
				"omitted":	false
			}
		}, {
			"streams":	[{
					"socket":	4,
					"start":	1.00081,
					"end":	2.00085,
					"seconds":	1.00004,
					"bytes":	1835008,
					"bits_per_second":	1.46795e+07,
					"retransmits":	0,
					"snd_cwnd":	120184,
					"omitted":	false
				}],
			"sum":	{
				"start":	1.00081,
				"end":	2.00085,
				"seconds":	1.00004,
				"bytes":	1835008,
				"bits_per_second":	1.46795e+07,
				"retransmits":	0,
				"omitted":	false
			}
		}, {
			"streams":	[{
					"socket":	4,
					"start":	2.00085,
					"end":	3.00034,
					"seconds":	0.999489,
					"bytes":	1835008,
					"bits_per_second":	1.46876e+07,
					"retransmits":	0,
					"snd_cwnd":	133216,
					"omitted":	false
				}],
			"sum":	{
				"start":	2.00085,
				"end":	3.00034,
				"seconds":	0.999489,
				"bytes":	1835008,
				"bits_per_second":	1.46876e+07,
				"retransmits":	0,
				"omitted":	false
			}
		}, {
			"streams":	[{
					"socket":	4,
					"start":	3.00034,
					"end":	4.00029,
					"seconds":	0.999952,
					"bytes":	1835008,
					"bits_per_second":	1.46808e+07,
					"retransmits":	0,
					"snd_cwnd":	167968,
					"omitted":	false
				}],
			"sum":	{
				"start":	3.00034,
				"end":	4.00029,
				"seconds":	0.999952,
				"bytes":	1835008,
				"bits_per_second":	1.46808e+07,
				"retransmits":	0,
				"omitted":	false
			}
		}, {
			"streams":	[{
					"socket":	4,
					"start":	4.00029,
					"end":	5.00049,
					"seconds":	1.0002,
					"bytes":	1966080,
					"bits_per_second":	1.57255e+07,
					"retransmits":	0,
					"snd_cwnd":	185344,
					"omitted":	false
				}],
			"sum":	{
				"start":	4.00029,
				"end":	5.00049,
				"seconds":	1.0002,
				"bytes":	1966080,
				"bits_per_second":	1.57255e+07,
				"retransmits":	0,
				"omitted":	false
			}
		}],
	"end":	{
		"streams":	[{
				"sender":	{
					"socket":	4,
					"start":	0,
					"end":	5.00049,
					"seconds":	5.00049,
					"bytes":	9290128,
					"bits_per_second":	1.48627e+07,
					"retransmits":	0
				},
				"receiver":	{
					"socket":	4,
					"start":	0,
					"end":	5.00049,
					"seconds":	5.00049,
					"bytes":	9290128,
					"bits_per_second":	1.48627e+07
				}
			}],
		"sum_sent":	{
			"start":	0,
			"end":	5.00049,
			"seconds":	5.00049,
			"bytes":	9290128,
			"bits_per_second":	1.48627e+07,
			"retransmits":	0
		},
		"sum_received":	{
			"start":	0,
			"end":	5.00049,
			"seconds":	5.00049,
			"bytes":	9290128,
			"bits_per_second":	1.48627e+07
		},
		"cpu_utilization_percent":	{
			"host_total":	0.530563,
			"host_user":	0.237012,
			"host_system":	0.293511,
			"remote_total":	1.26376,
			"remote_user":	0,
			"remote_system":	1.26374
		}
	}
}
