{
	"start":	{
		"connected":	[{
				"socket":	4,
				"local_host":	"10.0.0.7",
				"local_port":	42820,
				"remote_host":	"10.0.0.14",
				"remote_port":	2658
			}],
		"version":	"iperf 3.0.7",
		"system_info":	"Linux BS7 5.4.197-0504197-generic #202206060747 SMP Mon Jun 6 09:27:47 UTC 2022 x86_64 x86_64 x86_64 GNU/Linux\n",
		"timestamp":	{
			"time":	"Mon, 25 Jul 2022 21:46:48 GMT",
			"timesecs":	1658785608
		},
		"connecting_to":	{
			"host":	"10.0.0.14",
			"port":	2658
		},
		"cookie":	"BS7.1658785608.737409.6b0ee77e60062c",
		"tcp_mss_default":	1448,
		"test_start":	{
			"protocol":	"TCP",
			"num_streams":	1,
			"blksize":	131072,
			"omit":	0,
			"duration":	26,
			"bytes":	0,
			"blocks":	0,
			"reverse":	0
		}
	},
	"intervals":	[{
			"streams":	[{
					"socket":	4,
					"start":	0,
					"end":	1.00052,
					"seconds":	1.00052,
					"bytes":	5715736,
					"bits_per_second":	4.57019e+07,
					"retransmits":	3,
					"snd_cwnd":	343176,
					"omitted":	false
				}],
			"sum":	{
				"start":	0,
				"end":	1.00052,
				"seconds":	1.00052,
				"bytes":	5715736,
				"bits_per_second":	4.57019e+07,
				"retransmits":	3,
				"omitted":	false
			}
		}, {
			"streams":	[{
					"socket":	4,
					"start":	1.00052,
					"end":	2.00049,
					"seconds":	0.999964,
					"bytes":	6291456,
					"bits_per_second":	5.03335e+07,
					"retransmits":	0,
					"snd_cwnd":	354760,
					"omitted":	false
				}],
			"sum":	{
				"start":	1.00052,
				"end":	2.00049,
				"seconds":	0.999964,
				"bytes":	6291456,
				"bits_per_second":	5.03335e+07,
				"retransmits":	0,
				"omitted":	false
			}
		}, {
			"streams":	[{
					"socket":	4,
					"start":	2.00049,
					"end":	3.0007,
					"seconds":	1.00021,
					"bytes":	6160384,
					"bits_per_second":	4.92725e+07,
					"retransmits":	0,
					"snd_cwnd":	367792,
					"omitted":	false
				}],
			"sum":	{
				"start":	2.00049,
				"end":	3.0007,
				"seconds":	1.00021,
				"bytes":	6160384,
				"bits_per_second":	4.92725e+07,
				"retransmits":	0,
				"omitted":	false
			}
		}, {
			"streams":	[{
					"socket":	4,
					"start":	3.0007,
					"end":	4.0003,
					"seconds":	0.999594,
					"bytes":	6291456,
					"bits_per_second":	5.03521e+07,
					"retransmits":	0,
					"snd_cwnd":	380824,
					"omitted":	false
				}],
			"sum":	{
				"start":	3.0007,
				"end":	4.0003,
				"seconds":	0.999594,
				"bytes":	6291456,
				"bits_per_second":	5.03521e+07,
				"retransmits":	0,
				"omitted":	false
			}
		}, {
			"streams":	[{
					"socket":	4,
					"start":	4.0003,
					"end":	5.01231,
					"seconds":	1.01201,
					"bytes":	6291456,
					"bits_per_second":	4.97343e+07,
					"retransmits":	0,
					"snd_cwnd":	390960,
					"omitted":	false
				}],
			"sum":	{
				"start":	4.0003,
				"end":	5.01231,
				"seconds":	1.01201,
				"bytes":	6291456,
				"bits_per_second":	4.97343e+07,
				"retransmits":	0,
				"omitted":	false
			}
		}, {
			"streams":	[{
					"socket":	4,
					"start":	5.01231,
					"end":	6.00058,
					"seconds":	0.988277,
					"bytes":	6160384,
					"bits_per_second":	4.98677e+07,
					"retransmits":	0,
					"snd_cwnd":	401096,
					"omitted":	false
				}],
			"sum":	{
				"start":	5.01231,
				"end":	6.00058,
				"seconds":	0.988277,
				"bytes":	6160384,
				"bits_per_second":	4.98677e+07,
				"retransmits":	0,
				"omitted":	false
			}
		}, {
			"streams":	[{
					"socket":	4,
					"start":	6.00058,
					"end":	7.00109,
					"seconds":	1.0005,
					"bytes":	6291456,
					"bits_per_second":	5.03064e+07,
					"retransmits":	0,
					"snd_cwnd":	409784,
					"omitted":	false
				}],
			"sum":	{
				"start":	6.00058,
				"end":	7.00109,
				"seconds":	1.0005,
				"bytes":	6291456,
				"bits_per_second":	5.03064e+07,
				"retransmits":	0,
				"omitted":	false
			}
		}, {
			"streams":	[{
					"socket":	4,
					"start":	7.00109,
					"end":	8.00129,
					"seconds":	1.00021,
					"bytes":	6291456,
					"bits_per_second":	5.03213e+07,
					"retransmits":	0,
					"snd_cwnd":	419920,
					"omitted":	false
				}],
			"sum":	{
				"start":	7.00109,
				"end":	8.00129,
				"seconds":	1.00021,
				"bytes":	6291456,
				"bits_per_second":	5.03213e+07,
				"retransmits":	0,
				"omitted":	false
			}
		}, {
			"streams":	[{
					"socket":	4,
					"start":	8.00129,
					"end":	9.00007,
					"seconds":	0.998775,
					"bytes":	6160384,
					"bits_per_second":	4.93435e+07,
					"retransmits":	0,
					"snd_cwnd":	430056,
					"omitted":	false
				}],
			"sum":	{
				"start":	8.00129,
				"end":	9.00007,
				"seconds":	0.998775,
				"bytes":	6160384,
				"bits_per_second":	4.93435e+07,
				"retransmits":	0,
				"omitted":	false
			}
		}, {
			"streams":	[{
					"socket":	4,
					"start":	9.00007,
					"end":	10.0006,
					"seconds":	1.0005,
					"bytes":	6291456,
					"bits_per_second":	5.03064e+07,
					"retransmits":	0,
					"snd_cwnd":	440192,
					"omitted":	false
				}],
			"sum":	{
				"start":	9.00007,
				"end":	10.0006,
				"seconds":	1.0005,
				"bytes":	6291456,
				"bits_per_second":	5.03064e+07,
				"retransmits":	0,
				"omitted":	false
			}
		}, {
			"streams":	[{
					"socket":	4,
					"start":	10.0006,
					"end":	11.0005,
					"seconds":	0.999928,
					"bytes":	6291456,
					"bits_per_second":	5.03353e+07,
					"retransmits":	0,
					"snd_cwnd":	450328,
					"omitted":	false
				}],
			"sum":	{
				"start":	10.0006,
				"end":	11.0005,
				"seconds":	0.999928,
				"bytes":	6291456,
				"bits_per_second":	5.03353e+07,
				"retransmits":	0,
				"omitted":	false
			}
		}, {
			"streams":	[{
					"socket":	4,
					"start":	11.0005,
					"end":	12.0016,
					"seconds":	1.00112,
					"bytes":	6291456,
					"bits_per_second":	5.02756e+07,
					"retransmits":	26,
					"snd_cwnd":	457568,
					"omitted":	false
				}],
			"sum":	{
				"start":	11.0005,
				"end":	12.0016,
				"seconds":	1.00112,
				"bytes":	6291456,
				"bits_per_second":	5.02756e+07,
				"retransmits":	26,
				"omitted":	false
			}
		}, {
			"streams":	[{
					"socket":	4,
					"start":	12.0016,
					"end":	13.0003,
					"seconds":	0.998646,
					"bytes":	6160384,
					"bits_per_second":	4.93499e+07,
					"retransmits":	25,
					"snd_cwnd":	464808,
					"omitted":	false
				}],
			"sum":	{
				"start":	12.0016,
				"end":	13.0003,
				"seconds":	0.998646,
				"bytes":	6160384,
				"bits_per_second":	4.93499e+07,
				"retransmits":	25,
				"omitted":	false
			}
		}, {
			"streams":	[{
					"socket":	4,
					"start":	13.0003,
					"end":	14.0034,
					"seconds":	1.00318,
					"bytes":	6291456,
					"bits_per_second":	5.01719e+07,
					"retransmits":	0,
					"snd_cwnd":	474944,
					"omitted":	false
				}],
			"sum":	{
				"start":	13.0003,
				"end":	14.0034,
				"seconds":	1.00318,
				"bytes":	6291456,
				"bits_per_second":	5.01719e+07,
				"retransmits":	0,
				"omitted":	false
			}
		}, {
			"streams":	[{
					"socket":	4,
					"start":	14.0034,
					"end":	15.0002,
					"seconds":	0.996808,
					"bytes":	6160384,
					"bits_per_second":	4.94409e+07,
					"retransmits":	0,
					"snd_cwnd":	485080,
					"omitted":	false
				}],
			"sum":	{
				"start":	14.0034,
				"end":	15.0002,
				"seconds":	0.996808,
				"bytes":	6160384,
				"bits_per_second":	4.94409e+07,
				"retransmits":	0,
				"omitted":	false
			}
		}, {
			"streams":	[{
					"socket":	4,
					"start":	15.0002,
					"end":	16.0006,
					"seconds":	1.00035,
					"bytes":	6422528,
					"bits_per_second":	5.13623e+07,
					"retransmits":	0,
					"snd_cwnd":	493768,
					"omitted":	false
				}],
			"sum":	{
				"start":	15.0002,
				"end":	16.0006,
				"seconds":	1.00035,
				"bytes":	6422528,
				"bits_per_second":	5.13623e+07,
				"retransmits":	0,
				"omitted":	false
			}
		}, {
			"streams":	[{
					"socket":	4,
					"start":	16.0006,
					"end":	17.0008,
					"seconds":	1.00023,
					"bytes":	6160384,
					"bits_per_second":	4.92717e+07,
					"retransmits":	0,
					"snd_cwnd":	502456,
					"omitted":	false
				}],
			"sum":	{
				"start":	16.0006,
				"end":	17.0008,
				"seconds":	1.00023,
				"bytes":	6160384,
				"bits_per_second":	4.92717e+07,
				"retransmits":	0,
				"omitted":	false
			}
		}, {
			"streams":	[{
					"socket":	4,
					"start":	17.0008,
					"end":	18.0016,
					"seconds":	1.00077,
					"bytes":	6291456,
					"bits_per_second":	5.02932e+07,
					"retransmits":	0,
					"snd_cwnd":	509696,
					"omitted":	false
				}],
			"sum":	{
				"start":	17.0008,
				"end":	18.0016,
				"seconds":	1.00077,
				"bytes":	6291456,
				"bits_per_second":	5.02932e+07,
				"retransmits":	0,
				"omitted":	false
			}
		}, {
			"streams":	[{
					"socket":	4,
					"start":	18.0016,
					"end":	19.031,
					"seconds":	1.02938,
					"bytes":	5898240,
					"bits_per_second":	4.58392e+07,
					"retransmits":	0,
					"snd_cwnd":	518384,
					"omitted":	false
				}],
			"sum":	{
				"start":	18.0016,
				"end":	19.031,
				"seconds":	1.02938,
				"bytes":	5898240,
				"bits_per_second":	4.58392e+07,
				"retransmits":	0,
				"omitted":	false
			}
		}, {
			"streams":	[{
					"socket":	4,
					"start":	19.031,
					"end":	20.029,
					"seconds":	0.997998,
					"bytes":	6684672,
					"bits_per_second":	5.35847e+07,
					"retransmits":	39,
					"snd_cwnd":	525624,
					"omitted":	false
				}],
			"sum":	{
				"start":	19.031,
				"end":	20.029,
				"seconds":	0.997998,
				"bytes":	6684672,
				"bits_per_second":	5.35847e+07,
				"retransmits":	39,
				"omitted":	false
			}
		}, {
			"streams":	[{
					"socket":	4,
					"start":	20.029,
					"end":	21.0035,
					"seconds":	0.974527,
					"bytes":	6160384,
					"bits_per_second":	5.05713e+07,
					"retransmits":	0,
					"snd_cwnd":	529968,
					"omitted":	false
				}],
			"sum":	{
				"start":	20.029,
				"end":	21.0035,
				"seconds":	0.974527,
				"bytes":	6160384,
				"bits_per_second":	5.05713e+07,
				"retransmits":	0,
				"omitted":	false
			}
		}, {
			"streams":	[{
					"socket":	4,
					"start":	21.0035,
					"end":	22.0114,
					"seconds":	1.00786,
					"bytes":	6160384,
					"bits_per_second":	4.88985e+07,
					"retransmits":	1,
					"snd_cwnd":	535760,
					"omitted":	false
				}],
			"sum":	{
				"start":	21.0035,
				"end":	22.0114,
				"seconds":	1.00786,
				"bytes":	6160384,
				"bits_per_second":	4.88985e+07,
				"retransmits":	1,
				"omitted":	false
			}
		}, {
			"streams":	[{
					"socket":	4,
					"start":	22.0114,
					"end":	23.0022,
					"seconds":	0.990838,
					"bytes":	6291456,
					"bits_per_second":	5.0797e+07,
					"retransmits":	0,
					"snd_cwnd":	540104,
					"omitted":	false
				}],
			"sum":	{
				"start":	22.0114,
				"end":	23.0022,
				"seconds":	0.990838,
				"bytes":	6291456,
				"bits_per_second":	5.0797e+07,
				"retransmits":	0,
				"omitted":	false
			}
		}, {
			"streams":	[{
					"socket":	4,
					"start":	23.0022,
					"end":	24.0013,
					"seconds":	0.999103,
					"bytes":	6291456,
					"bits_per_second":	5.03768e+07,
					"retransmits":	0,
					"snd_cwnd":	547344,
					"omitted":	false
				}],
			"sum":	{
				"start":	23.0022,
				"end":	24.0013,
				"seconds":	0.999103,
				"bytes":	6291456,
				"bits_per_second":	5.03768e+07,
				"retransmits":	0,
				"omitted":	false
			}
		}, {
			"streams":	[{
					"socket":	4,
					"start":	24.0013,
					"end":	25.0003,
					"seconds":	0.999046,
					"bytes":	6291456,
					"bits_per_second":	5.03797e+07,
					"retransmits":	0,
					"snd_cwnd":	551688,
					"omitted":	false
				}],
			"sum":	{
				"start":	24.0013,
				"end":	25.0003,
				"seconds":	0.999046,
				"bytes":	6291456,
				"bits_per_second":	5.03797e+07,
				"retransmits":	0,
				"omitted":	false
			}
		}, {
			"streams":	[{
					"socket":	4,
					"start":	25.0003,
					"end":	26.0014,
					"seconds":	1.00109,
					"bytes":	6160384,
					"bits_per_second":	4.92294e+07,
					"retransmits":	0,
					"snd_cwnd":	557480,
					"omitted":	false
				}],
			"sum":	{
				"start":	25.0003,
				"end":	26.0014,
				"seconds":	1.00109,
				"bytes":	6160384,
				"bits_per_second":	4.92294e+07,
				"retransmits":	0,
				"omitted":	false
			}
		}],
	"end":	{
		"streams":	[{
				"sender":	{
					"socket":	4,
					"start":	0,
					"end":	26.0014,
					"seconds":	26.0014,
					"bytes":	161953560,
					"bits_per_second":	4.98291e+07,
					"retransmits":	94
				},
				"receiver":	{
					"socket":	4,
					"start":	0,
					"end":	26.0014,
					"seconds":	26.0014,
					"bytes":	161953560,
					"bits_per_second":	4.98291e+07
				}
			}],
		"sum_sent":	{
			"start":	0,
			"end":	26.0014,
			"seconds":	26.0014,
			"bytes":	161953560,
			"bits_per_second":	4.98291e+07,
			"retransmits":	94
		},
		"sum_received":	{
			"start":	0,
			"end":	26.0014,
			"seconds":	26.0014,
			"bytes":	161953560,
			"bits_per_second":	4.98291e+07
		},
		"cpu_utilization_percent":	{
			"host_total":	1.59928,
			"host_user":	0.0708432,
			"host_system":	1.52844,
			"remote_total":	2.07314,
			"remote_user":	0.249433,
			"remote_system":	1.82345
		}
	}
}
