{
	"start":	{
		"connected":	[{
				"socket":	4,
				"local_host":	"10.0.0.1",
				"local_port":	58266,
				"remote_host":	"10.0.0.13",
				"remote_port":	3418
			}],
		"version":	"iperf 3.0.7",
		"system_info":	"Linux BS1 5.4.197-0504197-generic #202206060747 SMP Mon Jun 6 09:27:47 UTC 2022 x86_64 x86_64 x86_64 GNU/Linux\n",
		"timestamp":	{
			"time":	"Mon, 25 Jul 2022 21:42:05 GMT",
			"timesecs":	1658785325
		},
		"connecting_to":	{
			"host":	"10.0.0.13",
			"port":	3418
		},
		"cookie":	"BS1.1658785325.931474.1ee719b91904ad",
		"tcp_mss_default":	1448,
		"test_start":	{
			"protocol":	"TCP",
			"num_streams":	1,
			"blksize":	131072,
			"omit":	0,
			"duration":	42,
			"bytes":	0,
			"blocks":	0,
			"reverse":	0
		}
	},
	"intervals":	[{
			"streams":	[{
					"socket":	4,
					"start":	0,
					"end":	1.00051,
					"seconds":	1.00051,
					"bytes":	2829952,
					"bits_per_second":	2.26281e+07,
					"retransmits":	5,
					"snd_cwnd":	327248,
					"omitted":	false
				}],
			"sum":	{
				"start":	0,
				"end":	1.00051,
				"seconds":	1.00051,
				"bytes":	2829952,
				"bits_per_second":	2.26281e+07,
				"retransmits":	5,
				"omitted":	false
			}
		}, {
			"streams":	[{
					"socket":	4,
					"start":	1.00051,
					"end":	2.00033,
					"seconds":	0.999816,
					"bytes":	3145728,
					"bits_per_second":	2.51705e+07,
					"retransmits":	0,
					"snd_cwnd":	330144,
					"omitted":	false
				}],
			"sum":	{
				"start":	1.00051,
				"end":	2.00033,
				"seconds":	0.999816,
				"bytes":	3145728,
				"bits_per_second":	2.51705e+07,
				"retransmits":	0,
				"omitted":	false
			}
		}, {
			"streams":	[{
					"socket":	4,
					"start":	2.00033,
					"end":	3.00024,
					"seconds":	0.99991,
					"bytes":	3145728,
					"bits_per_second":	2.51681e+07,
					"retransmits":	0,
					"snd_cwnd":	331592,
					"omitted":	false
				}],
			"sum":	{
				"start":	2.00033,
				"end":	3.00024,
				"seconds":	0.99991,
				"bytes":	3145728,
				"bits_per_second":	2.51681e+07,
				"retransmits":	0,
				"omitted":	false
			}
		}, {
			"streams":	[{
					"socket":	4,
					"start":	3.00024,
					"end":	4.00028,
					"seconds":	1.00005,
					"bytes":	3145728,
					"bits_per_second":	2.51647e+07,
					"retransmits":	0,
					"snd_cwnd":	334488,
					"omitted":	false
				}],
			"sum":	{
				"start":	3.00024,
				"end":	4.00028,
				"seconds":	1.00005,
				"bytes":	3145728,
				"bits_per_second":	2.51647e+07,
				"retransmits":	0,
				"omitted":	false
			}
		}, {
			"streams":	[{
					"socket":	4,
					"start":	4.00028,
					"end":	5.00012,
					"seconds":	0.999842,
					"bytes":	3145728,
					"bits_per_second":	2.51698e+07,
					"retransmits":	0,
					"snd_cwnd":	337384,
					"omitted":	false
				}],
			"sum":	{
				"start":	4.00028,
				"end":	5.00012,
				"seconds":	0.999842,
				"bytes":	3145728,
				"bits_per_second":	2.51698e+07,
				"retransmits":	0,
				"omitted":	false
			}
		}, {
			"streams":	[{
					"socket":	4,
					"start":	5.00012,
					"end":	6.00095,
					"seconds":	1.00082,
					"bytes":	3145728,
					"bits_per_second":	2.51451e+07,
					"retransmits":	0,
					"snd_cwnd":	340280,
					"omitted":	false
				}],
			"sum":	{
				"start":	5.00012,
				"end":	6.00095,
				"seconds":	1.00082,
				"bytes":	3145728,
				"bits_per_second":	2.51451e+07,
				"retransmits":	0,
				"omitted":	false
			}
		}, {
			"streams":	[{
					"socket":	4,
					"start":	6.00095,
					"end":	7.00031,
					"seconds":	0.999364,
					"bytes":	3014656,
					"bits_per_second":	2.41326e+07,
					"retransmits":	0,
					"snd_cwnd":	341728,
					"omitted":	false
				}],
			"sum":	{
				"start":	6.00095,
				"end":	7.00031,
				"seconds":	0.999364,
				"bytes":	3014656,
				"bits_per_second":	2.41326e+07,
				"retransmits":	0,
				"omitted":	false
			}
		}, {
			"streams":	[{
					"socket":	4,
					"start":	7.00031,
					"end":	8.00011,
					"seconds":	0.999795,
					"bytes":	3145728,
					"bits_per_second":	2.5171e+07,
					"retransmits":	0,
					"snd_cwnd":	344624,
					"omitted":	false
				}],
			"sum":	{
				"start":	7.00031,
				"end":	8.00011,
				"seconds":	0.999795,
				"bytes":	3145728,
				"bits_per_second":	2.5171e+07,
				"retransmits":	0,
				"omitted":	false
			}
		}, {
			"streams":	[{
					"socket":	4,
					"start":	8.00011,
					"end":	9.0007,
					"seconds":	1.00059,
					"bytes":	3145728,
					"bits_per_second":	2.51509e+07,
					"retransmits":	0,
					"snd_cwnd":	346072,
					"omitted":	false
				}],
			"sum":	{
				"start":	8.00011,
				"end":	9.0007,
				"seconds":	1.00059,
				"bytes":	3145728,
				"bits_per_second":	2.51509e+07,
				"retransmits":	0,
				"omitted":	false
			}
		}, {
			"streams":	[{
					"socket":	4,
					"start":	9.0007,
					"end":	10.0007,
					"seconds":	0.999974,
					"bytes":	3145728,
					"bits_per_second":	2.51665e+07,
					"retransmits":	0,
					"snd_cwnd":	348968,
					"omitted":	false
				}],
			"sum":	{
				"start":	9.0007,
				"end":	10.0007,
				"seconds":	0.999974,
				"bytes":	3145728,
				"bits_per_second":	2.51665e+07,
				"retransmits":	0,
				"omitted":	false
			}
		}, {
			"streams":	[{
					"socket":	4,
					"start":	10.0007,
					"end":	11.0004,
					"seconds":	0.999756,
					"bytes":	3145728,
					"bits_per_second":	2.5172e+07,
					"retransmits":	1,
					"snd_cwnd":	353312,
					"omitted":	false
				}],
			"sum":	{
				"start":	10.0007,
				"end":	11.0004,
				"seconds":	0.999756,
				"bytes":	3145728,
				"bits_per_second":	2.5172e+07,
				"retransmits":	1,
				"omitted":	false
			}
		}, {
			"streams":	[{
					"socket":	4,
					"start":	11.0004,
					"end":	12.0004,
					"seconds":	0.999969,
					"bytes":	3145728,
					"bits_per_second":	2.51666e+07,
					"retransmits":	0,
					"snd_cwnd":	356208,
					"omitted":	false
				}],
			"sum":	{
				"start":	11.0004,
				"end":	12.0004,
				"seconds":	0.999969,
				"bytes":	3145728,
				"bits_per_second":	2.51666e+07,
				"retransmits":	0,
				"omitted":	false
			}
		}, {
			"streams":	[{
					"socket":	4,
					"start":	12.0004,
					"end":	13.0005,
					"seconds":	1.00013,
					"bytes":	3014656,
					"bits_per_second":	2.41142e+07,
					"retransmits":	0,
					"snd_cwnd":	357656,
					"omitted":	false
				}],
			"sum":	{
				"start":	12.0004,
				"end":	13.0005,
				"seconds":	1.00013,
				"bytes":	3014656,
				"bits_per_second":	2.41142e+07,
				"retransmits":	0,
				"omitted":	false
			}
		}, {
			"streams":	[{
					"socket":	4,
					"start":	13.0005,
					"end":	14.0002,
					"seconds":	0.999711,
					"bytes":	3145728,
					"bits_per_second":	2.51731e+07,
					"retransmits":	0,
					"snd_cwnd":	360552,
					"omitted":	false
				}],
			"sum":	{
				"start":	13.0005,
				"end":	14.0002,
				"seconds":	0.999711,
				"bytes":	3145728,
				"bits_per_second":	2.51731e+07,
				"retransmits":	0,
				"omitted":	false
			}
		}, {
			"streams":	[{
					"socket":	4,
					"start":	14.0002,
					"end":	15.0002,
					"seconds":	0.999942,
					"bytes":	3145728,
					"bits_per_second":	2.51673e+07,
					"retransmits":	0,
					"snd_cwnd":	364896,
					"omitted":	false
				}],
			"sum":	{
				"start":	14.0002,
				"end":	15.0002,
				"seconds":	0.999942,
				"bytes":	3145728,
				"bits_per_second":	2.51673e+07,
				"retransmits":	0,
				"omitted":	false
			}
		}, {
			"streams":	[{
					"socket":	4,
					"start":	15.0002,
					"end":	16.0003,
					"seconds":	1.0001,
					"bytes":	3145728,
					"bits_per_second":	2.51632e+07,
					"retransmits":	0,
					"snd_cwnd":	367792,
					"omitted":	false
				}],
			"sum":	{
				"start":	15.0002,
				"end":	16.0003,
				"seconds":	1.0001,
				"bytes":	3145728,
				"bits_per_second":	2.51632e+07,
				"retransmits":	0,
				"omitted":	false
			}
		}, {
			"streams":	[{
					"socket":	4,
					"start":	16.0003,
					"end":	17.0004,
					"seconds":	1.00008,
					"bytes":	3145728,
					"bits_per_second":	2.51639e+07,
					"retransmits":	0,
					"snd_cwnd":	377928,
					"omitted":	false
				}],
			"sum":	{
				"start":	16.0003,
				"end":	17.0004,
				"seconds":	1.00008,
				"bytes":	3145728,
				"bits_per_second":	2.51639e+07,
				"retransmits":	0,
				"omitted":	false
			}
		}, {
			"streams":	[{
					"socket":	4,
					"start":	17.0004,
					"end":	18.0005,
					"seconds":	1.00015,
					"bytes":	3145728,
					"bits_per_second":	2.5162e+07,
					"retransmits":	0,
					"snd_cwnd":	402544,
					"omitted":	false
				}],
			"sum":	{
				"start":	17.0004,
				"end":	18.0005,
				"seconds":	1.00015,
				"bytes":	3145728,
				"bits_per_second":	2.5162e+07,
				"retransmits":	0,
				"omitted":	false
			}
		}, {
			"streams":	[{
					"socket":	4,
					"start":	18.0005,
					"end":	19.0006,
					"seconds":	1.00011,
					"bytes":	3145728,
					"bits_per_second":	2.51631e+07,
					"retransmits":	0,
					"snd_cwnd":	402544,
					"omitted":	false
				}],
			"sum":	{
				"start":	18.0005,
				"end":	19.0006,
				"seconds":	1.00011,
				"bytes":	3145728,
				"bits_per_second":	2.51631e+07,
				"retransmits":	0,
				"omitted":	false
			}
		}, {
			"streams":	[{
					"socket":	4,
					"start":	19.0006,
					"end":	20.0001,
					"seconds":	0.999513,
					"bytes":	3014656,
					"bits_per_second":	2.4129e+07,
					"retransmits":	0,
					"snd_cwnd":	402544,
					"omitted":	false
				}],
			"sum":	{
				"start":	19.0006,
				"end":	20.0001,
				"seconds":	0.999513,
				"bytes":	3014656,
				"bits_per_second":	2.4129e+07,
				"retransmits":	0,
				"omitted":	false
			}
		}, {
			"streams":	[{
					"socket":	4,
					"start":	20.0001,
					"end":	21.0007,
					"seconds":	1.00055,
					"bytes":	3145728,
					"bits_per_second":	2.51519e+07,
					"retransmits":	0,
					"snd_cwnd":	402544,
					"omitted":	false
				}],
			"sum":	{
				"start":	20.0001,
				"end":	21.0007,
				"seconds":	1.00055,
				"bytes":	3145728,
				"bits_per_second":	2.51519e+07,
				"retransmits":	0,
				"omitted":	false
			}
		}, {
			"streams":	[{
					"socket":	4,
					"start":	21.0007,
					"end":	22.0005,
					"seconds":	0.999783,
					"bytes":	3145728,
					"bits_per_second":	2.51713e+07,
					"retransmits":	0,
					"snd_cwnd":	402544,
					"omitted":	false
				}],
			"sum":	{
				"start":	21.0007,
				"end":	22.0005,
				"seconds":	0.999783,
				"bytes":	3145728,
				"bits_per_second":	2.51713e+07,
				"retransmits":	0,
				"omitted":	false
			}
		}, {
			"streams":	[{
					"socket":	4,
					"start":	22.0005,
					"end":	23.0006,
					"seconds":	1.00012,
					"bytes":	3145728,
					"bits_per_second":	2.51627e+07,
					"retransmits":	0,
					"snd_cwnd":	402544,
					"omitted":	false
				}],
			"sum":	{
				"start":	22.0005,
				"end":	23.0006,
				"seconds":	1.00012,
				"bytes":	3145728,
				"bits_per_second":	2.51627e+07,
				"retransmits":	0,
				"omitted":	false
			}
		}, {
			"streams":	[{
					"socket":	4,
					"start":	23.0006,
					"end":	24.0002,
					"seconds":	0.999618,
					"bytes":	3145728,
					"bits_per_second":	2.51754e+07,
					"retransmits":	0,
					"snd_cwnd":	402544,
					"omitted":	false
				}],
			"sum":	{
				"start":	23.0006,
				"end":	24.0002,
				"seconds":	0.999618,
				"bytes":	3145728,
				"bits_per_second":	2.51754e+07,
				"retransmits":	0,
				"omitted":	false
			}
		}, {
			"streams":	[{
					"socket":	4,
					"start":	24.0002,
					"end":	25.0012,
					"seconds":	1.00098,
					"bytes":	3145728,
					"bits_per_second":	2.51411e+07,
					"retransmits":	0,
					"snd_cwnd":	402544,
					"omitted":	false
				}],
			"sum":	{
				"start":	24.0002,
				"end":	25.0012,
				"seconds":	1.00098,
				"bytes":	3145728,
				"bits_per_second":	2.51411e+07,
				"retransmits":	0,
				"omitted":	false
			}
		}, {
			"streams":	[{
					"socket":	4,
					"start":	25.0012,
					"end":	26.0003,
					"seconds":	0.999136,
					"bytes":	3014656,
					"bits_per_second":	2.41381e+07,
					"retransmits":	0,
					"snd_cwnd":	402544,
					"omitted":	false
				}],
			"sum":	{
				"start":	25.0012,
				"end":	26.0003,
				"seconds":	0.999136,
				"bytes":	3014656,
				"bits_per_second":	2.41381e+07,
				"retransmits":	0,
				"omitted":	false
			}
		}, {
			"streams":	[{
					"socket":	4,
					"start":	26.0003,
					"end":	27.0006,
					"seconds":	1.00022,
					"bytes":	3145728,
					"bits_per_second":	2.51603e+07,
					"retransmits":	0,
					"snd_cwnd":	402544,
					"omitted":	false
				}],
			"sum":	{
				"start":	26.0003,
				"end":	27.0006,
				"seconds":	1.00022,
				"bytes":	3145728,
				"bits_per_second":	2.51603e+07,
				"retransmits":	0,
				"omitted":	false
			}
		}, {
			"streams":	[{
					"socket":	4,
					"start":	27.0006,
					"end":	28.0006,
					"seconds":	1.00001,
					"bytes":	3145728,
					"bits_per_second":	2.51655e+07,
					"retransmits":	0,
					"snd_cwnd":	402544,
					"omitted":	false
				}],
			"sum":	{
				"start":	27.0006,
				"end":	28.0006,
				"seconds":	1.00001,
				"bytes":	3145728,
				"bits_per_second":	2.51655e+07,
				"retransmits":	0,
				"omitted":	false
			}
		}, {
			"streams":	[{
					"socket":	4,
					"start":	28.0006,
					"end":	29.0004,
					"seconds":	0.999807,
					"bytes":	3145728,
					"bits_per_second":	2.51707e+07,
					"retransmits":	0,
					"snd_cwnd":	402544,
					"omitted":	false
				}],
			"sum":	{
				"start":	28.0006,
				"end":	29.0004,
				"seconds":	0.999807,
				"bytes":	3145728,
				"bits_per_second":	2.51707e+07,
				"retransmits":	0,
				"omitted":	false
			}
		}, {
			"streams":	[{
					"socket":	4,
					"start":	29.0004,
					"end":	30.0005,
					"seconds":	1.00013,
					"bytes":	3145728,
					"bits_per_second":	2.51625e+07,
					"retransmits":	0,
					"snd_cwnd":	402544,
					"omitted":	false
				}],
			"sum":	{
				"start":	29.0004,
				"end":	30.0005,
				"seconds":	1.00013,
				"bytes":	3145728,
				"bits_per_second":	2.51625e+07,
				"retransmits":	0,
				"omitted":	false
			}
		}, {
			"streams":	[{
					"socket":	4,
					"start":	30.0005,
					"end":	31.0002,
					"seconds":	0.999688,
					"bytes":	3145728,
					"bits_per_second":	2.51737e+07,
					"retransmits":	0,
					"snd_cwnd":	402544,
					"omitted":	false
				}],
			"sum":	{
				"start":	30.0005,
				"end":	31.0002,
				"seconds":	0.999688,
				"bytes":	3145728,
				"bits_per_second":	2.51737e+07,
				"retransmits":	0,
				"omitted":	false
			}
		}, {
			"streams":	[{
					"socket":	4,
					"start":	31.0002,
					"end":	32.001,
					"seconds":	1.00082,
					"bytes":	3014656,
					"bits_per_second":	2.40975e+07,
					"retransmits":	0,
					"snd_cwnd":	402544,
					"omitted":	false
				}],
			"sum":	{
				"start":	31.0002,
				"end":	32.001,
				"seconds":	1.00082,
				"bytes":	3014656,
				"bits_per_second":	2.40975e+07,
				"retransmits":	0,
				"omitted":	false
			}
		}, {
			"streams":	[{
					"socket":	4,
					"start":	32.001,
					"end":	33.0005,
					"seconds":	0.999518,
					"bytes":	3145728,
					"bits_per_second":	2.5178e+07,
					"retransmits":	0,
					"snd_cwnd":	402544,
					"omitted":	false
				}],
			"sum":	{
				"start":	32.001,
				"end":	33.0005,
				"seconds":	0.999518,
				"bytes":	3145728,
				"bits_per_second":	2.5178e+07,
				"retransmits":	0,
				"omitted":	false
			}
		}, {
			"streams":	[{
					"socket":	4,
					"start":	33.0005,
					"end":	34.0006,
					"seconds":	1.00006,
					"bytes":	3145728,
					"bits_per_second":	2.51643e+07,
					"retransmits":	0,
					"snd_cwnd":	402544,
					"omitted":	false
				}],
			"sum":	{
				"start":	33.0005,
				"end":	34.0006,
				"seconds":	1.00006,
				"bytes":	3145728,
				"bits_per_second":	2.51643e+07,
				"retransmits":	0,
				"omitted":	false
			}
		}, {
			"streams":	[{
					"socket":	4,
					"start":	34.0006,
					"end":	35.0003,
					"seconds":	0.999715,
					"bytes":	3145728,
					"bits_per_second":	2.5173e+07,
					"retransmits":	0,
					"snd_cwnd":	451776,
					"omitted":	false
				}],
			"sum":	{
				"start":	34.0006,
				"end":	35.0003,
				"seconds":	0.999715,
				"bytes":	3145728,
				"bits_per_second":	2.5173e+07,
				"retransmits":	0,
				"omitted":	false
			}
		}, {
			"streams":	[{
					"socket":	4,
					"start":	35.0003,
					"end":	36.0004,
					"seconds":	1.00005,
					"bytes":	3145728,
					"bits_per_second":	2.51645e+07,
					"retransmits":	0,
					"snd_cwnd":	605264,
					"omitted":	false
				}],
			"sum":	{
				"start":	35.0003,
				"end":	36.0004,
				"seconds":	1.00005,
				"bytes":	3145728,
				"bits_per_second":	2.51645e+07,
				"retransmits":	0,
				"omitted":	false
			}
		}, {
			"streams":	[{
					"socket":	4,
					"start":	36.0004,
					"end":	37.0003,
					"seconds":	0.999951,
					"bytes":	3145728,
					"bits_per_second":	2.51671e+07,
					"retransmits":	0,
					"snd_cwnd":	605264,
					"omitted":	false
				}],
			"sum":	{
				"start":	36.0004,
				"end":	37.0003,
				"seconds":	0.999951,
				"bytes":	3145728,
				"bits_per_second":	2.51671e+07,
				"retransmits":	0,
				"omitted":	false
			}
		}, {
			"streams":	[{
					"socket":	4,
					"start":	37.0003,
					"end":	38.0044,
					"seconds":	1.00406,
					"bytes":	3145728,
					"bits_per_second":	2.50641e+07,
					"retransmits":	1,
					"snd_cwnd":	929616,
					"omitted":	false
				}],
			"sum":	{
				"start":	37.0003,
				"end":	38.0044,
				"seconds":	1.00406,
				"bytes":	3145728,
				"bits_per_second":	2.50641e+07,
				"retransmits":	1,
				"omitted":	false
			}
		}, {
			"streams":	[{
					"socket":	4,
					"start":	38.0044,
					"end":	39.0017,
					"seconds":	0.99732,
					"bytes":	3014656,
					"bits_per_second":	2.41821e+07,
					"retransmits":	0,
					"snd_cwnd":	929616,
					"omitted":	false
				}],
			"sum":	{
				"start":	38.0044,
				"end":	39.0017,
				"seconds":	0.99732,
				"bytes":	3014656,
				"bits_per_second":	2.41821e+07,
				"retransmits":	0,
				"omitted":	false
			}
		}, {
			"streams":	[{
					"socket":	4,
					"start":	39.0017,
					"end":	40.0003,
					"seconds":	0.998617,
					"bytes":	3145728,
					"bits_per_second":	2.52007e+07,
					"retransmits":	0,
					"snd_cwnd":	929616,
					"omitted":	false
				}],
			"sum":	{
				"start":	39.0017,
				"end":	40.0003,
				"seconds":	0.998617,
				"bytes":	3145728,
				"bits_per_second":	2.52007e+07,
				"retransmits":	0,
				"omitted":	false
			}
		}, {
			"streams":	[{
					"socket":	4,
					"start":	40.0003,
					"end":	41.0007,
					"seconds":	1.00038,
					"bytes":	3145728,
					"bits_per_second":	2.51562e+07,
					"retransmits":	0,
					"snd_cwnd":	929616,
					"omitted":	false
				}],
			"sum":	{
				"start":	40.0003,
				"end":	41.0007,
				"seconds":	1.00038,
				"bytes":	3145728,
				"bits_per_second":	2.51562e+07,
				"retransmits":	0,
				"omitted":	false
			}
		}, {
			"streams":	[{
					"socket":	4,
					"start":	41.0007,
					"end":	42.0005,
					"seconds":	0.999797,
					"bytes":	3145728,
					"bits_per_second":	2.51709e+07,
					"retransmits":	49,
					"snd_cwnd":	320008,
					"omitted":	false
				}],
			"sum":	{
				"start":	41.0007,
				"end":	42.0005,
				"seconds":	0.999797,
				"bytes":	3145728,
				"bits_per_second":	2.51709e+07,
				"retransmits":	49,
				"omitted":	false
			}
		}],
	"end":	{
		"streams":	[{
				"sender":	{
					"socket":	4,
					"start":	0,
					"end":	42.0005,
					"seconds":	42.0005,
					"bytes":	131018368,
					"bits_per_second":	2.49556e+07,
					"retransmits":	56
				},
				"receiver":	{
					"socket":	4,
					"start":	0,
					"end":	42.0005,
					"seconds":	42.0005,
					"bytes":	130186824,
					"bits_per_second":	2.47972e+07
				}
			}],
		"sum_sent":	{
			"start":	0,
			"end":	42.0005,
			"seconds":	42.0005,
			"bytes":	131018368,
			"bits_per_second":	2.49556e+07,
			"retransmits":	56
		},
		"sum_received":	{
			"start":	0,
			"end":	42.0005,
			"seconds":	42.0005,
			"bytes":	130186824,
			"bits_per_second":	2.47972e+07
		},
		"cpu_utilization_percent":	{
			"host_total":	0.96737,
			"host_user":	0.0410614,
			"host_system":	0.926307,
			"remote_total":	2.00288,
			"remote_user":	0.1218,
			"remote_system":	1.88089
		}
	}
}
