{
	"start":	{
		"connected":	[{
				"socket":	4,
				"local_host":	"10.0.0.7",
				"local_port":	44308,
				"remote_host":	"10.0.0.16",
				"remote_port":	2230
			}],
		"version":	"iperf 3.0.7",
		"system_info":	"Linux BS7 5.4.197-0504197-generic #202206060747 SMP Mon Jun 6 09:27:47 UTC 2022 x86_64 x86_64 x86_64 GNU/Linux\n",
		"timestamp":	{
			"time":	"Mon, 25 Jul 2022 21:43:28 GMT",
			"timesecs":	1658785408
		},
		"connecting_to":	{
			"host":	"10.0.0.16",
			"port":	2230
		},
		"cookie":	"BS7.1658785408.147302.142b17213f4793",
		"tcp_mss_default":	1448,
		"test_start":	{
			"protocol":	"TCP",
			"num_streams":	1,
			"blksize":	131072,
			"omit":	0,
			"duration":	19,
			"bytes":	0,
			"blocks":	0,
			"reverse":	0
		}
	},
	"intervals":	[{
			"streams":	[{
					"socket":	4,
					"start":	0,
					"end":	1.00015,
					"seconds":	1.00015,
					"bytes":	3376656,
					"bits_per_second":	2.70093e+07,
					"retransmits":	0,
					"snd_cwnd":	194032,
					"omitted":	false
				}],
			"sum":	{
				"start":	0,
				"end":	1.00015,
				"seconds":	1.00015,
				"bytes":	3376656,
				"bits_per_second":	2.70093e+07,
				"retransmits":	0,
				"omitted":	false
			}
		}, {
			"streams":	[{
					"socket":	4,
					"start":	1.00015,
					"end":	2.00024,
					"seconds":	1.00009,
					"bytes":	8519680,
					"bits_per_second":	6.81512e+07,
					"retransmits":	0,
					"snd_cwnd":	634224,
					"omitted":	false
				}],
			"sum":	{
				"start":	1.00015,
				"end":	2.00024,
				"seconds":	1.00009,
				"bytes":	8519680,
				"bits_per_second":	6.81512e+07,
				"retransmits":	0,
				"omitted":	false
			}
		}, {
			"streams":	[{
					"socket":	4,
					"start":	2.00024,
					"end":	3.00018,
					"seconds":	0.999943,
					"bytes":	6291456,
					"bits_per_second":	5.03345e+07,
					"retransmits":	0,
					"snd_cwnd":	667528,
					"omitted":	false
				}],
			"sum":	{
				"start":	2.00024,
				"end":	3.00018,
				"seconds":	0.999943,
				"bytes":	6291456,
				"bits_per_second":	5.03345e+07,
				"retransmits":	0,
				"omitted":	false
			}
		}, {
			"streams":	[{
					"socket":	4,
					"start":	3.00018,
					"end":	4.00022,
					"seconds":	1.00003,
					"bytes":	6291456,
					"bits_per_second":	5.03299e+07,
					"retransmits":	0,
					"snd_cwnd":	667528,
					"omitted":	false
				}],
			"sum":	{
				"start":	3.00018,
				"end":	4.00022,
				"seconds":	1.00003,
				"bytes":	6291456,
				"bits_per_second":	5.03299e+07,
				"retransmits":	0,
				"omitted":	false
			}
		}, {
			"streams":	[{
					"socket":	4,
					"start":	4.00022,
					"end":	5.0006,
					"seconds":	1.00038,
					"bytes":	6160384,
					"bits_per_second":	4.92642e+07,
					"retransmits":	0,
					"snd_cwnd":	667528,
					"omitted":	false
				}],
			"sum":	{
				"start":	4.00022,
				"end":	5.0006,
				"seconds":	1.00038,
				"bytes":	6160384,
				"bits_per_second":	4.92642e+07,
				"retransmits":	0,
				"omitted":	false
			}
		}, {
			"streams":	[{
					"socket":	4,
					"start":	5.0006,
					"end":	6.00053,
					"seconds":	0.999928,
					"bytes":	6291456,
					"bits_per_second":	5.03353e+07,
					"retransmits":	0,
					"snd_cwnd":	667528,
					"omitted":	false
				}],
			"sum":	{
				"start":	5.0006,
				"end":	6.00053,
				"seconds":	0.999928,
				"bytes":	6291456,
				"bits_per_second":	5.03353e+07,
				"retransmits":	0,
				"omitted":	false
			}
		}, {
			"streams":	[{
					"socket":	4,
					"start":	6.00053,
					"end":	7.00062,
					"seconds":	1.0001,
					"bytes":	6291456,
					"bits_per_second":	5.03267e+07,
					"retransmits":	0,
					"snd_cwnd":	667528,
					"omitted":	false
				}],
			"sum":	{
				"start":	6.00053,
				"end":	7.00062,
				"seconds":	1.0001,
				"bytes":	6291456,
				"bits_per_second":	5.03267e+07,
				"retransmits":	0,
				"omitted":	false
			}
		}, {
			"streams":	[{
					"socket":	4,
					"start":	7.00062,
					"end":	8.00048,
					"seconds":	0.999858,
					"bytes":	6160384,
					"bits_per_second":	4.92901e+07,
					"retransmits":	0,
					"snd_cwnd":	667528,
					"omitted":	false
				}],
			"sum":	{
				"start":	7.00062,
				"end":	8.00048,
				"seconds":	0.999858,
				"bytes":	6160384,
				"bits_per_second":	4.92901e+07,
				"retransmits":	0,
				"omitted":	false
			}
		}, {
			"streams":	[{
					"socket":	4,
					"start":	8.00048,
					"end":	9.00021,
					"seconds":	0.999724,
					"bytes":	6291456,
					"bits_per_second":	5.03455e+07,
					"retransmits":	0,
					"snd_cwnd":	667528,
					"omitted":	false
				}],
			"sum":	{
				"start":	8.00048,
				"end":	9.00021,
				"seconds":	0.999724,
				"bytes":	6291456,
				"bits_per_second":	5.03455e+07,
				"retransmits":	0,
				"omitted":	false
			}
		}, {
			"streams":	[{
					"socket":	4,
					"start":	9.00021,
					"end":	10.0005,
					"seconds":	1.00025,
					"bytes":	6291456,
					"bits_per_second":	5.0319e+07,
					"retransmits":	0,
					"snd_cwnd":	667528,
					"omitted":	false
				}],
			"sum":	{
				"start":	9.00021,
				"end":	10.0005,
				"seconds":	1.00025,
				"bytes":	6291456,
				"bits_per_second":	5.0319e+07,
				"retransmits":	0,
				"omitted":	false
			}
		}, {
			"streams":	[{
					"socket":	4,
					"start":	10.0005,
					"end":	11.0004,
					"seconds":	0.999991,
					"bytes":	6291456,
					"bits_per_second":	5.03321e+07,
					"retransmits":	0,
					"snd_cwnd":	667528,
					"omitted":	false
				}],
			"sum":	{
				"start":	10.0005,
				"end":	11.0004,
				"seconds":	0.999991,
				"bytes":	6291456,
				"bits_per_second":	5.03321e+07,
				"retransmits":	0,
				"omitted":	false
			}
		}, {
			"streams":	[{
					"socket":	4,
					"start":	11.0004,
					"end":	12.0004,
					"seconds":	0.999958,
					"bytes":	6160384,
					"bits_per_second":	4.92852e+07,
					"retransmits":	0,
					"snd_cwnd":	667528,
					"omitted":	false
				}],
			"sum":	{
				"start":	11.0004,
				"end":	12.0004,
				"seconds":	0.999958,
				"bytes":	6160384,
				"bits_per_second":	4.92852e+07,
				"retransmits":	0,
				"omitted":	false
			}
		}, {
			"streams":	[{
					"socket":	4,
					"start":	12.0004,
					"end":	13.0002,
					"seconds":	0.999766,
					"bytes":	6291456,
					"bits_per_second":	5.03434e+07,
					"retransmits":	0,
					"snd_cwnd":	667528,
					"omitted":	false
				}],
			"sum":	{
				"start":	12.0004,
				"end":	13.0002,
				"seconds":	0.999766,
				"bytes":	6291456,
				"bits_per_second":	5.03434e+07,
				"retransmits":	0,
				"omitted":	false
			}
		}, {
			"streams":	[{
					"socket":	4,
					"start":	13.0002,
					"end":	14.0003,
					"seconds":	1.00009,
					"bytes":	6291456,
					"bits_per_second":	5.0327e+07,
					"retransmits":	0,
					"snd_cwnd":	667528,
					"omitted":	false
				}],
			"sum":	{
				"start":	13.0002,
				"end":	14.0003,
				"seconds":	1.00009,
				"bytes":	6291456,
				"bits_per_second":	5.0327e+07,
				"retransmits":	0,
				"omitted":	false
			}
		}, {
			"streams":	[{
					"socket":	4,
					"start":	14.0003,
					"end":	15.0002,
					"seconds":	0.99995,
					"bytes":	6160384,
					"bits_per_second":	4.92855e+07,
					"retransmits":	0,
					"snd_cwnd":	667528,
					"omitted":	false
				}],
			"sum":	{
				"start":	14.0003,
				"end":	15.0002,
				"seconds":	0.99995,
				"bytes":	6160384,
				"bits_per_second":	4.92855e+07,
				"retransmits":	0,
				"omitted":	false
			}
		}, {
			"streams":	[{
					"socket":	4,
					"start":	15.0002,
					"end":	16.0036,
					"seconds":	1.00338,
					"bytes":	6291456,
					"bits_per_second":	5.0162e+07,
					"retransmits":	0,
					"snd_cwnd":	667528,
					"omitted":	false
				}],
			"sum":	{
				"start":	15.0002,
				"end":	16.0036,
				"seconds":	1.00338,
				"bytes":	6291456,
				"bits_per_second":	5.0162e+07,
				"retransmits":	0,
				"omitted":	false
			}
		}, {
			"streams":	[{
					"socket":	4,
					"start":	16.0036,
					"end":	17.0003,
					"seconds":	0.996687,
					"bytes":	6291456,
					"bits_per_second":	5.0499e+07,
					"retransmits":	0,
					"snd_cwnd":	667528,
					"omitted":	false
				}],
			"sum":	{
				"start":	16.0036,
				"end":	17.0003,
				"seconds":	0.996687,
				"bytes":	6291456,
				"bits_per_second":	5.0499e+07,
				"retransmits":	0,
				"omitted":	false
			}
		}, {
			"streams":	[{
					"socket":	4,
					"start":	17.0003,
					"end":	18.0002,
					"seconds":	0.999897,
					"bytes":	6160384,
					"bits_per_second":	4.92881e+07,
					"retransmits":	0,
					"snd_cwnd":	702280,
					"omitted":	false
				}],
			"sum":	{
				"start":	17.0003,
				"end":	18.0002,
				"seconds":	0.999897,
				"bytes":	6160384,
				"bits_per_second":	4.92881e+07,
				"retransmits":	0,
				"omitted":	false
			}
		}, {
			"streams":	[{
					"socket":	4,
					"start":	18.0002,
					"end":	19.0003,
					"seconds":	1.00015,
					"bytes":	6291456,
					"bits_per_second":	5.0324e+07,
					"retransmits":	0,
					"snd_cwnd":	702280,
					"omitted":	false
				}],
			"sum":	{
				"start":	18.0002,
				"end":	19.0003,
				"seconds":	1.00015,
				"bytes":	6291456,
				"bits_per_second":	5.0324e+07,
				"retransmits":	0,
				"omitted":	false
			}
		}],
	"end":	{
		"streams":	[{
				"sender":	{
					"socket":	4,
					"start":	0,
					"end":	19.0003,
					"seconds":	19.0003,
					"bytes":	118195728,
					"bits_per_second":	4.97658e+07,
					"retransmits":	0
				},
				"receiver":	{
					"socket":	4,
					"start":	0,
					"end":	19.0003,
					"seconds":	19.0003,
					"bytes":	118195728,
					"bits_per_second":	4.97658e+07
				}
			}],
		"sum_sent":	{
			"start":	0,
			"end":	19.0003,
			"seconds":	19.0003,
			"bytes":	118195728,
			"bits_per_second":	4.97658e+07,
			"retransmits":	0
		},
		"sum_received":	{
			"start":	0,
			"end":	19.0003,
			"seconds":	19.0003,
			"bytes":	118195728,
			"bits_per_second":	4.97658e+07
		},
		"cpu_utilization_percent":	{
			"host_total":	1.23748,
			"host_user":	0.449758,
			"host_system":	0.787714,
			"remote_total":	3.84798,
			"remote_user":	0.256324,
			"remote_system":	3.59165
		}
	}
}
