{
	"start":	{
		"connected":	[{
				"socket":	4,
				"local_host":	"10.0.0.1",
				"local_port":	36944,
				"remote_host":	"10.0.0.11",
				"remote_port":	3000
			}],
		"version":	"iperf 3.0.7",
		"system_info":	"Linux BS1 5.4.197-0504197-generic #202206060747 SMP Mon Jun 6 09:27:47 UTC 2022 x86_64 x86_64 x86_64 GNU/Linux\n",
		"timestamp":	{
			"time":	"Mon, 25 Jul 2022 21:47:52 GMT",
			"timesecs":	1658785672
		},
		"connecting_to":	{
			"host":	"10.0.0.11",
			"port":	3000
		},
		"cookie":	"BS1.1658785672.188407.73d93c345ca0bd",
		"tcp_mss_default":	1448,
		"test_start":	{
			"protocol":	"TCP",
			"num_streams":	1,
			"blksize":	131072,
			"omit":	0,
			"duration":	1,
			"bytes":	0,
			"blocks":	0,
			"reverse":	0
		}
	},
	"intervals":	[{
			"streams":	[{
					"socket":	4,
					"start":	0,
					"end":	1.02944,
					"seconds":	1.02944,
					"bytes":	6959792,
					"bits_per_second":	5.40863e+07,
					"retransmits":	12,
					"snd_cwnd":	202720,
					"omitted":	false
				}],
			"sum":	{
				"start":	0,
				"end":	1.02944,
				"seconds":	1.02944,
				"bytes":	6959792,
				"bits_per_second":	5.40863e+07,
				"retransmits":	12,
				"omitted":	false
			}
		}],
	"end":	{
		"streams":	[{
				"sender":	{
					"socket":	4,
					"start":	0,
					"end":	1.02944,
					"seconds":	1.02944,
					"bytes":	6959792,
					"bits_per_second":	5.40863e+07,
					"retransmits":	12
				},
				"receiver":	{
					"socket":	4,
					"start":	0,
					"end":	1.02944,
					"seconds":	1.02944,
					"bytes":	6324864,
					"bits_per_second":	4.91521e+07
				}
			}],
		"sum_sent":	{
			"start":	0,
			"end":	1.02944,
			"seconds":	1.02944,
			"bytes":	6959792,
			"bits_per_second":	5.40863e+07,
			"retransmits":	12
		},
		"sum_received":	{
			"start":	0,
			"end":	1.02944,
			"seconds":	1.02944,
			"bytes":	6324864,
			"bits_per_second":	4.91521e+07
		},
		"cpu_utilization_percent":	{
			"host_total":	6.31359,
			"host_user":	2.31114,
			"host_system":	4.00218,
			"remote_total":	5.48074,
			"remote_user":	1.00646,
			"remote_system":	4.47436
		}
	}
}
