{
	"start":	{
		"connected":	[{
				"socket":	4,
				"local_host":	"10.0.0.4",
				"local_port":	47809,
				"remote_host":	"10.0.0.14",
				"remote_port":	3264
			}],
		"version":	"iperf 3.0.7",
		"system_info":	"Linux BS4 5.4.197-0504197-generic #202206060747 SMP Mon Jun 6 09:27:47 UTC 2022 x86_64 x86_64 x86_64 GNU/Linux\n",
		"timestamp":	{
			"time":	"Mon, 25 Jul 2022 21:47:20 GMT",
			"timesecs":	1658785640
		},
		"connecting_to":	{
			"host":	"10.0.0.14",
			"port":	3264
		},
		"cookie":	"BS4.1658785639.966879.7931de047ff2f5",
		"test_start":	{
			"protocol":	"UDP",
			"num_streams":	1,
			"blksize":	8192,
			"omit":	0,
			"duration":	39,
			"bytes":	0,
			"blocks":	0,
			"reverse":	0
		}
	},
	"intervals":	[{
			"streams":	[{
					"socket":	4,
					"start":	0,
					"end":	1.00063,
					"seconds":	1.00063,
					"bytes":	5799936,
					"bits_per_second":	4.63705e+07,
					"packets":	708,
					"omitted":	false
				}],
			"sum":	{
				"start":	0,
				"end":	1.00063,
				"seconds":	1.00063,
				"bytes":	5799936,
				"bits_per_second":	4.63705e+07,
				"packets":	708,
				"omitted":	false
			}
		}, {
			"streams":	[{
					"socket":	4,
					"start":	1.00063,
					"end":	2.0218,
					"seconds":	1.02117,
					"bytes":	6094848,
					"bits_per_second":	4.7748e+07,
					"packets":	744,
					"omitted":	false
				}],
			"sum":	{
				"start":	1.00063,
				"end":	2.0218,
				"seconds":	1.02117,
				"bytes":	6094848,
				"bits_per_second":	4.7748e+07,
				"packets":	744,
				"omitted":	false
			}
		}, {
			"streams":	[{
					"socket":	4,
					"start":	2.0218,
					"end":	3.0005,
					"seconds":	0.978708,
					"bytes":	6356992,
					"bits_per_second":	5.19623e+07,
					"packets":	776,
					"omitted":	false
				}],
			"sum":	{
				"start":	2.0218,
				"end":	3.0005,
				"seconds":	0.978708,
				"bytes":	6356992,
				"bits_per_second":	5.19623e+07,
				"packets":	776,
				"omitted":	false
			}
		}, {
			"streams":	[{
					"socket":	4,
					"start":	3.0005,
					"end":	4.0032,
					"seconds":	1.0027,
					"bytes":	6496256,
					"bits_per_second":	5.18302e+07,
					"packets":	793,
					"omitted":	false
				}],
			"sum":	{
				"start":	3.0005,
				"end":	4.0032,
				"seconds":	1.0027,
				"bytes":	6496256,
				"bits_per_second":	5.18302e+07,
				"packets":	793,
				"omitted":	false
			}
		}, {
			"streams":	[{
					"socket":	4,
					"start":	4.0032,
					"end":	5.00027,
					"seconds":	0.997069,
					"bytes":	5939200,
					"bits_per_second":	4.76533e+07,
					"packets":	725,
					"omitted":	false
				}],
			"sum":	{
				"start":	4.0032,
				"end":	5.00027,
				"seconds":	0.997069,
				"bytes":	5939200,
				"bits_per_second":	4.76533e+07,
				"packets":	725,
				"omitted":	false
			}
		}, {
			"streams":	[{
					"socket":	4,
					"start":	5.00027,
					"end":	6.00027,
					"seconds":	1,
					"bytes":	6209536,
					"bits_per_second":	4.96762e+07,
					"packets":	758,
					"omitted":	false
				}],
			"sum":	{
				"start":	5.00027,
				"end":	6.00027,
				"seconds":	1,
				"bytes":	6209536,
				"bits_per_second":	4.96762e+07,
				"packets":	758,
				"omitted":	false
			}
		}, {
			"streams":	[{
					"socket":	4,
					"start":	6.00027,
					"end":	7.00118,
					"seconds":	1.00091,
					"bytes":	6365184,
					"bits_per_second":	5.08753e+07,
					"packets":	777,
					"omitted":	false
				}],
			"sum":	{
				"start":	6.00027,
				"end":	7.00118,
				"seconds":	1.00091,
				"bytes":	6365184,
				"bits_per_second":	5.08753e+07,
				"packets":	777,
				"omitted":	false
			}
		}, {
			"streams":	[{
					"socket":	4,
					"start":	7.00118,
					"end":	8.00041,
					"seconds":	0.999228,
					"bytes":	6291456,
					"bits_per_second":	5.03705e+07,
					"packets":	768,
					"omitted":	false
				}],
			"sum":	{
				"start":	7.00118,
				"end":	8.00041,
				"seconds":	0.999228,
				"bytes":	6291456,
				"bits_per_second":	5.03705e+07,
				"packets":	768,
				"omitted":	false
			}
		}, {
			"streams":	[{
					"socket":	4,
					"start":	8.00041,
					"end":	9.00182,
					"seconds":	1.00141,
					"bytes":	6209536,
					"bits_per_second":	4.96065e+07,
					"packets":	758,
					"omitted":	false
				}],
			"sum":	{
				"start":	8.00041,
				"end":	9.00182,
				"seconds":	1.00141,
				"bytes":	6209536,
				"bits_per_second":	4.96065e+07,
				"packets":	758,
				"omitted":	false
			}
		}, {
			"streams":	[{
					"socket":	4,
					"start":	9.00182,
					"end":	10.0002,
					"seconds":	0.998422,
					"bytes":	6176768,
					"bits_per_second":	4.94922e+07,
					"packets":	754,
					"omitted":	false
				}],
			"sum":	{
				"start":	9.00182,
				"end":	10.0002,
				"seconds":	0.998422,
				"bytes":	6176768,
				"bits_per_second":	4.94922e+07,
				"packets":	754,
				"omitted":	false
			}
		}, {
			"streams":	[{
					"socket":	4,
					"start":	10.0002,
					"end":	11.0002,
					"seconds":	0.999978,
					"bytes":	6479872,
					"bits_per_second":	5.18401e+07,
					"packets":	791,
					"omitted":	false
				}],
			"sum":	{
				"start":	10.0002,
				"end":	11.0002,
				"seconds":	0.999978,
				"bytes":	6479872,
				"bits_per_second":	5.18401e+07,
				"packets":	791,
				"omitted":	false
			}
		}, {
			"streams":	[{
					"socket":	4,
					"start":	11.0002,
					"end":	12.0006,
					"seconds":	1.00042,
					"bytes":	5971968,
					"bits_per_second":	4.77555e+07,
					"packets":	729,
					"omitted":	false
				}],
			"sum":	{
				"start":	11.0002,
				"end":	12.0006,
				"seconds":	1.00042,
				"bytes":	5971968,
				"bits_per_second":	4.77555e+07,
				"packets":	729,
				"omitted":	false
			}
		}, {
			"streams":	[{
					"socket":	4,
					"start":	12.0006,
					"end":	13.0003,
					"seconds":	0.999638,
					"bytes":	6250496,
					"bits_per_second":	5.00221e+07,
					"packets":	763,
					"omitted":	false
				}],
			"sum":	{
				"start":	12.0006,
				"end":	13.0003,
				"seconds":	0.999638,
				"bytes":	6250496,
				"bits_per_second":	5.00221e+07,
				"packets":	763,
				"omitted":	false
			}
		}, {
			"streams":	[{
					"socket":	4,
					"start":	13.0003,
					"end":	14.0005,
					"seconds":	1.00024,
					"bytes":	6258688,
					"bits_per_second":	5.00576e+07,
					"packets":	764,
					"omitted":	false
				}],
			"sum":	{
				"start":	13.0003,
				"end":	14.0005,
				"seconds":	1.00024,
				"bytes":	6258688,
				"bits_per_second":	5.00576e+07,
				"packets":	764,
				"omitted":	false
			}
		}, {
			"streams":	[{
					"socket":	4,
					"start":	14.0005,
					"end":	15.0005,
					"seconds":	0.999954,
					"bytes":	6250496,
					"bits_per_second":	5.00063e+07,
					"packets":	763,
					"omitted":	false
				}],
			"sum":	{
				"start":	14.0005,
				"end":	15.0005,
				"seconds":	0.999954,
				"bytes":	6250496,
				"bits_per_second":	5.00063e+07,
				"packets":	763,
				"omitted":	false
			}
		}, {
			"streams":	[{
					"socket":	4,
					"start":	15.0005,
					"end":	16.0004,
					"seconds":	0.999975,
					"bytes":	6250496,
					"bits_per_second":	5.00052e+07,
					"packets":	763,
					"omitted":	false
				}],
			"sum":	{
				"start":	15.0005,
				"end":	16.0004,
				"seconds":	0.999975,
				"bytes":	6250496,
				"bits_per_second":	5.00052e+07,
				"packets":	763,
				"omitted":	false
			}
		}, {
			"streams":	[{
					"socket":	4,
					"start":	16.0004,
					"end":	17.0002,
					"seconds":	0.999787,
					"bytes":	6242304,
					"bits_per_second":	4.99491e+07,
					"packets":	762,
					"omitted":	false
				}],
			"sum":	{
				"start":	16.0004,
				"end":	17.0002,
				"seconds":	0.999787,
				"bytes":	6242304,
				"bits_per_second":	4.99491e+07,
				"packets":	762,
				"omitted":	false
			}
		}, {
			"streams":	[{
					"socket":	4,
					"start":	17.0002,
					"end":	18.0004,
					"seconds":	1.00022,
					"bytes":	6258688,
					"bits_per_second":	5.00586e+07,
					"packets":	764,
					"omitted":	false
				}],
			"sum":	{
				"start":	17.0002,
				"end":	18.0004,
				"seconds":	1.00022,
				"bytes":	6258688,
				"bits_per_second":	5.00586e+07,
				"packets":	764,
				"omitted":	false
			}
		}, {
			"streams":	[{
					"socket":	4,
					"start":	18.0004,
					"end":	19.0091,
					"seconds":	1.00862,
					"bytes":	6635520,
					"bits_per_second":	5.26305e+07,
					"packets":	810,
					"omitted":	false
				}],
			"sum":	{
				"start":	18.0004,
				"end":	19.0091,
				"seconds":	1.00862,
				"bytes":	6635520,
				"bits_per_second":	5.26305e+07,
				"packets":	810,
				"omitted":	false
			}
		}, {
			"streams":	[{
					"socket":	4,
					"start":	19.0091,
					"end":	20.0002,
					"seconds":	0.991137,
					"bytes":	5865472,
					"bits_per_second":	4.73434e+07,
					"packets":	716,
					"omitted":	false
				}],
			"sum":	{
				"start":	19.0091,
				"end":	20.0002,
				"seconds":	0.991137,
				"bytes":	5865472,
				"bits_per_second":	4.73434e+07,
				"packets":	716,
				"omitted":	false
			}
		}, {
			"streams":	[{
					"socket":	4,
					"start":	20.0002,
					"end":	21.0004,
					"seconds":	1.00023,
					"bytes":	6258688,
					"bits_per_second":	5.00582e+07,
					"packets":	764,
					"omitted":	false
				}],
			"sum":	{
				"start":	20.0002,
				"end":	21.0004,
				"seconds":	1.00023,
				"bytes":	6258688,
				"bits_per_second":	5.00582e+07,
				"packets":	764,
				"omitted":	false
			}
		}, {
			"streams":	[{
					"socket":	4,
					"start":	21.0004,
					"end":	22.0005,
					"seconds":	1.00007,
					"bytes":	6488064,
					"bits_per_second":	5.19011e+07,
					"packets":	792,
					"omitted":	false
				}],
			"sum":	{
				"start":	21.0004,
				"end":	22.0005,
				"seconds":	1.00007,
				"bytes":	6488064,
				"bits_per_second":	5.19011e+07,
				"packets":	792,
				"omitted":	false
			}
		}, {
			"streams":	[{
					"socket":	4,
					"start":	22.0005,
					"end":	23.0001,
					"seconds":	0.999656,
					"bytes":	6037504,
					"bits_per_second":	4.83167e+07,
					"packets":	737,
					"omitted":	false
				}],
			"sum":	{
				"start":	22.0005,
				"end":	23.0001,
				"seconds":	0.999656,
				"bytes":	6037504,
				"bits_per_second":	4.83167e+07,
				"packets":	737,
				"omitted":	false
			}
		}, {
			"streams":	[{
					"socket":	4,
					"start":	23.0001,
					"end":	24.0006,
					"seconds":	1.00049,
					"bytes":	6283264,
					"bits_per_second":	5.02414e+07,
					"packets":	767,
					"omitted":	false
				}],
			"sum":	{
				"start":	23.0001,
				"end":	24.0006,
				"seconds":	1.00049,
				"bytes":	6283264,
				"bits_per_second":	5.02414e+07,
				"packets":	767,
				"omitted":	false
			}
		}, {
			"streams":	[{
					"socket":	4,
					"start":	24.0006,
					"end":	25.0008,
					"seconds":	1.00013,
					"bytes":	6619136,
					"bits_per_second":	5.29461e+07,
					"packets":	808,
					"omitted":	false
				}],
			"sum":	{
				"start":	24.0006,
				"end":	25.0008,
				"seconds":	1.00013,
				"bytes":	6619136,
				"bits_per_second":	5.29461e+07,
				"packets":	808,
				"omitted":	false
			}
		}, {
			"streams":	[{
					"socket":	4,
					"start":	25.0008,
					"end":	26.0008,
					"seconds":	1.00001,
					"bytes":	6127616,
					"bits_per_second":	4.90202e+07,
					"packets":	748,
					"omitted":	false
				}],
			"sum":	{
				"start":	25.0008,
				"end":	26.0008,
				"seconds":	1.00001,
				"bytes":	6127616,
				"bits_per_second":	4.90202e+07,
				"packets":	748,
				"omitted":	false
			}
		}, {
			"streams":	[{
					"socket":	4,
					"start":	26.0008,
					"end":	27.0001,
					"seconds":	0.999355,
					"bytes":	6078464,
					"bits_per_second":	4.86591e+07,
					"packets":	742,
					"omitted":	false
				}],
			"sum":	{
				"start":	26.0008,
				"end":	27.0001,
				"seconds":	0.999355,
				"bytes":	6078464,
				"bits_per_second":	4.86591e+07,
				"packets":	742,
				"omitted":	false
			}
		}, {
			"streams":	[{
					"socket":	4,
					"start":	27.0001,
					"end":	28.0001,
					"seconds":	0.999947,
					"bytes":	6201344,
					"bits_per_second":	4.96134e+07,
					"packets":	757,
					"omitted":	false
				}],
			"sum":	{
				"start":	27.0001,
				"end":	28.0001,
				"seconds":	0.999947,
				"bytes":	6201344,
				"bits_per_second":	4.96134e+07,
				"packets":	757,
				"omitted":	false
			}
		}, {
			"streams":	[{
					"socket":	4,
					"start":	28.0001,
					"end":	29.0005,
					"seconds":	1.00038,
					"bytes":	6225920,
					"bits_per_second":	4.97885e+07,
					"packets":	760,
					"omitted":	false
				}],
			"sum":	{
				"start":	28.0001,
				"end":	29.0005,
				"seconds":	1.00038,
				"bytes":	6225920,
				"bits_per_second":	4.97885e+07,
				"packets":	760,
				"omitted":	false
			}
		}, {
			"streams":	[{
					"socket":	4,
					"start":	29.0005,
					"end":	30.0002,
					"seconds":	0.999737,
					"bytes":	6242304,
					"bits_per_second":	4.99516e+07,
					"packets":	762,
					"omitted":	false
				}],
			"sum":	{
				"start":	29.0005,
				"end":	30.0002,
				"seconds":	0.999737,
				"bytes":	6242304,
				"bits_per_second":	4.99516e+07,
				"packets":	762,
				"omitted":	false
			}
		}, {
			"streams":	[{
					"socket":	4,
					"start":	30.0002,
					"end":	31.0005,
					"seconds":	1.00033,
					"bytes":	6234112,
					"bits_per_second":	4.98566e+07,
					"packets":	761,
					"omitted":	false
				}],
			"sum":	{
				"start":	30.0002,
				"end":	31.0005,
				"seconds":	1.00033,
				"bytes":	6234112,
				"bits_per_second":	4.98566e+07,
				"packets":	761,
				"omitted":	false
			}
		}, {
			"streams":	[{
					"socket":	4,
					"start":	31.0005,
					"end":	32.0115,
					"seconds":	1.01093,
					"bytes":	6455296,
					"bits_per_second":	5.1084e+07,
					"packets":	788,
					"omitted":	false
				}],
			"sum":	{
				"start":	31.0005,
				"end":	32.0115,
				"seconds":	1.01093,
				"bytes":	6455296,
				"bits_per_second":	5.1084e+07,
				"packets":	788,
				"omitted":	false
			}
		}, {
			"streams":	[{
					"socket":	4,
					"start":	32.0115,
					"end":	33.0004,
					"seconds":	0.988917,
					"bytes":	6062080,
					"bits_per_second":	4.90401e+07,
					"packets":	740,
					"omitted":	false
				}],
			"sum":	{
				"start":	32.0115,
				"end":	33.0004,
				"seconds":	0.988917,
				"bytes":	6062080,
				"bits_per_second":	4.90401e+07,
				"packets":	740,
				"omitted":	false
			}
		}, {
			"streams":	[{
					"socket":	4,
					"start":	33.0004,
					"end":	34.0009,
					"seconds":	1.00049,
					"bytes":	6209536,
					"bits_per_second":	4.96521e+07,
					"packets":	758,
					"omitted":	false
				}],
			"sum":	{
				"start":	33.0004,
				"end":	34.0009,
				"seconds":	1.00049,
				"bytes":	6209536,
				"bits_per_second":	4.96521e+07,
				"packets":	758,
				"omitted":	false
			}
		}, {
			"streams":	[{
					"socket":	4,
					"start":	34.0009,
					"end":	35.0004,
					"seconds":	0.999534,
					"bytes":	6250496,
					"bits_per_second":	5.00273e+07,
					"packets":	763,
					"omitted":	false
				}],
			"sum":	{
				"start":	34.0009,
				"end":	35.0004,
				"seconds":	0.999534,
				"bytes":	6250496,
				"bits_per_second":	5.00273e+07,
				"packets":	763,
				"omitted":	false
			}
		}, {
			"streams":	[{
					"socket":	4,
					"start":	35.0004,
					"end":	36.0003,
					"seconds":	0.999914,
					"bytes":	6479872,
					"bits_per_second":	5.18434e+07,
					"packets":	791,
					"omitted":	false
				}],
			"sum":	{
				"start":	35.0004,
				"end":	36.0003,
				"seconds":	0.999914,
				"bytes":	6479872,
				"bits_per_second":	5.18434e+07,
				"packets":	791,
				"omitted":	false
			}
		}, {
			"streams":	[{
					"socket":	4,
					"start":	36.0003,
					"end":	37.0009,
					"seconds":	1.00062,
					"bytes":	6037504,
					"bits_per_second":	4.82701e+07,
					"packets":	737,
					"omitted":	false
				}],
			"sum":	{
				"start":	36.0003,
				"end":	37.0009,
				"seconds":	1.00062,
				"bytes":	6037504,
				"bits_per_second":	4.82701e+07,
				"packets":	737,
				"omitted":	false
			}
		}, {
			"streams":	[{
					"socket":	4,
					"start":	37.0009,
					"end":	38.0002,
					"seconds":	0.999252,
					"bytes":	6258688,
					"bits_per_second":	5.0107e+07,
					"packets":	764,
					"omitted":	false
				}],
			"sum":	{
				"start":	37.0009,
				"end":	38.0002,
				"seconds":	0.999252,
				"bytes":	6258688,
				"bits_per_second":	5.0107e+07,
				"packets":	764,
				"omitted":	false
			}
		}, {
			"streams":	[{
					"socket":	4,
					"start":	38.0002,
					"end":	39.0007,
					"seconds":	1.00053,
					"bytes":	6283264,
					"bits_per_second":	5.02394e+07,
					"packets":	767,
					"omitted":	false
				}],
			"sum":	{
				"start":	38.0002,
				"end":	39.0007,
				"seconds":	1.00053,
				"bytes":	6283264,
				"bits_per_second":	5.02394e+07,
				"packets":	767,
				"omitted":	false
			}
		}],
	"end":	{
		"streams":	[{
				"udp":	{
					"socket":	4,
					"start":	0,
					"end":	39.0007,
					"seconds":	39.0007,
					"bytes":	243236864,
					"bits_per_second":	4.98938e+07,
					"jitter_ms":	0.739854,
					"lost_packets":	710,
					"packets":	29692,
					"lost_percent":	2.39122
				}
			}],
		"sum":	{
			"start":	0,
			"end":	39.0007,
			"seconds":	39.0007,
			"bytes":	243236864,
			"bits_per_second":	4.98938e+07,
			"jitter_ms":	0.739854,
			"lost_packets":	710,
			"packets":	29692,
			"lost_percent":	2.39122
		},
		"cpu_utilization_percent":	{
			"host_total":	9.5248,
			"host_user":	0.296961,
			"host_system":	9.22747,
			"remote_total":	6.03748,
			"remote_user":	0.539597,
			"remote_system":	5.49786
		}
	}
}
