{
	"start":	{
		"connected":	[{
				"socket":	4,
				"local_host":	"10.0.0.2",
				"local_port":	57618,
				"remote_host":	"10.0.0.10",
				"remote_port":	3556
			}],
		"version":	"iperf 3.0.7",
		"system_info":	"Linux H2 5.4.197-0504197-generic #202206060747 SMP Mon Jun 6 09:27:47 UTC 2022 x86_64 x86_64 x86_64 GNU/Linux\n",
		"timestamp":	{
			"time":	"Fri, 22 Jul 2022 09:31:25 GMT",
			"timesecs":	1658482285
		},
		"connecting_to":	{
			"host":	"10.0.0.10",
			"port":	3556
		},
		"cookie":	"H2.1658482285.254059.0c9c47f102f7b54",
		"tcp_mss_default":	1448,
		"test_start":	{
			"protocol":	"TCP",
			"num_streams":	1,
			"blksize":	131072,
			"omit":	0,
			"duration":	5,
			"bytes":	0,
			"blocks":	0,
			"reverse":	0
		}
	},
	"intervals":	[{
			"streams":	[{
					"socket":	4,
					"start":	0,
					"end":	1.00027,
					"seconds":	1.00027,
					"bytes":	1690848,
					"bits_per_second":	1.35232e+07,
					"retransmits":	0,
					"snd_cwnd":	89776,
					"omitted":	false
				}],
			"sum":	{
				"start":	0,
				"end":	1.00027,
				"seconds":	1.00027,
				"bytes":	1690848,
				"bits_per_second":	1.35232e+07,
				"retransmits":	0,
				"omitted":	false
			}
		}, {
			"streams":	[{
					"socket":	4,
					"start":	1.00027,
					"end":	2.0008,
					"seconds":	1.00054,
					"bytes":	1966080,
					"bits_per_second":	1.57202e+07,
					"retransmits":	0,
					"snd_cwnd":	125976,
					"omitted":	false
				}],
			"sum":	{
				"start":	1.00027,
				"end":	2.0008,
				"seconds":	1.00054,
				"bytes":	1966080,
				"bits_per_second":	1.57202e+07,
				"retransmits":	0,
				"omitted":	false
			}
		}, {
			"streams":	[{
					"socket":	4,
					"start":	2.0008,
					"end":	3.00059,
					"seconds":	0.999785,
					"bytes":	1835008,
					"bits_per_second":	1.46832e+07,
					"retransmits":	0,
					"snd_cwnd":	162176,
					"omitted":	false
				}],
			"sum":	{
				"start":	2.0008,
				"end":	3.00059,
				"seconds":	0.999785,
				"bytes":	1835008,
				"bits_per_second":	1.46832e+07,
				"retransmits":	0,
				"omitted":	false
			}
		}, {
			"streams":	[{
					"socket":	4,
					"start":	3.00059,
					"end":	4.00021,
					"seconds":	0.99962,
					"bytes":	1835008,
					"bits_per_second":	1.46856e+07,
					"retransmits":	0,
					"snd_cwnd":	179552,
					"omitted":	false
				}],
			"sum":	{
				"start":	3.00059,
				"end":	4.00021,
				"seconds":	0.99962,
				"bytes":	1835008,
				"bits_per_second":	1.46856e+07,
				"retransmits":	0,
				"omitted":	false
			}
		}, {
			"streams":	[{
					"socket":	4,
					"start":	4.00021,
					"end":	5.00036,
					"seconds":	1.00015,
					"bytes":	1966080,
					"bits_per_second":	1.57263e+07,
					"retransmits":	0,
					"snd_cwnd":	191136,
					"omitted":	false
				}],
			"sum":	{
				"start":	4.00021,
				"end":	5.00036,
				"seconds":	1.00015,
				"bytes":	1966080,
				"bits_per_second":	1.57263e+07,
				"retransmits":	0,
				"omitted":	false
			}
		}],
	"end":	{
		"streams":	[{
				"sender":	{
					"socket":	4,
					"start":	0,
					"end":	5.00036,
					"seconds":	5.00036,
					"bytes":	9293024,
					"bits_per_second":	1.48678e+07,
					"retransmits":	0
				},
				"receiver":	{
					"socket":	4,
					"start":	0,
					"end":	5.00036,
					"seconds":	5.00036,
					"bytes":	9293024,
					"bits_per_second":	1.48678e+07
				}
			}],
		"sum_sent":	{
			"start":	0,
			"end":	5.00036,
			"seconds":	5.00036,
			"bytes":	9293024,
			"bits_per_second":	1.48678e+07,
			"retransmits":	0
		},
		"sum_received":	{
			"start":	0,
			"end":	5.00036,
			"seconds":	5.00036,
			"bytes":	9293024,
			"bits_per_second":	1.48678e+07
		},
		"cpu_utilization_percent":	{
			"host_total":	0.465287,
			"host_user":	0,
			"host_system":	0.465227,
			"remote_total":	1.6005,
			"remote_user":	0.415412,
			"remote_system":	1.18507
		}
	}
}
