{
	"start":	{
		"connected":	[{
				"socket":	4,
				"local_host":	"10.0.0.4",
				"local_port":	57964,
				"remote_host":	"10.0.0.13",
				"remote_port":	3926
			}],
		"version":	"iperf 3.0.7",
		"system_info":	"Linux H4 5.4.197-0504197-generic #202206060747 SMP Mon Jun 6 09:27:47 UTC 2022 x86_64 x86_64 x86_64 GNU/Linux\n",
		"timestamp":	{
			"time":	"Fri, 22 Jul 2022 16:21:37 GMT",
			"timesecs":	1658506897
		},
		"connecting_to":	{
			"host":	"10.0.0.13",
			"port":	3926
		},
		"cookie":	"H4.1658506897.638541.3e08b6ba709c4c2",
		"tcp_mss_default":	1448,
		"test_start":	{
			"protocol":	"TCP",
			"num_streams":	1,
			"blksize":	131072,
			"omit":	0,
			"duration":	5,
			"bytes":	0,
			"blocks":	0,
			"reverse":	0
		}
	},
	"intervals":	[{
			"streams":	[{
					"socket":	4,
					"start":	0,
					"end":	1.00081,
					"seconds":	1.00081,
					"bytes":	1783520,
					"bits_per_second":	1.42567e+07,
					"retransmits":	0,
					"snd_cwnd":	98464,
					"omitted":	false
				}],
			"sum":	{
				"start":	0,
				"end":	1.00081,
				"seconds":	1.00081,
				"bytes":	1783520,
				"bits_per_second":	1.42567e+07,
				"retransmits":	0,
				"omitted":	false
			}
		}, {
			"streams":	[{
					"socket":	4,
					"start":	1.00081,
					"end":	2.00074,
					"seconds":	0.999937,
					"bytes":	1835008,
					"bits_per_second":	1.4681e+07,
					"retransmits":	0,
					"snd_cwnd":	114392,
					"omitted":	false
				}],
			"sum":	{
				"start":	1.00081,
				"end":	2.00074,
				"seconds":	0.999937,
				"bytes":	1835008,
				"bits_per_second":	1.4681e+07,
				"retransmits":	0,
				"omitted":	false
			}
		}, {
			"streams":	[{
					"socket":	4,
					"start":	2.00074,
					"end":	3.00071,
					"seconds":	0.999968,
					"bytes":	1835008,
					"bits_per_second":	1.46805e+07,
					"retransmits":	0,
					"snd_cwnd":	149144,
					"omitted":	false
				}],
			"sum":	{
				"start":	2.00074,
				"end":	3.00071,
				"seconds":	0.999968,
				"bytes":	1835008,
				"bits_per_second":	1.46805e+07,
				"retransmits":	0,
				"omitted":	false
			}
		}, {
			"streams":	[{
					"socket":	4,
					"start":	3.00071,
					"end":	4.00026,
					"seconds":	0.999546,
					"bytes":	1966080,
					"bits_per_second":	1.57358e+07,
					"retransmits":	0,
					"snd_cwnd":	188240,
					"omitted":	false
				}],
			"sum":	{
				"start":	3.00071,
				"end":	4.00026,
				"seconds":	0.999546,
				"bytes":	1966080,
				"bits_per_second":	1.57358e+07,
				"retransmits":	0,
				"omitted":	false
			}
		}, {
			"streams":	[{
					"socket":	4,
					"start":	4.00026,
					"end":	5.00062,
					"seconds":	1.00036,
					"bytes":	1835008,
					"bits_per_second":	1.46748e+07,
					"retransmits":	0,
					"snd_cwnd":	188240,
					"omitted":	false
				}],
			"sum":	{
				"start":	4.00026,
				"end":	5.00062,
				"seconds":	1.00036,
				"bytes":	1835008,
				"bits_per_second":	1.46748e+07,
				"retransmits":	0,
				"omitted":	false
			}
		}],
	"end":	{
		"streams":	[{
				"sender":	{
					"socket":	4,
					"start":	0,
					"end":	5.00062,
					"seconds":	5.00062,
					"bytes":	9254624,
					"bits_per_second":	1.48056e+07,
					"retransmits":	0
				},
				"receiver":	{
					"socket":	4,
					"start":	0,
					"end":	5.00062,
					"seconds":	5.00062,
					"bytes":	9254624,
					"bits_per_second":	1.48056e+07
				}
			}],
		"sum_sent":	{
			"start":	0,
			"end":	5.00062,
			"seconds":	5.00062,
			"bytes":	9254624,
			"bits_per_second":	1.48056e+07,
			"retransmits":	0
		},
		"sum_received":	{
			"start":	0,
			"end":	5.00062,
			"seconds":	5.00062,
			"bytes":	9254624,
			"bits_per_second":	1.48056e+07
		},
		"cpu_utilization_percent":	{
			"host_total":	0.354059,
			"host_user":	0.354019,
			"host_system":	0,
			"remote_total":	1.08236,
			"remote_user":	0.564173,
			"remote_system":	0.518172
		}
	}
}
