{
	"start":	{
		"connected":	[{
				"socket":	5,
				"local_host":	"10.0.0.1",
				"local_port":	43418,
				"remote_host":	"10.0.0.7",
				"remote_port":	1215
			}],
		"version":	"iperf 3.7",
		"system_info":	"Linux H1 5.4.197-0504197-generic #202206060747 SMP Mon Jun 6 09:27:47 UTC 2022 x86_64",
		"timestamp":	{
			"time":	"Mon, 01 Aug 2022 00:25:43 GMT",
			"timesecs":	1659313543
		},
		"connecting_to":	{
			"host":	"10.0.0.7",
			"port":	1215
		},
		"cookie":	"74ldwpstxlg6fhjije6nw5z3vfeytxpw2onh",
		"tcp_mss_default":	1448,
		"target_bitrate":	15000000,
		"sock_bufsize":	0,
		"sndbuf_actual":	87380,
		"rcvbuf_actual":	87380,
		"test_start":	{
			"protocol":	"TCP",
			"num_streams":	1,
			"blksize":	131072,
			"omit":	0,
			"duration":	5,
			"bytes":	0,
			"blocks":	0,
			"reverse":	0,
			"tos":	0
		}
	},
	"intervals":	[{
			"streams":	[{
					"socket":	5,
					"start":	0,
					"end":	1.000446,
					"seconds":	1.0004459619522095,
					"bytes":	1966080,
					"bits_per_second":	15721628.751749957,
					"retransmits":	0,
					"snd_cwnd":	76744,
					"rtt":	3981,
					"rttvar":	1477,
					"pmtu":	1500,
					"omitted":	false,
					"sender":	true
				}],
			"sum":	{
				"start":	0,
				"end":	1.000446,
				"seconds":	1.0004459619522095,
				"bytes":	1966080,
				"bits_per_second":	15721628.751749957,
				"retransmits":	0,
				"omitted":	false,
				"sender":	true
			}
		}, {
			"streams":	[{
					"socket":	5,
					"start":	1.000446,
					"end":	2.000325,
					"seconds":	0.999879002571106,
					"bytes":	1835008,
					"bits_per_second":	14681840.464947691,
					"retransmits":	0,
					"snd_cwnd":	88328,
					"rtt":	4236,
					"rttvar":	1511,
					"pmtu":	1500,
					"omitted":	false,
					"sender":	true
				}],
			"sum":	{
				"start":	1.000446,
				"end":	2.000325,
				"seconds":	0.999879002571106,
				"bytes":	1835008,
				"bits_per_second":	14681840.464947691,
				"retransmits":	0,
				"omitted":	false,
				"sender":	true
			}
		}, {
			"streams":	[{
					"socket":	5,
					"start":	2.000325,
					"end":	3.000617,
					"seconds":	1.0002919435501099,
					"bytes":	1835008,
					"bits_per_second":	14675779.500831898,
					"retransmits":	0,
					"snd_cwnd":	94120,
					"rtt":	4081,
					"rttvar":	1593,
					"pmtu":	1500,
					"omitted":	false,
					"sender":	true
				}],
			"sum":	{
				"start":	2.000325,
				"end":	3.000617,
				"seconds":	1.0002919435501099,
				"bytes":	1835008,
				"bits_per_second":	14675779.500831898,
				"retransmits":	0,
				"omitted":	false,
				"sender":	true
			}
		}, {
			"streams":	[{
					"socket":	5,
					"start":	3.000617,
					"end":	4.001225,
					"seconds":	1.000607967376709,
					"bytes":	1966080,
					"bits_per_second":	15719083.310155654,
					"retransmits":	0,
					"snd_cwnd":	102808,
					"rtt":	4641,
					"rttvar":	1544,
					"pmtu":	1500,
					"omitted":	false,
					"sender":	true
				}],
			"sum":	{
				"start":	3.000617,
				"end":	4.001225,
				"seconds":	1.000607967376709,
				"bytes":	1966080,
				"bits_per_second":	15719083.310155654,
				"retransmits":	0,
				"omitted":	false,
				"sender":	true
			}
		}, {
			"streams":	[{
					"socket":	5,
					"start":	4.001225,
					"end":	5.000332,
					"seconds":	0.9991070032119751,
					"bytes":	1835008,
					"bits_per_second":	14693184.96698137,
					"retransmits":	0,
					"snd_cwnd":	102808,
					"rtt":	4430,
					"rttvar":	1638,
					"pmtu":	1500,
					"omitted":	false,
					"sender":	true
				}],
			"sum":	{
				"start":	4.001225,
				"end":	5.000332,
				"seconds":	0.9991070032119751,
				"bytes":	1835008,
				"bits_per_second":	14693184.96698137,
				"retransmits":	0,
				"omitted":	false,
				"sender":	true
			}
		}],
	"end":	{
		"streams":	[{
				"sender":	{
					"socket":	5,
					"start":	0,
					"end":	5.000332,
					"seconds":	5.000332,
					"bytes":	9437184,
					"bits_per_second":	15098491.860140486,
					"retransmits":	0,
					"max_snd_cwnd":	102808,
					"max_rtt":	4641,
					"min_rtt":	3981,
					"mean_rtt":	4273,
					"sender":	true
				},
				"receiver":	{
					"socket":	5,
					"start":	0,
					"end":	5.00075,
					"seconds":	5.000332,
					"bytes":	9437184,
					"bits_per_second":	15097229.81552767,
					"sender":	true
				}
			}],
		"sum_sent":	{
			"start":	0,
			"end":	5.000332,
			"seconds":	5.000332,
			"bytes":	9437184,
			"bits_per_second":	15098491.860140486,
			"retransmits":	0,
			"sender":	true
		},
		"sum_received":	{
			"start":	0,
			"end":	5.00075,
			"seconds":	5.00075,
			"bytes":	9437184,
			"bits_per_second":	15097229.81552767,
			"sender":	true
		},
		"cpu_utilization_percent":	{
			"host_total":	6.20579046140322,
			"host_user":	0,
			"host_system":	6.2059103889430007,
			"remote_total":	2.4343830711317449,
			"remote_user":	0,
			"remote_system":	2.43450282826428
		},
		"sender_tcp_congestion":	"cubic",
		"receiver_tcp_congestion":	"cubic"
	}
}
