{
	"start":	{
		"connected":	[{
				"socket":	4,
				"local_host":	"10.0.0.1",
				"local_port":	51078,
				"remote_host":	"10.0.0.11",
				"remote_port":	1718
			}],
		"version":	"iperf 3.0.7",
		"system_info":	"Linux BS1 5.4.197-0504197-generic #202206060747 SMP Mon Jun 6 09:27:47 UTC 2022 x86_64 x86_64 x86_64 GNU/Linux\n",
		"timestamp":	{
			"time":	"Mon, 25 Jul 2022 21:51:14 GMT",
			"timesecs":	1658785874
		},
		"connecting_to":	{
			"host":	"10.0.0.11",
			"port":	1718
		},
		"cookie":	"BS1.1658785874.895043.6f8eaeea3bd50f",
		"test_start":	{
			"protocol":	"UDP",
			"num_streams":	1,
			"blksize":	8192,
			"omit":	0,
			"duration":	8,
			"bytes":	0,
			"blocks":	0,
			"reverse":	0
		}
	},
	"intervals":	[{
			"streams":	[{
					"socket":	4,
					"start":	0,
					"end":	1.00025,
					"seconds":	1.00025,
					"bytes":	15892480,
					"bits_per_second":	1.27109e+08,
					"packets":	1940,
					"omitted":	false
				}],
			"sum":	{
				"start":	0,
				"end":	1.00025,
				"seconds":	1.00025,
				"bytes":	15892480,
				"bits_per_second":	1.27109e+08,
				"packets":	1940,
				"omitted":	false
			}
		}, {
			"streams":	[{
					"socket":	4,
					"start":	1.00025,
					"end":	2.00009,
					"seconds":	0.999847,
					"bytes":	19505152,
					"bits_per_second":	1.56065e+08,
					"packets":	2381,
					"omitted":	false
				}],
			"sum":	{
				"start":	1.00025,
				"end":	2.00009,
				"seconds":	0.999847,
				"bytes":	19505152,
				"bits_per_second":	1.56065e+08,
				"packets":	2381,
				"omitted":	false
			}
		}, {
			"streams":	[{
					"socket":	4,
					"start":	2.00009,
					"end":	3.00002,
					"seconds":	0.999925,
					"bytes":	26034176,
					"bits_per_second":	2.08289e+08,
					"packets":	3178,
					"omitted":	false
				}],
			"sum":	{
				"start":	2.00009,
				"end":	3.00002,
				"seconds":	0.999925,
				"bytes":	26034176,
				"bits_per_second":	2.08289e+08,
				"packets":	3178,
				"omitted":	false
			}
		}, {
			"streams":	[{
					"socket":	4,
					"start":	3.00002,
					"end":	4.00106,
					"seconds":	1.00104,
					"bytes":	25288704,
					"bits_per_second":	2.02099e+08,
					"packets":	3087,
					"omitted":	false
				}],
			"sum":	{
				"start":	3.00002,
				"end":	4.00106,
				"seconds":	1.00104,
				"bytes":	25288704,
				"bits_per_second":	2.02099e+08,
				"packets":	3087,
				"omitted":	false
			}
		}, {
			"streams":	[{
					"socket":	4,
					"start":	4.00106,
					"end":	5.00023,
					"seconds":	0.999174,
					"bytes":	36544512,
					"bits_per_second":	2.92598e+08,
					"packets":	4461,
					"omitted":	false
				}],
			"sum":	{
				"start":	4.00106,
				"end":	5.00023,
				"seconds":	0.999174,
				"bytes":	36544512,
				"bits_per_second":	2.92598e+08,
				"packets":	4461,
				"omitted":	false
			}
		}, {
			"streams":	[{
					"socket":	4,
					"start":	5.00023,
					"end":	6.00002,
					"seconds":	0.999786,
					"bytes":	26492928,
					"bits_per_second":	2.11989e+08,
					"packets":	3234,
					"omitted":	false
				}],
			"sum":	{
				"start":	5.00023,
				"end":	6.00002,
				"seconds":	0.999786,
				"bytes":	26492928,
				"bits_per_second":	2.11989e+08,
				"packets":	3234,
				"omitted":	false
			}
		}, {
			"streams":	[{
					"socket":	4,
					"start":	6.00002,
					"end":	7.00031,
					"seconds":	1.00029,
					"bytes":	23601152,
					"bits_per_second":	1.88754e+08,
					"packets":	2881,
					"omitted":	false
				}],
			"sum":	{
				"start":	6.00002,
				"end":	7.00031,
				"seconds":	1.00029,
				"bytes":	23601152,
				"bits_per_second":	1.88754e+08,
				"packets":	2881,
				"omitted":	false
			}
		}, {
			"streams":	[{
					"socket":	4,
					"start":	7.00031,
					"end":	8.00042,
					"seconds":	1.00011,
					"bytes":	25133056,
					"bits_per_second":	2.01042e+08,
					"packets":	3068,
					"omitted":	false
				}],
			"sum":	{
				"start":	7.00031,
				"end":	8.00042,
				"seconds":	1.00011,
				"bytes":	25133056,
				"bits_per_second":	2.01042e+08,
				"packets":	3068,
				"omitted":	false
			}
		}],
	"end":	{
		"streams":	[{
				"udp":	{
					"socket":	4,
					"start":	0,
					"end":	8.00042,
					"seconds":	8.00042,
					"bytes":	198492160,
					"bits_per_second":	1.98482e+08,
					"jitter_ms":	0.795225,
					"lost_packets":	674,
					"packets":	6195,
					"lost_percent":	10.8797
				}
			}],
		"sum":	{
			"start":	0,
			"end":	8.00042,
			"seconds":	8.00042,
			"bytes":	198492160,
			"bits_per_second":	1.98482e+08,
			"jitter_ms":	0.795225,
			"lost_packets":	674,
			"packets":	6195,
			"lost_percent":	10.8797
		},
		"cpu_utilization_percent":	{
			"host_total":	59.8664,
			"host_user":	1.10826,
			"host_system":	58.7581,
			"remote_total":	4.55085,
			"remote_user":	0.557546,
			"remote_system":	3.99328
		}
	}
}
