{
	"start":	{
		"connected":	[{
				"socket":	4,
				"local_host":	"10.0.0.6",
				"local_port":	49292,
				"remote_host":	"10.0.0.13",
				"remote_port":	1706
			}],
		"version":	"iperf 3.0.7",
		"system_info":	"Linux BS6 5.4.197-0504197-generic #202206060747 SMP Mon Jun 6 09:27:47 UTC 2022 x86_64 x86_64 x86_64 GNU/Linux\n",
		"timestamp":	{
			"time":	"Mon, 25 Jul 2022 21:49:47 GMT",
			"timesecs":	1658785787
		},
		"connecting_to":	{
			"host":	"10.0.0.13",
			"port":	1706
		},
		"cookie":	"BS6.1658785787.886519.0a0d9eec65f333",
		"tcp_mss_default":	1448,
		"test_start":	{
			"protocol":	"TCP",
			"num_streams":	1,
			"blksize":	131072,
			"omit":	0,
			"duration":	17,
			"bytes":	0,
			"blocks":	0,
			"reverse":	0
		}
	},
	"intervals":	[{
			"streams":	[{
					"socket":	4,
					"start":	0,
					"end":	1.00067,
					"seconds":	1.00067,
					"bytes":	5715736,
					"bits_per_second":	4.56952e+07,
					"retransmits":	0,
					"snd_cwnd":	676216,
					"omitted":	false
				}],
			"sum":	{
				"start":	0,
				"end":	1.00067,
				"seconds":	1.00067,
				"bytes":	5715736,
				"bits_per_second":	4.56952e+07,
				"retransmits":	0,
				"omitted":	false
			}
		}, {
			"streams":	[{
					"socket":	4,
					"start":	1.00067,
					"end":	2.00029,
					"seconds":	0.999624,
					"bytes":	6291456,
					"bits_per_second":	5.03506e+07,
					"retransmits":	0,
					"snd_cwnd":	676216,
					"omitted":	false
				}],
			"sum":	{
				"start":	1.00067,
				"end":	2.00029,
				"seconds":	0.999624,
				"bytes":	6291456,
				"bits_per_second":	5.03506e+07,
				"retransmits":	0,
				"omitted":	false
			}
		}, {
			"streams":	[{
					"socket":	4,
					"start":	2.00029,
					"end":	3.00024,
					"seconds":	0.999945,
					"bytes":	6160384,
					"bits_per_second":	4.92858e+07,
					"retransmits":	0,
					"snd_cwnd":	676216,
					"omitted":	false
				}],
			"sum":	{
				"start":	2.00029,
				"end":	3.00024,
				"seconds":	0.999945,
				"bytes":	6160384,
				"bits_per_second":	4.92858e+07,
				"retransmits":	0,
				"omitted":	false
			}
		}, {
			"streams":	[{
					"socket":	4,
					"start":	3.00024,
					"end":	4.0002,
					"seconds":	0.999965,
					"bytes":	6291456,
					"bits_per_second":	5.03334e+07,
					"retransmits":	0,
					"snd_cwnd":	676216,
					"omitted":	false
				}],
			"sum":	{
				"start":	3.00024,
				"end":	4.0002,
				"seconds":	0.999965,
				"bytes":	6291456,
				"bits_per_second":	5.03334e+07,
				"retransmits":	0,
				"omitted":	false
			}
		}, {
			"streams":	[{
					"socket":	4,
					"start":	4.0002,
					"end":	5.00071,
					"seconds":	1.0005,
					"bytes":	6291456,
					"bits_per_second":	5.03065e+07,
					"retransmits":	0,
					"snd_cwnd":	676216,
					"omitted":	false
				}],
			"sum":	{
				"start":	4.0002,
				"end":	5.00071,
				"seconds":	1.0005,
				"bytes":	6291456,
				"bits_per_second":	5.03065e+07,
				"retransmits":	0,
				"omitted":	false
			}
		}, {
			"streams":	[{
					"socket":	4,
					"start":	5.00071,
					"end":	6.00027,
					"seconds":	0.999569,
					"bytes":	6160384,
					"bits_per_second":	4.93043e+07,
					"retransmits":	0,
					"snd_cwnd":	676216,
					"omitted":	false
				}],
			"sum":	{
				"start":	5.00071,
				"end":	6.00027,
				"seconds":	0.999569,
				"bytes":	6160384,
				"bits_per_second":	4.93043e+07,
				"retransmits":	0,
				"omitted":	false
			}
		}, {
			"streams":	[{
					"socket":	4,
					"start":	6.00027,
					"end":	7.00055,
					"seconds":	1.00028,
					"bytes":	6291456,
					"bits_per_second":	5.03176e+07,
					"retransmits":	0,
					"snd_cwnd":	676216,
					"omitted":	false
				}],
			"sum":	{
				"start":	6.00027,
				"end":	7.00055,
				"seconds":	1.00028,
				"bytes":	6291456,
				"bits_per_second":	5.03176e+07,
				"retransmits":	0,
				"omitted":	false
			}
		}, {
			"streams":	[{
					"socket":	4,
					"start":	7.00055,
					"end":	8.00051,
					"seconds":	0.999958,
					"bytes":	6291456,
					"bits_per_second":	5.03338e+07,
					"retransmits":	0,
					"snd_cwnd":	676216,
					"omitted":	false
				}],
			"sum":	{
				"start":	7.00055,
				"end":	8.00051,
				"seconds":	0.999958,
				"bytes":	6291456,
				"bits_per_second":	5.03338e+07,
				"retransmits":	0,
				"omitted":	false
			}
		}, {
			"streams":	[{
					"socket":	4,
					"start":	8.00051,
					"end":	9.00052,
					"seconds":	1.00001,
					"bytes":	6160384,
					"bits_per_second":	4.92828e+07,
					"retransmits":	0,
					"snd_cwnd":	676216,
					"omitted":	false
				}],
			"sum":	{
				"start":	8.00051,
				"end":	9.00052,
				"seconds":	1.00001,
				"bytes":	6160384,
				"bits_per_second":	4.92828e+07,
				"retransmits":	0,
				"omitted":	false
			}
		}, {
			"streams":	[{
					"socket":	4,
					"start":	9.00052,
					"end":	10.0008,
					"seconds":	1.0003,
					"bytes":	6291456,
					"bits_per_second":	5.03164e+07,
					"retransmits":	0,
					"snd_cwnd":	676216,
					"omitted":	false
				}],
			"sum":	{
				"start":	9.00052,
				"end":	10.0008,
				"seconds":	1.0003,
				"bytes":	6291456,
				"bits_per_second":	5.03164e+07,
				"retransmits":	0,
				"omitted":	false
			}
		}, {
			"streams":	[{
					"socket":	4,
					"start":	10.0008,
					"end":	11.0003,
					"seconds":	0.9995,
					"bytes":	6291456,
					"bits_per_second":	5.03568e+07,
					"retransmits":	0,
					"snd_cwnd":	676216,
					"omitted":	false
				}],
			"sum":	{
				"start":	10.0008,
				"end":	11.0003,
				"seconds":	0.9995,
				"bytes":	6291456,
				"bits_per_second":	5.03568e+07,
				"retransmits":	0,
				"omitted":	false
			}
		}, {
			"streams":	[{
					"socket":	4,
					"start":	11.0003,
					"end":	12.0009,
					"seconds":	1.00055,
					"bytes":	6160384,
					"bits_per_second":	4.92561e+07,
					"retransmits":	0,
					"snd_cwnd":	676216,
					"omitted":	false
				}],
			"sum":	{
				"start":	11.0003,
				"end":	12.0009,
				"seconds":	1.00055,
				"bytes":	6160384,
				"bits_per_second":	4.92561e+07,
				"retransmits":	0,
				"omitted":	false
			}
		}, {
			"streams":	[{
					"socket":	4,
					"start":	12.0009,
					"end":	13.0003,
					"seconds":	0.999445,
					"bytes":	6291456,
					"bits_per_second":	5.03596e+07,
					"retransmits":	0,
					"snd_cwnd":	676216,
					"omitted":	false
				}],
			"sum":	{
				"start":	12.0009,
				"end":	13.0003,
				"seconds":	0.999445,
				"bytes":	6291456,
				"bits_per_second":	5.03596e+07,
				"retransmits":	0,
				"omitted":	false
			}
		}, {
			"streams":	[{
					"socket":	4,
					"start":	13.0003,
					"end":	14.0005,
					"seconds":	1.00021,
					"bytes":	6291456,
					"bits_per_second":	5.03212e+07,
					"retransmits":	0,
					"snd_cwnd":	676216,
					"omitted":	false
				}],
			"sum":	{
				"start":	13.0003,
				"end":	14.0005,
				"seconds":	1.00021,
				"bytes":	6291456,
				"bits_per_second":	5.03212e+07,
				"retransmits":	0,
				"omitted":	false
			}
		}, {
			"streams":	[{
					"socket":	4,
					"start":	14.0005,
					"end":	15.001,
					"seconds":	1.00043,
					"bytes":	6160384,
					"bits_per_second":	4.92616e+07,
					"retransmits":	0,
					"snd_cwnd":	676216,
					"omitted":	false
				}],
			"sum":	{
				"start":	14.0005,
				"end":	15.001,
				"seconds":	1.00043,
				"bytes":	6160384,
				"bits_per_second":	4.92616e+07,
				"retransmits":	0,
				"omitted":	false
			}
		}, {
			"streams":	[{
					"socket":	4,
					"start":	15.001,
					"end":	16.0006,
					"seconds":	0.999655,
					"bytes":	6291456,
					"bits_per_second":	5.0349e+07,
					"retransmits":	0,
					"snd_cwnd":	676216,
					"omitted":	false
				}],
			"sum":	{
				"start":	15.001,
				"end":	16.0006,
				"seconds":	0.999655,
				"bytes":	6291456,
				"bits_per_second":	5.0349e+07,
				"retransmits":	0,
				"omitted":	false
			}
		}, {
			"streams":	[{
					"socket":	4,
					"start":	16.0006,
					"end":	17.0008,
					"seconds":	1.00016,
					"bytes":	6291456,
					"bits_per_second":	5.03236e+07,
					"retransmits":	0,
					"snd_cwnd":	676216,
					"omitted":	false
				}],
			"sum":	{
				"start":	16.0006,
				"end":	17.0008,
				"seconds":	1.00016,
				"bytes":	6291456,
				"bits_per_second":	5.03236e+07,
				"retransmits":	0,
				"omitted":	false
			}
		}],
	"end":	{
		"streams":	[{
				"sender":	{
					"socket":	4,
					"start":	0,
					"end":	17.0008,
					"seconds":	17.0008,
					"bytes":	105723672,
					"bits_per_second":	4.97501e+07,
					"retransmits":	0
				},
				"receiver":	{
					"socket":	4,
					"start":	0,
					"end":	17.0008,
					"seconds":	17.0008,
					"bytes":	105723672,
					"bits_per_second":	4.97501e+07
				}
			}],
		"sum_sent":	{
			"start":	0,
			"end":	17.0008,
			"seconds":	17.0008,
			"bytes":	105723672,
			"bits_per_second":	4.97501e+07,
			"retransmits":	0
		},
		"sum_received":	{
			"start":	0,
			"end":	17.0008,
			"seconds":	17.0008,
			"bytes":	105723672,
			"bits_per_second":	4.97501e+07
		},
		"cpu_utilization_percent":	{
			"host_total":	0.584713,
			"host_user":	0.047338,
			"host_system":	0.537346,
			"remote_total":	1.0978,
			"remote_user":	0.223929,
			"remote_system":	0.873869
		}
	}
}
