{
	"start":	{
		"connected":	[{
				"socket":	4,
				"local_host":	"10.0.0.7",
				"local_port":	40506,
				"remote_host":	"10.0.0.21",
				"remote_port":	1899
			}],
		"version":	"iperf 3.0.7",
		"system_info":	"Linux BS7 5.4.197-0504197-generic #202206060747 SMP Mon Jun 6 09:27:47 UTC 2022 x86_64 x86_64 x86_64 GNU/Linux\n",
		"timestamp":	{
			"time":	"Mon, 25 Jul 2022 21:42:52 GMT",
			"timesecs":	1658785372
		},
		"connecting_to":	{
			"host":	"10.0.0.21",
			"port":	1899
		},
		"cookie":	"BS7.1658785372.143711.3b36c77e7635ce",
		"tcp_mss_default":	1448,
		"test_start":	{
			"protocol":	"TCP",
			"num_streams":	1,
			"blksize":	131072,
			"omit":	0,
			"duration":	17,
			"bytes":	0,
			"blocks":	0,
			"reverse":	0
		}
	},
	"intervals":	[{
			"streams":	[{
					"socket":	4,
					"start":	0,
					"end":	1.00043,
					"seconds":	1.00043,
					"bytes":	5735952,
					"bits_per_second":	4.5868e+07,
					"retransmits":	0,
					"snd_cwnd":	370688,
					"omitted":	false
				}],
			"sum":	{
				"start":	0,
				"end":	1.00043,
				"seconds":	1.00043,
				"bytes":	5735952,
				"bits_per_second":	4.5868e+07,
				"retransmits":	0,
				"omitted":	false
			}
		}, {
			"streams":	[{
					"socket":	4,
					"start":	1.00043,
					"end":	2.00095,
					"seconds":	1.00052,
					"bytes":	6160384,
					"bits_per_second":	4.92574e+07,
					"retransmits":	0,
					"snd_cwnd":	561824,
					"omitted":	false
				}],
			"sum":	{
				"start":	1.00043,
				"end":	2.00095,
				"seconds":	1.00052,
				"bytes":	6160384,
				"bits_per_second":	4.92574e+07,
				"retransmits":	0,
				"omitted":	false
			}
		}, {
			"streams":	[{
					"socket":	4,
					"start":	2.00095,
					"end":	3.00029,
					"seconds":	0.999341,
					"bytes":	6291456,
					"bits_per_second":	5.03648e+07,
					"retransmits":	0,
					"snd_cwnd":	663184,
					"omitted":	false
				}],
			"sum":	{
				"start":	2.00095,
				"end":	3.00029,
				"seconds":	0.999341,
				"bytes":	6291456,
				"bits_per_second":	5.03648e+07,
				"retransmits":	0,
				"omitted":	false
			}
		}, {
			"streams":	[{
					"socket":	4,
					"start":	3.00029,
					"end":	4.00031,
					"seconds":	1.00002,
					"bytes":	6291456,
					"bits_per_second":	5.03306e+07,
					"retransmits":	0,
					"snd_cwnd":	663184,
					"omitted":	false
				}],
			"sum":	{
				"start":	3.00029,
				"end":	4.00031,
				"seconds":	1.00002,
				"bytes":	6291456,
				"bits_per_second":	5.03306e+07,
				"retransmits":	0,
				"omitted":	false
			}
		}, {
			"streams":	[{
					"socket":	4,
					"start":	4.00031,
					"end":	5.00026,
					"seconds":	0.999947,
					"bytes":	6160384,
					"bits_per_second":	4.92857e+07,
					"retransmits":	13,
					"snd_cwnd":	663184,
					"omitted":	false
				}],
			"sum":	{
				"start":	4.00031,
				"end":	5.00026,
				"seconds":	0.999947,
				"bytes":	6160384,
				"bits_per_second":	4.92857e+07,
				"retransmits":	13,
				"omitted":	false
			}
		}, {
			"streams":	[{
					"socket":	4,
					"start":	5.00026,
					"end":	6.00019,
					"seconds":	0.999932,
					"bytes":	6291456,
					"bits_per_second":	5.03351e+07,
					"retransmits":	0,
					"snd_cwnd":	663184,
					"omitted":	false
				}],
			"sum":	{
				"start":	5.00026,
				"end":	6.00019,
				"seconds":	0.999932,
				"bytes":	6291456,
				"bits_per_second":	5.03351e+07,
				"retransmits":	0,
				"omitted":	false
			}
		}, {
			"streams":	[{
					"socket":	4,
					"start":	6.00019,
					"end":	7.00026,
					"seconds":	1.00007,
					"bytes":	6291456,
					"bits_per_second":	5.03282e+07,
					"retransmits":	0,
					"snd_cwnd":	663184,
					"omitted":	false
				}],
			"sum":	{
				"start":	6.00019,
				"end":	7.00026,
				"seconds":	1.00007,
				"bytes":	6291456,
				"bits_per_second":	5.03282e+07,
				"retransmits":	0,
				"omitted":	false
			}
		}, {
			"streams":	[{
					"socket":	4,
					"start":	7.00026,
					"end":	8.00046,
					"seconds":	1.00021,
					"bytes":	6160384,
					"bits_per_second":	4.92728e+07,
					"retransmits":	0,
					"snd_cwnd":	663184,
					"omitted":	false
				}],
			"sum":	{
				"start":	7.00026,
				"end":	8.00046,
				"seconds":	1.00021,
				"bytes":	6160384,
				"bits_per_second":	4.92728e+07,
				"retransmits":	0,
				"omitted":	false
			}
		}, {
			"streams":	[{
					"socket":	4,
					"start":	8.00046,
					"end":	9.00039,
					"seconds":	0.999921,
					"bytes":	6291456,
					"bits_per_second":	5.03356e+07,
					"retransmits":	0,
					"snd_cwnd":	663184,
					"omitted":	false
				}],
			"sum":	{
				"start":	8.00046,
				"end":	9.00039,
				"seconds":	0.999921,
				"bytes":	6291456,
				"bits_per_second":	5.03356e+07,
				"retransmits":	0,
				"omitted":	false
			}
		}, {
			"streams":	[{
					"socket":	4,
					"start":	9.00039,
					"end":	10.001,
					"seconds":	1.00063,
					"bytes":	6291456,
					"bits_per_second":	5.02998e+07,
					"retransmits":	0,
					"snd_cwnd":	663184,
					"omitted":	false
				}],
			"sum":	{
				"start":	9.00039,
				"end":	10.001,
				"seconds":	1.00063,
				"bytes":	6291456,
				"bits_per_second":	5.02998e+07,
				"retransmits":	0,
				"omitted":	false
			}
		}, {
			"streams":	[{
					"socket":	4,
					"start":	10.001,
					"end":	11.0009,
					"seconds":	0.999855,
					"bytes":	6291456,
					"bits_per_second":	5.03389e+07,
					"retransmits":	0,
					"snd_cwnd":	663184,
					"omitted":	false
				}],
			"sum":	{
				"start":	10.001,
				"end":	11.0009,
				"seconds":	0.999855,
				"bytes":	6291456,
				"bits_per_second":	5.03389e+07,
				"retransmits":	0,
				"omitted":	false
			}
		}, {
			"streams":	[{
					"socket":	4,
					"start":	11.0009,
					"end":	12.0076,
					"seconds":	1.00673,
					"bytes":	6160384,
					"bits_per_second":	4.89538e+07,
					"retransmits":	0,
					"snd_cwnd":	663184,
					"omitted":	false
				}],
			"sum":	{
				"start":	11.0009,
				"end":	12.0076,
				"seconds":	1.00673,
				"bytes":	6160384,
				"bits_per_second":	4.89538e+07,
				"retransmits":	0,
				"omitted":	false
			}
		}, {
			"streams":	[{
					"socket":	4,
					"start":	12.0076,
					"end":	13.0002,
					"seconds":	0.992642,
					"bytes":	6291456,
					"bits_per_second":	5.07047e+07,
					"retransmits":	0,
					"snd_cwnd":	663184,
					"omitted":	false
				}],
			"sum":	{
				"start":	12.0076,
				"end":	13.0002,
				"seconds":	0.992642,
				"bytes":	6291456,
				"bits_per_second":	5.07047e+07,
				"retransmits":	0,
				"omitted":	false
			}
		}, {
			"streams":	[{
					"socket":	4,
					"start":	13.0002,
					"end":	14.0002,
					"seconds":	1.00001,
					"bytes":	6291456,
					"bits_per_second":	5.03314e+07,
					"retransmits":	0,
					"snd_cwnd":	663184,
					"omitted":	false
				}],
			"sum":	{
				"start":	13.0002,
				"end":	14.0002,
				"seconds":	1.00001,
				"bytes":	6291456,
				"bits_per_second":	5.03314e+07,
				"retransmits":	0,
				"omitted":	false
			}
		}, {
			"streams":	[{
					"socket":	4,
					"start":	14.0002,
					"end":	15.0003,
					"seconds":	1.00001,
					"bytes":	6160384,
					"bits_per_second":	4.92825e+07,
					"retransmits":	0,
					"snd_cwnd":	663184,
					"omitted":	false
				}],
			"sum":	{
				"start":	14.0002,
				"end":	15.0003,
				"seconds":	1.00001,
				"bytes":	6160384,
				"bits_per_second":	4.92825e+07,
				"retransmits":	0,
				"omitted":	false
			}
		}, {
			"streams":	[{
					"socket":	4,
					"start":	15.0003,
					"end":	16.002,
					"seconds":	1.0017,
					"bytes":	6291456,
					"bits_per_second":	5.02461e+07,
					"retransmits":	0,
					"snd_cwnd":	663184,
					"omitted":	false
				}],
			"sum":	{
				"start":	15.0003,
				"end":	16.002,
				"seconds":	1.0017,
				"bytes":	6291456,
				"bits_per_second":	5.02461e+07,
				"retransmits":	0,
				"omitted":	false
			}
		}, {
			"streams":	[{
					"socket":	4,
					"start":	16.002,
					"end":	17.0006,
					"seconds":	0.998598,
					"bytes":	6291456,
					"bits_per_second":	5.04023e+07,
					"retransmits":	0,
					"snd_cwnd":	663184,
					"omitted":	false
				}],
			"sum":	{
				"start":	16.002,
				"end":	17.0006,
				"seconds":	0.998598,
				"bytes":	6291456,
				"bits_per_second":	5.04023e+07,
				"retransmits":	0,
				"omitted":	false
			}
		}],
	"end":	{
		"streams":	[{
				"sender":	{
					"socket":	4,
					"start":	0,
					"end":	17.0006,
					"seconds":	17.0006,
					"bytes":	105743888,
					"bits_per_second":	4.97602e+07,
					"retransmits":	13
				},
				"receiver":	{
					"socket":	4,
					"start":	0,
					"end":	17.0006,
					"seconds":	17.0006,
					"bytes":	105743888,
					"bits_per_second":	4.97602e+07
				}
			}],
		"sum_sent":	{
			"start":	0,
			"end":	17.0006,
			"seconds":	17.0006,
			"bytes":	105743888,
			"bits_per_second":	4.97602e+07,
			"retransmits":	13
		},
		"sum_received":	{
			"start":	0,
			"end":	17.0006,
			"seconds":	17.0006,
			"bytes":	105743888,
			"bits_per_second":	4.97602e+07
		},
		"cpu_utilization_percent":	{
			"host_total":	0.98139,
			"host_user":	0.282787,
			"host_system":	0.698621,
			"remote_total":	2.61508,
			"remote_user":	0.394348,
			"remote_system":	2.22074
		}
	}
}
