{
	"start":	{
		"connected":	[{
				"socket":	5,
				"local_host":	"10.0.0.2",
				"local_port":	40822,
				"remote_host":	"10.0.0.10",
				"remote_port":	2106
			}],
		"version":	"iperf 3.7",
		"system_info":	"Linux H2 5.4.197-0504197-generic #202206060747 SMP Mon Jun 6 09:27:47 UTC 2022 x86_64",
		"timestamp":	{
			"time":	"Mon, 01 Aug 2022 00:24:39 GMT",
			"timesecs":	1659313479
		},
		"connecting_to":	{
			"host":	"10.0.0.10",
			"port":	2106
		},
		"cookie":	"lubiqfqwupffjorfs6cf5ugrk2xnaqd3ojcp",
		"tcp_mss_default":	1448,
		"target_bitrate":	15000000,
		"sock_bufsize":	0,
		"sndbuf_actual":	87380,
		"rcvbuf_actual":	87380,
		"test_start":	{
			"protocol":	"TCP",
			"num_streams":	1,
			"blksize":	131072,
			"omit":	0,
			"duration":	5,
			"bytes":	0,
			"blocks":	0,
			"reverse":	0,
			"tos":	0
		}
	},
	"intervals":	[{
			"streams":	[{
					"socket":	5,
					"start":	0,
					"end":	1.000127,
					"seconds":	1.0001269578933716,
					"bytes":	1966080,
					"bits_per_second":	15726643.378486861,
					"retransmits":	0,
					"snd_cwnd":	86880,
					"rtt":	4585,
					"rttvar":	1850,
					"pmtu":	1500,
					"omitted":	false,
					"sender":	true
				}],
			"sum":	{
				"start":	0,
				"end":	1.000127,
				"seconds":	1.0001269578933716,
				"bytes":	1966080,
				"bits_per_second":	15726643.378486861,
				"retransmits":	0,
				"omitted":	false,
				"sender":	true
			}
		}, {
			"streams":	[{
					"socket":	5,
					"start":	1.000127,
					"end":	2.000734,
					"seconds":	1.0006070137023926,
					"bytes":	1835008,
					"bits_per_second":	14671158.405817697,
					"retransmits":	1,
					"snd_cwnd":	92672,
					"rtt":	4250,
					"rttvar":	1562,
					"pmtu":	1500,
					"omitted":	false,
					"sender":	true
				}],
			"sum":	{
				"start":	1.000127,
				"end":	2.000734,
				"seconds":	1.0006070137023926,
				"bytes":	1835008,
				"bits_per_second":	14671158.405817697,
				"retransmits":	1,
				"omitted":	false,
				"sender":	true
			}
		}, {
			"streams":	[{
					"socket":	5,
					"start":	2.000734,
					"end":	3.000649,
					"seconds":	0.99991500377655029,
					"bytes":	1835008,
					"bits_per_second":	14681311.856063053,
					"retransmits":	0,
					"snd_cwnd":	92672,
					"rtt":	4238,
					"rttvar":	1609,
					"pmtu":	1500,
					"omitted":	false,
					"sender":	true
				}],
			"sum":	{
				"start":	2.000734,
				"end":	3.000649,
				"seconds":	0.99991500377655029,
				"bytes":	1835008,
				"bits_per_second":	14681311.856063053,
				"retransmits":	0,
				"omitted":	false,
				"sender":	true
			}
		}, {
			"streams":	[{
					"socket":	5,
					"start":	3.000649,
					"end":	4.000733,
					"seconds":	1.0000840425491333,
					"bytes":	1966080,
					"bits_per_second":	15727318.236084409,
					"retransmits":	0,
					"snd_cwnd":	94120,
					"rtt":	3983,
					"rttvar":	1357,
					"pmtu":	1500,
					"omitted":	false,
					"sender":	true
				}],
			"sum":	{
				"start":	3.000649,
				"end":	4.000733,
				"seconds":	1.0000840425491333,
				"bytes":	1966080,
				"bits_per_second":	15727318.236084409,
				"retransmits":	0,
				"omitted":	false,
				"sender":	true
			}
		}, {
			"streams":	[{
					"socket":	5,
					"start":	4.000733,
					"end":	5.000457,
					"seconds":	0.99972397089004517,
					"bytes":	1835008,
					"bits_per_second":	14684117.243813282,
					"retransmits":	0,
					"snd_cwnd":	95568,
					"rtt":	4024,
					"rttvar":	1164,
					"pmtu":	1500,
					"omitted":	false,
					"sender":	true
				}],
			"sum":	{
				"start":	4.000733,
				"end":	5.000457,
				"seconds":	0.99972397089004517,
				"bytes":	1835008,
				"bits_per_second":	14684117.243813282,
				"retransmits":	0,
				"omitted":	false,
				"sender":	true
			}
		}],
	"end":	{
		"streams":	[{
				"sender":	{
					"socket":	5,
					"start":	0,
					"end":	5.000457,
					"seconds":	5.000457,
					"bytes":	9437184,
					"bits_per_second":	15098114.432340885,
					"retransmits":	1,
					"max_snd_cwnd":	95568,
					"max_rtt":	4585,
					"min_rtt":	3983,
					"mean_rtt":	4216,
					"sender":	true
				},
				"receiver":	{
					"socket":	5,
					"start":	0,
					"end":	5.000773,
					"seconds":	5.000457,
					"bytes":	9437184,
					"bits_per_second":	15097160.379005406,
					"sender":	true
				}
			}],
		"sum_sent":	{
			"start":	0,
			"end":	5.000457,
			"seconds":	5.000457,
			"bytes":	9437184,
			"bits_per_second":	15098114.432340885,
			"retransmits":	1,
			"sender":	true
		},
		"sum_received":	{
			"start":	0,
			"end":	5.000773,
			"seconds":	5.000773,
			"bytes":	9437184,
			"bits_per_second":	15097160.379005406,
			"sender":	true
		},
		"cpu_utilization_percent":	{
			"host_total":	5.5520791092178632,
			"host_user":	1.8725043784237196,
			"host_system":	3.679614702709876,
			"remote_total":	2.2163551116557874,
			"remote_user":	0,
			"remote_system":	2.21639501793987
		},
		"sender_tcp_congestion":	"cubic",
		"receiver_tcp_congestion":	"cubic"
	}
}
