{
	"start":	{
		"connected":	[{
				"socket":	4,
				"local_host":	"10.0.0.3",
				"local_port":	45076,
				"remote_host":	"10.0.0.10",
				"remote_port":	1654
			}],
		"version":	"iperf 3.0.7",
		"system_info":	"Linux BS3 5.4.197-0504197-generic #202206060747 SMP Mon Jun 6 09:27:47 UTC 2022 x86_64 x86_64 x86_64 GNU/Linux\n",
		"timestamp":	{
			"time":	"Mon, 25 Jul 2022 21:42:54 GMT",
			"timesecs":	1658785374
		},
		"connecting_to":	{
			"host":	"10.0.0.10",
			"port":	1654
		},
		"cookie":	"BS3.1658785374.303952.10ecae2e370514",
		"tcp_mss_default":	1448,
		"test_start":	{
			"protocol":	"TCP",
			"num_streams":	1,
			"blksize":	131072,
			"omit":	0,
			"duration":	1,
			"bytes":	0,
			"blocks":	0,
			"reverse":	0
		}
	},
	"intervals":	[{
			"streams":	[{
					"socket":	4,
					"start":	0,
					"end":	1.00128,
					"seconds":	1.00128,
					"bytes":	22841224,
					"bits_per_second":	1.82496e+08,
					"retransmits":	2,
					"snd_cwnd":	440192,
					"omitted":	false
				}],
			"sum":	{
				"start":	0,
				"end":	1.00128,
				"seconds":	1.00128,
				"bytes":	22841224,
				"bits_per_second":	1.82496e+08,
				"retransmits":	2,
				"omitted":	false
			}
		}],
	"end":	{
		"streams":	[{
				"sender":	{
					"socket":	4,
					"start":	0,
					"end":	1.00128,
					"seconds":	1.00128,
					"bytes":	22841224,
					"bits_per_second":	1.82496e+08,
					"retransmits":	2
				},
				"receiver":	{
					"socket":	4,
					"start":	0,
					"end":	1.00128,
					"seconds":	1.00128,
					"bytes":	22841224,
					"bits_per_second":	1.82496e+08
				}
			}],
		"sum_sent":	{
			"start":	0,
			"end":	1.00128,
			"seconds":	1.00128,
			"bytes":	22841224,
			"bits_per_second":	1.82496e+08,
			"retransmits":	2
		},
		"sum_received":	{
			"start":	0,
			"end":	1.00128,
			"seconds":	1.00128,
			"bytes":	22841224,
			"bits_per_second":	1.82496e+08
		},
		"cpu_utilization_percent":	{
			"host_total":	2.96817,
			"host_user":	0.207433,
			"host_system":	2.76045,
			"remote_total":	3.64134,
			"remote_user":	1.33027,
			"remote_system":	2.31097
		}
	}
}
