{
	"start":	{
		"connected":	[{
				"socket":	4,
				"local_host":	"10.0.0.5",
				"local_port":	44754,
				"remote_host":	"10.0.0.6",
				"remote_port":	2184
			}],
		"version":	"iperf 3.0.7",
		"system_info":	"Linux H5 5.4.197-0504197-generic #202206060747 SMP Mon Jun 6 09:27:47 UTC 2022 x86_64 x86_64 x86_64 GNU/Linux\n",
		"timestamp":	{
			"time":	"Fri, 22 Jul 2022 16:30:17 GMT",
			"timesecs":	1658507417
		},
		"connecting_to":	{
			"host":	"10.0.0.6",
			"port":	2184
		},
		"cookie":	"H5.1658507417.609625.2499c5695e7b9c5",
		"tcp_mss_default":	1448,
		"test_start":	{
			"protocol":	"TCP",
			"num_streams":	1,
			"blksize":	131072,
			"omit":	0,
			"duration":	5,
			"bytes":	0,
			"blocks":	0,
			"reverse":	0
		}
	},
	"intervals":	[{
			"streams":	[{
					"socket":	4,
					"start":	0,
					"end":	1.00036,
					"seconds":	1.00036,
					"bytes":	1689400,
					"bits_per_second":	1.35103e+07,
					"retransmits":	0,
					"snd_cwnd":	88328,
					"omitted":	false
				}],
			"sum":	{
				"start":	0,
				"end":	1.00036,
				"seconds":	1.00036,
				"bytes":	1689400,
				"bits_per_second":	1.35103e+07,
				"retransmits":	0,
				"omitted":	false
			}
		}, {
			"streams":	[{
					"socket":	4,
					"start":	1.00036,
					"end":	2.00057,
					"seconds":	1.0002,
					"bytes":	1966080,
					"bits_per_second":	1.57254e+07,
					"retransmits":	0,
					"snd_cwnd":	130320,
					"omitted":	false
				}],
			"sum":	{
				"start":	1.00036,
				"end":	2.00057,
				"seconds":	1.0002,
				"bytes":	1966080,
				"bits_per_second":	1.57254e+07,
				"retransmits":	0,
				"omitted":	false
			}
		}, {
			"streams":	[{
					"socket":	4,
					"start":	2.00057,
					"end":	3.00117,
					"seconds":	1.0006,
					"bytes":	1835008,
					"bits_per_second":	1.46713e+07,
					"retransmits":	0,
					"snd_cwnd":	157832,
					"omitted":	false
				}],
			"sum":	{
				"start":	2.00057,
				"end":	3.00117,
				"seconds":	1.0006,
				"bytes":	1835008,
				"bits_per_second":	1.46713e+07,
				"retransmits":	0,
				"omitted":	false
			}
		}, {
			"streams":	[{
					"socket":	4,
					"start":	3.00117,
					"end":	4.0011,
					"seconds":	0.999932,
					"bytes":	1835008,
					"bits_per_second":	1.46811e+07,
					"retransmits":	0,
					"snd_cwnd":	178104,
					"omitted":	false
				}],
			"sum":	{
				"start":	3.00117,
				"end":	4.0011,
				"seconds":	0.999932,
				"bytes":	1835008,
				"bits_per_second":	1.46811e+07,
				"retransmits":	0,
				"omitted":	false
			}
		}, {
			"streams":	[{
					"socket":	4,
					"start":	4.0011,
					"end":	5.00058,
					"seconds":	0.999483,
					"bytes":	1966080,
					"bits_per_second":	1.57368e+07,
					"retransmits":	0,
					"snd_cwnd":	186792,
					"omitted":	false
				}],
			"sum":	{
				"start":	4.0011,
				"end":	5.00058,
				"seconds":	0.999483,
				"bytes":	1966080,
				"bits_per_second":	1.57368e+07,
				"retransmits":	0,
				"omitted":	false
			}
		}],
	"end":	{
		"streams":	[{
				"sender":	{
					"socket":	4,
					"start":	0,
					"end":	5.00058,
					"seconds":	5.00058,
					"bytes":	9291576,
					"bits_per_second":	1.48648e+07,
					"retransmits":	0
				},
				"receiver":	{
					"socket":	4,
					"start":	0,
					"end":	5.00058,
					"seconds":	5.00058,
					"bytes":	9291576,
					"bits_per_second":	1.48648e+07
				}
			}],
		"sum_sent":	{
			"start":	0,
			"end":	5.00058,
			"seconds":	5.00058,
			"bytes":	9291576,
			"bits_per_second":	1.48648e+07,
			"retransmits":	0
		},
		"sum_received":	{
			"start":	0,
			"end":	5.00058,
			"seconds":	5.00058,
			"bytes":	9291576,
			"bits_per_second":	1.48648e+07
		},
		"cpu_utilization_percent":	{
			"host_total":	0.50807,
			"host_user":	0,
			"host_system":	0.508669,
			"remote_total":	1.07665,
			"remote_user":	1.07659,
			"remote_system":	0
		}
	}
}
