{
	"start":	{
		"connected":	[{
				"socket":	4,
				"local_host":	"10.0.0.7",
				"local_port":	54203,
				"remote_host":	"10.0.0.15",
				"remote_port":	1863
			}],
		"version":	"iperf 3.0.7",
		"system_info":	"Linux BS7 5.4.197-0504197-generic #202206060747 SMP Mon Jun 6 09:27:47 UTC 2022 x86_64 x86_64 x86_64 GNU/Linux\n",
		"timestamp":	{
			"time":	"Mon, 25 Jul 2022 21:48:48 GMT",
			"timesecs":	1658785728
		},
		"connecting_to":	{
			"host":	"10.0.0.15",
			"port":	1863
		},
		"cookie":	"BS7.1658785728.139261.6618204100938f",
		"test_start":	{
			"protocol":	"UDP",
			"num_streams":	1,
			"blksize":	8192,
			"omit":	0,
			"duration":	9,
			"bytes":	0,
			"blocks":	0,
			"reverse":	0
		}
	},
	"intervals":	[{
			"streams":	[{
					"socket":	4,
					"start":	0,
					"end":	1.00039,
					"seconds":	1.00039,
					"bytes":	2826240,
					"bits_per_second":	2.26011e+07,
					"packets":	345,
					"omitted":	false
				}],
			"sum":	{
				"start":	0,
				"end":	1.00039,
				"seconds":	1.00039,
				"bytes":	2826240,
				"bits_per_second":	2.26011e+07,
				"packets":	345,
				"omitted":	false
			}
		}, {
			"streams":	[{
					"socket":	4,
					"start":	1.00039,
					"end":	2.00035,
					"seconds":	0.999958,
					"bytes":	3121152,
					"bits_per_second":	2.49703e+07,
					"packets":	381,
					"omitted":	false
				}],
			"sum":	{
				"start":	1.00039,
				"end":	2.00035,
				"seconds":	0.999958,
				"bytes":	3121152,
				"bits_per_second":	2.49703e+07,
				"packets":	381,
				"omitted":	false
			}
		}, {
			"streams":	[{
					"socket":	4,
					"start":	2.00035,
					"end":	3.00335,
					"seconds":	1.003,
					"bytes":	3129344,
					"bits_per_second":	2.49598e+07,
					"packets":	382,
					"omitted":	false
				}],
			"sum":	{
				"start":	2.00035,
				"end":	3.00335,
				"seconds":	1.003,
				"bytes":	3129344,
				"bits_per_second":	2.49598e+07,
				"packets":	382,
				"omitted":	false
			}
		}, {
			"streams":	[{
					"socket":	4,
					"start":	3.00335,
					"end":	4.0004,
					"seconds":	0.997047,
					"bytes":	3121152,
					"bits_per_second":	2.50432e+07,
					"packets":	381,
					"omitted":	false
				}],
			"sum":	{
				"start":	3.00335,
				"end":	4.0004,
				"seconds":	0.997047,
				"bytes":	3121152,
				"bits_per_second":	2.50432e+07,
				"packets":	381,
				"omitted":	false
			}
		}, {
			"streams":	[{
					"socket":	4,
					"start":	4.0004,
					"end":	5.00034,
					"seconds":	0.999943,
					"bytes":	3121152,
					"bits_per_second":	2.49706e+07,
					"packets":	381,
					"omitted":	false
				}],
			"sum":	{
				"start":	4.0004,
				"end":	5.00034,
				"seconds":	0.999943,
				"bytes":	3121152,
				"bits_per_second":	2.49706e+07,
				"packets":	381,
				"omitted":	false
			}
		}, {
			"streams":	[{
					"socket":	4,
					"start":	5.00034,
					"end":	6.00039,
					"seconds":	1.00005,
					"bytes":	3129344,
					"bits_per_second":	2.50336e+07,
					"packets":	382,
					"omitted":	false
				}],
			"sum":	{
				"start":	5.00034,
				"end":	6.00039,
				"seconds":	1.00005,
				"bytes":	3129344,
				"bits_per_second":	2.50336e+07,
				"packets":	382,
				"omitted":	false
			}
		}, {
			"streams":	[{
					"socket":	4,
					"start":	6.00039,
					"end":	7.00036,
					"seconds":	0.999968,
					"bytes":	3129344,
					"bits_per_second":	2.50356e+07,
					"packets":	382,
					"omitted":	false
				}],
			"sum":	{
				"start":	6.00039,
				"end":	7.00036,
				"seconds":	0.999968,
				"bytes":	3129344,
				"bits_per_second":	2.50356e+07,
				"packets":	382,
				"omitted":	false
			}
		}, {
			"streams":	[{
					"socket":	4,
					"start":	7.00036,
					"end":	8.00169,
					"seconds":	1.00134,
					"bytes":	3121152,
					"bits_per_second":	2.49358e+07,
					"packets":	381,
					"omitted":	false
				}],
			"sum":	{
				"start":	7.00036,
				"end":	8.00169,
				"seconds":	1.00134,
				"bytes":	3121152,
				"bits_per_second":	2.49358e+07,
				"packets":	381,
				"omitted":	false
			}
		}, {
			"streams":	[{
					"socket":	4,
					"start":	8.00169,
					"end":	9.00084,
					"seconds":	0.999145,
					"bytes":	3121152,
					"bits_per_second":	2.49906e+07,
					"packets":	381,
					"omitted":	false
				}],
			"sum":	{
				"start":	8.00169,
				"end":	9.00084,
				"seconds":	0.999145,
				"bytes":	3121152,
				"bits_per_second":	2.49906e+07,
				"packets":	381,
				"omitted":	false
			}
		}],
	"end":	{
		"streams":	[{
				"udp":	{
					"socket":	4,
					"start":	0,
					"end":	9.00084,
					"seconds":	9.00084,
					"bytes":	27820032,
					"bits_per_second":	2.47266e+07,
					"jitter_ms":	0.88376,
					"lost_packets":	18,
					"packets":	3396,
					"lost_percent":	0.530035
				}
			}],
		"sum":	{
			"start":	0,
			"end":	9.00084,
			"seconds":	9.00084,
			"bytes":	27820032,
			"bits_per_second":	2.47266e+07,
			"jitter_ms":	0.88376,
			"lost_packets":	18,
			"packets":	3396,
			"lost_percent":	0.530035
		},
		"cpu_utilization_percent":	{
			"host_total":	2.17982,
			"host_user":	0.106244,
			"host_system":	2.07351,
			"remote_total":	2.51534,
			"remote_user":	0.0908296,
			"remote_system":	2.42457
		}
	}
}
