{
	"start":	{
		"connected":	[{
				"socket":	4,
				"local_host":	"10.0.0.2",
				"local_port":	34866,
				"remote_host":	"10.0.0.16",
				"remote_port":	2670
			}],
		"version":	"iperf 3.0.7",
		"system_info":	"Linux BS2 5.4.197-0504197-generic #202206060747 SMP Mon Jun 6 09:27:47 UTC 2022 x86_64 x86_64 x86_64 GNU/Linux\n",
		"timestamp":	{
			"time":	"Mon, 25 Jul 2022 21:46:22 GMT",
			"timesecs":	1658785582
		},
		"connecting_to":	{
			"host":	"10.0.0.16",
			"port":	2670
		},
		"cookie":	"BS2.1658785582.708109.23bde1703767f4",
		"tcp_mss_default":	1448,
		"test_start":	{
			"protocol":	"TCP",
			"num_streams":	1,
			"blksize":	131072,
			"omit":	0,
			"duration":	55,
			"bytes":	0,
			"blocks":	0,
			"reverse":	0
		}
	},
	"intervals":	[{
			"streams":	[{
					"socket":	4,
					"start":	0,
					"end":	1.00074,
					"seconds":	1.00074,
					"bytes":	11306888,
					"bits_per_second":	9.03885e+07,
					"retransmits":	26,
					"snd_cwnd":	1513160,
					"omitted":	false
				}],
			"sum":	{
				"start":	0,
				"end":	1.00074,
				"seconds":	1.00074,
				"bytes":	11306888,
				"bits_per_second":	9.03885e+07,
				"retransmits":	26,
				"omitted":	false
			}
		}, {
			"streams":	[{
					"socket":	4,
					"start":	1.00074,
					"end":	2.0001,
					"seconds":	0.999367,
					"bytes":	12582912,
					"bits_per_second":	1.00727e+08,
					"retransmits":	0,
					"snd_cwnd":	1513160,
					"omitted":	false
				}],
			"sum":	{
				"start":	1.00074,
				"end":	2.0001,
				"seconds":	0.999367,
				"bytes":	12582912,
				"bits_per_second":	1.00727e+08,
				"retransmits":	0,
				"omitted":	false
			}
		}, {
			"streams":	[{
					"socket":	4,
					"start":	2.0001,
					"end":	3.00029,
					"seconds":	1.00018,
					"bytes":	12451840,
					"bits_per_second":	9.95966e+07,
					"retransmits":	0,
					"snd_cwnd":	1513160,
					"omitted":	false
				}],
			"sum":	{
				"start":	2.0001,
				"end":	3.00029,
				"seconds":	1.00018,
				"bytes":	12451840,
				"bits_per_second":	9.95966e+07,
				"retransmits":	0,
				"omitted":	false
			}
		}, {
			"streams":	[{
					"socket":	4,
					"start":	3.00029,
					"end":	4.00373,
					"seconds":	1.00345,
					"bytes":	12451840,
					"bits_per_second":	9.92726e+07,
					"retransmits":	0,
					"snd_cwnd":	1513160,
					"omitted":	false
				}],
			"sum":	{
				"start":	3.00029,
				"end":	4.00373,
				"seconds":	1.00345,
				"bytes":	12451840,
				"bits_per_second":	9.92726e+07,
				"retransmits":	0,
				"omitted":	false
			}
		}, {
			"streams":	[{
					"socket":	4,
					"start":	4.00373,
					"end":	5.00053,
					"seconds":	0.996797,
					"bytes":	12582912,
					"bits_per_second":	1.00987e+08,
					"retransmits":	0,
					"snd_cwnd":	1513160,
					"omitted":	false
				}],
			"sum":	{
				"start":	4.00373,
				"end":	5.00053,
				"seconds":	0.996797,
				"bytes":	12582912,
				"bits_per_second":	1.00987e+08,
				"retransmits":	0,
				"omitted":	false
			}
		}, {
			"streams":	[{
					"socket":	4,
					"start":	5.00053,
					"end":	6.00021,
					"seconds":	0.999681,
					"bytes":	12451840,
					"bits_per_second":	9.96465e+07,
					"retransmits":	0,
					"snd_cwnd":	1513160,
					"omitted":	false
				}],
			"sum":	{
				"start":	5.00053,
				"end":	6.00021,
				"seconds":	0.999681,
				"bytes":	12451840,
				"bits_per_second":	9.96465e+07,
				"retransmits":	0,
				"omitted":	false
			}
		}, {
			"streams":	[{
					"socket":	4,
					"start":	6.00021,
					"end":	7.00031,
					"seconds":	1.0001,
					"bytes":	12451840,
					"bits_per_second":	9.96045e+07,
					"retransmits":	0,
					"snd_cwnd":	1513160,
					"omitted":	false
				}],
			"sum":	{
				"start":	6.00021,
				"end":	7.00031,
				"seconds":	1.0001,
				"bytes":	12451840,
				"bits_per_second":	9.96045e+07,
				"retransmits":	0,
				"omitted":	false
			}
		}, {
			"streams":	[{
					"socket":	4,
					"start":	7.00031,
					"end":	8.00026,
					"seconds":	0.99995,
					"bytes":	12582912,
					"bits_per_second":	1.00668e+08,
					"retransmits":	0,
					"snd_cwnd":	1513160,
					"omitted":	false
				}],
			"sum":	{
				"start":	7.00031,
				"end":	8.00026,
				"seconds":	0.99995,
				"bytes":	12582912,
				"bits_per_second":	1.00668e+08,
				"retransmits":	0,
				"omitted":	false
			}
		}, {
			"streams":	[{
					"socket":	4,
					"start":	8.00026,
					"end":	9.00101,
					"seconds":	1.00074,
					"bytes":	12451840,
					"bits_per_second":	9.95408e+07,
					"retransmits":	0,
					"snd_cwnd":	1513160,
					"omitted":	false
				}],
			"sum":	{
				"start":	8.00026,
				"end":	9.00101,
				"seconds":	1.00074,
				"bytes":	12451840,
				"bits_per_second":	9.95408e+07,
				"retransmits":	0,
				"omitted":	false
			}
		}, {
			"streams":	[{
					"socket":	4,
					"start":	9.00101,
					"end":	10.0039,
					"seconds":	1.0029,
					"bytes":	12582912,
					"bits_per_second":	1.00372e+08,
					"retransmits":	5,
					"snd_cwnd":	1514608,
					"omitted":	false
				}],
			"sum":	{
				"start":	9.00101,
				"end":	10.0039,
				"seconds":	1.0029,
				"bytes":	12582912,
				"bits_per_second":	1.00372e+08,
				"retransmits":	5,
				"omitted":	false
			}
		}, {
			"streams":	[{
					"socket":	4,
					"start":	10.0039,
					"end":	11.0004,
					"seconds":	0.996446,
					"bytes":	12451840,
					"bits_per_second":	9.997e+07,
					"retransmits":	0,
					"snd_cwnd":	1520400,
					"omitted":	false
				}],
			"sum":	{
				"start":	10.0039,
				"end":	11.0004,
				"seconds":	0.996446,
				"bytes":	12451840,
				"bits_per_second":	9.997e+07,
				"retransmits":	0,
				"omitted":	false
			}
		}, {
			"streams":	[{
					"socket":	4,
					"start":	11.0004,
					"end":	12.0003,
					"seconds":	0.999941,
					"bytes":	12451840,
					"bits_per_second":	9.96206e+07,
					"retransmits":	0,
					"snd_cwnd":	1526192,
					"omitted":	false
				}],
			"sum":	{
				"start":	11.0004,
				"end":	12.0003,
				"seconds":	0.999941,
				"bytes":	12451840,
				"bits_per_second":	9.96206e+07,
				"retransmits":	0,
				"omitted":	false
			}
		}, {
			"streams":	[{
					"socket":	4,
					"start":	12.0003,
					"end":	13.0041,
					"seconds":	1.00377,
					"bytes":	12582912,
					"bits_per_second":	1.00286e+08,
					"retransmits":	0,
					"snd_cwnd":	1526192,
					"omitted":	false
				}],
			"sum":	{
				"start":	12.0003,
				"end":	13.0041,
				"seconds":	1.00377,
				"bytes":	12582912,
				"bits_per_second":	1.00286e+08,
				"retransmits":	0,
				"omitted":	false
			}
		}, {
			"streams":	[{
					"socket":	4,
					"start":	13.0041,
					"end":	14.0004,
					"seconds":	0.996323,
					"bytes":	12451840,
					"bits_per_second":	9.99823e+07,
					"retransmits":	0,
					"snd_cwnd":	1530536,
					"omitted":	false
				}],
			"sum":	{
				"start":	13.0041,
				"end":	14.0004,
				"seconds":	0.996323,
				"bytes":	12451840,
				"bits_per_second":	9.99823e+07,
				"retransmits":	0,
				"omitted":	false
			}
		}, {
			"streams":	[{
					"socket":	4,
					"start":	14.0004,
					"end":	15.0004,
					"seconds":	1,
					"bytes":	12582912,
					"bits_per_second":	100663296,
					"retransmits":	0,
					"snd_cwnd":	1530536,
					"omitted":	false
				}],
			"sum":	{
				"start":	14.0004,
				"end":	15.0004,
				"seconds":	1,
				"bytes":	12582912,
				"bits_per_second":	100663296,
				"retransmits":	0,
				"omitted":	false
			}
		}, {
			"streams":	[{
					"socket":	4,
					"start":	15.0004,
					"end":	16.0002,
					"seconds":	0.999839,
					"bytes":	12451840,
					"bits_per_second":	9.96308e+07,
					"retransmits":	0,
					"snd_cwnd":	1530536,
					"omitted":	false
				}],
			"sum":	{
				"start":	15.0004,
				"end":	16.0002,
				"seconds":	0.999839,
				"bytes":	12451840,
				"bits_per_second":	9.96308e+07,
				"retransmits":	0,
				"omitted":	false
			}
		}, {
			"streams":	[{
					"socket":	4,
					"start":	16.0002,
					"end":	17.0038,
					"seconds":	1.00355,
					"bytes":	12451840,
					"bits_per_second":	9.92624e+07,
					"retransmits":	0,
					"snd_cwnd":	1530536,
					"omitted":	false
				}],
			"sum":	{
				"start":	16.0002,
				"end":	17.0038,
				"seconds":	1.00355,
				"bytes":	12451840,
				"bits_per_second":	9.92624e+07,
				"retransmits":	0,
				"omitted":	false
			}
		}, {
			"streams":	[{
					"socket":	4,
					"start":	17.0038,
					"end":	18.0003,
					"seconds":	0.996502,
					"bytes":	12582912,
					"bits_per_second":	1.01017e+08,
					"retransmits":	0,
					"snd_cwnd":	1530536,
					"omitted":	false
				}],
			"sum":	{
				"start":	17.0038,
				"end":	18.0003,
				"seconds":	0.996502,
				"bytes":	12582912,
				"bits_per_second":	1.01017e+08,
				"retransmits":	0,
				"omitted":	false
			}
		}, {
			"streams":	[{
					"socket":	4,
					"start":	18.0003,
					"end":	19.0036,
					"seconds":	1.0033,
					"bytes":	12451840,
					"bits_per_second":	9.92867e+07,
					"retransmits":	0,
					"snd_cwnd":	1618864,
					"omitted":	false
				}],
			"sum":	{
				"start":	18.0003,
				"end":	19.0036,
				"seconds":	1.0033,
				"bytes":	12451840,
				"bits_per_second":	9.92867e+07,
				"retransmits":	0,
				"omitted":	false
			}
		}, {
			"streams":	[{
					"socket":	4,
					"start":	19.0036,
					"end":	20.0002,
					"seconds":	0.996638,
					"bytes":	12713984,
					"bits_per_second":	1.02055e+08,
					"retransmits":	0,
					"snd_cwnd":	1623208,
					"omitted":	false
				}],
			"sum":	{
				"start":	19.0036,
				"end":	20.0002,
				"seconds":	0.996638,
				"bytes":	12713984,
				"bits_per_second":	1.02055e+08,
				"retransmits":	0,
				"omitted":	false
			}
		}, {
			"streams":	[{
					"socket":	4,
					"start":	20.0002,
					"end":	21.0024,
					"seconds":	1.00218,
					"bytes":	12320768,
					"bits_per_second":	9.83514e+07,
					"retransmits":	0,
					"snd_cwnd":	1646376,
					"omitted":	false
				}],
			"sum":	{
				"start":	20.0002,
				"end":	21.0024,
				"seconds":	1.00218,
				"bytes":	12320768,
				"bits_per_second":	9.83514e+07,
				"retransmits":	0,
				"omitted":	false
			}
		}, {
			"streams":	[{
					"socket":	4,
					"start":	21.0024,
					"end":	22.001,
					"seconds":	0.998645,
					"bytes":	12451840,
					"bits_per_second":	9.97499e+07,
					"retransmits":	0,
					"snd_cwnd":	1663752,
					"omitted":	false
				}],
			"sum":	{
				"start":	21.0024,
				"end":	22.001,
				"seconds":	0.998645,
				"bytes":	12451840,
				"bits_per_second":	9.97499e+07,
				"retransmits":	0,
				"omitted":	false
			}
		}, {
			"streams":	[{
					"socket":	4,
					"start":	22.001,
					"end":	23.0006,
					"seconds":	0.999515,
					"bytes":	12451840,
					"bits_per_second":	9.96631e+07,
					"retransmits":	1,
					"snd_cwnd":	1663752,
					"omitted":	false
				}],
			"sum":	{
				"start":	22.001,
				"end":	23.0006,
				"seconds":	0.999515,
				"bytes":	12451840,
				"bits_per_second":	9.96631e+07,
				"retransmits":	1,
				"omitted":	false
			}
		}, {
			"streams":	[{
					"socket":	4,
					"start":	23.0006,
					"end":	24.0002,
					"seconds":	0.999629,
					"bytes":	12582912,
					"bits_per_second":	1.00701e+08,
					"retransmits":	0,
					"snd_cwnd":	1663752,
					"omitted":	false
				}],
			"sum":	{
				"start":	23.0006,
				"end":	24.0002,
				"seconds":	0.999629,
				"bytes":	12582912,
				"bits_per_second":	1.00701e+08,
				"retransmits":	0,
				"omitted":	false
			}
		}, {
			"streams":	[{
					"socket":	4,
					"start":	24.0002,
					"end":	25.0004,
					"seconds":	1.00021,
					"bytes":	12451840,
					"bits_per_second":	9.95934e+07,
					"retransmits":	0,
					"snd_cwnd":	1663752,
					"omitted":	false
				}],
			"sum":	{
				"start":	24.0002,
				"end":	25.0004,
				"seconds":	1.00021,
				"bytes":	12451840,
				"bits_per_second":	9.95934e+07,
				"retransmits":	0,
				"omitted":	false
			}
		}, {
			"streams":	[{
					"socket":	4,
					"start":	25.0004,
					"end":	26.0064,
					"seconds":	1.00599,
					"bytes":	12451840,
					"bits_per_second":	9.90213e+07,
					"retransmits":	0,
					"snd_cwnd":	1663752,
					"omitted":	false
				}],
			"sum":	{
				"start":	25.0004,
				"end":	26.0064,
				"seconds":	1.00599,
				"bytes":	12451840,
				"bits_per_second":	9.90213e+07,
				"retransmits":	0,
				"omitted":	false
			}
		}, {
			"streams":	[{
					"socket":	4,
					"start":	26.0064,
					"end":	27.0004,
					"seconds":	0.993974,
					"bytes":	12582912,
					"bits_per_second":	1.01274e+08,
					"retransmits":	0,
					"snd_cwnd":	1663752,
					"omitted":	false
				}],
			"sum":	{
				"start":	26.0064,
				"end":	27.0004,
				"seconds":	0.993974,
				"bytes":	12582912,
				"bits_per_second":	1.01274e+08,
				"retransmits":	0,
				"omitted":	false
			}
		}, {
			"streams":	[{
					"socket":	4,
					"start":	27.0004,
					"end":	28.0027,
					"seconds":	1.00232,
					"bytes":	12582912,
					"bits_per_second":	1.0043e+08,
					"retransmits":	0,
					"snd_cwnd":	1666648,
					"omitted":	false
				}],
			"sum":	{
				"start":	27.0004,
				"end":	28.0027,
				"seconds":	1.00232,
				"bytes":	12582912,
				"bits_per_second":	1.0043e+08,
				"retransmits":	0,
				"omitted":	false
			}
		}, {
			"streams":	[{
					"socket":	4,
					"start":	28.0027,
					"end":	29.0007,
					"seconds":	0.998011,
					"bytes":	12320768,
					"bits_per_second":	9.87626e+07,
					"retransmits":	0,
					"snd_cwnd":	1668096,
					"omitted":	false
				}],
			"sum":	{
				"start":	28.0027,
				"end":	29.0007,
				"seconds":	0.998011,
				"bytes":	12320768,
				"bits_per_second":	9.87626e+07,
				"retransmits":	0,
				"omitted":	false
			}
		}, {
			"streams":	[{
					"socket":	4,
					"start":	29.0007,
					"end":	30.0009,
					"seconds":	1.00019,
					"bytes":	12582912,
					"bits_per_second":	1.00644e+08,
					"retransmits":	0,
					"snd_cwnd":	1688368,
					"omitted":	false
				}],
			"sum":	{
				"start":	29.0007,
				"end":	30.0009,
				"seconds":	1.00019,
				"bytes":	12582912,
				"bits_per_second":	1.00644e+08,
				"retransmits":	0,
				"omitted":	false
			}
		}, {
			"streams":	[{
					"socket":	4,
					"start":	30.0009,
					"end":	31.0007,
					"seconds":	0.999775,
					"bytes":	12451840,
					"bits_per_second":	9.96371e+07,
					"retransmits":	0,
					"snd_cwnd":	1688368,
					"omitted":	false
				}],
			"sum":	{
				"start":	30.0009,
				"end":	31.0007,
				"seconds":	0.999775,
				"bytes":	12451840,
				"bits_per_second":	9.96371e+07,
				"retransmits":	0,
				"omitted":	false
			}
		}, {
			"streams":	[{
					"socket":	4,
					"start":	31.0007,
					"end":	32.0078,
					"seconds":	1.00711,
					"bytes":	13107200,
					"bits_per_second":	1.04117e+08,
					"retransmits":	0,
					"snd_cwnd":	1717328,
					"omitted":	false
				}],
			"sum":	{
				"start":	31.0007,
				"end":	32.0078,
				"seconds":	1.00711,
				"bytes":	13107200,
				"bits_per_second":	1.04117e+08,
				"retransmits":	0,
				"omitted":	false
			}
		}, {
			"streams":	[{
					"socket":	4,
					"start":	32.0078,
					"end":	33.0003,
					"seconds":	0.992539,
					"bytes":	11927552,
					"bits_per_second":	9.61377e+07,
					"retransmits":	1,
					"snd_cwnd":	1717328,
					"omitted":	false
				}],
			"sum":	{
				"start":	32.0078,
				"end":	33.0003,
				"seconds":	0.992539,
				"bytes":	11927552,
				"bits_per_second":	9.61377e+07,
				"retransmits":	1,
				"omitted":	false
			}
		}, {
			"streams":	[{
					"socket":	4,
					"start":	33.0003,
					"end":	34.0009,
					"seconds":	1.00061,
					"bytes":	12451840,
					"bits_per_second":	9.95535e+07,
					"retransmits":	0,
					"snd_cwnd":	1717328,
					"omitted":	false
				}],
			"sum":	{
				"start":	33.0003,
				"end":	34.0009,
				"seconds":	1.00061,
				"bytes":	12451840,
				"bits_per_second":	9.95535e+07,
				"retransmits":	0,
				"omitted":	false
			}
		}, {
			"streams":	[{
					"socket":	4,
					"start":	34.0009,
					"end":	35.0003,
					"seconds":	0.999316,
					"bytes":	12582912,
					"bits_per_second":	1.00732e+08,
					"retransmits":	0,
					"snd_cwnd":	1717328,
					"omitted":	false
				}],
			"sum":	{
				"start":	34.0009,
				"end":	35.0003,
				"seconds":	0.999316,
				"bytes":	12582912,
				"bits_per_second":	1.00732e+08,
				"retransmits":	0,
				"omitted":	false
			}
		}, {
			"streams":	[{
					"socket":	4,
					"start":	35.0003,
					"end":	36.0129,
					"seconds":	1.01267,
					"bytes":	12582912,
					"bits_per_second":	9.94038e+07,
					"retransmits":	0,
					"snd_cwnd":	1717328,
					"omitted":	false
				}],
			"sum":	{
				"start":	35.0003,
				"end":	36.0129,
				"seconds":	1.01267,
				"bytes":	12582912,
				"bits_per_second":	9.94038e+07,
				"retransmits":	0,
				"omitted":	false
			}
		}, {
			"streams":	[{
					"socket":	4,
					"start":	36.0129,
					"end":	37.0029,
					"seconds":	0.989945,
					"bytes":	12451840,
					"bits_per_second":	1.00627e+08,
					"retransmits":	0,
					"snd_cwnd":	1718776,
					"omitted":	false
				}],
			"sum":	{
				"start":	36.0129,
				"end":	37.0029,
				"seconds":	0.989945,
				"bytes":	12451840,
				"bits_per_second":	1.00627e+08,
				"retransmits":	0,
				"omitted":	false
			}
		}, {
			"streams":	[{
					"socket":	4,
					"start":	37.0029,
					"end":	38.0099,
					"seconds":	1.00698,
					"bytes":	12451840,
					"bits_per_second":	9.89246e+07,
					"retransmits":	0,
					"snd_cwnd":	1727464,
					"omitted":	false
				}],
			"sum":	{
				"start":	37.0029,
				"end":	38.0099,
				"seconds":	1.00698,
				"bytes":	12451840,
				"bits_per_second":	9.89246e+07,
				"retransmits":	0,
				"omitted":	false
			}
		}, {
			"streams":	[{
					"socket":	4,
					"start":	38.0099,
					"end":	39.004,
					"seconds":	0.994174,
					"bytes":	12451840,
					"bits_per_second":	1.00198e+08,
					"retransmits":	147,
					"snd_cwnd":	1220664,
					"omitted":	false
				}],
			"sum":	{
				"start":	38.0099,
				"end":	39.004,
				"seconds":	0.994174,
				"bytes":	12451840,
				"bits_per_second":	1.00198e+08,
				"retransmits":	147,
				"omitted":	false
			}
		}, {
			"streams":	[{
					"socket":	4,
					"start":	39.004,
					"end":	40.0048,
					"seconds":	1.00074,
					"bytes":	11010048,
					"bits_per_second":	8.80151e+07,
					"retransmits":	0,
					"snd_cwnd":	1342296,
					"omitted":	false
				}],
			"sum":	{
				"start":	39.004,
				"end":	40.0048,
				"seconds":	1.00074,
				"bytes":	11010048,
				"bits_per_second":	8.80151e+07,
				"retransmits":	0,
				"omitted":	false
			}
		}, {
			"streams":	[{
					"socket":	4,
					"start":	40.0048,
					"end":	41.0005,
					"seconds":	0.995778,
					"bytes":	13500416,
					"bits_per_second":	1.08461e+08,
					"retransmits":	0,
					"snd_cwnd":	1465376,
					"omitted":	false
				}],
			"sum":	{
				"start":	40.0048,
				"end":	41.0005,
				"seconds":	0.995778,
				"bytes":	13500416,
				"bits_per_second":	1.08461e+08,
				"retransmits":	0,
				"omitted":	false
			}
		}, {
			"streams":	[{
					"socket":	4,
					"start":	41.0005,
					"end":	42.0203,
					"seconds":	1.01972,
					"bytes":	12582912,
					"bits_per_second":	9.87166e+07,
					"retransmits":	0,
					"snd_cwnd":	1036768,
					"omitted":	false
				}],
			"sum":	{
				"start":	41.0005,
				"end":	42.0203,
				"seconds":	1.01972,
				"bytes":	12582912,
				"bits_per_second":	9.87166e+07,
				"retransmits":	0,
				"omitted":	false
			}
		}, {
			"streams":	[{
					"socket":	4,
					"start":	42.0203,
					"end":	43.0038,
					"seconds":	0.983562,
					"bytes":	6684672,
					"bits_per_second":	5.43711e+07,
					"retransmits":	10,
					"snd_cwnd":	764544,
					"omitted":	false
				}],
			"sum":	{
				"start":	42.0203,
				"end":	43.0038,
				"seconds":	0.983562,
				"bytes":	6684672,
				"bits_per_second":	5.43711e+07,
				"retransmits":	10,
				"omitted":	false
			}
		}, {
			"streams":	[{
					"socket":	4,
					"start":	43.0038,
					"end":	44.0008,
					"seconds":	0.996953,
					"bytes":	5505024,
					"bits_per_second":	4.41748e+07,
					"retransmits":	8,
					"snd_cwnd":	557480,
					"omitted":	false
				}],
			"sum":	{
				"start":	43.0038,
				"end":	44.0008,
				"seconds":	0.996953,
				"bytes":	5505024,
				"bits_per_second":	4.41748e+07,
				"retransmits":	8,
				"omitted":	false
			}
		}, {
			"streams":	[{
					"socket":	4,
					"start":	44.0008,
					"end":	45.0029,
					"seconds":	1.00213,
					"bytes":	3801088,
					"bits_per_second":	3.03442e+07,
					"retransmits":	3,
					"snd_cwnd":	414128,
					"omitted":	false
				}],
			"sum":	{
				"start":	44.0008,
				"end":	45.0029,
				"seconds":	1.00213,
				"bytes":	3801088,
				"bits_per_second":	3.03442e+07,
				"retransmits":	3,
				"omitted":	false
			}
		}, {
			"streams":	[{
					"socket":	4,
					"start":	45.0029,
					"end":	46.0038,
					"seconds":	1.00089,
					"bytes":	5373952,
					"bits_per_second":	4.29536e+07,
					"retransmits":	0,
					"snd_cwnd":	422816,
					"omitted":	false
				}],
			"sum":	{
				"start":	45.0029,
				"end":	46.0038,
				"seconds":	1.00089,
				"bytes":	5373952,
				"bits_per_second":	4.29536e+07,
				"retransmits":	0,
				"omitted":	false
			}
		}, {
			"streams":	[{
					"socket":	4,
					"start":	46.0038,
					"end":	47.0219,
					"seconds":	1.01811,
					"bytes":	4849664,
					"bits_per_second":	3.81073e+07,
					"retransmits":	35,
					"snd_cwnd":	430056,
					"omitted":	false
				}],
			"sum":	{
				"start":	46.0038,
				"end":	47.0219,
				"seconds":	1.01811,
				"bytes":	4849664,
				"bits_per_second":	3.81073e+07,
				"retransmits":	35,
				"omitted":	false
			}
		}, {
			"streams":	[{
					"socket":	4,
					"start":	47.0219,
					"end":	48.001,
					"seconds":	0.979076,
					"bytes":	6815744,
					"bits_per_second":	5.56912e+07,
					"retransmits":	0,
					"snd_cwnd":	443088,
					"omitted":	false
				}],
			"sum":	{
				"start":	47.0219,
				"end":	48.001,
				"seconds":	0.979076,
				"bytes":	6815744,
				"bits_per_second":	5.56912e+07,
				"retransmits":	0,
				"omitted":	false
			}
		}, {
			"streams":	[{
					"socket":	4,
					"start":	48.001,
					"end":	49.0142,
					"seconds":	1.01327,
					"bytes":	6553600,
					"bits_per_second":	5.1742e+07,
					"retransmits":	0,
					"snd_cwnd":	454672,
					"omitted":	false
				}],
			"sum":	{
				"start":	48.001,
				"end":	49.0142,
				"seconds":	1.01327,
				"bytes":	6553600,
				"bits_per_second":	5.1742e+07,
				"retransmits":	0,
				"omitted":	false
			}
		}, {
			"streams":	[{
					"socket":	4,
					"start":	49.0142,
					"end":	50.0647,
					"seconds":	1.05041,
					"bytes":	6422528,
					"bits_per_second":	4.89144e+07,
					"retransmits":	0,
					"snd_cwnd":	464808,
					"omitted":	false
				}],
			"sum":	{
				"start":	49.0142,
				"end":	50.0647,
				"seconds":	1.05041,
				"bytes":	6422528,
				"bits_per_second":	4.89144e+07,
				"retransmits":	0,
				"omitted":	false
			}
		}, {
			"streams":	[{
					"socket":	4,
					"start":	50.0647,
					"end":	51.0041,
					"seconds":	0.939412,
					"bytes":	4849664,
					"bits_per_second":	4.12996e+07,
					"retransmits":	0,
					"snd_cwnd":	472048,
					"omitted":	false
				}],
			"sum":	{
				"start":	50.0647,
				"end":	51.0041,
				"seconds":	0.939412,
				"bytes":	4849664,
				"bits_per_second":	4.12996e+07,
				"retransmits":	0,
				"omitted":	false
			}
		}, {
			"streams":	[{
					"socket":	4,
					"start":	51.0041,
					"end":	52.0008,
					"seconds":	0.9967,
					"bytes":	2621440,
					"bits_per_second":	2.1041e+07,
					"retransmits":	5,
					"snd_cwnd":	401096,
					"omitted":	false
				}],
			"sum":	{
				"start":	51.0041,
				"end":	52.0008,
				"seconds":	0.9967,
				"bytes":	2621440,
				"bits_per_second":	2.1041e+07,
				"retransmits":	5,
				"omitted":	false
			}
		}, {
			"streams":	[{
					"socket":	4,
					"start":	52.0008,
					"end":	53.0014,
					"seconds":	1.00067,
					"bytes":	3801088,
					"bits_per_second":	3.03882e+07,
					"retransmits":	0,
					"snd_cwnd":	406888,
					"omitted":	false
				}],
			"sum":	{
				"start":	52.0008,
				"end":	53.0014,
				"seconds":	1.00067,
				"bytes":	3801088,
				"bits_per_second":	3.03882e+07,
				"retransmits":	0,
				"omitted":	false
			}
		}, {
			"streams":	[{
					"socket":	4,
					"start":	53.0014,
					"end":	54.0003,
					"seconds":	0.998872,
					"bytes":	3801088,
					"bits_per_second":	3.0443e+07,
					"retransmits":	0,
					"snd_cwnd":	415576,
					"omitted":	false
				}],
			"sum":	{
				"start":	53.0014,
				"end":	54.0003,
				"seconds":	0.998872,
				"bytes":	3801088,
				"bits_per_second":	3.0443e+07,
				"retransmits":	0,
				"omitted":	false
			}
		}, {
			"streams":	[{
					"socket":	4,
					"start":	54.0003,
					"end":	55.0025,
					"seconds":	1.00221,
					"bytes":	2883584,
					"bits_per_second":	2.30179e+07,
					"retransmits":	16,
					"snd_cwnd":	419920,
					"omitted":	false
				}],
			"sum":	{
				"start":	54.0003,
				"end":	55.0025,
				"seconds":	1.00221,
				"bytes":	2883584,
				"bits_per_second":	2.30179e+07,
				"retransmits":	16,
				"omitted":	false
			}
		}],
	"end":	{
		"streams":	[{
				"sender":	{
					"socket":	4,
					"start":	0,
					"end":	55.0025,
					"seconds":	55.0025,
					"bytes":	587368328,
					"bits_per_second":	8.54315e+07,
					"retransmits":	257
				},
				"receiver":	{
					"socket":	4,
					"start":	0,
					"end":	55.0025,
					"seconds":	55.0025,
					"bytes":	581071256,
					"bits_per_second":	8.45156e+07
				}
			}],
		"sum_sent":	{
			"start":	0,
			"end":	55.0025,
			"seconds":	55.0025,
			"bytes":	587368328,
			"bits_per_second":	8.54315e+07,
			"retransmits":	257
		},
		"sum_received":	{
			"start":	0,
			"end":	55.0025,
			"seconds":	55.0025,
			"bytes":	581071256,
			"bits_per_second":	8.45156e+07
		},
		"cpu_utilization_percent":	{
			"host_total":	2.76087,
			"host_user":	0.144275,
			"host_system":	2.6166,
			"remote_total":	5.3872,
			"remote_user":	0.388083,
			"remote_system":	4.99912
		}
	}
}
