{
	"start":	{
		"connected":	[{
				"socket":	4,
				"local_host":	"10.0.0.4",
				"local_port":	58144,
				"remote_host":	"10.0.0.14",
				"remote_port":	2561
			}],
		"version":	"iperf 3.0.7",
		"system_info":	"Linux BS4 5.4.197-0504197-generic #202206060747 SMP Mon Jun 6 09:27:47 UTC 2022 x86_64 x86_64 x86_64 GNU/Linux\n",
		"timestamp":	{
			"time":	"Mon, 25 Jul 2022 21:43:40 GMT",
			"timesecs":	1658785420
		},
		"connecting_to":	{
			"host":	"10.0.0.14",
			"port":	2561
		},
		"cookie":	"BS4.1658785419.963730.1a21893537e7c1",
		"tcp_mss_default":	1448,
		"test_start":	{
			"protocol":	"TCP",
			"num_streams":	1,
			"blksize":	131072,
			"omit":	0,
			"duration":	6,
			"bytes":	0,
			"blocks":	0,
			"reverse":	0
		}
	},
	"intervals":	[{
			"streams":	[{
					"socket":	4,
					"start":	0,
					"end":	1.00042,
					"seconds":	1.00042,
					"bytes":	3507728,
					"bits_per_second":	2.80499e+07,
					"retransmits":	2,
					"snd_cwnd":	194032,
					"omitted":	false
				}],
			"sum":	{
				"start":	0,
				"end":	1.00042,
				"seconds":	1.00042,
				"bytes":	3507728,
				"bits_per_second":	2.80499e+07,
				"retransmits":	2,
				"omitted":	false
			}
		}, {
			"streams":	[{
					"socket":	4,
					"start":	1.00042,
					"end":	2.00016,
					"seconds":	0.999733,
					"bytes":	3932160,
					"bits_per_second":	3.14657e+07,
					"retransmits":	0,
					"snd_cwnd":	208512,
					"omitted":	false
				}],
			"sum":	{
				"start":	1.00042,
				"end":	2.00016,
				"seconds":	0.999733,
				"bytes":	3932160,
				"bits_per_second":	3.14657e+07,
				"retransmits":	0,
				"omitted":	false
			}
		}, {
			"streams":	[{
					"socket":	4,
					"start":	2.00016,
					"end":	3.00032,
					"seconds":	1.00016,
					"bytes":	4194304,
					"bits_per_second":	3.35489e+07,
					"retransmits":	0,
					"snd_cwnd":	222992,
					"omitted":	false
				}],
			"sum":	{
				"start":	2.00016,
				"end":	3.00032,
				"seconds":	1.00016,
				"bytes":	4194304,
				"bits_per_second":	3.35489e+07,
				"retransmits":	0,
				"omitted":	false
			}
		}, {
			"streams":	[{
					"socket":	4,
					"start":	3.00032,
					"end":	4.00063,
					"seconds":	1.00031,
					"bytes":	4587520,
					"bits_per_second":	3.66889e+07,
					"retransmits":	0,
					"snd_cwnd":	238920,
					"omitted":	false
				}],
			"sum":	{
				"start":	3.00032,
				"end":	4.00063,
				"seconds":	1.00031,
				"bytes":	4587520,
				"bits_per_second":	3.66889e+07,
				"retransmits":	0,
				"omitted":	false
			}
		}, {
			"streams":	[{
					"socket":	4,
					"start":	4.00063,
					"end":	5.00025,
					"seconds":	0.999623,
					"bytes":	4194304,
					"bits_per_second":	3.35671e+07,
					"retransmits":	0,
					"snd_cwnd":	251952,
					"omitted":	false
				}],
			"sum":	{
				"start":	4.00063,
				"end":	5.00025,
				"seconds":	0.999623,
				"bytes":	4194304,
				"bits_per_second":	3.35671e+07,
				"retransmits":	0,
				"omitted":	false
			}
		}, {
			"streams":	[{
					"socket":	4,
					"start":	5.00025,
					"end":	6.00027,
					"seconds":	1.00002,
					"bytes":	5505024,
					"bits_per_second":	4.40394e+07,
					"retransmits":	0,
					"snd_cwnd":	291048,
					"omitted":	false
				}],
			"sum":	{
				"start":	5.00025,
				"end":	6.00027,
				"seconds":	1.00002,
				"bytes":	5505024,
				"bits_per_second":	4.40394e+07,
				"retransmits":	0,
				"omitted":	false
			}
		}],
	"end":	{
		"streams":	[{
				"sender":	{
					"socket":	4,
					"start":	0,
					"end":	6.00027,
					"seconds":	6.00027,
					"bytes":	25921040,
					"bits_per_second":	3.45598e+07,
					"retransmits":	2
				},
				"receiver":	{
					"socket":	4,
					"start":	0,
					"end":	6.00027,
					"seconds":	6.00027,
					"bytes":	25086600,
					"bits_per_second":	3.34473e+07
				}
			}],
		"sum_sent":	{
			"start":	0,
			"end":	6.00027,
			"seconds":	6.00027,
			"bytes":	25921040,
			"bits_per_second":	3.45598e+07,
			"retransmits":	2
		},
		"sum_received":	{
			"start":	0,
			"end":	6.00027,
			"seconds":	6.00027,
			"bytes":	25086600,
			"bits_per_second":	3.34473e+07
		},
		"cpu_utilization_percent":	{
			"host_total":	2.17173,
			"host_user":	0.689067,
			"host_system":	1.48264,
			"remote_total":	3.35956,
			"remote_user":	0.170318,
			"remote_system":	3.1919
		}
	}
}
