{
	"start":	{
		"connected":	[{
				"socket":	4,
				"local_host":	"10.0.0.1",
				"local_port":	41238,
				"remote_host":	"10.0.0.9",
				"remote_port":	2491
			}],
		"version":	"iperf 3.0.7",
		"system_info":	"Linux H1 5.4.197-0504197-generic #202206060747 SMP Mon Jun 6 09:27:47 UTC 2022 x86_64 x86_64 x86_64 GNU/Linux\n",
		"timestamp":	{
			"time":	"Fri, 22 Jul 2022 16:28:17 GMT",
			"timesecs":	1658507297
		},
		"connecting_to":	{
			"host":	"10.0.0.9",
			"port":	2491
		},
		"cookie":	"H1.1658507297.393672.087967a9646b062",
		"tcp_mss_default":	1448,
		"test_start":	{
			"protocol":	"TCP",
			"num_streams":	1,
			"blksize":	131072,
			"omit":	0,
			"duration":	5,
			"bytes":	0,
			"blocks":	0,
			"reverse":	0
		}
	},
	"intervals":	[{
			"streams":	[{
					"socket":	4,
					"start":	0,
					"end":	1.00107,
					"seconds":	1.00107,
					"bytes":	1689400,
					"bits_per_second":	1.35008e+07,
					"retransmits":	0,
					"snd_cwnd":	91224,
					"omitted":	false
				}],
			"sum":	{
				"start":	0,
				"end":	1.00107,
				"seconds":	1.00107,
				"bytes":	1689400,
				"bits_per_second":	1.35008e+07,
				"retransmits":	0,
				"omitted":	false
			}
		}, {
			"streams":	[{
					"socket":	4,
					"start":	1.00107,
					"end":	2.00045,
					"seconds":	0.999384,
					"bytes":	1966080,
					"bits_per_second":	1.57383e+07,
					"retransmits":	0,
					"snd_cwnd":	120184,
					"omitted":	false
				}],
			"sum":	{
				"start":	1.00107,
				"end":	2.00045,
				"seconds":	0.999384,
				"bytes":	1966080,
				"bits_per_second":	1.57383e+07,
				"retransmits":	0,
				"omitted":	false
			}
		}, {
			"streams":	[{
					"socket":	4,
					"start":	2.00045,
					"end":	3.0002,
					"seconds":	0.999743,
					"bytes":	1835008,
					"bits_per_second":	1.46838e+07,
					"retransmits":	0,
					"snd_cwnd":	159280,
					"omitted":	false
				}],
			"sum":	{
				"start":	2.00045,
				"end":	3.0002,
				"seconds":	0.999743,
				"bytes":	1835008,
				"bits_per_second":	1.46838e+07,
				"retransmits":	0,
				"omitted":	false
			}
		}, {
			"streams":	[{
					"socket":	4,
					"start":	3.0002,
					"end":	4.00097,
					"seconds":	1.00077,
					"bytes":	1835008,
					"bits_per_second":	1.46687e+07,
					"retransmits":	0,
					"snd_cwnd":	185344,
					"omitted":	false
				}],
			"sum":	{
				"start":	3.0002,
				"end":	4.00097,
				"seconds":	1.00077,
				"bytes":	1835008,
				"bits_per_second":	1.46687e+07,
				"retransmits":	0,
				"omitted":	false
			}
		}, {
			"streams":	[{
					"socket":	4,
					"start":	4.00097,
					"end":	5.0008,
					"seconds":	0.999834,
					"bytes":	1966080,
					"bits_per_second":	1.57313e+07,
					"retransmits":	0,
					"snd_cwnd":	196928,
					"omitted":	false
				}],
			"sum":	{
				"start":	4.00097,
				"end":	5.0008,
				"seconds":	0.999834,
				"bytes":	1966080,
				"bits_per_second":	1.57313e+07,
				"retransmits":	0,
				"omitted":	false
			}
		}],
	"end":	{
		"streams":	[{
				"sender":	{
					"socket":	4,
					"start":	0,
					"end":	5.0008,
					"seconds":	5.0008,
					"bytes":	9291576,
					"bits_per_second":	1.48641e+07,
					"retransmits":	0
				},
				"receiver":	{
					"socket":	4,
					"start":	0,
					"end":	5.0008,
					"seconds":	5.0008,
					"bytes":	9291576,
					"bits_per_second":	1.48641e+07
				}
			}],
		"sum_sent":	{
			"start":	0,
			"end":	5.0008,
			"seconds":	5.0008,
			"bytes":	9291576,
			"bits_per_second":	1.48641e+07,
			"retransmits":	0
		},
		"sum_received":	{
			"start":	0,
			"end":	5.0008,
			"seconds":	5.0008,
			"bytes":	9291576,
			"bits_per_second":	1.48641e+07
		},
		"cpu_utilization_percent":	{
			"host_total":	0.348834,
			"host_user":	0,
			"host_system":	0.348734,
			"remote_total":	1.26982,
			"remote_user":	0.384213,
			"remote_system":	0.885587
		}
	}
}
