{
	"start":	{
		"connected":	[{
				"socket":	5,
				"local_host":	"10.0.0.2",
				"local_port":	38912,
				"remote_host":	"10.0.0.13",
				"remote_port":	1085
			}],
		"version":	"iperf 3.7",
		"system_info":	"Linux H2 5.4.197-0504197-generic #202206060747 SMP Mon Jun 6 09:27:47 UTC 2022 x86_64",
		"timestamp":	{
			"time":	"Mon, 01 Aug 2022 00:23:22 GMT",
			"timesecs":	1659313402
		},
		"connecting_to":	{
			"host":	"10.0.0.13",
			"port":	1085
		},
		"cookie":	"yh5jwqdkt52ulyvlflmya7zxmesy32pwhtip",
		"tcp_mss_default":	1448,
		"target_bitrate":	15000000,
		"sock_bufsize":	0,
		"sndbuf_actual":	87380,
		"rcvbuf_actual":	87380,
		"test_start":	{
			"protocol":	"TCP",
			"num_streams":	1,
			"blksize":	131072,
			"omit":	0,
			"duration":	5,
			"bytes":	0,
			"blocks":	0,
			"reverse":	0,
			"tos":	0
		}
	},
	"intervals":	[{
			"streams":	[{
					"socket":	5,
					"start":	0,
					"end":	1.000145,
					"seconds":	1.0001449584960938,
					"bytes":	1966080,
					"bits_per_second":	15726360.330457468,
					"retransmits":	0,
					"snd_cwnd":	91224,
					"rtt":	4147,
					"rttvar":	1771,
					"pmtu":	1500,
					"omitted":	false,
					"sender":	true
				}],
			"sum":	{
				"start":	0,
				"end":	1.000145,
				"seconds":	1.0001449584960938,
				"bytes":	1966080,
				"bits_per_second":	15726360.330457468,
				"retransmits":	0,
				"omitted":	false,
				"sender":	true
			}
		}, {
			"streams":	[{
					"socket":	5,
					"start":	1.000145,
					"end":	2.000457,
					"seconds":	1.0003119707107544,
					"bytes":	1835008,
					"bits_per_second":	14675485.678302275,
					"retransmits":	1,
					"snd_cwnd":	91224,
					"rtt":	4071,
					"rttvar":	1351,
					"pmtu":	1500,
					"omitted":	false,
					"sender":	true
				}],
			"sum":	{
				"start":	1.000145,
				"end":	2.000457,
				"seconds":	1.0003119707107544,
				"bytes":	1835008,
				"bits_per_second":	14675485.678302275,
				"retransmits":	1,
				"omitted":	false,
				"sender":	true
			}
		}, {
			"streams":	[{
					"socket":	5,
					"start":	2.000457,
					"end":	3.000921,
					"seconds":	1.0004639625549316,
					"bytes":	1835008,
					"bits_per_second":	14673256.158583498,
					"retransmits":	0,
					"snd_cwnd":	92672,
					"rtt":	4124,
					"rttvar":	1594,
					"pmtu":	1500,
					"omitted":	false,
					"sender":	true
				}],
			"sum":	{
				"start":	2.000457,
				"end":	3.000921,
				"seconds":	1.0004639625549316,
				"bytes":	1835008,
				"bits_per_second":	14673256.158583498,
				"retransmits":	0,
				"omitted":	false,
				"sender":	true
			}
		}, {
			"streams":	[{
					"socket":	5,
					"start":	3.000921,
					"end":	4.000603,
					"seconds":	0.99968200922012329,
					"bytes":	1966080,
					"bits_per_second":	15733643.153456669,
					"retransmits":	0,
					"snd_cwnd":	92672,
					"rtt":	4179,
					"rttvar":	1708,
					"pmtu":	1500,
					"omitted":	false,
					"sender":	true
				}],
			"sum":	{
				"start":	3.000921,
				"end":	4.000603,
				"seconds":	0.99968200922012329,
				"bytes":	1966080,
				"bits_per_second":	15733643.153456669,
				"retransmits":	0,
				"omitted":	false,
				"sender":	true
			}
		}, {
			"streams":	[{
					"socket":	5,
					"start":	4.000603,
					"end":	5.000702,
					"seconds":	1.0000989437103271,
					"bytes":	1835008,
					"bits_per_second":	14678611.643701522,
					"retransmits":	0,
					"snd_cwnd":	92672,
					"rtt":	4234,
					"rttvar":	1552,
					"pmtu":	1500,
					"omitted":	false,
					"sender":	true
				}],
			"sum":	{
				"start":	4.000603,
				"end":	5.000702,
				"seconds":	1.0000989437103271,
				"bytes":	1835008,
				"bits_per_second":	14678611.643701522,
				"retransmits":	0,
				"omitted":	false,
				"sender":	true
			}
		}],
	"end":	{
		"streams":	[{
				"sender":	{
					"socket":	5,
					"start":	0,
					"end":	5.000702,
					"seconds":	5.000702,
					"bytes":	9437184,
					"bits_per_second":	15097374.728588104,
					"retransmits":	1,
					"max_snd_cwnd":	92672,
					"max_rtt":	4234,
					"min_rtt":	4071,
					"mean_rtt":	4151,
					"sender":	true
				},
				"receiver":	{
					"socket":	5,
					"start":	0,
					"end":	5.000994,
					"seconds":	5.000702,
					"bytes":	9437184,
					"bits_per_second":	15096493.217148431,
					"sender":	true
				}
			}],
		"sum_sent":	{
			"start":	0,
			"end":	5.000702,
			"seconds":	5.000702,
			"bytes":	9437184,
			"bits_per_second":	15097374.728588104,
			"retransmits":	1,
			"sender":	true
		},
		"sum_received":	{
			"start":	0,
			"end":	5.000994,
			"seconds":	5.000994,
			"bytes":	9437184,
			"bits_per_second":	15096493.217148431,
			"sender":	true
		},
		"cpu_utilization_percent":	{
			"host_total":	5.207239523105069,
			"host_user":	0,
			"host_system":	5.2071995513571006,
			"remote_total":	2.1908764463571795,
			"remote_user":	0.68226315339986221,
			"remote_system":	1.5086132929573171
		},
		"sender_tcp_congestion":	"cubic",
		"receiver_tcp_congestion":	"cubic"
	}
}
