{
	"start":	{
		"connected":	[{
				"socket":	4,
				"local_host":	"10.0.0.4",
				"local_port":	44372,
				"remote_host":	"10.0.0.6",
				"remote_port":	2554
			}],
		"version":	"iperf 3.0.7",
		"system_info":	"Linux H4 5.4.197-0504197-generic #202206060747 SMP Mon Jun 6 09:27:47 UTC 2022 x86_64 x86_64 x86_64 GNU/Linux\n",
		"timestamp":	{
			"time":	"Fri, 22 Jul 2022 16:23:16 GMT",
			"timesecs":	1658506996
		},
		"connecting_to":	{
			"host":	"10.0.0.6",
			"port":	2554
		},
		"cookie":	"H4.1658506996.355843.00deaea43c707c6",
		"tcp_mss_default":	1448,
		"test_start":	{
			"protocol":	"TCP",
			"num_streams":	1,
			"blksize":	131072,
			"omit":	0,
			"duration":	5,
			"bytes":	0,
			"blocks":	0,
			"reverse":	0
		}
	},
	"intervals":	[{
			"streams":	[{
					"socket":	4,
					"start":	0,
					"end":	1.00026,
					"seconds":	1.00026,
					"bytes":	1689400,
					"bits_per_second":	1.35117e+07,
					"retransmits":	0,
					"snd_cwnd":	91224,
					"omitted":	false
				}],
			"sum":	{
				"start":	0,
				"end":	1.00026,
				"seconds":	1.00026,
				"bytes":	1689400,
				"bits_per_second":	1.35117e+07,
				"retransmits":	0,
				"omitted":	false
			}
		}, {
			"streams":	[{
					"socket":	4,
					"start":	1.00026,
					"end":	2.00044,
					"seconds":	1.00018,
					"bytes":	1966080,
					"bits_per_second":	1.57258e+07,
					"retransmits":	0,
					"snd_cwnd":	115840,
					"omitted":	false
				}],
			"sum":	{
				"start":	1.00026,
				"end":	2.00044,
				"seconds":	1.00018,
				"bytes":	1966080,
				"bits_per_second":	1.57258e+07,
				"retransmits":	0,
				"omitted":	false
			}
		}, {
			"streams":	[{
					"socket":	4,
					"start":	2.00044,
					"end":	3.00025,
					"seconds":	0.999805,
					"bytes":	1835008,
					"bits_per_second":	1.46829e+07,
					"retransmits":	0,
					"snd_cwnd":	152040,
					"omitted":	false
				}],
			"sum":	{
				"start":	2.00044,
				"end":	3.00025,
				"seconds":	0.999805,
				"bytes":	1835008,
				"bits_per_second":	1.46829e+07,
				"retransmits":	0,
				"omitted":	false
			}
		}, {
			"streams":	[{
					"socket":	4,
					"start":	3.00025,
					"end":	4.00029,
					"seconds":	1.00004,
					"bytes":	1835008,
					"bits_per_second":	1.46795e+07,
					"retransmits":	0,
					"snd_cwnd":	167968,
					"omitted":	false
				}],
			"sum":	{
				"start":	3.00025,
				"end":	4.00029,
				"seconds":	1.00004,
				"bytes":	1835008,
				"bits_per_second":	1.46795e+07,
				"retransmits":	0,
				"omitted":	false
			}
		}, {
			"streams":	[{
					"socket":	4,
					"start":	4.00029,
					"end":	5.0009,
					"seconds":	1.00061,
					"bytes":	1966080,
					"bits_per_second":	1.5719e+07,
					"retransmits":	0,
					"snd_cwnd":	176656,
					"omitted":	false
				}],
			"sum":	{
				"start":	4.00029,
				"end":	5.0009,
				"seconds":	1.00061,
				"bytes":	1966080,
				"bits_per_second":	1.5719e+07,
				"retransmits":	0,
				"omitted":	false
			}
		}],
	"end":	{
		"streams":	[{
				"sender":	{
					"socket":	4,
					"start":	0,
					"end":	5.0009,
					"seconds":	5.0009,
					"bytes":	9291576,
					"bits_per_second":	1.48639e+07,
					"retransmits":	0
				},
				"receiver":	{
					"socket":	4,
					"start":	0,
					"end":	5.0009,
					"seconds":	5.0009,
					"bytes":	9291576,
					"bits_per_second":	1.48639e+07
				}
			}],
		"sum_sent":	{
			"start":	0,
			"end":	5.0009,
			"seconds":	5.0009,
			"bytes":	9291576,
			"bits_per_second":	1.48639e+07,
			"retransmits":	0
		},
		"sum_received":	{
			"start":	0,
			"end":	5.0009,
			"seconds":	5.0009,
			"bytes":	9291576,
			"bits_per_second":	1.48639e+07
		},
		"cpu_utilization_percent":	{
			"host_total":	0.60719,
			"host_user":	0.223104,
			"host_system":	0.384086,
			"remote_total":	1.71053,
			"remote_user":	0.398012,
			"remote_system":	1.31254
		}
	}
}
