{
	"start":	{
		"connected":	[{
				"socket":	4,
				"local_host":	"10.0.0.5",
				"local_port":	41500,
				"remote_host":	"10.0.0.21",
				"remote_port":	4080
			}],
		"version":	"iperf 3.0.7",
		"system_info":	"Linux BS5 5.4.197-0504197-generic #202206060747 SMP Mon Jun 6 09:27:47 UTC 2022 x86_64 x86_64 x86_64 GNU/Linux\n",
		"timestamp":	{
			"time":	"Mon, 25 Jul 2022 21:43:54 GMT",
			"timesecs":	1658785434
		},
		"connecting_to":	{
			"host":	"10.0.0.21",
			"port":	4080
		},
		"cookie":	"BS5.1658785434.335391.27dfba6c76f433",
		"tcp_mss_default":	1448,
		"test_start":	{
			"protocol":	"TCP",
			"num_streams":	1,
			"blksize":	131072,
			"omit":	0,
			"duration":	31,
			"bytes":	0,
			"blocks":	0,
			"reverse":	0
		}
	},
	"intervals":	[{
			"streams":	[{
					"socket":	4,
					"start":	0,
					"end":	1.00037,
					"seconds":	1.00037,
					"bytes":	11372048,
					"bits_per_second":	9.09432e+07,
					"retransmits":	1,
					"snd_cwnd":	771784,
					"omitted":	false
				}],
			"sum":	{
				"start":	0,
				"end":	1.00037,
				"seconds":	1.00037,
				"bytes":	11372048,
				"bits_per_second":	9.09432e+07,
				"retransmits":	1,
				"omitted":	false
			}
		}, {
			"streams":	[{
					"socket":	4,
					"start":	1.00037,
					"end":	2.00038,
					"seconds":	1.00001,
					"bytes":	12451840,
					"bits_per_second":	9.96134e+07,
					"retransmits":	0,
					"snd_cwnd":	783368,
					"omitted":	false
				}],
			"sum":	{
				"start":	1.00037,
				"end":	2.00038,
				"seconds":	1.00001,
				"bytes":	12451840,
				"bits_per_second":	9.96134e+07,
				"retransmits":	0,
				"omitted":	false
			}
		}, {
			"streams":	[{
					"socket":	4,
					"start":	2.00038,
					"end":	3.00089,
					"seconds":	1.00051,
					"bytes":	12582912,
					"bits_per_second":	1.00612e+08,
					"retransmits":	1,
					"snd_cwnd":	792056,
					"omitted":	false
				}],
			"sum":	{
				"start":	2.00038,
				"end":	3.00089,
				"seconds":	1.00051,
				"bytes":	12582912,
				"bits_per_second":	1.00612e+08,
				"retransmits":	1,
				"omitted":	false
			}
		}, {
			"streams":	[{
					"socket":	4,
					"start":	3.00089,
					"end":	4.00049,
					"seconds":	0.999607,
					"bytes":	12451840,
					"bits_per_second":	9.96539e+07,
					"retransmits":	0,
					"snd_cwnd":	800744,
					"omitted":	false
				}],
			"sum":	{
				"start":	3.00089,
				"end":	4.00049,
				"seconds":	0.999607,
				"bytes":	12451840,
				"bits_per_second":	9.96539e+07,
				"retransmits":	0,
				"omitted":	false
			}
		}, {
			"streams":	[{
					"socket":	4,
					"start":	4.00049,
					"end":	5.00041,
					"seconds":	0.999919,
					"bytes":	12451840,
					"bits_per_second":	9.96228e+07,
					"retransmits":	0,
					"snd_cwnd":	810880,
					"omitted":	false
				}],
			"sum":	{
				"start":	4.00049,
				"end":	5.00041,
				"seconds":	0.999919,
				"bytes":	12451840,
				"bits_per_second":	9.96228e+07,
				"retransmits":	0,
				"omitted":	false
			}
		}, {
			"streams":	[{
					"socket":	4,
					"start":	5.00041,
					"end":	6.00026,
					"seconds":	0.99985,
					"bytes":	12451840,
					"bits_per_second":	9.96297e+07,
					"retransmits":	0,
					"snd_cwnd":	822464,
					"omitted":	false
				}],
			"sum":	{
				"start":	5.00041,
				"end":	6.00026,
				"seconds":	0.99985,
				"bytes":	12451840,
				"bits_per_second":	9.96297e+07,
				"retransmits":	0,
				"omitted":	false
			}
		}, {
			"streams":	[{
					"socket":	4,
					"start":	6.00026,
					"end":	7.00055,
					"seconds":	1.00028,
					"bytes":	12582912,
					"bits_per_second":	1.00635e+08,
					"retransmits":	2,
					"snd_cwnd":	831152,
					"omitted":	false
				}],
			"sum":	{
				"start":	6.00026,
				"end":	7.00055,
				"seconds":	1.00028,
				"bytes":	12582912,
				"bits_per_second":	1.00635e+08,
				"retransmits":	2,
				"omitted":	false
			}
		}, {
			"streams":	[{
					"socket":	4,
					"start":	7.00055,
					"end":	8.00022,
					"seconds":	0.999669,
					"bytes":	12451840,
					"bits_per_second":	9.96477e+07,
					"retransmits":	0,
					"snd_cwnd":	844184,
					"omitted":	false
				}],
			"sum":	{
				"start":	7.00055,
				"end":	8.00022,
				"seconds":	0.999669,
				"bytes":	12451840,
				"bits_per_second":	9.96477e+07,
				"retransmits":	0,
				"omitted":	false
			}
		}, {
			"streams":	[{
					"socket":	4,
					"start":	8.00022,
					"end":	9.00016,
					"seconds":	0.999942,
					"bytes":	12582912,
					"bits_per_second":	1.00669e+08,
					"retransmits":	0,
					"snd_cwnd":	854320,
					"omitted":	false
				}],
			"sum":	{
				"start":	8.00022,
				"end":	9.00016,
				"seconds":	0.999942,
				"bytes":	12582912,
				"bits_per_second":	1.00669e+08,
				"retransmits":	0,
				"omitted":	false
			}
		}, {
			"streams":	[{
					"socket":	4,
					"start":	9.00016,
					"end":	10.0002,
					"seconds":	1.00006,
					"bytes":	12451840,
					"bits_per_second":	9.96088e+07,
					"retransmits":	0,
					"snd_cwnd":	864456,
					"omitted":	false
				}],
			"sum":	{
				"start":	9.00016,
				"end":	10.0002,
				"seconds":	1.00006,
				"bytes":	12451840,
				"bits_per_second":	9.96088e+07,
				"retransmits":	0,
				"omitted":	false
			}
		}, {
			"streams":	[{
					"socket":	4,
					"start":	10.0002,
					"end":	11.0002,
					"seconds":	1,
					"bytes":	12451840,
					"bits_per_second":	9.96143e+07,
					"retransmits":	0,
					"snd_cwnd":	876040,
					"omitted":	false
				}],
			"sum":	{
				"start":	10.0002,
				"end":	11.0002,
				"seconds":	1,
				"bytes":	12451840,
				"bits_per_second":	9.96143e+07,
				"retransmits":	0,
				"omitted":	false
			}
		}, {
			"streams":	[{
					"socket":	4,
					"start":	11.0002,
					"end":	12.0004,
					"seconds":	1.00017,
					"bytes":	12582912,
					"bits_per_second":	1.00646e+08,
					"retransmits":	0,
					"snd_cwnd":	886176,
					"omitted":	false
				}],
			"sum":	{
				"start":	11.0002,
				"end":	12.0004,
				"seconds":	1.00017,
				"bytes":	12582912,
				"bits_per_second":	1.00646e+08,
				"retransmits":	0,
				"omitted":	false
			}
		}, {
			"streams":	[{
					"socket":	4,
					"start":	12.0004,
					"end":	13.0002,
					"seconds":	0.999821,
					"bytes":	12451840,
					"bits_per_second":	9.96326e+07,
					"retransmits":	2,
					"snd_cwnd":	894864,
					"omitted":	false
				}],
			"sum":	{
				"start":	12.0004,
				"end":	13.0002,
				"seconds":	0.999821,
				"bytes":	12451840,
				"bits_per_second":	9.96326e+07,
				"retransmits":	2,
				"omitted":	false
			}
		}, {
			"streams":	[{
					"socket":	4,
					"start":	13.0002,
					"end":	14.0006,
					"seconds":	1.0004,
					"bytes":	12582912,
					"bits_per_second":	1.00624e+08,
					"retransmits":	0,
					"snd_cwnd":	905000,
					"omitted":	false
				}],
			"sum":	{
				"start":	13.0002,
				"end":	14.0006,
				"seconds":	1.0004,
				"bytes":	12582912,
				"bits_per_second":	1.00624e+08,
				"retransmits":	0,
				"omitted":	false
			}
		}, {
			"streams":	[{
					"socket":	4,
					"start":	14.0006,
					"end":	15.0005,
					"seconds":	0.999928,
					"bytes":	12451840,
					"bits_per_second":	9.96219e+07,
					"retransmits":	0,
					"snd_cwnd":	913688,
					"omitted":	false
				}],
			"sum":	{
				"start":	14.0006,
				"end":	15.0005,
				"seconds":	0.999928,
				"bytes":	12451840,
				"bits_per_second":	9.96219e+07,
				"retransmits":	0,
				"omitted":	false
			}
		}, {
			"streams":	[{
					"socket":	4,
					"start":	15.0005,
					"end":	16.0006,
					"seconds":	1.00001,
					"bytes":	12451840,
					"bits_per_second":	9.96133e+07,
					"retransmits":	0,
					"snd_cwnd":	922376,
					"omitted":	false
				}],
			"sum":	{
				"start":	15.0005,
				"end":	16.0006,
				"seconds":	1.00001,
				"bytes":	12451840,
				"bits_per_second":	9.96133e+07,
				"retransmits":	0,
				"omitted":	false
			}
		}, {
			"streams":	[{
					"socket":	4,
					"start":	16.0006,
					"end":	17.0021,
					"seconds":	1.00159,
					"bytes":	12582912,
					"bits_per_second":	1.00504e+08,
					"retransmits":	0,
					"snd_cwnd":	931064,
					"omitted":	false
				}],
			"sum":	{
				"start":	16.0006,
				"end":	17.0021,
				"seconds":	1.00159,
				"bytes":	12582912,
				"bits_per_second":	1.00504e+08,
				"retransmits":	0,
				"omitted":	false
			}
		}, {
			"streams":	[{
					"socket":	4,
					"start":	17.0021,
					"end":	18.0002,
					"seconds":	0.998081,
					"bytes":	12451840,
					"bits_per_second":	9.98062e+07,
					"retransmits":	0,
					"snd_cwnd":	939752,
					"omitted":	false
				}],
			"sum":	{
				"start":	17.0021,
				"end":	18.0002,
				"seconds":	0.998081,
				"bytes":	12451840,
				"bits_per_second":	9.98062e+07,
				"retransmits":	0,
				"omitted":	false
			}
		}, {
			"streams":	[{
					"socket":	4,
					"start":	18.0002,
					"end":	19.0005,
					"seconds":	1.00029,
					"bytes":	12451840,
					"bits_per_second":	9.95858e+07,
					"retransmits":	0,
					"snd_cwnd":	946992,
					"omitted":	false
				}],
			"sum":	{
				"start":	18.0002,
				"end":	19.0005,
				"seconds":	1.00029,
				"bytes":	12451840,
				"bits_per_second":	9.95858e+07,
				"retransmits":	0,
				"omitted":	false
			}
		}, {
			"streams":	[{
					"socket":	4,
					"start":	19.0005,
					"end":	20.0002,
					"seconds":	0.999725,
					"bytes":	12582912,
					"bits_per_second":	1.00691e+08,
					"retransmits":	0,
					"snd_cwnd":	952784,
					"omitted":	false
				}],
			"sum":	{
				"start":	19.0005,
				"end":	20.0002,
				"seconds":	0.999725,
				"bytes":	12582912,
				"bits_per_second":	1.00691e+08,
				"retransmits":	0,
				"omitted":	false
			}
		}, {
			"streams":	[{
					"socket":	4,
					"start":	20.0002,
					"end":	21.0006,
					"seconds":	1.0004,
					"bytes":	12451840,
					"bits_per_second":	9.95752e+07,
					"retransmits":	0,
					"snd_cwnd":	960024,
					"omitted":	false
				}],
			"sum":	{
				"start":	20.0002,
				"end":	21.0006,
				"seconds":	1.0004,
				"bytes":	12451840,
				"bits_per_second":	9.95752e+07,
				"retransmits":	0,
				"omitted":	false
			}
		}, {
			"streams":	[{
					"socket":	4,
					"start":	21.0006,
					"end":	22.0002,
					"seconds":	0.999555,
					"bytes":	12451840,
					"bits_per_second":	9.96591e+07,
					"retransmits":	0,
					"snd_cwnd":	967264,
					"omitted":	false
				}],
			"sum":	{
				"start":	21.0006,
				"end":	22.0002,
				"seconds":	0.999555,
				"bytes":	12451840,
				"bits_per_second":	9.96591e+07,
				"retransmits":	0,
				"omitted":	false
			}
		}, {
			"streams":	[{
					"socket":	4,
					"start":	22.0002,
					"end":	23.0002,
					"seconds":	1.00005,
					"bytes":	12582912,
					"bits_per_second":	1.00658e+08,
					"retransmits":	0,
					"snd_cwnd":	974504,
					"omitted":	false
				}],
			"sum":	{
				"start":	22.0002,
				"end":	23.0002,
				"seconds":	1.00005,
				"bytes":	12582912,
				"bits_per_second":	1.00658e+08,
				"retransmits":	0,
				"omitted":	false
			}
		}, {
			"streams":	[{
					"socket":	4,
					"start":	23.0002,
					"end":	24.0004,
					"seconds":	1.00011,
					"bytes":	12451840,
					"bits_per_second":	9.96037e+07,
					"retransmits":	0,
					"snd_cwnd":	980296,
					"omitted":	false
				}],
			"sum":	{
				"start":	23.0002,
				"end":	24.0004,
				"seconds":	1.00011,
				"bytes":	12451840,
				"bits_per_second":	9.96037e+07,
				"retransmits":	0,
				"omitted":	false
			}
		}, {
			"streams":	[{
					"socket":	4,
					"start":	24.0004,
					"end":	25.0002,
					"seconds":	0.999872,
					"bytes":	12582912,
					"bits_per_second":	1.00676e+08,
					"retransmits":	0,
					"snd_cwnd":	986088,
					"omitted":	false
				}],
			"sum":	{
				"start":	24.0004,
				"end":	25.0002,
				"seconds":	0.999872,
				"bytes":	12582912,
				"bits_per_second":	1.00676e+08,
				"retransmits":	0,
				"omitted":	false
			}
		}, {
			"streams":	[{
					"socket":	4,
					"start":	25.0002,
					"end":	26.0002,
					"seconds":	1.00002,
					"bytes":	12451840,
					"bits_per_second":	9.96124e+07,
					"retransmits":	0,
					"snd_cwnd":	1007808,
					"omitted":	false
				}],
			"sum":	{
				"start":	25.0002,
				"end":	26.0002,
				"seconds":	1.00002,
				"bytes":	12451840,
				"bits_per_second":	9.96124e+07,
				"retransmits":	0,
				"omitted":	false
			}
		}, {
			"streams":	[{
					"socket":	4,
					"start":	26.0002,
					"end":	27.0004,
					"seconds":	1.00013,
					"bytes":	12451840,
					"bits_per_second":	9.96016e+07,
					"retransmits":	0,
					"snd_cwnd":	1030976,
					"omitted":	false
				}],
			"sum":	{
				"start":	26.0002,
				"end":	27.0004,
				"seconds":	1.00013,
				"bytes":	12451840,
				"bits_per_second":	9.96016e+07,
				"retransmits":	0,
				"omitted":	false
			}
		}, {
			"streams":	[{
					"socket":	4,
					"start":	27.0004,
					"end":	28.0002,
					"seconds":	0.999853,
					"bytes":	12582912,
					"bits_per_second":	1.00678e+08,
					"retransmits":	0,
					"snd_cwnd":	1057040,
					"omitted":	false
				}],
			"sum":	{
				"start":	27.0004,
				"end":	28.0002,
				"seconds":	0.999853,
				"bytes":	12582912,
				"bits_per_second":	1.00678e+08,
				"retransmits":	0,
				"omitted":	false
			}
		}, {
			"streams":	[{
					"socket":	4,
					"start":	28.0002,
					"end":	29.0008,
					"seconds":	1.00061,
					"bytes":	12451840,
					"bits_per_second":	9.9554e+07,
					"retransmits":	0,
					"snd_cwnd":	1106272,
					"omitted":	false
				}],
			"sum":	{
				"start":	28.0002,
				"end":	29.0008,
				"seconds":	1.00061,
				"bytes":	12451840,
				"bits_per_second":	9.9554e+07,
				"retransmits":	0,
				"omitted":	false
			}
		}, {
			"streams":	[{
					"socket":	4,
					"start":	29.0008,
					"end":	30.0005,
					"seconds":	0.999627,
					"bytes":	12451840,
					"bits_per_second":	9.96519e+07,
					"retransmits":	0,
					"snd_cwnd":	1135232,
					"omitted":	false
				}],
			"sum":	{
				"start":	29.0008,
				"end":	30.0005,
				"seconds":	0.999627,
				"bytes":	12451840,
				"bits_per_second":	9.96519e+07,
				"retransmits":	0,
				"omitted":	false
			}
		}, {
			"streams":	[{
					"socket":	4,
					"start":	30.0005,
					"end":	31.0005,
					"seconds":	0.999993,
					"bytes":	12582912,
					"bits_per_second":	1.00664e+08,
					"retransmits":	0,
					"snd_cwnd":	1167088,
					"omitted":	false
				}],
			"sum":	{
				"start":	30.0005,
				"end":	31.0005,
				"seconds":	0.999993,
				"bytes":	12582912,
				"bits_per_second":	1.00664e+08,
				"retransmits":	0,
				"omitted":	false
			}
		}],
	"end":	{
		"streams":	[{
				"sender":	{
					"socket":	4,
					"start":	0,
					"end":	31.0005,
					"seconds":	31.0005,
					"bytes":	386369040,
					"bits_per_second":	9.97067e+07,
					"retransmits":	6
				},
				"receiver":	{
					"socket":	4,
					"start":	0,
					"end":	31.0005,
					"seconds":	31.0005,
					"bytes":	386369040,
					"bits_per_second":	9.97067e+07
				}
			}],
		"sum_sent":	{
			"start":	0,
			"end":	31.0005,
			"seconds":	31.0005,
			"bytes":	386369040,
			"bits_per_second":	9.97067e+07,
			"retransmits":	6
		},
		"sum_received":	{
			"start":	0,
			"end":	31.0005,
			"seconds":	31.0005,
			"bytes":	386369040,
			"bits_per_second":	9.97067e+07
		},
		"cpu_utilization_percent":	{
			"host_total":	1.80657,
			"host_user":	0.105214,
			"host_system":	1.70135,
			"remote_total":	4.82773,
			"remote_user":	0.411904,
			"remote_system":	4.41582
		}
	}
}
