{
	"start":	{
		"connected":	[{
				"socket":	4,
				"local_host":	"10.0.0.5",
				"local_port":	60886,
				"remote_host":	"10.0.0.16",
				"remote_port":	1676
			}],
		"version":	"iperf 3.0.7",
		"system_info":	"Linux BS5 5.4.197-0504197-generic #202206060747 SMP Mon Jun 6 09:27:47 UTC 2022 x86_64 x86_64 x86_64 GNU/Linux\n",
		"timestamp":	{
			"time":	"Mon, 25 Jul 2022 21:50:47 GMT",
			"timesecs":	1658785847
		},
		"connecting_to":	{
			"host":	"10.0.0.16",
			"port":	1676
		},
		"cookie":	"BS5.1658785847.667762.6996a6576820ec",
		"tcp_mss_default":	1448,
		"test_start":	{
			"protocol":	"TCP",
			"num_streams":	1,
			"blksize":	131072,
			"omit":	0,
			"duration":	30,
			"bytes":	0,
			"blocks":	0,
			"reverse":	0
		}
	},
	"intervals":	[{
			"streams":	[{
					"socket":	4,
					"start":	0,
					"end":	1.00061,
					"seconds":	1.00061,
					"bytes":	11416240,
					"bits_per_second":	9.12741e+07,
					"retransmits":	0,
					"snd_cwnd":	1319128,
					"omitted":	false
				}],
			"sum":	{
				"start":	0,
				"end":	1.00061,
				"seconds":	1.00061,
				"bytes":	11416240,
				"bits_per_second":	9.12741e+07,
				"retransmits":	0,
				"omitted":	false
			}
		}, {
			"streams":	[{
					"socket":	4,
					"start":	1.00061,
					"end":	2.00113,
					"seconds":	1.00052,
					"bytes":	12451840,
					"bits_per_second":	9.95633e+07,
					"retransmits":	0,
					"snd_cwnd":	1319128,
					"omitted":	false
				}],
			"sum":	{
				"start":	1.00061,
				"end":	2.00113,
				"seconds":	1.00052,
				"bytes":	12451840,
				"bits_per_second":	9.95633e+07,
				"retransmits":	0,
				"omitted":	false
			}
		}, {
			"streams":	[{
					"socket":	4,
					"start":	2.00113,
					"end":	3.00024,
					"seconds":	0.999111,
					"bytes":	12451840,
					"bits_per_second":	9.97033e+07,
					"retransmits":	0,
					"snd_cwnd":	1319128,
					"omitted":	false
				}],
			"sum":	{
				"start":	2.00113,
				"end":	3.00024,
				"seconds":	0.999111,
				"bytes":	12451840,
				"bits_per_second":	9.97033e+07,
				"retransmits":	0,
				"omitted":	false
			}
		}, {
			"streams":	[{
					"socket":	4,
					"start":	3.00024,
					"end":	4.0032,
					"seconds":	1.00296,
					"bytes":	12582912,
					"bits_per_second":	1.00366e+08,
					"retransmits":	0,
					"snd_cwnd":	1397320,
					"omitted":	false
				}],
			"sum":	{
				"start":	3.00024,
				"end":	4.0032,
				"seconds":	1.00296,
				"bytes":	12582912,
				"bits_per_second":	1.00366e+08,
				"retransmits":	0,
				"omitted":	false
			}
		}, {
			"streams":	[{
					"socket":	4,
					"start":	4.0032,
					"end":	5.00075,
					"seconds":	0.997553,
					"bytes":	12451840,
					"bits_per_second":	9.98591e+07,
					"retransmits":	0,
					"snd_cwnd":	1469720,
					"omitted":	false
				}],
			"sum":	{
				"start":	4.0032,
				"end":	5.00075,
				"seconds":	0.997553,
				"bytes":	12451840,
				"bits_per_second":	9.98591e+07,
				"retransmits":	0,
				"omitted":	false
			}
		}, {
			"streams":	[{
					"socket":	4,
					"start":	5.00075,
					"end":	6.00028,
					"seconds":	0.999522,
					"bytes":	12451840,
					"bits_per_second":	9.96624e+07,
					"retransmits":	0,
					"snd_cwnd":	1469720,
					"omitted":	false
				}],
			"sum":	{
				"start":	5.00075,
				"end":	6.00028,
				"seconds":	0.999522,
				"bytes":	12451840,
				"bits_per_second":	9.96624e+07,
				"retransmits":	0,
				"omitted":	false
			}
		}, {
			"streams":	[{
					"socket":	4,
					"start":	6.00028,
					"end":	7.00082,
					"seconds":	1.00054,
					"bytes":	12582912,
					"bits_per_second":	1.00609e+08,
					"retransmits":	0,
					"snd_cwnd":	1469720,
					"omitted":	false
				}],
			"sum":	{
				"start":	6.00028,
				"end":	7.00082,
				"seconds":	1.00054,
				"bytes":	12582912,
				"bits_per_second":	1.00609e+08,
				"retransmits":	0,
				"omitted":	false
			}
		}, {
			"streams":	[{
					"socket":	4,
					"start":	7.00082,
					"end":	8.00058,
					"seconds":	0.999757,
					"bytes":	12451840,
					"bits_per_second":	9.96389e+07,
					"retransmits":	0,
					"snd_cwnd":	1469720,
					"omitted":	false
				}],
			"sum":	{
				"start":	7.00082,
				"end":	8.00058,
				"seconds":	0.999757,
				"bytes":	12451840,
				"bits_per_second":	9.96389e+07,
				"retransmits":	0,
				"omitted":	false
			}
		}, {
			"streams":	[{
					"socket":	4,
					"start":	8.00058,
					"end":	9.00044,
					"seconds":	0.999865,
					"bytes":	12451840,
					"bits_per_second":	9.96282e+07,
					"retransmits":	0,
					"snd_cwnd":	1469720,
					"omitted":	false
				}],
			"sum":	{
				"start":	8.00058,
				"end":	9.00044,
				"seconds":	0.999865,
				"bytes":	12451840,
				"bits_per_second":	9.96282e+07,
				"retransmits":	0,
				"omitted":	false
			}
		}, {
			"streams":	[{
					"socket":	4,
					"start":	9.00044,
					"end":	10.0001,
					"seconds":	0.999697,
					"bytes":	12582912,
					"bits_per_second":	1.00694e+08,
					"retransmits":	0,
					"snd_cwnd":	1469720,
					"omitted":	false
				}],
			"sum":	{
				"start":	9.00044,
				"end":	10.0001,
				"seconds":	0.999697,
				"bytes":	12582912,
				"bits_per_second":	1.00694e+08,
				"retransmits":	0,
				"omitted":	false
			}
		}, {
			"streams":	[{
					"socket":	4,
					"start":	10.0001,
					"end":	11.0028,
					"seconds":	1.00266,
					"bytes":	12976128,
					"bits_per_second":	1.03534e+08,
					"retransmits":	0,
					"snd_cwnd":	1523296,
					"omitted":	false
				}],
			"sum":	{
				"start":	10.0001,
				"end":	11.0028,
				"seconds":	1.00266,
				"bytes":	12976128,
				"bits_per_second":	1.03534e+08,
				"retransmits":	0,
				"omitted":	false
			}
		}, {
			"streams":	[{
					"socket":	4,
					"start":	11.0028,
					"end":	12.0006,
					"seconds":	0.997825,
					"bytes":	11927552,
					"bits_per_second":	9.56284e+07,
					"retransmits":	0,
					"snd_cwnd":	1524744,
					"omitted":	false
				}],
			"sum":	{
				"start":	11.0028,
				"end":	12.0006,
				"seconds":	0.997825,
				"bytes":	11927552,
				"bits_per_second":	9.56284e+07,
				"retransmits":	0,
				"omitted":	false
			}
		}, {
			"streams":	[{
					"socket":	4,
					"start":	12.0006,
					"end":	13.0002,
					"seconds":	0.999538,
					"bytes":	12582912,
					"bits_per_second":	1.0071e+08,
					"retransmits":	0,
					"snd_cwnd":	1524744,
					"omitted":	false
				}],
			"sum":	{
				"start":	12.0006,
				"end":	13.0002,
				"seconds":	0.999538,
				"bytes":	12582912,
				"bits_per_second":	1.0071e+08,
				"retransmits":	0,
				"omitted":	false
			}
		}, {
			"streams":	[{
					"socket":	4,
					"start":	13.0002,
					"end":	14.0003,
					"seconds":	1.00011,
					"bytes":	12451840,
					"bits_per_second":	9.96038e+07,
					"retransmits":	0,
					"snd_cwnd":	1524744,
					"omitted":	false
				}],
			"sum":	{
				"start":	13.0002,
				"end":	14.0003,
				"seconds":	1.00011,
				"bytes":	12451840,
				"bits_per_second":	9.96038e+07,
				"retransmits":	0,
				"omitted":	false
			}
		}, {
			"streams":	[{
					"socket":	4,
					"start":	14.0003,
					"end":	15.002,
					"seconds":	1.00177,
					"bytes":	12582912,
					"bits_per_second":	1.00485e+08,
					"retransmits":	0,
					"snd_cwnd":	1524744,
					"omitted":	false
				}],
			"sum":	{
				"start":	14.0003,
				"end":	15.002,
				"seconds":	1.00177,
				"bytes":	12582912,
				"bits_per_second":	1.00485e+08,
				"retransmits":	0,
				"omitted":	false
			}
		}, {
			"streams":	[{
					"socket":	4,
					"start":	15.002,
					"end":	16.002,
					"seconds":	0.999941,
					"bytes":	12582912,
					"bits_per_second":	1.00669e+08,
					"retransmits":	0,
					"snd_cwnd":	1524744,
					"omitted":	false
				}],
			"sum":	{
				"start":	15.002,
				"end":	16.002,
				"seconds":	0.999941,
				"bytes":	12582912,
				"bits_per_second":	1.00669e+08,
				"retransmits":	0,
				"omitted":	false
			}
		}, {
			"streams":	[{
					"socket":	4,
					"start":	16.002,
					"end":	17.0003,
					"seconds":	0.998326,
					"bytes":	12320768,
					"bits_per_second":	9.87314e+07,
					"retransmits":	0,
					"snd_cwnd":	1524744,
					"omitted":	false
				}],
			"sum":	{
				"start":	16.002,
				"end":	17.0003,
				"seconds":	0.998326,
				"bytes":	12320768,
				"bits_per_second":	9.87314e+07,
				"retransmits":	0,
				"omitted":	false
			}
		}, {
			"streams":	[{
					"socket":	4,
					"start":	17.0003,
					"end":	18.0002,
					"seconds":	0.999875,
					"bytes":	12582912,
					"bits_per_second":	1.00676e+08,
					"retransmits":	0,
					"snd_cwnd":	1524744,
					"omitted":	false
				}],
			"sum":	{
				"start":	17.0003,
				"end":	18.0002,
				"seconds":	0.999875,
				"bytes":	12582912,
				"bits_per_second":	1.00676e+08,
				"retransmits":	0,
				"omitted":	false
			}
		}, {
			"streams":	[{
					"socket":	4,
					"start":	18.0002,
					"end":	19.001,
					"seconds":	1.00079,
					"bytes":	12451840,
					"bits_per_second":	9.95361e+07,
					"retransmits":	0,
					"snd_cwnd":	1524744,
					"omitted":	false
				}],
			"sum":	{
				"start":	18.0002,
				"end":	19.001,
				"seconds":	1.00079,
				"bytes":	12451840,
				"bits_per_second":	9.95361e+07,
				"retransmits":	0,
				"omitted":	false
			}
		}, {
			"streams":	[{
					"socket":	4,
					"start":	19.001,
					"end":	20.0006,
					"seconds":	0.999646,
					"bytes":	12451840,
					"bits_per_second":	9.965e+07,
					"retransmits":	0,
					"snd_cwnd":	1524744,
					"omitted":	false
				}],
			"sum":	{
				"start":	19.001,
				"end":	20.0006,
				"seconds":	0.999646,
				"bytes":	12451840,
				"bits_per_second":	9.965e+07,
				"retransmits":	0,
				"omitted":	false
			}
		}, {
			"streams":	[{
					"socket":	4,
					"start":	20.0006,
					"end":	21.0007,
					"seconds":	1.00004,
					"bytes":	12582912,
					"bits_per_second":	1.0066e+08,
					"retransmits":	0,
					"snd_cwnd":	1524744,
					"omitted":	false
				}],
			"sum":	{
				"start":	20.0006,
				"end":	21.0007,
				"seconds":	1.00004,
				"bytes":	12582912,
				"bits_per_second":	1.0066e+08,
				"retransmits":	0,
				"omitted":	false
			}
		}, {
			"streams":	[{
					"socket":	4,
					"start":	21.0007,
					"end":	22.0101,
					"seconds":	1.0094,
					"bytes":	12451840,
					"bits_per_second":	9.86873e+07,
					"retransmits":	0,
					"snd_cwnd":	1602936,
					"omitted":	false
				}],
			"sum":	{
				"start":	21.0007,
				"end":	22.0101,
				"seconds":	1.0094,
				"bytes":	12451840,
				"bits_per_second":	9.86873e+07,
				"retransmits":	0,
				"omitted":	false
			}
		}, {
			"streams":	[{
					"socket":	4,
					"start":	22.0101,
					"end":	23.0003,
					"seconds":	0.990202,
					"bytes":	12451840,
					"bits_per_second":	1.006e+08,
					"retransmits":	0,
					"snd_cwnd":	1602936,
					"omitted":	false
				}],
			"sum":	{
				"start":	22.0101,
				"end":	23.0003,
				"seconds":	0.990202,
				"bytes":	12451840,
				"bits_per_second":	1.006e+08,
				"retransmits":	0,
				"omitted":	false
			}
		}, {
			"streams":	[{
					"socket":	4,
					"start":	23.0003,
					"end":	24.0008,
					"seconds":	1.0005,
					"bytes":	12582912,
					"bits_per_second":	1.00613e+08,
					"retransmits":	0,
					"snd_cwnd":	1602936,
					"omitted":	false
				}],
			"sum":	{
				"start":	23.0003,
				"end":	24.0008,
				"seconds":	1.0005,
				"bytes":	12582912,
				"bits_per_second":	1.00613e+08,
				"retransmits":	0,
				"omitted":	false
			}
		}, {
			"streams":	[{
					"socket":	4,
					"start":	24.0008,
					"end":	25.0008,
					"seconds":	1.00003,
					"bytes":	12451840,
					"bits_per_second":	9.9612e+07,
					"retransmits":	0,
					"snd_cwnd":	1602936,
					"omitted":	false
				}],
			"sum":	{
				"start":	24.0008,
				"end":	25.0008,
				"seconds":	1.00003,
				"bytes":	12451840,
				"bits_per_second":	9.9612e+07,
				"retransmits":	0,
				"omitted":	false
			}
		}, {
			"streams":	[{
					"socket":	4,
					"start":	25.0008,
					"end":	26.0007,
					"seconds":	0.999873,
					"bytes":	12582912,
					"bits_per_second":	1.00676e+08,
					"retransmits":	0,
					"snd_cwnd":	1602936,
					"omitted":	false
				}],
			"sum":	{
				"start":	25.0008,
				"end":	26.0007,
				"seconds":	0.999873,
				"bytes":	12582912,
				"bits_per_second":	1.00676e+08,
				"retransmits":	0,
				"omitted":	false
			}
		}, {
			"streams":	[{
					"socket":	4,
					"start":	26.0007,
					"end":	27.0009,
					"seconds":	1.00027,
					"bytes":	12451840,
					"bits_per_second":	9.95881e+07,
					"retransmits":	0,
					"snd_cwnd":	1602936,
					"omitted":	false
				}],
			"sum":	{
				"start":	26.0007,
				"end":	27.0009,
				"seconds":	1.00027,
				"bytes":	12451840,
				"bits_per_second":	9.95881e+07,
				"retransmits":	0,
				"omitted":	false
			}
		}, {
			"streams":	[{
					"socket":	4,
					"start":	27.0009,
					"end":	28.0003,
					"seconds":	0.999382,
					"bytes":	12451840,
					"bits_per_second":	9.96763e+07,
					"retransmits":	0,
					"snd_cwnd":	1602936,
					"omitted":	false
				}],
			"sum":	{
				"start":	27.0009,
				"end":	28.0003,
				"seconds":	0.999382,
				"bytes":	12451840,
				"bits_per_second":	9.96763e+07,
				"retransmits":	0,
				"omitted":	false
			}
		}, {
			"streams":	[{
					"socket":	4,
					"start":	28.0003,
					"end":	29.0008,
					"seconds":	1.00048,
					"bytes":	12582912,
					"bits_per_second":	1.00615e+08,
					"retransmits":	0,
					"snd_cwnd":	1602936,
					"omitted":	false
				}],
			"sum":	{
				"start":	28.0003,
				"end":	29.0008,
				"seconds":	1.00048,
				"bytes":	12582912,
				"bits_per_second":	1.00615e+08,
				"retransmits":	0,
				"omitted":	false
			}
		}, {
			"streams":	[{
					"socket":	4,
					"start":	29.0008,
					"end":	30.0003,
					"seconds":	0.999514,
					"bytes":	12451840,
					"bits_per_second":	9.96631e+07,
					"retransmits":	0,
					"snd_cwnd":	1602936,
					"omitted":	false
				}],
			"sum":	{
				"start":	29.0008,
				"end":	30.0003,
				"seconds":	0.999514,
				"bytes":	12451840,
				"bits_per_second":	9.96631e+07,
				"retransmits":	0,
				"omitted":	false
			}
		}],
	"end":	{
		"streams":	[{
				"sender":	{
					"socket":	4,
					"start":	0,
					"end":	30.0003,
					"seconds":	30.0003,
					"bytes":	373830320,
					"bits_per_second":	9.96871e+07,
					"retransmits":	0
				},
				"receiver":	{
					"socket":	4,
					"start":	0,
					"end":	30.0003,
					"seconds":	30.0003,
					"bytes":	373830320,
					"bits_per_second":	9.96871e+07
				}
			}],
		"sum_sent":	{
			"start":	0,
			"end":	30.0003,
			"seconds":	30.0003,
			"bytes":	373830320,
			"bits_per_second":	9.96871e+07,
			"retransmits":	0
		},
		"sum_received":	{
			"start":	0,
			"end":	30.0003,
			"seconds":	30.0003,
			"bytes":	373830320,
			"bits_per_second":	9.96871e+07
		},
		"cpu_utilization_percent":	{
			"host_total":	2.17953,
			"host_user":	0.13036,
			"host_system":	2.04916,
			"remote_total":	4.90955,
			"remote_user":	0.321345,
			"remote_system":	4.58821
		}
	}
}
