{
	"start":	{
		"connected":	[{
				"socket":	4,
				"local_host":	"10.0.0.3",
				"local_port":	42031,
				"remote_host":	"10.0.0.9",
				"remote_port":	4012
			}],
		"version":	"iperf 3.0.7",
		"system_info":	"Linux BS3 5.4.197-0504197-generic #202206060747 SMP Mon Jun 6 09:27:47 UTC 2022 x86_64 x86_64 x86_64 GNU/Linux\n",
		"timestamp":	{
			"time":	"Mon, 25 Jul 2022 21:42:40 GMT",
			"timesecs":	1658785360
		},
		"connecting_to":	{
			"host":	"10.0.0.9",
			"port":	4012
		},
		"cookie":	"BS3.1658785360.157816.16e0b9c33015be",
		"test_start":	{
			"protocol":	"UDP",
			"num_streams":	1,
			"blksize":	8192,
			"omit":	0,
			"duration":	9,
			"bytes":	0,
			"blocks":	0,
			"reverse":	0
		}
	},
	"intervals":	[{
			"streams":	[{
					"socket":	4,
					"start":	0,
					"end":	1.0005,
					"seconds":	1.0005,
					"bytes":	5660672,
					"bits_per_second":	4.52629e+07,
					"packets":	691,
					"omitted":	false
				}],
			"sum":	{
				"start":	0,
				"end":	1.0005,
				"seconds":	1.0005,
				"bytes":	5660672,
				"bits_per_second":	4.52629e+07,
				"packets":	691,
				"omitted":	false
			}
		}, {
			"streams":	[{
					"socket":	4,
					"start":	1.0005,
					"end":	2.00051,
					"seconds":	1.00001,
					"bytes":	6234112,
					"bits_per_second":	4.98723e+07,
					"packets":	761,
					"omitted":	false
				}],
			"sum":	{
				"start":	1.0005,
				"end":	2.00051,
				"seconds":	1.00001,
				"bytes":	6234112,
				"bits_per_second":	4.98723e+07,
				"packets":	761,
				"omitted":	false
			}
		}, {
			"streams":	[{
					"socket":	4,
					"start":	2.00051,
					"end":	3.00223,
					"seconds":	1.00173,
					"bytes":	6250496,
					"bits_per_second":	4.99177e+07,
					"packets":	763,
					"omitted":	false
				}],
			"sum":	{
				"start":	2.00051,
				"end":	3.00223,
				"seconds":	1.00173,
				"bytes":	6250496,
				"bits_per_second":	4.99177e+07,
				"packets":	763,
				"omitted":	false
			}
		}, {
			"streams":	[{
					"socket":	4,
					"start":	3.00223,
					"end":	4.00047,
					"seconds":	0.998239,
					"bytes":	6283264,
					"bits_per_second":	5.03548e+07,
					"packets":	767,
					"omitted":	false
				}],
			"sum":	{
				"start":	3.00223,
				"end":	4.00047,
				"seconds":	0.998239,
				"bytes":	6283264,
				"bits_per_second":	5.03548e+07,
				"packets":	767,
				"omitted":	false
			}
		}, {
			"streams":	[{
					"socket":	4,
					"start":	4.00047,
					"end":	5.00063,
					"seconds":	1.00016,
					"bytes":	6250496,
					"bits_per_second":	4.99962e+07,
					"packets":	763,
					"omitted":	false
				}],
			"sum":	{
				"start":	4.00047,
				"end":	5.00063,
				"seconds":	1.00016,
				"bytes":	6250496,
				"bits_per_second":	4.99962e+07,
				"packets":	763,
				"omitted":	false
			}
		}, {
			"streams":	[{
					"socket":	4,
					"start":	5.00063,
					"end":	6.00142,
					"seconds":	1.00079,
					"bytes":	6242304,
					"bits_per_second":	4.9899e+07,
					"packets":	762,
					"omitted":	false
				}],
			"sum":	{
				"start":	5.00063,
				"end":	6.00142,
				"seconds":	1.00079,
				"bytes":	6242304,
				"bits_per_second":	4.9899e+07,
				"packets":	762,
				"omitted":	false
			}
		}, {
			"streams":	[{
					"socket":	4,
					"start":	6.00142,
					"end":	7.00056,
					"seconds":	0.99914,
					"bytes":	6340608,
					"bits_per_second":	5.07685e+07,
					"packets":	774,
					"omitted":	false
				}],
			"sum":	{
				"start":	6.00142,
				"end":	7.00056,
				"seconds":	0.99914,
				"bytes":	6340608,
				"bits_per_second":	5.07685e+07,
				"packets":	774,
				"omitted":	false
			}
		}, {
			"streams":	[{
					"socket":	4,
					"start":	7.00056,
					"end":	8.00341,
					"seconds":	1.00285,
					"bytes":	6209536,
					"bits_per_second":	4.95353e+07,
					"packets":	758,
					"omitted":	false
				}],
			"sum":	{
				"start":	7.00056,
				"end":	8.00341,
				"seconds":	1.00285,
				"bytes":	6209536,
				"bits_per_second":	4.95353e+07,
				"packets":	758,
				"omitted":	false
			}
		}, {
			"streams":	[{
					"socket":	4,
					"start":	8.00341,
					"end":	9.00011,
					"seconds":	0.996707,
					"bytes":	6217728,
					"bits_per_second":	4.99062e+07,
					"packets":	759,
					"omitted":	false
				}],
			"sum":	{
				"start":	8.00341,
				"end":	9.00011,
				"seconds":	0.996707,
				"bytes":	6217728,
				"bits_per_second":	4.99062e+07,
				"packets":	759,
				"omitted":	false
			}
		}],
	"end":	{
		"streams":	[{
				"udp":	{
					"socket":	4,
					"start":	0,
					"end":	9.00011,
					"seconds":	9.00011,
					"bytes":	55689216,
					"bits_per_second":	4.95009e+07,
					"jitter_ms":	1.6772,
					"lost_packets":	138,
					"packets":	6798,
					"lost_percent":	2.03001
				}
			}],
		"sum":	{
			"start":	0,
			"end":	9.00011,
			"seconds":	9.00011,
			"bytes":	55689216,
			"bits_per_second":	4.95009e+07,
			"jitter_ms":	1.6772,
			"lost_packets":	138,
			"packets":	6798,
			"lost_percent":	2.03001
		},
		"cpu_utilization_percent":	{
			"host_total":	9.22478,
			"host_user":	0.341169,
			"host_system":	8.88361,
			"remote_total":	5.3623,
			"remote_user":	0.59928,
			"remote_system":	4.76301
		}
	}
}
