{
	"start":	{
		"connected":	[{
				"socket":	4,
				"local_host":	"10.0.0.3",
				"local_port":	50590,
				"remote_host":	"10.0.0.7",
				"remote_port":	4083
			}],
		"version":	"iperf 3.0.7",
		"system_info":	"Linux H3 5.4.197-0504197-generic #202206060747 SMP Mon Jun 6 09:27:47 UTC 2022 x86_64 x86_64 x86_64 GNU/Linux\n",
		"timestamp":	{
			"time":	"Fri, 22 Jul 2022 16:30:31 GMT",
			"timesecs":	1658507431
		},
		"connecting_to":	{
			"host":	"10.0.0.7",
			"port":	4083
		},
		"cookie":	"H3.1658507431.729980.0e1ba29316d791e",
		"tcp_mss_default":	1448,
		"test_start":	{
			"protocol":	"TCP",
			"num_streams":	1,
			"blksize":	131072,
			"omit":	0,
			"duration":	5,
			"bytes":	0,
			"blocks":	0,
			"reverse":	0
		}
	},
	"intervals":	[{
			"streams":	[{
					"socket":	4,
					"start":	0,
					"end":	1.00065,
					"seconds":	1.00065,
					"bytes":	1690848,
					"bits_per_second":	1.35181e+07,
					"retransmits":	0,
					"snd_cwnd":	94120,
					"omitted":	false
				}],
			"sum":	{
				"start":	0,
				"end":	1.00065,
				"seconds":	1.00065,
				"bytes":	1690848,
				"bits_per_second":	1.35181e+07,
				"retransmits":	0,
				"omitted":	false
			}
		}, {
			"streams":	[{
					"socket":	4,
					"start":	1.00065,
					"end":	2.00101,
					"seconds":	1.00036,
					"bytes":	1966080,
					"bits_per_second":	1.5723e+07,
					"retransmits":	0,
					"snd_cwnd":	120184,
					"omitted":	false
				}],
			"sum":	{
				"start":	1.00065,
				"end":	2.00101,
				"seconds":	1.00036,
				"bytes":	1966080,
				"bits_per_second":	1.5723e+07,
				"retransmits":	0,
				"omitted":	false
			}
		}, {
			"streams":	[{
					"socket":	4,
					"start":	2.00101,
					"end":	3.00112,
					"seconds":	1.00012,
					"bytes":	1835008,
					"bits_per_second":	1.46783e+07,
					"retransmits":	0,
					"snd_cwnd":	146248,
					"omitted":	false
				}],
			"sum":	{
				"start":	2.00101,
				"end":	3.00112,
				"seconds":	1.00012,
				"bytes":	1835008,
				"bits_per_second":	1.46783e+07,
				"retransmits":	0,
				"omitted":	false
			}
		}, {
			"streams":	[{
					"socket":	4,
					"start":	3.00112,
					"end":	4.0008,
					"seconds":	0.999675,
					"bytes":	1835008,
					"bits_per_second":	1.46848e+07,
					"retransmits":	0,
					"snd_cwnd":	166520,
					"omitted":	false
				}],
			"sum":	{
				"start":	3.00112,
				"end":	4.0008,
				"seconds":	0.999675,
				"bytes":	1835008,
				"bits_per_second":	1.46848e+07,
				"retransmits":	0,
				"omitted":	false
			}
		}, {
			"streams":	[{
					"socket":	4,
					"start":	4.0008,
					"end":	5.00082,
					"seconds":	1.00002,
					"bytes":	1966080,
					"bits_per_second":	1.57283e+07,
					"retransmits":	0,
					"snd_cwnd":	182448,
					"omitted":	false
				}],
			"sum":	{
				"start":	4.0008,
				"end":	5.00082,
				"seconds":	1.00002,
				"bytes":	1966080,
				"bits_per_second":	1.57283e+07,
				"retransmits":	0,
				"omitted":	false
			}
		}],
	"end":	{
		"streams":	[{
				"sender":	{
					"socket":	4,
					"start":	0,
					"end":	5.00082,
					"seconds":	5.00082,
					"bytes":	9293024,
					"bits_per_second":	1.48664e+07,
					"retransmits":	0
				},
				"receiver":	{
					"socket":	4,
					"start":	0,
					"end":	5.00082,
					"seconds":	5.00082,
					"bytes":	9293024,
					"bits_per_second":	1.48664e+07
				}
			}],
		"sum_sent":	{
			"start":	0,
			"end":	5.00082,
			"seconds":	5.00082,
			"bytes":	9293024,
			"bits_per_second":	1.48664e+07,
			"retransmits":	0
		},
		"sum_received":	{
			"start":	0,
			"end":	5.00082,
			"seconds":	5.00082,
			"bytes":	9293024,
			"bits_per_second":	1.48664e+07
		},
		"cpu_utilization_percent":	{
			"host_total":	0.83066,
			"host_user":	0,
			"host_system":	0.83074,
			"remote_total":	1.4308,
			"remote_user":	0,
			"remote_system":	1.43088
		}
	}
}
