{
	"start":	{
		"connected":	[{
				"socket":	4,
				"local_host":	"10.0.0.7",
				"local_port":	40362,
				"remote_host":	"10.0.0.12",
				"remote_port":	2067
			}],
		"version":	"iperf 3.0.7",
		"system_info":	"Linux BS7 5.4.197-0504197-generic #202206060747 SMP Mon Jun 6 09:27:47 UTC 2022 x86_64 x86_64 x86_64 GNU/Linux\n",
		"timestamp":	{
			"time":	"Mon, 25 Jul 2022 21:42:03 GMT",
			"timesecs":	1658785323
		},
		"connecting_to":	{
			"host":	"10.0.0.12",
			"port":	2067
		},
		"cookie":	"BS7.1658785323.768382.05f4e59e47f151",
		"tcp_mss_default":	1448,
		"test_start":	{
			"protocol":	"TCP",
			"num_streams":	1,
			"blksize":	131072,
			"omit":	0,
			"duration":	14,
			"bytes":	0,
			"blocks":	0,
			"reverse":	0
		}
	},
	"intervals":	[{
			"streams":	[{
					"socket":	4,
					"start":	0,
					"end":	1.00031,
					"seconds":	1.00031,
					"bytes":	11372048,
					"bits_per_second":	9.09485e+07,
					"retransmits":	0,
					"snd_cwnd":	1151160,
					"omitted":	false
				}],
			"sum":	{
				"start":	0,
				"end":	1.00031,
				"seconds":	1.00031,
				"bytes":	11372048,
				"bits_per_second":	9.09485e+07,
				"retransmits":	0,
				"omitted":	false
			}
		}, {
			"streams":	[{
					"socket":	4,
					"start":	1.00031,
					"end":	2.00025,
					"seconds":	0.999943,
					"bytes":	12451840,
					"bits_per_second":	9.96204e+07,
					"retransmits":	0,
					"snd_cwnd":	1342296,
					"omitted":	false
				}],
			"sum":	{
				"start":	1.00031,
				"end":	2.00025,
				"seconds":	0.999943,
				"bytes":	12451840,
				"bits_per_second":	9.96204e+07,
				"retransmits":	0,
				"omitted":	false
			}
		}, {
			"streams":	[{
					"socket":	4,
					"start":	2.00025,
					"end":	3.00026,
					"seconds":	1.00001,
					"bytes":	12451840,
					"bits_per_second":	9.96135e+07,
					"retransmits":	0,
					"snd_cwnd":	1342296,
					"omitted":	false
				}],
			"sum":	{
				"start":	2.00025,
				"end":	3.00026,
				"seconds":	1.00001,
				"bytes":	12451840,
				"bits_per_second":	9.96135e+07,
				"retransmits":	0,
				"omitted":	false
			}
		}, {
			"streams":	[{
					"socket":	4,
					"start":	3.00026,
					"end":	4.00025,
					"seconds":	0.999992,
					"bytes":	12582912,
					"bits_per_second":	1.00664e+08,
					"retransmits":	0,
					"snd_cwnd":	1342296,
					"omitted":	false
				}],
			"sum":	{
				"start":	3.00026,
				"end":	4.00025,
				"seconds":	0.999992,
				"bytes":	12582912,
				"bits_per_second":	1.00664e+08,
				"retransmits":	0,
				"omitted":	false
			}
		}, {
			"streams":	[{
					"socket":	4,
					"start":	4.00025,
					"end":	5.0005,
					"seconds":	1.00024,
					"bytes":	12451840,
					"bits_per_second":	9.95904e+07,
					"retransmits":	0,
					"snd_cwnd":	1342296,
					"omitted":	false
				}],
			"sum":	{
				"start":	4.00025,
				"end":	5.0005,
				"seconds":	1.00024,
				"bytes":	12451840,
				"bits_per_second":	9.95904e+07,
				"retransmits":	0,
				"omitted":	false
			}
		}, {
			"streams":	[{
					"socket":	4,
					"start":	5.0005,
					"end":	6.00071,
					"seconds":	1.00022,
					"bytes":	12582912,
					"bits_per_second":	1.00642e+08,
					"retransmits":	0,
					"snd_cwnd":	1342296,
					"omitted":	false
				}],
			"sum":	{
				"start":	5.0005,
				"end":	6.00071,
				"seconds":	1.00022,
				"bytes":	12582912,
				"bits_per_second":	1.00642e+08,
				"retransmits":	0,
				"omitted":	false
			}
		}, {
			"streams":	[{
					"socket":	4,
					"start":	6.00071,
					"end":	7.00038,
					"seconds":	0.999662,
					"bytes":	12451840,
					"bits_per_second":	9.96484e+07,
					"retransmits":	0,
					"snd_cwnd":	1342296,
					"omitted":	false
				}],
			"sum":	{
				"start":	6.00071,
				"end":	7.00038,
				"seconds":	0.999662,
				"bytes":	12451840,
				"bits_per_second":	9.96484e+07,
				"retransmits":	0,
				"omitted":	false
			}
		}, {
			"streams":	[{
					"socket":	4,
					"start":	7.00038,
					"end":	8.00022,
					"seconds":	0.999847,
					"bytes":	12451840,
					"bits_per_second":	9.963e+07,
					"retransmits":	0,
					"snd_cwnd":	1342296,
					"omitted":	false
				}],
			"sum":	{
				"start":	7.00038,
				"end":	8.00022,
				"seconds":	0.999847,
				"bytes":	12451840,
				"bits_per_second":	9.963e+07,
				"retransmits":	0,
				"omitted":	false
			}
		}, {
			"streams":	[{
					"socket":	4,
					"start":	8.00022,
					"end":	9.0005,
					"seconds":	1.00027,
					"bytes":	12582912,
					"bits_per_second":	1.00636e+08,
					"retransmits":	19,
					"snd_cwnd":	1342296,
					"omitted":	false
				}],
			"sum":	{
				"start":	8.00022,
				"end":	9.0005,
				"seconds":	1.00027,
				"bytes":	12582912,
				"bits_per_second":	1.00636e+08,
				"retransmits":	19,
				"omitted":	false
			}
		}, {
			"streams":	[{
					"socket":	4,
					"start":	9.0005,
					"end":	10.0001,
					"seconds":	0.999611,
					"bytes":	12451840,
					"bits_per_second":	9.96535e+07,
					"retransmits":	0,
					"snd_cwnd":	1342296,
					"omitted":	false
				}],
			"sum":	{
				"start":	9.0005,
				"end":	10.0001,
				"seconds":	0.999611,
				"bytes":	12451840,
				"bits_per_second":	9.96535e+07,
				"retransmits":	0,
				"omitted":	false
			}
		}, {
			"streams":	[{
					"socket":	4,
					"start":	10.0001,
					"end":	11.0009,
					"seconds":	1.0008,
					"bytes":	12451840,
					"bits_per_second":	9.95351e+07,
					"retransmits":	0,
					"snd_cwnd":	1342296,
					"omitted":	false
				}],
			"sum":	{
				"start":	10.0001,
				"end":	11.0009,
				"seconds":	1.0008,
				"bytes":	12451840,
				"bits_per_second":	9.95351e+07,
				"retransmits":	0,
				"omitted":	false
			}
		}, {
			"streams":	[{
					"socket":	4,
					"start":	11.0009,
					"end":	12.0002,
					"seconds":	0.999272,
					"bytes":	12582912,
					"bits_per_second":	1.00737e+08,
					"retransmits":	0,
					"snd_cwnd":	1342296,
					"omitted":	false
				}],
			"sum":	{
				"start":	11.0009,
				"end":	12.0002,
				"seconds":	0.999272,
				"bytes":	12582912,
				"bits_per_second":	1.00737e+08,
				"retransmits":	0,
				"omitted":	false
			}
		}, {
			"streams":	[{
					"socket":	4,
					"start":	12.0002,
					"end":	13.0003,
					"seconds":	1.00009,
					"bytes":	12451840,
					"bits_per_second":	9.96056e+07,
					"retransmits":	0,
					"snd_cwnd":	1342296,
					"omitted":	false
				}],
			"sum":	{
				"start":	12.0002,
				"end":	13.0003,
				"seconds":	1.00009,
				"bytes":	12451840,
				"bits_per_second":	9.96056e+07,
				"retransmits":	0,
				"omitted":	false
			}
		}, {
			"streams":	[{
					"socket":	4,
					"start":	13.0003,
					"end":	14.001,
					"seconds":	1.00076,
					"bytes":	12451840,
					"bits_per_second":	9.95393e+07,
					"retransmits":	0,
					"snd_cwnd":	1342296,
					"omitted":	false
				}],
			"sum":	{
				"start":	13.0003,
				"end":	14.001,
				"seconds":	1.00076,
				"bytes":	12451840,
				"bits_per_second":	9.95393e+07,
				"retransmits":	0,
				"omitted":	false
			}
		}],
	"end":	{
		"streams":	[{
				"sender":	{
					"socket":	4,
					"start":	0,
					"end":	14.001,
					"seconds":	14.001,
					"bytes":	173770256,
					"bits_per_second":	9.929e+07,
					"retransmits":	19
				},
				"receiver":	{
					"socket":	4,
					"start":	0,
					"end":	14.001,
					"seconds":	14.001,
					"bytes":	173770256,
					"bits_per_second":	9.929e+07
				}
			}],
		"sum_sent":	{
			"start":	0,
			"end":	14.001,
			"seconds":	14.001,
			"bytes":	173770256,
			"bits_per_second":	9.929e+07,
			"retransmits":	19
		},
		"sum_received":	{
			"start":	0,
			"end":	14.001,
			"seconds":	14.001,
			"bytes":	173770256,
			"bits_per_second":	9.929e+07
		},
		"cpu_utilization_percent":	{
			"host_total":	1.14399,
			"host_user":	0,
			"host_system":	1.14397,
			"remote_total":	3.10861,
			"remote_user":	0,
			"remote_system":	3.10861
		}
	}
}
