{
	"start":	{
		"connected":	[{
				"socket":	4,
				"local_host":	"10.0.0.4",
				"local_port":	44862,
				"remote_host":	"10.0.0.12",
				"remote_port":	1626
			}],
		"version":	"iperf 3.0.7",
		"system_info":	"Linux H4 5.4.197-0504197-generic #202206060747 SMP Mon Jun 6 09:27:47 UTC 2022 x86_64 x86_64 x86_64 GNU/Linux\n",
		"timestamp":	{
			"time":	"Fri, 22 Jul 2022 16:22:26 GMT",
			"timesecs":	1658506946
		},
		"connecting_to":	{
			"host":	"10.0.0.12",
			"port":	1626
		},
		"cookie":	"H4.1658506946.998381.4ded174a7c63095",
		"tcp_mss_default":	1448,
		"test_start":	{
			"protocol":	"TCP",
			"num_streams":	1,
			"blksize":	131072,
			"omit":	0,
			"duration":	5,
			"bytes":	0,
			"blocks":	0,
			"reverse":	0
		}
	},
	"intervals":	[{
			"streams":	[{
					"socket":	4,
					"start":	0,
					"end":	1.00071,
					"seconds":	1.00071,
					"bytes":	1689400,
					"bits_per_second":	1.35056e+07,
					"retransmits":	0,
					"snd_cwnd":	89776,
					"omitted":	false
				}],
			"sum":	{
				"start":	0,
				"end":	1.00071,
				"seconds":	1.00071,
				"bytes":	1689400,
				"bits_per_second":	1.35056e+07,
				"retransmits":	0,
				"omitted":	false
			}
		}, {
			"streams":	[{
					"socket":	4,
					"start":	1.00071,
					"end":	2.00057,
					"seconds":	0.999852,
					"bytes":	1966080,
					"bits_per_second":	1.5731e+07,
					"retransmits":	0,
					"snd_cwnd":	120184,
					"omitted":	false
				}],
			"sum":	{
				"start":	1.00071,
				"end":	2.00057,
				"seconds":	0.999852,
				"bytes":	1966080,
				"bits_per_second":	1.5731e+07,
				"retransmits":	0,
				"omitted":	false
			}
		}, {
			"streams":	[{
					"socket":	4,
					"start":	2.00057,
					"end":	3.00064,
					"seconds":	1.00008,
					"bytes":	1835008,
					"bits_per_second":	1.46789e+07,
					"retransmits":	0,
					"snd_cwnd":	147696,
					"omitted":	false
				}],
			"sum":	{
				"start":	2.00057,
				"end":	3.00064,
				"seconds":	1.00008,
				"bytes":	1835008,
				"bits_per_second":	1.46789e+07,
				"retransmits":	0,
				"omitted":	false
			}
		}, {
			"streams":	[{
					"socket":	4,
					"start":	3.00064,
					"end":	4.00108,
					"seconds":	1.00044,
					"bytes":	1835008,
					"bits_per_second":	1.46736e+07,
					"retransmits":	0,
					"snd_cwnd":	170864,
					"omitted":	false
				}],
			"sum":	{
				"start":	3.00064,
				"end":	4.00108,
				"seconds":	1.00044,
				"bytes":	1835008,
				"bits_per_second":	1.46736e+07,
				"retransmits":	0,
				"omitted":	false
			}
		}, {
			"streams":	[{
					"socket":	4,
					"start":	4.00108,
					"end":	5.00085,
					"seconds":	0.999766,
					"bytes":	1966080,
					"bits_per_second":	1.57323e+07,
					"retransmits":	0,
					"snd_cwnd":	188240,
					"omitted":	false
				}],
			"sum":	{
				"start":	4.00108,
				"end":	5.00085,
				"seconds":	0.999766,
				"bytes":	1966080,
				"bits_per_second":	1.57323e+07,
				"retransmits":	0,
				"omitted":	false
			}
		}],
	"end":	{
		"streams":	[{
				"sender":	{
					"socket":	4,
					"start":	0,
					"end":	5.00085,
					"seconds":	5.00085,
					"bytes":	9291576,
					"bits_per_second":	1.4864e+07,
					"retransmits":	0
				},
				"receiver":	{
					"socket":	4,
					"start":	0,
					"end":	5.00085,
					"seconds":	5.00085,
					"bytes":	9291576,
					"bits_per_second":	1.4864e+07
				}
			}],
		"sum_sent":	{
			"start":	0,
			"end":	5.00085,
			"seconds":	5.00085,
			"bytes":	9291576,
			"bits_per_second":	1.4864e+07,
			"retransmits":	0
		},
		"sum_received":	{
			"start":	0,
			"end":	5.00085,
			"seconds":	5.00085,
			"bytes":	9291576,
			"bits_per_second":	1.4864e+07
		},
		"cpu_utilization_percent":	{
			"host_total":	0.629882,
			"host_user":	0.137762,
			"host_system":	0.492059,
			"remote_total":	1.36186,
			"remote_user":	1.36184,
			"remote_system":	0
		}
	}
}
