{
	"start":	{
		"connected":	[{
				"socket":	4,
				"local_host":	"10.0.0.2",
				"local_port":	60778,
				"remote_host":	"10.0.0.16",
				"remote_port":	2612
			}],
		"version":	"iperf 3.0.7",
		"system_info":	"Linux BS2 5.4.197-0504197-generic #202206060747 SMP Mon Jun 6 09:27:47 UTC 2022 x86_64 x86_64 x86_64 GNU/Linux\n",
		"timestamp":	{
			"time":	"Mon, 25 Jul 2022 21:44:06 GMT",
			"timesecs":	1658785446
		},
		"connecting_to":	{
			"host":	"10.0.0.16",
			"port":	2612
		},
		"cookie":	"BS2.1658785446.250153.7bf3a3ac4dd5c2",
		"test_start":	{
			"protocol":	"UDP",
			"num_streams":	1,
			"blksize":	8192,
			"omit":	0,
			"duration":	2,
			"bytes":	0,
			"blocks":	0,
			"reverse":	0
		}
	},
	"intervals":	[{
			"streams":	[{
					"socket":	4,
					"start":	0,
					"end":	1.0038,
					"seconds":	1.0038,
					"bytes":	21569536,
					"bits_per_second":	1.71903e+08,
					"packets":	2633,
					"omitted":	false
				}],
			"sum":	{
				"start":	0,
				"end":	1.0038,
				"seconds":	1.0038,
				"bytes":	21569536,
				"bits_per_second":	1.71903e+08,
				"packets":	2633,
				"omitted":	false
			}
		}, {
			"streams":	[{
					"socket":	4,
					"start":	1.0038,
					"end":	2.00071,
					"seconds":	0.99691,
					"bytes":	20922368,
					"bits_per_second":	1.67898e+08,
					"packets":	2554,
					"omitted":	false
				}],
			"sum":	{
				"start":	1.0038,
				"end":	2.00071,
				"seconds":	0.99691,
				"bytes":	20922368,
				"bits_per_second":	1.67898e+08,
				"packets":	2554,
				"omitted":	false
			}
		}],
	"end":	{
		"streams":	[{
				"udp":	{
					"socket":	4,
					"start":	0,
					"end":	2.00071,
					"seconds":	2.00071,
					"bytes":	42491904,
					"bits_per_second":	1.69907e+08,
					"jitter_ms":	1.92862,
					"lost_packets":	535,
					"packets":	753,
					"lost_percent":	71.0491
				}
			}],
		"sum":	{
			"start":	0,
			"end":	2.00071,
			"seconds":	2.00071,
			"bytes":	42491904,
			"bits_per_second":	1.69907e+08,
			"jitter_ms":	1.92862,
			"lost_packets":	535,
			"packets":	753,
			"lost_percent":	71.0491
		},
		"cpu_utilization_percent":	{
			"host_total":	71.4008,
			"host_user":	4.85825,
			"host_system":	66.5423,
			"remote_total":	0.61698,
			"remote_user":	0,
			"remote_system":	0.617019
		}
	}
}
