{
	"start":	{
		"connected":	[{
				"socket":	4,
				"local_host":	"10.0.0.5",
				"local_port":	35332,
				"remote_host":	"10.0.0.8",
				"remote_port":	1856
			}],
		"version":	"iperf 3.0.7",
		"system_info":	"Linux H5 5.4.197-0504197-generic #202206060747 SMP Mon Jun 6 09:27:47 UTC 2022 x86_64 x86_64 x86_64 GNU/Linux\n",
		"timestamp":	{
			"time":	"Fri, 22 Jul 2022 16:24:05 GMT",
			"timesecs":	1658507045
		},
		"connecting_to":	{
			"host":	"10.0.0.8",
			"port":	1856
		},
		"cookie":	"H5.1658507045.773835.56f68ef35c48a82",
		"tcp_mss_default":	1448,
		"test_start":	{
			"protocol":	"TCP",
			"num_streams":	1,
			"blksize":	131072,
			"omit":	0,
			"duration":	5,
			"bytes":	0,
			"blocks":	0,
			"reverse":	0
		}
	},
	"intervals":	[{
			"streams":	[{
					"socket":	4,
					"start":	0,
					"end":	1.00113,
					"seconds":	1.00113,
					"bytes":	1819024,
					"bits_per_second":	1.45358e+07,
					"retransmits":	0,
					"snd_cwnd":	95568,
					"omitted":	false
				}],
			"sum":	{
				"start":	0,
				"end":	1.00113,
				"seconds":	1.00113,
				"bytes":	1819024,
				"bits_per_second":	1.45358e+07,
				"retransmits":	0,
				"omitted":	false
			}
		}, {
			"streams":	[{
					"socket":	4,
					"start":	1.00113,
					"end":	2.00117,
					"seconds":	1.00005,
					"bytes":	1835008,
					"bits_per_second":	1.46794e+07,
					"retransmits":	0,
					"snd_cwnd":	120184,
					"omitted":	false
				}],
			"sum":	{
				"start":	1.00113,
				"end":	2.00117,
				"seconds":	1.00005,
				"bytes":	1835008,
				"bits_per_second":	1.46794e+07,
				"retransmits":	0,
				"omitted":	false
			}
		}, {
			"streams":	[{
					"socket":	4,
					"start":	2.00117,
					"end":	3.00097,
					"seconds":	0.999803,
					"bytes":	1835008,
					"bits_per_second":	1.4683e+07,
					"retransmits":	0,
					"snd_cwnd":	147696,
					"omitted":	false
				}],
			"sum":	{
				"start":	2.00117,
				"end":	3.00097,
				"seconds":	0.999803,
				"bytes":	1835008,
				"bits_per_second":	1.4683e+07,
				"retransmits":	0,
				"omitted":	false
			}
		}, {
			"streams":	[{
					"socket":	4,
					"start":	3.00097,
					"end":	4.00041,
					"seconds":	0.999434,
					"bytes":	1835008,
					"bits_per_second":	1.46884e+07,
					"retransmits":	0,
					"snd_cwnd":	170864,
					"omitted":	false
				}],
			"sum":	{
				"start":	3.00097,
				"end":	4.00041,
				"seconds":	0.999434,
				"bytes":	1835008,
				"bits_per_second":	1.46884e+07,
				"retransmits":	0,
				"omitted":	false
			}
		}, {
			"streams":	[{
					"socket":	4,
					"start":	4.00041,
					"end":	5.00031,
					"seconds":	0.999899,
					"bytes":	1966080,
					"bits_per_second":	1.57302e+07,
					"retransmits":	0,
					"snd_cwnd":	179552,
					"omitted":	false
				}],
			"sum":	{
				"start":	4.00041,
				"end":	5.00031,
				"seconds":	0.999899,
				"bytes":	1966080,
				"bits_per_second":	1.57302e+07,
				"retransmits":	0,
				"omitted":	false
			}
		}],
	"end":	{
		"streams":	[{
				"sender":	{
					"socket":	4,
					"start":	0,
					"end":	5.00031,
					"seconds":	5.00031,
					"bytes":	9290128,
					"bits_per_second":	1.48633e+07,
					"retransmits":	0
				},
				"receiver":	{
					"socket":	4,
					"start":	0,
					"end":	5.00031,
					"seconds":	5.00031,
					"bytes":	9290128,
					"bits_per_second":	1.48633e+07
				}
			}],
		"sum_sent":	{
			"start":	0,
			"end":	5.00031,
			"seconds":	5.00031,
			"bytes":	9290128,
			"bits_per_second":	1.48633e+07,
			"retransmits":	0
		},
		"sum_received":	{
			"start":	0,
			"end":	5.00031,
			"seconds":	5.00031,
			"bytes":	9290128,
			"bits_per_second":	1.48633e+07
		},
		"cpu_utilization_percent":	{
			"host_total":	0.322139,
			"host_user":	0.0769969,
			"host_system":	0.245103,
			"remote_total":	1.19797,
			"remote_user":	1.19797,
			"remote_system":	0
		}
	}
}
