{
	"start":	{
		"connected":	[{
				"socket":	4,
				"local_host":	"10.0.0.5",
				"local_port":	52352,
				"remote_host":	"10.0.0.8",
				"remote_port":	4054
			}],
		"version":	"iperf 3.0.7",
		"system_info":	"Linux BS5 5.4.197-0504197-generic #202206060747 SMP Mon Jun 6 09:27:47 UTC 2022 x86_64 x86_64 x86_64 GNU/Linux\n",
		"timestamp":	{
			"time":	"Mon, 25 Jul 2022 21:48:46 GMT",
			"timesecs":	1658785726
		},
		"connecting_to":	{
			"host":	"10.0.0.8",
			"port":	4054
		},
		"cookie":	"BS5.1658785725.999542.6429dffb33ab1d",
		"test_start":	{
			"protocol":	"UDP",
			"num_streams":	1,
			"blksize":	8192,
			"omit":	0,
			"duration":	9,
			"bytes":	0,
			"blocks":	0,
			"reverse":	0
		}
	},
	"intervals":	[{
			"streams":	[{
					"socket":	4,
					"start":	0,
					"end":	1.00037,
					"seconds":	1.00037,
					"bytes":	2818048,
					"bits_per_second":	2.25361e+07,
					"packets":	344,
					"omitted":	false
				}],
			"sum":	{
				"start":	0,
				"end":	1.00037,
				"seconds":	1.00037,
				"bytes":	2818048,
				"bits_per_second":	2.25361e+07,
				"packets":	344,
				"omitted":	false
			}
		}, {
			"streams":	[{
					"socket":	4,
					"start":	1.00037,
					"end":	2.0004,
					"seconds":	1.00004,
					"bytes":	3137536,
					"bits_per_second":	2.50994e+07,
					"packets":	383,
					"omitted":	false
				}],
			"sum":	{
				"start":	1.00037,
				"end":	2.0004,
				"seconds":	1.00004,
				"bytes":	3137536,
				"bits_per_second":	2.50994e+07,
				"packets":	383,
				"omitted":	false
			}
		}, {
			"streams":	[{
					"socket":	4,
					"start":	2.0004,
					"end":	3.00041,
					"seconds":	1,
					"bytes":	3178496,
					"bits_per_second":	2.54279e+07,
					"packets":	388,
					"omitted":	false
				}],
			"sum":	{
				"start":	2.0004,
				"end":	3.00041,
				"seconds":	1,
				"bytes":	3178496,
				"bits_per_second":	2.54279e+07,
				"packets":	388,
				"omitted":	false
			}
		}, {
			"streams":	[{
					"socket":	4,
					"start":	3.00041,
					"end":	4.00029,
					"seconds":	0.999884,
					"bytes":	3063808,
					"bits_per_second":	2.45133e+07,
					"packets":	374,
					"omitted":	false
				}],
			"sum":	{
				"start":	3.00041,
				"end":	4.00029,
				"seconds":	0.999884,
				"bytes":	3063808,
				"bits_per_second":	2.45133e+07,
				"packets":	374,
				"omitted":	false
			}
		}, {
			"streams":	[{
					"socket":	4,
					"start":	4.00029,
					"end":	5.00395,
					"seconds":	1.00366,
					"bytes":	3129344,
					"bits_per_second":	2.49435e+07,
					"packets":	382,
					"omitted":	false
				}],
			"sum":	{
				"start":	4.00029,
				"end":	5.00395,
				"seconds":	1.00366,
				"bytes":	3129344,
				"bits_per_second":	2.49435e+07,
				"packets":	382,
				"omitted":	false
			}
		}, {
			"streams":	[{
					"socket":	4,
					"start":	5.00395,
					"end":	6.00617,
					"seconds":	1.00222,
					"bytes":	3121152,
					"bits_per_second":	2.49139e+07,
					"packets":	381,
					"omitted":	false
				}],
			"sum":	{
				"start":	5.00395,
				"end":	6.00617,
				"seconds":	1.00222,
				"bytes":	3121152,
				"bits_per_second":	2.49139e+07,
				"packets":	381,
				"omitted":	false
			}
		}, {
			"streams":	[{
					"socket":	4,
					"start":	6.00617,
					"end":	7.00073,
					"seconds":	0.994558,
					"bytes":	3137536,
					"bits_per_second":	2.52376e+07,
					"packets":	383,
					"omitted":	false
				}],
			"sum":	{
				"start":	6.00617,
				"end":	7.00073,
				"seconds":	0.994558,
				"bytes":	3137536,
				"bits_per_second":	2.52376e+07,
				"packets":	383,
				"omitted":	false
			}
		}, {
			"streams":	[{
					"socket":	4,
					"start":	7.00073,
					"end":	8.00023,
					"seconds":	0.999498,
					"bytes":	3112960,
					"bits_per_second":	2.49162e+07,
					"packets":	380,
					"omitted":	false
				}],
			"sum":	{
				"start":	7.00073,
				"end":	8.00023,
				"seconds":	0.999498,
				"bytes":	3112960,
				"bits_per_second":	2.49162e+07,
				"packets":	380,
				"omitted":	false
			}
		}, {
			"streams":	[{
					"socket":	4,
					"start":	8.00023,
					"end":	9.00031,
					"seconds":	1.00009,
					"bytes":	3121152,
					"bits_per_second":	2.4967e+07,
					"packets":	381,
					"omitted":	false
				}],
			"sum":	{
				"start":	8.00023,
				"end":	9.00031,
				"seconds":	1.00009,
				"bytes":	3121152,
				"bits_per_second":	2.4967e+07,
				"packets":	381,
				"omitted":	false
			}
		}],
	"end":	{
		"streams":	[{
				"udp":	{
					"socket":	4,
					"start":	0,
					"end":	9.00031,
					"seconds":	9.00031,
					"bytes":	27820032,
					"bits_per_second":	2.47281e+07,
					"jitter_ms":	0.498536,
					"lost_packets":	5,
					"packets":	3396,
					"lost_percent":	0.147232
				}
			}],
		"sum":	{
			"start":	0,
			"end":	9.00031,
			"seconds":	9.00031,
			"bytes":	27820032,
			"bits_per_second":	2.47281e+07,
			"jitter_ms":	0.498536,
			"lost_packets":	5,
			"packets":	3396,
			"lost_percent":	0.147232
		},
		"cpu_utilization_percent":	{
			"host_total":	2.97918,
			"host_user":	0.18954,
			"host_system":	2.78961,
			"remote_total":	2.13336,
			"remote_user":	0.166184,
			"remote_system":	1.96719
		}
	}
}
