{
	"start":	{
		"connected":	[{
				"socket":	4,
				"local_host":	"10.0.0.4",
				"local_port":	52316,
				"remote_host":	"10.0.0.10",
				"remote_port":	2629
			}],
		"version":	"iperf 3.0.7",
		"system_info":	"Linux H4 5.4.197-0504197-generic #202206060747 SMP Mon Jun 6 09:27:47 UTC 2022 x86_64 x86_64 x86_64 GNU/Linux\n",
		"timestamp":	{
			"time":	"Fri, 22 Jul 2022 16:21:44 GMT",
			"timesecs":	1658506904
		},
		"connecting_to":	{
			"host":	"10.0.0.10",
			"port":	2629
		},
		"cookie":	"H4.1658506904.697967.6a7f503b38f9971",
		"tcp_mss_default":	1448,
		"test_start":	{
			"protocol":	"TCP",
			"num_streams":	1,
			"blksize":	131072,
			"omit":	0,
			"duration":	5,
			"bytes":	0,
			"blocks":	0,
			"reverse":	0
		}
	},
	"intervals":	[{
			"streams":	[{
					"socket":	4,
					"start":	0,
					"end":	1.00013,
					"seconds":	1.00013,
					"bytes":	1689400,
					"bits_per_second":	1.35134e+07,
					"retransmits":	0,
					"snd_cwnd":	85432,
					"omitted":	false
				}],
			"sum":	{
				"start":	0,
				"end":	1.00013,
				"seconds":	1.00013,
				"bytes":	1689400,
				"bits_per_second":	1.35134e+07,
				"retransmits":	0,
				"omitted":	false
			}
		}, {
			"streams":	[{
					"socket":	4,
					"start":	1.00013,
					"end":	2.00081,
					"seconds":	1.00068,
					"bytes":	1966080,
					"bits_per_second":	1.5718e+07,
					"retransmits":	51,
					"snd_cwnd":	78192,
					"omitted":	false
				}],
			"sum":	{
				"start":	1.00013,
				"end":	2.00081,
				"seconds":	1.00068,
				"bytes":	1966080,
				"bits_per_second":	1.5718e+07,
				"retransmits":	51,
				"omitted":	false
			}
		}, {
			"streams":	[{
					"socket":	4,
					"start":	2.00081,
					"end":	3.00095,
					"seconds":	1.00013,
					"bytes":	1835008,
					"bits_per_second":	1.46781e+07,
					"retransmits":	0,
					"snd_cwnd":	88328,
					"omitted":	false
				}],
			"sum":	{
				"start":	2.00081,
				"end":	3.00095,
				"seconds":	1.00013,
				"bytes":	1835008,
				"bits_per_second":	1.46781e+07,
				"retransmits":	0,
				"omitted":	false
			}
		}, {
			"streams":	[{
					"socket":	4,
					"start":	3.00095,
					"end":	4.00098,
					"seconds":	1.00004,
					"bytes":	1835008,
					"bits_per_second":	1.46795e+07,
					"retransmits":	0,
					"snd_cwnd":	95568,
					"omitted":	false
				}],
			"sum":	{
				"start":	3.00095,
				"end":	4.00098,
				"seconds":	1.00004,
				"bytes":	1835008,
				"bits_per_second":	1.46795e+07,
				"retransmits":	0,
				"omitted":	false
			}
		}, {
			"streams":	[{
					"socket":	4,
					"start":	4.00098,
					"end":	5.00029,
					"seconds":	0.999307,
					"bytes":	1966080,
					"bits_per_second":	1.57395e+07,
					"retransmits":	0,
					"snd_cwnd":	101360,
					"omitted":	false
				}],
			"sum":	{
				"start":	4.00098,
				"end":	5.00029,
				"seconds":	0.999307,
				"bytes":	1966080,
				"bits_per_second":	1.57395e+07,
				"retransmits":	0,
				"omitted":	false
			}
		}],
	"end":	{
		"streams":	[{
				"sender":	{
					"socket":	4,
					"start":	0,
					"end":	5.00029,
					"seconds":	5.00029,
					"bytes":	9291576,
					"bits_per_second":	1.48657e+07,
					"retransmits":	51
				},
				"receiver":	{
					"socket":	4,
					"start":	0,
					"end":	5.00029,
					"seconds":	5.00029,
					"bytes":	9291576,
					"bits_per_second":	1.48657e+07
				}
			}],
		"sum_sent":	{
			"start":	0,
			"end":	5.00029,
			"seconds":	5.00029,
			"bytes":	9291576,
			"bits_per_second":	1.48657e+07,
			"retransmits":	51
		},
		"sum_received":	{
			"start":	0,
			"end":	5.00029,
			"seconds":	5.00029,
			"bytes":	9291576,
			"bits_per_second":	1.48657e+07
		},
		"cpu_utilization_percent":	{
			"host_total":	0.366737,
			"host_user":	0,
			"host_system":	0.366757,
			"remote_total":	1.49356,
			"remote_user":	1.49354,
			"remote_system":	0
		}
	}
}
