{
	"start":	{
		"connected":	[{
				"socket":	4,
				"local_host":	"10.0.0.4",
				"local_port":	39248,
				"remote_host":	"10.0.0.10",
				"remote_port":	3531
			}],
		"version":	"iperf 3.0.7",
		"system_info":	"Linux H4 5.4.197-0504197-generic #202206060747 SMP Mon Jun 6 09:27:47 UTC 2022 x86_64 x86_64 x86_64 GNU/Linux\n",
		"timestamp":	{
			"time":	"Fri, 22 Jul 2022 16:28:31 GMT",
			"timesecs":	1658507311
		},
		"connecting_to":	{
			"host":	"10.0.0.10",
			"port":	3531
		},
		"cookie":	"H4.1658507311.485065.057221cd1670d14",
		"tcp_mss_default":	1448,
		"test_start":	{
			"protocol":	"TCP",
			"num_streams":	1,
			"blksize":	131072,
			"omit":	0,
			"duration":	5,
			"bytes":	0,
			"blocks":	0,
			"reverse":	0
		}
	},
	"intervals":	[{
			"streams":	[{
					"socket":	4,
					"start":	0,
					"end":	1.00055,
					"seconds":	1.00055,
					"bytes":	1689400,
					"bits_per_second":	1.35078e+07,
					"retransmits":	0,
					"snd_cwnd":	88328,
					"omitted":	false
				}],
			"sum":	{
				"start":	0,
				"end":	1.00055,
				"seconds":	1.00055,
				"bytes":	1689400,
				"bits_per_second":	1.35078e+07,
				"retransmits":	0,
				"omitted":	false
			}
		}, {
			"streams":	[{
					"socket":	4,
					"start":	1.00055,
					"end":	2.0003,
					"seconds":	0.999749,
					"bytes":	1966080,
					"bits_per_second":	1.57326e+07,
					"retransmits":	0,
					"snd_cwnd":	124528,
					"omitted":	false
				}],
			"sum":	{
				"start":	1.00055,
				"end":	2.0003,
				"seconds":	0.999749,
				"bytes":	1966080,
				"bits_per_second":	1.57326e+07,
				"retransmits":	0,
				"omitted":	false
			}
		}, {
			"streams":	[{
					"socket":	4,
					"start":	2.0003,
					"end":	3.00058,
					"seconds":	1.00028,
					"bytes":	1835008,
					"bits_per_second":	1.46759e+07,
					"retransmits":	0,
					"snd_cwnd":	154936,
					"omitted":	false
				}],
			"sum":	{
				"start":	2.0003,
				"end":	3.00058,
				"seconds":	1.00028,
				"bytes":	1835008,
				"bits_per_second":	1.46759e+07,
				"retransmits":	0,
				"omitted":	false
			}
		}, {
			"streams":	[{
					"socket":	4,
					"start":	3.00058,
					"end":	4.00104,
					"seconds":	1.00046,
					"bytes":	1835008,
					"bits_per_second":	1.46733e+07,
					"retransmits":	0,
					"snd_cwnd":	169416,
					"omitted":	false
				}],
			"sum":	{
				"start":	3.00058,
				"end":	4.00104,
				"seconds":	1.00046,
				"bytes":	1835008,
				"bits_per_second":	1.46733e+07,
				"retransmits":	0,
				"omitted":	false
			}
		}, {
			"streams":	[{
					"socket":	4,
					"start":	4.00104,
					"end":	5.0012,
					"seconds":	1.00016,
					"bytes":	1966080,
					"bits_per_second":	1.57261e+07,
					"retransmits":	0,
					"snd_cwnd":	201272,
					"omitted":	false
				}],
			"sum":	{
				"start":	4.00104,
				"end":	5.0012,
				"seconds":	1.00016,
				"bytes":	1966080,
				"bits_per_second":	1.57261e+07,
				"retransmits":	0,
				"omitted":	false
			}
		}],
	"end":	{
		"streams":	[{
				"sender":	{
					"socket":	4,
					"start":	0,
					"end":	5.0012,
					"seconds":	5.0012,
					"bytes":	9291576,
					"bits_per_second":	1.48629e+07,
					"retransmits":	0
				},
				"receiver":	{
					"socket":	4,
					"start":	0,
					"end":	5.0012,
					"seconds":	5.0012,
					"bytes":	9291576,
					"bits_per_second":	1.48629e+07
				}
			}],
		"sum_sent":	{
			"start":	0,
			"end":	5.0012,
			"seconds":	5.0012,
			"bytes":	9291576,
			"bits_per_second":	1.48629e+07,
			"retransmits":	0
		},
		"sum_received":	{
			"start":	0,
			"end":	5.0012,
			"seconds":	5.0012,
			"bytes":	9291576,
			"bits_per_second":	1.48629e+07
		},
		"cpu_utilization_percent":	{
			"host_total":	0.509731,
			"host_user":	0.232784,
			"host_system":	0.276867,
			"remote_total":	1.17574,
			"remote_user":	0.611505,
			"remote_system":	0.564192
		}
	}
}
