{
	"start":	{
		"connected":	[{
				"socket":	5,
				"local_host":	"10.0.0.3",
				"local_port":	47618,
				"remote_host":	"10.0.0.13",
				"remote_port":	2609
			}],
		"version":	"iperf 3.7",
		"system_info":	"Linux H3 5.4.197-0504197-generic #202206060747 SMP Mon Jun 6 09:27:47 UTC 2022 x86_64",
		"timestamp":	{
			"time":	"Mon, 01 Aug 2022 00:26:11 GMT",
			"timesecs":	1659313571
		},
		"connecting_to":	{
			"host":	"10.0.0.13",
			"port":	2609
		},
		"cookie":	"gcu2lhd7tt6fde2575vfyaauw7dviitkr43k",
		"tcp_mss_default":	1448,
		"target_bitrate":	15000000,
		"sock_bufsize":	0,
		"sndbuf_actual":	87380,
		"rcvbuf_actual":	87380,
		"test_start":	{
			"protocol":	"TCP",
			"num_streams":	1,
			"blksize":	131072,
			"omit":	0,
			"duration":	5,
			"bytes":	0,
			"blocks":	0,
			"reverse":	0,
			"tos":	0
		}
	},
	"intervals":	[{
			"streams":	[{
					"socket":	5,
					"start":	0,
					"end":	1.000455,
					"seconds":	1.0004550218582153,
					"bytes":	1966080,
					"bits_per_second":	15721486.380053442,
					"retransmits":	0,
					"snd_cwnd":	89776,
					"rtt":	4197,
					"rttvar":	1804,
					"pmtu":	1500,
					"omitted":	false,
					"sender":	true
				}],
			"sum":	{
				"start":	0,
				"end":	1.000455,
				"seconds":	1.0004550218582153,
				"bytes":	1966080,
				"bits_per_second":	15721486.380053442,
				"retransmits":	0,
				"omitted":	false,
				"sender":	true
			}
		}, {
			"streams":	[{
					"socket":	5,
					"start":	1.000455,
					"end":	2.000441,
					"seconds":	0.99998599290847778,
					"bytes":	1835008,
					"bits_per_second":	14680269.627880249,
					"retransmits":	0,
					"snd_cwnd":	97016,
					"rtt":	4281,
					"rttvar":	1789,
					"pmtu":	1500,
					"omitted":	false,
					"sender":	true
				}],
			"sum":	{
				"start":	1.000455,
				"end":	2.000441,
				"seconds":	0.99998599290847778,
				"bytes":	1835008,
				"bits_per_second":	14680269.627880249,
				"retransmits":	0,
				"omitted":	false,
				"sender":	true
			}
		}, {
			"streams":	[{
					"socket":	5,
					"start":	2.000441,
					"end":	3.000769,
					"seconds":	1.0003279447555542,
					"bytes":	1835008,
					"bits_per_second":	14675251.328290448,
					"retransmits":	0,
					"snd_cwnd":	107152,
					"rtt":	4631,
					"rttvar":	1915,
					"pmtu":	1500,
					"omitted":	false,
					"sender":	true
				}],
			"sum":	{
				"start":	2.000441,
				"end":	3.000769,
				"seconds":	1.0003279447555542,
				"bytes":	1835008,
				"bits_per_second":	14675251.328290448,
				"retransmits":	0,
				"omitted":	false,
				"sender":	true
			}
		}, {
			"streams":	[{
					"socket":	5,
					"start":	3.000769,
					"end":	4.00045,
					"seconds":	0.99968099594116211,
					"bytes":	1966080,
					"bits_per_second":	15733659.101113627,
					"retransmits":	0,
					"snd_cwnd":	107152,
					"rtt":	4908,
					"rttvar":	2301,
					"pmtu":	1500,
					"omitted":	false,
					"sender":	true
				}],
			"sum":	{
				"start":	3.000769,
				"end":	4.00045,
				"seconds":	0.99968099594116211,
				"bytes":	1966080,
				"bits_per_second":	15733659.101113627,
				"retransmits":	0,
				"omitted":	false,
				"sender":	true
			}
		}, {
			"streams":	[{
					"socket":	5,
					"start":	4.00045,
					"end":	5.000389,
					"seconds":	0.99993902444839478,
					"bytes":	1835008,
					"bits_per_second":	14680959.179584069,
					"retransmits":	0,
					"snd_cwnd":	107152,
					"rtt":	4460,
					"rttvar":	2204,
					"pmtu":	1500,
					"omitted":	false,
					"sender":	true
				}],
			"sum":	{
				"start":	4.00045,
				"end":	5.000389,
				"seconds":	0.99993902444839478,
				"bytes":	1835008,
				"bits_per_second":	14680959.179584069,
				"retransmits":	0,
				"omitted":	false,
				"sender":	true
			}
		}],
	"end":	{
		"streams":	[{
				"sender":	{
					"socket":	5,
					"start":	0,
					"end":	5.000389,
					"seconds":	5.000389,
					"bytes":	9437184,
					"bits_per_second":	15098319.750723394,
					"retransmits":	0,
					"max_snd_cwnd":	107152,
					"max_rtt":	4908,
					"min_rtt":	4197,
					"mean_rtt":	4495,
					"sender":	true
				},
				"receiver":	{
					"socket":	5,
					"start":	0,
					"end":	5.000664,
					"seconds":	5.000389,
					"bytes":	9437184,
					"bits_per_second":	15097489.453400588,
					"sender":	true
				}
			}],
		"sum_sent":	{
			"start":	0,
			"end":	5.000389,
			"seconds":	5.000389,
			"bytes":	9437184,
			"bits_per_second":	15098319.750723394,
			"retransmits":	0,
			"sender":	true
		},
		"sum_received":	{
			"start":	0,
			"end":	5.000664,
			"seconds":	5.000664,
			"bytes":	9437184,
			"bits_per_second":	15097489.453400588,
			"sender":	true
		},
		"cpu_utilization_percent":	{
			"host_total":	5.6801353268850647,
			"host_user":	0,
			"host_system":	5.68021527896179,
			"remote_total":	2.0871059519972217,
			"remote_user":	0,
			"remote_system":	2.0871658282330423
		},
		"sender_tcp_congestion":	"cubic",
		"receiver_tcp_congestion":	"cubic"
	}
}
