{
	"start":	{
		"connected":	[{
				"socket":	4,
				"local_host":	"10.0.0.7",
				"local_port":	44296,
				"remote_host":	"10.0.0.10",
				"remote_port":	3212
			}],
		"version":	"iperf 3.0.7",
		"system_info":	"Linux BS7 5.4.197-0504197-generic #202206060747 SMP Mon Jun 6 09:27:47 UTC 2022 x86_64 x86_64 x86_64 GNU/Linux\n",
		"timestamp":	{
			"time":	"Mon, 25 Jul 2022 21:50:41 GMT",
			"timesecs":	1658785841
		},
		"connecting_to":	{
			"host":	"10.0.0.10",
			"port":	3212
		},
		"cookie":	"BS7.1658785841.046962.5bb1a187041b9a",
		"tcp_mss_default":	1448,
		"test_start":	{
			"protocol":	"TCP",
			"num_streams":	1,
			"blksize":	131072,
			"omit":	0,
			"duration":	25,
			"bytes":	0,
			"blocks":	0,
			"reverse":	0
		}
	},
	"intervals":	[{
			"streams":	[{
					"socket":	4,
					"start":	0,
					"end":	1.00166,
					"seconds":	1.00166,
					"bytes":	11372048,
					"bits_per_second":	9.08258e+07,
					"retransmits":	0,
					"snd_cwnd":	761648,
					"omitted":	false
				}],
			"sum":	{
				"start":	0,
				"end":	1.00166,
				"seconds":	1.00166,
				"bytes":	11372048,
				"bits_per_second":	9.08258e+07,
				"retransmits":	0,
				"omitted":	false
			}
		}, {
			"streams":	[{
					"socket":	4,
					"start":	1.00166,
					"end":	2.00037,
					"seconds":	0.998714,
					"bytes":	12451840,
					"bits_per_second":	9.9743e+07,
					"retransmits":	0,
					"snd_cwnd":	1282928,
					"omitted":	false
				}],
			"sum":	{
				"start":	1.00166,
				"end":	2.00037,
				"seconds":	0.998714,
				"bytes":	12451840,
				"bits_per_second":	9.9743e+07,
				"retransmits":	0,
				"omitted":	false
			}
		}, {
			"streams":	[{
					"socket":	4,
					"start":	2.00037,
					"end":	3.00057,
					"seconds":	1.0002,
					"bytes":	12451840,
					"bits_per_second":	9.95952e+07,
					"retransmits":	0,
					"snd_cwnd":	1349536,
					"omitted":	false
				}],
			"sum":	{
				"start":	2.00037,
				"end":	3.00057,
				"seconds":	1.0002,
				"bytes":	12451840,
				"bits_per_second":	9.95952e+07,
				"retransmits":	0,
				"omitted":	false
			}
		}, {
			"streams":	[{
					"socket":	4,
					"start":	3.00057,
					"end":	4.00056,
					"seconds":	0.999994,
					"bytes":	12582912,
					"bits_per_second":	1.00664e+08,
					"retransmits":	0,
					"snd_cwnd":	1349536,
					"omitted":	false
				}],
			"sum":	{
				"start":	3.00057,
				"end":	4.00056,
				"seconds":	0.999994,
				"bytes":	12582912,
				"bits_per_second":	1.00664e+08,
				"retransmits":	0,
				"omitted":	false
			}
		}, {
			"streams":	[{
					"socket":	4,
					"start":	4.00056,
					"end":	5.00066,
					"seconds":	1.0001,
					"bytes":	12451840,
					"bits_per_second":	9.96046e+07,
					"retransmits":	0,
					"snd_cwnd":	1349536,
					"omitted":	false
				}],
			"sum":	{
				"start":	4.00056,
				"end":	5.00066,
				"seconds":	1.0001,
				"bytes":	12451840,
				"bits_per_second":	9.96046e+07,
				"retransmits":	0,
				"omitted":	false
			}
		}, {
			"streams":	[{
					"socket":	4,
					"start":	5.00066,
					"end":	6.0006,
					"seconds":	0.999939,
					"bytes":	12582912,
					"bits_per_second":	1.00669e+08,
					"retransmits":	0,
					"snd_cwnd":	1349536,
					"omitted":	false
				}],
			"sum":	{
				"start":	5.00066,
				"end":	6.0006,
				"seconds":	0.999939,
				"bytes":	12582912,
				"bits_per_second":	1.00669e+08,
				"retransmits":	0,
				"omitted":	false
			}
		}, {
			"streams":	[{
					"socket":	4,
					"start":	6.0006,
					"end":	7.00173,
					"seconds":	1.00113,
					"bytes":	12451840,
					"bits_per_second":	9.95021e+07,
					"retransmits":	0,
					"snd_cwnd":	1349536,
					"omitted":	false
				}],
			"sum":	{
				"start":	6.0006,
				"end":	7.00173,
				"seconds":	1.00113,
				"bytes":	12451840,
				"bits_per_second":	9.95021e+07,
				"retransmits":	0,
				"omitted":	false
			}
		}, {
			"streams":	[{
					"socket":	4,
					"start":	7.00173,
					"end":	8.0005,
					"seconds":	0.998765,
					"bytes":	12451840,
					"bits_per_second":	9.97379e+07,
					"retransmits":	0,
					"snd_cwnd":	1349536,
					"omitted":	false
				}],
			"sum":	{
				"start":	7.00173,
				"end":	8.0005,
				"seconds":	0.998765,
				"bytes":	12451840,
				"bits_per_second":	9.97379e+07,
				"retransmits":	0,
				"omitted":	false
			}
		}, {
			"streams":	[{
					"socket":	4,
					"start":	8.0005,
					"end":	9.00047,
					"seconds":	0.999969,
					"bytes":	12582912,
					"bits_per_second":	1.00666e+08,
					"retransmits":	0,
					"snd_cwnd":	1349536,
					"omitted":	false
				}],
			"sum":	{
				"start":	8.0005,
				"end":	9.00047,
				"seconds":	0.999969,
				"bytes":	12582912,
				"bits_per_second":	1.00666e+08,
				"retransmits":	0,
				"omitted":	false
			}
		}, {
			"streams":	[{
					"socket":	4,
					"start":	9.00047,
					"end":	10.0002,
					"seconds":	0.99971,
					"bytes":	12451840,
					"bits_per_second":	9.96436e+07,
					"retransmits":	0,
					"snd_cwnd":	1349536,
					"omitted":	false
				}],
			"sum":	{
				"start":	9.00047,
				"end":	10.0002,
				"seconds":	0.99971,
				"bytes":	12451840,
				"bits_per_second":	9.96436e+07,
				"retransmits":	0,
				"omitted":	false
			}
		}, {
			"streams":	[{
					"socket":	4,
					"start":	10.0002,
					"end":	11.0021,
					"seconds":	1.00191,
					"bytes":	12451840,
					"bits_per_second":	9.94251e+07,
					"retransmits":	16,
					"snd_cwnd":	1349536,
					"omitted":	false
				}],
			"sum":	{
				"start":	10.0002,
				"end":	11.0021,
				"seconds":	1.00191,
				"bytes":	12451840,
				"bits_per_second":	9.94251e+07,
				"retransmits":	16,
				"omitted":	false
			}
		}, {
			"streams":	[{
					"socket":	4,
					"start":	11.0021,
					"end":	12.0004,
					"seconds":	0.99827,
					"bytes":	12582912,
					"bits_per_second":	1.00838e+08,
					"retransmits":	0,
					"snd_cwnd":	1349536,
					"omitted":	false
				}],
			"sum":	{
				"start":	11.0021,
				"end":	12.0004,
				"seconds":	0.99827,
				"bytes":	12582912,
				"bits_per_second":	1.00838e+08,
				"retransmits":	0,
				"omitted":	false
			}
		}, {
			"streams":	[{
					"socket":	4,
					"start":	12.0004,
					"end":	13.0002,
					"seconds":	0.999889,
					"bytes":	12451840,
					"bits_per_second":	9.96258e+07,
					"retransmits":	0,
					"snd_cwnd":	1349536,
					"omitted":	false
				}],
			"sum":	{
				"start":	12.0004,
				"end":	13.0002,
				"seconds":	0.999889,
				"bytes":	12451840,
				"bits_per_second":	9.96258e+07,
				"retransmits":	0,
				"omitted":	false
			}
		}, {
			"streams":	[{
					"socket":	4,
					"start":	13.0002,
					"end":	14.0005,
					"seconds":	1.00025,
					"bytes":	12582912,
					"bits_per_second":	1.00639e+08,
					"retransmits":	0,
					"snd_cwnd":	1349536,
					"omitted":	false
				}],
			"sum":	{
				"start":	13.0002,
				"end":	14.0005,
				"seconds":	1.00025,
				"bytes":	12582912,
				"bits_per_second":	1.00639e+08,
				"retransmits":	0,
				"omitted":	false
			}
		}, {
			"streams":	[{
					"socket":	4,
					"start":	14.0005,
					"end":	15.0007,
					"seconds":	1.00016,
					"bytes":	12451840,
					"bits_per_second":	9.95987e+07,
					"retransmits":	0,
					"snd_cwnd":	1349536,
					"omitted":	false
				}],
			"sum":	{
				"start":	14.0005,
				"end":	15.0007,
				"seconds":	1.00016,
				"bytes":	12451840,
				"bits_per_second":	9.95987e+07,
				"retransmits":	0,
				"omitted":	false
			}
		}, {
			"streams":	[{
					"socket":	4,
					"start":	15.0007,
					"end":	16.0001,
					"seconds":	0.999465,
					"bytes":	12451840,
					"bits_per_second":	9.9668e+07,
					"retransmits":	0,
					"snd_cwnd":	1349536,
					"omitted":	false
				}],
			"sum":	{
				"start":	15.0007,
				"end":	16.0001,
				"seconds":	0.999465,
				"bytes":	12451840,
				"bits_per_second":	9.9668e+07,
				"retransmits":	0,
				"omitted":	false
			}
		}, {
			"streams":	[{
					"socket":	4,
					"start":	16.0001,
					"end":	17.0002,
					"seconds":	1.00005,
					"bytes":	12582912,
					"bits_per_second":	1.00658e+08,
					"retransmits":	0,
					"snd_cwnd":	1349536,
					"omitted":	false
				}],
			"sum":	{
				"start":	16.0001,
				"end":	17.0002,
				"seconds":	1.00005,
				"bytes":	12582912,
				"bits_per_second":	1.00658e+08,
				"retransmits":	0,
				"omitted":	false
			}
		}, {
			"streams":	[{
					"socket":	4,
					"start":	17.0002,
					"end":	18.0003,
					"seconds":	1.00014,
					"bytes":	12451840,
					"bits_per_second":	9.96009e+07,
					"retransmits":	0,
					"snd_cwnd":	1349536,
					"omitted":	false
				}],
			"sum":	{
				"start":	17.0002,
				"end":	18.0003,
				"seconds":	1.00014,
				"bytes":	12451840,
				"bits_per_second":	9.96009e+07,
				"retransmits":	0,
				"omitted":	false
			}
		}, {
			"streams":	[{
					"socket":	4,
					"start":	18.0003,
					"end":	19.0004,
					"seconds":	1.00007,
					"bytes":	12451840,
					"bits_per_second":	9.96078e+07,
					"retransmits":	0,
					"snd_cwnd":	1349536,
					"omitted":	false
				}],
			"sum":	{
				"start":	18.0003,
				"end":	19.0004,
				"seconds":	1.00007,
				"bytes":	12451840,
				"bits_per_second":	9.96078e+07,
				"retransmits":	0,
				"omitted":	false
			}
		}, {
			"streams":	[{
					"socket":	4,
					"start":	19.0004,
					"end":	20.0014,
					"seconds":	1.00102,
					"bytes":	12582912,
					"bits_per_second":	1.00561e+08,
					"retransmits":	0,
					"snd_cwnd":	1349536,
					"omitted":	false
				}],
			"sum":	{
				"start":	19.0004,
				"end":	20.0014,
				"seconds":	1.00102,
				"bytes":	12582912,
				"bits_per_second":	1.00561e+08,
				"retransmits":	0,
				"omitted":	false
			}
		}, {
			"streams":	[{
					"socket":	4,
					"start":	20.0014,
					"end":	21.0009,
					"seconds":	0.999533,
					"bytes":	12451840,
					"bits_per_second":	9.96613e+07,
					"retransmits":	0,
					"snd_cwnd":	1349536,
					"omitted":	false
				}],
			"sum":	{
				"start":	20.0014,
				"end":	21.0009,
				"seconds":	0.999533,
				"bytes":	12451840,
				"bits_per_second":	9.96613e+07,
				"retransmits":	0,
				"omitted":	false
			}
		}, {
			"streams":	[{
					"socket":	4,
					"start":	21.0009,
					"end":	22.0003,
					"seconds":	0.999361,
					"bytes":	12582912,
					"bits_per_second":	1.00728e+08,
					"retransmits":	0,
					"snd_cwnd":	1349536,
					"omitted":	false
				}],
			"sum":	{
				"start":	21.0009,
				"end":	22.0003,
				"seconds":	0.999361,
				"bytes":	12582912,
				"bits_per_second":	1.00728e+08,
				"retransmits":	0,
				"omitted":	false
			}
		}, {
			"streams":	[{
					"socket":	4,
					"start":	22.0003,
					"end":	23.0001,
					"seconds":	0.999838,
					"bytes":	12451840,
					"bits_per_second":	9.96309e+07,
					"retransmits":	0,
					"snd_cwnd":	1349536,
					"omitted":	false
				}],
			"sum":	{
				"start":	22.0003,
				"end":	23.0001,
				"seconds":	0.999838,
				"bytes":	12451840,
				"bits_per_second":	9.96309e+07,
				"retransmits":	0,
				"omitted":	false
			}
		}, {
			"streams":	[{
					"socket":	4,
					"start":	23.0001,
					"end":	24.0005,
					"seconds":	1.00039,
					"bytes":	12451840,
					"bits_per_second":	9.95755e+07,
					"retransmits":	0,
					"snd_cwnd":	1349536,
					"omitted":	false
				}],
			"sum":	{
				"start":	23.0001,
				"end":	24.0005,
				"seconds":	1.00039,
				"bytes":	12451840,
				"bits_per_second":	9.95755e+07,
				"retransmits":	0,
				"omitted":	false
			}
		}, {
			"streams":	[{
					"socket":	4,
					"start":	24.0005,
					"end":	25.0005,
					"seconds":	1.00002,
					"bytes":	12582912,
					"bits_per_second":	1.00662e+08,
					"retransmits":	0,
					"snd_cwnd":	1349536,
					"omitted":	false
				}],
			"sum":	{
				"start":	24.0005,
				"end":	25.0005,
				"seconds":	1.00002,
				"bytes":	12582912,
				"bits_per_second":	1.00662e+08,
				"retransmits":	0,
				"omitted":	false
			}
		}],
	"end":	{
		"streams":	[{
				"sender":	{
					"socket":	4,
					"start":	0,
					"end":	25.0005,
					"seconds":	25.0005,
					"bytes":	311395856,
					"bits_per_second":	9.96445e+07,
					"retransmits":	16
				},
				"receiver":	{
					"socket":	4,
					"start":	0,
					"end":	25.0005,
					"seconds":	25.0005,
					"bytes":	311395856,
					"bits_per_second":	9.96445e+07
				}
			}],
		"sum_sent":	{
			"start":	0,
			"end":	25.0005,
			"seconds":	25.0005,
			"bytes":	311395856,
			"bits_per_second":	9.96445e+07,
			"retransmits":	16
		},
		"sum_received":	{
			"start":	0,
			"end":	25.0005,
			"seconds":	25.0005,
			"bytes":	311395856,
			"bits_per_second":	9.96445e+07
		},
		"cpu_utilization_percent":	{
			"host_total":	1.78354,
			"host_user":	0.122737,
			"host_system":	1.66079,
			"remote_total":	4.44004,
			"remote_user":	0.398773,
			"remote_system":	4.04128
		}
	}
}
