{
	"start":	{
		"connected":	[{
				"socket":	4,
				"local_host":	"10.0.0.1",
				"local_port":	51374,
				"remote_host":	"10.0.0.15",
				"remote_port":	2954
			}],
		"version":	"iperf 3.0.7",
		"system_info":	"Linux BS1 5.4.197-0504197-generic #202206060747 SMP Mon Jun 6 09:27:47 UTC 2022 x86_64 x86_64 x86_64 GNU/Linux\n",
		"timestamp":	{
			"time":	"Mon, 25 Jul 2022 21:42:11 GMT",
			"timesecs":	1658785331
		},
		"connecting_to":	{
			"host":	"10.0.0.15",
			"port":	2954
		},
		"cookie":	"BS1.1658785331.137994.2f98ec6c44a0fa",
		"test_start":	{
			"protocol":	"UDP",
			"num_streams":	1,
			"blksize":	8192,
			"omit":	0,
			"duration":	27,
			"bytes":	0,
			"blocks":	0,
			"reverse":	0
		}
	},
	"intervals":	[{
			"streams":	[{
					"socket":	4,
					"start":	0,
					"end":	1.00024,
					"seconds":	1.00024,
					"bytes":	2818048,
					"bits_per_second":	2.2539e+07,
					"packets":	344,
					"omitted":	false
				}],
			"sum":	{
				"start":	0,
				"end":	1.00024,
				"seconds":	1.00024,
				"bytes":	2818048,
				"bits_per_second":	2.2539e+07,
				"packets":	344,
				"omitted":	false
			}
		}, {
			"streams":	[{
					"socket":	4,
					"start":	1.00024,
					"end":	2.00047,
					"seconds":	1.00024,
					"bytes":	3129344,
					"bits_per_second":	2.50288e+07,
					"packets":	382,
					"omitted":	false
				}],
			"sum":	{
				"start":	1.00024,
				"end":	2.00047,
				"seconds":	1.00024,
				"bytes":	3129344,
				"bits_per_second":	2.50288e+07,
				"packets":	382,
				"omitted":	false
			}
		}, {
			"streams":	[{
					"socket":	4,
					"start":	2.00047,
					"end":	3.00055,
					"seconds":	1.00008,
					"bytes":	3121152,
					"bits_per_second":	2.49673e+07,
					"packets":	381,
					"omitted":	false
				}],
			"sum":	{
				"start":	2.00047,
				"end":	3.00055,
				"seconds":	1.00008,
				"bytes":	3121152,
				"bits_per_second":	2.49673e+07,
				"packets":	381,
				"omitted":	false
			}
		}, {
			"streams":	[{
					"socket":	4,
					"start":	3.00055,
					"end":	4.0008,
					"seconds":	1.00025,
					"bytes":	3129344,
					"bits_per_second":	2.50285e+07,
					"packets":	382,
					"omitted":	false
				}],
			"sum":	{
				"start":	3.00055,
				"end":	4.0008,
				"seconds":	1.00025,
				"bytes":	3129344,
				"bits_per_second":	2.50285e+07,
				"packets":	382,
				"omitted":	false
			}
		}, {
			"streams":	[{
					"socket":	4,
					"start":	4.0008,
					"end":	5.00012,
					"seconds":	0.999315,
					"bytes":	3121152,
					"bits_per_second":	2.49863e+07,
					"packets":	381,
					"omitted":	false
				}],
			"sum":	{
				"start":	4.0008,
				"end":	5.00012,
				"seconds":	0.999315,
				"bytes":	3121152,
				"bits_per_second":	2.49863e+07,
				"packets":	381,
				"omitted":	false
			}
		}, {
			"streams":	[{
					"socket":	4,
					"start":	5.00012,
					"end":	6.00047,
					"seconds":	1.00035,
					"bytes":	3129344,
					"bits_per_second":	2.5026e+07,
					"packets":	382,
					"omitted":	false
				}],
			"sum":	{
				"start":	5.00012,
				"end":	6.00047,
				"seconds":	1.00035,
				"bytes":	3129344,
				"bits_per_second":	2.5026e+07,
				"packets":	382,
				"omitted":	false
			}
		}, {
			"streams":	[{
					"socket":	4,
					"start":	6.00047,
					"end":	7.00058,
					"seconds":	1.00011,
					"bytes":	3121152,
					"bits_per_second":	2.49664e+07,
					"packets":	381,
					"omitted":	false
				}],
			"sum":	{
				"start":	6.00047,
				"end":	7.00058,
				"seconds":	1.00011,
				"bytes":	3121152,
				"bits_per_second":	2.49664e+07,
				"packets":	381,
				"omitted":	false
			}
		}, {
			"streams":	[{
					"socket":	4,
					"start":	7.00058,
					"end":	8.00035,
					"seconds":	0.999768,
					"bytes":	3121152,
					"bits_per_second":	2.4975e+07,
					"packets":	381,
					"omitted":	false
				}],
			"sum":	{
				"start":	7.00058,
				"end":	8.00035,
				"seconds":	0.999768,
				"bytes":	3121152,
				"bits_per_second":	2.4975e+07,
				"packets":	381,
				"omitted":	false
			}
		}, {
			"streams":	[{
					"socket":	4,
					"start":	8.00035,
					"end":	9.00037,
					"seconds":	1.00002,
					"bytes":	3129344,
					"bits_per_second":	2.50343e+07,
					"packets":	382,
					"omitted":	false
				}],
			"sum":	{
				"start":	8.00035,
				"end":	9.00037,
				"seconds":	1.00002,
				"bytes":	3129344,
				"bits_per_second":	2.50343e+07,
				"packets":	382,
				"omitted":	false
			}
		}, {
			"streams":	[{
					"socket":	4,
					"start":	9.00037,
					"end":	10.0005,
					"seconds":	1.00016,
					"bytes":	3129344,
					"bits_per_second":	2.50306e+07,
					"packets":	382,
					"omitted":	false
				}],
			"sum":	{
				"start":	9.00037,
				"end":	10.0005,
				"seconds":	1.00016,
				"bytes":	3129344,
				"bits_per_second":	2.50306e+07,
				"packets":	382,
				"omitted":	false
			}
		}, {
			"streams":	[{
					"socket":	4,
					"start":	10.0005,
					"end":	11.0003,
					"seconds":	0.999762,
					"bytes":	3121152,
					"bits_per_second":	2.49752e+07,
					"packets":	381,
					"omitted":	false
				}],
			"sum":	{
				"start":	10.0005,
				"end":	11.0003,
				"seconds":	0.999762,
				"bytes":	3121152,
				"bits_per_second":	2.49752e+07,
				"packets":	381,
				"omitted":	false
			}
		}, {
			"streams":	[{
					"socket":	4,
					"start":	11.0003,
					"end":	12.0006,
					"seconds":	1.00027,
					"bytes":	3121152,
					"bits_per_second":	2.49625e+07,
					"packets":	381,
					"omitted":	false
				}],
			"sum":	{
				"start":	11.0003,
				"end":	12.0006,
				"seconds":	1.00027,
				"bytes":	3121152,
				"bits_per_second":	2.49625e+07,
				"packets":	381,
				"omitted":	false
			}
		}, {
			"streams":	[{
					"socket":	4,
					"start":	12.0006,
					"end":	13.0004,
					"seconds":	0.999829,
					"bytes":	3129344,
					"bits_per_second":	2.5039e+07,
					"packets":	382,
					"omitted":	false
				}],
			"sum":	{
				"start":	12.0006,
				"end":	13.0004,
				"seconds":	0.999829,
				"bytes":	3129344,
				"bits_per_second":	2.5039e+07,
				"packets":	382,
				"omitted":	false
			}
		}, {
			"streams":	[{
					"socket":	4,
					"start":	13.0004,
					"end":	14.0004,
					"seconds":	1.00002,
					"bytes":	3121152,
					"bits_per_second":	2.49687e+07,
					"packets":	381,
					"omitted":	false
				}],
			"sum":	{
				"start":	13.0004,
				"end":	14.0004,
				"seconds":	1.00002,
				"bytes":	3121152,
				"bits_per_second":	2.49687e+07,
				"packets":	381,
				"omitted":	false
			}
		}, {
			"streams":	[{
					"socket":	4,
					"start":	14.0004,
					"end":	15.0006,
					"seconds":	1.00019,
					"bytes":	3129344,
					"bits_per_second":	2.503e+07,
					"packets":	382,
					"omitted":	false
				}],
			"sum":	{
				"start":	14.0004,
				"end":	15.0006,
				"seconds":	1.00019,
				"bytes":	3129344,
				"bits_per_second":	2.503e+07,
				"packets":	382,
				"omitted":	false
			}
		}, {
			"streams":	[{
					"socket":	4,
					"start":	15.0006,
					"end":	16.0005,
					"seconds":	0.99989,
					"bytes":	3121152,
					"bits_per_second":	2.4972e+07,
					"packets":	381,
					"omitted":	false
				}],
			"sum":	{
				"start":	15.0006,
				"end":	16.0005,
				"seconds":	0.99989,
				"bytes":	3121152,
				"bits_per_second":	2.4972e+07,
				"packets":	381,
				"omitted":	false
			}
		}, {
			"streams":	[{
					"socket":	4,
					"start":	16.0005,
					"end":	17.0003,
					"seconds":	0.999788,
					"bytes":	3129344,
					"bits_per_second":	2.50401e+07,
					"packets":	382,
					"omitted":	false
				}],
			"sum":	{
				"start":	16.0005,
				"end":	17.0003,
				"seconds":	0.999788,
				"bytes":	3129344,
				"bits_per_second":	2.50401e+07,
				"packets":	382,
				"omitted":	false
			}
		}, {
			"streams":	[{
					"socket":	4,
					"start":	17.0003,
					"end":	18.0006,
					"seconds":	1.00037,
					"bytes":	3121152,
					"bits_per_second":	2.49601e+07,
					"packets":	381,
					"omitted":	false
				}],
			"sum":	{
				"start":	17.0003,
				"end":	18.0006,
				"seconds":	1.00037,
				"bytes":	3121152,
				"bits_per_second":	2.49601e+07,
				"packets":	381,
				"omitted":	false
			}
		}, {
			"streams":	[{
					"socket":	4,
					"start":	18.0006,
					"end":	19.0002,
					"seconds":	0.999598,
					"bytes":	3129344,
					"bits_per_second":	2.50448e+07,
					"packets":	382,
					"omitted":	false
				}],
			"sum":	{
				"start":	18.0006,
				"end":	19.0002,
				"seconds":	0.999598,
				"bytes":	3129344,
				"bits_per_second":	2.50448e+07,
				"packets":	382,
				"omitted":	false
			}
		}, {
			"streams":	[{
					"socket":	4,
					"start":	19.0002,
					"end":	20.0009,
					"seconds":	1.00065,
					"bytes":	3121152,
					"bits_per_second":	2.49529e+07,
					"packets":	381,
					"omitted":	false
				}],
			"sum":	{
				"start":	19.0002,
				"end":	20.0009,
				"seconds":	1.00065,
				"bytes":	3121152,
				"bits_per_second":	2.49529e+07,
				"packets":	381,
				"omitted":	false
			}
		}, {
			"streams":	[{
					"socket":	4,
					"start":	20.0009,
					"end":	21.0006,
					"seconds":	0.99969,
					"bytes":	3129344,
					"bits_per_second":	2.50425e+07,
					"packets":	382,
					"omitted":	false
				}],
			"sum":	{
				"start":	20.0009,
				"end":	21.0006,
				"seconds":	0.99969,
				"bytes":	3129344,
				"bits_per_second":	2.50425e+07,
				"packets":	382,
				"omitted":	false
			}
		}, {
			"streams":	[{
					"socket":	4,
					"start":	21.0006,
					"end":	22.0003,
					"seconds":	0.999695,
					"bytes":	3137536,
					"bits_per_second":	2.51079e+07,
					"packets":	383,
					"omitted":	false
				}],
			"sum":	{
				"start":	21.0006,
				"end":	22.0003,
				"seconds":	0.999695,
				"bytes":	3137536,
				"bits_per_second":	2.51079e+07,
				"packets":	383,
				"omitted":	false
			}
		}, {
			"streams":	[{
					"socket":	4,
					"start":	22.0003,
					"end":	23.0007,
					"seconds":	1.00038,
					"bytes":	3112960,
					"bits_per_second":	2.48943e+07,
					"packets":	380,
					"omitted":	false
				}],
			"sum":	{
				"start":	22.0003,
				"end":	23.0007,
				"seconds":	1.00038,
				"bytes":	3112960,
				"bits_per_second":	2.48943e+07,
				"packets":	380,
				"omitted":	false
			}
		}, {
			"streams":	[{
					"socket":	4,
					"start":	23.0007,
					"end":	24.0002,
					"seconds":	0.999514,
					"bytes":	3121152,
					"bits_per_second":	2.49814e+07,
					"packets":	381,
					"omitted":	false
				}],
			"sum":	{
				"start":	23.0007,
				"end":	24.0002,
				"seconds":	0.999514,
				"bytes":	3121152,
				"bits_per_second":	2.49814e+07,
				"packets":	381,
				"omitted":	false
			}
		}, {
			"streams":	[{
					"socket":	4,
					"start":	24.0002,
					"end":	25.0005,
					"seconds":	1.00029,
					"bytes":	3129344,
					"bits_per_second":	2.50275e+07,
					"packets":	382,
					"omitted":	false
				}],
			"sum":	{
				"start":	24.0002,
				"end":	25.0005,
				"seconds":	1.00029,
				"bytes":	3129344,
				"bits_per_second":	2.50275e+07,
				"packets":	382,
				"omitted":	false
			}
		}, {
			"streams":	[{
					"socket":	4,
					"start":	25.0005,
					"end":	26.0002,
					"seconds":	0.999715,
					"bytes":	3121152,
					"bits_per_second":	2.49763e+07,
					"packets":	381,
					"omitted":	false
				}],
			"sum":	{
				"start":	25.0005,
				"end":	26.0002,
				"seconds":	0.999715,
				"bytes":	3121152,
				"bits_per_second":	2.49763e+07,
				"packets":	381,
				"omitted":	false
			}
		}, {
			"streams":	[{
					"socket":	4,
					"start":	26.0002,
					"end":	27.0002,
					"seconds":	0.999973,
					"bytes":	3129344,
					"bits_per_second":	2.50354e+07,
					"packets":	382,
					"omitted":	false
				}],
			"sum":	{
				"start":	26.0002,
				"end":	27.0002,
				"seconds":	0.999973,
				"bytes":	3129344,
				"bits_per_second":	2.50354e+07,
				"packets":	382,
				"omitted":	false
			}
		}],
	"end":	{
		"streams":	[{
				"udp":	{
					"socket":	4,
					"start":	0,
					"end":	27.0002,
					"seconds":	27.0002,
					"bytes":	84074496,
					"bits_per_second":	2.49108e+07,
					"jitter_ms":	0.709315,
					"lost_packets":	74,
					"packets":	10263,
					"lost_percent":	0.721037
				}
			}],
		"sum":	{
			"start":	0,
			"end":	27.0002,
			"seconds":	27.0002,
			"bytes":	84074496,
			"bits_per_second":	2.49108e+07,
			"jitter_ms":	0.709315,
			"lost_packets":	74,
			"packets":	10263,
			"lost_percent":	0.721037
		},
		"cpu_utilization_percent":	{
			"host_total":	1.30467,
			"host_user":	0.10389,
			"host_system":	1.20077,
			"remote_total":	1.89817,
			"remote_user":	0.101623,
			"remote_system":	1.79655
		}
	}
}
