{
	"start":	{
		"connected":	[{
				"socket":	4,
				"local_host":	"10.0.0.2",
				"local_port":	44614,
				"remote_host":	"10.0.0.13",
				"remote_port":	3934
			}],
		"version":	"iperf 3.0.7",
		"system_info":	"Linux H2 5.4.197-0504197-generic #202206060747 SMP Mon Jun 6 09:27:47 UTC 2022 x86_64 x86_64 x86_64 GNU/Linux\n",
		"timestamp":	{
			"time":	"Fri, 22 Jul 2022 09:30:07 GMT",
			"timesecs":	1658482207
		},
		"connecting_to":	{
			"host":	"10.0.0.13",
			"port":	3934
		},
		"cookie":	"H2.1658482207.534463.5443edc429a0d18",
		"tcp_mss_default":	1448,
		"test_start":	{
			"protocol":	"TCP",
			"num_streams":	1,
			"blksize":	131072,
			"omit":	0,
			"duration":	5,
			"bytes":	0,
			"blocks":	0,
			"reverse":	0
		}
	},
	"intervals":	[{
			"streams":	[{
					"socket":	4,
					"start":	0,
					"end":	1.00115,
					"seconds":	1.00115,
					"bytes":	1689400,
					"bits_per_second":	1.34997e+07,
					"retransmits":	0,
					"snd_cwnd":	92672,
					"omitted":	false
				}],
			"sum":	{
				"start":	0,
				"end":	1.00115,
				"seconds":	1.00115,
				"bytes":	1689400,
				"bits_per_second":	1.34997e+07,
				"retransmits":	0,
				"omitted":	false
			}
		}, {
			"streams":	[{
					"socket":	4,
					"start":	1.00115,
					"end":	2.001,
					"seconds":	0.999854,
					"bytes":	1966080,
					"bits_per_second":	1.57309e+07,
					"retransmits":	0,
					"snd_cwnd":	117288,
					"omitted":	false
				}],
			"sum":	{
				"start":	1.00115,
				"end":	2.001,
				"seconds":	0.999854,
				"bytes":	1966080,
				"bits_per_second":	1.57309e+07,
				"retransmits":	0,
				"omitted":	false
			}
		}, {
			"streams":	[{
					"socket":	4,
					"start":	2.001,
					"end":	3.00037,
					"seconds":	0.999366,
					"bytes":	1835008,
					"bits_per_second":	1.46894e+07,
					"retransmits":	0,
					"snd_cwnd":	134664,
					"omitted":	false
				}],
			"sum":	{
				"start":	2.001,
				"end":	3.00037,
				"seconds":	0.999366,
				"bytes":	1835008,
				"bits_per_second":	1.46894e+07,
				"retransmits":	0,
				"omitted":	false
			}
		}, {
			"streams":	[{
					"socket":	4,
					"start":	3.00037,
					"end":	4.00046,
					"seconds":	1.00009,
					"bytes":	1835008,
					"bits_per_second":	1.46787e+07,
					"retransmits":	0,
					"snd_cwnd":	170864,
					"omitted":	false
				}],
			"sum":	{
				"start":	3.00037,
				"end":	4.00046,
				"seconds":	1.00009,
				"bytes":	1835008,
				"bits_per_second":	1.46787e+07,
				"retransmits":	0,
				"omitted":	false
			}
		}, {
			"streams":	[{
					"socket":	4,
					"start":	4.00046,
					"end":	5.00072,
					"seconds":	1.00025,
					"bytes":	1966080,
					"bits_per_second":	1.57247e+07,
					"retransmits":	0,
					"snd_cwnd":	179552,
					"omitted":	false
				}],
			"sum":	{
				"start":	4.00046,
				"end":	5.00072,
				"seconds":	1.00025,
				"bytes":	1966080,
				"bits_per_second":	1.57247e+07,
				"retransmits":	0,
				"omitted":	false
			}
		}],
	"end":	{
		"streams":	[{
				"sender":	{
					"socket":	4,
					"start":	0,
					"end":	5.00072,
					"seconds":	5.00072,
					"bytes":	9291576,
					"bits_per_second":	1.48644e+07,
					"retransmits":	0
				},
				"receiver":	{
					"socket":	4,
					"start":	0,
					"end":	5.00072,
					"seconds":	5.00072,
					"bytes":	9291576,
					"bits_per_second":	1.48644e+07
				}
			}],
		"sum_sent":	{
			"start":	0,
			"end":	5.00072,
			"seconds":	5.00072,
			"bytes":	9291576,
			"bits_per_second":	1.48644e+07,
			"retransmits":	0
		},
		"sum_received":	{
			"start":	0,
			"end":	5.00072,
			"seconds":	5.00072,
			"bytes":	9291576,
			"bits_per_second":	1.48644e+07
		},
		"cpu_utilization_percent":	{
			"host_total":	0.399315,
			"host_user":	0,
			"host_system":	0.399235,
			"remote_total":	1.36057,
			"remote_user":	1.36051,
			"remote_system":	0
		}
	}
}
