{
	"start":	{
		"connected":	[{
				"socket":	4,
				"local_host":	"10.0.0.2",
				"local_port":	54460,
				"remote_host":	"10.0.0.21",
				"remote_port":	1054
			}],
		"version":	"iperf 3.0.7",
		"system_info":	"Linux BS2 5.4.197-0504197-generic #202206060747 SMP Mon Jun 6 09:27:47 UTC 2022 x86_64 x86_64 x86_64 GNU/Linux\n",
		"timestamp":	{
			"time":	"Mon, 25 Jul 2022 21:50:36 GMT",
			"timesecs":	1658785836
		},
		"connecting_to":	{
			"host":	"10.0.0.21",
			"port":	1054
		},
		"cookie":	"BS2.1658785836.832417.59112bd8389b3d",
		"test_start":	{
			"protocol":	"UDP",
			"num_streams":	1,
			"blksize":	8192,
			"omit":	0,
			"duration":	1,
			"bytes":	0,
			"blocks":	0,
			"reverse":	0
		}
	},
	"intervals":	[{
			"streams":	[{
					"socket":	4,
					"start":	0,
					"end":	1.00046,
					"seconds":	1.00046,
					"bytes":	2826240,
					"bits_per_second":	2.25995e+07,
					"packets":	345,
					"omitted":	false
				}],
			"sum":	{
				"start":	0,
				"end":	1.00046,
				"seconds":	1.00046,
				"bytes":	2826240,
				"bits_per_second":	2.25995e+07,
				"packets":	345,
				"omitted":	false
			}
		}],
	"end":	{
		"streams":	[{
				"udp":	{
					"socket":	4,
					"start":	0,
					"end":	1.00046,
					"seconds":	1.00046,
					"bytes":	2826240,
					"bits_per_second":	2.25995e+07,
					"jitter_ms":	0.698241,
					"lost_packets":	0,
					"packets":	345,
					"lost_percent":	0
				}
			}],
		"sum":	{
			"start":	0,
			"end":	1.00046,
			"seconds":	1.00046,
			"bytes":	2826240,
			"bits_per_second":	2.25995e+07,
			"jitter_ms":	0.698241,
			"lost_packets":	0,
			"packets":	345,
			"lost_percent":	0
		},
		"cpu_utilization_percent":	{
			"host_total":	3.46863,
			"host_user":	0.811984,
			"host_system":	2.65646,
			"remote_total":	1.30205,
			"remote_user":	0,
			"remote_system":	1.3018
		}
	}
}
