{
	"start":	{
		"connected":	[{
				"socket":	4,
				"local_host":	"10.0.0.6",
				"local_port":	52779,
				"remote_host":	"10.0.0.10",
				"remote_port":	2076
			}],
		"version":	"iperf 3.0.7",
		"system_info":	"Linux BS6 5.4.197-0504197-generic #202206060747 SMP Mon Jun 6 09:27:47 UTC 2022 x86_64 x86_64 x86_64 GNU/Linux\n",
		"timestamp":	{
			"time":	"Mon, 25 Jul 2022 21:43:43 GMT",
			"timesecs":	1658785423
		},
		"connecting_to":	{
			"host":	"10.0.0.10",
			"port":	2076
		},
		"cookie":	"BS6.1658785423.215612.2ae8c3572401e4",
		"test_start":	{
			"protocol":	"UDP",
			"num_streams":	1,
			"blksize":	8192,
			"omit":	0,
			"duration":	6,
			"bytes":	0,
			"blocks":	0,
			"reverse":	0
		}
	},
	"intervals":	[{
			"streams":	[{
					"socket":	4,
					"start":	0,
					"end":	1.00211,
					"seconds":	1.00211,
					"bytes":	23068672,
					"bits_per_second":	1.8416e+08,
					"packets":	2816,
					"omitted":	false
				}],
			"sum":	{
				"start":	0,
				"end":	1.00211,
				"seconds":	1.00211,
				"bytes":	23068672,
				"bits_per_second":	1.8416e+08,
				"packets":	2816,
				"omitted":	false
			}
		}, {
			"streams":	[{
					"socket":	4,
					"start":	1.00211,
					"end":	2.00034,
					"seconds":	0.998223,
					"bytes":	25411584,
					"bits_per_second":	2.03655e+08,
					"packets":	3102,
					"omitted":	false
				}],
			"sum":	{
				"start":	1.00211,
				"end":	2.00034,
				"seconds":	0.998223,
				"bytes":	25411584,
				"bits_per_second":	2.03655e+08,
				"packets":	3102,
				"omitted":	false
			}
		}, {
			"streams":	[{
					"socket":	4,
					"start":	2.00034,
					"end":	3.00052,
					"seconds":	1.00018,
					"bytes":	24371200,
					"bits_per_second":	1.94934e+08,
					"packets":	2975,
					"omitted":	false
				}],
			"sum":	{
				"start":	2.00034,
				"end":	3.00052,
				"seconds":	1.00018,
				"bytes":	24371200,
				"bits_per_second":	1.94934e+08,
				"packets":	2975,
				"omitted":	false
			}
		}, {
			"streams":	[{
					"socket":	4,
					"start":	3.00052,
					"end":	4.00011,
					"seconds":	0.999588,
					"bytes":	26214400,
					"bits_per_second":	2.09802e+08,
					"packets":	3200,
					"omitted":	false
				}],
			"sum":	{
				"start":	3.00052,
				"end":	4.00011,
				"seconds":	0.999588,
				"bytes":	26214400,
				"bits_per_second":	2.09802e+08,
				"packets":	3200,
				"omitted":	false
			}
		}, {
			"streams":	[{
					"socket":	4,
					"start":	4.00011,
					"end":	5.00019,
					"seconds":	1.00008,
					"bytes":	24772608,
					"bits_per_second":	1.98164e+08,
					"packets":	3024,
					"omitted":	false
				}],
			"sum":	{
				"start":	4.00011,
				"end":	5.00019,
				"seconds":	1.00008,
				"bytes":	24772608,
				"bits_per_second":	1.98164e+08,
				"packets":	3024,
				"omitted":	false
			}
		}, {
			"streams":	[{
					"socket":	4,
					"start":	5.00019,
					"end":	6.0003,
					"seconds":	1.00011,
					"bytes":	24215552,
					"bits_per_second":	1.93703e+08,
					"packets":	2956,
					"omitted":	false
				}],
			"sum":	{
				"start":	5.00019,
				"end":	6.0003,
				"seconds":	1.00011,
				"bytes":	24215552,
				"bits_per_second":	1.93703e+08,
				"packets":	2956,
				"omitted":	false
			}
		}],
	"end":	{
		"streams":	[{
				"udp":	{
					"socket":	4,
					"start":	0,
					"end":	6.0003,
					"seconds":	6.0003,
					"bytes":	148054016,
					"bits_per_second":	1.97395e+08,
					"jitter_ms":	0.652837,
					"lost_packets":	573,
					"packets":	2422,
					"lost_percent":	23.6581
				}
			}],
		"sum":	{
			"start":	0,
			"end":	6.0003,
			"seconds":	6.0003,
			"bytes":	148054016,
			"bits_per_second":	1.97395e+08,
			"jitter_ms":	0.652837,
			"lost_packets":	573,
			"packets":	2422,
			"lost_percent":	23.6581
		},
		"cpu_utilization_percent":	{
			"host_total":	32.7838,
			"host_user":	1.16972,
			"host_system":	31.6139,
			"remote_total":	1.8622,
			"remote_user":	0,
			"remote_system":	1.86215
		}
	}
}
