{
	"start":	{
		"connected":	[{
				"socket":	5,
				"local_host":	"10.0.0.4",
				"local_port":	56024,
				"remote_host":	"10.0.0.8",
				"remote_port":	3350
			}],
		"version":	"iperf 3.7",
		"system_info":	"Linux H4 5.4.197-0504197-generic #202206060747 SMP Mon Jun 6 09:27:47 UTC 2022 x86_64",
		"timestamp":	{
			"time":	"Mon, 01 Aug 2022 00:23:11 GMT",
			"timesecs":	1659313391
		},
		"connecting_to":	{
			"host":	"10.0.0.8",
			"port":	3350
		},
		"cookie":	"7vhsejpntv7fyiiy3i6ikp7caryjq2gpyhsc",
		"tcp_mss_default":	1448,
		"target_bitrate":	15000000,
		"sock_bufsize":	0,
		"sndbuf_actual":	87380,
		"rcvbuf_actual":	87380,
		"test_start":	{
			"protocol":	"TCP",
			"num_streams":	1,
			"blksize":	131072,
			"omit":	0,
			"duration":	5,
			"bytes":	0,
			"blocks":	0,
			"reverse":	0,
			"tos":	0
		}
	},
	"intervals":	[{
			"streams":	[{
					"socket":	5,
					"start":	0,
					"end":	1.001059,
					"seconds":	1.0010590553283691,
					"bytes":	1966080,
					"bits_per_second":	15712000.122550877,
					"retransmits":	0,
					"snd_cwnd":	86880,
					"rtt":	4006,
					"rttvar":	1689,
					"pmtu":	1500,
					"omitted":	false,
					"sender":	true
				}],
			"sum":	{
				"start":	0,
				"end":	1.001059,
				"seconds":	1.0010590553283691,
				"bytes":	1966080,
				"bits_per_second":	15712000.122550877,
				"retransmits":	0,
				"omitted":	false,
				"sender":	true
			}
		}, {
			"streams":	[{
					"socket":	5,
					"start":	1.001059,
					"end":	2.000905,
					"seconds":	0.99984598159790039,
					"bytes":	1835008,
					"bits_per_second":	14682325.348289249,
					"retransmits":	0,
					"snd_cwnd":	92672,
					"rtt":	4617,
					"rttvar":	1910,
					"pmtu":	1500,
					"omitted":	false,
					"sender":	true
				}],
			"sum":	{
				"start":	1.001059,
				"end":	2.000905,
				"seconds":	0.99984598159790039,
				"bytes":	1835008,
				"bits_per_second":	14682325.348289249,
				"retransmits":	0,
				"omitted":	false,
				"sender":	true
			}
		}, {
			"streams":	[{
					"socket":	5,
					"start":	2.000905,
					"end":	3.000438,
					"seconds":	0.99953299760818481,
					"bytes":	1835008,
					"bits_per_second":	14686922.828089124,
					"retransmits":	0,
					"snd_cwnd":	98464,
					"rtt":	4250,
					"rttvar":	1641,
					"pmtu":	1500,
					"omitted":	false,
					"sender":	true
				}],
			"sum":	{
				"start":	2.000905,
				"end":	3.000438,
				"seconds":	0.99953299760818481,
				"bytes":	1835008,
				"bits_per_second":	14686922.828089124,
				"retransmits":	0,
				"omitted":	false,
				"sender":	true
			}
		}, {
			"streams":	[{
					"socket":	5,
					"start":	3.000438,
					"end":	4.00088,
					"seconds":	1.0004420280456543,
					"bytes":	1966080,
					"bits_per_second":	15721690.571842147,
					"retransmits":	0,
					"snd_cwnd":	98464,
					"rtt":	4316,
					"rttvar":	1654,
					"pmtu":	1500,
					"omitted":	false,
					"sender":	true
				}],
			"sum":	{
				"start":	3.000438,
				"end":	4.00088,
				"seconds":	1.0004420280456543,
				"bytes":	1966080,
				"bits_per_second":	15721690.571842147,
				"retransmits":	0,
				"omitted":	false,
				"sender":	true
			}
		}, {
			"streams":	[{
					"socket":	5,
					"start":	4.00088,
					"end":	5.001584,
					"seconds":	1.0007040500640869,
					"bytes":	1835008,
					"bits_per_second":	14669735.771589873,
					"retransmits":	0,
					"snd_cwnd":	98464,
					"rtt":	4044,
					"rttvar":	1215,
					"pmtu":	1500,
					"omitted":	false,
					"sender":	true
				}],
			"sum":	{
				"start":	4.00088,
				"end":	5.001584,
				"seconds":	1.0007040500640869,
				"bytes":	1835008,
				"bits_per_second":	14669735.771589873,
				"retransmits":	0,
				"omitted":	false,
				"sender":	true
			}
		}],
	"end":	{
		"streams":	[{
				"sender":	{
					"socket":	5,
					"start":	0,
					"end":	5.001584,
					"seconds":	5.001584,
					"bytes":	9437184,
					"bits_per_second":	15094712.395113228,
					"retransmits":	0,
					"max_snd_cwnd":	98464,
					"max_rtt":	4617,
					"min_rtt":	4006,
					"mean_rtt":	4246,
					"sender":	true
				},
				"receiver":	{
					"socket":	5,
					"start":	0,
					"end":	5.00179,
					"seconds":	5.001584,
					"bytes":	9437184,
					"bits_per_second":	15094090.715523843,
					"sender":	true
				}
			}],
		"sum_sent":	{
			"start":	0,
			"end":	5.001584,
			"seconds":	5.001584,
			"bytes":	9437184,
			"bits_per_second":	15094712.395113228,
			"retransmits":	0,
			"sender":	true
		},
		"sum_received":	{
			"start":	0,
			"end":	5.00179,
			"seconds":	5.00179,
			"bytes":	9437184,
			"bits_per_second":	15094090.715523843,
			"sender":	true
		},
		"cpu_utilization_percent":	{
			"host_total":	4.4841218581404876,
			"host_user":	0.65346930183380458,
			"host_system":	3.8306724906986127,
			"remote_total":	1.2185785732885386,
			"remote_user":	0,
			"remote_system":	1.2185785732885386
		},
		"sender_tcp_congestion":	"cubic",
		"receiver_tcp_congestion":	"cubic"
	}
}
