{
	"start":	{
		"connected":	[{
				"socket":	4,
				"local_host":	"10.0.0.3",
				"local_port":	56178,
				"remote_host":	"10.0.0.9",
				"remote_port":	2256
			}],
		"version":	"iperf 3.0.7",
		"system_info":	"Linux H3 5.4.197-0504197-generic #202206060747 SMP Mon Jun 6 09:27:47 UTC 2022 x86_64 x86_64 x86_64 GNU/Linux\n",
		"timestamp":	{
			"time":	"Fri, 22 Jul 2022 16:22:55 GMT",
			"timesecs":	1658506975
		},
		"connecting_to":	{
			"host":	"10.0.0.9",
			"port":	2256
		},
		"cookie":	"H3.1658506975.195657.3e0b248a4d833b6",
		"tcp_mss_default":	1448,
		"test_start":	{
			"protocol":	"TCP",
			"num_streams":	1,
			"blksize":	131072,
			"omit":	0,
			"duration":	5,
			"bytes":	0,
			"blocks":	0,
			"reverse":	0
		}
	},
	"intervals":	[{
			"streams":	[{
					"socket":	4,
					"start":	0,
					"end":	1.00099,
					"seconds":	1.00099,
					"bytes":	1702432,
					"bits_per_second":	1.36061e+07,
					"retransmits":	0,
					"snd_cwnd":	94120,
					"omitted":	false
				}],
			"sum":	{
				"start":	0,
				"end":	1.00099,
				"seconds":	1.00099,
				"bytes":	1702432,
				"bits_per_second":	1.36061e+07,
				"retransmits":	0,
				"omitted":	false
			}
		}, {
			"streams":	[{
					"socket":	4,
					"start":	1.00099,
					"end":	2.00022,
					"seconds":	0.999234,
					"bytes":	1966080,
					"bits_per_second":	1.57407e+07,
					"retransmits":	0,
					"snd_cwnd":	131768,
					"omitted":	false
				}],
			"sum":	{
				"start":	1.00099,
				"end":	2.00022,
				"seconds":	0.999234,
				"bytes":	1966080,
				"bits_per_second":	1.57407e+07,
				"retransmits":	0,
				"omitted":	false
			}
		}, {
			"streams":	[{
					"socket":	4,
					"start":	2.00022,
					"end":	3.00071,
					"seconds":	1.00049,
					"bytes":	1835008,
					"bits_per_second":	1.46729e+07,
					"retransmits":	0,
					"snd_cwnd":	162176,
					"omitted":	false
				}],
			"sum":	{
				"start":	2.00022,
				"end":	3.00071,
				"seconds":	1.00049,
				"bytes":	1835008,
				"bits_per_second":	1.46729e+07,
				"retransmits":	0,
				"omitted":	false
			}
		}, {
			"streams":	[{
					"socket":	4,
					"start":	3.00071,
					"end":	4.00047,
					"seconds":	0.999757,
					"bytes":	1835008,
					"bits_per_second":	1.46836e+07,
					"retransmits":	0,
					"snd_cwnd":	191136,
					"omitted":	false
				}],
			"sum":	{
				"start":	3.00071,
				"end":	4.00047,
				"seconds":	0.999757,
				"bytes":	1835008,
				"bits_per_second":	1.46836e+07,
				"retransmits":	0,
				"omitted":	false
			}
		}, {
			"streams":	[{
					"socket":	4,
					"start":	4.00047,
					"end":	5.0002,
					"seconds":	0.999732,
					"bytes":	1966080,
					"bits_per_second":	1.57329e+07,
					"retransmits":	0,
					"snd_cwnd":	191136,
					"omitted":	false
				}],
			"sum":	{
				"start":	4.00047,
				"end":	5.0002,
				"seconds":	0.999732,
				"bytes":	1966080,
				"bits_per_second":	1.57329e+07,
				"retransmits":	0,
				"omitted":	false
			}
		}],
	"end":	{
		"streams":	[{
				"sender":	{
					"socket":	4,
					"start":	0,
					"end":	5.0002,
					"seconds":	5.0002,
					"bytes":	9304608,
					"bits_per_second":	1.48868e+07,
					"retransmits":	0
				},
				"receiver":	{
					"socket":	4,
					"start":	0,
					"end":	5.0002,
					"seconds":	5.0002,
					"bytes":	9304608,
					"bits_per_second":	1.48868e+07
				}
			}],
		"sum_sent":	{
			"start":	0,
			"end":	5.0002,
			"seconds":	5.0002,
			"bytes":	9304608,
			"bits_per_second":	1.48868e+07,
			"retransmits":	0
		},
		"sum_received":	{
			"start":	0,
			"end":	5.0002,
			"seconds":	5.0002,
			"bytes":	9304608,
			"bits_per_second":	1.48868e+07
		},
		"cpu_utilization_percent":	{
			"host_total":	0.419627,
			"host_user":	0,
			"host_system":	0.419627,
			"remote_total":	1.36045,
			"remote_user":	0.282089,
			"remote_system":	1.07834
		}
	}
}
