{
	"start":	{
		"connected":	[{
				"socket":	4,
				"local_host":	"10.0.0.1",
				"local_port":	50982,
				"remote_host":	"10.0.0.18",
				"remote_port":	3928
			}],
		"version":	"iperf 3.0.7",
		"system_info":	"Linux BS1 5.4.197-0504197-generic #202206060747 SMP Mon Jun 6 09:27:47 UTC 2022 x86_64 x86_64 x86_64 GNU/Linux\n",
		"timestamp":	{
			"time":	"Mon, 25 Jul 2022 21:45:56 GMT",
			"timesecs":	1658785556
		},
		"connecting_to":	{
			"host":	"10.0.0.18",
			"port":	3928
		},
		"cookie":	"BS1.1658785556.578858.06c1eec45ba3af",
		"tcp_mss_default":	1448,
		"test_start":	{
			"protocol":	"TCP",
			"num_streams":	1,
			"blksize":	131072,
			"omit":	0,
			"duration":	10,
			"bytes":	0,
			"blocks":	0,
			"reverse":	0
		}
	},
	"intervals":	[{
			"streams":	[{
					"socket":	4,
					"start":	0,
					"end":	1.00029,
					"seconds":	1.00029,
					"bytes":	5735952,
					"bits_per_second":	4.58745e+07,
					"retransmits":	0,
					"snd_cwnd":	797848,
					"omitted":	false
				}],
			"sum":	{
				"start":	0,
				"end":	1.00029,
				"seconds":	1.00029,
				"bytes":	5735952,
				"bits_per_second":	4.58745e+07,
				"retransmits":	0,
				"omitted":	false
			}
		}, {
			"streams":	[{
					"socket":	4,
					"start":	1.00029,
					"end":	2.00054,
					"seconds":	1.00026,
					"bytes":	6160384,
					"bits_per_second":	4.92705e+07,
					"retransmits":	0,
					"snd_cwnd":	797848,
					"omitted":	false
				}],
			"sum":	{
				"start":	1.00029,
				"end":	2.00054,
				"seconds":	1.00026,
				"bytes":	6160384,
				"bits_per_second":	4.92705e+07,
				"retransmits":	0,
				"omitted":	false
			}
		}, {
			"streams":	[{
					"socket":	4,
					"start":	2.00054,
					"end":	3.00065,
					"seconds":	1.00011,
					"bytes":	6291456,
					"bits_per_second":	5.03261e+07,
					"retransmits":	0,
					"snd_cwnd":	797848,
					"omitted":	false
				}],
			"sum":	{
				"start":	2.00054,
				"end":	3.00065,
				"seconds":	1.00011,
				"bytes":	6291456,
				"bits_per_second":	5.03261e+07,
				"retransmits":	0,
				"omitted":	false
			}
		}, {
			"streams":	[{
					"socket":	4,
					"start":	3.00065,
					"end":	4.00022,
					"seconds":	0.999567,
					"bytes":	6291456,
					"bits_per_second":	5.03534e+07,
					"retransmits":	0,
					"snd_cwnd":	797848,
					"omitted":	false
				}],
			"sum":	{
				"start":	3.00065,
				"end":	4.00022,
				"seconds":	0.999567,
				"bytes":	6291456,
				"bits_per_second":	5.03534e+07,
				"retransmits":	0,
				"omitted":	false
			}
		}, {
			"streams":	[{
					"socket":	4,
					"start":	4.00022,
					"end":	5.00018,
					"seconds":	0.999963,
					"bytes":	6160384,
					"bits_per_second":	4.92849e+07,
					"retransmits":	0,
					"snd_cwnd":	797848,
					"omitted":	false
				}],
			"sum":	{
				"start":	4.00022,
				"end":	5.00018,
				"seconds":	0.999963,
				"bytes":	6160384,
				"bits_per_second":	4.92849e+07,
				"retransmits":	0,
				"omitted":	false
			}
		}, {
			"streams":	[{
					"socket":	4,
					"start":	5.00018,
					"end":	6.00061,
					"seconds":	1.00043,
					"bytes":	6291456,
					"bits_per_second":	5.031e+07,
					"retransmits":	0,
					"snd_cwnd":	797848,
					"omitted":	false
				}],
			"sum":	{
				"start":	5.00018,
				"end":	6.00061,
				"seconds":	1.00043,
				"bytes":	6291456,
				"bits_per_second":	5.031e+07,
				"retransmits":	0,
				"omitted":	false
			}
		}, {
			"streams":	[{
					"socket":	4,
					"start":	6.00061,
					"end":	7.0006,
					"seconds":	0.999986,
					"bytes":	6291456,
					"bits_per_second":	5.03324e+07,
					"retransmits":	0,
					"snd_cwnd":	797848,
					"omitted":	false
				}],
			"sum":	{
				"start":	6.00061,
				"end":	7.0006,
				"seconds":	0.999986,
				"bytes":	6291456,
				"bits_per_second":	5.03324e+07,
				"retransmits":	0,
				"omitted":	false
			}
		}, {
			"streams":	[{
					"socket":	4,
					"start":	7.0006,
					"end":	8.0006,
					"seconds":	1.00001,
					"bytes":	6160384,
					"bits_per_second":	4.92828e+07,
					"retransmits":	0,
					"snd_cwnd":	797848,
					"omitted":	false
				}],
			"sum":	{
				"start":	7.0006,
				"end":	8.0006,
				"seconds":	1.00001,
				"bytes":	6160384,
				"bits_per_second":	4.92828e+07,
				"retransmits":	0,
				"omitted":	false
			}
		}, {
			"streams":	[{
					"socket":	4,
					"start":	8.0006,
					"end":	9.00058,
					"seconds":	0.999977,
					"bytes":	6291456,
					"bits_per_second":	5.03328e+07,
					"retransmits":	0,
					"snd_cwnd":	797848,
					"omitted":	false
				}],
			"sum":	{
				"start":	8.0006,
				"end":	9.00058,
				"seconds":	0.999977,
				"bytes":	6291456,
				"bits_per_second":	5.03328e+07,
				"retransmits":	0,
				"omitted":	false
			}
		}, {
			"streams":	[{
					"socket":	4,
					"start":	9.00058,
					"end":	10.0006,
					"seconds":	1.00001,
					"bytes":	6291456,
					"bits_per_second":	5.03312e+07,
					"retransmits":	0,
					"snd_cwnd":	797848,
					"omitted":	false
				}],
			"sum":	{
				"start":	9.00058,
				"end":	10.0006,
				"seconds":	1.00001,
				"bytes":	6291456,
				"bits_per_second":	5.03312e+07,
				"retransmits":	0,
				"omitted":	false
			}
		}],
	"end":	{
		"streams":	[{
				"sender":	{
					"socket":	4,
					"start":	0,
					"end":	10.0006,
					"seconds":	10.0006,
					"bytes":	61965840,
					"bits_per_second":	4.95698e+07,
					"retransmits":	0
				},
				"receiver":	{
					"socket":	4,
					"start":	0,
					"end":	10.0006,
					"seconds":	10.0006,
					"bytes":	61965840,
					"bits_per_second":	4.95698e+07
				}
			}],
		"sum_sent":	{
			"start":	0,
			"end":	10.0006,
			"seconds":	10.0006,
			"bytes":	61965840,
			"bits_per_second":	4.95698e+07,
			"retransmits":	0
		},
		"sum_received":	{
			"start":	0,
			"end":	10.0006,
			"seconds":	10.0006,
			"bytes":	61965840,
			"bits_per_second":	4.95698e+07
		},
		"cpu_utilization_percent":	{
			"host_total":	1.3512,
			"host_user":	0.211759,
			"host_system":	1.13942,
			"remote_total":	2.39693,
			"remote_user":	0.109163,
			"remote_system":	2.28775
		}
	}
}
