{
	"start":	{
		"connected":	[{
				"socket":	4,
				"local_host":	"10.0.0.1",
				"local_port":	56610,
				"remote_host":	"10.0.0.21",
				"remote_port":	3032
			}],
		"version":	"iperf 3.0.7",
		"system_info":	"Linux BS1 5.4.197-0504197-generic #202206060747 SMP Mon Jun 6 09:27:47 UTC 2022 x86_64 x86_64 x86_64 GNU/Linux\n",
		"timestamp":	{
			"time":	"Mon, 25 Jul 2022 21:48:12 GMT",
			"timesecs":	1658785692
		},
		"connecting_to":	{
			"host":	"10.0.0.21",
			"port":	3032
		},
		"cookie":	"BS1.1658785692.156085.291223106ba6fd",
		"tcp_mss_default":	1448,
		"test_start":	{
			"protocol":	"TCP",
			"num_streams":	1,
			"blksize":	131072,
			"omit":	0,
			"duration":	30,
			"bytes":	0,
			"blocks":	0,
			"reverse":	0
		}
	},
	"intervals":	[{
			"streams":	[{
					"socket":	4,
					"start":	0,
					"end":	1.00084,
					"seconds":	1.00084,
					"bytes":	3661272,
					"bits_per_second":	2.92655e+07,
					"retransmits":	0,
					"snd_cwnd":	217200,
					"omitted":	false
				}],
			"sum":	{
				"start":	0,
				"end":	1.00084,
				"seconds":	1.00084,
				"bytes":	3661272,
				"bits_per_second":	2.92655e+07,
				"retransmits":	0,
				"omitted":	false
			}
		}, {
			"streams":	[{
					"socket":	4,
					"start":	1.00084,
					"end":	2.00139,
					"seconds":	1.00055,
					"bytes":	6422528,
					"bits_per_second":	5.13522e+07,
					"retransmits":	11,
					"snd_cwnd":	264984,
					"omitted":	false
				}],
			"sum":	{
				"start":	1.00084,
				"end":	2.00139,
				"seconds":	1.00055,
				"bytes":	6422528,
				"bits_per_second":	5.13522e+07,
				"retransmits":	11,
				"omitted":	false
			}
		}, {
			"streams":	[{
					"socket":	4,
					"start":	2.00139,
					"end":	3.00003,
					"seconds":	0.998645,
					"bytes":	6422528,
					"bits_per_second":	5.14499e+07,
					"retransmits":	0,
					"snd_cwnd":	282360,
					"omitted":	false
				}],
			"sum":	{
				"start":	2.00139,
				"end":	3.00003,
				"seconds":	0.998645,
				"bytes":	6422528,
				"bits_per_second":	5.14499e+07,
				"retransmits":	0,
				"omitted":	false
			}
		}, {
			"streams":	[{
					"socket":	4,
					"start":	3.00003,
					"end":	4.00151,
					"seconds":	1.00147,
					"bytes":	7077888,
					"bits_per_second":	5.65398e+07,
					"retransmits":	0,
					"snd_cwnd":	301184,
					"omitted":	false
				}],
			"sum":	{
				"start":	3.00003,
				"end":	4.00151,
				"seconds":	1.00147,
				"bytes":	7077888,
				"bits_per_second":	5.65398e+07,
				"retransmits":	0,
				"omitted":	false
			}
		}, {
			"streams":	[{
					"socket":	4,
					"start":	4.00151,
					"end":	5.00031,
					"seconds":	0.998798,
					"bytes":	7208960,
					"bits_per_second":	5.77411e+07,
					"retransmits":	6,
					"snd_cwnd":	318560,
					"omitted":	false
				}],
			"sum":	{
				"start":	4.00151,
				"end":	5.00031,
				"seconds":	0.998798,
				"bytes":	7208960,
				"bits_per_second":	5.77411e+07,
				"retransmits":	6,
				"omitted":	false
			}
		}, {
			"streams":	[{
					"socket":	4,
					"start":	5.00031,
					"end":	6.0046,
					"seconds":	1.00429,
					"bytes":	6160384,
					"bits_per_second":	4.90725e+07,
					"retransmits":	0,
					"snd_cwnd":	333040,
					"omitted":	false
				}],
			"sum":	{
				"start":	5.00031,
				"end":	6.0046,
				"seconds":	1.00429,
				"bytes":	6160384,
				"bits_per_second":	4.90725e+07,
				"retransmits":	0,
				"omitted":	false
			}
		}, {
			"streams":	[{
					"socket":	4,
					"start":	6.0046,
					"end":	7.00111,
					"seconds":	0.996509,
					"bytes":	6291456,
					"bits_per_second":	5.0508e+07,
					"retransmits":	0,
					"snd_cwnd":	347520,
					"omitted":	false
				}],
			"sum":	{
				"start":	6.0046,
				"end":	7.00111,
				"seconds":	0.996509,
				"bytes":	6291456,
				"bits_per_second":	5.0508e+07,
				"retransmits":	0,
				"omitted":	false
			}
		}, {
			"streams":	[{
					"socket":	4,
					"start":	7.00111,
					"end":	8.00554,
					"seconds":	1.00444,
					"bytes":	6160384,
					"bits_per_second":	4.90654e+07,
					"retransmits":	22,
					"snd_cwnd":	359104,
					"omitted":	false
				}],
			"sum":	{
				"start":	7.00111,
				"end":	8.00554,
				"seconds":	1.00444,
				"bytes":	6160384,
				"bits_per_second":	4.90654e+07,
				"retransmits":	22,
				"omitted":	false
			}
		}, {
			"streams":	[{
					"socket":	4,
					"start":	8.00554,
					"end":	9.02028,
					"seconds":	1.01473,
					"bytes":	6422528,
					"bits_per_second":	5.06341e+07,
					"retransmits":	0,
					"snd_cwnd":	372136,
					"omitted":	false
				}],
			"sum":	{
				"start":	8.00554,
				"end":	9.02028,
				"seconds":	1.01473,
				"bytes":	6422528,
				"bits_per_second":	5.06341e+07,
				"retransmits":	0,
				"omitted":	false
			}
		}, {
			"streams":	[{
					"socket":	4,
					"start":	9.02028,
					"end":	10.0009,
					"seconds":	0.980648,
					"bytes":	6160384,
					"bits_per_second":	5.02556e+07,
					"retransmits":	0,
					"snd_cwnd":	382272,
					"omitted":	false
				}],
			"sum":	{
				"start":	9.02028,
				"end":	10.0009,
				"seconds":	0.980648,
				"bytes":	6160384,
				"bits_per_second":	5.02556e+07,
				"retransmits":	0,
				"omitted":	false
			}
		}, {
			"streams":	[{
					"socket":	4,
					"start":	10.0009,
					"end":	11.0075,
					"seconds":	1.0066,
					"bytes":	6291456,
					"bits_per_second":	5.00017e+07,
					"retransmits":	0,
					"snd_cwnd":	390960,
					"omitted":	false
				}],
			"sum":	{
				"start":	10.0009,
				"end":	11.0075,
				"seconds":	1.0066,
				"bytes":	6291456,
				"bits_per_second":	5.00017e+07,
				"retransmits":	0,
				"omitted":	false
			}
		}, {
			"streams":	[{
					"socket":	4,
					"start":	11.0075,
					"end":	12.0012,
					"seconds":	0.993648,
					"bytes":	6160384,
					"bits_per_second":	4.95981e+07,
					"retransmits":	0,
					"snd_cwnd":	402544,
					"omitted":	false
				}],
			"sum":	{
				"start":	11.0075,
				"end":	12.0012,
				"seconds":	0.993648,
				"bytes":	6160384,
				"bits_per_second":	4.95981e+07,
				"retransmits":	0,
				"omitted":	false
			}
		}, {
			"streams":	[{
					"socket":	4,
					"start":	12.0012,
					"end":	13.0013,
					"seconds":	1.0001,
					"bytes":	6291456,
					"bits_per_second":	5.03265e+07,
					"retransmits":	0,
					"snd_cwnd":	411232,
					"omitted":	false
				}],
			"sum":	{
				"start":	12.0012,
				"end":	13.0013,
				"seconds":	1.0001,
				"bytes":	6291456,
				"bits_per_second":	5.03265e+07,
				"retransmits":	0,
				"omitted":	false
			}
		}, {
			"streams":	[{
					"socket":	4,
					"start":	13.0013,
					"end":	14.0002,
					"seconds":	0.998921,
					"bytes":	6291456,
					"bits_per_second":	5.0386e+07,
					"retransmits":	0,
					"snd_cwnd":	422816,
					"omitted":	false
				}],
			"sum":	{
				"start":	13.0013,
				"end":	14.0002,
				"seconds":	0.998921,
				"bytes":	6291456,
				"bits_per_second":	5.0386e+07,
				"retransmits":	0,
				"omitted":	false
			}
		}, {
			"streams":	[{
					"socket":	4,
					"start":	14.0002,
					"end":	15.0015,
					"seconds":	1.00127,
					"bytes":	6291456,
					"bits_per_second":	5.02677e+07,
					"retransmits":	0,
					"snd_cwnd":	456120,
					"omitted":	false
				}],
			"sum":	{
				"start":	14.0002,
				"end":	15.0015,
				"seconds":	1.00127,
				"bytes":	6291456,
				"bits_per_second":	5.02677e+07,
				"retransmits":	0,
				"omitted":	false
			}
		}, {
			"streams":	[{
					"socket":	4,
					"start":	15.0015,
					"end":	16.0007,
					"seconds":	0.9992,
					"bytes":	6160384,
					"bits_per_second":	4.93225e+07,
					"retransmits":	0,
					"snd_cwnd":	495216,
					"omitted":	false
				}],
			"sum":	{
				"start":	15.0015,
				"end":	16.0007,
				"seconds":	0.9992,
				"bytes":	6160384,
				"bits_per_second":	4.93225e+07,
				"retransmits":	0,
				"omitted":	false
			}
		}, {
			"streams":	[{
					"socket":	4,
					"start":	16.0007,
					"end":	17.0081,
					"seconds":	1.00747,
					"bytes":	6291456,
					"bits_per_second":	4.99584e+07,
					"retransmits":	0,
					"snd_cwnd":	556032,
					"omitted":	false
				}],
			"sum":	{
				"start":	16.0007,
				"end":	17.0081,
				"seconds":	1.00747,
				"bytes":	6291456,
				"bits_per_second":	4.99584e+07,
				"retransmits":	0,
				"omitted":	false
			}
		}, {
			"streams":	[{
					"socket":	4,
					"start":	17.0081,
					"end":	18.0003,
					"seconds":	0.992137,
					"bytes":	6160384,
					"bits_per_second":	4.96736e+07,
					"retransmits":	0,
					"snd_cwnd":	609608,
					"omitted":	false
				}],
			"sum":	{
				"start":	17.0081,
				"end":	18.0003,
				"seconds":	0.992137,
				"bytes":	6160384,
				"bits_per_second":	4.96736e+07,
				"retransmits":	0,
				"omitted":	false
			}
		}, {
			"streams":	[{
					"socket":	4,
					"start":	18.0003,
					"end":	19.0019,
					"seconds":	1.00161,
					"bytes":	6291456,
					"bits_per_second":	5.02506e+07,
					"retransmits":	0,
					"snd_cwnd":	663184,
					"omitted":	false
				}],
			"sum":	{
				"start":	18.0003,
				"end":	19.0019,
				"seconds":	1.00161,
				"bytes":	6291456,
				"bits_per_second":	5.02506e+07,
				"retransmits":	0,
				"omitted":	false
			}
		}, {
			"streams":	[{
					"socket":	4,
					"start":	19.0019,
					"end":	20.0278,
					"seconds":	1.0259,
					"bytes":	6291456,
					"bits_per_second":	4.90612e+07,
					"retransmits":	0,
					"snd_cwnd":	692144,
					"omitted":	false
				}],
			"sum":	{
				"start":	19.0019,
				"end":	20.0278,
				"seconds":	1.0259,
				"bytes":	6291456,
				"bits_per_second":	4.90612e+07,
				"retransmits":	0,
				"omitted":	false
			}
		}, {
			"streams":	[{
					"socket":	4,
					"start":	20.0278,
					"end":	21.0058,
					"seconds":	0.978049,
					"bytes":	6422528,
					"bits_per_second":	5.25334e+07,
					"retransmits":	0,
					"snd_cwnd":	871696,
					"omitted":	false
				}],
			"sum":	{
				"start":	20.0278,
				"end":	21.0058,
				"seconds":	0.978049,
				"bytes":	6422528,
				"bits_per_second":	5.25334e+07,
				"retransmits":	0,
				"omitted":	false
			}
		}, {
			"streams":	[{
					"socket":	4,
					"start":	21.0058,
					"end":	22.0036,
					"seconds":	0.997766,
					"bytes":	6029312,
					"bits_per_second":	4.83425e+07,
					"retransmits":	49,
					"snd_cwnd":	874592,
					"omitted":	false
				}],
			"sum":	{
				"start":	21.0058,
				"end":	22.0036,
				"seconds":	0.997766,
				"bytes":	6029312,
				"bits_per_second":	4.83425e+07,
				"retransmits":	49,
				"omitted":	false
			}
		}, {
			"streams":	[{
					"socket":	4,
					"start":	22.0036,
					"end":	23.0254,
					"seconds":	1.0218,
					"bytes":	6291456,
					"bits_per_second":	4.9258e+07,
					"retransmits":	0,
					"snd_cwnd":	878936,
					"omitted":	false
				}],
			"sum":	{
				"start":	22.0036,
				"end":	23.0254,
				"seconds":	1.0218,
				"bytes":	6291456,
				"bits_per_second":	4.9258e+07,
				"retransmits":	0,
				"omitted":	false
			}
		}, {
			"streams":	[{
					"socket":	4,
					"start":	23.0254,
					"end":	24.0134,
					"seconds":	0.987958,
					"bytes":	5898240,
					"bits_per_second":	4.77611e+07,
					"retransmits":	22,
					"snd_cwnd":	881832,
					"omitted":	false
				}],
			"sum":	{
				"start":	23.0254,
				"end":	24.0134,
				"seconds":	0.987958,
				"bytes":	5898240,
				"bits_per_second":	4.77611e+07,
				"retransmits":	22,
				"omitted":	false
			}
		}, {
			"streams":	[{
					"socket":	4,
					"start":	24.0134,
					"end":	25.0003,
					"seconds":	0.986918,
					"bytes":	6553600,
					"bits_per_second":	5.31238e+07,
					"retransmits":	0,
					"snd_cwnd":	889072,
					"omitted":	false
				}],
			"sum":	{
				"start":	24.0134,
				"end":	25.0003,
				"seconds":	0.986918,
				"bytes":	6553600,
				"bits_per_second":	5.31238e+07,
				"retransmits":	0,
				"omitted":	false
			}
		}, {
			"streams":	[{
					"socket":	4,
					"start":	25.0003,
					"end":	26.0009,
					"seconds":	1.00061,
					"bytes":	6291456,
					"bits_per_second":	5.03007e+07,
					"retransmits":	0,
					"snd_cwnd":	893416,
					"omitted":	false
				}],
			"sum":	{
				"start":	25.0003,
				"end":	26.0009,
				"seconds":	1.00061,
				"bytes":	6291456,
				"bits_per_second":	5.03007e+07,
				"retransmits":	0,
				"omitted":	false
			}
		}, {
			"streams":	[{
					"socket":	4,
					"start":	26.0009,
					"end":	27.0031,
					"seconds":	1.00223,
					"bytes":	6160384,
					"bits_per_second":	4.91735e+07,
					"retransmits":	0,
					"snd_cwnd":	897760,
					"omitted":	false
				}],
			"sum":	{
				"start":	26.0009,
				"end":	27.0031,
				"seconds":	1.00223,
				"bytes":	6160384,
				"bits_per_second":	4.91735e+07,
				"retransmits":	0,
				"omitted":	false
			}
		}, {
			"streams":	[{
					"socket":	4,
					"start":	27.0031,
					"end":	28.0032,
					"seconds":	1.00006,
					"bytes":	6291456,
					"bits_per_second":	5.03285e+07,
					"retransmits":	0,
					"snd_cwnd":	897760,
					"omitted":	false
				}],
			"sum":	{
				"start":	27.0031,
				"end":	28.0032,
				"seconds":	1.00006,
				"bytes":	6291456,
				"bits_per_second":	5.03285e+07,
				"retransmits":	0,
				"omitted":	false
			}
		}, {
			"streams":	[{
					"socket":	4,
					"start":	28.0032,
					"end":	29.0007,
					"seconds":	0.997569,
					"bytes":	6291456,
					"bits_per_second":	5.04543e+07,
					"retransmits":	0,
					"snd_cwnd":	897760,
					"omitted":	false
				}],
			"sum":	{
				"start":	28.0032,
				"end":	29.0007,
				"seconds":	0.997569,
				"bytes":	6291456,
				"bits_per_second":	5.04543e+07,
				"retransmits":	0,
				"omitted":	false
			}
		}, {
			"streams":	[{
					"socket":	4,
					"start":	29.0007,
					"end":	30.0006,
					"seconds":	0.999835,
					"bytes":	6291456,
					"bits_per_second":	5.034e+07,
					"retransmits":	0,
					"snd_cwnd":	897760,
					"omitted":	false
				}],
			"sum":	{
				"start":	29.0007,
				"end":	30.0006,
				"seconds":	0.999835,
				"bytes":	6291456,
				"bits_per_second":	5.034e+07,
				"retransmits":	0,
				"omitted":	false
			}
		}],
	"end":	{
		"streams":	[{
				"sender":	{
					"socket":	4,
					"start":	0,
					"end":	30.0006,
					"seconds":	30.0006,
					"bytes":	187031000,
					"bits_per_second":	4.9874e+07,
					"retransmits":	110
				},
				"receiver":	{
					"socket":	4,
					"start":	0,
					"end":	30.0006,
					"seconds":	30.0006,
					"bytes":	187031000,
					"bits_per_second":	4.9874e+07
				}
			}],
		"sum_sent":	{
			"start":	0,
			"end":	30.0006,
			"seconds":	30.0006,
			"bytes":	187031000,
			"bits_per_second":	4.9874e+07,
			"retransmits":	110
		},
		"sum_received":	{
			"start":	0,
			"end":	30.0006,
			"seconds":	30.0006,
			"bytes":	187031000,
			"bits_per_second":	4.9874e+07
		},
		"cpu_utilization_percent":	{
			"host_total":	2.83169,
			"host_user":	0.078087,
			"host_system":	2.7536,
			"remote_total":	6.29962,
			"remote_user":	0.356761,
			"remote_system":	5.94286
		}
	}
}
