{
	"start":	{
		"connected":	[{
				"socket":	4,
				"local_host":	"10.0.0.1",
				"local_port":	36044,
				"remote_host":	"10.0.0.12",
				"remote_port":	1284
			}],
		"version":	"iperf 3.0.7",
		"system_info":	"Linux H1 5.4.197-0504197-generic #202206060747 SMP Mon Jun 6 09:27:47 UTC 2022 x86_64 x86_64 x86_64 GNU/Linux\n",
		"timestamp":	{
			"time":	"Fri, 22 Jul 2022 09:32:21 GMT",
			"timesecs":	1658482341
		},
		"connecting_to":	{
			"host":	"10.0.0.12",
			"port":	1284
		},
		"cookie":	"H1.1658482341.699442.6b11ffdc6988ce3",
		"tcp_mss_default":	1448,
		"test_start":	{
			"protocol":	"TCP",
			"num_streams":	1,
			"blksize":	131072,
			"omit":	0,
			"duration":	5,
			"bytes":	0,
			"blocks":	0,
			"reverse":	0
		}
	},
	"intervals":	[{
			"streams":	[{
					"socket":	4,
					"start":	0,
					"end":	1.0006,
					"seconds":	1.0006,
					"bytes":	1703936,
					"bits_per_second":	1.36233e+07,
					"retransmits":	0,
					"snd_cwnd":	92672,
					"omitted":	false
				}],
			"sum":	{
				"start":	0,
				"end":	1.0006,
				"seconds":	1.0006,
				"bytes":	1703936,
				"bits_per_second":	1.36233e+07,
				"retransmits":	0,
				"omitted":	false
			}
		}, {
			"streams":	[{
					"socket":	4,
					"start":	1.0006,
					"end":	2.00104,
					"seconds":	1.00044,
					"bytes":	1966080,
					"bits_per_second":	1.57218e+07,
					"retransmits":	0,
					"snd_cwnd":	120184,
					"omitted":	false
				}],
			"sum":	{
				"start":	1.0006,
				"end":	2.00104,
				"seconds":	1.00044,
				"bytes":	1966080,
				"bits_per_second":	1.57218e+07,
				"retransmits":	0,
				"omitted":	false
			}
		}, {
			"streams":	[{
					"socket":	4,
					"start":	2.00104,
					"end":	3.00074,
					"seconds":	0.999702,
					"bytes":	1835008,
					"bits_per_second":	1.46844e+07,
					"retransmits":	0,
					"snd_cwnd":	162176,
					"omitted":	false
				}],
			"sum":	{
				"start":	2.00104,
				"end":	3.00074,
				"seconds":	0.999702,
				"bytes":	1835008,
				"bits_per_second":	1.46844e+07,
				"retransmits":	0,
				"omitted":	false
			}
		}, {
			"streams":	[{
					"socket":	4,
					"start":	3.00074,
					"end":	4.00021,
					"seconds":	0.999466,
					"bytes":	1835008,
					"bits_per_second":	1.46879e+07,
					"retransmits":	0,
					"snd_cwnd":	179552,
					"omitted":	false
				}],
			"sum":	{
				"start":	3.00074,
				"end":	4.00021,
				"seconds":	0.999466,
				"bytes":	1835008,
				"bits_per_second":	1.46879e+07,
				"retransmits":	0,
				"omitted":	false
			}
		}, {
			"streams":	[{
					"socket":	4,
					"start":	4.00021,
					"end":	5.00043,
					"seconds":	1.00022,
					"bytes":	1966080,
					"bits_per_second":	1.57251e+07,
					"retransmits":	0,
					"snd_cwnd":	201272,
					"omitted":	false
				}],
			"sum":	{
				"start":	4.00021,
				"end":	5.00043,
				"seconds":	1.00022,
				"bytes":	1966080,
				"bits_per_second":	1.57251e+07,
				"retransmits":	0,
				"omitted":	false
			}
		}],
	"end":	{
		"streams":	[{
				"sender":	{
					"socket":	4,
					"start":	0,
					"end":	5.00043,
					"seconds":	5.00043,
					"bytes":	9306112,
					"bits_per_second":	1.48885e+07,
					"retransmits":	0
				},
				"receiver":	{
					"socket":	4,
					"start":	0,
					"end":	5.00043,
					"seconds":	5.00043,
					"bytes":	9306112,
					"bits_per_second":	1.48885e+07
				}
			}],
		"sum_sent":	{
			"start":	0,
			"end":	5.00043,
			"seconds":	5.00043,
			"bytes":	9306112,
			"bits_per_second":	1.48885e+07,
			"retransmits":	0
		},
		"sum_received":	{
			"start":	0,
			"end":	5.00043,
			"seconds":	5.00043,
			"bytes":	9306112,
			"bits_per_second":	1.48885e+07
		},
		"cpu_utilization_percent":	{
			"host_total":	0.647041,
			"host_user":	0.131949,
			"host_system":	0.515072,
			"remote_total":	1.18555,
			"remote_user":	0.6127,
			"remote_system":	0.572755
		}
	}
}
