{
	"start":	{
		"connected":	[{
				"socket":	4,
				"local_host":	"10.0.0.1",
				"local_port":	41992,
				"remote_host":	"10.0.0.10",
				"remote_port":	2812
			}],
		"version":	"iperf 3.0.7",
		"system_info":	"Linux BS1 5.4.197-0504197-generic #202206060747 SMP Mon Jun 6 09:27:47 UTC 2022 x86_64 x86_64 x86_64 GNU/Linux\n",
		"timestamp":	{
			"time":	"Mon, 25 Jul 2022 21:49:20 GMT",
			"timesecs":	1658785760
		},
		"connecting_to":	{
			"host":	"10.0.0.10",
			"port":	2812
		},
		"cookie":	"BS1.1658785760.449945.1ad41ba272791f",
		"tcp_mss_default":	1448,
		"test_start":	{
			"protocol":	"TCP",
			"num_streams":	1,
			"blksize":	131072,
			"omit":	0,
			"duration":	11,
			"bytes":	0,
			"blocks":	0,
			"reverse":	0
		}
	},
	"intervals":	[{
			"streams":	[{
					"socket":	4,
					"start":	0,
					"end":	1.00065,
					"seconds":	1.00065,
					"bytes":	5715736,
					"bits_per_second":	4.5696e+07,
					"retransmits":	0,
					"snd_cwnd":	398200,
					"omitted":	false
				}],
			"sum":	{
				"start":	0,
				"end":	1.00065,
				"seconds":	1.00065,
				"bytes":	5715736,
				"bits_per_second":	4.5696e+07,
				"retransmits":	0,
				"omitted":	false
			}
		}, {
			"streams":	[{
					"socket":	4,
					"start":	1.00065,
					"end":	2.00121,
					"seconds":	1.00056,
					"bytes":	6291456,
					"bits_per_second":	5.03035e+07,
					"retransmits":	0,
					"snd_cwnd":	663184,
					"omitted":	false
				}],
			"sum":	{
				"start":	1.00065,
				"end":	2.00121,
				"seconds":	1.00056,
				"bytes":	6291456,
				"bits_per_second":	5.03035e+07,
				"retransmits":	0,
				"omitted":	false
			}
		}, {
			"streams":	[{
					"socket":	4,
					"start":	2.00121,
					"end":	3.00396,
					"seconds":	1.00274,
					"bytes":	6160384,
					"bits_per_second":	4.91483e+07,
					"retransmits":	0,
					"snd_cwnd":	663184,
					"omitted":	false
				}],
			"sum":	{
				"start":	2.00121,
				"end":	3.00396,
				"seconds":	1.00274,
				"bytes":	6160384,
				"bits_per_second":	4.91483e+07,
				"retransmits":	0,
				"omitted":	false
			}
		}, {
			"streams":	[{
					"socket":	4,
					"start":	3.00396,
					"end":	4.00033,
					"seconds":	0.996376,
					"bytes":	6291456,
					"bits_per_second":	5.05147e+07,
					"retransmits":	0,
					"snd_cwnd":	663184,
					"omitted":	false
				}],
			"sum":	{
				"start":	3.00396,
				"end":	4.00033,
				"seconds":	0.996376,
				"bytes":	6291456,
				"bits_per_second":	5.05147e+07,
				"retransmits":	0,
				"omitted":	false
			}
		}, {
			"streams":	[{
					"socket":	4,
					"start":	4.00033,
					"end":	5.00178,
					"seconds":	1.00145,
					"bytes":	6291456,
					"bits_per_second":	5.0259e+07,
					"retransmits":	0,
					"snd_cwnd":	663184,
					"omitted":	false
				}],
			"sum":	{
				"start":	4.00033,
				"end":	5.00178,
				"seconds":	1.00145,
				"bytes":	6291456,
				"bits_per_second":	5.0259e+07,
				"retransmits":	0,
				"omitted":	false
			}
		}, {
			"streams":	[{
					"socket":	4,
					"start":	5.00178,
					"end":	6.00055,
					"seconds":	0.998767,
					"bytes":	6160384,
					"bits_per_second":	4.93439e+07,
					"retransmits":	0,
					"snd_cwnd":	663184,
					"omitted":	false
				}],
			"sum":	{
				"start":	5.00178,
				"end":	6.00055,
				"seconds":	0.998767,
				"bytes":	6160384,
				"bits_per_second":	4.93439e+07,
				"retransmits":	0,
				"omitted":	false
			}
		}, {
			"streams":	[{
					"socket":	4,
					"start":	6.00055,
					"end":	7.00029,
					"seconds":	0.999743,
					"bytes":	6291456,
					"bits_per_second":	5.03446e+07,
					"retransmits":	0,
					"snd_cwnd":	700832,
					"omitted":	false
				}],
			"sum":	{
				"start":	6.00055,
				"end":	7.00029,
				"seconds":	0.999743,
				"bytes":	6291456,
				"bits_per_second":	5.03446e+07,
				"retransmits":	0,
				"omitted":	false
			}
		}, {
			"streams":	[{
					"socket":	4,
					"start":	7.00029,
					"end":	8.0005,
					"seconds":	1.00021,
					"bytes":	6291456,
					"bits_per_second":	5.03212e+07,
					"retransmits":	0,
					"snd_cwnd":	700832,
					"omitted":	false
				}],
			"sum":	{
				"start":	7.00029,
				"end":	8.0005,
				"seconds":	1.00021,
				"bytes":	6291456,
				"bits_per_second":	5.03212e+07,
				"retransmits":	0,
				"omitted":	false
			}
		}, {
			"streams":	[{
					"socket":	4,
					"start":	8.0005,
					"end":	9.00054,
					"seconds":	1.00005,
					"bytes":	6160384,
					"bits_per_second":	4.92808e+07,
					"retransmits":	0,
					"snd_cwnd":	700832,
					"omitted":	false
				}],
			"sum":	{
				"start":	8.0005,
				"end":	9.00054,
				"seconds":	1.00005,
				"bytes":	6160384,
				"bits_per_second":	4.92808e+07,
				"retransmits":	0,
				"omitted":	false
			}
		}, {
			"streams":	[{
					"socket":	4,
					"start":	9.00054,
					"end":	10.0003,
					"seconds":	0.999709,
					"bytes":	6291456,
					"bits_per_second":	5.03463e+07,
					"retransmits":	18,
					"snd_cwnd":	700832,
					"omitted":	false
				}],
			"sum":	{
				"start":	9.00054,
				"end":	10.0003,
				"seconds":	0.999709,
				"bytes":	6291456,
				"bits_per_second":	5.03463e+07,
				"retransmits":	18,
				"omitted":	false
			}
		}, {
			"streams":	[{
					"socket":	4,
					"start":	10.0003,
					"end":	11.0008,
					"seconds":	1.00054,
					"bytes":	6291456,
					"bits_per_second":	5.03045e+07,
					"retransmits":	0,
					"snd_cwnd":	700832,
					"omitted":	false
				}],
			"sum":	{
				"start":	10.0003,
				"end":	11.0008,
				"seconds":	1.00054,
				"bytes":	6291456,
				"bits_per_second":	5.03045e+07,
				"retransmits":	0,
				"omitted":	false
			}
		}],
	"end":	{
		"streams":	[{
				"sender":	{
					"socket":	4,
					"start":	0,
					"end":	11.0008,
					"seconds":	11.0008,
					"bytes":	68237080,
					"bits_per_second":	4.96234e+07,
					"retransmits":	18
				},
				"receiver":	{
					"socket":	4,
					"start":	0,
					"end":	11.0008,
					"seconds":	11.0008,
					"bytes":	68237080,
					"bits_per_second":	4.96234e+07
				}
			}],
		"sum_sent":	{
			"start":	0,
			"end":	11.0008,
			"seconds":	11.0008,
			"bytes":	68237080,
			"bits_per_second":	4.96234e+07,
			"retransmits":	18
		},
		"sum_received":	{
			"start":	0,
			"end":	11.0008,
			"seconds":	11.0008,
			"bytes":	68237080,
			"bits_per_second":	4.96234e+07
		},
		"cpu_utilization_percent":	{
			"host_total":	1.16752,
			"host_user":	0.20433,
			"host_system":	0.963216,
			"remote_total":	2.66046,
			"remote_user":	0.566929,
			"remote_system":	2.09354
		}
	}
}
