{
	"start":	{
		"connected":	[{
				"socket":	4,
				"local_host":	"10.0.0.4",
				"local_port":	59060,
				"remote_host":	"10.0.0.14",
				"remote_port":	3464
			}],
		"version":	"iperf 3.0.7",
		"system_info":	"Linux BS4 5.4.197-0504197-generic #202206060747 SMP Mon Jun 6 09:27:47 UTC 2022 x86_64 x86_64 x86_64 GNU/Linux\n",
		"timestamp":	{
			"time":	"Mon, 25 Jul 2022 21:48:45 GMT",
			"timesecs":	1658785725
		},
		"connecting_to":	{
			"host":	"10.0.0.14",
			"port":	3464
		},
		"cookie":	"BS4.1658785724.948684.189d18cf42647c",
		"test_start":	{
			"protocol":	"UDP",
			"num_streams":	1,
			"blksize":	8192,
			"omit":	0,
			"duration":	9,
			"bytes":	0,
			"blocks":	0,
			"reverse":	0
		}
	},
	"intervals":	[{
			"streams":	[{
					"socket":	4,
					"start":	0,
					"end":	1.00025,
					"seconds":	1.00025,
					"bytes":	2826240,
					"bits_per_second":	2.26043e+07,
					"packets":	345,
					"omitted":	false
				}],
			"sum":	{
				"start":	0,
				"end":	1.00025,
				"seconds":	1.00025,
				"bytes":	2826240,
				"bits_per_second":	2.26043e+07,
				"packets":	345,
				"omitted":	false
			}
		}, {
			"streams":	[{
					"socket":	4,
					"start":	1.00025,
					"end":	2.00025,
					"seconds":	0.999999,
					"bytes":	3121152,
					"bits_per_second":	2.49692e+07,
					"packets":	381,
					"omitted":	false
				}],
			"sum":	{
				"start":	1.00025,
				"end":	2.00025,
				"seconds":	0.999999,
				"bytes":	3121152,
				"bits_per_second":	2.49692e+07,
				"packets":	381,
				"omitted":	false
			}
		}, {
			"streams":	[{
					"socket":	4,
					"start":	2.00025,
					"end":	3.00079,
					"seconds":	1.00054,
					"bytes":	3170304,
					"bits_per_second":	2.53487e+07,
					"packets":	387,
					"omitted":	false
				}],
			"sum":	{
				"start":	2.00025,
				"end":	3.00079,
				"seconds":	1.00054,
				"bytes":	3170304,
				"bits_per_second":	2.53487e+07,
				"packets":	387,
				"omitted":	false
			}
		}, {
			"streams":	[{
					"socket":	4,
					"start":	3.00079,
					"end":	4.00021,
					"seconds":	0.999424,
					"bytes":	3080192,
					"bits_per_second":	2.46557e+07,
					"packets":	376,
					"omitted":	false
				}],
			"sum":	{
				"start":	3.00079,
				"end":	4.00021,
				"seconds":	0.999424,
				"bytes":	3080192,
				"bits_per_second":	2.46557e+07,
				"packets":	376,
				"omitted":	false
			}
		}, {
			"streams":	[{
					"socket":	4,
					"start":	4.00021,
					"end":	5.00071,
					"seconds":	1.0005,
					"bytes":	3121152,
					"bits_per_second":	2.49567e+07,
					"packets":	381,
					"omitted":	false
				}],
			"sum":	{
				"start":	4.00021,
				"end":	5.00071,
				"seconds":	1.0005,
				"bytes":	3121152,
				"bits_per_second":	2.49567e+07,
				"packets":	381,
				"omitted":	false
			}
		}, {
			"streams":	[{
					"socket":	4,
					"start":	5.00071,
					"end":	6.00062,
					"seconds":	0.999906,
					"bytes":	3121152,
					"bits_per_second":	2.49716e+07,
					"packets":	381,
					"omitted":	false
				}],
			"sum":	{
				"start":	5.00071,
				"end":	6.00062,
				"seconds":	0.999906,
				"bytes":	3121152,
				"bits_per_second":	2.49716e+07,
				"packets":	381,
				"omitted":	false
			}
		}, {
			"streams":	[{
					"socket":	4,
					"start":	6.00062,
					"end":	7.00025,
					"seconds":	0.999631,
					"bytes":	3129344,
					"bits_per_second":	2.5044e+07,
					"packets":	382,
					"omitted":	false
				}],
			"sum":	{
				"start":	6.00062,
				"end":	7.00025,
				"seconds":	0.999631,
				"bytes":	3129344,
				"bits_per_second":	2.5044e+07,
				"packets":	382,
				"omitted":	false
			}
		}, {
			"streams":	[{
					"socket":	4,
					"start":	7.00025,
					"end":	8.00069,
					"seconds":	1.00044,
					"bytes":	3129344,
					"bits_per_second":	2.50237e+07,
					"packets":	382,
					"omitted":	false
				}],
			"sum":	{
				"start":	7.00025,
				"end":	8.00069,
				"seconds":	1.00044,
				"bytes":	3129344,
				"bits_per_second":	2.50237e+07,
				"packets":	382,
				"omitted":	false
			}
		}, {
			"streams":	[{
					"socket":	4,
					"start":	8.00069,
					"end":	9.00065,
					"seconds":	0.999959,
					"bytes":	3121152,
					"bits_per_second":	2.49702e+07,
					"packets":	381,
					"omitted":	false
				}],
			"sum":	{
				"start":	8.00069,
				"end":	9.00065,
				"seconds":	0.999959,
				"bytes":	3121152,
				"bits_per_second":	2.49702e+07,
				"packets":	381,
				"omitted":	false
			}
		}],
	"end":	{
		"streams":	[{
				"udp":	{
					"socket":	4,
					"start":	0,
					"end":	9.00065,
					"seconds":	9.00065,
					"bytes":	27820032,
					"bits_per_second":	2.47271e+07,
					"jitter_ms":	0.968112,
					"lost_packets":	41,
					"packets":	3396,
					"lost_percent":	1.2073
				}
			}],
		"sum":	{
			"start":	0,
			"end":	9.00065,
			"seconds":	9.00065,
			"bytes":	27820032,
			"bits_per_second":	2.47271e+07,
			"jitter_ms":	0.968112,
			"lost_packets":	41,
			"packets":	3396,
			"lost_percent":	1.2073
		},
		"cpu_utilization_percent":	{
			"host_total":	2.87312,
			"host_user":	0.288742,
			"host_system":	2.58433,
			"remote_total":	2.64286,
			"remote_user":	0.162888,
			"remote_system":	2.47998
		}
	}
}
