{
	"start":	{
		"connected":	[{
				"socket":	4,
				"local_host":	"10.0.0.6",
				"local_port":	60010,
				"remote_host":	"10.0.0.19",
				"remote_port":	3552
			}],
		"version":	"iperf 3.0.7",
		"system_info":	"Linux BS6 5.4.197-0504197-generic #202206060747 SMP Mon Jun 6 09:27:47 UTC 2022 x86_64 x86_64 x86_64 GNU/Linux\n",
		"timestamp":	{
			"time":	"Mon, 25 Jul 2022 21:51:01 GMT",
			"timesecs":	1658785861
		},
		"connecting_to":	{
			"host":	"10.0.0.19",
			"port":	3552
		},
		"cookie":	"BS6.1658785861.151327.6f8eaeea3bd50f",
		"tcp_mss_default":	1448,
		"test_start":	{
			"protocol":	"TCP",
			"num_streams":	1,
			"blksize":	131072,
			"omit":	0,
			"duration":	1,
			"bytes":	0,
			"blocks":	0,
			"reverse":	0
		}
	},
	"intervals":	[{
			"streams":	[{
					"socket":	4,
					"start":	0,
					"end":	1.00159,
					"seconds":	1.00159,
					"bytes":	11372800,
					"bits_per_second":	9.08379e+07,
					"retransmits":	3,
					"snd_cwnd":	651600,
					"omitted":	false
				}],
			"sum":	{
				"start":	0,
				"end":	1.00159,
				"seconds":	1.00159,
				"bytes":	11372800,
				"bits_per_second":	9.08379e+07,
				"retransmits":	3,
				"omitted":	false
			}
		}],
	"end":	{
		"streams":	[{
				"sender":	{
					"socket":	4,
					"start":	0,
					"end":	1.00159,
					"seconds":	1.00159,
					"bytes":	11372800,
					"bits_per_second":	9.08379e+07,
					"retransmits":	3
				},
				"receiver":	{
					"socket":	4,
					"start":	0,
					"end":	1.00159,
					"seconds":	1.00159,
					"bytes":	11372800,
					"bits_per_second":	9.08379e+07
				}
			}],
		"sum_sent":	{
			"start":	0,
			"end":	1.00159,
			"seconds":	1.00159,
			"bytes":	11372800,
			"bits_per_second":	9.08379e+07,
			"retransmits":	3
		},
		"sum_received":	{
			"start":	0,
			"end":	1.00159,
			"seconds":	1.00159,
			"bytes":	11372800,
			"bits_per_second":	9.08379e+07
		},
		"cpu_utilization_percent":	{
			"host_total":	8.62253,
			"host_user":	1.74972,
			"host_system":	6.87264,
			"remote_total":	5.88568,
			"remote_user":	0.518693,
			"remote_system":	5.36682
		}
	}
}
