{
	"start":	{
		"connected":	[{
				"socket":	4,
				"local_host":	"10.0.0.4",
				"local_port":	47354,
				"remote_host":	"10.0.0.13",
				"remote_port":	2142
			}],
		"version":	"iperf 3.0.7",
		"system_info":	"Linux H4 5.4.197-0504197-generic #202206060747 SMP Mon Jun 6 09:27:47 UTC 2022 x86_64 x86_64 x86_64 GNU/Linux\n",
		"timestamp":	{
			"time":	"Fri, 22 Jul 2022 09:30:56 GMT",
			"timesecs":	1658482256
		},
		"connecting_to":	{
			"host":	"10.0.0.13",
			"port":	2142
		},
		"cookie":	"H4.1658482256.939794.5ac647136119733",
		"tcp_mss_default":	1448,
		"test_start":	{
			"protocol":	"TCP",
			"num_streams":	1,
			"blksize":	131072,
			"omit":	0,
			"duration":	5,
			"bytes":	0,
			"blocks":	0,
			"reverse":	0
		}
	},
	"intervals":	[{
			"streams":	[{
					"socket":	4,
					"start":	0,
					"end":	1.00065,
					"seconds":	1.00065,
					"bytes":	1703936,
					"bits_per_second":	1.36226e+07,
					"retransmits":	0,
					"snd_cwnd":	86880,
					"omitted":	false
				}],
			"sum":	{
				"start":	0,
				"end":	1.00065,
				"seconds":	1.00065,
				"bytes":	1703936,
				"bits_per_second":	1.36226e+07,
				"retransmits":	0,
				"omitted":	false
			}
		}, {
			"streams":	[{
					"socket":	4,
					"start":	1.00065,
					"end":	2.00052,
					"seconds":	0.999871,
					"bytes":	1966080,
					"bits_per_second":	1.57307e+07,
					"retransmits":	0,
					"snd_cwnd":	130320,
					"omitted":	false
				}],
			"sum":	{
				"start":	1.00065,
				"end":	2.00052,
				"seconds":	0.999871,
				"bytes":	1966080,
				"bits_per_second":	1.57307e+07,
				"retransmits":	0,
				"omitted":	false
			}
		}, {
			"streams":	[{
					"socket":	4,
					"start":	2.00052,
					"end":	3.00085,
					"seconds":	1.00032,
					"bytes":	1835008,
					"bits_per_second":	1.46753e+07,
					"retransmits":	0,
					"snd_cwnd":	167968,
					"omitted":	false
				}],
			"sum":	{
				"start":	2.00052,
				"end":	3.00085,
				"seconds":	1.00032,
				"bytes":	1835008,
				"bits_per_second":	1.46753e+07,
				"retransmits":	0,
				"omitted":	false
			}
		}, {
			"streams":	[{
					"socket":	4,
					"start":	3.00085,
					"end":	4.00113,
					"seconds":	1.00028,
					"bytes":	1835008,
					"bits_per_second":	1.46759e+07,
					"retransmits":	0,
					"snd_cwnd":	186792,
					"omitted":	false
				}],
			"sum":	{
				"start":	3.00085,
				"end":	4.00113,
				"seconds":	1.00028,
				"bytes":	1835008,
				"bits_per_second":	1.46759e+07,
				"retransmits":	0,
				"omitted":	false
			}
		}, {
			"streams":	[{
					"socket":	4,
					"start":	4.00113,
					"end":	5.00075,
					"seconds":	0.999618,
					"bytes":	1966080,
					"bits_per_second":	1.57346e+07,
					"retransmits":	0,
					"snd_cwnd":	186792,
					"omitted":	false
				}],
			"sum":	{
				"start":	4.00113,
				"end":	5.00075,
				"seconds":	0.999618,
				"bytes":	1966080,
				"bits_per_second":	1.57346e+07,
				"retransmits":	0,
				"omitted":	false
			}
		}],
	"end":	{
		"streams":	[{
				"sender":	{
					"socket":	4,
					"start":	0,
					"end":	5.00075,
					"seconds":	5.00075,
					"bytes":	9306112,
					"bits_per_second":	1.48876e+07,
					"retransmits":	0
				},
				"receiver":	{
					"socket":	4,
					"start":	0,
					"end":	5.00075,
					"seconds":	5.00075,
					"bytes":	9306112,
					"bits_per_second":	1.48876e+07
				}
			}],
		"sum_sent":	{
			"start":	0,
			"end":	5.00075,
			"seconds":	5.00075,
			"bytes":	9306112,
			"bits_per_second":	1.48876e+07,
			"retransmits":	0
		},
		"sum_received":	{
			"start":	0,
			"end":	5.00075,
			"seconds":	5.00075,
			"bytes":	9306112,
			"bits_per_second":	1.48876e+07
		},
		"cpu_utilization_percent":	{
			"host_total":	0.605127,
			"host_user":	0.461703,
			"host_system":	0.143325,
			"remote_total":	1.73248,
			"remote_user":	0.16393,
			"remote_system":	1.56847
		}
	}
}
