{
	"start":	{
		"connected":	[{
				"socket":	4,
				"local_host":	"10.0.0.2",
				"local_port":	35220,
				"remote_host":	"10.0.0.11",
				"remote_port":	1931
			}],
		"version":	"iperf 3.0.7",
		"system_info":	"Linux H2 5.4.197-0504197-generic #202206060747 SMP Mon Jun 6 09:27:47 UTC 2022 x86_64 x86_64 x86_64 GNU/Linux\n",
		"timestamp":	{
			"time":	"Fri, 22 Jul 2022 16:34:15 GMT",
			"timesecs":	1658507655
		},
		"connecting_to":	{
			"host":	"10.0.0.11",
			"port":	1931
		},
		"cookie":	"H2.1658507655.173580.63030f33454b930",
		"tcp_mss_default":	1448,
		"test_start":	{
			"protocol":	"TCP",
			"num_streams":	1,
			"blksize":	131072,
			"omit":	0,
			"duration":	5,
			"bytes":	0,
			"blocks":	0,
			"reverse":	0
		}
	},
	"intervals":	[{
			"streams":	[{
					"socket":	4,
					"start":	0,
					"end":	1.00067,
					"seconds":	1.00067,
					"bytes":	1689400,
					"bits_per_second":	1.35061e+07,
					"retransmits":	0,
					"snd_cwnd":	91224,
					"omitted":	false
				}],
			"sum":	{
				"start":	0,
				"end":	1.00067,
				"seconds":	1.00067,
				"bytes":	1689400,
				"bits_per_second":	1.35061e+07,
				"retransmits":	0,
				"omitted":	false
			}
		}, {
			"streams":	[{
					"socket":	4,
					"start":	1.00067,
					"end":	2.00114,
					"seconds":	1.00047,
					"bytes":	1966080,
					"bits_per_second":	1.57212e+07,
					"retransmits":	0,
					"snd_cwnd":	127424,
					"omitted":	false
				}],
			"sum":	{
				"start":	1.00067,
				"end":	2.00114,
				"seconds":	1.00047,
				"bytes":	1966080,
				"bits_per_second":	1.57212e+07,
				"retransmits":	0,
				"omitted":	false
			}
		}, {
			"streams":	[{
					"socket":	4,
					"start":	2.00114,
					"end":	3.00072,
					"seconds":	0.999576,
					"bytes":	1835008,
					"bits_per_second":	1.46863e+07,
					"retransmits":	0,
					"snd_cwnd":	166520,
					"omitted":	false
				}],
			"sum":	{
				"start":	2.00114,
				"end":	3.00072,
				"seconds":	0.999576,
				"bytes":	1835008,
				"bits_per_second":	1.46863e+07,
				"retransmits":	0,
				"omitted":	false
			}
		}, {
			"streams":	[{
					"socket":	4,
					"start":	3.00072,
					"end":	4.00049,
					"seconds":	0.999769,
					"bytes":	1835008,
					"bits_per_second":	1.46835e+07,
					"retransmits":	0,
					"snd_cwnd":	186792,
					"omitted":	false
				}],
			"sum":	{
				"start":	3.00072,
				"end":	4.00049,
				"seconds":	0.999769,
				"bytes":	1835008,
				"bits_per_second":	1.46835e+07,
				"retransmits":	0,
				"omitted":	false
			}
		}, {
			"streams":	[{
					"socket":	4,
					"start":	4.00049,
					"end":	5.00118,
					"seconds":	1.00069,
					"bytes":	1966080,
					"bits_per_second":	1.57178e+07,
					"retransmits":	0,
					"snd_cwnd":	186792,
					"omitted":	false
				}],
			"sum":	{
				"start":	4.00049,
				"end":	5.00118,
				"seconds":	1.00069,
				"bytes":	1966080,
				"bits_per_second":	1.57178e+07,
				"retransmits":	0,
				"omitted":	false
			}
		}],
	"end":	{
		"streams":	[{
				"sender":	{
					"socket":	4,
					"start":	0,
					"end":	5.00118,
					"seconds":	5.00118,
					"bytes":	9291576,
					"bits_per_second":	1.4863e+07,
					"retransmits":	0
				},
				"receiver":	{
					"socket":	4,
					"start":	0,
					"end":	5.00118,
					"seconds":	5.00118,
					"bytes":	9291576,
					"bits_per_second":	1.4863e+07
				}
			}],
		"sum_sent":	{
			"start":	0,
			"end":	5.00118,
			"seconds":	5.00118,
			"bytes":	9291576,
			"bits_per_second":	1.4863e+07,
			"retransmits":	0
		},
		"sum_received":	{
			"start":	0,
			"end":	5.00118,
			"seconds":	5.00118,
			"bytes":	9291576,
			"bits_per_second":	1.4863e+07
		},
		"cpu_utilization_percent":	{
			"host_total":	0.452245,
			"host_user":	0.452185,
			"host_system":	0,
			"remote_total":	1.64248,
			"remote_user":	1.64244,
			"remote_system":	0
		}
	}
}
