{
	"start":	{
		"connected":	[{
				"socket":	4,
				"local_host":	"10.0.0.1",
				"local_port":	53256,
				"remote_host":	"10.0.0.8",
				"remote_port":	2604
			}],
		"version":	"iperf 3.0.7",
		"system_info":	"Linux BS1 5.4.197-0504197-generic #202206060747 SMP Mon Jun 6 09:27:47 UTC 2022 x86_64 x86_64 x86_64 GNU/Linux\n",
		"timestamp":	{
			"time":	"Mon, 25 Jul 2022 21:44:40 GMT",
			"timesecs":	1658785480
		},
		"connecting_to":	{
			"host":	"10.0.0.8",
			"port":	2604
		},
		"cookie":	"BS1.1658785480.393085.7b5367745166dd",
		"tcp_mss_default":	1448,
		"test_start":	{
			"protocol":	"TCP",
			"num_streams":	1,
			"blksize":	131072,
			"omit":	0,
			"duration":	29,
			"bytes":	0,
			"blocks":	0,
			"reverse":	0
		}
	},
	"intervals":	[{
			"streams":	[{
					"socket":	4,
					"start":	0,
					"end":	1.00097,
					"seconds":	1.00097,
					"bytes":	5736704,
					"bits_per_second":	4.58492e+07,
					"retransmits":	0,
					"snd_cwnd":	343176,
					"omitted":	false
				}],
			"sum":	{
				"start":	0,
				"end":	1.00097,
				"seconds":	1.00097,
				"bytes":	5736704,
				"bits_per_second":	4.58492e+07,
				"retransmits":	0,
				"omitted":	false
			}
		}, {
			"streams":	[{
					"socket":	4,
					"start":	1.00097,
					"end":	2.00045,
					"seconds":	0.999477,
					"bytes":	6160384,
					"bits_per_second":	4.93089e+07,
					"retransmits":	0,
					"snd_cwnd":	625536,
					"omitted":	false
				}],
			"sum":	{
				"start":	1.00097,
				"end":	2.00045,
				"seconds":	0.999477,
				"bytes":	6160384,
				"bits_per_second":	4.93089e+07,
				"retransmits":	0,
				"omitted":	false
			}
		}, {
			"streams":	[{
					"socket":	4,
					"start":	2.00045,
					"end":	3.00036,
					"seconds":	0.999912,
					"bytes":	6291456,
					"bits_per_second":	5.03361e+07,
					"retransmits":	0,
					"snd_cwnd":	658840,
					"omitted":	false
				}],
			"sum":	{
				"start":	2.00045,
				"end":	3.00036,
				"seconds":	0.999912,
				"bytes":	6291456,
				"bits_per_second":	5.03361e+07,
				"retransmits":	0,
				"omitted":	false
			}
		}, {
			"streams":	[{
					"socket":	4,
					"start":	3.00036,
					"end":	4.00033,
					"seconds":	0.999976,
					"bytes":	6291456,
					"bits_per_second":	5.03328e+07,
					"retransmits":	0,
					"snd_cwnd":	658840,
					"omitted":	false
				}],
			"sum":	{
				"start":	3.00036,
				"end":	4.00033,
				"seconds":	0.999976,
				"bytes":	6291456,
				"bits_per_second":	5.03328e+07,
				"retransmits":	0,
				"omitted":	false
			}
		}, {
			"streams":	[{
					"socket":	4,
					"start":	4.00033,
					"end":	5.00028,
					"seconds":	0.999949,
					"bytes":	6160384,
					"bits_per_second":	4.92856e+07,
					"retransmits":	0,
					"snd_cwnd":	658840,
					"omitted":	false
				}],
			"sum":	{
				"start":	4.00033,
				"end":	5.00028,
				"seconds":	0.999949,
				"bytes":	6160384,
				"bits_per_second":	4.92856e+07,
				"retransmits":	0,
				"omitted":	false
			}
		}, {
			"streams":	[{
					"socket":	4,
					"start":	5.00028,
					"end":	6.00024,
					"seconds":	0.999955,
					"bytes":	6291456,
					"bits_per_second":	5.03339e+07,
					"retransmits":	0,
					"snd_cwnd":	658840,
					"omitted":	false
				}],
			"sum":	{
				"start":	5.00028,
				"end":	6.00024,
				"seconds":	0.999955,
				"bytes":	6291456,
				"bits_per_second":	5.03339e+07,
				"retransmits":	0,
				"omitted":	false
			}
		}, {
			"streams":	[{
					"socket":	4,
					"start":	6.00024,
					"end":	7.00021,
					"seconds":	0.999967,
					"bytes":	6291456,
					"bits_per_second":	5.03333e+07,
					"retransmits":	0,
					"snd_cwnd":	658840,
					"omitted":	false
				}],
			"sum":	{
				"start":	6.00024,
				"end":	7.00021,
				"seconds":	0.999967,
				"bytes":	6291456,
				"bits_per_second":	5.03333e+07,
				"retransmits":	0,
				"omitted":	false
			}
		}, {
			"streams":	[{
					"socket":	4,
					"start":	7.00021,
					"end":	8.0003,
					"seconds":	1.00009,
					"bytes":	6160384,
					"bits_per_second":	4.92786e+07,
					"retransmits":	0,
					"snd_cwnd":	658840,
					"omitted":	false
				}],
			"sum":	{
				"start":	7.00021,
				"end":	8.0003,
				"seconds":	1.00009,
				"bytes":	6160384,
				"bits_per_second":	4.92786e+07,
				"retransmits":	0,
				"omitted":	false
			}
		}, {
			"streams":	[{
					"socket":	4,
					"start":	8.0003,
					"end":	9.00069,
					"seconds":	1.00039,
					"bytes":	6291456,
					"bits_per_second":	5.03119e+07,
					"retransmits":	0,
					"snd_cwnd":	658840,
					"omitted":	false
				}],
			"sum":	{
				"start":	8.0003,
				"end":	9.00069,
				"seconds":	1.00039,
				"bytes":	6291456,
				"bits_per_second":	5.03119e+07,
				"retransmits":	0,
				"omitted":	false
			}
		}, {
			"streams":	[{
					"socket":	4,
					"start":	9.00069,
					"end":	10.0003,
					"seconds":	0.999654,
					"bytes":	6291456,
					"bits_per_second":	5.03491e+07,
					"retransmits":	0,
					"snd_cwnd":	658840,
					"omitted":	false
				}],
			"sum":	{
				"start":	9.00069,
				"end":	10.0003,
				"seconds":	0.999654,
				"bytes":	6291456,
				"bits_per_second":	5.03491e+07,
				"retransmits":	0,
				"omitted":	false
			}
		}, {
			"streams":	[{
					"socket":	4,
					"start":	10.0003,
					"end":	11.0014,
					"seconds":	1.00105,
					"bytes":	6291456,
					"bits_per_second":	5.02788e+07,
					"retransmits":	0,
					"snd_cwnd":	658840,
					"omitted":	false
				}],
			"sum":	{
				"start":	10.0003,
				"end":	11.0014,
				"seconds":	1.00105,
				"bytes":	6291456,
				"bits_per_second":	5.02788e+07,
				"retransmits":	0,
				"omitted":	false
			}
		}, {
			"streams":	[{
					"socket":	4,
					"start":	11.0014,
					"end":	12.0006,
					"seconds":	0.999204,
					"bytes":	6160384,
					"bits_per_second":	4.93223e+07,
					"retransmits":	0,
					"snd_cwnd":	697936,
					"omitted":	false
				}],
			"sum":	{
				"start":	11.0014,
				"end":	12.0006,
				"seconds":	0.999204,
				"bytes":	6160384,
				"bits_per_second":	4.93223e+07,
				"retransmits":	0,
				"omitted":	false
			}
		}, {
			"streams":	[{
					"socket":	4,
					"start":	12.0006,
					"end":	13.0029,
					"seconds":	1.00226,
					"bytes":	6291456,
					"bits_per_second":	5.02182e+07,
					"retransmits":	3,
					"snd_cwnd":	697936,
					"omitted":	false
				}],
			"sum":	{
				"start":	12.0006,
				"end":	13.0029,
				"seconds":	1.00226,
				"bytes":	6291456,
				"bits_per_second":	5.02182e+07,
				"retransmits":	3,
				"omitted":	false
			}
		}, {
			"streams":	[{
					"socket":	4,
					"start":	13.0029,
					"end":	14.0006,
					"seconds":	0.997693,
					"bytes":	6291456,
					"bits_per_second":	5.0448e+07,
					"retransmits":	0,
					"snd_cwnd":	697936,
					"omitted":	false
				}],
			"sum":	{
				"start":	13.0029,
				"end":	14.0006,
				"seconds":	0.997693,
				"bytes":	6291456,
				"bits_per_second":	5.0448e+07,
				"retransmits":	0,
				"omitted":	false
			}
		}, {
			"streams":	[{
					"socket":	4,
					"start":	14.0006,
					"end":	15.0005,
					"seconds":	0.999913,
					"bytes":	6291456,
					"bits_per_second":	5.0336e+07,
					"retransmits":	0,
					"snd_cwnd":	697936,
					"omitted":	false
				}],
			"sum":	{
				"start":	14.0006,
				"end":	15.0005,
				"seconds":	0.999913,
				"bytes":	6291456,
				"bits_per_second":	5.0336e+07,
				"retransmits":	0,
				"omitted":	false
			}
		}, {
			"streams":	[{
					"socket":	4,
					"start":	15.0005,
					"end":	16.0015,
					"seconds":	1.00107,
					"bytes":	6160384,
					"bits_per_second":	4.92303e+07,
					"retransmits":	0,
					"snd_cwnd":	697936,
					"omitted":	false
				}],
			"sum":	{
				"start":	15.0005,
				"end":	16.0015,
				"seconds":	1.00107,
				"bytes":	6160384,
				"bits_per_second":	4.92303e+07,
				"retransmits":	0,
				"omitted":	false
			}
		}, {
			"streams":	[{
					"socket":	4,
					"start":	16.0015,
					"end":	17.0004,
					"seconds":	0.998831,
					"bytes":	6291456,
					"bits_per_second":	5.03906e+07,
					"retransmits":	0,
					"snd_cwnd":	697936,
					"omitted":	false
				}],
			"sum":	{
				"start":	16.0015,
				"end":	17.0004,
				"seconds":	0.998831,
				"bytes":	6291456,
				"bits_per_second":	5.03906e+07,
				"retransmits":	0,
				"omitted":	false
			}
		}, {
			"streams":	[{
					"socket":	4,
					"start":	17.0004,
					"end":	18.0003,
					"seconds":	0.999956,
					"bytes":	6160384,
					"bits_per_second":	4.92852e+07,
					"retransmits":	0,
					"snd_cwnd":	697936,
					"omitted":	false
				}],
			"sum":	{
				"start":	17.0004,
				"end":	18.0003,
				"seconds":	0.999956,
				"bytes":	6160384,
				"bits_per_second":	4.92852e+07,
				"retransmits":	0,
				"omitted":	false
			}
		}, {
			"streams":	[{
					"socket":	4,
					"start":	18.0003,
					"end":	19.0006,
					"seconds":	1.00033,
					"bytes":	6291456,
					"bits_per_second":	5.03152e+07,
					"retransmits":	0,
					"snd_cwnd":	697936,
					"omitted":	false
				}],
			"sum":	{
				"start":	18.0003,
				"end":	19.0006,
				"seconds":	1.00033,
				"bytes":	6291456,
				"bits_per_second":	5.03152e+07,
				"retransmits":	0,
				"omitted":	false
			}
		}, {
			"streams":	[{
					"socket":	4,
					"start":	19.0006,
					"end":	20.001,
					"seconds":	1.00037,
					"bytes":	6291456,
					"bits_per_second":	5.03129e+07,
					"retransmits":	0,
					"snd_cwnd":	697936,
					"omitted":	false
				}],
			"sum":	{
				"start":	19.0006,
				"end":	20.001,
				"seconds":	1.00037,
				"bytes":	6291456,
				"bits_per_second":	5.03129e+07,
				"retransmits":	0,
				"omitted":	false
			}
		}, {
			"streams":	[{
					"socket":	4,
					"start":	20.001,
					"end":	21.0003,
					"seconds":	0.999297,
					"bytes":	6160384,
					"bits_per_second":	4.93177e+07,
					"retransmits":	0,
					"snd_cwnd":	697936,
					"omitted":	false
				}],
			"sum":	{
				"start":	20.001,
				"end":	21.0003,
				"seconds":	0.999297,
				"bytes":	6160384,
				"bits_per_second":	4.93177e+07,
				"retransmits":	0,
				"omitted":	false
			}
		}, {
			"streams":	[{
					"socket":	4,
					"start":	21.0003,
					"end":	22.0007,
					"seconds":	1.00033,
					"bytes":	6291456,
					"bits_per_second":	5.03148e+07,
					"retransmits":	0,
					"snd_cwnd":	697936,
					"omitted":	false
				}],
			"sum":	{
				"start":	21.0003,
				"end":	22.0007,
				"seconds":	1.00033,
				"bytes":	6291456,
				"bits_per_second":	5.03148e+07,
				"retransmits":	0,
				"omitted":	false
			}
		}, {
			"streams":	[{
					"socket":	4,
					"start":	22.0007,
					"end":	23.001,
					"seconds":	1.00035,
					"bytes":	6291456,
					"bits_per_second":	5.03138e+07,
					"retransmits":	0,
					"snd_cwnd":	697936,
					"omitted":	false
				}],
			"sum":	{
				"start":	22.0007,
				"end":	23.001,
				"seconds":	1.00035,
				"bytes":	6291456,
				"bits_per_second":	5.03138e+07,
				"retransmits":	0,
				"omitted":	false
			}
		}, {
			"streams":	[{
					"socket":	4,
					"start":	23.001,
					"end":	24.0004,
					"seconds":	0.999369,
					"bytes":	6160384,
					"bits_per_second":	4.93142e+07,
					"retransmits":	0,
					"snd_cwnd":	697936,
					"omitted":	false
				}],
			"sum":	{
				"start":	23.001,
				"end":	24.0004,
				"seconds":	0.999369,
				"bytes":	6160384,
				"bits_per_second":	4.93142e+07,
				"retransmits":	0,
				"omitted":	false
			}
		}, {
			"streams":	[{
					"socket":	4,
					"start":	24.0004,
					"end":	25.0003,
					"seconds":	0.999891,
					"bytes":	6291456,
					"bits_per_second":	5.03371e+07,
					"retransmits":	0,
					"snd_cwnd":	697936,
					"omitted":	false
				}],
			"sum":	{
				"start":	24.0004,
				"end":	25.0003,
				"seconds":	0.999891,
				"bytes":	6291456,
				"bits_per_second":	5.03371e+07,
				"retransmits":	0,
				"omitted":	false
			}
		}, {
			"streams":	[{
					"socket":	4,
					"start":	25.0003,
					"end":	26.0007,
					"seconds":	1.0004,
					"bytes":	6291456,
					"bits_per_second":	5.03118e+07,
					"retransmits":	0,
					"snd_cwnd":	697936,
					"omitted":	false
				}],
			"sum":	{
				"start":	25.0003,
				"end":	26.0007,
				"seconds":	1.0004,
				"bytes":	6291456,
				"bits_per_second":	5.03118e+07,
				"retransmits":	0,
				"omitted":	false
			}
		}, {
			"streams":	[{
					"socket":	4,
					"start":	26.0007,
					"end":	27.0011,
					"seconds":	1.00042,
					"bytes":	6160384,
					"bits_per_second":	4.92626e+07,
					"retransmits":	0,
					"snd_cwnd":	697936,
					"omitted":	false
				}],
			"sum":	{
				"start":	26.0007,
				"end":	27.0011,
				"seconds":	1.00042,
				"bytes":	6160384,
				"bits_per_second":	4.92626e+07,
				"retransmits":	0,
				"omitted":	false
			}
		}, {
			"streams":	[{
					"socket":	4,
					"start":	27.0011,
					"end":	28.0011,
					"seconds":	1.00005,
					"bytes":	6291456,
					"bits_per_second":	5.03291e+07,
					"retransmits":	0,
					"snd_cwnd":	697936,
					"omitted":	false
				}],
			"sum":	{
				"start":	27.0011,
				"end":	28.0011,
				"seconds":	1.00005,
				"bytes":	6291456,
				"bits_per_second":	5.03291e+07,
				"retransmits":	0,
				"omitted":	false
			}
		}, {
			"streams":	[{
					"socket":	4,
					"start":	28.0011,
					"end":	29.0008,
					"seconds":	0.999683,
					"bytes":	6291456,
					"bits_per_second":	5.03476e+07,
					"retransmits":	0,
					"snd_cwnd":	697936,
					"omitted":	false
				}],
			"sum":	{
				"start":	28.0011,
				"end":	29.0008,
				"seconds":	0.999683,
				"bytes":	6291456,
				"bits_per_second":	5.03476e+07,
				"retransmits":	0,
				"omitted":	false
			}
		}],
	"end":	{
		"streams":	[{
				"sender":	{
					"socket":	4,
					"start":	0,
					"end":	29.0008,
					"seconds":	29.0008,
					"bytes":	180717824,
					"bits_per_second":	4.98518e+07,
					"retransmits":	3
				},
				"receiver":	{
					"socket":	4,
					"start":	0,
					"end":	29.0008,
					"seconds":	29.0008,
					"bytes":	180717824,
					"bits_per_second":	4.98518e+07
				}
			}],
		"sum_sent":	{
			"start":	0,
			"end":	29.0008,
			"seconds":	29.0008,
			"bytes":	180717824,
			"bits_per_second":	4.98518e+07,
			"retransmits":	3
		},
		"sum_received":	{
			"start":	0,
			"end":	29.0008,
			"seconds":	29.0008,
			"bytes":	180717824,
			"bits_per_second":	4.98518e+07
		},
		"cpu_utilization_percent":	{
			"host_total":	0.918436,
			"host_user":	0.0377356,
			"host_system":	0.880659,
			"remote_total":	1.56288,
			"remote_user":	0.193163,
			"remote_system":	1.36971
		}
	}
}
