{
	"start":	{
		"connected":	[{
				"socket":	4,
				"local_host":	"10.0.0.6",
				"local_port":	60868,
				"remote_host":	"10.0.0.10",
				"remote_port":	2634
			}],
		"version":	"iperf 3.0.7",
		"system_info":	"Linux BS6 5.4.197-0504197-generic #202206060747 SMP Mon Jun 6 09:27:47 UTC 2022 x86_64 x86_64 x86_64 GNU/Linux\n",
		"timestamp":	{
			"time":	"Mon, 25 Jul 2022 21:43:49 GMT",
			"timesecs":	1658785429
		},
		"connecting_to":	{
			"host":	"10.0.0.10",
			"port":	2634
		},
		"cookie":	"BS6.1658785429.853843.1cc5f9a024d17e",
		"tcp_mss_default":	1448,
		"test_start":	{
			"protocol":	"TCP",
			"num_streams":	1,
			"blksize":	131072,
			"omit":	0,
			"duration":	19,
			"bytes":	0,
			"blocks":	0,
			"reverse":	0
		}
	},
	"intervals":	[{
			"streams":	[{
					"socket":	4,
					"start":	0,
					"end":	1.00027,
					"seconds":	1.00027,
					"bytes":	2832152,
					"bits_per_second":	2.2651e+07,
					"retransmits":	0,
					"snd_cwnd":	545896,
					"omitted":	false
				}],
			"sum":	{
				"start":	0,
				"end":	1.00027,
				"seconds":	1.00027,
				"bytes":	2832152,
				"bits_per_second":	2.2651e+07,
				"retransmits":	0,
				"omitted":	false
			}
		}, {
			"streams":	[{
					"socket":	4,
					"start":	1.00027,
					"end":	2.00051,
					"seconds":	1.00024,
					"bytes":	3145728,
					"bits_per_second":	2.51599e+07,
					"retransmits":	0,
					"snd_cwnd":	545896,
					"omitted":	false
				}],
			"sum":	{
				"start":	1.00027,
				"end":	2.00051,
				"seconds":	1.00024,
				"bytes":	3145728,
				"bits_per_second":	2.51599e+07,
				"retransmits":	0,
				"omitted":	false
			}
		}, {
			"streams":	[{
					"socket":	4,
					"start":	2.00051,
					"end":	3.00096,
					"seconds":	1.00046,
					"bytes":	3145728,
					"bits_per_second":	2.51544e+07,
					"retransmits":	0,
					"snd_cwnd":	545896,
					"omitted":	false
				}],
			"sum":	{
				"start":	2.00051,
				"end":	3.00096,
				"seconds":	1.00046,
				"bytes":	3145728,
				"bits_per_second":	2.51544e+07,
				"retransmits":	0,
				"omitted":	false
			}
		}, {
			"streams":	[{
					"socket":	4,
					"start":	3.00096,
					"end":	4.0003,
					"seconds":	0.999336,
					"bytes":	3145728,
					"bits_per_second":	2.51825e+07,
					"retransmits":	147,
					"snd_cwnd":	392408,
					"omitted":	false
				}],
			"sum":	{
				"start":	3.00096,
				"end":	4.0003,
				"seconds":	0.999336,
				"bytes":	3145728,
				"bits_per_second":	2.51825e+07,
				"retransmits":	147,
				"omitted":	false
			}
		}, {
			"streams":	[{
					"socket":	4,
					"start":	4.0003,
					"end":	5.00022,
					"seconds":	0.999924,
					"bytes":	3145728,
					"bits_per_second":	2.51677e+07,
					"retransmits":	0,
					"snd_cwnd":	398200,
					"omitted":	false
				}],
			"sum":	{
				"start":	4.0003,
				"end":	5.00022,
				"seconds":	0.999924,
				"bytes":	3145728,
				"bits_per_second":	2.51677e+07,
				"retransmits":	0,
				"omitted":	false
			}
		}, {
			"streams":	[{
					"socket":	4,
					"start":	5.00022,
					"end":	6.0002,
					"seconds":	0.999979,
					"bytes":	3145728,
					"bits_per_second":	2.51664e+07,
					"retransmits":	0,
					"snd_cwnd":	398200,
					"omitted":	false
				}],
			"sum":	{
				"start":	5.00022,
				"end":	6.0002,
				"seconds":	0.999979,
				"bytes":	3145728,
				"bits_per_second":	2.51664e+07,
				"retransmits":	0,
				"omitted":	false
			}
		}, {
			"streams":	[{
					"socket":	4,
					"start":	6.0002,
					"end":	7.00026,
					"seconds":	1.00006,
					"bytes":	3014656,
					"bits_per_second":	2.41159e+07,
					"retransmits":	0,
					"snd_cwnd":	398200,
					"omitted":	false
				}],
			"sum":	{
				"start":	6.0002,
				"end":	7.00026,
				"seconds":	1.00006,
				"bytes":	3014656,
				"bits_per_second":	2.41159e+07,
				"retransmits":	0,
				"omitted":	false
			}
		}, {
			"streams":	[{
					"socket":	4,
					"start":	7.00026,
					"end":	8.00058,
					"seconds":	1.00032,
					"bytes":	3145728,
					"bits_per_second":	2.51577e+07,
					"retransmits":	0,
					"snd_cwnd":	398200,
					"omitted":	false
				}],
			"sum":	{
				"start":	7.00026,
				"end":	8.00058,
				"seconds":	1.00032,
				"bytes":	3145728,
				"bits_per_second":	2.51577e+07,
				"retransmits":	0,
				"omitted":	false
			}
		}, {
			"streams":	[{
					"socket":	4,
					"start":	8.00058,
					"end":	9.00517,
					"seconds":	1.00459,
					"bytes":	3145728,
					"bits_per_second":	2.50509e+07,
					"retransmits":	0,
					"snd_cwnd":	398200,
					"omitted":	false
				}],
			"sum":	{
				"start":	8.00058,
				"end":	9.00517,
				"seconds":	1.00459,
				"bytes":	3145728,
				"bits_per_second":	2.50509e+07,
				"retransmits":	0,
				"omitted":	false
			}
		}, {
			"streams":	[{
					"socket":	4,
					"start":	9.00517,
					"end":	10.0006,
					"seconds":	0.995475,
					"bytes":	3145728,
					"bits_per_second":	2.52802e+07,
					"retransmits":	0,
					"snd_cwnd":	398200,
					"omitted":	false
				}],
			"sum":	{
				"start":	9.00517,
				"end":	10.0006,
				"seconds":	0.995475,
				"bytes":	3145728,
				"bits_per_second":	2.52802e+07,
				"retransmits":	0,
				"omitted":	false
			}
		}, {
			"streams":	[{
					"socket":	4,
					"start":	10.0006,
					"end":	11.0003,
					"seconds":	0.999643,
					"bytes":	3145728,
					"bits_per_second":	2.51748e+07,
					"retransmits":	0,
					"snd_cwnd":	398200,
					"omitted":	false
				}],
			"sum":	{
				"start":	10.0006,
				"end":	11.0003,
				"seconds":	0.999643,
				"bytes":	3145728,
				"bits_per_second":	2.51748e+07,
				"retransmits":	0,
				"omitted":	false
			}
		}, {
			"streams":	[{
					"socket":	4,
					"start":	11.0003,
					"end":	12.0045,
					"seconds":	1.00423,
					"bytes":	3145728,
					"bits_per_second":	2.50599e+07,
					"retransmits":	0,
					"snd_cwnd":	398200,
					"omitted":	false
				}],
			"sum":	{
				"start":	11.0003,
				"end":	12.0045,
				"seconds":	1.00423,
				"bytes":	3145728,
				"bits_per_second":	2.50599e+07,
				"retransmits":	0,
				"omitted":	false
			}
		}, {
			"streams":	[{
					"socket":	4,
					"start":	12.0045,
					"end":	13.0004,
					"seconds":	0.995934,
					"bytes":	3014656,
					"bits_per_second":	2.42157e+07,
					"retransmits":	0,
					"snd_cwnd":	398200,
					"omitted":	false
				}],
			"sum":	{
				"start":	12.0045,
				"end":	13.0004,
				"seconds":	0.995934,
				"bytes":	3014656,
				"bits_per_second":	2.42157e+07,
				"retransmits":	0,
				"omitted":	false
			}
		}, {
			"streams":	[{
					"socket":	4,
					"start":	13.0004,
					"end":	14.0004,
					"seconds":	0.999918,
					"bytes":	3145728,
					"bits_per_second":	2.51679e+07,
					"retransmits":	0,
					"snd_cwnd":	398200,
					"omitted":	false
				}],
			"sum":	{
				"start":	13.0004,
				"end":	14.0004,
				"seconds":	0.999918,
				"bytes":	3145728,
				"bits_per_second":	2.51679e+07,
				"retransmits":	0,
				"omitted":	false
			}
		}, {
			"streams":	[{
					"socket":	4,
					"start":	14.0004,
					"end":	15.0004,
					"seconds":	1.00006,
					"bytes":	3145728,
					"bits_per_second":	2.51644e+07,
					"retransmits":	0,
					"snd_cwnd":	398200,
					"omitted":	false
				}],
			"sum":	{
				"start":	14.0004,
				"end":	15.0004,
				"seconds":	1.00006,
				"bytes":	3145728,
				"bits_per_second":	2.51644e+07,
				"retransmits":	0,
				"omitted":	false
			}
		}, {
			"streams":	[{
					"socket":	4,
					"start":	15.0004,
					"end":	16.0003,
					"seconds":	0.999898,
					"bytes":	3145728,
					"bits_per_second":	2.51684e+07,
					"retransmits":	0,
					"snd_cwnd":	398200,
					"omitted":	false
				}],
			"sum":	{
				"start":	15.0004,
				"end":	16.0003,
				"seconds":	0.999898,
				"bytes":	3145728,
				"bits_per_second":	2.51684e+07,
				"retransmits":	0,
				"omitted":	false
			}
		}, {
			"streams":	[{
					"socket":	4,
					"start":	16.0003,
					"end":	17.0003,
					"seconds":	0.999945,
					"bytes":	3145728,
					"bits_per_second":	2.51672e+07,
					"retransmits":	0,
					"snd_cwnd":	398200,
					"omitted":	false
				}],
			"sum":	{
				"start":	16.0003,
				"end":	17.0003,
				"seconds":	0.999945,
				"bytes":	3145728,
				"bits_per_second":	2.51672e+07,
				"retransmits":	0,
				"omitted":	false
			}
		}, {
			"streams":	[{
					"socket":	4,
					"start":	17.0003,
					"end":	18.0003,
					"seconds":	1.00004,
					"bytes":	2621440,
					"bits_per_second":	2.09707e+07,
					"retransmits":	248,
					"snd_cwnd":	101360,
					"omitted":	false
				}],
			"sum":	{
				"start":	17.0003,
				"end":	18.0003,
				"seconds":	1.00004,
				"bytes":	2621440,
				"bits_per_second":	2.09707e+07,
				"retransmits":	248,
				"omitted":	false
			}
		}, {
			"streams":	[{
					"socket":	4,
					"start":	18.0003,
					"end":	19.0003,
					"seconds":	0.999973,
					"bytes":	655360,
					"bits_per_second":	5.24302e+06,
					"retransmits":	48,
					"snd_cwnd":	33304,
					"omitted":	false
				}],
			"sum":	{
				"start":	18.0003,
				"end":	19.0003,
				"seconds":	0.999973,
				"bytes":	655360,
				"bits_per_second":	5.24302e+06,
				"retransmits":	48,
				"omitted":	false
			}
		}],
	"end":	{
		"streams":	[{
				"sender":	{
					"socket":	4,
					"start":	0,
					"end":	19.0003,
					"seconds":	19.0003,
					"bytes":	56178456,
					"bits_per_second":	2.36537e+07,
					"retransmits":	443
				},
				"receiver":	{
					"socket":	4,
					"start":	0,
					"end":	19.0003,
					"seconds":	19.0003,
					"bytes":	54705168,
					"bits_per_second":	2.30334e+07
				}
			}],
		"sum_sent":	{
			"start":	0,
			"end":	19.0003,
			"seconds":	19.0003,
			"bytes":	56178456,
			"bits_per_second":	2.36537e+07,
			"retransmits":	443
		},
		"sum_received":	{
			"start":	0,
			"end":	19.0003,
			"seconds":	19.0003,
			"bytes":	54705168,
			"bits_per_second":	2.30334e+07
		},
		"cpu_utilization_percent":	{
			"host_total":	0.585579,
			"host_user":	0.11142,
			"host_system":	0.474143,
			"remote_total":	1.48508,
			"remote_user":	0.203048,
			"remote_system":	1.28204
		}
	}
}
