{
	"start":	{
		"connected":	[{
				"socket":	4,
				"local_host":	"10.0.0.7",
				"local_port":	48326,
				"remote_host":	"10.0.0.21",
				"remote_port":	3527
			}],
		"version":	"iperf 3.0.7",
		"system_info":	"Linux BS7 5.4.197-0504197-generic #202206060747 SMP Mon Jun 6 09:27:47 UTC 2022 x86_64 x86_64 x86_64 GNU/Linux\n",
		"timestamp":	{
			"time":	"Mon, 25 Jul 2022 21:50:04 GMT",
			"timesecs":	1658785804
		},
		"connecting_to":	{
			"host":	"10.0.0.21",
			"port":	3527
		},
		"cookie":	"BS7.1658785804.042555.3d3e3b583cb365",
		"tcp_mss_default":	1448,
		"test_start":	{
			"protocol":	"TCP",
			"num_streams":	1,
			"blksize":	131072,
			"omit":	0,
			"duration":	5,
			"bytes":	0,
			"blocks":	0,
			"reverse":	0
		}
	},
	"intervals":	[{
			"streams":	[{
					"socket":	4,
					"start":	0,
					"end":	1.0006,
					"seconds":	1.0006,
					"bytes":	11372048,
					"bits_per_second":	9.09222e+07,
					"retransmits":	5,
					"snd_cwnd":	700832,
					"omitted":	false
				}],
			"sum":	{
				"start":	0,
				"end":	1.0006,
				"seconds":	1.0006,
				"bytes":	11372048,
				"bits_per_second":	9.09222e+07,
				"retransmits":	5,
				"omitted":	false
			}
		}, {
			"streams":	[{
					"socket":	4,
					"start":	1.0006,
					"end":	2.00117,
					"seconds":	1.00058,
					"bytes":	12451840,
					"bits_per_second":	9.95571e+07,
					"retransmits":	0,
					"snd_cwnd":	715312,
					"omitted":	false
				}],
			"sum":	{
				"start":	1.0006,
				"end":	2.00117,
				"seconds":	1.00058,
				"bytes":	12451840,
				"bits_per_second":	9.95571e+07,
				"retransmits":	0,
				"omitted":	false
			}
		}, {
			"streams":	[{
					"socket":	4,
					"start":	2.00117,
					"end":	3.00048,
					"seconds":	0.99931,
					"bytes":	12451840,
					"bits_per_second":	9.96835e+07,
					"retransmits":	0,
					"snd_cwnd":	726896,
					"omitted":	false
				}],
			"sum":	{
				"start":	2.00117,
				"end":	3.00048,
				"seconds":	0.99931,
				"bytes":	12451840,
				"bits_per_second":	9.96835e+07,
				"retransmits":	0,
				"omitted":	false
			}
		}, {
			"streams":	[{
					"socket":	4,
					"start":	3.00048,
					"end":	4.00046,
					"seconds":	0.999971,
					"bytes":	12582912,
					"bits_per_second":	1.00666e+08,
					"retransmits":	0,
					"snd_cwnd":	739928,
					"omitted":	false
				}],
			"sum":	{
				"start":	3.00048,
				"end":	4.00046,
				"seconds":	0.999971,
				"bytes":	12582912,
				"bits_per_second":	1.00666e+08,
				"retransmits":	0,
				"omitted":	false
			}
		}, {
			"streams":	[{
					"socket":	4,
					"start":	4.00046,
					"end":	5.00055,
					"seconds":	1.00009,
					"bytes":	12451840,
					"bits_per_second":	9.96056e+07,
					"retransmits":	12,
					"snd_cwnd":	751512,
					"omitted":	false
				}],
			"sum":	{
				"start":	4.00046,
				"end":	5.00055,
				"seconds":	1.00009,
				"bytes":	12451840,
				"bits_per_second":	9.96056e+07,
				"retransmits":	12,
				"omitted":	false
			}
		}],
	"end":	{
		"streams":	[{
				"sender":	{
					"socket":	4,
					"start":	0,
					"end":	5.00055,
					"seconds":	5.00055,
					"bytes":	61310480,
					"bits_per_second":	9.8086e+07,
					"retransmits":	17
				},
				"receiver":	{
					"socket":	4,
					"start":	0,
					"end":	5.00055,
					"seconds":	5.00055,
					"bytes":	61310480,
					"bits_per_second":	9.8086e+07
				}
			}],
		"sum_sent":	{
			"start":	0,
			"end":	5.00055,
			"seconds":	5.00055,
			"bytes":	61310480,
			"bits_per_second":	9.8086e+07,
			"retransmits":	17
		},
		"sum_received":	{
			"start":	0,
			"end":	5.00055,
			"seconds":	5.00055,
			"bytes":	61310480,
			"bits_per_second":	9.8086e+07
		},
		"cpu_utilization_percent":	{
			"host_total":	1.72419,
			"host_user":	0.240201,
			"host_system":	1.48391,
			"remote_total":	3.60672,
			"remote_user":	0.61101,
			"remote_system":	2.99575
		}
	}
}
