{
	"start":	{
		"connected":	[{
				"socket":	4,
				"local_host":	"10.0.0.1",
				"local_port":	60252,
				"remote_host":	"10.0.0.18",
				"remote_port":	3171
			}],
		"version":	"iperf 3.0.7",
		"system_info":	"Linux BS1 5.4.197-0504197-generic #202206060747 SMP Mon Jun 6 09:27:47 UTC 2022 x86_64 x86_64 x86_64 GNU/Linux\n",
		"timestamp":	{
			"time":	"Mon, 25 Jul 2022 21:50:10 GMT",
			"timesecs":	1658785810
		},
		"connecting_to":	{
			"host":	"10.0.0.18",
			"port":	3171
		},
		"cookie":	"BS1.1658785810.676951.6a226a9a64a029",
		"test_start":	{
			"protocol":	"UDP",
			"num_streams":	1,
			"blksize":	8192,
			"omit":	0,
			"duration":	1,
			"bytes":	0,
			"blocks":	0,
			"reverse":	0
		}
	},
	"intervals":	[{
			"streams":	[{
					"socket":	4,
					"start":	0,
					"end":	1.00038,
					"seconds":	1.00038,
					"bytes":	23732224,
					"bits_per_second":	1.89785e+08,
					"packets":	2897,
					"omitted":	false
				}],
			"sum":	{
				"start":	0,
				"end":	1.00038,
				"seconds":	1.00038,
				"bytes":	23732224,
				"bits_per_second":	1.89785e+08,
				"packets":	2897,
				"omitted":	false
			}
		}],
	"end":	{
		"streams":	[{
				"udp":	{
					"socket":	4,
					"start":	0,
					"end":	1.00038,
					"seconds":	1.00038,
					"bytes":	23732224,
					"bits_per_second":	1.89785e+08,
					"jitter_ms":	0.573585,
					"lost_packets":	544,
					"packets":	2601,
					"lost_percent":	20.915
				}
			}],
		"sum":	{
			"start":	0,
			"end":	1.00038,
			"seconds":	1.00038,
			"bytes":	23732224,
			"bits_per_second":	1.89785e+08,
			"jitter_ms":	0.573585,
			"lost_packets":	544,
			"packets":	2601,
			"lost_percent":	20.915
		},
		"cpu_utilization_percent":	{
			"host_total":	47.0296,
			"host_user":	0.0533902,
			"host_system":	46.9757,
			"remote_total":	8.65136,
			"remote_user":	2.30367,
			"remote_system":	6.34784
		}
	}
}
