{
	"start":	{
		"connected":	[{
				"socket":	4,
				"local_host":	"10.0.0.4",
				"local_port":	39236,
				"remote_host":	"10.0.0.13",
				"remote_port":	2220
			}],
		"version":	"iperf 3.0.7",
		"system_info":	"Linux H4 5.4.197-0504197-generic #202206060747 SMP Mon Jun 6 09:27:47 UTC 2022 x86_64 x86_64 x86_64 GNU/Linux\n",
		"timestamp":	{
			"time":	"Fri, 22 Jul 2022 15:01:38 GMT",
			"timesecs":	1658502098
		},
		"connecting_to":	{
			"host":	"10.0.0.13",
			"port":	2220
		},
		"cookie":	"H4.1658502098.061867.2f8a1a150b61d2d",
		"tcp_mss_default":	1448,
		"test_start":	{
			"protocol":	"TCP",
			"num_streams":	1,
			"blksize":	131072,
			"omit":	0,
			"duration":	5,
			"bytes":	0,
			"blocks":	0,
			"reverse":	0
		}
	},
	"intervals":	[{
			"streams":	[{
					"socket":	4,
					"start":	0,
					"end":	1.00088,
					"seconds":	1.00088,
					"bytes":	1700984,
					"bits_per_second":	1.3596e+07,
					"retransmits":	0,
					"snd_cwnd":	88328,
					"omitted":	false
				}],
			"sum":	{
				"start":	0,
				"end":	1.00088,
				"seconds":	1.00088,
				"bytes":	1700984,
				"bits_per_second":	1.3596e+07,
				"retransmits":	0,
				"omitted":	false
			}
		}, {
			"streams":	[{
					"socket":	4,
					"start":	1.00088,
					"end":	2.00034,
					"seconds":	0.999468,
					"bytes":	1966080,
					"bits_per_second":	1.5737e+07,
					"retransmits":	0,
					"snd_cwnd":	118736,
					"omitted":	false
				}],
			"sum":	{
				"start":	1.00088,
				"end":	2.00034,
				"seconds":	0.999468,
				"bytes":	1966080,
				"bits_per_second":	1.5737e+07,
				"retransmits":	0,
				"omitted":	false
			}
		}, {
			"streams":	[{
					"socket":	4,
					"start":	2.00034,
					"end":	3.00057,
					"seconds":	1.00022,
					"bytes":	1835008,
					"bits_per_second":	1.46768e+07,
					"retransmits":	0,
					"snd_cwnd":	153488,
					"omitted":	false
				}],
			"sum":	{
				"start":	2.00034,
				"end":	3.00057,
				"seconds":	1.00022,
				"bytes":	1835008,
				"bits_per_second":	1.46768e+07,
				"retransmits":	0,
				"omitted":	false
			}
		}, {
			"streams":	[{
					"socket":	4,
					"start":	3.00057,
					"end":	4.00081,
					"seconds":	1.00024,
					"bytes":	1835008,
					"bits_per_second":	1.46765e+07,
					"retransmits":	0,
					"snd_cwnd":	165072,
					"omitted":	false
				}],
			"sum":	{
				"start":	3.00057,
				"end":	4.00081,
				"seconds":	1.00024,
				"bytes":	1835008,
				"bits_per_second":	1.46765e+07,
				"retransmits":	0,
				"omitted":	false
			}
		}, {
			"streams":	[{
					"socket":	4,
					"start":	4.00081,
					"end":	5.00101,
					"seconds":	1.0002,
					"bytes":	1966080,
					"bits_per_second":	1.57254e+07,
					"retransmits":	0,
					"snd_cwnd":	165072,
					"omitted":	false
				}],
			"sum":	{
				"start":	4.00081,
				"end":	5.00101,
				"seconds":	1.0002,
				"bytes":	1966080,
				"bits_per_second":	1.57254e+07,
				"retransmits":	0,
				"omitted":	false
			}
		}],
	"end":	{
		"streams":	[{
				"sender":	{
					"socket":	4,
					"start":	0,
					"end":	5.00101,
					"seconds":	5.00101,
					"bytes":	9303160,
					"bits_per_second":	1.4882e+07,
					"retransmits":	0
				},
				"receiver":	{
					"socket":	4,
					"start":	0,
					"end":	5.00101,
					"seconds":	5.00101,
					"bytes":	9303160,
					"bits_per_second":	1.4882e+07
				}
			}],
		"sum_sent":	{
			"start":	0,
			"end":	5.00101,
			"seconds":	5.00101,
			"bytes":	9303160,
			"bits_per_second":	1.4882e+07,
			"retransmits":	0
		},
		"sum_received":	{
			"start":	0,
			"end":	5.00101,
			"seconds":	5.00101,
			"bytes":	9303160,
			"bits_per_second":	1.4882e+07
		},
		"cpu_utilization_percent":	{
			"host_total":	0.299984,
			"host_user":	0.174744,
			"host_system":	0.12522,
			"remote_total":	1.35538,
			"remote_user":	1.3554,
			"remote_system":	0
		}
	}
}
