{
	"start":	{
		"connected":	[{
				"socket":	4,
				"local_host":	"10.0.0.4",
				"local_port":	57071,
				"remote_host":	"10.0.0.13",
				"remote_port":	4022
			}],
		"version":	"iperf 3.0.7",
		"system_info":	"Linux BS4 5.4.197-0504197-generic #202206060747 SMP Mon Jun 6 09:27:47 UTC 2022 x86_64 x86_64 x86_64 GNU/Linux\n",
		"timestamp":	{
			"time":	"Mon, 25 Jul 2022 21:42:41 GMT",
			"timesecs":	1658785361
		},
		"connecting_to":	{
			"host":	"10.0.0.13",
			"port":	4022
		},
		"cookie":	"BS4.1658785361.207778.16e0b9c33015be",
		"test_start":	{
			"protocol":	"UDP",
			"num_streams":	1,
			"blksize":	8192,
			"omit":	0,
			"duration":	9,
			"bytes":	0,
			"blocks":	0,
			"reverse":	0
		}
	},
	"intervals":	[{
			"streams":	[{
					"socket":	4,
					"start":	0,
					"end":	1.00043,
					"seconds":	1.00043,
					"bytes":	5652480,
					"bits_per_second":	4.52003e+07,
					"packets":	690,
					"omitted":	false
				}],
			"sum":	{
				"start":	0,
				"end":	1.00043,
				"seconds":	1.00043,
				"bytes":	5652480,
				"bits_per_second":	4.52003e+07,
				"packets":	690,
				"omitted":	false
			}
		}, {
			"streams":	[{
					"socket":	4,
					"start":	1.00043,
					"end":	2.00036,
					"seconds":	0.999928,
					"bytes":	6258688,
					"bits_per_second":	5.00731e+07,
					"packets":	764,
					"omitted":	false
				}],
			"sum":	{
				"start":	1.00043,
				"end":	2.00036,
				"seconds":	0.999928,
				"bytes":	6258688,
				"bits_per_second":	5.00731e+07,
				"packets":	764,
				"omitted":	false
			}
		}, {
			"streams":	[{
					"socket":	4,
					"start":	2.00036,
					"end":	3.0004,
					"seconds":	1.00004,
					"bytes":	6266880,
					"bits_per_second":	5.01331e+07,
					"packets":	765,
					"omitted":	false
				}],
			"sum":	{
				"start":	2.00036,
				"end":	3.0004,
				"seconds":	1.00004,
				"bytes":	6266880,
				"bits_per_second":	5.01331e+07,
				"packets":	765,
				"omitted":	false
			}
		}, {
			"streams":	[{
					"socket":	4,
					"start":	3.0004,
					"end":	4.00104,
					"seconds":	1.00064,
					"bytes":	6242304,
					"bits_per_second":	4.99065e+07,
					"packets":	762,
					"omitted":	false
				}],
			"sum":	{
				"start":	3.0004,
				"end":	4.00104,
				"seconds":	1.00064,
				"bytes":	6242304,
				"bits_per_second":	4.99065e+07,
				"packets":	762,
				"omitted":	false
			}
		}, {
			"streams":	[{
					"socket":	4,
					"start":	4.00104,
					"end":	5.00059,
					"seconds":	0.999549,
					"bytes":	6291456,
					"bits_per_second":	5.03544e+07,
					"packets":	768,
					"omitted":	false
				}],
			"sum":	{
				"start":	4.00104,
				"end":	5.00059,
				"seconds":	0.999549,
				"bytes":	6291456,
				"bits_per_second":	5.03544e+07,
				"packets":	768,
				"omitted":	false
			}
		}, {
			"streams":	[{
					"socket":	4,
					"start":	5.00059,
					"end":	6.00067,
					"seconds":	1.00009,
					"bytes":	6389760,
					"bits_per_second":	5.11137e+07,
					"packets":	780,
					"omitted":	false
				}],
			"sum":	{
				"start":	5.00059,
				"end":	6.00067,
				"seconds":	1.00009,
				"bytes":	6389760,
				"bits_per_second":	5.11137e+07,
				"packets":	780,
				"omitted":	false
			}
		}, {
			"streams":	[{
					"socket":	4,
					"start":	6.00067,
					"end":	7.00028,
					"seconds":	0.999608,
					"bytes":	6144000,
					"bits_per_second":	4.91713e+07,
					"packets":	750,
					"omitted":	false
				}],
			"sum":	{
				"start":	6.00067,
				"end":	7.00028,
				"seconds":	0.999608,
				"bytes":	6144000,
				"bits_per_second":	4.91713e+07,
				"packets":	750,
				"omitted":	false
			}
		}, {
			"streams":	[{
					"socket":	4,
					"start":	7.00028,
					"end":	8.00024,
					"seconds":	0.999958,
					"bytes":	6152192,
					"bits_per_second":	4.92196e+07,
					"packets":	751,
					"omitted":	false
				}],
			"sum":	{
				"start":	7.00028,
				"end":	8.00024,
				"seconds":	0.999958,
				"bytes":	6152192,
				"bits_per_second":	4.92196e+07,
				"packets":	751,
				"omitted":	false
			}
		}, {
			"streams":	[{
					"socket":	4,
					"start":	8.00024,
					"end":	9.00035,
					"seconds":	1.00011,
					"bytes":	6356992,
					"bits_per_second":	5.08503e+07,
					"packets":	776,
					"omitted":	false
				}],
			"sum":	{
				"start":	8.00024,
				"end":	9.00035,
				"seconds":	1.00011,
				"bytes":	6356992,
				"bits_per_second":	5.08503e+07,
				"packets":	776,
				"omitted":	false
			}
		}],
	"end":	{
		"streams":	[{
				"udp":	{
					"socket":	4,
					"start":	0,
					"end":	9.00035,
					"seconds":	9.00035,
					"bytes":	55754752,
					"bits_per_second":	4.95578e+07,
					"jitter_ms":	0.655992,
					"lost_packets":	154,
					"packets":	6806,
					"lost_percent":	2.26271
				}
			}],
		"sum":	{
			"start":	0,
			"end":	9.00035,
			"seconds":	9.00035,
			"bytes":	55754752,
			"bits_per_second":	4.95578e+07,
			"jitter_ms":	0.655992,
			"lost_packets":	154,
			"packets":	6806,
			"lost_percent":	2.26271
		},
		"cpu_utilization_percent":	{
			"host_total":	9.94481,
			"host_user":	0.460995,
			"host_system":	9.48384,
			"remote_total":	5.45763,
			"remote_user":	1.01029,
			"remote_system":	4.44736
		}
	}
}
