{
	"start":	{
		"connected":	[{
				"socket":	4,
				"local_host":	"10.0.0.1",
				"local_port":	50810,
				"remote_host":	"10.0.0.8",
				"remote_port":	2978
			}],
		"version":	"iperf 3.0.7",
		"system_info":	"Linux H1 5.4.197-0504197-generic #202206060747 SMP Mon Jun 6 09:27:47 UTC 2022 x86_64 x86_64 x86_64 GNU/Linux\n",
		"timestamp":	{
			"time":	"Fri, 22 Jul 2022 16:29:06 GMT",
			"timesecs":	1658507346
		},
		"connecting_to":	{
			"host":	"10.0.0.8",
			"port":	2978
		},
		"cookie":	"H1.1658507346.962025.3f854fe9218e0e6",
		"tcp_mss_default":	1448,
		"test_start":	{
			"protocol":	"TCP",
			"num_streams":	1,
			"blksize":	131072,
			"omit":	0,
			"duration":	5,
			"bytes":	0,
			"blocks":	0,
			"reverse":	0
		}
	},
	"intervals":	[{
			"streams":	[{
					"socket":	4,
					"start":	0,
					"end":	1.00087,
					"seconds":	1.00087,
					"bytes":	1689400,
					"bits_per_second":	1.35035e+07,
					"retransmits":	0,
					"snd_cwnd":	94120,
					"omitted":	false
				}],
			"sum":	{
				"start":	0,
				"end":	1.00087,
				"seconds":	1.00087,
				"bytes":	1689400,
				"bits_per_second":	1.35035e+07,
				"retransmits":	0,
				"omitted":	false
			}
		}, {
			"streams":	[{
					"socket":	4,
					"start":	1.00087,
					"end":	2.00038,
					"seconds":	0.999518,
					"bytes":	1966080,
					"bits_per_second":	1.57362e+07,
					"retransmits":	0,
					"snd_cwnd":	130320,
					"omitted":	false
				}],
			"sum":	{
				"start":	1.00087,
				"end":	2.00038,
				"seconds":	0.999518,
				"bytes":	1966080,
				"bits_per_second":	1.57362e+07,
				"retransmits":	0,
				"omitted":	false
			}
		}, {
			"streams":	[{
					"socket":	4,
					"start":	2.00038,
					"end":	3.00135,
					"seconds":	1.00097,
					"bytes":	1835008,
					"bits_per_second":	1.46659e+07,
					"retransmits":	0,
					"snd_cwnd":	166520,
					"omitted":	false
				}],
			"sum":	{
				"start":	2.00038,
				"end":	3.00135,
				"seconds":	1.00097,
				"bytes":	1835008,
				"bits_per_second":	1.46659e+07,
				"retransmits":	0,
				"omitted":	false
			}
		}, {
			"streams":	[{
					"socket":	4,
					"start":	3.00135,
					"end":	4.0003,
					"seconds":	0.998953,
					"bytes":	1835008,
					"bits_per_second":	1.46955e+07,
					"retransmits":	0,
					"snd_cwnd":	175208,
					"omitted":	false
				}],
			"sum":	{
				"start":	3.00135,
				"end":	4.0003,
				"seconds":	0.998953,
				"bytes":	1835008,
				"bits_per_second":	1.46955e+07,
				"retransmits":	0,
				"omitted":	false
			}
		}, {
			"streams":	[{
					"socket":	4,
					"start":	4.0003,
					"end":	5.00106,
					"seconds":	1.00076,
					"bytes":	1966080,
					"bits_per_second":	1.57168e+07,
					"retransmits":	0,
					"snd_cwnd":	183896,
					"omitted":	false
				}],
			"sum":	{
				"start":	4.0003,
				"end":	5.00106,
				"seconds":	1.00076,
				"bytes":	1966080,
				"bits_per_second":	1.57168e+07,
				"retransmits":	0,
				"omitted":	false
			}
		}],
	"end":	{
		"streams":	[{
				"sender":	{
					"socket":	4,
					"start":	0,
					"end":	5.00106,
					"seconds":	5.00106,
					"bytes":	9291576,
					"bits_per_second":	1.48634e+07,
					"retransmits":	0
				},
				"receiver":	{
					"socket":	4,
					"start":	0,
					"end":	5.00106,
					"seconds":	5.00106,
					"bytes":	9291576,
					"bits_per_second":	1.48634e+07
				}
			}],
		"sum_sent":	{
			"start":	0,
			"end":	5.00106,
			"seconds":	5.00106,
			"bytes":	9291576,
			"bits_per_second":	1.48634e+07,
			"retransmits":	0
		},
		"sum_received":	{
			"start":	0,
			"end":	5.00106,
			"seconds":	5.00106,
			"bytes":	9291576,
			"bits_per_second":	1.48634e+07
		},
		"cpu_utilization_percent":	{
			"host_total":	0.497195,
			"host_user":	0.00890951,
			"host_system":	0.488125,
			"remote_total":	1.44287,
			"remote_user":	1.04953,
			"remote_system":	0.393257
		}
	}
}
