{
	"start":	{
		"connected":	[{
				"socket":	4,
				"local_host":	"10.0.0.3",
				"local_port":	60188,
				"remote_host":	"10.0.0.10",
				"remote_port":	1986
			}],
		"version":	"iperf 3.0.7",
		"system_info":	"Linux BS3 5.4.197-0504197-generic #202206060747 SMP Mon Jun 6 09:27:47 UTC 2022 x86_64 x86_64 x86_64 GNU/Linux\n",
		"timestamp":	{
			"time":	"Mon, 25 Jul 2022 21:43:25 GMT",
			"timesecs":	1658785405
		},
		"connecting_to":	{
			"host":	"10.0.0.10",
			"port":	1986
		},
		"cookie":	"BS3.1658785405.616318.59a579f55edc77",
		"tcp_mss_default":	1448,
		"test_start":	{
			"protocol":	"TCP",
			"num_streams":	1,
			"blksize":	131072,
			"omit":	0,
			"duration":	6,
			"bytes":	0,
			"blocks":	0,
			"reverse":	0
		}
	},
	"intervals":	[{
			"streams":	[{
					"socket":	4,
					"start":	0,
					"end":	1.00027,
					"seconds":	1.00027,
					"bytes":	22665960,
					"bits_per_second":	1.81279e+08,
					"retransmits":	0,
					"snd_cwnd":	1379944,
					"omitted":	false
				}],
			"sum":	{
				"start":	0,
				"end":	1.00027,
				"seconds":	1.00027,
				"bytes":	22665960,
				"bits_per_second":	1.81279e+08,
				"retransmits":	0,
				"omitted":	false
			}
		}, {
			"streams":	[{
					"socket":	4,
					"start":	1.00027,
					"end":	2.00045,
					"seconds":	1.00019,
					"bytes":	25034752,
					"bits_per_second":	2.00241e+08,
					"retransmits":	0,
					"snd_cwnd":	2632464,
					"omitted":	false
				}],
			"sum":	{
				"start":	1.00027,
				"end":	2.00045,
				"seconds":	1.00019,
				"bytes":	25034752,
				"bits_per_second":	2.00241e+08,
				"retransmits":	0,
				"omitted":	false
			}
		}, {
			"streams":	[{
					"socket":	4,
					"start":	2.00045,
					"end":	3.00037,
					"seconds":	0.999919,
					"bytes":	24903680,
					"bits_per_second":	1.99246e+08,
					"retransmits":	0,
					"snd_cwnd":	2632464,
					"omitted":	false
				}],
			"sum":	{
				"start":	2.00045,
				"end":	3.00037,
				"seconds":	0.999919,
				"bytes":	24903680,
				"bits_per_second":	1.99246e+08,
				"retransmits":	0,
				"omitted":	false
			}
		}, {
			"streams":	[{
					"socket":	4,
					"start":	3.00037,
					"end":	4.00045,
					"seconds":	1.00008,
					"bytes":	25034752,
					"bits_per_second":	2.00262e+08,
					"retransmits":	0,
					"snd_cwnd":	2632464,
					"omitted":	false
				}],
			"sum":	{
				"start":	3.00037,
				"end":	4.00045,
				"seconds":	1.00008,
				"bytes":	25034752,
				"bits_per_second":	2.00262e+08,
				"retransmits":	0,
				"omitted":	false
			}
		}, {
			"streams":	[{
					"socket":	4,
					"start":	4.00045,
					"end":	5.0003,
					"seconds":	0.999847,
					"bytes":	24903680,
					"bits_per_second":	1.9926e+08,
					"retransmits":	0,
					"snd_cwnd":	2632464,
					"omitted":	false
				}],
			"sum":	{
				"start":	4.00045,
				"end":	5.0003,
				"seconds":	0.999847,
				"bytes":	24903680,
				"bits_per_second":	1.9926e+08,
				"retransmits":	0,
				"omitted":	false
			}
		}, {
			"streams":	[{
					"socket":	4,
					"start":	5.0003,
					"end":	6.00036,
					"seconds":	1.00006,
					"bytes":	25034752,
					"bits_per_second":	2.00266e+08,
					"retransmits":	0,
					"snd_cwnd":	2632464,
					"omitted":	false
				}],
			"sum":	{
				"start":	5.0003,
				"end":	6.00036,
				"seconds":	1.00006,
				"bytes":	25034752,
				"bits_per_second":	2.00266e+08,
				"retransmits":	0,
				"omitted":	false
			}
		}],
	"end":	{
		"streams":	[{
				"sender":	{
					"socket":	4,
					"start":	0,
					"end":	6.00036,
					"seconds":	6.00036,
					"bytes":	147577576,
					"bits_per_second":	1.96758e+08,
					"retransmits":	0
				},
				"receiver":	{
					"socket":	4,
					"start":	0,
					"end":	6.00036,
					"seconds":	6.00036,
					"bytes":	147577576,
					"bits_per_second":	1.96758e+08
				}
			}],
		"sum_sent":	{
			"start":	0,
			"end":	6.00036,
			"seconds":	6.00036,
			"bytes":	147577576,
			"bits_per_second":	1.96758e+08,
			"retransmits":	0
		},
		"sum_received":	{
			"start":	0,
			"end":	6.00036,
			"seconds":	6.00036,
			"bytes":	147577576,
			"bits_per_second":	1.96758e+08
		},
		"cpu_utilization_percent":	{
			"host_total":	2.72549,
			"host_user":	0.931005,
			"host_system":	1.79445,
			"remote_total":	3.91003,
			"remote_user":	0.936288,
			"remote_system":	2.97369
		}
	}
}
