{
	"start":	{
		"connected":	[{
				"socket":	4,
				"local_host":	"10.0.0.5",
				"local_port":	44978,
				"remote_host":	"10.0.0.13",
				"remote_port":	2832
			}],
		"version":	"iperf 3.0.7",
		"system_info":	"Linux BS5 5.4.197-0504197-generic #202206060747 SMP Mon Jun 6 09:27:47 UTC 2022 x86_64 x86_64 x86_64 GNU/Linux\n",
		"timestamp":	{
			"time":	"Mon, 25 Jul 2022 21:50:27 GMT",
			"timesecs":	1658785827
		},
		"connecting_to":	{
			"host":	"10.0.0.13",
			"port":	2832
		},
		"cookie":	"BS5.1658785827.131074.430779db58a295",
		"tcp_mss_default":	1448,
		"test_start":	{
			"protocol":	"TCP",
			"num_streams":	1,
			"blksize":	131072,
			"omit":	0,
			"duration":	3,
			"bytes":	0,
			"blocks":	0,
			"reverse":	0
		}
	},
	"intervals":	[{
			"streams":	[{
					"socket":	4,
					"start":	0,
					"end":	1.00045,
					"seconds":	1.00045,
					"bytes":	9952728,
					"bits_per_second":	7.95863e+07,
					"retransmits":	7,
					"snd_cwnd":	406888,
					"omitted":	false
				}],
			"sum":	{
				"start":	0,
				"end":	1.00045,
				"seconds":	1.00045,
				"bytes":	9952728,
				"bits_per_second":	7.95863e+07,
				"retransmits":	7,
				"omitted":	false
			}
		}, {
			"streams":	[{
					"socket":	4,
					"start":	1.00045,
					"end":	2.00009,
					"seconds":	0.999643,
					"bytes":	14548992,
					"bits_per_second":	1.16433e+08,
					"retransmits":	0,
					"snd_cwnd":	432952,
					"omitted":	false
				}],
			"sum":	{
				"start":	1.00045,
				"end":	2.00009,
				"seconds":	0.999643,
				"bytes":	14548992,
				"bits_per_second":	1.16433e+08,
				"retransmits":	0,
				"omitted":	false
			}
		}, {
			"streams":	[{
					"socket":	4,
					"start":	2.00009,
					"end":	3.00055,
					"seconds":	1.00046,
					"bytes":	11927552,
					"bits_per_second":	9.53764e+07,
					"retransmits":	0,
					"snd_cwnd":	453224,
					"omitted":	false
				}],
			"sum":	{
				"start":	2.00009,
				"end":	3.00055,
				"seconds":	1.00046,
				"bytes":	11927552,
				"bits_per_second":	9.53764e+07,
				"retransmits":	0,
				"omitted":	false
			}
		}],
	"end":	{
		"streams":	[{
				"sender":	{
					"socket":	4,
					"start":	0,
					"end":	3.00055,
					"seconds":	3.00055,
					"bytes":	36429272,
					"bits_per_second":	9.71269e+07,
					"retransmits":	7
				},
				"receiver":	{
					"socket":	4,
					"start":	0,
					"end":	3.00055,
					"seconds":	3.00055,
					"bytes":	36429272,
					"bits_per_second":	9.71269e+07
				}
			}],
		"sum_sent":	{
			"start":	0,
			"end":	3.00055,
			"seconds":	3.00055,
			"bytes":	36429272,
			"bits_per_second":	9.71269e+07,
			"retransmits":	7
		},
		"sum_received":	{
			"start":	0,
			"end":	3.00055,
			"seconds":	3.00055,
			"bytes":	36429272,
			"bits_per_second":	9.71269e+07
		},
		"cpu_utilization_percent":	{
			"host_total":	2.53338,
			"host_user":	0.422161,
			"host_system":	2.11103,
			"remote_total":	4.96968,
			"remote_user":	0.463917,
			"remote_system":	4.50547
		}
	}
}
