{
	"start":	{
		"connected":	[{
				"socket":	4,
				"local_host":	"10.0.0.5",
				"local_port":	54522,
				"remote_host":	"10.0.0.13",
				"remote_port":	1185
			}],
		"version":	"iperf 3.0.7",
		"system_info":	"Linux BS5 5.4.197-0504197-generic #202206060747 SMP Mon Jun 6 09:27:47 UTC 2022 x86_64 x86_64 x86_64 GNU/Linux\n",
		"timestamp":	{
			"time":	"Mon, 25 Jul 2022 21:44:36 GMT",
			"timesecs":	1658785476
		},
		"connecting_to":	{
			"host":	"10.0.0.13",
			"port":	1185
		},
		"cookie":	"BS5.1658785476.062547.0eb4103948af11",
		"test_start":	{
			"protocol":	"UDP",
			"num_streams":	1,
			"blksize":	8192,
			"omit":	0,
			"duration":	8,
			"bytes":	0,
			"blocks":	0,
			"reverse":	0
		}
	},
	"intervals":	[{
			"streams":	[{
					"socket":	4,
					"start":	0,
					"end":	1.00452,
					"seconds":	1.00452,
					"bytes":	2818048,
					"bits_per_second":	2.24429e+07,
					"packets":	344,
					"omitted":	false
				}],
			"sum":	{
				"start":	0,
				"end":	1.00452,
				"seconds":	1.00452,
				"bytes":	2818048,
				"bits_per_second":	2.24429e+07,
				"packets":	344,
				"omitted":	false
			}
		}, {
			"streams":	[{
					"socket":	4,
					"start":	1.00452,
					"end":	2.00036,
					"seconds":	0.995839,
					"bytes":	3153920,
					"bits_per_second":	2.53368e+07,
					"packets":	385,
					"omitted":	false
				}],
			"sum":	{
				"start":	1.00452,
				"end":	2.00036,
				"seconds":	0.995839,
				"bytes":	3153920,
				"bits_per_second":	2.53368e+07,
				"packets":	385,
				"omitted":	false
			}
		}, {
			"streams":	[{
					"socket":	4,
					"start":	2.00036,
					"end":	3.00018,
					"seconds":	0.999817,
					"bytes":	3104768,
					"bits_per_second":	2.48427e+07,
					"packets":	379,
					"omitted":	false
				}],
			"sum":	{
				"start":	2.00036,
				"end":	3.00018,
				"seconds":	0.999817,
				"bytes":	3104768,
				"bits_per_second":	2.48427e+07,
				"packets":	379,
				"omitted":	false
			}
		}, {
			"streams":	[{
					"socket":	4,
					"start":	3.00018,
					"end":	4.00052,
					"seconds":	1.00034,
					"bytes":	3145728,
					"bits_per_second":	2.51572e+07,
					"packets":	384,
					"omitted":	false
				}],
			"sum":	{
				"start":	3.00018,
				"end":	4.00052,
				"seconds":	1.00034,
				"bytes":	3145728,
				"bits_per_second":	2.51572e+07,
				"packets":	384,
				"omitted":	false
			}
		}, {
			"streams":	[{
					"socket":	4,
					"start":	4.00052,
					"end":	5.00049,
					"seconds":	0.999974,
					"bytes":	3096576,
					"bits_per_second":	2.47733e+07,
					"packets":	378,
					"omitted":	false
				}],
			"sum":	{
				"start":	4.00052,
				"end":	5.00049,
				"seconds":	0.999974,
				"bytes":	3096576,
				"bits_per_second":	2.47733e+07,
				"packets":	378,
				"omitted":	false
			}
		}, {
			"streams":	[{
					"socket":	4,
					"start":	5.00049,
					"end":	6.0005,
					"seconds":	1.00001,
					"bytes":	3129344,
					"bits_per_second":	2.50344e+07,
					"packets":	382,
					"omitted":	false
				}],
			"sum":	{
				"start":	5.00049,
				"end":	6.0005,
				"seconds":	1.00001,
				"bytes":	3129344,
				"bits_per_second":	2.50344e+07,
				"packets":	382,
				"omitted":	false
			}
		}, {
			"streams":	[{
					"socket":	4,
					"start":	6.0005,
					"end":	7.00035,
					"seconds":	0.999848,
					"bytes":	3121152,
					"bits_per_second":	2.4973e+07,
					"packets":	381,
					"omitted":	false
				}],
			"sum":	{
				"start":	6.0005,
				"end":	7.00035,
				"seconds":	0.999848,
				"bytes":	3121152,
				"bits_per_second":	2.4973e+07,
				"packets":	381,
				"omitted":	false
			}
		}, {
			"streams":	[{
					"socket":	4,
					"start":	7.00035,
					"end":	8.0008,
					"seconds":	1.00044,
					"bytes":	3129344,
					"bits_per_second":	2.50236e+07,
					"packets":	382,
					"omitted":	false
				}],
			"sum":	{
				"start":	7.00035,
				"end":	8.0008,
				"seconds":	1.00044,
				"bytes":	3129344,
				"bits_per_second":	2.50236e+07,
				"packets":	382,
				"omitted":	false
			}
		}],
	"end":	{
		"streams":	[{
				"udp":	{
					"socket":	4,
					"start":	0,
					"end":	8.0008,
					"seconds":	8.0008,
					"bytes":	24698880,
					"bits_per_second":	2.46964e+07,
					"jitter_ms":	0.657271,
					"lost_packets":	4,
					"packets":	3015,
					"lost_percent":	0.13267
				}
			}],
		"sum":	{
			"start":	0,
			"end":	8.0008,
			"seconds":	8.0008,
			"bytes":	24698880,
			"bits_per_second":	2.46964e+07,
			"jitter_ms":	0.657271,
			"lost_packets":	4,
			"packets":	3015,
			"lost_percent":	0.13267
		},
		"cpu_utilization_percent":	{
			"host_total":	2.98612,
			"host_user":	0.103705,
			"host_system":	2.88225,
			"remote_total":	2.22352,
			"remote_user":	0.157616,
			"remote_system":	2.06592
		}
	}
}
