{
	"start":	{
		"connected":	[{
				"socket":	4,
				"local_host":	"10.0.0.5",
				"local_port":	60542,
				"remote_host":	"10.0.0.18",
				"remote_port":	1971
			}],
		"version":	"iperf 3.0.7",
		"system_info":	"Linux BS5 5.4.197-0504197-generic #202206060747 SMP Mon Jun 6 09:27:47 UTC 2022 x86_64 x86_64 x86_64 GNU/Linux\n",
		"timestamp":	{
			"time":	"Mon, 25 Jul 2022 21:50:58 GMT",
			"timesecs":	1658785858
		},
		"connecting_to":	{
			"host":	"10.0.0.18",
			"port":	1971
		},
		"cookie":	"BS5.1658785858.852899.0d3211064ab993",
		"tcp_mss_default":	1448,
		"test_start":	{
			"protocol":	"TCP",
			"num_streams":	1,
			"blksize":	131072,
			"omit":	0,
			"duration":	17,
			"bytes":	0,
			"blocks":	0,
			"reverse":	0
		}
	},
	"intervals":	[{
			"streams":	[{
					"socket":	4,
					"start":	0,
					"end":	1.00351,
					"seconds":	1.00351,
					"bytes":	2874840,
					"bits_per_second":	2.29182e+07,
					"retransmits":	0,
					"snd_cwnd":	412680,
					"omitted":	false
				}],
			"sum":	{
				"start":	0,
				"end":	1.00351,
				"seconds":	1.00351,
				"bytes":	2874840,
				"bits_per_second":	2.29182e+07,
				"retransmits":	0,
				"omitted":	false
			}
		}, {
			"streams":	[{
					"socket":	4,
					"start":	1.00351,
					"end":	2.0004,
					"seconds":	0.996882,
					"bytes":	3145728,
					"bits_per_second":	2.52445e+07,
					"retransmits":	0,
					"snd_cwnd":	412680,
					"omitted":	false
				}],
			"sum":	{
				"start":	1.00351,
				"end":	2.0004,
				"seconds":	0.996882,
				"bytes":	3145728,
				"bits_per_second":	2.52445e+07,
				"retransmits":	0,
				"omitted":	false
			}
		}, {
			"streams":	[{
					"socket":	4,
					"start":	2.0004,
					"end":	3.00019,
					"seconds":	0.999798,
					"bytes":	3145728,
					"bits_per_second":	2.51709e+07,
					"retransmits":	0,
					"snd_cwnd":	412680,
					"omitted":	false
				}],
			"sum":	{
				"start":	2.0004,
				"end":	3.00019,
				"seconds":	0.999798,
				"bytes":	3145728,
				"bits_per_second":	2.51709e+07,
				"retransmits":	0,
				"omitted":	false
			}
		}, {
			"streams":	[{
					"socket":	4,
					"start":	3.00019,
					"end":	4.00337,
					"seconds":	1.00318,
					"bytes":	3145728,
					"bits_per_second":	2.50862e+07,
					"retransmits":	0,
					"snd_cwnd":	412680,
					"omitted":	false
				}],
			"sum":	{
				"start":	3.00019,
				"end":	4.00337,
				"seconds":	1.00318,
				"bytes":	3145728,
				"bits_per_second":	2.50862e+07,
				"retransmits":	0,
				"omitted":	false
			}
		}, {
			"streams":	[{
					"socket":	4,
					"start":	4.00337,
					"end":	5.00029,
					"seconds":	0.996919,
					"bytes":	3014656,
					"bits_per_second":	2.41918e+07,
					"retransmits":	0,
					"snd_cwnd":	412680,
					"omitted":	false
				}],
			"sum":	{
				"start":	4.00337,
				"end":	5.00029,
				"seconds":	0.996919,
				"bytes":	3014656,
				"bits_per_second":	2.41918e+07,
				"retransmits":	0,
				"omitted":	false
			}
		}, {
			"streams":	[{
					"socket":	4,
					"start":	5.00029,
					"end":	6.00029,
					"seconds":	1,
					"bytes":	3145728,
					"bits_per_second":	2.51658e+07,
					"retransmits":	0,
					"snd_cwnd":	412680,
					"omitted":	false
				}],
			"sum":	{
				"start":	5.00029,
				"end":	6.00029,
				"seconds":	1,
				"bytes":	3145728,
				"bits_per_second":	2.51658e+07,
				"retransmits":	0,
				"omitted":	false
			}
		}, {
			"streams":	[{
					"socket":	4,
					"start":	6.00029,
					"end":	7.0076,
					"seconds":	1.00731,
					"bytes":	3145728,
					"bits_per_second":	2.49831e+07,
					"retransmits":	0,
					"snd_cwnd":	412680,
					"omitted":	false
				}],
			"sum":	{
				"start":	6.00029,
				"end":	7.0076,
				"seconds":	1.00731,
				"bytes":	3145728,
				"bits_per_second":	2.49831e+07,
				"retransmits":	0,
				"omitted":	false
			}
		}, {
			"streams":	[{
					"socket":	4,
					"start":	7.0076,
					"end":	8.00042,
					"seconds":	0.992818,
					"bytes":	3145728,
					"bits_per_second":	2.53479e+07,
					"retransmits":	0,
					"snd_cwnd":	412680,
					"omitted":	false
				}],
			"sum":	{
				"start":	7.0076,
				"end":	8.00042,
				"seconds":	0.992818,
				"bytes":	3145728,
				"bits_per_second":	2.53479e+07,
				"retransmits":	0,
				"omitted":	false
			}
		}, {
			"streams":	[{
					"socket":	4,
					"start":	8.00042,
					"end":	9.00048,
					"seconds":	1.00006,
					"bytes":	3145728,
					"bits_per_second":	2.51643e+07,
					"retransmits":	0,
					"snd_cwnd":	412680,
					"omitted":	false
				}],
			"sum":	{
				"start":	8.00042,
				"end":	9.00048,
				"seconds":	1.00006,
				"bytes":	3145728,
				"bits_per_second":	2.51643e+07,
				"retransmits":	0,
				"omitted":	false
			}
		}, {
			"streams":	[{
					"socket":	4,
					"start":	9.00048,
					"end":	10.0031,
					"seconds":	1.00267,
					"bytes":	3145728,
					"bits_per_second":	2.50989e+07,
					"retransmits":	0,
					"snd_cwnd":	412680,
					"omitted":	false
				}],
			"sum":	{
				"start":	9.00048,
				"end":	10.0031,
				"seconds":	1.00267,
				"bytes":	3145728,
				"bits_per_second":	2.50989e+07,
				"retransmits":	0,
				"omitted":	false
			}
		}, {
			"streams":	[{
					"socket":	4,
					"start":	10.0031,
					"end":	11.0006,
					"seconds":	0.997453,
					"bytes":	3014656,
					"bits_per_second":	2.41788e+07,
					"retransmits":	0,
					"snd_cwnd":	412680,
					"omitted":	false
				}],
			"sum":	{
				"start":	10.0031,
				"end":	11.0006,
				"seconds":	0.997453,
				"bytes":	3014656,
				"bits_per_second":	2.41788e+07,
				"retransmits":	0,
				"omitted":	false
			}
		}, {
			"streams":	[{
					"socket":	4,
					"start":	11.0006,
					"end":	12.0037,
					"seconds":	1.00305,
					"bytes":	3145728,
					"bits_per_second":	2.50892e+07,
					"retransmits":	0,
					"snd_cwnd":	412680,
					"omitted":	false
				}],
			"sum":	{
				"start":	11.0006,
				"end":	12.0037,
				"seconds":	1.00305,
				"bytes":	3145728,
				"bits_per_second":	2.50892e+07,
				"retransmits":	0,
				"omitted":	false
			}
		}, {
			"streams":	[{
					"socket":	4,
					"start":	12.0037,
					"end":	13.0005,
					"seconds":	0.996888,
					"bytes":	3145728,
					"bits_per_second":	2.52444e+07,
					"retransmits":	0,
					"snd_cwnd":	412680,
					"omitted":	false
				}],
			"sum":	{
				"start":	12.0037,
				"end":	13.0005,
				"seconds":	0.996888,
				"bytes":	3145728,
				"bits_per_second":	2.52444e+07,
				"retransmits":	0,
				"omitted":	false
			}
		}, {
			"streams":	[{
					"socket":	4,
					"start":	13.0005,
					"end":	14.0005,
					"seconds":	0.999935,
					"bytes":	3145728,
					"bits_per_second":	2.51675e+07,
					"retransmits":	0,
					"snd_cwnd":	412680,
					"omitted":	false
				}],
			"sum":	{
				"start":	13.0005,
				"end":	14.0005,
				"seconds":	0.999935,
				"bytes":	3145728,
				"bits_per_second":	2.51675e+07,
				"retransmits":	0,
				"omitted":	false
			}
		}, {
			"streams":	[{
					"socket":	4,
					"start":	14.0005,
					"end":	15.0005,
					"seconds":	1.00004,
					"bytes":	3145728,
					"bits_per_second":	2.51647e+07,
					"retransmits":	0,
					"snd_cwnd":	412680,
					"omitted":	false
				}],
			"sum":	{
				"start":	14.0005,
				"end":	15.0005,
				"seconds":	1.00004,
				"bytes":	3145728,
				"bits_per_second":	2.51647e+07,
				"retransmits":	0,
				"omitted":	false
			}
		}, {
			"streams":	[{
					"socket":	4,
					"start":	15.0005,
					"end":	16.0034,
					"seconds":	1.00288,
					"bytes":	3145728,
					"bits_per_second":	2.50937e+07,
					"retransmits":	0,
					"snd_cwnd":	412680,
					"omitted":	false
				}],
			"sum":	{
				"start":	15.0005,
				"end":	16.0034,
				"seconds":	1.00288,
				"bytes":	3145728,
				"bits_per_second":	2.50937e+07,
				"retransmits":	0,
				"omitted":	false
			}
		}, {
			"streams":	[{
					"socket":	4,
					"start":	16.0034,
					"end":	17.0003,
					"seconds":	0.996955,
					"bytes":	3145728,
					"bits_per_second":	2.52427e+07,
					"retransmits":	0,
					"snd_cwnd":	412680,
					"omitted":	false
				}],
			"sum":	{
				"start":	16.0034,
				"end":	17.0003,
				"seconds":	0.996955,
				"bytes":	3145728,
				"bits_per_second":	2.52427e+07,
				"retransmits":	0,
				"omitted":	false
			}
		}],
	"end":	{
		"streams":	[{
				"sender":	{
					"socket":	4,
					"start":	0,
					"end":	17.0003,
					"seconds":	17.0003,
					"bytes":	52944344,
					"bits_per_second":	2.49145e+07,
					"retransmits":	0
				},
				"receiver":	{
					"socket":	4,
					"start":	0,
					"end":	17.0003,
					"seconds":	17.0003,
					"bytes":	52944344,
					"bits_per_second":	2.49145e+07
				}
			}],
		"sum_sent":	{
			"start":	0,
			"end":	17.0003,
			"seconds":	17.0003,
			"bytes":	52944344,
			"bits_per_second":	2.49145e+07,
			"retransmits":	0
		},
		"sum_received":	{
			"start":	0,
			"end":	17.0003,
			"seconds":	17.0003,
			"bytes":	52944344,
			"bits_per_second":	2.49145e+07
		},
		"cpu_utilization_percent":	{
			"host_total":	1.10256,
			"host_user":	0.147911,
			"host_system":	0.95464,
			"remote_total":	2.23332,
			"remote_user":	0.209311,
			"remote_system":	2.02401
		}
	}
}
