{
	"start":	{
		"connected":	[{
				"socket":	5,
				"local_host":	"10.0.0.5",
				"local_port":	56020,
				"remote_host":	"10.0.0.11",
				"remote_port":	2918
			}],
		"version":	"iperf 3.7",
		"system_info":	"Linux H5 5.4.197-0504197-generic #202206060747 SMP Mon Jun 6 09:27:47 UTC 2022 x86_64",
		"timestamp":	{
			"time":	"Mon, 01 Aug 2022 00:26:32 GMT",
			"timesecs":	1659313592
		},
		"connecting_to":	{
			"host":	"10.0.0.11",
			"port":	2918
		},
		"cookie":	"jhkbsfbn2hhnkucxoqyhlsw6sluh3rkhfm47",
		"tcp_mss_default":	1448,
		"target_bitrate":	15000000,
		"sock_bufsize":	0,
		"sndbuf_actual":	87380,
		"rcvbuf_actual":	87380,
		"test_start":	{
			"protocol":	"TCP",
			"num_streams":	1,
			"blksize":	131072,
			"omit":	0,
			"duration":	5,
			"bytes":	0,
			"blocks":	0,
			"reverse":	0,
			"tos":	0
		}
	},
	"intervals":	[{
			"streams":	[{
					"socket":	5,
					"start":	0,
					"end":	1.000114,
					"seconds":	1.0001139640808105,
					"bytes":	1966080,
					"bits_per_second":	15726847.704257337,
					"retransmits":	0,
					"snd_cwnd":	79640,
					"rtt":	4194,
					"rttvar":	1913,
					"pmtu":	1500,
					"omitted":	false,
					"sender":	true
				}],
			"sum":	{
				"start":	0,
				"end":	1.000114,
				"seconds":	1.0001139640808105,
				"bytes":	1966080,
				"bits_per_second":	15726847.704257337,
				"retransmits":	0,
				"omitted":	false,
				"sender":	true
			}
		}, {
			"streams":	[{
					"socket":	5,
					"start":	1.000114,
					"end":	2.000872,
					"seconds":	1.0007580518722534,
					"bytes":	1835008,
					"bits_per_second":	14668944.179400824,
					"retransmits":	0,
					"snd_cwnd":	86880,
					"rtt":	4007,
					"rttvar":	1181,
					"pmtu":	1500,
					"omitted":	false,
					"sender":	true
				}],
			"sum":	{
				"start":	1.000114,
				"end":	2.000872,
				"seconds":	1.0007580518722534,
				"bytes":	1835008,
				"bits_per_second":	14668944.179400824,
				"retransmits":	0,
				"omitted":	false,
				"sender":	true
			}
		}, {
			"streams":	[{
					"socket":	5,
					"start":	2.000872,
					"end":	3.000515,
					"seconds":	0.99964302778244019,
					"bytes":	1835008,
					"bits_per_second":	14685306.2463363,
					"retransmits":	0,
					"snd_cwnd":	95568,
					"rtt":	4298,
					"rttvar":	1504,
					"pmtu":	1500,
					"omitted":	false,
					"sender":	true
				}],
			"sum":	{
				"start":	2.000872,
				"end":	3.000515,
				"seconds":	0.99964302778244019,
				"bytes":	1835008,
				"bits_per_second":	14685306.2463363,
				"retransmits":	0,
				"omitted":	false,
				"sender":	true
			}
		}, {
			"streams":	[{
					"socket":	5,
					"start":	3.000515,
					"end":	4.000237,
					"seconds":	0.99972200393676758,
					"bytes":	1966080,
					"bits_per_second":	15733013.715875795,
					"retransmits":	0,
					"snd_cwnd":	101360,
					"rtt":	4358,
					"rttvar":	1554,
					"pmtu":	1500,
					"omitted":	false,
					"sender":	true
				}],
			"sum":	{
				"start":	3.000515,
				"end":	4.000237,
				"seconds":	0.99972200393676758,
				"bytes":	1966080,
				"bits_per_second":	15733013.715875795,
				"retransmits":	0,
				"omitted":	false,
				"sender":	true
			}
		}, {
			"streams":	[{
					"socket":	5,
					"start":	4.000237,
					"end":	5.000952,
					"seconds":	1.0007150173187256,
					"bytes":	1835008,
					"bits_per_second":	14669574.999816786,
					"retransmits":	0,
					"snd_cwnd":	107152,
					"rtt":	4414,
					"rttvar":	1650,
					"pmtu":	1500,
					"omitted":	false,
					"sender":	true
				}],
			"sum":	{
				"start":	4.000237,
				"end":	5.000952,
				"seconds":	1.0007150173187256,
				"bytes":	1835008,
				"bits_per_second":	14669574.999816786,
				"retransmits":	0,
				"omitted":	false,
				"sender":	true
			}
		}],
	"end":	{
		"streams":	[{
				"sender":	{
					"socket":	5,
					"start":	0,
					"end":	5.000952,
					"seconds":	5.000952,
					"bytes":	9437184,
					"bits_per_second":	15096620.003551325,
					"retransmits":	0,
					"max_snd_cwnd":	107152,
					"max_rtt":	4414,
					"min_rtt":	4007,
					"mean_rtt":	4254,
					"sender":	true
				},
				"receiver":	{
					"socket":	5,
					"start":	0,
					"end":	5.00134,
					"seconds":	5.000952,
					"bytes":	9437184,
					"bits_per_second":	15095448.819716316,
					"sender":	true
				}
			}],
		"sum_sent":	{
			"start":	0,
			"end":	5.000952,
			"seconds":	5.000952,
			"bytes":	9437184,
			"bits_per_second":	15096620.003551325,
			"retransmits":	0,
			"sender":	true
		},
		"sum_received":	{
			"start":	0,
			"end":	5.00134,
			"seconds":	5.00134,
			"bytes":	9437184,
			"bits_per_second":	15095448.819716316,
			"sender":	true
		},
		"cpu_utilization_percent":	{
			"host_total":	5.0474924213370862,
			"host_user":	0,
			"host_system":	5.0475723597685063,
			"remote_total":	2.1110780904495132,
			"remote_user":	2.111137966733136,
			"remote_system":	0
		},
		"sender_tcp_congestion":	"cubic",
		"receiver_tcp_congestion":	"cubic"
	}
}
