{
	"start":	{
		"connected":	[{
				"socket":	4,
				"local_host":	"10.0.0.3",
				"local_port":	60186,
				"remote_host":	"10.0.0.8",
				"remote_port":	2130
			}],
		"version":	"iperf 3.0.7",
		"system_info":	"Linux BS3 5.4.197-0504197-generic #202206060747 SMP Mon Jun 6 09:27:47 UTC 2022 x86_64 x86_64 x86_64 GNU/Linux\n",
		"timestamp":	{
			"time":	"Mon, 25 Jul 2022 21:48:28 GMT",
			"timesecs":	1658785708
		},
		"connecting_to":	{
			"host":	"10.0.0.8",
			"port":	2130
		},
		"cookie":	"BS3.1658785708.530683.2ed12370248810",
		"test_start":	{
			"protocol":	"UDP",
			"num_streams":	1,
			"blksize":	8192,
			"omit":	0,
			"duration":	10,
			"bytes":	0,
			"blocks":	0,
			"reverse":	0
		}
	},
	"intervals":	[{
			"streams":	[{
					"socket":	4,
					"start":	0,
					"end":	1.00048,
					"seconds":	1.00048,
					"bytes":	2818048,
					"bits_per_second":	2.25335e+07,
					"packets":	344,
					"omitted":	false
				}],
			"sum":	{
				"start":	0,
				"end":	1.00048,
				"seconds":	1.00048,
				"bytes":	2818048,
				"bits_per_second":	2.25335e+07,
				"packets":	344,
				"omitted":	false
			}
		}, {
			"streams":	[{
					"socket":	4,
					"start":	1.00048,
					"end":	2.0018,
					"seconds":	1.00132,
					"bytes":	3244032,
					"bits_per_second":	2.59181e+07,
					"packets":	396,
					"omitted":	false
				}],
			"sum":	{
				"start":	1.00048,
				"end":	2.0018,
				"seconds":	1.00132,
				"bytes":	3244032,
				"bits_per_second":	2.59181e+07,
				"packets":	396,
				"omitted":	false
			}
		}, {
			"streams":	[{
					"socket":	4,
					"start":	2.0018,
					"end":	3.00048,
					"seconds":	0.998684,
					"bytes":	3063808,
					"bits_per_second":	2.45428e+07,
					"packets":	374,
					"omitted":	false
				}],
			"sum":	{
				"start":	2.0018,
				"end":	3.00048,
				"seconds":	0.998684,
				"bytes":	3063808,
				"bits_per_second":	2.45428e+07,
				"packets":	374,
				"omitted":	false
			}
		}, {
			"streams":	[{
					"socket":	4,
					"start":	3.00048,
					"end":	4.00038,
					"seconds":	0.9999,
					"bytes":	3072000,
					"bits_per_second":	2.45785e+07,
					"packets":	375,
					"omitted":	false
				}],
			"sum":	{
				"start":	3.00048,
				"end":	4.00038,
				"seconds":	0.9999,
				"bytes":	3072000,
				"bits_per_second":	2.45785e+07,
				"packets":	375,
				"omitted":	false
			}
		}, {
			"streams":	[{
					"socket":	4,
					"start":	4.00038,
					"end":	5.00072,
					"seconds":	1.00033,
					"bytes":	3129344,
					"bits_per_second":	2.50264e+07,
					"packets":	382,
					"omitted":	false
				}],
			"sum":	{
				"start":	4.00038,
				"end":	5.00072,
				"seconds":	1.00033,
				"bytes":	3129344,
				"bits_per_second":	2.50264e+07,
				"packets":	382,
				"omitted":	false
			}
		}, {
			"streams":	[{
					"socket":	4,
					"start":	5.00072,
					"end":	6.0049,
					"seconds":	1.00418,
					"bytes":	3121152,
					"bits_per_second":	2.48653e+07,
					"packets":	381,
					"omitted":	false
				}],
			"sum":	{
				"start":	5.00072,
				"end":	6.0049,
				"seconds":	1.00418,
				"bytes":	3121152,
				"bits_per_second":	2.48653e+07,
				"packets":	381,
				"omitted":	false
			}
		}, {
			"streams":	[{
					"socket":	4,
					"start":	6.0049,
					"end":	7.01591,
					"seconds":	1.01101,
					"bytes":	3137536,
					"bits_per_second":	2.4827e+07,
					"packets":	383,
					"omitted":	false
				}],
			"sum":	{
				"start":	6.0049,
				"end":	7.01591,
				"seconds":	1.01101,
				"bytes":	3137536,
				"bits_per_second":	2.4827e+07,
				"packets":	383,
				"omitted":	false
			}
		}, {
			"streams":	[{
					"socket":	4,
					"start":	7.01591,
					"end":	8.00902,
					"seconds":	0.993116,
					"bytes":	3334144,
					"bits_per_second":	2.6858e+07,
					"packets":	407,
					"omitted":	false
				}],
			"sum":	{
				"start":	7.01591,
				"end":	8.00902,
				"seconds":	0.993116,
				"bytes":	3334144,
				"bits_per_second":	2.6858e+07,
				"packets":	407,
				"omitted":	false
			}
		}, {
			"streams":	[{
					"socket":	4,
					"start":	8.00902,
					"end":	9.00064,
					"seconds":	0.991617,
					"bytes":	2899968,
					"bits_per_second":	2.33959e+07,
					"packets":	354,
					"omitted":	false
				}],
			"sum":	{
				"start":	8.00902,
				"end":	9.00064,
				"seconds":	0.991617,
				"bytes":	2899968,
				"bits_per_second":	2.33959e+07,
				"packets":	354,
				"omitted":	false
			}
		}, {
			"streams":	[{
					"socket":	4,
					"start":	9.00064,
					"end":	10.0052,
					"seconds":	1.00454,
					"bytes":	3129344,
					"bits_per_second":	2.49216e+07,
					"packets":	382,
					"omitted":	false
				}],
			"sum":	{
				"start":	9.00064,
				"end":	10.0052,
				"seconds":	1.00454,
				"bytes":	3129344,
				"bits_per_second":	2.49216e+07,
				"packets":	382,
				"omitted":	false
			}
		}],
	"end":	{
		"streams":	[{
				"udp":	{
					"socket":	4,
					"start":	0,
					"end":	10.0052,
					"seconds":	10.0052,
					"bytes":	30949376,
					"bits_per_second":	2.47467e+07,
					"jitter_ms":	4.08343,
					"lost_packets":	436,
					"packets":	3778,
					"lost_percent":	11.5405
				}
			}],
		"sum":	{
			"start":	0,
			"end":	10.0052,
			"seconds":	10.0052,
			"bytes":	30949376,
			"bits_per_second":	2.47467e+07,
			"jitter_ms":	4.08343,
			"lost_packets":	436,
			"packets":	3778,
			"lost_percent":	11.5405
		},
		"cpu_utilization_percent":	{
			"host_total":	6.07316,
			"host_user":	0.288825,
			"host_system":	5.78432,
			"remote_total":	4.88506,
			"remote_user":	0.3865,
			"remote_system":	4.49859
		}
	}
}
