{
	"start":	{
		"connected":	[{
				"socket":	4,
				"local_host":	"10.0.0.1",
				"local_port":	59646,
				"remote_host":	"10.0.0.13",
				"remote_port":	3042
			}],
		"version":	"iperf 3.0.7",
		"system_info":	"Linux BS1 5.4.197-0504197-generic #202206060747 SMP Mon Jun 6 09:27:47 UTC 2022 x86_64 x86_64 x86_64 GNU/Linux\n",
		"timestamp":	{
			"time":	"Mon, 25 Jul 2022 21:48:26 GMT",
			"timesecs":	1658785706
		},
		"connecting_to":	{
			"host":	"10.0.0.13",
			"port":	3042
		},
		"cookie":	"BS1.1658785706.239222.5068b8697bd912",
		"test_start":	{
			"protocol":	"UDP",
			"num_streams":	1,
			"blksize":	8192,
			"omit":	0,
			"duration":	10,
			"bytes":	0,
			"blocks":	0,
			"reverse":	0
		}
	},
	"intervals":	[{
			"streams":	[{
					"socket":	4,
					"start":	0,
					"end":	1.00437,
					"seconds":	1.00437,
					"bytes":	2834432,
					"bits_per_second":	2.25767e+07,
					"packets":	346,
					"omitted":	false
				}],
			"sum":	{
				"start":	0,
				"end":	1.00437,
				"seconds":	1.00437,
				"bytes":	2834432,
				"bits_per_second":	2.25767e+07,
				"packets":	346,
				"omitted":	false
			}
		}, {
			"streams":	[{
					"socket":	4,
					"start":	1.00437,
					"end":	2.0003,
					"seconds":	0.995927,
					"bytes":	3211264,
					"bits_per_second":	2.57952e+07,
					"packets":	392,
					"omitted":	false
				}],
			"sum":	{
				"start":	1.00437,
				"end":	2.0003,
				"seconds":	0.995927,
				"bytes":	3211264,
				"bits_per_second":	2.57952e+07,
				"packets":	392,
				"omitted":	false
			}
		}, {
			"streams":	[{
					"socket":	4,
					"start":	2.0003,
					"end":	3.00004,
					"seconds":	0.999745,
					"bytes":	3129344,
					"bits_per_second":	2.50411e+07,
					"packets":	382,
					"omitted":	false
				}],
			"sum":	{
				"start":	2.0003,
				"end":	3.00004,
				"seconds":	0.999745,
				"bytes":	3129344,
				"bits_per_second":	2.50411e+07,
				"packets":	382,
				"omitted":	false
			}
		}, {
			"streams":	[{
					"socket":	4,
					"start":	3.00004,
					"end":	4.00075,
					"seconds":	1.0007,
					"bytes":	3022848,
					"bits_per_second":	2.41658e+07,
					"packets":	369,
					"omitted":	false
				}],
			"sum":	{
				"start":	3.00004,
				"end":	4.00075,
				"seconds":	1.0007,
				"bytes":	3022848,
				"bits_per_second":	2.41658e+07,
				"packets":	369,
				"omitted":	false
			}
		}, {
			"streams":	[{
					"socket":	4,
					"start":	4.00075,
					"end":	5.00031,
					"seconds":	0.999565,
					"bytes":	3391488,
					"bits_per_second":	2.71437e+07,
					"packets":	414,
					"omitted":	false
				}],
			"sum":	{
				"start":	4.00075,
				"end":	5.00031,
				"seconds":	0.999565,
				"bytes":	3391488,
				"bits_per_second":	2.71437e+07,
				"packets":	414,
				"omitted":	false
			}
		}, {
			"streams":	[{
					"socket":	4,
					"start":	5.00031,
					"end":	6.00185,
					"seconds":	1.00153,
					"bytes":	2924544,
					"bits_per_second":	2.33605e+07,
					"packets":	357,
					"omitted":	false
				}],
			"sum":	{
				"start":	5.00031,
				"end":	6.00185,
				"seconds":	1.00153,
				"bytes":	2924544,
				"bits_per_second":	2.33605e+07,
				"packets":	357,
				"omitted":	false
			}
		}, {
			"streams":	[{
					"socket":	4,
					"start":	6.00185,
					"end":	7.05141,
					"seconds":	1.04956,
					"bytes":	2129920,
					"bits_per_second":	1.62347e+07,
					"packets":	260,
					"omitted":	false
				}],
			"sum":	{
				"start":	6.00185,
				"end":	7.05141,
				"seconds":	1.04956,
				"bytes":	2129920,
				"bits_per_second":	1.62347e+07,
				"packets":	260,
				"omitted":	false
			}
		}, {
			"streams":	[{
					"socket":	4,
					"start":	7.05141,
					"end":	8.0018,
					"seconds":	0.950394,
					"bytes":	4079616,
					"bits_per_second":	3.43404e+07,
					"packets":	498,
					"omitted":	false
				}],
			"sum":	{
				"start":	7.05141,
				"end":	8.0018,
				"seconds":	0.950394,
				"bytes":	4079616,
				"bits_per_second":	3.43404e+07,
				"packets":	498,
				"omitted":	false
			}
		}, {
			"streams":	[{
					"socket":	4,
					"start":	8.0018,
					"end":	9.00193,
					"seconds":	1.00013,
					"bytes":	3186688,
					"bits_per_second":	2.54903e+07,
					"packets":	389,
					"omitted":	false
				}],
			"sum":	{
				"start":	8.0018,
				"end":	9.00193,
				"seconds":	1.00013,
				"bytes":	3186688,
				"bits_per_second":	2.54903e+07,
				"packets":	389,
				"omitted":	false
			}
		}, {
			"streams":	[{
					"socket":	4,
					"start":	9.00193,
					"end":	10.0006,
					"seconds":	0.998647,
					"bytes":	3137536,
					"bits_per_second":	2.51343e+07,
					"packets":	383,
					"omitted":	false
				}],
			"sum":	{
				"start":	9.00193,
				"end":	10.0006,
				"seconds":	0.998647,
				"bytes":	3137536,
				"bits_per_second":	2.51343e+07,
				"packets":	383,
				"omitted":	false
			}
		}],
	"end":	{
		"streams":	[{
				"udp":	{
					"socket":	4,
					"start":	0,
					"end":	10.0006,
					"seconds":	10.0006,
					"bytes":	31047680,
					"bits_per_second":	2.48367e+07,
					"jitter_ms":	1.84879,
					"lost_packets":	223,
					"packets":	3790,
					"lost_percent":	5.88391
				}
			}],
		"sum":	{
			"start":	0,
			"end":	10.0006,
			"seconds":	10.0006,
			"bytes":	31047680,
			"bits_per_second":	2.48367e+07,
			"jitter_ms":	1.84879,
			"lost_packets":	223,
			"packets":	3790,
			"lost_percent":	5.88391
		},
		"cpu_utilization_percent":	{
			"host_total":	8.6601,
			"host_user":	0.202021,
			"host_system":	8.45807,
			"remote_total":	3.76069,
			"remote_user":	0.245503,
			"remote_system":	3.51517
		}
	}
}
