{
	"start":	{
		"connected":	[{
				"socket":	4,
				"local_host":	"10.0.0.3",
				"local_port":	58380,
				"remote_host":	"10.0.0.8",
				"remote_port":	1221
			}],
		"version":	"iperf 3.0.7",
		"system_info":	"Linux H3 5.4.197-0504197-generic #202206060747 SMP Mon Jun 6 09:27:47 UTC 2022 x86_64 x86_64 x86_64 GNU/Linux\n",
		"timestamp":	{
			"time":	"Fri, 22 Jul 2022 15:01:59 GMT",
			"timesecs":	1658502119
		},
		"connecting_to":	{
			"host":	"10.0.0.8",
			"port":	1221
		},
		"cookie":	"H3.1658502119.459152.5f1bd04e61c3fe1",
		"tcp_mss_default":	1448,
		"test_start":	{
			"protocol":	"TCP",
			"num_streams":	1,
			"blksize":	131072,
			"omit":	0,
			"duration":	5,
			"bytes":	0,
			"blocks":	0,
			"reverse":	0
		}
	},
	"intervals":	[{
			"streams":	[{
					"socket":	4,
					"start":	0,
					"end":	1.00111,
					"seconds":	1.00111,
					"bytes":	1819024,
					"bits_per_second":	1.45361e+07,
					"retransmits":	0,
					"snd_cwnd":	88328,
					"omitted":	false
				}],
			"sum":	{
				"start":	0,
				"end":	1.00111,
				"seconds":	1.00111,
				"bytes":	1819024,
				"bits_per_second":	1.45361e+07,
				"retransmits":	0,
				"omitted":	false
			}
		}, {
			"streams":	[{
					"socket":	4,
					"start":	1.00111,
					"end":	2.00078,
					"seconds":	0.999675,
					"bytes":	1835008,
					"bits_per_second":	1.46848e+07,
					"retransmits":	0,
					"snd_cwnd":	114392,
					"omitted":	false
				}],
			"sum":	{
				"start":	1.00111,
				"end":	2.00078,
				"seconds":	0.999675,
				"bytes":	1835008,
				"bits_per_second":	1.46848e+07,
				"retransmits":	0,
				"omitted":	false
			}
		}, {
			"streams":	[{
					"socket":	4,
					"start":	2.00078,
					"end":	3.00118,
					"seconds":	1.0004,
					"bytes":	1835008,
					"bits_per_second":	1.46742e+07,
					"retransmits":	0,
					"snd_cwnd":	128872,
					"omitted":	false
				}],
			"sum":	{
				"start":	2.00078,
				"end":	3.00118,
				"seconds":	1.0004,
				"bytes":	1835008,
				"bits_per_second":	1.46742e+07,
				"retransmits":	0,
				"omitted":	false
			}
		}, {
			"streams":	[{
					"socket":	4,
					"start":	3.00118,
					"end":	4.00088,
					"seconds":	0.999699,
					"bytes":	1835008,
					"bits_per_second":	1.46845e+07,
					"retransmits":	0,
					"snd_cwnd":	150592,
					"omitted":	false
				}],
			"sum":	{
				"start":	3.00118,
				"end":	4.00088,
				"seconds":	0.999699,
				"bytes":	1835008,
				"bits_per_second":	1.46845e+07,
				"retransmits":	0,
				"omitted":	false
			}
		}, {
			"streams":	[{
					"socket":	4,
					"start":	4.00088,
					"end":	5.00099,
					"seconds":	1.00011,
					"bytes":	1966080,
					"bits_per_second":	1.57269e+07,
					"retransmits":	0,
					"snd_cwnd":	186792,
					"omitted":	false
				}],
			"sum":	{
				"start":	4.00088,
				"end":	5.00099,
				"seconds":	1.00011,
				"bytes":	1966080,
				"bits_per_second":	1.57269e+07,
				"retransmits":	0,
				"omitted":	false
			}
		}],
	"end":	{
		"streams":	[{
				"sender":	{
					"socket":	4,
					"start":	0,
					"end":	5.00099,
					"seconds":	5.00099,
					"bytes":	9290128,
					"bits_per_second":	1.48613e+07,
					"retransmits":	0
				},
				"receiver":	{
					"socket":	4,
					"start":	0,
					"end":	5.00099,
					"seconds":	5.00099,
					"bytes":	9290128,
					"bits_per_second":	1.48613e+07
				}
			}],
		"sum_sent":	{
			"start":	0,
			"end":	5.00099,
			"seconds":	5.00099,
			"bytes":	9290128,
			"bits_per_second":	1.48613e+07,
			"retransmits":	0
		},
		"sum_received":	{
			"start":	0,
			"end":	5.00099,
			"seconds":	5.00099,
			"bytes":	9290128,
			"bits_per_second":	1.48613e+07
		},
		"cpu_utilization_percent":	{
			"host_total":	1.03437,
			"host_user":	0.322086,
			"host_system":	0.71218,
			"remote_total":	3.70644,
			"remote_user":	0.636338,
			"remote_system":	3.07006
		}
	}
}
