{
	"start":	{
		"connected":	[{
				"socket":	4,
				"local_host":	"10.0.0.7",
				"local_port":	59370,
				"remote_host":	"10.0.0.16",
				"remote_port":	2229
			}],
		"version":	"iperf 3.0.7",
		"system_info":	"Linux BS7 5.4.197-0504197-generic #202206060747 SMP Mon Jun 6 09:27:47 UTC 2022 x86_64 x86_64 x86_64 GNU/Linux\n",
		"timestamp":	{
			"time":	"Mon, 25 Jul 2022 21:48:32 GMT",
			"timesecs":	1658785712
		},
		"connecting_to":	{
			"host":	"10.0.0.16",
			"port":	2229
		},
		"cookie":	"BS7.1658785712.159512.55f79029556c6d",
		"tcp_mss_default":	1448,
		"test_start":	{
			"protocol":	"TCP",
			"num_streams":	1,
			"blksize":	131072,
			"omit":	0,
			"duration":	2,
			"bytes":	0,
			"blocks":	0,
			"reverse":	0
		}
	},
	"intervals":	[{
			"streams":	[{
					"socket":	4,
					"start":	0,
					"end":	1.00892,
					"seconds":	1.00892,
					"bytes":	10978832,
					"bits_per_second":	8.70545e+07,
					"retransmits":	0,
					"snd_cwnd":	735584,
					"omitted":	false
				}],
			"sum":	{
				"start":	0,
				"end":	1.00892,
				"seconds":	1.00892,
				"bytes":	10978832,
				"bits_per_second":	8.70545e+07,
				"retransmits":	0,
				"omitted":	false
			}
		}, {
			"streams":	[{
					"socket":	4,
					"start":	1.00892,
					"end":	2.01195,
					"seconds":	1.00304,
					"bytes":	12189696,
					"bits_per_second":	9.72222e+07,
					"retransmits":	0,
					"snd_cwnd":	805088,
					"omitted":	false
				}],
			"sum":	{
				"start":	1.00892,
				"end":	2.01195,
				"seconds":	1.00304,
				"bytes":	12189696,
				"bits_per_second":	9.72222e+07,
				"retransmits":	0,
				"omitted":	false
			}
		}],
	"end":	{
		"streams":	[{
				"sender":	{
					"socket":	4,
					"start":	0,
					"end":	2.01195,
					"seconds":	2.01195,
					"bytes":	23168528,
					"bits_per_second":	9.21235e+07,
					"retransmits":	0
				},
				"receiver":	{
					"socket":	4,
					"start":	0,
					"end":	2.01195,
					"seconds":	2.01195,
					"bytes":	19336592,
					"bits_per_second":	7.68868e+07
				}
			}],
		"sum_sent":	{
			"start":	0,
			"end":	2.01195,
			"seconds":	2.01195,
			"bytes":	23168528,
			"bits_per_second":	9.21235e+07,
			"retransmits":	0
		},
		"sum_received":	{
			"start":	0,
			"end":	2.01195,
			"seconds":	2.01195,
			"bytes":	19336592,
			"bits_per_second":	7.68868e+07
		},
		"cpu_utilization_percent":	{
			"host_total":	7.34111,
			"host_user":	1.98119,
			"host_system":	5.35988,
			"remote_total":	6.3491,
			"remote_user":	0.486555,
			"remote_system":	5.86238
		}
	}
}
