{
	"start":	{
		"connected":	[{
				"socket":	4,
				"local_host":	"10.0.0.6",
				"local_port":	40842,
				"remote_host":	"10.0.0.8",
				"remote_port":	3729
			}],
		"version":	"iperf 3.0.7",
		"system_info":	"Linux BS6 5.4.197-0504197-generic #202206060747 SMP Mon Jun 6 09:27:47 UTC 2022 x86_64 x86_64 x86_64 GNU/Linux\n",
		"timestamp":	{
			"time":	"Mon, 25 Jul 2022 21:46:25 GMT",
			"timesecs":	1658785585
		},
		"connecting_to":	{
			"host":	"10.0.0.8",
			"port":	3729
		},
		"cookie":	"BS6.1658785585.831090.5818d31f45bab9",
		"tcp_mss_default":	1448,
		"test_start":	{
			"protocol":	"TCP",
			"num_streams":	1,
			"blksize":	131072,
			"omit":	0,
			"duration":	55,
			"bytes":	0,
			"blocks":	0,
			"reverse":	0
		}
	},
	"intervals":	[{
			"streams":	[{
					"socket":	4,
					"start":	0,
					"end":	1.00047,
					"seconds":	1.00047,
					"bytes":	11306888,
					"bits_per_second":	9.04128e+07,
					"retransmits":	2,
					"snd_cwnd":	1178672,
					"omitted":	false
				}],
			"sum":	{
				"start":	0,
				"end":	1.00047,
				"seconds":	1.00047,
				"bytes":	11306888,
				"bits_per_second":	9.04128e+07,
				"retransmits":	2,
				"omitted":	false
			}
		}, {
			"streams":	[{
					"socket":	4,
					"start":	1.00047,
					"end":	2.0004,
					"seconds":	0.999935,
					"bytes":	12582912,
					"bits_per_second":	1.0067e+08,
					"retransmits":	0,
					"snd_cwnd":	1184464,
					"omitted":	false
				}],
			"sum":	{
				"start":	1.00047,
				"end":	2.0004,
				"seconds":	0.999935,
				"bytes":	12582912,
				"bits_per_second":	1.0067e+08,
				"retransmits":	0,
				"omitted":	false
			}
		}, {
			"streams":	[{
					"socket":	4,
					"start":	2.0004,
					"end":	3.00051,
					"seconds":	1.00011,
					"bytes":	12451840,
					"bits_per_second":	9.96037e+07,
					"retransmits":	0,
					"snd_cwnd":	1188808,
					"omitted":	false
				}],
			"sum":	{
				"start":	2.0004,
				"end":	3.00051,
				"seconds":	1.00011,
				"bytes":	12451840,
				"bits_per_second":	9.96037e+07,
				"retransmits":	0,
				"omitted":	false
			}
		}, {
			"streams":	[{
					"socket":	4,
					"start":	3.00051,
					"end":	4.00037,
					"seconds":	0.999854,
					"bytes":	12451840,
					"bits_per_second":	9.96293e+07,
					"retransmits":	0,
					"snd_cwnd":	1193152,
					"omitted":	false
				}],
			"sum":	{
				"start":	3.00051,
				"end":	4.00037,
				"seconds":	0.999854,
				"bytes":	12451840,
				"bits_per_second":	9.96293e+07,
				"retransmits":	0,
				"omitted":	false
			}
		}, {
			"streams":	[{
					"socket":	4,
					"start":	4.00037,
					"end":	5.00047,
					"seconds":	1.0001,
					"bytes":	12582912,
					"bits_per_second":	1.00653e+08,
					"retransmits":	0,
					"snd_cwnd":	1197496,
					"omitted":	false
				}],
			"sum":	{
				"start":	4.00037,
				"end":	5.00047,
				"seconds":	1.0001,
				"bytes":	12582912,
				"bits_per_second":	1.00653e+08,
				"retransmits":	0,
				"omitted":	false
			}
		}, {
			"streams":	[{
					"socket":	4,
					"start":	5.00047,
					"end":	6.00045,
					"seconds":	0.99998,
					"bytes":	12582912,
					"bits_per_second":	1.00665e+08,
					"retransmits":	0,
					"snd_cwnd":	1201840,
					"omitted":	false
				}],
			"sum":	{
				"start":	5.00047,
				"end":	6.00045,
				"seconds":	0.99998,
				"bytes":	12582912,
				"bits_per_second":	1.00665e+08,
				"retransmits":	0,
				"omitted":	false
			}
		}, {
			"streams":	[{
					"socket":	4,
					"start":	6.00045,
					"end":	7.00047,
					"seconds":	1.00002,
					"bytes":	12451840,
					"bits_per_second":	9.96125e+07,
					"retransmits":	0,
					"snd_cwnd":	1204736,
					"omitted":	false
				}],
			"sum":	{
				"start":	6.00045,
				"end":	7.00047,
				"seconds":	1.00002,
				"bytes":	12451840,
				"bits_per_second":	9.96125e+07,
				"retransmits":	0,
				"omitted":	false
			}
		}, {
			"streams":	[{
					"socket":	4,
					"start":	7.00047,
					"end":	8.00043,
					"seconds":	0.99996,
					"bytes":	12451840,
					"bits_per_second":	9.96187e+07,
					"retransmits":	0,
					"snd_cwnd":	1207632,
					"omitted":	false
				}],
			"sum":	{
				"start":	7.00047,
				"end":	8.00043,
				"seconds":	0.99996,
				"bytes":	12451840,
				"bits_per_second":	9.96187e+07,
				"retransmits":	0,
				"omitted":	false
			}
		}, {
			"streams":	[{
					"socket":	4,
					"start":	8.00043,
					"end":	9.00063,
					"seconds":	1.0002,
					"bytes":	12451840,
					"bits_per_second":	9.95949e+07,
					"retransmits":	0,
					"snd_cwnd":	1211976,
					"omitted":	false
				}],
			"sum":	{
				"start":	8.00043,
				"end":	9.00063,
				"seconds":	1.0002,
				"bytes":	12451840,
				"bits_per_second":	9.95949e+07,
				"retransmits":	0,
				"omitted":	false
			}
		}, {
			"streams":	[{
					"socket":	4,
					"start":	9.00063,
					"end":	10.0007,
					"seconds":	1.00006,
					"bytes":	12582912,
					"bits_per_second":	1.00658e+08,
					"retransmits":	0,
					"snd_cwnd":	1216320,
					"omitted":	false
				}],
			"sum":	{
				"start":	9.00063,
				"end":	10.0007,
				"seconds":	1.00006,
				"bytes":	12582912,
				"bits_per_second":	1.00658e+08,
				"retransmits":	0,
				"omitted":	false
			}
		}, {
			"streams":	[{
					"socket":	4,
					"start":	10.0007,
					"end":	11.0002,
					"seconds":	0.999513,
					"bytes":	12451840,
					"bits_per_second":	9.96633e+07,
					"retransmits":	0,
					"snd_cwnd":	1219216,
					"omitted":	false
				}],
			"sum":	{
				"start":	10.0007,
				"end":	11.0002,
				"seconds":	0.999513,
				"bytes":	12451840,
				"bits_per_second":	9.96633e+07,
				"retransmits":	0,
				"omitted":	false
			}
		}, {
			"streams":	[{
					"socket":	4,
					"start":	11.0002,
					"end":	12.0007,
					"seconds":	1.00053,
					"bytes":	12582912,
					"bits_per_second":	1.0061e+08,
					"retransmits":	0,
					"snd_cwnd":	1223560,
					"omitted":	false
				}],
			"sum":	{
				"start":	11.0002,
				"end":	12.0007,
				"seconds":	1.00053,
				"bytes":	12582912,
				"bits_per_second":	1.0061e+08,
				"retransmits":	0,
				"omitted":	false
			}
		}, {
			"streams":	[{
					"socket":	4,
					"start":	12.0007,
					"end":	13.0017,
					"seconds":	1.00097,
					"bytes":	12451840,
					"bits_per_second":	9.95183e+07,
					"retransmits":	0,
					"snd_cwnd":	1226456,
					"omitted":	false
				}],
			"sum":	{
				"start":	12.0007,
				"end":	13.0017,
				"seconds":	1.00097,
				"bytes":	12451840,
				"bits_per_second":	9.95183e+07,
				"retransmits":	0,
				"omitted":	false
			}
		}, {
			"streams":	[{
					"socket":	4,
					"start":	13.0017,
					"end":	14.0029,
					"seconds":	1.00124,
					"bytes":	12451840,
					"bits_per_second":	9.94914e+07,
					"retransmits":	0,
					"snd_cwnd":	1230800,
					"omitted":	false
				}],
			"sum":	{
				"start":	13.0017,
				"end":	14.0029,
				"seconds":	1.00124,
				"bytes":	12451840,
				"bits_per_second":	9.94914e+07,
				"retransmits":	0,
				"omitted":	false
			}
		}, {
			"streams":	[{
					"socket":	4,
					"start":	14.0029,
					"end":	15.0013,
					"seconds":	0.998401,
					"bytes":	12582912,
					"bits_per_second":	1.00825e+08,
					"retransmits":	0,
					"snd_cwnd":	1236592,
					"omitted":	false
				}],
			"sum":	{
				"start":	14.0029,
				"end":	15.0013,
				"seconds":	0.998401,
				"bytes":	12582912,
				"bits_per_second":	1.00825e+08,
				"retransmits":	0,
				"omitted":	false
			}
		}, {
			"streams":	[{
					"socket":	4,
					"start":	15.0013,
					"end":	16.0006,
					"seconds":	0.9993,
					"bytes":	12451840,
					"bits_per_second":	9.96845e+07,
					"retransmits":	0,
					"snd_cwnd":	1239488,
					"omitted":	false
				}],
			"sum":	{
				"start":	15.0013,
				"end":	16.0006,
				"seconds":	0.9993,
				"bytes":	12451840,
				"bits_per_second":	9.96845e+07,
				"retransmits":	0,
				"omitted":	false
			}
		}, {
			"streams":	[{
					"socket":	4,
					"start":	16.0006,
					"end":	17.0001,
					"seconds":	0.999468,
					"bytes":	12451840,
					"bits_per_second":	9.96677e+07,
					"retransmits":	0,
					"snd_cwnd":	1243832,
					"omitted":	false
				}],
			"sum":	{
				"start":	16.0006,
				"end":	17.0001,
				"seconds":	0.999468,
				"bytes":	12451840,
				"bits_per_second":	9.96677e+07,
				"retransmits":	0,
				"omitted":	false
			}
		}, {
			"streams":	[{
					"socket":	4,
					"start":	17.0001,
					"end":	18.0002,
					"seconds":	1.00012,
					"bytes":	12582912,
					"bits_per_second":	1.00651e+08,
					"retransmits":	0,
					"snd_cwnd":	1248176,
					"omitted":	false
				}],
			"sum":	{
				"start":	17.0001,
				"end":	18.0002,
				"seconds":	1.00012,
				"bytes":	12582912,
				"bits_per_second":	1.00651e+08,
				"retransmits":	0,
				"omitted":	false
			}
		}, {
			"streams":	[{
					"socket":	4,
					"start":	18.0002,
					"end":	19.0007,
					"seconds":	1.00049,
					"bytes":	12451840,
					"bits_per_second":	9.95664e+07,
					"retransmits":	0,
					"snd_cwnd":	1252520,
					"omitted":	false
				}],
			"sum":	{
				"start":	18.0002,
				"end":	19.0007,
				"seconds":	1.00049,
				"bytes":	12451840,
				"bits_per_second":	9.95664e+07,
				"retransmits":	0,
				"omitted":	false
			}
		}, {
			"streams":	[{
					"socket":	4,
					"start":	19.0007,
					"end":	20.0014,
					"seconds":	1.00068,
					"bytes":	12189696,
					"bits_per_second":	9.74509e+07,
					"retransmits":	377,
					"snd_cwnd":	615400,
					"omitted":	false
				}],
			"sum":	{
				"start":	19.0007,
				"end":	20.0014,
				"seconds":	1.00068,
				"bytes":	12189696,
				"bits_per_second":	9.74509e+07,
				"retransmits":	377,
				"omitted":	false
			}
		}, {
			"streams":	[{
					"socket":	4,
					"start":	20.0014,
					"end":	21.0001,
					"seconds":	0.998706,
					"bytes":	6553600,
					"bits_per_second":	5.24967e+07,
					"retransmits":	105,
					"snd_cwnd":	325800,
					"omitted":	false
				}],
			"sum":	{
				"start":	20.0014,
				"end":	21.0001,
				"seconds":	0.998706,
				"bytes":	6553600,
				"bits_per_second":	5.24967e+07,
				"retransmits":	105,
				"omitted":	false
			}
		}, {
			"streams":	[{
					"socket":	4,
					"start":	21.0001,
					"end":	22.0002,
					"seconds":	1.00015,
					"bytes":	5111808,
					"bits_per_second":	4.08885e+07,
					"retransmits":	3,
					"snd_cwnd":	347520,
					"omitted":	false
				}],
			"sum":	{
				"start":	21.0001,
				"end":	22.0002,
				"seconds":	1.00015,
				"bytes":	5111808,
				"bits_per_second":	4.08885e+07,
				"retransmits":	3,
				"omitted":	false
			}
		}, {
			"streams":	[{
					"socket":	4,
					"start":	22.0002,
					"end":	23.0005,
					"seconds":	1.00027,
					"bytes":	5242880,
					"bits_per_second":	4.19318e+07,
					"retransmits":	5,
					"snd_cwnd":	191136,
					"omitted":	false
				}],
			"sum":	{
				"start":	22.0002,
				"end":	23.0005,
				"seconds":	1.00027,
				"bytes":	5242880,
				"bits_per_second":	4.19318e+07,
				"retransmits":	5,
				"omitted":	false
			}
		}, {
			"streams":	[{
					"socket":	4,
					"start":	23.0005,
					"end":	24.0017,
					"seconds":	1.00115,
					"bytes":	7864320,
					"bits_per_second":	6.2842e+07,
					"retransmits":	0,
					"snd_cwnd":	218648,
					"omitted":	false
				}],
			"sum":	{
				"start":	23.0005,
				"end":	24.0017,
				"seconds":	1.00115,
				"bytes":	7864320,
				"bits_per_second":	6.2842e+07,
				"retransmits":	0,
				"omitted":	false
			}
		}, {
			"streams":	[{
					"socket":	4,
					"start":	24.0017,
					"end":	25.0024,
					"seconds":	1.00069,
					"bytes":	7995392,
					"bits_per_second":	6.39192e+07,
					"retransmits":	0,
					"snd_cwnd":	244712,
					"omitted":	false
				}],
			"sum":	{
				"start":	24.0017,
				"end":	25.0024,
				"seconds":	1.00069,
				"bytes":	7995392,
				"bits_per_second":	6.39192e+07,
				"retransmits":	0,
				"omitted":	false
			}
		}, {
			"streams":	[{
					"socket":	4,
					"start":	25.0024,
					"end":	26.0013,
					"seconds":	0.998974,
					"bytes":	10616832,
					"bits_per_second":	8.50219e+07,
					"retransmits":	0,
					"snd_cwnd":	276568,
					"omitted":	false
				}],
			"sum":	{
				"start":	25.0024,
				"end":	26.0013,
				"seconds":	0.998974,
				"bytes":	10616832,
				"bits_per_second":	8.50219e+07,
				"retransmits":	0,
				"omitted":	false
			}
		}, {
			"streams":	[{
					"socket":	4,
					"start":	26.0013,
					"end":	27.0003,
					"seconds":	0.998982,
					"bytes":	7733248,
					"bits_per_second":	6.1929e+07,
					"retransmits":	4,
					"snd_cwnd":	295392,
					"omitted":	false
				}],
			"sum":	{
				"start":	26.0013,
				"end":	27.0003,
				"seconds":	0.998982,
				"bytes":	7733248,
				"bits_per_second":	6.1929e+07,
				"retransmits":	4,
				"omitted":	false
			}
		}, {
			"streams":	[{
					"socket":	4,
					"start":	27.0003,
					"end":	28.0016,
					"seconds":	1.0013,
					"bytes":	8781824,
					"bits_per_second":	7.01633e+07,
					"retransmits":	0,
					"snd_cwnd":	318560,
					"omitted":	false
				}],
			"sum":	{
				"start":	27.0003,
				"end":	28.0016,
				"seconds":	1.0013,
				"bytes":	8781824,
				"bits_per_second":	7.01633e+07,
				"retransmits":	0,
				"omitted":	false
			}
		}, {
			"streams":	[{
					"socket":	4,
					"start":	28.0016,
					"end":	29.0037,
					"seconds":	1.0021,
					"bytes":	9699328,
					"bits_per_second":	7.74316e+07,
					"retransmits":	0,
					"snd_cwnd":	341728,
					"omitted":	false
				}],
			"sum":	{
				"start":	28.0016,
				"end":	29.0037,
				"seconds":	1.0021,
				"bytes":	9699328,
				"bits_per_second":	7.74316e+07,
				"retransmits":	0,
				"omitted":	false
			}
		}, {
			"streams":	[{
					"socket":	4,
					"start":	29.0037,
					"end":	30.0004,
					"seconds":	0.996639,
					"bytes":	11272192,
					"bits_per_second":	9.04816e+07,
					"retransmits":	0,
					"snd_cwnd":	366344,
					"omitted":	false
				}],
			"sum":	{
				"start":	29.0037,
				"end":	30.0004,
				"seconds":	0.996639,
				"bytes":	11272192,
				"bits_per_second":	9.04816e+07,
				"retransmits":	0,
				"omitted":	false
			}
		}, {
			"streams":	[{
					"socket":	4,
					"start":	30.0004,
					"end":	31.0028,
					"seconds":	1.00242,
					"bytes":	9175040,
					"bits_per_second":	7.32234e+07,
					"retransmits":	0,
					"snd_cwnd":	385168,
					"omitted":	false
				}],
			"sum":	{
				"start":	30.0004,
				"end":	31.0028,
				"seconds":	1.00242,
				"bytes":	9175040,
				"bits_per_second":	7.32234e+07,
				"retransmits":	0,
				"omitted":	false
			}
		}, {
			"streams":	[{
					"socket":	4,
					"start":	31.0028,
					"end":	32.0002,
					"seconds":	0.997403,
					"bytes":	12976128,
					"bits_per_second":	1.04079e+08,
					"retransmits":	0,
					"snd_cwnd":	409784,
					"omitted":	false
				}],
			"sum":	{
				"start":	31.0028,
				"end":	32.0002,
				"seconds":	0.997403,
				"bytes":	12976128,
				"bits_per_second":	1.04079e+08,
				"retransmits":	0,
				"omitted":	false
			}
		}, {
			"streams":	[{
					"socket":	4,
					"start":	32.0002,
					"end":	33.0004,
					"seconds":	1.00025,
					"bytes":	11272192,
					"bits_per_second":	9.01546e+07,
					"retransmits":	0,
					"snd_cwnd":	454672,
					"omitted":	false
				}],
			"sum":	{
				"start":	32.0002,
				"end":	33.0004,
				"seconds":	1.00025,
				"bytes":	11272192,
				"bits_per_second":	9.01546e+07,
				"retransmits":	0,
				"omitted":	false
			}
		}, {
			"streams":	[{
					"socket":	4,
					"start":	33.0004,
					"end":	34.0017,
					"seconds":	1.00122,
					"bytes":	6815744,
					"bits_per_second":	5.44597e+07,
					"retransmits":	0,
					"snd_cwnd":	543000,
					"omitted":	false
				}],
			"sum":	{
				"start":	33.0004,
				"end":	34.0017,
				"seconds":	1.00122,
				"bytes":	6815744,
				"bits_per_second":	5.44597e+07,
				"retransmits":	0,
				"omitted":	false
			}
		}, {
			"streams":	[{
					"socket":	4,
					"start":	34.0017,
					"end":	35.0005,
					"seconds":	0.998804,
					"bytes":	6291456,
					"bits_per_second":	5.03919e+07,
					"retransmits":	4,
					"snd_cwnd":	622640,
					"omitted":	false
				}],
			"sum":	{
				"start":	34.0017,
				"end":	35.0005,
				"seconds":	0.998804,
				"bytes":	6291456,
				"bits_per_second":	5.03919e+07,
				"retransmits":	4,
				"omitted":	false
			}
		}, {
			"streams":	[{
					"socket":	4,
					"start":	35.0005,
					"end":	36.0004,
					"seconds":	0.999955,
					"bytes":	5767168,
					"bits_per_second":	4.61394e+07,
					"retransmits":	1,
					"snd_cwnd":	628432,
					"omitted":	false
				}],
			"sum":	{
				"start":	35.0005,
				"end":	36.0004,
				"seconds":	0.999955,
				"bytes":	5767168,
				"bits_per_second":	4.61394e+07,
				"retransmits":	1,
				"omitted":	false
			}
		}, {
			"streams":	[{
					"socket":	4,
					"start":	36.0004,
					"end":	37.0002,
					"seconds":	0.999766,
					"bytes":	5767168,
					"bits_per_second":	4.61481e+07,
					"retransmits":	0,
					"snd_cwnd":	635672,
					"omitted":	false
				}],
			"sum":	{
				"start":	36.0004,
				"end":	37.0002,
				"seconds":	0.999766,
				"bytes":	5767168,
				"bits_per_second":	4.61481e+07,
				"retransmits":	0,
				"omitted":	false
			}
		}, {
			"streams":	[{
					"socket":	4,
					"start":	37.0002,
					"end":	38.0011,
					"seconds":	1.00097,
					"bytes":	7208960,
					"bits_per_second":	5.76159e+07,
					"retransmits":	0,
					"snd_cwnd":	644360,
					"omitted":	false
				}],
			"sum":	{
				"start":	37.0002,
				"end":	38.0011,
				"seconds":	1.00097,
				"bytes":	7208960,
				"bits_per_second":	5.76159e+07,
				"retransmits":	0,
				"omitted":	false
			}
		}, {
			"streams":	[{
					"socket":	4,
					"start":	38.0011,
					"end":	39.0001,
					"seconds":	0.998956,
					"bytes":	7733248,
					"bits_per_second":	6.19306e+07,
					"retransmits":	14,
					"snd_cwnd":	653048,
					"omitted":	false
				}],
			"sum":	{
				"start":	38.0011,
				"end":	39.0001,
				"seconds":	0.998956,
				"bytes":	7733248,
				"bits_per_second":	6.19306e+07,
				"retransmits":	14,
				"omitted":	false
			}
		}, {
			"streams":	[{
					"socket":	4,
					"start":	39.0001,
					"end":	40.0161,
					"seconds":	1.01604,
					"bytes":	5767168,
					"bits_per_second":	4.54088e+07,
					"retransmits":	0,
					"snd_cwnd":	658840,
					"omitted":	false
				}],
			"sum":	{
				"start":	39.0001,
				"end":	40.0161,
				"seconds":	1.01604,
				"bytes":	5767168,
				"bits_per_second":	4.54088e+07,
				"retransmits":	0,
				"omitted":	false
			}
		}, {
			"streams":	[{
					"socket":	4,
					"start":	40.0161,
					"end":	41.0026,
					"seconds":	0.986437,
					"bytes":	4849664,
					"bits_per_second":	3.93308e+07,
					"retransmits":	0,
					"snd_cwnd":	664632,
					"omitted":	false
				}],
			"sum":	{
				"start":	40.0161,
				"end":	41.0026,
				"seconds":	0.986437,
				"bytes":	4849664,
				"bits_per_second":	3.93308e+07,
				"retransmits":	0,
				"omitted":	false
			}
		}, {
			"streams":	[{
					"socket":	4,
					"start":	41.0026,
					"end":	42.0005,
					"seconds":	0.997898,
					"bytes":	3538944,
					"bits_per_second":	2.83712e+07,
					"retransmits":	3,
					"snd_cwnd":	668976,
					"omitted":	false
				}],
			"sum":	{
				"start":	41.0026,
				"end":	42.0005,
				"seconds":	0.997898,
				"bytes":	3538944,
				"bits_per_second":	2.83712e+07,
				"retransmits":	3,
				"omitted":	false
			}
		}, {
			"streams":	[{
					"socket":	4,
					"start":	42.0005,
					"end":	43.0005,
					"seconds":	0.999977,
					"bytes":	4194304,
					"bits_per_second":	3.35552e+07,
					"retransmits":	6,
					"snd_cwnd":	670424,
					"omitted":	false
				}],
			"sum":	{
				"start":	42.0005,
				"end":	43.0005,
				"seconds":	0.999977,
				"bytes":	4194304,
				"bits_per_second":	3.35552e+07,
				"retransmits":	6,
				"omitted":	false
			}
		}, {
			"streams":	[{
					"socket":	4,
					"start":	43.0005,
					"end":	44.0006,
					"seconds":	1.0001,
					"bytes":	4718592,
					"bits_per_second":	3.7745e+07,
					"retransmits":	0,
					"snd_cwnd":	676216,
					"omitted":	false
				}],
			"sum":	{
				"start":	43.0005,
				"end":	44.0006,
				"seconds":	1.0001,
				"bytes":	4718592,
				"bits_per_second":	3.7745e+07,
				"retransmits":	0,
				"omitted":	false
			}
		}, {
			"streams":	[{
					"socket":	4,
					"start":	44.0006,
					"end":	45.0077,
					"seconds":	1.00718,
					"bytes":	5242880,
					"bits_per_second":	4.1644e+07,
					"retransmits":	0,
					"snd_cwnd":	682008,
					"omitted":	false
				}],
			"sum":	{
				"start":	44.0006,
				"end":	45.0077,
				"seconds":	1.00718,
				"bytes":	5242880,
				"bits_per_second":	4.1644e+07,
				"retransmits":	0,
				"omitted":	false
			}
		}, {
			"streams":	[{
					"socket":	4,
					"start":	45.0077,
					"end":	46.0002,
					"seconds":	0.992415,
					"bytes":	4980736,
					"bits_per_second":	4.01504e+07,
					"retransmits":	0,
					"snd_cwnd":	689248,
					"omitted":	false
				}],
			"sum":	{
				"start":	45.0077,
				"end":	46.0002,
				"seconds":	0.992415,
				"bytes":	4980736,
				"bits_per_second":	4.01504e+07,
				"retransmits":	0,
				"omitted":	false
			}
		}, {
			"streams":	[{
					"socket":	4,
					"start":	46.0002,
					"end":	47.0096,
					"seconds":	1.00941,
					"bytes":	4456448,
					"bits_per_second":	3.53193e+07,
					"retransmits":	0,
					"snd_cwnd":	710968,
					"omitted":	false
				}],
			"sum":	{
				"start":	46.0002,
				"end":	47.0096,
				"seconds":	1.00941,
				"bytes":	4456448,
				"bits_per_second":	3.53193e+07,
				"retransmits":	0,
				"omitted":	false
			}
		}, {
			"streams":	[{
					"socket":	4,
					"start":	47.0096,
					"end":	48.0103,
					"seconds":	1.00076,
					"bytes":	4980736,
					"bits_per_second":	3.98156e+07,
					"retransmits":	0,
					"snd_cwnd":	750064,
					"omitted":	false
				}],
			"sum":	{
				"start":	47.0096,
				"end":	48.0103,
				"seconds":	1.00076,
				"bytes":	4980736,
				"bits_per_second":	3.98156e+07,
				"retransmits":	0,
				"omitted":	false
			}
		}, {
			"streams":	[{
					"socket":	4,
					"start":	48.0103,
					"end":	49.0426,
					"seconds":	1.03228,
					"bytes":	3932160,
					"bits_per_second":	3.04736e+07,
					"retransmits":	21,
					"snd_cwnd":	752960,
					"omitted":	false
				}],
			"sum":	{
				"start":	48.0103,
				"end":	49.0426,
				"seconds":	1.03228,
				"bytes":	3932160,
				"bits_per_second":	3.04736e+07,
				"retransmits":	21,
				"omitted":	false
			}
		}, {
			"streams":	[{
					"socket":	4,
					"start":	49.0426,
					"end":	50.0207,
					"seconds":	0.978122,
					"bytes":	7864320,
					"bits_per_second":	6.43218e+07,
					"retransmits":	19,
					"snd_cwnd":	758752,
					"omitted":	false
				}],
			"sum":	{
				"start":	49.0426,
				"end":	50.0207,
				"seconds":	0.978122,
				"bytes":	7864320,
				"bits_per_second":	6.43218e+07,
				"retransmits":	19,
				"omitted":	false
			}
		}, {
			"streams":	[{
					"socket":	4,
					"start":	50.0207,
					"end":	51.0005,
					"seconds":	0.979759,
					"bytes":	10354688,
					"bits_per_second":	8.45489e+07,
					"retransmits":	0,
					"snd_cwnd":	768888,
					"omitted":	false
				}],
			"sum":	{
				"start":	50.0207,
				"end":	51.0005,
				"seconds":	0.979759,
				"bytes":	10354688,
				"bits_per_second":	8.45489e+07,
				"retransmits":	0,
				"omitted":	false
			}
		}, {
			"streams":	[{
					"socket":	4,
					"start":	51.0005,
					"end":	52.0289,
					"seconds":	1.02846,
					"bytes":	5111808,
					"bits_per_second":	3.97627e+07,
					"retransmits":	11,
					"snd_cwnd":	771784,
					"omitted":	false
				}],
			"sum":	{
				"start":	51.0005,
				"end":	52.0289,
				"seconds":	1.02846,
				"bytes":	5111808,
				"bits_per_second":	3.97627e+07,
				"retransmits":	11,
				"omitted":	false
			}
		}, {
			"streams":	[{
					"socket":	4,
					"start":	52.0289,
					"end":	53.0073,
					"seconds":	0.978369,
					"bytes":	4587520,
					"bits_per_second":	3.75116e+07,
					"retransmits":	404,
					"snd_cwnd":	589336,
					"omitted":	false
				}],
			"sum":	{
				"start":	52.0289,
				"end":	53.0073,
				"seconds":	0.978369,
				"bytes":	4587520,
				"bits_per_second":	3.75116e+07,
				"retransmits":	404,
				"omitted":	false
			}
		}, {
			"streams":	[{
					"socket":	4,
					"start":	53.0073,
					"end":	54.0003,
					"seconds":	0.993022,
					"bytes":	2752512,
					"bits_per_second":	2.21748e+07,
					"retransmits":	32,
					"snd_cwnd":	421368,
					"omitted":	false
				}],
			"sum":	{
				"start":	53.0073,
				"end":	54.0003,
				"seconds":	0.993022,
				"bytes":	2752512,
				"bits_per_second":	2.21748e+07,
				"retransmits":	32,
				"omitted":	false
			}
		}, {
			"streams":	[{
					"socket":	4,
					"start":	54.0003,
					"end":	55.0004,
					"seconds":	1.00011,
					"bytes":	2621440,
					"bits_per_second":	2.09693e+07,
					"retransmits":	26,
					"snd_cwnd":	198376,
					"omitted":	false
				}],
			"sum":	{
				"start":	54.0003,
				"end":	55.0004,
				"seconds":	1.00011,
				"bytes":	2621440,
				"bits_per_second":	2.09693e+07,
				"retransmits":	26,
				"omitted":	false
			}
		}],
	"end":	{
		"streams":	[{
				"sender":	{
					"socket":	4,
					"start":	0,
					"end":	55.0004,
					"seconds":	55.0004,
					"bytes":	482379656,
					"bits_per_second":	7.01638e+07,
					"retransmits":	1037
				},
				"receiver":	{
					"socket":	4,
					"start":	0,
					"end":	55.0004,
					"seconds":	55.0004,
					"bytes":	479298504,
					"bits_per_second":	6.97156e+07
				}
			}],
		"sum_sent":	{
			"start":	0,
			"end":	55.0004,
			"seconds":	55.0004,
			"bytes":	482379656,
			"bits_per_second":	7.01638e+07,
			"retransmits":	1037
		},
		"sum_received":	{
			"start":	0,
			"end":	55.0004,
			"seconds":	55.0004,
			"bytes":	479298504,
			"bits_per_second":	6.97156e+07
		},
		"cpu_utilization_percent":	{
			"host_total":	2.53698,
			"host_user":	0.11616,
			"host_system":	2.42082,
			"remote_total":	5.87707,
			"remote_user":	0.484217,
			"remote_system":	5.39286
		}
	}
}
