{
	"start":	{
		"connected":	[{
				"socket":	4,
				"local_host":	"10.0.0.5",
				"local_port":	42983,
				"remote_host":	"10.0.0.11",
				"remote_port":	3074
			}],
		"version":	"iperf 3.0.7",
		"system_info":	"Linux BS5 5.4.197-0504197-generic #202206060747 SMP Mon Jun 6 09:27:47 UTC 2022 x86_64 x86_64 x86_64 GNU/Linux\n",
		"timestamp":	{
			"time":	"Mon, 25 Jul 2022 21:44:09 GMT",
			"timesecs":	1658785449
		},
		"connecting_to":	{
			"host":	"10.0.0.11",
			"port":	3074
		},
		"cookie":	"BS5.1658785449.424762.75f1a9b454fc1b",
		"test_start":	{
			"protocol":	"UDP",
			"num_streams":	1,
			"blksize":	8192,
			"omit":	0,
			"duration":	2,
			"bytes":	0,
			"blocks":	0,
			"reverse":	0
		}
	},
	"intervals":	[{
			"streams":	[{
					"socket":	4,
					"start":	0,
					"end":	1.0015,
					"seconds":	1.0015,
					"bytes":	21897216,
					"bits_per_second":	1.74915e+08,
					"packets":	2673,
					"omitted":	false
				}],
			"sum":	{
				"start":	0,
				"end":	1.0015,
				"seconds":	1.0015,
				"bytes":	21897216,
				"bits_per_second":	1.74915e+08,
				"packets":	2673,
				"omitted":	false
			}
		}, {
			"streams":	[{
					"socket":	4,
					"start":	1.0015,
					"end":	2.00147,
					"seconds":	0.999963,
					"bytes":	14917632,
					"bits_per_second":	1.19345e+08,
					"packets":	1821,
					"omitted":	false
				}],
			"sum":	{
				"start":	1.0015,
				"end":	2.00147,
				"seconds":	0.999963,
				"bytes":	14917632,
				"bits_per_second":	1.19345e+08,
				"packets":	1821,
				"omitted":	false
			}
		}],
	"end":	{
		"streams":	[{
				"udp":	{
					"socket":	4,
					"start":	0,
					"end":	2.00147,
					"seconds":	2.00147,
					"bytes":	36814848,
					"bits_per_second":	1.47152e+08,
					"jitter_ms":	1.16461,
					"lost_packets":	667,
					"packets":	4493,
					"lost_percent":	14.8453
				}
			}],
		"sum":	{
			"start":	0,
			"end":	2.00147,
			"seconds":	2.00147,
			"bytes":	36814848,
			"bits_per_second":	1.47152e+08,
			"jitter_ms":	1.16461,
			"lost_packets":	667,
			"packets":	4493,
			"lost_percent":	14.8453
		},
		"cpu_utilization_percent":	{
			"host_total":	57.4119,
			"host_user":	2.66215,
			"host_system":	54.7497,
			"remote_total":	11.9551,
			"remote_user":	1.23085,
			"remote_system":	10.7242
		}
	}
}
