{
	"start":	{
		"connected":	[{
				"socket":	4,
				"local_host":	"10.0.0.1",
				"local_port":	49864,
				"remote_host":	"10.0.0.15",
				"remote_port":	2083
			}],
		"version":	"iperf 3.0.7",
		"system_info":	"Linux BS1 5.4.197-0504197-generic #202206060747 SMP Mon Jun 6 09:27:47 UTC 2022 x86_64 x86_64 x86_64 GNU/Linux\n",
		"timestamp":	{
			"time":	"Mon, 25 Jul 2022 21:44:05 GMT",
			"timesecs":	1658785445
		},
		"connecting_to":	{
			"host":	"10.0.0.15",
			"port":	2083
		},
		"cookie":	"BS1.1658785445.197077.2249c4107c739c",
		"test_start":	{
			"protocol":	"UDP",
			"num_streams":	1,
			"blksize":	8192,
			"omit":	0,
			"duration":	2,
			"bytes":	0,
			"blocks":	0,
			"reverse":	0
		}
	},
	"intervals":	[{
			"streams":	[{
					"socket":	4,
					"start":	0,
					"end":	1.00002,
					"seconds":	1.00002,
					"bytes":	23625728,
					"bits_per_second":	1.89002e+08,
					"packets":	2884,
					"omitted":	false
				}],
			"sum":	{
				"start":	0,
				"end":	1.00002,
				"seconds":	1.00002,
				"bytes":	23625728,
				"bits_per_second":	1.89002e+08,
				"packets":	2884,
				"omitted":	false
			}
		}, {
			"streams":	[{
					"socket":	4,
					"start":	1.00002,
					"end":	2.0006,
					"seconds":	1.00058,
					"bytes":	25993216,
					"bits_per_second":	2.07825e+08,
					"packets":	3173,
					"omitted":	false
				}],
			"sum":	{
				"start":	1.00002,
				"end":	2.0006,
				"seconds":	1.00058,
				"bytes":	25993216,
				"bits_per_second":	2.07825e+08,
				"packets":	3173,
				"omitted":	false
			}
		}],
	"end":	{
		"streams":	[{
				"udp":	{
					"socket":	4,
					"start":	0,
					"end":	2.0006,
					"seconds":	2.0006,
					"bytes":	49618944,
					"bits_per_second":	1.98416e+08,
					"jitter_ms":	0.475459,
					"lost_packets":	546,
					"packets":	2069,
					"lost_percent":	26.3896
				}
			}],
		"sum":	{
			"start":	0,
			"end":	2.0006,
			"seconds":	2.0006,
			"bytes":	49618944,
			"bits_per_second":	1.98416e+08,
			"jitter_ms":	0.475459,
			"lost_packets":	546,
			"packets":	2069,
			"lost_percent":	26.3896
		},
		"cpu_utilization_percent":	{
			"host_total":	62.8694,
			"host_user":	1.797,
			"host_system":	61.0724,
			"remote_total":	3.72486,
			"remote_user":	1.46886,
			"remote_system":	2.25605
		}
	}
}
