{
	"start":	{
		"connected":	[{
				"socket":	4,
				"local_host":	"10.0.0.7",
				"local_port":	57308,
				"remote_host":	"10.0.0.14",
				"remote_port":	2855
			}],
		"version":	"iperf 3.0.7",
		"system_info":	"Linux BS7 5.4.197-0504197-generic #202206060747 SMP Mon Jun 6 09:27:47 UTC 2022 x86_64 x86_64 x86_64 GNU/Linux\n",
		"timestamp":	{
			"time":	"Mon, 25 Jul 2022 21:48:29 GMT",
			"timesecs":	1658785709
		},
		"connecting_to":	{
			"host":	"10.0.0.14",
			"port":	2855
		},
		"cookie":	"BS7.1658785709.598682.65d7f4955fa905",
		"test_start":	{
			"protocol":	"UDP",
			"num_streams":	1,
			"blksize":	8192,
			"omit":	0,
			"duration":	10,
			"bytes":	0,
			"blocks":	0,
			"reverse":	0
		}
	},
	"intervals":	[{
			"streams":	[{
					"socket":	4,
					"start":	0,
					"end":	1.00153,
					"seconds":	1.00153,
					"bytes":	2916352,
					"bits_per_second":	2.32952e+07,
					"packets":	356,
					"omitted":	false
				}],
			"sum":	{
				"start":	0,
				"end":	1.00153,
				"seconds":	1.00153,
				"bytes":	2916352,
				"bits_per_second":	2.32952e+07,
				"packets":	356,
				"omitted":	false
			}
		}, {
			"streams":	[{
					"socket":	4,
					"start":	1.00153,
					"end":	2.00861,
					"seconds":	1.00708,
					"bytes":	3153920,
					"bits_per_second":	2.50541e+07,
					"packets":	385,
					"omitted":	false
				}],
			"sum":	{
				"start":	1.00153,
				"end":	2.00861,
				"seconds":	1.00708,
				"bytes":	3153920,
				"bits_per_second":	2.50541e+07,
				"packets":	385,
				"omitted":	false
			}
		}, {
			"streams":	[{
					"socket":	4,
					"start":	2.00861,
					"end":	3.00149,
					"seconds":	0.992881,
					"bytes":	3047424,
					"bits_per_second":	2.45542e+07,
					"packets":	372,
					"omitted":	false
				}],
			"sum":	{
				"start":	2.00861,
				"end":	3.00149,
				"seconds":	0.992881,
				"bytes":	3047424,
				"bits_per_second":	2.45542e+07,
				"packets":	372,
				"omitted":	false
			}
		}, {
			"streams":	[{
					"socket":	4,
					"start":	3.00149,
					"end":	4.03155,
					"seconds":	1.03007,
					"bytes":	2899968,
					"bits_per_second":	2.25225e+07,
					"packets":	354,
					"omitted":	false
				}],
			"sum":	{
				"start":	3.00149,
				"end":	4.03155,
				"seconds":	1.03007,
				"bytes":	2899968,
				"bits_per_second":	2.25225e+07,
				"packets":	354,
				"omitted":	false
			}
		}, {
			"streams":	[{
					"socket":	4,
					"start":	4.03155,
					"end":	5.00049,
					"seconds":	0.968938,
					"bytes":	3465216,
					"bits_per_second":	2.86104e+07,
					"packets":	423,
					"omitted":	false
				}],
			"sum":	{
				"start":	4.03155,
				"end":	5.00049,
				"seconds":	0.968938,
				"bytes":	3465216,
				"bits_per_second":	2.86104e+07,
				"packets":	423,
				"omitted":	false
			}
		}, {
			"streams":	[{
					"socket":	4,
					"start":	5.00049,
					"end":	6.00046,
					"seconds":	0.999972,
					"bytes":	2965504,
					"bits_per_second":	2.37247e+07,
					"packets":	362,
					"omitted":	false
				}],
			"sum":	{
				"start":	5.00049,
				"end":	6.00046,
				"seconds":	0.999972,
				"bytes":	2965504,
				"bits_per_second":	2.37247e+07,
				"packets":	362,
				"omitted":	false
			}
		}, {
			"streams":	[{
					"socket":	4,
					"start":	6.00046,
					"end":	7.00241,
					"seconds":	1.00194,
					"bytes":	3211264,
					"bits_per_second":	2.56403e+07,
					"packets":	392,
					"omitted":	false
				}],
			"sum":	{
				"start":	6.00046,
				"end":	7.00241,
				"seconds":	1.00194,
				"bytes":	3211264,
				"bits_per_second":	2.56403e+07,
				"packets":	392,
				"omitted":	false
			}
		}, {
			"streams":	[{
					"socket":	4,
					"start":	7.00241,
					"end":	8.00063,
					"seconds":	0.998225,
					"bytes":	3325952,
					"bits_per_second":	2.66549e+07,
					"packets":	406,
					"omitted":	false
				}],
			"sum":	{
				"start":	7.00241,
				"end":	8.00063,
				"seconds":	0.998225,
				"bytes":	3325952,
				"bits_per_second":	2.66549e+07,
				"packets":	406,
				"omitted":	false
			}
		}, {
			"streams":	[{
					"socket":	4,
					"start":	8.00063,
					"end":	9.00475,
					"seconds":	1.00412,
					"bytes":	2842624,
					"bits_per_second":	2.26476e+07,
					"packets":	347,
					"omitted":	false
				}],
			"sum":	{
				"start":	8.00063,
				"end":	9.00475,
				"seconds":	1.00412,
				"bytes":	2842624,
				"bits_per_second":	2.26476e+07,
				"packets":	347,
				"omitted":	false
			}
		}, {
			"streams":	[{
					"socket":	4,
					"start":	9.00475,
					"end":	10.003,
					"seconds":	0.998263,
					"bytes":	3153920,
					"bits_per_second":	2.52753e+07,
					"packets":	385,
					"omitted":	false
				}],
			"sum":	{
				"start":	9.00475,
				"end":	10.003,
				"seconds":	0.998263,
				"bytes":	3153920,
				"bits_per_second":	2.52753e+07,
				"packets":	385,
				"omitted":	false
			}
		}],
	"end":	{
		"streams":	[{
				"udp":	{
					"socket":	4,
					"start":	0,
					"end":	10.003,
					"seconds":	10.003,
					"bytes":	30982144,
					"bits_per_second":	2.47782e+07,
					"jitter_ms":	1.25165,
					"lost_packets":	310,
					"packets":	3782,
					"lost_percent":	8.19672
				}
			}],
		"sum":	{
			"start":	0,
			"end":	10.003,
			"seconds":	10.003,
			"bytes":	30982144,
			"bits_per_second":	2.47782e+07,
			"jitter_ms":	1.25165,
			"lost_packets":	310,
			"packets":	3782,
			"lost_percent":	8.19672
		},
		"cpu_utilization_percent":	{
			"host_total":	9.26498,
			"host_user":	0.215673,
			"host_system":	9.04928,
			"remote_total":	4.9735,
			"remote_user":	0.491855,
			"remote_system":	4.48144
		}
	}
}
