{
	"start":	{
		"connected":	[{
				"socket":	4,
				"local_host":	"10.0.0.4",
				"local_port":	58449,
				"remote_host":	"10.0.0.19",
				"remote_port":	3015
			}],
		"version":	"iperf 3.0.7",
		"system_info":	"Linux BS4 5.4.197-0504197-generic #202206060747 SMP Mon Jun 6 09:27:47 UTC 2022 x86_64 x86_64 x86_64 GNU/Linux\n",
		"timestamp":	{
			"time":	"Mon, 25 Jul 2022 21:43:08 GMT",
			"timesecs":	1658785388
		},
		"connecting_to":	{
			"host":	"10.0.0.19",
			"port":	3015
		},
		"cookie":	"BS4.1658785388.318738.750c26ed1c1d8c",
		"test_start":	{
			"protocol":	"UDP",
			"num_streams":	1,
			"blksize":	8192,
			"omit":	0,
			"duration":	1,
			"bytes":	0,
			"blocks":	0,
			"reverse":	0
		}
	},
	"intervals":	[{
			"streams":	[{
					"socket":	4,
					"start":	0,
					"end":	1.00021,
					"seconds":	1.00021,
					"bytes":	16441344,
					"bits_per_second":	1.31503e+08,
					"packets":	2007,
					"omitted":	false
				}],
			"sum":	{
				"start":	0,
				"end":	1.00021,
				"seconds":	1.00021,
				"bytes":	16441344,
				"bits_per_second":	1.31503e+08,
				"packets":	2007,
				"omitted":	false
			}
		}],
	"end":	{
		"streams":	[{
				"udp":	{
					"socket":	4,
					"start":	0,
					"end":	1.00021,
					"seconds":	1.00021,
					"bytes":	16441344,
					"bits_per_second":	1.31503e+08,
					"jitter_ms":	1.18541,
					"lost_packets":	186,
					"packets":	2006,
					"lost_percent":	9.27218
				}
			}],
		"sum":	{
			"start":	0,
			"end":	1.00021,
			"seconds":	1.00021,
			"bytes":	16441344,
			"bits_per_second":	1.31503e+08,
			"jitter_ms":	1.18541,
			"lost_packets":	186,
			"packets":	2006,
			"lost_percent":	9.27218
		},
		"cpu_utilization_percent":	{
			"host_total":	55.82,
			"host_user":	2.74177,
			"host_system":	53.0779,
			"remote_total":	9.06549,
			"remote_user":	1.94912,
			"remote_system":	7.11652
		}
	}
}
