{
	"start":	{
		"connected":	[{
				"socket":	4,
				"local_host":	"10.0.0.6",
				"local_port":	44887,
				"remote_host":	"10.0.0.17",
				"remote_port":	3001
			}],
		"version":	"iperf 3.0.7",
		"system_info":	"Linux BS6 5.4.197-0504197-generic #202206060747 SMP Mon Jun 6 09:27:47 UTC 2022 x86_64 x86_64 x86_64 GNU/Linux\n",
		"timestamp":	{
			"time":	"Mon, 25 Jul 2022 21:47:42 GMT",
			"timesecs":	1658785662
		},
		"connecting_to":	{
			"host":	"10.0.0.17",
			"port":	3001
		},
		"cookie":	"BS6.1658785662.106695.54cd94f71cb23d",
		"test_start":	{
			"protocol":	"UDP",
			"num_streams":	1,
			"blksize":	8192,
			"omit":	0,
			"duration":	9,
			"bytes":	0,
			"blocks":	0,
			"reverse":	0
		}
	},
	"intervals":	[{
			"streams":	[{
					"socket":	4,
					"start":	0,
					"end":	1.00335,
					"seconds":	1.00335,
					"bytes":	2834432,
					"bits_per_second":	2.25997e+07,
					"packets":	346,
					"omitted":	false
				}],
			"sum":	{
				"start":	0,
				"end":	1.00335,
				"seconds":	1.00335,
				"bytes":	2834432,
				"bits_per_second":	2.25997e+07,
				"packets":	346,
				"omitted":	false
			}
		}, {
			"streams":	[{
					"socket":	4,
					"start":	1.00335,
					"end":	2.00055,
					"seconds":	0.997199,
					"bytes":	3137536,
					"bits_per_second":	2.51708e+07,
					"packets":	383,
					"omitted":	false
				}],
			"sum":	{
				"start":	1.00335,
				"end":	2.00055,
				"seconds":	0.997199,
				"bytes":	3137536,
				"bits_per_second":	2.51708e+07,
				"packets":	383,
				"omitted":	false
			}
		}, {
			"streams":	[{
					"socket":	4,
					"start":	2.00055,
					"end":	3.00162,
					"seconds":	1.00107,
					"bytes":	3104768,
					"bits_per_second":	2.48117e+07,
					"packets":	379,
					"omitted":	false
				}],
			"sum":	{
				"start":	2.00055,
				"end":	3.00162,
				"seconds":	1.00107,
				"bytes":	3104768,
				"bits_per_second":	2.48117e+07,
				"packets":	379,
				"omitted":	false
			}
		}, {
			"streams":	[{
					"socket":	4,
					"start":	3.00162,
					"end":	4.00694,
					"seconds":	1.00532,
					"bytes":	3358720,
					"bits_per_second":	2.67276e+07,
					"packets":	410,
					"omitted":	false
				}],
			"sum":	{
				"start":	3.00162,
				"end":	4.00694,
				"seconds":	1.00532,
				"bytes":	3358720,
				"bits_per_second":	2.67276e+07,
				"packets":	410,
				"omitted":	false
			}
		}, {
			"streams":	[{
					"socket":	4,
					"start":	4.00694,
					"end":	5.00686,
					"seconds":	0.999923,
					"bytes":	2891776,
					"bits_per_second":	2.3136e+07,
					"packets":	353,
					"omitted":	false
				}],
			"sum":	{
				"start":	4.00694,
				"end":	5.00686,
				"seconds":	0.999923,
				"bytes":	2891776,
				"bits_per_second":	2.3136e+07,
				"packets":	353,
				"omitted":	false
			}
		}, {
			"streams":	[{
					"socket":	4,
					"start":	5.00686,
					"end":	6.02595,
					"seconds":	1.01909,
					"bytes":	3162112,
					"bits_per_second":	2.4823e+07,
					"packets":	386,
					"omitted":	false
				}],
			"sum":	{
				"start":	5.00686,
				"end":	6.02595,
				"seconds":	1.01909,
				"bytes":	3162112,
				"bits_per_second":	2.4823e+07,
				"packets":	386,
				"omitted":	false
			}
		}, {
			"streams":	[{
					"socket":	4,
					"start":	6.02595,
					"end":	7.00017,
					"seconds":	0.974221,
					"bytes":	3080192,
					"bits_per_second":	2.52936e+07,
					"packets":	376,
					"omitted":	false
				}],
			"sum":	{
				"start":	6.02595,
				"end":	7.00017,
				"seconds":	0.974221,
				"bytes":	3080192,
				"bits_per_second":	2.52936e+07,
				"packets":	376,
				"omitted":	false
			}
		}, {
			"streams":	[{
					"socket":	4,
					"start":	7.00017,
					"end":	8.00029,
					"seconds":	1.00012,
					"bytes":	3129344,
					"bits_per_second":	2.50318e+07,
					"packets":	382,
					"omitted":	false
				}],
			"sum":	{
				"start":	7.00017,
				"end":	8.00029,
				"seconds":	1.00012,
				"bytes":	3129344,
				"bits_per_second":	2.50318e+07,
				"packets":	382,
				"omitted":	false
			}
		}, {
			"streams":	[{
					"socket":	4,
					"start":	8.00029,
					"end":	9.00165,
					"seconds":	1.00136,
					"bytes":	3178496,
					"bits_per_second":	2.53935e+07,
					"packets":	388,
					"omitted":	false
				}],
			"sum":	{
				"start":	8.00029,
				"end":	9.00165,
				"seconds":	1.00136,
				"bytes":	3178496,
				"bits_per_second":	2.53935e+07,
				"packets":	388,
				"omitted":	false
			}
		}],
	"end":	{
		"streams":	[{
				"udp":	{
					"socket":	4,
					"start":	0,
					"end":	9.00165,
					"seconds":	9.00165,
					"bytes":	27877376,
					"bits_per_second":	2.47754e+07,
					"jitter_ms":	1.29727,
					"lost_packets":	119,
					"packets":	3403,
					"lost_percent":	3.49691
				}
			}],
		"sum":	{
			"start":	0,
			"end":	9.00165,
			"seconds":	9.00165,
			"bytes":	27877376,
			"bits_per_second":	2.47754e+07,
			"jitter_ms":	1.29727,
			"lost_packets":	119,
			"packets":	3403,
			"lost_percent":	3.49691
		},
		"cpu_utilization_percent":	{
			"host_total":	5.1169,
			"host_user":	0.158868,
			"host_system":	4.95802,
			"remote_total":	3.30668,
			"remote_user":	0.335248,
			"remote_system":	2.97145
		}
	}
}
