{
	"start":	{
		"connected":	[{
				"socket":	4,
				"local_host":	"10.0.0.5",
				"local_port":	36172,
				"remote_host":	"10.0.0.8",
				"remote_port":	2705
			}],
		"version":	"iperf 3.0.7",
		"system_info":	"Linux H5 5.4.197-0504197-generic #202206060747 SMP Mon Jun 6 09:27:47 UTC 2022 x86_64 x86_64 x86_64 GNU/Linux\n",
		"timestamp":	{
			"time":	"Fri, 22 Jul 2022 16:30:52 GMT",
			"timesecs":	1658507452
		},
		"connecting_to":	{
			"host":	"10.0.0.8",
			"port":	2705
		},
		"cookie":	"H5.1658507452.902092.18d7df4f4df1b61",
		"tcp_mss_default":	1448,
		"test_start":	{
			"protocol":	"TCP",
			"num_streams":	1,
			"blksize":	131072,
			"omit":	0,
			"duration":	5,
			"bytes":	0,
			"blocks":	0,
			"reverse":	0
		}
	},
	"intervals":	[{
			"streams":	[{
					"socket":	4,
					"start":	0,
					"end":	1.00037,
					"seconds":	1.00037,
					"bytes":	1690848,
					"bits_per_second":	1.35218e+07,
					"retransmits":	0,
					"snd_cwnd":	92672,
					"omitted":	false
				}],
			"sum":	{
				"start":	0,
				"end":	1.00037,
				"seconds":	1.00037,
				"bytes":	1690848,
				"bits_per_second":	1.35218e+07,
				"retransmits":	0,
				"omitted":	false
			}
		}, {
			"streams":	[{
					"socket":	4,
					"start":	1.00037,
					"end":	2.0005,
					"seconds":	1.00013,
					"bytes":	1966080,
					"bits_per_second":	1.57266e+07,
					"retransmits":	0,
					"snd_cwnd":	115840,
					"omitted":	false
				}],
			"sum":	{
				"start":	1.00037,
				"end":	2.0005,
				"seconds":	1.00013,
				"bytes":	1966080,
				"bits_per_second":	1.57266e+07,
				"retransmits":	0,
				"omitted":	false
			}
		}, {
			"streams":	[{
					"socket":	4,
					"start":	2.0005,
					"end":	3.00008,
					"seconds":	0.999585,
					"bytes":	1835008,
					"bits_per_second":	1.46862e+07,
					"retransmits":	0,
					"snd_cwnd":	150592,
					"omitted":	false
				}],
			"sum":	{
				"start":	2.0005,
				"end":	3.00008,
				"seconds":	0.999585,
				"bytes":	1835008,
				"bits_per_second":	1.46862e+07,
				"retransmits":	0,
				"omitted":	false
			}
		}, {
			"streams":	[{
					"socket":	4,
					"start":	3.00008,
					"end":	4.00075,
					"seconds":	1.00067,
					"bytes":	1835008,
					"bits_per_second":	1.46703e+07,
					"retransmits":	0,
					"snd_cwnd":	165072,
					"omitted":	false
				}],
			"sum":	{
				"start":	3.00008,
				"end":	4.00075,
				"seconds":	1.00067,
				"bytes":	1835008,
				"bits_per_second":	1.46703e+07,
				"retransmits":	0,
				"omitted":	false
			}
		}, {
			"streams":	[{
					"socket":	4,
					"start":	4.00075,
					"end":	5.00055,
					"seconds":	0.999796,
					"bytes":	1966080,
					"bits_per_second":	1.57318e+07,
					"retransmits":	0,
					"snd_cwnd":	175208,
					"omitted":	false
				}],
			"sum":	{
				"start":	4.00075,
				"end":	5.00055,
				"seconds":	0.999796,
				"bytes":	1966080,
				"bits_per_second":	1.57318e+07,
				"retransmits":	0,
				"omitted":	false
			}
		}],
	"end":	{
		"streams":	[{
				"sender":	{
					"socket":	4,
					"start":	0,
					"end":	5.00055,
					"seconds":	5.00055,
					"bytes":	9293024,
					"bits_per_second":	1.48672e+07,
					"retransmits":	0
				},
				"receiver":	{
					"socket":	4,
					"start":	0,
					"end":	5.00055,
					"seconds":	5.00055,
					"bytes":	9293024,
					"bits_per_second":	1.48672e+07
				}
			}],
		"sum_sent":	{
			"start":	0,
			"end":	5.00055,
			"seconds":	5.00055,
			"bytes":	9293024,
			"bits_per_second":	1.48672e+07,
			"retransmits":	0
		},
		"sum_received":	{
			"start":	0,
			"end":	5.00055,
			"seconds":	5.00055,
			"bytes":	9293024,
			"bits_per_second":	1.48672e+07
		},
		"cpu_utilization_percent":	{
			"host_total":	0.326366,
			"host_user":	0.256278,
			"host_system":	0.0700883,
			"remote_total":	1.14353,
			"remote_user":	0.395291,
			"remote_system":	0.748214
		}
	}
}
