{
	"start":	{
		"connected":	[{
				"socket":	4,
				"local_host":	"10.0.0.2",
				"local_port":	37782,
				"remote_host":	"10.0.0.8",
				"remote_port":	2698
			}],
		"version":	"iperf 3.0.7",
		"system_info":	"Linux H2 5.4.197-0504197-generic #202206060747 SMP Mon Jun 6 09:27:47 UTC 2022 x86_64 x86_64 x86_64 GNU/Linux\n",
		"timestamp":	{
			"time":	"Fri, 22 Jul 2022 09:30:35 GMT",
			"timesecs":	1658482235
		},
		"connecting_to":	{
			"host":	"10.0.0.8",
			"port":	2698
		},
		"cookie":	"H2.1658482235.697925.0f32f70d12d6101",
		"tcp_mss_default":	1448,
		"test_start":	{
			"protocol":	"TCP",
			"num_streams":	1,
			"blksize":	131072,
			"omit":	0,
			"duration":	5,
			"bytes":	0,
			"blocks":	0,
			"reverse":	0
		}
	},
	"intervals":	[{
			"streams":	[{
					"socket":	4,
					"start":	0,
					"end":	1.00042,
					"seconds":	1.00042,
					"bytes":	1703880,
					"bits_per_second":	1.36253e+07,
					"retransmits":	0,
					"snd_cwnd":	95568,
					"omitted":	false
				}],
			"sum":	{
				"start":	0,
				"end":	1.00042,
				"seconds":	1.00042,
				"bytes":	1703880,
				"bits_per_second":	1.36253e+07,
				"retransmits":	0,
				"omitted":	false
			}
		}, {
			"streams":	[{
					"socket":	4,
					"start":	1.00042,
					"end":	2.00082,
					"seconds":	1.0004,
					"bytes":	1966080,
					"bits_per_second":	1.57224e+07,
					"retransmits":	0,
					"snd_cwnd":	125976,
					"omitted":	false
				}],
			"sum":	{
				"start":	1.00042,
				"end":	2.00082,
				"seconds":	1.0004,
				"bytes":	1966080,
				"bits_per_second":	1.57224e+07,
				"retransmits":	0,
				"omitted":	false
			}
		}, {
			"streams":	[{
					"socket":	4,
					"start":	2.00082,
					"end":	3.00019,
					"seconds":	0.99937,
					"bytes":	1835008,
					"bits_per_second":	1.46893e+07,
					"retransmits":	0,
					"snd_cwnd":	162176,
					"omitted":	false
				}],
			"sum":	{
				"start":	2.00082,
				"end":	3.00019,
				"seconds":	0.99937,
				"bytes":	1835008,
				"bits_per_second":	1.46893e+07,
				"retransmits":	0,
				"omitted":	false
			}
		}, {
			"streams":	[{
					"socket":	4,
					"start":	3.00019,
					"end":	4.00042,
					"seconds":	1.00023,
					"bytes":	1835008,
					"bits_per_second":	1.46767e+07,
					"retransmits":	0,
					"snd_cwnd":	167968,
					"omitted":	false
				}],
			"sum":	{
				"start":	3.00019,
				"end":	4.00042,
				"seconds":	1.00023,
				"bytes":	1835008,
				"bits_per_second":	1.46767e+07,
				"retransmits":	0,
				"omitted":	false
			}
		}, {
			"streams":	[{
					"socket":	4,
					"start":	4.00042,
					"end":	5.00069,
					"seconds":	1.00027,
					"bytes":	1966080,
					"bits_per_second":	1.57243e+07,
					"retransmits":	0,
					"snd_cwnd":	181000,
					"omitted":	false
				}],
			"sum":	{
				"start":	4.00042,
				"end":	5.00069,
				"seconds":	1.00027,
				"bytes":	1966080,
				"bits_per_second":	1.57243e+07,
				"retransmits":	0,
				"omitted":	false
			}
		}],
	"end":	{
		"streams":	[{
				"sender":	{
					"socket":	4,
					"start":	0,
					"end":	5.00069,
					"seconds":	5.00069,
					"bytes":	9306056,
					"bits_per_second":	1.48876e+07,
					"retransmits":	0
				},
				"receiver":	{
					"socket":	4,
					"start":	0,
					"end":	5.00069,
					"seconds":	5.00069,
					"bytes":	9306056,
					"bits_per_second":	1.48876e+07
				}
			}],
		"sum_sent":	{
			"start":	0,
			"end":	5.00069,
			"seconds":	5.00069,
			"bytes":	9306056,
			"bits_per_second":	1.48876e+07,
			"retransmits":	0
		},
		"sum_received":	{
			"start":	0,
			"end":	5.00069,
			"seconds":	5.00069,
			"bytes":	9306056,
			"bits_per_second":	1.48876e+07
		},
		"cpu_utilization_percent":	{
			"host_total":	0.289047,
			"host_user":	0,
			"host_system":	0.289027,
			"remote_total":	1.04816,
			"remote_user":	1.04812,
			"remote_system":	0
		}
	}
}
