{
	"start":	{
		"connected":	[{
				"socket":	4,
				"local_host":	"10.0.0.6",
				"local_port":	52942,
				"remote_host":	"10.0.0.12",
				"remote_port":	2783
			}],
		"version":	"iperf 3.0.7",
		"system_info":	"Linux BS6 5.4.197-0504197-generic #202206060747 SMP Mon Jun 6 09:27:47 UTC 2022 x86_64 x86_64 x86_64 GNU/Linux\n",
		"timestamp":	{
			"time":	"Mon, 25 Jul 2022 21:47:54 GMT",
			"timesecs":	1658785674
		},
		"connecting_to":	{
			"host":	"10.0.0.12",
			"port":	2783
		},
		"cookie":	"BS6.1658785674.618406.0aa3b8f2414a12",
		"tcp_mss_default":	1448,
		"test_start":	{
			"protocol":	"TCP",
			"num_streams":	1,
			"blksize":	131072,
			"omit":	0,
			"duration":	16,
			"bytes":	0,
			"blocks":	0,
			"reverse":	0
		}
	},
	"intervals":	[{
			"streams":	[{
					"socket":	4,
					"start":	0,
					"end":	1.00047,
					"seconds":	1.00047,
					"bytes":	2832152,
					"bits_per_second":	2.26465e+07,
					"retransmits":	12,
					"snd_cwnd":	220096,
					"omitted":	false
				}],
			"sum":	{
				"start":	0,
				"end":	1.00047,
				"seconds":	1.00047,
				"bytes":	2832152,
				"bits_per_second":	2.26465e+07,
				"retransmits":	12,
				"omitted":	false
			}
		}, {
			"streams":	[{
					"socket":	4,
					"start":	1.00047,
					"end":	2.00213,
					"seconds":	1.00165,
					"bytes":	3145728,
					"bits_per_second":	2.51243e+07,
					"retransmits":	0,
					"snd_cwnd":	230232,
					"omitted":	false
				}],
			"sum":	{
				"start":	1.00047,
				"end":	2.00213,
				"seconds":	1.00165,
				"bytes":	3145728,
				"bits_per_second":	2.51243e+07,
				"retransmits":	0,
				"omitted":	false
			}
		}, {
			"streams":	[{
					"socket":	4,
					"start":	2.00213,
					"end":	3.00029,
					"seconds":	0.998161,
					"bytes":	3145728,
					"bits_per_second":	2.52122e+07,
					"retransmits":	0,
					"snd_cwnd":	240368,
					"omitted":	false
				}],
			"sum":	{
				"start":	2.00213,
				"end":	3.00029,
				"seconds":	0.998161,
				"bytes":	3145728,
				"bits_per_second":	2.52122e+07,
				"retransmits":	0,
				"omitted":	false
			}
		}, {
			"streams":	[{
					"socket":	4,
					"start":	3.00029,
					"end":	4.0004,
					"seconds":	1.00012,
					"bytes":	3145728,
					"bits_per_second":	2.51629e+07,
					"retransmits":	0,
					"snd_cwnd":	249056,
					"omitted":	false
				}],
			"sum":	{
				"start":	3.00029,
				"end":	4.0004,
				"seconds":	1.00012,
				"bytes":	3145728,
				"bits_per_second":	2.51629e+07,
				"retransmits":	0,
				"omitted":	false
			}
		}, {
			"streams":	[{
					"socket":	4,
					"start":	4.0004,
					"end":	5.00015,
					"seconds":	0.99975,
					"bytes":	3145728,
					"bits_per_second":	2.51721e+07,
					"retransmits":	0,
					"snd_cwnd":	257744,
					"omitted":	false
				}],
			"sum":	{
				"start":	4.0004,
				"end":	5.00015,
				"seconds":	0.99975,
				"bytes":	3145728,
				"bits_per_second":	2.51721e+07,
				"retransmits":	0,
				"omitted":	false
			}
		}, {
			"streams":	[{
					"socket":	4,
					"start":	5.00015,
					"end":	6.00258,
					"seconds":	1.00243,
					"bytes":	3145728,
					"bits_per_second":	2.51048e+07,
					"retransmits":	14,
					"snd_cwnd":	263536,
					"omitted":	false
				}],
			"sum":	{
				"start":	5.00015,
				"end":	6.00258,
				"seconds":	1.00243,
				"bytes":	3145728,
				"bits_per_second":	2.51048e+07,
				"retransmits":	14,
				"omitted":	false
			}
		}, {
			"streams":	[{
					"socket":	4,
					"start":	6.00258,
					"end":	7.00061,
					"seconds":	0.998033,
					"bytes":	3014656,
					"bits_per_second":	2.41648e+07,
					"retransmits":	0,
					"snd_cwnd":	266432,
					"omitted":	false
				}],
			"sum":	{
				"start":	6.00258,
				"end":	7.00061,
				"seconds":	0.998033,
				"bytes":	3014656,
				"bits_per_second":	2.41648e+07,
				"retransmits":	0,
				"omitted":	false
			}
		}, {
			"streams":	[{
					"socket":	4,
					"start":	7.00061,
					"end":	8.00154,
					"seconds":	1.00092,
					"bytes":	3145728,
					"bits_per_second":	2.51427e+07,
					"retransmits":	0,
					"snd_cwnd":	270776,
					"omitted":	false
				}],
			"sum":	{
				"start":	7.00061,
				"end":	8.00154,
				"seconds":	1.00092,
				"bytes":	3145728,
				"bits_per_second":	2.51427e+07,
				"retransmits":	0,
				"omitted":	false
			}
		}, {
			"streams":	[{
					"socket":	4,
					"start":	8.00154,
					"end":	9.00206,
					"seconds":	1.00053,
					"bytes":	3145728,
					"bits_per_second":	2.51526e+07,
					"retransmits":	0,
					"snd_cwnd":	275120,
					"omitted":	false
				}],
			"sum":	{
				"start":	8.00154,
				"end":	9.00206,
				"seconds":	1.00053,
				"bytes":	3145728,
				"bits_per_second":	2.51526e+07,
				"retransmits":	0,
				"omitted":	false
			}
		}, {
			"streams":	[{
					"socket":	4,
					"start":	9.00206,
					"end":	10.0008,
					"seconds":	0.998695,
					"bytes":	3145728,
					"bits_per_second":	2.51987e+07,
					"retransmits":	0,
					"snd_cwnd":	279464,
					"omitted":	false
				}],
			"sum":	{
				"start":	9.00206,
				"end":	10.0008,
				"seconds":	0.998695,
				"bytes":	3145728,
				"bits_per_second":	2.51987e+07,
				"retransmits":	0,
				"omitted":	false
			}
		}, {
			"streams":	[{
					"socket":	4,
					"start":	10.0008,
					"end":	11.0003,
					"seconds":	0.999558,
					"bytes":	3145728,
					"bits_per_second":	2.5177e+07,
					"retransmits":	0,
					"snd_cwnd":	282360,
					"omitted":	false
				}],
			"sum":	{
				"start":	10.0008,
				"end":	11.0003,
				"seconds":	0.999558,
				"bytes":	3145728,
				"bits_per_second":	2.5177e+07,
				"retransmits":	0,
				"omitted":	false
			}
		}, {
			"streams":	[{
					"socket":	4,
					"start":	11.0003,
					"end":	12.0005,
					"seconds":	1.00021,
					"bytes":	3145728,
					"bits_per_second":	2.51606e+07,
					"retransmits":	0,
					"snd_cwnd":	286704,
					"omitted":	false
				}],
			"sum":	{
				"start":	11.0003,
				"end":	12.0005,
				"seconds":	1.00021,
				"bytes":	3145728,
				"bits_per_second":	2.51606e+07,
				"retransmits":	0,
				"omitted":	false
			}
		}, {
			"streams":	[{
					"socket":	4,
					"start":	12.0005,
					"end":	13.0003,
					"seconds":	0.999819,
					"bytes":	3145728,
					"bits_per_second":	2.51704e+07,
					"retransmits":	0,
					"snd_cwnd":	289600,
					"omitted":	false
				}],
			"sum":	{
				"start":	12.0005,
				"end":	13.0003,
				"seconds":	0.999819,
				"bytes":	3145728,
				"bits_per_second":	2.51704e+07,
				"retransmits":	0,
				"omitted":	false
			}
		}, {
			"streams":	[{
					"socket":	4,
					"start":	13.0003,
					"end":	14.0011,
					"seconds":	1.00074,
					"bytes":	3014656,
					"bits_per_second":	2.40994e+07,
					"retransmits":	0,
					"snd_cwnd":	295392,
					"omitted":	false
				}],
			"sum":	{
				"start":	13.0003,
				"end":	14.0011,
				"seconds":	1.00074,
				"bytes":	3014656,
				"bits_per_second":	2.40994e+07,
				"retransmits":	0,
				"omitted":	false
			}
		}, {
			"streams":	[{
					"socket":	4,
					"start":	14.0011,
					"end":	15.0003,
					"seconds":	0.999234,
					"bytes":	3145728,
					"bits_per_second":	2.51851e+07,
					"retransmits":	0,
					"snd_cwnd":	298288,
					"omitted":	false
				}],
			"sum":	{
				"start":	14.0011,
				"end":	15.0003,
				"seconds":	0.999234,
				"bytes":	3145728,
				"bits_per_second":	2.51851e+07,
				"retransmits":	0,
				"omitted":	false
			}
		}, {
			"streams":	[{
					"socket":	4,
					"start":	15.0003,
					"end":	16.0003,
					"seconds":	0.999998,
					"bytes":	3145728,
					"bits_per_second":	2.51659e+07,
					"retransmits":	0,
					"snd_cwnd":	302632,
					"omitted":	false
				}],
			"sum":	{
				"start":	15.0003,
				"end":	16.0003,
				"seconds":	0.999998,
				"bytes":	3145728,
				"bits_per_second":	2.51659e+07,
				"retransmits":	0,
				"omitted":	false
			}
		}],
	"end":	{
		"streams":	[{
				"sender":	{
					"socket":	4,
					"start":	0,
					"end":	16.0003,
					"seconds":	16.0003,
					"bytes":	49755928,
					"bits_per_second":	2.48775e+07,
					"retransmits":	26
				},
				"receiver":	{
					"socket":	4,
					"start":	0,
					"end":	16.0003,
					"seconds":	16.0003,
					"bytes":	49755928,
					"bits_per_second":	2.48775e+07
				}
			}],
		"sum_sent":	{
			"start":	0,
			"end":	16.0003,
			"seconds":	16.0003,
			"bytes":	49755928,
			"bits_per_second":	2.48775e+07,
			"retransmits":	26
		},
		"sum_received":	{
			"start":	0,
			"end":	16.0003,
			"seconds":	16.0003,
			"bytes":	49755928,
			"bits_per_second":	2.48775e+07
		},
		"cpu_utilization_percent":	{
			"host_total":	1.03964,
			"host_user":	0.0321304,
			"host_system":	1.00748,
			"remote_total":	2.02137,
			"remote_user":	0.211175,
			"remote_system":	1.81019
		}
	}
}
