{
	"start":	{
		"connected":	[{
				"socket":	4,
				"local_host":	"10.0.0.4",
				"local_port":	60644,
				"remote_host":	"10.0.0.11",
				"remote_port":	2713
			}],
		"version":	"iperf 3.0.7",
		"system_info":	"Linux BS4 5.4.197-0504197-generic #202206060747 SMP Mon Jun 6 09:27:47 UTC 2022 x86_64 x86_64 x86_64 GNU/Linux\n",
		"timestamp":	{
			"time":	"Mon, 25 Jul 2022 21:49:33 GMT",
			"timesecs":	1658785773
		},
		"connecting_to":	{
			"host":	"10.0.0.11",
			"port":	2713
		},
		"cookie":	"BS4.1658785773.317202.155d235d591d31",
		"tcp_mss_default":	1448,
		"test_start":	{
			"protocol":	"TCP",
			"num_streams":	1,
			"blksize":	131072,
			"omit":	0,
			"duration":	1,
			"bytes":	0,
			"blocks":	0,
			"reverse":	0
		}
	},
	"intervals":	[{
			"streams":	[{
					"socket":	4,
					"start":	0,
					"end":	1.00093,
					"seconds":	1.00093,
					"bytes":	2832152,
					"bits_per_second":	2.26363e+07,
					"retransmits":	0,
					"snd_cwnd":	829704,
					"omitted":	false
				}],
			"sum":	{
				"start":	0,
				"end":	1.00093,
				"seconds":	1.00093,
				"bytes":	2832152,
				"bits_per_second":	2.26363e+07,
				"retransmits":	0,
				"omitted":	false
			}
		}],
	"end":	{
		"streams":	[{
				"sender":	{
					"socket":	4,
					"start":	0,
					"end":	1.00093,
					"seconds":	1.00093,
					"bytes":	2832152,
					"bits_per_second":	2.26363e+07,
					"retransmits":	0
				},
				"receiver":	{
					"socket":	4,
					"start":	0,
					"end":	1.00093,
					"seconds":	1.00093,
					"bytes":	2832152,
					"bits_per_second":	2.26363e+07
				}
			}],
		"sum_sent":	{
			"start":	0,
			"end":	1.00093,
			"seconds":	1.00093,
			"bytes":	2832152,
			"bits_per_second":	2.26363e+07,
			"retransmits":	0
		},
		"sum_received":	{
			"start":	0,
			"end":	1.00093,
			"seconds":	1.00093,
			"bytes":	2832152,
			"bits_per_second":	2.26363e+07
		},
		"cpu_utilization_percent":	{
			"host_total":	2.55842,
			"host_user":	1.01188,
			"host_system":	1.54617,
			"remote_total":	1.69726,
			"remote_user":	0.848628,
			"remote_system":	0.848628
		}
	}
}
