{
	"start":	{
		"connected":	[{
				"socket":	4,
				"local_host":	"10.0.0.1",
				"local_port":	47334,
				"remote_host":	"10.0.0.8",
				"remote_port":	1632
			}],
		"version":	"iperf 3.0.7",
		"system_info":	"Linux H1 5.4.197-0504197-generic #202206060747 SMP Mon Jun 6 09:27:47 UTC 2022 x86_64 x86_64 x86_64 GNU/Linux\n",
		"timestamp":	{
			"time":	"Fri, 22 Jul 2022 09:31:39 GMT",
			"timesecs":	1658482299
		},
		"connecting_to":	{
			"host":	"10.0.0.8",
			"port":	1632
		},
		"cookie":	"H1.1658482299.419086.2612bb77148279c",
		"tcp_mss_default":	1448,
		"test_start":	{
			"protocol":	"TCP",
			"num_streams":	1,
			"blksize":	131072,
			"omit":	0,
			"duration":	5,
			"bytes":	0,
			"blocks":	0,
			"reverse":	0
		}
	},
	"intervals":	[{
			"streams":	[{
					"socket":	4,
					"start":	0,
					"end":	1.00075,
					"seconds":	1.00075,
					"bytes":	1703936,
					"bits_per_second":	1.36212e+07,
					"retransmits":	54,
					"snd_cwnd":	56472,
					"omitted":	false
				}],
			"sum":	{
				"start":	0,
				"end":	1.00075,
				"seconds":	1.00075,
				"bytes":	1703936,
				"bits_per_second":	1.36212e+07,
				"retransmits":	54,
				"omitted":	false
			}
		}, {
			"streams":	[{
					"socket":	4,
					"start":	1.00075,
					"end":	2.00043,
					"seconds":	0.999677,
					"bytes":	1966080,
					"bits_per_second":	1.57337e+07,
					"retransmits":	0,
					"snd_cwnd":	72400,
					"omitted":	false
				}],
			"sum":	{
				"start":	1.00075,
				"end":	2.00043,
				"seconds":	0.999677,
				"bytes":	1966080,
				"bits_per_second":	1.57337e+07,
				"retransmits":	0,
				"omitted":	false
			}
		}, {
			"streams":	[{
					"socket":	4,
					"start":	2.00043,
					"end":	3.0005,
					"seconds":	1.00007,
					"bytes":	1835008,
					"bits_per_second":	1.4679e+07,
					"retransmits":	0,
					"snd_cwnd":	85432,
					"omitted":	false
				}],
			"sum":	{
				"start":	2.00043,
				"end":	3.0005,
				"seconds":	1.00007,
				"bytes":	1835008,
				"bits_per_second":	1.4679e+07,
				"retransmits":	0,
				"omitted":	false
			}
		}, {
			"streams":	[{
					"socket":	4,
					"start":	3.0005,
					"end":	4.00034,
					"seconds":	0.999839,
					"bytes":	1835008,
					"bits_per_second":	1.46824e+07,
					"retransmits":	0,
					"snd_cwnd":	92672,
					"omitted":	false
				}],
			"sum":	{
				"start":	3.0005,
				"end":	4.00034,
				"seconds":	0.999839,
				"bytes":	1835008,
				"bits_per_second":	1.46824e+07,
				"retransmits":	0,
				"omitted":	false
			}
		}, {
			"streams":	[{
					"socket":	4,
					"start":	4.00034,
					"end":	5.00023,
					"seconds":	0.999892,
					"bytes":	1966080,
					"bits_per_second":	1.57303e+07,
					"retransmits":	0,
					"snd_cwnd":	99912,
					"omitted":	false
				}],
			"sum":	{
				"start":	4.00034,
				"end":	5.00023,
				"seconds":	0.999892,
				"bytes":	1966080,
				"bits_per_second":	1.57303e+07,
				"retransmits":	0,
				"omitted":	false
			}
		}],
	"end":	{
		"streams":	[{
				"sender":	{
					"socket":	4,
					"start":	0,
					"end":	5.00023,
					"seconds":	5.00023,
					"bytes":	9306112,
					"bits_per_second":	1.48891e+07,
					"retransmits":	54
				},
				"receiver":	{
					"socket":	4,
					"start":	0,
					"end":	5.00023,
					"seconds":	5.00023,
					"bytes":	9306112,
					"bits_per_second":	1.48891e+07
				}
			}],
		"sum_sent":	{
			"start":	0,
			"end":	5.00023,
			"seconds":	5.00023,
			"bytes":	9306112,
			"bits_per_second":	1.48891e+07,
			"retransmits":	54
		},
		"sum_received":	{
			"start":	0,
			"end":	5.00023,
			"seconds":	5.00023,
			"bytes":	9306112,
			"bits_per_second":	1.48891e+07
		},
		"cpu_utilization_percent":	{
			"host_total":	0.877094,
			"host_user":	0.143887,
			"host_system":	0.733228,
			"remote_total":	1.68928,
			"remote_user":	0.86115,
			"remote_system":	0.828155
		}
	}
}
