{
	"start":	{
		"connected":	[{
				"socket":	5,
				"local_host":	"10.0.0.3",
				"local_port":	35664,
				"remote_host":	"10.0.0.9",
				"remote_port":	3931
			}],
		"version":	"iperf 3.7",
		"system_info":	"Linux H3 5.4.197-0504197-generic #202206060747 SMP Mon Jun 6 09:27:47 UTC 2022 x86_64",
		"timestamp":	{
			"time":	"Mon, 01 Aug 2022 00:25:29 GMT",
			"timesecs":	1659313529
		},
		"connecting_to":	{
			"host":	"10.0.0.9",
			"port":	3931
		},
		"cookie":	"iefdpkofztksjjup5ecw2oyolkgoyyqvbunk",
		"tcp_mss_default":	1448,
		"target_bitrate":	15000000,
		"sock_bufsize":	0,
		"sndbuf_actual":	87380,
		"rcvbuf_actual":	87380,
		"test_start":	{
			"protocol":	"TCP",
			"num_streams":	1,
			"blksize":	131072,
			"omit":	0,
			"duration":	5,
			"bytes":	0,
			"blocks":	0,
			"reverse":	0,
			"tos":	0
		}
	},
	"intervals":	[{
			"streams":	[{
					"socket":	5,
					"start":	0,
					"end":	1.000398,
					"seconds":	1.00039803981781,
					"bytes":	1966080,
					"bits_per_second":	15722381.865986522,
					"retransmits":	0,
					"snd_cwnd":	78192,
					"rtt":	3650,
					"rttvar":	1472,
					"pmtu":	1500,
					"omitted":	false,
					"sender":	true
				}],
			"sum":	{
				"start":	0,
				"end":	1.000398,
				"seconds":	1.00039803981781,
				"bytes":	1966080,
				"bits_per_second":	15722381.865986522,
				"retransmits":	0,
				"omitted":	false,
				"sender":	true
			}
		}, {
			"streams":	[{
					"socket":	5,
					"start":	1.000398,
					"end":	2.001298,
					"seconds":	1.0009000301361084,
					"bytes":	1835008,
					"bits_per_second":	14666863.380954957,
					"retransmits":	0,
					"snd_cwnd":	89776,
					"rtt":	4114,
					"rttvar":	1342,
					"pmtu":	1500,
					"omitted":	false,
					"sender":	true
				}],
			"sum":	{
				"start":	1.000398,
				"end":	2.001298,
				"seconds":	1.0009000301361084,
				"bytes":	1835008,
				"bits_per_second":	14666863.380954957,
				"retransmits":	0,
				"omitted":	false,
				"sender":	true
			}
		}, {
			"streams":	[{
					"socket":	5,
					"start":	2.001298,
					"end":	3.000917,
					"seconds":	0.9996190071105957,
					"bytes":	1835008,
					"bits_per_second":	14685659.131705396,
					"retransmits":	0,
					"snd_cwnd":	94120,
					"rtt":	4481,
					"rttvar":	1785,
					"pmtu":	1500,
					"omitted":	false,
					"sender":	true
				}],
			"sum":	{
				"start":	2.001298,
				"end":	3.000917,
				"seconds":	0.9996190071105957,
				"bytes":	1835008,
				"bits_per_second":	14685659.131705396,
				"retransmits":	0,
				"omitted":	false,
				"sender":	true
			}
		}, {
			"streams":	[{
					"socket":	5,
					"start":	3.000917,
					"end":	4.000223,
					"seconds":	0.99930602312088013,
					"bytes":	1966080,
					"bits_per_second":	15739562.892735012,
					"retransmits":	0,
					"snd_cwnd":	99912,
					"rtt":	4601,
					"rttvar":	1563,
					"pmtu":	1500,
					"omitted":	false,
					"sender":	true
				}],
			"sum":	{
				"start":	3.000917,
				"end":	4.000223,
				"seconds":	0.99930602312088013,
				"bytes":	1966080,
				"bits_per_second":	15739562.892735012,
				"retransmits":	0,
				"omitted":	false,
				"sender":	true
			}
		}, {
			"streams":	[{
					"socket":	5,
					"start":	4.000223,
					"end":	5.000331,
					"seconds":	1.000108003616333,
					"bytes":	1835008,
					"bits_per_second":	14678478.671221241,
					"retransmits":	0,
					"snd_cwnd":	105704,
					"rtt":	4663,
					"rttvar":	2127,
					"pmtu":	1500,
					"omitted":	false,
					"sender":	true
				}],
			"sum":	{
				"start":	4.000223,
				"end":	5.000331,
				"seconds":	1.000108003616333,
				"bytes":	1835008,
				"bits_per_second":	14678478.671221241,
				"retransmits":	0,
				"omitted":	false,
				"sender":	true
			}
		}],
	"end":	{
		"streams":	[{
				"sender":	{
					"socket":	5,
					"start":	0,
					"end":	5.000331,
					"seconds":	5.000331,
					"bytes":	9437184,
					"bits_per_second":	15098494.879638968,
					"retransmits":	0,
					"max_snd_cwnd":	105704,
					"max_rtt":	4663,
					"min_rtt":	3650,
					"mean_rtt":	4301,
					"sender":	true
				},
				"receiver":	{
					"socket":	5,
					"start":	0,
					"end":	5.00065,
					"seconds":	5.000331,
					"bytes":	9437184,
					"bits_per_second":	15097531.720876286,
					"sender":	true
				}
			}],
		"sum_sent":	{
			"start":	0,
			"end":	5.000331,
			"seconds":	5.000331,
			"bytes":	9437184,
			"bits_per_second":	15098494.879638968,
			"retransmits":	0,
			"sender":	true
		},
		"sum_received":	{
			"start":	0,
			"end":	5.00065,
			"seconds":	5.00065,
			"bytes":	9437184,
			"bits_per_second":	15097531.720876286,
			"sender":	true
		},
		"cpu_utilization_percent":	{
			"host_total":	6.31083618504512,
			"host_user":	0,
			"host_system":	6.3109161209045865,
			"remote_total":	2.6166500412939926,
			"remote_user":	0,
			"remote_system":	2.6167498334468968
		},
		"sender_tcp_congestion":	"cubic",
		"receiver_tcp_congestion":	"cubic"
	}
}
