{
	"start":	{
		"connected":	[{
				"socket":	4,
				"local_host":	"10.0.0.1",
				"local_port":	43668,
				"remote_host":	"10.0.0.8",
				"remote_port":	1618
			}],
		"version":	"iperf 3.0.7",
		"system_info":	"Linux BS1 5.4.197-0504197-generic #202206060747 SMP Mon Jun 6 09:27:47 UTC 2022 x86_64 x86_64 x86_64 GNU/Linux\n",
		"timestamp":	{
			"time":	"Mon, 25 Jul 2022 21:44:14 GMT",
			"timesecs":	1658785454
		},
		"connecting_to":	{
			"host":	"10.0.0.8",
			"port":	1618
		},
		"cookie":	"BS1.1658785454.195472.497c29bb6b5b9c",
		"tcp_mss_default":	1448,
		"test_start":	{
			"protocol":	"TCP",
			"num_streams":	1,
			"blksize":	131072,
			"omit":	0,
			"duration":	27,
			"bytes":	0,
			"blocks":	0,
			"reverse":	0
		}
	},
	"intervals":	[{
			"streams":	[{
					"socket":	4,
					"start":	0,
					"end":	1.00044,
					"seconds":	1.00044,
					"bytes":	11351832,
					"bits_per_second":	9.07743e+07,
					"retransmits":	0,
					"snd_cwnd":	805088,
					"omitted":	false
				}],
			"sum":	{
				"start":	0,
				"end":	1.00044,
				"seconds":	1.00044,
				"bytes":	11351832,
				"bits_per_second":	9.07743e+07,
				"retransmits":	0,
				"omitted":	false
			}
		}, {
			"streams":	[{
					"socket":	4,
					"start":	1.00044,
					"end":	2.0004,
					"seconds":	0.999957,
					"bytes":	12451840,
					"bits_per_second":	9.9619e+07,
					"retransmits":	0,
					"snd_cwnd":	1310440,
					"omitted":	false
				}],
			"sum":	{
				"start":	1.00044,
				"end":	2.0004,
				"seconds":	0.999957,
				"bytes":	12451840,
				"bits_per_second":	9.9619e+07,
				"retransmits":	0,
				"omitted":	false
			}
		}, {
			"streams":	[{
					"socket":	4,
					"start":	2.0004,
					"end":	3.00213,
					"seconds":	1.00173,
					"bytes":	12582912,
					"bits_per_second":	1.00489e+08,
					"retransmits":	0,
					"snd_cwnd":	1375600,
					"omitted":	false
				}],
			"sum":	{
				"start":	2.0004,
				"end":	3.00213,
				"seconds":	1.00173,
				"bytes":	12582912,
				"bits_per_second":	1.00489e+08,
				"retransmits":	0,
				"omitted":	false
			}
		}, {
			"streams":	[{
					"socket":	4,
					"start":	3.00213,
					"end":	4.0005,
					"seconds":	0.998366,
					"bytes":	12451840,
					"bits_per_second":	9.97777e+07,
					"retransmits":	0,
					"snd_cwnd":	1375600,
					"omitted":	false
				}],
			"sum":	{
				"start":	3.00213,
				"end":	4.0005,
				"seconds":	0.998366,
				"bytes":	12451840,
				"bits_per_second":	9.97777e+07,
				"retransmits":	0,
				"omitted":	false
			}
		}, {
			"streams":	[{
					"socket":	4,
					"start":	4.0005,
					"end":	5.00312,
					"seconds":	1.00263,
					"bytes":	12451840,
					"bits_per_second":	9.93537e+07,
					"retransmits":	0,
					"snd_cwnd":	1375600,
					"omitted":	false
				}],
			"sum":	{
				"start":	4.0005,
				"end":	5.00312,
				"seconds":	1.00263,
				"bytes":	12451840,
				"bits_per_second":	9.93537e+07,
				"retransmits":	0,
				"omitted":	false
			}
		}, {
			"streams":	[{
					"socket":	4,
					"start":	5.00312,
					"end":	6.00159,
					"seconds":	0.998465,
					"bytes":	12582912,
					"bits_per_second":	1.00818e+08,
					"retransmits":	30,
					"snd_cwnd":	1375600,
					"omitted":	false
				}],
			"sum":	{
				"start":	5.00312,
				"end":	6.00159,
				"seconds":	0.998465,
				"bytes":	12582912,
				"bits_per_second":	1.00818e+08,
				"retransmits":	30,
				"omitted":	false
			}
		}, {
			"streams":	[{
					"socket":	4,
					"start":	6.00159,
					"end":	7.00016,
					"seconds":	0.998569,
					"bytes":	12451840,
					"bits_per_second":	9.97575e+07,
					"retransmits":	0,
					"snd_cwnd":	1375600,
					"omitted":	false
				}],
			"sum":	{
				"start":	6.00159,
				"end":	7.00016,
				"seconds":	0.998569,
				"bytes":	12451840,
				"bits_per_second":	9.97575e+07,
				"retransmits":	0,
				"omitted":	false
			}
		}, {
			"streams":	[{
					"socket":	4,
					"start":	7.00016,
					"end":	8.0004,
					"seconds":	1.00024,
					"bytes":	12582912,
					"bits_per_second":	1.00639e+08,
					"retransmits":	0,
					"snd_cwnd":	1375600,
					"omitted":	false
				}],
			"sum":	{
				"start":	7.00016,
				"end":	8.0004,
				"seconds":	1.00024,
				"bytes":	12582912,
				"bits_per_second":	1.00639e+08,
				"retransmits":	0,
				"omitted":	false
			}
		}, {
			"streams":	[{
					"socket":	4,
					"start":	8.0004,
					"end":	9.00224,
					"seconds":	1.00184,
					"bytes":	12451840,
					"bits_per_second":	9.94316e+07,
					"retransmits":	0,
					"snd_cwnd":	1375600,
					"omitted":	false
				}],
			"sum":	{
				"start":	8.0004,
				"end":	9.00224,
				"seconds":	1.00184,
				"bytes":	12451840,
				"bits_per_second":	9.94316e+07,
				"retransmits":	0,
				"omitted":	false
			}
		}, {
			"streams":	[{
					"socket":	4,
					"start":	9.00224,
					"end":	10.0002,
					"seconds":	0.998005,
					"bytes":	12451840,
					"bits_per_second":	9.98139e+07,
					"retransmits":	0,
					"snd_cwnd":	1375600,
					"omitted":	false
				}],
			"sum":	{
				"start":	9.00224,
				"end":	10.0002,
				"seconds":	0.998005,
				"bytes":	12451840,
				"bits_per_second":	9.98139e+07,
				"retransmits":	0,
				"omitted":	false
			}
		}, {
			"streams":	[{
					"socket":	4,
					"start":	10.0002,
					"end":	11.0006,
					"seconds":	1.0004,
					"bytes":	12582912,
					"bits_per_second":	1.00624e+08,
					"retransmits":	0,
					"snd_cwnd":	1375600,
					"omitted":	false
				}],
			"sum":	{
				"start":	10.0002,
				"end":	11.0006,
				"seconds":	1.0004,
				"bytes":	12582912,
				"bits_per_second":	1.00624e+08,
				"retransmits":	0,
				"omitted":	false
			}
		}, {
			"streams":	[{
					"socket":	4,
					"start":	11.0006,
					"end":	12.0021,
					"seconds":	1.00149,
					"bytes":	12451840,
					"bits_per_second":	9.94661e+07,
					"retransmits":	0,
					"snd_cwnd":	1375600,
					"omitted":	false
				}],
			"sum":	{
				"start":	11.0006,
				"end":	12.0021,
				"seconds":	1.00149,
				"bytes":	12451840,
				"bits_per_second":	9.94661e+07,
				"retransmits":	0,
				"omitted":	false
			}
		}, {
			"streams":	[{
					"socket":	4,
					"start":	12.0021,
					"end":	13.0008,
					"seconds":	0.998613,
					"bytes":	12451840,
					"bits_per_second":	9.97531e+07,
					"retransmits":	0,
					"snd_cwnd":	1375600,
					"omitted":	false
				}],
			"sum":	{
				"start":	12.0021,
				"end":	13.0008,
				"seconds":	0.998613,
				"bytes":	12451840,
				"bits_per_second":	9.97531e+07,
				"retransmits":	0,
				"omitted":	false
			}
		}, {
			"streams":	[{
					"socket":	4,
					"start":	13.0008,
					"end":	14.0002,
					"seconds":	0.999488,
					"bytes":	12582912,
					"bits_per_second":	1.00715e+08,
					"retransmits":	0,
					"snd_cwnd":	1375600,
					"omitted":	false
				}],
			"sum":	{
				"start":	13.0008,
				"end":	14.0002,
				"seconds":	0.999488,
				"bytes":	12582912,
				"bits_per_second":	1.00715e+08,
				"retransmits":	0,
				"omitted":	false
			}
		}, {
			"streams":	[{
					"socket":	4,
					"start":	14.0002,
					"end":	15.002,
					"seconds":	1.00179,
					"bytes":	12451840,
					"bits_per_second":	9.94364e+07,
					"retransmits":	0,
					"snd_cwnd":	1375600,
					"omitted":	false
				}],
			"sum":	{
				"start":	14.0002,
				"end":	15.002,
				"seconds":	1.00179,
				"bytes":	12451840,
				"bits_per_second":	9.94364e+07,
				"retransmits":	0,
				"omitted":	false
			}
		}, {
			"streams":	[{
					"socket":	4,
					"start":	15.002,
					"end":	16.002,
					"seconds":	1.00001,
					"bytes":	12451840,
					"bits_per_second":	9.96133e+07,
					"retransmits":	0,
					"snd_cwnd":	1375600,
					"omitted":	false
				}],
			"sum":	{
				"start":	15.002,
				"end":	16.002,
				"seconds":	1.00001,
				"bytes":	12451840,
				"bits_per_second":	9.96133e+07,
				"retransmits":	0,
				"omitted":	false
			}
		}, {
			"streams":	[{
					"socket":	4,
					"start":	16.002,
					"end":	17.0004,
					"seconds":	0.998401,
					"bytes":	12582912,
					"bits_per_second":	1.00824e+08,
					"retransmits":	0,
					"snd_cwnd":	1375600,
					"omitted":	false
				}],
			"sum":	{
				"start":	16.002,
				"end":	17.0004,
				"seconds":	0.998401,
				"bytes":	12582912,
				"bits_per_second":	1.00824e+08,
				"retransmits":	0,
				"omitted":	false
			}
		}, {
			"streams":	[{
					"socket":	4,
					"start":	17.0004,
					"end":	18.0003,
					"seconds":	0.999851,
					"bytes":	12451840,
					"bits_per_second":	9.96296e+07,
					"retransmits":	0,
					"snd_cwnd":	1375600,
					"omitted":	false
				}],
			"sum":	{
				"start":	17.0004,
				"end":	18.0003,
				"seconds":	0.999851,
				"bytes":	12451840,
				"bits_per_second":	9.96296e+07,
				"retransmits":	0,
				"omitted":	false
			}
		}, {
			"streams":	[{
					"socket":	4,
					"start":	18.0003,
					"end":	19.0004,
					"seconds":	1.00009,
					"bytes":	12582912,
					"bits_per_second":	1.00654e+08,
					"retransmits":	0,
					"snd_cwnd":	1375600,
					"omitted":	false
				}],
			"sum":	{
				"start":	18.0003,
				"end":	19.0004,
				"seconds":	1.00009,
				"bytes":	12582912,
				"bits_per_second":	1.00654e+08,
				"retransmits":	0,
				"omitted":	false
			}
		}, {
			"streams":	[{
					"socket":	4,
					"start":	19.0004,
					"end":	20.0003,
					"seconds":	0.999915,
					"bytes":	12451840,
					"bits_per_second":	9.96232e+07,
					"retransmits":	0,
					"snd_cwnd":	1375600,
					"omitted":	false
				}],
			"sum":	{
				"start":	19.0004,
				"end":	20.0003,
				"seconds":	0.999915,
				"bytes":	12451840,
				"bits_per_second":	9.96232e+07,
				"retransmits":	0,
				"omitted":	false
			}
		}, {
			"streams":	[{
					"socket":	4,
					"start":	20.0003,
					"end":	21.0002,
					"seconds":	0.999938,
					"bytes":	12451840,
					"bits_per_second":	9.96209e+07,
					"retransmits":	0,
					"snd_cwnd":	1375600,
					"omitted":	false
				}],
			"sum":	{
				"start":	20.0003,
				"end":	21.0002,
				"seconds":	0.999938,
				"bytes":	12451840,
				"bits_per_second":	9.96209e+07,
				"retransmits":	0,
				"omitted":	false
			}
		}, {
			"streams":	[{
					"socket":	4,
					"start":	21.0002,
					"end":	22.0003,
					"seconds":	1.0001,
					"bytes":	12582912,
					"bits_per_second":	1.00654e+08,
					"retransmits":	0,
					"snd_cwnd":	1375600,
					"omitted":	false
				}],
			"sum":	{
				"start":	21.0002,
				"end":	22.0003,
				"seconds":	1.0001,
				"bytes":	12582912,
				"bits_per_second":	1.00654e+08,
				"retransmits":	0,
				"omitted":	false
			}
		}, {
			"streams":	[{
					"socket":	4,
					"start":	22.0003,
					"end":	23.0002,
					"seconds":	0.999843,
					"bytes":	12451840,
					"bits_per_second":	9.96303e+07,
					"retransmits":	0,
					"snd_cwnd":	1375600,
					"omitted":	false
				}],
			"sum":	{
				"start":	22.0003,
				"end":	23.0002,
				"seconds":	0.999843,
				"bytes":	12451840,
				"bits_per_second":	9.96303e+07,
				"retransmits":	0,
				"omitted":	false
			}
		}, {
			"streams":	[{
					"socket":	4,
					"start":	23.0002,
					"end":	24.0017,
					"seconds":	1.00148,
					"bytes":	12582912,
					"bits_per_second":	1.00514e+08,
					"retransmits":	0,
					"snd_cwnd":	1375600,
					"omitted":	false
				}],
			"sum":	{
				"start":	23.0002,
				"end":	24.0017,
				"seconds":	1.00148,
				"bytes":	12582912,
				"bits_per_second":	1.00514e+08,
				"retransmits":	0,
				"omitted":	false
			}
		}, {
			"streams":	[{
					"socket":	4,
					"start":	24.0017,
					"end":	25.0062,
					"seconds":	1.00455,
					"bytes":	12451840,
					"bits_per_second":	9.91635e+07,
					"retransmits":	0,
					"snd_cwnd":	1375600,
					"omitted":	false
				}],
			"sum":	{
				"start":	24.0017,
				"end":	25.0062,
				"seconds":	1.00455,
				"bytes":	12451840,
				"bits_per_second":	9.91635e+07,
				"retransmits":	0,
				"omitted":	false
			}
		}, {
			"streams":	[{
					"socket":	4,
					"start":	25.0062,
					"end":	26.001,
					"seconds":	0.994782,
					"bytes":	12451840,
					"bits_per_second":	1.00137e+08,
					"retransmits":	0,
					"snd_cwnd":	1375600,
					"omitted":	false
				}],
			"sum":	{
				"start":	25.0062,
				"end":	26.001,
				"seconds":	0.994782,
				"bytes":	12451840,
				"bits_per_second":	1.00137e+08,
				"retransmits":	0,
				"omitted":	false
			}
		}, {
			"streams":	[{
					"socket":	4,
					"start":	26.001,
					"end":	27.0009,
					"seconds":	0.999942,
					"bytes":	12582912,
					"bits_per_second":	1.00669e+08,
					"retransmits":	0,
					"snd_cwnd":	1375600,
					"omitted":	false
				}],
			"sum":	{
				"start":	26.001,
				"end":	27.0009,
				"seconds":	0.999942,
				"bytes":	12582912,
				"bits_per_second":	1.00669e+08,
				"retransmits":	0,
				"omitted":	false
			}
		}],
	"end":	{
		"streams":	[{
				"sender":	{
					"socket":	4,
					"start":	0,
					"end":	27.0009,
					"seconds":	27.0009,
					"bytes":	336410392,
					"bits_per_second":	9.96737e+07,
					"retransmits":	30
				},
				"receiver":	{
					"socket":	4,
					"start":	0,
					"end":	27.0009,
					"seconds":	27.0009,
					"bytes":	336410392,
					"bits_per_second":	9.96737e+07
				}
			}],
		"sum_sent":	{
			"start":	0,
			"end":	27.0009,
			"seconds":	27.0009,
			"bytes":	336410392,
			"bits_per_second":	9.96737e+07,
			"retransmits":	30
		},
		"sum_received":	{
			"start":	0,
			"end":	27.0009,
			"seconds":	27.0009,
			"bytes":	336410392,
			"bits_per_second":	9.96737e+07
		},
		"cpu_utilization_percent":	{
			"host_total":	1.414,
			"host_user":	0.0438663,
			"host_system":	1.37011,
			"remote_total":	2.5354,
			"remote_user":	0.283857,
			"remote_system":	2.25154
		}
	}
}
