{
	"start":	{
		"connected":	[{
				"socket":	4,
				"local_host":	"10.0.0.1",
				"local_port":	47198,
				"remote_host":	"10.0.0.9",
				"remote_port":	2500
			}],
		"version":	"iperf 3.0.7",
		"system_info":	"Linux BS1 5.4.197-0504197-generic #202206060747 SMP Mon Jun 6 09:27:47 UTC 2022 x86_64 x86_64 x86_64 GNU/Linux\n",
		"timestamp":	{
			"time":	"Mon, 25 Jul 2022 21:51:19 GMT",
			"timesecs":	1658785879
		},
		"connecting_to":	{
			"host":	"10.0.0.9",
			"port":	2500
		},
		"cookie":	"BS1.1658785879.337067.195f88eb17d00e",
		"tcp_mss_default":	1448,
		"test_start":	{
			"protocol":	"TCP",
			"num_streams":	1,
			"blksize":	131072,
			"omit":	0,
			"duration":	47,
			"bytes":	0,
			"blocks":	0,
			"reverse":	0
		}
	},
	"intervals":	[{
			"streams":	[{
					"socket":	4,
					"start":	0,
					"end":	1.00056,
					"seconds":	1.00056,
					"bytes":	11393768,
					"bits_per_second":	9.10996e+07,
					"retransmits":	0,
					"snd_cwnd":	763096,
					"omitted":	false
				}],
			"sum":	{
				"start":	0,
				"end":	1.00056,
				"seconds":	1.00056,
				"bytes":	11393768,
				"bits_per_second":	9.10996e+07,
				"retransmits":	0,
				"omitted":	false
			}
		}, {
			"streams":	[{
					"socket":	4,
					"start":	1.00056,
					"end":	2.00024,
					"seconds":	0.999683,
					"bytes":	12451840,
					"bits_per_second":	9.96463e+07,
					"retransmits":	3,
					"snd_cwnd":	457568,
					"omitted":	false
				}],
			"sum":	{
				"start":	1.00056,
				"end":	2.00024,
				"seconds":	0.999683,
				"bytes":	12451840,
				"bits_per_second":	9.96463e+07,
				"retransmits":	3,
				"omitted":	false
			}
		}, {
			"streams":	[{
					"socket":	4,
					"start":	2.00024,
					"end":	3.00049,
					"seconds":	1.00025,
					"bytes":	12451840,
					"bits_per_second":	9.95896e+07,
					"retransmits":	0,
					"snd_cwnd":	515488,
					"omitted":	false
				}],
			"sum":	{
				"start":	2.00024,
				"end":	3.00049,
				"seconds":	1.00025,
				"bytes":	12451840,
				"bits_per_second":	9.95896e+07,
				"retransmits":	0,
				"omitted":	false
			}
		}, {
			"streams":	[{
					"socket":	4,
					"start":	3.00049,
					"end":	4.00045,
					"seconds":	0.999962,
					"bytes":	12582912,
					"bits_per_second":	1.00667e+08,
					"retransmits":	0,
					"snd_cwnd":	577752,
					"omitted":	false
				}],
			"sum":	{
				"start":	3.00049,
				"end":	4.00045,
				"seconds":	0.999962,
				"bytes":	12582912,
				"bits_per_second":	1.00667e+08,
				"retransmits":	0,
				"omitted":	false
			}
		}, {
			"streams":	[{
					"socket":	4,
					"start":	4.00045,
					"end":	5.00038,
					"seconds":	0.999932,
					"bytes":	12451840,
					"bits_per_second":	9.96215e+07,
					"retransmits":	0,
					"snd_cwnd":	615400,
					"omitted":	false
				}],
			"sum":	{
				"start":	4.00045,
				"end":	5.00038,
				"seconds":	0.999932,
				"bytes":	12451840,
				"bits_per_second":	9.96215e+07,
				"retransmits":	0,
				"omitted":	false
			}
		}, {
			"streams":	[{
					"socket":	4,
					"start":	5.00038,
					"end":	6.00043,
					"seconds":	1.00005,
					"bytes":	12451840,
					"bits_per_second":	9.96099e+07,
					"retransmits":	0,
					"snd_cwnd":	647256,
					"omitted":	false
				}],
			"sum":	{
				"start":	5.00038,
				"end":	6.00043,
				"seconds":	1.00005,
				"bytes":	12451840,
				"bits_per_second":	9.96099e+07,
				"retransmits":	0,
				"omitted":	false
			}
		}, {
			"streams":	[{
					"socket":	4,
					"start":	6.00043,
					"end":	7.00025,
					"seconds":	0.999816,
					"bytes":	12582912,
					"bits_per_second":	1.00682e+08,
					"retransmits":	0,
					"snd_cwnd":	674768,
					"omitted":	false
				}],
			"sum":	{
				"start":	6.00043,
				"end":	7.00025,
				"seconds":	0.999816,
				"bytes":	12582912,
				"bits_per_second":	1.00682e+08,
				"retransmits":	0,
				"omitted":	false
			}
		}, {
			"streams":	[{
					"socket":	4,
					"start":	7.00025,
					"end":	8.00021,
					"seconds":	0.999962,
					"bytes":	12451840,
					"bits_per_second":	9.96185e+07,
					"retransmits":	0,
					"snd_cwnd":	700832,
					"omitted":	false
				}],
			"sum":	{
				"start":	7.00025,
				"end":	8.00021,
				"seconds":	0.999962,
				"bytes":	12451840,
				"bits_per_second":	9.96185e+07,
				"retransmits":	0,
				"omitted":	false
			}
		}, {
			"streams":	[{
					"socket":	4,
					"start":	8.00021,
					"end":	9.00064,
					"seconds":	1.00043,
					"bytes":	12451840,
					"bits_per_second":	9.95721e+07,
					"retransmits":	0,
					"snd_cwnd":	722552,
					"omitted":	false
				}],
			"sum":	{
				"start":	8.00021,
				"end":	9.00064,
				"seconds":	1.00043,
				"bytes":	12451840,
				"bits_per_second":	9.95721e+07,
				"retransmits":	0,
				"omitted":	false
			}
		}, {
			"streams":	[{
					"socket":	4,
					"start":	9.00064,
					"end":	10.0007,
					"seconds":	1.00004,
					"bytes":	12582912,
					"bits_per_second":	1.00659e+08,
					"retransmits":	18,
					"snd_cwnd":	732688,
					"omitted":	false
				}],
			"sum":	{
				"start":	9.00064,
				"end":	10.0007,
				"seconds":	1.00004,
				"bytes":	12582912,
				"bits_per_second":	1.00659e+08,
				"retransmits":	18,
				"omitted":	false
			}
		}, {
			"streams":	[{
					"socket":	4,
					"start":	10.0007,
					"end":	11.0014,
					"seconds":	1.00068,
					"bytes":	12582912,
					"bits_per_second":	1.00594e+08,
					"retransmits":	0,
					"snd_cwnd":	741376,
					"omitted":	false
				}],
			"sum":	{
				"start":	10.0007,
				"end":	11.0014,
				"seconds":	1.00068,
				"bytes":	12582912,
				"bits_per_second":	1.00594e+08,
				"retransmits":	0,
				"omitted":	false
			}
		}, {
			"streams":	[{
					"socket":	4,
					"start":	11.0014,
					"end":	12.0004,
					"seconds":	0.999071,
					"bytes":	12451840,
					"bits_per_second":	9.97074e+07,
					"retransmits":	5,
					"snd_cwnd":	750064,
					"omitted":	false
				}],
			"sum":	{
				"start":	11.0014,
				"end":	12.0004,
				"seconds":	0.999071,
				"bytes":	12451840,
				"bits_per_second":	9.97074e+07,
				"retransmits":	5,
				"omitted":	false
			}
		}, {
			"streams":	[{
					"socket":	4,
					"start":	12.0004,
					"end":	13.0008,
					"seconds":	1.00034,
					"bytes":	12451840,
					"bits_per_second":	9.95813e+07,
					"retransmits":	0,
					"snd_cwnd":	760200,
					"omitted":	false
				}],
			"sum":	{
				"start":	12.0004,
				"end":	13.0008,
				"seconds":	1.00034,
				"bytes":	12451840,
				"bits_per_second":	9.95813e+07,
				"retransmits":	0,
				"omitted":	false
			}
		}, {
			"streams":	[{
					"socket":	4,
					"start":	13.0008,
					"end":	14.0013,
					"seconds":	1.00054,
					"bytes":	12713984,
					"bits_per_second":	1.01657e+08,
					"retransmits":	25,
					"snd_cwnd":	767440,
					"omitted":	false
				}],
			"sum":	{
				"start":	13.0008,
				"end":	14.0013,
				"seconds":	1.00054,
				"bytes":	12713984,
				"bits_per_second":	1.01657e+08,
				"retransmits":	25,
				"omitted":	false
			}
		}, {
			"streams":	[{
					"socket":	4,
					"start":	14.0013,
					"end":	15.0003,
					"seconds":	0.99904,
					"bytes":	12320768,
					"bits_per_second":	9.86609e+07,
					"retransmits":	0,
					"snd_cwnd":	780472,
					"omitted":	false
				}],
			"sum":	{
				"start":	14.0013,
				"end":	15.0003,
				"seconds":	0.99904,
				"bytes":	12320768,
				"bits_per_second":	9.86609e+07,
				"retransmits":	0,
				"omitted":	false
			}
		}, {
			"streams":	[{
					"socket":	4,
					"start":	15.0003,
					"end":	16.0003,
					"seconds":	0.999913,
					"bytes":	12451840,
					"bits_per_second":	9.96234e+07,
					"retransmits":	0,
					"snd_cwnd":	790608,
					"omitted":	false
				}],
			"sum":	{
				"start":	15.0003,
				"end":	16.0003,
				"seconds":	0.999913,
				"bytes":	12451840,
				"bits_per_second":	9.96234e+07,
				"retransmits":	0,
				"omitted":	false
			}
		}, {
			"streams":	[{
					"socket":	4,
					"start":	16.0003,
					"end":	17.0065,
					"seconds":	1.00626,
					"bytes":	13107200,
					"bits_per_second":	1.04205e+08,
					"retransmits":	0,
					"snd_cwnd":	800744,
					"omitted":	false
				}],
			"sum":	{
				"start":	16.0003,
				"end":	17.0065,
				"seconds":	1.00626,
				"bytes":	13107200,
				"bits_per_second":	1.04205e+08,
				"retransmits":	0,
				"omitted":	false
			}
		}, {
			"streams":	[{
					"socket":	4,
					"start":	17.0065,
					"end":	18.0006,
					"seconds":	0.994041,
					"bytes":	7995392,
					"bits_per_second":	6.43466e+07,
					"retransmits":	0,
					"snd_cwnd":	807984,
					"omitted":	false
				}],
			"sum":	{
				"start":	17.0065,
				"end":	18.0006,
				"seconds":	0.994041,
				"bytes":	7995392,
				"bits_per_second":	6.43466e+07,
				"retransmits":	0,
				"omitted":	false
			}
		}, {
			"streams":	[{
					"socket":	4,
					"start":	18.0006,
					"end":	19.0003,
					"seconds":	0.999744,
					"bytes":	6291456,
					"bits_per_second":	5.03445e+07,
					"retransmits":	0,
					"snd_cwnd":	813776,
					"omitted":	false
				}],
			"sum":	{
				"start":	18.0006,
				"end":	19.0003,
				"seconds":	0.999744,
				"bytes":	6291456,
				"bits_per_second":	5.03445e+07,
				"retransmits":	0,
				"omitted":	false
			}
		}, {
			"streams":	[{
					"socket":	4,
					"start":	19.0003,
					"end":	20.0009,
					"seconds":	1.00061,
					"bytes":	4194304,
					"bits_per_second":	3.3534e+07,
					"retransmits":	0,
					"snd_cwnd":	819568,
					"omitted":	false
				}],
			"sum":	{
				"start":	19.0003,
				"end":	20.0009,
				"seconds":	1.00061,
				"bytes":	4194304,
				"bits_per_second":	3.3534e+07,
				"retransmits":	0,
				"omitted":	false
			}
		}, {
			"streams":	[{
					"socket":	4,
					"start":	20.0009,
					"end":	21.002,
					"seconds":	1.00108,
					"bytes":	3801088,
					"bits_per_second":	3.03758e+07,
					"retransmits":	0,
					"snd_cwnd":	858664,
					"omitted":	false
				}],
			"sum":	{
				"start":	20.0009,
				"end":	21.002,
				"seconds":	1.00108,
				"bytes":	3801088,
				"bits_per_second":	3.03758e+07,
				"retransmits":	0,
				"omitted":	false
			}
		}, {
			"streams":	[{
					"socket":	4,
					"start":	21.002,
					"end":	22.0003,
					"seconds":	0.998342,
					"bytes":	4456448,
					"bits_per_second":	3.57108e+07,
					"retransmits":	0,
					"snd_cwnd":	920928,
					"omitted":	false
				}],
			"sum":	{
				"start":	21.002,
				"end":	22.0003,
				"seconds":	0.998342,
				"bytes":	4456448,
				"bits_per_second":	3.57108e+07,
				"retransmits":	0,
				"omitted":	false
			}
		}, {
			"streams":	[{
					"socket":	4,
					"start":	22.0003,
					"end":	23.0002,
					"seconds":	0.999826,
					"bytes":	4456448,
					"bits_per_second":	3.56578e+07,
					"retransmits":	0,
					"snd_cwnd":	1002016,
					"omitted":	false
				}],
			"sum":	{
				"start":	22.0003,
				"end":	23.0002,
				"seconds":	0.999826,
				"bytes":	4456448,
				"bits_per_second":	3.56578e+07,
				"retransmits":	0,
				"omitted":	false
			}
		}, {
			"streams":	[{
					"socket":	4,
					"start":	23.0002,
					"end":	24.0013,
					"seconds":	1.00114,
					"bytes":	3801088,
					"bits_per_second":	3.03742e+07,
					"retransmits":	0,
					"snd_cwnd":	1106272,
					"omitted":	false
				}],
			"sum":	{
				"start":	23.0002,
				"end":	24.0013,
				"seconds":	1.00114,
				"bytes":	3801088,
				"bits_per_second":	3.03742e+07,
				"retransmits":	0,
				"omitted":	false
			}
		}, {
			"streams":	[{
					"socket":	4,
					"start":	24.0013,
					"end":	25.0001,
					"seconds":	0.99877,
					"bytes":	4980736,
					"bits_per_second":	3.9895e+07,
					"retransmits":	0,
					"snd_cwnd":	1246728,
					"omitted":	false
				}],
			"sum":	{
				"start":	24.0013,
				"end":	25.0001,
				"seconds":	0.99877,
				"bytes":	4980736,
				"bits_per_second":	3.9895e+07,
				"retransmits":	0,
				"omitted":	false
			}
		}, {
			"streams":	[{
					"socket":	4,
					"start":	25.0001,
					"end":	26.0001,
					"seconds":	1.00006,
					"bytes":	6291456,
					"bits_per_second":	5.03286e+07,
					"retransmits":	0,
					"snd_cwnd":	1419040,
					"omitted":	false
				}],
			"sum":	{
				"start":	25.0001,
				"end":	26.0001,
				"seconds":	1.00006,
				"bytes":	6291456,
				"bits_per_second":	5.03286e+07,
				"retransmits":	0,
				"omitted":	false
			}
		}, {
			"streams":	[{
					"socket":	4,
					"start":	26.0001,
					"end":	27.0007,
					"seconds":	1.00061,
					"bytes":	6422528,
					"bits_per_second":	5.13489e+07,
					"retransmits":	0,
					"snd_cwnd":	1624656,
					"omitted":	false
				}],
			"sum":	{
				"start":	26.0001,
				"end":	27.0007,
				"seconds":	1.00061,
				"bytes":	6422528,
				"bits_per_second":	5.13489e+07,
				"retransmits":	0,
				"omitted":	false
			}
		}, {
			"streams":	[{
					"socket":	4,
					"start":	27.0007,
					"end":	28.0003,
					"seconds":	0.999544,
					"bytes":	7864320,
					"bits_per_second":	6.29433e+07,
					"retransmits":	0,
					"snd_cwnd":	1870816,
					"omitted":	false
				}],
			"sum":	{
				"start":	27.0007,
				"end":	28.0003,
				"seconds":	0.999544,
				"bytes":	7864320,
				"bits_per_second":	6.29433e+07,
				"retransmits":	0,
				"omitted":	false
			}
		}, {
			"streams":	[{
					"socket":	4,
					"start":	28.0003,
					"end":	29.0017,
					"seconds":	1.00145,
					"bytes":	7995392,
					"bits_per_second":	6.38703e+07,
					"retransmits":	0,
					"snd_cwnd":	2144488,
					"omitted":	false
				}],
			"sum":	{
				"start":	28.0003,
				"end":	29.0017,
				"seconds":	1.00145,
				"bytes":	7995392,
				"bits_per_second":	6.38703e+07,
				"retransmits":	0,
				"omitted":	false
			}
		}, {
			"streams":	[{
					"socket":	4,
					"start":	29.0017,
					"end":	30.0039,
					"seconds":	1.00213,
					"bytes":	7733248,
					"bits_per_second":	6.17343e+07,
					"retransmits":	0,
					"snd_cwnd":	2465944,
					"omitted":	false
				}],
			"sum":	{
				"start":	29.0017,
				"end":	30.0039,
				"seconds":	1.00213,
				"bytes":	7733248,
				"bits_per_second":	6.17343e+07,
				"retransmits":	0,
				"omitted":	false
			}
		}, {
			"streams":	[{
					"socket":	4,
					"start":	30.0039,
					"end":	31.0001,
					"seconds":	0.996263,
					"bytes":	9699328,
					"bits_per_second":	7.78857e+07,
					"retransmits":	20,
					"snd_cwnd":	1850544,
					"omitted":	false
				}],
			"sum":	{
				"start":	30.0039,
				"end":	31.0001,
				"seconds":	0.996263,
				"bytes":	9699328,
				"bits_per_second":	7.78857e+07,
				"retransmits":	20,
				"omitted":	false
			}
		}, {
			"streams":	[{
					"socket":	4,
					"start":	31.0001,
					"end":	32.001,
					"seconds":	1.00085,
					"bytes":	9043968,
					"bits_per_second":	7.22901e+07,
					"retransmits":	0,
					"snd_cwnd":	2018512,
					"omitted":	false
				}],
			"sum":	{
				"start":	31.0001,
				"end":	32.001,
				"seconds":	1.00085,
				"bytes":	9043968,
				"bits_per_second":	7.22901e+07,
				"retransmits":	0,
				"omitted":	false
			}
		}, {
			"streams":	[{
					"socket":	4,
					"start":	32.001,
					"end":	33.0005,
					"seconds":	0.999459,
					"bytes":	7602176,
					"bits_per_second":	6.08503e+07,
					"retransmits":	0,
					"snd_cwnd":	2157520,
					"omitted":	false
				}],
			"sum":	{
				"start":	32.001,
				"end":	33.0005,
				"seconds":	0.999459,
				"bytes":	7602176,
				"bits_per_second":	6.08503e+07,
				"retransmits":	0,
				"omitted":	false
			}
		}, {
			"streams":	[{
					"socket":	4,
					"start":	33.0005,
					"end":	34.0002,
					"seconds":	0.999797,
					"bytes":	8388608,
					"bits_per_second":	6.71225e+07,
					"retransmits":	0,
					"snd_cwnd":	2279152,
					"omitted":	false
				}],
			"sum":	{
				"start":	33.0005,
				"end":	34.0002,
				"seconds":	0.999797,
				"bytes":	8388608,
				"bits_per_second":	6.71225e+07,
				"retransmits":	0,
				"omitted":	false
			}
		}, {
			"streams":	[{
					"socket":	4,
					"start":	34.0002,
					"end":	35.0003,
					"seconds":	1.0001,
					"bytes":	9175040,
					"bits_per_second":	7.33933e+07,
					"retransmits":	0,
					"snd_cwnd":	2370376,
					"omitted":	false
				}],
			"sum":	{
				"start":	34.0002,
				"end":	35.0003,
				"seconds":	1.0001,
				"bytes":	9175040,
				"bits_per_second":	7.33933e+07,
				"retransmits":	0,
				"omitted":	false
			}
		}, {
			"streams":	[{
					"socket":	4,
					"start":	35.0003,
					"end":	36.0002,
					"seconds":	0.999842,
					"bytes":	8650752,
					"bits_per_second":	6.92169e+07,
					"retransmits":	0,
					"snd_cwnd":	2435536,
					"omitted":	false
				}],
			"sum":	{
				"start":	35.0003,
				"end":	36.0002,
				"seconds":	0.999842,
				"bytes":	8650752,
				"bits_per_second":	6.92169e+07,
				"retransmits":	0,
				"omitted":	false
			}
		}, {
			"streams":	[{
					"socket":	4,
					"start":	36.0002,
					"end":	37.0009,
					"seconds":	1.00069,
					"bytes":	17563648,
					"bits_per_second":	1.40412e+08,
					"retransmits":	9,
					"snd_cwnd":	2451464,
					"omitted":	false
				}],
			"sum":	{
				"start":	36.0002,
				"end":	37.0009,
				"seconds":	1.00069,
				"bytes":	17563648,
				"bits_per_second":	1.40412e+08,
				"retransmits":	9,
				"omitted":	false
			}
		}, {
			"streams":	[{
					"socket":	4,
					"start":	37.0009,
					"end":	38.0004,
					"seconds":	0.9995,
					"bytes":	18219008,
					"bits_per_second":	1.45825e+08,
					"retransmits":	0,
					"snd_cwnd":	2457256,
					"omitted":	false
				}],
			"sum":	{
				"start":	37.0009,
				"end":	38.0004,
				"seconds":	0.9995,
				"bytes":	18219008,
				"bits_per_second":	1.45825e+08,
				"retransmits":	0,
				"omitted":	false
			}
		}, {
			"streams":	[{
					"socket":	4,
					"start":	38.0004,
					"end":	39.0001,
					"seconds":	0.999724,
					"bytes":	24641536,
					"bits_per_second":	1.97187e+08,
					"retransmits":	0,
					"snd_cwnd":	2464496,
					"omitted":	false
				}],
			"sum":	{
				"start":	38.0004,
				"end":	39.0001,
				"seconds":	0.999724,
				"bytes":	24641536,
				"bits_per_second":	1.97187e+08,
				"retransmits":	0,
				"omitted":	false
			}
		}, {
			"streams":	[{
					"socket":	4,
					"start":	39.0001,
					"end":	40.0002,
					"seconds":	1.00014,
					"bytes":	29491200,
					"bits_per_second":	2.35895e+08,
					"retransmits":	0,
					"snd_cwnd":	2477528,
					"omitted":	false
				}],
			"sum":	{
				"start":	39.0001,
				"end":	40.0002,
				"seconds":	1.00014,
				"bytes":	29491200,
				"bits_per_second":	2.35895e+08,
				"retransmits":	0,
				"omitted":	false
			}
		}, {
			"streams":	[{
					"socket":	4,
					"start":	40.0002,
					"end":	41.0001,
					"seconds":	0.999882,
					"bytes":	29884416,
					"bits_per_second":	2.39104e+08,
					"retransmits":	0,
					"snd_cwnd":	2509384,
					"omitted":	false
				}],
			"sum":	{
				"start":	40.0002,
				"end":	41.0001,
				"seconds":	0.999882,
				"bytes":	29884416,
				"bits_per_second":	2.39104e+08,
				"retransmits":	0,
				"omitted":	false
			}
		}, {
			"streams":	[{
					"socket":	4,
					"start":	41.0001,
					"end":	42.0001,
					"seconds":	1,
					"bytes":	31064064,
					"bits_per_second":	2.48512e+08,
					"retransmits":	0,
					"snd_cwnd":	2557168,
					"omitted":	false
				}],
			"sum":	{
				"start":	41.0001,
				"end":	42.0001,
				"seconds":	1,
				"bytes":	31064064,
				"bits_per_second":	2.48512e+08,
				"retransmits":	0,
				"omitted":	false
			}
		}, {
			"streams":	[{
					"socket":	4,
					"start":	42.0001,
					"end":	43.0002,
					"seconds":	1.0001,
					"bytes":	31064064,
					"bits_per_second":	2.48489e+08,
					"retransmits":	0,
					"snd_cwnd":	2625224,
					"omitted":	false
				}],
			"sum":	{
				"start":	42.0001,
				"end":	43.0002,
				"seconds":	1.0001,
				"bytes":	31064064,
				"bits_per_second":	2.48489e+08,
				"retransmits":	0,
				"omitted":	false
			}
		}, {
			"streams":	[{
					"socket":	4,
					"start":	43.0002,
					"end":	44.0002,
					"seconds":	1.00001,
					"bytes":	26214400,
					"bits_per_second":	2.09712e+08,
					"retransmits":	0,
					"snd_cwnd":	2716448,
					"omitted":	false
				}],
			"sum":	{
				"start":	43.0002,
				"end":	44.0002,
				"seconds":	1.00001,
				"bytes":	26214400,
				"bits_per_second":	2.09712e+08,
				"retransmits":	0,
				"omitted":	false
			}
		}, {
			"streams":	[{
					"socket":	4,
					"start":	44.0002,
					"end":	45.0003,
					"seconds":	1.00004,
					"bytes":	12451840,
					"bits_per_second":	9.96112e+07,
					"retransmits":	0,
					"snd_cwnd":	2752648,
					"omitted":	false
				}],
			"sum":	{
				"start":	44.0002,
				"end":	45.0003,
				"seconds":	1.00004,
				"bytes":	12451840,
				"bits_per_second":	9.96112e+07,
				"retransmits":	0,
				"omitted":	false
			}
		}, {
			"streams":	[{
					"socket":	4,
					"start":	45.0003,
					"end":	46.0006,
					"seconds":	1.00034,
					"bytes":	12451840,
					"bits_per_second":	9.95811e+07,
					"retransmits":	0,
					"snd_cwnd":	2752648,
					"omitted":	false
				}],
			"sum":	{
				"start":	45.0003,
				"end":	46.0006,
				"seconds":	1.00034,
				"bytes":	12451840,
				"bits_per_second":	9.95811e+07,
				"retransmits":	0,
				"omitted":	false
			}
		}, {
			"streams":	[{
					"socket":	4,
					"start":	46.0006,
					"end":	47.0002,
					"seconds":	0.999588,
					"bytes":	12451840,
					"bits_per_second":	9.96558e+07,
					"retransmits":	0,
					"snd_cwnd":	2752648,
					"omitted":	false
				}],
			"sum":	{
				"start":	46.0006,
				"end":	47.0002,
				"seconds":	0.999588,
				"bytes":	12451840,
				"bits_per_second":	9.96558e+07,
				"retransmits":	0,
				"omitted":	false
			}
		}],
	"end":	{
		"streams":	[{
				"sender":	{
					"socket":	4,
					"start":	0,
					"end":	47.0002,
					"seconds":	47.0002,
					"bytes":	586275560,
					"bits_per_second":	9.97912e+07,
					"retransmits":	80
				},
				"receiver":	{
					"socket":	4,
					"start":	0,
					"end":	47.0002,
					"seconds":	47.0002,
					"bytes":	586275560,
					"bits_per_second":	9.97912e+07
				}
			}],
		"sum_sent":	{
			"start":	0,
			"end":	47.0002,
			"seconds":	47.0002,
			"bytes":	586275560,
			"bits_per_second":	9.97912e+07,
			"retransmits":	80
		},
		"sum_received":	{
			"start":	0,
			"end":	47.0002,
			"seconds":	47.0002,
			"bytes":	586275560,
			"bits_per_second":	9.97912e+07
		},
		"cpu_utilization_percent":	{
			"host_total":	2.06053,
			"host_user":	0.101259,
			"host_system":	1.95926,
			"remote_total":	6.66077,
			"remote_user":	0.533504,
			"remote_system":	6.12727
		}
	}
}
