{
	"start":	{
		"connected":	[{
				"socket":	4,
				"local_host":	"10.0.0.2",
				"local_port":	35086,
				"remote_host":	"10.0.0.13",
				"remote_port":	2427
			}],
		"version":	"iperf 3.0.7",
		"system_info":	"Linux H2 5.4.197-0504197-generic #202206060747 SMP Mon Jun 6 09:27:47 UTC 2022 x86_64 x86_64 x86_64 GNU/Linux\n",
		"timestamp":	{
			"time":	"Fri, 22 Jul 2022 16:20:48 GMT",
			"timesecs":	1658506848
		},
		"connecting_to":	{
			"host":	"10.0.0.13",
			"port":	2427
		},
		"cookie":	"H2.1658506848.302041.2f52279034e8a35",
		"tcp_mss_default":	1448,
		"test_start":	{
			"protocol":	"TCP",
			"num_streams":	1,
			"blksize":	131072,
			"omit":	0,
			"duration":	5,
			"bytes":	0,
			"blocks":	0,
			"reverse":	0
		}
	},
	"intervals":	[{
			"streams":	[{
					"socket":	4,
					"start":	0,
					"end":	1.00028,
					"seconds":	1.00028,
					"bytes":	1689400,
					"bits_per_second":	1.35115e+07,
					"retransmits":	0,
					"snd_cwnd":	88328,
					"omitted":	false
				}],
			"sum":	{
				"start":	0,
				"end":	1.00028,
				"seconds":	1.00028,
				"bytes":	1689400,
				"bits_per_second":	1.35115e+07,
				"retransmits":	0,
				"omitted":	false
			}
		}, {
			"streams":	[{
					"socket":	4,
					"start":	1.00028,
					"end":	2.00017,
					"seconds":	0.999896,
					"bytes":	1966080,
					"bits_per_second":	1.57303e+07,
					"retransmits":	0,
					"snd_cwnd":	112944,
					"omitted":	false
				}],
			"sum":	{
				"start":	1.00028,
				"end":	2.00017,
				"seconds":	0.999896,
				"bytes":	1966080,
				"bits_per_second":	1.57303e+07,
				"retransmits":	0,
				"omitted":	false
			}
		}, {
			"streams":	[{
					"socket":	4,
					"start":	2.00017,
					"end":	3.0011,
					"seconds":	1.00092,
					"bytes":	1835008,
					"bits_per_second":	1.46665e+07,
					"retransmits":	0,
					"snd_cwnd":	147696,
					"omitted":	false
				}],
			"sum":	{
				"start":	2.00017,
				"end":	3.0011,
				"seconds":	1.00092,
				"bytes":	1835008,
				"bits_per_second":	1.46665e+07,
				"retransmits":	0,
				"omitted":	false
			}
		}, {
			"streams":	[{
					"socket":	4,
					"start":	3.0011,
					"end":	4.00026,
					"seconds":	0.999159,
					"bytes":	1835008,
					"bits_per_second":	1.46924e+07,
					"retransmits":	0,
					"snd_cwnd":	176656,
					"omitted":	false
				}],
			"sum":	{
				"start":	3.0011,
				"end":	4.00026,
				"seconds":	0.999159,
				"bytes":	1835008,
				"bits_per_second":	1.46924e+07,
				"retransmits":	0,
				"omitted":	false
			}
		}, {
			"streams":	[{
					"socket":	4,
					"start":	4.00026,
					"end":	5.00066,
					"seconds":	1.00041,
					"bytes":	1966080,
					"bits_per_second":	1.57222e+07,
					"retransmits":	0,
					"snd_cwnd":	188240,
					"omitted":	false
				}],
			"sum":	{
				"start":	4.00026,
				"end":	5.00066,
				"seconds":	1.00041,
				"bytes":	1966080,
				"bits_per_second":	1.57222e+07,
				"retransmits":	0,
				"omitted":	false
			}
		}],
	"end":	{
		"streams":	[{
				"sender":	{
					"socket":	4,
					"start":	0,
					"end":	5.00066,
					"seconds":	5.00066,
					"bytes":	9291576,
					"bits_per_second":	1.48646e+07,
					"retransmits":	0
				},
				"receiver":	{
					"socket":	4,
					"start":	0,
					"end":	5.00066,
					"seconds":	5.00066,
					"bytes":	9291576,
					"bits_per_second":	1.48646e+07
				}
			}],
		"sum_sent":	{
			"start":	0,
			"end":	5.00066,
			"seconds":	5.00066,
			"bytes":	9291576,
			"bits_per_second":	1.48646e+07,
			"retransmits":	0
		},
		"sum_received":	{
			"start":	0,
			"end":	5.00066,
			"seconds":	5.00066,
			"bytes":	9291576,
			"bits_per_second":	1.48646e+07
		},
		"cpu_utilization_percent":	{
			"host_total":	0.48176,
			"host_user":	0.218346,
			"host_system":	0.263374,
			"remote_total":	1.21866,
			"remote_user":	0.568591,
			"remote_system":	0.650054
		}
	}
}
