{
	"start":	{
		"connected":	[{
				"socket":	4,
				"local_host":	"10.0.0.5",
				"local_port":	41362,
				"remote_host":	"10.0.0.21",
				"remote_port":	1576
			}],
		"version":	"iperf 3.0.7",
		"system_info":	"Linux BS5 5.4.197-0504197-generic #202206060747 SMP Mon Jun 6 09:27:47 UTC 2022 x86_64 x86_64 x86_64 GNU/Linux\n",
		"timestamp":	{
			"time":	"Mon, 25 Jul 2022 21:50:52 GMT",
			"timesecs":	1658785852
		},
		"connecting_to":	{
			"host":	"10.0.0.21",
			"port":	1576
		},
		"cookie":	"BS5.1658785852.109924.14483abc44b63d",
		"test_start":	{
			"protocol":	"UDP",
			"num_streams":	1,
			"blksize":	8192,
			"omit":	0,
			"duration":	4,
			"bytes":	0,
			"blocks":	0,
			"reverse":	0
		}
	},
	"intervals":	[{
			"streams":	[{
					"socket":	4,
					"start":	0,
					"end":	1.00024,
					"seconds":	1.00024,
					"bytes":	5840896,
					"bits_per_second":	4.67161e+07,
					"packets":	713,
					"omitted":	false
				}],
			"sum":	{
				"start":	0,
				"end":	1.00024,
				"seconds":	1.00024,
				"bytes":	5840896,
				"bits_per_second":	4.67161e+07,
				"packets":	713,
				"omitted":	false
			}
		}, {
			"streams":	[{
					"socket":	4,
					"start":	1.00024,
					"end":	2.01677,
					"seconds":	1.01654,
					"bytes":	6217728,
					"bits_per_second":	4.89327e+07,
					"packets":	759,
					"omitted":	false
				}],
			"sum":	{
				"start":	1.00024,
				"end":	2.01677,
				"seconds":	1.01654,
				"bytes":	6217728,
				"bits_per_second":	4.89327e+07,
				"packets":	759,
				"omitted":	false
			}
		}, {
			"streams":	[{
					"socket":	4,
					"start":	2.01677,
					"end":	3.00027,
					"seconds":	0.983494,
					"bytes":	6160384,
					"bits_per_second":	5.01102e+07,
					"packets":	752,
					"omitted":	false
				}],
			"sum":	{
				"start":	2.01677,
				"end":	3.00027,
				"seconds":	0.983494,
				"bytes":	6160384,
				"bits_per_second":	5.01102e+07,
				"packets":	752,
				"omitted":	false
			}
		}, {
			"streams":	[{
					"socket":	4,
					"start":	3.00027,
					"end":	4.00023,
					"seconds":	0.999958,
					"bytes":	6217728,
					"bits_per_second":	4.97439e+07,
					"packets":	759,
					"omitted":	false
				}],
			"sum":	{
				"start":	3.00027,
				"end":	4.00023,
				"seconds":	0.999958,
				"bytes":	6217728,
				"bits_per_second":	4.97439e+07,
				"packets":	759,
				"omitted":	false
			}
		}],
	"end":	{
		"streams":	[{
				"udp":	{
					"socket":	4,
					"start":	0,
					"end":	4.00023,
					"seconds":	4.00023,
					"bytes":	24436736,
					"bits_per_second":	4.88707e+07,
					"jitter_ms":	0.478822,
					"lost_packets":	42,
					"packets":	2983,
					"lost_percent":	1.40798
				}
			}],
		"sum":	{
			"start":	0,
			"end":	4.00023,
			"seconds":	4.00023,
			"bytes":	24436736,
			"bits_per_second":	4.88707e+07,
			"jitter_ms":	0.478822,
			"lost_packets":	42,
			"packets":	2983,
			"lost_percent":	1.40798
		},
		"cpu_utilization_percent":	{
			"host_total":	11.2629,
			"host_user":	0.138539,
			"host_system":	11.1241,
			"remote_total":	5.16236,
			"remote_user":	0.42997,
			"remote_system":	4.72988
		}
	}
}
