{
	"start":	{
		"connected":	[{
				"socket":	4,
				"local_host":	"10.0.0.7",
				"local_port":	54228,
				"remote_host":	"10.0.0.8",
				"remote_port":	1535
			}],
		"version":	"iperf 3.0.7",
		"system_info":	"Linux BS7 5.4.197-0504197-generic #202206060747 SMP Mon Jun 6 09:27:47 UTC 2022 x86_64 x86_64 x86_64 GNU/Linux\n",
		"timestamp":	{
			"time":	"Mon, 25 Jul 2022 21:48:15 GMT",
			"timesecs":	1658785695
		},
		"connecting_to":	{
			"host":	"10.0.0.8",
			"port":	1535
		},
		"cookie":	"BS7.1658785695.283070.5b3827ec2ce6a2",
		"tcp_mss_default":	1448,
		"test_start":	{
			"protocol":	"TCP",
			"num_streams":	1,
			"blksize":	131072,
			"omit":	0,
			"duration":	30,
			"bytes":	0,
			"blocks":	0,
			"reverse":	0
		}
	},
	"intervals":	[{
			"streams":	[{
					"socket":	4,
					"start":	0,
					"end":	1.00022,
					"seconds":	1.00022,
					"bytes":	3158704,
					"bits_per_second":	2.52641e+07,
					"retransmits":	2,
					"snd_cwnd":	347520,
					"omitted":	false
				}],
			"sum":	{
				"start":	0,
				"end":	1.00022,
				"seconds":	1.00022,
				"bytes":	3158704,
				"bits_per_second":	2.52641e+07,
				"retransmits":	2,
				"omitted":	false
			}
		}, {
			"streams":	[{
					"socket":	4,
					"start":	1.00022,
					"end":	2.0003,
					"seconds":	1.00008,
					"bytes":	2359296,
					"bits_per_second":	1.88728e+07,
					"retransmits":	0,
					"snd_cwnd":	351864,
					"omitted":	false
				}],
			"sum":	{
				"start":	1.00022,
				"end":	2.0003,
				"seconds":	1.00008,
				"bytes":	2359296,
				"bits_per_second":	1.88728e+07,
				"retransmits":	0,
				"omitted":	false
			}
		}, {
			"streams":	[{
					"socket":	4,
					"start":	2.0003,
					"end":	3.001,
					"seconds":	1.0007,
					"bytes":	1835008,
					"bits_per_second":	1.46698e+07,
					"retransmits":	28,
					"snd_cwnd":	121632,
					"omitted":	false
				}],
			"sum":	{
				"start":	2.0003,
				"end":	3.001,
				"seconds":	1.0007,
				"bytes":	1835008,
				"bits_per_second":	1.46698e+07,
				"retransmits":	28,
				"omitted":	false
			}
		}, {
			"streams":	[{
					"socket":	4,
					"start":	3.001,
					"end":	4.00065,
					"seconds":	0.999643,
					"bytes":	917504,
					"bits_per_second":	7.34265e+06,
					"retransmits":	0,
					"snd_cwnd":	137560,
					"omitted":	false
				}],
			"sum":	{
				"start":	3.001,
				"end":	4.00065,
				"seconds":	0.999643,
				"bytes":	917504,
				"bits_per_second":	7.34265e+06,
				"retransmits":	0,
				"omitted":	false
			}
		}, {
			"streams":	[{
					"socket":	4,
					"start":	4.00065,
					"end":	5.0007,
					"seconds":	1.00006,
					"bytes":	1310720,
					"bits_per_second":	1.04852e+07,
					"retransmits":	0,
					"snd_cwnd":	144800,
					"omitted":	false
				}],
			"sum":	{
				"start":	4.00065,
				"end":	5.0007,
				"seconds":	1.00006,
				"bytes":	1310720,
				"bits_per_second":	1.04852e+07,
				"retransmits":	0,
				"omitted":	false
			}
		}, {
			"streams":	[{
					"socket":	4,
					"start":	5.0007,
					"end":	6.00384,
					"seconds":	1.00314,
					"bytes":	1048576,
					"bits_per_second":	8.36236e+06,
					"retransmits":	0,
					"snd_cwnd":	146248,
					"omitted":	false
				}],
			"sum":	{
				"start":	5.0007,
				"end":	6.00384,
				"seconds":	1.00314,
				"bytes":	1048576,
				"bits_per_second":	8.36236e+06,
				"retransmits":	0,
				"omitted":	false
			}
		}, {
			"streams":	[{
					"socket":	4,
					"start":	6.00384,
					"end":	7.00084,
					"seconds":	0.997001,
					"bytes":	917504,
					"bits_per_second":	7.36211e+06,
					"retransmits":	0,
					"snd_cwnd":	146248,
					"omitted":	false
				}],
			"sum":	{
				"start":	6.00384,
				"end":	7.00084,
				"seconds":	0.997001,
				"bytes":	917504,
				"bits_per_second":	7.36211e+06,
				"retransmits":	0,
				"omitted":	false
			}
		}, {
			"streams":	[{
					"socket":	4,
					"start":	7.00084,
					"end":	8.00031,
					"seconds":	0.999465,
					"bytes":	1310720,
					"bits_per_second":	1.04914e+07,
					"retransmits":	0,
					"snd_cwnd":	149144,
					"omitted":	false
				}],
			"sum":	{
				"start":	7.00084,
				"end":	8.00031,
				"seconds":	0.999465,
				"bytes":	1310720,
				"bits_per_second":	1.04914e+07,
				"retransmits":	0,
				"omitted":	false
			}
		}, {
			"streams":	[{
					"socket":	4,
					"start":	8.00031,
					"end":	9.00039,
					"seconds":	1.00008,
					"bytes":	1703936,
					"bits_per_second":	1.36304e+07,
					"retransmits":	0,
					"snd_cwnd":	157832,
					"omitted":	false
				}],
			"sum":	{
				"start":	8.00031,
				"end":	9.00039,
				"seconds":	1.00008,
				"bytes":	1703936,
				"bits_per_second":	1.36304e+07,
				"retransmits":	0,
				"omitted":	false
			}
		}, {
			"streams":	[{
					"socket":	4,
					"start":	9.00039,
					"end":	10.0024,
					"seconds":	1.00204,
					"bytes":	1966080,
					"bits_per_second":	1.56966e+07,
					"retransmits":	0,
					"snd_cwnd":	170864,
					"omitted":	false
				}],
			"sum":	{
				"start":	9.00039,
				"end":	10.0024,
				"seconds":	1.00204,
				"bytes":	1966080,
				"bits_per_second":	1.56966e+07,
				"retransmits":	0,
				"omitted":	false
			}
		}, {
			"streams":	[{
					"socket":	4,
					"start":	10.0024,
					"end":	11.0004,
					"seconds":	0.997969,
					"bytes":	1572864,
					"bits_per_second":	1.26085e+07,
					"retransmits":	2,
					"snd_cwnd":	179552,
					"omitted":	false
				}],
			"sum":	{
				"start":	10.0024,
				"end":	11.0004,
				"seconds":	0.997969,
				"bytes":	1572864,
				"bits_per_second":	1.26085e+07,
				"retransmits":	2,
				"omitted":	false
			}
		}, {
			"streams":	[{
					"socket":	4,
					"start":	11.0004,
					"end":	12.0013,
					"seconds":	1.0009,
					"bytes":	1835008,
					"bits_per_second":	1.46668e+07,
					"retransmits":	0,
					"snd_cwnd":	186792,
					"omitted":	false
				}],
			"sum":	{
				"start":	11.0004,
				"end":	12.0013,
				"seconds":	1.0009,
				"bytes":	1835008,
				"bits_per_second":	1.46668e+07,
				"retransmits":	0,
				"omitted":	false
			}
		}, {
			"streams":	[{
					"socket":	4,
					"start":	12.0013,
					"end":	13.0028,
					"seconds":	1.00147,
					"bytes":	2359296,
					"bits_per_second":	1.88467e+07,
					"retransmits":	0,
					"snd_cwnd":	196928,
					"omitted":	false
				}],
			"sum":	{
				"start":	12.0013,
				"end":	13.0028,
				"seconds":	1.00147,
				"bytes":	2359296,
				"bits_per_second":	1.88467e+07,
				"retransmits":	0,
				"omitted":	false
			}
		}, {
			"streams":	[{
					"socket":	4,
					"start":	13.0028,
					"end":	14.0013,
					"seconds":	0.998535,
					"bytes":	1835008,
					"bits_per_second":	1.47016e+07,
					"retransmits":	2,
					"snd_cwnd":	201272,
					"omitted":	false
				}],
			"sum":	{
				"start":	13.0028,
				"end":	14.0013,
				"seconds":	0.998535,
				"bytes":	1835008,
				"bits_per_second":	1.47016e+07,
				"retransmits":	2,
				"omitted":	false
			}
		}, {
			"streams":	[{
					"socket":	4,
					"start":	14.0013,
					"end":	15.0017,
					"seconds":	1.0004,
					"bytes":	2752512,
					"bits_per_second":	2.20114e+07,
					"retransmits":	0,
					"snd_cwnd":	211408,
					"omitted":	false
				}],
			"sum":	{
				"start":	14.0013,
				"end":	15.0017,
				"seconds":	1.0004,
				"bytes":	2752512,
				"bits_per_second":	2.20114e+07,
				"retransmits":	0,
				"omitted":	false
			}
		}, {
			"streams":	[{
					"socket":	4,
					"start":	15.0017,
					"end":	16.0082,
					"seconds":	1.00646,
					"bytes":	1835008,
					"bits_per_second":	1.45859e+07,
					"retransmits":	16,
					"snd_cwnd":	165072,
					"omitted":	false
				}],
			"sum":	{
				"start":	15.0017,
				"end":	16.0082,
				"seconds":	1.00646,
				"bytes":	1835008,
				"bits_per_second":	1.45859e+07,
				"retransmits":	16,
				"omitted":	false
			}
		}, {
			"streams":	[{
					"socket":	4,
					"start":	16.0082,
					"end":	17.0005,
					"seconds":	0.992374,
					"bytes":	2228224,
					"bits_per_second":	1.79628e+07,
					"retransmits":	0,
					"snd_cwnd":	192584,
					"omitted":	false
				}],
			"sum":	{
				"start":	16.0082,
				"end":	17.0005,
				"seconds":	0.992374,
				"bytes":	2228224,
				"bits_per_second":	1.79628e+07,
				"retransmits":	0,
				"omitted":	false
			}
		}, {
			"streams":	[{
					"socket":	4,
					"start":	17.0005,
					"end":	18.0014,
					"seconds":	1.00088,
					"bytes":	2097152,
					"bits_per_second":	1.67624e+07,
					"retransmits":	0,
					"snd_cwnd":	207064,
					"omitted":	false
				}],
			"sum":	{
				"start":	17.0005,
				"end":	18.0014,
				"seconds":	1.00088,
				"bytes":	2097152,
				"bits_per_second":	1.67624e+07,
				"retransmits":	0,
				"omitted":	false
			}
		}, {
			"streams":	[{
					"socket":	4,
					"start":	18.0014,
					"end":	19.005,
					"seconds":	1.00359,
					"bytes":	1441792,
					"bits_per_second":	1.14931e+07,
					"retransmits":	0,
					"snd_cwnd":	157832,
					"omitted":	false
				}],
			"sum":	{
				"start":	18.0014,
				"end":	19.005,
				"seconds":	1.00359,
				"bytes":	1441792,
				"bits_per_second":	1.14931e+07,
				"retransmits":	0,
				"omitted":	false
			}
		}, {
			"streams":	[{
					"socket":	4,
					"start":	19.005,
					"end":	20.0159,
					"seconds":	1.01086,
					"bytes":	1310720,
					"bits_per_second":	1.03731e+07,
					"retransmits":	0,
					"snd_cwnd":	170864,
					"omitted":	false
				}],
			"sum":	{
				"start":	19.005,
				"end":	20.0159,
				"seconds":	1.01086,
				"bytes":	1310720,
				"bits_per_second":	1.03731e+07,
				"retransmits":	0,
				"omitted":	false
			}
		}, {
			"streams":	[{
					"socket":	4,
					"start":	20.0159,
					"end":	21.0015,
					"seconds":	0.985586,
					"bytes":	1572864,
					"bits_per_second":	1.27669e+07,
					"retransmits":	2,
					"snd_cwnd":	176656,
					"omitted":	false
				}],
			"sum":	{
				"start":	20.0159,
				"end":	21.0015,
				"seconds":	0.985586,
				"bytes":	1572864,
				"bits_per_second":	1.27669e+07,
				"retransmits":	2,
				"omitted":	false
			}
		}, {
			"streams":	[{
					"socket":	4,
					"start":	21.0015,
					"end":	22.0042,
					"seconds":	1.00274,
					"bytes":	2097152,
					"bits_per_second":	1.67314e+07,
					"retransmits":	0,
					"snd_cwnd":	185344,
					"omitted":	false
				}],
			"sum":	{
				"start":	21.0015,
				"end":	22.0042,
				"seconds":	1.00274,
				"bytes":	2097152,
				"bits_per_second":	1.67314e+07,
				"retransmits":	0,
				"omitted":	false
			}
		}, {
			"streams":	[{
					"socket":	4,
					"start":	22.0042,
					"end":	23.0004,
					"seconds":	0.996242,
					"bytes":	1572864,
					"bits_per_second":	1.26304e+07,
					"retransmits":	2,
					"snd_cwnd":	191136,
					"omitted":	false
				}],
			"sum":	{
				"start":	22.0042,
				"end":	23.0004,
				"seconds":	0.996242,
				"bytes":	1572864,
				"bits_per_second":	1.26304e+07,
				"retransmits":	2,
				"omitted":	false
			}
		}, {
			"streams":	[{
					"socket":	4,
					"start":	23.0004,
					"end":	24.0002,
					"seconds":	0.999735,
					"bytes":	3670016,
					"bits_per_second":	2.93679e+07,
					"retransmits":	0,
					"snd_cwnd":	204168,
					"omitted":	false
				}],
			"sum":	{
				"start":	23.0004,
				"end":	24.0002,
				"seconds":	0.999735,
				"bytes":	3670016,
				"bits_per_second":	2.93679e+07,
				"retransmits":	0,
				"omitted":	false
			}
		}, {
			"streams":	[{
					"socket":	4,
					"start":	24.0002,
					"end":	25.0005,
					"seconds":	1.00037,
					"bytes":	5373952,
					"bits_per_second":	4.29755e+07,
					"retransmits":	0,
					"snd_cwnd":	224440,
					"omitted":	false
				}],
			"sum":	{
				"start":	24.0002,
				"end":	25.0005,
				"seconds":	1.00037,
				"bytes":	5373952,
				"bits_per_second":	4.29755e+07,
				"retransmits":	0,
				"omitted":	false
			}
		}, {
			"streams":	[{
					"socket":	4,
					"start":	25.0005,
					"end":	26.0005,
					"seconds":	0.999918,
					"bytes":	5636096,
					"bits_per_second":	4.50925e+07,
					"retransmits":	0,
					"snd_cwnd":	243264,
					"omitted":	false
				}],
			"sum":	{
				"start":	25.0005,
				"end":	26.0005,
				"seconds":	0.999918,
				"bytes":	5636096,
				"bits_per_second":	4.50925e+07,
				"retransmits":	0,
				"omitted":	false
			}
		}, {
			"streams":	[{
					"socket":	4,
					"start":	26.0005,
					"end":	27.0035,
					"seconds":	1.003,
					"bytes":	5242880,
					"bits_per_second":	4.18178e+07,
					"retransmits":	0,
					"snd_cwnd":	259192,
					"omitted":	false
				}],
			"sum":	{
				"start":	26.0005,
				"end":	27.0035,
				"seconds":	1.003,
				"bytes":	5242880,
				"bits_per_second":	4.18178e+07,
				"retransmits":	0,
				"omitted":	false
			}
		}, {
			"streams":	[{
					"socket":	4,
					"start":	27.0035,
					"end":	28.0004,
					"seconds":	0.996925,
					"bytes":	7340032,
					"bits_per_second":	5.89014e+07,
					"retransmits":	0,
					"snd_cwnd":	279464,
					"omitted":	false
				}],
			"sum":	{
				"start":	27.0035,
				"end":	28.0004,
				"seconds":	0.996925,
				"bytes":	7340032,
				"bits_per_second":	5.89014e+07,
				"retransmits":	0,
				"omitted":	false
			}
		}, {
			"streams":	[{
					"socket":	4,
					"start":	28.0004,
					"end":	29.0001,
					"seconds":	0.999715,
					"bytes":	7864320,
					"bits_per_second":	6.29325e+07,
					"retransmits":	0,
					"snd_cwnd":	320008,
					"omitted":	false
				}],
			"sum":	{
				"start":	28.0004,
				"end":	29.0001,
				"seconds":	0.999715,
				"bytes":	7864320,
				"bits_per_second":	6.29325e+07,
				"retransmits":	0,
				"omitted":	false
			}
		}, {
			"streams":	[{
					"socket":	4,
					"start":	29.0001,
					"end":	30.0002,
					"seconds":	1.00009,
					"bytes":	8781824,
					"bits_per_second":	7.02483e+07,
					"retransmits":	0,
					"snd_cwnd":	393856,
					"omitted":	false
				}],
			"sum":	{
				"start":	29.0001,
				"end":	30.0002,
				"seconds":	1.00009,
				"bytes":	8781824,
				"bits_per_second":	7.02483e+07,
				"retransmits":	0,
				"omitted":	false
			}
		}],
	"end":	{
		"streams":	[{
				"sender":	{
					"socket":	4,
					"start":	0,
					"end":	30.0002,
					"seconds":	30.0002,
					"bytes":	84947632,
					"bits_per_second":	2.26526e+07,
					"retransmits":	54
				},
				"receiver":	{
					"socket":	4,
					"start":	0,
					"end":	30.0002,
					"seconds":	30.0002,
					"bytes":	83769696,
					"bits_per_second":	2.23384e+07
				}
			}],
		"sum_sent":	{
			"start":	0,
			"end":	30.0002,
			"seconds":	30.0002,
			"bytes":	84947632,
			"bits_per_second":	2.26526e+07,
			"retransmits":	54
		},
		"sum_received":	{
			"start":	0,
			"end":	30.0002,
			"seconds":	30.0002,
			"bytes":	83769696,
			"bits_per_second":	2.23384e+07
		},
		"cpu_utilization_percent":	{
			"host_total":	1.58075,
			"host_user":	0.234768,
			"host_system":	1.34596,
			"remote_total":	5.39318,
			"remote_user":	0.477409,
			"remote_system":	4.91556
		}
	}
}
