{
	"start":	{
		"connected":	[{
				"socket":	4,
				"local_host":	"10.0.0.2",
				"local_port":	50436,
				"remote_host":	"10.0.0.10",
				"remote_port":	1224
			}],
		"version":	"iperf 3.0.7",
		"system_info":	"Linux H2 5.4.197-0504197-generic #202206060747 SMP Mon Jun 6 09:27:47 UTC 2022 x86_64 x86_64 x86_64 GNU/Linux\n",
		"timestamp":	{
			"time":	"Fri, 22 Jul 2022 16:22:05 GMT",
			"timesecs":	1658506925
		},
		"connecting_to":	{
			"host":	"10.0.0.10",
			"port":	1224
		},
		"cookie":	"H2.1658506925.838314.645ea2593fecbce",
		"tcp_mss_default":	1448,
		"test_start":	{
			"protocol":	"TCP",
			"num_streams":	1,
			"blksize":	131072,
			"omit":	0,
			"duration":	5,
			"bytes":	0,
			"blocks":	0,
			"reverse":	0
		}
	},
	"intervals":	[{
			"streams":	[{
					"socket":	4,
					"start":	0,
					"end":	1.00062,
					"seconds":	1.00062,
					"bytes":	1703936,
					"bits_per_second":	1.3623e+07,
					"retransmits":	0,
					"snd_cwnd":	92672,
					"omitted":	false
				}],
			"sum":	{
				"start":	0,
				"end":	1.00062,
				"seconds":	1.00062,
				"bytes":	1703936,
				"bits_per_second":	1.3623e+07,
				"retransmits":	0,
				"omitted":	false
			}
		}, {
			"streams":	[{
					"socket":	4,
					"start":	1.00062,
					"end":	2.00054,
					"seconds":	0.999916,
					"bytes":	1966080,
					"bits_per_second":	1.573e+07,
					"retransmits":	0,
					"snd_cwnd":	76744,
					"omitted":	false
				}],
			"sum":	{
				"start":	1.00062,
				"end":	2.00054,
				"seconds":	0.999916,
				"bytes":	1966080,
				"bits_per_second":	1.573e+07,
				"retransmits":	0,
				"omitted":	false
			}
		}, {
			"streams":	[{
					"socket":	4,
					"start":	2.00054,
					"end":	3.00039,
					"seconds":	0.999858,
					"bytes":	1835008,
					"bits_per_second":	1.46822e+07,
					"retransmits":	0,
					"snd_cwnd":	86880,
					"omitted":	false
				}],
			"sum":	{
				"start":	2.00054,
				"end":	3.00039,
				"seconds":	0.999858,
				"bytes":	1835008,
				"bits_per_second":	1.46822e+07,
				"retransmits":	0,
				"omitted":	false
			}
		}, {
			"streams":	[{
					"socket":	4,
					"start":	3.00039,
					"end":	4.00118,
					"seconds":	1.00079,
					"bytes":	1835008,
					"bits_per_second":	1.46685e+07,
					"retransmits":	0,
					"snd_cwnd":	94120,
					"omitted":	false
				}],
			"sum":	{
				"start":	3.00039,
				"end":	4.00118,
				"seconds":	1.00079,
				"bytes":	1835008,
				"bits_per_second":	1.46685e+07,
				"retransmits":	0,
				"omitted":	false
			}
		}, {
			"streams":	[{
					"socket":	4,
					"start":	4.00118,
					"end":	5.00103,
					"seconds":	0.999843,
					"bytes":	1966080,
					"bits_per_second":	1.57311e+07,
					"retransmits":	0,
					"snd_cwnd":	102808,
					"omitted":	false
				}],
			"sum":	{
				"start":	4.00118,
				"end":	5.00103,
				"seconds":	0.999843,
				"bytes":	1966080,
				"bits_per_second":	1.57311e+07,
				"retransmits":	0,
				"omitted":	false
			}
		}],
	"end":	{
		"streams":	[{
				"sender":	{
					"socket":	4,
					"start":	0,
					"end":	5.00103,
					"seconds":	5.00103,
					"bytes":	9306112,
					"bits_per_second":	1.48867e+07,
					"retransmits":	0
				},
				"receiver":	{
					"socket":	4,
					"start":	0,
					"end":	5.00103,
					"seconds":	5.00103,
					"bytes":	9306112,
					"bits_per_second":	1.48867e+07
				}
			}],
		"sum_sent":	{
			"start":	0,
			"end":	5.00103,
			"seconds":	5.00103,
			"bytes":	9306112,
			"bits_per_second":	1.48867e+07,
			"retransmits":	0
		},
		"sum_received":	{
			"start":	0,
			"end":	5.00103,
			"seconds":	5.00103,
			"bytes":	9306112,
			"bits_per_second":	1.48867e+07
		},
		"cpu_utilization_percent":	{
			"host_total":	0.405911,
			"host_user":	0.15776,
			"host_system":	0.248151,
			"remote_total":	1.62974,
			"remote_user":	0.511014,
			"remote_system":	1.1187
		}
	}
}
