{
	"start":	{
		"connected":	[{
				"socket":	4,
				"local_host":	"10.0.0.5",
				"local_port":	35644,
				"remote_host":	"10.0.0.9",
				"remote_port":	2560
			}],
		"version":	"iperf 3.0.7",
		"system_info":	"Linux BS5 5.4.197-0504197-generic #202206060747 SMP Mon Jun 6 09:27:47 UTC 2022 x86_64 x86_64 x86_64 GNU/Linux\n",
		"timestamp":	{
			"time":	"Mon, 25 Jul 2022 21:51:29 GMT",
			"timesecs":	1658785889
		},
		"connecting_to":	{
			"host":	"10.0.0.9",
			"port":	2560
		},
		"cookie":	"BS5.1658785889.535942.2f5a418a630382",
		"tcp_mss_default":	1448,
		"test_start":	{
			"protocol":	"TCP",
			"num_streams":	1,
			"blksize":	131072,
			"omit":	0,
			"duration":	25,
			"bytes":	0,
			"blocks":	0,
			"reverse":	0
		}
	},
	"intervals":	[{
			"streams":	[{
					"socket":	4,
					"start":	0,
					"end":	1.00131,
					"seconds":	1.00131,
					"bytes":	1214344,
					"bits_per_second":	9.702e+06,
					"retransmits":	0,
					"snd_cwnd":	97016,
					"omitted":	false
				}],
			"sum":	{
				"start":	0,
				"end":	1.00131,
				"seconds":	1.00131,
				"bytes":	1214344,
				"bits_per_second":	9.702e+06,
				"retransmits":	0,
				"omitted":	false
			}
		}, {
			"streams":	[{
					"socket":	4,
					"start":	1.00131,
					"end":	2.00031,
					"seconds":	0.998997,
					"bytes":	2097152,
					"bits_per_second":	1.67941e+07,
					"retransmits":	0,
					"snd_cwnd":	189688,
					"omitted":	false
				}],
			"sum":	{
				"start":	1.00131,
				"end":	2.00031,
				"seconds":	0.998997,
				"bytes":	2097152,
				"bits_per_second":	1.67941e+07,
				"retransmits":	0,
				"omitted":	false
			}
		}, {
			"streams":	[{
					"socket":	4,
					"start":	2.00031,
					"end":	3.00064,
					"seconds":	1.00033,
					"bytes":	4587520,
					"bits_per_second":	3.66881e+07,
					"retransmits":	0,
					"snd_cwnd":	377928,
					"omitted":	false
				}],
			"sum":	{
				"start":	2.00031,
				"end":	3.00064,
				"seconds":	1.00033,
				"bytes":	4587520,
				"bits_per_second":	3.66881e+07,
				"retransmits":	0,
				"omitted":	false
			}
		}, {
			"streams":	[{
					"socket":	4,
					"start":	3.00064,
					"end":	4.00377,
					"seconds":	1.00313,
					"bytes":	6946816,
					"bits_per_second":	5.54011e+07,
					"retransmits":	0,
					"snd_cwnd":	671872,
					"omitted":	false
				}],
			"sum":	{
				"start":	3.00064,
				"end":	4.00377,
				"seconds":	1.00313,
				"bytes":	6946816,
				"bits_per_second":	5.54011e+07,
				"retransmits":	0,
				"omitted":	false
			}
		}, {
			"streams":	[{
					"socket":	4,
					"start":	4.00377,
					"end":	5.00034,
					"seconds":	0.996574,
					"bytes":	14417920,
					"bits_per_second":	1.1574e+08,
					"retransmits":	0,
					"snd_cwnd":	1275688,
					"omitted":	false
				}],
			"sum":	{
				"start":	4.00377,
				"end":	5.00034,
				"seconds":	0.996574,
				"bytes":	14417920,
				"bits_per_second":	1.1574e+08,
				"retransmits":	0,
				"omitted":	false
			}
		}, {
			"streams":	[{
					"socket":	4,
					"start":	5.00034,
					"end":	6.00025,
					"seconds":	0.999907,
					"bytes":	20840448,
					"bits_per_second":	1.66739e+08,
					"retransmits":	0,
					"snd_cwnd":	2143040,
					"omitted":	false
				}],
			"sum":	{
				"start":	5.00034,
				"end":	6.00025,
				"seconds":	0.999907,
				"bytes":	20840448,
				"bits_per_second":	1.66739e+08,
				"retransmits":	0,
				"omitted":	false
			}
		}, {
			"streams":	[{
					"socket":	4,
					"start":	6.00025,
					"end":	7.00027,
					"seconds":	1.00002,
					"bytes":	19791872,
					"bits_per_second":	1.58332e+08,
					"retransmits":	0,
					"snd_cwnd":	3008944,
					"omitted":	false
				}],
			"sum":	{
				"start":	6.00025,
				"end":	7.00027,
				"seconds":	1.00002,
				"bytes":	19791872,
				"bits_per_second":	1.58332e+08,
				"retransmits":	0,
				"omitted":	false
			}
		}, {
			"streams":	[{
					"socket":	4,
					"start":	7.00027,
					"end":	8.00889,
					"seconds":	1.00862,
					"bytes":	21102592,
					"bits_per_second":	1.67379e+08,
					"retransmits":	0,
					"snd_cwnd":	4081912,
					"omitted":	false
				}],
			"sum":	{
				"start":	7.00027,
				"end":	8.00889,
				"seconds":	1.00862,
				"bytes":	21102592,
				"bits_per_second":	1.67379e+08,
				"retransmits":	0,
				"omitted":	false
			}
		}, {
			"streams":	[{
					"socket":	4,
					"start":	8.00889,
					"end":	9.00018,
					"seconds":	0.991297,
					"bytes":	21495808,
					"bits_per_second":	1.73476e+08,
					"retransmits":	0,
					"snd_cwnd":	5143296,
					"omitted":	false
				}],
			"sum":	{
				"start":	8.00889,
				"end":	9.00018,
				"seconds":	0.991297,
				"bytes":	21495808,
				"bits_per_second":	1.73476e+08,
				"retransmits":	0,
				"omitted":	false
			}
		}, {
			"streams":	[{
					"socket":	4,
					"start":	9.00018,
					"end":	10.0019,
					"seconds":	1.00173,
					"bytes":	19922944,
					"bits_per_second":	1.59108e+08,
					"retransmits":	36,
					"snd_cwnd":	5877432,
					"omitted":	false
				}],
			"sum":	{
				"start":	9.00018,
				"end":	10.0019,
				"seconds":	1.00173,
				"bytes":	19922944,
				"bits_per_second":	1.59108e+08,
				"retransmits":	36,
				"omitted":	false
			}
		}, {
			"streams":	[{
					"socket":	4,
					"start":	10.0019,
					"end":	11.0004,
					"seconds":	0.998497,
					"bytes":	21102592,
					"bits_per_second":	1.69075e+08,
					"retransmits":	0,
					"snd_cwnd":	5880328,
					"omitted":	false
				}],
			"sum":	{
				"start":	10.0019,
				"end":	11.0004,
				"seconds":	0.998497,
				"bytes":	21102592,
				"bits_per_second":	1.69075e+08,
				"retransmits":	0,
				"omitted":	false
			}
		}, {
			"streams":	[{
					"socket":	4,
					"start":	11.0004,
					"end":	12.0001,
					"seconds":	0.999642,
					"bytes":	21889024,
					"bits_per_second":	1.75175e+08,
					"retransmits":	0,
					"snd_cwnd":	5883224,
					"omitted":	false
				}],
			"sum":	{
				"start":	11.0004,
				"end":	12.0001,
				"seconds":	0.999642,
				"bytes":	21889024,
				"bits_per_second":	1.75175e+08,
				"retransmits":	0,
				"omitted":	false
			}
		}, {
			"streams":	[{
					"socket":	4,
					"start":	12.0001,
					"end":	13,
					"seconds":	0.999984,
					"bytes":	17825792,
					"bits_per_second":	1.42609e+08,
					"retransmits":	0,
					"snd_cwnd":	5891912,
					"omitted":	false
				}],
			"sum":	{
				"start":	12.0001,
				"end":	13,
				"seconds":	0.999984,
				"bytes":	17825792,
				"bits_per_second":	1.42609e+08,
				"retransmits":	0,
				"omitted":	false
			}
		}, {
			"streams":	[{
					"socket":	4,
					"start":	13,
					"end":	14.0007,
					"seconds":	1.00065,
					"bytes":	16777216,
					"bits_per_second":	1.3413e+08,
					"retransmits":	0,
					"snd_cwnd":	5912184,
					"omitted":	false
				}],
			"sum":	{
				"start":	13,
				"end":	14.0007,
				"seconds":	1.00065,
				"bytes":	16777216,
				"bits_per_second":	1.3413e+08,
				"retransmits":	0,
				"omitted":	false
			}
		}, {
			"streams":	[{
					"socket":	4,
					"start":	14.0007,
					"end":	15.0004,
					"seconds":	0.999736,
					"bytes":	19791872,
					"bits_per_second":	1.58377e+08,
					"retransmits":	0,
					"snd_cwnd":	5946936,
					"omitted":	false
				}],
			"sum":	{
				"start":	14.0007,
				"end":	15.0004,
				"seconds":	0.999736,
				"bytes":	19791872,
				"bits_per_second":	1.58377e+08,
				"retransmits":	0,
				"omitted":	false
			}
		}, {
			"streams":	[{
					"socket":	4,
					"start":	15.0004,
					"end":	16.0004,
					"seconds":	0.999931,
					"bytes":	19136512,
					"bits_per_second":	1.53103e+08,
					"retransmits":	0,
					"snd_cwnd":	5994720,
					"omitted":	false
				}],
			"sum":	{
				"start":	15.0004,
				"end":	16.0004,
				"seconds":	0.999931,
				"bytes":	19136512,
				"bits_per_second":	1.53103e+08,
				"retransmits":	0,
				"omitted":	false
			}
		}, {
			"streams":	[{
					"socket":	4,
					"start":	16.0004,
					"end":	17.0024,
					"seconds":	1.00209,
					"bytes":	20054016,
					"bits_per_second":	1.60097e+08,
					"retransmits":	0,
					"snd_cwnd":	6068568,
					"omitted":	false
				}],
			"sum":	{
				"start":	16.0004,
				"end":	17.0024,
				"seconds":	1.00209,
				"bytes":	20054016,
				"bits_per_second":	1.60097e+08,
				"retransmits":	0,
				"omitted":	false
			}
		}, {
			"streams":	[{
					"socket":	4,
					"start":	17.0024,
					"end":	18.0002,
					"seconds":	0.997766,
					"bytes":	19660800,
					"bits_per_second":	1.57639e+08,
					"retransmits":	0,
					"snd_cwnd":	6162688,
					"omitted":	false
				}],
			"sum":	{
				"start":	17.0024,
				"end":	18.0002,
				"seconds":	0.997766,
				"bytes":	19660800,
				"bits_per_second":	1.57639e+08,
				"retransmits":	0,
				"omitted":	false
			}
		}, {
			"streams":	[{
					"socket":	4,
					"start":	18.0002,
					"end":	19.0007,
					"seconds":	1.00051,
					"bytes":	16777216,
					"bits_per_second":	1.34149e+08,
					"retransmits":	0,
					"snd_cwnd":	6275632,
					"omitted":	false
				}],
			"sum":	{
				"start":	18.0002,
				"end":	19.0007,
				"seconds":	1.00051,
				"bytes":	16777216,
				"bits_per_second":	1.34149e+08,
				"retransmits":	0,
				"omitted":	false
			}
		}, {
			"streams":	[{
					"socket":	4,
					"start":	19.0007,
					"end":	20.0002,
					"seconds":	0.999455,
					"bytes":	11665408,
					"bits_per_second":	9.33741e+07,
					"retransmits":	79,
					"snd_cwnd":	3023424,
					"omitted":	false
				}],
			"sum":	{
				"start":	19.0007,
				"end":	20.0002,
				"seconds":	0.999455,
				"bytes":	11665408,
				"bits_per_second":	9.33741e+07,
				"retransmits":	79,
				"omitted":	false
			}
		}, {
			"streams":	[{
					"socket":	4,
					"start":	20.0002,
					"end":	21.0002,
					"seconds":	0.999996,
					"bytes":	22151168,
					"bits_per_second":	1.7721e+08,
					"retransmits":	0,
					"snd_cwnd":	4707448,
					"omitted":	false
				}],
			"sum":	{
				"start":	20.0002,
				"end":	21.0002,
				"seconds":	0.999996,
				"bytes":	22151168,
				"bits_per_second":	1.7721e+08,
				"retransmits":	0,
				"omitted":	false
			}
		}, {
			"streams":	[{
					"socket":	4,
					"start":	21.0002,
					"end":	22.0008,
					"seconds":	1.00063,
					"bytes":	17039360,
					"bits_per_second":	1.36229e+08,
					"retransmits":	0,
					"snd_cwnd":	5014424,
					"omitted":	false
				}],
			"sum":	{
				"start":	21.0002,
				"end":	22.0008,
				"seconds":	1.00063,
				"bytes":	17039360,
				"bits_per_second":	1.36229e+08,
				"retransmits":	0,
				"omitted":	false
			}
		}, {
			"streams":	[{
					"socket":	4,
					"start":	22.0008,
					"end":	23.0006,
					"seconds":	0.999787,
					"bytes":	14811136,
					"bits_per_second":	1.18514e+08,
					"retransmits":	0,
					"snd_cwnd":	5286648,
					"omitted":	false
				}],
			"sum":	{
				"start":	22.0008,
				"end":	23.0006,
				"seconds":	0.999787,
				"bytes":	14811136,
				"bits_per_second":	1.18514e+08,
				"retransmits":	0,
				"omitted":	false
			}
		}, {
			"streams":	[{
					"socket":	4,
					"start":	23.0006,
					"end":	24.0004,
					"seconds":	0.999833,
					"bytes":	17432576,
					"bits_per_second":	1.39484e+08,
					"retransmits":	0,
					"snd_cwnd":	5528464,
					"omitted":	false
				}],
			"sum":	{
				"start":	23.0006,
				"end":	24.0004,
				"seconds":	0.999833,
				"bytes":	17432576,
				"bits_per_second":	1.39484e+08,
				"retransmits":	0,
				"omitted":	false
			}
		}, {
			"streams":	[{
					"socket":	4,
					"start":	24.0004,
					"end":	25.0005,
					"seconds":	1.00012,
					"bytes":	18087936,
					"bits_per_second":	1.44686e+08,
					"retransmits":	0,
					"snd_cwnd":	5725392,
					"omitted":	false
				}],
			"sum":	{
				"start":	24.0004,
				"end":	25.0005,
				"seconds":	1.00012,
				"bytes":	18087936,
				"bits_per_second":	1.44686e+08,
				"retransmits":	0,
				"omitted":	false
			}
		}],
	"end":	{
		"streams":	[{
				"sender":	{
					"socket":	4,
					"start":	0,
					"end":	25.0005,
					"seconds":	25.0005,
					"bytes":	406620040,
					"bits_per_second":	1.30116e+08,
					"retransmits":	115
				},
				"receiver":	{
					"socket":	4,
					"start":	0,
					"end":	25.0005,
					"seconds":	25.0005,
					"bytes":	401476824,
					"bits_per_second":	1.2847e+08
				}
			}],
		"sum_sent":	{
			"start":	0,
			"end":	25.0005,
			"seconds":	25.0005,
			"bytes":	406620040,
			"bits_per_second":	1.30116e+08,
			"retransmits":	115
		},
		"sum_received":	{
			"start":	0,
			"end":	25.0005,
			"seconds":	25.0005,
			"bytes":	401476824,
			"bits_per_second":	1.2847e+08
		},
		"cpu_utilization_percent":	{
			"host_total":	4.24004,
			"host_user":	0.308857,
			"host_system":	3.93117,
			"remote_total":	8.94243,
			"remote_user":	0.727802,
			"remote_system":	8.21462
		}
	}
}
