{
	"start":	{
		"connected":	[{
				"socket":	4,
				"local_host":	"10.0.0.4",
				"local_port":	57542,
				"remote_host":	"10.0.0.11",
				"remote_port":	1483
			}],
		"version":	"iperf 3.0.7",
		"system_info":	"Linux H4 5.4.197-0504197-generic #202206060747 SMP Mon Jun 6 09:27:47 UTC 2022 x86_64 x86_64 x86_64 GNU/Linux\n",
		"timestamp":	{
			"time":	"Fri, 22 Jul 2022 09:30:21 GMT",
			"timesecs":	1658482221
		},
		"connecting_to":	{
			"host":	"10.0.0.11",
			"port":	1483
		},
		"cookie":	"H4.1658482221.609358.5cf96fa23074a5b",
		"tcp_mss_default":	1448,
		"test_start":	{
			"protocol":	"TCP",
			"num_streams":	1,
			"blksize":	131072,
			"omit":	0,
			"duration":	5,
			"bytes":	0,
			"blocks":	0,
			"reverse":	0
		}
	},
	"intervals":	[{
			"streams":	[{
					"socket":	4,
					"start":	0,
					"end":	1.00051,
					"seconds":	1.00051,
					"bytes":	1689400,
					"bits_per_second":	1.35083e+07,
					"retransmits":	0,
					"snd_cwnd":	92672,
					"omitted":	false
				}],
			"sum":	{
				"start":	0,
				"end":	1.00051,
				"seconds":	1.00051,
				"bytes":	1689400,
				"bits_per_second":	1.35083e+07,
				"retransmits":	0,
				"omitted":	false
			}
		}, {
			"streams":	[{
					"socket":	4,
					"start":	1.00051,
					"end":	2.00045,
					"seconds":	0.999939,
					"bytes":	1966080,
					"bits_per_second":	1.57296e+07,
					"retransmits":	0,
					"snd_cwnd":	123080,
					"omitted":	false
				}],
			"sum":	{
				"start":	1.00051,
				"end":	2.00045,
				"seconds":	0.999939,
				"bytes":	1966080,
				"bits_per_second":	1.57296e+07,
				"retransmits":	0,
				"omitted":	false
			}
		}, {
			"streams":	[{
					"socket":	4,
					"start":	2.00045,
					"end":	3.00089,
					"seconds":	1.00044,
					"bytes":	1835008,
					"bits_per_second":	1.46736e+07,
					"retransmits":	0,
					"snd_cwnd":	162176,
					"omitted":	false
				}],
			"sum":	{
				"start":	2.00045,
				"end":	3.00089,
				"seconds":	1.00044,
				"bytes":	1835008,
				"bits_per_second":	1.46736e+07,
				"retransmits":	0,
				"omitted":	false
			}
		}, {
			"streams":	[{
					"socket":	4,
					"start":	3.00089,
					"end":	4.00058,
					"seconds":	0.999698,
					"bytes":	1835008,
					"bits_per_second":	1.46845e+07,
					"retransmits":	0,
					"snd_cwnd":	169416,
					"omitted":	false
				}],
			"sum":	{
				"start":	3.00089,
				"end":	4.00058,
				"seconds":	0.999698,
				"bytes":	1835008,
				"bits_per_second":	1.46845e+07,
				"retransmits":	0,
				"omitted":	false
			}
		}, {
			"streams":	[{
					"socket":	4,
					"start":	4.00058,
					"end":	5.00042,
					"seconds":	0.999833,
					"bytes":	1966080,
					"bits_per_second":	1.57313e+07,
					"retransmits":	0,
					"snd_cwnd":	201272,
					"omitted":	false
				}],
			"sum":	{
				"start":	4.00058,
				"end":	5.00042,
				"seconds":	0.999833,
				"bytes":	1966080,
				"bits_per_second":	1.57313e+07,
				"retransmits":	0,
				"omitted":	false
			}
		}],
	"end":	{
		"streams":	[{
				"sender":	{
					"socket":	4,
					"start":	0,
					"end":	5.00042,
					"seconds":	5.00042,
					"bytes":	9291576,
					"bits_per_second":	1.48653e+07,
					"retransmits":	0
				},
				"receiver":	{
					"socket":	4,
					"start":	0,
					"end":	5.00042,
					"seconds":	5.00042,
					"bytes":	9291576,
					"bits_per_second":	1.48653e+07
				}
			}],
		"sum_sent":	{
			"start":	0,
			"end":	5.00042,
			"seconds":	5.00042,
			"bytes":	9291576,
			"bits_per_second":	1.48653e+07,
			"retransmits":	0
		},
		"sum_received":	{
			"start":	0,
			"end":	5.00042,
			"seconds":	5.00042,
			"bytes":	9291576,
			"bits_per_second":	1.48653e+07
		},
		"cpu_utilization_percent":	{
			"host_total":	0.319346,
			"host_user":	0,
			"host_system":	0.319366,
			"remote_total":	1.23298,
			"remote_user":	0,
			"remote_system":	1.233
		}
	}
}
