{
	"start":	{
		"connected":	[{
				"socket":	4,
				"local_host":	"10.0.0.4",
				"local_port":	43410,
				"remote_host":	"10.0.0.8",
				"remote_port":	2030
			}],
		"version":	"iperf 3.0.7",
		"system_info":	"Linux H4 5.4.197-0504197-generic #202206060747 SMP Mon Jun 6 09:27:47 UTC 2022 x86_64 x86_64 x86_64 GNU/Linux\n",
		"timestamp":	{
			"time":	"Fri, 22 Jul 2022 16:20:34 GMT",
			"timesecs":	1658506834
		},
		"connecting_to":	{
			"host":	"10.0.0.8",
			"port":	2030
		},
		"cookie":	"H4.1658506834.140393.514b032129c8f30",
		"tcp_mss_default":	1448,
		"test_start":	{
			"protocol":	"TCP",
			"num_streams":	1,
			"blksize":	131072,
			"omit":	0,
			"duration":	5,
			"bytes":	0,
			"blocks":	0,
			"reverse":	0
		}
	},
	"intervals":	[{
			"streams":	[{
					"socket":	4,
					"start":	0,
					"end":	1.00032,
					"seconds":	1.00032,
					"bytes":	1700984,
					"bits_per_second":	1.36035e+07,
					"retransmits":	0,
					"snd_cwnd":	91224,
					"omitted":	false
				}],
			"sum":	{
				"start":	0,
				"end":	1.00032,
				"seconds":	1.00032,
				"bytes":	1700984,
				"bits_per_second":	1.36035e+07,
				"retransmits":	0,
				"omitted":	false
			}
		}, {
			"streams":	[{
					"socket":	4,
					"start":	1.00032,
					"end":	2.00037,
					"seconds":	1.00005,
					"bytes":	1966080,
					"bits_per_second":	1.57279e+07,
					"retransmits":	0,
					"snd_cwnd":	128872,
					"omitted":	false
				}],
			"sum":	{
				"start":	1.00032,
				"end":	2.00037,
				"seconds":	1.00005,
				"bytes":	1966080,
				"bits_per_second":	1.57279e+07,
				"retransmits":	0,
				"omitted":	false
			}
		}, {
			"streams":	[{
					"socket":	4,
					"start":	2.00037,
					"end":	3.00091,
					"seconds":	1.00054,
					"bytes":	1835008,
					"bits_per_second":	1.46721e+07,
					"retransmits":	0,
					"snd_cwnd":	165072,
					"omitted":	false
				}],
			"sum":	{
				"start":	2.00037,
				"end":	3.00091,
				"seconds":	1.00054,
				"bytes":	1835008,
				"bits_per_second":	1.46721e+07,
				"retransmits":	0,
				"omitted":	false
			}
		}, {
			"streams":	[{
					"socket":	4,
					"start":	3.00091,
					"end":	4.00071,
					"seconds":	0.999793,
					"bytes":	1835008,
					"bits_per_second":	1.46831e+07,
					"retransmits":	0,
					"snd_cwnd":	182448,
					"omitted":	false
				}],
			"sum":	{
				"start":	3.00091,
				"end":	4.00071,
				"seconds":	0.999793,
				"bytes":	1835008,
				"bits_per_second":	1.46831e+07,
				"retransmits":	0,
				"omitted":	false
			}
		}, {
			"streams":	[{
					"socket":	4,
					"start":	4.00071,
					"end":	5.00063,
					"seconds":	0.999927,
					"bytes":	1966080,
					"bits_per_second":	1.57298e+07,
					"retransmits":	0,
					"snd_cwnd":	194032,
					"omitted":	false
				}],
			"sum":	{
				"start":	4.00071,
				"end":	5.00063,
				"seconds":	0.999927,
				"bytes":	1966080,
				"bits_per_second":	1.57298e+07,
				"retransmits":	0,
				"omitted":	false
			}
		}],
	"end":	{
		"streams":	[{
				"sender":	{
					"socket":	4,
					"start":	0,
					"end":	5.00063,
					"seconds":	5.00063,
					"bytes":	9303160,
					"bits_per_second":	1.48832e+07,
					"retransmits":	0
				},
				"receiver":	{
					"socket":	4,
					"start":	0,
					"end":	5.00063,
					"seconds":	5.00063,
					"bytes":	9303160,
					"bits_per_second":	1.48832e+07
				}
			}],
		"sum_sent":	{
			"start":	0,
			"end":	5.00063,
			"seconds":	5.00063,
			"bytes":	9303160,
			"bits_per_second":	1.48832e+07,
			"retransmits":	0
		},
		"sum_received":	{
			"start":	0,
			"end":	5.00063,
			"seconds":	5.00063,
			"bytes":	9303160,
			"bits_per_second":	1.48832e+07
		},
		"cpu_utilization_percent":	{
			"host_total":	0.718016,
			"host_user":	0.126858,
			"host_system":	0.590899,
			"remote_total":	1.21124,
			"remote_user":	0.605599,
			"remote_system":	0.605599
		}
	}
}
