{
	"start":	{
		"connected":	[{
				"socket":	4,
				"local_host":	"10.0.0.4",
				"local_port":	56466,
				"remote_host":	"10.0.0.9",
				"remote_port":	3386
			}],
		"version":	"iperf 3.0.7",
		"system_info":	"Linux H4 5.4.197-0504197-generic #202206060747 SMP Mon Jun 6 09:27:47 UTC 2022 x86_64 x86_64 x86_64 GNU/Linux\n",
		"timestamp":	{
			"time":	"Fri, 22 Jul 2022 16:21:09 GMT",
			"timesecs":	1658506869
		},
		"connecting_to":	{
			"host":	"10.0.0.9",
			"port":	3386
		},
		"cookie":	"H4.1658506869.447544.617703b057024b1",
		"tcp_mss_default":	1448,
		"test_start":	{
			"protocol":	"TCP",
			"num_streams":	1,
			"blksize":	131072,
			"omit":	0,
			"duration":	5,
			"bytes":	0,
			"blocks":	0,
			"reverse":	0
		}
	},
	"intervals":	[{
			"streams":	[{
					"socket":	4,
					"start":	0,
					"end":	1.00095,
					"seconds":	1.00095,
					"bytes":	1703936,
					"bits_per_second":	1.36186e+07,
					"retransmits":	0,
					"snd_cwnd":	97016,
					"omitted":	false
				}],
			"sum":	{
				"start":	0,
				"end":	1.00095,
				"seconds":	1.00095,
				"bytes":	1703936,
				"bits_per_second":	1.36186e+07,
				"retransmits":	0,
				"omitted":	false
			}
		}, {
			"streams":	[{
					"socket":	4,
					"start":	1.00095,
					"end":	2.00029,
					"seconds":	0.999343,
					"bytes":	1966080,
					"bits_per_second":	1.5739e+07,
					"retransmits":	0,
					"snd_cwnd":	128872,
					"omitted":	false
				}],
			"sum":	{
				"start":	1.00095,
				"end":	2.00029,
				"seconds":	0.999343,
				"bytes":	1966080,
				"bits_per_second":	1.5739e+07,
				"retransmits":	0,
				"omitted":	false
			}
		}, {
			"streams":	[{
					"socket":	4,
					"start":	2.00029,
					"end":	3.00144,
					"seconds":	1.00115,
					"bytes":	1835008,
					"bits_per_second":	1.46632e+07,
					"retransmits":	0,
					"snd_cwnd":	163624,
					"omitted":	false
				}],
			"sum":	{
				"start":	2.00029,
				"end":	3.00144,
				"seconds":	1.00115,
				"bytes":	1835008,
				"bits_per_second":	1.46632e+07,
				"retransmits":	0,
				"omitted":	false
			}
		}, {
			"streams":	[{
					"socket":	4,
					"start":	3.00144,
					"end":	4.00106,
					"seconds":	0.999618,
					"bytes":	1835008,
					"bits_per_second":	1.46857e+07,
					"retransmits":	0,
					"snd_cwnd":	181000,
					"omitted":	false
				}],
			"sum":	{
				"start":	3.00144,
				"end":	4.00106,
				"seconds":	0.999618,
				"bytes":	1835008,
				"bits_per_second":	1.46857e+07,
				"retransmits":	0,
				"omitted":	false
			}
		}, {
			"streams":	[{
					"socket":	4,
					"start":	4.00106,
					"end":	5.00059,
					"seconds":	0.999525,
					"bytes":	1966080,
					"bits_per_second":	1.57361e+07,
					"retransmits":	0,
					"snd_cwnd":	191136,
					"omitted":	false
				}],
			"sum":	{
				"start":	4.00106,
				"end":	5.00059,
				"seconds":	0.999525,
				"bytes":	1966080,
				"bits_per_second":	1.57361e+07,
				"retransmits":	0,
				"omitted":	false
			}
		}],
	"end":	{
		"streams":	[{
				"sender":	{
					"socket":	4,
					"start":	0,
					"end":	5.00059,
					"seconds":	5.00059,
					"bytes":	9306112,
					"bits_per_second":	1.4888e+07,
					"retransmits":	0
				},
				"receiver":	{
					"socket":	4,
					"start":	0,
					"end":	5.00059,
					"seconds":	5.00059,
					"bytes":	9306112,
					"bits_per_second":	1.4888e+07
				}
			}],
		"sum_sent":	{
			"start":	0,
			"end":	5.00059,
			"seconds":	5.00059,
			"bytes":	9306112,
			"bits_per_second":	1.4888e+07,
			"retransmits":	0
		},
		"sum_received":	{
			"start":	0,
			"end":	5.00059,
			"seconds":	5.00059,
			"bytes":	9306112,
			"bits_per_second":	1.4888e+07
		},
		"cpu_utilization_percent":	{
			"host_total":	0.653006,
			"host_user":	0,
			"host_system":	0.652986,
			"remote_total":	1.3001,
			"remote_user":	0,
			"remote_system":	1.30008
		}
	}
}
