{
	"start":	{
		"connected":	[{
				"socket":	4,
				"local_host":	"10.0.0.6",
				"local_port":	38758,
				"remote_host":	"10.0.0.19",
				"remote_port":	1595
			}],
		"version":	"iperf 3.0.7",
		"system_info":	"Linux BS6 5.4.197-0504197-generic #202206060747 SMP Mon Jun 6 09:27:47 UTC 2022 x86_64 x86_64 x86_64 GNU/Linux\n",
		"timestamp":	{
			"time":	"Mon, 25 Jul 2022 21:49:24 GMT",
			"timesecs":	1658785764
		},
		"connecting_to":	{
			"host":	"10.0.0.19",
			"port":	1595
		},
		"cookie":	"BS6.1658785764.672705.55e25f50179a3a",
		"tcp_mss_default":	1448,
		"test_start":	{
			"protocol":	"TCP",
			"num_streams":	1,
			"blksize":	131072,
			"omit":	0,
			"duration":	11,
			"bytes":	0,
			"blocks":	0,
			"reverse":	0
		}
	},
	"intervals":	[{
			"streams":	[{
					"socket":	4,
					"start":	0,
					"end":	1.00032,
					"seconds":	1.00032,
					"bytes":	5735952,
					"bits_per_second":	4.58727e+07,
					"retransmits":	0,
					"snd_cwnd":	686352,
					"omitted":	false
				}],
			"sum":	{
				"start":	0,
				"end":	1.00032,
				"seconds":	1.00032,
				"bytes":	5735952,
				"bits_per_second":	4.58727e+07,
				"retransmits":	0,
				"omitted":	false
			}
		}, {
			"streams":	[{
					"socket":	4,
					"start":	1.00032,
					"end":	2.00069,
					"seconds":	1.00037,
					"bytes":	6160384,
					"bits_per_second":	4.92651e+07,
					"retransmits":	0,
					"snd_cwnd":	686352,
					"omitted":	false
				}],
			"sum":	{
				"start":	1.00032,
				"end":	2.00069,
				"seconds":	1.00037,
				"bytes":	6160384,
				"bits_per_second":	4.92651e+07,
				"retransmits":	0,
				"omitted":	false
			}
		}, {
			"streams":	[{
					"socket":	4,
					"start":	2.00069,
					"end":	3.0016,
					"seconds":	1.00091,
					"bytes":	6291456,
					"bits_per_second":	5.02857e+07,
					"retransmits":	0,
					"snd_cwnd":	686352,
					"omitted":	false
				}],
			"sum":	{
				"start":	2.00069,
				"end":	3.0016,
				"seconds":	1.00091,
				"bytes":	6291456,
				"bits_per_second":	5.02857e+07,
				"retransmits":	0,
				"omitted":	false
			}
		}, {
			"streams":	[{
					"socket":	4,
					"start":	3.0016,
					"end":	4.00035,
					"seconds":	0.998745,
					"bytes":	6291456,
					"bits_per_second":	5.03949e+07,
					"retransmits":	12,
					"snd_cwnd":	686352,
					"omitted":	false
				}],
			"sum":	{
				"start":	3.0016,
				"end":	4.00035,
				"seconds":	0.998745,
				"bytes":	6291456,
				"bits_per_second":	5.03949e+07,
				"retransmits":	12,
				"omitted":	false
			}
		}, {
			"streams":	[{
					"socket":	4,
					"start":	4.00035,
					"end":	5.00049,
					"seconds":	1.00015,
					"bytes":	6291456,
					"bits_per_second":	5.03243e+07,
					"retransmits":	0,
					"snd_cwnd":	686352,
					"omitted":	false
				}],
			"sum":	{
				"start":	4.00035,
				"end":	5.00049,
				"seconds":	1.00015,
				"bytes":	6291456,
				"bits_per_second":	5.03243e+07,
				"retransmits":	0,
				"omitted":	false
			}
		}, {
			"streams":	[{
					"socket":	4,
					"start":	5.00049,
					"end":	6.00212,
					"seconds":	1.00162,
					"bytes":	6160384,
					"bits_per_second":	4.92033e+07,
					"retransmits":	0,
					"snd_cwnd":	686352,
					"omitted":	false
				}],
			"sum":	{
				"start":	5.00049,
				"end":	6.00212,
				"seconds":	1.00162,
				"bytes":	6160384,
				"bits_per_second":	4.92033e+07,
				"retransmits":	0,
				"omitted":	false
			}
		}, {
			"streams":	[{
					"socket":	4,
					"start":	6.00212,
					"end":	7.00041,
					"seconds":	0.998291,
					"bytes":	6291456,
					"bits_per_second":	5.04178e+07,
					"retransmits":	0,
					"snd_cwnd":	686352,
					"omitted":	false
				}],
			"sum":	{
				"start":	6.00212,
				"end":	7.00041,
				"seconds":	0.998291,
				"bytes":	6291456,
				"bits_per_second":	5.04178e+07,
				"retransmits":	0,
				"omitted":	false
			}
		}, {
			"streams":	[{
					"socket":	4,
					"start":	7.00041,
					"end":	8.00076,
					"seconds":	1.00035,
					"bytes":	6160384,
					"bits_per_second":	4.92656e+07,
					"retransmits":	0,
					"snd_cwnd":	686352,
					"omitted":	false
				}],
			"sum":	{
				"start":	7.00041,
				"end":	8.00076,
				"seconds":	1.00035,
				"bytes":	6160384,
				"bits_per_second":	4.92656e+07,
				"retransmits":	0,
				"omitted":	false
			}
		}, {
			"streams":	[{
					"socket":	4,
					"start":	8.00076,
					"end":	9.00017,
					"seconds":	0.999409,
					"bytes":	6291456,
					"bits_per_second":	5.03614e+07,
					"retransmits":	0,
					"snd_cwnd":	686352,
					"omitted":	false
				}],
			"sum":	{
				"start":	8.00076,
				"end":	9.00017,
				"seconds":	0.999409,
				"bytes":	6291456,
				"bits_per_second":	5.03614e+07,
				"retransmits":	0,
				"omitted":	false
			}
		}, {
			"streams":	[{
					"socket":	4,
					"start":	9.00017,
					"end":	10.0006,
					"seconds":	1.0004,
					"bytes":	6291456,
					"bits_per_second":	5.03115e+07,
					"retransmits":	0,
					"snd_cwnd":	686352,
					"omitted":	false
				}],
			"sum":	{
				"start":	9.00017,
				"end":	10.0006,
				"seconds":	1.0004,
				"bytes":	6291456,
				"bits_per_second":	5.03115e+07,
				"retransmits":	0,
				"omitted":	false
			}
		}, {
			"streams":	[{
					"socket":	4,
					"start":	10.0006,
					"end":	11.0006,
					"seconds":	1,
					"bytes":	6291456,
					"bits_per_second":	50331648,
					"retransmits":	0,
					"snd_cwnd":	686352,
					"omitted":	false
				}],
			"sum":	{
				"start":	10.0006,
				"end":	11.0006,
				"seconds":	1,
				"bytes":	6291456,
				"bits_per_second":	50331648,
				"retransmits":	0,
				"omitted":	false
			}
		}],
	"end":	{
		"streams":	[{
				"sender":	{
					"socket":	4,
					"start":	0,
					"end":	11.0006,
					"seconds":	11.0006,
					"bytes":	68257296,
					"bits_per_second":	4.96391e+07,
					"retransmits":	12
				},
				"receiver":	{
					"socket":	4,
					"start":	0,
					"end":	11.0006,
					"seconds":	11.0006,
					"bytes":	68257296,
					"bits_per_second":	4.96391e+07
				}
			}],
		"sum_sent":	{
			"start":	0,
			"end":	11.0006,
			"seconds":	11.0006,
			"bytes":	68257296,
			"bits_per_second":	4.96391e+07,
			"retransmits":	12
		},
		"sum_received":	{
			"start":	0,
			"end":	11.0006,
			"seconds":	11.0006,
			"bytes":	68257296,
			"bits_per_second":	4.96391e+07
		},
		"cpu_utilization_percent":	{
			"host_total":	1.59346,
			"host_user":	0.0578371,
			"host_system":	1.53559,
			"remote_total":	4.41121,
			"remote_user":	0.193808,
			"remote_system":	4.2174
		}
	}
}
