{
	"start":	{
		"connected":	[{
				"socket":	4,
				"local_host":	"10.0.0.1",
				"local_port":	45541,
				"remote_host":	"10.0.0.12",
				"remote_port":	3342
			}],
		"version":	"iperf 3.0.7",
		"system_info":	"Linux BS1 5.4.197-0504197-generic #202206060747 SMP Mon Jun 6 09:27:47 UTC 2022 x86_64 x86_64 x86_64 GNU/Linux\n",
		"timestamp":	{
			"time":	"Mon, 25 Jul 2022 21:43:07 GMT",
			"timesecs":	1658785387
		},
		"connecting_to":	{
			"host":	"10.0.0.12",
			"port":	3342
		},
		"cookie":	"BS1.1658785387.251849.5ec4bad57801cf",
		"test_start":	{
			"protocol":	"UDP",
			"num_streams":	1,
			"blksize":	8192,
			"omit":	0,
			"duration":	1,
			"bytes":	0,
			"blocks":	0,
			"reverse":	0
		}
	},
	"intervals":	[{
			"streams":	[{
					"socket":	4,
					"start":	0,
					"end":	1.00501,
					"seconds":	1.00501,
					"bytes":	16310272,
					"bits_per_second":	1.29832e+08,
					"packets":	1991,
					"omitted":	false
				}],
			"sum":	{
				"start":	0,
				"end":	1.00501,
				"seconds":	1.00501,
				"bytes":	16310272,
				"bits_per_second":	1.29832e+08,
				"packets":	1991,
				"omitted":	false
			}
		}],
	"end":	{
		"streams":	[{
				"udp":	{
					"socket":	4,
					"start":	0,
					"end":	1.00501,
					"seconds":	1.00501,
					"bytes":	16310272,
					"bits_per_second":	1.29832e+08,
					"jitter_ms":	1.05608,
					"lost_packets":	633,
					"packets":	1991,
					"lost_percent":	31.7931
				}
			}],
		"sum":	{
			"start":	0,
			"end":	1.00501,
			"seconds":	1.00501,
			"bytes":	16310272,
			"bits_per_second":	1.29832e+08,
			"jitter_ms":	1.05608,
			"lost_packets":	633,
			"packets":	1991,
			"lost_percent":	31.7931
		},
		"cpu_utilization_percent":	{
			"host_total":	43.4449,
			"host_user":	2.45164,
			"host_system":	40.9932,
			"remote_total":	7.13811,
			"remote_user":	1.41173,
			"remote_system":	5.7263
		}
	}
}
