{
	"start":	{
		"connected":	[{
				"socket":	4,
				"local_host":	"10.0.0.2",
				"local_port":	41504,
				"remote_host":	"10.0.0.19",
				"remote_port":	3916
			}],
		"version":	"iperf 3.0.7",
		"system_info":	"Linux BS2 5.4.197-0504197-generic #202206060747 SMP Mon Jun 6 09:27:47 UTC 2022 x86_64 x86_64 x86_64 GNU/Linux\n",
		"timestamp":	{
			"time":	"Mon, 25 Jul 2022 21:47:47 GMT",
			"timesecs":	1658785667
		},
		"connecting_to":	{
			"host":	"10.0.0.19",
			"port":	3916
		},
		"cookie":	"BS2.1658785667.288546.7432a43b3e0b8b",
		"tcp_mss_default":	1448,
		"test_start":	{
			"protocol":	"TCP",
			"num_streams":	1,
			"blksize":	131072,
			"omit":	0,
			"duration":	1,
			"bytes":	0,
			"blocks":	0,
			"reverse":	0
		}
	},
	"intervals":	[{
			"streams":	[{
					"socket":	4,
					"start":	0,
					"end":	1.01562,
					"seconds":	1.01562,
					"bytes":	1934864,
					"bits_per_second":	1.52408e+07,
					"retransmits":	125,
					"snd_cwnd":	133216,
					"omitted":	false
				}],
			"sum":	{
				"start":	0,
				"end":	1.01562,
				"seconds":	1.01562,
				"bytes":	1934864,
				"bits_per_second":	1.52408e+07,
				"retransmits":	125,
				"omitted":	false
			}
		}],
	"end":	{
		"streams":	[{
				"sender":	{
					"socket":	4,
					"start":	0,
					"end":	1.01562,
					"seconds":	1.01562,
					"bytes":	1934864,
					"bits_per_second":	1.52408e+07,
					"retransmits":	125
				},
				"receiver":	{
					"socket":	4,
					"start":	0,
					"end":	1.01562,
					"seconds":	1.01562,
					"bytes":	1337952,
					"bits_per_second":	1.0539e+07
				}
			}],
		"sum_sent":	{
			"start":	0,
			"end":	1.01562,
			"seconds":	1.01562,
			"bytes":	1934864,
			"bits_per_second":	1.52408e+07,
			"retransmits":	125
		},
		"sum_received":	{
			"start":	0,
			"end":	1.01562,
			"seconds":	1.01562,
			"bytes":	1337952,
			"bits_per_second":	1.0539e+07
		},
		"cpu_utilization_percent":	{
			"host_total":	5.55587,
			"host_user":	1.72903,
			"host_system":	3.82693,
			"remote_total":	2.22881,
			"remote_user":	0.28499,
			"remote_system":	1.94359
		}
	}
}
