{
	"start":	{
		"connected":	[{
				"socket":	4,
				"local_host":	"10.0.0.2",
				"local_port":	37924,
				"remote_host":	"10.0.0.19",
				"remote_port":	1435
			}],
		"version":	"iperf 3.0.7",
		"system_info":	"Linux BS2 5.4.197-0504197-generic #202206060747 SMP Mon Jun 6 09:27:47 UTC 2022 x86_64 x86_64 x86_64 GNU/Linux\n",
		"timestamp":	{
			"time":	"Mon, 25 Jul 2022 21:42:21 GMT",
			"timesecs":	1658785341
		},
		"connecting_to":	{
			"host":	"10.0.0.19",
			"port":	1435
		},
		"cookie":	"BS2.1658785341.390590.1c5ab7ba4d8013",
		"tcp_mss_default":	1448,
		"test_start":	{
			"protocol":	"TCP",
			"num_streams":	1,
			"blksize":	131072,
			"omit":	0,
			"duration":	58,
			"bytes":	0,
			"blocks":	0,
			"reverse":	0
		}
	},
	"intervals":	[{
			"streams":	[{
					"socket":	4,
					"start":	0,
					"end":	1.0003,
					"seconds":	1.0003,
					"bytes":	6151640,
					"bits_per_second":	4.91982e+07,
					"retransmits":	0,
					"snd_cwnd":	417024,
					"omitted":	false
				}],
			"sum":	{
				"start":	0,
				"end":	1.0003,
				"seconds":	1.0003,
				"bytes":	6151640,
				"bits_per_second":	4.91982e+07,
				"retransmits":	0,
				"omitted":	false
			}
		}, {
			"streams":	[{
					"socket":	4,
					"start":	1.0003,
					"end":	2.00022,
					"seconds":	0.999912,
					"bytes":	5767168,
					"bits_per_second":	4.61414e+07,
					"retransmits":	0,
					"snd_cwnd":	658840,
					"omitted":	false
				}],
			"sum":	{
				"start":	1.0003,
				"end":	2.00022,
				"seconds":	0.999912,
				"bytes":	5767168,
				"bits_per_second":	4.61414e+07,
				"retransmits":	0,
				"omitted":	false
			}
		}, {
			"streams":	[{
					"socket":	4,
					"start":	2.00022,
					"end":	3.00079,
					"seconds":	1.00057,
					"bytes":	6291456,
					"bits_per_second":	5.03027e+07,
					"retransmits":	0,
					"snd_cwnd":	658840,
					"omitted":	false
				}],
			"sum":	{
				"start":	2.00022,
				"end":	3.00079,
				"seconds":	1.00057,
				"bytes":	6291456,
				"bits_per_second":	5.03027e+07,
				"retransmits":	0,
				"omitted":	false
			}
		}, {
			"streams":	[{
					"socket":	4,
					"start":	3.00079,
					"end":	4.00009,
					"seconds":	0.999303,
					"bytes":	6291456,
					"bits_per_second":	5.03667e+07,
					"retransmits":	0,
					"snd_cwnd":	660288,
					"omitted":	false
				}],
			"sum":	{
				"start":	3.00079,
				"end":	4.00009,
				"seconds":	0.999303,
				"bytes":	6291456,
				"bits_per_second":	5.03667e+07,
				"retransmits":	0,
				"omitted":	false
			}
		}, {
			"streams":	[{
					"socket":	4,
					"start":	4.00009,
					"end":	5.00085,
					"seconds":	1.00075,
					"bytes":	6160384,
					"bits_per_second":	4.9246e+07,
					"retransmits":	0,
					"snd_cwnd":	660288,
					"omitted":	false
				}],
			"sum":	{
				"start":	4.00009,
				"end":	5.00085,
				"seconds":	1.00075,
				"bytes":	6160384,
				"bits_per_second":	4.9246e+07,
				"retransmits":	0,
				"omitted":	false
			}
		}, {
			"streams":	[{
					"socket":	4,
					"start":	5.00085,
					"end":	6.00063,
					"seconds":	0.999784,
					"bytes":	6291456,
					"bits_per_second":	5.03425e+07,
					"retransmits":	0,
					"snd_cwnd":	693592,
					"omitted":	false
				}],
			"sum":	{
				"start":	5.00085,
				"end":	6.00063,
				"seconds":	0.999784,
				"bytes":	6291456,
				"bits_per_second":	5.03425e+07,
				"retransmits":	0,
				"omitted":	false
			}
		}, {
			"streams":	[{
					"socket":	4,
					"start":	6.00063,
					"end":	7.00645,
					"seconds":	1.00582,
					"bytes":	6291456,
					"bits_per_second":	5.00402e+07,
					"retransmits":	0,
					"snd_cwnd":	693592,
					"omitted":	false
				}],
			"sum":	{
				"start":	6.00063,
				"end":	7.00645,
				"seconds":	1.00582,
				"bytes":	6291456,
				"bits_per_second":	5.00402e+07,
				"retransmits":	0,
				"omitted":	false
			}
		}, {
			"streams":	[{
					"socket":	4,
					"start":	7.00645,
					"end":	8.00071,
					"seconds":	0.994256,
					"bytes":	4456448,
					"bits_per_second":	3.58575e+07,
					"retransmits":	102,
					"snd_cwnd":	34752,
					"omitted":	false
				}],
			"sum":	{
				"start":	7.00645,
				"end":	8.00071,
				"seconds":	0.994256,
				"bytes":	4456448,
				"bits_per_second":	3.58575e+07,
				"retransmits":	102,
				"omitted":	false
			}
		}, {
			"streams":	[{
					"socket":	4,
					"start":	8.00071,
					"end":	9.00034,
					"seconds":	0.999632,
					"bytes":	131072,
					"bits_per_second":	1.04896e+06,
					"retransmits":	45,
					"snd_cwnd":	26064,
					"omitted":	false
				}],
			"sum":	{
				"start":	8.00071,
				"end":	9.00034,
				"seconds":	0.999632,
				"bytes":	131072,
				"bits_per_second":	1.04896e+06,
				"retransmits":	45,
				"omitted":	false
			}
		}, {
			"streams":	[{
					"socket":	4,
					"start":	9.00034,
					"end":	10.0003,
					"seconds":	0.999916,
					"bytes":	131072,
					"bits_per_second":	1.04866e+06,
					"retransmits":	35,
					"snd_cwnd":	11584,
					"omitted":	false
				}],
			"sum":	{
				"start":	9.00034,
				"end":	10.0003,
				"seconds":	0.999916,
				"bytes":	131072,
				"bits_per_second":	1.04866e+06,
				"retransmits":	35,
				"omitted":	false
			}
		}, {
			"streams":	[{
					"socket":	4,
					"start":	10.0003,
					"end":	11.0002,
					"seconds":	0.999968,
					"bytes":	0,
					"bits_per_second":	0,
					"retransmits":	24,
					"snd_cwnd":	5792,
					"omitted":	false
				}],
			"sum":	{
				"start":	10.0003,
				"end":	11.0002,
				"seconds":	0.999968,
				"bytes":	0,
				"bits_per_second":	0,
				"retransmits":	24,
				"omitted":	false
			}
		}, {
			"streams":	[{
					"socket":	4,
					"start":	11.0002,
					"end":	12.0003,
					"seconds":	1.00007,
					"bytes":	0,
					"bits_per_second":	0,
					"retransmits":	12,
					"snd_cwnd":	5792,
					"omitted":	false
				}],
			"sum":	{
				"start":	11.0002,
				"end":	12.0003,
				"seconds":	1.00007,
				"bytes":	0,
				"bits_per_second":	0,
				"retransmits":	12,
				"omitted":	false
			}
		}, {
			"streams":	[{
					"socket":	4,
					"start":	12.0003,
					"end":	13.0003,
					"seconds":	1.00001,
					"bytes":	262144,
					"bits_per_second":	2.09712e+06,
					"retransmits":	4,
					"snd_cwnd":	15928,
					"omitted":	false
				}],
			"sum":	{
				"start":	12.0003,
				"end":	13.0003,
				"seconds":	1.00001,
				"bytes":	262144,
				"bits_per_second":	2.09712e+06,
				"retransmits":	4,
				"omitted":	false
			}
		}, {
			"streams":	[{
					"socket":	4,
					"start":	13.0003,
					"end":	14.0002,
					"seconds":	0.999925,
					"bytes":	393216,
					"bits_per_second":	3.14596e+06,
					"retransmits":	0,
					"snd_cwnd":	28960,
					"omitted":	false
				}],
			"sum":	{
				"start":	13.0003,
				"end":	14.0002,
				"seconds":	0.999925,
				"bytes":	393216,
				"bits_per_second":	3.14596e+06,
				"retransmits":	0,
				"omitted":	false
			}
		}, {
			"streams":	[{
					"socket":	4,
					"start":	14.0002,
					"end":	15.0004,
					"seconds":	1.00012,
					"bytes":	1441792,
					"bits_per_second":	1.15329e+07,
					"retransmits":	0,
					"snd_cwnd":	55024,
					"omitted":	false
				}],
			"sum":	{
				"start":	14.0002,
				"end":	15.0004,
				"seconds":	1.00012,
				"bytes":	1441792,
				"bits_per_second":	1.15329e+07,
				"retransmits":	0,
				"omitted":	false
			}
		}, {
			"streams":	[{
					"socket":	4,
					"start":	15.0004,
					"end":	16.0002,
					"seconds":	0.999832,
					"bytes":	2228224,
					"bits_per_second":	1.78288e+07,
					"retransmits":	0,
					"snd_cwnd":	81088,
					"omitted":	false
				}],
			"sum":	{
				"start":	15.0004,
				"end":	16.0002,
				"seconds":	0.999832,
				"bytes":	2228224,
				"bits_per_second":	1.78288e+07,
				"retransmits":	0,
				"omitted":	false
			}
		}, {
			"streams":	[{
					"socket":	4,
					"start":	16.0002,
					"end":	17.0006,
					"seconds":	1.00044,
					"bytes":	2228224,
					"bits_per_second":	1.7818e+07,
					"retransmits":	31,
					"snd_cwnd":	78192,
					"omitted":	false
				}],
			"sum":	{
				"start":	16.0002,
				"end":	17.0006,
				"seconds":	1.00044,
				"bytes":	2228224,
				"bits_per_second":	1.7818e+07,
				"retransmits":	31,
				"omitted":	false
			}
		}, {
			"streams":	[{
					"socket":	4,
					"start":	17.0006,
					"end":	18.0001,
					"seconds":	0.999509,
					"bytes":	3014656,
					"bits_per_second":	2.41291e+07,
					"retransmits":	0,
					"snd_cwnd":	104256,
					"omitted":	false
				}],
			"sum":	{
				"start":	17.0006,
				"end":	18.0001,
				"seconds":	0.999509,
				"bytes":	3014656,
				"bits_per_second":	2.41291e+07,
				"retransmits":	0,
				"omitted":	false
			}
		}, {
			"streams":	[{
					"socket":	4,
					"start":	18.0001,
					"end":	19.0003,
					"seconds":	1.00021,
					"bytes":	3932160,
					"bits_per_second":	3.14506e+07,
					"retransmits":	0,
					"snd_cwnd":	128872,
					"omitted":	false
				}],
			"sum":	{
				"start":	18.0001,
				"end":	19.0003,
				"seconds":	1.00021,
				"bytes":	3932160,
				"bits_per_second":	3.14506e+07,
				"retransmits":	0,
				"omitted":	false
			}
		}, {
			"streams":	[{
					"socket":	4,
					"start":	19.0003,
					"end":	20.0002,
					"seconds":	0.999898,
					"bytes":	4718592,
					"bits_per_second":	3.77526e+07,
					"retransmits":	0,
					"snd_cwnd":	154936,
					"omitted":	false
				}],
			"sum":	{
				"start":	19.0003,
				"end":	20.0002,
				"seconds":	0.999898,
				"bytes":	4718592,
				"bits_per_second":	3.77526e+07,
				"retransmits":	0,
				"omitted":	false
			}
		}, {
			"streams":	[{
					"socket":	4,
					"start":	20.0002,
					"end":	21.0006,
					"seconds":	1.00034,
					"bytes":	5505024,
					"bits_per_second":	4.40252e+07,
					"retransmits":	0,
					"snd_cwnd":	179552,
					"omitted":	false
				}],
			"sum":	{
				"start":	20.0002,
				"end":	21.0006,
				"seconds":	1.00034,
				"bytes":	5505024,
				"bits_per_second":	4.40252e+07,
				"retransmits":	0,
				"omitted":	false
			}
		}, {
			"streams":	[{
					"socket":	4,
					"start":	21.0006,
					"end":	22.0002,
					"seconds":	0.999618,
					"bytes":	6422528,
					"bits_per_second":	5.13999e+07,
					"retransmits":	0,
					"snd_cwnd":	205616,
					"omitted":	false
				}],
			"sum":	{
				"start":	21.0006,
				"end":	22.0002,
				"seconds":	0.999618,
				"bytes":	6422528,
				"bits_per_second":	5.13999e+07,
				"retransmits":	0,
				"omitted":	false
			}
		}, {
			"streams":	[{
					"socket":	4,
					"start":	22.0002,
					"end":	23.0004,
					"seconds":	1.0002,
					"bytes":	6422528,
					"bits_per_second":	5.13698e+07,
					"retransmits":	0,
					"snd_cwnd":	228784,
					"omitted":	false
				}],
			"sum":	{
				"start":	22.0002,
				"end":	23.0004,
				"seconds":	1.0002,
				"bytes":	6422528,
				"bits_per_second":	5.13698e+07,
				"retransmits":	0,
				"omitted":	false
			}
		}, {
			"streams":	[{
					"socket":	4,
					"start":	23.0004,
					"end":	24.0002,
					"seconds":	0.999787,
					"bytes":	7471104,
					"bits_per_second":	5.97816e+07,
					"retransmits":	0,
					"snd_cwnd":	253400,
					"omitted":	false
				}],
			"sum":	{
				"start":	23.0004,
				"end":	24.0002,
				"seconds":	0.999787,
				"bytes":	7471104,
				"bits_per_second":	5.97816e+07,
				"retransmits":	0,
				"omitted":	false
			}
		}, {
			"streams":	[{
					"socket":	4,
					"start":	24.0002,
					"end":	25.0005,
					"seconds":	1.0003,
					"bytes":	8126464,
					"bits_per_second":	6.49924e+07,
					"retransmits":	0,
					"snd_cwnd":	276568,
					"omitted":	false
				}],
			"sum":	{
				"start":	24.0002,
				"end":	25.0005,
				"seconds":	1.0003,
				"bytes":	8126464,
				"bits_per_second":	6.49924e+07,
				"retransmits":	0,
				"omitted":	false
			}
		}, {
			"streams":	[{
					"socket":	4,
					"start":	25.0005,
					"end":	26.0021,
					"seconds":	1.0016,
					"bytes":	8257536,
					"bits_per_second":	6.59546e+07,
					"retransmits":	0,
					"snd_cwnd":	298288,
					"omitted":	false
				}],
			"sum":	{
				"start":	25.0005,
				"end":	26.0021,
				"seconds":	1.0016,
				"bytes":	8257536,
				"bits_per_second":	6.59546e+07,
				"retransmits":	0,
				"omitted":	false
			}
		}, {
			"streams":	[{
					"socket":	4,
					"start":	26.0021,
					"end":	27.0009,
					"seconds":	0.998782,
					"bytes":	9043968,
					"bits_per_second":	7.244e+07,
					"retransmits":	0,
					"snd_cwnd":	321456,
					"omitted":	false
				}],
			"sum":	{
				"start":	26.0021,
				"end":	27.0009,
				"seconds":	0.998782,
				"bytes":	9043968,
				"bits_per_second":	7.244e+07,
				"retransmits":	0,
				"omitted":	false
			}
		}, {
			"streams":	[{
					"socket":	4,
					"start":	27.0009,
					"end":	28.0004,
					"seconds":	0.999503,
					"bytes":	10878976,
					"bits_per_second":	8.70751e+07,
					"retransmits":	0,
					"snd_cwnd":	405440,
					"omitted":	false
				}],
			"sum":	{
				"start":	27.0009,
				"end":	28.0004,
				"seconds":	0.999503,
				"bytes":	10878976,
				"bits_per_second":	8.70751e+07,
				"retransmits":	0,
				"omitted":	false
			}
		}, {
			"streams":	[{
					"socket":	4,
					"start":	28.0004,
					"end":	29.0004,
					"seconds":	1.00005,
					"bytes":	12320768,
					"bits_per_second":	9.85617e+07,
					"retransmits":	0,
					"snd_cwnd":	537208,
					"omitted":	false
				}],
			"sum":	{
				"start":	28.0004,
				"end":	29.0004,
				"seconds":	1.00005,
				"bytes":	12320768,
				"bits_per_second":	9.85617e+07,
				"retransmits":	0,
				"omitted":	false
			}
		}, {
			"streams":	[{
					"socket":	4,
					"start":	29.0004,
					"end":	30.0003,
					"seconds":	0.999849,
					"bytes":	17301504,
					"bits_per_second":	1.38433e+08,
					"retransmits":	0,
					"snd_cwnd":	700832,
					"omitted":	false
				}],
			"sum":	{
				"start":	29.0004,
				"end":	30.0003,
				"seconds":	0.999849,
				"bytes":	17301504,
				"bits_per_second":	1.38433e+08,
				"retransmits":	0,
				"omitted":	false
			}
		}, {
			"streams":	[{
					"socket":	4,
					"start":	30.0003,
					"end":	31.0002,
					"seconds":	0.99991,
					"bytes":	27262976,
					"bits_per_second":	2.18123e+08,
					"retransmits":	0,
					"snd_cwnd":	900656,
					"omitted":	false
				}],
			"sum":	{
				"start":	30.0003,
				"end":	31.0002,
				"seconds":	0.99991,
				"bytes":	27262976,
				"bits_per_second":	2.18123e+08,
				"retransmits":	0,
				"omitted":	false
			}
		}, {
			"streams":	[{
					"socket":	4,
					"start":	31.0002,
					"end":	32.0002,
					"seconds":	1.00006,
					"bytes":	14286848,
					"bits_per_second":	1.14288e+08,
					"retransmits":	0,
					"snd_cwnd":	1028080,
					"omitted":	false
				}],
			"sum":	{
				"start":	31.0002,
				"end":	32.0002,
				"seconds":	1.00006,
				"bytes":	14286848,
				"bits_per_second":	1.14288e+08,
				"retransmits":	0,
				"omitted":	false
			}
		}, {
			"streams":	[{
					"socket":	4,
					"start":	32.0002,
					"end":	33.0006,
					"seconds":	1.0004,
					"bytes":	6160384,
					"bits_per_second":	4.92633e+07,
					"retransmits":	0,
					"snd_cwnd":	1028080,
					"omitted":	false
				}],
			"sum":	{
				"start":	32.0002,
				"end":	33.0006,
				"seconds":	1.0004,
				"bytes":	6160384,
				"bits_per_second":	4.92633e+07,
				"retransmits":	0,
				"omitted":	false
			}
		}, {
			"streams":	[{
					"socket":	4,
					"start":	33.0006,
					"end":	34.0006,
					"seconds":	0.999918,
					"bytes":	6291456,
					"bits_per_second":	5.03358e+07,
					"retransmits":	0,
					"snd_cwnd":	1028080,
					"omitted":	false
				}],
			"sum":	{
				"start":	33.0006,
				"end":	34.0006,
				"seconds":	0.999918,
				"bytes":	6291456,
				"bits_per_second":	5.03358e+07,
				"retransmits":	0,
				"omitted":	false
			}
		}, {
			"streams":	[{
					"socket":	4,
					"start":	34.0006,
					"end":	35.0006,
					"seconds":	0.99999,
					"bytes":	6291456,
					"bits_per_second":	5.03322e+07,
					"retransmits":	0,
					"snd_cwnd":	1028080,
					"omitted":	false
				}],
			"sum":	{
				"start":	34.0006,
				"end":	35.0006,
				"seconds":	0.99999,
				"bytes":	6291456,
				"bits_per_second":	5.03322e+07,
				"retransmits":	0,
				"omitted":	false
			}
		}, {
			"streams":	[{
					"socket":	4,
					"start":	35.0006,
					"end":	36.0003,
					"seconds":	0.999698,
					"bytes":	6160384,
					"bits_per_second":	4.9298e+07,
					"retransmits":	0,
					"snd_cwnd":	1028080,
					"omitted":	false
				}],
			"sum":	{
				"start":	35.0006,
				"end":	36.0003,
				"seconds":	0.999698,
				"bytes":	6160384,
				"bits_per_second":	4.9298e+07,
				"retransmits":	0,
				"omitted":	false
			}
		}, {
			"streams":	[{
					"socket":	4,
					"start":	36.0003,
					"end":	37.0006,
					"seconds":	1.00031,
					"bytes":	6291456,
					"bits_per_second":	5.03162e+07,
					"retransmits":	0,
					"snd_cwnd":	1028080,
					"omitted":	false
				}],
			"sum":	{
				"start":	36.0003,
				"end":	37.0006,
				"seconds":	1.00031,
				"bytes":	6291456,
				"bits_per_second":	5.03162e+07,
				"retransmits":	0,
				"omitted":	false
			}
		}, {
			"streams":	[{
					"socket":	4,
					"start":	37.0006,
					"end":	38.0003,
					"seconds":	0.999689,
					"bytes":	6291456,
					"bits_per_second":	5.03473e+07,
					"retransmits":	0,
					"snd_cwnd":	1028080,
					"omitted":	false
				}],
			"sum":	{
				"start":	37.0006,
				"end":	38.0003,
				"seconds":	0.999689,
				"bytes":	6291456,
				"bits_per_second":	5.03473e+07,
				"retransmits":	0,
				"omitted":	false
			}
		}, {
			"streams":	[{
					"socket":	4,
					"start":	38.0003,
					"end":	39.0002,
					"seconds":	0.999994,
					"bytes":	6291456,
					"bits_per_second":	5.0332e+07,
					"retransmits":	0,
					"snd_cwnd":	1028080,
					"omitted":	false
				}],
			"sum":	{
				"start":	38.0003,
				"end":	39.0002,
				"seconds":	0.999994,
				"bytes":	6291456,
				"bits_per_second":	5.0332e+07,
				"retransmits":	0,
				"omitted":	false
			}
		}, {
			"streams":	[{
					"socket":	4,
					"start":	39.0002,
					"end":	40.0002,
					"seconds":	0.999977,
					"bytes":	6160384,
					"bits_per_second":	4.92842e+07,
					"retransmits":	0,
					"snd_cwnd":	1028080,
					"omitted":	false
				}],
			"sum":	{
				"start":	39.0002,
				"end":	40.0002,
				"seconds":	0.999977,
				"bytes":	6160384,
				"bits_per_second":	4.92842e+07,
				"retransmits":	0,
				"omitted":	false
			}
		}, {
			"streams":	[{
					"socket":	4,
					"start":	40.0002,
					"end":	41.0005,
					"seconds":	1.00027,
					"bytes":	6291456,
					"bits_per_second":	5.0318e+07,
					"retransmits":	0,
					"snd_cwnd":	1028080,
					"omitted":	false
				}],
			"sum":	{
				"start":	40.0002,
				"end":	41.0005,
				"seconds":	1.00027,
				"bytes":	6291456,
				"bits_per_second":	5.0318e+07,
				"retransmits":	0,
				"omitted":	false
			}
		}, {
			"streams":	[{
					"socket":	4,
					"start":	41.0005,
					"end":	42.0003,
					"seconds":	0.999834,
					"bytes":	6291456,
					"bits_per_second":	5.034e+07,
					"retransmits":	0,
					"snd_cwnd":	1028080,
					"omitted":	false
				}],
			"sum":	{
				"start":	41.0005,
				"end":	42.0003,
				"seconds":	0.999834,
				"bytes":	6291456,
				"bits_per_second":	5.034e+07,
				"retransmits":	0,
				"omitted":	false
			}
		}, {
			"streams":	[{
					"socket":	4,
					"start":	42.0003,
					"end":	43.0006,
					"seconds":	1.00025,
					"bytes":	6160384,
					"bits_per_second":	4.92707e+07,
					"retransmits":	0,
					"snd_cwnd":	1028080,
					"omitted":	false
				}],
			"sum":	{
				"start":	42.0003,
				"end":	43.0006,
				"seconds":	1.00025,
				"bytes":	6160384,
				"bits_per_second":	4.92707e+07,
				"retransmits":	0,
				"omitted":	false
			}
		}, {
			"streams":	[{
					"socket":	4,
					"start":	43.0006,
					"end":	44.0006,
					"seconds":	0.999985,
					"bytes":	6291456,
					"bits_per_second":	5.03324e+07,
					"retransmits":	0,
					"snd_cwnd":	1028080,
					"omitted":	false
				}],
			"sum":	{
				"start":	43.0006,
				"end":	44.0006,
				"seconds":	0.999985,
				"bytes":	6291456,
				"bits_per_second":	5.03324e+07,
				"retransmits":	0,
				"omitted":	false
			}
		}, {
			"streams":	[{
					"socket":	4,
					"start":	44.0006,
					"end":	45.0005,
					"seconds":	0.999971,
					"bytes":	6291456,
					"bits_per_second":	5.03331e+07,
					"retransmits":	0,
					"snd_cwnd":	1028080,
					"omitted":	false
				}],
			"sum":	{
				"start":	44.0006,
				"end":	45.0005,
				"seconds":	0.999971,
				"bytes":	6291456,
				"bits_per_second":	5.03331e+07,
				"retransmits":	0,
				"omitted":	false
			}
		}, {
			"streams":	[{
					"socket":	4,
					"start":	45.0005,
					"end":	46.0004,
					"seconds":	0.99983,
					"bytes":	6160384,
					"bits_per_second":	4.92915e+07,
					"retransmits":	0,
					"snd_cwnd":	1028080,
					"omitted":	false
				}],
			"sum":	{
				"start":	45.0005,
				"end":	46.0004,
				"seconds":	0.99983,
				"bytes":	6160384,
				"bits_per_second":	4.92915e+07,
				"retransmits":	0,
				"omitted":	false
			}
		}, {
			"streams":	[{
					"socket":	4,
					"start":	46.0004,
					"end":	47.0005,
					"seconds":	1.00011,
					"bytes":	6291456,
					"bits_per_second":	5.0326e+07,
					"retransmits":	0,
					"snd_cwnd":	1028080,
					"omitted":	false
				}],
			"sum":	{
				"start":	46.0004,
				"end":	47.0005,
				"seconds":	1.00011,
				"bytes":	6291456,
				"bits_per_second":	5.0326e+07,
				"retransmits":	0,
				"omitted":	false
			}
		}, {
			"streams":	[{
					"socket":	4,
					"start":	47.0005,
					"end":	48.0004,
					"seconds":	0.999894,
					"bytes":	6291456,
					"bits_per_second":	5.0337e+07,
					"retransmits":	0,
					"snd_cwnd":	1028080,
					"omitted":	false
				}],
			"sum":	{
				"start":	47.0005,
				"end":	48.0004,
				"seconds":	0.999894,
				"bytes":	6291456,
				"bits_per_second":	5.0337e+07,
				"retransmits":	0,
				"omitted":	false
			}
		}, {
			"streams":	[{
					"socket":	4,
					"start":	48.0004,
					"end":	49.0003,
					"seconds":	0.999969,
					"bytes":	6160384,
					"bits_per_second":	4.92846e+07,
					"retransmits":	0,
					"snd_cwnd":	1028080,
					"omitted":	false
				}],
			"sum":	{
				"start":	48.0004,
				"end":	49.0003,
				"seconds":	0.999969,
				"bytes":	6160384,
				"bits_per_second":	4.92846e+07,
				"retransmits":	0,
				"omitted":	false
			}
		}, {
			"streams":	[{
					"socket":	4,
					"start":	49.0003,
					"end":	50.0002,
					"seconds":	0.999884,
					"bytes":	6553600,
					"bits_per_second":	5.24349e+07,
					"retransmits":	0,
					"snd_cwnd":	1028080,
					"omitted":	false
				}],
			"sum":	{
				"start":	49.0003,
				"end":	50.0002,
				"seconds":	0.999884,
				"bytes":	6553600,
				"bits_per_second":	5.24349e+07,
				"retransmits":	0,
				"omitted":	false
			}
		}, {
			"streams":	[{
					"socket":	4,
					"start":	50.0002,
					"end":	51.0024,
					"seconds":	1.00215,
					"bytes":	6029312,
					"bits_per_second":	4.81312e+07,
					"retransmits":	0,
					"snd_cwnd":	1028080,
					"omitted":	false
				}],
			"sum":	{
				"start":	50.0002,
				"end":	51.0024,
				"seconds":	1.00215,
				"bytes":	6029312,
				"bits_per_second":	4.81312e+07,
				"retransmits":	0,
				"omitted":	false
			}
		}, {
			"streams":	[{
					"socket":	4,
					"start":	51.0024,
					"end":	52.0041,
					"seconds":	1.00174,
					"bytes":	6291456,
					"bits_per_second":	5.02443e+07,
					"retransmits":	0,
					"snd_cwnd":	1028080,
					"omitted":	false
				}],
			"sum":	{
				"start":	51.0024,
				"end":	52.0041,
				"seconds":	1.00174,
				"bytes":	6291456,
				"bits_per_second":	5.02443e+07,
				"retransmits":	0,
				"omitted":	false
			}
		}, {
			"streams":	[{
					"socket":	4,
					"start":	52.0041,
					"end":	53.005,
					"seconds":	1.00092,
					"bytes":	6160384,
					"bits_per_second":	4.92378e+07,
					"retransmits":	0,
					"snd_cwnd":	1028080,
					"omitted":	false
				}],
			"sum":	{
				"start":	52.0041,
				"end":	53.005,
				"seconds":	1.00092,
				"bytes":	6160384,
				"bits_per_second":	4.92378e+07,
				"retransmits":	0,
				"omitted":	false
			}
		}, {
			"streams":	[{
					"socket":	4,
					"start":	53.005,
					"end":	54.0006,
					"seconds":	0.995571,
					"bytes":	6291456,
					"bits_per_second":	5.05556e+07,
					"retransmits":	0,
					"snd_cwnd":	1028080,
					"omitted":	false
				}],
			"sum":	{
				"start":	53.005,
				"end":	54.0006,
				"seconds":	0.995571,
				"bytes":	6291456,
				"bits_per_second":	5.05556e+07,
				"retransmits":	0,
				"omitted":	false
			}
		}, {
			"streams":	[{
					"socket":	4,
					"start":	54.0006,
					"end":	55.0005,
					"seconds":	0.999923,
					"bytes":	6160384,
					"bits_per_second":	4.92869e+07,
					"retransmits":	0,
					"snd_cwnd":	1028080,
					"omitted":	false
				}],
			"sum":	{
				"start":	54.0006,
				"end":	55.0005,
				"seconds":	0.999923,
				"bytes":	6160384,
				"bits_per_second":	4.92869e+07,
				"retransmits":	0,
				"omitted":	false
			}
		}, {
			"streams":	[{
					"socket":	4,
					"start":	55.0005,
					"end":	56.0004,
					"seconds":	0.999828,
					"bytes":	6291456,
					"bits_per_second":	5.03403e+07,
					"retransmits":	0,
					"snd_cwnd":	1028080,
					"omitted":	false
				}],
			"sum":	{
				"start":	55.0005,
				"end":	56.0004,
				"seconds":	0.999828,
				"bytes":	6291456,
				"bits_per_second":	5.03403e+07,
				"retransmits":	0,
				"omitted":	false
			}
		}, {
			"streams":	[{
					"socket":	4,
					"start":	56.0004,
					"end":	57.0004,
					"seconds":	1.00005,
					"bytes":	6291456,
					"bits_per_second":	5.0329e+07,
					"retransmits":	0,
					"snd_cwnd":	1028080,
					"omitted":	false
				}],
			"sum":	{
				"start":	56.0004,
				"end":	57.0004,
				"seconds":	1.00005,
				"bytes":	6291456,
				"bits_per_second":	5.0329e+07,
				"retransmits":	0,
				"omitted":	false
			}
		}, {
			"streams":	[{
					"socket":	4,
					"start":	57.0004,
					"end":	58.0004,
					"seconds":	0.999974,
					"bytes":	6160384,
					"bits_per_second":	4.92844e+07,
					"retransmits":	0,
					"snd_cwnd":	194032,
					"omitted":	false
				}],
			"sum":	{
				"start":	57.0004,
				"end":	58.0004,
				"seconds":	0.999974,
				"bytes":	6160384,
				"bits_per_second":	4.92844e+07,
				"retransmits":	0,
				"omitted":	false
			}
		}],
	"end":	{
		"streams":	[{
				"sender":	{
					"socket":	4,
					"start":	0,
					"end":	58.0004,
					"seconds":	58.0004,
					"bytes":	361881048,
					"bits_per_second":	4.99143e+07,
					"retransmits":	253
				},
				"receiver":	{
					"socket":	4,
					"start":	0,
					"end":	58.0004,
					"seconds":	58.0004,
					"bytes":	360773408,
					"bits_per_second":	4.97615e+07
				}
			}],
		"sum_sent":	{
			"start":	0,
			"end":	58.0004,
			"seconds":	58.0004,
			"bytes":	361881048,
			"bits_per_second":	4.99143e+07,
			"retransmits":	253
		},
		"sum_received":	{
			"start":	0,
			"end":	58.0004,
			"seconds":	58.0004,
			"bytes":	360773408,
			"bits_per_second":	4.97615e+07
		},
		"cpu_utilization_percent":	{
			"host_total":	1.77221,
			"host_user":	0.0814593,
			"host_system":	1.69075,
			"remote_total":	3.65209,
			"remote_user":	0.287043,
			"remote_system":	3.36504
		}
	}
}
