{
	"start":	{
		"connected":	[{
				"socket":	4,
				"local_host":	"10.0.0.3",
				"local_port":	47132,
				"remote_host":	"10.0.0.17",
				"remote_port":	1821
			}],
		"version":	"iperf 3.0.7",
		"system_info":	"Linux BS3 5.4.197-0504197-generic #202206060747 SMP Mon Jun 6 09:27:47 UTC 2022 x86_64 x86_64 x86_64 GNU/Linux\n",
		"timestamp":	{
			"time":	"Mon, 25 Jul 2022 21:51:21 GMT",
			"timesecs":	1658785881
		},
		"connecting_to":	{
			"host":	"10.0.0.17",
			"port":	1821
		},
		"cookie":	"BS3.1658785881.424094.2fa557ed42471b",
		"tcp_mss_default":	1448,
		"test_start":	{
			"protocol":	"TCP",
			"num_streams":	1,
			"blksize":	131072,
			"omit":	0,
			"duration":	47,
			"bytes":	0,
			"blocks":	0,
			"reverse":	0
		}
	},
	"intervals":	[{
			"streams":	[{
					"socket":	4,
					"start":	0,
					"end":	1.00034,
					"seconds":	1.00034,
					"bytes":	11372048,
					"bits_per_second":	9.09456e+07,
					"retransmits":	0,
					"snd_cwnd":	1414696,
					"omitted":	false
				}],
			"sum":	{
				"start":	0,
				"end":	1.00034,
				"seconds":	1.00034,
				"bytes":	11372048,
				"bits_per_second":	9.09456e+07,
				"retransmits":	0,
				"omitted":	false
			}
		}, {
			"streams":	[{
					"socket":	4,
					"start":	1.00034,
					"end":	2.0004,
					"seconds":	1.00006,
					"bytes":	12451840,
					"bits_per_second":	9.96085e+07,
					"retransmits":	21,
					"snd_cwnd":	1414696,
					"omitted":	false
				}],
			"sum":	{
				"start":	1.00034,
				"end":	2.0004,
				"seconds":	1.00006,
				"bytes":	12451840,
				"bits_per_second":	9.96085e+07,
				"retransmits":	21,
				"omitted":	false
			}
		}, {
			"streams":	[{
					"socket":	4,
					"start":	2.0004,
					"end":	3.00035,
					"seconds":	0.999953,
					"bytes":	12451840,
					"bits_per_second":	9.96194e+07,
					"retransmits":	0,
					"snd_cwnd":	1414696,
					"omitted":	false
				}],
			"sum":	{
				"start":	2.0004,
				"end":	3.00035,
				"seconds":	0.999953,
				"bytes":	12451840,
				"bits_per_second":	9.96194e+07,
				"retransmits":	0,
				"omitted":	false
			}
		}, {
			"streams":	[{
					"socket":	4,
					"start":	3.00035,
					"end":	4.00025,
					"seconds":	0.999897,
					"bytes":	12582912,
					"bits_per_second":	1.00674e+08,
					"retransmits":	0,
					"snd_cwnd":	1414696,
					"omitted":	false
				}],
			"sum":	{
				"start":	3.00035,
				"end":	4.00025,
				"seconds":	0.999897,
				"bytes":	12582912,
				"bits_per_second":	1.00674e+08,
				"retransmits":	0,
				"omitted":	false
			}
		}, {
			"streams":	[{
					"socket":	4,
					"start":	4.00025,
					"end":	5.00018,
					"seconds":	0.99993,
					"bytes":	12451840,
					"bits_per_second":	9.96217e+07,
					"retransmits":	0,
					"snd_cwnd":	1414696,
					"omitted":	false
				}],
			"sum":	{
				"start":	4.00025,
				"end":	5.00018,
				"seconds":	0.99993,
				"bytes":	12451840,
				"bits_per_second":	9.96217e+07,
				"retransmits":	0,
				"omitted":	false
			}
		}, {
			"streams":	[{
					"socket":	4,
					"start":	5.00018,
					"end":	6.00044,
					"seconds":	1.00026,
					"bytes":	12582912,
					"bits_per_second":	1.00637e+08,
					"retransmits":	0,
					"snd_cwnd":	1414696,
					"omitted":	false
				}],
			"sum":	{
				"start":	5.00018,
				"end":	6.00044,
				"seconds":	1.00026,
				"bytes":	12582912,
				"bits_per_second":	1.00637e+08,
				"retransmits":	0,
				"omitted":	false
			}
		}, {
			"streams":	[{
					"socket":	4,
					"start":	6.00044,
					"end":	7.00016,
					"seconds":	0.999716,
					"bytes":	12451840,
					"bits_per_second":	9.9643e+07,
					"retransmits":	0,
					"snd_cwnd":	1414696,
					"omitted":	false
				}],
			"sum":	{
				"start":	6.00044,
				"end":	7.00016,
				"seconds":	0.999716,
				"bytes":	12451840,
				"bits_per_second":	9.9643e+07,
				"retransmits":	0,
				"omitted":	false
			}
		}, {
			"streams":	[{
					"socket":	4,
					"start":	7.00016,
					"end":	8.00215,
					"seconds":	1.00199,
					"bytes":	12451840,
					"bits_per_second":	9.94167e+07,
					"retransmits":	0,
					"snd_cwnd":	1414696,
					"omitted":	false
				}],
			"sum":	{
				"start":	7.00016,
				"end":	8.00215,
				"seconds":	1.00199,
				"bytes":	12451840,
				"bits_per_second":	9.94167e+07,
				"retransmits":	0,
				"omitted":	false
			}
		}, {
			"streams":	[{
					"socket":	4,
					"start":	8.00215,
					"end":	9.00746,
					"seconds":	1.00531,
					"bytes":	12582912,
					"bits_per_second":	1.00131e+08,
					"retransmits":	0,
					"snd_cwnd":	1414696,
					"omitted":	false
				}],
			"sum":	{
				"start":	8.00215,
				"end":	9.00746,
				"seconds":	1.00531,
				"bytes":	12582912,
				"bits_per_second":	1.00131e+08,
				"retransmits":	0,
				"omitted":	false
			}
		}, {
			"streams":	[{
					"socket":	4,
					"start":	9.00746,
					"end":	10.0008,
					"seconds":	0.99338,
					"bytes":	12451840,
					"bits_per_second":	1.00279e+08,
					"retransmits":	0,
					"snd_cwnd":	1416144,
					"omitted":	false
				}],
			"sum":	{
				"start":	9.00746,
				"end":	10.0008,
				"seconds":	0.99338,
				"bytes":	12451840,
				"bits_per_second":	1.00279e+08,
				"retransmits":	0,
				"omitted":	false
			}
		}, {
			"streams":	[{
					"socket":	4,
					"start":	10.0008,
					"end":	11.0094,
					"seconds":	1.00851,
					"bytes":	12582912,
					"bits_per_second":	9.98136e+07,
					"retransmits":	0,
					"snd_cwnd":	1416144,
					"omitted":	false
				}],
			"sum":	{
				"start":	10.0008,
				"end":	11.0094,
				"seconds":	1.00851,
				"bytes":	12582912,
				"bits_per_second":	9.98136e+07,
				"retransmits":	0,
				"omitted":	false
			}
		}, {
			"streams":	[{
					"socket":	4,
					"start":	11.0094,
					"end":	12.0036,
					"seconds":	0.994291,
					"bytes":	12451840,
					"bits_per_second":	1.00187e+08,
					"retransmits":	0,
					"snd_cwnd":	1417592,
					"omitted":	false
				}],
			"sum":	{
				"start":	11.0094,
				"end":	12.0036,
				"seconds":	0.994291,
				"bytes":	12451840,
				"bits_per_second":	1.00187e+08,
				"retransmits":	0,
				"omitted":	false
			}
		}, {
			"streams":	[{
					"socket":	4,
					"start":	12.0036,
					"end":	13.0003,
					"seconds":	0.99664,
					"bytes":	12451840,
					"bits_per_second":	9.99506e+07,
					"retransmits":	0,
					"snd_cwnd":	1417592,
					"omitted":	false
				}],
			"sum":	{
				"start":	12.0036,
				"end":	13.0003,
				"seconds":	0.99664,
				"bytes":	12451840,
				"bits_per_second":	9.99506e+07,
				"retransmits":	0,
				"omitted":	false
			}
		}, {
			"streams":	[{
					"socket":	4,
					"start":	13.0003,
					"end":	14.0008,
					"seconds":	1.00056,
					"bytes":	12582912,
					"bits_per_second":	1.00607e+08,
					"retransmits":	0,
					"snd_cwnd":	1417592,
					"omitted":	false
				}],
			"sum":	{
				"start":	13.0003,
				"end":	14.0008,
				"seconds":	1.00056,
				"bytes":	12582912,
				"bits_per_second":	1.00607e+08,
				"retransmits":	0,
				"omitted":	false
			}
		}, {
			"streams":	[{
					"socket":	4,
					"start":	14.0008,
					"end":	15.0003,
					"seconds":	0.999472,
					"bytes":	12582912,
					"bits_per_second":	1.00716e+08,
					"retransmits":	0,
					"snd_cwnd":	1423384,
					"omitted":	false
				}],
			"sum":	{
				"start":	14.0008,
				"end":	15.0003,
				"seconds":	0.999472,
				"bytes":	12582912,
				"bits_per_second":	1.00716e+08,
				"retransmits":	0,
				"omitted":	false
			}
		}, {
			"streams":	[{
					"socket":	4,
					"start":	15.0003,
					"end":	16.0003,
					"seconds":	1.00002,
					"bytes":	12320768,
					"bits_per_second":	9.85639e+07,
					"retransmits":	0,
					"snd_cwnd":	1423384,
					"omitted":	false
				}],
			"sum":	{
				"start":	15.0003,
				"end":	16.0003,
				"seconds":	1.00002,
				"bytes":	12320768,
				"bits_per_second":	9.85639e+07,
				"retransmits":	0,
				"omitted":	false
			}
		}, {
			"streams":	[{
					"socket":	4,
					"start":	16.0003,
					"end":	17.0009,
					"seconds":	1.00057,
					"bytes":	12582912,
					"bits_per_second":	1.00606e+08,
					"retransmits":	14,
					"snd_cwnd":	1423384,
					"omitted":	false
				}],
			"sum":	{
				"start":	16.0003,
				"end":	17.0009,
				"seconds":	1.00057,
				"bytes":	12582912,
				"bits_per_second":	1.00606e+08,
				"retransmits":	14,
				"omitted":	false
			}
		}, {
			"streams":	[{
					"socket":	4,
					"start":	17.0009,
					"end":	18.0007,
					"seconds":	0.999827,
					"bytes":	12451840,
					"bits_per_second":	9.9632e+07,
					"retransmits":	0,
					"snd_cwnd":	1423384,
					"omitted":	false
				}],
			"sum":	{
				"start":	17.0009,
				"end":	18.0007,
				"seconds":	0.999827,
				"bytes":	12451840,
				"bits_per_second":	9.9632e+07,
				"retransmits":	0,
				"omitted":	false
			}
		}, {
			"streams":	[{
					"socket":	4,
					"start":	18.0007,
					"end":	19.0004,
					"seconds":	0.999657,
					"bytes":	12451840,
					"bits_per_second":	9.96489e+07,
					"retransmits":	0,
					"snd_cwnd":	1423384,
					"omitted":	false
				}],
			"sum":	{
				"start":	18.0007,
				"end":	19.0004,
				"seconds":	0.999657,
				"bytes":	12451840,
				"bits_per_second":	9.96489e+07,
				"retransmits":	0,
				"omitted":	false
			}
		}, {
			"streams":	[{
					"socket":	4,
					"start":	19.0004,
					"end":	20.0041,
					"seconds":	1.00375,
					"bytes":	12582912,
					"bits_per_second":	1.00288e+08,
					"retransmits":	0,
					"snd_cwnd":	1423384,
					"omitted":	false
				}],
			"sum":	{
				"start":	19.0004,
				"end":	20.0041,
				"seconds":	1.00375,
				"bytes":	12582912,
				"bits_per_second":	1.00288e+08,
				"retransmits":	0,
				"omitted":	false
			}
		}, {
			"streams":	[{
					"socket":	4,
					"start":	20.0041,
					"end":	21.0012,
					"seconds":	0.997107,
					"bytes":	12451840,
					"bits_per_second":	9.99037e+07,
					"retransmits":	0,
					"snd_cwnd":	1423384,
					"omitted":	false
				}],
			"sum":	{
				"start":	20.0041,
				"end":	21.0012,
				"seconds":	0.997107,
				"bytes":	12451840,
				"bits_per_second":	9.99037e+07,
				"retransmits":	0,
				"omitted":	false
			}
		}, {
			"streams":	[{
					"socket":	4,
					"start":	21.0012,
					"end":	22.0006,
					"seconds":	0.999316,
					"bytes":	12582912,
					"bits_per_second":	1.00732e+08,
					"retransmits":	14,
					"snd_cwnd":	1423384,
					"omitted":	false
				}],
			"sum":	{
				"start":	21.0012,
				"end":	22.0006,
				"seconds":	0.999316,
				"bytes":	12582912,
				"bits_per_second":	1.00732e+08,
				"retransmits":	14,
				"omitted":	false
			}
		}, {
			"streams":	[{
					"socket":	4,
					"start":	22.0006,
					"end":	23.001,
					"seconds":	1.00049,
					"bytes":	12451840,
					"bits_per_second":	9.95661e+07,
					"retransmits":	0,
					"snd_cwnd":	1424832,
					"omitted":	false
				}],
			"sum":	{
				"start":	22.0006,
				"end":	23.001,
				"seconds":	1.00049,
				"bytes":	12451840,
				"bits_per_second":	9.95661e+07,
				"retransmits":	0,
				"omitted":	false
			}
		}, {
			"streams":	[{
					"socket":	4,
					"start":	23.001,
					"end":	24.0004,
					"seconds":	0.999386,
					"bytes":	12451840,
					"bits_per_second":	9.96759e+07,
					"retransmits":	0,
					"snd_cwnd":	1424832,
					"omitted":	false
				}],
			"sum":	{
				"start":	23.001,
				"end":	24.0004,
				"seconds":	0.999386,
				"bytes":	12451840,
				"bits_per_second":	9.96759e+07,
				"retransmits":	0,
				"omitted":	false
			}
		}, {
			"streams":	[{
					"socket":	4,
					"start":	24.0004,
					"end":	25.0003,
					"seconds":	0.999821,
					"bytes":	12582912,
					"bits_per_second":	1.00681e+08,
					"retransmits":	0,
					"snd_cwnd":	1424832,
					"omitted":	false
				}],
			"sum":	{
				"start":	24.0004,
				"end":	25.0003,
				"seconds":	0.999821,
				"bytes":	12582912,
				"bits_per_second":	1.00681e+08,
				"retransmits":	0,
				"omitted":	false
			}
		}, {
			"streams":	[{
					"socket":	4,
					"start":	25.0003,
					"end":	26.0008,
					"seconds":	1.00059,
					"bytes":	12451840,
					"bits_per_second":	9.95563e+07,
					"retransmits":	0,
					"snd_cwnd":	1424832,
					"omitted":	false
				}],
			"sum":	{
				"start":	25.0003,
				"end":	26.0008,
				"seconds":	1.00059,
				"bytes":	12451840,
				"bits_per_second":	9.95563e+07,
				"retransmits":	0,
				"omitted":	false
			}
		}, {
			"streams":	[{
					"socket":	4,
					"start":	26.0008,
					"end":	27.0003,
					"seconds":	0.999477,
					"bytes":	12451840,
					"bits_per_second":	9.96669e+07,
					"retransmits":	0,
					"snd_cwnd":	1424832,
					"omitted":	false
				}],
			"sum":	{
				"start":	26.0008,
				"end":	27.0003,
				"seconds":	0.999477,
				"bytes":	12451840,
				"bits_per_second":	9.96669e+07,
				"retransmits":	0,
				"omitted":	false
			}
		}, {
			"streams":	[{
					"socket":	4,
					"start":	27.0003,
					"end":	28.0006,
					"seconds":	1.00032,
					"bytes":	12582912,
					"bits_per_second":	1.00631e+08,
					"retransmits":	0,
					"snd_cwnd":	1426280,
					"omitted":	false
				}],
			"sum":	{
				"start":	27.0003,
				"end":	28.0006,
				"seconds":	1.00032,
				"bytes":	12582912,
				"bits_per_second":	1.00631e+08,
				"retransmits":	0,
				"omitted":	false
			}
		}, {
			"streams":	[{
					"socket":	4,
					"start":	28.0006,
					"end":	29.0003,
					"seconds":	0.999684,
					"bytes":	12451840,
					"bits_per_second":	9.96462e+07,
					"retransmits":	0,
					"snd_cwnd":	1426280,
					"omitted":	false
				}],
			"sum":	{
				"start":	28.0006,
				"end":	29.0003,
				"seconds":	0.999684,
				"bytes":	12451840,
				"bits_per_second":	9.96462e+07,
				"retransmits":	0,
				"omitted":	false
			}
		}, {
			"streams":	[{
					"socket":	4,
					"start":	29.0003,
					"end":	30.0011,
					"seconds":	1.00081,
					"bytes":	12451840,
					"bits_per_second":	9.95343e+07,
					"retransmits":	0,
					"snd_cwnd":	1427728,
					"omitted":	false
				}],
			"sum":	{
				"start":	29.0003,
				"end":	30.0011,
				"seconds":	1.00081,
				"bytes":	12451840,
				"bits_per_second":	9.95343e+07,
				"retransmits":	0,
				"omitted":	false
			}
		}, {
			"streams":	[{
					"socket":	4,
					"start":	30.0011,
					"end":	31.0003,
					"seconds":	0.999177,
					"bytes":	12582912,
					"bits_per_second":	1.00746e+08,
					"retransmits":	1,
					"snd_cwnd":	1427728,
					"omitted":	false
				}],
			"sum":	{
				"start":	30.0011,
				"end":	31.0003,
				"seconds":	0.999177,
				"bytes":	12582912,
				"bits_per_second":	1.00746e+08,
				"retransmits":	1,
				"omitted":	false
			}
		}, {
			"streams":	[{
					"socket":	4,
					"start":	31.0003,
					"end":	32.0005,
					"seconds":	1.00018,
					"bytes":	12451840,
					"bits_per_second":	9.95963e+07,
					"retransmits":	0,
					"snd_cwnd":	1427728,
					"omitted":	false
				}],
			"sum":	{
				"start":	31.0003,
				"end":	32.0005,
				"seconds":	1.00018,
				"bytes":	12451840,
				"bits_per_second":	9.95963e+07,
				"retransmits":	0,
				"omitted":	false
			}
		}, {
			"streams":	[{
					"socket":	4,
					"start":	32.0005,
					"end":	33.0004,
					"seconds":	0.999912,
					"bytes":	12582912,
					"bits_per_second":	1.00672e+08,
					"retransmits":	0,
					"snd_cwnd":	1427728,
					"omitted":	false
				}],
			"sum":	{
				"start":	32.0005,
				"end":	33.0004,
				"seconds":	0.999912,
				"bytes":	12582912,
				"bits_per_second":	1.00672e+08,
				"retransmits":	0,
				"omitted":	false
			}
		}, {
			"streams":	[{
					"socket":	4,
					"start":	33.0004,
					"end":	34.0004,
					"seconds":	0.999978,
					"bytes":	12451840,
					"bits_per_second":	9.96169e+07,
					"retransmits":	0,
					"snd_cwnd":	1427728,
					"omitted":	false
				}],
			"sum":	{
				"start":	33.0004,
				"end":	34.0004,
				"seconds":	0.999978,
				"bytes":	12451840,
				"bits_per_second":	9.96169e+07,
				"retransmits":	0,
				"omitted":	false
			}
		}, {
			"streams":	[{
					"socket":	4,
					"start":	34.0004,
					"end":	35.0004,
					"seconds":	1.00005,
					"bytes":	12451840,
					"bits_per_second":	9.96096e+07,
					"retransmits":	0,
					"snd_cwnd":	1427728,
					"omitted":	false
				}],
			"sum":	{
				"start":	34.0004,
				"end":	35.0004,
				"seconds":	1.00005,
				"bytes":	12451840,
				"bits_per_second":	9.96096e+07,
				"retransmits":	0,
				"omitted":	false
			}
		}, {
			"streams":	[{
					"socket":	4,
					"start":	35.0004,
					"end":	36.0003,
					"seconds":	0.999825,
					"bytes":	12582912,
					"bits_per_second":	1.00681e+08,
					"retransmits":	0,
					"snd_cwnd":	1427728,
					"omitted":	false
				}],
			"sum":	{
				"start":	35.0004,
				"end":	36.0003,
				"seconds":	0.999825,
				"bytes":	12582912,
				"bits_per_second":	1.00681e+08,
				"retransmits":	0,
				"omitted":	false
			}
		}, {
			"streams":	[{
					"socket":	4,
					"start":	36.0003,
					"end":	37.0002,
					"seconds":	0.999934,
					"bytes":	12451840,
					"bits_per_second":	9.96213e+07,
					"retransmits":	0,
					"snd_cwnd":	1427728,
					"omitted":	false
				}],
			"sum":	{
				"start":	36.0003,
				"end":	37.0002,
				"seconds":	0.999934,
				"bytes":	12451840,
				"bits_per_second":	9.96213e+07,
				"retransmits":	0,
				"omitted":	false
			}
		}, {
			"streams":	[{
					"socket":	4,
					"start":	37.0002,
					"end":	38.0003,
					"seconds":	1.00012,
					"bytes":	12451840,
					"bits_per_second":	9.96033e+07,
					"retransmits":	0,
					"snd_cwnd":	1427728,
					"omitted":	false
				}],
			"sum":	{
				"start":	37.0002,
				"end":	38.0003,
				"seconds":	1.00012,
				"bytes":	12451840,
				"bits_per_second":	9.96033e+07,
				"retransmits":	0,
				"omitted":	false
			}
		}, {
			"streams":	[{
					"socket":	4,
					"start":	38.0003,
					"end":	39.0028,
					"seconds":	1.00247,
					"bytes":	12582912,
					"bits_per_second":	1.00416e+08,
					"retransmits":	0,
					"snd_cwnd":	1427728,
					"omitted":	false
				}],
			"sum":	{
				"start":	38.0003,
				"end":	39.0028,
				"seconds":	1.00247,
				"bytes":	12582912,
				"bits_per_second":	1.00416e+08,
				"retransmits":	0,
				"omitted":	false
			}
		}, {
			"streams":	[{
					"socket":	4,
					"start":	39.0028,
					"end":	40.0004,
					"seconds":	0.997664,
					"bytes":	12451840,
					"bits_per_second":	9.9848e+07,
					"retransmits":	0,
					"snd_cwnd":	1427728,
					"omitted":	false
				}],
			"sum":	{
				"start":	39.0028,
				"end":	40.0004,
				"seconds":	0.997664,
				"bytes":	12451840,
				"bits_per_second":	9.9848e+07,
				"retransmits":	0,
				"omitted":	false
			}
		}, {
			"streams":	[{
					"socket":	4,
					"start":	40.0004,
					"end":	41.0008,
					"seconds":	1.00032,
					"bytes":	12451840,
					"bits_per_second":	9.95831e+07,
					"retransmits":	0,
					"snd_cwnd":	1427728,
					"omitted":	false
				}],
			"sum":	{
				"start":	40.0004,
				"end":	41.0008,
				"seconds":	1.00032,
				"bytes":	12451840,
				"bits_per_second":	9.95831e+07,
				"retransmits":	0,
				"omitted":	false
			}
		}, {
			"streams":	[{
					"socket":	4,
					"start":	41.0008,
					"end":	42.0007,
					"seconds":	0.999913,
					"bytes":	12582912,
					"bits_per_second":	1.00672e+08,
					"retransmits":	0,
					"snd_cwnd":	1427728,
					"omitted":	false
				}],
			"sum":	{
				"start":	41.0008,
				"end":	42.0007,
				"seconds":	0.999913,
				"bytes":	12582912,
				"bits_per_second":	1.00672e+08,
				"retransmits":	0,
				"omitted":	false
			}
		}, {
			"streams":	[{
					"socket":	4,
					"start":	42.0007,
					"end":	43.0001,
					"seconds":	0.99942,
					"bytes":	12451840,
					"bits_per_second":	9.96725e+07,
					"retransmits":	0,
					"snd_cwnd":	1427728,
					"omitted":	false
				}],
			"sum":	{
				"start":	42.0007,
				"end":	43.0001,
				"seconds":	0.99942,
				"bytes":	12451840,
				"bits_per_second":	9.96725e+07,
				"retransmits":	0,
				"omitted":	false
			}
		}, {
			"streams":	[{
					"socket":	4,
					"start":	43.0001,
					"end":	44.0008,
					"seconds":	1.00074,
					"bytes":	12582912,
					"bits_per_second":	1.00589e+08,
					"retransmits":	0,
					"snd_cwnd":	1427728,
					"omitted":	false
				}],
			"sum":	{
				"start":	43.0001,
				"end":	44.0008,
				"seconds":	1.00074,
				"bytes":	12582912,
				"bits_per_second":	1.00589e+08,
				"retransmits":	0,
				"omitted":	false
			}
		}, {
			"streams":	[{
					"socket":	4,
					"start":	44.0008,
					"end":	45.0003,
					"seconds":	0.999432,
					"bytes":	12451840,
					"bits_per_second":	9.96713e+07,
					"retransmits":	0,
					"snd_cwnd":	1427728,
					"omitted":	false
				}],
			"sum":	{
				"start":	44.0008,
				"end":	45.0003,
				"seconds":	0.999432,
				"bytes":	12451840,
				"bits_per_second":	9.96713e+07,
				"retransmits":	0,
				"omitted":	false
			}
		}, {
			"streams":	[{
					"socket":	4,
					"start":	45.0003,
					"end":	46.0007,
					"seconds":	1.00039,
					"bytes":	12451840,
					"bits_per_second":	9.95763e+07,
					"retransmits":	0,
					"snd_cwnd":	1427728,
					"omitted":	false
				}],
			"sum":	{
				"start":	45.0003,
				"end":	46.0007,
				"seconds":	1.00039,
				"bytes":	12451840,
				"bits_per_second":	9.95763e+07,
				"retransmits":	0,
				"omitted":	false
			}
		}, {
			"streams":	[{
					"socket":	4,
					"start":	46.0007,
					"end":	47.0006,
					"seconds":	0.999937,
					"bytes":	12582912,
					"bits_per_second":	1.0067e+08,
					"retransmits":	0,
					"snd_cwnd":	1427728,
					"omitted":	false
				}],
			"sum":	{
				"start":	46.0007,
				"end":	47.0006,
				"seconds":	0.999937,
				"bytes":	12582912,
				"bits_per_second":	1.0067e+08,
				"retransmits":	0,
				"omitted":	false
			}
		}],
	"end":	{
		"streams":	[{
				"sender":	{
					"socket":	4,
					"start":	0,
					"end":	47.0006,
					"seconds":	47.0006,
					"bytes":	586384912,
					"bits_per_second":	9.98089e+07,
					"retransmits":	50
				},
				"receiver":	{
					"socket":	4,
					"start":	0,
					"end":	47.0006,
					"seconds":	47.0006,
					"bytes":	586384912,
					"bits_per_second":	9.98089e+07
				}
			}],
		"sum_sent":	{
			"start":	0,
			"end":	47.0006,
			"seconds":	47.0006,
			"bytes":	586384912,
			"bits_per_second":	9.98089e+07,
			"retransmits":	50
		},
		"sum_received":	{
			"start":	0,
			"end":	47.0006,
			"seconds":	47.0006,
			"bytes":	586384912,
			"bits_per_second":	9.98089e+07
		},
		"cpu_utilization_percent":	{
			"host_total":	2.09467,
			"host_user":	0.0554544,
			"host_system":	2.0392,
			"remote_total":	5.06809,
			"remote_user":	0.280762,
			"remote_system":	4.78733
		}
	}
}
