{
	"start":	{
		"connected":	[{
				"socket":	5,
				"local_host":	"10.0.0.1",
				"local_port":	44566,
				"remote_host":	"10.0.0.12",
				"remote_port":	2306
			}],
		"version":	"iperf 3.7",
		"system_info":	"Linux H1 5.4.197-0504197-generic #202206060747 SMP Mon Jun 6 09:27:47 UTC 2022 x86_64",
		"timestamp":	{
			"time":	"Mon, 01 Aug 2022 00:25:36 GMT",
			"timesecs":	1659313536
		},
		"connecting_to":	{
			"host":	"10.0.0.12",
			"port":	2306
		},
		"cookie":	"6x4s5t27b3kzcsjdcw3rjtaal4u42rw3cxmh",
		"tcp_mss_default":	1448,
		"target_bitrate":	15000000,
		"sock_bufsize":	0,
		"sndbuf_actual":	87380,
		"rcvbuf_actual":	87380,
		"test_start":	{
			"protocol":	"TCP",
			"num_streams":	1,
			"blksize":	131072,
			"omit":	0,
			"duration":	5,
			"bytes":	0,
			"blocks":	0,
			"reverse":	0,
			"tos":	0
		}
	},
	"intervals":	[{
			"streams":	[{
					"socket":	5,
					"start":	0,
					"end":	1.000974,
					"seconds":	1.0009740591049194,
					"bytes":	1966080,
					"bits_per_second":	15713334.283672346,
					"retransmits":	0,
					"snd_cwnd":	89776,
					"rtt":	4092,
					"rttvar":	1391,
					"pmtu":	1500,
					"omitted":	false,
					"sender":	true
				}],
			"sum":	{
				"start":	0,
				"end":	1.000974,
				"seconds":	1.0009740591049194,
				"bytes":	1966080,
				"bits_per_second":	15713334.283672346,
				"retransmits":	0,
				"omitted":	false,
				"sender":	true
			}
		}, {
			"streams":	[{
					"socket":	5,
					"start":	1.000974,
					"end":	2.000809,
					"seconds":	0.99983501434326172,
					"bytes":	1835008,
					"bits_per_second":	14682486.399661198,
					"retransmits":	0,
					"snd_cwnd":	97016,
					"rtt":	4722,
					"rttvar":	1607,
					"pmtu":	1500,
					"omitted":	false,
					"sender":	true
				}],
			"sum":	{
				"start":	1.000974,
				"end":	2.000809,
				"seconds":	0.99983501434326172,
				"bytes":	1835008,
				"bits_per_second":	14682486.399661198,
				"retransmits":	0,
				"omitted":	false,
				"sender":	true
			}
		}, {
			"streams":	[{
					"socket":	5,
					"start":	2.000809,
					"end":	3.000522,
					"seconds":	0.99971300363540649,
					"bytes":	1835008,
					"bits_per_second":	14684278.334498681,
					"retransmits":	0,
					"snd_cwnd":	107152,
					"rtt":	4306,
					"rttvar":	1500,
					"pmtu":	1500,
					"omitted":	false,
					"sender":	true
				}],
			"sum":	{
				"start":	2.000809,
				"end":	3.000522,
				"seconds":	0.99971300363540649,
				"bytes":	1835008,
				"bits_per_second":	14684278.334498681,
				"retransmits":	0,
				"omitted":	false,
				"sender":	true
			}
		}, {
			"streams":	[{
					"socket":	5,
					"start":	3.000522,
					"end":	4.00077,
					"seconds":	1.0002479553222656,
					"bytes":	1966080,
					"bits_per_second":	15724740.966786036,
					"retransmits":	0,
					"snd_cwnd":	107152,
					"rtt":	4339,
					"rttvar":	2025,
					"pmtu":	1500,
					"omitted":	false,
					"sender":	true
				}],
			"sum":	{
				"start":	3.000522,
				"end":	4.00077,
				"seconds":	1.0002479553222656,
				"bytes":	1966080,
				"bits_per_second":	15724740.966786036,
				"retransmits":	0,
				"omitted":	false,
				"sender":	true
			}
		}, {
			"streams":	[{
					"socket":	5,
					"start":	4.00077,
					"end":	5.000751,
					"seconds":	0.99998098611831665,
					"bytes":	1835008,
					"bits_per_second":	14680343.13030735,
					"retransmits":	0,
					"snd_cwnd":	107152,
					"rtt":	4441,
					"rttvar":	1678,
					"pmtu":	1500,
					"omitted":	false,
					"sender":	true
				}],
			"sum":	{
				"start":	4.00077,
				"end":	5.000751,
				"seconds":	0.99998098611831665,
				"bytes":	1835008,
				"bits_per_second":	14680343.13030735,
				"retransmits":	0,
				"omitted":	false,
				"sender":	true
			}
		}],
	"end":	{
		"streams":	[{
				"sender":	{
					"socket":	5,
					"start":	0,
					"end":	5.000751,
					"seconds":	5.000751,
					"bytes":	9437184,
					"bits_per_second":	15097226.79653516,
					"retransmits":	0,
					"max_snd_cwnd":	107152,
					"max_rtt":	4722,
					"min_rtt":	4092,
					"mean_rtt":	4380,
					"sender":	true
				},
				"receiver":	{
					"socket":	5,
					"start":	0,
					"end":	5.000845,
					"seconds":	5.000751,
					"bytes":	9437184,
					"bits_per_second":	15096943.016630189,
					"sender":	true
				}
			}],
		"sum_sent":	{
			"start":	0,
			"end":	5.000751,
			"seconds":	5.000751,
			"bytes":	9437184,
			"bits_per_second":	15097226.79653516,
			"retransmits":	0,
			"sender":	true
		},
		"sum_received":	{
			"start":	0,
			"end":	5.000845,
			"seconds":	5.000845,
			"bytes":	9437184,
			"bits_per_second":	15096943.016630189,
			"sender":	true
		},
		"cpu_utilization_percent":	{
			"host_total":	6.3371244182711575,
			"host_user":	0.85871521493862679,
			"host_system":	5.4784092033325305,
			"remote_total":	2.364146858855364,
			"remote_user":	2.364146858855364,
			"remote_system":	0
		},
		"sender_tcp_congestion":	"cubic",
		"receiver_tcp_congestion":	"cubic"
	}
}
