{
	"start":	{
		"connected":	[{
				"socket":	5,
				"local_host":	"10.0.0.3",
				"local_port":	56624,
				"remote_host":	"10.0.0.7",
				"remote_port":	3334
			}],
		"version":	"iperf 3.7",
		"system_info":	"Linux H3 5.4.197-0504197-generic #202206060747 SMP Mon Jun 6 09:27:47 UTC 2022 x86_64",
		"timestamp":	{
			"time":	"Mon, 01 Aug 2022 00:26:18 GMT",
			"timesecs":	1659313578
		},
		"connecting_to":	{
			"host":	"10.0.0.7",
			"port":	3334
		},
		"cookie":	"76al4gxbzfpak7ht4ocl7zzulcn2sx5hcr2e",
		"tcp_mss_default":	1448,
		"target_bitrate":	15000000,
		"sock_bufsize":	0,
		"sndbuf_actual":	87380,
		"rcvbuf_actual":	87380,
		"test_start":	{
			"protocol":	"TCP",
			"num_streams":	1,
			"blksize":	131072,
			"omit":	0,
			"duration":	5,
			"bytes":	0,
			"blocks":	0,
			"reverse":	0,
			"tos":	0
		}
	},
	"intervals":	[{
			"streams":	[{
					"socket":	5,
					"start":	0,
					"end":	1.001187,
					"seconds":	1.0011869668960571,
					"bytes":	1966080,
					"bits_per_second":	15709992.758658176,
					"retransmits":	0,
					"snd_cwnd":	81088,
					"rtt":	4196,
					"rttvar":	1811,
					"pmtu":	1500,
					"omitted":	false,
					"sender":	true
				}],
			"sum":	{
				"start":	0,
				"end":	1.001187,
				"seconds":	1.0011869668960571,
				"bytes":	1966080,
				"bits_per_second":	15709992.758658176,
				"retransmits":	0,
				"omitted":	false,
				"sender":	true
			}
		}, {
			"streams":	[{
					"socket":	5,
					"start":	1.001187,
					"end":	2.000864,
					"seconds":	0.99967700242996216,
					"bytes":	1835008,
					"bits_per_second":	14684807.157028195,
					"retransmits":	14,
					"snd_cwnd":	65160,
					"rtt":	4456,
					"rttvar":	1393,
					"pmtu":	1500,
					"omitted":	false,
					"sender":	true
				}],
			"sum":	{
				"start":	1.001187,
				"end":	2.000864,
				"seconds":	0.99967700242996216,
				"bytes":	1835008,
				"bits_per_second":	14684807.157028195,
				"retransmits":	14,
				"omitted":	false,
				"sender":	true
			}
		}, {
			"streams":	[{
					"socket":	5,
					"start":	2.000864,
					"end":	3.000332,
					"seconds":	0.99946802854537964,
					"bytes":	1835008,
					"bits_per_second":	14687877.531575758,
					"retransmits":	0,
					"snd_cwnd":	69504,
					"rtt":	5099,
					"rttvar":	1219,
					"pmtu":	1500,
					"omitted":	false,
					"sender":	true
				}],
			"sum":	{
				"start":	2.000864,
				"end":	3.000332,
				"seconds":	0.99946802854537964,
				"bytes":	1835008,
				"bits_per_second":	14687877.531575758,
				"retransmits":	0,
				"omitted":	false,
				"sender":	true
			}
		}, {
			"streams":	[{
					"socket":	5,
					"start":	3.000332,
					"end":	4.00034,
					"seconds":	1.0000079870224,
					"bytes":	1966080,
					"bits_per_second":	15728514.376003362,
					"retransmits":	0,
					"snd_cwnd":	73848,
					"rtt":	5297,
					"rttvar":	1507,
					"pmtu":	1500,
					"omitted":	false,
					"sender":	true
				}],
			"sum":	{
				"start":	3.000332,
				"end":	4.00034,
				"seconds":	1.0000079870224,
				"bytes":	1966080,
				"bits_per_second":	15728514.376003362,
				"retransmits":	0,
				"omitted":	false,
				"sender":	true
			}
		}, {
			"streams":	[{
					"socket":	5,
					"start":	4.00034,
					"end":	5.001273,
					"seconds":	1.000933051109314,
					"bytes":	1835008,
					"bits_per_second":	14666379.518320812,
					"retransmits":	0,
					"snd_cwnd":	76744,
					"rtt":	4971,
					"rttvar":	1432,
					"pmtu":	1500,
					"omitted":	false,
					"sender":	true
				}],
			"sum":	{
				"start":	4.00034,
				"end":	5.001273,
				"seconds":	1.000933051109314,
				"bytes":	1835008,
				"bits_per_second":	14666379.518320812,
				"retransmits":	0,
				"omitted":	false,
				"sender":	true
			}
		}],
	"end":	{
		"streams":	[{
				"sender":	{
					"socket":	5,
					"start":	0,
					"end":	5.001273,
					"seconds":	5.001273,
					"bytes":	9437184,
					"bits_per_second":	15095651.047243372,
					"retransmits":	14,
					"max_snd_cwnd":	81088,
					"max_rtt":	5297,
					"min_rtt":	4196,
					"mean_rtt":	4803,
					"sender":	true
				},
				"receiver":	{
					"socket":	5,
					"start":	0,
					"end":	5.001376,
					"seconds":	5.001273,
					"bytes":	9437184,
					"bits_per_second":	15095340.162387311,
					"sender":	true
				}
			}],
		"sum_sent":	{
			"start":	0,
			"end":	5.001273,
			"seconds":	5.001273,
			"bytes":	9437184,
			"bits_per_second":	15095651.047243372,
			"retransmits":	14,
			"sender":	true
		},
		"sum_received":	{
			"start":	0,
			"end":	5.001376,
			"seconds":	5.001376,
			"bytes":	9437184,
			"bits_per_second":	15095340.162387311,
			"sender":	true
		},
		"cpu_utilization_percent":	{
			"host_total":	5.2970155165323032,
			"host_user":	0,
			"host_system":	5.2970155165323032,
			"remote_total":	1.8998210848492032,
			"remote_user":	0,
			"remote_system":	1.8998011300030291
		},
		"sender_tcp_congestion":	"cubic",
		"receiver_tcp_congestion":	"cubic"
	}
}
