{
	"start":	{
		"connected":	[{
				"socket":	4,
				"local_host":	"10.0.0.2",
				"local_port":	51064,
				"remote_host":	"10.0.0.19",
				"remote_port":	1587
			}],
		"version":	"iperf 3.0.7",
		"system_info":	"Linux BS2 5.4.197-0504197-generic #202206060747 SMP Mon Jun 6 09:27:47 UTC 2022 x86_64 x86_64 x86_64 GNU/Linux\n",
		"timestamp":	{
			"time":	"Mon, 25 Jul 2022 21:47:02 GMT",
			"timesecs":	1658785622
		},
		"connecting_to":	{
			"host":	"10.0.0.19",
			"port":	1587
		},
		"cookie":	"BS2.1658785622.650110.629065495b825a",
		"test_start":	{
			"protocol":	"UDP",
			"num_streams":	1,
			"blksize":	8192,
			"omit":	0,
			"duration":	20,
			"bytes":	0,
			"blocks":	0,
			"reverse":	0
		}
	},
	"intervals":	[{
			"streams":	[{
					"socket":	4,
					"start":	0,
					"end":	1.00394,
					"seconds":	1.00394,
					"bytes":	5668864,
					"bits_per_second":	4.5173e+07,
					"packets":	692,
					"omitted":	false
				}],
			"sum":	{
				"start":	0,
				"end":	1.00394,
				"seconds":	1.00394,
				"bytes":	5668864,
				"bits_per_second":	4.5173e+07,
				"packets":	692,
				"omitted":	false
			}
		}, {
			"streams":	[{
					"socket":	4,
					"start":	1.00394,
					"end":	2.00053,
					"seconds":	0.996589,
					"bytes":	6471680,
					"bits_per_second":	5.19506e+07,
					"packets":	790,
					"omitted":	false
				}],
			"sum":	{
				"start":	1.00394,
				"end":	2.00053,
				"seconds":	0.996589,
				"bytes":	6471680,
				"bits_per_second":	5.19506e+07,
				"packets":	790,
				"omitted":	false
			}
		}, {
			"streams":	[{
					"socket":	4,
					"start":	2.00053,
					"end":	3.10198,
					"seconds":	1.10145,
					"bytes":	4562944,
					"bits_per_second":	3.31412e+07,
					"packets":	557,
					"omitted":	false
				}],
			"sum":	{
				"start":	2.00053,
				"end":	3.10198,
				"seconds":	1.10145,
				"bytes":	4562944,
				"bits_per_second":	3.31412e+07,
				"packets":	557,
				"omitted":	false
			}
		}, {
			"streams":	[{
					"socket":	4,
					"start":	3.10198,
					"end":	4.00303,
					"seconds":	0.901044,
					"bytes":	6283264,
					"bits_per_second":	5.57865e+07,
					"packets":	767,
					"omitted":	false
				}],
			"sum":	{
				"start":	3.10198,
				"end":	4.00303,
				"seconds":	0.901044,
				"bytes":	6283264,
				"bits_per_second":	5.57865e+07,
				"packets":	767,
				"omitted":	false
			}
		}, {
			"streams":	[{
					"socket":	4,
					"start":	4.00303,
					"end":	5.02448,
					"seconds":	1.02145,
					"bytes":	4734976,
					"bits_per_second":	3.70842e+07,
					"packets":	578,
					"omitted":	false
				}],
			"sum":	{
				"start":	4.00303,
				"end":	5.02448,
				"seconds":	1.02145,
				"bytes":	4734976,
				"bits_per_second":	3.70842e+07,
				"packets":	578,
				"omitted":	false
			}
		}, {
			"streams":	[{
					"socket":	4,
					"start":	5.02448,
					"end":	6.02996,
					"seconds":	1.00548,
					"bytes":	1490944,
					"bits_per_second":	1.18625e+07,
					"packets":	182,
					"omitted":	false
				}],
			"sum":	{
				"start":	5.02448,
				"end":	6.02996,
				"seconds":	1.00548,
				"bytes":	1490944,
				"bits_per_second":	1.18625e+07,
				"packets":	182,
				"omitted":	false
			}
		}, {
			"streams":	[{
					"socket":	4,
					"start":	6.02996,
					"end":	7.00059,
					"seconds":	0.970635,
					"bytes":	2547712,
					"bits_per_second":	2.09983e+07,
					"packets":	311,
					"omitted":	false
				}],
			"sum":	{
				"start":	6.02996,
				"end":	7.00059,
				"seconds":	0.970635,
				"bytes":	2547712,
				"bits_per_second":	2.09983e+07,
				"packets":	311,
				"omitted":	false
			}
		}, {
			"streams":	[{
					"socket":	4,
					"start":	7.00059,
					"end":	8.00206,
					"seconds":	1.00147,
					"bytes":	5316608,
					"bits_per_second":	4.24706e+07,
					"packets":	649,
					"omitted":	false
				}],
			"sum":	{
				"start":	7.00059,
				"end":	8.00206,
				"seconds":	1.00147,
				"bytes":	5316608,
				"bits_per_second":	4.24706e+07,
				"packets":	649,
				"omitted":	false
			}
		}, {
			"streams":	[{
					"socket":	4,
					"start":	8.00206,
					"end":	9.00888,
					"seconds":	1.00681,
					"bytes":	3350528,
					"bits_per_second":	2.66228e+07,
					"packets":	409,
					"omitted":	false
				}],
			"sum":	{
				"start":	8.00206,
				"end":	9.00888,
				"seconds":	1.00681,
				"bytes":	3350528,
				"bits_per_second":	2.66228e+07,
				"packets":	409,
				"omitted":	false
			}
		}, {
			"streams":	[{
					"socket":	4,
					"start":	9.00888,
					"end":	10.0056,
					"seconds":	0.996758,
					"bytes":	3375104,
					"bits_per_second":	2.70887e+07,
					"packets":	412,
					"omitted":	false
				}],
			"sum":	{
				"start":	9.00888,
				"end":	10.0056,
				"seconds":	0.996758,
				"bytes":	3375104,
				"bits_per_second":	2.70887e+07,
				"packets":	412,
				"omitted":	false
			}
		}, {
			"streams":	[{
					"socket":	4,
					"start":	10.0056,
					"end":	11,
					"seconds":	0.994402,
					"bytes":	4128768,
					"bits_per_second":	3.32161e+07,
					"packets":	504,
					"omitted":	false
				}],
			"sum":	{
				"start":	10.0056,
				"end":	11,
				"seconds":	0.994402,
				"bytes":	4128768,
				"bits_per_second":	3.32161e+07,
				"packets":	504,
				"omitted":	false
			}
		}, {
			"streams":	[{
					"socket":	4,
					"start":	11,
					"end":	12.0003,
					"seconds":	1.0003,
					"bytes":	4980736,
					"bits_per_second":	3.9834e+07,
					"packets":	608,
					"omitted":	false
				}],
			"sum":	{
				"start":	11,
				"end":	12.0003,
				"seconds":	1.0003,
				"bytes":	4980736,
				"bits_per_second":	3.9834e+07,
				"packets":	608,
				"omitted":	false
			}
		}, {
			"streams":	[{
					"socket":	4,
					"start":	12.0003,
					"end":	13.0213,
					"seconds":	1.02101,
					"bytes":	1523712,
					"bits_per_second":	1.19389e+07,
					"packets":	186,
					"omitted":	false
				}],
			"sum":	{
				"start":	12.0003,
				"end":	13.0213,
				"seconds":	1.02101,
				"bytes":	1523712,
				"bits_per_second":	1.19389e+07,
				"packets":	186,
				"omitted":	false
			}
		}, {
			"streams":	[{
					"socket":	4,
					"start":	13.0213,
					"end":	14.0241,
					"seconds":	1.00275,
					"bytes":	5029888,
					"bits_per_second":	4.01287e+07,
					"packets":	614,
					"omitted":	false
				}],
			"sum":	{
				"start":	13.0213,
				"end":	14.0241,
				"seconds":	1.00275,
				"bytes":	5029888,
				"bits_per_second":	4.01287e+07,
				"packets":	614,
				"omitted":	false
			}
		}, {
			"streams":	[{
					"socket":	4,
					"start":	14.0241,
					"end":	15.0359,
					"seconds":	1.01181,
					"bytes":	5963776,
					"bits_per_second":	4.71535e+07,
					"packets":	728,
					"omitted":	false
				}],
			"sum":	{
				"start":	14.0241,
				"end":	15.0359,
				"seconds":	1.01181,
				"bytes":	5963776,
				"bits_per_second":	4.71535e+07,
				"packets":	728,
				"omitted":	false
			}
		}, {
			"streams":	[{
					"socket":	4,
					"start":	15.0359,
					"end":	16.0126,
					"seconds":	0.976662,
					"bytes":	6979584,
					"bits_per_second":	5.71709e+07,
					"packets":	852,
					"omitted":	false
				}],
			"sum":	{
				"start":	15.0359,
				"end":	16.0126,
				"seconds":	0.976662,
				"bytes":	6979584,
				"bits_per_second":	5.71709e+07,
				"packets":	852,
				"omitted":	false
			}
		}, {
			"streams":	[{
					"socket":	4,
					"start":	16.0126,
					"end":	17.0215,
					"seconds":	1.00893,
					"bytes":	9396224,
					"bits_per_second":	7.45045e+07,
					"packets":	1147,
					"omitted":	false
				}],
			"sum":	{
				"start":	16.0126,
				"end":	17.0215,
				"seconds":	1.00893,
				"bytes":	9396224,
				"bits_per_second":	7.45045e+07,
				"packets":	1147,
				"omitted":	false
			}
		}, {
			"streams":	[{
					"socket":	4,
					"start":	17.0215,
					"end":	18,
					"seconds":	0.978518,
					"bytes":	7618560,
					"bits_per_second":	6.22865e+07,
					"packets":	930,
					"omitted":	false
				}],
			"sum":	{
				"start":	17.0215,
				"end":	18,
				"seconds":	0.978518,
				"bytes":	7618560,
				"bits_per_second":	6.22865e+07,
				"packets":	930,
				"omitted":	false
			}
		}, {
			"streams":	[{
					"socket":	4,
					"start":	18,
					"end":	19.0042,
					"seconds":	1.00414,
					"bytes":	9920512,
					"bits_per_second":	7.90367e+07,
					"packets":	1211,
					"omitted":	false
				}],
			"sum":	{
				"start":	18,
				"end":	19.0042,
				"seconds":	1.00414,
				"bytes":	9920512,
				"bits_per_second":	7.90367e+07,
				"packets":	1211,
				"omitted":	false
			}
		}, {
			"streams":	[{
					"socket":	4,
					"start":	19.0042,
					"end":	20.0013,
					"seconds":	0.997188,
					"bytes":	10280960,
					"bits_per_second":	8.24796e+07,
					"packets":	1255,
					"omitted":	false
				}],
			"sum":	{
				"start":	19.0042,
				"end":	20.0013,
				"seconds":	0.997188,
				"bytes":	10280960,
				"bits_per_second":	8.24796e+07,
				"packets":	1255,
				"omitted":	false
			}
		}],
	"end":	{
		"streams":	[{
				"udp":	{
					"socket":	4,
					"start":	0,
					"end":	20.0013,
					"seconds":	20.0013,
					"bytes":	109625344,
					"bits_per_second":	4.38472e+07,
					"jitter_ms":	2.29732,
					"lost_packets":	3861,
					"packets":	13382,
					"lost_percent":	28.8522
				}
			}],
		"sum":	{
			"start":	0,
			"end":	20.0013,
			"seconds":	20.0013,
			"bytes":	109625344,
			"bits_per_second":	4.38472e+07,
			"jitter_ms":	2.29732,
			"lost_packets":	3861,
			"packets":	13382,
			"lost_percent":	28.8522
		},
		"cpu_utilization_percent":	{
			"host_total":	18.0227,
			"host_user":	0.471385,
			"host_system":	17.5513,
			"remote_total":	8.88682,
			"remote_user":	2.03741,
			"remote_system":	6.8494
		}
	}
}
