{
	"start":	{
		"connected":	[{
				"socket":	4,
				"local_host":	"10.0.0.4",
				"local_port":	43840,
				"remote_host":	"10.0.0.11",
				"remote_port":	2420
			}],
		"version":	"iperf 3.0.7",
		"system_info":	"Linux BS4 5.4.197-0504197-generic #202206060747 SMP Mon Jun 6 09:27:47 UTC 2022 x86_64 x86_64 x86_64 GNU/Linux\n",
		"timestamp":	{
			"time":	"Mon, 25 Jul 2022 21:46:08 GMT",
			"timesecs":	1658785568
		},
		"connecting_to":	{
			"host":	"10.0.0.11",
			"port":	2420
		},
		"cookie":	"BS4.1658785568.905661.553fa5195aef8c",
		"tcp_mss_default":	1448,
		"test_start":	{
			"protocol":	"TCP",
			"num_streams":	1,
			"blksize":	131072,
			"omit":	0,
			"duration":	3,
			"bytes":	0,
			"blocks":	0,
			"reverse":	0
		}
	},
	"intervals":	[{
			"streams":	[{
					"socket":	4,
					"start":	0,
					"end":	1.0003,
					"seconds":	1.0003,
					"bytes":	11351832,
					"bits_per_second":	9.07874e+07,
					"retransmits":	0,
					"snd_cwnd":	676216,
					"omitted":	false
				}],
			"sum":	{
				"start":	0,
				"end":	1.0003,
				"seconds":	1.0003,
				"bytes":	11351832,
				"bits_per_second":	9.07874e+07,
				"retransmits":	0,
				"omitted":	false
			}
		}, {
			"streams":	[{
					"socket":	4,
					"start":	1.0003,
					"end":	2.00033,
					"seconds":	1.00003,
					"bytes":	12451840,
					"bits_per_second":	9.96119e+07,
					"retransmits":	0,
					"snd_cwnd":	1191704,
					"omitted":	false
				}],
			"sum":	{
				"start":	1.0003,
				"end":	2.00033,
				"seconds":	1.00003,
				"bytes":	12451840,
				"bits_per_second":	9.96119e+07,
				"retransmits":	0,
				"omitted":	false
			}
		}, {
			"streams":	[{
					"socket":	4,
					"start":	2.00033,
					"end":	3.00023,
					"seconds":	0.999902,
					"bytes":	12582912,
					"bits_per_second":	1.00673e+08,
					"retransmits":	1,
					"snd_cwnd":	1323472,
					"omitted":	false
				}],
			"sum":	{
				"start":	2.00033,
				"end":	3.00023,
				"seconds":	0.999902,
				"bytes":	12582912,
				"bits_per_second":	1.00673e+08,
				"retransmits":	1,
				"omitted":	false
			}
		}],
	"end":	{
		"streams":	[{
				"sender":	{
					"socket":	4,
					"start":	0,
					"end":	3.00023,
					"seconds":	3.00023,
					"bytes":	36386584,
					"bits_per_second":	9.70234e+07,
					"retransmits":	1
				},
				"receiver":	{
					"socket":	4,
					"start":	0,
					"end":	3.00023,
					"seconds":	3.00023,
					"bytes":	36386584,
					"bits_per_second":	9.70234e+07
				}
			}],
		"sum_sent":	{
			"start":	0,
			"end":	3.00023,
			"seconds":	3.00023,
			"bytes":	36386584,
			"bits_per_second":	9.70234e+07,
			"retransmits":	1
		},
		"sum_received":	{
			"start":	0,
			"end":	3.00023,
			"seconds":	3.00023,
			"bytes":	36386584,
			"bits_per_second":	9.70234e+07
		},
		"cpu_utilization_percent":	{
			"host_total":	1.59706,
			"host_user":	0.54952,
			"host_system":	1.04718,
			"remote_total":	1.96479,
			"remote_user":	0.305991,
			"remote_system":	1.6588
		}
	}
}
