{
	"start":	{
		"connected":	[{
				"socket":	4,
				"local_host":	"10.0.0.4",
				"local_port":	38772,
				"remote_host":	"10.0.0.7",
				"remote_port":	1948
			}],
		"version":	"iperf 3.0.7",
		"system_info":	"Linux H4 5.4.197-0504197-generic #202206060747 SMP Mon Jun 6 09:27:47 UTC 2022 x86_64 x86_64 x86_64 GNU/Linux\n",
		"timestamp":	{
			"time":	"Fri, 22 Jul 2022 09:31:11 GMT",
			"timesecs":	1658482271
		},
		"connecting_to":	{
			"host":	"10.0.0.7",
			"port":	1948
		},
		"cookie":	"H4.1658482271.030774.5233fe403ba8def",
		"tcp_mss_default":	1448,
		"test_start":	{
			"protocol":	"TCP",
			"num_streams":	1,
			"blksize":	131072,
			"omit":	0,
			"duration":	5,
			"bytes":	0,
			"blocks":	0,
			"reverse":	0
		}
	},
	"intervals":	[{
			"streams":	[{
					"socket":	4,
					"start":	0,
					"end":	1.00119,
					"seconds":	1.00119,
					"bytes":	1819024,
					"bits_per_second":	1.45349e+07,
					"retransmits":	0,
					"snd_cwnd":	105704,
					"omitted":	false
				}],
			"sum":	{
				"start":	0,
				"end":	1.00119,
				"seconds":	1.00119,
				"bytes":	1819024,
				"bits_per_second":	1.45349e+07,
				"retransmits":	0,
				"omitted":	false
			}
		}, {
			"streams":	[{
					"socket":	4,
					"start":	1.00119,
					"end":	2.00054,
					"seconds":	0.999351,
					"bytes":	1835008,
					"bits_per_second":	1.46896e+07,
					"retransmits":	0,
					"snd_cwnd":	115840,
					"omitted":	false
				}],
			"sum":	{
				"start":	1.00119,
				"end":	2.00054,
				"seconds":	0.999351,
				"bytes":	1835008,
				"bits_per_second":	1.46896e+07,
				"retransmits":	0,
				"omitted":	false
			}
		}, {
			"streams":	[{
					"socket":	4,
					"start":	2.00054,
					"end":	3.00104,
					"seconds":	1.0005,
					"bytes":	1835008,
					"bits_per_second":	1.46728e+07,
					"retransmits":	0,
					"snd_cwnd":	137560,
					"omitted":	false
				}],
			"sum":	{
				"start":	2.00054,
				"end":	3.00104,
				"seconds":	1.0005,
				"bytes":	1835008,
				"bits_per_second":	1.46728e+07,
				"retransmits":	0,
				"omitted":	false
			}
		}, {
			"streams":	[{
					"socket":	4,
					"start":	3.00104,
					"end":	4.00099,
					"seconds":	0.999948,
					"bytes":	1835008,
					"bits_per_second":	1.46808e+07,
					"retransmits":	0,
					"snd_cwnd":	157832,
					"omitted":	false
				}],
			"sum":	{
				"start":	3.00104,
				"end":	4.00099,
				"seconds":	0.999948,
				"bytes":	1835008,
				"bits_per_second":	1.46808e+07,
				"retransmits":	0,
				"omitted":	false
			}
		}, {
			"streams":	[{
					"socket":	4,
					"start":	4.00099,
					"end":	5.00038,
					"seconds":	0.999392,
					"bytes":	1966080,
					"bits_per_second":	1.57382e+07,
					"retransmits":	0,
					"snd_cwnd":	172312,
					"omitted":	false
				}],
			"sum":	{
				"start":	4.00099,
				"end":	5.00038,
				"seconds":	0.999392,
				"bytes":	1966080,
				"bits_per_second":	1.57382e+07,
				"retransmits":	0,
				"omitted":	false
			}
		}],
	"end":	{
		"streams":	[{
				"sender":	{
					"socket":	4,
					"start":	0,
					"end":	5.00038,
					"seconds":	5.00038,
					"bytes":	9290128,
					"bits_per_second":	1.48631e+07,
					"retransmits":	0
				},
				"receiver":	{
					"socket":	4,
					"start":	0,
					"end":	5.00038,
					"seconds":	5.00038,
					"bytes":	9290128,
					"bits_per_second":	1.48631e+07
				}
			}],
		"sum_sent":	{
			"start":	0,
			"end":	5.00038,
			"seconds":	5.00038,
			"bytes":	9290128,
			"bits_per_second":	1.48631e+07,
			"retransmits":	0
		},
		"sum_received":	{
			"start":	0,
			"end":	5.00038,
			"seconds":	5.00038,
			"bytes":	9290128,
			"bits_per_second":	1.48631e+07
		},
		"cpu_utilization_percent":	{
			"host_total":	1.01377,
			"host_user":	0,
			"host_system":	1.01373,
			"remote_total":	2.79667,
			"remote_user":	0.2147,
			"remote_system":	2.58199
		}
	}
}
