{
	"start":	{
		"connected":	[{
				"socket":	4,
				"local_host":	"10.0.0.4",
				"local_port":	46684,
				"remote_host":	"10.0.0.12",
				"remote_port":	4045
			}],
		"version":	"iperf 3.0.7",
		"system_info":	"Linux H4 5.4.197-0504197-generic #202206060747 SMP Mon Jun 6 09:27:47 UTC 2022 x86_64 x86_64 x86_64 GNU/Linux\n",
		"timestamp":	{
			"time":	"Fri, 22 Jul 2022 09:31:46 GMT",
			"timesecs":	1658482306
		},
		"connecting_to":	{
			"host":	"10.0.0.12",
			"port":	4045
		},
		"cookie":	"H4.1658482306.458244.660ef37c2f693cd",
		"tcp_mss_default":	1448,
		"test_start":	{
			"protocol":	"TCP",
			"num_streams":	1,
			"blksize":	131072,
			"omit":	0,
			"duration":	5,
			"bytes":	0,
			"blocks":	0,
			"reverse":	0
		}
	},
	"intervals":	[{
			"streams":	[{
					"socket":	4,
					"start":	0,
					"end":	1.0009,
					"seconds":	1.0009,
					"bytes":	1690848,
					"bits_per_second":	1.35147e+07,
					"retransmits":	0,
					"snd_cwnd":	88328,
					"omitted":	false
				}],
			"sum":	{
				"start":	0,
				"end":	1.0009,
				"seconds":	1.0009,
				"bytes":	1690848,
				"bits_per_second":	1.35147e+07,
				"retransmits":	0,
				"omitted":	false
			}
		}, {
			"streams":	[{
					"socket":	4,
					"start":	1.0009,
					"end":	2.00037,
					"seconds":	0.999472,
					"bytes":	1966080,
					"bits_per_second":	1.5737e+07,
					"retransmits":	0,
					"snd_cwnd":	120184,
					"omitted":	false
				}],
			"sum":	{
				"start":	1.0009,
				"end":	2.00037,
				"seconds":	0.999472,
				"bytes":	1966080,
				"bits_per_second":	1.5737e+07,
				"retransmits":	0,
				"omitted":	false
			}
		}, {
			"streams":	[{
					"socket":	4,
					"start":	2.00037,
					"end":	3.00051,
					"seconds":	1.00014,
					"bytes":	1835008,
					"bits_per_second":	1.4678e+07,
					"retransmits":	0,
					"snd_cwnd":	133216,
					"omitted":	false
				}],
			"sum":	{
				"start":	2.00037,
				"end":	3.00051,
				"seconds":	1.00014,
				"bytes":	1835008,
				"bits_per_second":	1.4678e+07,
				"retransmits":	0,
				"omitted":	false
			}
		}, {
			"streams":	[{
					"socket":	4,
					"start":	3.00051,
					"end":	4.00112,
					"seconds":	1.00062,
					"bytes":	1835008,
					"bits_per_second":	1.4671e+07,
					"retransmits":	0,
					"snd_cwnd":	167968,
					"omitted":	false
				}],
			"sum":	{
				"start":	3.00051,
				"end":	4.00112,
				"seconds":	1.00062,
				"bytes":	1835008,
				"bits_per_second":	1.4671e+07,
				"retransmits":	0,
				"omitted":	false
			}
		}, {
			"streams":	[{
					"socket":	4,
					"start":	4.00112,
					"end":	5.00024,
					"seconds":	0.99912,
					"bytes":	1966080,
					"bits_per_second":	1.57425e+07,
					"retransmits":	0,
					"snd_cwnd":	185344,
					"omitted":	false
				}],
			"sum":	{
				"start":	4.00112,
				"end":	5.00024,
				"seconds":	0.99912,
				"bytes":	1966080,
				"bits_per_second":	1.57425e+07,
				"retransmits":	0,
				"omitted":	false
			}
		}],
	"end":	{
		"streams":	[{
				"sender":	{
					"socket":	4,
					"start":	0,
					"end":	5.00024,
					"seconds":	5.00024,
					"bytes":	9293024,
					"bits_per_second":	1.48681e+07,
					"retransmits":	0
				},
				"receiver":	{
					"socket":	4,
					"start":	0,
					"end":	5.00024,
					"seconds":	5.00024,
					"bytes":	9293024,
					"bits_per_second":	1.48681e+07
				}
			}],
		"sum_sent":	{
			"start":	0,
			"end":	5.00024,
			"seconds":	5.00024,
			"bytes":	9293024,
			"bits_per_second":	1.48681e+07,
			"retransmits":	0
		},
		"sum_received":	{
			"start":	0,
			"end":	5.00024,
			"seconds":	5.00024,
			"bytes":	9293024,
			"bits_per_second":	1.48681e+07
		},
		"cpu_utilization_percent":	{
			"host_total":	0.522224,
			"host_user":	0,
			"host_system":	0.522264,
			"remote_total":	1.44924,
			"remote_user":	0,
			"remote_system":	1.44926
		}
	}
}
