{
	"start":	{
		"connected":	[{
				"socket":	5,
				"local_host":	"10.0.0.7",
				"local_port":	51806,
				"remote_host":	"10.0.0.6",
				"remote_port":	1873
			}],
		"version":	"iperf 3.7",
		"system_info":	"Linux H7 5.4.197-0504197-generic #202206060747 SMP Mon Jun 6 09:27:47 UTC 2022 x86_64",
		"timestamp":	{
			"time":	"Mon, 01 Aug 2022 00:26:25 GMT",
			"timesecs":	1659313585
		},
		"connecting_to":	{
			"host":	"10.0.0.6",
			"port":	1873
		},
		"cookie":	"3ect65ylj4birl7js2lc57jsn6bonlzs4i2o",
		"tcp_mss_default":	1448,
		"target_bitrate":	15000000,
		"sock_bufsize":	0,
		"sndbuf_actual":	87380,
		"rcvbuf_actual":	87380,
		"test_start":	{
			"protocol":	"TCP",
			"num_streams":	1,
			"blksize":	131072,
			"omit":	0,
			"duration":	5,
			"bytes":	0,
			"blocks":	0,
			"reverse":	0,
			"tos":	0
		}
	},
	"intervals":	[{
			"streams":	[{
					"socket":	5,
					"start":	0,
					"end":	1.000723,
					"seconds":	1.0007230043411255,
					"bytes":	1966080,
					"bits_per_second":	15717276.340974806,
					"retransmits":	0,
					"snd_cwnd":	88328,
					"rtt":	4116,
					"rttvar":	1092,
					"pmtu":	1500,
					"omitted":	false,
					"sender":	true
				}],
			"sum":	{
				"start":	0,
				"end":	1.000723,
				"seconds":	1.0007230043411255,
				"bytes":	1966080,
				"bits_per_second":	15717276.340974806,
				"retransmits":	0,
				"omitted":	false,
				"sender":	true
			}
		}, {
			"streams":	[{
					"socket":	5,
					"start":	1.000723,
					"end":	2.000664,
					"seconds":	0.99994099140167236,
					"bytes":	1835008,
					"bits_per_second":	14680930.301119214,
					"retransmits":	0,
					"snd_cwnd":	94120,
					"rtt":	4108,
					"rttvar":	1600,
					"pmtu":	1500,
					"omitted":	false,
					"sender":	true
				}],
			"sum":	{
				"start":	1.000723,
				"end":	2.000664,
				"seconds":	0.99994099140167236,
				"bytes":	1835008,
				"bits_per_second":	14680930.301119214,
				"retransmits":	0,
				"omitted":	false,
				"sender":	true
			}
		}, {
			"streams":	[{
					"socket":	5,
					"start":	2.000664,
					"end":	3.000891,
					"seconds":	1.0002269744873047,
					"bytes":	1835008,
					"bits_per_second":	14676732.756107375,
					"retransmits":	0,
					"snd_cwnd":	97016,
					"rtt":	4481,
					"rttvar":	1336,
					"pmtu":	1500,
					"omitted":	false,
					"sender":	true
				}],
			"sum":	{
				"start":	2.000664,
				"end":	3.000891,
				"seconds":	1.0002269744873047,
				"bytes":	1835008,
				"bits_per_second":	14676732.756107375,
				"retransmits":	0,
				"omitted":	false,
				"sender":	true
			}
		}, {
			"streams":	[{
					"socket":	5,
					"start":	3.000891,
					"end":	4.000201,
					"seconds":	0.99931001663208008,
					"bytes":	1966080,
					"bits_per_second":	15739499.993214695,
					"retransmits":	0,
					"snd_cwnd":	107152,
					"rtt":	4404,
					"rttvar":	2253,
					"pmtu":	1500,
					"omitted":	false,
					"sender":	true
				}],
			"sum":	{
				"start":	3.000891,
				"end":	4.000201,
				"seconds":	0.99931001663208008,
				"bytes":	1966080,
				"bits_per_second":	15739499.993214695,
				"retransmits":	0,
				"omitted":	false,
				"sender":	true
			}
		}, {
			"streams":	[{
					"socket":	5,
					"start":	4.000201,
					"end":	5.000789,
					"seconds":	1.000588059425354,
					"bytes":	1835008,
					"bits_per_second":	14671436.323586434,
					"retransmits":	0,
					"snd_cwnd":	107152,
					"rtt":	4467,
					"rttvar":	1750,
					"pmtu":	1500,
					"omitted":	false,
					"sender":	true
				}],
			"sum":	{
				"start":	4.000201,
				"end":	5.000789,
				"seconds":	1.000588059425354,
				"bytes":	1835008,
				"bits_per_second":	14671436.323586434,
				"retransmits":	0,
				"omitted":	false,
				"sender":	true
			}
		}],
	"end":	{
		"streams":	[{
				"sender":	{
					"socket":	5,
					"start":	0,
					"end":	5.000789,
					"seconds":	5.000789,
					"bytes":	9437184,
					"bits_per_second":	15097112.075714452,
					"retransmits":	0,
					"max_snd_cwnd":	107152,
					"max_rtt":	4481,
					"min_rtt":	4108,
					"mean_rtt":	4315,
					"sender":	true
				},
				"receiver":	{
					"socket":	5,
					"start":	0,
					"end":	5.001095,
					"seconds":	5.000789,
					"bytes":	9437184,
					"bits_per_second":	15096188.334754689,
					"sender":	true
				}
			}],
		"sum_sent":	{
			"start":	0,
			"end":	5.000789,
			"seconds":	5.000789,
			"bytes":	9437184,
			"bits_per_second":	15097112.075714452,
			"retransmits":	0,
			"sender":	true
		},
		"sum_received":	{
			"start":	0,
			"end":	5.001095,
			"seconds":	5.001095,
			"bytes":	9437184,
			"bits_per_second":	15096188.334754689,
			"sender":	true
		},
		"cpu_utilization_percent":	{
			"host_total":	6.3346875412802275,
			"host_user":	2.0760169699329065,
			"host_system":	4.25871054009975,
			"remote_total":	2.4191856997267491,
			"remote_user":	0,
			"remote_system":	2.4192455662364063
		},
		"sender_tcp_congestion":	"cubic",
		"receiver_tcp_congestion":	"cubic"
	}
}
