{
	"start":	{
		"connected":	[{
				"socket":	4,
				"local_host":	"10.0.0.1",
				"local_port":	44132,
				"remote_host":	"10.0.0.12",
				"remote_port":	1630
			}],
		"version":	"iperf 3.0.7",
		"system_info":	"Linux BS1 5.4.197-0504197-generic #202206060747 SMP Mon Jun 6 09:27:47 UTC 2022 x86_64 x86_64 x86_64 GNU/Linux\n",
		"timestamp":	{
			"time":	"Mon, 25 Jul 2022 21:47:19 GMT",
			"timesecs":	1658785639
		},
		"connecting_to":	{
			"host":	"10.0.0.12",
			"port":	1630
		},
		"cookie":	"BS1.1658785638.815689.17d5129d09b99d",
		"test_start":	{
			"protocol":	"UDP",
			"num_streams":	1,
			"blksize":	8192,
			"omit":	0,
			"duration":	39,
			"bytes":	0,
			"blocks":	0,
			"reverse":	0
		}
	},
	"intervals":	[{
			"streams":	[{
					"socket":	4,
					"start":	0,
					"end":	1.0346,
					"seconds":	1.0346,
					"bytes":	4341760,
					"bits_per_second":	3.35724e+07,
					"packets":	530,
					"omitted":	false
				}],
			"sum":	{
				"start":	0,
				"end":	1.0346,
				"seconds":	1.0346,
				"bytes":	4341760,
				"bits_per_second":	3.35724e+07,
				"packets":	530,
				"omitted":	false
			}
		}, {
			"streams":	[{
					"socket":	4,
					"start":	1.0346,
					"end":	2.00486,
					"seconds":	0.970261,
					"bytes":	7749632,
					"bits_per_second":	6.38973e+07,
					"packets":	946,
					"omitted":	false
				}],
			"sum":	{
				"start":	1.0346,
				"end":	2.00486,
				"seconds":	0.970261,
				"bytes":	7749632,
				"bits_per_second":	6.38973e+07,
				"packets":	946,
				"omitted":	false
			}
		}, {
			"streams":	[{
					"socket":	4,
					"start":	2.00486,
					"end":	3.00023,
					"seconds":	0.995362,
					"bytes":	6299648,
					"bits_per_second":	5.0632e+07,
					"packets":	769,
					"omitted":	false
				}],
			"sum":	{
				"start":	2.00486,
				"end":	3.00023,
				"seconds":	0.995362,
				"bytes":	6299648,
				"bits_per_second":	5.0632e+07,
				"packets":	769,
				"omitted":	false
			}
		}, {
			"streams":	[{
					"socket":	4,
					"start":	3.00023,
					"end":	4.0046,
					"seconds":	1.00437,
					"bytes":	6045696,
					"bits_per_second":	4.81552e+07,
					"packets":	738,
					"omitted":	false
				}],
			"sum":	{
				"start":	3.00023,
				"end":	4.0046,
				"seconds":	1.00437,
				"bytes":	6045696,
				"bits_per_second":	4.81552e+07,
				"packets":	738,
				"omitted":	false
			}
		}, {
			"streams":	[{
					"socket":	4,
					"start":	4.0046,
					"end":	5.00046,
					"seconds":	0.995869,
					"bytes":	6234112,
					"bits_per_second":	5.00798e+07,
					"packets":	761,
					"omitted":	false
				}],
			"sum":	{
				"start":	4.0046,
				"end":	5.00046,
				"seconds":	0.995869,
				"bytes":	6234112,
				"bits_per_second":	5.00798e+07,
				"packets":	761,
				"omitted":	false
			}
		}, {
			"streams":	[{
					"socket":	4,
					"start":	5.00046,
					"end":	6.00023,
					"seconds":	0.999767,
					"bytes":	6225920,
					"bits_per_second":	4.9819e+07,
					"packets":	760,
					"omitted":	false
				}],
			"sum":	{
				"start":	5.00046,
				"end":	6.00023,
				"seconds":	0.999767,
				"bytes":	6225920,
				"bits_per_second":	4.9819e+07,
				"packets":	760,
				"omitted":	false
			}
		}, {
			"streams":	[{
					"socket":	4,
					"start":	6.00023,
					"end":	7.00055,
					"seconds":	1.00032,
					"bytes":	6742016,
					"bits_per_second":	5.3919e+07,
					"packets":	823,
					"omitted":	false
				}],
			"sum":	{
				"start":	6.00023,
				"end":	7.00055,
				"seconds":	1.00032,
				"bytes":	6742016,
				"bits_per_second":	5.3919e+07,
				"packets":	823,
				"omitted":	false
			}
		}, {
			"streams":	[{
					"socket":	4,
					"start":	7.00055,
					"end":	8.00033,
					"seconds":	0.999787,
					"bytes":	6184960,
					"bits_per_second":	4.94902e+07,
					"packets":	755,
					"omitted":	false
				}],
			"sum":	{
				"start":	7.00055,
				"end":	8.00033,
				"seconds":	0.999787,
				"bytes":	6184960,
				"bits_per_second":	4.94902e+07,
				"packets":	755,
				"omitted":	false
			}
		}, {
			"streams":	[{
					"socket":	4,
					"start":	8.00033,
					"end":	9.00026,
					"seconds":	0.999923,
					"bytes":	5840896,
					"bits_per_second":	4.67308e+07,
					"packets":	713,
					"omitted":	false
				}],
			"sum":	{
				"start":	8.00033,
				"end":	9.00026,
				"seconds":	0.999923,
				"bytes":	5840896,
				"bits_per_second":	4.67308e+07,
				"packets":	713,
				"omitted":	false
			}
		}, {
			"streams":	[{
					"socket":	4,
					"start":	9.00026,
					"end":	10.0042,
					"seconds":	1.00395,
					"bytes":	6234112,
					"bits_per_second":	4.96765e+07,
					"packets":	761,
					"omitted":	false
				}],
			"sum":	{
				"start":	9.00026,
				"end":	10.0042,
				"seconds":	1.00395,
				"bytes":	6234112,
				"bits_per_second":	4.96765e+07,
				"packets":	761,
				"omitted":	false
			}
		}, {
			"streams":	[{
					"socket":	4,
					"start":	10.0042,
					"end":	11.0008,
					"seconds":	0.996539,
					"bytes":	6266880,
					"bits_per_second":	5.03092e+07,
					"packets":	765,
					"omitted":	false
				}],
			"sum":	{
				"start":	10.0042,
				"end":	11.0008,
				"seconds":	0.996539,
				"bytes":	6266880,
				"bits_per_second":	5.03092e+07,
				"packets":	765,
				"omitted":	false
			}
		}, {
			"streams":	[{
					"socket":	4,
					"start":	11.0008,
					"end":	12.0005,
					"seconds":	0.999782,
					"bytes":	6234112,
					"bits_per_second":	4.98838e+07,
					"packets":	761,
					"omitted":	false
				}],
			"sum":	{
				"start":	11.0008,
				"end":	12.0005,
				"seconds":	0.999782,
				"bytes":	6234112,
				"bits_per_second":	4.98838e+07,
				"packets":	761,
				"omitted":	false
			}
		}, {
			"streams":	[{
					"socket":	4,
					"start":	12.0005,
					"end":	13.0042,
					"seconds":	1.00371,
					"bytes":	6733824,
					"bits_per_second":	5.36713e+07,
					"packets":	822,
					"omitted":	false
				}],
			"sum":	{
				"start":	12.0005,
				"end":	13.0042,
				"seconds":	1.00371,
				"bytes":	6733824,
				"bits_per_second":	5.36713e+07,
				"packets":	822,
				"omitted":	false
			}
		}, {
			"streams":	[{
					"socket":	4,
					"start":	13.0042,
					"end":	14.0043,
					"seconds":	1.00006,
					"bytes":	5791744,
					"bits_per_second":	4.6331e+07,
					"packets":	707,
					"omitted":	false
				}],
			"sum":	{
				"start":	13.0042,
				"end":	14.0043,
				"seconds":	1.00006,
				"bytes":	5791744,
				"bits_per_second":	4.6331e+07,
				"packets":	707,
				"omitted":	false
			}
		}, {
			"streams":	[{
					"socket":	4,
					"start":	14.0043,
					"end":	15.0004,
					"seconds":	0.996053,
					"bytes":	6234112,
					"bits_per_second":	5.00705e+07,
					"packets":	761,
					"omitted":	false
				}],
			"sum":	{
				"start":	14.0043,
				"end":	15.0004,
				"seconds":	0.996053,
				"bytes":	6234112,
				"bits_per_second":	5.00705e+07,
				"packets":	761,
				"omitted":	false
			}
		}, {
			"streams":	[{
					"socket":	4,
					"start":	15.0004,
					"end":	16.0007,
					"seconds":	1.00031,
					"bytes":	6242304,
					"bits_per_second":	4.99231e+07,
					"packets":	762,
					"omitted":	false
				}],
			"sum":	{
				"start":	15.0004,
				"end":	16.0007,
				"seconds":	1.00031,
				"bytes":	6242304,
				"bits_per_second":	4.99231e+07,
				"packets":	762,
				"omitted":	false
			}
		}, {
			"streams":	[{
					"socket":	4,
					"start":	16.0007,
					"end":	17.0003,
					"seconds":	0.999582,
					"bytes":	6242304,
					"bits_per_second":	4.99593e+07,
					"packets":	762,
					"omitted":	false
				}],
			"sum":	{
				"start":	16.0007,
				"end":	17.0003,
				"seconds":	0.999582,
				"bytes":	6242304,
				"bits_per_second":	4.99593e+07,
				"packets":	762,
				"omitted":	false
			}
		}, {
			"streams":	[{
					"socket":	4,
					"start":	17.0003,
					"end":	18.0003,
					"seconds":	1.00004,
					"bytes":	6250496,
					"bits_per_second":	5.0002e+07,
					"packets":	763,
					"omitted":	false
				}],
			"sum":	{
				"start":	17.0003,
				"end":	18.0003,
				"seconds":	1.00004,
				"bytes":	6250496,
				"bits_per_second":	5.0002e+07,
				"packets":	763,
				"omitted":	false
			}
		}, {
			"streams":	[{
					"socket":	4,
					"start":	18.0003,
					"end":	19.0012,
					"seconds":	1.00086,
					"bytes":	6823936,
					"bits_per_second":	5.45446e+07,
					"packets":	833,
					"omitted":	false
				}],
			"sum":	{
				"start":	18.0003,
				"end":	19.0012,
				"seconds":	1.00086,
				"bytes":	6823936,
				"bits_per_second":	5.45446e+07,
				"packets":	833,
				"omitted":	false
			}
		}, {
			"streams":	[{
					"socket":	4,
					"start":	19.0012,
					"end":	20.0004,
					"seconds":	0.999281,
					"bytes":	5726208,
					"bits_per_second":	4.58426e+07,
					"packets":	699,
					"omitted":	false
				}],
			"sum":	{
				"start":	19.0012,
				"end":	20.0004,
				"seconds":	0.999281,
				"bytes":	5726208,
				"bits_per_second":	4.58426e+07,
				"packets":	699,
				"omitted":	false
			}
		}, {
			"streams":	[{
					"socket":	4,
					"start":	20.0004,
					"end":	21.0005,
					"seconds":	1.00002,
					"bytes":	6217728,
					"bits_per_second":	4.9741e+07,
					"packets":	759,
					"omitted":	false
				}],
			"sum":	{
				"start":	20.0004,
				"end":	21.0005,
				"seconds":	1.00002,
				"bytes":	6217728,
				"bits_per_second":	4.9741e+07,
				"packets":	759,
				"omitted":	false
			}
		}, {
			"streams":	[{
					"socket":	4,
					"start":	21.0005,
					"end":	22.001,
					"seconds":	1.00058,
					"bytes":	6365184,
					"bits_per_second":	5.08919e+07,
					"packets":	777,
					"omitted":	false
				}],
			"sum":	{
				"start":	21.0005,
				"end":	22.001,
				"seconds":	1.00058,
				"bytes":	6365184,
				"bits_per_second":	5.08919e+07,
				"packets":	777,
				"omitted":	false
			}
		}, {
			"streams":	[{
					"socket":	4,
					"start":	22.001,
					"end":	23.0004,
					"seconds":	0.999353,
					"bytes":	6340608,
					"bits_per_second":	5.07577e+07,
					"packets":	774,
					"omitted":	false
				}],
			"sum":	{
				"start":	22.001,
				"end":	23.0004,
				"seconds":	0.999353,
				"bytes":	6340608,
				"bits_per_second":	5.07577e+07,
				"packets":	774,
				"omitted":	false
			}
		}, {
			"streams":	[{
					"socket":	4,
					"start":	23.0004,
					"end":	24.0012,
					"seconds":	1.00081,
					"bytes":	6201344,
					"bits_per_second":	4.95704e+07,
					"packets":	757,
					"omitted":	false
				}],
			"sum":	{
				"start":	23.0004,
				"end":	24.0012,
				"seconds":	1.00081,
				"bytes":	6201344,
				"bits_per_second":	4.95704e+07,
				"packets":	757,
				"omitted":	false
			}
		}, {
			"streams":	[{
					"socket":	4,
					"start":	24.0012,
					"end":	25.0008,
					"seconds":	0.999577,
					"bytes":	6471680,
					"bits_per_second":	5.17953e+07,
					"packets":	790,
					"omitted":	false
				}],
			"sum":	{
				"start":	24.0012,
				"end":	25.0008,
				"seconds":	0.999577,
				"bytes":	6471680,
				"bits_per_second":	5.17953e+07,
				"packets":	790,
				"omitted":	false
			}
		}, {
			"streams":	[{
					"socket":	4,
					"start":	25.0008,
					"end":	26.0026,
					"seconds":	1.00187,
					"bytes":	5898240,
					"bits_per_second":	4.70979e+07,
					"packets":	720,
					"omitted":	false
				}],
			"sum":	{
				"start":	25.0008,
				"end":	26.0026,
				"seconds":	1.00187,
				"bytes":	5898240,
				"bits_per_second":	4.70979e+07,
				"packets":	720,
				"omitted":	false
			}
		}, {
			"streams":	[{
					"socket":	4,
					"start":	26.0026,
					"end":	27.0006,
					"seconds":	0.997977,
					"bytes":	6365184,
					"bits_per_second":	5.10247e+07,
					"packets":	777,
					"omitted":	false
				}],
			"sum":	{
				"start":	26.0026,
				"end":	27.0006,
				"seconds":	0.997977,
				"bytes":	6365184,
				"bits_per_second":	5.10247e+07,
				"packets":	777,
				"omitted":	false
			}
		}, {
			"streams":	[{
					"socket":	4,
					"start":	27.0006,
					"end":	28.0045,
					"seconds":	1.00392,
					"bytes":	6569984,
					"bits_per_second":	5.23544e+07,
					"packets":	802,
					"omitted":	false
				}],
			"sum":	{
				"start":	27.0006,
				"end":	28.0045,
				"seconds":	1.00392,
				"bytes":	6569984,
				"bits_per_second":	5.23544e+07,
				"packets":	802,
				"omitted":	false
			}
		}, {
			"streams":	[{
					"socket":	4,
					"start":	28.0045,
					"end":	29.0004,
					"seconds":	0.995805,
					"bytes":	5783552,
					"bits_per_second":	4.64633e+07,
					"packets":	706,
					"omitted":	false
				}],
			"sum":	{
				"start":	28.0045,
				"end":	29.0004,
				"seconds":	0.995805,
				"bytes":	5783552,
				"bits_per_second":	4.64633e+07,
				"packets":	706,
				"omitted":	false
			}
		}, {
			"streams":	[{
					"socket":	4,
					"start":	29.0004,
					"end":	30.0002,
					"seconds":	0.999824,
					"bytes":	6324224,
					"bits_per_second":	5.06027e+07,
					"packets":	772,
					"omitted":	false
				}],
			"sum":	{
				"start":	29.0004,
				"end":	30.0002,
				"seconds":	0.999824,
				"bytes":	6324224,
				"bits_per_second":	5.06027e+07,
				"packets":	772,
				"omitted":	false
			}
		}, {
			"streams":	[{
					"socket":	4,
					"start":	30.0002,
					"end":	31.0009,
					"seconds":	1.00075,
					"bytes":	6340608,
					"bits_per_second":	5.06867e+07,
					"packets":	774,
					"omitted":	false
				}],
			"sum":	{
				"start":	30.0002,
				"end":	31.0009,
				"seconds":	1.00075,
				"bytes":	6340608,
				"bits_per_second":	5.06867e+07,
				"packets":	774,
				"omitted":	false
			}
		}, {
			"streams":	[{
					"socket":	4,
					"start":	31.0009,
					"end":	32.002,
					"seconds":	1.00103,
					"bytes":	6455296,
					"bits_per_second":	5.1589e+07,
					"packets":	788,
					"omitted":	false
				}],
			"sum":	{
				"start":	31.0009,
				"end":	32.002,
				"seconds":	1.00103,
				"bytes":	6455296,
				"bits_per_second":	5.1589e+07,
				"packets":	788,
				"omitted":	false
			}
		}, {
			"streams":	[{
					"socket":	4,
					"start":	32.002,
					"end":	33.0005,
					"seconds":	0.998583,
					"bytes":	5873664,
					"bits_per_second":	4.7056e+07,
					"packets":	717,
					"omitted":	false
				}],
			"sum":	{
				"start":	32.002,
				"end":	33.0005,
				"seconds":	0.998583,
				"bytes":	5873664,
				"bits_per_second":	4.7056e+07,
				"packets":	717,
				"omitted":	false
			}
		}, {
			"streams":	[{
					"socket":	4,
					"start":	33.0005,
					"end":	34.0088,
					"seconds":	1.00826,
					"bytes":	6529024,
					"bits_per_second":	5.18045e+07,
					"packets":	797,
					"omitted":	false
				}],
			"sum":	{
				"start":	33.0005,
				"end":	34.0088,
				"seconds":	1.00826,
				"bytes":	6529024,
				"bits_per_second":	5.18045e+07,
				"packets":	797,
				"omitted":	false
			}
		}, {
			"streams":	[{
					"socket":	4,
					"start":	34.0088,
					"end":	35.0011,
					"seconds":	0.992329,
					"bytes":	6004736,
					"bits_per_second":	4.84092e+07,
					"packets":	733,
					"omitted":	false
				}],
			"sum":	{
				"start":	34.0088,
				"end":	35.0011,
				"seconds":	0.992329,
				"bytes":	6004736,
				"bits_per_second":	4.84092e+07,
				"packets":	733,
				"omitted":	false
			}
		}, {
			"streams":	[{
					"socket":	4,
					"start":	35.0011,
					"end":	36.0003,
					"seconds":	0.999183,
					"bytes":	6209536,
					"bits_per_second":	4.97169e+07,
					"packets":	758,
					"omitted":	false
				}],
			"sum":	{
				"start":	35.0011,
				"end":	36.0003,
				"seconds":	0.999183,
				"bytes":	6209536,
				"bits_per_second":	4.97169e+07,
				"packets":	758,
				"omitted":	false
			}
		}, {
			"streams":	[{
					"socket":	4,
					"start":	36.0003,
					"end":	37.0003,
					"seconds":	0.999942,
					"bytes":	6348800,
					"bits_per_second":	5.07933e+07,
					"packets":	775,
					"omitted":	false
				}],
			"sum":	{
				"start":	36.0003,
				"end":	37.0003,
				"seconds":	0.999942,
				"bytes":	6348800,
				"bits_per_second":	5.07933e+07,
				"packets":	775,
				"omitted":	false
			}
		}, {
			"streams":	[{
					"socket":	4,
					"start":	37.0003,
					"end":	38.0005,
					"seconds":	1.00023,
					"bytes":	6160384,
					"bits_per_second":	4.92718e+07,
					"packets":	752,
					"omitted":	false
				}],
			"sum":	{
				"start":	37.0003,
				"end":	38.0005,
				"seconds":	1.00023,
				"bytes":	6160384,
				"bits_per_second":	4.92718e+07,
				"packets":	752,
				"omitted":	false
			}
		}, {
			"streams":	[{
					"socket":	4,
					"start":	38.0005,
					"end":	39.0055,
					"seconds":	1.00504,
					"bytes":	6234112,
					"bits_per_second":	4.96229e+07,
					"packets":	761,
					"omitted":	false
				}],
			"sum":	{
				"start":	38.0005,
				"end":	39.0055,
				"seconds":	1.00504,
				"bytes":	6234112,
				"bits_per_second":	4.96229e+07,
				"packets":	761,
				"omitted":	false
			}
		}],
	"end":	{
		"streams":	[{
				"udp":	{
					"socket":	4,
					"start":	0,
					"end":	39.0055,
					"seconds":	39.0055,
					"bytes":	243138560,
					"bits_per_second":	4.98675e+07,
					"jitter_ms":	0.886948,
					"lost_packets":	2074,
					"packets":	29680,
					"lost_percent":	6.98787
				}
			}],
		"sum":	{
			"start":	0,
			"end":	39.0055,
			"seconds":	39.0055,
			"bytes":	243138560,
			"bits_per_second":	4.98675e+07,
			"jitter_ms":	0.886948,
			"lost_packets":	2074,
			"packets":	29680,
			"lost_percent":	6.98787
		},
		"cpu_utilization_percent":	{
			"host_total":	13.2939,
			"host_user":	0.357114,
			"host_system":	12.9367,
			"remote_total":	5.89882,
			"remote_user":	0.879304,
			"remote_system":	5.01952
		}
	}
}
