{
	"start":	{
		"connected":	[{
				"socket":	4,
				"local_host":	"10.0.0.6",
				"local_port":	33010,
				"remote_host":	"10.0.0.18",
				"remote_port":	3639
			}],
		"version":	"iperf 3.0.7",
		"system_info":	"Linux BS6 5.4.197-0504197-generic #202206060747 SMP Mon Jun 6 09:27:47 UTC 2022 x86_64 x86_64 x86_64 GNU/Linux\n",
		"timestamp":	{
			"time":	"Mon, 25 Jul 2022 21:48:47 GMT",
			"timesecs":	1658785727
		},
		"connecting_to":	{
			"host":	"10.0.0.18",
			"port":	3639
		},
		"cookie":	"BS6.1658785727.044766.2befd88f79c0ce",
		"test_start":	{
			"protocol":	"UDP",
			"num_streams":	1,
			"blksize":	8192,
			"omit":	0,
			"duration":	9,
			"bytes":	0,
			"blocks":	0,
			"reverse":	0
		}
	},
	"intervals":	[{
			"streams":	[{
					"socket":	4,
					"start":	0,
					"end":	1.00045,
					"seconds":	1.00045,
					"bytes":	2850816,
					"bits_per_second":	2.27962e+07,
					"packets":	348,
					"omitted":	false
				}],
			"sum":	{
				"start":	0,
				"end":	1.00045,
				"seconds":	1.00045,
				"bytes":	2850816,
				"bits_per_second":	2.27962e+07,
				"packets":	348,
				"omitted":	false
			}
		}, {
			"streams":	[{
					"socket":	4,
					"start":	1.00045,
					"end":	2.00061,
					"seconds":	1.00015,
					"bytes":	3096576,
					"bits_per_second":	2.47688e+07,
					"packets":	378,
					"omitted":	false
				}],
			"sum":	{
				"start":	1.00045,
				"end":	2.00061,
				"seconds":	1.00015,
				"bytes":	3096576,
				"bits_per_second":	2.47688e+07,
				"packets":	378,
				"omitted":	false
			}
		}, {
			"streams":	[{
					"socket":	4,
					"start":	2.00061,
					"end":	3.00046,
					"seconds":	0.999857,
					"bytes":	3121152,
					"bits_per_second":	2.49728e+07,
					"packets":	381,
					"omitted":	false
				}],
			"sum":	{
				"start":	2.00061,
				"end":	3.00046,
				"seconds":	0.999857,
				"bytes":	3121152,
				"bits_per_second":	2.49728e+07,
				"packets":	381,
				"omitted":	false
			}
		}, {
			"streams":	[{
					"socket":	4,
					"start":	3.00046,
					"end":	4.00159,
					"seconds":	1.00113,
					"bytes":	3137536,
					"bits_per_second":	2.50719e+07,
					"packets":	383,
					"omitted":	false
				}],
			"sum":	{
				"start":	3.00046,
				"end":	4.00159,
				"seconds":	1.00113,
				"bytes":	3137536,
				"bits_per_second":	2.50719e+07,
				"packets":	383,
				"omitted":	false
			}
		}, {
			"streams":	[{
					"socket":	4,
					"start":	4.00159,
					"end":	5.00054,
					"seconds":	0.998942,
					"bytes":	3121152,
					"bits_per_second":	2.49957e+07,
					"packets":	381,
					"omitted":	false
				}],
			"sum":	{
				"start":	4.00159,
				"end":	5.00054,
				"seconds":	0.998942,
				"bytes":	3121152,
				"bits_per_second":	2.49957e+07,
				"packets":	381,
				"omitted":	false
			}
		}, {
			"streams":	[{
					"socket":	4,
					"start":	5.00054,
					"end":	6.00052,
					"seconds":	0.999982,
					"bytes":	3121152,
					"bits_per_second":	2.49697e+07,
					"packets":	381,
					"omitted":	false
				}],
			"sum":	{
				"start":	5.00054,
				"end":	6.00052,
				"seconds":	0.999982,
				"bytes":	3121152,
				"bits_per_second":	2.49697e+07,
				"packets":	381,
				"omitted":	false
			}
		}, {
			"streams":	[{
					"socket":	4,
					"start":	6.00052,
					"end":	7.00017,
					"seconds":	0.999657,
					"bytes":	3121152,
					"bits_per_second":	2.49778e+07,
					"packets":	381,
					"omitted":	false
				}],
			"sum":	{
				"start":	6.00052,
				"end":	7.00017,
				"seconds":	0.999657,
				"bytes":	3121152,
				"bits_per_second":	2.49778e+07,
				"packets":	381,
				"omitted":	false
			}
		}, {
			"streams":	[{
					"socket":	4,
					"start":	7.00017,
					"end":	8.00047,
					"seconds":	1.00029,
					"bytes":	3121152,
					"bits_per_second":	2.49619e+07,
					"packets":	381,
					"omitted":	false
				}],
			"sum":	{
				"start":	7.00017,
				"end":	8.00047,
				"seconds":	1.00029,
				"bytes":	3121152,
				"bits_per_second":	2.49619e+07,
				"packets":	381,
				"omitted":	false
			}
		}, {
			"streams":	[{
					"socket":	4,
					"start":	8.00047,
					"end":	9.00058,
					"seconds":	1.00012,
					"bytes":	3129344,
					"bits_per_second":	2.50319e+07,
					"packets":	382,
					"omitted":	false
				}],
			"sum":	{
				"start":	8.00047,
				"end":	9.00058,
				"seconds":	1.00012,
				"bytes":	3129344,
				"bits_per_second":	2.50319e+07,
				"packets":	382,
				"omitted":	false
			}
		}],
	"end":	{
		"streams":	[{
				"udp":	{
					"socket":	4,
					"start":	0,
					"end":	9.00058,
					"seconds":	9.00058,
					"bytes":	27820032,
					"bits_per_second":	2.47273e+07,
					"jitter_ms":	0.651672,
					"lost_packets":	30,
					"packets":	3396,
					"lost_percent":	0.883392
				}
			}],
		"sum":	{
			"start":	0,
			"end":	9.00058,
			"seconds":	9.00058,
			"bytes":	27820032,
			"bits_per_second":	2.47273e+07,
			"jitter_ms":	0.651672,
			"lost_packets":	30,
			"packets":	3396,
			"lost_percent":	0.883392
		},
		"cpu_utilization_percent":	{
			"host_total":	2.43644,
			"host_user":	0.144131,
			"host_system":	2.29228,
			"remote_total":	2.36811,
			"remote_user":	0,
			"remote_system":	2.36811
		}
	}
}
