{
	"start":	{
		"connected":	[{
				"socket":	4,
				"local_host":	"10.0.0.1",
				"local_port":	34556,
				"remote_host":	"10.0.0.21",
				"remote_port":	2151
			}],
		"version":	"iperf 3.0.7",
		"system_info":	"Linux BS1 5.4.197-0504197-generic #202206060747 SMP Mon Jun 6 09:27:47 UTC 2022 x86_64 x86_64 x86_64 GNU/Linux\n",
		"timestamp":	{
			"time":	"Mon, 25 Jul 2022 21:52:25 GMT",
			"timesecs":	1658785945
		},
		"connecting_to":	{
			"host":	"10.0.0.21",
			"port":	2151
		},
		"cookie":	"BS1.1658785945.521640.7cd7d161427cd5",
		"test_start":	{
			"protocol":	"UDP",
			"num_streams":	1,
			"blksize":	8192,
			"omit":	0,
			"duration":	34,
			"bytes":	0,
			"blocks":	0,
			"reverse":	0
		}
	},
	"intervals":	[{
			"streams":	[{
					"socket":	4,
					"start":	0,
					"end":	1.00017,
					"seconds":	1.00017,
					"bytes":	5660672,
					"bits_per_second":	4.52776e+07,
					"packets":	691,
					"omitted":	false
				}],
			"sum":	{
				"start":	0,
				"end":	1.00017,
				"seconds":	1.00017,
				"bytes":	5660672,
				"bits_per_second":	4.52776e+07,
				"packets":	691,
				"omitted":	false
			}
		}, {
			"streams":	[{
					"socket":	4,
					"start":	1.00017,
					"end":	2.00183,
					"seconds":	1.00166,
					"bytes":	6299648,
					"bits_per_second":	5.03136e+07,
					"packets":	769,
					"omitted":	false
				}],
			"sum":	{
				"start":	1.00017,
				"end":	2.00183,
				"seconds":	1.00166,
				"bytes":	6299648,
				"bits_per_second":	5.03136e+07,
				"packets":	769,
				"omitted":	false
			}
		}, {
			"streams":	[{
					"socket":	4,
					"start":	2.00183,
					"end":	3.00048,
					"seconds":	0.998646,
					"bytes":	6184960,
					"bits_per_second":	4.95468e+07,
					"packets":	755,
					"omitted":	false
				}],
			"sum":	{
				"start":	2.00183,
				"end":	3.00048,
				"seconds":	0.998646,
				"bytes":	6184960,
				"bits_per_second":	4.95468e+07,
				"packets":	755,
				"omitted":	false
			}
		}, {
			"streams":	[{
					"socket":	4,
					"start":	3.00048,
					"end":	4.00046,
					"seconds":	0.999977,
					"bytes":	6414336,
					"bits_per_second":	5.13159e+07,
					"packets":	783,
					"omitted":	false
				}],
			"sum":	{
				"start":	3.00048,
				"end":	4.00046,
				"seconds":	0.999977,
				"bytes":	6414336,
				"bits_per_second":	5.13159e+07,
				"packets":	783,
				"omitted":	false
			}
		}, {
			"streams":	[{
					"socket":	4,
					"start":	4.00046,
					"end":	5.00205,
					"seconds":	1.00159,
					"bytes":	6266880,
					"bits_per_second":	5.00554e+07,
					"packets":	765,
					"omitted":	false
				}],
			"sum":	{
				"start":	4.00046,
				"end":	5.00205,
				"seconds":	1.00159,
				"bytes":	6266880,
				"bits_per_second":	5.00554e+07,
				"packets":	765,
				"omitted":	false
			}
		}, {
			"streams":	[{
					"socket":	4,
					"start":	5.00205,
					"end":	6.00033,
					"seconds":	0.998285,
					"bytes":	6193152,
					"bits_per_second":	4.96303e+07,
					"packets":	756,
					"omitted":	false
				}],
			"sum":	{
				"start":	5.00205,
				"end":	6.00033,
				"seconds":	0.998285,
				"bytes":	6193152,
				"bits_per_second":	4.96303e+07,
				"packets":	756,
				"omitted":	false
			}
		}, {
			"streams":	[{
					"socket":	4,
					"start":	6.00033,
					"end":	7.00027,
					"seconds":	0.999943,
					"bytes":	6135808,
					"bits_per_second":	4.90893e+07,
					"packets":	749,
					"omitted":	false
				}],
			"sum":	{
				"start":	6.00033,
				"end":	7.00027,
				"seconds":	0.999943,
				"bytes":	6135808,
				"bits_per_second":	4.90893e+07,
				"packets":	749,
				"omitted":	false
			}
		}, {
			"streams":	[{
					"socket":	4,
					"start":	7.00027,
					"end":	8.00075,
					"seconds":	1.00048,
					"bytes":	6299648,
					"bits_per_second":	5.03732e+07,
					"packets":	769,
					"omitted":	false
				}],
			"sum":	{
				"start":	7.00027,
				"end":	8.00075,
				"seconds":	1.00048,
				"bytes":	6299648,
				"bits_per_second":	5.03732e+07,
				"packets":	769,
				"omitted":	false
			}
		}, {
			"streams":	[{
					"socket":	4,
					"start":	8.00075,
					"end":	9.00035,
					"seconds":	0.9996,
					"bytes":	6217728,
					"bits_per_second":	4.97617e+07,
					"packets":	759,
					"omitted":	false
				}],
			"sum":	{
				"start":	8.00075,
				"end":	9.00035,
				"seconds":	0.9996,
				"bytes":	6217728,
				"bits_per_second":	4.97617e+07,
				"packets":	759,
				"omitted":	false
			}
		}, {
			"streams":	[{
					"socket":	4,
					"start":	9.00035,
					"end":	10.0007,
					"seconds":	1.00031,
					"bytes":	6234112,
					"bits_per_second":	4.98577e+07,
					"packets":	761,
					"omitted":	false
				}],
			"sum":	{
				"start":	9.00035,
				"end":	10.0007,
				"seconds":	1.00031,
				"bytes":	6234112,
				"bits_per_second":	4.98577e+07,
				"packets":	761,
				"omitted":	false
			}
		}, {
			"streams":	[{
					"socket":	4,
					"start":	10.0007,
					"end":	11.0002,
					"seconds":	0.999574,
					"bytes":	6225920,
					"bits_per_second":	4.98286e+07,
					"packets":	760,
					"omitted":	false
				}],
			"sum":	{
				"start":	10.0007,
				"end":	11.0002,
				"seconds":	0.999574,
				"bytes":	6225920,
				"bits_per_second":	4.98286e+07,
				"packets":	760,
				"omitted":	false
			}
		}, {
			"streams":	[{
					"socket":	4,
					"start":	11.0002,
					"end":	12.0003,
					"seconds":	1.00004,
					"bytes":	6430720,
					"bits_per_second":	5.1444e+07,
					"packets":	785,
					"omitted":	false
				}],
			"sum":	{
				"start":	11.0002,
				"end":	12.0003,
				"seconds":	1.00004,
				"bytes":	6430720,
				"bits_per_second":	5.1444e+07,
				"packets":	785,
				"omitted":	false
			}
		}, {
			"streams":	[{
					"socket":	4,
					"start":	12.0003,
					"end":	13.0073,
					"seconds":	1.00703,
					"bytes":	6389760,
					"bits_per_second":	5.07614e+07,
					"packets":	780,
					"omitted":	false
				}],
			"sum":	{
				"start":	12.0003,
				"end":	13.0073,
				"seconds":	1.00703,
				"bytes":	6389760,
				"bits_per_second":	5.07614e+07,
				"packets":	780,
				"omitted":	false
			}
		}, {
			"streams":	[{
					"socket":	4,
					"start":	13.0073,
					"end":	14.0016,
					"seconds":	0.994312,
					"bytes":	5947392,
					"bits_per_second":	4.78513e+07,
					"packets":	726,
					"omitted":	false
				}],
			"sum":	{
				"start":	13.0073,
				"end":	14.0016,
				"seconds":	0.994312,
				"bytes":	5947392,
				"bits_per_second":	4.78513e+07,
				"packets":	726,
				"omitted":	false
			}
		}, {
			"streams":	[{
					"socket":	4,
					"start":	14.0016,
					"end":	15.0009,
					"seconds":	0.99927,
					"bytes":	6692864,
					"bits_per_second":	5.3582e+07,
					"packets":	817,
					"omitted":	false
				}],
			"sum":	{
				"start":	14.0016,
				"end":	15.0009,
				"seconds":	0.99927,
				"bytes":	6692864,
				"bits_per_second":	5.3582e+07,
				"packets":	817,
				"omitted":	false
			}
		}, {
			"streams":	[{
					"socket":	4,
					"start":	15.0009,
					"end":	16.0003,
					"seconds":	0.999429,
					"bytes":	6094848,
					"bits_per_second":	4.87866e+07,
					"packets":	744,
					"omitted":	false
				}],
			"sum":	{
				"start":	15.0009,
				"end":	16.0003,
				"seconds":	0.999429,
				"bytes":	6094848,
				"bits_per_second":	4.87866e+07,
				"packets":	744,
				"omitted":	false
			}
		}, {
			"streams":	[{
					"socket":	4,
					"start":	16.0003,
					"end":	17,
					"seconds":	0.999728,
					"bytes":	6389760,
					"bits_per_second":	5.1132e+07,
					"packets":	780,
					"omitted":	false
				}],
			"sum":	{
				"start":	16.0003,
				"end":	17,
				"seconds":	0.999728,
				"bytes":	6389760,
				"bits_per_second":	5.1132e+07,
				"packets":	780,
				"omitted":	false
			}
		}, {
			"streams":	[{
					"socket":	4,
					"start":	17,
					"end":	18.0016,
					"seconds":	1.00157,
					"bytes":	6217728,
					"bits_per_second":	4.96636e+07,
					"packets":	759,
					"omitted":	false
				}],
			"sum":	{
				"start":	17,
				"end":	18.0016,
				"seconds":	1.00157,
				"bytes":	6217728,
				"bits_per_second":	4.96636e+07,
				"packets":	759,
				"omitted":	false
			}
		}, {
			"streams":	[{
					"socket":	4,
					"start":	18.0016,
					"end":	19.0006,
					"seconds":	0.998972,
					"bytes":	5849088,
					"bits_per_second":	4.68409e+07,
					"packets":	714,
					"omitted":	false
				}],
			"sum":	{
				"start":	18.0016,
				"end":	19.0006,
				"seconds":	0.998972,
				"bytes":	5849088,
				"bits_per_second":	4.68409e+07,
				"packets":	714,
				"omitted":	false
			}
		}, {
			"streams":	[{
					"socket":	4,
					"start":	19.0006,
					"end":	20.0015,
					"seconds":	1.00095,
					"bytes":	6823936,
					"bits_per_second":	5.45398e+07,
					"packets":	833,
					"omitted":	false
				}],
			"sum":	{
				"start":	19.0006,
				"end":	20.0015,
				"seconds":	1.00095,
				"bytes":	6823936,
				"bits_per_second":	5.45398e+07,
				"packets":	833,
				"omitted":	false
			}
		}, {
			"streams":	[{
					"socket":	4,
					"start":	20.0015,
					"end":	21.0001,
					"seconds":	0.998625,
					"bytes":	6062080,
					"bits_per_second":	4.85634e+07,
					"packets":	740,
					"omitted":	false
				}],
			"sum":	{
				"start":	20.0015,
				"end":	21.0001,
				"seconds":	0.998625,
				"bytes":	6062080,
				"bits_per_second":	4.85634e+07,
				"packets":	740,
				"omitted":	false
			}
		}, {
			"streams":	[{
					"socket":	4,
					"start":	21.0001,
					"end":	22.0055,
					"seconds":	1.00539,
					"bytes":	6225920,
					"bits_per_second":	4.95404e+07,
					"packets":	760,
					"omitted":	false
				}],
			"sum":	{
				"start":	21.0001,
				"end":	22.0055,
				"seconds":	1.00539,
				"bytes":	6225920,
				"bits_per_second":	4.95404e+07,
				"packets":	760,
				"omitted":	false
			}
		}, {
			"streams":	[{
					"socket":	4,
					"start":	22.0055,
					"end":	23.0009,
					"seconds":	0.99532,
					"bytes":	6455296,
					"bits_per_second":	5.18852e+07,
					"packets":	788,
					"omitted":	false
				}],
			"sum":	{
				"start":	22.0055,
				"end":	23.0009,
				"seconds":	0.99532,
				"bytes":	6455296,
				"bits_per_second":	5.18852e+07,
				"packets":	788,
				"omitted":	false
			}
		}, {
			"streams":	[{
					"socket":	4,
					"start":	23.0009,
					"end":	24.0004,
					"seconds":	0.99957,
					"bytes":	5685248,
					"bits_per_second":	4.55016e+07,
					"packets":	694,
					"omitted":	false
				}],
			"sum":	{
				"start":	23.0009,
				"end":	24.0004,
				"seconds":	0.99957,
				"bytes":	5685248,
				"bits_per_second":	4.55016e+07,
				"packets":	694,
				"omitted":	false
			}
		}, {
			"streams":	[{
					"socket":	4,
					"start":	24.0004,
					"end":	25.0006,
					"seconds":	1.0002,
					"bytes":	6365184,
					"bits_per_second":	5.09111e+07,
					"packets":	777,
					"omitted":	false
				}],
			"sum":	{
				"start":	24.0004,
				"end":	25.0006,
				"seconds":	1.0002,
				"bytes":	6365184,
				"bits_per_second":	5.09111e+07,
				"packets":	777,
				"omitted":	false
			}
		}, {
			"streams":	[{
					"socket":	4,
					"start":	25.0006,
					"end":	26.0007,
					"seconds":	1.00007,
					"bytes":	6234112,
					"bits_per_second":	4.98696e+07,
					"packets":	761,
					"omitted":	false
				}],
			"sum":	{
				"start":	25.0006,
				"end":	26.0007,
				"seconds":	1.00007,
				"bytes":	6234112,
				"bits_per_second":	4.98696e+07,
				"packets":	761,
				"omitted":	false
			}
		}, {
			"streams":	[{
					"socket":	4,
					"start":	26.0007,
					"end":	27.0002,
					"seconds":	0.999489,
					"bytes":	6144000,
					"bits_per_second":	4.91771e+07,
					"packets":	750,
					"omitted":	false
				}],
			"sum":	{
				"start":	26.0007,
				"end":	27.0002,
				"seconds":	0.999489,
				"bytes":	6144000,
				"bits_per_second":	4.91771e+07,
				"packets":	750,
				"omitted":	false
			}
		}, {
			"streams":	[{
					"socket":	4,
					"start":	27.0002,
					"end":	28.0005,
					"seconds":	1.00031,
					"bytes":	6422528,
					"bits_per_second":	5.13642e+07,
					"packets":	784,
					"omitted":	false
				}],
			"sum":	{
				"start":	27.0002,
				"end":	28.0005,
				"seconds":	1.00031,
				"bytes":	6422528,
				"bits_per_second":	5.13642e+07,
				"packets":	784,
				"omitted":	false
			}
		}, {
			"streams":	[{
					"socket":	4,
					"start":	28.0005,
					"end":	29.0007,
					"seconds":	1.00019,
					"bytes":	6152192,
					"bits_per_second":	4.92082e+07,
					"packets":	751,
					"omitted":	false
				}],
			"sum":	{
				"start":	28.0005,
				"end":	29.0007,
				"seconds":	1.00019,
				"bytes":	6152192,
				"bits_per_second":	4.92082e+07,
				"packets":	751,
				"omitted":	false
			}
		}, {
			"streams":	[{
					"socket":	4,
					"start":	29.0007,
					"end":	30.0017,
					"seconds":	1.00098,
					"bytes":	6250496,
					"bits_per_second":	4.99552e+07,
					"packets":	763,
					"omitted":	false
				}],
			"sum":	{
				"start":	29.0007,
				"end":	30.0017,
				"seconds":	1.00098,
				"bytes":	6250496,
				"bits_per_second":	4.99552e+07,
				"packets":	763,
				"omitted":	false
			}
		}, {
			"streams":	[{
					"socket":	4,
					"start":	30.0017,
					"end":	31.0005,
					"seconds":	0.998859,
					"bytes":	6193152,
					"bits_per_second":	4.96018e+07,
					"packets":	756,
					"omitted":	false
				}],
			"sum":	{
				"start":	30.0017,
				"end":	31.0005,
				"seconds":	0.998859,
				"bytes":	6193152,
				"bits_per_second":	4.96018e+07,
				"packets":	756,
				"omitted":	false
			}
		}, {
			"streams":	[{
					"socket":	4,
					"start":	31.0005,
					"end":	32.0004,
					"seconds":	0.999911,
					"bytes":	6561792,
					"bits_per_second":	5.2499e+07,
					"packets":	801,
					"omitted":	false
				}],
			"sum":	{
				"start":	31.0005,
				"end":	32.0004,
				"seconds":	0.999911,
				"bytes":	6561792,
				"bits_per_second":	5.2499e+07,
				"packets":	801,
				"omitted":	false
			}
		}, {
			"streams":	[{
					"socket":	4,
					"start":	32.0004,
					"end":	33.0004,
					"seconds":	0.999957,
					"bytes":	5922816,
					"bits_per_second":	4.73846e+07,
					"packets":	723,
					"omitted":	false
				}],
			"sum":	{
				"start":	32.0004,
				"end":	33.0004,
				"seconds":	0.999957,
				"bytes":	5922816,
				"bits_per_second":	4.73846e+07,
				"packets":	723,
				"omitted":	false
			}
		}, {
			"streams":	[{
					"socket":	4,
					"start":	33.0004,
					"end":	34.0016,
					"seconds":	1.00122,
					"bytes":	6381568,
					"bits_per_second":	5.09902e+07,
					"packets":	779,
					"omitted":	false
				}],
			"sum":	{
				"start":	33.0004,
				"end":	34.0016,
				"seconds":	1.00122,
				"bytes":	6381568,
				"bits_per_second":	5.09902e+07,
				"packets":	779,
				"omitted":	false
			}
		}],
	"end":	{
		"streams":	[{
				"udp":	{
					"socket":	4,
					"start":	0,
					"end":	34.0016,
					"seconds":	34.0016,
					"bytes":	212025344,
					"bits_per_second":	4.98859e+07,
					"jitter_ms":	1.07423,
					"lost_packets":	532,
					"packets":	25882,
					"lost_percent":	2.05548
				}
			}],
		"sum":	{
			"start":	0,
			"end":	34.0016,
			"seconds":	34.0016,
			"bytes":	212025344,
			"bits_per_second":	4.98859e+07,
			"jitter_ms":	1.07423,
			"lost_packets":	532,
			"packets":	25882,
			"lost_percent":	2.05548
		},
		"cpu_utilization_percent":	{
			"host_total":	12.8832,
			"host_user":	0.350155,
			"host_system":	12.533,
			"remote_total":	6.1355,
			"remote_user":	0.339196,
			"remote_system":	5.7963
		}
	}
}
