{
	"start":	{
		"connected":	[{
				"socket":	4,
				"local_host":	"10.0.0.7",
				"local_port":	37016,
				"remote_host":	"10.0.0.11",
				"remote_port":	2494
			}],
		"version":	"iperf 3.0.7",
		"system_info":	"Linux BS7 5.4.197-0504197-generic #202206060747 SMP Mon Jun 6 09:27:47 UTC 2022 x86_64 x86_64 x86_64 GNU/Linux\n",
		"timestamp":	{
			"time":	"Mon, 25 Jul 2022 21:46:06 GMT",
			"timesecs":	1658785566
		},
		"connecting_to":	{
			"host":	"10.0.0.11",
			"port":	2494
		},
		"cookie":	"BS7.1658785566.778967.33e092b6648d7a",
		"tcp_mss_default":	1448,
		"test_start":	{
			"protocol":	"TCP",
			"num_streams":	1,
			"blksize":	131072,
			"omit":	0,
			"duration":	12,
			"bytes":	0,
			"blocks":	0,
			"reverse":	0
		}
	},
	"intervals":	[{
			"streams":	[{
					"socket":	4,
					"start":	0,
					"end":	1.00018,
					"seconds":	1.00018,
					"bytes":	5715736,
					"bits_per_second":	4.57178e+07,
					"retransmits":	0,
					"snd_cwnd":	657392,
					"omitted":	false
				}],
			"sum":	{
				"start":	0,
				"end":	1.00018,
				"seconds":	1.00018,
				"bytes":	5715736,
				"bits_per_second":	4.57178e+07,
				"retransmits":	0,
				"omitted":	false
			}
		}, {
			"streams":	[{
					"socket":	4,
					"start":	1.00018,
					"end":	2.00045,
					"seconds":	1.00028,
					"bytes":	6291456,
					"bits_per_second":	5.03177e+07,
					"retransmits":	0,
					"snd_cwnd":	657392,
					"omitted":	false
				}],
			"sum":	{
				"start":	1.00018,
				"end":	2.00045,
				"seconds":	1.00028,
				"bytes":	6291456,
				"bits_per_second":	5.03177e+07,
				"retransmits":	0,
				"omitted":	false
			}
		}, {
			"streams":	[{
					"socket":	4,
					"start":	2.00045,
					"end":	3.00009,
					"seconds":	0.99964,
					"bytes":	6160384,
					"bits_per_second":	4.93008e+07,
					"retransmits":	0,
					"snd_cwnd":	657392,
					"omitted":	false
				}],
			"sum":	{
				"start":	2.00045,
				"end":	3.00009,
				"seconds":	0.99964,
				"bytes":	6160384,
				"bits_per_second":	4.93008e+07,
				"retransmits":	0,
				"omitted":	false
			}
		}, {
			"streams":	[{
					"socket":	4,
					"start":	3.00009,
					"end":	4.00044,
					"seconds":	1.00034,
					"bytes":	6291456,
					"bits_per_second":	5.03145e+07,
					"retransmits":	0,
					"snd_cwnd":	657392,
					"omitted":	false
				}],
			"sum":	{
				"start":	3.00009,
				"end":	4.00044,
				"seconds":	1.00034,
				"bytes":	6291456,
				"bits_per_second":	5.03145e+07,
				"retransmits":	0,
				"omitted":	false
			}
		}, {
			"streams":	[{
					"socket":	4,
					"start":	4.00044,
					"end":	5.00025,
					"seconds":	0.999813,
					"bytes":	6291456,
					"bits_per_second":	5.03411e+07,
					"retransmits":	7,
					"snd_cwnd":	657392,
					"omitted":	false
				}],
			"sum":	{
				"start":	4.00044,
				"end":	5.00025,
				"seconds":	0.999813,
				"bytes":	6291456,
				"bits_per_second":	5.03411e+07,
				"retransmits":	7,
				"omitted":	false
			}
		}, {
			"streams":	[{
					"socket":	4,
					"start":	5.00025,
					"end":	6.00026,
					"seconds":	1.00002,
					"bytes":	6160384,
					"bits_per_second":	4.92823e+07,
					"retransmits":	0,
					"snd_cwnd":	657392,
					"omitted":	false
				}],
			"sum":	{
				"start":	5.00025,
				"end":	6.00026,
				"seconds":	1.00002,
				"bytes":	6160384,
				"bits_per_second":	4.92823e+07,
				"retransmits":	0,
				"omitted":	false
			}
		}, {
			"streams":	[{
					"socket":	4,
					"start":	6.00026,
					"end":	7.00022,
					"seconds":	0.999956,
					"bytes":	6291456,
					"bits_per_second":	5.03339e+07,
					"retransmits":	0,
					"snd_cwnd":	657392,
					"omitted":	false
				}],
			"sum":	{
				"start":	6.00026,
				"end":	7.00022,
				"seconds":	0.999956,
				"bytes":	6291456,
				"bits_per_second":	5.03339e+07,
				"retransmits":	0,
				"omitted":	false
			}
		}, {
			"streams":	[{
					"socket":	4,
					"start":	7.00022,
					"end":	8.00075,
					"seconds":	1.00052,
					"bytes":	6291456,
					"bits_per_second":	5.03052e+07,
					"retransmits":	0,
					"snd_cwnd":	657392,
					"omitted":	false
				}],
			"sum":	{
				"start":	7.00022,
				"end":	8.00075,
				"seconds":	1.00052,
				"bytes":	6291456,
				"bits_per_second":	5.03052e+07,
				"retransmits":	0,
				"omitted":	false
			}
		}, {
			"streams":	[{
					"socket":	4,
					"start":	8.00075,
					"end":	9.00025,
					"seconds":	0.999501,
					"bytes":	6160384,
					"bits_per_second":	4.93077e+07,
					"retransmits":	0,
					"snd_cwnd":	657392,
					"omitted":	false
				}],
			"sum":	{
				"start":	8.00075,
				"end":	9.00025,
				"seconds":	0.999501,
				"bytes":	6160384,
				"bits_per_second":	4.93077e+07,
				"retransmits":	0,
				"omitted":	false
			}
		}, {
			"streams":	[{
					"socket":	4,
					"start":	9.00025,
					"end":	10.0001,
					"seconds":	0.999896,
					"bytes":	6291456,
					"bits_per_second":	5.03369e+07,
					"retransmits":	0,
					"snd_cwnd":	657392,
					"omitted":	false
				}],
			"sum":	{
				"start":	9.00025,
				"end":	10.0001,
				"seconds":	0.999896,
				"bytes":	6291456,
				"bits_per_second":	5.03369e+07,
				"retransmits":	0,
				"omitted":	false
			}
		}, {
			"streams":	[{
					"socket":	4,
					"start":	10.0001,
					"end":	11.0003,
					"seconds":	1.00011,
					"bytes":	6291456,
					"bits_per_second":	5.0326e+07,
					"retransmits":	0,
					"snd_cwnd":	657392,
					"omitted":	false
				}],
			"sum":	{
				"start":	10.0001,
				"end":	11.0003,
				"seconds":	1.00011,
				"bytes":	6291456,
				"bits_per_second":	5.0326e+07,
				"retransmits":	0,
				"omitted":	false
			}
		}, {
			"streams":	[{
					"socket":	4,
					"start":	11.0003,
					"end":	12.0007,
					"seconds":	1.00042,
					"bytes":	6160384,
					"bits_per_second":	4.92624e+07,
					"retransmits":	0,
					"snd_cwnd":	657392,
					"omitted":	false
				}],
			"sum":	{
				"start":	11.0003,
				"end":	12.0007,
				"seconds":	1.00042,
				"bytes":	6160384,
				"bits_per_second":	4.92624e+07,
				"retransmits":	0,
				"omitted":	false
			}
		}],
	"end":	{
		"streams":	[{
				"sender":	{
					"socket":	4,
					"start":	0,
					"end":	12.0007,
					"seconds":	12.0007,
					"bytes":	74397464,
					"bits_per_second":	4.95955e+07,
					"retransmits":	7
				},
				"receiver":	{
					"socket":	4,
					"start":	0,
					"end":	12.0007,
					"seconds":	12.0007,
					"bytes":	74397464,
					"bits_per_second":	4.95955e+07
				}
			}],
		"sum_sent":	{
			"start":	0,
			"end":	12.0007,
			"seconds":	12.0007,
			"bytes":	74397464,
			"bits_per_second":	4.95955e+07,
			"retransmits":	7
		},
		"sum_received":	{
			"start":	0,
			"end":	12.0007,
			"seconds":	12.0007,
			"bytes":	74397464,
			"bits_per_second":	4.95955e+07
		},
		"cpu_utilization_percent":	{
			"host_total":	0.805078,
			"host_user":	0.492516,
			"host_system":	0.312545,
			"remote_total":	1.98627,
			"remote_user":	0.107984,
			"remote_system":	1.8783
		}
	}
}
