{
	"start":	{
		"connected":	[{
				"socket":	4,
				"local_host":	"10.0.0.2",
				"local_port":	37892,
				"remote_host":	"10.0.0.12",
				"remote_port":	3663
			}],
		"version":	"iperf 3.0.7",
		"system_info":	"Linux H2 5.4.197-0504197-generic #202206060747 SMP Mon Jun 6 09:27:47 UTC 2022 x86_64 x86_64 x86_64 GNU/Linux\n",
		"timestamp":	{
			"time":	"Fri, 22 Jul 2022 16:29:28 GMT",
			"timesecs":	1658507368
		},
		"connecting_to":	{
			"host":	"10.0.0.12",
			"port":	3663
		},
		"cookie":	"H2.1658507368.095449.4d5705de1e47889",
		"tcp_mss_default":	1448,
		"test_start":	{
			"protocol":	"TCP",
			"num_streams":	1,
			"blksize":	131072,
			"omit":	0,
			"duration":	5,
			"bytes":	0,
			"blocks":	0,
			"reverse":	0
		}
	},
	"intervals":	[{
			"streams":	[{
					"socket":	4,
					"start":	0,
					"end":	1.00071,
					"seconds":	1.00071,
					"bytes":	1703936,
					"bits_per_second":	1.36218e+07,
					"retransmits":	2,
					"snd_cwnd":	85432,
					"omitted":	false
				}],
			"sum":	{
				"start":	0,
				"end":	1.00071,
				"seconds":	1.00071,
				"bytes":	1703936,
				"bits_per_second":	1.36218e+07,
				"retransmits":	2,
				"omitted":	false
			}
		}, {
			"streams":	[{
					"socket":	4,
					"start":	1.00071,
					"end":	2.00032,
					"seconds":	0.99961,
					"bytes":	1966080,
					"bits_per_second":	1.57348e+07,
					"retransmits":	0,
					"snd_cwnd":	94120,
					"omitted":	false
				}],
			"sum":	{
				"start":	1.00071,
				"end":	2.00032,
				"seconds":	0.99961,
				"bytes":	1966080,
				"bits_per_second":	1.57348e+07,
				"retransmits":	0,
				"omitted":	false
			}
		}, {
			"streams":	[{
					"socket":	4,
					"start":	2.00032,
					"end":	3.00041,
					"seconds":	1.00009,
					"bytes":	1801648,
					"bits_per_second":	1.44119e+07,
					"retransmits":	0,
					"snd_cwnd":	98464,
					"omitted":	false
				}],
			"sum":	{
				"start":	2.00032,
				"end":	3.00041,
				"seconds":	1.00009,
				"bytes":	1801648,
				"bits_per_second":	1.44119e+07,
				"retransmits":	0,
				"omitted":	false
			}
		}, {
			"streams":	[{
					"socket":	4,
					"start":	3.00041,
					"end":	4.00092,
					"seconds":	1.00051,
					"bytes":	1966080,
					"bits_per_second":	1.57206e+07,
					"retransmits":	0,
					"snd_cwnd":	102808,
					"omitted":	false
				}],
			"sum":	{
				"start":	3.00041,
				"end":	4.00092,
				"seconds":	1.00051,
				"bytes":	1966080,
				"bits_per_second":	1.57206e+07,
				"retransmits":	0,
				"omitted":	false
			}
		}, {
			"streams":	[{
					"socket":	4,
					"start":	4.00092,
					"end":	5.00024,
					"seconds":	0.999324,
					"bytes":	1835008,
					"bits_per_second":	1.469e+07,
					"retransmits":	0,
					"snd_cwnd":	105704,
					"omitted":	false
				}],
			"sum":	{
				"start":	4.00092,
				"end":	5.00024,
				"seconds":	0.999324,
				"bytes":	1835008,
				"bits_per_second":	1.469e+07,
				"retransmits":	0,
				"omitted":	false
			}
		}],
	"end":	{
		"streams":	[{
				"sender":	{
					"socket":	4,
					"start":	0,
					"end":	5.00024,
					"seconds":	5.00024,
					"bytes":	9272752,
					"bits_per_second":	1.48357e+07,
					"retransmits":	2
				},
				"receiver":	{
					"socket":	4,
					"start":	0,
					"end":	5.00024,
					"seconds":	5.00024,
					"bytes":	9272752,
					"bits_per_second":	1.48357e+07
				}
			}],
		"sum_sent":	{
			"start":	0,
			"end":	5.00024,
			"seconds":	5.00024,
			"bytes":	9272752,
			"bits_per_second":	1.48357e+07,
			"retransmits":	2
		},
		"sum_received":	{
			"start":	0,
			"end":	5.00024,
			"seconds":	5.00024,
			"bytes":	9272752,
			"bits_per_second":	1.48357e+07
		},
		"cpu_utilization_percent":	{
			"host_total":	0.550082,
			"host_user":	0,
			"host_system":	0.550082,
			"remote_total":	1.3213,
			"remote_user":	1.32132,
			"remote_system":	0
		}
	}
}
