{
	"start":	{
		"connected":	[{
				"socket":	4,
				"local_host":	"10.0.0.6",
				"local_port":	54689,
				"remote_host":	"10.0.0.16",
				"remote_port":	3824
			}],
		"version":	"iperf 3.0.7",
		"system_info":	"Linux BS6 5.4.197-0504197-generic #202206060747 SMP Mon Jun 6 09:27:47 UTC 2022 x86_64 x86_64 x86_64 GNU/Linux\n",
		"timestamp":	{
			"time":	"Mon, 25 Jul 2022 21:42:42 GMT",
			"timesecs":	1658785362
		},
		"connecting_to":	{
			"host":	"10.0.0.16",
			"port":	3824
		},
		"cookie":	"BS6.1658785362.243536.4337717e384a67",
		"test_start":	{
			"protocol":	"UDP",
			"num_streams":	1,
			"blksize":	8192,
			"omit":	0,
			"duration":	9,
			"bytes":	0,
			"blocks":	0,
			"reverse":	0
		}
	},
	"intervals":	[{
			"streams":	[{
					"socket":	4,
					"start":	0,
					"end":	1.00024,
					"seconds":	1.00024,
					"bytes":	5660672,
					"bits_per_second":	4.52747e+07,
					"packets":	691,
					"omitted":	false
				}],
			"sum":	{
				"start":	0,
				"end":	1.00024,
				"seconds":	1.00024,
				"bytes":	5660672,
				"bits_per_second":	4.52747e+07,
				"packets":	691,
				"omitted":	false
			}
		}, {
			"streams":	[{
					"socket":	4,
					"start":	1.00024,
					"end":	2.00045,
					"seconds":	1.00021,
					"bytes":	6275072,
					"bits_per_second":	5.019e+07,
					"packets":	766,
					"omitted":	false
				}],
			"sum":	{
				"start":	1.00024,
				"end":	2.00045,
				"seconds":	1.00021,
				"bytes":	6275072,
				"bits_per_second":	5.019e+07,
				"packets":	766,
				"omitted":	false
			}
		}, {
			"streams":	[{
					"socket":	4,
					"start":	2.00045,
					"end":	3.00028,
					"seconds":	0.999831,
					"bytes":	6324224,
					"bits_per_second":	5.06023e+07,
					"packets":	772,
					"omitted":	false
				}],
			"sum":	{
				"start":	2.00045,
				"end":	3.00028,
				"seconds":	0.999831,
				"bytes":	6324224,
				"bits_per_second":	5.06023e+07,
				"packets":	772,
				"omitted":	false
			}
		}, {
			"streams":	[{
					"socket":	4,
					"start":	3.00028,
					"end":	4.00033,
					"seconds":	1.00005,
					"bytes":	6160384,
					"bits_per_second":	4.92804e+07,
					"packets":	752,
					"omitted":	false
				}],
			"sum":	{
				"start":	3.00028,
				"end":	4.00033,
				"seconds":	1.00005,
				"bytes":	6160384,
				"bits_per_second":	4.92804e+07,
				"packets":	752,
				"omitted":	false
			}
		}, {
			"streams":	[{
					"socket":	4,
					"start":	4.00033,
					"end":	5.00126,
					"seconds":	1.00092,
					"bytes":	6225920,
					"bits_per_second":	4.97614e+07,
					"packets":	760,
					"omitted":	false
				}],
			"sum":	{
				"start":	4.00033,
				"end":	5.00126,
				"seconds":	1.00092,
				"bytes":	6225920,
				"bits_per_second":	4.97614e+07,
				"packets":	760,
				"omitted":	false
			}
		}, {
			"streams":	[{
					"socket":	4,
					"start":	5.00126,
					"end":	6.00401,
					"seconds":	1.00276,
					"bytes":	6365184,
					"bits_per_second":	5.07813e+07,
					"packets":	777,
					"omitted":	false
				}],
			"sum":	{
				"start":	5.00126,
				"end":	6.00401,
				"seconds":	1.00276,
				"bytes":	6365184,
				"bits_per_second":	5.07813e+07,
				"packets":	777,
				"omitted":	false
			}
		}, {
			"streams":	[{
					"socket":	4,
					"start":	6.00401,
					"end":	7.00029,
					"seconds":	0.996272,
					"bytes":	6250496,
					"bits_per_second":	5.01911e+07,
					"packets":	763,
					"omitted":	false
				}],
			"sum":	{
				"start":	6.00401,
				"end":	7.00029,
				"seconds":	0.996272,
				"bytes":	6250496,
				"bits_per_second":	5.01911e+07,
				"packets":	763,
				"omitted":	false
			}
		}, {
			"streams":	[{
					"socket":	4,
					"start":	7.00029,
					"end":	8.00086,
					"seconds":	1.00058,
					"bytes":	6307840,
					"bits_per_second":	5.04336e+07,
					"packets":	770,
					"omitted":	false
				}],
			"sum":	{
				"start":	7.00029,
				"end":	8.00086,
				"seconds":	1.00058,
				"bytes":	6307840,
				"bits_per_second":	5.04336e+07,
				"packets":	770,
				"omitted":	false
			}
		}, {
			"streams":	[{
					"socket":	4,
					"start":	8.00086,
					"end":	9.00041,
					"seconds":	0.99955,
					"bytes":	6168576,
					"bits_per_second":	4.93708e+07,
					"packets":	753,
					"omitted":	false
				}],
			"sum":	{
				"start":	8.00086,
				"end":	9.00041,
				"seconds":	0.99955,
				"bytes":	6168576,
				"bits_per_second":	4.93708e+07,
				"packets":	753,
				"omitted":	false
			}
		}],
	"end":	{
		"streams":	[{
				"udp":	{
					"socket":	4,
					"start":	0,
					"end":	9.00041,
					"seconds":	9.00041,
					"bytes":	55738368,
					"bits_per_second":	4.95429e+07,
					"jitter_ms":	0.818525,
					"lost_packets":	187,
					"packets":	6804,
					"lost_percent":	2.74838
				}
			}],
		"sum":	{
			"start":	0,
			"end":	9.00041,
			"seconds":	9.00041,
			"bytes":	55738368,
			"bits_per_second":	4.95429e+07,
			"jitter_ms":	0.818525,
			"lost_packets":	187,
			"packets":	6804,
			"lost_percent":	2.74838
		},
		"cpu_utilization_percent":	{
			"host_total":	12.9142,
			"host_user":	0.304322,
			"host_system":	12.6099,
			"remote_total":	5.81299,
			"remote_user":	0.873807,
			"remote_system":	4.9392
		}
	}
}
