{
	"start":	{
		"connected":	[{
				"socket":	4,
				"local_host":	"10.0.0.7",
				"local_port":	41293,
				"remote_host":	"10.0.0.15",
				"remote_port":	2979
			}],
		"version":	"iperf 3.0.7",
		"system_info":	"Linux BS7 5.4.197-0504197-generic #202206060747 SMP Mon Jun 6 09:27:47 UTC 2022 x86_64 x86_64 x86_64 GNU/Linux\n",
		"timestamp":	{
			"time":	"Mon, 25 Jul 2022 21:43:56 GMT",
			"timesecs":	1658785436
		},
		"connecting_to":	{
			"host":	"10.0.0.15",
			"port":	2979
		},
		"cookie":	"BS7.1658785436.573110.5fb328fe11be40",
		"test_start":	{
			"protocol":	"UDP",
			"num_streams":	1,
			"blksize":	8192,
			"omit":	0,
			"duration":	15,
			"bytes":	0,
			"blocks":	0,
			"reverse":	0
		}
	},
	"intervals":	[{
			"streams":	[{
					"socket":	4,
					"start":	0,
					"end":	1.00151,
					"seconds":	1.00151,
					"bytes":	12075008,
					"bits_per_second":	9.6454e+07,
					"packets":	1474,
					"omitted":	false
				}],
			"sum":	{
				"start":	0,
				"end":	1.00151,
				"seconds":	1.00151,
				"bytes":	12075008,
				"bits_per_second":	9.6454e+07,
				"packets":	1474,
				"omitted":	false
			}
		}, {
			"streams":	[{
					"socket":	4,
					"start":	1.00151,
					"end":	2.00078,
					"seconds":	0.999264,
					"bytes":	11730944,
					"bits_per_second":	9.39167e+07,
					"packets":	1432,
					"omitted":	false
				}],
			"sum":	{
				"start":	1.00151,
				"end":	2.00078,
				"seconds":	0.999264,
				"bytes":	11730944,
				"bits_per_second":	9.39167e+07,
				"packets":	1432,
				"omitted":	false
			}
		}, {
			"streams":	[{
					"socket":	4,
					"start":	2.00078,
					"end":	3.00039,
					"seconds":	0.999612,
					"bytes":	12623872,
					"bits_per_second":	1.0103e+08,
					"packets":	1541,
					"omitted":	false
				}],
			"sum":	{
				"start":	2.00078,
				"end":	3.00039,
				"seconds":	0.999612,
				"bytes":	12623872,
				"bits_per_second":	1.0103e+08,
				"packets":	1541,
				"omitted":	false
			}
		}, {
			"streams":	[{
					"socket":	4,
					"start":	3.00039,
					"end":	4.0004,
					"seconds":	1.00001,
					"bytes":	12378112,
					"bits_per_second":	9.9024e+07,
					"packets":	1511,
					"omitted":	false
				}],
			"sum":	{
				"start":	3.00039,
				"end":	4.0004,
				"seconds":	1.00001,
				"bytes":	12378112,
				"bits_per_second":	9.9024e+07,
				"packets":	1511,
				"omitted":	false
			}
		}, {
			"streams":	[{
					"socket":	4,
					"start":	4.0004,
					"end":	5.00043,
					"seconds":	1.00003,
					"bytes":	12943360,
					"bits_per_second":	1.03543e+08,
					"packets":	1580,
					"omitted":	false
				}],
			"sum":	{
				"start":	4.0004,
				"end":	5.00043,
				"seconds":	1.00003,
				"bytes":	12943360,
				"bits_per_second":	1.03543e+08,
				"packets":	1580,
				"omitted":	false
			}
		}, {
			"streams":	[{
					"socket":	4,
					"start":	5.00043,
					"end":	6.00026,
					"seconds":	0.99983,
					"bytes":	12034048,
					"bits_per_second":	9.62888e+07,
					"packets":	1469,
					"omitted":	false
				}],
			"sum":	{
				"start":	5.00043,
				"end":	6.00026,
				"seconds":	0.99983,
				"bytes":	12034048,
				"bits_per_second":	9.62888e+07,
				"packets":	1469,
				"omitted":	false
			}
		}, {
			"streams":	[{
					"socket":	4,
					"start":	6.00026,
					"end":	7.00036,
					"seconds":	1.0001,
					"bytes":	12525568,
					"bits_per_second":	1.00195e+08,
					"packets":	1529,
					"omitted":	false
				}],
			"sum":	{
				"start":	6.00026,
				"end":	7.00036,
				"seconds":	1.0001,
				"bytes":	12525568,
				"bits_per_second":	1.00195e+08,
				"packets":	1529,
				"omitted":	false
			}
		}, {
			"streams":	[{
					"socket":	4,
					"start":	7.00036,
					"end":	8.00028,
					"seconds":	0.999916,
					"bytes":	12500992,
					"bits_per_second":	1.00016e+08,
					"packets":	1526,
					"omitted":	false
				}],
			"sum":	{
				"start":	7.00036,
				"end":	8.00028,
				"seconds":	0.999916,
				"bytes":	12500992,
				"bits_per_second":	1.00016e+08,
				"packets":	1526,
				"omitted":	false
			}
		}, {
			"streams":	[{
					"socket":	4,
					"start":	8.00028,
					"end":	9.00023,
					"seconds":	0.999953,
					"bytes":	12943360,
					"bits_per_second":	1.03552e+08,
					"packets":	1580,
					"omitted":	false
				}],
			"sum":	{
				"start":	8.00028,
				"end":	9.00023,
				"seconds":	0.999953,
				"bytes":	12943360,
				"bits_per_second":	1.03552e+08,
				"packets":	1580,
				"omitted":	false
			}
		}, {
			"streams":	[{
					"socket":	4,
					"start":	9.00023,
					"end":	10.0002,
					"seconds":	0.999997,
					"bytes":	12181504,
					"bits_per_second":	9.74523e+07,
					"packets":	1487,
					"omitted":	false
				}],
			"sum":	{
				"start":	9.00023,
				"end":	10.0002,
				"seconds":	0.999997,
				"bytes":	12181504,
				"bits_per_second":	9.74523e+07,
				"packets":	1487,
				"omitted":	false
			}
		}, {
			"streams":	[{
					"socket":	4,
					"start":	10.0002,
					"end":	11.0003,
					"seconds":	1.0001,
					"bytes":	12525568,
					"bits_per_second":	1.00194e+08,
					"packets":	1529,
					"omitted":	false
				}],
			"sum":	{
				"start":	10.0002,
				"end":	11.0003,
				"seconds":	1.0001,
				"bytes":	12525568,
				"bits_per_second":	1.00194e+08,
				"packets":	1529,
				"omitted":	false
			}
		}, {
			"streams":	[{
					"socket":	4,
					"start":	11.0003,
					"end":	12.0001,
					"seconds":	0.999741,
					"bytes":	12812288,
					"bits_per_second":	1.02525e+08,
					"packets":	1564,
					"omitted":	false
				}],
			"sum":	{
				"start":	11.0003,
				"end":	12.0001,
				"seconds":	0.999741,
				"bytes":	12812288,
				"bits_per_second":	1.02525e+08,
				"packets":	1564,
				"omitted":	false
			}
		}, {
			"streams":	[{
					"socket":	4,
					"start":	12.0001,
					"end":	13.0004,
					"seconds":	1.00032,
					"bytes":	12279808,
					"bits_per_second":	9.82066e+07,
					"packets":	1499,
					"omitted":	false
				}],
			"sum":	{
				"start":	12.0001,
				"end":	13.0004,
				"seconds":	1.00032,
				"bytes":	12279808,
				"bits_per_second":	9.82066e+07,
				"packets":	1499,
				"omitted":	false
			}
		}, {
			"streams":	[{
					"socket":	4,
					"start":	13.0004,
					"end":	14.0009,
					"seconds":	1.00054,
					"bytes":	12271616,
					"bits_per_second":	9.812e+07,
					"packets":	1498,
					"omitted":	false
				}],
			"sum":	{
				"start":	13.0004,
				"end":	14.0009,
				"seconds":	1.00054,
				"bytes":	12271616,
				"bits_per_second":	9.812e+07,
				"packets":	1498,
				"omitted":	false
			}
		}, {
			"streams":	[{
					"socket":	4,
					"start":	14.0009,
					"end":	15.0021,
					"seconds":	1.00118,
					"bytes":	12443648,
					"bits_per_second":	9.94319e+07,
					"packets":	1519,
					"omitted":	false
				}],
			"sum":	{
				"start":	14.0009,
				"end":	15.0021,
				"seconds":	1.00118,
				"bytes":	12443648,
				"bits_per_second":	9.94319e+07,
				"packets":	1519,
				"omitted":	false
			}
		}],
	"end":	{
		"streams":	[{
				"udp":	{
					"socket":	4,
					"start":	0,
					"end":	15.0021,
					"seconds":	15.0021,
					"bytes":	186269696,
					"bits_per_second":	9.93298e+07,
					"jitter_ms":	0.506282,
					"lost_packets":	298,
					"packets":	14167,
					"lost_percent":	2.10348
				}
			}],
		"sum":	{
			"start":	0,
			"end":	15.0021,
			"seconds":	15.0021,
			"bytes":	186269696,
			"bits_per_second":	9.93298e+07,
			"jitter_ms":	0.506282,
			"lost_packets":	298,
			"packets":	14167,
			"lost_percent":	2.10348
		},
		"cpu_utilization_percent":	{
			"host_total":	26.582,
			"host_user":	0.595256,
			"host_system":	25.9867,
			"remote_total":	5.25479,
			"remote_user":	0.62207,
			"remote_system":	4.63272
		}
	}
}
