{
	"start":	{
		"connected":	[{
				"socket":	4,
				"local_host":	"10.0.0.1",
				"local_port":	49906,
				"remote_host":	"10.0.0.11",
				"remote_port":	3713
			}],
		"version":	"iperf 3.0.7",
		"system_info":	"Linux H1 5.4.197-0504197-generic #202206060747 SMP Mon Jun 6 09:27:47 UTC 2022 x86_64 x86_64 x86_64 GNU/Linux\n",
		"timestamp":	{
			"time":	"Fri, 22 Jul 2022 15:01:23 GMT",
			"timesecs":	1658502083
		},
		"connecting_to":	{
			"host":	"10.0.0.11",
			"port":	3713
		},
		"cookie":	"H1.1658502083.972404.0e2fef1114c8211",
		"tcp_mss_default":	1448,
		"test_start":	{
			"protocol":	"TCP",
			"num_streams":	1,
			"blksize":	131072,
			"omit":	0,
			"duration":	5,
			"bytes":	0,
			"blocks":	0,
			"reverse":	0
		}
	},
	"intervals":	[{
			"streams":	[{
					"socket":	4,
					"start":	0,
					"end":	1.00094,
					"seconds":	1.00094,
					"bytes":	1703936,
					"bits_per_second":	1.36187e+07,
					"retransmits":	0,
					"snd_cwnd":	89776,
					"omitted":	false
				}],
			"sum":	{
				"start":	0,
				"end":	1.00094,
				"seconds":	1.00094,
				"bytes":	1703936,
				"bits_per_second":	1.36187e+07,
				"retransmits":	0,
				"omitted":	false
			}
		}, {
			"streams":	[{
					"socket":	4,
					"start":	1.00094,
					"end":	2.00046,
					"seconds":	0.999528,
					"bytes":	1966080,
					"bits_per_second":	1.57361e+07,
					"retransmits":	0,
					"snd_cwnd":	121632,
					"omitted":	false
				}],
			"sum":	{
				"start":	1.00094,
				"end":	2.00046,
				"seconds":	0.999528,
				"bytes":	1966080,
				"bits_per_second":	1.57361e+07,
				"retransmits":	0,
				"omitted":	false
			}
		}, {
			"streams":	[{
					"socket":	4,
					"start":	2.00046,
					"end":	3.00097,
					"seconds":	1.0005,
					"bytes":	1835008,
					"bits_per_second":	1.46727e+07,
					"retransmits":	0,
					"snd_cwnd":	153488,
					"omitted":	false
				}],
			"sum":	{
				"start":	2.00046,
				"end":	3.00097,
				"seconds":	1.0005,
				"bytes":	1835008,
				"bits_per_second":	1.46727e+07,
				"retransmits":	0,
				"omitted":	false
			}
		}, {
			"streams":	[{
					"socket":	4,
					"start":	3.00097,
					"end":	4.00073,
					"seconds":	0.999761,
					"bytes":	1835008,
					"bits_per_second":	1.46836e+07,
					"retransmits":	0,
					"snd_cwnd":	165072,
					"omitted":	false
				}],
			"sum":	{
				"start":	3.00097,
				"end":	4.00073,
				"seconds":	0.999761,
				"bytes":	1835008,
				"bits_per_second":	1.46836e+07,
				"retransmits":	0,
				"omitted":	false
			}
		}, {
			"streams":	[{
					"socket":	4,
					"start":	4.00073,
					"end":	5.00114,
					"seconds":	1.00042,
					"bytes":	1966080,
					"bits_per_second":	1.57221e+07,
					"retransmits":	0,
					"snd_cwnd":	173760,
					"omitted":	false
				}],
			"sum":	{
				"start":	4.00073,
				"end":	5.00114,
				"seconds":	1.00042,
				"bytes":	1966080,
				"bits_per_second":	1.57221e+07,
				"retransmits":	0,
				"omitted":	false
			}
		}],
	"end":	{
		"streams":	[{
				"sender":	{
					"socket":	4,
					"start":	0,
					"end":	5.00114,
					"seconds":	5.00114,
					"bytes":	9306112,
					"bits_per_second":	1.48864e+07,
					"retransmits":	0
				},
				"receiver":	{
					"socket":	4,
					"start":	0,
					"end":	5.00114,
					"seconds":	5.00114,
					"bytes":	9306112,
					"bits_per_second":	1.48864e+07
				}
			}],
		"sum_sent":	{
			"start":	0,
			"end":	5.00114,
			"seconds":	5.00114,
			"bytes":	9306112,
			"bits_per_second":	1.48864e+07,
			"retransmits":	0
		},
		"sum_received":	{
			"start":	0,
			"end":	5.00114,
			"seconds":	5.00114,
			"bytes":	9306112,
			"bits_per_second":	1.48864e+07
		},
		"cpu_utilization_percent":	{
			"host_total":	0.44718,
			"host_user":	0,
			"host_system":	0.44716,
			"remote_total":	1.66783,
			"remote_user":	0.344149,
			"remote_system":	1.32372
		}
	}
}
