{
	"start":	{
		"connected":	[{
				"socket":	4,
				"local_host":	"10.0.0.2",
				"local_port":	48346,
				"remote_host":	"10.0.0.9",
				"remote_port":	1425
			}],
		"version":	"iperf 3.0.7",
		"system_info":	"Linux BS2 5.4.197-0504197-generic #202206060747 SMP Mon Jun 6 09:27:47 UTC 2022 x86_64 x86_64 x86_64 GNU/Linux\n",
		"timestamp":	{
			"time":	"Mon, 25 Jul 2022 21:50:56 GMT",
			"timesecs":	1658785856
		},
		"connecting_to":	{
			"host":	"10.0.0.9",
			"port":	1425
		},
		"cookie":	"BS2.1658785856.545024.1f5acb7650b356",
		"test_start":	{
			"protocol":	"UDP",
			"num_streams":	1,
			"blksize":	8192,
			"omit":	0,
			"duration":	13,
			"bytes":	0,
			"blocks":	0,
			"reverse":	0
		}
	},
	"intervals":	[{
			"streams":	[{
					"socket":	4,
					"start":	0,
					"end":	1.00042,
					"seconds":	1.00042,
					"bytes":	23920640,
					"bits_per_second":	1.91285e+08,
					"packets":	2920,
					"omitted":	false
				}],
			"sum":	{
				"start":	0,
				"end":	1.00042,
				"seconds":	1.00042,
				"bytes":	23920640,
				"bits_per_second":	1.91285e+08,
				"packets":	2920,
				"omitted":	false
			}
		}, {
			"streams":	[{
					"socket":	4,
					"start":	1.00042,
					"end":	2.00025,
					"seconds":	0.999834,
					"bytes":	24608768,
					"bits_per_second":	1.96903e+08,
					"packets":	3004,
					"omitted":	false
				}],
			"sum":	{
				"start":	1.00042,
				"end":	2.00025,
				"seconds":	0.999834,
				"bytes":	24608768,
				"bits_per_second":	1.96903e+08,
				"packets":	3004,
				"omitted":	false
			}
		}, {
			"streams":	[{
					"socket":	4,
					"start":	2.00025,
					"end":	3.00029,
					"seconds":	1.00004,
					"bytes":	26107904,
					"bits_per_second":	2.08856e+08,
					"packets":	3187,
					"omitted":	false
				}],
			"sum":	{
				"start":	2.00025,
				"end":	3.00029,
				"seconds":	1.00004,
				"bytes":	26107904,
				"bits_per_second":	2.08856e+08,
				"packets":	3187,
				"omitted":	false
			}
		}, {
			"streams":	[{
					"socket":	4,
					"start":	3.00029,
					"end":	4.00285,
					"seconds":	1.00256,
					"bytes":	25018368,
					"bits_per_second":	1.99635e+08,
					"packets":	3054,
					"omitted":	false
				}],
			"sum":	{
				"start":	3.00029,
				"end":	4.00285,
				"seconds":	1.00256,
				"bytes":	25018368,
				"bits_per_second":	1.99635e+08,
				"packets":	3054,
				"omitted":	false
			}
		}, {
			"streams":	[{
					"socket":	4,
					"start":	4.00285,
					"end":	5.00412,
					"seconds":	1.00126,
					"bytes":	24371200,
					"bits_per_second":	1.94723e+08,
					"packets":	2975,
					"omitted":	false
				}],
			"sum":	{
				"start":	4.00285,
				"end":	5.00412,
				"seconds":	1.00126,
				"bytes":	24371200,
				"bits_per_second":	1.94723e+08,
				"packets":	2975,
				"omitted":	false
			}
		}, {
			"streams":	[{
					"socket":	4,
					"start":	5.00412,
					"end":	6.00057,
					"seconds":	0.99645,
					"bytes":	24969216,
					"bits_per_second":	2.00465e+08,
					"packets":	3048,
					"omitted":	false
				}],
			"sum":	{
				"start":	5.00412,
				"end":	6.00057,
				"seconds":	0.99645,
				"bytes":	24969216,
				"bits_per_second":	2.00465e+08,
				"packets":	3048,
				"omitted":	false
			}
		}, {
			"streams":	[{
					"socket":	4,
					"start":	6.00057,
					"end":	7.00207,
					"seconds":	1.00151,
					"bytes":	23846912,
					"bits_per_second":	1.90488e+08,
					"packets":	2911,
					"omitted":	false
				}],
			"sum":	{
				"start":	6.00057,
				"end":	7.00207,
				"seconds":	1.00151,
				"bytes":	23846912,
				"bits_per_second":	1.90488e+08,
				"packets":	2911,
				"omitted":	false
			}
		}, {
			"streams":	[{
					"socket":	4,
					"start":	7.00207,
					"end":	8.00044,
					"seconds":	0.998367,
					"bytes":	25378816,
					"bits_per_second":	2.03363e+08,
					"packets":	3098,
					"omitted":	false
				}],
			"sum":	{
				"start":	7.00207,
				"end":	8.00044,
				"seconds":	0.998367,
				"bytes":	25378816,
				"bits_per_second":	2.03363e+08,
				"packets":	3098,
				"omitted":	false
			}
		}, {
			"streams":	[{
					"socket":	4,
					"start":	8.00044,
					"end":	9.00011,
					"seconds":	0.999673,
					"bytes":	25395200,
					"bits_per_second":	2.03228e+08,
					"packets":	3100,
					"omitted":	false
				}],
			"sum":	{
				"start":	8.00044,
				"end":	9.00011,
				"seconds":	0.999673,
				"bytes":	25395200,
				"bits_per_second":	2.03228e+08,
				"packets":	3100,
				"omitted":	false
			}
		}, {
			"streams":	[{
					"socket":	4,
					"start":	9.00011,
					"end":	10.0006,
					"seconds":	1.00049,
					"bytes":	25591808,
					"bits_per_second":	2.04635e+08,
					"packets":	3124,
					"omitted":	false
				}],
			"sum":	{
				"start":	9.00011,
				"end":	10.0006,
				"seconds":	1.00049,
				"bytes":	25591808,
				"bits_per_second":	2.04635e+08,
				"packets":	3124,
				"omitted":	false
			}
		}, {
			"streams":	[{
					"socket":	4,
					"start":	10.0006,
					"end":	11.0002,
					"seconds":	0.999622,
					"bytes":	24641536,
					"bits_per_second":	1.97207e+08,
					"packets":	3008,
					"omitted":	false
				}],
			"sum":	{
				"start":	10.0006,
				"end":	11.0002,
				"seconds":	0.999622,
				"bytes":	24641536,
				"bits_per_second":	1.97207e+08,
				"packets":	3008,
				"omitted":	false
			}
		}, {
			"streams":	[{
					"socket":	4,
					"start":	11.0002,
					"end":	12.0005,
					"seconds":	1.0003,
					"bytes":	25042944,
					"bits_per_second":	2.00284e+08,
					"packets":	3057,
					"omitted":	false
				}],
			"sum":	{
				"start":	11.0002,
				"end":	12.0005,
				"seconds":	1.0003,
				"bytes":	25042944,
				"bits_per_second":	2.00284e+08,
				"packets":	3057,
				"omitted":	false
			}
		}, {
			"streams":	[{
					"socket":	4,
					"start":	12.0005,
					"end":	13.0035,
					"seconds":	1.00296,
					"bytes":	24698880,
					"bits_per_second":	1.97007e+08,
					"packets":	3015,
					"omitted":	false
				}],
			"sum":	{
				"start":	12.0005,
				"end":	13.0035,
				"seconds":	1.00296,
				"bytes":	24698880,
				"bits_per_second":	1.97007e+08,
				"packets":	3015,
				"omitted":	false
			}
		}],
	"end":	{
		"streams":	[{
				"udp":	{
					"socket":	4,
					"start":	0,
					"end":	13.0035,
					"seconds":	13.0035,
					"bytes":	323592192,
					"bits_per_second":	1.9908e+08,
					"jitter_ms":	0.465277,
					"lost_packets":	4053,
					"packets":	39483,
					"lost_percent":	10.2652
				}
			}],
		"sum":	{
			"start":	0,
			"end":	13.0035,
			"seconds":	13.0035,
			"bytes":	323592192,
			"bits_per_second":	1.9908e+08,
			"jitter_ms":	0.465277,
			"lost_packets":	4053,
			"packets":	39483,
			"lost_percent":	10.2652
		},
		"cpu_utilization_percent":	{
			"host_total":	47.9331,
			"host_user":	1.11888,
			"host_system":	46.8142,
			"remote_total":	15.1669,
			"remote_user":	1.73395,
			"remote_system":	13.433
		}
	}
}
