{
	"start":	{
		"connected":	[{
				"socket":	4,
				"local_host":	"10.0.0.7",
				"local_port":	40455,
				"remote_host":	"10.0.0.14",
				"remote_port":	1496
			}],
		"version":	"iperf 3.0.7",
		"system_info":	"Linux BS7 5.4.197-0504197-generic #202206060747 SMP Mon Jun 6 09:27:47 UTC 2022 x86_64 x86_64 x86_64 GNU/Linux\n",
		"timestamp":	{
			"time":	"Mon, 25 Jul 2022 21:48:19 GMT",
			"timesecs":	1658785699
		},
		"connecting_to":	{
			"host":	"10.0.0.14",
			"port":	1496
		},
		"cookie":	"BS7.1658785699.950401.5bb373fc4e749c",
		"test_start":	{
			"protocol":	"UDP",
			"num_streams":	1,
			"blksize":	8192,
			"omit":	0,
			"duration":	12,
			"bytes":	0,
			"blocks":	0,
			"reverse":	0
		}
	},
	"intervals":	[{
			"streams":	[{
					"socket":	4,
					"start":	0,
					"end":	1.00041,
					"seconds":	1.00041,
					"bytes":	2973696,
					"bits_per_second":	2.37798e+07,
					"packets":	363,
					"omitted":	false
				}],
			"sum":	{
				"start":	0,
				"end":	1.00041,
				"seconds":	1.00041,
				"bytes":	2973696,
				"bits_per_second":	2.37798e+07,
				"packets":	363,
				"omitted":	false
			}
		}, {
			"streams":	[{
					"socket":	4,
					"start":	1.00041,
					"end":	2.00039,
					"seconds":	0.99998,
					"bytes":	3211264,
					"bits_per_second":	2.56906e+07,
					"packets":	392,
					"omitted":	false
				}],
			"sum":	{
				"start":	1.00041,
				"end":	2.00039,
				"seconds":	0.99998,
				"bytes":	3211264,
				"bits_per_second":	2.56906e+07,
				"packets":	392,
				"omitted":	false
			}
		}, {
			"streams":	[{
					"socket":	4,
					"start":	2.00039,
					"end":	3.0004,
					"seconds":	1.00001,
					"bytes":	2932736,
					"bits_per_second":	2.34617e+07,
					"packets":	358,
					"omitted":	false
				}],
			"sum":	{
				"start":	2.00039,
				"end":	3.0004,
				"seconds":	1.00001,
				"bytes":	2932736,
				"bits_per_second":	2.34617e+07,
				"packets":	358,
				"omitted":	false
			}
		}, {
			"streams":	[{
					"socket":	4,
					"start":	3.0004,
					"end":	4.00099,
					"seconds":	1.00059,
					"bytes":	3235840,
					"bits_per_second":	2.58714e+07,
					"packets":	395,
					"omitted":	false
				}],
			"sum":	{
				"start":	3.0004,
				"end":	4.00099,
				"seconds":	1.00059,
				"bytes":	3235840,
				"bits_per_second":	2.58714e+07,
				"packets":	395,
				"omitted":	false
			}
		}, {
			"streams":	[{
					"socket":	4,
					"start":	4.00099,
					"end":	5.00221,
					"seconds":	1.00123,
					"bytes":	3121152,
					"bits_per_second":	2.49386e+07,
					"packets":	381,
					"omitted":	false
				}],
			"sum":	{
				"start":	4.00099,
				"end":	5.00221,
				"seconds":	1.00123,
				"bytes":	3121152,
				"bits_per_second":	2.49386e+07,
				"packets":	381,
				"omitted":	false
			}
		}, {
			"streams":	[{
					"socket":	4,
					"start":	5.00221,
					"end":	6.0199,
					"seconds":	1.01768,
					"bytes":	2998272,
					"bits_per_second":	2.35694e+07,
					"packets":	366,
					"omitted":	false
				}],
			"sum":	{
				"start":	5.00221,
				"end":	6.0199,
				"seconds":	1.01768,
				"bytes":	2998272,
				"bits_per_second":	2.35694e+07,
				"packets":	366,
				"omitted":	false
			}
		}, {
			"streams":	[{
					"socket":	4,
					"start":	6.0199,
					"end":	7.00366,
					"seconds":	0.98376,
					"bytes":	3145728,
					"bits_per_second":	2.55813e+07,
					"packets":	384,
					"omitted":	false
				}],
			"sum":	{
				"start":	6.0199,
				"end":	7.00366,
				"seconds":	0.98376,
				"bytes":	3145728,
				"bits_per_second":	2.55813e+07,
				"packets":	384,
				"omitted":	false
			}
		}, {
			"streams":	[{
					"socket":	4,
					"start":	7.00366,
					"end":	8.00028,
					"seconds":	0.996621,
					"bytes":	3096576,
					"bits_per_second":	2.48566e+07,
					"packets":	378,
					"omitted":	false
				}],
			"sum":	{
				"start":	7.00366,
				"end":	8.00028,
				"seconds":	0.996621,
				"bytes":	3096576,
				"bits_per_second":	2.48566e+07,
				"packets":	378,
				"omitted":	false
			}
		}, {
			"streams":	[{
					"socket":	4,
					"start":	8.00028,
					"end":	9.00022,
					"seconds":	0.99994,
					"bytes":	3186688,
					"bits_per_second":	2.5495e+07,
					"packets":	389,
					"omitted":	false
				}],
			"sum":	{
				"start":	8.00028,
				"end":	9.00022,
				"seconds":	0.99994,
				"bytes":	3186688,
				"bits_per_second":	2.5495e+07,
				"packets":	389,
				"omitted":	false
			}
		}, {
			"streams":	[{
					"socket":	4,
					"start":	9.00022,
					"end":	10.0002,
					"seconds":	0.999979,
					"bytes":	3137536,
					"bits_per_second":	2.51008e+07,
					"packets":	383,
					"omitted":	false
				}],
			"sum":	{
				"start":	9.00022,
				"end":	10.0002,
				"seconds":	0.999979,
				"bytes":	3137536,
				"bits_per_second":	2.51008e+07,
				"packets":	383,
				"omitted":	false
			}
		}, {
			"streams":	[{
					"socket":	4,
					"start":	10.0002,
					"end":	11.0004,
					"seconds":	1.00019,
					"bytes":	3063808,
					"bits_per_second":	2.45059e+07,
					"packets":	374,
					"omitted":	false
				}],
			"sum":	{
				"start":	10.0002,
				"end":	11.0004,
				"seconds":	1.00019,
				"bytes":	3063808,
				"bits_per_second":	2.45059e+07,
				"packets":	374,
				"omitted":	false
			}
		}, {
			"streams":	[{
					"socket":	4,
					"start":	11.0004,
					"end":	12.0027,
					"seconds":	1.00235,
					"bytes":	3137536,
					"bits_per_second":	2.50415e+07,
					"packets":	383,
					"omitted":	false
				}],
			"sum":	{
				"start":	11.0004,
				"end":	12.0027,
				"seconds":	1.00235,
				"bytes":	3137536,
				"bits_per_second":	2.50415e+07,
				"packets":	383,
				"omitted":	false
			}
		}],
	"end":	{
		"streams":	[{
				"udp":	{
					"socket":	4,
					"start":	0,
					"end":	12.0027,
					"seconds":	12.0027,
					"bytes":	37240832,
					"bits_per_second":	2.48216e+07,
					"jitter_ms":	0.555843,
					"lost_packets":	235,
					"packets":	4546,
					"lost_percent":	5.16938
				}
			}],
		"sum":	{
			"start":	0,
			"end":	12.0027,
			"seconds":	12.0027,
			"bytes":	37240832,
			"bits_per_second":	2.48216e+07,
			"jitter_ms":	0.555843,
			"lost_packets":	235,
			"packets":	4546,
			"lost_percent":	5.16938
		},
		"cpu_utilization_percent":	{
			"host_total":	6.81705,
			"host_user":	0.220107,
			"host_system":	6.59693,
			"remote_total":	2.96452,
			"remote_user":	0.170536,
			"remote_system":	2.79394
		}
	}
}
