{
	"start":	{
		"connected":	[{
				"socket":	4,
				"local_host":	"10.0.0.4",
				"local_port":	37851,
				"remote_host":	"10.0.0.15",
				"remote_port":	1231
			}],
		"version":	"iperf 3.0.7",
		"system_info":	"Linux BS4 5.4.197-0504197-generic #202206060747 SMP Mon Jun 6 09:27:47 UTC 2022 x86_64 x86_64 x86_64 GNU/Linux\n",
		"timestamp":	{
			"time":	"Mon, 25 Jul 2022 21:48:03 GMT",
			"timesecs":	1658785683
		},
		"connecting_to":	{
			"host":	"10.0.0.15",
			"port":	1231
		},
		"cookie":	"BS4.1658785683.405545.6baf85835850f6",
		"test_start":	{
			"protocol":	"UDP",
			"num_streams":	1,
			"blksize":	8192,
			"omit":	0,
			"duration":	33,
			"bytes":	0,
			"blocks":	0,
			"reverse":	0
		}
	},
	"intervals":	[{
			"streams":	[{
					"socket":	4,
					"start":	0,
					"end":	1.0033,
					"seconds":	1.0033,
					"bytes":	11960320,
					"bits_per_second":	9.53679e+07,
					"packets":	1460,
					"omitted":	false
				}],
			"sum":	{
				"start":	0,
				"end":	1.0033,
				"seconds":	1.0033,
				"bytes":	11960320,
				"bits_per_second":	9.53679e+07,
				"packets":	1460,
				"omitted":	false
			}
		}, {
			"streams":	[{
					"socket":	4,
					"start":	1.0033,
					"end":	2.0083,
					"seconds":	1.005,
					"bytes":	11051008,
					"bits_per_second":	8.79684e+07,
					"packets":	1349,
					"omitted":	false
				}],
			"sum":	{
				"start":	1.0033,
				"end":	2.0083,
				"seconds":	1.005,
				"bytes":	11051008,
				"bits_per_second":	8.79684e+07,
				"packets":	1349,
				"omitted":	false
			}
		}, {
			"streams":	[{
					"socket":	4,
					"start":	2.0083,
					"end":	3.00621,
					"seconds":	0.997908,
					"bytes":	10387456,
					"bits_per_second":	8.32738e+07,
					"packets":	1268,
					"omitted":	false
				}],
			"sum":	{
				"start":	2.0083,
				"end":	3.00621,
				"seconds":	0.997908,
				"bytes":	10387456,
				"bits_per_second":	8.32738e+07,
				"packets":	1268,
				"omitted":	false
			}
		}, {
			"streams":	[{
					"socket":	4,
					"start":	3.00621,
					"end":	4.00756,
					"seconds":	1.00135,
					"bytes":	10240000,
					"bits_per_second":	8.18096e+07,
					"packets":	1250,
					"omitted":	false
				}],
			"sum":	{
				"start":	3.00621,
				"end":	4.00756,
				"seconds":	1.00135,
				"bytes":	10240000,
				"bits_per_second":	8.18096e+07,
				"packets":	1250,
				"omitted":	false
			}
		}, {
			"streams":	[{
					"socket":	4,
					"start":	4.00756,
					"end":	5.00011,
					"seconds":	0.992554,
					"bytes":	12820480,
					"bits_per_second":	1.03333e+08,
					"packets":	1565,
					"omitted":	false
				}],
			"sum":	{
				"start":	4.00756,
				"end":	5.00011,
				"seconds":	0.992554,
				"bytes":	12820480,
				"bits_per_second":	1.03333e+08,
				"packets":	1565,
				"omitted":	false
			}
		}, {
			"streams":	[{
					"socket":	4,
					"start":	5.00011,
					"end":	6.00929,
					"seconds":	1.00918,
					"bytes":	11264000,
					"bits_per_second":	8.92925e+07,
					"packets":	1375,
					"omitted":	false
				}],
			"sum":	{
				"start":	5.00011,
				"end":	6.00929,
				"seconds":	1.00918,
				"bytes":	11264000,
				"bits_per_second":	8.92925e+07,
				"packets":	1375,
				"omitted":	false
			}
		}, {
			"streams":	[{
					"socket":	4,
					"start":	6.00929,
					"end":	7.00106,
					"seconds":	0.991769,
					"bytes":	14548992,
					"bits_per_second":	1.17358e+08,
					"packets":	1776,
					"omitted":	false
				}],
			"sum":	{
				"start":	6.00929,
				"end":	7.00106,
				"seconds":	0.991769,
				"bytes":	14548992,
				"bits_per_second":	1.17358e+08,
				"packets":	1776,
				"omitted":	false
			}
		}, {
			"streams":	[{
					"socket":	4,
					"start":	7.00106,
					"end":	8.00079,
					"seconds":	0.999738,
					"bytes":	14557184,
					"bits_per_second":	1.16488e+08,
					"packets":	1777,
					"omitted":	false
				}],
			"sum":	{
				"start":	7.00106,
				"end":	8.00079,
				"seconds":	0.999738,
				"bytes":	14557184,
				"bits_per_second":	1.16488e+08,
				"packets":	1777,
				"omitted":	false
			}
		}, {
			"streams":	[{
					"socket":	4,
					"start":	8.00079,
					"end":	9.00747,
					"seconds":	1.00668,
					"bytes":	11354112,
					"bits_per_second":	9.02304e+07,
					"packets":	1386,
					"omitted":	false
				}],
			"sum":	{
				"start":	8.00079,
				"end":	9.00747,
				"seconds":	1.00668,
				"bytes":	11354112,
				"bits_per_second":	9.02304e+07,
				"packets":	1386,
				"omitted":	false
			}
		}, {
			"streams":	[{
					"socket":	4,
					"start":	9.00747,
					"end":	10.0042,
					"seconds":	0.996751,
					"bytes":	10797056,
					"bits_per_second":	8.6658e+07,
					"packets":	1318,
					"omitted":	false
				}],
			"sum":	{
				"start":	9.00747,
				"end":	10.0042,
				"seconds":	0.996751,
				"bytes":	10797056,
				"bits_per_second":	8.6658e+07,
				"packets":	1318,
				"omitted":	false
			}
		}, {
			"streams":	[{
					"socket":	4,
					"start":	10.0042,
					"end":	11.0007,
					"seconds":	0.996458,
					"bytes":	11018240,
					"bits_per_second":	8.84592e+07,
					"packets":	1345,
					"omitted":	false
				}],
			"sum":	{
				"start":	10.0042,
				"end":	11.0007,
				"seconds":	0.996458,
				"bytes":	11018240,
				"bits_per_second":	8.84592e+07,
				"packets":	1345,
				"omitted":	false
			}
		}, {
			"streams":	[{
					"socket":	4,
					"start":	11.0007,
					"end":	12.0051,
					"seconds":	1.00443,
					"bytes":	9674752,
					"bits_per_second":	7.70567e+07,
					"packets":	1181,
					"omitted":	false
				}],
			"sum":	{
				"start":	11.0007,
				"end":	12.0051,
				"seconds":	1.00443,
				"bytes":	9674752,
				"bits_per_second":	7.70567e+07,
				"packets":	1181,
				"omitted":	false
			}
		}, {
			"streams":	[{
					"socket":	4,
					"start":	12.0051,
					"end":	13.0084,
					"seconds":	1.00329,
					"bytes":	10584064,
					"bits_per_second":	8.43945e+07,
					"packets":	1292,
					"omitted":	false
				}],
			"sum":	{
				"start":	12.0051,
				"end":	13.0084,
				"seconds":	1.00329,
				"bytes":	10584064,
				"bits_per_second":	8.43945e+07,
				"packets":	1292,
				"omitted":	false
			}
		}, {
			"streams":	[{
					"socket":	4,
					"start":	13.0084,
					"end":	14.0307,
					"seconds":	1.02231,
					"bytes":	14090240,
					"bits_per_second":	1.10262e+08,
					"packets":	1720,
					"omitted":	false
				}],
			"sum":	{
				"start":	13.0084,
				"end":	14.0307,
				"seconds":	1.02231,
				"bytes":	14090240,
				"bits_per_second":	1.10262e+08,
				"packets":	1720,
				"omitted":	false
			}
		}, {
			"streams":	[{
					"socket":	4,
					"start":	14.0307,
					"end":	15.0028,
					"seconds":	0.972097,
					"bytes":	11018240,
					"bits_per_second":	9.0676e+07,
					"packets":	1345,
					"omitted":	false
				}],
			"sum":	{
				"start":	14.0307,
				"end":	15.0028,
				"seconds":	0.972097,
				"bytes":	11018240,
				"bits_per_second":	9.0676e+07,
				"packets":	1345,
				"omitted":	false
			}
		}, {
			"streams":	[{
					"socket":	4,
					"start":	15.0028,
					"end":	16.0004,
					"seconds":	0.997547,
					"bytes":	9764864,
					"bits_per_second":	7.8311e+07,
					"packets":	1192,
					"omitted":	false
				}],
			"sum":	{
				"start":	15.0028,
				"end":	16.0004,
				"seconds":	0.997547,
				"bytes":	9764864,
				"bits_per_second":	7.8311e+07,
				"packets":	1192,
				"omitted":	false
			}
		}, {
			"streams":	[{
					"socket":	4,
					"start":	16.0004,
					"end":	17.0004,
					"seconds":	1,
					"bytes":	12337152,
					"bits_per_second":	9.86971e+07,
					"packets":	1506,
					"omitted":	false
				}],
			"sum":	{
				"start":	16.0004,
				"end":	17.0004,
				"seconds":	1,
				"bytes":	12337152,
				"bits_per_second":	9.86971e+07,
				"packets":	1506,
				"omitted":	false
			}
		}, {
			"streams":	[{
					"socket":	4,
					"start":	17.0004,
					"end":	18.001,
					"seconds":	1.00061,
					"bytes":	8421376,
					"bits_per_second":	6.73302e+07,
					"packets":	1028,
					"omitted":	false
				}],
			"sum":	{
				"start":	17.0004,
				"end":	18.001,
				"seconds":	1.00061,
				"bytes":	8421376,
				"bits_per_second":	6.73302e+07,
				"packets":	1028,
				"omitted":	false
			}
		}, {
			"streams":	[{
					"socket":	4,
					"start":	18.001,
					"end":	19.0002,
					"seconds":	0.99925,
					"bytes":	12140544,
					"bits_per_second":	9.71973e+07,
					"packets":	1482,
					"omitted":	false
				}],
			"sum":	{
				"start":	18.001,
				"end":	19.0002,
				"seconds":	0.99925,
				"bytes":	12140544,
				"bits_per_second":	9.71973e+07,
				"packets":	1482,
				"omitted":	false
			}
		}, {
			"streams":	[{
					"socket":	4,
					"start":	19.0002,
					"end":	20.0005,
					"seconds":	1.00031,
					"bytes":	12828672,
					"bits_per_second":	1.02597e+08,
					"packets":	1566,
					"omitted":	false
				}],
			"sum":	{
				"start":	19.0002,
				"end":	20.0005,
				"seconds":	1.00031,
				"bytes":	12828672,
				"bits_per_second":	1.02597e+08,
				"packets":	1566,
				"omitted":	false
			}
		}, {
			"streams":	[{
					"socket":	4,
					"start":	20.0005,
					"end":	21.0006,
					"seconds":	1.00003,
					"bytes":	12500992,
					"bits_per_second":	1.00005e+08,
					"packets":	1526,
					"omitted":	false
				}],
			"sum":	{
				"start":	20.0005,
				"end":	21.0006,
				"seconds":	1.00003,
				"bytes":	12500992,
				"bits_per_second":	1.00005e+08,
				"packets":	1526,
				"omitted":	false
			}
		}, {
			"streams":	[{
					"socket":	4,
					"start":	21.0006,
					"end":	22.0016,
					"seconds":	1.00104,
					"bytes":	13246464,
					"bits_per_second":	1.05861e+08,
					"packets":	1617,
					"omitted":	false
				}],
			"sum":	{
				"start":	21.0006,
				"end":	22.0016,
				"seconds":	1.00104,
				"bytes":	13246464,
				"bits_per_second":	1.05861e+08,
				"packets":	1617,
				"omitted":	false
			}
		}, {
			"streams":	[{
					"socket":	4,
					"start":	22.0016,
					"end":	23.0006,
					"seconds":	0.99896,
					"bytes":	14696448,
					"bits_per_second":	1.17694e+08,
					"packets":	1794,
					"omitted":	false
				}],
			"sum":	{
				"start":	22.0016,
				"end":	23.0006,
				"seconds":	0.99896,
				"bytes":	14696448,
				"bits_per_second":	1.17694e+08,
				"packets":	1794,
				"omitted":	false
			}
		}, {
			"streams":	[{
					"socket":	4,
					"start":	23.0006,
					"end":	24.0039,
					"seconds":	1.00337,
					"bytes":	12304384,
					"bits_per_second":	9.81043e+07,
					"packets":	1502,
					"omitted":	false
				}],
			"sum":	{
				"start":	23.0006,
				"end":	24.0039,
				"seconds":	1.00337,
				"bytes":	12304384,
				"bits_per_second":	9.81043e+07,
				"packets":	1502,
				"omitted":	false
			}
		}, {
			"streams":	[{
					"socket":	4,
					"start":	24.0039,
					"end":	25.0058,
					"seconds":	1.00184,
					"bytes":	12787712,
					"bits_per_second":	1.02113e+08,
					"packets":	1561,
					"omitted":	false
				}],
			"sum":	{
				"start":	24.0039,
				"end":	25.0058,
				"seconds":	1.00184,
				"bytes":	12787712,
				"bits_per_second":	1.02113e+08,
				"packets":	1561,
				"omitted":	false
			}
		}, {
			"streams":	[{
					"socket":	4,
					"start":	25.0058,
					"end":	26.0004,
					"seconds":	0.994631,
					"bytes":	14712832,
					"bits_per_second":	1.18338e+08,
					"packets":	1796,
					"omitted":	false
				}],
			"sum":	{
				"start":	25.0058,
				"end":	26.0004,
				"seconds":	0.994631,
				"bytes":	14712832,
				"bits_per_second":	1.18338e+08,
				"packets":	1796,
				"omitted":	false
			}
		}, {
			"streams":	[{
					"socket":	4,
					"start":	26.0004,
					"end":	27.0057,
					"seconds":	1.0053,
					"bytes":	10764288,
					"bits_per_second":	8.566e+07,
					"packets":	1314,
					"omitted":	false
				}],
			"sum":	{
				"start":	26.0004,
				"end":	27.0057,
				"seconds":	1.0053,
				"bytes":	10764288,
				"bits_per_second":	8.566e+07,
				"packets":	1314,
				"omitted":	false
			}
		}, {
			"streams":	[{
					"socket":	4,
					"start":	27.0057,
					"end":	28.0001,
					"seconds":	0.994348,
					"bytes":	12705792,
					"bits_per_second":	1.02224e+08,
					"packets":	1551,
					"omitted":	false
				}],
			"sum":	{
				"start":	27.0057,
				"end":	28.0001,
				"seconds":	0.994348,
				"bytes":	12705792,
				"bits_per_second":	1.02224e+08,
				"packets":	1551,
				"omitted":	false
			}
		}, {
			"streams":	[{
					"socket":	4,
					"start":	28.0001,
					"end":	29.0022,
					"seconds":	1.0021,
					"bytes":	12156928,
					"bits_per_second":	9.70517e+07,
					"packets":	1484,
					"omitted":	false
				}],
			"sum":	{
				"start":	28.0001,
				"end":	29.0022,
				"seconds":	1.0021,
				"bytes":	12156928,
				"bits_per_second":	9.70517e+07,
				"packets":	1484,
				"omitted":	false
			}
		}, {
			"streams":	[{
					"socket":	4,
					"start":	29.0022,
					"end":	30.0034,
					"seconds":	1.00124,
					"bytes":	9773056,
					"bits_per_second":	7.80877e+07,
					"packets":	1193,
					"omitted":	false
				}],
			"sum":	{
				"start":	29.0022,
				"end":	30.0034,
				"seconds":	1.00124,
				"bytes":	9773056,
				"bits_per_second":	7.80877e+07,
				"packets":	1193,
				"omitted":	false
			}
		}, {
			"streams":	[{
					"socket":	4,
					"start":	30.0034,
					"end":	31.0044,
					"seconds":	1.00095,
					"bytes":	10526720,
					"bits_per_second":	8.41336e+07,
					"packets":	1285,
					"omitted":	false
				}],
			"sum":	{
				"start":	30.0034,
				"end":	31.0044,
				"seconds":	1.00095,
				"bytes":	10526720,
				"bits_per_second":	8.41336e+07,
				"packets":	1285,
				"omitted":	false
			}
		}, {
			"streams":	[{
					"socket":	4,
					"start":	31.0044,
					"end":	32.0078,
					"seconds":	1.00341,
					"bytes":	11894784,
					"bits_per_second":	9.48349e+07,
					"packets":	1452,
					"omitted":	false
				}],
			"sum":	{
				"start":	31.0044,
				"end":	32.0078,
				"seconds":	1.00341,
				"bytes":	11894784,
				"bits_per_second":	9.48349e+07,
				"packets":	1452,
				"omitted":	false
			}
		}, {
			"streams":	[{
					"socket":	4,
					"start":	32.0078,
					"end":	33.0115,
					"seconds":	1.00371,
					"bytes":	9453568,
					"bits_per_second":	7.53491e+07,
					"packets":	1154,
					"omitted":	false
				}],
			"sum":	{
				"start":	32.0078,
				"end":	33.0115,
				"seconds":	1.00371,
				"bytes":	9453568,
				"bits_per_second":	7.53491e+07,
				"packets":	1154,
				"omitted":	false
			}
		}],
	"end":	{
		"streams":	[{
				"udp":	{
					"socket":	4,
					"start":	0,
					"end":	33.0115,
					"seconds":	33.0115,
					"bytes":	388382720,
					"bits_per_second":	9.41207e+07,
					"jitter_ms":	1.77662,
					"lost_packets":	10214,
					"packets":	46794,
					"lost_percent":	21.8276
				}
			}],
		"sum":	{
			"start":	0,
			"end":	33.0115,
			"seconds":	33.0115,
			"bytes":	388382720,
			"bits_per_second":	9.41207e+07,
			"jitter_ms":	1.77662,
			"lost_packets":	10214,
			"packets":	46794,
			"lost_percent":	21.8276
		},
		"cpu_utilization_percent":	{
			"host_total":	44.3743,
			"host_user":	0.984898,
			"host_system":	43.3894,
			"remote_total":	11.1038,
			"remote_user":	1.49284,
			"remote_system":	9.61093
		}
	}
}
