{
	"start":	{
		"connected":	[{
				"socket":	4,
				"local_host":	"10.0.0.5",
				"local_port":	43946,
				"remote_host":	"10.0.0.12",
				"remote_port":	2922
			}],
		"version":	"iperf 3.0.7",
		"system_info":	"Linux BS5 5.4.197-0504197-generic #202206060747 SMP Mon Jun 6 09:27:47 UTC 2022 x86_64 x86_64 x86_64 GNU/Linux\n",
		"timestamp":	{
			"time":	"Mon, 25 Jul 2022 21:43:48 GMT",
			"timesecs":	1658785428
		},
		"connecting_to":	{
			"host":	"10.0.0.12",
			"port":	2922
		},
		"cookie":	"BS5.1658785428.819640.731b68ef08d5f6",
		"tcp_mss_default":	1448,
		"test_start":	{
			"protocol":	"TCP",
			"num_streams":	1,
			"blksize":	131072,
			"omit":	0,
			"duration":	19,
			"bytes":	0,
			"blocks":	0,
			"reverse":	0
		}
	},
	"intervals":	[{
			"streams":	[{
					"socket":	4,
					"start":	0,
					"end":	1.00034,
					"seconds":	1.00034,
					"bytes":	2832152,
					"bits_per_second":	2.26494e+07,
					"retransmits":	0,
					"snd_cwnd":	683456,
					"omitted":	false
				}],
			"sum":	{
				"start":	0,
				"end":	1.00034,
				"seconds":	1.00034,
				"bytes":	2832152,
				"bits_per_second":	2.26494e+07,
				"retransmits":	0,
				"omitted":	false
			}
		}, {
			"streams":	[{
					"socket":	4,
					"start":	1.00034,
					"end":	2.00222,
					"seconds":	1.00188,
					"bytes":	3145728,
					"bits_per_second":	2.51187e+07,
					"retransmits":	0,
					"snd_cwnd":	683456,
					"omitted":	false
				}],
			"sum":	{
				"start":	1.00034,
				"end":	2.00222,
				"seconds":	1.00188,
				"bytes":	3145728,
				"bits_per_second":	2.51187e+07,
				"retransmits":	0,
				"omitted":	false
			}
		}, {
			"streams":	[{
					"socket":	4,
					"start":	2.00222,
					"end":	3.00033,
					"seconds":	0.998114,
					"bytes":	3145728,
					"bits_per_second":	2.52134e+07,
					"retransmits":	0,
					"snd_cwnd":	683456,
					"omitted":	false
				}],
			"sum":	{
				"start":	2.00222,
				"end":	3.00033,
				"seconds":	0.998114,
				"bytes":	3145728,
				"bits_per_second":	2.52134e+07,
				"retransmits":	0,
				"omitted":	false
			}
		}, {
			"streams":	[{
					"socket":	4,
					"start":	3.00033,
					"end":	4.00038,
					"seconds":	1.00005,
					"bytes":	3145728,
					"bits_per_second":	2.51646e+07,
					"retransmits":	0,
					"snd_cwnd":	683456,
					"omitted":	false
				}],
			"sum":	{
				"start":	3.00033,
				"end":	4.00038,
				"seconds":	1.00005,
				"bytes":	3145728,
				"bits_per_second":	2.51646e+07,
				"retransmits":	0,
				"omitted":	false
			}
		}, {
			"streams":	[{
					"socket":	4,
					"start":	4.00038,
					"end":	5.00025,
					"seconds":	0.999871,
					"bytes":	3145728,
					"bits_per_second":	2.51691e+07,
					"retransmits":	0,
					"snd_cwnd":	683456,
					"omitted":	false
				}],
			"sum":	{
				"start":	4.00038,
				"end":	5.00025,
				"seconds":	0.999871,
				"bytes":	3145728,
				"bits_per_second":	2.51691e+07,
				"retransmits":	0,
				"omitted":	false
			}
		}, {
			"streams":	[{
					"socket":	4,
					"start":	5.00025,
					"end":	6.00028,
					"seconds":	1.00002,
					"bytes":	3145728,
					"bits_per_second":	2.51652e+07,
					"retransmits":	0,
					"snd_cwnd":	683456,
					"omitted":	false
				}],
			"sum":	{
				"start":	5.00025,
				"end":	6.00028,
				"seconds":	1.00002,
				"bytes":	3145728,
				"bits_per_second":	2.51652e+07,
				"retransmits":	0,
				"omitted":	false
			}
		}, {
			"streams":	[{
					"socket":	4,
					"start":	6.00028,
					"end":	7.00044,
					"seconds":	1.00016,
					"bytes":	3014656,
					"bits_per_second":	2.41133e+07,
					"retransmits":	0,
					"snd_cwnd":	683456,
					"omitted":	false
				}],
			"sum":	{
				"start":	6.00028,
				"end":	7.00044,
				"seconds":	1.00016,
				"bytes":	3014656,
				"bits_per_second":	2.41133e+07,
				"retransmits":	0,
				"omitted":	false
			}
		}, {
			"streams":	[{
					"socket":	4,
					"start":	7.00044,
					"end":	8.00031,
					"seconds":	0.999866,
					"bytes":	3145728,
					"bits_per_second":	2.51692e+07,
					"retransmits":	0,
					"snd_cwnd":	683456,
					"omitted":	false
				}],
			"sum":	{
				"start":	7.00044,
				"end":	8.00031,
				"seconds":	0.999866,
				"bytes":	3145728,
				"bits_per_second":	2.51692e+07,
				"retransmits":	0,
				"omitted":	false
			}
		}, {
			"streams":	[{
					"socket":	4,
					"start":	8.00031,
					"end":	9.00052,
					"seconds":	1.00021,
					"bytes":	3145728,
					"bits_per_second":	2.51605e+07,
					"retransmits":	0,
					"snd_cwnd":	683456,
					"omitted":	false
				}],
			"sum":	{
				"start":	8.00031,
				"end":	9.00052,
				"seconds":	1.00021,
				"bytes":	3145728,
				"bits_per_second":	2.51605e+07,
				"retransmits":	0,
				"omitted":	false
			}
		}, {
			"streams":	[{
					"socket":	4,
					"start":	9.00052,
					"end":	10.0004,
					"seconds":	0.999919,
					"bytes":	3145728,
					"bits_per_second":	2.51679e+07,
					"retransmits":	0,
					"snd_cwnd":	683456,
					"omitted":	false
				}],
			"sum":	{
				"start":	9.00052,
				"end":	10.0004,
				"seconds":	0.999919,
				"bytes":	3145728,
				"bits_per_second":	2.51679e+07,
				"retransmits":	0,
				"omitted":	false
			}
		}, {
			"streams":	[{
					"socket":	4,
					"start":	10.0004,
					"end":	11.0001,
					"seconds":	0.999698,
					"bytes":	3145728,
					"bits_per_second":	2.51734e+07,
					"retransmits":	0,
					"snd_cwnd":	683456,
					"omitted":	false
				}],
			"sum":	{
				"start":	10.0004,
				"end":	11.0001,
				"seconds":	0.999698,
				"bytes":	3145728,
				"bits_per_second":	2.51734e+07,
				"retransmits":	0,
				"omitted":	false
			}
		}, {
			"streams":	[{
					"socket":	4,
					"start":	11.0001,
					"end":	12.0004,
					"seconds":	1.00021,
					"bytes":	3145728,
					"bits_per_second":	2.51604e+07,
					"retransmits":	0,
					"snd_cwnd":	683456,
					"omitted":	false
				}],
			"sum":	{
				"start":	11.0001,
				"end":	12.0004,
				"seconds":	1.00021,
				"bytes":	3145728,
				"bits_per_second":	2.51604e+07,
				"retransmits":	0,
				"omitted":	false
			}
		}, {
			"streams":	[{
					"socket":	4,
					"start":	12.0004,
					"end":	13.0005,
					"seconds":	1.00013,
					"bytes":	3014656,
					"bits_per_second":	2.4114e+07,
					"retransmits":	0,
					"snd_cwnd":	683456,
					"omitted":	false
				}],
			"sum":	{
				"start":	12.0004,
				"end":	13.0005,
				"seconds":	1.00013,
				"bytes":	3014656,
				"bits_per_second":	2.4114e+07,
				"retransmits":	0,
				"omitted":	false
			}
		}, {
			"streams":	[{
					"socket":	4,
					"start":	13.0005,
					"end":	14.0003,
					"seconds":	0.99981,
					"bytes":	3145728,
					"bits_per_second":	2.51706e+07,
					"retransmits":	0,
					"snd_cwnd":	683456,
					"omitted":	false
				}],
			"sum":	{
				"start":	13.0005,
				"end":	14.0003,
				"seconds":	0.99981,
				"bytes":	3145728,
				"bits_per_second":	2.51706e+07,
				"retransmits":	0,
				"omitted":	false
			}
		}, {
			"streams":	[{
					"socket":	4,
					"start":	14.0003,
					"end":	15.0003,
					"seconds":	1,
					"bytes":	3145728,
					"bits_per_second":	2.51658e+07,
					"retransmits":	0,
					"snd_cwnd":	683456,
					"omitted":	false
				}],
			"sum":	{
				"start":	14.0003,
				"end":	15.0003,
				"seconds":	1,
				"bytes":	3145728,
				"bits_per_second":	2.51658e+07,
				"retransmits":	0,
				"omitted":	false
			}
		}, {
			"streams":	[{
					"socket":	4,
					"start":	15.0003,
					"end":	16.0007,
					"seconds":	1.0004,
					"bytes":	3145728,
					"bits_per_second":	2.51558e+07,
					"retransmits":	0,
					"snd_cwnd":	683456,
					"omitted":	false
				}],
			"sum":	{
				"start":	15.0003,
				"end":	16.0007,
				"seconds":	1.0004,
				"bytes":	3145728,
				"bits_per_second":	2.51558e+07,
				"retransmits":	0,
				"omitted":	false
			}
		}, {
			"streams":	[{
					"socket":	4,
					"start":	16.0007,
					"end":	17.0004,
					"seconds":	0.999674,
					"bytes":	3145728,
					"bits_per_second":	2.5174e+07,
					"retransmits":	0,
					"snd_cwnd":	683456,
					"omitted":	false
				}],
			"sum":	{
				"start":	16.0007,
				"end":	17.0004,
				"seconds":	0.999674,
				"bytes":	3145728,
				"bits_per_second":	2.5174e+07,
				"retransmits":	0,
				"omitted":	false
			}
		}, {
			"streams":	[{
					"socket":	4,
					"start":	17.0004,
					"end":	18.0002,
					"seconds":	0.999798,
					"bytes":	3145728,
					"bits_per_second":	2.51709e+07,
					"retransmits":	0,
					"snd_cwnd":	683456,
					"omitted":	false
				}],
			"sum":	{
				"start":	17.0004,
				"end":	18.0002,
				"seconds":	0.999798,
				"bytes":	3145728,
				"bits_per_second":	2.51709e+07,
				"retransmits":	0,
				"omitted":	false
			}
		}, {
			"streams":	[{
					"socket":	4,
					"start":	18.0002,
					"end":	19.0017,
					"seconds":	1.00151,
					"bytes":	3145728,
					"bits_per_second":	2.51279e+07,
					"retransmits":	0,
					"snd_cwnd":	683456,
					"omitted":	false
				}],
			"sum":	{
				"start":	18.0002,
				"end":	19.0017,
				"seconds":	1.00151,
				"bytes":	3145728,
				"bits_per_second":	2.51279e+07,
				"retransmits":	0,
				"omitted":	false
			}
		}],
	"end":	{
		"streams":	[{
				"sender":	{
					"socket":	4,
					"start":	0,
					"end":	19.0017,
					"seconds":	19.0017,
					"bytes":	59193112,
					"bits_per_second":	2.49212e+07,
					"retransmits":	0
				},
				"receiver":	{
					"socket":	4,
					"start":	0,
					"end":	19.0017,
					"seconds":	19.0017,
					"bytes":	59193112,
					"bits_per_second":	2.49212e+07
				}
			}],
		"sum_sent":	{
			"start":	0,
			"end":	19.0017,
			"seconds":	19.0017,
			"bytes":	59193112,
			"bits_per_second":	2.49212e+07,
			"retransmits":	0
		},
		"sum_received":	{
			"start":	0,
			"end":	19.0017,
			"seconds":	19.0017,
			"bytes":	59193112,
			"bits_per_second":	2.49212e+07
		},
		"cpu_utilization_percent":	{
			"host_total":	0.541294,
			"host_user":	0.140308,
			"host_system":	0.401018,
			"remote_total":	0.777569,
			"remote_user":	0.0699673,
			"remote_system":	0.707601
		}
	}
}
