{
	"start":	{
		"connected":	[{
				"socket":	4,
				"local_host":	"10.0.0.2",
				"local_port":	58840,
				"remote_host":	"10.0.0.20",
				"remote_port":	3005
			}],
		"version":	"iperf 3.0.7",
		"system_info":	"Linux BS2 5.4.197-0504197-generic #202206060747 SMP Mon Jun 6 09:27:47 UTC 2022 x86_64 x86_64 x86_64 GNU/Linux\n",
		"timestamp":	{
			"time":	"Mon, 25 Jul 2022 21:50:12 GMT",
			"timesecs":	1658785812
		},
		"connecting_to":	{
			"host":	"10.0.0.20",
			"port":	3005
		},
		"cookie":	"BS2.1658785812.837014.6bcc411552732f",
		"tcp_mss_default":	1448,
		"test_start":	{
			"protocol":	"TCP",
			"num_streams":	1,
			"blksize":	131072,
			"omit":	0,
			"duration":	5,
			"bytes":	0,
			"blocks":	0,
			"reverse":	0
		}
	},
	"intervals":	[{
			"streams":	[{
					"socket":	4,
					"start":	0,
					"end":	1.00034,
					"seconds":	1.00034,
					"bytes":	2852368,
					"bits_per_second":	2.28112e+07,
					"retransmits":	0,
					"snd_cwnd":	492320,
					"omitted":	false
				}],
			"sum":	{
				"start":	0,
				"end":	1.00034,
				"seconds":	1.00034,
				"bytes":	2852368,
				"bits_per_second":	2.28112e+07,
				"retransmits":	0,
				"omitted":	false
			}
		}, {
			"streams":	[{
					"socket":	4,
					"start":	1.00034,
					"end":	2.0003,
					"seconds":	0.999962,
					"bytes":	3145728,
					"bits_per_second":	2.51668e+07,
					"retransmits":	0,
					"snd_cwnd":	492320,
					"omitted":	false
				}],
			"sum":	{
				"start":	1.00034,
				"end":	2.0003,
				"seconds":	0.999962,
				"bytes":	3145728,
				"bits_per_second":	2.51668e+07,
				"retransmits":	0,
				"omitted":	false
			}
		}, {
			"streams":	[{
					"socket":	4,
					"start":	2.0003,
					"end":	3.00026,
					"seconds":	0.999954,
					"bytes":	3145728,
					"bits_per_second":	2.5167e+07,
					"retransmits":	0,
					"snd_cwnd":	492320,
					"omitted":	false
				}],
			"sum":	{
				"start":	2.0003,
				"end":	3.00026,
				"seconds":	0.999954,
				"bytes":	3145728,
				"bits_per_second":	2.5167e+07,
				"retransmits":	0,
				"omitted":	false
			}
		}, {
			"streams":	[{
					"socket":	4,
					"start":	3.00026,
					"end":	4.00067,
					"seconds":	1.00041,
					"bytes":	3145728,
					"bits_per_second":	2.51554e+07,
					"retransmits":	0,
					"snd_cwnd":	492320,
					"omitted":	false
				}],
			"sum":	{
				"start":	3.00026,
				"end":	4.00067,
				"seconds":	1.00041,
				"bytes":	3145728,
				"bits_per_second":	2.51554e+07,
				"retransmits":	0,
				"omitted":	false
			}
		}, {
			"streams":	[{
					"socket":	4,
					"start":	4.00067,
					"end":	5.00063,
					"seconds":	0.999963,
					"bytes":	3145728,
					"bits_per_second":	2.51668e+07,
					"retransmits":	0,
					"snd_cwnd":	492320,
					"omitted":	false
				}],
			"sum":	{
				"start":	4.00067,
				"end":	5.00063,
				"seconds":	0.999963,
				"bytes":	3145728,
				"bits_per_second":	2.51668e+07,
				"retransmits":	0,
				"omitted":	false
			}
		}],
	"end":	{
		"streams":	[{
				"sender":	{
					"socket":	4,
					"start":	0,
					"end":	5.00063,
					"seconds":	5.00063,
					"bytes":	15435280,
					"bits_per_second":	2.46933e+07,
					"retransmits":	0
				},
				"receiver":	{
					"socket":	4,
					"start":	0,
					"end":	5.00063,
					"seconds":	5.00063,
					"bytes":	15435280,
					"bits_per_second":	2.46933e+07
				}
			}],
		"sum_sent":	{
			"start":	0,
			"end":	5.00063,
			"seconds":	5.00063,
			"bytes":	15435280,
			"bits_per_second":	2.46933e+07,
			"retransmits":	0
		},
		"sum_received":	{
			"start":	0,
			"end":	5.00063,
			"seconds":	5.00063,
			"bytes":	15435280,
			"bits_per_second":	2.46933e+07
		},
		"cpu_utilization_percent":	{
			"host_total":	1.51183,
			"host_user":	0.122278,
			"host_system":	1.38948,
			"remote_total":	1.36439,
			"remote_user":	0.287796,
			"remote_system":	1.07654
		}
	}
}
