{
	"start":	{
		"connected":	[{
				"socket":	4,
				"local_host":	"10.0.0.4",
				"local_port":	49170,
				"remote_host":	"10.0.0.18",
				"remote_port":	1122
			}],
		"version":	"iperf 3.0.7",
		"system_info":	"Linux BS4 5.4.197-0504197-generic #202206060747 SMP Mon Jun 6 09:27:47 UTC 2022 x86_64 x86_64 x86_64 GNU/Linux\n",
		"timestamp":	{
			"time":	"Mon, 25 Jul 2022 21:52:21 GMT",
			"timesecs":	1658785941
		},
		"connecting_to":	{
			"host":	"10.0.0.18",
			"port":	1122
		},
		"cookie":	"BS4.1658785941.252359.71a9256630346e",
		"tcp_mss_default":	1448,
		"test_start":	{
			"protocol":	"TCP",
			"num_streams":	1,
			"blksize":	131072,
			"omit":	0,
			"duration":	7,
			"bytes":	0,
			"blocks":	0,
			"reverse":	0
		}
	},
	"intervals":	[{
			"streams":	[{
					"socket":	4,
					"start":	0,
					"end":	1.00134,
					"seconds":	1.00134,
					"bytes":	11372048,
					"bits_per_second":	9.08543e+07,
					"retransmits":	0,
					"snd_cwnd":	1191704,
					"omitted":	false
				}],
			"sum":	{
				"start":	0,
				"end":	1.00134,
				"seconds":	1.00134,
				"bytes":	11372048,
				"bits_per_second":	9.08543e+07,
				"retransmits":	0,
				"omitted":	false
			}
		}, {
			"streams":	[{
					"socket":	4,
					"start":	1.00134,
					"end":	2.00052,
					"seconds":	0.999173,
					"bytes":	12451840,
					"bits_per_second":	9.96972e+07,
					"retransmits":	0,
					"snd_cwnd":	1327816,
					"omitted":	false
				}],
			"sum":	{
				"start":	1.00134,
				"end":	2.00052,
				"seconds":	0.999173,
				"bytes":	12451840,
				"bits_per_second":	9.96972e+07,
				"retransmits":	0,
				"omitted":	false
			}
		}, {
			"streams":	[{
					"socket":	4,
					"start":	2.00052,
					"end":	3.00918,
					"seconds":	1.00867,
					"bytes":	12451840,
					"bits_per_second":	9.8759e+07,
					"retransmits":	0,
					"snd_cwnd":	1327816,
					"omitted":	false
				}],
			"sum":	{
				"start":	2.00052,
				"end":	3.00918,
				"seconds":	1.00867,
				"bytes":	12451840,
				"bits_per_second":	9.8759e+07,
				"retransmits":	0,
				"omitted":	false
			}
		}, {
			"streams":	[{
					"socket":	4,
					"start":	3.00918,
					"end":	4.00029,
					"seconds":	0.991107,
					"bytes":	12582912,
					"bits_per_second":	1.01567e+08,
					"retransmits":	0,
					"snd_cwnd":	1400216,
					"omitted":	false
				}],
			"sum":	{
				"start":	3.00918,
				"end":	4.00029,
				"seconds":	0.991107,
				"bytes":	12582912,
				"bits_per_second":	1.01567e+08,
				"retransmits":	0,
				"omitted":	false
			}
		}, {
			"streams":	[{
					"socket":	4,
					"start":	4.00029,
					"end":	5.00039,
					"seconds":	1.0001,
					"bytes":	12582912,
					"bits_per_second":	1.00653e+08,
					"retransmits":	0,
					"snd_cwnd":	1400216,
					"omitted":	false
				}],
			"sum":	{
				"start":	4.00029,
				"end":	5.00039,
				"seconds":	1.0001,
				"bytes":	12582912,
				"bits_per_second":	1.00653e+08,
				"retransmits":	0,
				"omitted":	false
			}
		}, {
			"streams":	[{
					"socket":	4,
					"start":	5.00039,
					"end":	6.00053,
					"seconds":	1.00014,
					"bytes":	12451840,
					"bits_per_second":	9.96005e+07,
					"retransmits":	0,
					"snd_cwnd":	1400216,
					"omitted":	false
				}],
			"sum":	{
				"start":	5.00039,
				"end":	6.00053,
				"seconds":	1.00014,
				"bytes":	12451840,
				"bits_per_second":	9.96005e+07,
				"retransmits":	0,
				"omitted":	false
			}
		}, {
			"streams":	[{
					"socket":	4,
					"start":	6.00053,
					"end":	7.00043,
					"seconds":	0.999896,
					"bytes":	12451840,
					"bits_per_second":	9.96251e+07,
					"retransmits":	0,
					"snd_cwnd":	1400216,
					"omitted":	false
				}],
			"sum":	{
				"start":	6.00053,
				"end":	7.00043,
				"seconds":	0.999896,
				"bytes":	12451840,
				"bits_per_second":	9.96251e+07,
				"retransmits":	0,
				"omitted":	false
			}
		}],
	"end":	{
		"streams":	[{
				"sender":	{
					"socket":	4,
					"start":	0,
					"end":	7.00043,
					"seconds":	7.00043,
					"bytes":	86345232,
					"bits_per_second":	9.86742e+07,
					"retransmits":	0
				},
				"receiver":	{
					"socket":	4,
					"start":	0,
					"end":	7.00043,
					"seconds":	7.00043,
					"bytes":	86345232,
					"bits_per_second":	9.86742e+07
				}
			}],
		"sum_sent":	{
			"start":	0,
			"end":	7.00043,
			"seconds":	7.00043,
			"bytes":	86345232,
			"bits_per_second":	9.86742e+07,
			"retransmits":	0
		},
		"sum_received":	{
			"start":	0,
			"end":	7.00043,
			"seconds":	7.00043,
			"bytes":	86345232,
			"bits_per_second":	9.86742e+07
		},
		"cpu_utilization_percent":	{
			"host_total":	2.38708,
			"host_user":	0.366095,
			"host_system":	2.02096,
			"remote_total":	4.9824,
			"remote_user":	0.673475,
			"remote_system":	4.3089
		}
	}
}
