{
	"start":	{
		"connected":	[{
				"socket":	4,
				"local_host":	"10.0.0.7",
				"local_port":	51660,
				"remote_host":	"10.0.0.17",
				"remote_port":	1802
			}],
		"version":	"iperf 3.0.7",
		"system_info":	"Linux BS7 5.4.197-0504197-generic #202206060747 SMP Mon Jun 6 09:27:47 UTC 2022 x86_64 x86_64 x86_64 GNU/Linux\n",
		"timestamp":	{
			"time":	"Mon, 25 Jul 2022 21:43:23 GMT",
			"timesecs":	1658785403
		},
		"connecting_to":	{
			"host":	"10.0.0.17",
			"port":	1802
		},
		"cookie":	"BS7.1658785403.488851.32cc447d2fed02",
		"tcp_mss_default":	1448,
		"test_start":	{
			"protocol":	"TCP",
			"num_streams":	1,
			"blksize":	131072,
			"omit":	0,
			"duration":	6,
			"bytes":	0,
			"blocks":	0,
			"reverse":	0
		}
	},
	"intervals":	[{
			"streams":	[{
					"socket":	4,
					"start":	0,
					"end":	1.00024,
					"seconds":	1.00024,
					"bytes":	11350328,
					"bits_per_second":	9.07804e+07,
					"retransmits":	2,
					"snd_cwnd":	1407456,
					"omitted":	false
				}],
			"sum":	{
				"start":	0,
				"end":	1.00024,
				"seconds":	1.00024,
				"bytes":	11350328,
				"bits_per_second":	9.07804e+07,
				"retransmits":	2,
				"omitted":	false
			}
		}, {
			"streams":	[{
					"socket":	4,
					"start":	1.00024,
					"end":	2.00027,
					"seconds":	1.00003,
					"bytes":	12451840,
					"bits_per_second":	9.96121e+07,
					"retransmits":	0,
					"snd_cwnd":	1407456,
					"omitted":	false
				}],
			"sum":	{
				"start":	1.00024,
				"end":	2.00027,
				"seconds":	1.00003,
				"bytes":	12451840,
				"bits_per_second":	9.96121e+07,
				"retransmits":	0,
				"omitted":	false
			}
		}, {
			"streams":	[{
					"socket":	4,
					"start":	2.00027,
					"end":	3.0006,
					"seconds":	1.00033,
					"bytes":	12582912,
					"bits_per_second":	1.0063e+08,
					"retransmits":	0,
					"snd_cwnd":	1407456,
					"omitted":	false
				}],
			"sum":	{
				"start":	2.00027,
				"end":	3.0006,
				"seconds":	1.00033,
				"bytes":	12582912,
				"bits_per_second":	1.0063e+08,
				"retransmits":	0,
				"omitted":	false
			}
		}, {
			"streams":	[{
					"socket":	4,
					"start":	3.0006,
					"end":	4.00031,
					"seconds":	0.99971,
					"bytes":	12451840,
					"bits_per_second":	9.96436e+07,
					"retransmits":	0,
					"snd_cwnd":	1407456,
					"omitted":	false
				}],
			"sum":	{
				"start":	3.0006,
				"end":	4.00031,
				"seconds":	0.99971,
				"bytes":	12451840,
				"bits_per_second":	9.96436e+07,
				"retransmits":	0,
				"omitted":	false
			}
		}, {
			"streams":	[{
					"socket":	4,
					"start":	4.00031,
					"end":	5.00025,
					"seconds":	0.999943,
					"bytes":	12451840,
					"bits_per_second":	9.96204e+07,
					"retransmits":	0,
					"snd_cwnd":	1407456,
					"omitted":	false
				}],
			"sum":	{
				"start":	4.00031,
				"end":	5.00025,
				"seconds":	0.999943,
				"bytes":	12451840,
				"bits_per_second":	9.96204e+07,
				"retransmits":	0,
				"omitted":	false
			}
		}, {
			"streams":	[{
					"socket":	4,
					"start":	5.00025,
					"end":	6.00028,
					"seconds":	1.00003,
					"bytes":	12582912,
					"bits_per_second":	1.0066e+08,
					"retransmits":	0,
					"snd_cwnd":	1407456,
					"omitted":	false
				}],
			"sum":	{
				"start":	5.00025,
				"end":	6.00028,
				"seconds":	1.00003,
				"bytes":	12582912,
				"bits_per_second":	1.0066e+08,
				"retransmits":	0,
				"omitted":	false
			}
		}],
	"end":	{
		"streams":	[{
				"sender":	{
					"socket":	4,
					"start":	0,
					"end":	6.00028,
					"seconds":	6.00028,
					"bytes":	73871672,
					"bits_per_second":	9.84909e+07,
					"retransmits":	2
				},
				"receiver":	{
					"socket":	4,
					"start":	0,
					"end":	6.00028,
					"seconds":	6.00028,
					"bytes":	73871672,
					"bits_per_second":	9.84909e+07
				}
			}],
		"sum_sent":	{
			"start":	0,
			"end":	6.00028,
			"seconds":	6.00028,
			"bytes":	73871672,
			"bits_per_second":	9.84909e+07,
			"retransmits":	2
		},
		"sum_received":	{
			"start":	0,
			"end":	6.00028,
			"seconds":	6.00028,
			"bytes":	73871672,
			"bits_per_second":	9.84909e+07
		},
		"cpu_utilization_percent":	{
			"host_total":	2.5193,
			"host_user":	0.355219,
			"host_system":	2.16401,
			"remote_total":	4.43429,
			"remote_user":	0.87329,
			"remote_system":	3.56094
		}
	}
}
