{
	"start":	{
		"connected":	[{
				"socket":	4,
				"local_host":	"10.0.0.2",
				"local_port":	58748,
				"remote_host":	"10.0.0.13",
				"remote_port":	1503
			}],
		"version":	"iperf 3.0.7",
		"system_info":	"Linux H2 5.4.197-0504197-generic #202206060747 SMP Mon Jun 6 09:27:47 UTC 2022 x86_64 x86_64 x86_64 GNU/Linux\n",
		"timestamp":	{
			"time":	"Fri, 22 Jul 2022 16:27:35 GMT",
			"timesecs":	1658507255
		},
		"connecting_to":	{
			"host":	"10.0.0.13",
			"port":	1503
		},
		"cookie":	"H2.1658507255.104675.230fe8f30823dd9",
		"tcp_mss_default":	1448,
		"test_start":	{
			"protocol":	"TCP",
			"num_streams":	1,
			"blksize":	131072,
			"omit":	0,
			"duration":	5,
			"bytes":	0,
			"blocks":	0,
			"reverse":	0
		}
	},
	"intervals":	[{
			"streams":	[{
					"socket":	4,
					"start":	0,
					"end":	1.00111,
					"seconds":	1.00111,
					"bytes":	1689400,
					"bits_per_second":	1.35003e+07,
					"retransmits":	0,
					"snd_cwnd":	94120,
					"omitted":	false
				}],
			"sum":	{
				"start":	0,
				"end":	1.00111,
				"seconds":	1.00111,
				"bytes":	1689400,
				"bits_per_second":	1.35003e+07,
				"retransmits":	0,
				"omitted":	false
			}
		}, {
			"streams":	[{
					"socket":	4,
					"start":	1.00111,
					"end":	2.00102,
					"seconds":	0.999914,
					"bytes":	1966080,
					"bits_per_second":	1.573e+07,
					"retransmits":	0,
					"snd_cwnd":	117288,
					"omitted":	false
				}],
			"sum":	{
				"start":	1.00111,
				"end":	2.00102,
				"seconds":	0.999914,
				"bytes":	1966080,
				"bits_per_second":	1.573e+07,
				"retransmits":	0,
				"omitted":	false
			}
		}, {
			"streams":	[{
					"socket":	4,
					"start":	2.00102,
					"end":	3.00075,
					"seconds":	0.999725,
					"bytes":	1835008,
					"bits_per_second":	1.46841e+07,
					"retransmits":	0,
					"snd_cwnd":	140456,
					"omitted":	false
				}],
			"sum":	{
				"start":	2.00102,
				"end":	3.00075,
				"seconds":	0.999725,
				"bytes":	1835008,
				"bits_per_second":	1.46841e+07,
				"retransmits":	0,
				"omitted":	false
			}
		}, {
			"streams":	[{
					"socket":	4,
					"start":	3.00075,
					"end":	4.00042,
					"seconds":	0.99967,
					"bytes":	1835008,
					"bits_per_second":	1.46849e+07,
					"retransmits":	0,
					"snd_cwnd":	163624,
					"omitted":	false
				}],
			"sum":	{
				"start":	3.00075,
				"end":	4.00042,
				"seconds":	0.99967,
				"bytes":	1835008,
				"bits_per_second":	1.46849e+07,
				"retransmits":	0,
				"omitted":	false
			}
		}, {
			"streams":	[{
					"socket":	4,
					"start":	4.00042,
					"end":	5.00086,
					"seconds":	1.00044,
					"bytes":	1966080,
					"bits_per_second":	1.57217e+07,
					"retransmits":	0,
					"snd_cwnd":	185344,
					"omitted":	false
				}],
			"sum":	{
				"start":	4.00042,
				"end":	5.00086,
				"seconds":	1.00044,
				"bytes":	1966080,
				"bits_per_second":	1.57217e+07,
				"retransmits":	0,
				"omitted":	false
			}
		}],
	"end":	{
		"streams":	[{
				"sender":	{
					"socket":	4,
					"start":	0,
					"end":	5.00086,
					"seconds":	5.00086,
					"bytes":	9291576,
					"bits_per_second":	1.4864e+07,
					"retransmits":	0
				},
				"receiver":	{
					"socket":	4,
					"start":	0,
					"end":	5.00086,
					"seconds":	5.00086,
					"bytes":	9291576,
					"bits_per_second":	1.4864e+07
				}
			}],
		"sum_sent":	{
			"start":	0,
			"end":	5.00086,
			"seconds":	5.00086,
			"bytes":	9291576,
			"bits_per_second":	1.4864e+07,
			"retransmits":	0
		},
		"sum_received":	{
			"start":	0,
			"end":	5.00086,
			"seconds":	5.00086,
			"bytes":	9291576,
			"bits_per_second":	1.4864e+07
		},
		"cpu_utilization_percent":	{
			"host_total":	0.480212,
			"host_user":	0.183871,
			"host_system":	0.296262,
			"remote_total":	1.44083,
			"remote_user":	0.420149,
			"remote_system":	1.02062
		}
	}
}
