{
	"start":	{
		"connected":	[{
				"socket":	4,
				"local_host":	"10.0.0.6",
				"local_port":	40017,
				"remote_host":	"10.0.0.11",
				"remote_port":	3762
			}],
		"version":	"iperf 3.0.7",
		"system_info":	"Linux BS6 5.4.197-0504197-generic #202206060747 SMP Mon Jun 6 09:27:47 UTC 2022 x86_64 x86_64 x86_64 GNU/Linux\n",
		"timestamp":	{
			"time":	"Mon, 25 Jul 2022 21:47:21 GMT",
			"timesecs":	1658785641
		},
		"connecting_to":	{
			"host":	"10.0.0.11",
			"port":	3762
		},
		"cookie":	"BS6.1658785641.064582.17d5129d09b99d",
		"test_start":	{
			"protocol":	"UDP",
			"num_streams":	1,
			"blksize":	8192,
			"omit":	0,
			"duration":	39,
			"bytes":	0,
			"blocks":	0,
			"reverse":	0
		}
	},
	"intervals":	[{
			"streams":	[{
					"socket":	4,
					"start":	0,
					"end":	1.00194,
					"seconds":	1.00194,
					"bytes":	5881856,
					"bits_per_second":	4.69638e+07,
					"packets":	718,
					"omitted":	false
				}],
			"sum":	{
				"start":	0,
				"end":	1.00194,
				"seconds":	1.00194,
				"bytes":	5881856,
				"bits_per_second":	4.69638e+07,
				"packets":	718,
				"omitted":	false
			}
		}, {
			"streams":	[{
					"socket":	4,
					"start":	1.00194,
					"end":	2.00356,
					"seconds":	1.00162,
					"bytes":	6070272,
					"bits_per_second":	4.84836e+07,
					"packets":	741,
					"omitted":	false
				}],
			"sum":	{
				"start":	1.00194,
				"end":	2.00356,
				"seconds":	1.00162,
				"bytes":	6070272,
				"bits_per_second":	4.84836e+07,
				"packets":	741,
				"omitted":	false
			}
		}, {
			"streams":	[{
					"socket":	4,
					"start":	2.00356,
					"end":	3.00049,
					"seconds":	0.996929,
					"bytes":	6422528,
					"bits_per_second":	5.15385e+07,
					"packets":	784,
					"omitted":	false
				}],
			"sum":	{
				"start":	2.00356,
				"end":	3.00049,
				"seconds":	0.996929,
				"bytes":	6422528,
				"bits_per_second":	5.15385e+07,
				"packets":	784,
				"omitted":	false
			}
		}, {
			"streams":	[{
					"socket":	4,
					"start":	3.00049,
					"end":	4.00022,
					"seconds":	0.99973,
					"bytes":	6086656,
					"bits_per_second":	4.87064e+07,
					"packets":	743,
					"omitted":	false
				}],
			"sum":	{
				"start":	3.00049,
				"end":	4.00022,
				"seconds":	0.99973,
				"bytes":	6086656,
				"bits_per_second":	4.87064e+07,
				"packets":	743,
				"omitted":	false
			}
		}, {
			"streams":	[{
					"socket":	4,
					"start":	4.00022,
					"end":	5.00039,
					"seconds":	1.00017,
					"bytes":	6258688,
					"bits_per_second":	5.00609e+07,
					"packets":	764,
					"omitted":	false
				}],
			"sum":	{
				"start":	4.00022,
				"end":	5.00039,
				"seconds":	1.00017,
				"bytes":	6258688,
				"bits_per_second":	5.00609e+07,
				"packets":	764,
				"omitted":	false
			}
		}, {
			"streams":	[{
					"socket":	4,
					"start":	5.00039,
					"end":	6.00068,
					"seconds":	1.00029,
					"bytes":	6324224,
					"bits_per_second":	5.05794e+07,
					"packets":	772,
					"omitted":	false
				}],
			"sum":	{
				"start":	5.00039,
				"end":	6.00068,
				"seconds":	1.00029,
				"bytes":	6324224,
				"bits_per_second":	5.05794e+07,
				"packets":	772,
				"omitted":	false
			}
		}, {
			"streams":	[{
					"socket":	4,
					"start":	6.00068,
					"end":	7.0006,
					"seconds":	0.99992,
					"bytes":	6127616,
					"bits_per_second":	4.90249e+07,
					"packets":	748,
					"omitted":	false
				}],
			"sum":	{
				"start":	6.00068,
				"end":	7.0006,
				"seconds":	0.99992,
				"bytes":	6127616,
				"bits_per_second":	4.90249e+07,
				"packets":	748,
				"omitted":	false
			}
		}, {
			"streams":	[{
					"socket":	4,
					"start":	7.0006,
					"end":	8.00091,
					"seconds":	1.00032,
					"bytes":	6324224,
					"bits_per_second":	5.05777e+07,
					"packets":	772,
					"omitted":	false
				}],
			"sum":	{
				"start":	7.0006,
				"end":	8.00091,
				"seconds":	1.00032,
				"bytes":	6324224,
				"bits_per_second":	5.05777e+07,
				"packets":	772,
				"omitted":	false
			}
		}, {
			"streams":	[{
					"socket":	4,
					"start":	8.00091,
					"end":	9.00066,
					"seconds":	0.999741,
					"bytes":	6234112,
					"bits_per_second":	4.98858e+07,
					"packets":	761,
					"omitted":	false
				}],
			"sum":	{
				"start":	8.00091,
				"end":	9.00066,
				"seconds":	0.999741,
				"bytes":	6234112,
				"bits_per_second":	4.98858e+07,
				"packets":	761,
				"omitted":	false
			}
		}, {
			"streams":	[{
					"socket":	4,
					"start":	9.00066,
					"end":	10.0002,
					"seconds":	0.999534,
					"bytes":	6291456,
					"bits_per_second":	5.03551e+07,
					"packets":	768,
					"omitted":	false
				}],
			"sum":	{
				"start":	9.00066,
				"end":	10.0002,
				"seconds":	0.999534,
				"bytes":	6291456,
				"bits_per_second":	5.03551e+07,
				"packets":	768,
				"omitted":	false
			}
		}, {
			"streams":	[{
					"socket":	4,
					"start":	10.0002,
					"end":	11.0002,
					"seconds":	1.00006,
					"bytes":	6127616,
					"bits_per_second":	4.90182e+07,
					"packets":	748,
					"omitted":	false
				}],
			"sum":	{
				"start":	10.0002,
				"end":	11.0002,
				"seconds":	1.00006,
				"bytes":	6127616,
				"bits_per_second":	4.90182e+07,
				"packets":	748,
				"omitted":	false
			}
		}, {
			"streams":	[{
					"socket":	4,
					"start":	11.0002,
					"end":	12.0002,
					"seconds":	0.999906,
					"bytes":	6348800,
					"bits_per_second":	5.07952e+07,
					"packets":	775,
					"omitted":	false
				}],
			"sum":	{
				"start":	11.0002,
				"end":	12.0002,
				"seconds":	0.999906,
				"bytes":	6348800,
				"bits_per_second":	5.07952e+07,
				"packets":	775,
				"omitted":	false
			}
		}, {
			"streams":	[{
					"socket":	4,
					"start":	12.0002,
					"end":	13.0008,
					"seconds":	1.0006,
					"bytes":	6193152,
					"bits_per_second":	4.95156e+07,
					"packets":	756,
					"omitted":	false
				}],
			"sum":	{
				"start":	12.0002,
				"end":	13.0008,
				"seconds":	1.0006,
				"bytes":	6193152,
				"bits_per_second":	4.95156e+07,
				"packets":	756,
				"omitted":	false
			}
		}, {
			"streams":	[{
					"socket":	4,
					"start":	13.0008,
					"end":	14.0001,
					"seconds":	0.999388,
					"bytes":	6258688,
					"bits_per_second":	5.01002e+07,
					"packets":	764,
					"omitted":	false
				}],
			"sum":	{
				"start":	13.0008,
				"end":	14.0001,
				"seconds":	0.999388,
				"bytes":	6258688,
				"bits_per_second":	5.01002e+07,
				"packets":	764,
				"omitted":	false
			}
		}, {
			"streams":	[{
					"socket":	4,
					"start":	14.0001,
					"end":	15.0056,
					"seconds":	1.00545,
					"bytes":	6275072,
					"bits_per_second":	4.99283e+07,
					"packets":	766,
					"omitted":	false
				}],
			"sum":	{
				"start":	14.0001,
				"end":	15.0056,
				"seconds":	1.00545,
				"bytes":	6275072,
				"bits_per_second":	4.99283e+07,
				"packets":	766,
				"omitted":	false
			}
		}, {
			"streams":	[{
					"socket":	4,
					"start":	15.0056,
					"end":	16.0005,
					"seconds":	0.994957,
					"bytes":	6184960,
					"bits_per_second":	4.97305e+07,
					"packets":	755,
					"omitted":	false
				}],
			"sum":	{
				"start":	15.0056,
				"end":	16.0005,
				"seconds":	0.994957,
				"bytes":	6184960,
				"bits_per_second":	4.97305e+07,
				"packets":	755,
				"omitted":	false
			}
		}, {
			"streams":	[{
					"socket":	4,
					"start":	16.0005,
					"end":	17.0004,
					"seconds":	0.999828,
					"bytes":	6234112,
					"bits_per_second":	4.98815e+07,
					"packets":	761,
					"omitted":	false
				}],
			"sum":	{
				"start":	16.0005,
				"end":	17.0004,
				"seconds":	0.999828,
				"bytes":	6234112,
				"bits_per_second":	4.98815e+07,
				"packets":	761,
				"omitted":	false
			}
		}, {
			"streams":	[{
					"socket":	4,
					"start":	17.0004,
					"end":	18.0002,
					"seconds":	0.999872,
					"bytes":	6340608,
					"bits_per_second":	5.07314e+07,
					"packets":	774,
					"omitted":	false
				}],
			"sum":	{
				"start":	17.0004,
				"end":	18.0002,
				"seconds":	0.999872,
				"bytes":	6340608,
				"bits_per_second":	5.07314e+07,
				"packets":	774,
				"omitted":	false
			}
		}, {
			"streams":	[{
					"socket":	4,
					"start":	18.0002,
					"end":	19.0002,
					"seconds":	0.999966,
					"bytes":	6176768,
					"bits_per_second":	4.94158e+07,
					"packets":	754,
					"omitted":	false
				}],
			"sum":	{
				"start":	18.0002,
				"end":	19.0002,
				"seconds":	0.999966,
				"bytes":	6176768,
				"bits_per_second":	4.94158e+07,
				"packets":	754,
				"omitted":	false
			}
		}, {
			"streams":	[{
					"socket":	4,
					"start":	19.0002,
					"end":	20.0002,
					"seconds":	0.999957,
					"bytes":	6242304,
					"bits_per_second":	4.99406e+07,
					"packets":	762,
					"omitted":	false
				}],
			"sum":	{
				"start":	19.0002,
				"end":	20.0002,
				"seconds":	0.999957,
				"bytes":	6242304,
				"bits_per_second":	4.99406e+07,
				"packets":	762,
				"omitted":	false
			}
		}, {
			"streams":	[{
					"socket":	4,
					"start":	20.0002,
					"end":	21.0006,
					"seconds":	1.00044,
					"bytes":	6250496,
					"bits_per_second":	4.99822e+07,
					"packets":	763,
					"omitted":	false
				}],
			"sum":	{
				"start":	20.0002,
				"end":	21.0006,
				"seconds":	1.00044,
				"bytes":	6250496,
				"bits_per_second":	4.99822e+07,
				"packets":	763,
				"omitted":	false
			}
		}, {
			"streams":	[{
					"socket":	4,
					"start":	21.0006,
					"end":	22.0007,
					"seconds":	1.00006,
					"bytes":	6242304,
					"bits_per_second":	4.99355e+07,
					"packets":	762,
					"omitted":	false
				}],
			"sum":	{
				"start":	21.0006,
				"end":	22.0007,
				"seconds":	1.00006,
				"bytes":	6242304,
				"bits_per_second":	4.99355e+07,
				"packets":	762,
				"omitted":	false
			}
		}, {
			"streams":	[{
					"socket":	4,
					"start":	22.0007,
					"end":	23.0005,
					"seconds":	0.999849,
					"bytes":	6365184,
					"bits_per_second":	5.09292e+07,
					"packets":	777,
					"omitted":	false
				}],
			"sum":	{
				"start":	22.0007,
				"end":	23.0005,
				"seconds":	0.999849,
				"bytes":	6365184,
				"bits_per_second":	5.09292e+07,
				"packets":	777,
				"omitted":	false
			}
		}, {
			"streams":	[{
					"socket":	4,
					"start":	23.0005,
					"end":	24.0003,
					"seconds":	0.999827,
					"bytes":	6316032,
					"bits_per_second":	5.0537e+07,
					"packets":	771,
					"omitted":	false
				}],
			"sum":	{
				"start":	23.0005,
				"end":	24.0003,
				"seconds":	0.999827,
				"bytes":	6316032,
				"bits_per_second":	5.0537e+07,
				"packets":	771,
				"omitted":	false
			}
		}, {
			"streams":	[{
					"socket":	4,
					"start":	24.0003,
					"end":	25.0018,
					"seconds":	1.0015,
					"bytes":	6250496,
					"bits_per_second":	4.99289e+07,
					"packets":	763,
					"omitted":	false
				}],
			"sum":	{
				"start":	24.0003,
				"end":	25.0018,
				"seconds":	1.0015,
				"bytes":	6250496,
				"bits_per_second":	4.99289e+07,
				"packets":	763,
				"omitted":	false
			}
		}, {
			"streams":	[{
					"socket":	4,
					"start":	25.0018,
					"end":	26.0009,
					"seconds":	0.99908,
					"bytes":	6152192,
					"bits_per_second":	4.92629e+07,
					"packets":	751,
					"omitted":	false
				}],
			"sum":	{
				"start":	25.0018,
				"end":	26.0009,
				"seconds":	0.99908,
				"bytes":	6152192,
				"bits_per_second":	4.92629e+07,
				"packets":	751,
				"omitted":	false
			}
		}, {
			"streams":	[{
					"socket":	4,
					"start":	26.0009,
					"end":	27.0005,
					"seconds":	0.999618,
					"bytes":	6504448,
					"bits_per_second":	5.20555e+07,
					"packets":	794,
					"omitted":	false
				}],
			"sum":	{
				"start":	26.0009,
				"end":	27.0005,
				"seconds":	0.999618,
				"bytes":	6504448,
				"bits_per_second":	5.20555e+07,
				"packets":	794,
				"omitted":	false
			}
		}, {
			"streams":	[{
					"socket":	4,
					"start":	27.0005,
					"end":	28.0006,
					"seconds":	1.00003,
					"bytes":	5947392,
					"bits_per_second":	4.75775e+07,
					"packets":	726,
					"omitted":	false
				}],
			"sum":	{
				"start":	27.0005,
				"end":	28.0006,
				"seconds":	1.00003,
				"bytes":	5947392,
				"bits_per_second":	4.75775e+07,
				"packets":	726,
				"omitted":	false
			}
		}, {
			"streams":	[{
					"socket":	4,
					"start":	28.0006,
					"end":	29.0004,
					"seconds":	0.999796,
					"bytes":	6283264,
					"bits_per_second":	5.02764e+07,
					"packets":	767,
					"omitted":	false
				}],
			"sum":	{
				"start":	28.0006,
				"end":	29.0004,
				"seconds":	0.999796,
				"bytes":	6283264,
				"bits_per_second":	5.02764e+07,
				"packets":	767,
				"omitted":	false
			}
		}, {
			"streams":	[{
					"socket":	4,
					"start":	29.0004,
					"end":	30.0045,
					"seconds":	1.00414,
					"bytes":	6438912,
					"bits_per_second":	5.12991e+07,
					"packets":	786,
					"omitted":	false
				}],
			"sum":	{
				"start":	29.0004,
				"end":	30.0045,
				"seconds":	1.00414,
				"bytes":	6438912,
				"bits_per_second":	5.12991e+07,
				"packets":	786,
				"omitted":	false
			}
		}, {
			"streams":	[{
					"socket":	4,
					"start":	30.0045,
					"end":	31.0007,
					"seconds":	0.996162,
					"bytes":	5996544,
					"bits_per_second":	4.81572e+07,
					"packets":	732,
					"omitted":	false
				}],
			"sum":	{
				"start":	30.0045,
				"end":	31.0007,
				"seconds":	0.996162,
				"bytes":	5996544,
				"bits_per_second":	4.81572e+07,
				"packets":	732,
				"omitted":	false
			}
		}, {
			"streams":	[{
					"socket":	4,
					"start":	31.0007,
					"end":	32.0002,
					"seconds":	0.999523,
					"bytes":	6250496,
					"bits_per_second":	5.00278e+07,
					"packets":	763,
					"omitted":	false
				}],
			"sum":	{
				"start":	31.0007,
				"end":	32.0002,
				"seconds":	0.999523,
				"bytes":	6250496,
				"bits_per_second":	5.00278e+07,
				"packets":	763,
				"omitted":	false
			}
		}, {
			"streams":	[{
					"socket":	4,
					"start":	32.0002,
					"end":	33.0087,
					"seconds":	1.00851,
					"bytes":	6365184,
					"bits_per_second":	5.0492e+07,
					"packets":	777,
					"omitted":	false
				}],
			"sum":	{
				"start":	32.0002,
				"end":	33.0087,
				"seconds":	1.00851,
				"bytes":	6365184,
				"bits_per_second":	5.0492e+07,
				"packets":	777,
				"omitted":	false
			}
		}, {
			"streams":	[{
					"socket":	4,
					"start":	33.0087,
					"end":	34.0015,
					"seconds":	0.992845,
					"bytes":	6225920,
					"bits_per_second":	5.01663e+07,
					"packets":	760,
					"omitted":	false
				}],
			"sum":	{
				"start":	33.0087,
				"end":	34.0015,
				"seconds":	0.992845,
				"bytes":	6225920,
				"bits_per_second":	5.01663e+07,
				"packets":	760,
				"omitted":	false
			}
		}, {
			"streams":	[{
					"socket":	4,
					"start":	34.0015,
					"end":	35.0007,
					"seconds":	0.999169,
					"bytes":	6307840,
					"bits_per_second":	5.05047e+07,
					"packets":	770,
					"omitted":	false
				}],
			"sum":	{
				"start":	34.0015,
				"end":	35.0007,
				"seconds":	0.999169,
				"bytes":	6307840,
				"bits_per_second":	5.05047e+07,
				"packets":	770,
				"omitted":	false
			}
		}, {
			"streams":	[{
					"socket":	4,
					"start":	35.0007,
					"end":	36.0014,
					"seconds":	1.00065,
					"bytes":	6103040,
					"bits_per_second":	4.87926e+07,
					"packets":	745,
					"omitted":	false
				}],
			"sum":	{
				"start":	35.0007,
				"end":	36.0014,
				"seconds":	1.00065,
				"bytes":	6103040,
				"bits_per_second":	4.87926e+07,
				"packets":	745,
				"omitted":	false
			}
		}, {
			"streams":	[{
					"socket":	4,
					"start":	36.0014,
					"end":	37.0003,
					"seconds":	0.99896,
					"bytes":	6299648,
					"bits_per_second":	5.04497e+07,
					"packets":	769,
					"omitted":	false
				}],
			"sum":	{
				"start":	36.0014,
				"end":	37.0003,
				"seconds":	0.99896,
				"bytes":	6299648,
				"bits_per_second":	5.04497e+07,
				"packets":	769,
				"omitted":	false
			}
		}, {
			"streams":	[{
					"socket":	4,
					"start":	37.0003,
					"end":	38.0005,
					"seconds":	1.00019,
					"bytes":	6193152,
					"bits_per_second":	4.95356e+07,
					"packets":	756,
					"omitted":	false
				}],
			"sum":	{
				"start":	37.0003,
				"end":	38.0005,
				"seconds":	1.00019,
				"bytes":	6193152,
				"bits_per_second":	4.95356e+07,
				"packets":	756,
				"omitted":	false
			}
		}, {
			"streams":	[{
					"socket":	4,
					"start":	38.0005,
					"end":	39.0004,
					"seconds":	0.999833,
					"bytes":	6258688,
					"bits_per_second":	5.00779e+07,
					"packets":	764,
					"omitted":	false
				}],
			"sum":	{
				"start":	38.0005,
				"end":	39.0004,
				"seconds":	0.999833,
				"bytes":	6258688,
				"bits_per_second":	5.00779e+07,
				"packets":	764,
				"omitted":	false
			}
		}],
	"end":	{
		"streams":	[{
				"udp":	{
					"socket":	4,
					"start":	0,
					"end":	39.0004,
					"seconds":	39.0004,
					"bytes":	243154944,
					"bits_per_second":	4.98775e+07,
					"jitter_ms":	0.523184,
					"lost_packets":	877,
					"packets":	29682,
					"lost_percent":	2.95465
				}
			}],
		"sum":	{
			"start":	0,
			"end":	39.0004,
			"seconds":	39.0004,
			"bytes":	243154944,
			"bits_per_second":	4.98775e+07,
			"jitter_ms":	0.523184,
			"lost_packets":	877,
			"packets":	29682,
			"lost_percent":	2.95465
		},
		"cpu_utilization_percent":	{
			"host_total":	10.7112,
			"host_user":	0.443955,
			"host_system":	10.2673,
			"remote_total":	5.27893,
			"remote_user":	0.414642,
			"remote_system":	4.86428
		}
	}
}
