{
	"start":	{
		"connected":	[{
				"socket":	4,
				"local_host":	"10.0.0.1",
				"local_port":	51088,
				"remote_host":	"10.0.0.13",
				"remote_port":	2306
			}],
		"version":	"iperf 3.0.7",
		"system_info":	"Linux BS1 5.4.197-0504197-generic #202206060747 SMP Mon Jun 6 09:27:47 UTC 2022 x86_64 x86_64 x86_64 GNU/Linux\n",
		"timestamp":	{
			"time":	"Mon, 25 Jul 2022 21:42:20 GMT",
			"timesecs":	1658785340
		},
		"connecting_to":	{
			"host":	"10.0.0.13",
			"port":	2306
		},
		"cookie":	"BS1.1658785340.373891.31d83f443132dd",
		"tcp_mss_default":	1448,
		"test_start":	{
			"protocol":	"TCP",
			"num_streams":	1,
			"blksize":	131072,
			"omit":	0,
			"duration":	58,
			"bytes":	0,
			"blocks":	0,
			"reverse":	0
		}
	},
	"intervals":	[{
			"streams":	[{
					"socket":	4,
					"start":	0,
					"end":	1.00053,
					"seconds":	1.00053,
					"bytes":	5735952,
					"bits_per_second":	4.58634e+07,
					"retransmits":	5,
					"snd_cwnd":	518384,
					"omitted":	false
				}],
			"sum":	{
				"start":	0,
				"end":	1.00053,
				"seconds":	1.00053,
				"bytes":	5735952,
				"bits_per_second":	4.58634e+07,
				"retransmits":	5,
				"omitted":	false
			}
		}, {
			"streams":	[{
					"socket":	4,
					"start":	1.00053,
					"end":	2.00063,
					"seconds":	1.0001,
					"bytes":	6160384,
					"bits_per_second":	4.9278e+07,
					"retransmits":	0,
					"snd_cwnd":	527072,
					"omitted":	false
				}],
			"sum":	{
				"start":	1.00053,
				"end":	2.00063,
				"seconds":	1.0001,
				"bytes":	6160384,
				"bits_per_second":	4.9278e+07,
				"retransmits":	0,
				"omitted":	false
			}
		}, {
			"streams":	[{
					"socket":	4,
					"start":	2.00063,
					"end":	3.00041,
					"seconds":	0.999783,
					"bytes":	6291456,
					"bits_per_second":	5.03426e+07,
					"retransmits":	0,
					"snd_cwnd":	532864,
					"omitted":	false
				}],
			"sum":	{
				"start":	2.00063,
				"end":	3.00041,
				"seconds":	0.999783,
				"bytes":	6291456,
				"bits_per_second":	5.03426e+07,
				"retransmits":	0,
				"omitted":	false
			}
		}, {
			"streams":	[{
					"socket":	4,
					"start":	3.00041,
					"end":	4.00067,
					"seconds":	1.00025,
					"bytes":	6291456,
					"bits_per_second":	5.03189e+07,
					"retransmits":	0,
					"snd_cwnd":	540104,
					"omitted":	false
				}],
			"sum":	{
				"start":	3.00041,
				"end":	4.00067,
				"seconds":	1.00025,
				"bytes":	6291456,
				"bits_per_second":	5.03189e+07,
				"retransmits":	0,
				"omitted":	false
			}
		}, {
			"streams":	[{
					"socket":	4,
					"start":	4.00067,
					"end":	5.00028,
					"seconds":	0.99961,
					"bytes":	6160384,
					"bits_per_second":	4.93023e+07,
					"retransmits":	0,
					"snd_cwnd":	547344,
					"omitted":	false
				}],
			"sum":	{
				"start":	4.00067,
				"end":	5.00028,
				"seconds":	0.99961,
				"bytes":	6160384,
				"bits_per_second":	4.93023e+07,
				"retransmits":	0,
				"omitted":	false
			}
		}, {
			"streams":	[{
					"socket":	4,
					"start":	5.00028,
					"end":	6.00063,
					"seconds":	1.00035,
					"bytes":	6291456,
					"bits_per_second":	5.03139e+07,
					"retransmits":	0,
					"snd_cwnd":	561824,
					"omitted":	false
				}],
			"sum":	{
				"start":	5.00028,
				"end":	6.00063,
				"seconds":	1.00035,
				"bytes":	6291456,
				"bits_per_second":	5.03139e+07,
				"retransmits":	0,
				"omitted":	false
			}
		}, {
			"streams":	[{
					"socket":	4,
					"start":	6.00063,
					"end":	7.00033,
					"seconds":	0.999702,
					"bytes":	6291456,
					"bits_per_second":	5.03467e+07,
					"retransmits":	0,
					"snd_cwnd":	600920,
					"omitted":	false
				}],
			"sum":	{
				"start":	6.00063,
				"end":	7.00033,
				"seconds":	0.999702,
				"bytes":	6291456,
				"bits_per_second":	5.03467e+07,
				"retransmits":	0,
				"omitted":	false
			}
		}, {
			"streams":	[{
					"socket":	4,
					"start":	7.00033,
					"end":	8.0004,
					"seconds":	1.00007,
					"bytes":	6160384,
					"bits_per_second":	4.92796e+07,
					"retransmits":	0,
					"snd_cwnd":	641464,
					"omitted":	false
				}],
			"sum":	{
				"start":	7.00033,
				"end":	8.0004,
				"seconds":	1.00007,
				"bytes":	6160384,
				"bits_per_second":	4.92796e+07,
				"retransmits":	0,
				"omitted":	false
			}
		}, {
			"streams":	[{
					"socket":	4,
					"start":	8.0004,
					"end":	9.00033,
					"seconds":	0.999924,
					"bytes":	6291456,
					"bits_per_second":	5.03355e+07,
					"retransmits":	4,
					"snd_cwnd":	657392,
					"omitted":	false
				}],
			"sum":	{
				"start":	8.0004,
				"end":	9.00033,
				"seconds":	0.999924,
				"bytes":	6291456,
				"bits_per_second":	5.03355e+07,
				"retransmits":	4,
				"omitted":	false
			}
		}, {
			"streams":	[{
					"socket":	4,
					"start":	9.00033,
					"end":	10.0005,
					"seconds":	1.00019,
					"bytes":	6291456,
					"bits_per_second":	5.03222e+07,
					"retransmits":	0,
					"snd_cwnd":	657392,
					"omitted":	false
				}],
			"sum":	{
				"start":	9.00033,
				"end":	10.0005,
				"seconds":	1.00019,
				"bytes":	6291456,
				"bits_per_second":	5.03222e+07,
				"retransmits":	0,
				"omitted":	false
			}
		}, {
			"streams":	[{
					"socket":	4,
					"start":	10.0005,
					"end":	11.0005,
					"seconds":	0.99994,
					"bytes":	6291456,
					"bits_per_second":	5.03347e+07,
					"retransmits":	0,
					"snd_cwnd":	657392,
					"omitted":	false
				}],
			"sum":	{
				"start":	10.0005,
				"end":	11.0005,
				"seconds":	0.99994,
				"bytes":	6291456,
				"bits_per_second":	5.03347e+07,
				"retransmits":	0,
				"omitted":	false
			}
		}, {
			"streams":	[{
					"socket":	4,
					"start":	11.0005,
					"end":	12.0003,
					"seconds":	0.999887,
					"bytes":	6160384,
					"bits_per_second":	4.92886e+07,
					"retransmits":	0,
					"snd_cwnd":	657392,
					"omitted":	false
				}],
			"sum":	{
				"start":	11.0005,
				"end":	12.0003,
				"seconds":	0.999887,
				"bytes":	6160384,
				"bits_per_second":	4.92886e+07,
				"retransmits":	0,
				"omitted":	false
			}
		}, {
			"streams":	[{
					"socket":	4,
					"start":	12.0003,
					"end":	13.0004,
					"seconds":	1.00009,
					"bytes":	6291456,
					"bits_per_second":	5.03272e+07,
					"retransmits":	0,
					"snd_cwnd":	657392,
					"omitted":	false
				}],
			"sum":	{
				"start":	12.0003,
				"end":	13.0004,
				"seconds":	1.00009,
				"bytes":	6291456,
				"bits_per_second":	5.03272e+07,
				"retransmits":	0,
				"omitted":	false
			}
		}, {
			"streams":	[{
					"socket":	4,
					"start":	13.0004,
					"end":	14.0004,
					"seconds":	0.999961,
					"bytes":	6291456,
					"bits_per_second":	5.03336e+07,
					"retransmits":	0,
					"snd_cwnd":	657392,
					"omitted":	false
				}],
			"sum":	{
				"start":	13.0004,
				"end":	14.0004,
				"seconds":	0.999961,
				"bytes":	6291456,
				"bits_per_second":	5.03336e+07,
				"retransmits":	0,
				"omitted":	false
			}
		}, {
			"streams":	[{
					"socket":	4,
					"start":	14.0004,
					"end":	15.001,
					"seconds":	1.00059,
					"bytes":	6160384,
					"bits_per_second":	4.92539e+07,
					"retransmits":	0,
					"snd_cwnd":	657392,
					"omitted":	false
				}],
			"sum":	{
				"start":	14.0004,
				"end":	15.001,
				"seconds":	1.00059,
				"bytes":	6160384,
				"bits_per_second":	4.92539e+07,
				"retransmits":	0,
				"omitted":	false
			}
		}, {
			"streams":	[{
					"socket":	4,
					"start":	15.001,
					"end":	16.0005,
					"seconds":	0.999547,
					"bytes":	6291456,
					"bits_per_second":	5.03545e+07,
					"retransmits":	0,
					"snd_cwnd":	657392,
					"omitted":	false
				}],
			"sum":	{
				"start":	15.001,
				"end":	16.0005,
				"seconds":	0.999547,
				"bytes":	6291456,
				"bits_per_second":	5.03545e+07,
				"retransmits":	0,
				"omitted":	false
			}
		}, {
			"streams":	[{
					"socket":	4,
					"start":	16.0005,
					"end":	17.0007,
					"seconds":	1.00015,
					"bytes":	6291456,
					"bits_per_second":	5.03243e+07,
					"retransmits":	0,
					"snd_cwnd":	657392,
					"omitted":	false
				}],
			"sum":	{
				"start":	16.0005,
				"end":	17.0007,
				"seconds":	1.00015,
				"bytes":	6291456,
				"bits_per_second":	5.03243e+07,
				"retransmits":	0,
				"omitted":	false
			}
		}, {
			"streams":	[{
					"socket":	4,
					"start":	17.0007,
					"end":	18.0002,
					"seconds":	0.999514,
					"bytes":	6160384,
					"bits_per_second":	4.9307e+07,
					"retransmits":	0,
					"snd_cwnd":	657392,
					"omitted":	false
				}],
			"sum":	{
				"start":	17.0007,
				"end":	18.0002,
				"seconds":	0.999514,
				"bytes":	6160384,
				"bits_per_second":	4.9307e+07,
				"retransmits":	0,
				"omitted":	false
			}
		}, {
			"streams":	[{
					"socket":	4,
					"start":	18.0002,
					"end":	19.0001,
					"seconds":	0.999903,
					"bytes":	6291456,
					"bits_per_second":	5.03365e+07,
					"retransmits":	0,
					"snd_cwnd":	657392,
					"omitted":	false
				}],
			"sum":	{
				"start":	18.0002,
				"end":	19.0001,
				"seconds":	0.999903,
				"bytes":	6291456,
				"bits_per_second":	5.03365e+07,
				"retransmits":	0,
				"omitted":	false
			}
		}, {
			"streams":	[{
					"socket":	4,
					"start":	19.0001,
					"end":	20.0003,
					"seconds":	1.00017,
					"bytes":	6291456,
					"bits_per_second":	5.0323e+07,
					"retransmits":	0,
					"snd_cwnd":	657392,
					"omitted":	false
				}],
			"sum":	{
				"start":	19.0001,
				"end":	20.0003,
				"seconds":	1.00017,
				"bytes":	6291456,
				"bits_per_second":	5.0323e+07,
				"retransmits":	0,
				"omitted":	false
			}
		}, {
			"streams":	[{
					"socket":	4,
					"start":	20.0003,
					"end":	21.0003,
					"seconds":	1.00005,
					"bytes":	6291456,
					"bits_per_second":	5.0329e+07,
					"retransmits":	0,
					"snd_cwnd":	741376,
					"omitted":	false
				}],
			"sum":	{
				"start":	20.0003,
				"end":	21.0003,
				"seconds":	1.00005,
				"bytes":	6291456,
				"bits_per_second":	5.0329e+07,
				"retransmits":	0,
				"omitted":	false
			}
		}, {
			"streams":	[{
					"socket":	4,
					"start":	21.0003,
					"end":	22.0006,
					"seconds":	1.00032,
					"bytes":	6160384,
					"bits_per_second":	4.92672e+07,
					"retransmits":	0,
					"snd_cwnd":	741376,
					"omitted":	false
				}],
			"sum":	{
				"start":	21.0003,
				"end":	22.0006,
				"seconds":	1.00032,
				"bytes":	6160384,
				"bits_per_second":	4.92672e+07,
				"retransmits":	0,
				"omitted":	false
			}
		}, {
			"streams":	[{
					"socket":	4,
					"start":	22.0006,
					"end":	23.0003,
					"seconds":	0.999639,
					"bytes":	6291456,
					"bits_per_second":	5.03498e+07,
					"retransmits":	0,
					"snd_cwnd":	741376,
					"omitted":	false
				}],
			"sum":	{
				"start":	22.0006,
				"end":	23.0003,
				"seconds":	0.999639,
				"bytes":	6291456,
				"bits_per_second":	5.03498e+07,
				"retransmits":	0,
				"omitted":	false
			}
		}, {
			"streams":	[{
					"socket":	4,
					"start":	23.0003,
					"end":	24.0002,
					"seconds":	0.999902,
					"bytes":	6291456,
					"bits_per_second":	5.03366e+07,
					"retransmits":	0,
					"snd_cwnd":	990432,
					"omitted":	false
				}],
			"sum":	{
				"start":	23.0003,
				"end":	24.0002,
				"seconds":	0.999902,
				"bytes":	6291456,
				"bits_per_second":	5.03366e+07,
				"retransmits":	0,
				"omitted":	false
			}
		}, {
			"streams":	[{
					"socket":	4,
					"start":	24.0002,
					"end":	25.0003,
					"seconds":	1.00014,
					"bytes":	6291456,
					"bits_per_second":	5.03247e+07,
					"retransmits":	1,
					"snd_cwnd":	990432,
					"omitted":	false
				}],
			"sum":	{
				"start":	24.0002,
				"end":	25.0003,
				"seconds":	1.00014,
				"bytes":	6291456,
				"bits_per_second":	5.03247e+07,
				"retransmits":	1,
				"omitted":	false
			}
		}, {
			"streams":	[{
					"socket":	4,
					"start":	25.0003,
					"end":	26.0006,
					"seconds":	1.00023,
					"bytes":	6160384,
					"bits_per_second":	4.92715e+07,
					"retransmits":	1,
					"snd_cwnd":	991880,
					"omitted":	false
				}],
			"sum":	{
				"start":	25.0003,
				"end":	26.0006,
				"seconds":	1.00023,
				"bytes":	6160384,
				"bits_per_second":	4.92715e+07,
				"retransmits":	1,
				"omitted":	false
			}
		}, {
			"streams":	[{
					"socket":	4,
					"start":	26.0006,
					"end":	27.0002,
					"seconds":	0.999662,
					"bytes":	6160384,
					"bits_per_second":	4.92997e+07,
					"retransmits":	38,
					"snd_cwnd":	689248,
					"omitted":	false
				}],
			"sum":	{
				"start":	26.0006,
				"end":	27.0002,
				"seconds":	0.999662,
				"bytes":	6160384,
				"bits_per_second":	4.92997e+07,
				"retransmits":	38,
				"omitted":	false
			}
		}, {
			"streams":	[{
					"socket":	4,
					"start":	27.0002,
					"end":	28.0007,
					"seconds":	1.00046,
					"bytes":	6291456,
					"bits_per_second":	5.03087e+07,
					"retransmits":	15,
					"snd_cwnd":	529968,
					"omitted":	false
				}],
			"sum":	{
				"start":	27.0002,
				"end":	28.0007,
				"seconds":	1.00046,
				"bytes":	6291456,
				"bits_per_second":	5.03087e+07,
				"retransmits":	15,
				"omitted":	false
			}
		}, {
			"streams":	[{
					"socket":	4,
					"start":	28.0007,
					"end":	29.0006,
					"seconds":	0.999907,
					"bytes":	6291456,
					"bits_per_second":	5.03363e+07,
					"retransmits":	0,
					"snd_cwnd":	561824,
					"omitted":	false
				}],
			"sum":	{
				"start":	28.0007,
				"end":	29.0006,
				"seconds":	0.999907,
				"bytes":	6291456,
				"bits_per_second":	5.03363e+07,
				"retransmits":	0,
				"omitted":	false
			}
		}, {
			"streams":	[{
					"socket":	4,
					"start":	29.0006,
					"end":	30.0018,
					"seconds":	1.00122,
					"bytes":	6291456,
					"bits_per_second":	5.02705e+07,
					"retransmits":	201,
					"snd_cwnd":	417024,
					"omitted":	false
				}],
			"sum":	{
				"start":	29.0006,
				"end":	30.0018,
				"seconds":	1.00122,
				"bytes":	6291456,
				"bits_per_second":	5.02705e+07,
				"retransmits":	201,
				"omitted":	false
			}
		}, {
			"streams":	[{
					"socket":	4,
					"start":	30.0018,
					"end":	31.001,
					"seconds":	0.999185,
					"bytes":	6160384,
					"bits_per_second":	4.93233e+07,
					"retransmits":	0,
					"snd_cwnd":	445984,
					"omitted":	false
				}],
			"sum":	{
				"start":	30.0018,
				"end":	31.001,
				"seconds":	0.999185,
				"bytes":	6160384,
				"bits_per_second":	4.93233e+07,
				"retransmits":	0,
				"omitted":	false
			}
		}, {
			"streams":	[{
					"socket":	4,
					"start":	31.001,
					"end":	32.0005,
					"seconds":	0.999523,
					"bytes":	6291456,
					"bits_per_second":	5.03557e+07,
					"retransmits":	0,
					"snd_cwnd":	466256,
					"omitted":	false
				}],
			"sum":	{
				"start":	31.001,
				"end":	32.0005,
				"seconds":	0.999523,
				"bytes":	6291456,
				"bits_per_second":	5.03557e+07,
				"retransmits":	0,
				"omitted":	false
			}
		}, {
			"streams":	[{
					"socket":	4,
					"start":	32.0005,
					"end":	33.0004,
					"seconds":	0.999875,
					"bytes":	6291456,
					"bits_per_second":	5.03379e+07,
					"retransmits":	0,
					"snd_cwnd":	476392,
					"omitted":	false
				}],
			"sum":	{
				"start":	32.0005,
				"end":	33.0004,
				"seconds":	0.999875,
				"bytes":	6291456,
				"bits_per_second":	5.03379e+07,
				"retransmits":	0,
				"omitted":	false
			}
		}, {
			"streams":	[{
					"socket":	4,
					"start":	33.0004,
					"end":	34.0002,
					"seconds":	0.999857,
					"bytes":	6160384,
					"bits_per_second":	4.92901e+07,
					"retransmits":	0,
					"snd_cwnd":	482184,
					"omitted":	false
				}],
			"sum":	{
				"start":	33.0004,
				"end":	34.0002,
				"seconds":	0.999857,
				"bytes":	6160384,
				"bits_per_second":	4.92901e+07,
				"retransmits":	0,
				"omitted":	false
			}
		}, {
			"streams":	[{
					"socket":	4,
					"start":	34.0002,
					"end":	35.0003,
					"seconds":	1.00002,
					"bytes":	6291456,
					"bits_per_second":	5.03308e+07,
					"retransmits":	0,
					"snd_cwnd":	482184,
					"omitted":	false
				}],
			"sum":	{
				"start":	34.0002,
				"end":	35.0003,
				"seconds":	1.00002,
				"bytes":	6291456,
				"bits_per_second":	5.03308e+07,
				"retransmits":	0,
				"omitted":	false
			}
		}, {
			"streams":	[{
					"socket":	4,
					"start":	35.0003,
					"end":	36.0003,
					"seconds":	1.00005,
					"bytes":	6291456,
					"bits_per_second":	5.0329e+07,
					"retransmits":	0,
					"snd_cwnd":	482184,
					"omitted":	false
				}],
			"sum":	{
				"start":	35.0003,
				"end":	36.0003,
				"seconds":	1.00005,
				"bytes":	6291456,
				"bits_per_second":	5.0329e+07,
				"retransmits":	0,
				"omitted":	false
			}
		}, {
			"streams":	[{
					"socket":	4,
					"start":	36.0003,
					"end":	37.0003,
					"seconds":	1,
					"bytes":	6160384,
					"bits_per_second":	4.92829e+07,
					"retransmits":	0,
					"snd_cwnd":	483632,
					"omitted":	false
				}],
			"sum":	{
				"start":	36.0003,
				"end":	37.0003,
				"seconds":	1,
				"bytes":	6160384,
				"bits_per_second":	4.92829e+07,
				"retransmits":	0,
				"omitted":	false
			}
		}, {
			"streams":	[{
					"socket":	4,
					"start":	37.0003,
					"end":	38.0002,
					"seconds":	0.999893,
					"bytes":	6291456,
					"bits_per_second":	5.0337e+07,
					"retransmits":	0,
					"snd_cwnd":	487976,
					"omitted":	false
				}],
			"sum":	{
				"start":	37.0003,
				"end":	38.0002,
				"seconds":	0.999893,
				"bytes":	6291456,
				"bits_per_second":	5.0337e+07,
				"retransmits":	0,
				"omitted":	false
			}
		}, {
			"streams":	[{
					"socket":	4,
					"start":	38.0002,
					"end":	39.0004,
					"seconds":	1.00022,
					"bytes":	6291456,
					"bits_per_second":	5.03205e+07,
					"retransmits":	0,
					"snd_cwnd":	495216,
					"omitted":	false
				}],
			"sum":	{
				"start":	38.0002,
				"end":	39.0004,
				"seconds":	1.00022,
				"bytes":	6291456,
				"bits_per_second":	5.03205e+07,
				"retransmits":	0,
				"omitted":	false
			}
		}, {
			"streams":	[{
					"socket":	4,
					"start":	39.0004,
					"end":	40.0004,
					"seconds":	1,
					"bytes":	6160384,
					"bits_per_second":	49283072,
					"retransmits":	0,
					"snd_cwnd":	505352,
					"omitted":	false
				}],
			"sum":	{
				"start":	39.0004,
				"end":	40.0004,
				"seconds":	1,
				"bytes":	6160384,
				"bits_per_second":	49283072,
				"retransmits":	0,
				"omitted":	false
			}
		}, {
			"streams":	[{
					"socket":	4,
					"start":	40.0004,
					"end":	41.0001,
					"seconds":	0.999679,
					"bytes":	6291456,
					"bits_per_second":	5.03478e+07,
					"retransmits":	0,
					"snd_cwnd":	521280,
					"omitted":	false
				}],
			"sum":	{
				"start":	40.0004,
				"end":	41.0001,
				"seconds":	0.999679,
				"bytes":	6291456,
				"bits_per_second":	5.03478e+07,
				"retransmits":	0,
				"omitted":	false
			}
		}, {
			"streams":	[{
					"socket":	4,
					"start":	41.0001,
					"end":	42.0005,
					"seconds":	1.00035,
					"bytes":	6291456,
					"bits_per_second":	5.03141e+07,
					"retransmits":	0,
					"snd_cwnd":	545896,
					"omitted":	false
				}],
			"sum":	{
				"start":	41.0001,
				"end":	42.0005,
				"seconds":	1.00035,
				"bytes":	6291456,
				"bits_per_second":	5.03141e+07,
				"retransmits":	0,
				"omitted":	false
			}
		}, {
			"streams":	[{
					"socket":	4,
					"start":	42.0005,
					"end":	43.0003,
					"seconds":	0.999803,
					"bytes":	6160384,
					"bits_per_second":	4.92928e+07,
					"retransmits":	0,
					"snd_cwnd":	570512,
					"omitted":	false
				}],
			"sum":	{
				"start":	42.0005,
				"end":	43.0003,
				"seconds":	0.999803,
				"bytes":	6160384,
				"bits_per_second":	4.92928e+07,
				"retransmits":	0,
				"omitted":	false
			}
		}, {
			"streams":	[{
					"socket":	4,
					"start":	43.0003,
					"end":	44.0002,
					"seconds":	0.999951,
					"bytes":	6291456,
					"bits_per_second":	5.03341e+07,
					"retransmits":	0,
					"snd_cwnd":	600920,
					"omitted":	false
				}],
			"sum":	{
				"start":	43.0003,
				"end":	44.0002,
				"seconds":	0.999951,
				"bytes":	6291456,
				"bits_per_second":	5.03341e+07,
				"retransmits":	0,
				"omitted":	false
			}
		}, {
			"streams":	[{
					"socket":	4,
					"start":	44.0002,
					"end":	45.0002,
					"seconds":	0.999952,
					"bytes":	6291456,
					"bits_per_second":	5.03341e+07,
					"retransmits":	0,
					"snd_cwnd":	638568,
					"omitted":	false
				}],
			"sum":	{
				"start":	44.0002,
				"end":	45.0002,
				"seconds":	0.999952,
				"bytes":	6291456,
				"bits_per_second":	5.03341e+07,
				"retransmits":	0,
				"omitted":	false
			}
		}, {
			"streams":	[{
					"socket":	4,
					"start":	45.0002,
					"end":	46.0003,
					"seconds":	1.0001,
					"bytes":	6160384,
					"bits_per_second":	4.92783e+07,
					"retransmits":	0,
					"snd_cwnd":	658840,
					"omitted":	false
				}],
			"sum":	{
				"start":	45.0002,
				"end":	46.0003,
				"seconds":	1.0001,
				"bytes":	6160384,
				"bits_per_second":	4.92783e+07,
				"retransmits":	0,
				"omitted":	false
			}
		}, {
			"streams":	[{
					"socket":	4,
					"start":	46.0003,
					"end":	47.0005,
					"seconds":	1.00026,
					"bytes":	6291456,
					"bits_per_second":	5.03185e+07,
					"retransmits":	0,
					"snd_cwnd":	658840,
					"omitted":	false
				}],
			"sum":	{
				"start":	46.0003,
				"end":	47.0005,
				"seconds":	1.00026,
				"bytes":	6291456,
				"bits_per_second":	5.03185e+07,
				"retransmits":	0,
				"omitted":	false
			}
		}, {
			"streams":	[{
					"socket":	4,
					"start":	47.0005,
					"end":	48.0003,
					"seconds":	0.999753,
					"bytes":	6291456,
					"bits_per_second":	5.03441e+07,
					"retransmits":	48,
					"snd_cwnd":	415576,
					"omitted":	false
				}],
			"sum":	{
				"start":	47.0005,
				"end":	48.0003,
				"seconds":	0.999753,
				"bytes":	6291456,
				"bits_per_second":	5.03441e+07,
				"retransmits":	48,
				"omitted":	false
			}
		}, {
			"streams":	[{
					"socket":	4,
					"start":	48.0003,
					"end":	49.0052,
					"seconds":	1.00496,
					"bytes":	3932160,
					"bits_per_second":	3.13022e+07,
					"retransmits":	13,
					"snd_cwnd":	390960,
					"omitted":	false
				}],
			"sum":	{
				"start":	48.0003,
				"end":	49.0052,
				"seconds":	1.00496,
				"bytes":	3932160,
				"bits_per_second":	3.13022e+07,
				"retransmits":	13,
				"omitted":	false
			}
		}, {
			"streams":	[{
					"socket":	4,
					"start":	49.0052,
					"end":	50.0005,
					"seconds":	0.995265,
					"bytes":	8126464,
					"bits_per_second":	6.5321e+07,
					"retransmits":	0,
					"snd_cwnd":	418472,
					"omitted":	false
				}],
			"sum":	{
				"start":	49.0052,
				"end":	50.0005,
				"seconds":	0.995265,
				"bytes":	8126464,
				"bits_per_second":	6.5321e+07,
				"retransmits":	0,
				"omitted":	false
			}
		}, {
			"streams":	[{
					"socket":	4,
					"start":	50.0005,
					"end":	51.0034,
					"seconds":	1.00287,
					"bytes":	3276800,
					"bits_per_second":	2.61395e+07,
					"retransmits":	0,
					"snd_cwnd":	431504,
					"omitted":	false
				}],
			"sum":	{
				"start":	50.0005,
				"end":	51.0034,
				"seconds":	1.00287,
				"bytes":	3276800,
				"bits_per_second":	2.61395e+07,
				"retransmits":	0,
				"omitted":	false
			}
		}, {
			"streams":	[{
					"socket":	4,
					"start":	51.0034,
					"end":	52.0141,
					"seconds":	1.01073,
					"bytes":	5898240,
					"bits_per_second":	4.66849e+07,
					"retransmits":	0,
					"snd_cwnd":	438744,
					"omitted":	false
				}],
			"sum":	{
				"start":	51.0034,
				"end":	52.0141,
				"seconds":	1.01073,
				"bytes":	5898240,
				"bits_per_second":	4.66849e+07,
				"retransmits":	0,
				"omitted":	false
			}
		}, {
			"streams":	[{
					"socket":	4,
					"start":	52.0141,
					"end":	53.001,
					"seconds":	0.986905,
					"bytes":	7077888,
					"bits_per_second":	5.73744e+07,
					"retransmits":	0,
					"snd_cwnd":	438744,
					"omitted":	false
				}],
			"sum":	{
				"start":	52.0141,
				"end":	53.001,
				"seconds":	0.986905,
				"bytes":	7077888,
				"bits_per_second":	5.73744e+07,
				"retransmits":	0,
				"omitted":	false
			}
		}, {
			"streams":	[{
					"socket":	4,
					"start":	53.001,
					"end":	54,
					"seconds":	0.999024,
					"bytes":	7864320,
					"bits_per_second":	6.2976e+07,
					"retransmits":	0,
					"snd_cwnd":	438744,
					"omitted":	false
				}],
			"sum":	{
				"start":	53.001,
				"end":	54,
				"seconds":	0.999024,
				"bytes":	7864320,
				"bits_per_second":	6.2976e+07,
				"retransmits":	0,
				"omitted":	false
			}
		}, {
			"streams":	[{
					"socket":	4,
					"start":	54,
					"end":	55.0003,
					"seconds":	1.0003,
					"bytes":	7602176,
					"bits_per_second":	6.0799e+07,
					"retransmits":	0,
					"snd_cwnd":	441640,
					"omitted":	false
				}],
			"sum":	{
				"start":	54,
				"end":	55.0003,
				"seconds":	1.0003,
				"bytes":	7602176,
				"bits_per_second":	6.0799e+07,
				"retransmits":	0,
				"omitted":	false
			}
		}, {
			"streams":	[{
					"socket":	4,
					"start":	55.0003,
					"end":	56.0002,
					"seconds":	0.999841,
					"bytes":	6160384,
					"bits_per_second":	4.92909e+07,
					"retransmits":	0,
					"snd_cwnd":	453224,
					"omitted":	false
				}],
			"sum":	{
				"start":	55.0003,
				"end":	56.0002,
				"seconds":	0.999841,
				"bytes":	6160384,
				"bits_per_second":	4.92909e+07,
				"retransmits":	0,
				"omitted":	false
			}
		}, {
			"streams":	[{
					"socket":	4,
					"start":	56.0002,
					"end":	57.0005,
					"seconds":	1.00036,
					"bytes":	6291456,
					"bits_per_second":	5.03133e+07,
					"retransmits":	0,
					"snd_cwnd":	464808,
					"omitted":	false
				}],
			"sum":	{
				"start":	56.0002,
				"end":	57.0005,
				"seconds":	1.00036,
				"bytes":	6291456,
				"bits_per_second":	5.03133e+07,
				"retransmits":	0,
				"omitted":	false
			}
		}, {
			"streams":	[{
					"socket":	4,
					"start":	57.0005,
					"end":	58.0001,
					"seconds":	0.999548,
					"bytes":	6291456,
					"bits_per_second":	5.03544e+07,
					"retransmits":	0,
					"snd_cwnd":	486528,
					"omitted":	false
				}],
			"sum":	{
				"start":	57.0005,
				"end":	58.0001,
				"seconds":	0.999548,
				"bytes":	6291456,
				"bits_per_second":	5.03544e+07,
				"retransmits":	0,
				"omitted":	false
			}
		}],
	"end":	{
		"streams":	[{
				"sender":	{
					"socket":	4,
					"start":	0,
					"end":	58.0001,
					"seconds":	58.0001,
					"bytes":	361989648,
					"bits_per_second":	4.99295e+07,
					"retransmits":	326
				},
				"receiver":	{
					"socket":	4,
					"start":	0,
					"end":	58.0001,
					"seconds":	58.0001,
					"bytes":	361989648,
					"bits_per_second":	4.99295e+07
				}
			}],
		"sum_sent":	{
			"start":	0,
			"end":	58.0001,
			"seconds":	58.0001,
			"bytes":	361989648,
			"bits_per_second":	4.99295e+07,
			"retransmits":	326
		},
		"sum_received":	{
			"start":	0,
			"end":	58.0001,
			"seconds":	58.0001,
			"bytes":	361989648,
			"bits_per_second":	4.99295e+07
		},
		"cpu_utilization_percent":	{
			"host_total":	1.72047,
			"host_user":	0.104239,
			"host_system":	1.61623,
			"remote_total":	4.24499,
			"remote_user":	0.36128,
			"remote_system":	3.88371
		}
	}
}
