{
	"start":	{
		"connected":	[{
				"socket":	5,
				"local_host":	"10.0.0.1",
				"local_port":	57952,
				"remote_host":	"10.0.0.8",
				"remote_port":	2958
			}],
		"version":	"iperf 3.7",
		"system_info":	"Linux H1 5.4.197-0504197-generic #202206060747 SMP Mon Jun 6 09:27:47 UTC 2022 x86_64",
		"timestamp":	{
			"time":	"Mon, 01 Aug 2022 00:24:54 GMT",
			"timesecs":	1659313494
		},
		"connecting_to":	{
			"host":	"10.0.0.8",
			"port":	2958
		},
		"cookie":	"junj5kqey6mn2ym7jflsdvldr4aqfwqw2gmy",
		"tcp_mss_default":	1448,
		"target_bitrate":	15000000,
		"sock_bufsize":	0,
		"sndbuf_actual":	87380,
		"rcvbuf_actual":	87380,
		"test_start":	{
			"protocol":	"TCP",
			"num_streams":	1,
			"blksize":	131072,
			"omit":	0,
			"duration":	5,
			"bytes":	0,
			"blocks":	0,
			"reverse":	0,
			"tos":	0
		}
	},
	"intervals":	[{
			"streams":	[{
					"socket":	5,
					"start":	0,
					"end":	1.000642,
					"seconds":	1.000641942024231,
					"bytes":	1966080,
					"bits_per_second":	15718549.602450229,
					"retransmits":	0,
					"snd_cwnd":	89776,
					"rtt":	4037,
					"rttvar":	857,
					"pmtu":	1500,
					"omitted":	false,
					"sender":	true
				}],
			"sum":	{
				"start":	0,
				"end":	1.000642,
				"seconds":	1.000641942024231,
				"bytes":	1966080,
				"bits_per_second":	15718549.602450229,
				"retransmits":	0,
				"omitted":	false,
				"sender":	true
			}
		}, {
			"streams":	[{
					"socket":	5,
					"start":	1.000642,
					"end":	2.000348,
					"seconds":	0.999705970287323,
					"bytes":	1835008,
					"bits_per_second":	14684381.644515777,
					"retransmits":	0,
					"snd_cwnd":	94120,
					"rtt":	4267,
					"rttvar":	1764,
					"pmtu":	1500,
					"omitted":	false,
					"sender":	true
				}],
			"sum":	{
				"start":	1.000642,
				"end":	2.000348,
				"seconds":	0.999705970287323,
				"bytes":	1835008,
				"bits_per_second":	14684381.644515777,
				"retransmits":	0,
				"omitted":	false,
				"sender":	true
			}
		}, {
			"streams":	[{
					"socket":	5,
					"start":	2.000348,
					"end":	3.00044,
					"seconds":	1.0000920295715332,
					"bytes":	1835008,
					"bits_per_second":	14678713.124320511,
					"retransmits":	0,
					"snd_cwnd":	95568,
					"rtt":	4587,
					"rttvar":	1784,
					"pmtu":	1500,
					"omitted":	false,
					"sender":	true
				}],
			"sum":	{
				"start":	2.000348,
				"end":	3.00044,
				"seconds":	1.0000920295715332,
				"bytes":	1835008,
				"bits_per_second":	14678713.124320511,
				"retransmits":	0,
				"omitted":	false,
				"sender":	true
			}
		}, {
			"streams":	[{
					"socket":	5,
					"start":	3.00044,
					"end":	4.000167,
					"seconds":	0.99972701072692871,
					"bytes":	1966080,
					"bits_per_second":	15732934.922467763,
					"retransmits":	0,
					"snd_cwnd":	105704,
					"rtt":	4552,
					"rttvar":	1430,
					"pmtu":	1500,
					"omitted":	false,
					"sender":	true
				}],
			"sum":	{
				"start":	3.00044,
				"end":	4.000167,
				"seconds":	0.99972701072692871,
				"bytes":	1966080,
				"bits_per_second":	15732934.922467763,
				"retransmits":	0,
				"omitted":	false,
				"sender":	true
			}
		}, {
			"streams":	[{
					"socket":	5,
					"start":	4.000167,
					"end":	5.000589,
					"seconds":	1.0004220008850098,
					"bytes":	1835008,
					"bits_per_second":	14673871.613192713,
					"retransmits":	0,
					"snd_cwnd":	105704,
					"rtt":	4472,
					"rttvar":	1655,
					"pmtu":	1500,
					"omitted":	false,
					"sender":	true
				}],
			"sum":	{
				"start":	4.000167,
				"end":	5.000589,
				"seconds":	1.0004220008850098,
				"bytes":	1835008,
				"bits_per_second":	14673871.613192713,
				"retransmits":	0,
				"omitted":	false,
				"sender":	true
			}
		}],
	"end":	{
		"streams":	[{
				"sender":	{
					"socket":	5,
					"start":	0,
					"end":	5.000589,
					"seconds":	5.000589,
					"bytes":	9437184,
					"bits_per_second":	15097715.889068268,
					"retransmits":	0,
					"max_snd_cwnd":	105704,
					"max_rtt":	4587,
					"min_rtt":	4037,
					"mean_rtt":	4383,
					"sender":	true
				},
				"receiver":	{
					"socket":	5,
					"start":	0,
					"end":	5.000937,
					"seconds":	5.000589,
					"bytes":	9437184,
					"bits_per_second":	15096665.284925604,
					"sender":	true
				}
			}],
		"sum_sent":	{
			"start":	0,
			"end":	5.000589,
			"seconds":	5.000589,
			"bytes":	9437184,
			"bits_per_second":	15097715.889068268,
			"retransmits":	0,
			"sender":	true
		},
		"sum_received":	{
			"start":	0,
			"end":	5.000937,
			"seconds":	5.000937,
			"bytes":	9437184,
			"bits_per_second":	15096665.284925604,
			"sender":	true
		},
		"cpu_utilization_percent":	{
			"host_total":	4.92876161134874,
			"host_user":	0.77350702951117678,
			"host_system":	4.1552345971578193,
			"remote_total":	2.0051449478212584,
			"remote_user":	0,
			"remote_system":	2.0051848527915621
		},
		"sender_tcp_congestion":	"cubic",
		"receiver_tcp_congestion":	"cubic"
	}
}
