{
	"start":	{
		"connected":	[{
				"socket":	4,
				"local_host":	"10.0.0.5",
				"local_port":	33330,
				"remote_host":	"10.0.0.15",
				"remote_port":	3441
			}],
		"version":	"iperf 3.0.7",
		"system_info":	"Linux BS5 5.4.197-0504197-generic #202206060747 SMP Mon Jun 6 09:27:47 UTC 2022 x86_64 x86_64 x86_64 GNU/Linux\n",
		"timestamp":	{
			"time":	"Mon, 25 Jul 2022 21:44:24 GMT",
			"timesecs":	1658785464
		},
		"connecting_to":	{
			"host":	"10.0.0.15",
			"port":	3441
		},
		"cookie":	"BS5.1658785463.943885.760e952873e67e",
		"tcp_mss_default":	1448,
		"test_start":	{
			"protocol":	"TCP",
			"num_streams":	1,
			"blksize":	131072,
			"omit":	0,
			"duration":	2,
			"bytes":	0,
			"blocks":	0,
			"reverse":	0
		}
	},
	"intervals":	[{
			"streams":	[{
					"socket":	4,
					"start":	0,
					"end":	1.00044,
					"seconds":	1.00044,
					"bytes":	7308816,
					"bits_per_second":	5.84448e+07,
					"retransmits":	0,
					"snd_cwnd":	386616,
					"omitted":	false
				}],
			"sum":	{
				"start":	0,
				"end":	1.00044,
				"seconds":	1.00044,
				"bytes":	7308816,
				"bits_per_second":	5.84448e+07,
				"retransmits":	0,
				"omitted":	false
			}
		}, {
			"streams":	[{
					"socket":	4,
					"start":	1.00044,
					"end":	2.00186,
					"seconds":	1.00142,
					"bytes":	16515072,
					"bits_per_second":	1.31933e+08,
					"retransmits":	0,
					"snd_cwnd":	1291616,
					"omitted":	false
				}],
			"sum":	{
				"start":	1.00044,
				"end":	2.00186,
				"seconds":	1.00142,
				"bytes":	16515072,
				"bits_per_second":	1.31933e+08,
				"retransmits":	0,
				"omitted":	false
			}
		}],
	"end":	{
		"streams":	[{
				"sender":	{
					"socket":	4,
					"start":	0,
					"end":	2.00186,
					"seconds":	2.00186,
					"bytes":	23823888,
					"bits_per_second":	9.52069e+07,
					"retransmits":	0
				},
				"receiver":	{
					"socket":	4,
					"start":	0,
					"end":	2.00186,
					"seconds":	2.00186,
					"bytes":	23823888,
					"bits_per_second":	9.52069e+07
				}
			}],
		"sum_sent":	{
			"start":	0,
			"end":	2.00186,
			"seconds":	2.00186,
			"bytes":	23823888,
			"bits_per_second":	9.52069e+07,
			"retransmits":	0
		},
		"sum_received":	{
			"start":	0,
			"end":	2.00186,
			"seconds":	2.00186,
			"bytes":	23823888,
			"bits_per_second":	9.52069e+07
		},
		"cpu_utilization_percent":	{
			"host_total":	4.24442,
			"host_user":	1.00417,
			"host_system":	3.24011,
			"remote_total":	5.47451,
			"remote_user":	1.4279,
			"remote_system":	4.04665
		}
	}
}
