{
	"start":	{
		"connected":	[{
				"socket":	4,
				"local_host":	"10.0.0.4",
				"local_port":	37940,
				"remote_host":	"10.0.0.15",
				"remote_port":	1460
			}],
		"version":	"iperf 3.0.7",
		"system_info":	"Linux BS4 5.4.197-0504197-generic #202206060747 SMP Mon Jun 6 09:27:47 UTC 2022 x86_64 x86_64 x86_64 GNU/Linux\n",
		"timestamp":	{
			"time":	"Mon, 25 Jul 2022 21:50:43 GMT",
			"timesecs":	1658785843
		},
		"connecting_to":	{
			"host":	"10.0.0.15",
			"port":	1460
		},
		"cookie":	"BS4.1658785843.330762.0865328e4ccf6d",
		"test_start":	{
			"protocol":	"UDP",
			"num_streams":	1,
			"blksize":	8192,
			"omit":	0,
			"duration":	31,
			"bytes":	0,
			"blocks":	0,
			"reverse":	0
		}
	},
	"intervals":	[{
			"streams":	[{
					"socket":	4,
					"start":	0,
					"end":	1.00016,
					"seconds":	1.00016,
					"bytes":	12222464,
					"bits_per_second":	9.77643e+07,
					"packets":	1492,
					"omitted":	false
				}],
			"sum":	{
				"start":	0,
				"end":	1.00016,
				"seconds":	1.00016,
				"bytes":	12222464,
				"bits_per_second":	9.77643e+07,
				"packets":	1492,
				"omitted":	false
			}
		}, {
			"streams":	[{
					"socket":	4,
					"start":	1.00016,
					"end":	2.0004,
					"seconds":	1.00024,
					"bytes":	12140544,
					"bits_per_second":	9.7101e+07,
					"packets":	1482,
					"omitted":	false
				}],
			"sum":	{
				"start":	1.00016,
				"end":	2.0004,
				"seconds":	1.00024,
				"bytes":	12140544,
				"bits_per_second":	9.7101e+07,
				"packets":	1482,
				"omitted":	false
			}
		}, {
			"streams":	[{
					"socket":	4,
					"start":	2.0004,
					"end":	3.00061,
					"seconds":	1.00021,
					"bytes":	12263424,
					"bits_per_second":	9.80867e+07,
					"packets":	1497,
					"omitted":	false
				}],
			"sum":	{
				"start":	2.0004,
				"end":	3.00061,
				"seconds":	1.00021,
				"bytes":	12263424,
				"bits_per_second":	9.80867e+07,
				"packets":	1497,
				"omitted":	false
			}
		}, {
			"streams":	[{
					"socket":	4,
					"start":	3.00061,
					"end":	4.00114,
					"seconds":	1.00053,
					"bytes":	12517376,
					"bits_per_second":	1.00086e+08,
					"packets":	1528,
					"omitted":	false
				}],
			"sum":	{
				"start":	3.00061,
				"end":	4.00114,
				"seconds":	1.00053,
				"bytes":	12517376,
				"bits_per_second":	1.00086e+08,
				"packets":	1528,
				"omitted":	false
			}
		}, {
			"streams":	[{
					"socket":	4,
					"start":	4.00114,
					"end":	5.00065,
					"seconds":	0.999507,
					"bytes":	12812288,
					"bits_per_second":	1.02549e+08,
					"packets":	1564,
					"omitted":	false
				}],
			"sum":	{
				"start":	4.00114,
				"end":	5.00065,
				"seconds":	0.999507,
				"bytes":	12812288,
				"bits_per_second":	1.02549e+08,
				"packets":	1564,
				"omitted":	false
			}
		}, {
			"streams":	[{
					"socket":	4,
					"start":	5.00065,
					"end":	6.00104,
					"seconds":	1.00039,
					"bytes":	12345344,
					"bits_per_second":	9.87245e+07,
					"packets":	1507,
					"omitted":	false
				}],
			"sum":	{
				"start":	5.00065,
				"end":	6.00104,
				"seconds":	1.00039,
				"bytes":	12345344,
				"bits_per_second":	9.87245e+07,
				"packets":	1507,
				"omitted":	false
			}
		}, {
			"streams":	[{
					"socket":	4,
					"start":	6.00104,
					"end":	7.00035,
					"seconds":	0.999314,
					"bytes":	12328960,
					"bits_per_second":	9.86994e+07,
					"packets":	1505,
					"omitted":	false
				}],
			"sum":	{
				"start":	6.00104,
				"end":	7.00035,
				"seconds":	0.999314,
				"bytes":	12328960,
				"bits_per_second":	9.86994e+07,
				"packets":	1505,
				"omitted":	false
			}
		}, {
			"streams":	[{
					"socket":	4,
					"start":	7.00035,
					"end":	8.0005,
					"seconds":	1.00015,
					"bytes":	12247040,
					"bits_per_second":	9.79613e+07,
					"packets":	1495,
					"omitted":	false
				}],
			"sum":	{
				"start":	7.00035,
				"end":	8.0005,
				"seconds":	1.00015,
				"bytes":	12247040,
				"bits_per_second":	9.79613e+07,
				"packets":	1495,
				"omitted":	false
			}
		}, {
			"streams":	[{
					"socket":	4,
					"start":	8.0005,
					"end":	9.00109,
					"seconds":	1.00059,
					"bytes":	12550144,
					"bits_per_second":	1.00342e+08,
					"packets":	1532,
					"omitted":	false
				}],
			"sum":	{
				"start":	8.0005,
				"end":	9.00109,
				"seconds":	1.00059,
				"bytes":	12550144,
				"bits_per_second":	1.00342e+08,
				"packets":	1532,
				"omitted":	false
			}
		}, {
			"streams":	[{
					"socket":	4,
					"start":	9.00109,
					"end":	10.0003,
					"seconds":	0.999243,
					"bytes":	13418496,
					"bits_per_second":	1.07429e+08,
					"packets":	1638,
					"omitted":	false
				}],
			"sum":	{
				"start":	9.00109,
				"end":	10.0003,
				"seconds":	0.999243,
				"bytes":	13418496,
				"bits_per_second":	1.07429e+08,
				"packets":	1638,
				"omitted":	false
			}
		}, {
			"streams":	[{
					"socket":	4,
					"start":	10.0003,
					"end":	11.0019,
					"seconds":	1.00152,
					"bytes":	12214272,
					"bits_per_second":	9.75654e+07,
					"packets":	1491,
					"omitted":	false
				}],
			"sum":	{
				"start":	10.0003,
				"end":	11.0019,
				"seconds":	1.00152,
				"bytes":	12214272,
				"bits_per_second":	9.75654e+07,
				"packets":	1491,
				"omitted":	false
			}
		}, {
			"streams":	[{
					"socket":	4,
					"start":	11.0019,
					"end":	12.0022,
					"seconds":	1.00032,
					"bytes":	12591104,
					"bits_per_second":	1.00696e+08,
					"packets":	1537,
					"omitted":	false
				}],
			"sum":	{
				"start":	11.0019,
				"end":	12.0022,
				"seconds":	1.00032,
				"bytes":	12591104,
				"bits_per_second":	1.00696e+08,
				"packets":	1537,
				"omitted":	false
			}
		}, {
			"streams":	[{
					"socket":	4,
					"start":	12.0022,
					"end":	13.0005,
					"seconds":	0.998359,
					"bytes":	12255232,
					"bits_per_second":	9.8203e+07,
					"packets":	1496,
					"omitted":	false
				}],
			"sum":	{
				"start":	12.0022,
				"end":	13.0005,
				"seconds":	0.998359,
				"bytes":	12255232,
				"bits_per_second":	9.8203e+07,
				"packets":	1496,
				"omitted":	false
			}
		}, {
			"streams":	[{
					"socket":	4,
					"start":	13.0005,
					"end":	14.0055,
					"seconds":	1.00493,
					"bytes":	12673024,
					"bits_per_second":	1.00887e+08,
					"packets":	1547,
					"omitted":	false
				}],
			"sum":	{
				"start":	13.0005,
				"end":	14.0055,
				"seconds":	1.00493,
				"bytes":	12673024,
				"bits_per_second":	1.00887e+08,
				"packets":	1547,
				"omitted":	false
			}
		}, {
			"streams":	[{
					"socket":	4,
					"start":	14.0055,
					"end":	15.0002,
					"seconds":	0.99476,
					"bytes":	11681792,
					"bits_per_second":	9.39466e+07,
					"packets":	1426,
					"omitted":	false
				}],
			"sum":	{
				"start":	14.0055,
				"end":	15.0002,
				"seconds":	0.99476,
				"bytes":	11681792,
				"bits_per_second":	9.39466e+07,
				"packets":	1426,
				"omitted":	false
			}
		}, {
			"streams":	[{
					"socket":	4,
					"start":	15.0002,
					"end":	16.0001,
					"seconds":	0.99983,
					"bytes":	13344768,
					"bits_per_second":	1.06776e+08,
					"packets":	1629,
					"omitted":	false
				}],
			"sum":	{
				"start":	15.0002,
				"end":	16.0001,
				"seconds":	0.99983,
				"bytes":	13344768,
				"bits_per_second":	1.06776e+08,
				"packets":	1629,
				"omitted":	false
			}
		}, {
			"streams":	[{
					"socket":	4,
					"start":	16.0001,
					"end":	17.0033,
					"seconds":	1.00322,
					"bytes":	10919936,
					"bits_per_second":	8.70789e+07,
					"packets":	1333,
					"omitted":	false
				}],
			"sum":	{
				"start":	16.0001,
				"end":	17.0033,
				"seconds":	1.00322,
				"bytes":	10919936,
				"bits_per_second":	8.70789e+07,
				"packets":	1333,
				"omitted":	false
			}
		}, {
			"streams":	[{
					"socket":	4,
					"start":	17.0033,
					"end":	18.0037,
					"seconds":	1.00038,
					"bytes":	12361728,
					"bits_per_second":	9.88567e+07,
					"packets":	1509,
					"omitted":	false
				}],
			"sum":	{
				"start":	17.0033,
				"end":	18.0037,
				"seconds":	1.00038,
				"bytes":	12361728,
				"bits_per_second":	9.88567e+07,
				"packets":	1509,
				"omitted":	false
			}
		}, {
			"streams":	[{
					"socket":	4,
					"start":	18.0037,
					"end":	19.0007,
					"seconds":	0.997084,
					"bytes":	14041088,
					"bits_per_second":	1.12657e+08,
					"packets":	1714,
					"omitted":	false
				}],
			"sum":	{
				"start":	18.0037,
				"end":	19.0007,
				"seconds":	0.997084,
				"bytes":	14041088,
				"bits_per_second":	1.12657e+08,
				"packets":	1714,
				"omitted":	false
			}
		}, {
			"streams":	[{
					"socket":	4,
					"start":	19.0007,
					"end":	20.0023,
					"seconds":	1.00153,
					"bytes":	12091392,
					"bits_per_second":	9.65835e+07,
					"packets":	1476,
					"omitted":	false
				}],
			"sum":	{
				"start":	19.0007,
				"end":	20.0023,
				"seconds":	1.00153,
				"bytes":	12091392,
				"bits_per_second":	9.65835e+07,
				"packets":	1476,
				"omitted":	false
			}
		}, {
			"streams":	[{
					"socket":	4,
					"start":	20.0023,
					"end":	21.0006,
					"seconds":	0.998335,
					"bytes":	13230080,
					"bits_per_second":	1.06017e+08,
					"packets":	1615,
					"omitted":	false
				}],
			"sum":	{
				"start":	20.0023,
				"end":	21.0006,
				"seconds":	0.998335,
				"bytes":	13230080,
				"bits_per_second":	1.06017e+08,
				"packets":	1615,
				"omitted":	false
			}
		}, {
			"streams":	[{
					"socket":	4,
					"start":	21.0006,
					"end":	22.0049,
					"seconds":	1.00434,
					"bytes":	12296192,
					"bits_per_second":	9.79448e+07,
					"packets":	1501,
					"omitted":	false
				}],
			"sum":	{
				"start":	21.0006,
				"end":	22.0049,
				"seconds":	1.00434,
				"bytes":	12296192,
				"bits_per_second":	9.79448e+07,
				"packets":	1501,
				"omitted":	false
			}
		}, {
			"streams":	[{
					"socket":	4,
					"start":	22.0049,
					"end":	23.0003,
					"seconds":	0.995358,
					"bytes":	12607488,
					"bits_per_second":	1.0133e+08,
					"packets":	1539,
					"omitted":	false
				}],
			"sum":	{
				"start":	22.0049,
				"end":	23.0003,
				"seconds":	0.995358,
				"bytes":	12607488,
				"bits_per_second":	1.0133e+08,
				"packets":	1539,
				"omitted":	false
			}
		}, {
			"streams":	[{
					"socket":	4,
					"start":	23.0003,
					"end":	24.0026,
					"seconds":	1.00232,
					"bytes":	11763712,
					"bits_per_second":	9.38919e+07,
					"packets":	1436,
					"omitted":	false
				}],
			"sum":	{
				"start":	23.0003,
				"end":	24.0026,
				"seconds":	1.00232,
				"bytes":	11763712,
				"bits_per_second":	9.38919e+07,
				"packets":	1436,
				"omitted":	false
			}
		}, {
			"streams":	[{
					"socket":	4,
					"start":	24.0026,
					"end":	25.001,
					"seconds":	0.9984,
					"bytes":	13139968,
					"bits_per_second":	1.05288e+08,
					"packets":	1604,
					"omitted":	false
				}],
			"sum":	{
				"start":	24.0026,
				"end":	25.001,
				"seconds":	0.9984,
				"bytes":	13139968,
				"bits_per_second":	1.05288e+08,
				"packets":	1604,
				"omitted":	false
			}
		}, {
			"streams":	[{
					"socket":	4,
					"start":	25.001,
					"end":	26.0026,
					"seconds":	1.00159,
					"bytes":	11771904,
					"bits_per_second":	9.40262e+07,
					"packets":	1437,
					"omitted":	false
				}],
			"sum":	{
				"start":	25.001,
				"end":	26.0026,
				"seconds":	1.00159,
				"bytes":	11771904,
				"bits_per_second":	9.40262e+07,
				"packets":	1437,
				"omitted":	false
			}
		}, {
			"streams":	[{
					"socket":	4,
					"start":	26.0026,
					"end":	27.0038,
					"seconds":	1.00118,
					"bytes":	12664832,
					"bits_per_second":	1.01199e+08,
					"packets":	1546,
					"omitted":	false
				}],
			"sum":	{
				"start":	26.0026,
				"end":	27.0038,
				"seconds":	1.00118,
				"bytes":	12664832,
				"bits_per_second":	1.01199e+08,
				"packets":	1546,
				"omitted":	false
			}
		}, {
			"streams":	[{
					"socket":	4,
					"start":	27.0038,
					"end":	28.0002,
					"seconds":	0.996406,
					"bytes":	12328960,
					"bits_per_second":	9.89875e+07,
					"packets":	1505,
					"omitted":	false
				}],
			"sum":	{
				"start":	27.0038,
				"end":	28.0002,
				"seconds":	0.996406,
				"bytes":	12328960,
				"bits_per_second":	9.89875e+07,
				"packets":	1505,
				"omitted":	false
			}
		}, {
			"streams":	[{
					"socket":	4,
					"start":	28.0002,
					"end":	29.0022,
					"seconds":	1.00196,
					"bytes":	13271040,
					"bits_per_second":	1.05961e+08,
					"packets":	1620,
					"omitted":	false
				}],
			"sum":	{
				"start":	28.0002,
				"end":	29.0022,
				"seconds":	1.00196,
				"bytes":	13271040,
				"bits_per_second":	1.05961e+08,
				"packets":	1620,
				"omitted":	false
			}
		}, {
			"streams":	[{
					"socket":	4,
					"start":	29.0022,
					"end":	30.0002,
					"seconds":	0.998099,
					"bytes":	11927552,
					"bits_per_second":	9.56021e+07,
					"packets":	1456,
					"omitted":	false
				}],
			"sum":	{
				"start":	29.0022,
				"end":	30.0002,
				"seconds":	0.998099,
				"bytes":	11927552,
				"bits_per_second":	9.56021e+07,
				"packets":	1456,
				"omitted":	false
			}
		}, {
			"streams":	[{
					"socket":	4,
					"start":	30.0002,
					"end":	31.0002,
					"seconds":	0.99997,
					"bytes":	12517376,
					"bits_per_second":	1.00142e+08,
					"packets":	1528,
					"omitted":	false
				}],
			"sum":	{
				"start":	30.0002,
				"end":	31.0002,
				"seconds":	0.99997,
				"bytes":	12517376,
				"bits_per_second":	1.00142e+08,
				"packets":	1528,
				"omitted":	false
			}
		}],
	"end":	{
		"streams":	[{
				"udp":	{
					"socket":	4,
					"start":	0,
					"end":	31.0002,
					"seconds":	31.0002,
					"bytes":	386539520,
					"bits_per_second":	9.97514e+07,
					"jitter_ms":	0.531541,
					"lost_packets":	1581,
					"packets":	47185,
					"lost_percent":	3.35064
				}
			}],
		"sum":	{
			"start":	0,
			"end":	31.0002,
			"seconds":	31.0002,
			"bytes":	386539520,
			"bits_per_second":	9.97514e+07,
			"jitter_ms":	0.531541,
			"lost_packets":	1581,
			"packets":	47185,
			"lost_percent":	3.35064
		},
		"cpu_utilization_percent":	{
			"host_total":	44.5072,
			"host_user":	0.799565,
			"host_system":	43.7076,
			"remote_total":	10.3796,
			"remote_user":	1.3367,
			"remote_system":	9.04291
		}
	}
}
