{
	"start":	{
		"connected":	[{
				"socket":	4,
				"local_host":	"10.0.0.6",
				"local_port":	43304,
				"remote_host":	"10.0.0.21",
				"remote_port":	3586
			}],
		"version":	"iperf 3.0.7",
		"system_info":	"Linux BS6 5.4.197-0504197-generic #202206060747 SMP Mon Jun 6 09:27:47 UTC 2022 x86_64 x86_64 x86_64 GNU/Linux\n",
		"timestamp":	{
			"time":	"Mon, 25 Jul 2022 21:44:25 GMT",
			"timesecs":	1658785465
		},
		"connecting_to":	{
			"host":	"10.0.0.21",
			"port":	3586
		},
		"cookie":	"BS6.1658785465.054572.57bd3ed32a6074",
		"tcp_mss_default":	1448,
		"test_start":	{
			"protocol":	"TCP",
			"num_streams":	1,
			"blksize":	131072,
			"omit":	0,
			"duration":	2,
			"bytes":	0,
			"blocks":	0,
			"reverse":	0
		}
	},
	"intervals":	[{
			"streams":	[{
					"socket":	4,
					"start":	0,
					"end":	1.00042,
					"seconds":	1.00042,
					"bytes":	10978832,
					"bits_per_second":	8.7794e+07,
					"retransmits":	4,
					"snd_cwnd":	399648,
					"omitted":	false
				}],
			"sum":	{
				"start":	0,
				"end":	1.00042,
				"seconds":	1.00042,
				"bytes":	10978832,
				"bits_per_second":	8.7794e+07,
				"retransmits":	4,
				"omitted":	false
			}
		}, {
			"streams":	[{
					"socket":	4,
					"start":	1.00042,
					"end":	2.00023,
					"seconds":	0.999809,
					"bytes":	13893632,
					"bits_per_second":	1.1117e+08,
					"retransmits":	0,
					"snd_cwnd":	425712,
					"omitted":	false
				}],
			"sum":	{
				"start":	1.00042,
				"end":	2.00023,
				"seconds":	0.999809,
				"bytes":	13893632,
				"bits_per_second":	1.1117e+08,
				"retransmits":	0,
				"omitted":	false
			}
		}],
	"end":	{
		"streams":	[{
				"sender":	{
					"socket":	4,
					"start":	0,
					"end":	2.00023,
					"seconds":	2.00023,
					"bytes":	24872464,
					"bits_per_second":	9.94786e+07,
					"retransmits":	4
				},
				"receiver":	{
					"socket":	4,
					"start":	0,
					"end":	2.00023,
					"seconds":	2.00023,
					"bytes":	23609640,
					"bits_per_second":	9.44279e+07
				}
			}],
		"sum_sent":	{
			"start":	0,
			"end":	2.00023,
			"seconds":	2.00023,
			"bytes":	24872464,
			"bits_per_second":	9.94786e+07,
			"retransmits":	4
		},
		"sum_received":	{
			"start":	0,
			"end":	2.00023,
			"seconds":	2.00023,
			"bytes":	23609640,
			"bits_per_second":	9.44279e+07
		},
		"cpu_utilization_percent":	{
			"host_total":	5.44768,
			"host_user":	1.55374,
			"host_system":	3.89389,
			"remote_total":	8.51298,
			"remote_user":	0.82477,
			"remote_system":	7.68853
		}
	}
}
