{
	"start":	{
		"connected":	[{
				"socket":	4,
				"local_host":	"10.0.0.4",
				"local_port":	47554,
				"remote_host":	"10.0.0.11",
				"remote_port":	2784
			}],
		"version":	"iperf 3.0.7",
		"system_info":	"Linux BS4 5.4.197-0504197-generic #202206060747 SMP Mon Jun 6 09:27:47 UTC 2022 x86_64 x86_64 x86_64 GNU/Linux\n",
		"timestamp":	{
			"time":	"Mon, 25 Jul 2022 21:42:23 GMT",
			"timesecs":	1658785343
		},
		"connecting_to":	{
			"host":	"10.0.0.11",
			"port":	2784
		},
		"cookie":	"BS4.1658785343.433405.1101a6c33b493f",
		"tcp_mss_default":	1448,
		"test_start":	{
			"protocol":	"TCP",
			"num_streams":	1,
			"blksize":	131072,
			"omit":	0,
			"duration":	58,
			"bytes":	0,
			"blocks":	0,
			"reverse":	0
		}
	},
	"intervals":	[{
			"streams":	[{
					"socket":	4,
					"start":	0,
					"end":	1.00028,
					"seconds":	1.00028,
					"bytes":	5715736,
					"bits_per_second":	4.57132e+07,
					"retransmits":	0,
					"snd_cwnd":	606712,
					"omitted":	false
				}],
			"sum":	{
				"start":	0,
				"end":	1.00028,
				"seconds":	1.00028,
				"bytes":	5715736,
				"bits_per_second":	4.57132e+07,
				"retransmits":	0,
				"omitted":	false
			}
		}, {
			"streams":	[{
					"socket":	4,
					"start":	1.00028,
					"end":	2.00015,
					"seconds":	0.99987,
					"bytes":	6291456,
					"bits_per_second":	5.03382e+07,
					"retransmits":	0,
					"snd_cwnd":	673320,
					"omitted":	false
				}],
			"sum":	{
				"start":	1.00028,
				"end":	2.00015,
				"seconds":	0.99987,
				"bytes":	6291456,
				"bits_per_second":	5.03382e+07,
				"retransmits":	0,
				"omitted":	false
			}
		}, {
			"streams":	[{
					"socket":	4,
					"start":	2.00015,
					"end":	3.00038,
					"seconds":	1.00023,
					"bytes":	6160384,
					"bits_per_second":	4.92719e+07,
					"retransmits":	0,
					"snd_cwnd":	673320,
					"omitted":	false
				}],
			"sum":	{
				"start":	2.00015,
				"end":	3.00038,
				"seconds":	1.00023,
				"bytes":	6160384,
				"bits_per_second":	4.92719e+07,
				"retransmits":	0,
				"omitted":	false
			}
		}, {
			"streams":	[{
					"socket":	4,
					"start":	3.00038,
					"end":	4.00036,
					"seconds":	0.999983,
					"bytes":	6291456,
					"bits_per_second":	5.03325e+07,
					"retransmits":	0,
					"snd_cwnd":	673320,
					"omitted":	false
				}],
			"sum":	{
				"start":	3.00038,
				"end":	4.00036,
				"seconds":	0.999983,
				"bytes":	6291456,
				"bits_per_second":	5.03325e+07,
				"retransmits":	0,
				"omitted":	false
			}
		}, {
			"streams":	[{
					"socket":	4,
					"start":	4.00036,
					"end":	5.00014,
					"seconds":	0.99978,
					"bytes":	6291456,
					"bits_per_second":	5.03427e+07,
					"retransmits":	0,
					"snd_cwnd":	673320,
					"omitted":	false
				}],
			"sum":	{
				"start":	4.00036,
				"end":	5.00014,
				"seconds":	0.99978,
				"bytes":	6291456,
				"bits_per_second":	5.03427e+07,
				"retransmits":	0,
				"omitted":	false
			}
		}, {
			"streams":	[{
					"socket":	4,
					"start":	5.00014,
					"end":	6.00067,
					"seconds":	1.00053,
					"bytes":	6291456,
					"bits_per_second":	5.0305e+07,
					"retransmits":	0,
					"snd_cwnd":	673320,
					"omitted":	false
				}],
			"sum":	{
				"start":	5.00014,
				"end":	6.00067,
				"seconds":	1.00053,
				"bytes":	6291456,
				"bits_per_second":	5.0305e+07,
				"retransmits":	0,
				"omitted":	false
			}
		}, {
			"streams":	[{
					"socket":	4,
					"start":	6.00067,
					"end":	7.00013,
					"seconds":	0.999467,
					"bytes":	6160384,
					"bits_per_second":	4.93093e+07,
					"retransmits":	0,
					"snd_cwnd":	673320,
					"omitted":	false
				}],
			"sum":	{
				"start":	6.00067,
				"end":	7.00013,
				"seconds":	0.999467,
				"bytes":	6160384,
				"bits_per_second":	4.93093e+07,
				"retransmits":	0,
				"omitted":	false
			}
		}, {
			"streams":	[{
					"socket":	4,
					"start":	7.00013,
					"end":	8.0003,
					"seconds":	1.00017,
					"bytes":	6291456,
					"bits_per_second":	5.03233e+07,
					"retransmits":	0,
					"snd_cwnd":	673320,
					"omitted":	false
				}],
			"sum":	{
				"start":	7.00013,
				"end":	8.0003,
				"seconds":	1.00017,
				"bytes":	6291456,
				"bits_per_second":	5.03233e+07,
				"retransmits":	0,
				"omitted":	false
			}
		}, {
			"streams":	[{
					"socket":	4,
					"start":	8.0003,
					"end":	9.00052,
					"seconds":	1.00022,
					"bytes":	6160384,
					"bits_per_second":	4.92721e+07,
					"retransmits":	0,
					"snd_cwnd":	673320,
					"omitted":	false
				}],
			"sum":	{
				"start":	8.0003,
				"end":	9.00052,
				"seconds":	1.00022,
				"bytes":	6160384,
				"bits_per_second":	4.92721e+07,
				"retransmits":	0,
				"omitted":	false
			}
		}, {
			"streams":	[{
					"socket":	4,
					"start":	9.00052,
					"end":	10.0006,
					"seconds":	1.00004,
					"bytes":	6291456,
					"bits_per_second":	5.03294e+07,
					"retransmits":	0,
					"snd_cwnd":	673320,
					"omitted":	false
				}],
			"sum":	{
				"start":	9.00052,
				"end":	10.0006,
				"seconds":	1.00004,
				"bytes":	6291456,
				"bits_per_second":	5.03294e+07,
				"retransmits":	0,
				"omitted":	false
			}
		}, {
			"streams":	[{
					"socket":	4,
					"start":	10.0006,
					"end":	11.0001,
					"seconds":	0.999488,
					"bytes":	6291456,
					"bits_per_second":	5.03574e+07,
					"retransmits":	0,
					"snd_cwnd":	673320,
					"omitted":	false
				}],
			"sum":	{
				"start":	10.0006,
				"end":	11.0001,
				"seconds":	0.999488,
				"bytes":	6291456,
				"bits_per_second":	5.03574e+07,
				"retransmits":	0,
				"omitted":	false
			}
		}, {
			"streams":	[{
					"socket":	4,
					"start":	11.0001,
					"end":	12.0002,
					"seconds":	1.00017,
					"bytes":	6160384,
					"bits_per_second":	4.92745e+07,
					"retransmits":	0,
					"snd_cwnd":	673320,
					"omitted":	false
				}],
			"sum":	{
				"start":	11.0001,
				"end":	12.0002,
				"seconds":	1.00017,
				"bytes":	6160384,
				"bits_per_second":	4.92745e+07,
				"retransmits":	0,
				"omitted":	false
			}
		}, {
			"streams":	[{
					"socket":	4,
					"start":	12.0002,
					"end":	13.0006,
					"seconds":	1.00037,
					"bytes":	6291456,
					"bits_per_second":	5.0313e+07,
					"retransmits":	0,
					"snd_cwnd":	673320,
					"omitted":	false
				}],
			"sum":	{
				"start":	12.0002,
				"end":	13.0006,
				"seconds":	1.00037,
				"bytes":	6291456,
				"bits_per_second":	5.0313e+07,
				"retransmits":	0,
				"omitted":	false
			}
		}, {
			"streams":	[{
					"socket":	4,
					"start":	13.0006,
					"end":	14.0004,
					"seconds":	0.999772,
					"bytes":	6291456,
					"bits_per_second":	5.03431e+07,
					"retransmits":	0,
					"snd_cwnd":	673320,
					"omitted":	false
				}],
			"sum":	{
				"start":	13.0006,
				"end":	14.0004,
				"seconds":	0.999772,
				"bytes":	6291456,
				"bits_per_second":	5.03431e+07,
				"retransmits":	0,
				"omitted":	false
			}
		}, {
			"streams":	[{
					"socket":	4,
					"start":	14.0004,
					"end":	15.0003,
					"seconds":	0.999901,
					"bytes":	6160384,
					"bits_per_second":	4.92879e+07,
					"retransmits":	45,
					"snd_cwnd":	673320,
					"omitted":	false
				}],
			"sum":	{
				"start":	14.0004,
				"end":	15.0003,
				"seconds":	0.999901,
				"bytes":	6160384,
				"bits_per_second":	4.92879e+07,
				"retransmits":	45,
				"omitted":	false
			}
		}, {
			"streams":	[{
					"socket":	4,
					"start":	15.0003,
					"end":	16.0003,
					"seconds":	1.00005,
					"bytes":	6291456,
					"bits_per_second":	5.0329e+07,
					"retransmits":	0,
					"snd_cwnd":	673320,
					"omitted":	false
				}],
			"sum":	{
				"start":	15.0003,
				"end":	16.0003,
				"seconds":	1.00005,
				"bytes":	6291456,
				"bits_per_second":	5.0329e+07,
				"retransmits":	0,
				"omitted":	false
			}
		}, {
			"streams":	[{
					"socket":	4,
					"start":	16.0003,
					"end":	17.0002,
					"seconds":	0.99985,
					"bytes":	6291456,
					"bits_per_second":	5.03392e+07,
					"retransmits":	0,
					"snd_cwnd":	673320,
					"omitted":	false
				}],
			"sum":	{
				"start":	16.0003,
				"end":	17.0002,
				"seconds":	0.99985,
				"bytes":	6291456,
				"bits_per_second":	5.03392e+07,
				"retransmits":	0,
				"omitted":	false
			}
		}, {
			"streams":	[{
					"socket":	4,
					"start":	17.0002,
					"end":	18.0004,
					"seconds":	1.00022,
					"bytes":	6160384,
					"bits_per_second":	4.92721e+07,
					"retransmits":	0,
					"snd_cwnd":	673320,
					"omitted":	false
				}],
			"sum":	{
				"start":	17.0002,
				"end":	18.0004,
				"seconds":	1.00022,
				"bytes":	6160384,
				"bits_per_second":	4.92721e+07,
				"retransmits":	0,
				"omitted":	false
			}
		}, {
			"streams":	[{
					"socket":	4,
					"start":	18.0004,
					"end":	19.0004,
					"seconds":	0.999956,
					"bytes":	6291456,
					"bits_per_second":	5.03339e+07,
					"retransmits":	0,
					"snd_cwnd":	673320,
					"omitted":	false
				}],
			"sum":	{
				"start":	18.0004,
				"end":	19.0004,
				"seconds":	0.999956,
				"bytes":	6291456,
				"bits_per_second":	5.03339e+07,
				"retransmits":	0,
				"omitted":	false
			}
		}, {
			"streams":	[{
					"socket":	4,
					"start":	19.0004,
					"end":	20.0001,
					"seconds":	0.99975,
					"bytes":	6291456,
					"bits_per_second":	5.03442e+07,
					"retransmits":	0,
					"snd_cwnd":	673320,
					"omitted":	false
				}],
			"sum":	{
				"start":	19.0004,
				"end":	20.0001,
				"seconds":	0.99975,
				"bytes":	6291456,
				"bits_per_second":	5.03442e+07,
				"retransmits":	0,
				"omitted":	false
			}
		}, {
			"streams":	[{
					"socket":	4,
					"start":	20.0001,
					"end":	21.0003,
					"seconds":	1.00019,
					"bytes":	6291456,
					"bits_per_second":	5.03219e+07,
					"retransmits":	0,
					"snd_cwnd":	673320,
					"omitted":	false
				}],
			"sum":	{
				"start":	20.0001,
				"end":	21.0003,
				"seconds":	1.00019,
				"bytes":	6291456,
				"bits_per_second":	5.03219e+07,
				"retransmits":	0,
				"omitted":	false
			}
		}, {
			"streams":	[{
					"socket":	4,
					"start":	21.0003,
					"end":	22.0003,
					"seconds":	0.999983,
					"bytes":	6160384,
					"bits_per_second":	4.92839e+07,
					"retransmits":	1,
					"snd_cwnd":	673320,
					"omitted":	false
				}],
			"sum":	{
				"start":	21.0003,
				"end":	22.0003,
				"seconds":	0.999983,
				"bytes":	6160384,
				"bits_per_second":	4.92839e+07,
				"retransmits":	1,
				"omitted":	false
			}
		}, {
			"streams":	[{
					"socket":	4,
					"start":	22.0003,
					"end":	23.0004,
					"seconds":	1.0001,
					"bytes":	6291456,
					"bits_per_second":	5.03264e+07,
					"retransmits":	0,
					"snd_cwnd":	673320,
					"omitted":	false
				}],
			"sum":	{
				"start":	22.0003,
				"end":	23.0004,
				"seconds":	1.0001,
				"bytes":	6291456,
				"bits_per_second":	5.03264e+07,
				"retransmits":	0,
				"omitted":	false
			}
		}, {
			"streams":	[{
					"socket":	4,
					"start":	23.0004,
					"end":	24.0002,
					"seconds":	0.999847,
					"bytes":	6291456,
					"bits_per_second":	5.03393e+07,
					"retransmits":	0,
					"snd_cwnd":	673320,
					"omitted":	false
				}],
			"sum":	{
				"start":	23.0004,
				"end":	24.0002,
				"seconds":	0.999847,
				"bytes":	6291456,
				"bits_per_second":	5.03393e+07,
				"retransmits":	0,
				"omitted":	false
			}
		}, {
			"streams":	[{
					"socket":	4,
					"start":	24.0002,
					"end":	25.0007,
					"seconds":	1.00044,
					"bytes":	6160384,
					"bits_per_second":	4.92613e+07,
					"retransmits":	0,
					"snd_cwnd":	673320,
					"omitted":	false
				}],
			"sum":	{
				"start":	24.0002,
				"end":	25.0007,
				"seconds":	1.00044,
				"bytes":	6160384,
				"bits_per_second":	4.92613e+07,
				"retransmits":	0,
				"omitted":	false
			}
		}, {
			"streams":	[{
					"socket":	4,
					"start":	25.0007,
					"end":	26.0006,
					"seconds":	0.999974,
					"bytes":	6291456,
					"bits_per_second":	5.0333e+07,
					"retransmits":	0,
					"snd_cwnd":	673320,
					"omitted":	false
				}],
			"sum":	{
				"start":	25.0007,
				"end":	26.0006,
				"seconds":	0.999974,
				"bytes":	6291456,
				"bits_per_second":	5.0333e+07,
				"retransmits":	0,
				"omitted":	false
			}
		}, {
			"streams":	[{
					"socket":	4,
					"start":	26.0006,
					"end":	27.0001,
					"seconds":	0.999448,
					"bytes":	6291456,
					"bits_per_second":	5.03595e+07,
					"retransmits":	0,
					"snd_cwnd":	673320,
					"omitted":	false
				}],
			"sum":	{
				"start":	26.0006,
				"end":	27.0001,
				"seconds":	0.999448,
				"bytes":	6291456,
				"bits_per_second":	5.03595e+07,
				"retransmits":	0,
				"omitted":	false
			}
		}, {
			"streams":	[{
					"socket":	4,
					"start":	27.0001,
					"end":	28.0002,
					"seconds":	1.0001,
					"bytes":	6160384,
					"bits_per_second":	4.92779e+07,
					"retransmits":	0,
					"snd_cwnd":	673320,
					"omitted":	false
				}],
			"sum":	{
				"start":	27.0001,
				"end":	28.0002,
				"seconds":	1.0001,
				"bytes":	6160384,
				"bits_per_second":	4.92779e+07,
				"retransmits":	0,
				"omitted":	false
			}
		}, {
			"streams":	[{
					"socket":	4,
					"start":	28.0002,
					"end":	29.0006,
					"seconds":	1.0004,
					"bytes":	6291456,
					"bits_per_second":	5.03115e+07,
					"retransmits":	0,
					"snd_cwnd":	673320,
					"omitted":	false
				}],
			"sum":	{
				"start":	28.0002,
				"end":	29.0006,
				"seconds":	1.0004,
				"bytes":	6291456,
				"bits_per_second":	5.03115e+07,
				"retransmits":	0,
				"omitted":	false
			}
		}, {
			"streams":	[{
					"socket":	4,
					"start":	29.0006,
					"end":	30.0005,
					"seconds":	0.99992,
					"bytes":	6291456,
					"bits_per_second":	5.03357e+07,
					"retransmits":	0,
					"snd_cwnd":	673320,
					"omitted":	false
				}],
			"sum":	{
				"start":	29.0006,
				"end":	30.0005,
				"seconds":	0.99992,
				"bytes":	6291456,
				"bits_per_second":	5.03357e+07,
				"retransmits":	0,
				"omitted":	false
			}
		}, {
			"streams":	[{
					"socket":	4,
					"start":	30.0005,
					"end":	31.0004,
					"seconds":	0.999884,
					"bytes":	6160384,
					"bits_per_second":	4.92888e+07,
					"retransmits":	0,
					"snd_cwnd":	673320,
					"omitted":	false
				}],
			"sum":	{
				"start":	30.0005,
				"end":	31.0004,
				"seconds":	0.999884,
				"bytes":	6160384,
				"bits_per_second":	4.92888e+07,
				"retransmits":	0,
				"omitted":	false
			}
		}, {
			"streams":	[{
					"socket":	4,
					"start":	31.0004,
					"end":	32.0003,
					"seconds":	0.999927,
					"bytes":	6291456,
					"bits_per_second":	5.03353e+07,
					"retransmits":	0,
					"snd_cwnd":	673320,
					"omitted":	false
				}],
			"sum":	{
				"start":	31.0004,
				"end":	32.0003,
				"seconds":	0.999927,
				"bytes":	6291456,
				"bits_per_second":	5.03353e+07,
				"retransmits":	0,
				"omitted":	false
			}
		}, {
			"streams":	[{
					"socket":	4,
					"start":	32.0003,
					"end":	33.0003,
					"seconds":	0.99998,
					"bytes":	6291456,
					"bits_per_second":	5.03327e+07,
					"retransmits":	0,
					"snd_cwnd":	673320,
					"omitted":	false
				}],
			"sum":	{
				"start":	32.0003,
				"end":	33.0003,
				"seconds":	0.99998,
				"bytes":	6291456,
				"bits_per_second":	5.03327e+07,
				"retransmits":	0,
				"omitted":	false
			}
		}, {
			"streams":	[{
					"socket":	4,
					"start":	33.0003,
					"end":	34.0036,
					"seconds":	1.00324,
					"bytes":	6160384,
					"bits_per_second":	4.91239e+07,
					"retransmits":	0,
					"snd_cwnd":	673320,
					"omitted":	false
				}],
			"sum":	{
				"start":	33.0003,
				"end":	34.0036,
				"seconds":	1.00324,
				"bytes":	6160384,
				"bits_per_second":	4.91239e+07,
				"retransmits":	0,
				"omitted":	false
			}
		}, {
			"streams":	[{
					"socket":	4,
					"start":	34.0036,
					"end":	35.0004,
					"seconds":	0.996871,
					"bytes":	6291456,
					"bits_per_second":	5.04896e+07,
					"retransmits":	0,
					"snd_cwnd":	673320,
					"omitted":	false
				}],
			"sum":	{
				"start":	34.0036,
				"end":	35.0004,
				"seconds":	0.996871,
				"bytes":	6291456,
				"bits_per_second":	5.04896e+07,
				"retransmits":	0,
				"omitted":	false
			}
		}, {
			"streams":	[{
					"socket":	4,
					"start":	35.0004,
					"end":	36.0005,
					"seconds":	1.00007,
					"bytes":	6291456,
					"bits_per_second":	5.03282e+07,
					"retransmits":	0,
					"snd_cwnd":	673320,
					"omitted":	false
				}],
			"sum":	{
				"start":	35.0004,
				"end":	36.0005,
				"seconds":	1.00007,
				"bytes":	6291456,
				"bits_per_second":	5.03282e+07,
				"retransmits":	0,
				"omitted":	false
			}
		}, {
			"streams":	[{
					"socket":	4,
					"start":	36.0005,
					"end":	37.0001,
					"seconds":	0.999624,
					"bytes":	6160384,
					"bits_per_second":	4.93016e+07,
					"retransmits":	0,
					"snd_cwnd":	673320,
					"omitted":	false
				}],
			"sum":	{
				"start":	36.0005,
				"end":	37.0001,
				"seconds":	0.999624,
				"bytes":	6160384,
				"bits_per_second":	4.93016e+07,
				"retransmits":	0,
				"omitted":	false
			}
		}, {
			"streams":	[{
					"socket":	4,
					"start":	37.0001,
					"end":	38.0003,
					"seconds":	1.00016,
					"bytes":	6291456,
					"bits_per_second":	5.03234e+07,
					"retransmits":	0,
					"snd_cwnd":	673320,
					"omitted":	false
				}],
			"sum":	{
				"start":	37.0001,
				"end":	38.0003,
				"seconds":	1.00016,
				"bytes":	6291456,
				"bits_per_second":	5.03234e+07,
				"retransmits":	0,
				"omitted":	false
			}
		}, {
			"streams":	[{
					"socket":	4,
					"start":	38.0003,
					"end":	39.0006,
					"seconds":	1.00037,
					"bytes":	6291456,
					"bits_per_second":	5.0313e+07,
					"retransmits":	0,
					"snd_cwnd":	673320,
					"omitted":	false
				}],
			"sum":	{
				"start":	38.0003,
				"end":	39.0006,
				"seconds":	1.00037,
				"bytes":	6291456,
				"bits_per_second":	5.0313e+07,
				"retransmits":	0,
				"omitted":	false
			}
		}, {
			"streams":	[{
					"socket":	4,
					"start":	39.0006,
					"end":	40.0005,
					"seconds":	0.999825,
					"bytes":	6160384,
					"bits_per_second":	4.92917e+07,
					"retransmits":	0,
					"snd_cwnd":	673320,
					"omitted":	false
				}],
			"sum":	{
				"start":	39.0006,
				"end":	40.0005,
				"seconds":	0.999825,
				"bytes":	6160384,
				"bits_per_second":	4.92917e+07,
				"retransmits":	0,
				"omitted":	false
			}
		}, {
			"streams":	[{
					"socket":	4,
					"start":	40.0005,
					"end":	41.0004,
					"seconds":	0.99994,
					"bytes":	6291456,
					"bits_per_second":	5.03347e+07,
					"retransmits":	0,
					"snd_cwnd":	673320,
					"omitted":	false
				}],
			"sum":	{
				"start":	40.0005,
				"end":	41.0004,
				"seconds":	0.99994,
				"bytes":	6291456,
				"bits_per_second":	5.03347e+07,
				"retransmits":	0,
				"omitted":	false
			}
		}, {
			"streams":	[{
					"socket":	4,
					"start":	41.0004,
					"end":	42.0013,
					"seconds":	1.00092,
					"bytes":	6291456,
					"bits_per_second":	5.02854e+07,
					"retransmits":	0,
					"snd_cwnd":	673320,
					"omitted":	false
				}],
			"sum":	{
				"start":	41.0004,
				"end":	42.0013,
				"seconds":	1.00092,
				"bytes":	6291456,
				"bits_per_second":	5.02854e+07,
				"retransmits":	0,
				"omitted":	false
			}
		}, {
			"streams":	[{
					"socket":	4,
					"start":	42.0013,
					"end":	43.0002,
					"seconds":	0.998893,
					"bytes":	6291456,
					"bits_per_second":	5.03874e+07,
					"retransmits":	0,
					"snd_cwnd":	673320,
					"omitted":	false
				}],
			"sum":	{
				"start":	42.0013,
				"end":	43.0002,
				"seconds":	0.998893,
				"bytes":	6291456,
				"bits_per_second":	5.03874e+07,
				"retransmits":	0,
				"omitted":	false
			}
		}, {
			"streams":	[{
					"socket":	4,
					"start":	43.0002,
					"end":	44.0008,
					"seconds":	1.00058,
					"bytes":	6160384,
					"bits_per_second":	4.92544e+07,
					"retransmits":	0,
					"snd_cwnd":	673320,
					"omitted":	false
				}],
			"sum":	{
				"start":	43.0002,
				"end":	44.0008,
				"seconds":	1.00058,
				"bytes":	6160384,
				"bits_per_second":	4.92544e+07,
				"retransmits":	0,
				"omitted":	false
			}
		}, {
			"streams":	[{
					"socket":	4,
					"start":	44.0008,
					"end":	45.0002,
					"seconds":	0.999352,
					"bytes":	6291456,
					"bits_per_second":	5.03643e+07,
					"retransmits":	0,
					"snd_cwnd":	673320,
					"omitted":	false
				}],
			"sum":	{
				"start":	44.0008,
				"end":	45.0002,
				"seconds":	0.999352,
				"bytes":	6291456,
				"bits_per_second":	5.03643e+07,
				"retransmits":	0,
				"omitted":	false
			}
		}, {
			"streams":	[{
					"socket":	4,
					"start":	45.0002,
					"end":	46.0008,
					"seconds":	1.00068,
					"bytes":	6291456,
					"bits_per_second":	5.02975e+07,
					"retransmits":	0,
					"snd_cwnd":	673320,
					"omitted":	false
				}],
			"sum":	{
				"start":	45.0002,
				"end":	46.0008,
				"seconds":	1.00068,
				"bytes":	6291456,
				"bits_per_second":	5.02975e+07,
				"retransmits":	0,
				"omitted":	false
			}
		}, {
			"streams":	[{
					"socket":	4,
					"start":	46.0008,
					"end":	47.0003,
					"seconds":	0.999425,
					"bytes":	6160384,
					"bits_per_second":	4.93114e+07,
					"retransmits":	0,
					"snd_cwnd":	673320,
					"omitted":	false
				}],
			"sum":	{
				"start":	46.0008,
				"end":	47.0003,
				"seconds":	0.999425,
				"bytes":	6160384,
				"bits_per_second":	4.93114e+07,
				"retransmits":	0,
				"omitted":	false
			}
		}, {
			"streams":	[{
					"socket":	4,
					"start":	47.0003,
					"end":	48.0005,
					"seconds":	1.00025,
					"bytes":	6291456,
					"bits_per_second":	5.0319e+07,
					"retransmits":	0,
					"snd_cwnd":	673320,
					"omitted":	false
				}],
			"sum":	{
				"start":	47.0003,
				"end":	48.0005,
				"seconds":	1.00025,
				"bytes":	6291456,
				"bits_per_second":	5.0319e+07,
				"retransmits":	0,
				"omitted":	false
			}
		}, {
			"streams":	[{
					"socket":	4,
					"start":	48.0005,
					"end":	49.0076,
					"seconds":	1.00711,
					"bytes":	6291456,
					"bits_per_second":	4.99762e+07,
					"retransmits":	0,
					"snd_cwnd":	673320,
					"omitted":	false
				}],
			"sum":	{
				"start":	48.0005,
				"end":	49.0076,
				"seconds":	1.00711,
				"bytes":	6291456,
				"bits_per_second":	4.99762e+07,
				"retransmits":	0,
				"omitted":	false
			}
		}, {
			"streams":	[{
					"socket":	4,
					"start":	49.0076,
					"end":	50.0003,
					"seconds":	0.992645,
					"bytes":	6160384,
					"bits_per_second":	4.96482e+07,
					"retransmits":	0,
					"snd_cwnd":	673320,
					"omitted":	false
				}],
			"sum":	{
				"start":	49.0076,
				"end":	50.0003,
				"seconds":	0.992645,
				"bytes":	6160384,
				"bits_per_second":	4.96482e+07,
				"retransmits":	0,
				"omitted":	false
			}
		}, {
			"streams":	[{
					"socket":	4,
					"start":	50.0003,
					"end":	51.0013,
					"seconds":	1.00101,
					"bytes":	6291456,
					"bits_per_second":	5.0281e+07,
					"retransmits":	0,
					"snd_cwnd":	673320,
					"omitted":	false
				}],
			"sum":	{
				"start":	50.0003,
				"end":	51.0013,
				"seconds":	1.00101,
				"bytes":	6291456,
				"bits_per_second":	5.0281e+07,
				"retransmits":	0,
				"omitted":	false
			}
		}, {
			"streams":	[{
					"socket":	4,
					"start":	51.0013,
					"end":	52.0047,
					"seconds":	1.00339,
					"bytes":	6291456,
					"bits_per_second":	5.01614e+07,
					"retransmits":	0,
					"snd_cwnd":	673320,
					"omitted":	false
				}],
			"sum":	{
				"start":	51.0013,
				"end":	52.0047,
				"seconds":	1.00339,
				"bytes":	6291456,
				"bits_per_second":	5.01614e+07,
				"retransmits":	0,
				"omitted":	false
			}
		}, {
			"streams":	[{
					"socket":	4,
					"start":	52.0047,
					"end":	53.0004,
					"seconds":	0.995699,
					"bytes":	6160384,
					"bits_per_second":	4.94959e+07,
					"retransmits":	0,
					"snd_cwnd":	673320,
					"omitted":	false
				}],
			"sum":	{
				"start":	52.0047,
				"end":	53.0004,
				"seconds":	0.995699,
				"bytes":	6160384,
				"bits_per_second":	4.94959e+07,
				"retransmits":	0,
				"omitted":	false
			}
		}, {
			"streams":	[{
					"socket":	4,
					"start":	53.0004,
					"end":	54.0009,
					"seconds":	1.00056,
					"bytes":	6291456,
					"bits_per_second":	5.03034e+07,
					"retransmits":	0,
					"snd_cwnd":	673320,
					"omitted":	false
				}],
			"sum":	{
				"start":	53.0004,
				"end":	54.0009,
				"seconds":	1.00056,
				"bytes":	6291456,
				"bits_per_second":	5.03034e+07,
				"retransmits":	0,
				"omitted":	false
			}
		}, {
			"streams":	[{
					"socket":	4,
					"start":	54.0009,
					"end":	55.0004,
					"seconds":	0.9995,
					"bytes":	6291456,
					"bits_per_second":	5.03568e+07,
					"retransmits":	0,
					"snd_cwnd":	673320,
					"omitted":	false
				}],
			"sum":	{
				"start":	54.0009,
				"end":	55.0004,
				"seconds":	0.9995,
				"bytes":	6291456,
				"bits_per_second":	5.03568e+07,
				"retransmits":	0,
				"omitted":	false
			}
		}, {
			"streams":	[{
					"socket":	4,
					"start":	55.0004,
					"end":	56.0031,
					"seconds":	1.00262,
					"bytes":	6160384,
					"bits_per_second":	4.91541e+07,
					"retransmits":	0,
					"snd_cwnd":	673320,
					"omitted":	false
				}],
			"sum":	{
				"start":	55.0004,
				"end":	56.0031,
				"seconds":	1.00262,
				"bytes":	6160384,
				"bits_per_second":	4.91541e+07,
				"retransmits":	0,
				"omitted":	false
			}
		}, {
			"streams":	[{
					"socket":	4,
					"start":	56.0031,
					"end":	57.0006,
					"seconds":	0.997566,
					"bytes":	6291456,
					"bits_per_second":	5.04545e+07,
					"retransmits":	0,
					"snd_cwnd":	673320,
					"omitted":	false
				}],
			"sum":	{
				"start":	56.0031,
				"end":	57.0006,
				"seconds":	0.997566,
				"bytes":	6291456,
				"bits_per_second":	5.04545e+07,
				"retransmits":	0,
				"omitted":	false
			}
		}, {
			"streams":	[{
					"socket":	4,
					"start":	57.0006,
					"end":	58.0007,
					"seconds":	1.00003,
					"bytes":	6291456,
					"bits_per_second":	5.03302e+07,
					"retransmits":	0,
					"snd_cwnd":	673320,
					"omitted":	false
				}],
			"sum":	{
				"start":	57.0006,
				"end":	58.0007,
				"seconds":	1.00003,
				"bytes":	6291456,
				"bits_per_second":	5.03302e+07,
				"retransmits":	0,
				"omitted":	false
			}
		}],
	"end":	{
		"streams":	[{
				"sender":	{
					"socket":	4,
					"start":	0,
					"end":	58.0007,
					"seconds":	58.0007,
					"bytes":	361969432,
					"bits_per_second":	4.99263e+07,
					"retransmits":	46
				},
				"receiver":	{
					"socket":	4,
					"start":	0,
					"end":	58.0007,
					"seconds":	58.0007,
					"bytes":	361969432,
					"bits_per_second":	4.99263e+07
				}
			}],
		"sum_sent":	{
			"start":	0,
			"end":	58.0007,
			"seconds":	58.0007,
			"bytes":	361969432,
			"bits_per_second":	4.99263e+07,
			"retransmits":	46
		},
		"sum_received":	{
			"start":	0,
			"end":	58.0007,
			"seconds":	58.0007,
			"bytes":	361969432,
			"bits_per_second":	4.99263e+07
		},
		"cpu_utilization_percent":	{
			"host_total":	1.00826,
			"host_user":	0.0243617,
			"host_system":	0.983897,
			"remote_total":	1.27095,
			"remote_user":	0.109689,
			"remote_system":	1.16127
		}
	}
}
