{
	"start":	{
		"connected":	[{
				"socket":	4,
				"local_host":	"10.0.0.4",
				"local_port":	56220,
				"remote_host":	"10.0.0.15",
				"remote_port":	3622
			}],
		"version":	"iperf 3.0.7",
		"system_info":	"Linux BS4 5.4.197-0504197-generic #202206060747 SMP Mon Jun 6 09:27:47 UTC 2022 x86_64 x86_64 x86_64 GNU/Linux\n",
		"timestamp":	{
			"time":	"Mon, 25 Jul 2022 21:50:50 GMT",
			"timesecs":	1658785850
		},
		"connecting_to":	{
			"host":	"10.0.0.15",
			"port":	3622
		},
		"cookie":	"BS4.1658785849.900352.544ecfd91fb124",
		"tcp_mss_default":	1448,
		"test_start":	{
			"protocol":	"TCP",
			"num_streams":	1,
			"blksize":	131072,
			"omit":	0,
			"duration":	34,
			"bytes":	0,
			"blocks":	0,
			"reverse":	0
		}
	},
	"intervals":	[{
			"streams":	[{
					"socket":	4,
					"start":	0,
					"end":	1.00077,
					"seconds":	1.00077,
					"bytes":	1738632,
					"bits_per_second":	1.38984e+07,
					"retransmits":	2,
					"snd_cwnd":	136112,
					"omitted":	false
				}],
			"sum":	{
				"start":	0,
				"end":	1.00077,
				"seconds":	1.00077,
				"bytes":	1738632,
				"bits_per_second":	1.38984e+07,
				"retransmits":	2,
				"omitted":	false
			}
		}, {
			"streams":	[{
					"socket":	4,
					"start":	1.00077,
					"end":	2.00033,
					"seconds":	0.999561,
					"bytes":	1572864,
					"bits_per_second":	1.25884e+07,
					"retransmits":	92,
					"snd_cwnd":	110048,
					"omitted":	false
				}],
			"sum":	{
				"start":	1.00077,
				"end":	2.00033,
				"seconds":	0.999561,
				"bytes":	1572864,
				"bits_per_second":	1.25884e+07,
				"retransmits":	92,
				"omitted":	false
			}
		}, {
			"streams":	[{
					"socket":	4,
					"start":	2.00033,
					"end":	3.00009,
					"seconds":	0.999762,
					"bytes":	2097152,
					"bits_per_second":	1.67812e+07,
					"retransmits":	0,
					"snd_cwnd":	125976,
					"omitted":	false
				}],
			"sum":	{
				"start":	2.00033,
				"end":	3.00009,
				"seconds":	0.999762,
				"bytes":	2097152,
				"bits_per_second":	1.67812e+07,
				"retransmits":	0,
				"omitted":	false
			}
		}, {
			"streams":	[{
					"socket":	4,
					"start":	3.00009,
					"end":	4.00066,
					"seconds":	1.00057,
					"bytes":	2621440,
					"bits_per_second":	2.09595e+07,
					"retransmits":	0,
					"snd_cwnd":	134664,
					"omitted":	false
				}],
			"sum":	{
				"start":	3.00009,
				"end":	4.00066,
				"seconds":	1.00057,
				"bytes":	2621440,
				"bits_per_second":	2.09595e+07,
				"retransmits":	0,
				"omitted":	false
			}
		}, {
			"streams":	[{
					"socket":	4,
					"start":	4.00066,
					"end":	5.00118,
					"seconds":	1.00052,
					"bytes":	2752512,
					"bits_per_second":	2.20087e+07,
					"retransmits":	0,
					"snd_cwnd":	147696,
					"omitted":	false
				}],
			"sum":	{
				"start":	4.00066,
				"end":	5.00118,
				"seconds":	1.00052,
				"bytes":	2752512,
				"bits_per_second":	2.20087e+07,
				"retransmits":	0,
				"omitted":	false
			}
		}, {
			"streams":	[{
					"socket":	4,
					"start":	5.00118,
					"end":	6.00013,
					"seconds":	0.998949,
					"bytes":	3014656,
					"bits_per_second":	2.41426e+07,
					"retransmits":	0,
					"snd_cwnd":	162176,
					"omitted":	false
				}],
			"sum":	{
				"start":	5.00118,
				"end":	6.00013,
				"seconds":	0.998949,
				"bytes":	3014656,
				"bits_per_second":	2.41426e+07,
				"retransmits":	0,
				"omitted":	false
			}
		}, {
			"streams":	[{
					"socket":	4,
					"start":	6.00013,
					"end":	7.0009,
					"seconds":	1.00077,
					"bytes":	3538944,
					"bits_per_second":	2.82899e+07,
					"retransmits":	0,
					"snd_cwnd":	178104,
					"omitted":	false
				}],
			"sum":	{
				"start":	6.00013,
				"end":	7.0009,
				"seconds":	1.00077,
				"bytes":	3538944,
				"bits_per_second":	2.82899e+07,
				"retransmits":	0,
				"omitted":	false
			}
		}, {
			"streams":	[{
					"socket":	4,
					"start":	7.0009,
					"end":	8.00067,
					"seconds":	0.999773,
					"bytes":	2359296,
					"bits_per_second":	1.88787e+07,
					"retransmits":	0,
					"snd_cwnd":	188240,
					"omitted":	false
				}],
			"sum":	{
				"start":	7.0009,
				"end":	8.00067,
				"seconds":	0.999773,
				"bytes":	2359296,
				"bits_per_second":	1.88787e+07,
				"retransmits":	0,
				"omitted":	false
			}
		}, {
			"streams":	[{
					"socket":	4,
					"start":	8.00067,
					"end":	9.0001,
					"seconds":	0.99943,
					"bytes":	3801088,
					"bits_per_second":	3.0426e+07,
					"retransmits":	2,
					"snd_cwnd":	201272,
					"omitted":	false
				}],
			"sum":	{
				"start":	8.00067,
				"end":	9.0001,
				"seconds":	0.99943,
				"bytes":	3801088,
				"bits_per_second":	3.0426e+07,
				"retransmits":	2,
				"omitted":	false
			}
		}, {
			"streams":	[{
					"socket":	4,
					"start":	9.0001,
					"end":	10.0019,
					"seconds":	1.00179,
					"bytes":	3407872,
					"bits_per_second":	2.72144e+07,
					"retransmits":	0,
					"snd_cwnd":	214304,
					"omitted":	false
				}],
			"sum":	{
				"start":	9.0001,
				"end":	10.0019,
				"seconds":	1.00179,
				"bytes":	3407872,
				"bits_per_second":	2.72144e+07,
				"retransmits":	0,
				"omitted":	false
			}
		}, {
			"streams":	[{
					"socket":	4,
					"start":	10.0019,
					"end":	11.012,
					"seconds":	1.01014,
					"bytes":	2490368,
					"bits_per_second":	1.97229e+07,
					"retransmits":	0,
					"snd_cwnd":	222992,
					"omitted":	false
				}],
			"sum":	{
				"start":	10.0019,
				"end":	11.012,
				"seconds":	1.01014,
				"bytes":	2490368,
				"bits_per_second":	1.97229e+07,
				"retransmits":	0,
				"omitted":	false
			}
		}, {
			"streams":	[{
					"socket":	4,
					"start":	11.012,
					"end":	12.0051,
					"seconds":	0.993107,
					"bytes":	1441792,
					"bits_per_second":	1.16144e+07,
					"retransmits":	37,
					"snd_cwnd":	112944,
					"omitted":	false
				}],
			"sum":	{
				"start":	11.012,
				"end":	12.0051,
				"seconds":	0.993107,
				"bytes":	1441792,
				"bits_per_second":	1.16144e+07,
				"retransmits":	37,
				"omitted":	false
			}
		}, {
			"streams":	[{
					"socket":	4,
					"start":	12.0051,
					"end":	13.0001,
					"seconds":	0.995004,
					"bytes":	1572864,
					"bits_per_second":	1.26461e+07,
					"retransmits":	0,
					"snd_cwnd":	127424,
					"omitted":	false
				}],
			"sum":	{
				"start":	12.0051,
				"end":	13.0001,
				"seconds":	0.995004,
				"bytes":	1572864,
				"bits_per_second":	1.26461e+07,
				"retransmits":	0,
				"omitted":	false
			}
		}, {
			"streams":	[{
					"socket":	4,
					"start":	13.0001,
					"end":	14.0002,
					"seconds":	1.00005,
					"bytes":	2490368,
					"bits_per_second":	1.99219e+07,
					"retransmits":	0,
					"snd_cwnd":	134664,
					"omitted":	false
				}],
			"sum":	{
				"start":	13.0001,
				"end":	14.0002,
				"seconds":	1.00005,
				"bytes":	2490368,
				"bits_per_second":	1.99219e+07,
				"retransmits":	0,
				"omitted":	false
			}
		}, {
			"streams":	[{
					"socket":	4,
					"start":	14.0002,
					"end":	15.006,
					"seconds":	1.00576,
					"bytes":	2490368,
					"bits_per_second":	1.98088e+07,
					"retransmits":	0,
					"snd_cwnd":	149144,
					"omitted":	false
				}],
			"sum":	{
				"start":	14.0002,
				"end":	15.006,
				"seconds":	1.00576,
				"bytes":	2490368,
				"bits_per_second":	1.98088e+07,
				"retransmits":	0,
				"omitted":	false
			}
		}, {
			"streams":	[{
					"socket":	4,
					"start":	15.006,
					"end":	16.0006,
					"seconds":	0.994669,
					"bytes":	2621440,
					"bits_per_second":	2.10839e+07,
					"retransmits":	0,
					"snd_cwnd":	162176,
					"omitted":	false
				}],
			"sum":	{
				"start":	15.006,
				"end":	16.0006,
				"seconds":	0.994669,
				"bytes":	2621440,
				"bits_per_second":	2.10839e+07,
				"retransmits":	0,
				"omitted":	false
			}
		}, {
			"streams":	[{
					"socket":	4,
					"start":	16.0006,
					"end":	17.0003,
					"seconds":	0.999723,
					"bytes":	2097152,
					"bits_per_second":	1.67819e+07,
					"retransmits":	0,
					"snd_cwnd":	170864,
					"omitted":	false
				}],
			"sum":	{
				"start":	16.0006,
				"end":	17.0003,
				"seconds":	0.999723,
				"bytes":	2097152,
				"bits_per_second":	1.67819e+07,
				"retransmits":	0,
				"omitted":	false
			}
		}, {
			"streams":	[{
					"socket":	4,
					"start":	17.0003,
					"end":	18.0011,
					"seconds":	1.00077,
					"bytes":	2228224,
					"bits_per_second":	1.78121e+07,
					"retransmits":	0,
					"snd_cwnd":	181000,
					"omitted":	false
				}],
			"sum":	{
				"start":	17.0003,
				"end":	18.0011,
				"seconds":	1.00077,
				"bytes":	2228224,
				"bits_per_second":	1.78121e+07,
				"retransmits":	0,
				"omitted":	false
			}
		}, {
			"streams":	[{
					"socket":	4,
					"start":	18.0011,
					"end":	19.0047,
					"seconds":	1.00358,
					"bytes":	1835008,
					"bits_per_second":	1.46277e+07,
					"retransmits":	0,
					"snd_cwnd":	188240,
					"omitted":	false
				}],
			"sum":	{
				"start":	18.0011,
				"end":	19.0047,
				"seconds":	1.00358,
				"bytes":	1835008,
				"bits_per_second":	1.46277e+07,
				"retransmits":	0,
				"omitted":	false
			}
		}, {
			"streams":	[{
					"socket":	4,
					"start":	19.0047,
					"end":	20.0003,
					"seconds":	0.995567,
					"bytes":	1966080,
					"bits_per_second":	1.57987e+07,
					"retransmits":	0,
					"snd_cwnd":	195480,
					"omitted":	false
				}],
			"sum":	{
				"start":	19.0047,
				"end":	20.0003,
				"seconds":	0.995567,
				"bytes":	1966080,
				"bits_per_second":	1.57987e+07,
				"retransmits":	0,
				"omitted":	false
			}
		}, {
			"streams":	[{
					"socket":	4,
					"start":	20.0003,
					"end":	21.0162,
					"seconds":	1.01599,
					"bytes":	2097152,
					"bits_per_second":	1.65133e+07,
					"retransmits":	11,
					"snd_cwnd":	162176,
					"omitted":	false
				}],
			"sum":	{
				"start":	20.0003,
				"end":	21.0162,
				"seconds":	1.01599,
				"bytes":	2097152,
				"bits_per_second":	1.65133e+07,
				"retransmits":	11,
				"omitted":	false
			}
		}, {
			"streams":	[{
					"socket":	4,
					"start":	21.0162,
					"end":	22.0005,
					"seconds":	0.984295,
					"bytes":	2621440,
					"bits_per_second":	2.13061e+07,
					"retransmits":	0,
					"snd_cwnd":	192584,
					"omitted":	false
				}],
			"sum":	{
				"start":	21.0162,
				"end":	22.0005,
				"seconds":	0.984295,
				"bytes":	2621440,
				"bits_per_second":	2.13061e+07,
				"retransmits":	0,
				"omitted":	false
			}
		}, {
			"streams":	[{
					"socket":	4,
					"start":	22.0005,
					"end":	23.0006,
					"seconds":	1.00007,
					"bytes":	2752512,
					"bits_per_second":	2.20186e+07,
					"retransmits":	0,
					"snd_cwnd":	208512,
					"omitted":	false
				}],
			"sum":	{
				"start":	22.0005,
				"end":	23.0006,
				"seconds":	1.00007,
				"bytes":	2752512,
				"bits_per_second":	2.20186e+07,
				"retransmits":	0,
				"omitted":	false
			}
		}, {
			"streams":	[{
					"socket":	4,
					"start":	23.0006,
					"end":	24.0002,
					"seconds":	0.999605,
					"bytes":	3801088,
					"bits_per_second":	3.04207e+07,
					"retransmits":	0,
					"snd_cwnd":	214304,
					"omitted":	false
				}],
			"sum":	{
				"start":	23.0006,
				"end":	24.0002,
				"seconds":	0.999605,
				"bytes":	3801088,
				"bits_per_second":	3.04207e+07,
				"retransmits":	0,
				"omitted":	false
			}
		}, {
			"streams":	[{
					"socket":	4,
					"start":	24.0002,
					"end":	25.003,
					"seconds":	1.00283,
					"bytes":	6946816,
					"bits_per_second":	5.54177e+07,
					"retransmits":	0,
					"snd_cwnd":	215752,
					"omitted":	false
				}],
			"sum":	{
				"start":	24.0002,
				"end":	25.003,
				"seconds":	1.00283,
				"bytes":	6946816,
				"bits_per_second":	5.54177e+07,
				"retransmits":	0,
				"omitted":	false
			}
		}, {
			"streams":	[{
					"socket":	4,
					"start":	25.003,
					"end":	26.0009,
					"seconds":	0.997845,
					"bytes":	5111808,
					"bits_per_second":	4.09828e+07,
					"retransmits":	101,
					"snd_cwnd":	172312,
					"omitted":	false
				}],
			"sum":	{
				"start":	25.003,
				"end":	26.0009,
				"seconds":	0.997845,
				"bytes":	5111808,
				"bits_per_second":	4.09828e+07,
				"retransmits":	101,
				"omitted":	false
			}
		}, {
			"streams":	[{
					"socket":	4,
					"start":	26.0009,
					"end":	27.0002,
					"seconds":	0.999347,
					"bytes":	6160384,
					"bits_per_second":	4.93153e+07,
					"retransmits":	0,
					"snd_cwnd":	201272,
					"omitted":	false
				}],
			"sum":	{
				"start":	26.0009,
				"end":	27.0002,
				"seconds":	0.999347,
				"bytes":	6160384,
				"bits_per_second":	4.93153e+07,
				"retransmits":	0,
				"omitted":	false
			}
		}, {
			"streams":	[{
					"socket":	4,
					"start":	27.0002,
					"end":	28.0009,
					"seconds":	1.00065,
					"bytes":	7077888,
					"bits_per_second":	5.65864e+07,
					"retransmits":	0,
					"snd_cwnd":	217200,
					"omitted":	false
				}],
			"sum":	{
				"start":	27.0002,
				"end":	28.0009,
				"seconds":	1.00065,
				"bytes":	7077888,
				"bits_per_second":	5.65864e+07,
				"retransmits":	0,
				"omitted":	false
			}
		}, {
			"streams":	[{
					"socket":	4,
					"start":	28.0009,
					"end":	29.0009,
					"seconds":	0.999973,
					"bytes":	5636096,
					"bits_per_second":	4.509e+07,
					"retransmits":	0,
					"snd_cwnd":	237472,
					"omitted":	false
				}],
			"sum":	{
				"start":	28.0009,
				"end":	29.0009,
				"seconds":	0.999973,
				"bytes":	5636096,
				"bits_per_second":	4.509e+07,
				"retransmits":	0,
				"omitted":	false
			}
		}, {
			"streams":	[{
					"socket":	4,
					"start":	29.0009,
					"end":	30.0004,
					"seconds":	0.999547,
					"bytes":	3145728,
					"bits_per_second":	2.51772e+07,
					"retransmits":	0,
					"snd_cwnd":	247608,
					"omitted":	false
				}],
			"sum":	{
				"start":	29.0009,
				"end":	30.0004,
				"seconds":	0.999547,
				"bytes":	3145728,
				"bits_per_second":	2.51772e+07,
				"retransmits":	0,
				"omitted":	false
			}
		}, {
			"streams":	[{
					"socket":	4,
					"start":	30.0004,
					"end":	31.0006,
					"seconds":	1.00024,
					"bytes":	3145728,
					"bits_per_second":	2.51597e+07,
					"retransmits":	0,
					"snd_cwnd":	257744,
					"omitted":	false
				}],
			"sum":	{
				"start":	30.0004,
				"end":	31.0006,
				"seconds":	1.00024,
				"bytes":	3145728,
				"bits_per_second":	2.51597e+07,
				"retransmits":	0,
				"omitted":	false
			}
		}, {
			"streams":	[{
					"socket":	4,
					"start":	31.0006,
					"end":	32.0003,
					"seconds":	0.999674,
					"bytes":	3145728,
					"bits_per_second":	2.5174e+07,
					"retransmits":	0,
					"snd_cwnd":	264984,
					"omitted":	false
				}],
			"sum":	{
				"start":	31.0006,
				"end":	32.0003,
				"seconds":	0.999674,
				"bytes":	3145728,
				"bits_per_second":	2.5174e+07,
				"retransmits":	0,
				"omitted":	false
			}
		}, {
			"streams":	[{
					"socket":	4,
					"start":	32.0003,
					"end":	33.0002,
					"seconds":	0.999931,
					"bytes":	3145728,
					"bits_per_second":	2.51676e+07,
					"retransmits":	0,
					"snd_cwnd":	267880,
					"omitted":	false
				}],
			"sum":	{
				"start":	32.0003,
				"end":	33.0002,
				"seconds":	0.999931,
				"bytes":	3145728,
				"bits_per_second":	2.51676e+07,
				"retransmits":	0,
				"omitted":	false
			}
		}, {
			"streams":	[{
					"socket":	4,
					"start":	33.0002,
					"end":	34.0003,
					"seconds":	1,
					"bytes":	3014656,
					"bits_per_second":	2.41172e+07,
					"retransmits":	0,
					"snd_cwnd":	270776,
					"omitted":	false
				}],
			"sum":	{
				"start":	33.0002,
				"end":	34.0003,
				"seconds":	1,
				"bytes":	3014656,
				"bits_per_second":	2.41172e+07,
				"retransmits":	0,
				"omitted":	false
			}
		}],
	"end":	{
		"streams":	[{
				"sender":	{
					"socket":	4,
					"start":	0,
					"end":	34.0003,
					"seconds":	34.0003,
					"bytes":	105940872,
					"bits_per_second":	2.49271e+07,
					"retransmits":	245
				},
				"receiver":	{
					"socket":	4,
					"start":	0,
					"end":	34.0003,
					"seconds":	34.0003,
					"bytes":	105940872,
					"bits_per_second":	2.49271e+07
				}
			}],
		"sum_sent":	{
			"start":	0,
			"end":	34.0003,
			"seconds":	34.0003,
			"bytes":	105940872,
			"bits_per_second":	2.49271e+07,
			"retransmits":	245
		},
		"sum_received":	{
			"start":	0,
			"end":	34.0003,
			"seconds":	34.0003,
			"bytes":	105940872,
			"bits_per_second":	2.49271e+07
		},
		"cpu_utilization_percent":	{
			"host_total":	0.960948,
			"host_user":	0.17205,
			"host_system":	0.78861,
			"remote_total":	3.76789,
			"remote_user":	0.471072,
			"remote_system":	3.29682
		}
	}
}
