{
	"start":	{
		"connected":	[{
				"socket":	4,
				"local_host":	"10.0.0.2",
				"local_port":	46632,
				"remote_host":	"10.0.0.9",
				"remote_port":	2827
			}],
		"version":	"iperf 3.0.7",
		"system_info":	"Linux H2 5.4.197-0504197-generic #202206060747 SMP Mon Jun 6 09:27:47 UTC 2022 x86_64 x86_64 x86_64 GNU/Linux\n",
		"timestamp":	{
			"time":	"Fri, 22 Jul 2022 16:27:42 GMT",
			"timesecs":	1658507262
		},
		"connecting_to":	{
			"host":	"10.0.0.9",
			"port":	2827
		},
		"cookie":	"H2.1658507262.159523.202dc3ae5b795df",
		"tcp_mss_default":	1448,
		"test_start":	{
			"protocol":	"TCP",
			"num_streams":	1,
			"blksize":	131072,
			"omit":	0,
			"duration":	5,
			"bytes":	0,
			"blocks":	0,
			"reverse":	0
		}
	},
	"intervals":	[{
			"streams":	[{
					"socket":	4,
					"start":	0,
					"end":	1.00044,
					"seconds":	1.00044,
					"bytes":	1819024,
					"bits_per_second":	1.45457e+07,
					"retransmits":	0,
					"snd_cwnd":	95568,
					"omitted":	false
				}],
			"sum":	{
				"start":	0,
				"end":	1.00044,
				"seconds":	1.00044,
				"bytes":	1819024,
				"bits_per_second":	1.45457e+07,
				"retransmits":	0,
				"omitted":	false
			}
		}, {
			"streams":	[{
					"socket":	4,
					"start":	1.00044,
					"end":	2.00023,
					"seconds":	0.999783,
					"bytes":	1835008,
					"bits_per_second":	1.46832e+07,
					"retransmits":	0,
					"snd_cwnd":	118736,
					"omitted":	false
				}],
			"sum":	{
				"start":	1.00044,
				"end":	2.00023,
				"seconds":	0.999783,
				"bytes":	1835008,
				"bits_per_second":	1.46832e+07,
				"retransmits":	0,
				"omitted":	false
			}
		}, {
			"streams":	[{
					"socket":	4,
					"start":	2.00023,
					"end":	3.0006,
					"seconds":	1.00038,
					"bytes":	1835008,
					"bits_per_second":	1.46745e+07,
					"retransmits":	0,
					"snd_cwnd":	154936,
					"omitted":	false
				}],
			"sum":	{
				"start":	2.00023,
				"end":	3.0006,
				"seconds":	1.00038,
				"bytes":	1835008,
				"bits_per_second":	1.46745e+07,
				"retransmits":	0,
				"omitted":	false
			}
		}, {
			"streams":	[{
					"socket":	4,
					"start":	3.0006,
					"end":	4.00084,
					"seconds":	1.00024,
					"bytes":	1835008,
					"bits_per_second":	1.46766e+07,
					"retransmits":	0,
					"snd_cwnd":	173760,
					"omitted":	false
				}],
			"sum":	{
				"start":	3.0006,
				"end":	4.00084,
				"seconds":	1.00024,
				"bytes":	1835008,
				"bits_per_second":	1.46766e+07,
				"retransmits":	0,
				"omitted":	false
			}
		}, {
			"streams":	[{
					"socket":	4,
					"start":	4.00084,
					"end":	5.00065,
					"seconds":	0.999805,
					"bytes":	1966080,
					"bits_per_second":	1.57317e+07,
					"retransmits":	0,
					"snd_cwnd":	182448,
					"omitted":	false
				}],
			"sum":	{
				"start":	4.00084,
				"end":	5.00065,
				"seconds":	0.999805,
				"bytes":	1966080,
				"bits_per_second":	1.57317e+07,
				"retransmits":	0,
				"omitted":	false
			}
		}],
	"end":	{
		"streams":	[{
				"sender":	{
					"socket":	4,
					"start":	0,
					"end":	5.00065,
					"seconds":	5.00065,
					"bytes":	9290128,
					"bits_per_second":	1.48623e+07,
					"retransmits":	0
				},
				"receiver":	{
					"socket":	4,
					"start":	0,
					"end":	5.00065,
					"seconds":	5.00065,
					"bytes":	9290128,
					"bits_per_second":	1.48623e+07
				}
			}],
		"sum_sent":	{
			"start":	0,
			"end":	5.00065,
			"seconds":	5.00065,
			"bytes":	9290128,
			"bits_per_second":	1.48623e+07,
			"retransmits":	0
		},
		"sum_received":	{
			"start":	0,
			"end":	5.00065,
			"seconds":	5.00065,
			"bytes":	9290128,
			"bits_per_second":	1.48623e+07
		},
		"cpu_utilization_percent":	{
			"host_total":	0.561687,
			"host_user":	0,
			"host_system":	0.561667,
			"remote_total":	1.37198,
			"remote_user":	0,
			"remote_system":	1.37198
		}
	}
}
