{
	"start":	{
		"connected":	[{
				"socket":	4,
				"local_host":	"10.0.0.2",
				"local_port":	57676,
				"remote_host":	"10.0.0.8",
				"remote_port":	2533
			}],
		"version":	"iperf 3.0.7",
		"system_info":	"Linux H2 5.4.197-0504197-generic #202206060747 SMP Mon Jun 6 09:27:47 UTC 2022 x86_64 x86_64 x86_64 GNU/Linux\n",
		"timestamp":	{
			"time":	"Fri, 22 Jul 2022 16:21:16 GMT",
			"timesecs":	1658506876
		},
		"connecting_to":	{
			"host":	"10.0.0.8",
			"port":	2533
		},
		"cookie":	"H2.1658506876.489735.326f0fb461fecbf",
		"tcp_mss_default":	1448,
		"test_start":	{
			"protocol":	"TCP",
			"num_streams":	1,
			"blksize":	131072,
			"omit":	0,
			"duration":	5,
			"bytes":	0,
			"blocks":	0,
			"reverse":	0
		}
	},
	"intervals":	[{
			"streams":	[{
					"socket":	4,
					"start":	0,
					"end":	1.00064,
					"seconds":	1.00064,
					"bytes":	1703936,
					"bits_per_second":	1.36228e+07,
					"retransmits":	0,
					"snd_cwnd":	88328,
					"omitted":	false
				}],
			"sum":	{
				"start":	0,
				"end":	1.00064,
				"seconds":	1.00064,
				"bytes":	1703936,
				"bits_per_second":	1.36228e+07,
				"retransmits":	0,
				"omitted":	false
			}
		}, {
			"streams":	[{
					"socket":	4,
					"start":	1.00064,
					"end":	2.00033,
					"seconds":	0.999694,
					"bytes":	1966080,
					"bits_per_second":	1.57335e+07,
					"retransmits":	0,
					"snd_cwnd":	118736,
					"omitted":	false
				}],
			"sum":	{
				"start":	1.00064,
				"end":	2.00033,
				"seconds":	0.999694,
				"bytes":	1966080,
				"bits_per_second":	1.57335e+07,
				"retransmits":	0,
				"omitted":	false
			}
		}, {
			"streams":	[{
					"socket":	4,
					"start":	2.00033,
					"end":	3.00048,
					"seconds":	1.00015,
					"bytes":	1835008,
					"bits_per_second":	1.46778e+07,
					"retransmits":	0,
					"snd_cwnd":	139008,
					"omitted":	false
				}],
			"sum":	{
				"start":	2.00033,
				"end":	3.00048,
				"seconds":	1.00015,
				"bytes":	1835008,
				"bits_per_second":	1.46778e+07,
				"retransmits":	0,
				"omitted":	false
			}
		}, {
			"streams":	[{
					"socket":	4,
					"start":	3.00048,
					"end":	4.00034,
					"seconds":	0.999862,
					"bytes":	1835008,
					"bits_per_second":	1.46821e+07,
					"retransmits":	0,
					"snd_cwnd":	178104,
					"omitted":	false
				}],
			"sum":	{
				"start":	3.00048,
				"end":	4.00034,
				"seconds":	0.999862,
				"bytes":	1835008,
				"bits_per_second":	1.46821e+07,
				"retransmits":	0,
				"omitted":	false
			}
		}, {
			"streams":	[{
					"socket":	4,
					"start":	4.00034,
					"end":	5.00066,
					"seconds":	1.00032,
					"bytes":	1966080,
					"bits_per_second":	1.57237e+07,
					"retransmits":	0,
					"snd_cwnd":	191136,
					"omitted":	false
				}],
			"sum":	{
				"start":	4.00034,
				"end":	5.00066,
				"seconds":	1.00032,
				"bytes":	1966080,
				"bits_per_second":	1.57237e+07,
				"retransmits":	0,
				"omitted":	false
			}
		}],
	"end":	{
		"streams":	[{
				"sender":	{
					"socket":	4,
					"start":	0,
					"end":	5.00066,
					"seconds":	5.00066,
					"bytes":	9306112,
					"bits_per_second":	1.48878e+07,
					"retransmits":	0
				},
				"receiver":	{
					"socket":	4,
					"start":	0,
					"end":	5.00066,
					"seconds":	5.00066,
					"bytes":	9306112,
					"bits_per_second":	1.48878e+07
				}
			}],
		"sum_sent":	{
			"start":	0,
			"end":	5.00066,
			"seconds":	5.00066,
			"bytes":	9306112,
			"bits_per_second":	1.48878e+07,
			"retransmits":	0
		},
		"sum_received":	{
			"start":	0,
			"end":	5.00066,
			"seconds":	5.00066,
			"bytes":	9306112,
			"bits_per_second":	1.48878e+07
		},
		"cpu_utilization_percent":	{
			"host_total":	0.873313,
			"host_user":	0.184235,
			"host_system":	0.689038,
			"remote_total":	1.3744,
			"remote_user":	1.37436,
			"remote_system":	0
		}
	}
}
