{
	"start":	{
		"connected":	[{
				"socket":	4,
				"local_host":	"10.0.0.1",
				"local_port":	59083,
				"remote_host":	"10.0.0.21",
				"remote_port":	2253
			}],
		"version":	"iperf 3.0.7",
		"system_info":	"Linux BS1 5.4.197-0504197-generic #202206060747 SMP Mon Jun 6 09:27:47 UTC 2022 x86_64 x86_64 x86_64 GNU/Linux\n",
		"timestamp":	{
			"time":	"Mon, 25 Jul 2022 21:48:41 GMT",
			"timesecs":	1658785721
		},
		"connecting_to":	{
			"host":	"10.0.0.21",
			"port":	2253
		},
		"cookie":	"BS1.1658785721.632799.6d9d9a522b84f2",
		"test_start":	{
			"protocol":	"UDP",
			"num_streams":	1,
			"blksize":	8192,
			"omit":	0,
			"duration":	9,
			"bytes":	0,
			"blocks":	0,
			"reverse":	0
		}
	},
	"intervals":	[{
			"streams":	[{
					"socket":	4,
					"start":	0,
					"end":	1.00072,
					"seconds":	1.00072,
					"bytes":	2875392,
					"bits_per_second":	2.29867e+07,
					"packets":	351,
					"omitted":	false
				}],
			"sum":	{
				"start":	0,
				"end":	1.00072,
				"seconds":	1.00072,
				"bytes":	2875392,
				"bits_per_second":	2.29867e+07,
				"packets":	351,
				"omitted":	false
			}
		}, {
			"streams":	[{
					"socket":	4,
					"start":	1.00072,
					"end":	2.00038,
					"seconds":	0.999666,
					"bytes":	3080192,
					"bits_per_second":	2.46498e+07,
					"packets":	376,
					"omitted":	false
				}],
			"sum":	{
				"start":	1.00072,
				"end":	2.00038,
				"seconds":	0.999666,
				"bytes":	3080192,
				"bits_per_second":	2.46498e+07,
				"packets":	376,
				"omitted":	false
			}
		}, {
			"streams":	[{
					"socket":	4,
					"start":	2.00038,
					"end":	3.00165,
					"seconds":	1.00127,
					"bytes":	3121152,
					"bits_per_second":	2.49376e+07,
					"packets":	381,
					"omitted":	false
				}],
			"sum":	{
				"start":	2.00038,
				"end":	3.00165,
				"seconds":	1.00127,
				"bytes":	3121152,
				"bits_per_second":	2.49376e+07,
				"packets":	381,
				"omitted":	false
			}
		}, {
			"streams":	[{
					"socket":	4,
					"start":	3.00165,
					"end":	4.00018,
					"seconds":	0.99853,
					"bytes":	3121152,
					"bits_per_second":	2.5006e+07,
					"packets":	381,
					"omitted":	false
				}],
			"sum":	{
				"start":	3.00165,
				"end":	4.00018,
				"seconds":	0.99853,
				"bytes":	3121152,
				"bits_per_second":	2.5006e+07,
				"packets":	381,
				"omitted":	false
			}
		}, {
			"streams":	[{
					"socket":	4,
					"start":	4.00018,
					"end":	5.00066,
					"seconds":	1.00049,
					"bytes":	3121152,
					"bits_per_second":	2.49571e+07,
					"packets":	381,
					"omitted":	false
				}],
			"sum":	{
				"start":	4.00018,
				"end":	5.00066,
				"seconds":	1.00049,
				"bytes":	3121152,
				"bits_per_second":	2.49571e+07,
				"packets":	381,
				"omitted":	false
			}
		}, {
			"streams":	[{
					"socket":	4,
					"start":	5.00066,
					"end":	6.00023,
					"seconds":	0.99956,
					"bytes":	3129344,
					"bits_per_second":	2.50458e+07,
					"packets":	382,
					"omitted":	false
				}],
			"sum":	{
				"start":	5.00066,
				"end":	6.00023,
				"seconds":	0.99956,
				"bytes":	3129344,
				"bits_per_second":	2.50458e+07,
				"packets":	382,
				"omitted":	false
			}
		}, {
			"streams":	[{
					"socket":	4,
					"start":	6.00023,
					"end":	7.00054,
					"seconds":	1.00032,
					"bytes":	3145728,
					"bits_per_second":	2.51579e+07,
					"packets":	384,
					"omitted":	false
				}],
			"sum":	{
				"start":	6.00023,
				"end":	7.00054,
				"seconds":	1.00032,
				"bytes":	3145728,
				"bits_per_second":	2.51579e+07,
				"packets":	384,
				"omitted":	false
			}
		}, {
			"streams":	[{
					"socket":	4,
					"start":	7.00054,
					"end":	8.00192,
					"seconds":	1.00138,
					"bytes":	3104768,
					"bits_per_second":	2.4804e+07,
					"packets":	379,
					"omitted":	false
				}],
			"sum":	{
				"start":	7.00054,
				"end":	8.00192,
				"seconds":	1.00138,
				"bytes":	3104768,
				"bits_per_second":	2.4804e+07,
				"packets":	379,
				"omitted":	false
			}
		}, {
			"streams":	[{
					"socket":	4,
					"start":	8.00192,
					"end":	9.00031,
					"seconds":	0.998398,
					"bytes":	3162112,
					"bits_per_second":	2.53375e+07,
					"packets":	386,
					"omitted":	false
				}],
			"sum":	{
				"start":	8.00192,
				"end":	9.00031,
				"seconds":	0.998398,
				"bytes":	3162112,
				"bits_per_second":	2.53375e+07,
				"packets":	386,
				"omitted":	false
			}
		}],
	"end":	{
		"streams":	[{
				"udp":	{
					"socket":	4,
					"start":	0,
					"end":	9.00031,
					"seconds":	9.00031,
					"bytes":	27860992,
					"bits_per_second":	2.47645e+07,
					"jitter_ms":	1.23128,
					"lost_packets":	119,
					"packets":	3401,
					"lost_percent":	3.49897
				}
			}],
		"sum":	{
			"start":	0,
			"end":	9.00031,
			"seconds":	9.00031,
			"bytes":	27860992,
			"bits_per_second":	2.47645e+07,
			"jitter_ms":	1.23128,
			"lost_packets":	119,
			"packets":	3401,
			"lost_percent":	3.49897
		},
		"cpu_utilization_percent":	{
			"host_total":	4.7028,
			"host_user":	0.241909,
			"host_system":	4.46083,
			"remote_total":	3.24431,
			"remote_user":	0.28468,
			"remote_system":	2.95961
		}
	}
}
