{
	"start":	{
		"connected":	[{
				"socket":	4,
				"local_host":	"10.0.0.1",
				"local_port":	51712,
				"remote_host":	"10.0.0.12",
				"remote_port":	1375
			}],
		"version":	"iperf 3.0.7",
		"system_info":	"Linux BS1 5.4.197-0504197-generic #202206060747 SMP Mon Jun 6 09:27:47 UTC 2022 x86_64 x86_64 x86_64 GNU/Linux\n",
		"timestamp":	{
			"time":	"Mon, 25 Jul 2022 21:49:43 GMT",
			"timesecs":	1658785783
		},
		"connecting_to":	{
			"host":	"10.0.0.12",
			"port":	1375
		},
		"cookie":	"BS1.1658785783.205288.7e985b1f3450db",
		"tcp_mss_default":	1448,
		"test_start":	{
			"protocol":	"TCP",
			"num_streams":	1,
			"blksize":	131072,
			"omit":	0,
			"duration":	7,
			"bytes":	0,
			"blocks":	0,
			"reverse":	0
		}
	},
	"intervals":	[{
			"streams":	[{
					"socket":	4,
					"start":	0,
					"end":	1.00099,
					"seconds":	1.00099,
					"bytes":	2832152,
					"bits_per_second":	2.26349e+07,
					"retransmits":	0,
					"snd_cwnd":	334488,
					"omitted":	false
				}],
			"sum":	{
				"start":	0,
				"end":	1.00099,
				"seconds":	1.00099,
				"bytes":	2832152,
				"bits_per_second":	2.26349e+07,
				"retransmits":	0,
				"omitted":	false
			}
		}, {
			"streams":	[{
					"socket":	4,
					"start":	1.00099,
					"end":	2.00053,
					"seconds":	0.99954,
					"bytes":	3145728,
					"bits_per_second":	2.51774e+07,
					"retransmits":	11,
					"snd_cwnd":	359104,
					"omitted":	false
				}],
			"sum":	{
				"start":	1.00099,
				"end":	2.00053,
				"seconds":	0.99954,
				"bytes":	3145728,
				"bits_per_second":	2.51774e+07,
				"retransmits":	11,
				"omitted":	false
			}
		}, {
			"streams":	[{
					"socket":	4,
					"start":	2.00053,
					"end":	3.00037,
					"seconds":	0.99984,
					"bytes":	3145728,
					"bits_per_second":	2.51699e+07,
					"retransmits":	0,
					"snd_cwnd":	362000,
					"omitted":	false
				}],
			"sum":	{
				"start":	2.00053,
				"end":	3.00037,
				"seconds":	0.99984,
				"bytes":	3145728,
				"bits_per_second":	2.51699e+07,
				"retransmits":	0,
				"omitted":	false
			}
		}, {
			"streams":	[{
					"socket":	4,
					"start":	3.00037,
					"end":	4.00335,
					"seconds":	1.00299,
					"bytes":	3145728,
					"bits_per_second":	2.50909e+07,
					"retransmits":	0,
					"snd_cwnd":	364896,
					"omitted":	false
				}],
			"sum":	{
				"start":	3.00037,
				"end":	4.00335,
				"seconds":	1.00299,
				"bytes":	3145728,
				"bits_per_second":	2.50909e+07,
				"retransmits":	0,
				"omitted":	false
			}
		}, {
			"streams":	[{
					"socket":	4,
					"start":	4.00335,
					"end":	5.00138,
					"seconds":	0.998021,
					"bytes":	3145728,
					"bits_per_second":	2.52157e+07,
					"retransmits":	0,
					"snd_cwnd":	369240,
					"omitted":	false
				}],
			"sum":	{
				"start":	4.00335,
				"end":	5.00138,
				"seconds":	0.998021,
				"bytes":	3145728,
				"bits_per_second":	2.52157e+07,
				"retransmits":	0,
				"omitted":	false
			}
		}, {
			"streams":	[{
					"socket":	4,
					"start":	5.00138,
					"end":	6.00073,
					"seconds":	0.999355,
					"bytes":	3145728,
					"bits_per_second":	2.51821e+07,
					"retransmits":	0,
					"snd_cwnd":	372136,
					"omitted":	false
				}],
			"sum":	{
				"start":	5.00138,
				"end":	6.00073,
				"seconds":	0.999355,
				"bytes":	3145728,
				"bits_per_second":	2.51821e+07,
				"retransmits":	0,
				"omitted":	false
			}
		}, {
			"streams":	[{
					"socket":	4,
					"start":	6.00073,
					"end":	7.00021,
					"seconds":	0.999479,
					"bytes":	3014656,
					"bits_per_second":	2.41298e+07,
					"retransmits":	0,
					"snd_cwnd":	375032,
					"omitted":	false
				}],
			"sum":	{
				"start":	6.00073,
				"end":	7.00021,
				"seconds":	0.999479,
				"bytes":	3014656,
				"bits_per_second":	2.41298e+07,
				"retransmits":	0,
				"omitted":	false
			}
		}],
	"end":	{
		"streams":	[{
				"sender":	{
					"socket":	4,
					"start":	0,
					"end":	7.00021,
					"seconds":	7.00021,
					"bytes":	21575448,
					"bits_per_second":	2.46569e+07,
					"retransmits":	11
				},
				"receiver":	{
					"socket":	4,
					"start":	0,
					"end":	7.00021,
					"seconds":	7.00021,
					"bytes":	21575448,
					"bits_per_second":	2.46569e+07
				}
			}],
		"sum_sent":	{
			"start":	0,
			"end":	7.00021,
			"seconds":	7.00021,
			"bytes":	21575448,
			"bits_per_second":	2.46569e+07,
			"retransmits":	11
		},
		"sum_received":	{
			"start":	0,
			"end":	7.00021,
			"seconds":	7.00021,
			"bytes":	21575448,
			"bits_per_second":	2.46569e+07
		},
		"cpu_utilization_percent":	{
			"host_total":	0.91995,
			"host_user":	0.181527,
			"host_system":	0.737616,
			"remote_total":	2.22819,
			"remote_user":	0.400496,
			"remote_system":	1.82761
		}
	}
}
