{
	"start":	{
		"connected":	[{
				"socket":	4,
				"local_host":	"10.0.0.6",
				"local_port":	47114,
				"remote_host":	"10.0.0.9",
				"remote_port":	1751
			}],
		"version":	"iperf 3.0.7",
		"system_info":	"Linux BS6 5.4.197-0504197-generic #202206060747 SMP Mon Jun 6 09:27:47 UTC 2022 x86_64 x86_64 x86_64 GNU/Linux\n",
		"timestamp":	{
			"time":	"Mon, 25 Jul 2022 21:43:00 GMT",
			"timesecs":	1658785380
		},
		"connecting_to":	{
			"host":	"10.0.0.9",
			"port":	1751
		},
		"cookie":	"BS6.1658785380.723984.6abe76d548f03a",
		"tcp_mss_default":	1448,
		"test_start":	{
			"protocol":	"TCP",
			"num_streams":	1,
			"blksize":	131072,
			"omit":	0,
			"duration":	13,
			"bytes":	0,
			"blocks":	0,
			"reverse":	0
		}
	},
	"intervals":	[{
			"streams":	[{
					"socket":	4,
					"start":	0,
					"end":	1.00163,
					"seconds":	1.00163,
					"bytes":	11372048,
					"bits_per_second":	9.08283e+07,
					"retransmits":	0,
					"snd_cwnd":	975952,
					"omitted":	false
				}],
			"sum":	{
				"start":	0,
				"end":	1.00163,
				"seconds":	1.00163,
				"bytes":	11372048,
				"bits_per_second":	9.08283e+07,
				"retransmits":	0,
				"omitted":	false
			}
		}, {
			"streams":	[{
					"socket":	4,
					"start":	1.00163,
					"end":	2.00043,
					"seconds":	0.9988,
					"bytes":	12451840,
					"bits_per_second":	9.97344e+07,
					"retransmits":	276,
					"snd_cwnd":	695040,
					"omitted":	false
				}],
			"sum":	{
				"start":	1.00163,
				"end":	2.00043,
				"seconds":	0.9988,
				"bytes":	12451840,
				"bits_per_second":	9.97344e+07,
				"retransmits":	276,
				"omitted":	false
			}
		}, {
			"streams":	[{
					"socket":	4,
					"start":	2.00043,
					"end":	3.00039,
					"seconds":	0.999957,
					"bytes":	12451840,
					"bits_per_second":	9.9619e+07,
					"retransmits":	0,
					"snd_cwnd":	708072,
					"omitted":	false
				}],
			"sum":	{
				"start":	2.00043,
				"end":	3.00039,
				"seconds":	0.999957,
				"bytes":	12451840,
				"bits_per_second":	9.9619e+07,
				"retransmits":	0,
				"omitted":	false
			}
		}, {
			"streams":	[{
					"socket":	4,
					"start":	3.00039,
					"end":	4.00018,
					"seconds":	0.99979,
					"bytes":	12582912,
					"bits_per_second":	1.00684e+08,
					"retransmits":	0,
					"snd_cwnd":	721104,
					"omitted":	false
				}],
			"sum":	{
				"start":	3.00039,
				"end":	4.00018,
				"seconds":	0.99979,
				"bytes":	12582912,
				"bits_per_second":	1.00684e+08,
				"retransmits":	0,
				"omitted":	false
			}
		}, {
			"streams":	[{
					"socket":	4,
					"start":	4.00018,
					"end":	5.00035,
					"seconds":	1.00017,
					"bytes":	12451840,
					"bits_per_second":	9.95976e+07,
					"retransmits":	0,
					"snd_cwnd":	734136,
					"omitted":	false
				}],
			"sum":	{
				"start":	4.00018,
				"end":	5.00035,
				"seconds":	1.00017,
				"bytes":	12451840,
				"bits_per_second":	9.95976e+07,
				"retransmits":	0,
				"omitted":	false
			}
		}, {
			"streams":	[{
					"socket":	4,
					"start":	5.00035,
					"end":	6.00021,
					"seconds":	0.999861,
					"bytes":	12582912,
					"bits_per_second":	1.00677e+08,
					"retransmits":	0,
					"snd_cwnd":	744272,
					"omitted":	false
				}],
			"sum":	{
				"start":	5.00035,
				"end":	6.00021,
				"seconds":	0.999861,
				"bytes":	12582912,
				"bits_per_second":	1.00677e+08,
				"retransmits":	0,
				"omitted":	false
			}
		}, {
			"streams":	[{
					"socket":	4,
					"start":	6.00021,
					"end":	7.00025,
					"seconds":	1.00004,
					"bytes":	12451840,
					"bits_per_second":	9.96111e+07,
					"retransmits":	0,
					"snd_cwnd":	781920,
					"omitted":	false
				}],
			"sum":	{
				"start":	6.00021,
				"end":	7.00025,
				"seconds":	1.00004,
				"bytes":	12451840,
				"bits_per_second":	9.96111e+07,
				"retransmits":	0,
				"omitted":	false
			}
		}, {
			"streams":	[{
					"socket":	4,
					"start":	7.00025,
					"end":	8.00016,
					"seconds":	0.999918,
					"bytes":	12451840,
					"bits_per_second":	9.96229e+07,
					"retransmits":	0,
					"snd_cwnd":	838392,
					"omitted":	false
				}],
			"sum":	{
				"start":	7.00025,
				"end":	8.00016,
				"seconds":	0.999918,
				"bytes":	12451840,
				"bits_per_second":	9.96229e+07,
				"retransmits":	0,
				"omitted":	false
			}
		}, {
			"streams":	[{
					"socket":	4,
					"start":	8.00016,
					"end":	9.00025,
					"seconds":	1.00009,
					"bytes":	9175040,
					"bits_per_second":	7.3394e+07,
					"retransmits":	20,
					"snd_cwnd":	642912,
					"omitted":	false
				}],
			"sum":	{
				"start":	8.00016,
				"end":	9.00025,
				"seconds":	1.00009,
				"bytes":	9175040,
				"bits_per_second":	7.3394e+07,
				"retransmits":	20,
				"omitted":	false
			}
		}, {
			"streams":	[{
					"socket":	4,
					"start":	9.00025,
					"end":	10.0004,
					"seconds":	1.00011,
					"bytes":	14155776,
					"bits_per_second":	1.13234e+08,
					"retransmits":	5,
					"snd_cwnd":	687800,
					"omitted":	false
				}],
			"sum":	{
				"start":	9.00025,
				"end":	10.0004,
				"seconds":	1.00011,
				"bytes":	14155776,
				"bits_per_second":	1.13234e+08,
				"retransmits":	5,
				"omitted":	false
			}
		}, {
			"streams":	[{
					"socket":	4,
					"start":	10.0004,
					"end":	11.0363,
					"seconds":	1.03599,
					"bytes":	2752512,
					"bits_per_second":	2.12552e+07,
					"retransmits":	233,
					"snd_cwnd":	370688,
					"omitted":	false
				}],
			"sum":	{
				"start":	10.0004,
				"end":	11.0363,
				"seconds":	1.03599,
				"bytes":	2752512,
				"bits_per_second":	2.12552e+07,
				"retransmits":	233,
				"omitted":	false
			}
		}, {
			"streams":	[{
					"socket":	4,
					"start":	11.0363,
					"end":	12.0058,
					"seconds":	0.969446,
					"bytes":	6160384,
					"bits_per_second":	5.08363e+07,
					"retransmits":	27,
					"snd_cwnd":	363448,
					"omitted":	false
				}],
			"sum":	{
				"start":	11.0363,
				"end":	12.0058,
				"seconds":	0.969446,
				"bytes":	6160384,
				"bits_per_second":	5.08363e+07,
				"retransmits":	27,
				"omitted":	false
			}
		}, {
			"streams":	[{
					"socket":	4,
					"start":	12.0058,
					"end":	13.0002,
					"seconds":	0.994458,
					"bytes":	6946816,
					"bits_per_second":	5.58842e+07,
					"retransmits":	0,
					"snd_cwnd":	389512,
					"omitted":	false
				}],
			"sum":	{
				"start":	12.0058,
				"end":	13.0002,
				"seconds":	0.994458,
				"bytes":	6946816,
				"bits_per_second":	5.58842e+07,
				"retransmits":	0,
				"omitted":	false
			}
		}],
	"end":	{
		"streams":	[{
				"sender":	{
					"socket":	4,
					"start":	0,
					"end":	13.0002,
					"seconds":	13.0002,
					"bytes":	137987600,
					"bits_per_second":	8.49138e+07,
					"retransmits":	561
				},
				"receiver":	{
					"socket":	4,
					"start":	0,
					"end":	13.0002,
					"seconds":	13.0002,
					"bytes":	135035192,
					"bits_per_second":	8.3097e+07
				}
			}],
		"sum_sent":	{
			"start":	0,
			"end":	13.0002,
			"seconds":	13.0002,
			"bytes":	137987600,
			"bits_per_second":	8.49138e+07,
			"retransmits":	561
		},
		"sum_received":	{
			"start":	0,
			"end":	13.0002,
			"seconds":	13.0002,
			"bytes":	135035192,
			"bits_per_second":	8.3097e+07
		},
		"cpu_utilization_percent":	{
			"host_total":	1.47831,
			"host_user":	0.0415476,
			"host_system":	1.43674,
			"remote_total":	5.42789,
			"remote_user":	0.420078,
			"remote_system":	5.00783
		}
	}
}
