{
	"start":	{
		"connected":	[{
				"socket":	5,
				"local_host":	"10.0.0.4",
				"local_port":	52792,
				"remote_host":	"10.0.0.9",
				"remote_port":	3053
			}],
		"version":	"iperf 3.7",
		"system_info":	"Linux H4 5.4.197-0504197-generic #202206060747 SMP Mon Jun 6 09:27:47 UTC 2022 x86_64",
		"timestamp":	{
			"time":	"Mon, 01 Aug 2022 00:23:43 GMT",
			"timesecs":	1659313423
		},
		"connecting_to":	{
			"host":	"10.0.0.9",
			"port":	3053
		},
		"cookie":	"sez4kyhfiof4hh6m2h6e37hzngdoctui2s4k",
		"tcp_mss_default":	1448,
		"target_bitrate":	15000000,
		"sock_bufsize":	0,
		"sndbuf_actual":	87380,
		"rcvbuf_actual":	87380,
		"test_start":	{
			"protocol":	"TCP",
			"num_streams":	1,
			"blksize":	131072,
			"omit":	0,
			"duration":	5,
			"bytes":	0,
			"blocks":	0,
			"reverse":	0,
			"tos":	0
		}
	},
	"intervals":	[{
			"streams":	[{
					"socket":	5,
					"start":	0,
					"end":	1.000652,
					"seconds":	1.0006519556045532,
					"bytes":	1966080,
					"bits_per_second":	15718392.306041511,
					"retransmits":	0,
					"snd_cwnd":	82536,
					"rtt":	4738,
					"rttvar":	1100,
					"pmtu":	1500,
					"omitted":	false,
					"sender":	true
				}],
			"sum":	{
				"start":	0,
				"end":	1.000652,
				"seconds":	1.0006519556045532,
				"bytes":	1966080,
				"bits_per_second":	15718392.306041511,
				"retransmits":	0,
				"omitted":	false,
				"sender":	true
			}
		}, {
			"streams":	[{
					"socket":	5,
					"start":	1.000652,
					"end":	2.000697,
					"seconds":	1.0000449419021606,
					"bytes":	1835008,
					"bits_per_second":	14679404.279649088,
					"retransmits":	0,
					"snd_cwnd":	89776,
					"rtt":	3993,
					"rttvar":	1759,
					"pmtu":	1500,
					"omitted":	false,
					"sender":	true
				}],
			"sum":	{
				"start":	1.000652,
				"end":	2.000697,
				"seconds":	1.0000449419021606,
				"bytes":	1835008,
				"bits_per_second":	14679404.279649088,
				"retransmits":	0,
				"omitted":	false,
				"sender":	true
			}
		}, {
			"streams":	[{
					"socket":	5,
					"start":	2.000697,
					"end":	3.000926,
					"seconds":	1.0002290010452271,
					"bytes":	1835008,
					"bits_per_second":	14676703.019668009,
					"retransmits":	0,
					"snd_cwnd":	94120,
					"rtt":	4511,
					"rttvar":	1814,
					"pmtu":	1500,
					"omitted":	false,
					"sender":	true
				}],
			"sum":	{
				"start":	2.000697,
				"end":	3.000926,
				"seconds":	1.0002290010452271,
				"bytes":	1835008,
				"bits_per_second":	14676703.019668009,
				"retransmits":	0,
				"omitted":	false,
				"sender":	true
			}
		}, {
			"streams":	[{
					"socket":	5,
					"start":	3.000926,
					"end":	4.000486,
					"seconds":	0.99955999851226807,
					"bytes":	1966080,
					"bits_per_second":	15735563.671425728,
					"retransmits":	0,
					"snd_cwnd":	101360,
					"rtt":	4698,
					"rttvar":	1699,
					"pmtu":	1500,
					"omitted":	false,
					"sender":	true
				}],
			"sum":	{
				"start":	3.000926,
				"end":	4.000486,
				"seconds":	0.99955999851226807,
				"bytes":	1966080,
				"bits_per_second":	15735563.671425728,
				"retransmits":	0,
				"omitted":	false,
				"sender":	true
			}
		}, {
			"streams":	[{
					"socket":	5,
					"start":	4.000486,
					"end":	5.000342,
					"seconds":	0.99985599517822266,
					"bytes":	1835008,
					"bits_per_second":	14682178.304470038,
					"retransmits":	0,
					"snd_cwnd":	105704,
					"rtt":	4724,
					"rttvar":	1884,
					"pmtu":	1500,
					"omitted":	false,
					"sender":	true
				}],
			"sum":	{
				"start":	4.000486,
				"end":	5.000342,
				"seconds":	0.99985599517822266,
				"bytes":	1835008,
				"bits_per_second":	14682178.304470038,
				"retransmits":	0,
				"omitted":	false,
				"sender":	true
			}
		}],
	"end":	{
		"streams":	[{
				"sender":	{
					"socket":	5,
					"start":	0,
					"end":	5.000342,
					"seconds":	5.000342,
					"bytes":	9437184,
					"bits_per_second":	15098461.665222099,
					"retransmits":	0,
					"max_snd_cwnd":	105704,
					"max_rtt":	4738,
					"min_rtt":	3993,
					"mean_rtt":	4532,
					"sender":	true
				},
				"receiver":	{
					"socket":	5,
					"start":	0,
					"end":	5.00058,
					"seconds":	5.000342,
					"bytes":	9437184,
					"bits_per_second":	15097743.061804829,
					"sender":	true
				}
			}],
		"sum_sent":	{
			"start":	0,
			"end":	5.000342,
			"seconds":	5.000342,
			"bytes":	9437184,
			"bits_per_second":	15098461.665222099,
			"retransmits":	0,
			"sender":	true
		},
		"sum_received":	{
			"start":	0,
			"end":	5.00058,
			"seconds":	5.00058,
			"bytes":	9437184,
			"bits_per_second":	15097743.061804829,
			"sender":	true
		},
		"cpu_utilization_percent":	{
			"host_total":	4.9247761592570081,
			"host_user":	0,
			"host_system":	4.9248161326027811,
			"remote_total":	2.0102199216833196,
			"remote_user":	0,
			"remote_system":	2.0102398770113226
		},
		"sender_tcp_congestion":	"cubic",
		"receiver_tcp_congestion":	"cubic"
	}
}
