{
	"start":	{
		"connected":	[{
				"socket":	4,
				"local_host":	"10.0.0.3",
				"local_port":	58052,
				"remote_host":	"10.0.0.11",
				"remote_port":	3741
			}],
		"version":	"iperf 3.0.7",
		"system_info":	"Linux H3 5.4.197-0504197-generic #202206060747 SMP Mon Jun 6 09:27:47 UTC 2022 x86_64 x86_64 x86_64 GNU/Linux\n",
		"timestamp":	{
			"time":	"Fri, 22 Jul 2022 16:22:34 GMT",
			"timesecs":	1658506954
		},
		"connecting_to":	{
			"host":	"10.0.0.11",
			"port":	3741
		},
		"cookie":	"H3.1658506954.032065.4c3b78e66b7e111",
		"tcp_mss_default":	1448,
		"test_start":	{
			"protocol":	"TCP",
			"num_streams":	1,
			"blksize":	131072,
			"omit":	0,
			"duration":	5,
			"bytes":	0,
			"blocks":	0,
			"reverse":	0
		}
	},
	"intervals":	[{
			"streams":	[{
					"socket":	4,
					"start":	0,
					"end":	1.00031,
					"seconds":	1.00031,
					"bytes":	1689400,
					"bits_per_second":	1.3511e+07,
					"retransmits":	1,
					"snd_cwnd":	57920,
					"omitted":	false
				}],
			"sum":	{
				"start":	0,
				"end":	1.00031,
				"seconds":	1.00031,
				"bytes":	1689400,
				"bits_per_second":	1.3511e+07,
				"retransmits":	1,
				"omitted":	false
			}
		}, {
			"streams":	[{
					"socket":	4,
					"start":	1.00031,
					"end":	2.00056,
					"seconds":	1.00025,
					"bytes":	1966080,
					"bits_per_second":	1.57247e+07,
					"retransmits":	0,
					"snd_cwnd":	73848,
					"omitted":	false
				}],
			"sum":	{
				"start":	1.00031,
				"end":	2.00056,
				"seconds":	1.00025,
				"bytes":	1966080,
				"bits_per_second":	1.57247e+07,
				"retransmits":	0,
				"omitted":	false
			}
		}, {
			"streams":	[{
					"socket":	4,
					"start":	2.00056,
					"end":	3.00026,
					"seconds":	0.999694,
					"bytes":	1835008,
					"bits_per_second":	1.46846e+07,
					"retransmits":	0,
					"snd_cwnd":	83984,
					"omitted":	false
				}],
			"sum":	{
				"start":	2.00056,
				"end":	3.00026,
				"seconds":	0.999694,
				"bytes":	1835008,
				"bits_per_second":	1.46846e+07,
				"retransmits":	0,
				"omitted":	false
			}
		}, {
			"streams":	[{
					"socket":	4,
					"start":	3.00026,
					"end":	4.00097,
					"seconds":	1.00071,
					"bytes":	1835008,
					"bits_per_second":	1.46696e+07,
					"retransmits":	0,
					"snd_cwnd":	94120,
					"omitted":	false
				}],
			"sum":	{
				"start":	3.00026,
				"end":	4.00097,
				"seconds":	1.00071,
				"bytes":	1835008,
				"bits_per_second":	1.46696e+07,
				"retransmits":	0,
				"omitted":	false
			}
		}, {
			"streams":	[{
					"socket":	4,
					"start":	4.00097,
					"end":	5.0012,
					"seconds":	1.00023,
					"bytes":	1966080,
					"bits_per_second":	1.5725e+07,
					"retransmits":	0,
					"snd_cwnd":	101360,
					"omitted":	false
				}],
			"sum":	{
				"start":	4.00097,
				"end":	5.0012,
				"seconds":	1.00023,
				"bytes":	1966080,
				"bits_per_second":	1.5725e+07,
				"retransmits":	0,
				"omitted":	false
			}
		}],
	"end":	{
		"streams":	[{
				"sender":	{
					"socket":	4,
					"start":	0,
					"end":	5.0012,
					"seconds":	5.0012,
					"bytes":	9291576,
					"bits_per_second":	1.4863e+07,
					"retransmits":	1
				},
				"receiver":	{
					"socket":	4,
					"start":	0,
					"end":	5.0012,
					"seconds":	5.0012,
					"bytes":	9291576,
					"bits_per_second":	1.4863e+07
				}
			}],
		"sum_sent":	{
			"start":	0,
			"end":	5.0012,
			"seconds":	5.0012,
			"bytes":	9291576,
			"bits_per_second":	1.4863e+07,
			"retransmits":	1
		},
		"sum_received":	{
			"start":	0,
			"end":	5.0012,
			"seconds":	5.0012,
			"bytes":	9291576,
			"bits_per_second":	1.4863e+07
		},
		"cpu_utilization_percent":	{
			"host_total":	0.540509,
			"host_user":	0.0982143,
			"host_system":	0.442354,
			"remote_total":	1.62113,
			"remote_user":	0.790319,
			"remote_system":	0.830833
		}
	}
}
