{
	"start":	{
		"connected":	[{
				"socket":	4,
				"local_host":	"10.0.0.6",
				"local_port":	59744,
				"remote_host":	"10.0.0.17",
				"remote_port":	2173
			}],
		"version":	"iperf 3.0.7",
		"system_info":	"Linux BS6 5.4.197-0504197-generic #202206060747 SMP Mon Jun 6 09:27:47 UTC 2022 x86_64 x86_64 x86_64 GNU/Linux\n",
		"timestamp":	{
			"time":	"Mon, 25 Jul 2022 21:47:39 GMT",
			"timesecs":	1658785659
		},
		"connecting_to":	{
			"host":	"10.0.0.17",
			"port":	2173
		},
		"cookie":	"BS6.1658785659.795972.2b01344740fb3f",
		"tcp_mss_default":	1448,
		"test_start":	{
			"protocol":	"TCP",
			"num_streams":	1,
			"blksize":	131072,
			"omit":	0,
			"duration":	16,
			"bytes":	0,
			"blocks":	0,
			"reverse":	0
		}
	},
	"intervals":	[{
			"streams":	[{
					"socket":	4,
					"start":	0,
					"end":	1.00043,
					"seconds":	1.00043,
					"bytes":	2852368,
					"bits_per_second":	2.2809e+07,
					"retransmits":	0,
					"snd_cwnd":	395304,
					"omitted":	false
				}],
			"sum":	{
				"start":	0,
				"end":	1.00043,
				"seconds":	1.00043,
				"bytes":	2852368,
				"bits_per_second":	2.2809e+07,
				"retransmits":	0,
				"omitted":	false
			}
		}, {
			"streams":	[{
					"socket":	4,
					"start":	1.00043,
					"end":	2.00049,
					"seconds":	1.00006,
					"bytes":	3145728,
					"bits_per_second":	2.51643e+07,
					"retransmits":	0,
					"snd_cwnd":	395304,
					"omitted":	false
				}],
			"sum":	{
				"start":	1.00043,
				"end":	2.00049,
				"seconds":	1.00006,
				"bytes":	3145728,
				"bits_per_second":	2.51643e+07,
				"retransmits":	0,
				"omitted":	false
			}
		}, {
			"streams":	[{
					"socket":	4,
					"start":	2.00049,
					"end":	3.0001,
					"seconds":	0.999609,
					"bytes":	3145728,
					"bits_per_second":	2.51757e+07,
					"retransmits":	0,
					"snd_cwnd":	395304,
					"omitted":	false
				}],
			"sum":	{
				"start":	2.00049,
				"end":	3.0001,
				"seconds":	0.999609,
				"bytes":	3145728,
				"bits_per_second":	2.51757e+07,
				"retransmits":	0,
				"omitted":	false
			}
		}, {
			"streams":	[{
					"socket":	4,
					"start":	3.0001,
					"end":	4.00025,
					"seconds":	1.00015,
					"bytes":	3145728,
					"bits_per_second":	2.51621e+07,
					"retransmits":	9,
					"snd_cwnd":	395304,
					"omitted":	false
				}],
			"sum":	{
				"start":	3.0001,
				"end":	4.00025,
				"seconds":	1.00015,
				"bytes":	3145728,
				"bits_per_second":	2.51621e+07,
				"retransmits":	9,
				"omitted":	false
			}
		}, {
			"streams":	[{
					"socket":	4,
					"start":	4.00025,
					"end":	5.00063,
					"seconds":	1.00038,
					"bytes":	3145728,
					"bits_per_second":	2.51564e+07,
					"retransmits":	0,
					"snd_cwnd":	395304,
					"omitted":	false
				}],
			"sum":	{
				"start":	4.00025,
				"end":	5.00063,
				"seconds":	1.00038,
				"bytes":	3145728,
				"bits_per_second":	2.51564e+07,
				"retransmits":	0,
				"omitted":	false
			}
		}, {
			"streams":	[{
					"socket":	4,
					"start":	5.00063,
					"end":	6.00069,
					"seconds":	1.00007,
					"bytes":	3014656,
					"bits_per_second":	2.41156e+07,
					"retransmits":	0,
					"snd_cwnd":	395304,
					"omitted":	false
				}],
			"sum":	{
				"start":	5.00063,
				"end":	6.00069,
				"seconds":	1.00007,
				"bytes":	3014656,
				"bits_per_second":	2.41156e+07,
				"retransmits":	0,
				"omitted":	false
			}
		}, {
			"streams":	[{
					"socket":	4,
					"start":	6.00069,
					"end":	7.00131,
					"seconds":	1.00062,
					"bytes":	3145728,
					"bits_per_second":	2.51502e+07,
					"retransmits":	0,
					"snd_cwnd":	395304,
					"omitted":	false
				}],
			"sum":	{
				"start":	6.00069,
				"end":	7.00131,
				"seconds":	1.00062,
				"bytes":	3145728,
				"bits_per_second":	2.51502e+07,
				"retransmits":	0,
				"omitted":	false
			}
		}, {
			"streams":	[{
					"socket":	4,
					"start":	7.00131,
					"end":	8.00033,
					"seconds":	0.999014,
					"bytes":	3145728,
					"bits_per_second":	2.51907e+07,
					"retransmits":	0,
					"snd_cwnd":	395304,
					"omitted":	false
				}],
			"sum":	{
				"start":	7.00131,
				"end":	8.00033,
				"seconds":	0.999014,
				"bytes":	3145728,
				"bits_per_second":	2.51907e+07,
				"retransmits":	0,
				"omitted":	false
			}
		}, {
			"streams":	[{
					"socket":	4,
					"start":	8.00033,
					"end":	9.00034,
					"seconds":	1.00002,
					"bytes":	3145728,
					"bits_per_second":	2.51654e+07,
					"retransmits":	0,
					"snd_cwnd":	395304,
					"omitted":	false
				}],
			"sum":	{
				"start":	8.00033,
				"end":	9.00034,
				"seconds":	1.00002,
				"bytes":	3145728,
				"bits_per_second":	2.51654e+07,
				"retransmits":	0,
				"omitted":	false
			}
		}, {
			"streams":	[{
					"socket":	4,
					"start":	9.00034,
					"end":	10.0002,
					"seconds":	0.999875,
					"bytes":	3145728,
					"bits_per_second":	2.5169e+07,
					"retransmits":	0,
					"snd_cwnd":	395304,
					"omitted":	false
				}],
			"sum":	{
				"start":	9.00034,
				"end":	10.0002,
				"seconds":	0.999875,
				"bytes":	3145728,
				"bits_per_second":	2.5169e+07,
				"retransmits":	0,
				"omitted":	false
			}
		}, {
			"streams":	[{
					"socket":	4,
					"start":	10.0002,
					"end":	11.0011,
					"seconds":	1.00084,
					"bytes":	3145728,
					"bits_per_second":	2.51448e+07,
					"retransmits":	0,
					"snd_cwnd":	395304,
					"omitted":	false
				}],
			"sum":	{
				"start":	10.0002,
				"end":	11.0011,
				"seconds":	1.00084,
				"bytes":	3145728,
				"bits_per_second":	2.51448e+07,
				"retransmits":	0,
				"omitted":	false
			}
		}, {
			"streams":	[{
					"socket":	4,
					"start":	11.0011,
					"end":	12.002,
					"seconds":	1.00092,
					"bytes":	3014656,
					"bits_per_second":	2.40952e+07,
					"retransmits":	0,
					"snd_cwnd":	395304,
					"omitted":	false
				}],
			"sum":	{
				"start":	11.0011,
				"end":	12.002,
				"seconds":	1.00092,
				"bytes":	3014656,
				"bits_per_second":	2.40952e+07,
				"retransmits":	0,
				"omitted":	false
			}
		}, {
			"streams":	[{
					"socket":	4,
					"start":	12.002,
					"end":	13.0005,
					"seconds":	0.998484,
					"bytes":	3145728,
					"bits_per_second":	2.5204e+07,
					"retransmits":	0,
					"snd_cwnd":	395304,
					"omitted":	false
				}],
			"sum":	{
				"start":	12.002,
				"end":	13.0005,
				"seconds":	0.998484,
				"bytes":	3145728,
				"bits_per_second":	2.5204e+07,
				"retransmits":	0,
				"omitted":	false
			}
		}, {
			"streams":	[{
					"socket":	4,
					"start":	13.0005,
					"end":	14.0015,
					"seconds":	1.00103,
					"bytes":	3145728,
					"bits_per_second":	2.51399e+07,
					"retransmits":	0,
					"snd_cwnd":	395304,
					"omitted":	false
				}],
			"sum":	{
				"start":	13.0005,
				"end":	14.0015,
				"seconds":	1.00103,
				"bytes":	3145728,
				"bits_per_second":	2.51399e+07,
				"retransmits":	0,
				"omitted":	false
			}
		}, {
			"streams":	[{
					"socket":	4,
					"start":	14.0015,
					"end":	15.0083,
					"seconds":	1.00677,
					"bytes":	3145728,
					"bits_per_second":	2.49967e+07,
					"retransmits":	111,
					"snd_cwnd":	295392,
					"omitted":	false
				}],
			"sum":	{
				"start":	14.0015,
				"end":	15.0083,
				"seconds":	1.00677,
				"bytes":	3145728,
				"bits_per_second":	2.49967e+07,
				"retransmits":	111,
				"omitted":	false
			}
		}, {
			"streams":	[{
					"socket":	4,
					"start":	15.0083,
					"end":	16.0004,
					"seconds":	0.99211,
					"bytes":	3145728,
					"bits_per_second":	2.5366e+07,
					"retransmits":	0,
					"snd_cwnd":	314216,
					"omitted":	false
				}],
			"sum":	{
				"start":	15.0083,
				"end":	16.0004,
				"seconds":	0.99211,
				"bytes":	3145728,
				"bits_per_second":	2.5366e+07,
				"retransmits":	0,
				"omitted":	false
			}
		}],
	"end":	{
		"streams":	[{
				"sender":	{
					"socket":	4,
					"start":	0,
					"end":	16.0004,
					"seconds":	16.0004,
					"bytes":	49776144,
					"bits_per_second":	2.48875e+07,
					"retransmits":	120
				},
				"receiver":	{
					"socket":	4,
					"start":	0,
					"end":	16.0004,
					"seconds":	16.0004,
					"bytes":	49776144,
					"bits_per_second":	2.48875e+07
				}
			}],
		"sum_sent":	{
			"start":	0,
			"end":	16.0004,
			"seconds":	16.0004,
			"bytes":	49776144,
			"bits_per_second":	2.48875e+07,
			"retransmits":	120
		},
		"sum_received":	{
			"start":	0,
			"end":	16.0004,
			"seconds":	16.0004,
			"bytes":	49776144,
			"bits_per_second":	2.48875e+07
		},
		"cpu_utilization_percent":	{
			"host_total":	1.88726,
			"host_user":	0.100956,
			"host_system":	1.7863,
			"remote_total":	2.50138,
			"remote_user":	0.180347,
			"remote_system":	2.32103
		}
	}
}
