{
	"start":	{
		"connected":	[{
				"socket":	4,
				"local_host":	"10.0.0.5",
				"local_port":	50904,
				"remote_host":	"10.0.0.6",
				"remote_port":	2765
			}],
		"version":	"iperf 3.0.7",
		"system_info":	"Linux H5 5.4.197-0504197-generic #202206060747 SMP Mon Jun 6 09:27:47 UTC 2022 x86_64 x86_64 x86_64 GNU/Linux\n",
		"timestamp":	{
			"time":	"Fri, 22 Jul 2022 16:23:30 GMT",
			"timesecs":	1658507010
		},
		"connecting_to":	{
			"host":	"10.0.0.6",
			"port":	2765
		},
		"cookie":	"H5.1658507010.510997.2b223361734bb42",
		"tcp_mss_default":	1448,
		"test_start":	{
			"protocol":	"TCP",
			"num_streams":	1,
			"blksize":	131072,
			"omit":	0,
			"duration":	5,
			"bytes":	0,
			"blocks":	0,
			"reverse":	0
		}
	},
	"intervals":	[{
			"streams":	[{
					"socket":	4,
					"start":	0,
					"end":	1.0007,
					"seconds":	1.0007,
					"bytes":	1689400,
					"bits_per_second":	1.35057e+07,
					"retransmits":	0,
					"snd_cwnd":	91224,
					"omitted":	false
				}],
			"sum":	{
				"start":	0,
				"end":	1.0007,
				"seconds":	1.0007,
				"bytes":	1689400,
				"bits_per_second":	1.35057e+07,
				"retransmits":	0,
				"omitted":	false
			}
		}, {
			"streams":	[{
					"socket":	4,
					"start":	1.0007,
					"end":	2.00033,
					"seconds":	0.999631,
					"bytes":	1966080,
					"bits_per_second":	1.57344e+07,
					"retransmits":	0,
					"snd_cwnd":	117288,
					"omitted":	false
				}],
			"sum":	{
				"start":	1.0007,
				"end":	2.00033,
				"seconds":	0.999631,
				"bytes":	1966080,
				"bits_per_second":	1.57344e+07,
				"retransmits":	0,
				"omitted":	false
			}
		}, {
			"streams":	[{
					"socket":	4,
					"start":	2.00033,
					"end":	3.00067,
					"seconds":	1.00034,
					"bytes":	1835008,
					"bits_per_second":	1.46751e+07,
					"retransmits":	0,
					"snd_cwnd":	128872,
					"omitted":	false
				}],
			"sum":	{
				"start":	2.00033,
				"end":	3.00067,
				"seconds":	1.00034,
				"bytes":	1835008,
				"bits_per_second":	1.46751e+07,
				"retransmits":	0,
				"omitted":	false
			}
		}, {
			"streams":	[{
					"socket":	4,
					"start":	3.00067,
					"end":	4.00068,
					"seconds":	1.00001,
					"bytes":	1835008,
					"bits_per_second":	1.46799e+07,
					"retransmits":	0,
					"snd_cwnd":	159280,
					"omitted":	false
				}],
			"sum":	{
				"start":	3.00067,
				"end":	4.00068,
				"seconds":	1.00001,
				"bytes":	1835008,
				"bits_per_second":	1.46799e+07,
				"retransmits":	0,
				"omitted":	false
			}
		}, {
			"streams":	[{
					"socket":	4,
					"start":	4.00068,
					"end":	5.00081,
					"seconds":	1.00012,
					"bytes":	1966080,
					"bits_per_second":	1.57267e+07,
					"retransmits":	0,
					"snd_cwnd":	185344,
					"omitted":	false
				}],
			"sum":	{
				"start":	4.00068,
				"end":	5.00081,
				"seconds":	1.00012,
				"bytes":	1966080,
				"bits_per_second":	1.57267e+07,
				"retransmits":	0,
				"omitted":	false
			}
		}],
	"end":	{
		"streams":	[{
				"sender":	{
					"socket":	4,
					"start":	0,
					"end":	5.00081,
					"seconds":	5.00081,
					"bytes":	9291576,
					"bits_per_second":	1.48641e+07,
					"retransmits":	0
				},
				"receiver":	{
					"socket":	4,
					"start":	0,
					"end":	5.00081,
					"seconds":	5.00081,
					"bytes":	9291576,
					"bits_per_second":	1.48641e+07
				}
			}],
		"sum_sent":	{
			"start":	0,
			"end":	5.00081,
			"seconds":	5.00081,
			"bytes":	9291576,
			"bits_per_second":	1.48641e+07,
			"retransmits":	0
		},
		"sum_received":	{
			"start":	0,
			"end":	5.00081,
			"seconds":	5.00081,
			"bytes":	9291576,
			"bits_per_second":	1.48641e+07
		},
		"cpu_utilization_percent":	{
			"host_total":	0.37373,
			"host_user":	0,
			"host_system":	0.37371,
			"remote_total":	1.21526,
			"remote_user":	0.436204,
			"remote_system":	0.779054
		}
	}
}
