{
	"start":	{
		"connected":	[{
				"socket":	4,
				"local_host":	"10.0.0.2",
				"local_port":	44137,
				"remote_host":	"10.0.0.11",
				"remote_port":	2816
			}],
		"version":	"iperf 3.0.7",
		"system_info":	"Linux BS2 5.4.197-0504197-generic #202206060747 SMP Mon Jun 6 09:27:47 UTC 2022 x86_64 x86_64 x86_64 GNU/Linux\n",
		"timestamp":	{
			"time":	"Mon, 25 Jul 2022 21:42:39 GMT",
			"timesecs":	1658785359
		},
		"connecting_to":	{
			"host":	"10.0.0.11",
			"port":	2816
		},
		"cookie":	"BS2.1658785359.130108.2a0337216719da",
		"test_start":	{
			"protocol":	"UDP",
			"num_streams":	1,
			"blksize":	8192,
			"omit":	0,
			"duration":	9,
			"bytes":	0,
			"blocks":	0,
			"reverse":	0
		}
	},
	"intervals":	[{
			"streams":	[{
					"socket":	4,
					"start":	0,
					"end":	1.00048,
					"seconds":	1.00048,
					"bytes":	5636096,
					"bits_per_second":	4.50669e+07,
					"packets":	688,
					"omitted":	false
				}],
			"sum":	{
				"start":	0,
				"end":	1.00048,
				"seconds":	1.00048,
				"bytes":	5636096,
				"bits_per_second":	4.50669e+07,
				"packets":	688,
				"omitted":	false
			}
		}, {
			"streams":	[{
					"socket":	4,
					"start":	1.00048,
					"end":	2.00125,
					"seconds":	1.00076,
					"bytes":	6266880,
					"bits_per_second":	5.0097e+07,
					"packets":	765,
					"omitted":	false
				}],
			"sum":	{
				"start":	1.00048,
				"end":	2.00125,
				"seconds":	1.00076,
				"bytes":	6266880,
				"bits_per_second":	5.0097e+07,
				"packets":	765,
				"omitted":	false
			}
		}, {
			"streams":	[{
					"socket":	4,
					"start":	2.00125,
					"end":	3.0002,
					"seconds":	0.998958,
					"bytes":	6291456,
					"bits_per_second":	5.03841e+07,
					"packets":	768,
					"omitted":	false
				}],
			"sum":	{
				"start":	2.00125,
				"end":	3.0002,
				"seconds":	0.998958,
				"bytes":	6291456,
				"bits_per_second":	5.03841e+07,
				"packets":	768,
				"omitted":	false
			}
		}, {
			"streams":	[{
					"socket":	4,
					"start":	3.0002,
					"end":	4.00017,
					"seconds":	0.999972,
					"bytes":	6217728,
					"bits_per_second":	4.97432e+07,
					"packets":	759,
					"omitted":	false
				}],
			"sum":	{
				"start":	3.0002,
				"end":	4.00017,
				"seconds":	0.999972,
				"bytes":	6217728,
				"bits_per_second":	4.97432e+07,
				"packets":	759,
				"omitted":	false
			}
		}, {
			"streams":	[{
					"socket":	4,
					"start":	4.00017,
					"end":	5.00062,
					"seconds":	1.00044,
					"bytes":	6627328,
					"bits_per_second":	5.29951e+07,
					"packets":	809,
					"omitted":	false
				}],
			"sum":	{
				"start":	4.00017,
				"end":	5.00062,
				"seconds":	1.00044,
				"bytes":	6627328,
				"bits_per_second":	5.29951e+07,
				"packets":	809,
				"omitted":	false
			}
		}, {
			"streams":	[{
					"socket":	4,
					"start":	5.00062,
					"end":	6.00021,
					"seconds":	0.999593,
					"bytes":	5898240,
					"bits_per_second":	4.72051e+07,
					"packets":	720,
					"omitted":	false
				}],
			"sum":	{
				"start":	5.00062,
				"end":	6.00021,
				"seconds":	0.999593,
				"bytes":	5898240,
				"bits_per_second":	4.72051e+07,
				"packets":	720,
				"omitted":	false
			}
		}, {
			"streams":	[{
					"socket":	4,
					"start":	6.00021,
					"end":	7.00212,
					"seconds":	1.00191,
					"bytes":	6291456,
					"bits_per_second":	5.02356e+07,
					"packets":	768,
					"omitted":	false
				}],
			"sum":	{
				"start":	6.00021,
				"end":	7.00212,
				"seconds":	1.00191,
				"bytes":	6291456,
				"bits_per_second":	5.02356e+07,
				"packets":	768,
				"omitted":	false
			}
		}, {
			"streams":	[{
					"socket":	4,
					"start":	7.00212,
					"end":	8.0001,
					"seconds":	0.997974,
					"bytes":	6356992,
					"bits_per_second":	5.09592e+07,
					"packets":	776,
					"omitted":	false
				}],
			"sum":	{
				"start":	7.00212,
				"end":	8.0001,
				"seconds":	0.997974,
				"bytes":	6356992,
				"bits_per_second":	5.09592e+07,
				"packets":	776,
				"omitted":	false
			}
		}, {
			"streams":	[{
					"socket":	4,
					"start":	8.0001,
					"end":	9.00026,
					"seconds":	1.00017,
					"bytes":	6193152,
					"bits_per_second":	4.9537e+07,
					"packets":	756,
					"omitted":	false
				}],
			"sum":	{
				"start":	8.0001,
				"end":	9.00026,
				"seconds":	1.00017,
				"bytes":	6193152,
				"bits_per_second":	4.9537e+07,
				"packets":	756,
				"omitted":	false
			}
		}],
	"end":	{
		"streams":	[{
				"udp":	{
					"socket":	4,
					"start":	0,
					"end":	9.00026,
					"seconds":	9.00026,
					"bytes":	55779328,
					"bits_per_second":	4.95802e+07,
					"jitter_ms":	0.632211,
					"lost_packets":	92,
					"packets":	6809,
					"lost_percent":	1.35115
				}
			}],
		"sum":	{
			"start":	0,
			"end":	9.00026,
			"seconds":	9.00026,
			"bytes":	55779328,
			"bits_per_second":	4.95802e+07,
			"jitter_ms":	0.632211,
			"lost_packets":	92,
			"packets":	6809,
			"lost_percent":	1.35115
		},
		"cpu_utilization_percent":	{
			"host_total":	9.26316,
			"host_user":	0.238641,
			"host_system":	9.02454,
			"remote_total":	4.3343,
			"remote_user":	0.924816,
			"remote_system":	3.40952
		}
	}
}
