{
	"start":	{
		"connected":	[{
				"socket":	4,
				"local_host":	"10.0.0.3",
				"local_port":	57058,
				"remote_host":	"10.0.0.20",
				"remote_port":	3678
			}],
		"version":	"iperf 3.0.7",
		"system_info":	"Linux BS3 5.4.197-0504197-generic #202206060747 SMP Mon Jun 6 09:27:47 UTC 2022 x86_64 x86_64 x86_64 GNU/Linux\n",
		"timestamp":	{
			"time":	"Mon, 25 Jul 2022 21:46:23 GMT",
			"timesecs":	1658785583
		},
		"connecting_to":	{
			"host":	"10.0.0.20",
			"port":	3678
		},
		"cookie":	"BS3.1658785583.754827.711e63e775fb65",
		"tcp_mss_default":	1448,
		"test_start":	{
			"protocol":	"TCP",
			"num_streams":	1,
			"blksize":	131072,
			"omit":	0,
			"duration":	55,
			"bytes":	0,
			"blocks":	0,
			"reverse":	0
		}
	},
	"intervals":	[{
			"streams":	[{
					"socket":	4,
					"start":	0,
					"end":	1.00011,
					"seconds":	1.00011,
					"bytes":	5998096,
					"bits_per_second":	4.79794e+07,
					"retransmits":	6,
					"snd_cwnd":	240368,
					"omitted":	false
				}],
			"sum":	{
				"start":	0,
				"end":	1.00011,
				"seconds":	1.00011,
				"bytes":	5998096,
				"bits_per_second":	4.79794e+07,
				"retransmits":	6,
				"omitted":	false
			}
		}, {
			"streams":	[{
					"socket":	4,
					"start":	1.00011,
					"end":	2.00059,
					"seconds":	1.00048,
					"bytes":	9043968,
					"bits_per_second":	7.23172e+07,
					"retransmits":	0,
					"snd_cwnd":	269328,
					"omitted":	false
				}],
			"sum":	{
				"start":	1.00011,
				"end":	2.00059,
				"seconds":	1.00048,
				"bytes":	9043968,
				"bits_per_second":	7.23172e+07,
				"retransmits":	0,
				"omitted":	false
			}
		}, {
			"streams":	[{
					"socket":	4,
					"start":	2.00059,
					"end":	3.00013,
					"seconds":	0.999539,
					"bytes":	9961472,
					"bits_per_second":	7.97285e+07,
					"retransmits":	0,
					"snd_cwnd":	295392,
					"omitted":	false
				}],
			"sum":	{
				"start":	2.00059,
				"end":	3.00013,
				"seconds":	0.999539,
				"bytes":	9961472,
				"bits_per_second":	7.97285e+07,
				"retransmits":	0,
				"omitted":	false
			}
		}, {
			"streams":	[{
					"socket":	4,
					"start":	3.00013,
					"end":	4.00026,
					"seconds":	1.00013,
					"bytes":	11010048,
					"bits_per_second":	8.80686e+07,
					"retransmits":	0,
					"snd_cwnd":	322904,
					"omitted":	false
				}],
			"sum":	{
				"start":	3.00013,
				"end":	4.00026,
				"seconds":	1.00013,
				"bytes":	11010048,
				"bits_per_second":	8.80686e+07,
				"retransmits":	0,
				"omitted":	false
			}
		}, {
			"streams":	[{
					"socket":	4,
					"start":	4.00026,
					"end":	5.00015,
					"seconds":	0.999888,
					"bytes":	12320768,
					"bits_per_second":	9.85772e+07,
					"retransmits":	0,
					"snd_cwnd":	350416,
					"omitted":	false
				}],
			"sum":	{
				"start":	4.00026,
				"end":	5.00015,
				"seconds":	0.999888,
				"bytes":	12320768,
				"bits_per_second":	9.85772e+07,
				"retransmits":	0,
				"omitted":	false
			}
		}, {
			"streams":	[{
					"socket":	4,
					"start":	5.00015,
					"end":	6.00032,
					"seconds":	1.00017,
					"bytes":	12845056,
					"bits_per_second":	1.02743e+08,
					"retransmits":	0,
					"snd_cwnd":	377928,
					"omitted":	false
				}],
			"sum":	{
				"start":	5.00015,
				"end":	6.00032,
				"seconds":	1.00017,
				"bytes":	12845056,
				"bits_per_second":	1.02743e+08,
				"retransmits":	0,
				"omitted":	false
			}
		}, {
			"streams":	[{
					"socket":	4,
					"start":	6.00032,
					"end":	7.00028,
					"seconds":	0.999967,
					"bytes":	13631488,
					"bits_per_second":	1.09055e+08,
					"retransmits":	0,
					"snd_cwnd":	405440,
					"omitted":	false
				}],
			"sum":	{
				"start":	6.00032,
				"end":	7.00028,
				"seconds":	0.999967,
				"bytes":	13631488,
				"bits_per_second":	1.09055e+08,
				"retransmits":	0,
				"omitted":	false
			}
		}, {
			"streams":	[{
					"socket":	4,
					"start":	7.00028,
					"end":	8.0014,
					"seconds":	1.00111,
					"bytes":	15335424,
					"bits_per_second":	1.22547e+08,
					"retransmits":	0,
					"snd_cwnd":	448880,
					"omitted":	false
				}],
			"sum":	{
				"start":	7.00028,
				"end":	8.0014,
				"seconds":	1.00111,
				"bytes":	15335424,
				"bits_per_second":	1.22547e+08,
				"retransmits":	0,
				"omitted":	false
			}
		}, {
			"streams":	[{
					"socket":	4,
					"start":	8.0014,
					"end":	9.00254,
					"seconds":	1.00114,
					"bytes":	14155776,
					"bits_per_second":	1.13117e+08,
					"retransmits":	0,
					"snd_cwnd":	551688,
					"omitted":	false
				}],
			"sum":	{
				"start":	8.0014,
				"end":	9.00254,
				"seconds":	1.00114,
				"bytes":	14155776,
				"bits_per_second":	1.13117e+08,
				"retransmits":	0,
				"omitted":	false
			}
		}, {
			"streams":	[{
					"socket":	4,
					"start":	9.00254,
					"end":	10.0003,
					"seconds":	0.997784,
					"bytes":	18743296,
					"bits_per_second":	1.50279e+08,
					"retransmits":	0,
					"snd_cwnd":	682008,
					"omitted":	false
				}],
			"sum":	{
				"start":	9.00254,
				"end":	10.0003,
				"seconds":	0.997784,
				"bytes":	18743296,
				"bits_per_second":	1.50279e+08,
				"retransmits":	0,
				"omitted":	false
			}
		}, {
			"streams":	[{
					"socket":	4,
					"start":	10.0003,
					"end":	11.0007,
					"seconds":	1.00034,
					"bytes":	13238272,
					"bits_per_second":	1.0587e+08,
					"retransmits":	0,
					"snd_cwnd":	786264,
					"omitted":	false
				}],
			"sum":	{
				"start":	10.0003,
				"end":	11.0007,
				"seconds":	1.00034,
				"bytes":	13238272,
				"bits_per_second":	1.0587e+08,
				"retransmits":	0,
				"omitted":	false
			}
		}, {
			"streams":	[{
					"socket":	4,
					"start":	11.0007,
					"end":	12.0017,
					"seconds":	1.00106,
					"bytes":	12582912,
					"bits_per_second":	1.00557e+08,
					"retransmits":	0,
					"snd_cwnd":	880384,
					"omitted":	false
				}],
			"sum":	{
				"start":	11.0007,
				"end":	12.0017,
				"seconds":	1.00106,
				"bytes":	12582912,
				"bits_per_second":	1.00557e+08,
				"retransmits":	0,
				"omitted":	false
			}
		}, {
			"streams":	[{
					"socket":	4,
					"start":	12.0017,
					"end":	13.001,
					"seconds":	0.999325,
					"bytes":	12451840,
					"bits_per_second":	9.9682e+07,
					"retransmits":	0,
					"snd_cwnd":	955680,
					"omitted":	false
				}],
			"sum":	{
				"start":	12.0017,
				"end":	13.001,
				"seconds":	0.999325,
				"bytes":	12451840,
				"bits_per_second":	9.9682e+07,
				"retransmits":	0,
				"omitted":	false
			}
		}, {
			"streams":	[{
					"socket":	4,
					"start":	13.001,
					"end":	14.0003,
					"seconds":	0.999302,
					"bytes":	12582912,
					"bits_per_second":	1.00734e+08,
					"retransmits":	17,
					"snd_cwnd":	1015048,
					"omitted":	false
				}],
			"sum":	{
				"start":	13.001,
				"end":	14.0003,
				"seconds":	0.999302,
				"bytes":	12582912,
				"bits_per_second":	1.00734e+08,
				"retransmits":	17,
				"omitted":	false
			}
		}, {
			"streams":	[{
					"socket":	4,
					"start":	14.0003,
					"end":	15.0003,
					"seconds":	0.999917,
					"bytes":	12451840,
					"bits_per_second":	9.9623e+07,
					"retransmits":	0,
					"snd_cwnd":	1022288,
					"omitted":	false
				}],
			"sum":	{
				"start":	14.0003,
				"end":	15.0003,
				"seconds":	0.999917,
				"bytes":	12451840,
				"bits_per_second":	9.9623e+07,
				"retransmits":	0,
				"omitted":	false
			}
		}, {
			"streams":	[{
					"socket":	4,
					"start":	15.0003,
					"end":	16.0021,
					"seconds":	1.00182,
					"bytes":	12451840,
					"bits_per_second":	9.94336e+07,
					"retransmits":	0,
					"snd_cwnd":	1030976,
					"omitted":	false
				}],
			"sum":	{
				"start":	15.0003,
				"end":	16.0021,
				"seconds":	1.00182,
				"bytes":	12451840,
				"bits_per_second":	9.94336e+07,
				"retransmits":	0,
				"omitted":	false
			}
		}, {
			"streams":	[{
					"socket":	4,
					"start":	16.0021,
					"end":	17.0007,
					"seconds":	0.998583,
					"bytes":	12582912,
					"bits_per_second":	1.00806e+08,
					"retransmits":	0,
					"snd_cwnd":	1039664,
					"omitted":	false
				}],
			"sum":	{
				"start":	16.0021,
				"end":	17.0007,
				"seconds":	0.998583,
				"bytes":	12582912,
				"bits_per_second":	1.00806e+08,
				"retransmits":	0,
				"omitted":	false
			}
		}, {
			"streams":	[{
					"socket":	4,
					"start":	17.0007,
					"end":	18.0005,
					"seconds":	0.999797,
					"bytes":	12451840,
					"bits_per_second":	9.9635e+07,
					"retransmits":	0,
					"snd_cwnd":	1049800,
					"omitted":	false
				}],
			"sum":	{
				"start":	17.0007,
				"end":	18.0005,
				"seconds":	0.999797,
				"bytes":	12451840,
				"bits_per_second":	9.9635e+07,
				"retransmits":	0,
				"omitted":	false
			}
		}, {
			"streams":	[{
					"socket":	4,
					"start":	18.0005,
					"end":	19.0003,
					"seconds":	0.999837,
					"bytes":	12451840,
					"bits_per_second":	9.96309e+07,
					"retransmits":	4,
					"snd_cwnd":	1055592,
					"omitted":	false
				}],
			"sum":	{
				"start":	18.0005,
				"end":	19.0003,
				"seconds":	0.999837,
				"bytes":	12451840,
				"bits_per_second":	9.96309e+07,
				"retransmits":	4,
				"omitted":	false
			}
		}, {
			"streams":	[{
					"socket":	4,
					"start":	19.0003,
					"end":	20.0008,
					"seconds":	1.00054,
					"bytes":	12582912,
					"bits_per_second":	1.00609e+08,
					"retransmits":	0,
					"snd_cwnd":	1062832,
					"omitted":	false
				}],
			"sum":	{
				"start":	19.0003,
				"end":	20.0008,
				"seconds":	1.00054,
				"bytes":	12582912,
				"bits_per_second":	1.00609e+08,
				"retransmits":	0,
				"omitted":	false
			}
		}, {
			"streams":	[{
					"socket":	4,
					"start":	20.0008,
					"end":	21.0026,
					"seconds":	1.00176,
					"bytes":	12451840,
					"bits_per_second":	9.94398e+07,
					"retransmits":	0,
					"snd_cwnd":	1068624,
					"omitted":	false
				}],
			"sum":	{
				"start":	20.0008,
				"end":	21.0026,
				"seconds":	1.00176,
				"bytes":	12451840,
				"bits_per_second":	9.94398e+07,
				"retransmits":	0,
				"omitted":	false
			}
		}, {
			"streams":	[{
					"socket":	4,
					"start":	21.0026,
					"end":	22.0001,
					"seconds":	0.997522,
					"bytes":	12451840,
					"bits_per_second":	9.98622e+07,
					"retransmits":	0,
					"snd_cwnd":	1072968,
					"omitted":	false
				}],
			"sum":	{
				"start":	21.0026,
				"end":	22.0001,
				"seconds":	0.997522,
				"bytes":	12451840,
				"bits_per_second":	9.98622e+07,
				"retransmits":	0,
				"omitted":	false
			}
		}, {
			"streams":	[{
					"socket":	4,
					"start":	22.0001,
					"end":	23.001,
					"seconds":	1.00087,
					"bytes":	12582912,
					"bits_per_second":	1.00576e+08,
					"retransmits":	0,
					"snd_cwnd":	1078760,
					"omitted":	false
				}],
			"sum":	{
				"start":	22.0001,
				"end":	23.001,
				"seconds":	1.00087,
				"bytes":	12582912,
				"bits_per_second":	1.00576e+08,
				"retransmits":	0,
				"omitted":	false
			}
		}, {
			"streams":	[{
					"socket":	4,
					"start":	23.001,
					"end":	24.0004,
					"seconds":	0.999426,
					"bytes":	12451840,
					"bits_per_second":	9.96719e+07,
					"retransmits":	0,
					"snd_cwnd":	1084552,
					"omitted":	false
				}],
			"sum":	{
				"start":	23.001,
				"end":	24.0004,
				"seconds":	0.999426,
				"bytes":	12451840,
				"bits_per_second":	9.96719e+07,
				"retransmits":	0,
				"omitted":	false
			}
		}, {
			"streams":	[{
					"socket":	4,
					"start":	24.0004,
					"end":	25.0003,
					"seconds":	0.999874,
					"bytes":	12582912,
					"bits_per_second":	1.00676e+08,
					"retransmits":	0,
					"snd_cwnd":	1090344,
					"omitted":	false
				}],
			"sum":	{
				"start":	24.0004,
				"end":	25.0003,
				"seconds":	0.999874,
				"bytes":	12582912,
				"bits_per_second":	1.00676e+08,
				"retransmits":	0,
				"omitted":	false
			}
		}, {
			"streams":	[{
					"socket":	4,
					"start":	25.0003,
					"end":	26.0003,
					"seconds":	1.00001,
					"bytes":	12451840,
					"bits_per_second":	9.9614e+07,
					"retransmits":	0,
					"snd_cwnd":	1097584,
					"omitted":	false
				}],
			"sum":	{
				"start":	25.0003,
				"end":	26.0003,
				"seconds":	1.00001,
				"bytes":	12451840,
				"bits_per_second":	9.9614e+07,
				"retransmits":	0,
				"omitted":	false
			}
		}, {
			"streams":	[{
					"socket":	4,
					"start":	26.0003,
					"end":	27.0002,
					"seconds":	0.999876,
					"bytes":	12451840,
					"bits_per_second":	9.96271e+07,
					"retransmits":	0,
					"snd_cwnd":	1104824,
					"omitted":	false
				}],
			"sum":	{
				"start":	26.0003,
				"end":	27.0002,
				"seconds":	0.999876,
				"bytes":	12451840,
				"bits_per_second":	9.96271e+07,
				"retransmits":	0,
				"omitted":	false
			}
		}, {
			"streams":	[{
					"socket":	4,
					"start":	27.0002,
					"end":	28.002,
					"seconds":	1.00181,
					"bytes":	12582912,
					"bits_per_second":	1.00481e+08,
					"retransmits":	0,
					"snd_cwnd":	1110616,
					"omitted":	false
				}],
			"sum":	{
				"start":	27.0002,
				"end":	28.002,
				"seconds":	1.00181,
				"bytes":	12582912,
				"bits_per_second":	1.00481e+08,
				"retransmits":	0,
				"omitted":	false
			}
		}, {
			"streams":	[{
					"socket":	4,
					"start":	28.002,
					"end":	29.0022,
					"seconds":	1.00024,
					"bytes":	12451840,
					"bits_per_second":	9.9591e+07,
					"retransmits":	16,
					"snd_cwnd":	1116408,
					"omitted":	false
				}],
			"sum":	{
				"start":	28.002,
				"end":	29.0022,
				"seconds":	1.00024,
				"bytes":	12451840,
				"bits_per_second":	9.9591e+07,
				"retransmits":	16,
				"omitted":	false
			}
		}, {
			"streams":	[{
					"socket":	4,
					"start":	29.0022,
					"end":	30.0003,
					"seconds":	0.998084,
					"bytes":	12451840,
					"bits_per_second":	9.98059e+07,
					"retransmits":	0,
					"snd_cwnd":	1122200,
					"omitted":	false
				}],
			"sum":	{
				"start":	29.0022,
				"end":	30.0003,
				"seconds":	0.998084,
				"bytes":	12451840,
				"bits_per_second":	9.98059e+07,
				"retransmits":	0,
				"omitted":	false
			}
		}, {
			"streams":	[{
					"socket":	4,
					"start":	30.0003,
					"end":	31.0002,
					"seconds":	0.999932,
					"bytes":	12582912,
					"bits_per_second":	1.0067e+08,
					"retransmits":	0,
					"snd_cwnd":	1127992,
					"omitted":	false
				}],
			"sum":	{
				"start":	30.0003,
				"end":	31.0002,
				"seconds":	0.999932,
				"bytes":	12582912,
				"bits_per_second":	1.0067e+08,
				"retransmits":	0,
				"omitted":	false
			}
		}, {
			"streams":	[{
					"socket":	4,
					"start":	31.0002,
					"end":	32.0013,
					"seconds":	1.00103,
					"bytes":	12451840,
					"bits_per_second":	9.95118e+07,
					"retransmits":	0,
					"snd_cwnd":	1135232,
					"omitted":	false
				}],
			"sum":	{
				"start":	31.0002,
				"end":	32.0013,
				"seconds":	1.00103,
				"bytes":	12451840,
				"bits_per_second":	9.95118e+07,
				"retransmits":	0,
				"omitted":	false
			}
		}, {
			"streams":	[{
					"socket":	4,
					"start":	32.0013,
					"end":	33.0018,
					"seconds":	1.00052,
					"bytes":	12582912,
					"bits_per_second":	1.00611e+08,
					"retransmits":	0,
					"snd_cwnd":	1143920,
					"omitted":	false
				}],
			"sum":	{
				"start":	32.0013,
				"end":	33.0018,
				"seconds":	1.00052,
				"bytes":	12582912,
				"bits_per_second":	1.00611e+08,
				"retransmits":	0,
				"omitted":	false
			}
		}, {
			"streams":	[{
					"socket":	4,
					"start":	33.0018,
					"end":	34.0003,
					"seconds":	0.998466,
					"bytes":	12451840,
					"bits_per_second":	9.97678e+07,
					"retransmits":	0,
					"snd_cwnd":	1149712,
					"omitted":	false
				}],
			"sum":	{
				"start":	33.0018,
				"end":	34.0003,
				"seconds":	0.998466,
				"bytes":	12451840,
				"bits_per_second":	9.97678e+07,
				"retransmits":	0,
				"omitted":	false
			}
		}, {
			"streams":	[{
					"socket":	4,
					"start":	34.0003,
					"end":	35.0003,
					"seconds":	1.00002,
					"bytes":	12451840,
					"bits_per_second":	9.96129e+07,
					"retransmits":	0,
					"snd_cwnd":	1156952,
					"omitted":	false
				}],
			"sum":	{
				"start":	34.0003,
				"end":	35.0003,
				"seconds":	1.00002,
				"bytes":	12451840,
				"bits_per_second":	9.96129e+07,
				"retransmits":	0,
				"omitted":	false
			}
		}, {
			"streams":	[{
					"socket":	4,
					"start":	35.0003,
					"end":	36.001,
					"seconds":	1.00071,
					"bytes":	12582912,
					"bits_per_second":	1.00592e+08,
					"retransmits":	0,
					"snd_cwnd":	1164192,
					"omitted":	false
				}],
			"sum":	{
				"start":	35.0003,
				"end":	36.001,
				"seconds":	1.00071,
				"bytes":	12582912,
				"bits_per_second":	1.00592e+08,
				"retransmits":	0,
				"omitted":	false
			}
		}, {
			"streams":	[{
					"socket":	4,
					"start":	36.001,
					"end":	37.0004,
					"seconds":	0.999403,
					"bytes":	12451840,
					"bits_per_second":	9.96742e+07,
					"retransmits":	0,
					"snd_cwnd":	1172880,
					"omitted":	false
				}],
			"sum":	{
				"start":	36.001,
				"end":	37.0004,
				"seconds":	0.999403,
				"bytes":	12451840,
				"bits_per_second":	9.96742e+07,
				"retransmits":	0,
				"omitted":	false
			}
		}, {
			"streams":	[{
					"socket":	4,
					"start":	37.0004,
					"end":	38.0033,
					"seconds":	1.0029,
					"bytes":	12582912,
					"bits_per_second":	1.00373e+08,
					"retransmits":	0,
					"snd_cwnd":	1180120,
					"omitted":	false
				}],
			"sum":	{
				"start":	37.0004,
				"end":	38.0033,
				"seconds":	1.0029,
				"bytes":	12582912,
				"bits_per_second":	1.00373e+08,
				"retransmits":	0,
				"omitted":	false
			}
		}, {
			"streams":	[{
					"socket":	4,
					"start":	38.0033,
					"end":	39.0046,
					"seconds":	1.00135,
					"bytes":	12451840,
					"bits_per_second":	9.94808e+07,
					"retransmits":	0,
					"snd_cwnd":	1184464,
					"omitted":	false
				}],
			"sum":	{
				"start":	38.0033,
				"end":	39.0046,
				"seconds":	1.00135,
				"bytes":	12451840,
				"bits_per_second":	9.94808e+07,
				"retransmits":	0,
				"omitted":	false
			}
		}, {
			"streams":	[{
					"socket":	4,
					"start":	39.0046,
					"end":	40.0007,
					"seconds":	0.996011,
					"bytes":	12451840,
					"bits_per_second":	1.00014e+08,
					"retransmits":	6,
					"snd_cwnd":	1187360,
					"omitted":	false
				}],
			"sum":	{
				"start":	39.0046,
				"end":	40.0007,
				"seconds":	0.996011,
				"bytes":	12451840,
				"bits_per_second":	1.00014e+08,
				"retransmits":	6,
				"omitted":	false
			}
		}, {
			"streams":	[{
					"socket":	4,
					"start":	40.0007,
					"end":	41.0077,
					"seconds":	1.00708,
					"bytes":	12845056,
					"bits_per_second":	1.02039e+08,
					"retransmits":	24,
					"snd_cwnd":	1188808,
					"omitted":	false
				}],
			"sum":	{
				"start":	40.0007,
				"end":	41.0077,
				"seconds":	1.00708,
				"bytes":	12845056,
				"bits_per_second":	1.02039e+08,
				"retransmits":	24,
				"omitted":	false
			}
		}, {
			"streams":	[{
					"socket":	4,
					"start":	41.0077,
					"end":	42.0048,
					"seconds":	0.997076,
					"bytes":	12189696,
					"bits_per_second":	9.78035e+07,
					"retransmits":	0,
					"snd_cwnd":	1193152,
					"omitted":	false
				}],
			"sum":	{
				"start":	41.0077,
				"end":	42.0048,
				"seconds":	0.997076,
				"bytes":	12189696,
				"bits_per_second":	9.78035e+07,
				"retransmits":	0,
				"omitted":	false
			}
		}, {
			"streams":	[{
					"socket":	4,
					"start":	42.0048,
					"end":	43.0003,
					"seconds":	0.995492,
					"bytes":	12451840,
					"bits_per_second":	1.00066e+08,
					"retransmits":	7,
					"snd_cwnd":	1197496,
					"omitted":	false
				}],
			"sum":	{
				"start":	42.0048,
				"end":	43.0003,
				"seconds":	0.995492,
				"bytes":	12451840,
				"bits_per_second":	1.00066e+08,
				"retransmits":	7,
				"omitted":	false
			}
		}, {
			"streams":	[{
					"socket":	4,
					"start":	43.0003,
					"end":	44.0236,
					"seconds":	1.02329,
					"bytes":	11927552,
					"bits_per_second":	9.32487e+07,
					"retransmits":	13,
					"snd_cwnd":	1201840,
					"omitted":	false
				}],
			"sum":	{
				"start":	43.0003,
				"end":	44.0236,
				"seconds":	1.02329,
				"bytes":	11927552,
				"bits_per_second":	9.32487e+07,
				"retransmits":	13,
				"omitted":	false
			}
		}, {
			"streams":	[{
					"socket":	4,
					"start":	44.0236,
					"end":	45.0023,
					"seconds":	0.978755,
					"bytes":	13107200,
					"bits_per_second":	1.07134e+08,
					"retransmits":	0,
					"snd_cwnd":	1209080,
					"omitted":	false
				}],
			"sum":	{
				"start":	44.0236,
				"end":	45.0023,
				"seconds":	0.978755,
				"bytes":	13107200,
				"bits_per_second":	1.07134e+08,
				"retransmits":	0,
				"omitted":	false
			}
		}, {
			"streams":	[{
					"socket":	4,
					"start":	45.0023,
					"end":	46.0008,
					"seconds":	0.998485,
					"bytes":	12582912,
					"bits_per_second":	1.00816e+08,
					"retransmits":	0,
					"snd_cwnd":	1214872,
					"omitted":	false
				}],
			"sum":	{
				"start":	45.0023,
				"end":	46.0008,
				"seconds":	0.998485,
				"bytes":	12582912,
				"bits_per_second":	1.00816e+08,
				"retransmits":	0,
				"omitted":	false
			}
		}, {
			"streams":	[{
					"socket":	4,
					"start":	46.0008,
					"end":	47.0116,
					"seconds":	1.01078,
					"bytes":	12451840,
					"bits_per_second":	9.85521e+07,
					"retransmits":	0,
					"snd_cwnd":	1219216,
					"omitted":	false
				}],
			"sum":	{
				"start":	46.0008,
				"end":	47.0116,
				"seconds":	1.01078,
				"bytes":	12451840,
				"bits_per_second":	9.85521e+07,
				"retransmits":	0,
				"omitted":	false
			}
		}, {
			"streams":	[{
					"socket":	4,
					"start":	47.0116,
					"end":	48.002,
					"seconds":	0.99042,
					"bytes":	12451840,
					"bits_per_second":	1.00578e+08,
					"retransmits":	0,
					"snd_cwnd":	1225008,
					"omitted":	false
				}],
			"sum":	{
				"start":	47.0116,
				"end":	48.002,
				"seconds":	0.99042,
				"bytes":	12451840,
				"bits_per_second":	1.00578e+08,
				"retransmits":	0,
				"omitted":	false
			}
		}, {
			"streams":	[{
					"socket":	4,
					"start":	48.002,
					"end":	49.0007,
					"seconds":	0.998708,
					"bytes":	12845056,
					"bits_per_second":	1.02893e+08,
					"retransmits":	0,
					"snd_cwnd":	1233696,
					"omitted":	false
				}],
			"sum":	{
				"start":	48.002,
				"end":	49.0007,
				"seconds":	0.998708,
				"bytes":	12845056,
				"bits_per_second":	1.02893e+08,
				"retransmits":	0,
				"omitted":	false
			}
		}, {
			"streams":	[{
					"socket":	4,
					"start":	49.0007,
					"end":	50.0105,
					"seconds":	1.00974,
					"bytes":	12189696,
					"bits_per_second":	9.65774e+07,
					"retransmits":	0,
					"snd_cwnd":	1248176,
					"omitted":	false
				}],
			"sum":	{
				"start":	49.0007,
				"end":	50.0105,
				"seconds":	1.00974,
				"bytes":	12189696,
				"bits_per_second":	9.65774e+07,
				"retransmits":	0,
				"omitted":	false
			}
		}, {
			"streams":	[{
					"socket":	4,
					"start":	50.0105,
					"end":	51.0009,
					"seconds":	0.990439,
					"bytes":	12451840,
					"bits_per_second":	1.00576e+08,
					"retransmits":	7,
					"snd_cwnd":	1277136,
					"omitted":	false
				}],
			"sum":	{
				"start":	50.0105,
				"end":	51.0009,
				"seconds":	0.990439,
				"bytes":	12451840,
				"bits_per_second":	1.00576e+08,
				"retransmits":	7,
				"omitted":	false
			}
		}, {
			"streams":	[{
					"socket":	4,
					"start":	51.0009,
					"end":	52.002,
					"seconds":	1.00106,
					"bytes":	12845056,
					"bits_per_second":	1.02651e+08,
					"retransmits":	0,
					"snd_cwnd":	1284376,
					"omitted":	false
				}],
			"sum":	{
				"start":	51.0009,
				"end":	52.002,
				"seconds":	1.00106,
				"bytes":	12845056,
				"bits_per_second":	1.02651e+08,
				"retransmits":	0,
				"omitted":	false
			}
		}, {
			"streams":	[{
					"socket":	4,
					"start":	52.002,
					"end":	53.0076,
					"seconds":	1.00563,
					"bytes":	12058624,
					"bits_per_second":	9.5929e+07,
					"retransmits":	0,
					"snd_cwnd":	1290168,
					"omitted":	false
				}],
			"sum":	{
				"start":	52.002,
				"end":	53.0076,
				"seconds":	1.00563,
				"bytes":	12058624,
				"bits_per_second":	9.5929e+07,
				"retransmits":	0,
				"omitted":	false
			}
		}, {
			"streams":	[{
					"socket":	4,
					"start":	53.0076,
					"end":	54.0022,
					"seconds":	0.994601,
					"bytes":	7471104,
					"bits_per_second":	6.00933e+07,
					"retransmits":	0,
					"snd_cwnd":	1294512,
					"omitted":	false
				}],
			"sum":	{
				"start":	53.0076,
				"end":	54.0022,
				"seconds":	0.994601,
				"bytes":	7471104,
				"bits_per_second":	6.00933e+07,
				"retransmits":	0,
				"omitted":	false
			}
		}, {
			"streams":	[{
					"socket":	4,
					"start":	54.0022,
					"end":	55.0006,
					"seconds":	0.998439,
					"bytes":	7733248,
					"bits_per_second":	6.19627e+07,
					"retransmits":	0,
					"snd_cwnd":	1313336,
					"omitted":	false
				}],
			"sum":	{
				"start":	54.0022,
				"end":	55.0006,
				"seconds":	0.998439,
				"bytes":	7733248,
				"bits_per_second":	6.19627e+07,
				"retransmits":	0,
				"omitted":	false
			}
		}],
	"end":	{
		"streams":	[{
				"sender":	{
					"socket":	4,
					"start":	0,
					"end":	55.0006,
					"seconds":	55.0006,
					"bytes":	676431376,
					"bits_per_second":	9.83889e+07,
					"retransmits":	100
				},
				"receiver":	{
					"socket":	4,
					"start":	0,
					"end":	55.0006,
					"seconds":	55.0006,
					"bytes":	672793432,
					"bits_per_second":	9.78597e+07
				}
			}],
		"sum_sent":	{
			"start":	0,
			"end":	55.0006,
			"seconds":	55.0006,
			"bytes":	676431376,
			"bits_per_second":	9.83889e+07,
			"retransmits":	100
		},
		"sum_received":	{
			"start":	0,
			"end":	55.0006,
			"seconds":	55.0006,
			"bytes":	672793432,
			"bits_per_second":	9.78597e+07
		},
		"cpu_utilization_percent":	{
			"host_total":	2.61015,
			"host_user":	0.0854285,
			"host_system":	2.52472,
			"remote_total":	5.99547,
			"remote_user":	0.421656,
			"remote_system":	5.57382
		}
	}
}
