{
	"start":	{
		"connected":	[{
				"socket":	4,
				"local_host":	"10.0.0.3",
				"local_port":	55736,
				"remote_host":	"10.0.0.14",
				"remote_port":	1082
			}],
		"version":	"iperf 3.0.7",
		"system_info":	"Linux BS3 5.4.197-0504197-generic #202206060747 SMP Mon Jun 6 09:27:47 UTC 2022 x86_64 x86_64 x86_64 GNU/Linux\n",
		"timestamp":	{
			"time":	"Mon, 25 Jul 2022 21:43:47 GMT",
			"timesecs":	1658785427
		},
		"connecting_to":	{
			"host":	"10.0.0.14",
			"port":	1082
		},
		"cookie":	"BS3.1658785427.803766.43a3b06213b1e1",
		"tcp_mss_default":	1448,
		"test_start":	{
			"protocol":	"TCP",
			"num_streams":	1,
			"blksize":	131072,
			"omit":	0,
			"duration":	19,
			"bytes":	0,
			"blocks":	0,
			"reverse":	0
		}
	},
	"intervals":	[{
			"streams":	[{
					"socket":	4,
					"start":	0,
					"end":	1.00043,
					"seconds":	1.00043,
					"bytes":	2852368,
					"bits_per_second":	2.28091e+07,
					"retransmits":	0,
					"snd_cwnd":	194032,
					"omitted":	false
				}],
			"sum":	{
				"start":	0,
				"end":	1.00043,
				"seconds":	1.00043,
				"bytes":	2852368,
				"bits_per_second":	2.28091e+07,
				"retransmits":	0,
				"omitted":	false
			}
		}, {
			"streams":	[{
					"socket":	4,
					"start":	1.00043,
					"end":	2.00131,
					"seconds":	1.00087,
					"bytes":	3145728,
					"bits_per_second":	2.51438e+07,
					"retransmits":	0,
					"snd_cwnd":	291048,
					"omitted":	false
				}],
			"sum":	{
				"start":	1.00043,
				"end":	2.00131,
				"seconds":	1.00087,
				"bytes":	3145728,
				"bits_per_second":	2.51438e+07,
				"retransmits":	0,
				"omitted":	false
			}
		}, {
			"streams":	[{
					"socket":	4,
					"start":	2.00131,
					"end":	3.00029,
					"seconds":	0.998987,
					"bytes":	3145728,
					"bits_per_second":	2.51913e+07,
					"retransmits":	0,
					"snd_cwnd":	351864,
					"omitted":	false
				}],
			"sum":	{
				"start":	2.00131,
				"end":	3.00029,
				"seconds":	0.998987,
				"bytes":	3145728,
				"bits_per_second":	2.51913e+07,
				"retransmits":	0,
				"omitted":	false
			}
		}, {
			"streams":	[{
					"socket":	4,
					"start":	3.00029,
					"end":	4.00049,
					"seconds":	1.0002,
					"bytes":	3145728,
					"bits_per_second":	2.51608e+07,
					"retransmits":	0,
					"snd_cwnd":	414128,
					"omitted":	false
				}],
			"sum":	{
				"start":	3.00029,
				"end":	4.00049,
				"seconds":	1.0002,
				"bytes":	3145728,
				"bits_per_second":	2.51608e+07,
				"retransmits":	0,
				"omitted":	false
			}
		}, {
			"streams":	[{
					"socket":	4,
					"start":	4.00049,
					"end":	5.00101,
					"seconds":	1.00051,
					"bytes":	3145728,
					"bits_per_second":	2.51529e+07,
					"retransmits":	0,
					"snd_cwnd":	414128,
					"omitted":	false
				}],
			"sum":	{
				"start":	4.00049,
				"end":	5.00101,
				"seconds":	1.00051,
				"bytes":	3145728,
				"bits_per_second":	2.51529e+07,
				"retransmits":	0,
				"omitted":	false
			}
		}, {
			"streams":	[{
					"socket":	4,
					"start":	5.00101,
					"end":	6.00062,
					"seconds":	0.999614,
					"bytes":	3014656,
					"bits_per_second":	2.41266e+07,
					"retransmits":	0,
					"snd_cwnd":	414128,
					"omitted":	false
				}],
			"sum":	{
				"start":	5.00101,
				"end":	6.00062,
				"seconds":	0.999614,
				"bytes":	3014656,
				"bits_per_second":	2.41266e+07,
				"retransmits":	0,
				"omitted":	false
			}
		}, {
			"streams":	[{
					"socket":	4,
					"start":	6.00062,
					"end":	7.00061,
					"seconds":	0.999988,
					"bytes":	3145728,
					"bits_per_second":	2.51661e+07,
					"retransmits":	0,
					"snd_cwnd":	414128,
					"omitted":	false
				}],
			"sum":	{
				"start":	6.00062,
				"end":	7.00061,
				"seconds":	0.999988,
				"bytes":	3145728,
				"bits_per_second":	2.51661e+07,
				"retransmits":	0,
				"omitted":	false
			}
		}, {
			"streams":	[{
					"socket":	4,
					"start":	7.00061,
					"end":	8.00062,
					"seconds":	1.00001,
					"bytes":	3145728,
					"bits_per_second":	2.51656e+07,
					"retransmits":	0,
					"snd_cwnd":	414128,
					"omitted":	false
				}],
			"sum":	{
				"start":	7.00061,
				"end":	8.00062,
				"seconds":	1.00001,
				"bytes":	3145728,
				"bits_per_second":	2.51656e+07,
				"retransmits":	0,
				"omitted":	false
			}
		}, {
			"streams":	[{
					"socket":	4,
					"start":	8.00062,
					"end":	9.00049,
					"seconds":	0.999876,
					"bytes":	3145728,
					"bits_per_second":	2.51689e+07,
					"retransmits":	0,
					"snd_cwnd":	414128,
					"omitted":	false
				}],
			"sum":	{
				"start":	8.00062,
				"end":	9.00049,
				"seconds":	0.999876,
				"bytes":	3145728,
				"bits_per_second":	2.51689e+07,
				"retransmits":	0,
				"omitted":	false
			}
		}, {
			"streams":	[{
					"socket":	4,
					"start":	9.00049,
					"end":	10.0005,
					"seconds":	0.999968,
					"bytes":	3145728,
					"bits_per_second":	2.51666e+07,
					"retransmits":	0,
					"snd_cwnd":	414128,
					"omitted":	false
				}],
			"sum":	{
				"start":	9.00049,
				"end":	10.0005,
				"seconds":	0.999968,
				"bytes":	3145728,
				"bits_per_second":	2.51666e+07,
				"retransmits":	0,
				"omitted":	false
			}
		}, {
			"streams":	[{
					"socket":	4,
					"start":	10.0005,
					"end":	11.0012,
					"seconds":	1.00071,
					"bytes":	3145728,
					"bits_per_second":	2.5148e+07,
					"retransmits":	0,
					"snd_cwnd":	414128,
					"omitted":	false
				}],
			"sum":	{
				"start":	10.0005,
				"end":	11.0012,
				"seconds":	1.00071,
				"bytes":	3145728,
				"bits_per_second":	2.5148e+07,
				"retransmits":	0,
				"omitted":	false
			}
		}, {
			"streams":	[{
					"socket":	4,
					"start":	11.0012,
					"end":	12.0006,
					"seconds":	0.999443,
					"bytes":	3014656,
					"bits_per_second":	2.41307e+07,
					"retransmits":	0,
					"snd_cwnd":	414128,
					"omitted":	false
				}],
			"sum":	{
				"start":	11.0012,
				"end":	12.0006,
				"seconds":	0.999443,
				"bytes":	3014656,
				"bits_per_second":	2.41307e+07,
				"retransmits":	0,
				"omitted":	false
			}
		}, {
			"streams":	[{
					"socket":	4,
					"start":	12.0006,
					"end":	13.0006,
					"seconds":	0.999953,
					"bytes":	3145728,
					"bits_per_second":	2.5167e+07,
					"retransmits":	0,
					"snd_cwnd":	414128,
					"omitted":	false
				}],
			"sum":	{
				"start":	12.0006,
				"end":	13.0006,
				"seconds":	0.999953,
				"bytes":	3145728,
				"bits_per_second":	2.5167e+07,
				"retransmits":	0,
				"omitted":	false
			}
		}, {
			"streams":	[{
					"socket":	4,
					"start":	13.0006,
					"end":	14.0014,
					"seconds":	1.00087,
					"bytes":	3145728,
					"bits_per_second":	2.51439e+07,
					"retransmits":	0,
					"snd_cwnd":	414128,
					"omitted":	false
				}],
			"sum":	{
				"start":	13.0006,
				"end":	14.0014,
				"seconds":	1.00087,
				"bytes":	3145728,
				"bits_per_second":	2.51439e+07,
				"retransmits":	0,
				"omitted":	false
			}
		}, {
			"streams":	[{
					"socket":	4,
					"start":	14.0014,
					"end":	15.0005,
					"seconds":	0.999073,
					"bytes":	3145728,
					"bits_per_second":	2.51892e+07,
					"retransmits":	0,
					"snd_cwnd":	414128,
					"omitted":	false
				}],
			"sum":	{
				"start":	14.0014,
				"end":	15.0005,
				"seconds":	0.999073,
				"bytes":	3145728,
				"bits_per_second":	2.51892e+07,
				"retransmits":	0,
				"omitted":	false
			}
		}, {
			"streams":	[{
					"socket":	4,
					"start":	15.0005,
					"end":	16.0002,
					"seconds":	0.999658,
					"bytes":	3145728,
					"bits_per_second":	2.51744e+07,
					"retransmits":	0,
					"snd_cwnd":	414128,
					"omitted":	false
				}],
			"sum":	{
				"start":	15.0005,
				"end":	16.0002,
				"seconds":	0.999658,
				"bytes":	3145728,
				"bits_per_second":	2.51744e+07,
				"retransmits":	0,
				"omitted":	false
			}
		}, {
			"streams":	[{
					"socket":	4,
					"start":	16.0002,
					"end":	17.0007,
					"seconds":	1.00057,
					"bytes":	3145728,
					"bits_per_second":	2.51516e+07,
					"retransmits":	0,
					"snd_cwnd":	414128,
					"omitted":	false
				}],
			"sum":	{
				"start":	16.0002,
				"end":	17.0007,
				"seconds":	1.00057,
				"bytes":	3145728,
				"bits_per_second":	2.51516e+07,
				"retransmits":	0,
				"omitted":	false
			}
		}, {
			"streams":	[{
					"socket":	4,
					"start":	17.0007,
					"end":	18.0001,
					"seconds":	0.999383,
					"bytes":	3145728,
					"bits_per_second":	2.51814e+07,
					"retransmits":	0,
					"snd_cwnd":	414128,
					"omitted":	false
				}],
			"sum":	{
				"start":	17.0007,
				"end":	18.0001,
				"seconds":	0.999383,
				"bytes":	3145728,
				"bits_per_second":	2.51814e+07,
				"retransmits":	0,
				"omitted":	false
			}
		}, {
			"streams":	[{
					"socket":	4,
					"start":	18.0001,
					"end":	19.0008,
					"seconds":	1.0007,
					"bytes":	3014656,
					"bits_per_second":	2.41004e+07,
					"retransmits":	0,
					"snd_cwnd":	414128,
					"omitted":	false
				}],
			"sum":	{
				"start":	18.0001,
				"end":	19.0008,
				"seconds":	1.0007,
				"bytes":	3014656,
				"bits_per_second":	2.41004e+07,
				"retransmits":	0,
				"omitted":	false
			}
		}],
	"end":	{
		"streams":	[{
				"sender":	{
					"socket":	4,
					"start":	0,
					"end":	19.0008,
					"seconds":	19.0008,
					"bytes":	59082256,
					"bits_per_second":	2.48757e+07,
					"retransmits":	0
				},
				"receiver":	{
					"socket":	4,
					"start":	0,
					"end":	19.0008,
					"seconds":	19.0008,
					"bytes":	59082256,
					"bits_per_second":	2.48757e+07
				}
			}],
		"sum_sent":	{
			"start":	0,
			"end":	19.0008,
			"seconds":	19.0008,
			"bytes":	59082256,
			"bits_per_second":	2.48757e+07,
			"retransmits":	0
		},
		"sum_received":	{
			"start":	0,
			"end":	19.0008,
			"seconds":	19.0008,
			"bytes":	59082256,
			"bits_per_second":	2.48757e+07
		},
		"cpu_utilization_percent":	{
			"host_total":	0.849333,
			"host_user":	0.0121591,
			"host_system":	0.837153,
			"remote_total":	2.30074,
			"remote_user":	0.297294,
			"remote_system":	2.00343
		}
	}
}
