{
	"start":	{
		"connected":	[{
				"socket":	4,
				"local_host":	"10.0.0.2",
				"local_port":	55844,
				"remote_host":	"10.0.0.12",
				"remote_port":	1228
			}],
		"version":	"iperf 3.0.7",
		"system_info":	"Linux BS2 5.4.197-0504197-generic #202206060747 SMP Mon Jun 6 09:27:47 UTC 2022 x86_64 x86_64 x86_64 GNU/Linux\n",
		"timestamp":	{
			"time":	"Mon, 25 Jul 2022 21:47:08 GMT",
			"timesecs":	1658785628
		},
		"connecting_to":	{
			"host":	"10.0.0.12",
			"port":	1228
		},
		"cookie":	"BS2.1658785628.740534.5cd3aeb062d8f8",
		"tcp_mss_default":	1448,
		"test_start":	{
			"protocol":	"TCP",
			"num_streams":	1,
			"blksize":	131072,
			"omit":	0,
			"duration":	18,
			"bytes":	0,
			"blocks":	0,
			"reverse":	0
		}
	},
	"intervals":	[{
			"streams":	[{
					"socket":	4,
					"start":	0,
					"end":	1.0051,
					"seconds":	1.0051,
					"bytes":	384472,
					"bits_per_second":	3.06016e+06,
					"retransmits":	0,
					"snd_cwnd":	66608,
					"omitted":	false
				}],
			"sum":	{
				"start":	0,
				"end":	1.0051,
				"seconds":	1.0051,
				"bytes":	384472,
				"bits_per_second":	3.06016e+06,
				"retransmits":	0,
				"omitted":	false
			}
		}, {
			"streams":	[{
					"socket":	4,
					"start":	1.0051,
					"end":	2.00562,
					"seconds":	1.00051,
					"bytes":	524288,
					"bits_per_second":	4.19216e+06,
					"retransmits":	2,
					"snd_cwnd":	86880,
					"omitted":	false
				}],
			"sum":	{
				"start":	1.0051,
				"end":	2.00562,
				"seconds":	1.00051,
				"bytes":	524288,
				"bits_per_second":	4.19216e+06,
				"retransmits":	2,
				"omitted":	false
			}
		}, {
			"streams":	[{
					"socket":	4,
					"start":	2.00562,
					"end":	3.06792,
					"seconds":	1.0623,
					"bytes":	655360,
					"bits_per_second":	4.93538e+06,
					"retransmits":	0,
					"snd_cwnd":	92672,
					"omitted":	false
				}],
			"sum":	{
				"start":	2.00562,
				"end":	3.06792,
				"seconds":	1.0623,
				"bytes":	655360,
				"bits_per_second":	4.93538e+06,
				"retransmits":	0,
				"omitted":	false
			}
		}, {
			"streams":	[{
					"socket":	4,
					"start":	3.06792,
					"end":	4.00038,
					"seconds":	0.93246,
					"bytes":	524288,
					"bits_per_second":	4.49811e+06,
					"retransmits":	0,
					"snd_cwnd":	95568,
					"omitted":	false
				}],
			"sum":	{
				"start":	3.06792,
				"end":	4.00038,
				"seconds":	0.93246,
				"bytes":	524288,
				"bits_per_second":	4.49811e+06,
				"retransmits":	0,
				"omitted":	false
			}
		}, {
			"streams":	[{
					"socket":	4,
					"start":	4.00038,
					"end":	5.00586,
					"seconds":	1.00548,
					"bytes":	131072,
					"bits_per_second":	1.04286e+06,
					"retransmits":	1,
					"snd_cwnd":	97016,
					"omitted":	false
				}],
			"sum":	{
				"start":	4.00038,
				"end":	5.00586,
				"seconds":	1.00548,
				"bytes":	131072,
				"bits_per_second":	1.04286e+06,
				"retransmits":	1,
				"omitted":	false
			}
		}, {
			"streams":	[{
					"socket":	4,
					"start":	5.00586,
					"end":	6.00024,
					"seconds":	0.994384,
					"bytes":	262144,
					"bits_per_second":	2.109e+06,
					"retransmits":	0,
					"snd_cwnd":	98464,
					"omitted":	false
				}],
			"sum":	{
				"start":	5.00586,
				"end":	6.00024,
				"seconds":	0.994384,
				"bytes":	262144,
				"bits_per_second":	2.109e+06,
				"retransmits":	0,
				"omitted":	false
			}
		}, {
			"streams":	[{
					"socket":	4,
					"start":	6.00024,
					"end":	7.00142,
					"seconds":	1.00118,
					"bytes":	393216,
					"bits_per_second":	3.14203e+06,
					"retransmits":	0,
					"snd_cwnd":	104256,
					"omitted":	false
				}],
			"sum":	{
				"start":	6.00024,
				"end":	7.00142,
				"seconds":	1.00118,
				"bytes":	393216,
				"bits_per_second":	3.14203e+06,
				"retransmits":	0,
				"omitted":	false
			}
		}, {
			"streams":	[{
					"socket":	4,
					"start":	7.00142,
					"end":	8.00063,
					"seconds":	0.99921,
					"bytes":	262144,
					"bits_per_second":	2.09881e+06,
					"retransmits":	0,
					"snd_cwnd":	112944,
					"omitted":	false
				}],
			"sum":	{
				"start":	7.00142,
				"end":	8.00063,
				"seconds":	0.99921,
				"bytes":	262144,
				"bits_per_second":	2.09881e+06,
				"retransmits":	0,
				"omitted":	false
			}
		}, {
			"streams":	[{
					"socket":	4,
					"start":	8.00063,
					"end":	9.00059,
					"seconds":	0.999962,
					"bytes":	393216,
					"bits_per_second":	3.14585e+06,
					"retransmits":	0,
					"snd_cwnd":	140456,
					"omitted":	false
				}],
			"sum":	{
				"start":	8.00063,
				"end":	9.00059,
				"seconds":	0.999962,
				"bytes":	393216,
				"bits_per_second":	3.14585e+06,
				"retransmits":	0,
				"omitted":	false
			}
		}, {
			"streams":	[{
					"socket":	4,
					"start":	9.00059,
					"end":	10.0007,
					"seconds":	1.00015,
					"bytes":	786432,
					"bits_per_second":	6.29054e+06,
					"retransmits":	0,
					"snd_cwnd":	179552,
					"omitted":	false
				}],
			"sum":	{
				"start":	9.00059,
				"end":	10.0007,
				"seconds":	1.00015,
				"bytes":	786432,
				"bits_per_second":	6.29054e+06,
				"retransmits":	0,
				"omitted":	false
			}
		}, {
			"streams":	[{
					"socket":	4,
					"start":	10.0007,
					"end":	11.0028,
					"seconds":	1.00208,
					"bytes":	1441792,
					"bits_per_second":	1.15104e+07,
					"retransmits":	0,
					"snd_cwnd":	243264,
					"omitted":	false
				}],
			"sum":	{
				"start":	10.0007,
				"end":	11.0028,
				"seconds":	1.00208,
				"bytes":	1441792,
				"bits_per_second":	1.15104e+07,
				"retransmits":	0,
				"omitted":	false
			}
		}, {
			"streams":	[{
					"socket":	4,
					"start":	11.0028,
					"end":	12.0011,
					"seconds":	0.998322,
					"bytes":	3014656,
					"bits_per_second":	2.41578e+07,
					"retransmits":	0,
					"snd_cwnd":	328696,
					"omitted":	false
				}],
			"sum":	{
				"start":	11.0028,
				"end":	12.0011,
				"seconds":	0.998322,
				"bytes":	3014656,
				"bits_per_second":	2.41578e+07,
				"retransmits":	0,
				"omitted":	false
			}
		}, {
			"streams":	[{
					"socket":	4,
					"start":	12.0011,
					"end":	13.0004,
					"seconds":	0.999272,
					"bytes":	3932160,
					"bits_per_second":	3.14802e+07,
					"retransmits":	0,
					"snd_cwnd":	441640,
					"omitted":	false
				}],
			"sum":	{
				"start":	12.0011,
				"end":	13.0004,
				"seconds":	0.999272,
				"bytes":	3932160,
				"bits_per_second":	3.14802e+07,
				"retransmits":	0,
				"omitted":	false
			}
		}, {
			"streams":	[{
					"socket":	4,
					"start":	13.0004,
					"end":	14.007,
					"seconds":	1.0066,
					"bytes":	6291456,
					"bits_per_second":	5.00019e+07,
					"retransmits":	0,
					"snd_cwnd":	576304,
					"omitted":	false
				}],
			"sum":	{
				"start":	13.0004,
				"end":	14.007,
				"seconds":	1.0066,
				"bytes":	6291456,
				"bits_per_second":	5.00019e+07,
				"retransmits":	0,
				"omitted":	false
			}
		}, {
			"streams":	[{
					"socket":	4,
					"start":	14.007,
					"end":	15.0004,
					"seconds":	0.993427,
					"bytes":	9175040,
					"bits_per_second":	7.3886e+07,
					"retransmits":	0,
					"snd_cwnd":	751512,
					"omitted":	false
				}],
			"sum":	{
				"start":	14.007,
				"end":	15.0004,
				"seconds":	0.993427,
				"bytes":	9175040,
				"bits_per_second":	7.3886e+07,
				"retransmits":	0,
				"omitted":	false
			}
		}, {
			"streams":	[{
					"socket":	4,
					"start":	15.0004,
					"end":	16.0004,
					"seconds":	0.999994,
					"bytes":	14548992,
					"bits_per_second":	1.16393e+08,
					"retransmits":	0,
					"snd_cwnd":	955680,
					"omitted":	false
				}],
			"sum":	{
				"start":	15.0004,
				"end":	16.0004,
				"seconds":	0.999994,
				"bytes":	14548992,
				"bits_per_second":	1.16393e+08,
				"retransmits":	0,
				"omitted":	false
			}
		}, {
			"streams":	[{
					"socket":	4,
					"start":	16.0004,
					"end":	17.0046,
					"seconds":	1.0042,
					"bytes":	14024704,
					"bits_per_second":	1.11728e+08,
					"retransmits":	0,
					"snd_cwnd":	1177224,
					"omitted":	false
				}],
			"sum":	{
				"start":	16.0004,
				"end":	17.0046,
				"seconds":	1.0042,
				"bytes":	14024704,
				"bits_per_second":	1.11728e+08,
				"retransmits":	0,
				"omitted":	false
			}
		}, {
			"streams":	[{
					"socket":	4,
					"start":	17.0046,
					"end":	18.0003,
					"seconds":	0.995653,
					"bytes":	11141120,
					"bits_per_second":	8.95181e+07,
					"retransmits":	35,
					"snd_cwnd":	1216320,
					"omitted":	false
				}],
			"sum":	{
				"start":	17.0046,
				"end":	18.0003,
				"seconds":	0.995653,
				"bytes":	11141120,
				"bits_per_second":	8.95181e+07,
				"retransmits":	35,
				"omitted":	false
			}
		}],
	"end":	{
		"streams":	[{
				"sender":	{
					"socket":	4,
					"start":	0,
					"end":	18.0003,
					"seconds":	18.0003,
					"bytes":	67886552,
					"bits_per_second":	3.01713e+07,
					"retransmits":	38
				},
				"receiver":	{
					"socket":	4,
					"start":	0,
					"end":	18.0003,
					"seconds":	18.0003,
					"bytes":	64305680,
					"bits_per_second":	2.85798e+07
				}
			}],
		"sum_sent":	{
			"start":	0,
			"end":	18.0003,
			"seconds":	18.0003,
			"bytes":	67886552,
			"bits_per_second":	3.01713e+07,
			"retransmits":	38
		},
		"sum_received":	{
			"start":	0,
			"end":	18.0003,
			"seconds":	18.0003,
			"bytes":	64305680,
			"bits_per_second":	2.85798e+07
		},
		"cpu_utilization_percent":	{
			"host_total":	1.50901,
			"host_user":	0.286244,
			"host_system":	1.22275,
			"remote_total":	3.70498,
			"remote_user":	0.223871,
			"remote_system":	3.4811
		}
	}
}
