{
	"start":	{
		"connected":	[{
				"socket":	4,
				"local_host":	"10.0.0.4",
				"local_port":	42330,
				"remote_host":	"10.0.0.14",
				"remote_port":	3566
			}],
		"version":	"iperf 3.0.7",
		"system_info":	"Linux BS4 5.4.197-0504197-generic #202206060747 SMP Mon Jun 6 09:27:47 UTC 2022 x86_64 x86_64 x86_64 GNU/Linux\n",
		"timestamp":	{
			"time":	"Mon, 25 Jul 2022 21:46:31 GMT",
			"timesecs":	1658785591
		},
		"connecting_to":	{
			"host":	"10.0.0.14",
			"port":	3566
		},
		"cookie":	"BS4.1658785591.240805.6deb402b0ac3d9",
		"test_start":	{
			"protocol":	"UDP",
			"num_streams":	1,
			"blksize":	8192,
			"omit":	0,
			"duration":	47,
			"bytes":	0,
			"blocks":	0,
			"reverse":	0
		}
	},
	"intervals":	[{
			"streams":	[{
					"socket":	4,
					"start":	0,
					"end":	1.00227,
					"seconds":	1.00227,
					"bytes":	6070272,
					"bits_per_second":	4.84522e+07,
					"packets":	741,
					"omitted":	false
				}],
			"sum":	{
				"start":	0,
				"end":	1.00227,
				"seconds":	1.00227,
				"bytes":	6070272,
				"bits_per_second":	4.84522e+07,
				"packets":	741,
				"omitted":	false
			}
		}, {
			"streams":	[{
					"socket":	4,
					"start":	1.00227,
					"end":	2.00045,
					"seconds":	0.998186,
					"bytes":	5849088,
					"bits_per_second":	4.68777e+07,
					"packets":	714,
					"omitted":	false
				}],
			"sum":	{
				"start":	1.00227,
				"end":	2.00045,
				"seconds":	0.998186,
				"bytes":	5849088,
				"bits_per_second":	4.68777e+07,
				"packets":	714,
				"omitted":	false
			}
		}, {
			"streams":	[{
					"socket":	4,
					"start":	2.00045,
					"end":	3.00055,
					"seconds":	1.00009,
					"bytes":	6258688,
					"bits_per_second":	5.0065e+07,
					"packets":	764,
					"omitted":	false
				}],
			"sum":	{
				"start":	2.00045,
				"end":	3.00055,
				"seconds":	1.00009,
				"bytes":	6258688,
				"bits_per_second":	5.0065e+07,
				"packets":	764,
				"omitted":	false
			}
		}, {
			"streams":	[{
					"socket":	4,
					"start":	3.00055,
					"end":	4.00526,
					"seconds":	1.00472,
					"bytes":	6496256,
					"bits_per_second":	5.17261e+07,
					"packets":	793,
					"omitted":	false
				}],
			"sum":	{
				"start":	3.00055,
				"end":	4.00526,
				"seconds":	1.00472,
				"bytes":	6496256,
				"bits_per_second":	5.17261e+07,
				"packets":	793,
				"omitted":	false
			}
		}, {
			"streams":	[{
					"socket":	4,
					"start":	4.00526,
					"end":	5.00774,
					"seconds":	1.00248,
					"bytes":	6144000,
					"bits_per_second":	4.90304e+07,
					"packets":	750,
					"omitted":	false
				}],
			"sum":	{
				"start":	4.00526,
				"end":	5.00774,
				"seconds":	1.00248,
				"bytes":	6144000,
				"bits_per_second":	4.90304e+07,
				"packets":	750,
				"omitted":	false
			}
		}, {
			"streams":	[{
					"socket":	4,
					"start":	5.00774,
					"end":	6.00069,
					"seconds":	0.992948,
					"bytes":	6094848,
					"bits_per_second":	4.91051e+07,
					"packets":	744,
					"omitted":	false
				}],
			"sum":	{
				"start":	5.00774,
				"end":	6.00069,
				"seconds":	0.992948,
				"bytes":	6094848,
				"bits_per_second":	4.91051e+07,
				"packets":	744,
				"omitted":	false
			}
		}, {
			"streams":	[{
					"socket":	4,
					"start":	6.00069,
					"end":	7.00061,
					"seconds":	0.999922,
					"bytes":	6225920,
					"bits_per_second":	4.98112e+07,
					"packets":	760,
					"omitted":	false
				}],
			"sum":	{
				"start":	6.00069,
				"end":	7.00061,
				"seconds":	0.999922,
				"bytes":	6225920,
				"bits_per_second":	4.98112e+07,
				"packets":	760,
				"omitted":	false
			}
		}, {
			"streams":	[{
					"socket":	4,
					"start":	7.00061,
					"end":	8.00069,
					"seconds":	1.00008,
					"bytes":	6283264,
					"bits_per_second":	5.02621e+07,
					"packets":	767,
					"omitted":	false
				}],
			"sum":	{
				"start":	7.00061,
				"end":	8.00069,
				"seconds":	1.00008,
				"bytes":	6283264,
				"bits_per_second":	5.02621e+07,
				"packets":	767,
				"omitted":	false
			}
		}, {
			"streams":	[{
					"socket":	4,
					"start":	8.00069,
					"end":	9.00025,
					"seconds":	0.999557,
					"bytes":	6430720,
					"bits_per_second":	5.14686e+07,
					"packets":	785,
					"omitted":	false
				}],
			"sum":	{
				"start":	8.00069,
				"end":	9.00025,
				"seconds":	0.999557,
				"bytes":	6430720,
				"bits_per_second":	5.14686e+07,
				"packets":	785,
				"omitted":	false
			}
		}, {
			"streams":	[{
					"socket":	4,
					"start":	9.00025,
					"end":	10.0031,
					"seconds":	1.00282,
					"bytes":	6545408,
					"bits_per_second":	5.22158e+07,
					"packets":	799,
					"omitted":	false
				}],
			"sum":	{
				"start":	9.00025,
				"end":	10.0031,
				"seconds":	1.00282,
				"bytes":	6545408,
				"bits_per_second":	5.22158e+07,
				"packets":	799,
				"omitted":	false
			}
		}, {
			"streams":	[{
					"socket":	4,
					"start":	10.0031,
					"end":	11.0003,
					"seconds":	0.997182,
					"bytes":	5742592,
					"bits_per_second":	4.60706e+07,
					"packets":	701,
					"omitted":	false
				}],
			"sum":	{
				"start":	10.0031,
				"end":	11.0003,
				"seconds":	0.997182,
				"bytes":	5742592,
				"bits_per_second":	4.60706e+07,
				"packets":	701,
				"omitted":	false
			}
		}, {
			"streams":	[{
					"socket":	4,
					"start":	11.0003,
					"end":	12.0014,
					"seconds":	1.00119,
					"bytes":	6455296,
					"bits_per_second":	5.15809e+07,
					"packets":	788,
					"omitted":	false
				}],
			"sum":	{
				"start":	11.0003,
				"end":	12.0014,
				"seconds":	1.00119,
				"bytes":	6455296,
				"bits_per_second":	5.15809e+07,
				"packets":	788,
				"omitted":	false
			}
		}, {
			"streams":	[{
					"socket":	4,
					"start":	12.0014,
					"end":	13.0006,
					"seconds":	0.999193,
					"bytes":	6332416,
					"bits_per_second":	5.07002e+07,
					"packets":	773,
					"omitted":	false
				}],
			"sum":	{
				"start":	12.0014,
				"end":	13.0006,
				"seconds":	0.999193,
				"bytes":	6332416,
				"bits_per_second":	5.07002e+07,
				"packets":	773,
				"omitted":	false
			}
		}, {
			"streams":	[{
					"socket":	4,
					"start":	13.0006,
					"end":	14.0008,
					"seconds":	1.00016,
					"bytes":	6004736,
					"bits_per_second":	4.80303e+07,
					"packets":	733,
					"omitted":	false
				}],
			"sum":	{
				"start":	13.0006,
				"end":	14.0008,
				"seconds":	1.00016,
				"bytes":	6004736,
				"bits_per_second":	4.80303e+07,
				"packets":	733,
				"omitted":	false
			}
		}, {
			"streams":	[{
					"socket":	4,
					"start":	14.0008,
					"end":	15.0016,
					"seconds":	1.00083,
					"bytes":	6356992,
					"bits_per_second":	5.08136e+07,
					"packets":	776,
					"omitted":	false
				}],
			"sum":	{
				"start":	14.0008,
				"end":	15.0016,
				"seconds":	1.00083,
				"bytes":	6356992,
				"bits_per_second":	5.08136e+07,
				"packets":	776,
				"omitted":	false
			}
		}, {
			"streams":	[{
					"socket":	4,
					"start":	15.0016,
					"end":	16.0006,
					"seconds":	0.998978,
					"bytes":	6406144,
					"bits_per_second":	5.13016e+07,
					"packets":	782,
					"omitted":	false
				}],
			"sum":	{
				"start":	15.0016,
				"end":	16.0006,
				"seconds":	0.998978,
				"bytes":	6406144,
				"bits_per_second":	5.13016e+07,
				"packets":	782,
				"omitted":	false
			}
		}, {
			"streams":	[{
					"socket":	4,
					"start":	16.0006,
					"end":	17.0003,
					"seconds":	0.999726,
					"bytes":	6062080,
					"bits_per_second":	4.85099e+07,
					"packets":	740,
					"omitted":	false
				}],
			"sum":	{
				"start":	16.0006,
				"end":	17.0003,
				"seconds":	0.999726,
				"bytes":	6062080,
				"bits_per_second":	4.85099e+07,
				"packets":	740,
				"omitted":	false
			}
		}, {
			"streams":	[{
					"socket":	4,
					"start":	17.0003,
					"end":	18.0004,
					"seconds":	1.00007,
					"bytes":	6127616,
					"bits_per_second":	4.90176e+07,
					"packets":	748,
					"omitted":	false
				}],
			"sum":	{
				"start":	17.0003,
				"end":	18.0004,
				"seconds":	1.00007,
				"bytes":	6127616,
				"bits_per_second":	4.90176e+07,
				"packets":	748,
				"omitted":	false
			}
		}, {
			"streams":	[{
					"socket":	4,
					"start":	18.0004,
					"end":	19.0148,
					"seconds":	1.01444,
					"bytes":	6668288,
					"bits_per_second":	5.25872e+07,
					"packets":	814,
					"omitted":	false
				}],
			"sum":	{
				"start":	18.0004,
				"end":	19.0148,
				"seconds":	1.01444,
				"bytes":	6668288,
				"bits_per_second":	5.25872e+07,
				"packets":	814,
				"omitted":	false
			}
		}, {
			"streams":	[{
					"socket":	4,
					"start":	19.0148,
					"end":	20.0008,
					"seconds":	0.986006,
					"bytes":	5939200,
					"bits_per_second":	4.81879e+07,
					"packets":	725,
					"omitted":	false
				}],
			"sum":	{
				"start":	19.0148,
				"end":	20.0008,
				"seconds":	0.986006,
				"bytes":	5939200,
				"bits_per_second":	4.81879e+07,
				"packets":	725,
				"omitted":	false
			}
		}, {
			"streams":	[{
					"socket":	4,
					"start":	20.0008,
					"end":	21.0009,
					"seconds":	1.00005,
					"bytes":	6266880,
					"bits_per_second":	5.01324e+07,
					"packets":	765,
					"omitted":	false
				}],
			"sum":	{
				"start":	20.0008,
				"end":	21.0009,
				"seconds":	1.00005,
				"bytes":	6266880,
				"bits_per_second":	5.01324e+07,
				"packets":	765,
				"omitted":	false
			}
		}, {
			"streams":	[{
					"socket":	4,
					"start":	21.0009,
					"end":	22.0017,
					"seconds":	1.00076,
					"bytes":	6332416,
					"bits_per_second":	5.06206e+07,
					"packets":	773,
					"omitted":	false
				}],
			"sum":	{
				"start":	21.0009,
				"end":	22.0017,
				"seconds":	1.00076,
				"bytes":	6332416,
				"bits_per_second":	5.06206e+07,
				"packets":	773,
				"omitted":	false
			}
		}, {
			"streams":	[{
					"socket":	4,
					"start":	22.0017,
					"end":	23.0017,
					"seconds":	1.00008,
					"bytes":	6397952,
					"bits_per_second":	5.11796e+07,
					"packets":	781,
					"omitted":	false
				}],
			"sum":	{
				"start":	22.0017,
				"end":	23.0017,
				"seconds":	1.00008,
				"bytes":	6397952,
				"bits_per_second":	5.11796e+07,
				"packets":	781,
				"omitted":	false
			}
		}, {
			"streams":	[{
					"socket":	4,
					"start":	23.0017,
					"end":	24.0008,
					"seconds":	0.999051,
					"bytes":	5906432,
					"bits_per_second":	4.72963e+07,
					"packets":	721,
					"omitted":	false
				}],
			"sum":	{
				"start":	23.0017,
				"end":	24.0008,
				"seconds":	0.999051,
				"bytes":	5906432,
				"bits_per_second":	4.72963e+07,
				"packets":	721,
				"omitted":	false
			}
		}, {
			"streams":	[{
					"socket":	4,
					"start":	24.0008,
					"end":	25.0036,
					"seconds":	1.00278,
					"bytes":	6373376,
					"bits_per_second":	5.08459e+07,
					"packets":	778,
					"omitted":	false
				}],
			"sum":	{
				"start":	24.0008,
				"end":	25.0036,
				"seconds":	1.00278,
				"bytes":	6373376,
				"bits_per_second":	5.08459e+07,
				"packets":	778,
				"omitted":	false
			}
		}, {
			"streams":	[{
					"socket":	4,
					"start":	25.0036,
					"end":	26.006,
					"seconds":	1.00241,
					"bytes":	6144000,
					"bits_per_second":	4.9034e+07,
					"packets":	750,
					"omitted":	false
				}],
			"sum":	{
				"start":	25.0036,
				"end":	26.006,
				"seconds":	1.00241,
				"bytes":	6144000,
				"bits_per_second":	4.9034e+07,
				"packets":	750,
				"omitted":	false
			}
		}, {
			"streams":	[{
					"socket":	4,
					"start":	26.006,
					"end":	27.0001,
					"seconds":	0.994143,
					"bytes":	6316032,
					"bits_per_second":	5.08259e+07,
					"packets":	771,
					"omitted":	false
				}],
			"sum":	{
				"start":	26.006,
				"end":	27.0001,
				"seconds":	0.994143,
				"bytes":	6316032,
				"bits_per_second":	5.08259e+07,
				"packets":	771,
				"omitted":	false
			}
		}, {
			"streams":	[{
					"socket":	4,
					"start":	27.0001,
					"end":	28.0003,
					"seconds":	1.00017,
					"bytes":	6184960,
					"bits_per_second":	4.94712e+07,
					"packets":	755,
					"omitted":	false
				}],
			"sum":	{
				"start":	27.0001,
				"end":	28.0003,
				"seconds":	1.00017,
				"bytes":	6184960,
				"bits_per_second":	4.94712e+07,
				"packets":	755,
				"omitted":	false
			}
		}, {
			"streams":	[{
					"socket":	4,
					"start":	28.0003,
					"end":	29.0041,
					"seconds":	1.00381,
					"bytes":	6291456,
					"bits_per_second":	5.01404e+07,
					"packets":	768,
					"omitted":	false
				}],
			"sum":	{
				"start":	28.0003,
				"end":	29.0041,
				"seconds":	1.00381,
				"bytes":	6291456,
				"bits_per_second":	5.01404e+07,
				"packets":	768,
				"omitted":	false
			}
		}, {
			"streams":	[{
					"socket":	4,
					"start":	29.0041,
					"end":	30.0019,
					"seconds":	0.997835,
					"bytes":	6184960,
					"bits_per_second":	4.9587e+07,
					"packets":	755,
					"omitted":	false
				}],
			"sum":	{
				"start":	29.0041,
				"end":	30.0019,
				"seconds":	0.997835,
				"bytes":	6184960,
				"bits_per_second":	4.9587e+07,
				"packets":	755,
				"omitted":	false
			}
		}, {
			"streams":	[{
					"socket":	4,
					"start":	30.0019,
					"end":	31.0174,
					"seconds":	1.01549,
					"bytes":	6455296,
					"bits_per_second":	5.08547e+07,
					"packets":	788,
					"omitted":	false
				}],
			"sum":	{
				"start":	30.0019,
				"end":	31.0174,
				"seconds":	1.01549,
				"bytes":	6455296,
				"bits_per_second":	5.08547e+07,
				"packets":	788,
				"omitted":	false
			}
		}, {
			"streams":	[{
					"socket":	4,
					"start":	31.0174,
					"end":	32.0026,
					"seconds":	0.985206,
					"bytes":	6144000,
					"bits_per_second":	4.98901e+07,
					"packets":	750,
					"omitted":	false
				}],
			"sum":	{
				"start":	31.0174,
				"end":	32.0026,
				"seconds":	0.985206,
				"bytes":	6144000,
				"bits_per_second":	4.98901e+07,
				"packets":	750,
				"omitted":	false
			}
		}, {
			"streams":	[{
					"socket":	4,
					"start":	32.0026,
					"end":	33.0013,
					"seconds":	0.998645,
					"bytes":	6144000,
					"bits_per_second":	4.92187e+07,
					"packets":	750,
					"omitted":	false
				}],
			"sum":	{
				"start":	32.0026,
				"end":	33.0013,
				"seconds":	0.998645,
				"bytes":	6144000,
				"bits_per_second":	4.92187e+07,
				"packets":	750,
				"omitted":	false
			}
		}, {
			"streams":	[{
					"socket":	4,
					"start":	33.0013,
					"end":	34.0034,
					"seconds":	1.00208,
					"bytes":	6602752,
					"bits_per_second":	5.27123e+07,
					"packets":	806,
					"omitted":	false
				}],
			"sum":	{
				"start":	33.0013,
				"end":	34.0034,
				"seconds":	1.00208,
				"bytes":	6602752,
				"bits_per_second":	5.27123e+07,
				"packets":	806,
				"omitted":	false
			}
		}, {
			"streams":	[{
					"socket":	4,
					"start":	34.0034,
					"end":	35.0054,
					"seconds":	1.00202,
					"bytes":	6266880,
					"bits_per_second":	5.00341e+07,
					"packets":	765,
					"omitted":	false
				}],
			"sum":	{
				"start":	34.0034,
				"end":	35.0054,
				"seconds":	1.00202,
				"bytes":	6266880,
				"bits_per_second":	5.00341e+07,
				"packets":	765,
				"omitted":	false
			}
		}, {
			"streams":	[{
					"socket":	4,
					"start":	35.0054,
					"end":	36.0015,
					"seconds":	0.99617,
					"bytes":	6332416,
					"bits_per_second":	5.08541e+07,
					"packets":	773,
					"omitted":	false
				}],
			"sum":	{
				"start":	35.0054,
				"end":	36.0015,
				"seconds":	0.99617,
				"bytes":	6332416,
				"bits_per_second":	5.08541e+07,
				"packets":	773,
				"omitted":	false
			}
		}, {
			"streams":	[{
					"socket":	4,
					"start":	36.0015,
					"end":	37.0009,
					"seconds":	0.999377,
					"bytes":	4612096,
					"bits_per_second":	3.69198e+07,
					"packets":	563,
					"omitted":	false
				}],
			"sum":	{
				"start":	36.0015,
				"end":	37.0009,
				"seconds":	0.999377,
				"bytes":	4612096,
				"bits_per_second":	3.69198e+07,
				"packets":	563,
				"omitted":	false
			}
		}, {
			"streams":	[{
					"socket":	4,
					"start":	37.0009,
					"end":	38.0004,
					"seconds":	0.999439,
					"bytes":	6324224,
					"bits_per_second":	5.06222e+07,
					"packets":	772,
					"omitted":	false
				}],
			"sum":	{
				"start":	37.0009,
				"end":	38.0004,
				"seconds":	0.999439,
				"bytes":	6324224,
				"bits_per_second":	5.06222e+07,
				"packets":	772,
				"omitted":	false
			}
		}, {
			"streams":	[{
					"socket":	4,
					"start":	38.0004,
					"end":	39.0009,
					"seconds":	1.00052,
					"bytes":	7020544,
					"bits_per_second":	5.61352e+07,
					"packets":	857,
					"omitted":	false
				}],
			"sum":	{
				"start":	38.0004,
				"end":	39.0009,
				"seconds":	1.00052,
				"bytes":	7020544,
				"bits_per_second":	5.61352e+07,
				"packets":	857,
				"omitted":	false
			}
		}, {
			"streams":	[{
					"socket":	4,
					"start":	39.0009,
					"end":	40.01,
					"seconds":	1.00916,
					"bytes":	6619136,
					"bits_per_second":	5.24726e+07,
					"packets":	808,
					"omitted":	false
				}],
			"sum":	{
				"start":	39.0009,
				"end":	40.01,
				"seconds":	1.00916,
				"bytes":	6619136,
				"bits_per_second":	5.24726e+07,
				"packets":	808,
				"omitted":	false
			}
		}, {
			"streams":	[{
					"socket":	4,
					"start":	40.01,
					"end":	41.0036,
					"seconds":	0.99356,
					"bytes":	5701632,
					"bits_per_second":	4.59087e+07,
					"packets":	696,
					"omitted":	false
				}],
			"sum":	{
				"start":	40.01,
				"end":	41.0036,
				"seconds":	0.99356,
				"bytes":	5701632,
				"bits_per_second":	4.59087e+07,
				"packets":	696,
				"omitted":	false
			}
		}, {
			"streams":	[{
					"socket":	4,
					"start":	41.0036,
					"end":	42.0014,
					"seconds":	0.997788,
					"bytes":	7077888,
					"bits_per_second":	5.67486e+07,
					"packets":	864,
					"omitted":	false
				}],
			"sum":	{
				"start":	41.0036,
				"end":	42.0014,
				"seconds":	0.997788,
				"bytes":	7077888,
				"bits_per_second":	5.67486e+07,
				"packets":	864,
				"omitted":	false
			}
		}, {
			"streams":	[{
					"socket":	4,
					"start":	42.0014,
					"end":	43.0068,
					"seconds":	1.00537,
					"bytes":	5595136,
					"bits_per_second":	4.45222e+07,
					"packets":	683,
					"omitted":	false
				}],
			"sum":	{
				"start":	42.0014,
				"end":	43.0068,
				"seconds":	1.00537,
				"bytes":	5595136,
				"bits_per_second":	4.45222e+07,
				"packets":	683,
				"omitted":	false
			}
		}, {
			"streams":	[{
					"socket":	4,
					"start":	43.0068,
					"end":	44,
					"seconds":	0.993291,
					"bytes":	6340608,
					"bits_per_second":	5.10675e+07,
					"packets":	774,
					"omitted":	false
				}],
			"sum":	{
				"start":	43.0068,
				"end":	44,
				"seconds":	0.993291,
				"bytes":	6340608,
				"bits_per_second":	5.10675e+07,
				"packets":	774,
				"omitted":	false
			}
		}, {
			"streams":	[{
					"socket":	4,
					"start":	44,
					"end":	45.0356,
					"seconds":	1.03553,
					"bytes":	6692864,
					"bits_per_second":	5.17057e+07,
					"packets":	817,
					"omitted":	false
				}],
			"sum":	{
				"start":	44,
				"end":	45.0356,
				"seconds":	1.03553,
				"bytes":	6692864,
				"bits_per_second":	5.17057e+07,
				"packets":	817,
				"omitted":	false
			}
		}, {
			"streams":	[{
					"socket":	4,
					"start":	45.0356,
					"end":	46.0102,
					"seconds":	0.974606,
					"bytes":	6021120,
					"bits_per_second":	4.9424e+07,
					"packets":	735,
					"omitted":	false
				}],
			"sum":	{
				"start":	45.0356,
				"end":	46.0102,
				"seconds":	0.974606,
				"bytes":	6021120,
				"bits_per_second":	4.9424e+07,
				"packets":	735,
				"omitted":	false
			}
		}, {
			"streams":	[{
					"socket":	4,
					"start":	46.0102,
					"end":	47.0014,
					"seconds":	0.99118,
					"bytes":	6520832,
					"bits_per_second":	5.26309e+07,
					"packets":	796,
					"omitted":	false
				}],
			"sum":	{
				"start":	46.0102,
				"end":	47.0014,
				"seconds":	0.99118,
				"bytes":	6520832,
				"bits_per_second":	5.26309e+07,
				"packets":	796,
				"omitted":	false
			}
		}],
	"end":	{
		"streams":	[{
				"udp":	{
					"socket":	4,
					"start":	0,
					"end":	47.0014,
					"seconds":	47.0014,
					"bytes":	293363712,
					"bits_per_second":	4.99328e+07,
					"jitter_ms":	1.49835,
					"lost_packets":	6677,
					"packets":	35811,
					"lost_percent":	18.6451
				}
			}],
		"sum":	{
			"start":	0,
			"end":	47.0014,
			"seconds":	47.0014,
			"bytes":	293363712,
			"bits_per_second":	4.99328e+07,
			"jitter_ms":	1.49835,
			"lost_packets":	6677,
			"packets":	35811,
			"lost_percent":	18.6451
		},
		"cpu_utilization_percent":	{
			"host_total":	14.984,
			"host_user":	0.582899,
			"host_system":	14.4011,
			"remote_total":	8.69068,
			"remote_user":	2.39399,
			"remote_system":	6.29669
		}
	}
}
