{
	"start":	{
		"connected":	[{
				"socket":	4,
				"local_host":	"10.0.0.6",
				"local_port":	34364,
				"remote_host":	"10.0.0.19",
				"remote_port":	3043
			}],
		"version":	"iperf 3.0.7",
		"system_info":	"Linux BS6 5.4.197-0504197-generic #202206060747 SMP Mon Jun 6 09:27:47 UTC 2022 x86_64 x86_64 x86_64 GNU/Linux\n",
		"timestamp":	{
			"time":	"Mon, 25 Jul 2022 21:44:37 GMT",
			"timesecs":	1658785477
		},
		"connecting_to":	{
			"host":	"10.0.0.19",
			"port":	3043
		},
		"cookie":	"BS6.1658785477.126007.783d01402483ac",
		"test_start":	{
			"protocol":	"UDP",
			"num_streams":	1,
			"blksize":	8192,
			"omit":	0,
			"duration":	8,
			"bytes":	0,
			"blocks":	0,
			"reverse":	0
		}
	},
	"intervals":	[{
			"streams":	[{
					"socket":	4,
					"start":	0,
					"end":	1.00067,
					"seconds":	1.00067,
					"bytes":	2850816,
					"bits_per_second":	2.27913e+07,
					"packets":	348,
					"omitted":	false
				}],
			"sum":	{
				"start":	0,
				"end":	1.00067,
				"seconds":	1.00067,
				"bytes":	2850816,
				"bits_per_second":	2.27913e+07,
				"packets":	348,
				"omitted":	false
			}
		}, {
			"streams":	[{
					"socket":	4,
					"start":	1.00067,
					"end":	2.00185,
					"seconds":	1.00118,
					"bytes":	3096576,
					"bits_per_second":	2.47434e+07,
					"packets":	378,
					"omitted":	false
				}],
			"sum":	{
				"start":	1.00067,
				"end":	2.00185,
				"seconds":	1.00118,
				"bytes":	3096576,
				"bits_per_second":	2.47434e+07,
				"packets":	378,
				"omitted":	false
			}
		}, {
			"streams":	[{
					"socket":	4,
					"start":	2.00185,
					"end":	3.00018,
					"seconds":	0.998331,
					"bytes":	3121152,
					"bits_per_second":	2.5011e+07,
					"packets":	381,
					"omitted":	false
				}],
			"sum":	{
				"start":	2.00185,
				"end":	3.00018,
				"seconds":	0.998331,
				"bytes":	3121152,
				"bits_per_second":	2.5011e+07,
				"packets":	381,
				"omitted":	false
			}
		}, {
			"streams":	[{
					"socket":	4,
					"start":	3.00018,
					"end":	4.00024,
					"seconds":	1.00006,
					"bytes":	3211264,
					"bits_per_second":	2.56886e+07,
					"packets":	392,
					"omitted":	false
				}],
			"sum":	{
				"start":	3.00018,
				"end":	4.00024,
				"seconds":	1.00006,
				"bytes":	3211264,
				"bits_per_second":	2.56886e+07,
				"packets":	392,
				"omitted":	false
			}
		}, {
			"streams":	[{
					"socket":	4,
					"start":	4.00024,
					"end":	5.00402,
					"seconds":	1.00378,
					"bytes":	3039232,
					"bits_per_second":	2.42223e+07,
					"packets":	371,
					"omitted":	false
				}],
			"sum":	{
				"start":	4.00024,
				"end":	5.00402,
				"seconds":	1.00378,
				"bytes":	3039232,
				"bits_per_second":	2.42223e+07,
				"packets":	371,
				"omitted":	false
			}
		}, {
			"streams":	[{
					"socket":	4,
					"start":	5.00402,
					"end":	6.00092,
					"seconds":	0.996899,
					"bytes":	3129344,
					"bits_per_second":	2.51126e+07,
					"packets":	382,
					"omitted":	false
				}],
			"sum":	{
				"start":	5.00402,
				"end":	6.00092,
				"seconds":	0.996899,
				"bytes":	3129344,
				"bits_per_second":	2.51126e+07,
				"packets":	382,
				"omitted":	false
			}
		}, {
			"streams":	[{
					"socket":	4,
					"start":	6.00092,
					"end":	7.00028,
					"seconds":	0.999358,
					"bytes":	3121152,
					"bits_per_second":	2.49853e+07,
					"packets":	381,
					"omitted":	false
				}],
			"sum":	{
				"start":	6.00092,
				"end":	7.00028,
				"seconds":	0.999358,
				"bytes":	3121152,
				"bits_per_second":	2.49853e+07,
				"packets":	381,
				"omitted":	false
			}
		}, {
			"streams":	[{
					"socket":	4,
					"start":	7.00028,
					"end":	8.0033,
					"seconds":	1.00302,
					"bytes":	3129344,
					"bits_per_second":	2.49594e+07,
					"packets":	382,
					"omitted":	false
				}],
			"sum":	{
				"start":	7.00028,
				"end":	8.0033,
				"seconds":	1.00302,
				"bytes":	3129344,
				"bits_per_second":	2.49594e+07,
				"packets":	382,
				"omitted":	false
			}
		}],
	"end":	{
		"streams":	[{
				"udp":	{
					"socket":	4,
					"start":	0,
					"end":	8.0033,
					"seconds":	8.0033,
					"bytes":	24698880,
					"bits_per_second":	2.46887e+07,
					"jitter_ms":	0.836784,
					"lost_packets":	1,
					"packets":	3015,
					"lost_percent":	0.0331675
				}
			}],
		"sum":	{
			"start":	0,
			"end":	8.0033,
			"seconds":	8.0033,
			"bytes":	24698880,
			"bits_per_second":	2.46887e+07,
			"jitter_ms":	0.836784,
			"lost_packets":	1,
			"packets":	3015,
			"lost_percent":	0.0331675
		},
		"cpu_utilization_percent":	{
			"host_total":	2.87096,
			"host_user":	0.299894,
			"host_system":	2.57105,
			"remote_total":	2.6784,
			"remote_user":	0.211966,
			"remote_system":	2.46642
		}
	}
}
