{
	"start":	{
		"connected":	[{
				"socket":	5,
				"local_host":	"10.0.0.3",
				"local_port":	39694,
				"remote_host":	"10.0.0.12",
				"remote_port":	1888
			}],
		"version":	"iperf 3.7",
		"system_info":	"Linux H3 5.4.197-0504197-generic #202206060747 SMP Mon Jun 6 09:27:47 UTC 2022 x86_64",
		"timestamp":	{
			"time":	"Mon, 01 Aug 2022 00:26:46 GMT",
			"timesecs":	1659313606
		},
		"connecting_to":	{
			"host":	"10.0.0.12",
			"port":	1888
		},
		"cookie":	"dtxnacly4nrgd2y2uhloifvn34mxctxdrzrx",
		"tcp_mss_default":	1448,
		"target_bitrate":	15000000,
		"sock_bufsize":	0,
		"sndbuf_actual":	87380,
		"rcvbuf_actual":	87380,
		"test_start":	{
			"protocol":	"TCP",
			"num_streams":	1,
			"blksize":	131072,
			"omit":	0,
			"duration":	5,
			"bytes":	0,
			"blocks":	0,
			"reverse":	0,
			"tos":	0
		}
	},
	"intervals":	[{
			"streams":	[{
					"socket":	5,
					"start":	0,
					"end":	1.000759,
					"seconds":	1.0007590055465698,
					"bytes":	1966080,
					"bits_per_second":	15716710.92923088,
					"retransmits":	0,
					"snd_cwnd":	85432,
					"rtt":	3938,
					"rttvar":	1053,
					"pmtu":	1500,
					"omitted":	false,
					"sender":	true
				}],
			"sum":	{
				"start":	0,
				"end":	1.000759,
				"seconds":	1.0007590055465698,
				"bytes":	1966080,
				"bits_per_second":	15716710.92923088,
				"retransmits":	0,
				"omitted":	false,
				"sender":	true
			}
		}, {
			"streams":	[{
					"socket":	5,
					"start":	1.000759,
					"end":	2.000421,
					"seconds":	0.99966198205947876,
					"bytes":	1835008,
					"bits_per_second":	14685027.802854419,
					"retransmits":	0,
					"snd_cwnd":	99912,
					"rtt":	4541,
					"rttvar":	1708,
					"pmtu":	1500,
					"omitted":	false,
					"sender":	true
				}],
			"sum":	{
				"start":	1.000759,
				"end":	2.000421,
				"seconds":	0.99966198205947876,
				"bytes":	1835008,
				"bits_per_second":	14685027.802854419,
				"retransmits":	0,
				"omitted":	false,
				"sender":	true
			}
		}, {
			"streams":	[{
					"socket":	5,
					"start":	2.000421,
					"end":	3.000355,
					"seconds":	0.99993401765823364,
					"bytes":	1835008,
					"bits_per_second":	14681032.688916363,
					"retransmits":	0,
					"snd_cwnd":	105704,
					"rtt":	5024,
					"rttvar":	2217,
					"pmtu":	1500,
					"omitted":	false,
					"sender":	true
				}],
			"sum":	{
				"start":	2.000421,
				"end":	3.000355,
				"seconds":	0.99993401765823364,
				"bytes":	1835008,
				"bits_per_second":	14681032.688916363,
				"retransmits":	0,
				"omitted":	false,
				"sender":	true
			}
		}, {
			"streams":	[{
					"socket":	5,
					"start":	3.000355,
					"end":	4.000322,
					"seconds":	0.99996697902679443,
					"bytes":	1966080,
					"bits_per_second":	15729159.392150834,
					"retransmits":	0,
					"snd_cwnd":	105704,
					"rtt":	4375,
					"rttvar":	1769,
					"pmtu":	1500,
					"omitted":	false,
					"sender":	true
				}],
			"sum":	{
				"start":	3.000355,
				"end":	4.000322,
				"seconds":	0.99996697902679443,
				"bytes":	1966080,
				"bits_per_second":	15729159.392150834,
				"retransmits":	0,
				"omitted":	false,
				"sender":	true
			}
		}, {
			"streams":	[{
					"socket":	5,
					"start":	4.000322,
					"end":	5.000882,
					"seconds":	1.0005600452423096,
					"bytes":	1835008,
					"bits_per_second":	14671847.101834724,
					"retransmits":	0,
					"snd_cwnd":	105704,
					"rtt":	4836,
					"rttvar":	2276,
					"pmtu":	1500,
					"omitted":	false,
					"sender":	true
				}],
			"sum":	{
				"start":	4.000322,
				"end":	5.000882,
				"seconds":	1.0005600452423096,
				"bytes":	1835008,
				"bits_per_second":	14671847.101834724,
				"retransmits":	0,
				"omitted":	false,
				"sender":	true
			}
		}],
	"end":	{
		"streams":	[{
				"sender":	{
					"socket":	5,
					"start":	0,
					"end":	5.000882,
					"seconds":	5.000882,
					"bytes":	9437184,
					"bits_per_second":	15096831.318955338,
					"retransmits":	0,
					"max_snd_cwnd":	105704,
					"max_rtt":	5024,
					"min_rtt":	3938,
					"mean_rtt":	4542,
					"sender":	true
				},
				"receiver":	{
					"socket":	5,
					"start":	0,
					"end":	5.001272,
					"seconds":	5.000882,
					"bytes":	9437184,
					"bits_per_second":	15095654.065605709,
					"sender":	true
				}
			}],
		"sum_sent":	{
			"start":	0,
			"end":	5.000882,
			"seconds":	5.000882,
			"bytes":	9437184,
			"bits_per_second":	15096831.318955338,
			"retransmits":	0,
			"sender":	true
		},
		"sum_received":	{
			"start":	0,
			"end":	5.001272,
			"seconds":	5.001272,
			"bytes":	9437184,
			"bits_per_second":	15095654.065605709,
			"sender":	true
		},
		"cpu_utilization_percent":	{
			"host_total":	6.0138241710144085,
			"host_user":	1.6802653313494107,
			"host_system":	4.3336187970353084,
			"remote_total":	2.1146485732432652,
			"remote_user":	1.0327506634279635,
			"remote_system":	1.0819777266994062
		},
		"sender_tcp_congestion":	"cubic",
		"receiver_tcp_congestion":	"cubic"
	}
}
