{
	"start":	{
		"connected":	[{
				"socket":	4,
				"local_host":	"10.0.0.2",
				"local_port":	46786,
				"remote_host":	"10.0.0.10",
				"remote_port":	2781
			}],
		"version":	"iperf 3.0.7",
		"system_info":	"Linux BS2 5.4.197-0504197-generic #202206060747 SMP Mon Jun 6 09:27:47 UTC 2022 x86_64 x86_64 x86_64 GNU/Linux\n",
		"timestamp":	{
			"time":	"Mon, 25 Jul 2022 21:51:20 GMT",
			"timesecs":	1658785880
		},
		"connecting_to":	{
			"host":	"10.0.0.10",
			"port":	2781
		},
		"cookie":	"BS2.1658785880.364543.56a6d19b2b0f3e",
		"tcp_mss_default":	1448,
		"test_start":	{
			"protocol":	"TCP",
			"num_streams":	1,
			"blksize":	131072,
			"omit":	0,
			"duration":	47,
			"bytes":	0,
			"blocks":	0,
			"reverse":	0
		}
	},
	"intervals":	[{
			"streams":	[{
					"socket":	4,
					"start":	0,
					"end":	1.00045,
					"seconds":	1.00045,
					"bytes":	3245584,
					"bits_per_second":	2.5953e+07,
					"retransmits":	64,
					"snd_cwnd":	95568,
					"omitted":	false
				}],
			"sum":	{
				"start":	0,
				"end":	1.00045,
				"seconds":	1.00045,
				"bytes":	3245584,
				"bits_per_second":	2.5953e+07,
				"retransmits":	64,
				"omitted":	false
			}
		}, {
			"streams":	[{
					"socket":	4,
					"start":	1.00045,
					"end":	2.0075,
					"seconds":	1.00706,
					"bytes":	917504,
					"bits_per_second":	7.28861e+06,
					"retransmits":	35,
					"snd_cwnd":	44888,
					"omitted":	false
				}],
			"sum":	{
				"start":	1.00045,
				"end":	2.0075,
				"seconds":	1.00706,
				"bytes":	917504,
				"bits_per_second":	7.28861e+06,
				"retransmits":	35,
				"omitted":	false
			}
		}, {
			"streams":	[{
					"socket":	4,
					"start":	2.0075,
					"end":	3.00035,
					"seconds":	0.992848,
					"bytes":	1572864,
					"bits_per_second":	1.26736e+07,
					"retransmits":	14,
					"snd_cwnd":	50680,
					"omitted":	false
				}],
			"sum":	{
				"start":	2.0075,
				"end":	3.00035,
				"seconds":	0.992848,
				"bytes":	1572864,
				"bits_per_second":	1.26736e+07,
				"retransmits":	14,
				"omitted":	false
			}
		}, {
			"streams":	[{
					"socket":	4,
					"start":	3.00035,
					"end":	4.00019,
					"seconds":	0.999833,
					"bytes":	5242880,
					"bits_per_second":	4.195e+07,
					"retransmits":	0,
					"snd_cwnd":	104256,
					"omitted":	false
				}],
			"sum":	{
				"start":	3.00035,
				"end":	4.00019,
				"seconds":	0.999833,
				"bytes":	5242880,
				"bits_per_second":	4.195e+07,
				"retransmits":	0,
				"omitted":	false
			}
		}, {
			"streams":	[{
					"socket":	4,
					"start":	4.00019,
					"end":	5.00022,
					"seconds":	1.00003,
					"bytes":	8388608,
					"bits_per_second":	6.71068e+07,
					"retransmits":	0,
					"snd_cwnd":	153488,
					"omitted":	false
				}],
			"sum":	{
				"start":	4.00019,
				"end":	5.00022,
				"seconds":	1.00003,
				"bytes":	8388608,
				"bits_per_second":	6.71068e+07,
				"retransmits":	0,
				"omitted":	false
			}
		}, {
			"streams":	[{
					"socket":	4,
					"start":	5.00022,
					"end":	6.00013,
					"seconds":	0.999919,
					"bytes":	12713984,
					"bits_per_second":	1.0172e+08,
					"retransmits":	0,
					"snd_cwnd":	208512,
					"omitted":	false
				}],
			"sum":	{
				"start":	5.00022,
				"end":	6.00013,
				"seconds":	0.999919,
				"bytes":	12713984,
				"bits_per_second":	1.0172e+08,
				"retransmits":	0,
				"omitted":	false
			}
		}, {
			"streams":	[{
					"socket":	4,
					"start":	6.00013,
					"end":	7.00026,
					"seconds":	1.00013,
					"bytes":	15466496,
					"bits_per_second":	1.23716e+08,
					"retransmits":	0,
					"snd_cwnd":	257744,
					"omitted":	false
				}],
			"sum":	{
				"start":	6.00013,
				"end":	7.00026,
				"seconds":	1.00013,
				"bytes":	15466496,
				"bits_per_second":	1.23716e+08,
				"retransmits":	0,
				"omitted":	false
			}
		}, {
			"streams":	[{
					"socket":	4,
					"start":	7.00026,
					"end":	8.00037,
					"seconds":	1.00011,
					"bytes":	18350080,
					"bits_per_second":	1.46785e+08,
					"retransmits":	5,
					"snd_cwnd":	306976,
					"omitted":	false
				}],
			"sum":	{
				"start":	7.00026,
				"end":	8.00037,
				"seconds":	1.00011,
				"bytes":	18350080,
				"bits_per_second":	1.46785e+08,
				"retransmits":	5,
				"omitted":	false
			}
		}, {
			"streams":	[{
					"socket":	4,
					"start":	8.00037,
					"end":	9.00041,
					"seconds":	1.00004,
					"bytes":	20971520,
					"bits_per_second":	1.67765e+08,
					"retransmits":	0,
					"snd_cwnd":	354760,
					"omitted":	false
				}],
			"sum":	{
				"start":	8.00037,
				"end":	9.00041,
				"seconds":	1.00004,
				"bytes":	20971520,
				"bits_per_second":	1.67765e+08,
				"retransmits":	0,
				"omitted":	false
			}
		}, {
			"streams":	[{
					"socket":	4,
					"start":	9.00041,
					"end":	10.0004,
					"seconds":	0.999947,
					"bytes":	17432576,
					"bits_per_second":	1.39468e+08,
					"retransmits":	20,
					"snd_cwnd":	388064,
					"omitted":	false
				}],
			"sum":	{
				"start":	9.00041,
				"end":	10.0004,
				"seconds":	0.999947,
				"bytes":	17432576,
				"bits_per_second":	1.39468e+08,
				"retransmits":	20,
				"omitted":	false
			}
		}, {
			"streams":	[{
					"socket":	4,
					"start":	10.0004,
					"end":	11.0013,
					"seconds":	1.00093,
					"bytes":	17170432,
					"bits_per_second":	1.37236e+08,
					"retransmits":	0,
					"snd_cwnd":	421368,
					"omitted":	false
				}],
			"sum":	{
				"start":	10.0004,
				"end":	11.0013,
				"seconds":	1.00093,
				"bytes":	17170432,
				"bits_per_second":	1.37236e+08,
				"retransmits":	0,
				"omitted":	false
			}
		}, {
			"streams":	[{
					"socket":	4,
					"start":	11.0013,
					"end":	12.0002,
					"seconds":	0.998874,
					"bytes":	18481152,
					"bits_per_second":	1.48016e+08,
					"retransmits":	0,
					"snd_cwnd":	453224,
					"omitted":	false
				}],
			"sum":	{
				"start":	11.0013,
				"end":	12.0002,
				"seconds":	0.998874,
				"bytes":	18481152,
				"bits_per_second":	1.48016e+08,
				"retransmits":	0,
				"omitted":	false
			}
		}, {
			"streams":	[{
					"socket":	4,
					"start":	12.0002,
					"end":	13.0002,
					"seconds":	1.00002,
					"bytes":	16908288,
					"bits_per_second":	1.35264e+08,
					"retransmits":	0,
					"snd_cwnd":	480736,
					"omitted":	false
				}],
			"sum":	{
				"start":	12.0002,
				"end":	13.0002,
				"seconds":	1.00002,
				"bytes":	16908288,
				"bits_per_second":	1.35264e+08,
				"retransmits":	0,
				"omitted":	false
			}
		}, {
			"streams":	[{
					"socket":	4,
					"start":	13.0002,
					"end":	14.0002,
					"seconds":	1.00004,
					"bytes":	16908288,
					"bits_per_second":	1.3526e+08,
					"retransmits":	0,
					"snd_cwnd":	511144,
					"omitted":	false
				}],
			"sum":	{
				"start":	13.0002,
				"end":	14.0002,
				"seconds":	1.00004,
				"bytes":	16908288,
				"bits_per_second":	1.3526e+08,
				"retransmits":	0,
				"omitted":	false
			}
		}, {
			"streams":	[{
					"socket":	4,
					"start":	14.0002,
					"end":	15.0005,
					"seconds":	1.00026,
					"bytes":	12582912,
					"bits_per_second":	1.00638e+08,
					"retransmits":	0,
					"snd_cwnd":	527072,
					"omitted":	false
				}],
			"sum":	{
				"start":	14.0002,
				"end":	15.0005,
				"seconds":	1.00026,
				"bytes":	12582912,
				"bits_per_second":	1.00638e+08,
				"retransmits":	0,
				"omitted":	false
			}
		}, {
			"streams":	[{
					"socket":	4,
					"start":	15.0005,
					"end":	16.0009,
					"seconds":	1.00044,
					"bytes":	8257536,
					"bits_per_second":	6.60316e+07,
					"retransmits":	0,
					"snd_cwnd":	537208,
					"omitted":	false
				}],
			"sum":	{
				"start":	15.0005,
				"end":	16.0009,
				"seconds":	1.00044,
				"bytes":	8257536,
				"bits_per_second":	6.60316e+07,
				"retransmits":	0,
				"omitted":	false
			}
		}, {
			"streams":	[{
					"socket":	4,
					"start":	16.0009,
					"end":	17.0003,
					"seconds":	0.999361,
					"bytes":	5111808,
					"bits_per_second":	4.09206e+07,
					"retransmits":	0,
					"snd_cwnd":	583544,
					"omitted":	false
				}],
			"sum":	{
				"start":	16.0009,
				"end":	17.0003,
				"seconds":	0.999361,
				"bytes":	5111808,
				"bits_per_second":	4.09206e+07,
				"retransmits":	0,
				"omitted":	false
			}
		}, {
			"streams":	[{
					"socket":	4,
					"start":	17.0003,
					"end":	18.0004,
					"seconds":	1.00011,
					"bytes":	4718592,
					"bits_per_second":	3.77447e+07,
					"retransmits":	0,
					"snd_cwnd":	677664,
					"omitted":	false
				}],
			"sum":	{
				"start":	17.0003,
				"end":	18.0004,
				"seconds":	1.00011,
				"bytes":	4718592,
				"bits_per_second":	3.77447e+07,
				"retransmits":	0,
				"omitted":	false
			}
		}, {
			"streams":	[{
					"socket":	4,
					"start":	18.0004,
					"end":	19.0006,
					"seconds":	1.00025,
					"bytes":	3932160,
					"bits_per_second":	3.14495e+07,
					"retransmits":	0,
					"snd_cwnd":	792056,
					"omitted":	false
				}],
			"sum":	{
				"start":	18.0004,
				"end":	19.0006,
				"seconds":	1.00025,
				"bytes":	3932160,
				"bits_per_second":	3.14495e+07,
				"retransmits":	0,
				"omitted":	false
			}
		}, {
			"streams":	[{
					"socket":	4,
					"start":	19.0006,
					"end":	20.0003,
					"seconds":	0.999702,
					"bytes":	4587520,
					"bits_per_second":	3.67111e+07,
					"retransmits":	0,
					"snd_cwnd":	962920,
					"omitted":	false
				}],
			"sum":	{
				"start":	19.0006,
				"end":	20.0003,
				"seconds":	0.999702,
				"bytes":	4587520,
				"bits_per_second":	3.67111e+07,
				"retransmits":	0,
				"omitted":	false
			}
		}, {
			"streams":	[{
					"socket":	4,
					"start":	20.0003,
					"end":	21.0006,
					"seconds":	1.00031,
					"bytes":	5373952,
					"bits_per_second":	4.29782e+07,
					"retransmits":	0,
					"snd_cwnd":	1142472,
					"omitted":	false
				}],
			"sum":	{
				"start":	20.0003,
				"end":	21.0006,
				"seconds":	1.00031,
				"bytes":	5373952,
				"bits_per_second":	4.29782e+07,
				"retransmits":	0,
				"omitted":	false
			}
		}, {
			"streams":	[{
					"socket":	4,
					"start":	21.0006,
					"end":	22.0042,
					"seconds":	1.00357,
					"bytes":	5898240,
					"bits_per_second":	4.70181e+07,
					"retransmits":	0,
					"snd_cwnd":	1366912,
					"omitted":	false
				}],
			"sum":	{
				"start":	21.0006,
				"end":	22.0042,
				"seconds":	1.00357,
				"bytes":	5898240,
				"bits_per_second":	4.70181e+07,
				"retransmits":	0,
				"omitted":	false
			}
		}, {
			"streams":	[{
					"socket":	4,
					"start":	22.0042,
					"end":	23.0075,
					"seconds":	1.00329,
					"bytes":	6291456,
					"bits_per_second":	5.01664e+07,
					"retransmits":	0,
					"snd_cwnd":	1644928,
					"omitted":	false
				}],
			"sum":	{
				"start":	22.0042,
				"end":	23.0075,
				"seconds":	1.00329,
				"bytes":	6291456,
				"bits_per_second":	5.01664e+07,
				"retransmits":	0,
				"omitted":	false
			}
		}, {
			"streams":	[{
					"socket":	4,
					"start":	23.0075,
					"end":	24.0028,
					"seconds":	0.995267,
					"bytes":	7864320,
					"bits_per_second":	6.32138e+07,
					"retransmits":	0,
					"snd_cwnd":	1969280,
					"omitted":	false
				}],
			"sum":	{
				"start":	23.0075,
				"end":	24.0028,
				"seconds":	0.995267,
				"bytes":	7864320,
				"bits_per_second":	6.32138e+07,
				"retransmits":	0,
				"omitted":	false
			}
		}, {
			"streams":	[{
					"socket":	4,
					"start":	24.0028,
					"end":	25.0002,
					"seconds":	0.997407,
					"bytes":	10485760,
					"bits_per_second":	8.41042e+07,
					"retransmits":	0,
					"snd_cwnd":	2339968,
					"omitted":	false
				}],
			"sum":	{
				"start":	24.0028,
				"end":	25.0002,
				"seconds":	0.997407,
				"bytes":	10485760,
				"bits_per_second":	8.41042e+07,
				"retransmits":	0,
				"omitted":	false
			}
		}, {
			"streams":	[{
					"socket":	4,
					"start":	25.0002,
					"end":	26.0005,
					"seconds":	1.00035,
					"bytes":	10878976,
					"bits_per_second":	8.70016e+07,
					"retransmits":	0,
					"snd_cwnd":	2755544,
					"omitted":	false
				}],
			"sum":	{
				"start":	25.0002,
				"end":	26.0005,
				"seconds":	1.00035,
				"bytes":	10878976,
				"bits_per_second":	8.70016e+07,
				"retransmits":	0,
				"omitted":	false
			}
		}, {
			"streams":	[{
					"socket":	4,
					"start":	26.0005,
					"end":	27.0011,
					"seconds":	1.00057,
					"bytes":	11141120,
					"bits_per_second":	8.90782e+07,
					"retransmits":	0,
					"snd_cwnd":	3210216,
					"omitted":	false
				}],
			"sum":	{
				"start":	26.0005,
				"end":	27.0011,
				"seconds":	1.00057,
				"bytes":	11141120,
				"bits_per_second":	8.90782e+07,
				"retransmits":	0,
				"omitted":	false
			}
		}, {
			"streams":	[{
					"socket":	4,
					"start":	27.0011,
					"end":	28.0001,
					"seconds":	0.999001,
					"bytes":	12320768,
					"bits_per_second":	9.86647e+07,
					"retransmits":	0,
					"snd_cwnd":	3744528,
					"omitted":	false
				}],
			"sum":	{
				"start":	27.0011,
				"end":	28.0001,
				"seconds":	0.999001,
				"bytes":	12320768,
				"bits_per_second":	9.86647e+07,
				"retransmits":	0,
				"omitted":	false
			}
		}, {
			"streams":	[{
					"socket":	4,
					"start":	28.0001,
					"end":	29.0002,
					"seconds":	1.00006,
					"bytes":	11403264,
					"bits_per_second":	9.12205e+07,
					"retransmits":	10,
					"snd_cwnd":	4138384,
					"omitted":	false
				}],
			"sum":	{
				"start":	28.0001,
				"end":	29.0002,
				"seconds":	1.00006,
				"bytes":	11403264,
				"bits_per_second":	9.12205e+07,
				"retransmits":	10,
				"omitted":	false
			}
		}, {
			"streams":	[{
					"socket":	4,
					"start":	29.0002,
					"end":	30.0002,
					"seconds":	1.00004,
					"bytes":	19136512,
					"bits_per_second":	1.53086e+08,
					"retransmits":	0,
					"snd_cwnd":	4141280,
					"omitted":	false
				}],
			"sum":	{
				"start":	29.0002,
				"end":	30.0002,
				"seconds":	1.00004,
				"bytes":	19136512,
				"bits_per_second":	1.53086e+08,
				"retransmits":	0,
				"omitted":	false
			}
		}, {
			"streams":	[{
					"socket":	4,
					"start":	30.0002,
					"end":	31.0017,
					"seconds":	1.00151,
					"bytes":	18612224,
					"bits_per_second":	1.48674e+08,
					"retransmits":	0,
					"snd_cwnd":	4144176,
					"omitted":	false
				}],
			"sum":	{
				"start":	30.0002,
				"end":	31.0017,
				"seconds":	1.00151,
				"bytes":	18612224,
				"bits_per_second":	1.48674e+08,
				"retransmits":	0,
				"omitted":	false
			}
		}, {
			"streams":	[{
					"socket":	4,
					"start":	31.0017,
					"end":	32.0001,
					"seconds":	0.998416,
					"bytes":	15204352,
					"bits_per_second":	1.21828e+08,
					"retransmits":	0,
					"snd_cwnd":	4149968,
					"omitted":	false
				}],
			"sum":	{
				"start":	31.0017,
				"end":	32.0001,
				"seconds":	0.998416,
				"bytes":	15204352,
				"bits_per_second":	1.21828e+08,
				"retransmits":	0,
				"omitted":	false
			}
		}, {
			"streams":	[{
					"socket":	4,
					"start":	32.0001,
					"end":	33.0001,
					"seconds":	1.00002,
					"bytes":	14942208,
					"bits_per_second":	1.19535e+08,
					"retransmits":	0,
					"snd_cwnd":	4168792,
					"omitted":	false
				}],
			"sum":	{
				"start":	32.0001,
				"end":	33.0001,
				"seconds":	1.00002,
				"bytes":	14942208,
				"bits_per_second":	1.19535e+08,
				"retransmits":	0,
				"omitted":	false
			}
		}, {
			"streams":	[{
					"socket":	4,
					"start":	33.0001,
					"end":	34.001,
					"seconds":	1.00086,
					"bytes":	16384000,
					"bits_per_second":	1.30959e+08,
					"retransmits":	0,
					"snd_cwnd":	4199200,
					"omitted":	false
				}],
			"sum":	{
				"start":	33.0001,
				"end":	34.001,
				"seconds":	1.00086,
				"bytes":	16384000,
				"bits_per_second":	1.30959e+08,
				"retransmits":	0,
				"omitted":	false
			}
		}, {
			"streams":	[{
					"socket":	4,
					"start":	34.001,
					"end":	35.0004,
					"seconds":	0.999351,
					"bytes":	16908288,
					"bits_per_second":	1.35354e+08,
					"retransmits":	0,
					"snd_cwnd":	4251328,
					"omitted":	false
				}],
			"sum":	{
				"start":	34.001,
				"end":	35.0004,
				"seconds":	0.999351,
				"bytes":	16908288,
				"bits_per_second":	1.35354e+08,
				"retransmits":	0,
				"omitted":	false
			}
		}, {
			"streams":	[{
					"socket":	4,
					"start":	35.0004,
					"end":	36.0003,
					"seconds":	0.999924,
					"bytes":	34340864,
					"bits_per_second":	2.74748e+08,
					"retransmits":	0,
					"snd_cwnd":	4325176,
					"omitted":	false
				}],
			"sum":	{
				"start":	35.0004,
				"end":	36.0003,
				"seconds":	0.999924,
				"bytes":	34340864,
				"bits_per_second":	2.74748e+08,
				"retransmits":	0,
				"omitted":	false
			}
		}, {
			"streams":	[{
					"socket":	4,
					"start":	36.0003,
					"end":	37.0003,
					"seconds":	0.999987,
					"bytes":	31064064,
					"bits_per_second":	2.48516e+08,
					"retransmits":	0,
					"snd_cwnd":	4417848,
					"omitted":	false
				}],
			"sum":	{
				"start":	36.0003,
				"end":	37.0003,
				"seconds":	0.999987,
				"bytes":	31064064,
				"bits_per_second":	2.48516e+08,
				"retransmits":	0,
				"omitted":	false
			}
		}, {
			"streams":	[{
					"socket":	4,
					"start":	37.0003,
					"end":	38.0002,
					"seconds":	0.999916,
					"bytes":	12582912,
					"bits_per_second":	1.00672e+08,
					"retransmits":	0,
					"snd_cwnd":	4484456,
					"omitted":	false
				}],
			"sum":	{
				"start":	37.0003,
				"end":	38.0002,
				"seconds":	0.999916,
				"bytes":	12582912,
				"bits_per_second":	1.00672e+08,
				"retransmits":	0,
				"omitted":	false
			}
		}, {
			"streams":	[{
					"socket":	4,
					"start":	38.0002,
					"end":	39.0006,
					"seconds":	1.00047,
					"bytes":	12582912,
					"bits_per_second":	1.00616e+08,
					"retransmits":	0,
					"snd_cwnd":	4484456,
					"omitted":	false
				}],
			"sum":	{
				"start":	38.0002,
				"end":	39.0006,
				"seconds":	1.00047,
				"bytes":	12582912,
				"bits_per_second":	1.00616e+08,
				"retransmits":	0,
				"omitted":	false
			}
		}, {
			"streams":	[{
					"socket":	4,
					"start":	39.0006,
					"end":	40.0002,
					"seconds":	0.999583,
					"bytes":	12451840,
					"bits_per_second":	9.96563e+07,
					"retransmits":	0,
					"snd_cwnd":	4484456,
					"omitted":	false
				}],
			"sum":	{
				"start":	39.0006,
				"end":	40.0002,
				"seconds":	0.999583,
				"bytes":	12451840,
				"bits_per_second":	9.96563e+07,
				"retransmits":	0,
				"omitted":	false
			}
		}, {
			"streams":	[{
					"socket":	4,
					"start":	40.0002,
					"end":	41.0004,
					"seconds":	1.00016,
					"bytes":	12451840,
					"bits_per_second":	9.95986e+07,
					"retransmits":	0,
					"snd_cwnd":	4484456,
					"omitted":	false
				}],
			"sum":	{
				"start":	40.0002,
				"end":	41.0004,
				"seconds":	1.00016,
				"bytes":	12451840,
				"bits_per_second":	9.95986e+07,
				"retransmits":	0,
				"omitted":	false
			}
		}, {
			"streams":	[{
					"socket":	4,
					"start":	41.0004,
					"end":	42.0005,
					"seconds":	1.00009,
					"bytes":	12582912,
					"bits_per_second":	1.00654e+08,
					"retransmits":	0,
					"snd_cwnd":	4484456,
					"omitted":	false
				}],
			"sum":	{
				"start":	41.0004,
				"end":	42.0005,
				"seconds":	1.00009,
				"bytes":	12582912,
				"bits_per_second":	1.00654e+08,
				"retransmits":	0,
				"omitted":	false
			}
		}, {
			"streams":	[{
					"socket":	4,
					"start":	42.0005,
					"end":	43.0025,
					"seconds":	1.00203,
					"bytes":	12451840,
					"bits_per_second":	9.94132e+07,
					"retransmits":	0,
					"snd_cwnd":	4484456,
					"omitted":	false
				}],
			"sum":	{
				"start":	42.0005,
				"end":	43.0025,
				"seconds":	1.00203,
				"bytes":	12451840,
				"bits_per_second":	9.94132e+07,
				"retransmits":	0,
				"omitted":	false
			}
		}, {
			"streams":	[{
					"socket":	4,
					"start":	43.0025,
					"end":	44.0014,
					"seconds":	0.998836,
					"bytes":	12451840,
					"bits_per_second":	9.97308e+07,
					"retransmits":	0,
					"snd_cwnd":	4484456,
					"omitted":	false
				}],
			"sum":	{
				"start":	43.0025,
				"end":	44.0014,
				"seconds":	0.998836,
				"bytes":	12451840,
				"bits_per_second":	9.97308e+07,
				"retransmits":	0,
				"omitted":	false
			}
		}, {
			"streams":	[{
					"socket":	4,
					"start":	44.0014,
					"end":	45.0006,
					"seconds":	0.999215,
					"bytes":	12582912,
					"bits_per_second":	1.00742e+08,
					"retransmits":	0,
					"snd_cwnd":	4484456,
					"omitted":	false
				}],
			"sum":	{
				"start":	44.0014,
				"end":	45.0006,
				"seconds":	0.999215,
				"bytes":	12582912,
				"bits_per_second":	1.00742e+08,
				"retransmits":	0,
				"omitted":	false
			}
		}, {
			"streams":	[{
					"socket":	4,
					"start":	45.0006,
					"end":	46.0023,
					"seconds":	1.00175,
					"bytes":	12582912,
					"bits_per_second":	1.00487e+08,
					"retransmits":	0,
					"snd_cwnd":	4484456,
					"omitted":	false
				}],
			"sum":	{
				"start":	45.0006,
				"end":	46.0023,
				"seconds":	1.00175,
				"bytes":	12582912,
				"bits_per_second":	1.00487e+08,
				"retransmits":	0,
				"omitted":	false
			}
		}, {
			"streams":	[{
					"socket":	4,
					"start":	46.0023,
					"end":	47.0006,
					"seconds":	0.998314,
					"bytes":	12451840,
					"bits_per_second":	9.9783e+07,
					"retransmits":	0,
					"snd_cwnd":	4484456,
					"omitted":	false
				}],
			"sum":	{
				"start":	46.0023,
				"end":	47.0006,
				"seconds":	0.998314,
				"bytes":	12451840,
				"bits_per_second":	9.9783e+07,
				"retransmits":	0,
				"omitted":	false
			}
		}],
	"end":	{
		"streams":	[{
				"sender":	{
					"socket":	4,
					"start":	0,
					"end":	47.0006,
					"seconds":	47.0006,
					"bytes":	586384912,
					"bits_per_second":	9.98089e+07,
					"retransmits":	148
				},
				"receiver":	{
					"socket":	4,
					"start":	0,
					"end":	47.0006,
					"seconds":	47.0006,
					"bytes":	586384912,
					"bits_per_second":	9.98089e+07
				}
			}],
		"sum_sent":	{
			"start":	0,
			"end":	47.0006,
			"seconds":	47.0006,
			"bytes":	586384912,
			"bits_per_second":	9.98089e+07,
			"retransmits":	148
		},
		"sum_received":	{
			"start":	0,
			"end":	47.0006,
			"seconds":	47.0006,
			"bytes":	586384912,
			"bits_per_second":	9.98089e+07
		},
		"cpu_utilization_percent":	{
			"host_total":	2.49003,
			"host_user":	0.299878,
			"host_system":	2.19015,
			"remote_total":	6.87936,
			"remote_user":	0.523826,
			"remote_system":	6.35553
		}
	}
}
