{
	"start":	{
		"connected":	[{
				"socket":	5,
				"local_host":	"10.0.0.12",
				"local_port":	1947,
				"remote_host":	"10.0.0.4",
				"remote_port":	47282
			}],
		"version":	"iperf 3.7",
		"system_info":	"Linux H12 5.4.197-0504197-generic #202206060747 SMP Mon Jun 6 09:27:47 UTC 2022 x86_64",
		"target_bitrate":	15000000,
		"sock_bufsize":	0,
		"sndbuf_actual":	87380,
		"rcvbuf_actual":	87380,
		"timestamp":	{
			"time":	"Mon, 01 Aug 2022 00:25:01 GMT",
			"timesecs":	1659313501
		},
		"accepted_connection":	{
			"host":	"10.0.0.4",
			"port":	47280
		},
		"cookie":	"anfnggcpmbfbbkudhlkdogknk32iji3qe3xu",
		"tcp_mss_default":	0,
		"target_bitrate":	15000000,
		"test_start":	{
			"protocol":	"TCP",
			"num_streams":	1,
			"blksize":	131072,
			"omit":	0,
			"duration":	5,
			"bytes":	0,
			"blocks":	0,
			"reverse":	0,
			"tos":	0
		}
	},
	"intervals":	[{
			"streams":	[{
					"socket":	5,
					"start":	0,
					"end":	1.000261,
					"seconds":	1.0002609491348267,
					"bytes":	1966080,
					"bits_per_second":	15724536.695753694,
					"omitted":	false,
					"sender":	false
				}],
			"sum":	{
				"start":	0,
				"end":	1.000261,
				"seconds":	1.0002609491348267,
				"bytes":	1966080,
				"bits_per_second":	15724536.695753694,
				"omitted":	false,
				"sender":	false
			}
		}, {
			"streams":	[{
					"socket":	5,
					"start":	1.000261,
					"end":	2.000505,
					"seconds":	1.0002440214157104,
					"bytes":	1835008,
					"bits_per_second":	14676482.623932458,
					"omitted":	false,
					"sender":	false
				}],
			"sum":	{
				"start":	1.000261,
				"end":	2.000505,
				"seconds":	1.0002440214157104,
				"bytes":	1835008,
				"bits_per_second":	14676482.623932458,
				"omitted":	false,
				"sender":	false
			}
		}, {
			"streams":	[{
					"socket":	5,
					"start":	2.000505,
					"end":	3.000431,
					"seconds":	0.999925971031189,
					"bytes":	1835008,
					"bits_per_second":	14681150.830456939,
					"omitted":	false,
					"sender":	false
				}],
			"sum":	{
				"start":	2.000505,
				"end":	3.000431,
				"seconds":	0.999925971031189,
				"bytes":	1835008,
				"bits_per_second":	14681150.830456939,
				"omitted":	false,
				"sender":	false
			}
		}, {
			"streams":	[{
					"socket":	5,
					"start":	3.000431,
					"end":	4.000316,
					"seconds":	0.99988502264022827,
					"bytes":	1966080,
					"bits_per_second":	15730448.64545328,
					"omitted":	false,
					"sender":	false
				}],
			"sum":	{
				"start":	3.000431,
				"end":	4.000316,
				"seconds":	0.99988502264022827,
				"bytes":	1966080,
				"bits_per_second":	15730448.64545328,
				"omitted":	false,
				"sender":	false
			}
		}, {
			"streams":	[{
					"socket":	5,
					"start":	4.000316,
					"end":	5.000771,
					"seconds":	1.0004550218582153,
					"bytes":	1835008,
					"bits_per_second":	14673387.288049879,
					"omitted":	false,
					"sender":	false
				}],
			"sum":	{
				"start":	4.000316,
				"end":	5.000771,
				"seconds":	1.0004550218582153,
				"bytes":	1835008,
				"bits_per_second":	14673387.288049879,
				"omitted":	false,
				"sender":	false
			}
		}],
	"end":	{
		"streams":	[{
				"sender":	{
					"socket":	5,
					"start":	0,
					"end":	5.00105,
					"seconds":	5.00105,
					"bytes":	0,
					"bits_per_second":	0,
					"sender":	false
				},
				"receiver":	{
					"socket":	5,
					"start":	0,
					"end":	5.00105,
					"seconds":	5.00105,
					"bytes":	9437184,
					"bits_per_second":	15096324.171923894,
					"sender":	false
				}
			}],
		"sum_sent":	{
			"start":	0,
			"end":	5.00105,
			"seconds":	5.00105,
			"bytes":	0,
			"bits_per_second":	0,
			"sender":	false
		},
		"sum_received":	{
			"start":	0,
			"end":	5.00105,
			"seconds":	5.00105,
			"bytes":	9437184,
			"bits_per_second":	15096324.171923894,
			"sender":	false
		},
		"cpu_utilization_percent":	{
			"host_total":	2.3456138321760376,
			"host_user":	0,
			"host_system":	2.3456737594602708,
			"remote_total":	0,
			"remote_user":	0,
			"remote_system":	0
		},
		"receiver_tcp_congestion":	"cubic"
	}
}
