{
	"start":	{
		"connected":	[{
				"socket":	5,
				"local_host":	"10.0.0.8",
				"local_port":	2698,
				"remote_host":	"10.0.0.2",
				"remote_port":	37782
			}],
		"version":	"iperf 3.0.7",
		"system_info":	"Linux H8 5.4.197-0504197-generic #202206060747 SMP Mon Jun 6 09:27:47 UTC 2022 x86_64 x86_64 x86_64 GNU/Linux\n",
		"timestamp":	{
			"time":	"Fri, 22 Jul 2022 09:30:35 GMT",
			"timesecs":	1658482235
		},
		"accepted_connection":	{
			"host":	"10.0.0.2",
			"port":	37780
		},
		"cookie":	"H2.1658482235.697925.0f32f70d12d6101",
		"tcp_mss_default":	1448,
		"test_start":	{
			"protocol":	"TCP",
			"num_streams":	1,
			"blksize":	131072,
			"omit":	0,
			"duration":	5,
			"bytes":	0,
			"blocks":	0,
			"reverse":	0
		}
	},
	"intervals":	[{
			"streams":	[{
					"socket":	5,
					"start":	0,
					"end":	1.00074,
					"seconds":	1.00074,
					"bytes":	1731392,
					"bits_per_second":	1.38409e+07,
					"omitted":	false
				}],
			"sum":	{
				"start":	0,
				"end":	1.00074,
				"seconds":	1.00074,
				"bytes":	1731392,
				"bits_per_second":	1.38409e+07,
				"omitted":	false
			}
		}, {
			"streams":	[{
					"socket":	5,
					"start":	1.00074,
					"end":	2.0008,
					"seconds":	1.00007,
					"bytes":	1938568,
					"bits_per_second":	1.55075e+07,
					"omitted":	false
				}],
			"sum":	{
				"start":	1.00074,
				"end":	2.0008,
				"seconds":	1.00007,
				"bytes":	1938568,
				"bits_per_second":	1.55075e+07,
				"omitted":	false
			}
		}, {
			"streams":	[{
					"socket":	5,
					"start":	2.0008,
					"end":	3.0002,
					"seconds":	0.999395,
					"bytes":	1835008,
					"bits_per_second":	1.4689e+07,
					"omitted":	false
				}],
			"sum":	{
				"start":	2.0008,
				"end":	3.0002,
				"seconds":	0.999395,
				"bytes":	1835008,
				"bits_per_second":	1.4689e+07,
				"omitted":	false
			}
		}, {
			"streams":	[{
					"socket":	5,
					"start":	3.0002,
					"end":	4.00044,
					"seconds":	1.00024,
					"bytes":	1835008,
					"bits_per_second":	1.46765e+07,
					"omitted":	false
				}],
			"sum":	{
				"start":	3.0002,
				"end":	4.00044,
				"seconds":	1.00024,
				"bytes":	1835008,
				"bits_per_second":	1.46765e+07,
				"omitted":	false
			}
		}, {
			"streams":	[{
					"socket":	5,
					"start":	4.00044,
					"end":	5.00052,
					"seconds":	1.00008,
					"bytes":	1966080,
					"bits_per_second":	1.57274e+07,
					"omitted":	false
				}],
			"sum":	{
				"start":	4.00044,
				"end":	5.00052,
				"seconds":	1.00008,
				"bytes":	1966080,
				"bits_per_second":	1.57274e+07,
				"omitted":	false
			}
		}, {
			"streams":	[{
					"socket":	5,
					"start":	5.00052,
					"end":	5.00086,
					"seconds":	0.000344038,
					"bytes":	0,
					"bits_per_second":	0,
					"omitted":	false
				}],
			"sum":	{
				"start":	5.00052,
				"end":	5.00086,
				"seconds":	0.000344038,
				"bytes":	0,
				"bits_per_second":	0,
				"omitted":	false
			}
		}],
	"end":	{
		"streams":	[{
				"sender":	{
					"socket":	5,
					"start":	0,
					"end":	5.00086,
					"seconds":	5.00086,
					"bytes":	9306056,
					"bits_per_second":	1.48871e+07,
					"retransmits":	0
				},
				"receiver":	{
					"socket":	5,
					"start":	0,
					"end":	5.00086,
					"seconds":	5.00086,
					"bytes":	9306056,
					"bits_per_second":	1.48871e+07
				}
			}],
		"sum_sent":	{
			"start":	0,
			"end":	5.00086,
			"seconds":	5.00086,
			"bytes":	9306056,
			"bits_per_second":	1.48871e+07,
			"retransmits":	0
		},
		"sum_received":	{
			"start":	0,
			"end":	5.00086,
			"seconds":	5.00086,
			"bytes":	9306056,
			"bits_per_second":	1.48871e+07
		},
		"cpu_utilization_percent":	{
			"host_total":	1.04816,
			"host_user":	1.04812,
			"host_system":	0,
			"remote_total":	0.289047,
			"remote_user":	0,
			"remote_system":	0.289027
		}
	}
}
