{
	"start":	{
		"connected":	[{
				"socket":	5,
				"local_host":	"10.0.0.7",
				"local_port":	2697,
				"remote_host":	"10.0.0.1",
				"remote_port":	41614
			}],
		"version":	"iperf 3.0.7",
		"system_info":	"Linux H7 5.4.197-0504197-generic #202206060747 SMP Mon Jun 6 09:27:47 UTC 2022 x86_64 x86_64 x86_64 GNU/Linux\n",
		"timestamp":	{
			"time":	"Fri, 22 Jul 2022 16:29:56 GMT",
			"timesecs":	1658507396
		},
		"accepted_connection":	{
			"host":	"10.0.0.1",
			"port":	41612
		},
		"cookie":	"H1.1658507396.374352.37d7e52534cd5bd",
		"tcp_mss_default":	1448,
		"test_start":	{
			"protocol":	"TCP",
			"num_streams":	1,
			"blksize":	131072,
			"omit":	0,
			"duration":	5,
			"bytes":	0,
			"blocks":	0,
			"reverse":	0
		}
	},
	"intervals":	[{
			"streams":	[{
					"socket":	5,
					"start":	0,
					"end":	1.00131,
					"seconds":	1.00131,
					"bytes":	1727104,
					"bits_per_second":	1.37987e+07,
					"omitted":	false
				}],
			"sum":	{
				"start":	0,
				"end":	1.00131,
				"seconds":	1.00131,
				"bytes":	1727104,
				"bits_per_second":	1.37987e+07,
				"omitted":	false
			}
		}, {
			"streams":	[{
					"socket":	5,
					"start":	1.00131,
					"end":	2.00091,
					"seconds":	0.9996,
					"bytes":	1942912,
					"bits_per_second":	1.55495e+07,
					"omitted":	false
				}],
			"sum":	{
				"start":	1.00131,
				"end":	2.00091,
				"seconds":	0.9996,
				"bytes":	1942912,
				"bits_per_second":	1.55495e+07,
				"omitted":	false
			}
		}, {
			"streams":	[{
					"socket":	5,
					"start":	2.00091,
					"end":	3.00036,
					"seconds":	0.999441,
					"bytes":	1835008,
					"bits_per_second":	1.46883e+07,
					"omitted":	false
				}],
			"sum":	{
				"start":	2.00091,
				"end":	3.00036,
				"seconds":	0.999441,
				"bytes":	1835008,
				"bits_per_second":	1.46883e+07,
				"omitted":	false
			}
		}, {
			"streams":	[{
					"socket":	5,
					"start":	3.00036,
					"end":	4.00031,
					"seconds":	0.999955,
					"bytes":	1835008,
					"bits_per_second":	1.46807e+07,
					"omitted":	false
				}],
			"sum":	{
				"start":	3.00036,
				"end":	4.00031,
				"seconds":	0.999955,
				"bytes":	1835008,
				"bits_per_second":	1.46807e+07,
				"omitted":	false
			}
		}, {
			"streams":	[{
					"socket":	5,
					"start":	4.00031,
					"end":	5.00106,
					"seconds":	1.00075,
					"bytes":	1966080,
					"bits_per_second":	1.57169e+07,
					"omitted":	false
				}],
			"sum":	{
				"start":	4.00031,
				"end":	5.00106,
				"seconds":	1.00075,
				"bytes":	1966080,
				"bits_per_second":	1.57169e+07,
				"omitted":	false
			}
		}],
	"end":	{
		"streams":	[{
				"sender":	{
					"socket":	5,
					"start":	0,
					"end":	5.00106,
					"seconds":	5.00106,
					"bytes":	9306112,
					"bits_per_second":	1.48866e+07,
					"retransmits":	0
				},
				"receiver":	{
					"socket":	5,
					"start":	0,
					"end":	5.00106,
					"seconds":	5.00106,
					"bytes":	9306112,
					"bits_per_second":	1.48866e+07
				}
			}],
		"sum_sent":	{
			"start":	0,
			"end":	5.00106,
			"seconds":	5.00106,
			"bytes":	9306112,
			"bits_per_second":	1.48866e+07,
			"retransmits":	0
		},
		"sum_received":	{
			"start":	0,
			"end":	5.00106,
			"seconds":	5.00106,
			"bytes":	9306112,
			"bits_per_second":	1.48866e+07
		},
		"cpu_utilization_percent":	{
			"host_total":	2.36565,
			"host_user":	0.385598,
			"host_system":	1.98,
			"remote_total":	0.715363,
			"remote_user":	0.0933056,
			"remote_system":	0.622058
		}
	}
}
{
	"start":	{
		"connected":	[],
		"version":	"iperf 3.0.7",
		"system_info":	"Linux H7 5.4.197-0504197-generic #202206060747 SMP Mon Jun 6 09:27:47 UTC 2022 x86_64 x86_64 x86_64 GNU/Linux\n"
	},
	"intervals":	[],
	"end":	{
	},
	"error":	"interrupt - the server has terminated"
}
