{
	"start":	{
		"connected":	[{
				"socket":	5,
				"local_host":	"10.0.0.15",
				"local_port":	3019,
				"remote_host":	"10.0.0.3",
				"remote_port":	54204
			}],
		"version":	"iperf 3.0.7",
		"system_info":	"Linux CS1 5.4.197-0504197-generic #202206060747 SMP Mon Jun 6 09:27:47 UTC 2022 x86_64 x86_64 x86_64 GNU/Linux\n",
		"timestamp":	{
			"time":	"Mon, 25 Jul 2022 21:44:34 GMT",
			"timesecs":	1658785474
		},
		"accepted_connection":	{
			"host":	"10.0.0.3",
			"port":	45916
		},
		"cookie":	"BS3.1658785473.941770.11648ecc355e05",
		"test_start":	{
			"protocol":	"UDP",
			"num_streams":	1,
			"blksize":	8192,
			"omit":	0,
			"duration":	8,
			"bytes":	0,
			"blocks":	0,
			"reverse":	0
		}
	},
	"intervals":	[{
			"streams":	[{
					"socket":	5,
					"start":	0,
					"end":	1.82798,
					"seconds":	1.82798,
					"bytes":	16384,
					"bits_per_second":	71703.3,
					"jitter_ms":	0.684387,
					"lost_packets":	650,
					"packets":	652,
					"lost_percent":	99.6933,
					"omitted":	false
				}],
			"sum":	{
				"start":	0,
				"end":	1.82798,
				"seconds":	1.82798,
				"bytes":	16384,
				"bits_per_second":	71703.3,
				"jitter_ms":	0.684387,
				"lost_packets":	650,
				"packets":	652,
				"lost_percent":	99.6933,
				"omitted":	false
			}
		}, {
			"streams":	[{
					"socket":	5,
					"start":	1.82798,
					"end":	2.00445,
					"seconds":	0.176475,
					"bytes":	638976,
					"bits_per_second":	2.89662e+07,
					"jitter_ms":	0.552438,
					"lost_packets":	0,
					"packets":	78,
					"lost_percent":	0,
					"omitted":	false
				}],
			"sum":	{
				"start":	1.82798,
				"end":	2.00445,
				"seconds":	0.176475,
				"bytes":	638976,
				"bits_per_second":	2.89662e+07,
				"jitter_ms":	0.552438,
				"lost_packets":	0,
				"packets":	78,
				"lost_percent":	0,
				"omitted":	false
			}
		}, {
			"streams":	[{
					"socket":	5,
					"start":	2.00445,
					"end":	3.00031,
					"seconds":	0.995857,
					"bytes":	3088384,
					"bits_per_second":	2.48099e+07,
					"jitter_ms":	0.67671,
					"lost_packets":	0,
					"packets":	377,
					"lost_percent":	0,
					"omitted":	false
				}],
			"sum":	{
				"start":	2.00445,
				"end":	3.00031,
				"seconds":	0.995857,
				"bytes":	3088384,
				"bits_per_second":	2.48099e+07,
				"jitter_ms":	0.67671,
				"lost_packets":	0,
				"packets":	377,
				"lost_percent":	0,
				"omitted":	false
			}
		}, {
			"streams":	[{
					"socket":	5,
					"start":	3.00031,
					"end":	4.00018,
					"seconds":	0.999872,
					"bytes":	3080192,
					"bits_per_second":	2.46447e+07,
					"jitter_ms":	0.98851,
					"lost_packets":	6,
					"packets":	382,
					"lost_percent":	1.57068,
					"omitted":	false
				}],
			"sum":	{
				"start":	3.00031,
				"end":	4.00018,
				"seconds":	0.999872,
				"bytes":	3080192,
				"bits_per_second":	2.46447e+07,
				"jitter_ms":	0.98851,
				"lost_packets":	6,
				"packets":	382,
				"lost_percent":	1.57068,
				"omitted":	false
			}
		}, {
			"streams":	[{
					"socket":	5,
					"start":	4.00018,
					"end":	5.00036,
					"seconds":	1.00018,
					"bytes":	3129344,
					"bits_per_second":	2.50302e+07,
					"jitter_ms":	0.516386,
					"lost_packets":	0,
					"packets":	382,
					"lost_percent":	0,
					"omitted":	false
				}],
			"sum":	{
				"start":	4.00018,
				"end":	5.00036,
				"seconds":	1.00018,
				"bytes":	3129344,
				"bits_per_second":	2.50302e+07,
				"jitter_ms":	0.516386,
				"lost_packets":	0,
				"packets":	382,
				"lost_percent":	0,
				"omitted":	false
			}
		}, {
			"streams":	[{
					"socket":	5,
					"start":	5.00036,
					"end":	6.00048,
					"seconds":	1.00012,
					"bytes":	3121152,
					"bits_per_second":	2.49662e+07,
					"jitter_ms":	0.459551,
					"lost_packets":	0,
					"packets":	381,
					"lost_percent":	0,
					"omitted":	false
				}],
			"sum":	{
				"start":	5.00036,
				"end":	6.00048,
				"seconds":	1.00012,
				"bytes":	3121152,
				"bits_per_second":	2.49662e+07,
				"jitter_ms":	0.459551,
				"lost_packets":	0,
				"packets":	381,
				"lost_percent":	0,
				"omitted":	false
			}
		}, {
			"streams":	[{
					"socket":	5,
					"start":	6.00048,
					"end":	7.00035,
					"seconds":	0.999869,
					"bytes":	3260416,
					"bits_per_second":	2.60867e+07,
					"jitter_ms":	1.20349,
					"lost_packets":	1,
					"packets":	398,
					"lost_percent":	0.251256,
					"omitted":	false
				}],
			"sum":	{
				"start":	6.00048,
				"end":	7.00035,
				"seconds":	0.999869,
				"bytes":	3260416,
				"bits_per_second":	2.60867e+07,
				"jitter_ms":	1.20349,
				"lost_packets":	1,
				"packets":	398,
				"lost_percent":	0.251256,
				"omitted":	false
			}
		}, {
			"streams":	[{
					"socket":	5,
					"start":	7.00035,
					"end":	8.00052,
					"seconds":	1.00017,
					"bytes":	2899968,
					"bits_per_second":	2.31957e+07,
					"jitter_ms":	0.988352,
					"lost_packets":	13,
					"packets":	365,
					"lost_percent":	3.56164,
					"omitted":	false
				}],
			"sum":	{
				"start":	7.00035,
				"end":	8.00052,
				"seconds":	1.00017,
				"bytes":	2899968,
				"bits_per_second":	2.31957e+07,
				"jitter_ms":	0.988352,
				"lost_packets":	13,
				"packets":	365,
				"lost_percent":	3.56164,
				"omitted":	false
			}
		}, {
			"streams":	[{
					"socket":	5,
					"start":	8.00052,
					"end":	8.02959,
					"seconds":	0.029063,
					"bytes":	0,
					"bits_per_second":	0,
					"jitter_ms":	0.988352,
					"lost_packets":	0,
					"packets":	0,
					"lost_percent":	-nan,
					"omitted":	false
				}],
			"sum":	{
				"start":	8.00052,
				"end":	8.02959,
				"seconds":	0.029063,
				"bytes":	0,
				"bits_per_second":	0,
				"jitter_ms":	0.988352,
				"lost_packets":	0,
				"packets":	0,
				"lost_percent":	-nan,
				"omitted":	false
			}
		}],
	"end":	{
		"streams":	[{
				"udp":	{
					"socket":	5,
					"start":	0,
					"end":	8.02959,
					"seconds":	8.02959,
					"bytes":	24698880,
					"bits_per_second":	2.46079e+07,
					"jitter_ms":	0.988352,
					"lost_packets":	670,
					"packets":	3015,
					"lost_percent":	22.2222
				}
			}],
		"sum":	{
			"start":	0,
			"end":	8.02959,
			"seconds":	8.02959,
			"bytes":	24698880,
			"bits_per_second":	2.46079e+07,
			"jitter_ms":	0.988352,
			"lost_packets":	670,
			"packets":	3015,
			"lost_percent":	22.2222
		},
		"cpu_utilization_percent":	{
			"host_total":	2.0244,
			"host_user":	0.214221,
			"host_system":	1.8101,
			"remote_total":	3.40952,
			"remote_user":	0.0488266,
			"remote_system":	3.36071
		}
	},
	"error":	"OUT OF ORDER - incoming packet = 2410 and received packet = 2411 AND SP = 5",
	"error":	"OUT OF ORDER - incoming packet = 2940 and received packet = 2945 AND SP = 5",
	"error":	"OUT OF ORDER - incoming packet = 2942 and received packet = 2945 AND SP = 5"
}
