{
	"start":	{
		"connected":	[{
				"socket":	5,
				"local_host":	"10.0.0.13",
				"local_port":	3589,
				"remote_host":	"10.0.0.1",
				"remote_port":	55412
			}],
		"version":	"iperf 3.0.7",
		"system_info":	"Linux MECS6 5.4.197-0504197-generic #202206060747 SMP Mon Jun 6 09:27:47 UTC 2022 x86_64 x86_64 x86_64 GNU/Linux\n",
		"timestamp":	{
			"time":	"Mon, 25 Jul 2022 21:43:30 GMT",
			"timesecs":	1658785410
		},
		"accepted_connection":	{
			"host":	"10.0.0.1",
			"port":	35444
		},
		"cookie":	"BS1.1658785410.324972.17d1939c2caced",
		"test_start":	{
			"protocol":	"UDP",
			"num_streams":	1,
			"blksize":	8192,
			"omit":	0,
			"duration":	5,
			"bytes":	0,
			"blocks":	0,
			"reverse":	0
		}
	},
	"intervals":	[{
			"streams":	[{
					"socket":	5,
					"start":	0,
					"end":	1.00029,
					"seconds":	1.00029,
					"bytes":	2818048,
					"bits_per_second":	2.25378e+07,
					"jitter_ms":	0.981728,
					"lost_packets":	2,
					"packets":	344,
					"lost_percent":	0.581395,
					"omitted":	false
				}],
			"sum":	{
				"start":	0,
				"end":	1.00029,
				"seconds":	1.00029,
				"bytes":	2818048,
				"bits_per_second":	2.25378e+07,
				"jitter_ms":	0.981728,
				"lost_packets":	2,
				"packets":	344,
				"lost_percent":	0.581395,
				"omitted":	false
			}
		}, {
			"streams":	[{
					"socket":	5,
					"start":	1.00029,
					"end":	2.0023,
					"seconds":	1.00201,
					"bytes":	3129344,
					"bits_per_second":	2.49845e+07,
					"jitter_ms":	0.415425,
					"lost_packets":	0,
					"packets":	382,
					"lost_percent":	0,
					"omitted":	false
				}],
			"sum":	{
				"start":	1.00029,
				"end":	2.0023,
				"seconds":	1.00201,
				"bytes":	3129344,
				"bits_per_second":	2.49845e+07,
				"jitter_ms":	0.415425,
				"lost_packets":	0,
				"packets":	382,
				"lost_percent":	0,
				"omitted":	false
			}
		}, {
			"streams":	[{
					"socket":	5,
					"start":	2.0023,
					"end":	3.00085,
					"seconds":	0.998548,
					"bytes":	3121152,
					"bits_per_second":	2.50055e+07,
					"jitter_ms":	0.528992,
					"lost_packets":	0,
					"packets":	381,
					"lost_percent":	0,
					"omitted":	false
				}],
			"sum":	{
				"start":	2.0023,
				"end":	3.00085,
				"seconds":	0.998548,
				"bytes":	3121152,
				"bits_per_second":	2.50055e+07,
				"jitter_ms":	0.528992,
				"lost_packets":	0,
				"packets":	381,
				"lost_percent":	0,
				"omitted":	false
			}
		}, {
			"streams":	[{
					"socket":	5,
					"start":	3.00085,
					"end":	4.00258,
					"seconds":	1.00173,
					"bytes":	3129344,
					"bits_per_second":	2.49915e+07,
					"jitter_ms":	0.512868,
					"lost_packets":	0,
					"packets":	382,
					"lost_percent":	0,
					"omitted":	false
				}],
			"sum":	{
				"start":	3.00085,
				"end":	4.00258,
				"seconds":	1.00173,
				"bytes":	3129344,
				"bits_per_second":	2.49915e+07,
				"jitter_ms":	0.512868,
				"lost_packets":	0,
				"packets":	382,
				"lost_percent":	0,
				"omitted":	false
			}
		}, {
			"streams":	[{
					"socket":	5,
					"start":	4.00258,
					"end":	5.0005,
					"seconds":	0.997919,
					"bytes":	3121152,
					"bits_per_second":	2.50213e+07,
					"jitter_ms":	0.448989,
					"lost_packets":	1,
					"packets":	381,
					"lost_percent":	0.262467,
					"omitted":	false
				}],
			"sum":	{
				"start":	4.00258,
				"end":	5.0005,
				"seconds":	0.997919,
				"bytes":	3121152,
				"bits_per_second":	2.50213e+07,
				"jitter_ms":	0.448989,
				"lost_packets":	1,
				"packets":	381,
				"lost_percent":	0.262467,
				"omitted":	false
			}
		}, {
			"streams":	[{
					"socket":	5,
					"start":	5.0005,
					"end":	5.02417,
					"seconds":	0.0236659,
					"bytes":	0,
					"bits_per_second":	0,
					"jitter_ms":	0.448989,
					"lost_packets":	0,
					"packets":	0,
					"lost_percent":	-nan,
					"omitted":	false
				}],
			"sum":	{
				"start":	5.0005,
				"end":	5.02417,
				"seconds":	0.0236659,
				"bytes":	0,
				"bits_per_second":	0,
				"jitter_ms":	0.448989,
				"lost_packets":	0,
				"packets":	0,
				"lost_percent":	-nan,
				"omitted":	false
			}
		}],
	"end":	{
		"streams":	[{
				"udp":	{
					"socket":	5,
					"start":	0,
					"end":	5.02417,
					"seconds":	5.02417,
					"bytes":	15319040,
					"bits_per_second":	2.43926e+07,
					"jitter_ms":	0.448989,
					"lost_packets":	3,
					"packets":	1870,
					"lost_percent":	0.160428
				}
			}],
		"sum":	{
			"start":	0,
			"end":	5.02417,
			"seconds":	5.02417,
			"bytes":	15319040,
			"bits_per_second":	2.43926e+07,
			"jitter_ms":	0.448989,
			"lost_packets":	3,
			"packets":	1870,
			"lost_percent":	0.160428
		},
		"cpu_utilization_percent":	{
			"host_total":	1.99874,
			"host_user":	0,
			"host_system":	1.9988,
			"remote_total":	2.46565,
			"remote_user":	0.200032,
			"remote_system":	2.26546
		}
	},
	"error":	"OUT OF ORDER - incoming packet = 1 and received packet = 2 AND SP = 5",
	"error":	"OUT OF ORDER - incoming packet = 3 and received packet = 4 AND SP = 5",
	"error":	"OUT OF ORDER - incoming packet = 1531 and received packet = 1532 AND SP = 5"
}
