{
	"start":	{
		"connected":	[{
				"socket":	5,
				"local_host":	"10.0.0.13",
				"local_port":	2850,
				"remote_host":	"10.0.0.2",
				"remote_port":	53190
			}],
		"version":	"iperf 3.0.7",
		"system_info":	"Linux H13 5.4.197-0504197-generic #202206060747 SMP Mon Jun 6 09:27:47 UTC 2022 x86_64 x86_64 x86_64 GNU/Linux\n",
		"timestamp":	{
			"time":	"Fri, 22 Jul 2022 15:00:48 GMT",
			"timesecs":	1658502048
		},
		"accepted_connection":	{
			"host":	"10.0.0.2",
			"port":	53188
		},
		"cookie":	"H2.1658502048.589778.18992ad82a85409",
		"tcp_mss_default":	1448,
		"test_start":	{
			"protocol":	"TCP",
			"num_streams":	1,
			"blksize":	131072,
			"omit":	0,
			"duration":	5,
			"bytes":	0,
			"blocks":	0,
			"reverse":	0
		}
	},
	"intervals":	[{
			"streams":	[{
					"socket":	5,
					"start":	0,
					"end":	1.00115,
					"seconds":	1.00115,
					"bytes":	1703936,
					"bits_per_second":	1.36159e+07,
					"omitted":	false
				}],
			"sum":	{
				"start":	0,
				"end":	1.00115,
				"seconds":	1.00115,
				"bytes":	1703936,
				"bits_per_second":	1.36159e+07,
				"omitted":	false
			}
		}, {
			"streams":	[{
					"socket":	5,
					"start":	1.00115,
					"end":	2.0008,
					"seconds":	0.99965,
					"bytes":	1995040,
					"bits_per_second":	1.59659e+07,
					"omitted":	false
				}],
			"sum":	{
				"start":	1.00115,
				"end":	2.0008,
				"seconds":	0.99965,
				"bytes":	1995040,
				"bits_per_second":	1.59659e+07,
				"omitted":	false
			}
		}, {
			"streams":	[{
					"socket":	5,
					"start":	2.0008,
					"end":	3.00063,
					"seconds":	0.99983,
					"bytes":	1806048,
					"bits_per_second":	1.44508e+07,
					"omitted":	false
				}],
			"sum":	{
				"start":	2.0008,
				"end":	3.00063,
				"seconds":	0.99983,
				"bytes":	1806048,
				"bits_per_second":	1.44508e+07,
				"omitted":	false
			}
		}, {
			"streams":	[{
					"socket":	5,
					"start":	3.00063,
					"end":	4.00115,
					"seconds":	1.00052,
					"bytes":	1872656,
					"bits_per_second":	1.49734e+07,
					"omitted":	false
				}],
			"sum":	{
				"start":	3.00063,
				"end":	4.00115,
				"seconds":	1.00052,
				"bytes":	1872656,
				"bits_per_second":	1.49734e+07,
				"omitted":	false
			}
		}, {
			"streams":	[{
					"socket":	5,
					"start":	4.00115,
					"end":	5.00052,
					"seconds":	0.999369,
					"bytes":	1928432,
					"bits_per_second":	1.54372e+07,
					"omitted":	false
				}],
			"sum":	{
				"start":	4.00115,
				"end":	5.00052,
				"seconds":	0.999369,
				"bytes":	1928432,
				"bits_per_second":	1.54372e+07,
				"omitted":	false
			}
		}],
	"end":	{
		"streams":	[{
				"sender":	{
					"socket":	5,
					"start":	0,
					"end":	5.00052,
					"seconds":	5.00052,
					"bytes":	9306112,
					"bits_per_second":	1.48882e+07,
					"retransmits":	0
				},
				"receiver":	{
					"socket":	5,
					"start":	0,
					"end":	5.00052,
					"seconds":	5.00052,
					"bytes":	9306112,
					"bits_per_second":	1.48882e+07
				}
			}],
		"sum_sent":	{
			"start":	0,
			"end":	5.00052,
			"seconds":	5.00052,
			"bytes":	9306112,
			"bits_per_second":	1.48882e+07,
			"retransmits":	0
		},
		"sum_received":	{
			"start":	0,
			"end":	5.00052,
			"seconds":	5.00052,
			"bytes":	9306112,
			"bits_per_second":	1.48882e+07
		},
		"cpu_utilization_percent":	{
			"host_total":	1.79554,
			"host_user":	0.343866,
			"host_system":	1.45165,
			"remote_total":	0.675709,
			"remote_user":	0.262913,
			"remote_system":	0.412736
		}
	}
}
