{
	"start":	{
		"connected":	[{
				"socket":	5,
				"local_host":	"10.0.0.10",
				"local_port":	3556,
				"remote_host":	"10.0.0.2",
				"remote_port":	57618
			}],
		"version":	"iperf 3.0.7",
		"system_info":	"Linux H10 5.4.197-0504197-generic #202206060747 SMP Mon Jun 6 09:27:47 UTC 2022 x86_64 x86_64 x86_64 GNU/Linux\n",
		"timestamp":	{
			"time":	"Fri, 22 Jul 2022 09:31:25 GMT",
			"timesecs":	1658482285
		},
		"accepted_connection":	{
			"host":	"10.0.0.2",
			"port":	57616
		},
		"cookie":	"H2.1658482285.254059.0c9c47f102f7b54",
		"tcp_mss_default":	1448,
		"test_start":	{
			"protocol":	"TCP",
			"num_streams":	1,
			"blksize":	131072,
			"omit":	0,
			"duration":	5,
			"bytes":	0,
			"blocks":	0,
			"reverse":	0
		}
	},
	"intervals":	[{
			"streams":	[{
					"socket":	5,
					"start":	0,
					"end":	1.00088,
					"seconds":	1.00088,
					"bytes":	1714016,
					"bits_per_second":	1.37e+07,
					"omitted":	false
				}],
			"sum":	{
				"start":	0,
				"end":	1.00088,
				"seconds":	1.00088,
				"bytes":	1714016,
				"bits_per_second":	1.37e+07,
				"omitted":	false
			}
		}, {
			"streams":	[{
					"socket":	5,
					"start":	1.00088,
					"end":	2.00093,
					"seconds":	1.00005,
					"bytes":	1942912,
					"bits_per_second":	1.55425e+07,
					"omitted":	false
				}],
			"sum":	{
				"start":	1.00088,
				"end":	2.00093,
				"seconds":	1.00005,
				"bytes":	1942912,
				"bits_per_second":	1.55425e+07,
				"omitted":	false
			}
		}, {
			"streams":	[{
					"socket":	5,
					"start":	2.00093,
					"end":	3.00057,
					"seconds":	0.999638,
					"bytes":	1835008,
					"bits_per_second":	1.46854e+07,
					"omitted":	false
				}],
			"sum":	{
				"start":	2.00093,
				"end":	3.00057,
				"seconds":	0.999638,
				"bytes":	1835008,
				"bits_per_second":	1.46854e+07,
				"omitted":	false
			}
		}, {
			"streams":	[{
					"socket":	5,
					"start":	3.00057,
					"end":	4.00063,
					"seconds":	1.00006,
					"bytes":	1875552,
					"bits_per_second":	1.50036e+07,
					"omitted":	false
				}],
			"sum":	{
				"start":	3.00057,
				"end":	4.00063,
				"seconds":	1.00006,
				"bytes":	1875552,
				"bits_per_second":	1.50036e+07,
				"omitted":	false
			}
		}, {
			"streams":	[{
					"socket":	5,
					"start":	4.00063,
					"end":	5.00032,
					"seconds":	0.999691,
					"bytes":	1925536,
					"bits_per_second":	1.5409e+07,
					"omitted":	false
				}],
			"sum":	{
				"start":	4.00063,
				"end":	5.00032,
				"seconds":	0.999691,
				"bytes":	1925536,
				"bits_per_second":	1.5409e+07,
				"omitted":	false
			}
		}, {
			"streams":	[{
					"socket":	5,
					"start":	5.00032,
					"end":	5.00048,
					"seconds":	0.000155926,
					"bytes":	0,
					"bits_per_second":	0,
					"omitted":	false
				}],
			"sum":	{
				"start":	5.00032,
				"end":	5.00048,
				"seconds":	0.000155926,
				"bytes":	0,
				"bits_per_second":	0,
				"omitted":	false
			}
		}],
	"end":	{
		"streams":	[{
				"sender":	{
					"socket":	5,
					"start":	0,
					"end":	5.00048,
					"seconds":	5.00048,
					"bytes":	9293024,
					"bits_per_second":	1.48674e+07,
					"retransmits":	0
				},
				"receiver":	{
					"socket":	5,
					"start":	0,
					"end":	5.00048,
					"seconds":	5.00048,
					"bytes":	9293024,
					"bits_per_second":	1.48674e+07
				}
			}],
		"sum_sent":	{
			"start":	0,
			"end":	5.00048,
			"seconds":	5.00048,
			"bytes":	9293024,
			"bits_per_second":	1.48674e+07,
			"retransmits":	0
		},
		"sum_received":	{
			"start":	0,
			"end":	5.00048,
			"seconds":	5.00048,
			"bytes":	9293024,
			"bits_per_second":	1.48674e+07
		},
		"cpu_utilization_percent":	{
			"host_total":	1.6005,
			"host_user":	0.415412,
			"host_system":	1.18507,
			"remote_total":	0.465287,
			"remote_user":	0,
			"remote_system":	0.465227
		}
	}
}
