{
	"start":	{
		"connected":	[{
				"socket":	5,
				"local_host":	"10.0.0.9",
				"local_port":	2827,
				"remote_host":	"10.0.0.2",
				"remote_port":	46632
			}],
		"version":	"iperf 3.0.7",
		"system_info":	"Linux H9 5.4.197-0504197-generic #202206060747 SMP Mon Jun 6 09:27:47 UTC 2022 x86_64 x86_64 x86_64 GNU/Linux\n",
		"timestamp":	{
			"time":	"Fri, 22 Jul 2022 16:27:42 GMT",
			"timesecs":	1658507262
		},
		"accepted_connection":	{
			"host":	"10.0.0.2",
			"port":	46630
		},
		"cookie":	"H2.1658507262.159523.202dc3ae5b795df",
		"tcp_mss_default":	1448,
		"test_start":	{
			"protocol":	"TCP",
			"num_streams":	1,
			"blksize":	131072,
			"omit":	0,
			"duration":	5,
			"bytes":	0,
			"blocks":	0,
			"reverse":	0
		}
	},
	"intervals":	[{
			"streams":	[{
					"socket":	5,
					"start":	0,
					"end":	1.00045,
					"seconds":	1.00045,
					"bytes":	1819024,
					"bits_per_second":	1.45456e+07,
					"omitted":	false
				}],
			"sum":	{
				"start":	0,
				"end":	1.00045,
				"seconds":	1.00045,
				"bytes":	1819024,
				"bits_per_second":	1.45456e+07,
				"omitted":	false
			}
		}, {
			"streams":	[{
					"socket":	5,
					"start":	1.00045,
					"end":	2.0005,
					"seconds":	1.00005,
					"bytes":	1862520,
					"bits_per_second":	1.48995e+07,
					"omitted":	false
				}],
			"sum":	{
				"start":	1.00045,
				"end":	2.0005,
				"seconds":	1.00005,
				"bytes":	1862520,
				"bits_per_second":	1.48995e+07,
				"omitted":	false
			}
		}, {
			"streams":	[{
					"socket":	5,
					"start":	2.0005,
					"end":	3.00056,
					"seconds":	1.00006,
					"bytes":	1807496,
					"bits_per_second":	1.44591e+07,
					"omitted":	false
				}],
			"sum":	{
				"start":	2.0005,
				"end":	3.00056,
				"seconds":	1.00006,
				"bytes":	1807496,
				"bits_per_second":	1.44591e+07,
				"omitted":	false
			}
		}, {
			"streams":	[{
					"socket":	5,
					"start":	3.00056,
					"end":	4.00086,
					"seconds":	1.0003,
					"bytes":	1835008,
					"bits_per_second":	1.46757e+07,
					"omitted":	false
				}],
			"sum":	{
				"start":	3.00056,
				"end":	4.00086,
				"seconds":	1.0003,
				"bytes":	1835008,
				"bits_per_second":	1.46757e+07,
				"omitted":	false
			}
		}, {
			"streams":	[{
					"socket":	5,
					"start":	4.00086,
					"end":	5.00059,
					"seconds":	0.999734,
					"bytes":	1966080,
					"bits_per_second":	1.57328e+07,
					"omitted":	false
				}],
			"sum":	{
				"start":	4.00086,
				"end":	5.00059,
				"seconds":	0.999734,
				"bytes":	1966080,
				"bits_per_second":	1.57328e+07,
				"omitted":	false
			}
		}, {
			"streams":	[{
					"socket":	5,
					"start":	5.00059,
					"end":	5.0009,
					"seconds":	0.00031209,
					"bytes":	0,
					"bits_per_second":	0,
					"omitted":	false
				}],
			"sum":	{
				"start":	5.00059,
				"end":	5.0009,
				"seconds":	0.00031209,
				"bytes":	0,
				"bits_per_second":	0,
				"omitted":	false
			}
		}],
	"end":	{
		"streams":	[{
				"sender":	{
					"socket":	5,
					"start":	0,
					"end":	5.0009,
					"seconds":	5.0009,
					"bytes":	9290128,
					"bits_per_second":	1.48615e+07,
					"retransmits":	0
				},
				"receiver":	{
					"socket":	5,
					"start":	0,
					"end":	5.0009,
					"seconds":	5.0009,
					"bytes":	9290128,
					"bits_per_second":	1.48615e+07
				}
			}],
		"sum_sent":	{
			"start":	0,
			"end":	5.0009,
			"seconds":	5.0009,
			"bytes":	9290128,
			"bits_per_second":	1.48615e+07,
			"retransmits":	0
		},
		"sum_received":	{
			"start":	0,
			"end":	5.0009,
			"seconds":	5.0009,
			"bytes":	9290128,
			"bits_per_second":	1.48615e+07
		},
		"cpu_utilization_percent":	{
			"host_total":	1.37198,
			"host_user":	0,
			"host_system":	1.37198,
			"remote_total":	0.561687,
			"remote_user":	0,
			"remote_system":	0.561667
		}
	}
}
{
	"start":	{
		"connected":	[],
		"version":	"iperf 3.0.7",
		"system_info":	"Linux H9 5.4.197-0504197-generic #202206060747 SMP Mon Jun 6 09:27:47 UTC 2022 x86_64 x86_64 x86_64 GNU/Linux\n"
	},
	"intervals":	[],
	"end":	{
	},
	"error":	"interrupt - the server has terminated"
}
