{
	"start":	{
		"connected":	[{
				"socket":	5,
				"local_host":	"10.0.0.13",
				"local_port":	2004,
				"remote_host":	"10.0.0.1",
				"remote_port":	60150
			}],
		"version":	"iperf 3.0.7",
		"system_info":	"Linux MECS6 5.4.197-0504197-generic #202206060747 SMP Mon Jun 6 09:27:47 UTC 2022 x86_64 x86_64 x86_64 GNU/Linux\n",
		"timestamp":	{
			"time":	"Mon, 25 Jul 2022 21:43:52 GMT",
			"timesecs":	1658785432
		},
		"accepted_connection":	{
			"host":	"10.0.0.1",
			"port":	56326
		},
		"cookie":	"BS1.1658785432.148447.066aea4e004aad",
		"test_start":	{
			"protocol":	"UDP",
			"num_streams":	1,
			"blksize":	8192,
			"omit":	0,
			"duration":	52,
			"bytes":	0,
			"blocks":	0,
			"reverse":	0
		}
	},
	"intervals":	[{
			"streams":	[{
					"socket":	5,
					"start":	0,
					"end":	1.00021,
					"seconds":	1.00021,
					"bytes":	2613248,
					"bits_per_second":	2.09017e+07,
					"jitter_ms":	0.880601,
					"lost_packets":	26,
					"packets":	345,
					"lost_percent":	7.53623,
					"omitted":	false
				}],
			"sum":	{
				"start":	0,
				"end":	1.00021,
				"seconds":	1.00021,
				"bytes":	2613248,
				"bits_per_second":	2.09017e+07,
				"jitter_ms":	0.880601,
				"lost_packets":	26,
				"packets":	345,
				"lost_percent":	7.53623,
				"omitted":	false
			}
		}, {
			"streams":	[{
					"socket":	5,
					"start":	1.00021,
					"end":	2.00029,
					"seconds":	1.00009,
					"bytes":	3121152,
					"bits_per_second":	2.4967e+07,
					"jitter_ms":	0.47424,
					"lost_packets":	0,
					"packets":	381,
					"lost_percent":	0,
					"omitted":	false
				}],
			"sum":	{
				"start":	1.00021,
				"end":	2.00029,
				"seconds":	1.00009,
				"bytes":	3121152,
				"bits_per_second":	2.4967e+07,
				"jitter_ms":	0.47424,
				"lost_packets":	0,
				"packets":	381,
				"lost_percent":	0,
				"omitted":	false
			}
		}, {
			"streams":	[{
					"socket":	5,
					"start":	2.00029,
					"end":	3.0001,
					"seconds":	0.999807,
					"bytes":	3121152,
					"bits_per_second":	2.4974e+07,
					"jitter_ms":	0.55041,
					"lost_packets":	0,
					"packets":	381,
					"lost_percent":	0,
					"omitted":	false
				}],
			"sum":	{
				"start":	2.00029,
				"end":	3.0001,
				"seconds":	0.999807,
				"bytes":	3121152,
				"bits_per_second":	2.4974e+07,
				"jitter_ms":	0.55041,
				"lost_packets":	0,
				"packets":	381,
				"lost_percent":	0,
				"omitted":	false
			}
		}, {
			"streams":	[{
					"socket":	5,
					"start":	3.0001,
					"end":	4.00114,
					"seconds":	1.00103,
					"bytes":	3129344,
					"bits_per_second":	2.50089e+07,
					"jitter_ms":	0.619559,
					"lost_packets":	2,
					"packets":	382,
					"lost_percent":	0.52356,
					"omitted":	false
				}],
			"sum":	{
				"start":	3.0001,
				"end":	4.00114,
				"seconds":	1.00103,
				"bytes":	3129344,
				"bits_per_second":	2.50089e+07,
				"jitter_ms":	0.619559,
				"lost_packets":	2,
				"packets":	382,
				"lost_percent":	0.52356,
				"omitted":	false
			}
		}, {
			"streams":	[{
					"socket":	5,
					"start":	4.00114,
					"end":	5.0003,
					"seconds":	0.99916,
					"bytes":	3121152,
					"bits_per_second":	2.49902e+07,
					"jitter_ms":	0.583213,
					"lost_packets":	0,
					"packets":	381,
					"lost_percent":	0,
					"omitted":	false
				}],
			"sum":	{
				"start":	4.00114,
				"end":	5.0003,
				"seconds":	0.99916,
				"bytes":	3121152,
				"bits_per_second":	2.49902e+07,
				"jitter_ms":	0.583213,
				"lost_packets":	0,
				"packets":	381,
				"lost_percent":	0,
				"omitted":	false
			}
		}, {
			"streams":	[{
					"socket":	5,
					"start":	5.0003,
					"end":	6.00019,
					"seconds":	0.999892,
					"bytes":	3129344,
					"bits_per_second":	2.50375e+07,
					"jitter_ms":	0.534092,
					"lost_packets":	1,
					"packets":	382,
					"lost_percent":	0.26178,
					"omitted":	false
				}],
			"sum":	{
				"start":	5.0003,
				"end":	6.00019,
				"seconds":	0.999892,
				"bytes":	3129344,
				"bits_per_second":	2.50375e+07,
				"jitter_ms":	0.534092,
				"lost_packets":	1,
				"packets":	382,
				"lost_percent":	0.26178,
				"omitted":	false
			}
		}, {
			"streams":	[{
					"socket":	5,
					"start":	6.00019,
					"end":	7.00057,
					"seconds":	1.00038,
					"bytes":	3121152,
					"bits_per_second":	2.49598e+07,
					"jitter_ms":	0.603437,
					"lost_packets":	3,
					"packets":	381,
					"lost_percent":	0.787402,
					"omitted":	false
				}],
			"sum":	{
				"start":	6.00019,
				"end":	7.00057,
				"seconds":	1.00038,
				"bytes":	3121152,
				"bits_per_second":	2.49598e+07,
				"jitter_ms":	0.603437,
				"lost_packets":	3,
				"packets":	381,
				"lost_percent":	0.787402,
				"omitted":	false
			}
		}, {
			"streams":	[{
					"socket":	5,
					"start":	7.00057,
					"end":	8.00034,
					"seconds":	0.999771,
					"bytes":	3129344,
					"bits_per_second":	2.50405e+07,
					"jitter_ms":	0.410225,
					"lost_packets":	0,
					"packets":	382,
					"lost_percent":	0,
					"omitted":	false
				}],
			"sum":	{
				"start":	7.00057,
				"end":	8.00034,
				"seconds":	0.999771,
				"bytes":	3129344,
				"bits_per_second":	2.50405e+07,
				"jitter_ms":	0.410225,
				"lost_packets":	0,
				"packets":	382,
				"lost_percent":	0,
				"omitted":	false
			}
		}, {
			"streams":	[{
					"socket":	5,
					"start":	8.00034,
					"end":	9.00029,
					"seconds":	0.999951,
					"bytes":	3121152,
					"bits_per_second":	2.49704e+07,
					"jitter_ms":	0.506957,
					"lost_packets":	0,
					"packets":	381,
					"lost_percent":	0,
					"omitted":	false
				}],
			"sum":	{
				"start":	8.00034,
				"end":	9.00029,
				"seconds":	0.999951,
				"bytes":	3121152,
				"bits_per_second":	2.49704e+07,
				"jitter_ms":	0.506957,
				"lost_packets":	0,
				"packets":	381,
				"lost_percent":	0,
				"omitted":	false
			}
		}, {
			"streams":	[{
					"socket":	5,
					"start":	9.00029,
					"end":	10.0036,
					"seconds":	1.00329,
					"bytes":	3031040,
					"bits_per_second":	2.41688e+07,
					"jitter_ms":	0.952176,
					"lost_packets":	12,
					"packets":	382,
					"lost_percent":	3.14136,
					"omitted":	false
				}],
			"sum":	{
				"start":	9.00029,
				"end":	10.0036,
				"seconds":	1.00329,
				"bytes":	3031040,
				"bits_per_second":	2.41688e+07,
				"jitter_ms":	0.952176,
				"lost_packets":	12,
				"packets":	382,
				"lost_percent":	3.14136,
				"omitted":	false
			}
		}, {
			"streams":	[{
					"socket":	5,
					"start":	10.0036,
					"end":	11.0003,
					"seconds":	0.996692,
					"bytes":	3121152,
					"bits_per_second":	2.50521e+07,
					"jitter_ms":	0.414944,
					"lost_packets":	1,
					"packets":	381,
					"lost_percent":	0.262467,
					"omitted":	false
				}],
			"sum":	{
				"start":	10.0036,
				"end":	11.0003,
				"seconds":	0.996692,
				"bytes":	3121152,
				"bits_per_second":	2.50521e+07,
				"jitter_ms":	0.414944,
				"lost_packets":	1,
				"packets":	381,
				"lost_percent":	0.262467,
				"omitted":	false
			}
		}, {
			"streams":	[{
					"socket":	5,
					"start":	11.0003,
					"end":	12.0002,
					"seconds":	0.99995,
					"bytes":	3129344,
					"bits_per_second":	2.5036e+07,
					"jitter_ms":	0.557698,
					"lost_packets":	1,
					"packets":	382,
					"lost_percent":	0.26178,
					"omitted":	false
				}],
			"sum":	{
				"start":	11.0003,
				"end":	12.0002,
				"seconds":	0.99995,
				"bytes":	3129344,
				"bits_per_second":	2.5036e+07,
				"jitter_ms":	0.557698,
				"lost_packets":	1,
				"packets":	382,
				"lost_percent":	0.26178,
				"omitted":	false
			}
		}, {
			"streams":	[{
					"socket":	5,
					"start":	12.0002,
					"end":	13.0006,
					"seconds":	1.0004,
					"bytes":	3162112,
					"bits_per_second":	2.52869e+07,
					"jitter_ms":	0.634424,
					"lost_packets":	0,
					"packets":	386,
					"lost_percent":	0,
					"omitted":	false
				}],
			"sum":	{
				"start":	12.0002,
				"end":	13.0006,
				"seconds":	1.0004,
				"bytes":	3162112,
				"bits_per_second":	2.52869e+07,
				"jitter_ms":	0.634424,
				"lost_packets":	0,
				"packets":	386,
				"lost_percent":	0,
				"omitted":	false
			}
		}, {
			"streams":	[{
					"socket":	5,
					"start":	13.0006,
					"end":	14.0003,
					"seconds":	0.999725,
					"bytes":	3055616,
					"bits_per_second":	2.44517e+07,
					"jitter_ms":	0.478492,
					"lost_packets":	7,
					"packets":	376,
					"lost_percent":	1.8617,
					"omitted":	false
				}],
			"sum":	{
				"start":	13.0006,
				"end":	14.0003,
				"seconds":	0.999725,
				"bytes":	3055616,
				"bits_per_second":	2.44517e+07,
				"jitter_ms":	0.478492,
				"lost_packets":	7,
				"packets":	376,
				"lost_percent":	1.8617,
				"omitted":	false
			}
		}, {
			"streams":	[{
					"socket":	5,
					"start":	14.0003,
					"end":	15.0009,
					"seconds":	1.00052,
					"bytes":	3112960,
					"bits_per_second":	2.48908e+07,
					"jitter_ms":	0.745505,
					"lost_packets":	5,
					"packets":	384,
					"lost_percent":	1.30208,
					"omitted":	false
				}],
			"sum":	{
				"start":	14.0003,
				"end":	15.0009,
				"seconds":	1.00052,
				"bytes":	3112960,
				"bits_per_second":	2.48908e+07,
				"jitter_ms":	0.745505,
				"lost_packets":	5,
				"packets":	384,
				"lost_percent":	1.30208,
				"omitted":	false
			}
		}, {
			"streams":	[{
					"socket":	5,
					"start":	15.0009,
					"end":	16.0005,
					"seconds":	0.999669,
					"bytes":	3194880,
					"bits_per_second":	2.55675e+07,
					"jitter_ms":	1.44051,
					"lost_packets":	1,
					"packets":	390,
					"lost_percent":	0.25641,
					"omitted":	false
				}],
			"sum":	{
				"start":	15.0009,
				"end":	16.0005,
				"seconds":	0.999669,
				"bytes":	3194880,
				"bits_per_second":	2.55675e+07,
				"jitter_ms":	1.44051,
				"lost_packets":	1,
				"packets":	390,
				"lost_percent":	0.25641,
				"omitted":	false
			}
		}, {
			"streams":	[{
					"socket":	5,
					"start":	16.0005,
					"end":	17.0002,
					"seconds":	0.999682,
					"bytes":	1843200,
					"bits_per_second":	1.47503e+07,
					"jitter_ms":	4.2495,
					"lost_packets":	112,
					"packets":	337,
					"lost_percent":	33.2344,
					"omitted":	false
				}],
			"sum":	{
				"start":	16.0005,
				"end":	17.0002,
				"seconds":	0.999682,
				"bytes":	1843200,
				"bits_per_second":	1.47503e+07,
				"jitter_ms":	4.2495,
				"lost_packets":	112,
				"packets":	337,
				"lost_percent":	33.2344,
				"omitted":	false
			}
		}, {
			"streams":	[{
					"socket":	5,
					"start":	17.0002,
					"end":	18.0004,
					"seconds":	1.00019,
					"bytes":	573440,
					"bits_per_second":	4.58666e+06,
					"jitter_ms":	3.24795,
					"lost_packets":	324,
					"packets":	394,
					"lost_percent":	82.2335,
					"omitted":	false
				}],
			"sum":	{
				"start":	17.0002,
				"end":	18.0004,
				"seconds":	1.00019,
				"bytes":	573440,
				"bits_per_second":	4.58666e+06,
				"jitter_ms":	3.24795,
				"lost_packets":	324,
				"packets":	394,
				"lost_percent":	82.2335,
				"omitted":	false
			}
		}, {
			"streams":	[{
					"socket":	5,
					"start":	18.0004,
					"end":	19.0004,
					"seconds":	0.999995,
					"bytes":	2539520,
					"bits_per_second":	2.03163e+07,
					"jitter_ms":	1.73193,
					"lost_packets":	94,
					"packets":	403,
					"lost_percent":	23.3251,
					"omitted":	false
				}],
			"sum":	{
				"start":	18.0004,
				"end":	19.0004,
				"seconds":	0.999995,
				"bytes":	2539520,
				"bits_per_second":	2.03163e+07,
				"jitter_ms":	1.73193,
				"lost_packets":	94,
				"packets":	403,
				"lost_percent":	23.3251,
				"omitted":	false
			}
		}, {
			"streams":	[{
					"socket":	5,
					"start":	19.0004,
					"end":	20.0005,
					"seconds":	1.00009,
					"bytes":	3129344,
					"bits_per_second":	2.50326e+07,
					"jitter_ms":	0.907784,
					"lost_packets":	3,
					"packets":	382,
					"lost_percent":	0.78534,
					"omitted":	false
				}],
			"sum":	{
				"start":	19.0004,
				"end":	20.0005,
				"seconds":	1.00009,
				"bytes":	3129344,
				"bits_per_second":	2.50326e+07,
				"jitter_ms":	0.907784,
				"lost_packets":	3,
				"packets":	382,
				"lost_percent":	0.78534,
				"omitted":	false
			}
		}, {
			"streams":	[{
					"socket":	5,
					"start":	20.0005,
					"end":	21.0005,
					"seconds":	0.999991,
					"bytes":	3096576,
					"bits_per_second":	2.47728e+07,
					"jitter_ms":	0.968465,
					"lost_packets":	9,
					"packets":	381,
					"lost_percent":	2.3622,
					"omitted":	false
				}],
			"sum":	{
				"start":	20.0005,
				"end":	21.0005,
				"seconds":	0.999991,
				"bytes":	3096576,
				"bits_per_second":	2.47728e+07,
				"jitter_ms":	0.968465,
				"lost_packets":	9,
				"packets":	381,
				"lost_percent":	2.3622,
				"omitted":	false
			}
		}, {
			"streams":	[{
					"socket":	5,
					"start":	21.0005,
					"end":	22.0002,
					"seconds":	0.999685,
					"bytes":	3121152,
					"bits_per_second":	2.49771e+07,
					"jitter_ms":	0.656661,
					"lost_packets":	1,
					"packets":	381,
					"lost_percent":	0.262467,
					"omitted":	false
				}],
			"sum":	{
				"start":	21.0005,
				"end":	22.0002,
				"seconds":	0.999685,
				"bytes":	3121152,
				"bits_per_second":	2.49771e+07,
				"jitter_ms":	0.656661,
				"lost_packets":	1,
				"packets":	381,
				"lost_percent":	0.262467,
				"omitted":	false
			}
		}, {
			"streams":	[{
					"socket":	5,
					"start":	22.0002,
					"end":	23.0029,
					"seconds":	1.00271,
					"bytes":	3137536,
					"bits_per_second":	2.50324e+07,
					"jitter_ms":	0.542043,
					"lost_packets":	0,
					"packets":	383,
					"lost_percent":	0,
					"omitted":	false
				}],
			"sum":	{
				"start":	22.0002,
				"end":	23.0029,
				"seconds":	1.00271,
				"bytes":	3137536,
				"bits_per_second":	2.50324e+07,
				"jitter_ms":	0.542043,
				"lost_packets":	0,
				"packets":	383,
				"lost_percent":	0,
				"omitted":	false
			}
		}, {
			"streams":	[{
					"socket":	5,
					"start":	23.0029,
					"end":	24.0005,
					"seconds":	0.99762,
					"bytes":	3121152,
					"bits_per_second":	2.50288e+07,
					"jitter_ms":	0.595198,
					"lost_packets":	0,
					"packets":	381,
					"lost_percent":	0,
					"omitted":	false
				}],
			"sum":	{
				"start":	23.0029,
				"end":	24.0005,
				"seconds":	0.99762,
				"bytes":	3121152,
				"bits_per_second":	2.50288e+07,
				"jitter_ms":	0.595198,
				"lost_packets":	0,
				"packets":	381,
				"lost_percent":	0,
				"omitted":	false
			}
		}, {
			"streams":	[{
					"socket":	5,
					"start":	24.0005,
					"end":	25.0009,
					"seconds":	1.00042,
					"bytes":	3129344,
					"bits_per_second":	2.50243e+07,
					"jitter_ms":	0.761711,
					"lost_packets":	3,
					"packets":	383,
					"lost_percent":	0.78329,
					"omitted":	false
				}],
			"sum":	{
				"start":	24.0005,
				"end":	25.0009,
				"seconds":	1.00042,
				"bytes":	3129344,
				"bits_per_second":	2.50243e+07,
				"jitter_ms":	0.761711,
				"lost_packets":	3,
				"packets":	383,
				"lost_percent":	0.78329,
				"omitted":	false
			}
		}, {
			"streams":	[{
					"socket":	5,
					"start":	25.0009,
					"end":	26.0007,
					"seconds":	0.999801,
					"bytes":	3104768,
					"bits_per_second":	2.48431e+07,
					"jitter_ms":	0.45063,
					"lost_packets":	3,
					"packets":	379,
					"lost_percent":	0.791557,
					"omitted":	false
				}],
			"sum":	{
				"start":	25.0009,
				"end":	26.0007,
				"seconds":	0.999801,
				"bytes":	3104768,
				"bits_per_second":	2.48431e+07,
				"jitter_ms":	0.45063,
				"lost_packets":	3,
				"packets":	379,
				"lost_percent":	0.791557,
				"omitted":	false
			}
		}, {
			"streams":	[{
					"socket":	5,
					"start":	26.0007,
					"end":	27.0008,
					"seconds":	1.00007,
					"bytes":	3129344,
					"bits_per_second":	2.50331e+07,
					"jitter_ms":	0.665903,
					"lost_packets":	1,
					"packets":	382,
					"lost_percent":	0.26178,
					"omitted":	false
				}],
			"sum":	{
				"start":	26.0007,
				"end":	27.0008,
				"seconds":	1.00007,
				"bytes":	3129344,
				"bits_per_second":	2.50331e+07,
				"jitter_ms":	0.665903,
				"lost_packets":	1,
				"packets":	382,
				"lost_percent":	0.26178,
				"omitted":	false
			}
		}, {
			"streams":	[{
					"socket":	5,
					"start":	27.0008,
					"end":	28.0008,
					"seconds":	0.999975,
					"bytes":	3129344,
					"bits_per_second":	2.50354e+07,
					"jitter_ms":	1.66708,
					"lost_packets":	5,
					"packets":	384,
					"lost_percent":	1.30208,
					"omitted":	false
				}],
			"sum":	{
				"start":	27.0008,
				"end":	28.0008,
				"seconds":	0.999975,
				"bytes":	3129344,
				"bits_per_second":	2.50354e+07,
				"jitter_ms":	1.66708,
				"lost_packets":	5,
				"packets":	384,
				"lost_percent":	1.30208,
				"omitted":	false
			}
		}, {
			"streams":	[{
					"socket":	5,
					"start":	28.0008,
					"end":	29.0002,
					"seconds":	0.999478,
					"bytes":	3112960,
					"bits_per_second":	2.49167e+07,
					"jitter_ms":	1.01322,
					"lost_packets":	5,
					"packets":	380,
					"lost_percent":	1.31579,
					"omitted":	false
				}],
			"sum":	{
				"start":	28.0008,
				"end":	29.0002,
				"seconds":	0.999478,
				"bytes":	3112960,
				"bits_per_second":	2.49167e+07,
				"jitter_ms":	1.01322,
				"lost_packets":	5,
				"packets":	380,
				"lost_percent":	1.31579,
				"omitted":	false
			}
		}, {
			"streams":	[{
					"socket":	5,
					"start":	29.0002,
					"end":	30.0007,
					"seconds":	1.00048,
					"bytes":	3137536,
					"bits_per_second":	2.50883e+07,
					"jitter_ms":	0.665467,
					"lost_packets":	2,
					"packets":	383,
					"lost_percent":	0.522193,
					"omitted":	false
				}],
			"sum":	{
				"start":	29.0002,
				"end":	30.0007,
				"seconds":	1.00048,
				"bytes":	3137536,
				"bits_per_second":	2.50883e+07,
				"jitter_ms":	0.665467,
				"lost_packets":	2,
				"packets":	383,
				"lost_percent":	0.522193,
				"omitted":	false
			}
		}, {
			"streams":	[{
					"socket":	5,
					"start":	30.0007,
					"end":	31.0109,
					"seconds":	1.01019,
					"bytes":	3129344,
					"bits_per_second":	2.47823e+07,
					"jitter_ms":	1.82314,
					"lost_packets":	8,
					"packets":	382,
					"lost_percent":	2.09424,
					"omitted":	false
				}],
			"sum":	{
				"start":	30.0007,
				"end":	31.0109,
				"seconds":	1.01019,
				"bytes":	3129344,
				"bits_per_second":	2.47823e+07,
				"jitter_ms":	1.82314,
				"lost_packets":	8,
				"packets":	382,
				"lost_percent":	2.09424,
				"omitted":	false
			}
		}, {
			"streams":	[{
					"socket":	5,
					"start":	31.0109,
					"end":	32.0007,
					"seconds":	0.989819,
					"bytes":	3112960,
					"bits_per_second":	2.51598e+07,
					"jitter_ms":	0.996668,
					"lost_packets":	3,
					"packets":	381,
					"lost_percent":	0.787402,
					"omitted":	false
				}],
			"sum":	{
				"start":	31.0109,
				"end":	32.0007,
				"seconds":	0.989819,
				"bytes":	3112960,
				"bits_per_second":	2.51598e+07,
				"jitter_ms":	0.996668,
				"lost_packets":	3,
				"packets":	381,
				"lost_percent":	0.787402,
				"omitted":	false
			}
		}, {
			"streams":	[{
					"socket":	5,
					"start":	32.0007,
					"end":	33.0029,
					"seconds":	1.00219,
					"bytes":	3104768,
					"bits_per_second":	2.4784e+07,
					"jitter_ms":	1.09423,
					"lost_packets":	2,
					"packets":	379,
					"lost_percent":	0.527704,
					"omitted":	false
				}],
			"sum":	{
				"start":	32.0007,
				"end":	33.0029,
				"seconds":	1.00219,
				"bytes":	3104768,
				"bits_per_second":	2.4784e+07,
				"jitter_ms":	1.09423,
				"lost_packets":	2,
				"packets":	379,
				"lost_percent":	0.527704,
				"omitted":	false
			}
		}, {
			"streams":	[{
					"socket":	5,
					"start":	33.0029,
					"end":	34.0005,
					"seconds":	0.997631,
					"bytes":	3162112,
					"bits_per_second":	2.5357e+07,
					"jitter_ms":	0.983723,
					"lost_packets":	1,
					"packets":	386,
					"lost_percent":	0.259067,
					"omitted":	false
				}],
			"sum":	{
				"start":	33.0029,
				"end":	34.0005,
				"seconds":	0.997631,
				"bytes":	3162112,
				"bits_per_second":	2.5357e+07,
				"jitter_ms":	0.983723,
				"lost_packets":	1,
				"packets":	386,
				"lost_percent":	0.259067,
				"omitted":	false
			}
		}, {
			"streams":	[{
					"socket":	5,
					"start":	34.0005,
					"end":	35.0003,
					"seconds":	0.999757,
					"bytes":	3104768,
					"bits_per_second":	2.48442e+07,
					"jitter_ms":	0.803989,
					"lost_packets":	2,
					"packets":	379,
					"lost_percent":	0.527704,
					"omitted":	false
				}],
			"sum":	{
				"start":	34.0005,
				"end":	35.0003,
				"seconds":	0.999757,
				"bytes":	3104768,
				"bits_per_second":	2.48442e+07,
				"jitter_ms":	0.803989,
				"lost_packets":	2,
				"packets":	379,
				"lost_percent":	0.527704,
				"omitted":	false
			}
		}, {
			"streams":	[{
					"socket":	5,
					"start":	35.0003,
					"end":	36.0003,
					"seconds":	0.999975,
					"bytes":	3129344,
					"bits_per_second":	2.50354e+07,
					"jitter_ms":	0.681887,
					"lost_packets":	3,
					"packets":	384,
					"lost_percent":	0.78125,
					"omitted":	false
				}],
			"sum":	{
				"start":	35.0003,
				"end":	36.0003,
				"seconds":	0.999975,
				"bytes":	3129344,
				"bits_per_second":	2.50354e+07,
				"jitter_ms":	0.681887,
				"lost_packets":	3,
				"packets":	384,
				"lost_percent":	0.78125,
				"omitted":	false
			}
		}, {
			"streams":	[{
					"socket":	5,
					"start":	36.0003,
					"end":	37.0002,
					"seconds":	0.999976,
					"bytes":	3096576,
					"bits_per_second":	2.47732e+07,
					"jitter_ms":	0.767864,
					"lost_packets":	1,
					"packets":	378,
					"lost_percent":	0.26455,
					"omitted":	false
				}],
			"sum":	{
				"start":	36.0003,
				"end":	37.0002,
				"seconds":	0.999976,
				"bytes":	3096576,
				"bits_per_second":	2.47732e+07,
				"jitter_ms":	0.767864,
				"lost_packets":	1,
				"packets":	378,
				"lost_percent":	0.26455,
				"omitted":	false
			}
		}, {
			"streams":	[{
					"socket":	5,
					"start":	37.0002,
					"end":	38.0002,
					"seconds":	0.999965,
					"bytes":	3137536,
					"bits_per_second":	2.51012e+07,
					"jitter_ms":	0.522149,
					"lost_packets":	0,
					"packets":	383,
					"lost_percent":	0,
					"omitted":	false
				}],
			"sum":	{
				"start":	37.0002,
				"end":	38.0002,
				"seconds":	0.999965,
				"bytes":	3137536,
				"bits_per_second":	2.51012e+07,
				"jitter_ms":	0.522149,
				"lost_packets":	0,
				"packets":	383,
				"lost_percent":	0,
				"omitted":	false
			}
		}, {
			"streams":	[{
					"socket":	5,
					"start":	38.0002,
					"end":	39.0006,
					"seconds":	1.00041,
					"bytes":	3096576,
					"bits_per_second":	2.47624e+07,
					"jitter_ms":	0.383783,
					"lost_packets":	0,
					"packets":	378,
					"lost_percent":	0,
					"omitted":	false
				}],
			"sum":	{
				"start":	38.0002,
				"end":	39.0006,
				"seconds":	1.00041,
				"bytes":	3096576,
				"bits_per_second":	2.47624e+07,
				"jitter_ms":	0.383783,
				"lost_packets":	0,
				"packets":	378,
				"lost_percent":	0,
				"omitted":	false
			}
		}, {
			"streams":	[{
					"socket":	5,
					"start":	39.0006,
					"end":	40.0006,
					"seconds":	0.999976,
					"bytes":	3129344,
					"bits_per_second":	2.50353e+07,
					"jitter_ms":	0.56332,
					"lost_packets":	0,
					"packets":	382,
					"lost_percent":	0,
					"omitted":	false
				}],
			"sum":	{
				"start":	39.0006,
				"end":	40.0006,
				"seconds":	0.999976,
				"bytes":	3129344,
				"bits_per_second":	2.50353e+07,
				"jitter_ms":	0.56332,
				"lost_packets":	0,
				"packets":	382,
				"lost_percent":	0,
				"omitted":	false
			}
		}, {
			"streams":	[{
					"socket":	5,
					"start":	40.0006,
					"end":	41.0005,
					"seconds":	0.99994,
					"bytes":	3121152,
					"bits_per_second":	2.49707e+07,
					"jitter_ms":	0.699122,
					"lost_packets":	0,
					"packets":	381,
					"lost_percent":	0,
					"omitted":	false
				}],
			"sum":	{
				"start":	40.0006,
				"end":	41.0005,
				"seconds":	0.99994,
				"bytes":	3121152,
				"bits_per_second":	2.49707e+07,
				"jitter_ms":	0.699122,
				"lost_packets":	0,
				"packets":	381,
				"lost_percent":	0,
				"omitted":	false
			}
		}, {
			"streams":	[{
					"socket":	5,
					"start":	41.0005,
					"end":	42.0005,
					"seconds":	0.99996,
					"bytes":	3129344,
					"bits_per_second":	2.50358e+07,
					"jitter_ms":	0.355738,
					"lost_packets":	0,
					"packets":	382,
					"lost_percent":	0,
					"omitted":	false
				}],
			"sum":	{
				"start":	41.0005,
				"end":	42.0005,
				"seconds":	0.99996,
				"bytes":	3129344,
				"bits_per_second":	2.50358e+07,
				"jitter_ms":	0.355738,
				"lost_packets":	0,
				"packets":	382,
				"lost_percent":	0,
				"omitted":	false
			}
		}, {
			"streams":	[{
					"socket":	5,
					"start":	42.0005,
					"end":	43.0007,
					"seconds":	1.00021,
					"bytes":	3121152,
					"bits_per_second":	2.4964e+07,
					"jitter_ms":	1.22276,
					"lost_packets":	4,
					"packets":	381,
					"lost_percent":	1.04987,
					"omitted":	false
				}],
			"sum":	{
				"start":	42.0005,
				"end":	43.0007,
				"seconds":	1.00021,
				"bytes":	3121152,
				"bits_per_second":	2.4964e+07,
				"jitter_ms":	1.22276,
				"lost_packets":	4,
				"packets":	381,
				"lost_percent":	1.04987,
				"omitted":	false
			}
		}, {
			"streams":	[{
					"socket":	5,
					"start":	43.0007,
					"end":	44.0004,
					"seconds":	0.999682,
					"bytes":	3129344,
					"bits_per_second":	2.50427e+07,
					"jitter_ms":	0.526109,
					"lost_packets":	0,
					"packets":	382,
					"lost_percent":	0,
					"omitted":	false
				}],
			"sum":	{
				"start":	43.0007,
				"end":	44.0004,
				"seconds":	0.999682,
				"bytes":	3129344,
				"bits_per_second":	2.50427e+07,
				"jitter_ms":	0.526109,
				"lost_packets":	0,
				"packets":	382,
				"lost_percent":	0,
				"omitted":	false
			}
		}, {
			"streams":	[{
					"socket":	5,
					"start":	44.0004,
					"end":	45.0003,
					"seconds":	0.999955,
					"bytes":	3162112,
					"bits_per_second":	2.5298e+07,
					"jitter_ms":	0.634568,
					"lost_packets":	0,
					"packets":	386,
					"lost_percent":	0,
					"omitted":	false
				}],
			"sum":	{
				"start":	44.0004,
				"end":	45.0003,
				"seconds":	0.999955,
				"bytes":	3162112,
				"bits_per_second":	2.5298e+07,
				"jitter_ms":	0.634568,
				"lost_packets":	0,
				"packets":	386,
				"lost_percent":	0,
				"omitted":	false
			}
		}, {
			"streams":	[{
					"socket":	5,
					"start":	45.0003,
					"end":	46.0029,
					"seconds":	1.00252,
					"bytes":	3096576,
					"bits_per_second":	2.47103e+07,
					"jitter_ms":	0.786761,
					"lost_packets":	0,
					"packets":	378,
					"lost_percent":	0,
					"omitted":	false
				}],
			"sum":	{
				"start":	45.0003,
				"end":	46.0029,
				"seconds":	1.00252,
				"bytes":	3096576,
				"bits_per_second":	2.47103e+07,
				"jitter_ms":	0.786761,
				"lost_packets":	0,
				"packets":	378,
				"lost_percent":	0,
				"omitted":	false
			}
		}, {
			"streams":	[{
					"socket":	5,
					"start":	46.0029,
					"end":	47.003,
					"seconds":	1.00012,
					"bytes":	3112960,
					"bits_per_second":	2.49006e+07,
					"jitter_ms":	0.394264,
					"lost_packets":	0,
					"packets":	380,
					"lost_percent":	0,
					"omitted":	false
				}],
			"sum":	{
				"start":	46.0029,
				"end":	47.003,
				"seconds":	1.00012,
				"bytes":	3112960,
				"bits_per_second":	2.49006e+07,
				"jitter_ms":	0.394264,
				"lost_packets":	0,
				"packets":	380,
				"lost_percent":	0,
				"omitted":	false
			}
		}, {
			"streams":	[{
					"socket":	5,
					"start":	47.003,
					"end":	48.0004,
					"seconds":	0.997412,
					"bytes":	3121152,
					"bits_per_second":	2.5034e+07,
					"jitter_ms":	0.407048,
					"lost_packets":	0,
					"packets":	381,
					"lost_percent":	0,
					"omitted":	false
				}],
			"sum":	{
				"start":	47.003,
				"end":	48.0004,
				"seconds":	0.997412,
				"bytes":	3121152,
				"bits_per_second":	2.5034e+07,
				"jitter_ms":	0.407048,
				"lost_packets":	0,
				"packets":	381,
				"lost_percent":	0,
				"omitted":	false
			}
		}, {
			"streams":	[{
					"socket":	5,
					"start":	48.0004,
					"end":	49.0006,
					"seconds":	1.00021,
					"bytes":	3129344,
					"bits_per_second":	2.50294e+07,
					"jitter_ms":	0.652908,
					"lost_packets":	3,
					"packets":	382,
					"lost_percent":	0.78534,
					"omitted":	false
				}],
			"sum":	{
				"start":	48.0004,
				"end":	49.0006,
				"seconds":	1.00021,
				"bytes":	3129344,
				"bits_per_second":	2.50294e+07,
				"jitter_ms":	0.652908,
				"lost_packets":	3,
				"packets":	382,
				"lost_percent":	0.78534,
				"omitted":	false
			}
		}, {
			"streams":	[{
					"socket":	5,
					"start":	49.0006,
					"end":	50.0002,
					"seconds":	0.999551,
					"bytes":	3104768,
					"bits_per_second":	2.48493e+07,
					"jitter_ms":	0.417426,
					"lost_packets":	8,
					"packets":	382,
					"lost_percent":	2.09424,
					"omitted":	false
				}],
			"sum":	{
				"start":	49.0006,
				"end":	50.0002,
				"seconds":	0.999551,
				"bytes":	3104768,
				"bits_per_second":	2.48493e+07,
				"jitter_ms":	0.417426,
				"lost_packets":	8,
				"packets":	382,
				"lost_percent":	2.09424,
				"omitted":	false
			}
		}, {
			"streams":	[{
					"socket":	5,
					"start":	50.0002,
					"end":	51.0001,
					"seconds":	0.99998,
					"bytes":	3153920,
					"bits_per_second":	2.52319e+07,
					"jitter_ms":	0.585742,
					"lost_packets":	1,
					"packets":	385,
					"lost_percent":	0.25974,
					"omitted":	false
				}],
			"sum":	{
				"start":	50.0002,
				"end":	51.0001,
				"seconds":	0.99998,
				"bytes":	3153920,
				"bits_per_second":	2.52319e+07,
				"jitter_ms":	0.585742,
				"lost_packets":	1,
				"packets":	385,
				"lost_percent":	0.25974,
				"omitted":	false
			}
		}, {
			"streams":	[{
					"socket":	5,
					"start":	51.0001,
					"end":	52.0005,
					"seconds":	1.00034,
					"bytes":	3088384,
					"bits_per_second":	2.46987e+07,
					"jitter_ms":	0.607807,
					"lost_packets":	0,
					"packets":	377,
					"lost_percent":	0,
					"omitted":	false
				}],
			"sum":	{
				"start":	51.0001,
				"end":	52.0005,
				"seconds":	1.00034,
				"bytes":	3088384,
				"bits_per_second":	2.46987e+07,
				"jitter_ms":	0.607807,
				"lost_packets":	0,
				"packets":	377,
				"lost_percent":	0,
				"omitted":	false
			}
		}, {
			"streams":	[{
					"socket":	5,
					"start":	52.0005,
					"end":	52.0163,
					"seconds":	0.0158291,
					"bytes":	0,
					"bits_per_second":	0,
					"jitter_ms":	0.607807,
					"lost_packets":	0,
					"packets":	0,
					"lost_percent":	-nan,
					"omitted":	false
				}],
			"sum":	{
				"start":	52.0005,
				"end":	52.0163,
				"seconds":	0.0158291,
				"bytes":	0,
				"bits_per_second":	0,
				"jitter_ms":	0.607807,
				"lost_packets":	0,
				"packets":	0,
				"lost_percent":	-nan,
				"omitted":	false
			}
		}],
	"end":	{
		"streams":	[{
				"udp":	{
					"socket":	5,
					"start":	0,
					"end":	52.0163,
					"seconds":	52.0163,
					"bytes":	162193408,
					"bits_per_second":	2.4945e+07,
					"jitter_ms":	0.607807,
					"lost_packets":	657,
					"packets":	19799,
					"lost_percent":	3.31835
				}
			}],
		"sum":	{
			"start":	0,
			"end":	52.0163,
			"seconds":	52.0163,
			"bytes":	162193408,
			"bits_per_second":	2.4945e+07,
			"jitter_ms":	0.607807,
			"lost_packets":	657,
			"packets":	19799,
			"lost_percent":	3.31835
		},
		"cpu_utilization_percent":	{
			"host_total":	2.49592,
			"host_user":	0.126412,
			"host_system":	2.36952,
			"remote_total":	2.82977,
			"remote_user":	0.121119,
			"remote_system":	2.70865
		}
	},
	"error":	"OUT OF ORDER - incoming packet = 1381 and received packet = 1383 AND SP = 5",
	"error":	"OUT OF ORDER - incoming packet = 1382 and received packet = 1383 AND SP = 5",
	"error":	"OUT OF ORDER - incoming packet = 2093 and received packet = 2094 AND SP = 5",
	"error":	"OUT OF ORDER - incoming packet = 2308 and received packet = 2309 AND SP = 5",
	"error":	"OUT OF ORDER - incoming packet = 2473 and received packet = 2475 AND SP = 5",
	"error":	"OUT OF ORDER - incoming packet = 2478 and received packet = 2479 AND SP = 5",
	"error":	"OUT OF ORDER - incoming packet = 3880 and received packet = 3881 AND SP = 5",
	"error":	"OUT OF ORDER - incoming packet = 4415 and received packet = 4422 AND SP = 5",
	"error":	"OUT OF ORDER - incoming packet = 5211 and received packet = 5212 AND SP = 5",
	"error":	"OUT OF ORDER - incoming packet = 5213 and received packet = 5214 AND SP = 5",
	"error":	"OUT OF ORDER - incoming packet = 5220 and received packet = 5221 AND SP = 5",
	"error":	"OUT OF ORDER - incoming packet = 5223 and received packet = 5225 AND SP = 5",
	"error":	"OUT OF ORDER - incoming packet = 5309 and received packet = 5310 AND SP = 5",
	"error":	"OUT OF ORDER - incoming packet = 6056 and received packet = 6058 AND SP = 5",
	"error":	"OUT OF ORDER - incoming packet = 6937 and received packet = 6938 AND SP = 5",
	"error":	"OUT OF ORDER - incoming packet = 7261 and received packet = 7262 AND SP = 5",
	"error":	"OUT OF ORDER - incoming packet = 7271 and received packet = 7272 AND SP = 5",
	"error":	"OUT OF ORDER - incoming packet = 7330 and received packet = 7331 AND SP = 5",
	"error":	"OUT OF ORDER - incoming packet = 7732 and received packet = 7733 AND SP = 5",
	"error":	"OUT OF ORDER - incoming packet = 7794 and received packet = 7798 AND SP = 5",
	"error":	"OUT OF ORDER - incoming packet = 7807 and received packet = 7808 AND SP = 5",
	"error":	"OUT OF ORDER - incoming packet = 7896 and received packet = 7897 AND SP = 5",
	"error":	"OUT OF ORDER - incoming packet = 7912 and received packet = 7914 AND SP = 5",
	"error":	"OUT OF ORDER - incoming packet = 7915 and received packet = 7917 AND SP = 5",
	"error":	"OUT OF ORDER - incoming packet = 8312 and received packet = 8313 AND SP = 5",
	"error":	"OUT OF ORDER - incoming packet = 9467 and received packet = 9470 AND SP = 5",
	"error":	"OUT OF ORDER - incoming packet = 9477 and received packet = 9479 AND SP = 5",
	"error":	"OUT OF ORDER - incoming packet = 9740 and received packet = 9743 AND SP = 5",
	"error":	"OUT OF ORDER - incoming packet = 9742 and received packet = 9745 AND SP = 5",
	"error":	"OUT OF ORDER - incoming packet = 9755 and received packet = 9756 AND SP = 5",
	"error":	"OUT OF ORDER - incoming packet = 9885 and received packet = 9886 AND SP = 5",
	"error":	"OUT OF ORDER - incoming packet = 10303 and received packet = 10304 AND SP = 5",
	"error":	"OUT OF ORDER - incoming packet = 10316 and received packet = 10318 AND SP = 5",
	"error":	"OUT OF ORDER - incoming packet = 10582 and received packet = 10583 AND SP = 5",
	"error":	"OUT OF ORDER - incoming packet = 10654 and received packet = 10655 AND SP = 5",
	"error":	"OUT OF ORDER - incoming packet = 10668 and received packet = 10669 AND SP = 5",
	"error":	"OUT OF ORDER - incoming packet = 10672 and received packet = 10674 AND SP = 5",
	"error":	"OUT OF ORDER - incoming packet = 10787 and received packet = 10789 AND SP = 5",
	"error":	"OUT OF ORDER - incoming packet = 10788 and received packet = 10789 AND SP = 5",
	"error":	"OUT OF ORDER - incoming packet = 11275 and received packet = 11276 AND SP = 5",
	"error":	"OUT OF ORDER - incoming packet = 11284 and received packet = 11285 AND SP = 5",
	"error":	"OUT OF ORDER - incoming packet = 11465 and received packet = 11466 AND SP = 5",
	"error":	"OUT OF ORDER - incoming packet = 11506 and received packet = 11507 AND SP = 5",
	"error":	"OUT OF ORDER - incoming packet = 11509 and received packet = 11510 AND SP = 5",
	"error":	"OUT OF ORDER - incoming packet = 11640 and received packet = 11644 AND SP = 5",
	"error":	"OUT OF ORDER - incoming packet = 11720 and received packet = 11721 AND SP = 5",
	"error":	"OUT OF ORDER - incoming packet = 11726 and received packet = 11727 AND SP = 5",
	"error":	"OUT OF ORDER - incoming packet = 11778 and received packet = 11779 AND SP = 5",
	"error":	"OUT OF ORDER - incoming packet = 11781 and received packet = 11782 AND SP = 5",
	"error":	"OUT OF ORDER - incoming packet = 11882 and received packet = 11883 AND SP = 5",
	"error":	"OUT OF ORDER - incoming packet = 12020 and received packet = 12021 AND SP = 5",
	"error":	"OUT OF ORDER - incoming packet = 12292 and received packet = 12293 AND SP = 5",
	"error":	"OUT OF ORDER - incoming packet = 12401 and received packet = 12402 AND SP = 5",
	"error":	"OUT OF ORDER - incoming packet = 12669 and received packet = 12670 AND SP = 5",
	"error":	"OUT OF ORDER - incoming packet = 13248 and received packet = 13249 AND SP = 5",
	"error":	"OUT OF ORDER - incoming packet = 13250 and received packet = 13251 AND SP = 5",
	"error":	"OUT OF ORDER - incoming packet = 13684 and received packet = 13687 AND SP = 5",
	"error":	"OUT OF ORDER - incoming packet = 13936 and received packet = 13942 AND SP = 5",
	"error":	"OUT OF ORDER - incoming packet = 16308 and received packet = 16312 AND SP = 5",
	"error":	"OUT OF ORDER - incoming packet = 16309 and received packet = 16312 AND SP = 5",
	"error":	"OUT OF ORDER - incoming packet = 16310 and received packet = 16312 AND SP = 5",
	"error":	"OUT OF ORDER - incoming packet = 16311 and received packet = 16312 AND SP = 5",
	"error":	"OUT OF ORDER - incoming packet = 18393 and received packet = 18394 AND SP = 5",
	"error":	"OUT OF ORDER - incoming packet = 18420 and received packet = 18424 AND SP = 5",
	"error":	"OUT OF ORDER - incoming packet = 18421 and received packet = 18424 AND SP = 5",
	"error":	"OUT OF ORDER - incoming packet = 18718 and received packet = 18720 AND SP = 5",
	"error":	"OUT OF ORDER - incoming packet = 18719 and received packet = 18720 AND SP = 5",
	"error":	"OUT OF ORDER - incoming packet = 18744 and received packet = 18745 AND SP = 5",
	"error":	"OUT OF ORDER - incoming packet = 18941 and received packet = 18942 AND SP = 5",
	"error":	"OUT OF ORDER - incoming packet = 18946 and received packet = 18948 AND SP = 5",
	"error":	"OUT OF ORDER - incoming packet = 19390 and received packet = 19392 AND SP = 5"
}
