{
	"start":	{
		"connected":	[{
				"socket":	5,
				"local_host":	"10.0.0.10",
				"local_port":	2800,
				"remote_host":	"10.0.0.2",
				"remote_port":	51380
			}],
		"version":	"iperf 3.0.7",
		"system_info":	"Linux MECS3 5.4.197-0504197-generic #202206060747 SMP Mon Jun 6 09:27:47 UTC 2022 x86_64 x86_64 x86_64 GNU/Linux\n",
		"timestamp":	{
			"time":	"Mon, 25 Jul 2022 21:52:46 GMT",
			"timesecs":	1658785966
		},
		"accepted_connection":	{
			"host":	"10.0.0.2",
			"port":	51378
		},
		"cookie":	"BS2.1658785965.291524.55f3ed4e306159",
		"tcp_mss_default":	1448,
		"test_start":	{
			"protocol":	"TCP",
			"num_streams":	1,
			"blksize":	131072,
			"omit":	0,
			"duration":	8,
			"bytes":	0,
			"blocks":	0,
			"reverse":	0
		}
	},
	"intervals":	[{
			"streams":	[{
					"socket":	5,
					"start":	0,
					"end":	1.00047,
					"seconds":	1.00047,
					"bytes":	11350136,
					"bits_per_second":	9.07585e+07,
					"omitted":	false
				}],
			"sum":	{
				"start":	0,
				"end":	1.00047,
				"seconds":	1.00047,
				"bytes":	11350136,
				"bits_per_second":	9.07585e+07,
				"omitted":	false
			}
		}, {
			"streams":	[{
					"socket":	5,
					"start":	1.00047,
					"end":	2.00036,
					"seconds":	0.999887,
					"bytes":	12582912,
					"bits_per_second":	1.00675e+08,
					"omitted":	false
				}],
			"sum":	{
				"start":	1.00047,
				"end":	2.00036,
				"seconds":	0.999887,
				"bytes":	12582912,
				"bits_per_second":	1.00675e+08,
				"omitted":	false
			}
		}, {
			"streams":	[{
					"socket":	5,
					"start":	2.00036,
					"end":	3.00736,
					"seconds":	1.007,
					"bytes":	12451840,
					"bits_per_second":	9.8922e+07,
					"omitted":	false
				}],
			"sum":	{
				"start":	2.00036,
				"end":	3.00736,
				"seconds":	1.007,
				"bytes":	12451840,
				"bits_per_second":	9.8922e+07,
				"omitted":	false
			}
		}, {
			"streams":	[{
					"socket":	5,
					"start":	3.00736,
					"end":	4.0003,
					"seconds":	0.992946,
					"bytes":	12451840,
					"bits_per_second":	1.00322e+08,
					"omitted":	false
				}],
			"sum":	{
				"start":	3.00736,
				"end":	4.0003,
				"seconds":	0.992946,
				"bytes":	12451840,
				"bits_per_second":	1.00322e+08,
				"omitted":	false
			}
		}, {
			"streams":	[{
					"socket":	5,
					"start":	4.0003,
					"end":	5.00037,
					"seconds":	1.00007,
					"bytes":	12451840,
					"bits_per_second":	9.9608e+07,
					"omitted":	false
				}],
			"sum":	{
				"start":	4.0003,
				"end":	5.00037,
				"seconds":	1.00007,
				"bytes":	12451840,
				"bits_per_second":	9.9608e+07,
				"omitted":	false
			}
		}, {
			"streams":	[{
					"socket":	5,
					"start":	5.00037,
					"end":	6.00092,
					"seconds":	1.00054,
					"bytes":	12582912,
					"bits_per_second":	1.00609e+08,
					"omitted":	false
				}],
			"sum":	{
				"start":	5.00037,
				"end":	6.00092,
				"seconds":	1.00054,
				"bytes":	12582912,
				"bits_per_second":	1.00609e+08,
				"omitted":	false
			}
		}, {
			"streams":	[{
					"socket":	5,
					"start":	6.00092,
					"end":	7.00038,
					"seconds":	0.999465,
					"bytes":	12451840,
					"bits_per_second":	9.9668e+07,
					"omitted":	false
				}],
			"sum":	{
				"start":	6.00092,
				"end":	7.00038,
				"seconds":	0.999465,
				"bytes":	12451840,
				"bits_per_second":	9.9668e+07,
				"omitted":	false
			}
		}, {
			"streams":	[{
					"socket":	5,
					"start":	7.00038,
					"end":	8.0002,
					"seconds":	0.999823,
					"bytes":	12582912,
					"bits_per_second":	1.00681e+08,
					"omitted":	false
				}],
			"sum":	{
				"start":	7.00038,
				"end":	8.0002,
				"seconds":	0.999823,
				"bytes":	12582912,
				"bits_per_second":	1.00681e+08,
				"omitted":	false
			}
		}, {
			"streams":	[{
					"socket":	5,
					"start":	8.0002,
					"end":	8.02622,
					"seconds":	0.026016,
					"bytes":	0,
					"bits_per_second":	0,
					"omitted":	false
				}],
			"sum":	{
				"start":	8.0002,
				"end":	8.02622,
				"seconds":	0.026016,
				"bytes":	0,
				"bits_per_second":	0,
				"omitted":	false
			}
		}],
	"end":	{
		"streams":	[{
				"sender":	{
					"socket":	5,
					"start":	0,
					"end":	8.02622,
					"seconds":	8.02622,
					"bytes":	98906232,
					"bits_per_second":	9.85831e+07,
					"retransmits":	20
				},
				"receiver":	{
					"socket":	5,
					"start":	0,
					"end":	8.02622,
					"seconds":	8.02622,
					"bytes":	98906232,
					"bits_per_second":	9.85831e+07
				}
			}],
		"sum_sent":	{
			"start":	0,
			"end":	8.02622,
			"seconds":	8.02622,
			"bytes":	98906232,
			"bits_per_second":	9.85831e+07,
			"retransmits":	20
		},
		"sum_received":	{
			"start":	0,
			"end":	8.02622,
			"seconds":	8.02622,
			"bytes":	98906232,
			"bits_per_second":	9.85831e+07
		},
		"cpu_utilization_percent":	{
			"host_total":	4.16651,
			"host_user":	0.414181,
			"host_system":	3.75234,
			"remote_total":	2.07719,
			"remote_user":	0.148953,
			"remote_system":	1.92827
		}
	}
}
