{
	"start":	{
		"connected":	[{
				"socket":	5,
				"local_host":	"10.0.0.8",
				"local_port":	1221,
				"remote_host":	"10.0.0.3",
				"remote_port":	58380
			}],
		"version":	"iperf 3.0.7",
		"system_info":	"Linux H8 5.4.197-0504197-generic #202206060747 SMP Mon Jun 6 09:27:47 UTC 2022 x86_64 x86_64 x86_64 GNU/Linux\n",
		"timestamp":	{
			"time":	"Fri, 22 Jul 2022 15:01:59 GMT",
			"timesecs":	1658502119
		},
		"accepted_connection":	{
			"host":	"10.0.0.3",
			"port":	58378
		},
		"cookie":	"H3.1658502119.459152.5f1bd04e61c3fe1",
		"tcp_mss_default":	1448,
		"test_start":	{
			"protocol":	"TCP",
			"num_streams":	1,
			"blksize":	131072,
			"omit":	0,
			"duration":	5,
			"bytes":	0,
			"blocks":	0,
			"reverse":	0
		}
	},
	"intervals":	[{
			"streams":	[{
					"socket":	5,
					"start":	0,
					"end":	1.00109,
					"seconds":	1.00109,
					"bytes":	1819024,
					"bits_per_second":	1.45363e+07,
					"omitted":	false
				}],
			"sum":	{
				"start":	0,
				"end":	1.00109,
				"seconds":	1.00109,
				"bytes":	1819024,
				"bits_per_second":	1.45363e+07,
				"omitted":	false
			}
		}, {
			"streams":	[{
					"socket":	5,
					"start":	1.00109,
					"end":	2.00071,
					"seconds":	0.999619,
					"bytes":	1835008,
					"bits_per_second":	1.46857e+07,
					"omitted":	false
				}],
			"sum":	{
				"start":	1.00109,
				"end":	2.00071,
				"seconds":	0.999619,
				"bytes":	1835008,
				"bits_per_second":	1.46857e+07,
				"omitted":	false
			}
		}, {
			"streams":	[{
					"socket":	5,
					"start":	2.00071,
					"end":	3.00045,
					"seconds":	0.999736,
					"bytes":	1835008,
					"bits_per_second":	1.46839e+07,
					"omitted":	false
				}],
			"sum":	{
				"start":	2.00071,
				"end":	3.00045,
				"seconds":	0.999736,
				"bytes":	1835008,
				"bits_per_second":	1.46839e+07,
				"omitted":	false
			}
		}, {
			"streams":	[{
					"socket":	5,
					"start":	3.00045,
					"end":	4.00162,
					"seconds":	1.00118,
					"bytes":	1869760,
					"bits_per_second":	1.49405e+07,
					"omitted":	false
				}],
			"sum":	{
				"start":	3.00045,
				"end":	4.00162,
				"seconds":	1.00118,
				"bytes":	1869760,
				"bits_per_second":	1.49405e+07,
				"omitted":	false
			}
		}, {
			"streams":	[{
					"socket":	5,
					"start":	4.00162,
					"end":	5.00096,
					"seconds":	0.999332,
					"bytes":	1931328,
					"bits_per_second":	1.5461e+07,
					"omitted":	false
				}],
			"sum":	{
				"start":	4.00162,
				"end":	5.00096,
				"seconds":	0.999332,
				"bytes":	1931328,
				"bits_per_second":	1.5461e+07,
				"omitted":	false
			}
		}, {
			"streams":	[{
					"socket":	5,
					"start":	5.00096,
					"end":	5.00119,
					"seconds":	0.000236034,
					"bytes":	0,
					"bits_per_second":	0,
					"omitted":	false
				}],
			"sum":	{
				"start":	5.00096,
				"end":	5.00119,
				"seconds":	0.000236034,
				"bytes":	0,
				"bits_per_second":	0,
				"omitted":	false
			}
		}],
	"end":	{
		"streams":	[{
				"sender":	{
					"socket":	5,
					"start":	0,
					"end":	5.00119,
					"seconds":	5.00119,
					"bytes":	9290128,
					"bits_per_second":	1.48607e+07,
					"retransmits":	0
				},
				"receiver":	{
					"socket":	5,
					"start":	0,
					"end":	5.00119,
					"seconds":	5.00119,
					"bytes":	9290128,
					"bits_per_second":	1.48607e+07
				}
			}],
		"sum_sent":	{
			"start":	0,
			"end":	5.00119,
			"seconds":	5.00119,
			"bytes":	9290128,
			"bits_per_second":	1.48607e+07,
			"retransmits":	0
		},
		"sum_received":	{
			"start":	0,
			"end":	5.00119,
			"seconds":	5.00119,
			"bytes":	9290128,
			"bits_per_second":	1.48607e+07
		},
		"cpu_utilization_percent":	{
			"host_total":	3.70644,
			"host_user":	0.636338,
			"host_system":	3.07006,
			"remote_total":	1.03437,
			"remote_user":	0.322086,
			"remote_system":	0.71218
		}
	}
}
