{
	"start":	{
		"connected":	[{
				"socket":	5,
				"local_host":	"10.0.0.21",
				"local_port":	3016,
				"remote_host":	"10.0.0.2",
				"remote_port":	40060
			}],
		"version":	"iperf 3.0.7",
		"system_info":	"Linux CS7 5.4.197-0504197-generic #202206060747 SMP Mon Jun 6 09:27:47 UTC 2022 x86_64 x86_64 x86_64 GNU/Linux\n",
		"timestamp":	{
			"time":	"Mon, 25 Jul 2022 21:43:14 GMT",
			"timesecs":	1658785394
		},
		"accepted_connection":	{
			"host":	"10.0.0.2",
			"port":	40058
		},
		"cookie":	"BS2.1658785394.742366.6442320d30932a",
		"tcp_mss_default":	1448,
		"test_start":	{
			"protocol":	"TCP",
			"num_streams":	1,
			"blksize":	131072,
			"omit":	0,
			"duration":	16,
			"bytes":	0,
			"blocks":	0,
			"reverse":	0
		}
	},
	"intervals":	[{
			"streams":	[{
					"socket":	5,
					"start":	0,
					"end":	1.00009,
					"seconds":	1.00009,
					"bytes":	2788600,
					"bits_per_second":	2.23067e+07,
					"omitted":	false
				}],
			"sum":	{
				"start":	0,
				"end":	1.00009,
				"seconds":	1.00009,
				"bytes":	2788600,
				"bits_per_second":	2.23067e+07,
				"omitted":	false
			}
		}, {
			"streams":	[{
					"socket":	5,
					"start":	1.00009,
					"end":	2.00052,
					"seconds":	1.00043,
					"bytes":	2448904,
					"bits_per_second":	1.95828e+07,
					"omitted":	false
				}],
			"sum":	{
				"start":	1.00009,
				"end":	2.00052,
				"seconds":	1.00043,
				"bytes":	2448904,
				"bits_per_second":	1.95828e+07,
				"omitted":	false
			}
		}, {
			"streams":	[{
					"socket":	5,
					"start":	2.00052,
					"end":	3.00036,
					"seconds":	0.999831,
					"bytes":	2949576,
					"bits_per_second":	2.36006e+07,
					"omitted":	false
				}],
			"sum":	{
				"start":	2.00052,
				"end":	3.00036,
				"seconds":	0.999831,
				"bytes":	2949576,
				"bits_per_second":	2.36006e+07,
				"omitted":	false
			}
		}, {
			"streams":	[{
					"socket":	5,
					"start":	3.00036,
					"end":	4.00016,
					"seconds":	0.99981,
					"bytes":	2419608,
					"bits_per_second":	1.93605e+07,
					"omitted":	false
				}],
			"sum":	{
				"start":	3.00036,
				"end":	4.00016,
				"seconds":	0.99981,
				"bytes":	2419608,
				"bits_per_second":	1.93605e+07,
				"omitted":	false
			}
		}, {
			"streams":	[{
					"socket":	5,
					"start":	4.00016,
					"end":	5.00058,
					"seconds":	1.00042,
					"bytes":	1181568,
					"bits_per_second":	9.44859e+06,
					"omitted":	false
				}],
			"sum":	{
				"start":	4.00016,
				"end":	5.00058,
				"seconds":	1.00042,
				"bytes":	1181568,
				"bits_per_second":	9.44859e+06,
				"omitted":	false
			}
		}, {
			"streams":	[{
					"socket":	5,
					"start":	5.00058,
					"end":	6.00049,
					"seconds":	0.999903,
					"bytes":	2458704,
					"bits_per_second":	1.96715e+07,
					"omitted":	false
				}],
			"sum":	{
				"start":	5.00058,
				"end":	6.00049,
				"seconds":	0.999903,
				"bytes":	2458704,
				"bits_per_second":	1.96715e+07,
				"omitted":	false
			}
		}, {
			"streams":	[{
					"socket":	5,
					"start":	6.00049,
					"end":	7.00005,
					"seconds":	0.999564,
					"bytes":	3103064,
					"bits_per_second":	2.48353e+07,
					"omitted":	false
				}],
			"sum":	{
				"start":	6.00049,
				"end":	7.00005,
				"seconds":	0.999564,
				"bytes":	3103064,
				"bits_per_second":	2.48353e+07,
				"omitted":	false
			}
		}, {
			"streams":	[{
					"socket":	5,
					"start":	7.00005,
					"end":	8.0002,
					"seconds":	1.00015,
					"bytes":	3689504,
					"bits_per_second":	2.95115e+07,
					"omitted":	false
				}],
			"sum":	{
				"start":	7.00005,
				"end":	8.0002,
				"seconds":	1.00015,
				"bytes":	3689504,
				"bits_per_second":	2.95115e+07,
				"omitted":	false
			}
		}, {
			"streams":	[{
					"socket":	5,
					"start":	8.0002,
					"end":	9.00024,
					"seconds":	1.00004,
					"bytes":	4083360,
					"bits_per_second":	3.26657e+07,
					"omitted":	false
				}],
			"sum":	{
				"start":	8.0002,
				"end":	9.00024,
				"seconds":	1.00004,
				"bytes":	4083360,
				"bits_per_second":	3.26657e+07,
				"omitted":	false
			}
		}, {
			"streams":	[{
					"socket":	5,
					"start":	9.00024,
					"end":	10.0004,
					"seconds":	1.00014,
					"bytes":	3522984,
					"bits_per_second":	2.818e+07,
					"omitted":	false
				}],
			"sum":	{
				"start":	9.00024,
				"end":	10.0004,
				"seconds":	1.00014,
				"bytes":	3522984,
				"bits_per_second":	2.818e+07,
				"omitted":	false
			}
		}, {
			"streams":	[{
					"socket":	5,
					"start":	10.0004,
					"end":	11.0005,
					"seconds":	1.00009,
					"bytes":	3014736,
					"bits_per_second":	2.41157e+07,
					"omitted":	false
				}],
			"sum":	{
				"start":	10.0004,
				"end":	11.0005,
				"seconds":	1.00009,
				"bytes":	3014736,
				"bits_per_second":	2.41157e+07,
				"omitted":	false
			}
		}, {
			"streams":	[{
					"socket":	5,
					"start":	11.0005,
					"end":	12.0007,
					"seconds":	1.00023,
					"bytes":	4047160,
					"bits_per_second":	3.23699e+07,
					"omitted":	false
				}],
			"sum":	{
				"start":	11.0005,
				"end":	12.0007,
				"seconds":	1.00023,
				"bytes":	4047160,
				"bits_per_second":	3.23699e+07,
				"omitted":	false
			}
		}, {
			"streams":	[{
					"socket":	5,
					"start":	12.0007,
					"end":	13.0007,
					"seconds":	0.999964,
					"bytes":	4494592,
					"bits_per_second":	3.5958e+07,
					"omitted":	false
				}],
			"sum":	{
				"start":	12.0007,
				"end":	13.0007,
				"seconds":	0.999964,
				"bytes":	4494592,
				"bits_per_second":	3.5958e+07,
				"omitted":	false
			}
		}, {
			"streams":	[{
					"socket":	5,
					"start":	13.0007,
					"end":	14.0002,
					"seconds":	0.999573,
					"bytes":	3275032,
					"bits_per_second":	2.62114e+07,
					"omitted":	false
				}],
			"sum":	{
				"start":	13.0007,
				"end":	14.0002,
				"seconds":	0.999573,
				"bytes":	3275032,
				"bits_per_second":	2.62114e+07,
				"omitted":	false
			}
		}, {
			"streams":	[{
					"socket":	5,
					"start":	14.0002,
					"end":	15.0001,
					"seconds":	0.999886,
					"bytes":	3145032,
					"bits_per_second":	2.51631e+07,
					"omitted":	false
				}],
			"sum":	{
				"start":	14.0002,
				"end":	15.0001,
				"seconds":	0.999886,
				"bytes":	3145032,
				"bits_per_second":	2.51631e+07,
				"omitted":	false
			}
		}, {
			"streams":	[{
					"socket":	5,
					"start":	15.0001,
					"end":	16.0003,
					"seconds":	1.00019,
					"bytes":	3146480,
					"bits_per_second":	2.5167e+07,
					"omitted":	false
				}],
			"sum":	{
				"start":	15.0001,
				"end":	16.0003,
				"seconds":	1.00019,
				"bytes":	3146480,
				"bits_per_second":	2.5167e+07,
				"omitted":	false
			}
		}, {
			"streams":	[{
					"socket":	5,
					"start":	16.0003,
					"end":	16.0502,
					"seconds":	0.0499151,
					"bytes":	0,
					"bits_per_second":	0,
					"omitted":	false
				}],
			"sum":	{
				"start":	16.0003,
				"end":	16.0502,
				"seconds":	0.0499151,
				"bytes":	0,
				"bits_per_second":	0,
				"omitted":	false
			}
		}],
	"end":	{
		"streams":	[{
				"sender":	{
					"socket":	5,
					"start":	0,
					"end":	16.0502,
					"seconds":	16.0502,
					"bytes":	49768904,
					"bits_per_second":	2.48066e+07,
					"retransmits":	4
				},
				"receiver":	{
					"socket":	5,
					"start":	0,
					"end":	16.0502,
					"seconds":	16.0502,
					"bytes":	49768904,
					"bits_per_second":	2.48066e+07
				}
			}],
		"sum_sent":	{
			"start":	0,
			"end":	16.0502,
			"seconds":	16.0502,
			"bytes":	49768904,
			"bits_per_second":	2.48066e+07,
			"retransmits":	4
		},
		"sum_received":	{
			"start":	0,
			"end":	16.0502,
			"seconds":	16.0502,
			"bytes":	49768904,
			"bits_per_second":	2.48066e+07
		},
		"cpu_utilization_percent":	{
			"host_total":	4.03518,
			"host_user":	0.445903,
			"host_system":	3.58925,
			"remote_total":	1.64875,
			"remote_user":	0.149038,
			"remote_system":	1.49965
		}
	}
}
