{
	"start":	{
		"connected":	[{
				"socket":	5,
				"local_host":	"10.0.0.11",
				"local_port":	3092,
				"remote_host":	"10.0.0.4",
				"remote_port":	37664
			}],
		"version":	"iperf 3.0.7",
		"system_info":	"Linux H11 5.4.197-0504197-generic #202206060747 SMP Mon Jun 6 09:27:47 UTC 2022 x86_64 x86_64 x86_64 GNU/Linux\n",
		"timestamp":	{
			"time":	"Fri, 22 Jul 2022 16:21:02 GMT",
			"timesecs":	1658506862
		},
		"accepted_connection":	{
			"host":	"10.0.0.4",
			"port":	37662
		},
		"cookie":	"H4.1658506862.420569.5477c60537d1c4d",
		"tcp_mss_default":	1448,
		"test_start":	{
			"protocol":	"TCP",
			"num_streams":	1,
			"blksize":	131072,
			"omit":	0,
			"duration":	5,
			"bytes":	0,
			"blocks":	0,
			"reverse":	0
		}
	},
	"intervals":	[{
			"streams":	[{
					"socket":	5,
					"start":	0,
					"end":	1.001,
					"seconds":	1.001,
					"bytes":	1703936,
					"bits_per_second":	1.36179e+07,
					"omitted":	false
				}],
			"sum":	{
				"start":	0,
				"end":	1.001,
				"seconds":	1.001,
				"bytes":	1703936,
				"bits_per_second":	1.36179e+07,
				"omitted":	false
			}
		}, {
			"streams":	[{
					"socket":	5,
					"start":	1.001,
					"end":	2.00082,
					"seconds":	0.999825,
					"bytes":	1996488,
					"bits_per_second":	1.59747e+07,
					"omitted":	false
				}],
			"sum":	{
				"start":	1.001,
				"end":	2.00082,
				"seconds":	0.999825,
				"bytes":	1996488,
				"bits_per_second":	1.59747e+07,
				"omitted":	false
			}
		}, {
			"streams":	[{
					"socket":	5,
					"start":	2.00082,
					"end":	3.00097,
					"seconds":	1.00015,
					"bytes":	1804600,
					"bits_per_second":	1.44346e+07,
					"omitted":	false
				}],
			"sum":	{
				"start":	2.00082,
				"end":	3.00097,
				"seconds":	1.00015,
				"bytes":	1804600,
				"bits_per_second":	1.44346e+07,
				"omitted":	false
			}
		}, {
			"streams":	[{
					"socket":	5,
					"start":	3.00097,
					"end":	4.00037,
					"seconds":	0.9994,
					"bytes":	1835008,
					"bits_per_second":	1.46889e+07,
					"omitted":	false
				}],
			"sum":	{
				"start":	3.00097,
				"end":	4.00037,
				"seconds":	0.9994,
				"bytes":	1835008,
				"bits_per_second":	1.46889e+07,
				"omitted":	false
			}
		}, {
			"streams":	[{
					"socket":	5,
					"start":	4.00037,
					"end":	5.00059,
					"seconds":	1.00021,
					"bytes":	1966080,
					"bits_per_second":	1.57253e+07,
					"omitted":	false
				}],
			"sum":	{
				"start":	4.00037,
				"end":	5.00059,
				"seconds":	1.00021,
				"bytes":	1966080,
				"bits_per_second":	1.57253e+07,
				"omitted":	false
			}
		}],
	"end":	{
		"streams":	[{
				"sender":	{
					"socket":	5,
					"start":	0,
					"end":	5.00059,
					"seconds":	5.00059,
					"bytes":	9306112,
					"bits_per_second":	1.4888e+07,
					"retransmits":	0
				},
				"receiver":	{
					"socket":	5,
					"start":	0,
					"end":	5.00059,
					"seconds":	5.00059,
					"bytes":	9306112,
					"bits_per_second":	1.4888e+07
				}
			}],
		"sum_sent":	{
			"start":	0,
			"end":	5.00059,
			"seconds":	5.00059,
			"bytes":	9306112,
			"bits_per_second":	1.4888e+07,
			"retransmits":	0
		},
		"sum_received":	{
			"start":	0,
			"end":	5.00059,
			"seconds":	5.00059,
			"bytes":	9306112,
			"bits_per_second":	1.4888e+07
		},
		"cpu_utilization_percent":	{
			"host_total":	1.44712,
			"host_user":	0.752555,
			"host_system":	0.694543,
			"remote_total":	0.595944,
			"remote_user":	0,
			"remote_system":	0.595824
		}
	}
}
{
	"start":	{
		"connected":	[],
		"version":	"iperf 3.0.7",
		"system_info":	"Linux H11 5.4.197-0504197-generic #202206060747 SMP Mon Jun 6 09:27:47 UTC 2022 x86_64 x86_64 x86_64 GNU/Linux\n"
	},
	"intervals":	[],
	"end":	{
	},
	"error":	"interrupt - the server has terminated"
}
