{
	"start":	{
		"connected":	[{
				"socket":	5,
				"local_host":	"10.0.0.12",
				"local_port":	4006,
				"remote_host":	"10.0.0.2",
				"remote_port":	60177
			}],
		"version":	"iperf 3.0.7",
		"system_info":	"Linux MECS5 5.4.197-0504197-generic #202206060747 SMP Mon Jun 6 09:27:47 UTC 2022 x86_64 x86_64 x86_64 GNU/Linux\n",
		"timestamp":	{
			"time":	"Mon, 25 Jul 2022 21:48:27 GMT",
			"timesecs":	1658785707
		},
		"accepted_connection":	{
			"host":	"10.0.0.2",
			"port":	56350
		},
		"cookie":	"BS2.1658785707.413866.3a3605b657c4db",
		"test_start":	{
			"protocol":	"UDP",
			"num_streams":	1,
			"blksize":	8192,
			"omit":	0,
			"duration":	10,
			"bytes":	0,
			"blocks":	0,
			"reverse":	0
		}
	},
	"intervals":	[{
			"streams":	[{
					"socket":	5,
					"start":	0,
					"end":	1.00649,
					"seconds":	1.00649,
					"bytes":	2703360,
					"bits_per_second":	2.14873e+07,
					"jitter_ms":	1.60342,
					"lost_packets":	56,
					"packets":	337,
					"lost_percent":	16.6172,
					"omitted":	false
				}],
			"sum":	{
				"start":	0,
				"end":	1.00649,
				"seconds":	1.00649,
				"bytes":	2703360,
				"bits_per_second":	2.14873e+07,
				"jitter_ms":	1.60342,
				"lost_packets":	56,
				"packets":	337,
				"lost_percent":	16.6172,
				"omitted":	false
			}
		}, {
			"streams":	[{
					"socket":	5,
					"start":	1.00649,
					"end":	2.00108,
					"seconds":	0.994585,
					"bytes":	2768896,
					"bits_per_second":	2.22718e+07,
					"jitter_ms":	4.92153,
					"lost_packets":	20,
					"packets":	341,
					"lost_percent":	5.8651,
					"omitted":	false
				}],
			"sum":	{
				"start":	1.00649,
				"end":	2.00108,
				"seconds":	0.994585,
				"bytes":	2768896,
				"bits_per_second":	2.22718e+07,
				"jitter_ms":	4.92153,
				"lost_packets":	20,
				"packets":	341,
				"lost_percent":	5.8651,
				"omitted":	false
			}
		}, {
			"streams":	[{
					"socket":	5,
					"start":	2.00108,
					"end":	3.01062,
					"seconds":	1.00954,
					"bytes":	3260416,
					"bits_per_second":	2.58368e+07,
					"jitter_ms":	2.76789,
					"lost_packets":	37,
					"packets":	401,
					"lost_percent":	9.22693,
					"omitted":	false
				}],
			"sum":	{
				"start":	2.00108,
				"end":	3.01062,
				"seconds":	1.00954,
				"bytes":	3260416,
				"bits_per_second":	2.58368e+07,
				"jitter_ms":	2.76789,
				"lost_packets":	37,
				"packets":	401,
				"lost_percent":	9.22693,
				"omitted":	false
			}
		}, {
			"streams":	[{
					"socket":	5,
					"start":	3.01062,
					"end":	4.00054,
					"seconds":	0.989922,
					"bytes":	3104768,
					"bits_per_second":	2.5091e+07,
					"jitter_ms":	1.0162,
					"lost_packets":	28,
					"packets":	383,
					"lost_percent":	7.3107,
					"omitted":	false
				}],
			"sum":	{
				"start":	3.01062,
				"end":	4.00054,
				"seconds":	0.989922,
				"bytes":	3104768,
				"bits_per_second":	2.5091e+07,
				"jitter_ms":	1.0162,
				"lost_packets":	28,
				"packets":	383,
				"lost_percent":	7.3107,
				"omitted":	false
			}
		}, {
			"streams":	[{
					"socket":	5,
					"start":	4.00054,
					"end":	5.00261,
					"seconds":	1.00207,
					"bytes":	3112960,
					"bits_per_second":	2.48522e+07,
					"jitter_ms":	2.7375,
					"lost_packets":	29,
					"packets":	385,
					"lost_percent":	7.53247,
					"omitted":	false
				}],
			"sum":	{
				"start":	4.00054,
				"end":	5.00261,
				"seconds":	1.00207,
				"bytes":	3112960,
				"bits_per_second":	2.48522e+07,
				"jitter_ms":	2.7375,
				"lost_packets":	29,
				"packets":	385,
				"lost_percent":	7.53247,
				"omitted":	false
			}
		}, {
			"streams":	[{
					"socket":	5,
					"start":	5.00261,
					"end":	6.00037,
					"seconds":	0.997752,
					"bytes":	2809856,
					"bits_per_second":	2.25295e+07,
					"jitter_ms":	1.26667,
					"lost_packets":	46,
					"packets":	360,
					"lost_percent":	12.7778,
					"omitted":	false
				}],
			"sum":	{
				"start":	5.00261,
				"end":	6.00037,
				"seconds":	0.997752,
				"bytes":	2809856,
				"bits_per_second":	2.25295e+07,
				"jitter_ms":	1.26667,
				"lost_packets":	46,
				"packets":	360,
				"lost_percent":	12.7778,
				"omitted":	false
			}
		}, {
			"streams":	[{
					"socket":	5,
					"start":	6.00037,
					"end":	7.01807,
					"seconds":	1.0177,
					"bytes":	3260416,
					"bits_per_second":	2.56297e+07,
					"jitter_ms":	2.24045,
					"lost_packets":	31,
					"packets":	406,
					"lost_percent":	7.63547,
					"omitted":	false
				}],
			"sum":	{
				"start":	6.00037,
				"end":	7.01807,
				"seconds":	1.0177,
				"bytes":	3260416,
				"bits_per_second":	2.56297e+07,
				"jitter_ms":	2.24045,
				"lost_packets":	31,
				"packets":	406,
				"lost_percent":	7.63547,
				"omitted":	false
			}
		}, {
			"streams":	[{
					"socket":	5,
					"start":	7.01807,
					"end":	8.00581,
					"seconds":	0.98774,
					"bytes":	2867200,
					"bits_per_second":	2.32223e+07,
					"jitter_ms":	3.17826,
					"lost_packets":	59,
					"packets":	382,
					"lost_percent":	15.445,
					"omitted":	false
				}],
			"sum":	{
				"start":	7.01807,
				"end":	8.00581,
				"seconds":	0.98774,
				"bytes":	2867200,
				"bits_per_second":	2.32223e+07,
				"jitter_ms":	3.17826,
				"lost_packets":	59,
				"packets":	382,
				"lost_percent":	15.445,
				"omitted":	false
			}
		}, {
			"streams":	[{
					"socket":	5,
					"start":	8.00581,
					"end":	9.00255,
					"seconds":	0.996745,
					"bytes":	3063808,
					"bits_per_second":	2.45905e+07,
					"jitter_ms":	2.72546,
					"lost_packets":	65,
					"packets":	380,
					"lost_percent":	17.1053,
					"omitted":	false
				}],
			"sum":	{
				"start":	8.00581,
				"end":	9.00255,
				"seconds":	0.996745,
				"bytes":	3063808,
				"bits_per_second":	2.45905e+07,
				"jitter_ms":	2.72546,
				"lost_packets":	65,
				"packets":	380,
				"lost_percent":	17.1053,
				"omitted":	false
			}
		}, {
			"streams":	[{
					"socket":	5,
					"start":	9.00255,
					"end":	10.0025,
					"seconds":	0.999959,
					"bytes":	2990080,
					"bits_per_second":	2.39216e+07,
					"jitter_ms":	1.92558,
					"lost_packets":	25,
					"packets":	367,
					"lost_percent":	6.81199,
					"omitted":	false
				}],
			"sum":	{
				"start":	9.00255,
				"end":	10.0025,
				"seconds":	0.999959,
				"bytes":	2990080,
				"bits_per_second":	2.39216e+07,
				"jitter_ms":	1.92558,
				"lost_packets":	25,
				"packets":	367,
				"lost_percent":	6.81199,
				"omitted":	false
			}
		}, {
			"streams":	[{
					"socket":	5,
					"start":	10.0025,
					"end":	10.1165,
					"seconds":	0.114017,
					"bytes":	286720,
					"bits_per_second":	2.01177e+07,
					"jitter_ms":	1.64037,
					"lost_packets":	3,
					"packets":	38,
					"lost_percent":	7.89474,
					"omitted":	false
				}],
			"sum":	{
				"start":	10.0025,
				"end":	10.1165,
				"seconds":	0.114017,
				"bytes":	286720,
				"bits_per_second":	2.01177e+07,
				"jitter_ms":	1.64037,
				"lost_packets":	3,
				"packets":	38,
				"lost_percent":	7.89474,
				"omitted":	false
			}
		}],
	"end":	{
		"streams":	[{
				"udp":	{
					"socket":	5,
					"start":	0,
					"end":	10.1165,
					"seconds":	10.1165,
					"bytes":	30965760,
					"bits_per_second":	2.44873e+07,
					"jitter_ms":	1.64037,
					"lost_packets":	399,
					"packets":	3780,
					"lost_percent":	10.5556
				}
			}],
		"sum":	{
			"start":	0,
			"end":	10.1165,
			"seconds":	10.1165,
			"bytes":	30965760,
			"bits_per_second":	2.44873e+07,
			"jitter_ms":	1.64037,
			"lost_packets":	399,
			"packets":	3780,
			"lost_percent":	10.5556
		},
		"cpu_utilization_percent":	{
			"host_total":	4.03383,
			"host_user":	0.339493,
			"host_system":	3.69435,
			"remote_total":	8.94389,
			"remote_user":	0.381428,
			"remote_system":	8.56247
		}
	},
	"error":	"OUT OF ORDER - incoming packet = 1 and received packet = 19 AND SP = 5",
	"error":	"OUT OF ORDER - incoming packet = 2 and received packet = 19 AND SP = 5",
	"error":	"OUT OF ORDER - incoming packet = 18 and received packet = 19 AND SP = 5",
	"error":	"OUT OF ORDER - incoming packet = 6 and received packet = 19 AND SP = 5",
	"error":	"OUT OF ORDER - incoming packet = 5 and received packet = 19 AND SP = 5",
	"error":	"OUT OF ORDER - incoming packet = 7 and received packet = 19 AND SP = 5",
	"error":	"OUT OF ORDER - incoming packet = 8 and received packet = 20 AND SP = 5",
	"error":	"OUT OF ORDER - incoming packet = 9 and received packet = 21 AND SP = 5",
	"error":	"OUT OF ORDER - incoming packet = 10 and received packet = 22 AND SP = 5",
	"error":	"OUT OF ORDER - incoming packet = 11 and received packet = 26 AND SP = 5",
	"error":	"OUT OF ORDER - incoming packet = 12 and received packet = 26 AND SP = 5",
	"error":	"OUT OF ORDER - incoming packet = 13 and received packet = 27 AND SP = 5",
	"error":	"OUT OF ORDER - incoming packet = 14 and received packet = 27 AND SP = 5",
	"error":	"OUT OF ORDER - incoming packet = 15 and received packet = 27 AND SP = 5",
	"error":	"OUT OF ORDER - incoming packet = 16 and received packet = 27 AND SP = 5",
	"error":	"OUT OF ORDER - incoming packet = 125 and received packet = 129 AND SP = 5",
	"error":	"OUT OF ORDER - incoming packet = 126 and received packet = 129 AND SP = 5",
	"error":	"OUT OF ORDER - incoming packet = 127 and received packet = 129 AND SP = 5",
	"error":	"OUT OF ORDER - incoming packet = 128 and received packet = 129 AND SP = 5",
	"error":	"OUT OF ORDER - incoming packet = 134 and received packet = 136 AND SP = 5",
	"error":	"OUT OF ORDER - incoming packet = 130 and received packet = 136 AND SP = 5",
	"error":	"OUT OF ORDER - incoming packet = 131 and received packet = 136 AND SP = 5",
	"error":	"OUT OF ORDER - incoming packet = 132 and received packet = 136 AND SP = 5",
	"error":	"OUT OF ORDER - incoming packet = 138 and received packet = 139 AND SP = 5",
	"error":	"OUT OF ORDER - incoming packet = 133 and received packet = 139 AND SP = 5",
	"error":	"OUT OF ORDER - incoming packet = 137 and received packet = 141 AND SP = 5",
	"error":	"OUT OF ORDER - incoming packet = 145 and received packet = 147 AND SP = 5",
	"error":	"OUT OF ORDER - incoming packet = 142 and received packet = 147 AND SP = 5",
	"error":	"OUT OF ORDER - incoming packet = 143 and received packet = 148 AND SP = 5",
	"error":	"OUT OF ORDER - incoming packet = 146 and received packet = 150 AND SP = 5",
	"error":	"OUT OF ORDER - incoming packet = 149 and received packet = 154 AND SP = 5",
	"error":	"OUT OF ORDER - incoming packet = 152 and received packet = 154 AND SP = 5",
	"error":	"OUT OF ORDER - incoming packet = 157 and received packet = 158 AND SP = 5",
	"error":	"OUT OF ORDER - incoming packet = 159 and received packet = 166 AND SP = 5",
	"error":	"OUT OF ORDER - incoming packet = 196 and received packet = 197 AND SP = 5",
	"error":	"OUT OF ORDER - incoming packet = 198 and received packet = 199 AND SP = 5",
	"error":	"OUT OF ORDER - incoming packet = 200 and received packet = 202 AND SP = 5",
	"error":	"OUT OF ORDER - incoming packet = 201 and received packet = 202 AND SP = 5",
	"error":	"OUT OF ORDER - incoming packet = 203 and received packet = 205 AND SP = 5",
	"error":	"OUT OF ORDER - incoming packet = 216 and received packet = 217 AND SP = 5",
	"error":	"OUT OF ORDER - incoming packet = 218 and received packet = 220 AND SP = 5",
	"error":	"OUT OF ORDER - incoming packet = 219 and received packet = 220 AND SP = 5",
	"error":	"OUT OF ORDER - incoming packet = 236 and received packet = 237 AND SP = 5",
	"error":	"OUT OF ORDER - incoming packet = 260 and received packet = 262 AND SP = 5",
	"error":	"OUT OF ORDER - incoming packet = 263 and received packet = 264 AND SP = 5",
	"error":	"OUT OF ORDER - incoming packet = 297 and received packet = 298 AND SP = 5",
	"error":	"OUT OF ORDER - incoming packet = 303 and received packet = 305 AND SP = 5",
	"error":	"OUT OF ORDER - incoming packet = 304 and received packet = 305 AND SP = 5",
	"error":	"OUT OF ORDER - incoming packet = 307 and received packet = 308 AND SP = 5",
	"error":	"OUT OF ORDER - incoming packet = 432 and received packet = 434 AND SP = 5",
	"error":	"OUT OF ORDER - incoming packet = 436 and received packet = 437 AND SP = 5",
	"error":	"OUT OF ORDER - incoming packet = 441 and received packet = 443 AND SP = 5",
	"error":	"OUT OF ORDER - incoming packet = 442 and received packet = 443 AND SP = 5",
	"error":	"OUT OF ORDER - incoming packet = 448 and received packet = 449 AND SP = 5",
	"error":	"OUT OF ORDER - incoming packet = 472 and received packet = 473 AND SP = 5",
	"error":	"OUT OF ORDER - incoming packet = 495 and received packet = 496 AND SP = 5",
	"error":	"OUT OF ORDER - incoming packet = 498 and received packet = 499 AND SP = 5",
	"error":	"OUT OF ORDER - incoming packet = 530 and received packet = 531 AND SP = 5",
	"error":	"OUT OF ORDER - incoming packet = 534 and received packet = 535 AND SP = 5",
	"error":	"OUT OF ORDER - incoming packet = 544 and received packet = 545 AND SP = 5",
	"error":	"OUT OF ORDER - incoming packet = 550 and received packet = 551 AND SP = 5",
	"error":	"OUT OF ORDER - incoming packet = 563 and received packet = 564 AND SP = 5",
	"error":	"OUT OF ORDER - incoming packet = 654 and received packet = 655 AND SP = 5",
	"error":	"OUT OF ORDER - incoming packet = 656 and received packet = 657 AND SP = 5",
	"error":	"OUT OF ORDER - incoming packet = 669 and received packet = 671 AND SP = 5",
	"error":	"OUT OF ORDER - incoming packet = 670 and received packet = 671 AND SP = 5",
	"error":	"OUT OF ORDER - incoming packet = 683 and received packet = 684 AND SP = 5",
	"error":	"OUT OF ORDER - incoming packet = 687 and received packet = 689 AND SP = 5",
	"error":	"OUT OF ORDER - incoming packet = 688 and received packet = 689 AND SP = 5",
	"error":	"OUT OF ORDER - incoming packet = 692 and received packet = 693 AND SP = 5",
	"error":	"OUT OF ORDER - incoming packet = 691 and received packet = 693 AND SP = 5",
	"error":	"OUT OF ORDER - incoming packet = 696 and received packet = 699 AND SP = 5",
	"error":	"OUT OF ORDER - incoming packet = 697 and received packet = 699 AND SP = 5",
	"error":	"OUT OF ORDER - incoming packet = 698 and received packet = 699 AND SP = 5",
	"error":	"OUT OF ORDER - incoming packet = 711 and received packet = 713 AND SP = 5",
	"error":	"OUT OF ORDER - incoming packet = 769 and received packet = 770 AND SP = 5",
	"error":	"OUT OF ORDER - incoming packet = 778 and received packet = 780 AND SP = 5",
	"error":	"OUT OF ORDER - incoming packet = 782 and received packet = 783 AND SP = 5",
	"error":	"OUT OF ORDER - incoming packet = 790 and received packet = 791 AND SP = 5",
	"error":	"OUT OF ORDER - incoming packet = 792 and received packet = 793 AND SP = 5",
	"error":	"OUT OF ORDER - incoming packet = 798 and received packet = 799 AND SP = 5",
	"error":	"OUT OF ORDER - incoming packet = 810 and received packet = 811 AND SP = 5",
	"error":	"OUT OF ORDER - incoming packet = 825 and received packet = 830 AND SP = 5",
	"error":	"OUT OF ORDER - incoming packet = 826 and received packet = 830 AND SP = 5",
	"error":	"OUT OF ORDER - incoming packet = 850 and received packet = 852 AND SP = 5",
	"error":	"OUT OF ORDER - incoming packet = 851 and received packet = 854 AND SP = 5",
	"error":	"OUT OF ORDER - incoming packet = 853 and received packet = 855 AND SP = 5",
	"error":	"OUT OF ORDER - incoming packet = 856 and received packet = 858 AND SP = 5",
	"error":	"OUT OF ORDER - incoming packet = 857 and received packet = 860 AND SP = 5",
	"error":	"OUT OF ORDER - incoming packet = 859 and received packet = 862 AND SP = 5",
	"error":	"OUT OF ORDER - incoming packet = 908 and received packet = 909 AND SP = 5",
	"error":	"OUT OF ORDER - incoming packet = 958 and received packet = 959 AND SP = 5",
	"error":	"OUT OF ORDER - incoming packet = 1006 and received packet = 1007 AND SP = 5",
	"error":	"OUT OF ORDER - incoming packet = 1008 and received packet = 1009 AND SP = 5",
	"error":	"OUT OF ORDER - incoming packet = 1043 and received packet = 1044 AND SP = 5",
	"error":	"OUT OF ORDER - incoming packet = 1051 and received packet = 1052 AND SP = 5",
	"error":	"OUT OF ORDER - incoming packet = 1055 and received packet = 1056 AND SP = 5",
	"error":	"OUT OF ORDER - incoming packet = 1066 and received packet = 1071 AND SP = 5",
	"error":	"OUT OF ORDER - incoming packet = 1067 and received packet = 1071 AND SP = 5",
	"error":	"OUT OF ORDER - incoming packet = 1068 and received packet = 1071 AND SP = 5",
	"error":	"OUT OF ORDER - incoming packet = 1078 and received packet = 1079 AND SP = 5",
	"error":	"OUT OF ORDER - incoming packet = 1086 and received packet = 1087 AND SP = 5",
	"error":	"OUT OF ORDER - incoming packet = 1116 and received packet = 1117 AND SP = 5",
	"error":	"OUT OF ORDER - incoming packet = 1120 and received packet = 1121 AND SP = 5",
	"error":	"OUT OF ORDER - incoming packet = 1126 and received packet = 1129 AND SP = 5",
	"error":	"OUT OF ORDER - incoming packet = 1130 and received packet = 1131 AND SP = 5",
	"error":	"OUT OF ORDER - incoming packet = 1133 and received packet = 1134 AND SP = 5",
	"error":	"OUT OF ORDER - incoming packet = 1192 and received packet = 1193 AND SP = 5",
	"error":	"OUT OF ORDER - incoming packet = 1194 and received packet = 1195 AND SP = 5",
	"error":	"OUT OF ORDER - incoming packet = 1203 and received packet = 1204 AND SP = 5",
	"error":	"OUT OF ORDER - incoming packet = 1235 and received packet = 1236 AND SP = 5",
	"error":	"OUT OF ORDER - incoming packet = 1248 and received packet = 1251 AND SP = 5",
	"error":	"OUT OF ORDER - incoming packet = 1318 and received packet = 1319 AND SP = 5",
	"error":	"OUT OF ORDER - incoming packet = 1321 and received packet = 1322 AND SP = 5",
	"error":	"OUT OF ORDER - incoming packet = 1325 and received packet = 1327 AND SP = 5",
	"error":	"OUT OF ORDER - incoming packet = 1347 and received packet = 1348 AND SP = 5",
	"error":	"OUT OF ORDER - incoming packet = 1353 and received packet = 1355 AND SP = 5",
	"error":	"OUT OF ORDER - incoming packet = 1354 and received packet = 1355 AND SP = 5",
	"error":	"OUT OF ORDER - incoming packet = 1359 and received packet = 1360 AND SP = 5",
	"error":	"OUT OF ORDER - incoming packet = 1365 and received packet = 1366 AND SP = 5",
	"error":	"OUT OF ORDER - incoming packet = 1374 and received packet = 1375 AND SP = 5",
	"error":	"OUT OF ORDER - incoming packet = 1425 and received packet = 1426 AND SP = 5",
	"error":	"OUT OF ORDER - incoming packet = 1436 and received packet = 1437 AND SP = 5",
	"error":	"OUT OF ORDER - incoming packet = 1439 and received packet = 1440 AND SP = 5",
	"error":	"OUT OF ORDER - incoming packet = 1476 and received packet = 1477 AND SP = 5",
	"error":	"OUT OF ORDER - incoming packet = 1499 and received packet = 1500 AND SP = 5",
	"error":	"OUT OF ORDER - incoming packet = 1518 and received packet = 1519 AND SP = 5",
	"error":	"OUT OF ORDER - incoming packet = 1526 and received packet = 1527 AND SP = 5",
	"error":	"OUT OF ORDER - incoming packet = 1538 and received packet = 1541 AND SP = 5",
	"error":	"OUT OF ORDER - incoming packet = 1548 and received packet = 1549 AND SP = 5",
	"error":	"OUT OF ORDER - incoming packet = 1554 and received packet = 1556 AND SP = 5",
	"error":	"OUT OF ORDER - incoming packet = 1559 and received packet = 1560 AND SP = 5",
	"error":	"OUT OF ORDER - incoming packet = 1606 and received packet = 1607 AND SP = 5",
	"error":	"OUT OF ORDER - incoming packet = 1609 and received packet = 1615 AND SP = 5",
	"error":	"OUT OF ORDER - incoming packet = 1610 and received packet = 1617 AND SP = 5",
	"error":	"OUT OF ORDER - incoming packet = 1611 and received packet = 1617 AND SP = 5",
	"error":	"OUT OF ORDER - incoming packet = 1612 and received packet = 1619 AND SP = 5",
	"error":	"OUT OF ORDER - incoming packet = 1669 and received packet = 1670 AND SP = 5",
	"error":	"OUT OF ORDER - incoming packet = 1673 and received packet = 1675 AND SP = 5",
	"error":	"OUT OF ORDER - incoming packet = 1711 and received packet = 1712 AND SP = 5",
	"error":	"OUT OF ORDER - incoming packet = 1710 and received packet = 1712 AND SP = 5",
	"error":	"OUT OF ORDER - incoming packet = 1717 and received packet = 1718 AND SP = 5",
	"error":	"OUT OF ORDER - incoming packet = 1751 and received packet = 1752 AND SP = 5",
	"error":	"OUT OF ORDER - incoming packet = 1778 and received packet = 1780 AND SP = 5",
	"error":	"OUT OF ORDER - incoming packet = 1806 and received packet = 1807 AND SP = 5",
	"error":	"OUT OF ORDER - incoming packet = 1819 and received packet = 1821 AND SP = 5",
	"error":	"OUT OF ORDER - incoming packet = 1820 and received packet = 1821 AND SP = 5",
	"error":	"OUT OF ORDER - incoming packet = 1826 and received packet = 1827 AND SP = 5",
	"error":	"OUT OF ORDER - incoming packet = 1851 and received packet = 1856 AND SP = 5",
	"error":	"OUT OF ORDER - incoming packet = 1887 and received packet = 1888 AND SP = 5",
	"error":	"OUT OF ORDER - incoming packet = 1906 and received packet = 1908 AND SP = 5",
	"error":	"OUT OF ORDER - incoming packet = 1907 and received packet = 1908 AND SP = 5",
	"error":	"OUT OF ORDER - incoming packet = 1905 and received packet = 1908 AND SP = 5",
	"error":	"OUT OF ORDER - incoming packet = 1909 and received packet = 1910 AND SP = 5",
	"error":	"OUT OF ORDER - incoming packet = 1914 and received packet = 1920 AND SP = 5",
	"error":	"OUT OF ORDER - incoming packet = 1912 and received packet = 1920 AND SP = 5",
	"error":	"OUT OF ORDER - incoming packet = 1916 and received packet = 1920 AND SP = 5",
	"error":	"OUT OF ORDER - incoming packet = 1911 and received packet = 1926 AND SP = 5",
	"error":	"OUT OF ORDER - incoming packet = 1917 and received packet = 1926 AND SP = 5",
	"error":	"OUT OF ORDER - incoming packet = 1924 and received packet = 1926 AND SP = 5",
	"error":	"OUT OF ORDER - incoming packet = 1929 and received packet = 1930 AND SP = 5",
	"error":	"OUT OF ORDER - incoming packet = 1935 and received packet = 1936 AND SP = 5",
	"error":	"OUT OF ORDER - incoming packet = 1940 and received packet = 1941 AND SP = 5",
	"error":	"OUT OF ORDER - incoming packet = 2035 and received packet = 2036 AND SP = 5",
	"error":	"OUT OF ORDER - incoming packet = 2040 and received packet = 2041 AND SP = 5",
	"error":	"OUT OF ORDER - incoming packet = 2049 and received packet = 2050 AND SP = 5",
	"error":	"OUT OF ORDER - incoming packet = 2051 and received packet = 2058 AND SP = 5",
	"error":	"OUT OF ORDER - incoming packet = 2056 and received packet = 2058 AND SP = 5",
	"error":	"OUT OF ORDER - incoming packet = 2057 and received packet = 2059 AND SP = 5",
	"error":	"OUT OF ORDER - incoming packet = 2053 and received packet = 2064 AND SP = 5",
	"error":	"OUT OF ORDER - incoming packet = 2054 and received packet = 2064 AND SP = 5",
	"error":	"OUT OF ORDER - incoming packet = 2055 and received packet = 2066 AND SP = 5",
	"error":	"OUT OF ORDER - incoming packet = 2094 and received packet = 2095 AND SP = 5",
	"error":	"OUT OF ORDER - incoming packet = 2097 and received packet = 2098 AND SP = 5",
	"error":	"OUT OF ORDER - incoming packet = 2113 and received packet = 2114 AND SP = 5",
	"error":	"OUT OF ORDER - incoming packet = 2165 and received packet = 2167 AND SP = 5",
	"error":	"OUT OF ORDER - incoming packet = 2166 and received packet = 2167 AND SP = 5",
	"error":	"OUT OF ORDER - incoming packet = 2216 and received packet = 2217 AND SP = 5",
	"error":	"OUT OF ORDER - incoming packet = 2240 and received packet = 2241 AND SP = 5",
	"error":	"OUT OF ORDER - incoming packet = 2261 and received packet = 2262 AND SP = 5",
	"error":	"OUT OF ORDER - incoming packet = 2264 and received packet = 2265 AND SP = 5",
	"error":	"OUT OF ORDER - incoming packet = 2292 and received packet = 2297 AND SP = 5",
	"error":	"OUT OF ORDER - incoming packet = 2293 and received packet = 2297 AND SP = 5",
	"error":	"OUT OF ORDER - incoming packet = 2295 and received packet = 2297 AND SP = 5",
	"error":	"OUT OF ORDER - incoming packet = 2294 and received packet = 2297 AND SP = 5",
	"error":	"OUT OF ORDER - incoming packet = 2320 and received packet = 2321 AND SP = 5",
	"error":	"OUT OF ORDER - incoming packet = 2335 and received packet = 2336 AND SP = 5",
	"error":	"OUT OF ORDER - incoming packet = 2357 and received packet = 2358 AND SP = 5",
	"error":	"OUT OF ORDER - incoming packet = 2370 and received packet = 2371 AND SP = 5",
	"error":	"OUT OF ORDER - incoming packet = 2368 and received packet = 2371 AND SP = 5",
	"error":	"OUT OF ORDER - incoming packet = 2369 and received packet = 2372 AND SP = 5",
	"error":	"OUT OF ORDER - incoming packet = 2415 and received packet = 2416 AND SP = 5",
	"error":	"OUT OF ORDER - incoming packet = 2480 and received packet = 2482 AND SP = 5",
	"error":	"OUT OF ORDER - incoming packet = 2499 and received packet = 2500 AND SP = 5",
	"error":	"OUT OF ORDER - incoming packet = 2505 and received packet = 2506 AND SP = 5",
	"error":	"OUT OF ORDER - incoming packet = 2508 and received packet = 2509 AND SP = 5",
	"error":	"OUT OF ORDER - incoming packet = 2510 and received packet = 2511 AND SP = 5",
	"error":	"OUT OF ORDER - incoming packet = 2515 and received packet = 2516 AND SP = 5",
	"error":	"OUT OF ORDER - incoming packet = 2535 and received packet = 2536 AND SP = 5",
	"error":	"OUT OF ORDER - incoming packet = 2576 and received packet = 2577 AND SP = 5",
	"error":	"OUT OF ORDER - incoming packet = 2620 and received packet = 2621 AND SP = 5",
	"error":	"OUT OF ORDER - incoming packet = 2639 and received packet = 2641 AND SP = 5",
	"error":	"OUT OF ORDER - incoming packet = 2640 and received packet = 2641 AND SP = 5",
	"error":	"OUT OF ORDER - incoming packet = 2672 and received packet = 2673 AND SP = 5",
	"error":	"OUT OF ORDER - incoming packet = 2676 and received packet = 2677 AND SP = 5",
	"error":	"OUT OF ORDER - incoming packet = 2685 and received packet = 2686 AND SP = 5",
	"error":	"OUT OF ORDER - incoming packet = 2708 and received packet = 2709 AND SP = 5",
	"error":	"OUT OF ORDER - incoming packet = 2717 and received packet = 2718 AND SP = 5",
	"error":	"OUT OF ORDER - incoming packet = 2725 and received packet = 2726 AND SP = 5",
	"error":	"OUT OF ORDER - incoming packet = 2902 and received packet = 2903 AND SP = 5",
	"error":	"OUT OF ORDER - incoming packet = 2908 and received packet = 2909 AND SP = 5",
	"error":	"OUT OF ORDER - incoming packet = 2947 and received packet = 2948 AND SP = 5",
	"error":	"OUT OF ORDER - incoming packet = 2950 and received packet = 2953 AND SP = 5",
	"error":	"OUT OF ORDER - incoming packet = 2951 and received packet = 2953 AND SP = 5",
	"error":	"OUT OF ORDER - incoming packet = 2954 and received packet = 2957 AND SP = 5",
	"error":	"OUT OF ORDER - incoming packet = 2955 and received packet = 2957 AND SP = 5",
	"error":	"OUT OF ORDER - incoming packet = 2956 and received packet = 2964 AND SP = 5",
	"error":	"OUT OF ORDER - incoming packet = 2968 and received packet = 2969 AND SP = 5",
	"error":	"OUT OF ORDER - incoming packet = 2965 and received packet = 2970 AND SP = 5",
	"error":	"OUT OF ORDER - incoming packet = 2966 and received packet = 2970 AND SP = 5",
	"error":	"OUT OF ORDER - incoming packet = 2967 and received packet = 2970 AND SP = 5",
	"error":	"OUT OF ORDER - incoming packet = 2976 and received packet = 2980 AND SP = 5",
	"error":	"OUT OF ORDER - incoming packet = 2983 and received packet = 2984 AND SP = 5",
	"error":	"OUT OF ORDER - incoming packet = 2988 and received packet = 2989 AND SP = 5",
	"error":	"OUT OF ORDER - incoming packet = 2985 and received packet = 2989 AND SP = 5",
	"error":	"OUT OF ORDER - incoming packet = 2986 and received packet = 2991 AND SP = 5",
	"error":	"OUT OF ORDER - incoming packet = 2990 and received packet = 2994 AND SP = 5",
	"error":	"OUT OF ORDER - incoming packet = 2997 and received packet = 3000 AND SP = 5",
	"error":	"OUT OF ORDER - incoming packet = 3002 and received packet = 3003 AND SP = 5",
	"error":	"OUT OF ORDER - incoming packet = 3005 and received packet = 3011 AND SP = 5",
	"error":	"OUT OF ORDER - incoming packet = 3004 and received packet = 3011 AND SP = 5",
	"error":	"OUT OF ORDER - incoming packet = 3006 and received packet = 3011 AND SP = 5",
	"error":	"OUT OF ORDER - incoming packet = 3007 and received packet = 3011 AND SP = 5",
	"error":	"OUT OF ORDER - incoming packet = 3001 and received packet = 3011 AND SP = 5",
	"error":	"OUT OF ORDER - incoming packet = 3008 and received packet = 3011 AND SP = 5",
	"error":	"OUT OF ORDER - incoming packet = 3012 and received packet = 3021 AND SP = 5",
	"error":	"OUT OF ORDER - incoming packet = 3010 and received packet = 3023 AND SP = 5",
	"error":	"OUT OF ORDER - incoming packet = 3013 and received packet = 3023 AND SP = 5",
	"error":	"OUT OF ORDER - incoming packet = 3009 and received packet = 3023 AND SP = 5",
	"error":	"OUT OF ORDER - incoming packet = 3016 and received packet = 3023 AND SP = 5",
	"error":	"OUT OF ORDER - incoming packet = 3017 and received packet = 3023 AND SP = 5",
	"error":	"OUT OF ORDER - incoming packet = 3022 and received packet = 3023 AND SP = 5",
	"error":	"OUT OF ORDER - incoming packet = 3015 and received packet = 3024 AND SP = 5",
	"error":	"OUT OF ORDER - incoming packet = 3019 and received packet = 3024 AND SP = 5",
	"error":	"OUT OF ORDER - incoming packet = 3040 and received packet = 3041 AND SP = 5",
	"error":	"OUT OF ORDER - incoming packet = 3060 and received packet = 3062 AND SP = 5",
	"error":	"OUT OF ORDER - incoming packet = 3061 and received packet = 3062 AND SP = 5",
	"error":	"OUT OF ORDER - incoming packet = 3065 and received packet = 3066 AND SP = 5",
	"error":	"OUT OF ORDER - incoming packet = 3073 and received packet = 3076 AND SP = 5",
	"error":	"OUT OF ORDER - incoming packet = 3075 and received packet = 3076 AND SP = 5",
	"error":	"OUT OF ORDER - incoming packet = 3074 and received packet = 3076 AND SP = 5",
	"error":	"OUT OF ORDER - incoming packet = 3078 and received packet = 3079 AND SP = 5",
	"error":	"OUT OF ORDER - incoming packet = 3077 and received packet = 3080 AND SP = 5",
	"error":	"OUT OF ORDER - incoming packet = 3081 and received packet = 3082 AND SP = 5",
	"error":	"OUT OF ORDER - incoming packet = 3096 and received packet = 3098 AND SP = 5",
	"error":	"OUT OF ORDER - incoming packet = 3097 and received packet = 3098 AND SP = 5",
	"error":	"OUT OF ORDER - incoming packet = 3099 and received packet = 3100 AND SP = 5",
	"error":	"OUT OF ORDER - incoming packet = 3103 and received packet = 3107 AND SP = 5",
	"error":	"OUT OF ORDER - incoming packet = 3104 and received packet = 3107 AND SP = 5",
	"error":	"OUT OF ORDER - incoming packet = 3105 and received packet = 3107 AND SP = 5",
	"error":	"OUT OF ORDER - incoming packet = 3106 and received packet = 3107 AND SP = 5",
	"error":	"OUT OF ORDER - incoming packet = 3110 and received packet = 3112 AND SP = 5",
	"error":	"OUT OF ORDER - incoming packet = 3108 and received packet = 3112 AND SP = 5",
	"error":	"OUT OF ORDER - incoming packet = 3111 and received packet = 3112 AND SP = 5",
	"error":	"OUT OF ORDER - incoming packet = 3113 and received packet = 3115 AND SP = 5",
	"error":	"OUT OF ORDER - incoming packet = 3116 and received packet = 3118 AND SP = 5",
	"error":	"OUT OF ORDER - incoming packet = 3117 and received packet = 3119 AND SP = 5",
	"error":	"OUT OF ORDER - incoming packet = 3125 and received packet = 3126 AND SP = 5",
	"error":	"OUT OF ORDER - incoming packet = 3127 and received packet = 3129 AND SP = 5",
	"error":	"OUT OF ORDER - incoming packet = 3176 and received packet = 3180 AND SP = 5",
	"error":	"OUT OF ORDER - incoming packet = 3183 and received packet = 3185 AND SP = 5",
	"error":	"OUT OF ORDER - incoming packet = 3184 and received packet = 3185 AND SP = 5",
	"error":	"OUT OF ORDER - incoming packet = 3179 and received packet = 3185 AND SP = 5",
	"error":	"OUT OF ORDER - incoming packet = 3181 and received packet = 3185 AND SP = 5",
	"error":	"OUT OF ORDER - incoming packet = 3182 and received packet = 3185 AND SP = 5",
	"error":	"OUT OF ORDER - incoming packet = 3188 and received packet = 3192 AND SP = 5",
	"error":	"OUT OF ORDER - incoming packet = 3189 and received packet = 3192 AND SP = 5",
	"error":	"OUT OF ORDER - incoming packet = 3191 and received packet = 3193 AND SP = 5",
	"error":	"OUT OF ORDER - incoming packet = 3194 and received packet = 3195 AND SP = 5",
	"error":	"OUT OF ORDER - incoming packet = 3197 and received packet = 3198 AND SP = 5",
	"error":	"OUT OF ORDER - incoming packet = 3201 and received packet = 3205 AND SP = 5",
	"error":	"OUT OF ORDER - incoming packet = 3202 and received packet = 3205 AND SP = 5",
	"error":	"OUT OF ORDER - incoming packet = 3206 and received packet = 3207 AND SP = 5",
	"error":	"OUT OF ORDER - incoming packet = 3280 and received packet = 3281 AND SP = 5",
	"error":	"OUT OF ORDER - incoming packet = 3279 and received packet = 3281 AND SP = 5",
	"error":	"OUT OF ORDER - incoming packet = 3282 and received packet = 3283 AND SP = 5",
	"error":	"OUT OF ORDER - incoming packet = 3447 and received packet = 3448 AND SP = 5",
	"error":	"OUT OF ORDER - incoming packet = 3457 and received packet = 3458 AND SP = 5",
	"error":	"OUT OF ORDER - incoming packet = 3459 and received packet = 3460 AND SP = 5",
	"error":	"OUT OF ORDER - incoming packet = 3475 and received packet = 3476 AND SP = 5",
	"error":	"OUT OF ORDER - incoming packet = 3483 and received packet = 3484 AND SP = 5",
	"error":	"OUT OF ORDER - incoming packet = 3486 and received packet = 3487 AND SP = 5",
	"error":	"OUT OF ORDER - incoming packet = 3500 and received packet = 3502 AND SP = 5",
	"error":	"OUT OF ORDER - incoming packet = 3514 and received packet = 3515 AND SP = 5",
	"error":	"OUT OF ORDER - incoming packet = 3538 and received packet = 3539 AND SP = 5",
	"error":	"OUT OF ORDER - incoming packet = 3570 and received packet = 3571 AND SP = 5",
	"error":	"OUT OF ORDER - incoming packet = 3577 and received packet = 3578 AND SP = 5",
	"error":	"OUT OF ORDER - incoming packet = 3600 and received packet = 3601 AND SP = 5",
	"error":	"OUT OF ORDER - incoming packet = 3645 and received packet = 3646 AND SP = 5",
	"error":	"OUT OF ORDER - incoming packet = 3651 and received packet = 3653 AND SP = 5",
	"error":	"OUT OF ORDER - incoming packet = 3678 and received packet = 3680 AND SP = 5",
	"error":	"OUT OF ORDER - incoming packet = 3693 and received packet = 3694 AND SP = 5",
	"error":	"OUT OF ORDER - incoming packet = 3706 and received packet = 3708 AND SP = 5",
	"error":	"OUT OF ORDER - incoming packet = 3707 and received packet = 3708 AND SP = 5",
	"error":	"OUT OF ORDER - incoming packet = 3719 and received packet = 3720 AND SP = 5",
	"error":	"OUT OF ORDER - incoming packet = 3725 and received packet = 3726 AND SP = 5",
	"error":	"OUT OF ORDER - incoming packet = 3730 and received packet = 3731 AND SP = 5",
	"error":	"OUT OF ORDER - incoming packet = 3733 and received packet = 3734 AND SP = 5",
	"error":	"OUT OF ORDER - incoming packet = 3736 and received packet = 3737 AND SP = 5"
}
