{
	"start":	{
		"connected":	[{
				"socket":	5,
				"local_host":	"10.0.0.15",
				"local_port":	3240,
				"remote_host":	"10.0.0.3",
				"remote_port":	42910
			}],
		"version":	"iperf 3.0.7",
		"system_info":	"Linux CS1 5.4.197-0504197-generic #202206060747 SMP Mon Jun 6 09:27:47 UTC 2022 x86_64 x86_64 x86_64 GNU/Linux\n",
		"timestamp":	{
			"time":	"Mon, 25 Jul 2022 21:42:31 GMT",
			"timesecs":	1658785351
		},
		"accepted_connection":	{
			"host":	"10.0.0.3",
			"port":	42908
		},
		"cookie":	"BS3.1658785350.761097.0347e5f4577d17",
		"tcp_mss_default":	1448,
		"test_start":	{
			"protocol":	"TCP",
			"num_streams":	1,
			"blksize":	131072,
			"omit":	0,
			"duration":	1,
			"bytes":	0,
			"blocks":	0,
			"reverse":	0
		}
	},
	"intervals":	[{
			"streams":	[{
					"socket":	5,
					"start":	0,
					"end":	1.00032,
					"seconds":	1.00032,
					"bytes":	2874840,
					"bits_per_second":	2.29914e+07,
					"omitted":	false
				}],
			"sum":	{
				"start":	0,
				"end":	1.00032,
				"seconds":	1.00032,
				"bytes":	2874840,
				"bits_per_second":	2.29914e+07,
				"omitted":	false
			}
		}, {
			"streams":	[{
					"socket":	5,
					"start":	1.00032,
					"end":	1.02425,
					"seconds":	0.0239291,
					"bytes":	0,
					"bits_per_second":	0,
					"omitted":	false
				}],
			"sum":	{
				"start":	1.00032,
				"end":	1.02425,
				"seconds":	0.0239291,
				"bytes":	0,
				"bits_per_second":	0,
				"omitted":	false
			}
		}],
	"end":	{
		"streams":	[{
				"sender":	{
					"socket":	5,
					"start":	0,
					"end":	1.02425,
					"seconds":	1.02425,
					"bytes":	2874840,
					"bits_per_second":	2.24543e+07,
					"retransmits":	0
				},
				"receiver":	{
					"socket":	5,
					"start":	0,
					"end":	1.02425,
					"seconds":	1.02425,
					"bytes":	2874840,
					"bits_per_second":	2.24543e+07
				}
			}],
		"sum_sent":	{
			"start":	0,
			"end":	1.02425,
			"seconds":	1.02425,
			"bytes":	2874840,
			"bits_per_second":	2.24543e+07,
			"retransmits":	0
		},
		"sum_received":	{
			"start":	0,
			"end":	1.02425,
			"seconds":	1.02425,
			"bytes":	2874840,
			"bits_per_second":	2.24543e+07
		},
		"cpu_utilization_percent":	{
			"host_total":	0.776507,
			"host_user":	0.221977,
			"host_system":	0.554485,
			"remote_total":	2.88077,
			"remote_user":	0.549292,
			"remote_system":	2.33138
		}
	}
}
