{
	"start":	{
		"connected":	[{
				"socket":	5,
				"local_host":	"10.0.0.10",
				"local_port":	2634,
				"remote_host":	"10.0.0.6",
				"remote_port":	60868
			}],
		"version":	"iperf 3.0.7",
		"system_info":	"Linux MECS3 5.4.197-0504197-generic #202206060747 SMP Mon Jun 6 09:27:47 UTC 2022 x86_64 x86_64 x86_64 GNU/Linux\n",
		"timestamp":	{
			"time":	"Mon, 25 Jul 2022 21:43:49 GMT",
			"timesecs":	1658785429
		},
		"accepted_connection":	{
			"host":	"10.0.0.6",
			"port":	60866
		},
		"cookie":	"BS6.1658785429.853843.1cc5f9a024d17e",
		"tcp_mss_default":	1448,
		"test_start":	{
			"protocol":	"TCP",
			"num_streams":	1,
			"blksize":	131072,
			"omit":	0,
			"duration":	19,
			"bytes":	0,
			"blocks":	0,
			"reverse":	0
		}
	},
	"intervals":	[{
			"streams":	[{
					"socket":	5,
					"start":	0,
					"end":	1.00028,
					"seconds":	1.00028,
					"bytes":	2832152,
					"bits_per_second":	2.26509e+07,
					"omitted":	false
				}],
			"sum":	{
				"start":	0,
				"end":	1.00028,
				"seconds":	1.00028,
				"bytes":	2832152,
				"bits_per_second":	2.26509e+07,
				"omitted":	false
			}
		}, {
			"streams":	[{
					"socket":	5,
					"start":	1.00028,
					"end":	2.00055,
					"seconds":	1.00027,
					"bytes":	3145728,
					"bits_per_second":	2.51591e+07,
					"omitted":	false
				}],
			"sum":	{
				"start":	1.00028,
				"end":	2.00055,
				"seconds":	1.00027,
				"bytes":	3145728,
				"bits_per_second":	2.51591e+07,
				"omitted":	false
			}
		}, {
			"streams":	[{
					"socket":	5,
					"start":	2.00055,
					"end":	3.00114,
					"seconds":	1.00059,
					"bytes":	3145728,
					"bits_per_second":	2.51509e+07,
					"omitted":	false
				}],
			"sum":	{
				"start":	2.00055,
				"end":	3.00114,
				"seconds":	1.00059,
				"bytes":	3145728,
				"bits_per_second":	2.51509e+07,
				"omitted":	false
			}
		}, {
			"streams":	[{
					"socket":	5,
					"start":	3.00114,
					"end":	4.00045,
					"seconds":	0.99931,
					"bytes":	3145728,
					"bits_per_second":	2.51832e+07,
					"omitted":	false
				}],
			"sum":	{
				"start":	3.00114,
				"end":	4.00045,
				"seconds":	0.99931,
				"bytes":	3145728,
				"bits_per_second":	2.51832e+07,
				"omitted":	false
			}
		}, {
			"streams":	[{
					"socket":	5,
					"start":	4.00045,
					"end":	5.0003,
					"seconds":	0.999849,
					"bytes":	3145728,
					"bits_per_second":	2.51696e+07,
					"omitted":	false
				}],
			"sum":	{
				"start":	4.00045,
				"end":	5.0003,
				"seconds":	0.999849,
				"bytes":	3145728,
				"bits_per_second":	2.51696e+07,
				"omitted":	false
			}
		}, {
			"streams":	[{
					"socket":	5,
					"start":	5.0003,
					"end":	6.00032,
					"seconds":	1.00002,
					"bytes":	3145728,
					"bits_per_second":	2.51653e+07,
					"omitted":	false
				}],
			"sum":	{
				"start":	5.0003,
				"end":	6.00032,
				"seconds":	1.00002,
				"bytes":	3145728,
				"bits_per_second":	2.51653e+07,
				"omitted":	false
			}
		}, {
			"streams":	[{
					"socket":	5,
					"start":	6.00032,
					"end":	7.00023,
					"seconds":	0.999913,
					"bytes":	3014656,
					"bits_per_second":	2.41193e+07,
					"omitted":	false
				}],
			"sum":	{
				"start":	6.00032,
				"end":	7.00023,
				"seconds":	0.999913,
				"bytes":	3014656,
				"bits_per_second":	2.41193e+07,
				"omitted":	false
			}
		}, {
			"streams":	[{
					"socket":	5,
					"start":	7.00023,
					"end":	8.00021,
					"seconds":	0.999976,
					"bytes":	3145728,
					"bits_per_second":	2.51664e+07,
					"omitted":	false
				}],
			"sum":	{
				"start":	7.00023,
				"end":	8.00021,
				"seconds":	0.999976,
				"bytes":	3145728,
				"bits_per_second":	2.51664e+07,
				"omitted":	false
			}
		}, {
			"streams":	[{
					"socket":	5,
					"start":	8.00021,
					"end":	9.00013,
					"seconds":	0.999926,
					"bytes":	3145728,
					"bits_per_second":	2.51677e+07,
					"omitted":	false
				}],
			"sum":	{
				"start":	8.00021,
				"end":	9.00013,
				"seconds":	0.999926,
				"bytes":	3145728,
				"bits_per_second":	2.51677e+07,
				"omitted":	false
			}
		}, {
			"streams":	[{
					"socket":	5,
					"start":	9.00013,
					"end":	10.0001,
					"seconds":	1.00001,
					"bytes":	3145728,
					"bits_per_second":	2.51655e+07,
					"omitted":	false
				}],
			"sum":	{
				"start":	9.00013,
				"end":	10.0001,
				"seconds":	1.00001,
				"bytes":	3145728,
				"bits_per_second":	2.51655e+07,
				"omitted":	false
			}
		}, {
			"streams":	[{
					"socket":	5,
					"start":	10.0001,
					"end":	11.0006,
					"seconds":	1.00044,
					"bytes":	3145728,
					"bits_per_second":	2.51548e+07,
					"omitted":	false
				}],
			"sum":	{
				"start":	10.0001,
				"end":	11.0006,
				"seconds":	1.00044,
				"bytes":	3145728,
				"bits_per_second":	2.51548e+07,
				"omitted":	false
			}
		}, {
			"streams":	[{
					"socket":	5,
					"start":	11.0006,
					"end":	12.0003,
					"seconds":	0.999699,
					"bytes":	3145728,
					"bits_per_second":	2.51734e+07,
					"omitted":	false
				}],
			"sum":	{
				"start":	11.0006,
				"end":	12.0003,
				"seconds":	0.999699,
				"bytes":	3145728,
				"bits_per_second":	2.51734e+07,
				"omitted":	false
			}
		}, {
			"streams":	[{
					"socket":	5,
					"start":	12.0003,
					"end":	13.0001,
					"seconds":	0.999811,
					"bytes":	3014656,
					"bits_per_second":	2.41218e+07,
					"omitted":	false
				}],
			"sum":	{
				"start":	12.0003,
				"end":	13.0001,
				"seconds":	0.999811,
				"bytes":	3014656,
				"bits_per_second":	2.41218e+07,
				"omitted":	false
			}
		}, {
			"streams":	[{
					"socket":	5,
					"start":	13.0001,
					"end":	14.0002,
					"seconds":	1.00007,
					"bytes":	3145728,
					"bits_per_second":	2.51641e+07,
					"omitted":	false
				}],
			"sum":	{
				"start":	13.0001,
				"end":	14.0002,
				"seconds":	1.00007,
				"bytes":	3145728,
				"bits_per_second":	2.51641e+07,
				"omitted":	false
			}
		}, {
			"streams":	[{
					"socket":	5,
					"start":	14.0002,
					"end":	15.0004,
					"seconds":	1.00028,
					"bytes":	3145728,
					"bits_per_second":	2.51587e+07,
					"omitted":	false
				}],
			"sum":	{
				"start":	14.0002,
				"end":	15.0004,
				"seconds":	1.00028,
				"bytes":	3145728,
				"bits_per_second":	2.51587e+07,
				"omitted":	false
			}
		}, {
			"streams":	[{
					"socket":	5,
					"start":	15.0004,
					"end":	16.0003,
					"seconds":	0.999882,
					"bytes":	3145728,
					"bits_per_second":	2.51688e+07,
					"omitted":	false
				}],
			"sum":	{
				"start":	15.0004,
				"end":	16.0003,
				"seconds":	0.999882,
				"bytes":	3145728,
				"bits_per_second":	2.51688e+07,
				"omitted":	false
			}
		}, {
			"streams":	[{
					"socket":	5,
					"start":	16.0003,
					"end":	17.0005,
					"seconds":	1.00021,
					"bytes":	3145728,
					"bits_per_second":	2.51604e+07,
					"omitted":	false
				}],
			"sum":	{
				"start":	16.0003,
				"end":	17.0005,
				"seconds":	1.00021,
				"bytes":	3145728,
				"bits_per_second":	2.51604e+07,
				"omitted":	false
			}
		}, {
			"streams":	[{
					"socket":	5,
					"start":	17.0005,
					"end":	18.0008,
					"seconds":	1.00029,
					"bytes":	1151912,
					"bits_per_second":	9.21259e+06,
					"omitted":	false
				}],
			"sum":	{
				"start":	17.0005,
				"end":	18.0008,
				"seconds":	1.00029,
				"bytes":	1151912,
				"bits_per_second":	9.21259e+06,
				"omitted":	false
			}
		}, {
			"streams":	[{
					"socket":	5,
					"start":	18.0008,
					"end":	19.0002,
					"seconds":	0.999382,
					"bytes":	651600,
					"bits_per_second":	5.21602e+06,
					"omitted":	false
				}],
			"sum":	{
				"start":	18.0008,
				"end":	19.0002,
				"seconds":	0.999382,
				"bytes":	651600,
				"bits_per_second":	5.21602e+06,
				"omitted":	false
			}
		}, {
			"streams":	[{
					"socket":	5,
					"start":	19.0002,
					"end":	19.0124,
					"seconds":	0.0121698,
					"bytes":	0,
					"bits_per_second":	0,
					"omitted":	false
				}],
			"sum":	{
				"start":	19.0002,
				"end":	19.0124,
				"seconds":	0.0121698,
				"bytes":	0,
				"bits_per_second":	0,
				"omitted":	false
			}
		}],
	"end":	{
		"streams":	[{
				"sender":	{
					"socket":	5,
					"start":	0,
					"end":	19.0124,
					"seconds":	19.0124,
					"bytes":	56178456,
					"bits_per_second":	2.36387e+07,
					"retransmits":	443
				},
				"receiver":	{
					"socket":	5,
					"start":	0,
					"end":	19.0124,
					"seconds":	19.0124,
					"bytes":	54705168,
					"bits_per_second":	2.30187e+07
				}
			}],
		"sum_sent":	{
			"start":	0,
			"end":	19.0124,
			"seconds":	19.0124,
			"bytes":	56178456,
			"bits_per_second":	2.36387e+07,
			"retransmits":	443
		},
		"sum_received":	{
			"start":	0,
			"end":	19.0124,
			"seconds":	19.0124,
			"bytes":	54705168,
			"bits_per_second":	2.30187e+07
		},
		"cpu_utilization_percent":	{
			"host_total":	1.48508,
			"host_user":	0.203048,
			"host_system":	1.28204,
			"remote_total":	0.585579,
			"remote_user":	0.11142,
			"remote_system":	0.474143
		}
	}
}
