{
	"start":	{
		"connected":	[{
				"socket":	5,
				"local_host":	"10.0.0.9",
				"local_port":	3053,
				"remote_host":	"10.0.0.4",
				"remote_port":	52792
			}],
		"version":	"iperf 3.7",
		"system_info":	"Linux H9 5.4.197-0504197-generic #202206060747 SMP Mon Jun 6 09:27:47 UTC 2022 x86_64",
		"target_bitrate":	15000000,
		"sock_bufsize":	0,
		"sndbuf_actual":	87380,
		"rcvbuf_actual":	87380,
		"timestamp":	{
			"time":	"Mon, 01 Aug 2022 00:23:43 GMT",
			"timesecs":	1659313423
		},
		"accepted_connection":	{
			"host":	"10.0.0.4",
			"port":	52790
		},
		"cookie":	"sez4kyhfiof4hh6m2h6e37hzngdoctui2s4k",
		"tcp_mss_default":	0,
		"target_bitrate":	15000000,
		"test_start":	{
			"protocol":	"TCP",
			"num_streams":	1,
			"blksize":	131072,
			"omit":	0,
			"duration":	5,
			"bytes":	0,
			"blocks":	0,
			"reverse":	0,
			"tos":	0
		}
	},
	"intervals":	[{
			"streams":	[{
					"socket":	5,
					"start":	0,
					"end":	1.000642,
					"seconds":	1.000641942024231,
					"bytes":	1966080,
					"bits_per_second":	15718549.602450229,
					"omitted":	false,
					"sender":	false
				}],
			"sum":	{
				"start":	0,
				"end":	1.000642,
				"seconds":	1.000641942024231,
				"bytes":	1966080,
				"bits_per_second":	15718549.602450229,
				"omitted":	false,
				"sender":	false
			}
		}, {
			"streams":	[{
					"socket":	5,
					"start":	1.000642,
					"end":	2.000692,
					"seconds":	1.0000499486923218,
					"bytes":	1835008,
					"bits_per_second":	14679330.78662305,
					"omitted":	false,
					"sender":	false
				}],
			"sum":	{
				"start":	1.000642,
				"end":	2.000692,
				"seconds":	1.0000499486923218,
				"bytes":	1835008,
				"bits_per_second":	14679330.78662305,
				"omitted":	false,
				"sender":	false
			}
		}, {
			"streams":	[{
					"socket":	5,
					"start":	2.000692,
					"end":	3.000899,
					"seconds":	1.0002069473266602,
					"bytes":	1835008,
					"bits_per_second":	14677026.628575897,
					"omitted":	false,
					"sender":	false
				}],
			"sum":	{
				"start":	2.000692,
				"end":	3.000899,
				"seconds":	1.0002069473266602,
				"bytes":	1835008,
				"bits_per_second":	14677026.628575897,
				"omitted":	false,
				"sender":	false
			}
		}, {
			"streams":	[{
					"socket":	5,
					"start":	3.000899,
					"end":	4.000192,
					"seconds":	0.99929302930831909,
					"bytes":	1966080,
					"bits_per_second":	15739767.554354798,
					"omitted":	false,
					"sender":	false
				}],
			"sum":	{
				"start":	3.000899,
				"end":	4.000192,
				"seconds":	0.99929302930831909,
				"bytes":	1966080,
				"bits_per_second":	15739767.554354798,
				"omitted":	false,
				"sender":	false
			}
		}, {
			"streams":	[{
					"socket":	5,
					"start":	4.000192,
					"end":	5.000298,
					"seconds":	1.0001059770584106,
					"bytes":	1835008,
					"bits_per_second":	14678508.414856337,
					"omitted":	false,
					"sender":	false
				}],
			"sum":	{
				"start":	4.000192,
				"end":	5.000298,
				"seconds":	1.0001059770584106,
				"bytes":	1835008,
				"bits_per_second":	14678508.414856337,
				"omitted":	false,
				"sender":	false
			}
		}],
	"end":	{
		"streams":	[{
				"sender":	{
					"socket":	5,
					"start":	0,
					"end":	5.00058,
					"seconds":	5.00058,
					"bytes":	0,
					"bits_per_second":	0,
					"sender":	false
				},
				"receiver":	{
					"socket":	5,
					"start":	0,
					"end":	5.00058,
					"seconds":	5.00058,
					"bytes":	9437184,
					"bits_per_second":	15097743.061804829,
					"sender":	false
				}
			}],
		"sum_sent":	{
			"start":	0,
			"end":	5.00058,
			"seconds":	5.00058,
			"bytes":	0,
			"bits_per_second":	0,
			"sender":	false
		},
		"sum_received":	{
			"start":	0,
			"end":	5.00058,
			"seconds":	5.00058,
			"bytes":	9437184,
			"bits_per_second":	15097743.061804829,
			"sender":	false
		},
		"cpu_utilization_percent":	{
			"host_total":	2.0102199216833196,
			"host_user":	0,
			"host_system":	2.0102398770113226,
			"remote_total":	0,
			"remote_user":	0,
			"remote_system":	0
		},
		"receiver_tcp_congestion":	"cubic"
	}
}
