{
	"start":	{
		"connected":	[{
				"socket":	5,
				"local_host":	"10.0.0.6",
				"local_port":	2809,
				"remote_host":	"10.0.0.4",
				"remote_port":	56918
			}],
		"version":	"iperf 3.7",
		"system_info":	"Linux H6 5.4.197-0504197-generic #202206060747 SMP Mon Jun 6 09:27:47 UTC 2022 x86_64",
		"target_bitrate":	15000000,
		"sock_bufsize":	0,
		"sndbuf_actual":	87380,
		"rcvbuf_actual":	87380,
		"timestamp":	{
			"time":	"Mon, 01 Aug 2022 00:25:50 GMT",
			"timesecs":	1659313550
		},
		"accepted_connection":	{
			"host":	"10.0.0.4",
			"port":	56916
		},
		"cookie":	"5u4cubrqwsl2qlai2kkohb52w5crnk3cnivy",
		"tcp_mss_default":	0,
		"target_bitrate":	15000000,
		"test_start":	{
			"protocol":	"TCP",
			"num_streams":	1,
			"blksize":	131072,
			"omit":	0,
			"duration":	5,
			"bytes":	0,
			"blocks":	0,
			"reverse":	0,
			"tos":	0
		}
	},
	"intervals":	[{
			"streams":	[{
					"socket":	5,
					"start":	0,
					"end":	1.000616,
					"seconds":	1.0006159543991089,
					"bytes":	1966080,
					"bits_per_second":	15718957.838769803,
					"omitted":	false,
					"sender":	false
				}],
			"sum":	{
				"start":	0,
				"end":	1.000616,
				"seconds":	1.0006159543991089,
				"bytes":	1966080,
				"bits_per_second":	15718957.838769803,
				"omitted":	false,
				"sender":	false
			}
		}, {
			"streams":	[{
					"socket":	5,
					"start":	1.000616,
					"end":	2.000684,
					"seconds":	1.0000679492950439,
					"bytes":	1835008,
					"bits_per_second":	14679066.567774817,
					"omitted":	false,
					"sender":	false
				}],
			"sum":	{
				"start":	1.000616,
				"end":	2.000684,
				"seconds":	1.0000679492950439,
				"bytes":	1835008,
				"bits_per_second":	14679066.567774817,
				"omitted":	false,
				"sender":	false
			}
		}, {
			"streams":	[{
					"socket":	5,
					"start":	2.000684,
					"end":	3.000174,
					"seconds":	0.99949002265930176,
					"bytes":	1835008,
					"bits_per_second":	14687554.31989342,
					"omitted":	false,
					"sender":	false
				}],
			"sum":	{
				"start":	2.000684,
				"end":	3.000174,
				"seconds":	0.99949002265930176,
				"bytes":	1835008,
				"bits_per_second":	14687554.31989342,
				"omitted":	false,
				"sender":	false
			}
		}, {
			"streams":	[{
					"socket":	5,
					"start":	3.000174,
					"end":	4.000666,
					"seconds":	1.0004919767379761,
					"bytes":	1966080,
					"bits_per_second":	15720905.680105472,
					"omitted":	false,
					"sender":	false
				}],
			"sum":	{
				"start":	3.000174,
				"end":	4.000666,
				"seconds":	1.0004919767379761,
				"bytes":	1966080,
				"bits_per_second":	15720905.680105472,
				"omitted":	false,
				"sender":	false
			}
		}, {
			"streams":	[{
					"socket":	5,
					"start":	4.000666,
					"end":	5.000727,
					"seconds":	1.00006103515625,
					"bytes":	1835008,
					"bits_per_second":	14679168.054684162,
					"omitted":	false,
					"sender":	false
				}],
			"sum":	{
				"start":	4.000666,
				"end":	5.000727,
				"seconds":	1.00006103515625,
				"bytes":	1835008,
				"bits_per_second":	14679168.054684162,
				"omitted":	false,
				"sender":	false
			}
		}],
	"end":	{
		"streams":	[{
				"sender":	{
					"socket":	5,
					"start":	0,
					"end":	5.000846,
					"seconds":	5.000846,
					"bytes":	0,
					"bits_per_second":	0,
					"sender":	false
				},
				"receiver":	{
					"socket":	5,
					"start":	0,
					"end":	5.000846,
					"seconds":	5.000846,
					"bytes":	9437184,
					"bits_per_second":	15096939.99775238,
					"sender":	false
				}
			}],
		"sum_sent":	{
			"start":	0,
			"end":	5.000846,
			"seconds":	5.000846,
			"bytes":	0,
			"bits_per_second":	0,
			"sender":	false
		},
		"sum_received":	{
			"start":	0,
			"end":	5.000846,
			"seconds":	5.000846,
			"bytes":	9437184,
			"bits_per_second":	15096939.99775238,
			"sender":	false
		},
		"cpu_utilization_percent":	{
			"host_total":	1.9668103866465387,
			"host_user":	0,
			"host_system":	1.9668103866465387,
			"remote_total":	0,
			"remote_user":	0,
			"remote_system":	0
		},
		"receiver_tcp_congestion":	"cubic"
	}
}
