{
	"start":	{
		"connected":	[{
				"socket":	5,
				"local_host":	"10.0.0.7",
				"local_port":	3570,
				"remote_host":	"10.0.0.3",
				"remote_port":	44160
			}],
		"version":	"iperf 3.0.7",
		"system_info":	"Linux H7 5.4.197-0504197-generic #202206060747 SMP Mon Jun 6 09:27:47 UTC 2022 x86_64 x86_64 x86_64 GNU/Linux\n",
		"timestamp":	{
			"time":	"Fri, 22 Jul 2022 16:23:44 GMT",
			"timesecs":	1658507024
		},
		"accepted_connection":	{
			"host":	"10.0.0.3",
			"port":	44158
		},
		"cookie":	"H3.1658507024.618865.5ffc8d446144f57",
		"tcp_mss_default":	1448,
		"test_start":	{
			"protocol":	"TCP",
			"num_streams":	1,
			"blksize":	131072,
			"omit":	0,
			"duration":	5,
			"bytes":	0,
			"blocks":	0,
			"reverse":	0
		}
	},
	"intervals":	[{
			"streams":	[{
					"socket":	5,
					"start":	0,
					"end":	1.00028,
					"seconds":	1.00028,
					"bytes":	1703936,
					"bits_per_second":	1.36277e+07,
					"omitted":	false
				}],
			"sum":	{
				"start":	0,
				"end":	1.00028,
				"seconds":	1.00028,
				"bytes":	1703936,
				"bits_per_second":	1.36277e+07,
				"omitted":	false
			}
		}, {
			"streams":	[{
					"socket":	5,
					"start":	1.00028,
					"end":	2.00059,
					"seconds":	1.00031,
					"bytes":	1966080,
					"bits_per_second":	1.57237e+07,
					"omitted":	false
				}],
			"sum":	{
				"start":	1.00028,
				"end":	2.00059,
				"seconds":	1.00031,
				"bytes":	1966080,
				"bits_per_second":	1.57237e+07,
				"omitted":	false
			}
		}, {
			"streams":	[{
					"socket":	5,
					"start":	2.00059,
					"end":	3.00096,
					"seconds":	1.00037,
					"bytes":	1835008,
					"bits_per_second":	1.46747e+07,
					"omitted":	false
				}],
			"sum":	{
				"start":	2.00059,
				"end":	3.00096,
				"seconds":	1.00037,
				"bytes":	1835008,
				"bits_per_second":	1.46747e+07,
				"omitted":	false
			}
		}, {
			"streams":	[{
					"socket":	5,
					"start":	3.00096,
					"end":	4.00078,
					"seconds":	0.999817,
					"bytes":	1835008,
					"bits_per_second":	1.46828e+07,
					"omitted":	false
				}],
			"sum":	{
				"start":	3.00096,
				"end":	4.00078,
				"seconds":	0.999817,
				"bytes":	1835008,
				"bits_per_second":	1.46828e+07,
				"omitted":	false
			}
		}, {
			"streams":	[{
					"socket":	5,
					"start":	4.00078,
					"end":	5.00078,
					"seconds":	1.00001,
					"bytes":	1966080,
					"bits_per_second":	1.57285e+07,
					"omitted":	false
				}],
			"sum":	{
				"start":	4.00078,
				"end":	5.00078,
				"seconds":	1.00001,
				"bytes":	1966080,
				"bits_per_second":	1.57285e+07,
				"omitted":	false
			}
		}, {
			"streams":	[{
					"socket":	5,
					"start":	5.00078,
					"end":	5.00087,
					"seconds":	9.20296e-05,
					"bytes":	0,
					"bits_per_second":	0,
					"omitted":	false
				}],
			"sum":	{
				"start":	5.00078,
				"end":	5.00087,
				"seconds":	9.20296e-05,
				"bytes":	0,
				"bits_per_second":	0,
				"omitted":	false
			}
		}],
	"end":	{
		"streams":	[{
				"sender":	{
					"socket":	5,
					"start":	0,
					"end":	5.00087,
					"seconds":	5.00087,
					"bytes":	9306112,
					"bits_per_second":	1.48872e+07,
					"retransmits":	0
				},
				"receiver":	{
					"socket":	5,
					"start":	0,
					"end":	5.00087,
					"seconds":	5.00087,
					"bytes":	9306112,
					"bits_per_second":	1.48872e+07
				}
			}],
		"sum_sent":	{
			"start":	0,
			"end":	5.00087,
			"seconds":	5.00087,
			"bytes":	9306112,
			"bits_per_second":	1.48872e+07,
			"retransmits":	0
		},
		"sum_received":	{
			"start":	0,
			"end":	5.00087,
			"seconds":	5.00087,
			"bytes":	9306112,
			"bits_per_second":	1.48872e+07
		},
		"cpu_utilization_percent":	{
			"host_total":	1.61028,
			"host_user":	0,
			"host_system":	1.61026,
			"remote_total":	0.605964,
			"remote_user":	0,
			"remote_system":	0.605944
		}
	}
}
{
	"start":	{
		"connected":	[],
		"version":	"iperf 3.0.7",
		"system_info":	"Linux H7 5.4.197-0504197-generic #202206060747 SMP Mon Jun 6 09:27:47 UTC 2022 x86_64 x86_64 x86_64 GNU/Linux\n"
	},
	"intervals":	[],
	"end":	{
	},
	"error":	"interrupt - the server has terminated"
}
