{
	"start":	{
		"connected":	[{
				"socket":	5,
				"local_host":	"10.0.0.9",
				"local_port":	3222,
				"remote_host":	"10.0.0.1",
				"remote_port":	54344
			}],
		"version":	"iperf 3.7",
		"system_info":	"Linux H9 5.4.197-0504197-generic #202206060747 SMP Mon Jun 6 09:27:47 UTC 2022 x86_64",
		"target_bitrate":	15000000,
		"sock_bufsize":	0,
		"sndbuf_actual":	87380,
		"rcvbuf_actual":	87380,
		"timestamp":	{
			"time":	"Mon, 01 Aug 2022 00:24:04 GMT",
			"timesecs":	1659313444
		},
		"accepted_connection":	{
			"host":	"10.0.0.1",
			"port":	54342
		},
		"cookie":	"ifxlxpr3dykk73ythwssidnvnrhn5dwkalnh",
		"tcp_mss_default":	0,
		"target_bitrate":	15000000,
		"test_start":	{
			"protocol":	"TCP",
			"num_streams":	1,
			"blksize":	131072,
			"omit":	0,
			"duration":	5,
			"bytes":	0,
			"blocks":	0,
			"reverse":	0,
			"tos":	0
		}
	},
	"intervals":	[{
			"streams":	[{
					"socket":	5,
					"start":	0,
					"end":	1.000845,
					"seconds":	1.0008449554443359,
					"bytes":	1966080,
					"bits_per_second":	15715361.219977474,
					"omitted":	false,
					"sender":	false
				}],
			"sum":	{
				"start":	0,
				"end":	1.000845,
				"seconds":	1.0008449554443359,
				"bytes":	1966080,
				"bits_per_second":	15715361.219977474,
				"omitted":	false,
				"sender":	false
			}
		}, {
			"streams":	[{
					"socket":	5,
					"start":	1.000845,
					"end":	2.000264,
					"seconds":	0.99941897392272949,
					"bytes":	1835008,
					"bits_per_second":	14688598.458743084,
					"omitted":	false,
					"sender":	false
				}],
			"sum":	{
				"start":	1.000845,
				"end":	2.000264,
				"seconds":	0.99941897392272949,
				"bytes":	1835008,
				"bits_per_second":	14688598.458743084,
				"omitted":	false,
				"sender":	false
			}
		}, {
			"streams":	[{
					"socket":	5,
					"start":	2.000264,
					"end":	3.000843,
					"seconds":	1.0005789995193481,
					"bytes":	1835008,
					"bits_per_second":	14671569.168503353,
					"omitted":	false,
					"sender":	false
				}],
			"sum":	{
				"start":	2.000264,
				"end":	3.000843,
				"seconds":	1.0005789995193481,
				"bytes":	1835008,
				"bits_per_second":	14671569.168503353,
				"omitted":	false,
				"sender":	false
			}
		}, {
			"streams":	[{
					"socket":	5,
					"start":	3.000843,
					"end":	4.001213,
					"seconds":	1.0003700256347656,
					"bytes":	1966080,
					"bits_per_second":	15722822.152752621,
					"omitted":	false,
					"sender":	false
				}],
			"sum":	{
				"start":	3.000843,
				"end":	4.001213,
				"seconds":	1.0003700256347656,
				"bytes":	1966080,
				"bits_per_second":	15722822.152752621,
				"omitted":	false,
				"sender":	false
			}
		}, {
			"streams":	[{
					"socket":	5,
					"start":	4.001213,
					"end":	5.000363,
					"seconds":	0.99914997816085815,
					"bytes":	1835008,
					"bits_per_second":	14692552.990915027,
					"omitted":	false,
					"sender":	false
				}],
			"sum":	{
				"start":	4.001213,
				"end":	5.000363,
				"seconds":	0.99914997816085815,
				"bytes":	1835008,
				"bits_per_second":	14692552.990915027,
				"omitted":	false,
				"sender":	false
			}
		}],
	"end":	{
		"streams":	[{
				"sender":	{
					"socket":	5,
					"start":	0,
					"end":	5.000363,
					"seconds":	5.000363,
					"bytes":	0,
					"bits_per_second":	0,
					"sender":	false
				},
				"receiver":	{
					"socket":	5,
					"start":	0,
					"end":	5.000363,
					"seconds":	5.000363,
					"bytes":	9437184,
					"bits_per_second":	15098398.256286593,
					"sender":	false
				}
			}],
		"sum_sent":	{
			"start":	0,
			"end":	5.000363,
			"seconds":	5.000363,
			"bytes":	0,
			"bits_per_second":	0,
			"sender":	false
		},
		"sum_received":	{
			"start":	0,
			"end":	5.000363,
			"seconds":	5.000363,
			"bytes":	9437184,
			"bits_per_second":	15098398.256286593,
			"sender":	false
		},
		"cpu_utilization_percent":	{
			"host_total":	2.1582301658496088,
			"host_user":	1.0440712332102342,
			"host_system":	1.1141788892736084,
			"remote_total":	0,
			"remote_user":	0,
			"remote_system":	0
		},
		"receiver_tcp_congestion":	"cubic"
	}
}
