{
	"start":	{
		"connected":	[{
				"socket":	5,
				"local_host":	"10.0.0.15",
				"local_port":	1863,
				"remote_host":	"10.0.0.7",
				"remote_port":	54203
			}],
		"version":	"iperf 3.0.7",
		"system_info":	"Linux CS1 5.4.197-0504197-generic #202206060747 SMP Mon Jun 6 09:27:47 UTC 2022 x86_64 x86_64 x86_64 GNU/Linux\n",
		"timestamp":	{
			"time":	"Mon, 25 Jul 2022 21:48:48 GMT",
			"timesecs":	1658785728
		},
		"accepted_connection":	{
			"host":	"10.0.0.7",
			"port":	49256
		},
		"cookie":	"BS7.1658785728.139261.6618204100938f",
		"test_start":	{
			"protocol":	"UDP",
			"num_streams":	1,
			"blksize":	8192,
			"omit":	0,
			"duration":	9,
			"bytes":	0,
			"blocks":	0,
			"reverse":	0
		}
	},
	"intervals":	[{
			"streams":	[{
					"socket":	5,
					"start":	0,
					"end":	1.0004,
					"seconds":	1.0004,
					"bytes":	2818048,
					"bits_per_second":	2.25354e+07,
					"jitter_ms":	0.694751,
					"lost_packets":	3,
					"packets":	345,
					"lost_percent":	0.869565,
					"omitted":	false
				}],
			"sum":	{
				"start":	0,
				"end":	1.0004,
				"seconds":	1.0004,
				"bytes":	2818048,
				"bits_per_second":	2.25354e+07,
				"jitter_ms":	0.694751,
				"lost_packets":	3,
				"packets":	345,
				"lost_percent":	0.869565,
				"omitted":	false
			}
		}, {
			"streams":	[{
					"socket":	5,
					"start":	1.0004,
					"end":	2.00106,
					"seconds":	1.00066,
					"bytes":	3121152,
					"bits_per_second":	2.49527e+07,
					"jitter_ms":	0.693227,
					"lost_packets":	0,
					"packets":	381,
					"lost_percent":	0,
					"omitted":	false
				}],
			"sum":	{
				"start":	1.0004,
				"end":	2.00106,
				"seconds":	1.00066,
				"bytes":	3121152,
				"bits_per_second":	2.49527e+07,
				"jitter_ms":	0.693227,
				"lost_packets":	0,
				"packets":	381,
				"lost_percent":	0,
				"omitted":	false
			}
		}, {
			"streams":	[{
					"socket":	5,
					"start":	2.00106,
					"end":	3.00049,
					"seconds":	0.999433,
					"bytes":	3014656,
					"bits_per_second":	2.41309e+07,
					"jitter_ms":	1.08673,
					"lost_packets":	14,
					"packets":	382,
					"lost_percent":	3.66492,
					"omitted":	false
				}],
			"sum":	{
				"start":	2.00106,
				"end":	3.00049,
				"seconds":	0.999433,
				"bytes":	3014656,
				"bits_per_second":	2.41309e+07,
				"jitter_ms":	1.08673,
				"lost_packets":	14,
				"packets":	382,
				"lost_percent":	3.66492,
				"omitted":	false
			}
		}, {
			"streams":	[{
					"socket":	5,
					"start":	3.00049,
					"end":	4.00068,
					"seconds":	1.00018,
					"bytes":	3121152,
					"bits_per_second":	2.49647e+07,
					"jitter_ms":	0.810278,
					"lost_packets":	0,
					"packets":	381,
					"lost_percent":	0,
					"omitted":	false
				}],
			"sum":	{
				"start":	3.00049,
				"end":	4.00068,
				"seconds":	1.00018,
				"bytes":	3121152,
				"bits_per_second":	2.49647e+07,
				"jitter_ms":	0.810278,
				"lost_packets":	0,
				"packets":	381,
				"lost_percent":	0,
				"omitted":	false
			}
		}, {
			"streams":	[{
					"socket":	5,
					"start":	4.00068,
					"end":	5.00054,
					"seconds":	0.999867,
					"bytes":	3121152,
					"bits_per_second":	2.49725e+07,
					"jitter_ms":	0.675326,
					"lost_packets":	0,
					"packets":	381,
					"lost_percent":	0,
					"omitted":	false
				}],
			"sum":	{
				"start":	4.00068,
				"end":	5.00054,
				"seconds":	0.999867,
				"bytes":	3121152,
				"bits_per_second":	2.49725e+07,
				"jitter_ms":	0.675326,
				"lost_packets":	0,
				"packets":	381,
				"lost_percent":	0,
				"omitted":	false
			}
		}, {
			"streams":	[{
					"socket":	5,
					"start":	5.00054,
					"end":	6.00049,
					"seconds":	0.999947,
					"bytes":	3129344,
					"bits_per_second":	2.50361e+07,
					"jitter_ms":	0.753677,
					"lost_packets":	0,
					"packets":	382,
					"lost_percent":	0,
					"omitted":	false
				}],
			"sum":	{
				"start":	5.00054,
				"end":	6.00049,
				"seconds":	0.999947,
				"bytes":	3129344,
				"bits_per_second":	2.50361e+07,
				"jitter_ms":	0.753677,
				"lost_packets":	0,
				"packets":	382,
				"lost_percent":	0,
				"omitted":	false
			}
		}, {
			"streams":	[{
					"socket":	5,
					"start":	6.00049,
					"end":	7.00052,
					"seconds":	1.00003,
					"bytes":	3129344,
					"bits_per_second":	2.5034e+07,
					"jitter_ms":	0.525101,
					"lost_packets":	0,
					"packets":	382,
					"lost_percent":	0,
					"omitted":	false
				}],
			"sum":	{
				"start":	6.00049,
				"end":	7.00052,
				"seconds":	1.00003,
				"bytes":	3129344,
				"bits_per_second":	2.5034e+07,
				"jitter_ms":	0.525101,
				"lost_packets":	0,
				"packets":	382,
				"lost_percent":	0,
				"omitted":	false
			}
		}, {
			"streams":	[{
					"socket":	5,
					"start":	7.00052,
					"end":	8.00048,
					"seconds":	0.999961,
					"bytes":	3121152,
					"bits_per_second":	2.49702e+07,
					"jitter_ms":	0.511439,
					"lost_packets":	0,
					"packets":	381,
					"lost_percent":	0,
					"omitted":	false
				}],
			"sum":	{
				"start":	7.00052,
				"end":	8.00048,
				"seconds":	0.999961,
				"bytes":	3121152,
				"bits_per_second":	2.49702e+07,
				"jitter_ms":	0.511439,
				"lost_packets":	0,
				"packets":	381,
				"lost_percent":	0,
				"omitted":	false
			}
		}, {
			"streams":	[{
					"socket":	5,
					"start":	8.00048,
					"end":	9.00047,
					"seconds":	0.999991,
					"bytes":	3121152,
					"bits_per_second":	2.49694e+07,
					"jitter_ms":	0.88376,
					"lost_packets":	1,
					"packets":	381,
					"lost_percent":	0.262467,
					"omitted":	false
				}],
			"sum":	{
				"start":	8.00048,
				"end":	9.00047,
				"seconds":	0.999991,
				"bytes":	3121152,
				"bits_per_second":	2.49694e+07,
				"jitter_ms":	0.88376,
				"lost_packets":	1,
				"packets":	381,
				"lost_percent":	0.262467,
				"omitted":	false
			}
		}, {
			"streams":	[{
					"socket":	5,
					"start":	9.00047,
					"end":	9.05054,
					"seconds":	0.0500669,
					"bytes":	0,
					"bits_per_second":	0,
					"jitter_ms":	0.88376,
					"lost_packets":	0,
					"packets":	0,
					"lost_percent":	-nan,
					"omitted":	false
				}],
			"sum":	{
				"start":	9.00047,
				"end":	9.05054,
				"seconds":	0.0500669,
				"bytes":	0,
				"bits_per_second":	0,
				"jitter_ms":	0.88376,
				"lost_packets":	0,
				"packets":	0,
				"lost_percent":	-nan,
				"omitted":	false
			}
		}],
	"end":	{
		"streams":	[{
				"udp":	{
					"socket":	5,
					"start":	0,
					"end":	9.05054,
					"seconds":	9.05054,
					"bytes":	27820032,
					"bits_per_second":	2.45908e+07,
					"jitter_ms":	0.88376,
					"lost_packets":	18,
					"packets":	3396,
					"lost_percent":	0.530035
				}
			}],
		"sum":	{
			"start":	0,
			"end":	9.05054,
			"seconds":	9.05054,
			"bytes":	27820032,
			"bits_per_second":	2.45908e+07,
			"jitter_ms":	0.88376,
			"lost_packets":	18,
			"packets":	3396,
			"lost_percent":	0.530035
		},
		"cpu_utilization_percent":	{
			"host_total":	2.51534,
			"host_user":	0.0908296,
			"host_system":	2.42457,
			"remote_total":	2.17982,
			"remote_user":	0.106244,
			"remote_system":	2.07351
		}
	},
	"error":	"OUT OF ORDER - incoming packet = 1 and received packet = 3 AND SP = 5",
	"error":	"OUT OF ORDER - incoming packet = 228 and received packet = 230 AND SP = 5",
	"error":	"OUT OF ORDER - incoming packet = 3155 and received packet = 3156 AND SP = 5"
}
