{
	"start":	{
		"connected":	[{
				"socket":	5,
				"local_host":	"10.0.0.10",
				"local_port":	3253,
				"remote_host":	"10.0.0.3",
				"remote_port":	38994
			}],
		"version":	"iperf 3.0.7",
		"system_info":	"Linux H10 5.4.197-0504197-generic #202206060747 SMP Mon Jun 6 09:27:47 UTC 2022 x86_64 x86_64 x86_64 GNU/Linux\n",
		"timestamp":	{
			"time":	"Fri, 22 Jul 2022 16:30:10 GMT",
			"timesecs":	1658507410
		},
		"accepted_connection":	{
			"host":	"10.0.0.3",
			"port":	38992
		},
		"cookie":	"H3.1658507410.544235.4e8e2c423844615",
		"tcp_mss_default":	1448,
		"test_start":	{
			"protocol":	"TCP",
			"num_streams":	1,
			"blksize":	131072,
			"omit":	0,
			"duration":	5,
			"bytes":	0,
			"blocks":	0,
			"reverse":	0
		}
	},
	"intervals":	[{
			"streams":	[{
					"socket":	5,
					"start":	0,
					"end":	1.00049,
					"seconds":	1.00049,
					"bytes":	1690848,
					"bits_per_second":	1.35201e+07,
					"omitted":	false
				}],
			"sum":	{
				"start":	0,
				"end":	1.00049,
				"seconds":	1.00049,
				"bytes":	1690848,
				"bits_per_second":	1.35201e+07,
				"omitted":	false
			}
		}, {
			"streams":	[{
					"socket":	5,
					"start":	1.00049,
					"end":	2.00122,
					"seconds":	1.00073,
					"bytes":	1966080,
					"bits_per_second":	1.57172e+07,
					"omitted":	false
				}],
			"sum":	{
				"start":	1.00049,
				"end":	2.00122,
				"seconds":	1.00073,
				"bytes":	1966080,
				"bits_per_second":	1.57172e+07,
				"omitted":	false
			}
		}, {
			"streams":	[{
					"socket":	5,
					"start":	2.00122,
					"end":	3.00019,
					"seconds":	0.998963,
					"bytes":	1835008,
					"bits_per_second":	1.46953e+07,
					"omitted":	false
				}],
			"sum":	{
				"start":	2.00122,
				"end":	3.00019,
				"seconds":	0.998963,
				"bytes":	1835008,
				"bits_per_second":	1.46953e+07,
				"omitted":	false
			}
		}, {
			"streams":	[{
					"socket":	5,
					"start":	3.00019,
					"end":	4.00102,
					"seconds":	1.00083,
					"bytes":	1835008,
					"bits_per_second":	1.46678e+07,
					"omitted":	false
				}],
			"sum":	{
				"start":	3.00019,
				"end":	4.00102,
				"seconds":	1.00083,
				"bytes":	1835008,
				"bits_per_second":	1.46678e+07,
				"omitted":	false
			}
		}, {
			"streams":	[{
					"socket":	5,
					"start":	4.00102,
					"end":	5.00036,
					"seconds":	0.999339,
					"bytes":	1966080,
					"bits_per_second":	1.5739e+07,
					"omitted":	false
				}],
			"sum":	{
				"start":	4.00102,
				"end":	5.00036,
				"seconds":	0.999339,
				"bytes":	1966080,
				"bits_per_second":	1.5739e+07,
				"omitted":	false
			}
		}, {
			"streams":	[{
					"socket":	5,
					"start":	5.00036,
					"end":	5.00071,
					"seconds":	0.000348806,
					"bytes":	0,
					"bits_per_second":	0,
					"omitted":	false
				}],
			"sum":	{
				"start":	5.00036,
				"end":	5.00071,
				"seconds":	0.000348806,
				"bytes":	0,
				"bits_per_second":	0,
				"omitted":	false
			}
		}],
	"end":	{
		"streams":	[{
				"sender":	{
					"socket":	5,
					"start":	0,
					"end":	5.00071,
					"seconds":	5.00071,
					"bytes":	9293024,
					"bits_per_second":	1.48667e+07,
					"retransmits":	0
				},
				"receiver":	{
					"socket":	5,
					"start":	0,
					"end":	5.00071,
					"seconds":	5.00071,
					"bytes":	9293024,
					"bits_per_second":	1.48667e+07
				}
			}],
		"sum_sent":	{
			"start":	0,
			"end":	5.00071,
			"seconds":	5.00071,
			"bytes":	9293024,
			"bits_per_second":	1.48667e+07,
			"retransmits":	0
		},
		"sum_received":	{
			"start":	0,
			"end":	5.00071,
			"seconds":	5.00071,
			"bytes":	9293024,
			"bits_per_second":	1.48667e+07
		},
		"cpu_utilization_percent":	{
			"host_total":	1.14713,
			"host_user":	1.14715,
			"host_system":	0,
			"remote_total":	0.384868,
			"remote_user":	0.0586373,
			"remote_system":	0.326291
		}
	}
}
{
	"start":	{
		"connected":	[],
		"version":	"iperf 3.0.7",
		"system_info":	"Linux H10 5.4.197-0504197-generic #202206060747 SMP Mon Jun 6 09:27:47 UTC 2022 x86_64 x86_64 x86_64 GNU/Linux\n"
	},
	"intervals":	[],
	"end":	{
	},
	"error":	"interrupt - the server has terminated"
}
