{
	"start":	{
		"connected":	[{
				"socket":	5,
				"local_host":	"10.0.0.15",
				"local_port":	1460,
				"remote_host":	"10.0.0.4",
				"remote_port":	37940
			}],
		"version":	"iperf 3.0.7",
		"system_info":	"Linux CS1 5.4.197-0504197-generic #202206060747 SMP Mon Jun 6 09:27:47 UTC 2022 x86_64 x86_64 x86_64 GNU/Linux\n",
		"timestamp":	{
			"time":	"Mon, 25 Jul 2022 21:50:43 GMT",
			"timesecs":	1658785843
		},
		"accepted_connection":	{
			"host":	"10.0.0.4",
			"port":	53190
		},
		"cookie":	"BS4.1658785843.330762.0865328e4ccf6d",
		"test_start":	{
			"protocol":	"UDP",
			"num_streams":	1,
			"blksize":	8192,
			"omit":	0,
			"duration":	31,
			"bytes":	0,
			"blocks":	0,
			"reverse":	0
		}
	},
	"intervals":	[{
			"streams":	[{
					"socket":	5,
					"start":	0,
					"end":	1.00012,
					"seconds":	1.00012,
					"bytes":	11370496,
					"bits_per_second":	9.09533e+07,
					"jitter_ms":	0.612853,
					"lost_packets":	6,
					"packets":	1394,
					"lost_percent":	0.430416,
					"omitted":	false
				}],
			"sum":	{
				"start":	0,
				"end":	1.00012,
				"seconds":	1.00012,
				"bytes":	11370496,
				"bits_per_second":	9.09533e+07,
				"jitter_ms":	0.612853,
				"lost_packets":	6,
				"packets":	1394,
				"lost_percent":	0.430416,
				"omitted":	false
			}
		}, {
			"streams":	[{
					"socket":	5,
					"start":	1.00012,
					"end":	2.0005,
					"seconds":	1.00038,
					"bytes":	12435456,
					"bits_per_second":	9.94459e+07,
					"jitter_ms":	1.08484,
					"lost_packets":	2,
					"packets":	1518,
					"lost_percent":	0.131752,
					"omitted":	false
				}],
			"sum":	{
				"start":	1.00012,
				"end":	2.0005,
				"seconds":	1.00038,
				"bytes":	12435456,
				"bits_per_second":	9.94459e+07,
				"jitter_ms":	1.08484,
				"lost_packets":	2,
				"packets":	1518,
				"lost_percent":	0.131752,
				"omitted":	false
			}
		}, {
			"streams":	[{
					"socket":	5,
					"start":	2.0005,
					"end":	3.00013,
					"seconds":	0.999635,
					"bytes":	12664832,
					"bits_per_second":	1.01356e+08,
					"jitter_ms":	0.483657,
					"lost_packets":	11,
					"packets":	1553,
					"lost_percent":	0.708307,
					"omitted":	false
				}],
			"sum":	{
				"start":	2.0005,
				"end":	3.00013,
				"seconds":	0.999635,
				"bytes":	12664832,
				"bits_per_second":	1.01356e+08,
				"jitter_ms":	0.483657,
				"lost_packets":	11,
				"packets":	1553,
				"lost_percent":	0.708307,
				"omitted":	false
			}
		}, {
			"streams":	[{
					"socket":	5,
					"start":	3.00013,
					"end":	4.0001,
					"seconds":	0.999971,
					"bytes":	11911168,
					"bits_per_second":	9.52921e+07,
					"jitter_ms":	0.596753,
					"lost_packets":	14,
					"packets":	1455,
					"lost_percent":	0.962199,
					"omitted":	false
				}],
			"sum":	{
				"start":	3.00013,
				"end":	4.0001,
				"seconds":	0.999971,
				"bytes":	11911168,
				"bits_per_second":	9.52921e+07,
				"jitter_ms":	0.596753,
				"lost_packets":	14,
				"packets":	1455,
				"lost_percent":	0.962199,
				"omitted":	false
			}
		}, {
			"streams":	[{
					"socket":	5,
					"start":	4.0001,
					"end":	5.00004,
					"seconds":	0.999938,
					"bytes":	11427840,
					"bits_per_second":	9.14284e+07,
					"jitter_ms":	0.722231,
					"lost_packets":	25,
					"packets":	1396,
					"lost_percent":	1.79083,
					"omitted":	false
				}],
			"sum":	{
				"start":	4.0001,
				"end":	5.00004,
				"seconds":	0.999938,
				"bytes":	11427840,
				"bits_per_second":	9.14284e+07,
				"jitter_ms":	0.722231,
				"lost_packets":	25,
				"packets":	1396,
				"lost_percent":	1.79083,
				"omitted":	false
			}
		}, {
			"streams":	[{
					"socket":	5,
					"start":	5.00004,
					"end":	6.0019,
					"seconds":	1.00186,
					"bytes":	12681216,
					"bits_per_second":	1.01262e+08,
					"jitter_ms":	1.09342,
					"lost_packets":	124,
					"packets":	1645,
					"lost_percent":	7.53799,
					"omitted":	false
				}],
			"sum":	{
				"start":	5.00004,
				"end":	6.0019,
				"seconds":	1.00186,
				"bytes":	12681216,
				"bits_per_second":	1.01262e+08,
				"jitter_ms":	1.09342,
				"lost_packets":	124,
				"packets":	1645,
				"lost_percent":	7.53799,
				"omitted":	false
			}
		}, {
			"streams":	[{
					"socket":	5,
					"start":	6.0019,
					"end":	7.00026,
					"seconds":	0.998364,
					"bytes":	12935168,
					"bits_per_second":	1.03651e+08,
					"jitter_ms":	0.497491,
					"lost_packets":	27,
					"packets":	1588,
					"lost_percent":	1.70025,
					"omitted":	false
				}],
			"sum":	{
				"start":	6.0019,
				"end":	7.00026,
				"seconds":	0.998364,
				"bytes":	12935168,
				"bits_per_second":	1.03651e+08,
				"jitter_ms":	0.497491,
				"lost_packets":	27,
				"packets":	1588,
				"lost_percent":	1.70025,
				"omitted":	false
			}
		}, {
			"streams":	[{
					"socket":	5,
					"start":	7.00026,
					"end":	8.00001,
					"seconds":	0.999749,
					"bytes":	11673600,
					"bits_per_second":	9.34123e+07,
					"jitter_ms":	0.899016,
					"lost_packets":	22,
					"packets":	1425,
					"lost_percent":	1.54386,
					"omitted":	false
				}],
			"sum":	{
				"start":	7.00026,
				"end":	8.00001,
				"seconds":	0.999749,
				"bytes":	11673600,
				"bits_per_second":	9.34123e+07,
				"jitter_ms":	0.899016,
				"lost_packets":	22,
				"packets":	1425,
				"lost_percent":	1.54386,
				"omitted":	false
			}
		}, {
			"streams":	[{
					"socket":	5,
					"start":	8.00001,
					"end":	9.00002,
					"seconds":	1.00001,
					"bytes":	11902976,
					"bits_per_second":	9.52228e+07,
					"jitter_ms":	0.980194,
					"lost_packets":	140,
					"packets":	1552,
					"lost_percent":	9.02062,
					"omitted":	false
				}],
			"sum":	{
				"start":	8.00001,
				"end":	9.00002,
				"seconds":	1.00001,
				"bytes":	11902976,
				"bits_per_second":	9.52228e+07,
				"jitter_ms":	0.980194,
				"lost_packets":	140,
				"packets":	1552,
				"lost_percent":	9.02062,
				"omitted":	false
			}
		}, {
			"streams":	[{
					"socket":	5,
					"start":	9.00002,
					"end":	10.0004,
					"seconds":	1.00034,
					"bytes":	12877824,
					"bits_per_second":	1.02987e+08,
					"jitter_ms":	0.591123,
					"lost_packets":	65,
					"packets":	1595,
					"lost_percent":	4.07524,
					"omitted":	false
				}],
			"sum":	{
				"start":	9.00002,
				"end":	10.0004,
				"seconds":	1.00034,
				"bytes":	12877824,
				"bits_per_second":	1.02987e+08,
				"jitter_ms":	0.591123,
				"lost_packets":	65,
				"packets":	1595,
				"lost_percent":	4.07524,
				"omitted":	false
			}
		}, {
			"streams":	[{
					"socket":	5,
					"start":	10.0004,
					"end":	11.004,
					"seconds":	1.00359,
					"bytes":	12197888,
					"bits_per_second":	9.72337e+07,
					"jitter_ms":	0.868851,
					"lost_packets":	42,
					"packets":	1515,
					"lost_percent":	2.77228,
					"omitted":	false
				}],
			"sum":	{
				"start":	10.0004,
				"end":	11.004,
				"seconds":	1.00359,
				"bytes":	12197888,
				"bits_per_second":	9.72337e+07,
				"jitter_ms":	0.868851,
				"lost_packets":	42,
				"packets":	1515,
				"lost_percent":	2.77228,
				"omitted":	false
			}
		}, {
			"streams":	[{
					"socket":	5,
					"start":	11.004,
					"end":	12.0002,
					"seconds":	0.996254,
					"bytes":	12107776,
					"bits_per_second":	9.72264e+07,
					"jitter_ms":	1.05722,
					"lost_packets":	28,
					"packets":	1492,
					"lost_percent":	1.87668,
					"omitted":	false
				}],
			"sum":	{
				"start":	11.004,
				"end":	12.0002,
				"seconds":	0.996254,
				"bytes":	12107776,
				"bits_per_second":	9.72264e+07,
				"jitter_ms":	1.05722,
				"lost_packets":	28,
				"packets":	1492,
				"lost_percent":	1.87668,
				"omitted":	false
			}
		}, {
			"streams":	[{
					"socket":	5,
					"start":	12.0002,
					"end":	13.0003,
					"seconds":	1.00012,
					"bytes":	13017088,
					"bits_per_second":	1.04124e+08,
					"jitter_ms":	0.516397,
					"lost_packets":	15,
					"packets":	1589,
					"lost_percent":	0.94399,
					"omitted":	false
				}],
			"sum":	{
				"start":	12.0002,
				"end":	13.0003,
				"seconds":	1.00012,
				"bytes":	13017088,
				"bits_per_second":	1.04124e+08,
				"jitter_ms":	0.516397,
				"lost_packets":	15,
				"packets":	1589,
				"lost_percent":	0.94399,
				"omitted":	false
			}
		}, {
			"streams":	[{
					"socket":	5,
					"start":	13.0003,
					"end":	14.0025,
					"seconds":	1.00219,
					"bytes":	11567104,
					"bits_per_second":	9.23348e+07,
					"jitter_ms":	1.37912,
					"lost_packets":	46,
					"packets":	1447,
					"lost_percent":	3.17899,
					"omitted":	false
				}],
			"sum":	{
				"start":	13.0003,
				"end":	14.0025,
				"seconds":	1.00219,
				"bytes":	11567104,
				"bits_per_second":	9.23348e+07,
				"jitter_ms":	1.37912,
				"lost_packets":	46,
				"packets":	1447,
				"lost_percent":	3.17899,
				"omitted":	false
			}
		}, {
			"streams":	[{
					"socket":	5,
					"start":	14.0025,
					"end":	15.0002,
					"seconds":	0.997676,
					"bytes":	12451840,
					"bits_per_second":	9.98468e+07,
					"jitter_ms":	0.767211,
					"lost_packets":	101,
					"packets":	1573,
					"lost_percent":	6.42085,
					"omitted":	false
				}],
			"sum":	{
				"start":	14.0025,
				"end":	15.0002,
				"seconds":	0.997676,
				"bytes":	12451840,
				"bits_per_second":	9.98468e+07,
				"jitter_ms":	0.767211,
				"lost_packets":	101,
				"packets":	1573,
				"lost_percent":	6.42085,
				"omitted":	false
			}
		}, {
			"streams":	[{
					"socket":	5,
					"start":	15.0002,
					"end":	16.0001,
					"seconds":	0.999937,
					"bytes":	12476416,
					"bits_per_second":	9.98176e+07,
					"jitter_ms":	0.412422,
					"lost_packets":	7,
					"packets":	1523,
					"lost_percent":	0.459619,
					"omitted":	false
				}],
			"sum":	{
				"start":	15.0002,
				"end":	16.0001,
				"seconds":	0.999937,
				"bytes":	12476416,
				"bits_per_second":	9.98176e+07,
				"jitter_ms":	0.412422,
				"lost_packets":	7,
				"packets":	1523,
				"lost_percent":	0.459619,
				"omitted":	false
			}
		}, {
			"streams":	[{
					"socket":	5,
					"start":	16.0001,
					"end":	17.0023,
					"seconds":	1.00212,
					"bytes":	10313728,
					"bits_per_second":	8.23352e+07,
					"jitter_ms":	1.67422,
					"lost_packets":	95,
					"packets":	1336,
					"lost_percent":	7.11078,
					"omitted":	false
				}],
			"sum":	{
				"start":	16.0001,
				"end":	17.0023,
				"seconds":	1.00212,
				"bytes":	10313728,
				"bits_per_second":	8.23352e+07,
				"jitter_ms":	1.67422,
				"lost_packets":	95,
				"packets":	1336,
				"lost_percent":	7.11078,
				"omitted":	false
			}
		}, {
			"streams":	[{
					"socket":	5,
					"start":	17.0023,
					"end":	18.0001,
					"seconds":	0.997824,
					"bytes":	11280384,
					"bits_per_second":	9.04399e+07,
					"jitter_ms":	0.96486,
					"lost_packets":	99,
					"packets":	1431,
					"lost_percent":	6.91824,
					"omitted":	false
				}],
			"sum":	{
				"start":	17.0023,
				"end":	18.0001,
				"seconds":	0.997824,
				"bytes":	11280384,
				"bits_per_second":	9.04399e+07,
				"jitter_ms":	0.96486,
				"lost_packets":	99,
				"packets":	1431,
				"lost_percent":	6.91824,
				"omitted":	false
			}
		}, {
			"streams":	[{
					"socket":	5,
					"start":	18.0001,
					"end":	19,
					"seconds":	0.999964,
					"bytes":	12574720,
					"bits_per_second":	1.00601e+08,
					"jitter_ms":	0.594666,
					"lost_packets":	194,
					"packets":	1717,
					"lost_percent":	11.2988,
					"omitted":	false
				}],
			"sum":	{
				"start":	18.0001,
				"end":	19,
				"seconds":	0.999964,
				"bytes":	12574720,
				"bits_per_second":	1.00601e+08,
				"jitter_ms":	0.594666,
				"lost_packets":	194,
				"packets":	1717,
				"lost_percent":	11.2988,
				"omitted":	false
			}
		}, {
			"streams":	[{
					"socket":	5,
					"start":	19,
					"end":	20.0002,
					"seconds":	1.00011,
					"bytes":	12656640,
					"bits_per_second":	1.01242e+08,
					"jitter_ms":	0.894405,
					"lost_packets":	44,
					"packets":	1576,
					"lost_percent":	2.79188,
					"omitted":	false
				}],
			"sum":	{
				"start":	19,
				"end":	20.0002,
				"seconds":	1.00011,
				"bytes":	12656640,
				"bits_per_second":	1.01242e+08,
				"jitter_ms":	0.894405,
				"lost_packets":	44,
				"packets":	1576,
				"lost_percent":	2.79188,
				"omitted":	false
			}
		}, {
			"streams":	[{
					"socket":	5,
					"start":	20.0002,
					"end":	21.0004,
					"seconds":	1.00027,
					"bytes":	13025280,
					"bits_per_second":	1.04175e+08,
					"jitter_ms":	0.620953,
					"lost_packets":	23,
					"packets":	1613,
					"lost_percent":	1.42591,
					"omitted":	false
				}],
			"sum":	{
				"start":	20.0002,
				"end":	21.0004,
				"seconds":	1.00027,
				"bytes":	13025280,
				"bits_per_second":	1.04175e+08,
				"jitter_ms":	0.620953,
				"lost_packets":	23,
				"packets":	1613,
				"lost_percent":	1.42591,
				"omitted":	false
			}
		}, {
			"streams":	[{
					"socket":	5,
					"start":	21.0004,
					"end":	22.0001,
					"seconds":	0.999679,
					"bytes":	11878400,
					"bits_per_second":	9.50577e+07,
					"jitter_ms":	0.833125,
					"lost_packets":	27,
					"packets":	1463,
					"lost_percent":	1.84552,
					"omitted":	false
				}],
			"sum":	{
				"start":	21.0004,
				"end":	22.0001,
				"seconds":	0.999679,
				"bytes":	11878400,
				"bits_per_second":	9.50577e+07,
				"jitter_ms":	0.833125,
				"lost_packets":	27,
				"packets":	1463,
				"lost_percent":	1.84552,
				"omitted":	false
			}
		}, {
			"streams":	[{
					"socket":	5,
					"start":	22.0001,
					"end":	23.0001,
					"seconds":	0.999969,
					"bytes":	12353536,
					"bits_per_second":	9.88314e+07,
					"jitter_ms":	0.752096,
					"lost_packets":	59,
					"packets":	1535,
					"lost_percent":	3.84365,
					"omitted":	false
				}],
			"sum":	{
				"start":	22.0001,
				"end":	23.0001,
				"seconds":	0.999969,
				"bytes":	12353536,
				"bits_per_second":	9.88314e+07,
				"jitter_ms":	0.752096,
				"lost_packets":	59,
				"packets":	1535,
				"lost_percent":	3.84365,
				"omitted":	false
			}
		}, {
			"streams":	[{
					"socket":	5,
					"start":	23.0001,
					"end":	24.0002,
					"seconds":	1.00009,
					"bytes":	11894784,
					"bits_per_second":	9.51496e+07,
					"jitter_ms":	1.02797,
					"lost_packets":	56,
					"packets":	1454,
					"lost_percent":	3.85144,
					"omitted":	false
				}],
			"sum":	{
				"start":	23.0001,
				"end":	24.0002,
				"seconds":	1.00009,
				"bytes":	11894784,
				"bits_per_second":	9.51496e+07,
				"jitter_ms":	1.02797,
				"lost_packets":	56,
				"packets":	1454,
				"lost_percent":	3.85144,
				"omitted":	false
			}
		}, {
			"streams":	[{
					"socket":	5,
					"start":	24.0002,
					"end":	25.0011,
					"seconds":	1.00097,
					"bytes":	12402688,
					"bits_per_second":	9.91255e+07,
					"jitter_ms":	0.644723,
					"lost_packets":	61,
					"packets":	1526,
					"lost_percent":	3.99738,
					"omitted":	false
				}],
			"sum":	{
				"start":	24.0002,
				"end":	25.0011,
				"seconds":	1.00097,
				"bytes":	12402688,
				"bits_per_second":	9.91255e+07,
				"jitter_ms":	0.644723,
				"lost_packets":	61,
				"packets":	1526,
				"lost_percent":	3.99738,
				"omitted":	false
			}
		}, {
			"streams":	[{
					"socket":	5,
					"start":	25.0011,
					"end":	26.0006,
					"seconds":	0.999421,
					"bytes":	12255232,
					"bits_per_second":	9.80986e+07,
					"jitter_ms":	0.836767,
					"lost_packets":	24,
					"packets":	1496,
					"lost_percent":	1.60428,
					"omitted":	false
				}],
			"sum":	{
				"start":	25.0011,
				"end":	26.0006,
				"seconds":	0.999421,
				"bytes":	12255232,
				"bits_per_second":	9.80986e+07,
				"jitter_ms":	0.836767,
				"lost_packets":	24,
				"packets":	1496,
				"lost_percent":	1.60428,
				"omitted":	false
			}
		}, {
			"streams":	[{
					"socket":	5,
					"start":	26.0006,
					"end":	27.0004,
					"seconds":	0.999824,
					"bytes":	12550144,
					"bits_per_second":	1.00419e+08,
					"jitter_ms":	0.718123,
					"lost_packets":	55,
					"packets":	1553,
					"lost_percent":	3.54153,
					"omitted":	false
				}],
			"sum":	{
				"start":	26.0006,
				"end":	27.0004,
				"seconds":	0.999824,
				"bytes":	12550144,
				"bits_per_second":	1.00419e+08,
				"jitter_ms":	0.718123,
				"lost_packets":	55,
				"packets":	1553,
				"lost_percent":	3.54153,
				"omitted":	false
			}
		}, {
			"streams":	[{
					"socket":	5,
					"start":	27.0004,
					"end":	28.0002,
					"seconds":	0.999863,
					"bytes":	12500992,
					"bits_per_second":	1.00022e+08,
					"jitter_ms":	0.93923,
					"lost_packets":	65,
					"packets":	1547,
					"lost_percent":	4.20168,
					"omitted":	false
				}],
			"sum":	{
				"start":	27.0004,
				"end":	28.0002,
				"seconds":	0.999863,
				"bytes":	12500992,
				"bits_per_second":	1.00022e+08,
				"jitter_ms":	0.93923,
				"lost_packets":	65,
				"packets":	1547,
				"lost_percent":	4.20168,
				"omitted":	false
			}
		}, {
			"streams":	[{
					"socket":	5,
					"start":	28.0002,
					"end":	29.0053,
					"seconds":	1.00508,
					"bytes":	12427264,
					"bits_per_second":	9.89156e+07,
					"jitter_ms":	1.2682,
					"lost_packets":	68,
					"packets":	1565,
					"lost_percent":	4.34505,
					"omitted":	false
				}],
			"sum":	{
				"start":	28.0002,
				"end":	29.0053,
				"seconds":	1.00508,
				"bytes":	12427264,
				"bits_per_second":	9.89156e+07,
				"jitter_ms":	1.2682,
				"lost_packets":	68,
				"packets":	1565,
				"lost_percent":	4.34505,
				"omitted":	false
			}
		}, {
			"streams":	[{
					"socket":	5,
					"start":	29.0053,
					"end":	30.0009,
					"seconds":	0.995607,
					"bytes":	12943360,
					"bits_per_second":	1.04004e+08,
					"jitter_ms":	0.719753,
					"lost_packets":	21,
					"packets":	1581,
					"lost_percent":	1.32827,
					"omitted":	false
				}],
			"sum":	{
				"start":	29.0053,
				"end":	30.0009,
				"seconds":	0.995607,
				"bytes":	12943360,
				"bits_per_second":	1.04004e+08,
				"jitter_ms":	0.719753,
				"lost_packets":	21,
				"packets":	1581,
				"lost_percent":	1.32827,
				"omitted":	false
			}
		}, {
			"streams":	[{
					"socket":	5,
					"start":	30.0009,
					"end":	31.0003,
					"seconds":	0.99934,
					"bytes":	12541952,
					"bits_per_second":	1.00402e+08,
					"jitter_ms":	0.531541,
					"lost_packets":	15,
					"packets":	1532,
					"lost_percent":	0.979112,
					"omitted":	false
				}],
			"sum":	{
				"start":	30.0009,
				"end":	31.0003,
				"seconds":	0.99934,
				"bytes":	12541952,
				"bits_per_second":	1.00402e+08,
				"jitter_ms":	0.531541,
				"lost_packets":	15,
				"packets":	1532,
				"lost_percent":	0.979112,
				"omitted":	false
			}
		}, {
			"streams":	[{
					"socket":	5,
					"start":	31.0003,
					"end":	31.0303,
					"seconds":	0.0300291,
					"bytes":	0,
					"bits_per_second":	0,
					"jitter_ms":	0.531541,
					"lost_packets":	0,
					"packets":	0,
					"lost_percent":	-nan,
					"omitted":	false
				}],
			"sum":	{
				"start":	31.0003,
				"end":	31.0303,
				"seconds":	0.0300291,
				"bytes":	0,
				"bits_per_second":	0,
				"jitter_ms":	0.531541,
				"lost_packets":	0,
				"packets":	0,
				"lost_percent":	-nan,
				"omitted":	false
			}
		}],
	"end":	{
		"streams":	[{
				"udp":	{
					"socket":	5,
					"start":	0,
					"end":	31.0303,
					"seconds":	31.0303,
					"bytes":	386539520,
					"bits_per_second":	9.96548e+07,
					"jitter_ms":	0.531541,
					"lost_packets":	1581,
					"packets":	47185,
					"lost_percent":	3.35064
				}
			}],
		"sum":	{
			"start":	0,
			"end":	31.0303,
			"seconds":	31.0303,
			"bytes":	386539520,
			"bits_per_second":	9.96548e+07,
			"jitter_ms":	0.531541,
			"lost_packets":	1581,
			"packets":	47185,
			"lost_percent":	3.35064
		},
		"cpu_utilization_percent":	{
			"host_total":	10.3796,
			"host_user":	1.3367,
			"host_system":	9.04291,
			"remote_total":	44.5072,
			"remote_user":	0.799565,
			"remote_system":	43.7076
		}
	},
	"error":	"OUT OF ORDER - incoming packet = 2478 and received packet = 2479 AND SP = 5",
	"error":	"OUT OF ORDER - incoming packet = 2516 and received packet = 2517 AND SP = 5",
	"error":	"OUT OF ORDER - incoming packet = 3710 and received packet = 3718 AND SP = 5",
	"error":	"OUT OF ORDER - incoming packet = 3712 and received packet = 3719 AND SP = 5",
	"error":	"OUT OF ORDER - incoming packet = 3720 and received packet = 3728 AND SP = 5",
	"error":	"OUT OF ORDER - incoming packet = 3731 and received packet = 3740 AND SP = 5",
	"error":	"OUT OF ORDER - incoming packet = 4830 and received packet = 4836 AND SP = 5",
	"error":	"OUT OF ORDER - incoming packet = 4831 and received packet = 4836 AND SP = 5",
	"error":	"OUT OF ORDER - incoming packet = 5392 and received packet = 5393 AND SP = 5",
	"error":	"OUT OF ORDER - incoming packet = 5429 and received packet = 5430 AND SP = 5",
	"error":	"OUT OF ORDER - incoming packet = 5432 and received packet = 5433 AND SP = 5",
	"error":	"OUT OF ORDER - incoming packet = 5434 and received packet = 5435 AND SP = 5",
	"error":	"OUT OF ORDER - incoming packet = 5437 and received packet = 5438 AND SP = 5",
	"error":	"OUT OF ORDER - incoming packet = 5439 and received packet = 5440 AND SP = 5",
	"error":	"OUT OF ORDER - incoming packet = 5497 and received packet = 5500 AND SP = 5",
	"error":	"OUT OF ORDER - incoming packet = 5549 and received packet = 5555 AND SP = 5",
	"error":	"OUT OF ORDER - incoming packet = 5567 and received packet = 5571 AND SP = 5",
	"error":	"OUT OF ORDER - incoming packet = 5572 and received packet = 5573 AND SP = 5",
	"error":	"OUT OF ORDER - incoming packet = 5636 and received packet = 5641 AND SP = 5",
	"error":	"OUT OF ORDER - incoming packet = 6305 and received packet = 6306 AND SP = 5",
	"error":	"OUT OF ORDER - incoming packet = 6331 and received packet = 6332 AND SP = 5",
	"error":	"OUT OF ORDER - incoming packet = 6336 and received packet = 6337 AND SP = 5",
	"error":	"OUT OF ORDER - incoming packet = 6339 and received packet = 6340 AND SP = 5",
	"error":	"OUT OF ORDER - incoming packet = 6383 and received packet = 6389 AND SP = 5",
	"error":	"OUT OF ORDER - incoming packet = 6598 and received packet = 6599 AND SP = 5",
	"error":	"OUT OF ORDER - incoming packet = 6789 and received packet = 6790 AND SP = 5",
	"error":	"OUT OF ORDER - incoming packet = 6798 and received packet = 6801 AND SP = 5",
	"error":	"OUT OF ORDER - incoming packet = 6799 and received packet = 6801 AND SP = 5",
	"error":	"OUT OF ORDER - incoming packet = 6899 and received packet = 6900 AND SP = 5",
	"error":	"OUT OF ORDER - incoming packet = 7070 and received packet = 7071 AND SP = 5",
	"error":	"OUT OF ORDER - incoming packet = 7069 and received packet = 7072 AND SP = 5",
	"error":	"OUT OF ORDER - incoming packet = 7073 and received packet = 7075 AND SP = 5",
	"error":	"OUT OF ORDER - incoming packet = 7077 and received packet = 7079 AND SP = 5",
	"error":	"OUT OF ORDER - incoming packet = 7082 and received packet = 7083 AND SP = 5",
	"error":	"OUT OF ORDER - incoming packet = 7091 and received packet = 7092 AND SP = 5",
	"error":	"OUT OF ORDER - incoming packet = 7107 and received packet = 7108 AND SP = 5",
	"error":	"OUT OF ORDER - incoming packet = 7109 and received packet = 7110 AND SP = 5",
	"error":	"OUT OF ORDER - incoming packet = 7113 and received packet = 7115 AND SP = 5",
	"error":	"OUT OF ORDER - incoming packet = 7114 and received packet = 7115 AND SP = 5",
	"error":	"OUT OF ORDER - incoming packet = 7122 and received packet = 7123 AND SP = 5",
	"error":	"OUT OF ORDER - incoming packet = 7162 and received packet = 7163 AND SP = 5",
	"error":	"OUT OF ORDER - incoming packet = 7170 and received packet = 7172 AND SP = 5",
	"error":	"OUT OF ORDER - incoming packet = 7173 and received packet = 7175 AND SP = 5",
	"error":	"OUT OF ORDER - incoming packet = 7390 and received packet = 7391 AND SP = 5",
	"error":	"OUT OF ORDER - incoming packet = 7392 and received packet = 7393 AND SP = 5",
	"error":	"OUT OF ORDER - incoming packet = 7394 and received packet = 7397 AND SP = 5",
	"error":	"OUT OF ORDER - incoming packet = 7399 and received packet = 7402 AND SP = 5",
	"error":	"OUT OF ORDER - incoming packet = 7400 and received packet = 7402 AND SP = 5",
	"error":	"OUT OF ORDER - incoming packet = 7404 and received packet = 7407 AND SP = 5",
	"error":	"OUT OF ORDER - incoming packet = 7408 and received packet = 7409 AND SP = 5",
	"error":	"OUT OF ORDER - incoming packet = 7565 and received packet = 7569 AND SP = 5",
	"error":	"OUT OF ORDER - incoming packet = 7620 and received packet = 7621 AND SP = 5",
	"error":	"OUT OF ORDER - incoming packet = 7689 and received packet = 7690 AND SP = 5",
	"error":	"OUT OF ORDER - incoming packet = 7697 and received packet = 7698 AND SP = 5",
	"error":	"OUT OF ORDER - incoming packet = 7699 and received packet = 7700 AND SP = 5",
	"error":	"OUT OF ORDER - incoming packet = 7709 and received packet = 7710 AND SP = 5",
	"error":	"OUT OF ORDER - incoming packet = 7815 and received packet = 7816 AND SP = 5",
	"error":	"OUT OF ORDER - incoming packet = 8111 and received packet = 8112 AND SP = 5",
	"error":	"OUT OF ORDER - incoming packet = 8474 and received packet = 8475 AND SP = 5",
	"error":	"OUT OF ORDER - incoming packet = 8636 and received packet = 8637 AND SP = 5",
	"error":	"OUT OF ORDER - incoming packet = 8640 and received packet = 8641 AND SP = 5",
	"error":	"OUT OF ORDER - incoming packet = 8643 and received packet = 8644 AND SP = 5",
	"error":	"OUT OF ORDER - incoming packet = 8687 and received packet = 8689 AND SP = 5",
	"error":	"OUT OF ORDER - incoming packet = 8688 and received packet = 8690 AND SP = 5",
	"error":	"OUT OF ORDER - incoming packet = 8716 and received packet = 8717 AND SP = 5",
	"error":	"OUT OF ORDER - incoming packet = 8729 and received packet = 8730 AND SP = 5",
	"error":	"OUT OF ORDER - incoming packet = 8733 and received packet = 8734 AND SP = 5",
	"error":	"OUT OF ORDER - incoming packet = 8763 and received packet = 8766 AND SP = 5",
	"error":	"OUT OF ORDER - incoming packet = 8764 and received packet = 8766 AND SP = 5",
	"error":	"OUT OF ORDER - incoming packet = 8890 and received packet = 8891 AND SP = 5",
	"error":	"OUT OF ORDER - incoming packet = 8993 and received packet = 8994 AND SP = 5",
	"error":	"OUT OF ORDER - incoming packet = 9015 and received packet = 9016 AND SP = 5",
	"error":	"OUT OF ORDER - incoming packet = 9025 and received packet = 9026 AND SP = 5",
	"error":	"OUT OF ORDER - incoming packet = 9098 and received packet = 9099 AND SP = 5",
	"error":	"OUT OF ORDER - incoming packet = 9104 and received packet = 9105 AND SP = 5",
	"error":	"OUT OF ORDER - incoming packet = 9111 and received packet = 9112 AND SP = 5",
	"error":	"OUT OF ORDER - incoming packet = 9186 and received packet = 9187 AND SP = 5",
	"error":	"OUT OF ORDER - incoming packet = 9383 and received packet = 9384 AND SP = 5",
	"error":	"OUT OF ORDER - incoming packet = 9471 and received packet = 9472 AND SP = 5",
	"error":	"OUT OF ORDER - incoming packet = 9477 and received packet = 9479 AND SP = 5",
	"error":	"OUT OF ORDER - incoming packet = 9899 and received packet = 9900 AND SP = 5",
	"error":	"OUT OF ORDER - incoming packet = 10007 and received packet = 10008 AND SP = 5",
	"error":	"OUT OF ORDER - incoming packet = 10160 and received packet = 10161 AND SP = 5",
	"error":	"OUT OF ORDER - incoming packet = 10164 and received packet = 10165 AND SP = 5",
	"error":	"OUT OF ORDER - incoming packet = 10166 and received packet = 10167 AND SP = 5",
	"error":	"OUT OF ORDER - incoming packet = 10170 and received packet = 10171 AND SP = 5",
	"error":	"OUT OF ORDER - incoming packet = 10176 and received packet = 10178 AND SP = 5",
	"error":	"OUT OF ORDER - incoming packet = 10451 and received packet = 10452 AND SP = 5",
	"error":	"OUT OF ORDER - incoming packet = 11197 and received packet = 11198 AND SP = 5",
	"error":	"OUT OF ORDER - incoming packet = 11200 and received packet = 11201 AND SP = 5",
	"error":	"OUT OF ORDER - incoming packet = 11206 and received packet = 11209 AND SP = 5",
	"error":	"OUT OF ORDER - incoming packet = 11212 and received packet = 11214 AND SP = 5",
	"error":	"OUT OF ORDER - incoming packet = 11276 and received packet = 11279 AND SP = 5",
	"error":	"OUT OF ORDER - incoming packet = 11277 and received packet = 11279 AND SP = 5",
	"error":	"OUT OF ORDER - incoming packet = 11308 and received packet = 11309 AND SP = 5",
	"error":	"OUT OF ORDER - incoming packet = 11345 and received packet = 11346 AND SP = 5",
	"error":	"OUT OF ORDER - incoming packet = 11507 and received packet = 11508 AND SP = 5",
	"error":	"OUT OF ORDER - incoming packet = 11641 and received packet = 11642 AND SP = 5",
	"error":	"OUT OF ORDER - incoming packet = 11704 and received packet = 11706 AND SP = 5",
	"error":	"OUT OF ORDER - incoming packet = 11707 and received packet = 11708 AND SP = 5",
	"error":	"OUT OF ORDER - incoming packet = 11733 and received packet = 11735 AND SP = 5",
	"error":	"OUT OF ORDER - incoming packet = 11745 and received packet = 11746 AND SP = 5",
	"error":	"OUT OF ORDER - incoming packet = 11748 and received packet = 11750 AND SP = 5",
	"error":	"OUT OF ORDER - incoming packet = 11757 and received packet = 11758 AND SP = 5",
	"error":	"OUT OF ORDER - incoming packet = 11857 and received packet = 11859 AND SP = 5",
	"error":	"OUT OF ORDER - incoming packet = 11858 and received packet = 11859 AND SP = 5",
	"error":	"OUT OF ORDER - incoming packet = 11860 and received packet = 11861 AND SP = 5",
	"error":	"OUT OF ORDER - incoming packet = 11882 and received packet = 11883 AND SP = 5",
	"error":	"OUT OF ORDER - incoming packet = 11886 and received packet = 11887 AND SP = 5",
	"error":	"OUT OF ORDER - incoming packet = 11964 and received packet = 11965 AND SP = 5",
	"error":	"OUT OF ORDER - incoming packet = 12094 and received packet = 12095 AND SP = 5",
	"error":	"OUT OF ORDER - incoming packet = 12096 and received packet = 12111 AND SP = 5",
	"error":	"OUT OF ORDER - incoming packet = 12093 and received packet = 12111 AND SP = 5",
	"error":	"OUT OF ORDER - incoming packet = 12101 and received packet = 12112 AND SP = 5",
	"error":	"OUT OF ORDER - incoming packet = 12102 and received packet = 12112 AND SP = 5",
	"error":	"OUT OF ORDER - incoming packet = 12103 and received packet = 12113 AND SP = 5",
	"error":	"OUT OF ORDER - incoming packet = 12104 and received packet = 12113 AND SP = 5",
	"error":	"OUT OF ORDER - incoming packet = 12105 and received packet = 12115 AND SP = 5",
	"error":	"OUT OF ORDER - incoming packet = 12106 and received packet = 12115 AND SP = 5",
	"error":	"OUT OF ORDER - incoming packet = 12107 and received packet = 12115 AND SP = 5",
	"error":	"OUT OF ORDER - incoming packet = 12098 and received packet = 12118 AND SP = 5",
	"error":	"OUT OF ORDER - incoming packet = 12108 and received packet = 12118 AND SP = 5",
	"error":	"OUT OF ORDER - incoming packet = 12117 and received packet = 12118 AND SP = 5",
	"error":	"OUT OF ORDER - incoming packet = 12109 and received packet = 12118 AND SP = 5",
	"error":	"OUT OF ORDER - incoming packet = 12087 and received packet = 12118 AND SP = 5",
	"error":	"OUT OF ORDER - incoming packet = 12110 and received packet = 12118 AND SP = 5",
	"error":	"OUT OF ORDER - incoming packet = 12099 and received packet = 12120 AND SP = 5",
	"error":	"OUT OF ORDER - incoming packet = 12121 and received packet = 12125 AND SP = 5",
	"error":	"OUT OF ORDER - incoming packet = 12165 and received packet = 12166 AND SP = 5",
	"error":	"OUT OF ORDER - incoming packet = 12169 and received packet = 12170 AND SP = 5",
	"error":	"OUT OF ORDER - incoming packet = 12172 and received packet = 12174 AND SP = 5",
	"error":	"OUT OF ORDER - incoming packet = 12173 and received packet = 12174 AND SP = 5",
	"error":	"OUT OF ORDER - incoming packet = 12181 and received packet = 12182 AND SP = 5",
	"error":	"OUT OF ORDER - incoming packet = 12180 and received packet = 12182 AND SP = 5",
	"error":	"OUT OF ORDER - incoming packet = 12184 and received packet = 12187 AND SP = 5",
	"error":	"OUT OF ORDER - incoming packet = 12185 and received packet = 12187 AND SP = 5",
	"error":	"OUT OF ORDER - incoming packet = 12389 and received packet = 12390 AND SP = 5",
	"error":	"OUT OF ORDER - incoming packet = 12504 and received packet = 12506 AND SP = 5",
	"error":	"OUT OF ORDER - incoming packet = 12505 and received packet = 12506 AND SP = 5",
	"error":	"OUT OF ORDER - incoming packet = 12509 and received packet = 12516 AND SP = 5",
	"error":	"OUT OF ORDER - incoming packet = 12896 and received packet = 12897 AND SP = 5",
	"error":	"OUT OF ORDER - incoming packet = 12903 and received packet = 12905 AND SP = 5",
	"error":	"OUT OF ORDER - incoming packet = 12904 and received packet = 12905 AND SP = 5",
	"error":	"OUT OF ORDER - incoming packet = 12910 and received packet = 12911 AND SP = 5",
	"error":	"OUT OF ORDER - incoming packet = 12959 and received packet = 12960 AND SP = 5",
	"error":	"OUT OF ORDER - incoming packet = 13019 and received packet = 13020 AND SP = 5",
	"error":	"OUT OF ORDER - incoming packet = 13098 and received packet = 13099 AND SP = 5",
	"error":	"OUT OF ORDER - incoming packet = 13120 and received packet = 13122 AND SP = 5",
	"error":	"OUT OF ORDER - incoming packet = 13302 and received packet = 13303 AND SP = 5",
	"error":	"OUT OF ORDER - incoming packet = 13373 and received packet = 13374 AND SP = 5",
	"error":	"OUT OF ORDER - incoming packet = 13445 and received packet = 13446 AND SP = 5",
	"error":	"OUT OF ORDER - incoming packet = 13593 and received packet = 13594 AND SP = 5",
	"error":	"OUT OF ORDER - incoming packet = 13650 and received packet = 13657 AND SP = 5",
	"error":	"OUT OF ORDER - incoming packet = 13656 and received packet = 13664 AND SP = 5",
	"error":	"OUT OF ORDER - incoming packet = 13655 and received packet = 13664 AND SP = 5",
	"error":	"OUT OF ORDER - incoming packet = 13658 and received packet = 13666 AND SP = 5",
	"error":	"OUT OF ORDER - incoming packet = 13659 and received packet = 13666 AND SP = 5",
	"error":	"OUT OF ORDER - incoming packet = 13661 and received packet = 13667 AND SP = 5",
	"error":	"OUT OF ORDER - incoming packet = 13665 and received packet = 13673 AND SP = 5",
	"error":	"OUT OF ORDER - incoming packet = 13671 and received packet = 13676 AND SP = 5",
	"error":	"OUT OF ORDER - incoming packet = 13679 and received packet = 13681 AND SP = 5",
	"error":	"OUT OF ORDER - incoming packet = 13698 and received packet = 13700 AND SP = 5",
	"error":	"OUT OF ORDER - incoming packet = 13699 and received packet = 13700 AND SP = 5",
	"error":	"OUT OF ORDER - incoming packet = 13701 and received packet = 13703 AND SP = 5",
	"error":	"OUT OF ORDER - incoming packet = 13718 and received packet = 13723 AND SP = 5",
	"error":	"OUT OF ORDER - incoming packet = 13785 and received packet = 13787 AND SP = 5",
	"error":	"OUT OF ORDER - incoming packet = 13786 and received packet = 13787 AND SP = 5",
	"error":	"OUT OF ORDER - incoming packet = 13793 and received packet = 13795 AND SP = 5",
	"error":	"OUT OF ORDER - incoming packet = 13801 and received packet = 13802 AND SP = 5",
	"error":	"OUT OF ORDER - incoming packet = 13803 and received packet = 13806 AND SP = 5",
	"error":	"OUT OF ORDER - incoming packet = 13804 and received packet = 13806 AND SP = 5",
	"error":	"OUT OF ORDER - incoming packet = 13807 and received packet = 13808 AND SP = 5",
	"error":	"OUT OF ORDER - incoming packet = 13809 and received packet = 13811 AND SP = 5",
	"error":	"OUT OF ORDER - incoming packet = 13810 and received packet = 13811 AND SP = 5",
	"error":	"OUT OF ORDER - incoming packet = 13812 and received packet = 13814 AND SP = 5",
	"error":	"OUT OF ORDER - incoming packet = 13813 and received packet = 13814 AND SP = 5",
	"error":	"OUT OF ORDER - incoming packet = 13817 and received packet = 13819 AND SP = 5",
	"error":	"OUT OF ORDER - incoming packet = 13820 and received packet = 13822 AND SP = 5",
	"error":	"OUT OF ORDER - incoming packet = 13827 and received packet = 13828 AND SP = 5",
	"error":	"OUT OF ORDER - incoming packet = 14018 and received packet = 14019 AND SP = 5",
	"error":	"OUT OF ORDER - incoming packet = 14092 and received packet = 14093 AND SP = 5",
	"error":	"OUT OF ORDER - incoming packet = 14246 and received packet = 14248 AND SP = 5",
	"error":	"OUT OF ORDER - incoming packet = 14250 and received packet = 14254 AND SP = 5",
	"error":	"OUT OF ORDER - incoming packet = 14251 and received packet = 14254 AND SP = 5",
	"error":	"OUT OF ORDER - incoming packet = 14498 and received packet = 14499 AND SP = 5",
	"error":	"OUT OF ORDER - incoming packet = 14501 and received packet = 14502 AND SP = 5",
	"error":	"OUT OF ORDER - incoming packet = 14505 and received packet = 14506 AND SP = 5",
	"error":	"OUT OF ORDER - incoming packet = 14552 and received packet = 14556 AND SP = 5",
	"error":	"OUT OF ORDER - incoming packet = 14553 and received packet = 14556 AND SP = 5",
	"error":	"OUT OF ORDER - incoming packet = 14743 and received packet = 14744 AND SP = 5",
	"error":	"OUT OF ORDER - incoming packet = 14745 and received packet = 14747 AND SP = 5",
	"error":	"OUT OF ORDER - incoming packet = 14748 and received packet = 14749 AND SP = 5",
	"error":	"OUT OF ORDER - incoming packet = 14824 and received packet = 14825 AND SP = 5",
	"error":	"OUT OF ORDER - incoming packet = 15355 and received packet = 15356 AND SP = 5",
	"error":	"OUT OF ORDER - incoming packet = 15562 and received packet = 15563 AND SP = 5",
	"error":	"OUT OF ORDER - incoming packet = 15565 and received packet = 15568 AND SP = 5",
	"error":	"OUT OF ORDER - incoming packet = 15566 and received packet = 15568 AND SP = 5",
	"error":	"OUT OF ORDER - incoming packet = 15584 and received packet = 15585 AND SP = 5",
	"error":	"OUT OF ORDER - incoming packet = 15615 and received packet = 15623 AND SP = 5",
	"error":	"OUT OF ORDER - incoming packet = 15620 and received packet = 15624 AND SP = 5",
	"error":	"OUT OF ORDER - incoming packet = 15644 and received packet = 15646 AND SP = 5",
	"error":	"OUT OF ORDER - incoming packet = 15645 and received packet = 15646 AND SP = 5",
	"error":	"OUT OF ORDER - incoming packet = 15758 and received packet = 15759 AND SP = 5",
	"error":	"OUT OF ORDER - incoming packet = 15847 and received packet = 15848 AND SP = 5",
	"error":	"OUT OF ORDER - incoming packet = 15896 and received packet = 15897 AND SP = 5",
	"error":	"OUT OF ORDER - incoming packet = 16120 and received packet = 16122 AND SP = 5",
	"error":	"OUT OF ORDER - incoming packet = 16123 and received packet = 16125 AND SP = 5",
	"error":	"OUT OF ORDER - incoming packet = 16591 and received packet = 16592 AND SP = 5",
	"error":	"OUT OF ORDER - incoming packet = 16599 and received packet = 16600 AND SP = 5",
	"error":	"OUT OF ORDER - incoming packet = 16804 and received packet = 16805 AND SP = 5",
	"error":	"OUT OF ORDER - incoming packet = 17075 and received packet = 17076 AND SP = 5",
	"error":	"OUT OF ORDER - incoming packet = 17347 and received packet = 17348 AND SP = 5",
	"error":	"OUT OF ORDER - incoming packet = 17356 and received packet = 17363 AND SP = 5",
	"error":	"OUT OF ORDER - incoming packet = 17357 and received packet = 17363 AND SP = 5",
	"error":	"OUT OF ORDER - incoming packet = 17418 and received packet = 17419 AND SP = 5",
	"error":	"OUT OF ORDER - incoming packet = 17679 and received packet = 17680 AND SP = 5",
	"error":	"OUT OF ORDER - incoming packet = 17766 and received packet = 17767 AND SP = 5",
	"error":	"OUT OF ORDER - incoming packet = 18075 and received packet = 18076 AND SP = 5",
	"error":	"OUT OF ORDER - incoming packet = 18090 and received packet = 18091 AND SP = 5",
	"error":	"OUT OF ORDER - incoming packet = 18094 and received packet = 18096 AND SP = 5",
	"error":	"OUT OF ORDER - incoming packet = 18095 and received packet = 18096 AND SP = 5",
	"error":	"OUT OF ORDER - incoming packet = 18112 and received packet = 18113 AND SP = 5",
	"error":	"OUT OF ORDER - incoming packet = 18115 and received packet = 18116 AND SP = 5",
	"error":	"OUT OF ORDER - incoming packet = 18179 and received packet = 18181 AND SP = 5",
	"error":	"OUT OF ORDER - incoming packet = 18180 and received packet = 18181 AND SP = 5",
	"error":	"OUT OF ORDER - incoming packet = 18576 and received packet = 18577 AND SP = 5",
	"error":	"OUT OF ORDER - incoming packet = 18611 and received packet = 18612 AND SP = 5",
	"error":	"OUT OF ORDER - incoming packet = 18672 and received packet = 18673 AND SP = 5",
	"error":	"OUT OF ORDER - incoming packet = 18809 and received packet = 18810 AND SP = 5",
	"error":	"OUT OF ORDER - incoming packet = 18823 and received packet = 18824 AND SP = 5",
	"error":	"OUT OF ORDER - incoming packet = 18825 and received packet = 18826 AND SP = 5",
	"error":	"OUT OF ORDER - incoming packet = 18874 and received packet = 18875 AND SP = 5",
	"error":	"OUT OF ORDER - incoming packet = 18986 and received packet = 18987 AND SP = 5",
	"error":	"OUT OF ORDER - incoming packet = 19127 and received packet = 19128 AND SP = 5",
	"error":	"OUT OF ORDER - incoming packet = 19132 and received packet = 19133 AND SP = 5",
	"error":	"OUT OF ORDER - incoming packet = 19210 and received packet = 19211 AND SP = 5",
	"error":	"OUT OF ORDER - incoming packet = 19356 and received packet = 19360 AND SP = 5",
	"error":	"OUT OF ORDER - incoming packet = 19357 and received packet = 19360 AND SP = 5",
	"error":	"OUT OF ORDER - incoming packet = 19878 and received packet = 19879 AND SP = 5",
	"error":	"OUT OF ORDER - incoming packet = 19884 and received packet = 19885 AND SP = 5",
	"error":	"OUT OF ORDER - incoming packet = 19889 and received packet = 19890 AND SP = 5",
	"error":	"OUT OF ORDER - incoming packet = 19891 and received packet = 19892 AND SP = 5",
	"error":	"OUT OF ORDER - incoming packet = 19893 and received packet = 19894 AND SP = 5",
	"error":	"OUT OF ORDER - incoming packet = 19896 and received packet = 19897 AND SP = 5",
	"error":	"OUT OF ORDER - incoming packet = 19899 and received packet = 19900 AND SP = 5",
	"error":	"OUT OF ORDER - incoming packet = 19981 and received packet = 19982 AND SP = 5",
	"error":	"OUT OF ORDER - incoming packet = 20131 and received packet = 20132 AND SP = 5",
	"error":	"OUT OF ORDER - incoming packet = 20269 and received packet = 20270 AND SP = 5",
	"error":	"OUT OF ORDER - incoming packet = 20766 and received packet = 20767 AND SP = 5",
	"error":	"OUT OF ORDER - incoming packet = 21201 and received packet = 21202 AND SP = 5",
	"error":	"OUT OF ORDER - incoming packet = 21208 and received packet = 21210 AND SP = 5",
	"error":	"OUT OF ORDER - incoming packet = 21209 and received packet = 21210 AND SP = 5",
	"error":	"OUT OF ORDER - incoming packet = 21213 and received packet = 21214 AND SP = 5",
	"error":	"OUT OF ORDER - incoming packet = 21216 and received packet = 21218 AND SP = 5",
	"error":	"OUT OF ORDER - incoming packet = 21219 and received packet = 21220 AND SP = 5",
	"error":	"OUT OF ORDER - incoming packet = 21222 and received packet = 21223 AND SP = 5",
	"error":	"OUT OF ORDER - incoming packet = 21307 and received packet = 21310 AND SP = 5",
	"error":	"OUT OF ORDER - incoming packet = 21339 and received packet = 21340 AND SP = 5",
	"error":	"OUT OF ORDER - incoming packet = 21578 and received packet = 21580 AND SP = 5",
	"error":	"OUT OF ORDER - incoming packet = 21579 and received packet = 21580 AND SP = 5",
	"error":	"OUT OF ORDER - incoming packet = 21582 and received packet = 21584 AND SP = 5",
	"error":	"OUT OF ORDER - incoming packet = 21588 and received packet = 21589 AND SP = 5",
	"error":	"OUT OF ORDER - incoming packet = 21591 and received packet = 21593 AND SP = 5",
	"error":	"OUT OF ORDER - incoming packet = 21592 and received packet = 21593 AND SP = 5",
	"error":	"OUT OF ORDER - incoming packet = 21595 and received packet = 21596 AND SP = 5",
	"error":	"OUT OF ORDER - incoming packet = 21598 and received packet = 21599 AND SP = 5",
	"error":	"OUT OF ORDER - incoming packet = 21600 and received packet = 21601 AND SP = 5",
	"error":	"OUT OF ORDER - incoming packet = 21603 and received packet = 21605 AND SP = 5",
	"error":	"OUT OF ORDER - incoming packet = 21632 and received packet = 21634 AND SP = 5",
	"error":	"OUT OF ORDER - incoming packet = 21633 and received packet = 21634 AND SP = 5",
	"error":	"OUT OF ORDER - incoming packet = 21688 and received packet = 21693 AND SP = 5",
	"error":	"OUT OF ORDER - incoming packet = 21697 and received packet = 21698 AND SP = 5",
	"error":	"OUT OF ORDER - incoming packet = 21700 and received packet = 21703 AND SP = 5",
	"error":	"OUT OF ORDER - incoming packet = 21701 and received packet = 21703 AND SP = 5",
	"error":	"OUT OF ORDER - incoming packet = 21731 and received packet = 21735 AND SP = 5",
	"error":	"OUT OF ORDER - incoming packet = 21732 and received packet = 21735 AND SP = 5",
	"error":	"OUT OF ORDER - incoming packet = 21733 and received packet = 21735 AND SP = 5",
	"error":	"OUT OF ORDER - incoming packet = 21734 and received packet = 21736 AND SP = 5",
	"error":	"OUT OF ORDER - incoming packet = 21803 and received packet = 21804 AND SP = 5",
	"error":	"OUT OF ORDER - incoming packet = 21897 and received packet = 21898 AND SP = 5",
	"error":	"OUT OF ORDER - incoming packet = 21901 and received packet = 21902 AND SP = 5",
	"error":	"OUT OF ORDER - incoming packet = 22078 and received packet = 22080 AND SP = 5",
	"error":	"OUT OF ORDER - incoming packet = 22079 and received packet = 22080 AND SP = 5",
	"error":	"OUT OF ORDER - incoming packet = 22156 and received packet = 22157 AND SP = 5",
	"error":	"OUT OF ORDER - incoming packet = 22178 and received packet = 22179 AND SP = 5",
	"error":	"OUT OF ORDER - incoming packet = 22353 and received packet = 22355 AND SP = 5",
	"error":	"OUT OF ORDER - incoming packet = 22357 and received packet = 22359 AND SP = 5",
	"error":	"OUT OF ORDER - incoming packet = 22358 and received packet = 22362 AND SP = 5",
	"error":	"OUT OF ORDER - incoming packet = 22372 and received packet = 22375 AND SP = 5",
	"error":	"OUT OF ORDER - incoming packet = 22373 and received packet = 22375 AND SP = 5",
	"error":	"OUT OF ORDER - incoming packet = 22390 and received packet = 22398 AND SP = 5",
	"error":	"OUT OF ORDER - incoming packet = 22447 and received packet = 22448 AND SP = 5",
	"error":	"OUT OF ORDER - incoming packet = 22488 and received packet = 22489 AND SP = 5",
	"error":	"OUT OF ORDER - incoming packet = 22585 and received packet = 22586 AND SP = 5",
	"error":	"OUT OF ORDER - incoming packet = 22597 and received packet = 22598 AND SP = 5",
	"error":	"OUT OF ORDER - incoming packet = 22599 and received packet = 22600 AND SP = 5",
	"error":	"OUT OF ORDER - incoming packet = 22690 and received packet = 22691 AND SP = 5",
	"error":	"OUT OF ORDER - incoming packet = 22808 and received packet = 22809 AND SP = 5",
	"error":	"OUT OF ORDER - incoming packet = 22847 and received packet = 22849 AND SP = 5",
	"error":	"OUT OF ORDER - incoming packet = 22848 and received packet = 22849 AND SP = 5",
	"error":	"OUT OF ORDER - incoming packet = 23226 and received packet = 23231 AND SP = 5",
	"error":	"OUT OF ORDER - incoming packet = 23470 and received packet = 23471 AND SP = 5",
	"error":	"OUT OF ORDER - incoming packet = 24204 and received packet = 24205 AND SP = 5",
	"error":	"OUT OF ORDER - incoming packet = 24206 and received packet = 24207 AND SP = 5",
	"error":	"OUT OF ORDER - incoming packet = 24588 and received packet = 24589 AND SP = 5",
	"error":	"OUT OF ORDER - incoming packet = 24590 and received packet = 24591 AND SP = 5",
	"error":	"OUT OF ORDER - incoming packet = 24891 and received packet = 24892 AND SP = 5",
	"error":	"OUT OF ORDER - incoming packet = 24906 and received packet = 24907 AND SP = 5",
	"error":	"OUT OF ORDER - incoming packet = 24971 and received packet = 24972 AND SP = 5",
	"error":	"OUT OF ORDER - incoming packet = 24985 and received packet = 24986 AND SP = 5",
	"error":	"OUT OF ORDER - incoming packet = 25076 and received packet = 25079 AND SP = 5",
	"error":	"OUT OF ORDER - incoming packet = 25077 and received packet = 25079 AND SP = 5",
	"error":	"OUT OF ORDER - incoming packet = 25078 and received packet = 25079 AND SP = 5",
	"error":	"OUT OF ORDER - incoming packet = 25219 and received packet = 25220 AND SP = 5",
	"error":	"OUT OF ORDER - incoming packet = 25254 and received packet = 25255 AND SP = 5",
	"error":	"OUT OF ORDER - incoming packet = 25258 and received packet = 25259 AND SP = 5",
	"error":	"OUT OF ORDER - incoming packet = 25309 and received packet = 25310 AND SP = 5",
	"error":	"OUT OF ORDER - incoming packet = 25416 and received packet = 25417 AND SP = 5",
	"error":	"OUT OF ORDER - incoming packet = 25419 and received packet = 25420 AND SP = 5",
	"error":	"OUT OF ORDER - incoming packet = 25465 and received packet = 25467 AND SP = 5",
	"error":	"OUT OF ORDER - incoming packet = 25466 and received packet = 25467 AND SP = 5",
	"error":	"OUT OF ORDER - incoming packet = 25481 and received packet = 25482 AND SP = 5",
	"error":	"OUT OF ORDER - incoming packet = 25741 and received packet = 25743 AND SP = 5",
	"error":	"OUT OF ORDER - incoming packet = 25742 and received packet = 25743 AND SP = 5",
	"error":	"OUT OF ORDER - incoming packet = 25802 and received packet = 25803 AND SP = 5",
	"error":	"OUT OF ORDER - incoming packet = 25814 and received packet = 25815 AND SP = 5",
	"error":	"OUT OF ORDER - incoming packet = 25820 and received packet = 25822 AND SP = 5",
	"error":	"OUT OF ORDER - incoming packet = 25823 and received packet = 25825 AND SP = 5",
	"error":	"OUT OF ORDER - incoming packet = 25844 and received packet = 25846 AND SP = 5",
	"error":	"OUT OF ORDER - incoming packet = 25848 and received packet = 25850 AND SP = 5",
	"error":	"OUT OF ORDER - incoming packet = 25849 and received packet = 25850 AND SP = 5",
	"error":	"OUT OF ORDER - incoming packet = 25854 and received packet = 25855 AND SP = 5",
	"error":	"OUT OF ORDER - incoming packet = 25851 and received packet = 25855 AND SP = 5",
	"error":	"OUT OF ORDER - incoming packet = 25852 and received packet = 25855 AND SP = 5",
	"error":	"OUT OF ORDER - incoming packet = 25858 and received packet = 25859 AND SP = 5",
	"error":	"OUT OF ORDER - incoming packet = 25860 and received packet = 25861 AND SP = 5",
	"error":	"OUT OF ORDER - incoming packet = 26003 and received packet = 26004 AND SP = 5",
	"error":	"OUT OF ORDER - incoming packet = 26005 and received packet = 26006 AND SP = 5",
	"error":	"OUT OF ORDER - incoming packet = 26009 and received packet = 26010 AND SP = 5",
	"error":	"OUT OF ORDER - incoming packet = 26028 and received packet = 26029 AND SP = 5",
	"error":	"OUT OF ORDER - incoming packet = 26033 and received packet = 26034 AND SP = 5",
	"error":	"OUT OF ORDER - incoming packet = 26036 and received packet = 26037 AND SP = 5",
	"error":	"OUT OF ORDER - incoming packet = 26125 and received packet = 26126 AND SP = 5",
	"error":	"OUT OF ORDER - incoming packet = 26200 and received packet = 26201 AND SP = 5",
	"error":	"OUT OF ORDER - incoming packet = 26454 and received packet = 26455 AND SP = 5",
	"error":	"OUT OF ORDER - incoming packet = 26585 and received packet = 26586 AND SP = 5",
	"error":	"OUT OF ORDER - incoming packet = 26592 and received packet = 26593 AND SP = 5",
	"error":	"OUT OF ORDER - incoming packet = 26600 and received packet = 26601 AND SP = 5",
	"error":	"OUT OF ORDER - incoming packet = 26689 and received packet = 26690 AND SP = 5",
	"error":	"OUT OF ORDER - incoming packet = 26691 and received packet = 26692 AND SP = 5",
	"error":	"OUT OF ORDER - incoming packet = 26693 and received packet = 26694 AND SP = 5",
	"error":	"OUT OF ORDER - incoming packet = 26695 and received packet = 26697 AND SP = 5",
	"error":	"OUT OF ORDER - incoming packet = 26696 and received packet = 26697 AND SP = 5",
	"error":	"OUT OF ORDER - incoming packet = 26698 and received packet = 26699 AND SP = 5",
	"error":	"OUT OF ORDER - incoming packet = 26701 and received packet = 26702 AND SP = 5",
	"error":	"OUT OF ORDER - incoming packet = 26704 and received packet = 26707 AND SP = 5",
	"error":	"OUT OF ORDER - incoming packet = 26715 and received packet = 26716 AND SP = 5",
	"error":	"OUT OF ORDER - incoming packet = 26840 and received packet = 26841 AND SP = 5",
	"error":	"OUT OF ORDER - incoming packet = 26884 and received packet = 26885 AND SP = 5",
	"error":	"OUT OF ORDER - incoming packet = 26886 and received packet = 26887 AND SP = 5",
	"error":	"OUT OF ORDER - incoming packet = 26888 and received packet = 26893 AND SP = 5",
	"error":	"OUT OF ORDER - incoming packet = 26891 and received packet = 26895 AND SP = 5",
	"error":	"OUT OF ORDER - incoming packet = 26896 and received packet = 26900 AND SP = 5",
	"error":	"OUT OF ORDER - incoming packet = 26898 and received packet = 26900 AND SP = 5",
	"error":	"OUT OF ORDER - incoming packet = 26902 and received packet = 26904 AND SP = 5",
	"error":	"OUT OF ORDER - incoming packet = 26944 and received packet = 26945 AND SP = 5",
	"error":	"OUT OF ORDER - incoming packet = 26971 and received packet = 26972 AND SP = 5",
	"error":	"OUT OF ORDER - incoming packet = 27040 and received packet = 27043 AND SP = 5",
	"error":	"OUT OF ORDER - incoming packet = 27041 and received packet = 27043 AND SP = 5",
	"error":	"OUT OF ORDER - incoming packet = 27212 and received packet = 27213 AND SP = 5",
	"error":	"OUT OF ORDER - incoming packet = 27514 and received packet = 27515 AND SP = 5",
	"error":	"OUT OF ORDER - incoming packet = 28015 and received packet = 28016 AND SP = 5",
	"error":	"OUT OF ORDER - incoming packet = 28021 and received packet = 28022 AND SP = 5",
	"error":	"OUT OF ORDER - incoming packet = 28026 and received packet = 28027 AND SP = 5",
	"error":	"OUT OF ORDER - incoming packet = 28034 and received packet = 28035 AND SP = 5",
	"error":	"OUT OF ORDER - incoming packet = 28120 and received packet = 28121 AND SP = 5",
	"error":	"OUT OF ORDER - incoming packet = 28258 and received packet = 28259 AND SP = 5",
	"error":	"OUT OF ORDER - incoming packet = 28295 and received packet = 28296 AND SP = 5",
	"error":	"OUT OF ORDER - incoming packet = 28586 and received packet = 28590 AND SP = 5",
	"error":	"OUT OF ORDER - incoming packet = 29043 and received packet = 29044 AND SP = 5",
	"error":	"OUT OF ORDER - incoming packet = 29101 and received packet = 29102 AND SP = 5",
	"error":	"OUT OF ORDER - incoming packet = 29117 and received packet = 29118 AND SP = 5",
	"error":	"OUT OF ORDER - incoming packet = 29241 and received packet = 29242 AND SP = 5",
	"error":	"OUT OF ORDER - incoming packet = 29257 and received packet = 29258 AND SP = 5",
	"error":	"OUT OF ORDER - incoming packet = 29302 and received packet = 29304 AND SP = 5",
	"error":	"OUT OF ORDER - incoming packet = 29303 and received packet = 29304 AND SP = 5",
	"error":	"OUT OF ORDER - incoming packet = 29314 and received packet = 29315 AND SP = 5",
	"error":	"OUT OF ORDER - incoming packet = 29342 and received packet = 29343 AND SP = 5",
	"error":	"OUT OF ORDER - incoming packet = 29437 and received packet = 29438 AND SP = 5",
	"error":	"OUT OF ORDER - incoming packet = 29479 and received packet = 29480 AND SP = 5",
	"error":	"OUT OF ORDER - incoming packet = 29917 and received packet = 29918 AND SP = 5",
	"error":	"OUT OF ORDER - incoming packet = 30280 and received packet = 30281 AND SP = 5",
	"error":	"OUT OF ORDER - incoming packet = 32785 and received packet = 32786 AND SP = 5",
	"error":	"OUT OF ORDER - incoming packet = 32866 and received packet = 32867 AND SP = 5",
	"error":	"OUT OF ORDER - incoming packet = 32872 and received packet = 32876 AND SP = 5",
	"error":	"OUT OF ORDER - incoming packet = 32878 and received packet = 32879 AND SP = 5",
	"error":	"OUT OF ORDER - incoming packet = 32882 and received packet = 32884 AND SP = 5",
	"error":	"OUT OF ORDER - incoming packet = 32886 and received packet = 32887 AND SP = 5",
	"error":	"OUT OF ORDER - incoming packet = 32907 and received packet = 32908 AND SP = 5",
	"error":	"OUT OF ORDER - incoming packet = 32913 and received packet = 32915 AND SP = 5",
	"error":	"OUT OF ORDER - incoming packet = 32914 and received packet = 32915 AND SP = 5",
	"error":	"OUT OF ORDER - incoming packet = 32916 and received packet = 32917 AND SP = 5",
	"error":	"OUT OF ORDER - incoming packet = 32936 and received packet = 32937 AND SP = 5",
	"error":	"OUT OF ORDER - incoming packet = 33047 and received packet = 33048 AND SP = 5",
	"error":	"OUT OF ORDER - incoming packet = 33199 and received packet = 33200 AND SP = 5",
	"error":	"OUT OF ORDER - incoming packet = 33274 and received packet = 33276 AND SP = 5",
	"error":	"OUT OF ORDER - incoming packet = 33469 and received packet = 33471 AND SP = 5",
	"error":	"OUT OF ORDER - incoming packet = 33470 and received packet = 33471 AND SP = 5",
	"error":	"OUT OF ORDER - incoming packet = 33769 and received packet = 33770 AND SP = 5",
	"error":	"OUT OF ORDER - incoming packet = 33772 and received packet = 33773 AND SP = 5",
	"error":	"OUT OF ORDER - incoming packet = 33810 and received packet = 33811 AND SP = 5",
	"error":	"OUT OF ORDER - incoming packet = 33900 and received packet = 33902 AND SP = 5",
	"error":	"OUT OF ORDER - incoming packet = 33903 and received packet = 33904 AND SP = 5",
	"error":	"OUT OF ORDER - incoming packet = 33906 and received packet = 33907 AND SP = 5",
	"error":	"OUT OF ORDER - incoming packet = 33911 and received packet = 33912 AND SP = 5",
	"error":	"OUT OF ORDER - incoming packet = 33919 and received packet = 33920 AND SP = 5",
	"error":	"OUT OF ORDER - incoming packet = 33949 and received packet = 33950 AND SP = 5",
	"error":	"OUT OF ORDER - incoming packet = 33951 and received packet = 33953 AND SP = 5",
	"error":	"OUT OF ORDER - incoming packet = 33952 and received packet = 33953 AND SP = 5",
	"error":	"OUT OF ORDER - incoming packet = 33954 and received packet = 33955 AND SP = 5",
	"error":	"OUT OF ORDER - incoming packet = 33971 and received packet = 33973 AND SP = 5",
	"error":	"OUT OF ORDER - incoming packet = 33984 and received packet = 33985 AND SP = 5",
	"error":	"OUT OF ORDER - incoming packet = 34150 and received packet = 34152 AND SP = 5",
	"error":	"OUT OF ORDER - incoming packet = 34151 and received packet = 34152 AND SP = 5",
	"error":	"OUT OF ORDER - incoming packet = 34186 and received packet = 34189 AND SP = 5",
	"error":	"OUT OF ORDER - incoming packet = 34190 and received packet = 34191 AND SP = 5",
	"error":	"OUT OF ORDER - incoming packet = 34192 and received packet = 34194 AND SP = 5",
	"error":	"OUT OF ORDER - incoming packet = 34195 and received packet = 34196 AND SP = 5",
	"error":	"OUT OF ORDER - incoming packet = 34197 and received packet = 34198 AND SP = 5",
	"error":	"OUT OF ORDER - incoming packet = 34199 and received packet = 34200 AND SP = 5",
	"error":	"OUT OF ORDER - incoming packet = 34201 and received packet = 34204 AND SP = 5",
	"error":	"OUT OF ORDER - incoming packet = 34274 and received packet = 34275 AND SP = 5",
	"error":	"OUT OF ORDER - incoming packet = 34462 and received packet = 34463 AND SP = 5",
	"error":	"OUT OF ORDER - incoming packet = 34544 and received packet = 34545 AND SP = 5",
	"error":	"OUT OF ORDER - incoming packet = 34709 and received packet = 34710 AND SP = 5",
	"error":	"OUT OF ORDER - incoming packet = 34741 and received packet = 34742 AND SP = 5",
	"error":	"OUT OF ORDER - incoming packet = 34780 and received packet = 34781 AND SP = 5",
	"error":	"OUT OF ORDER - incoming packet = 34793 and received packet = 34796 AND SP = 5",
	"error":	"OUT OF ORDER - incoming packet = 35052 and received packet = 35053 AND SP = 5",
	"error":	"OUT OF ORDER - incoming packet = 35095 and received packet = 35096 AND SP = 5",
	"error":	"OUT OF ORDER - incoming packet = 35098 and received packet = 35099 AND SP = 5",
	"error":	"OUT OF ORDER - incoming packet = 35100 and received packet = 35101 AND SP = 5",
	"error":	"OUT OF ORDER - incoming packet = 35102 and received packet = 35103 AND SP = 5",
	"error":	"OUT OF ORDER - incoming packet = 35104 and received packet = 35105 AND SP = 5",
	"error":	"OUT OF ORDER - incoming packet = 35107 and received packet = 35108 AND SP = 5",
	"error":	"OUT OF ORDER - incoming packet = 35109 and received packet = 35111 AND SP = 5",
	"error":	"OUT OF ORDER - incoming packet = 35110 and received packet = 35111 AND SP = 5",
	"error":	"OUT OF ORDER - incoming packet = 35114 and received packet = 35115 AND SP = 5",
	"error":	"OUT OF ORDER - incoming packet = 35120 and received packet = 35122 AND SP = 5",
	"error":	"OUT OF ORDER - incoming packet = 35164 and received packet = 35165 AND SP = 5",
	"error":	"OUT OF ORDER - incoming packet = 35170 and received packet = 35171 AND SP = 5",
	"error":	"OUT OF ORDER - incoming packet = 35173 and received packet = 35174 AND SP = 5",
	"error":	"OUT OF ORDER - incoming packet = 35178 and received packet = 35179 AND SP = 5",
	"error":	"OUT OF ORDER - incoming packet = 35270 and received packet = 35272 AND SP = 5",
	"error":	"OUT OF ORDER - incoming packet = 35271 and received packet = 35272 AND SP = 5",
	"error":	"OUT OF ORDER - incoming packet = 35364 and received packet = 35366 AND SP = 5",
	"error":	"OUT OF ORDER - incoming packet = 35367 and received packet = 35368 AND SP = 5",
	"error":	"OUT OF ORDER - incoming packet = 35369 and received packet = 35372 AND SP = 5",
	"error":	"OUT OF ORDER - incoming packet = 35374 and received packet = 35376 AND SP = 5",
	"error":	"OUT OF ORDER - incoming packet = 35419 and received packet = 35420 AND SP = 5",
	"error":	"OUT OF ORDER - incoming packet = 35430 and received packet = 35431 AND SP = 5",
	"error":	"OUT OF ORDER - incoming packet = 35433 and received packet = 35434 AND SP = 5",
	"error":	"OUT OF ORDER - incoming packet = 35435 and received packet = 35436 AND SP = 5",
	"error":	"OUT OF ORDER - incoming packet = 35438 and received packet = 35439 AND SP = 5",
	"error":	"OUT OF ORDER - incoming packet = 35441 and received packet = 35442 AND SP = 5",
	"error":	"OUT OF ORDER - incoming packet = 35843 and received packet = 35844 AND SP = 5",
	"error":	"OUT OF ORDER - incoming packet = 35887 and received packet = 35888 AND SP = 5",
	"error":	"OUT OF ORDER - incoming packet = 35897 and received packet = 35898 AND SP = 5",
	"error":	"OUT OF ORDER - incoming packet = 35896 and received packet = 35899 AND SP = 5",
	"error":	"OUT OF ORDER - incoming packet = 35895 and received packet = 35902 AND SP = 5",
	"error":	"OUT OF ORDER - incoming packet = 35894 and received packet = 35902 AND SP = 5",
	"error":	"OUT OF ORDER - incoming packet = 35901 and received packet = 35902 AND SP = 5",
	"error":	"OUT OF ORDER - incoming packet = 35900 and received packet = 35905 AND SP = 5",
	"error":	"OUT OF ORDER - incoming packet = 35903 and received packet = 35911 AND SP = 5",
	"error":	"OUT OF ORDER - incoming packet = 35904 and received packet = 35911 AND SP = 5",
	"error":	"OUT OF ORDER - incoming packet = 35906 and received packet = 35914 AND SP = 5",
	"error":	"OUT OF ORDER - incoming packet = 35907 and received packet = 35914 AND SP = 5",
	"error":	"OUT OF ORDER - incoming packet = 35946 and received packet = 35948 AND SP = 5",
	"error":	"OUT OF ORDER - incoming packet = 35949 and received packet = 35951 AND SP = 5",
	"error":	"OUT OF ORDER - incoming packet = 35952 and received packet = 35953 AND SP = 5",
	"error":	"OUT OF ORDER - incoming packet = 36139 and received packet = 36140 AND SP = 5",
	"error":	"OUT OF ORDER - incoming packet = 36177 and received packet = 36178 AND SP = 5",
	"error":	"OUT OF ORDER - incoming packet = 36331 and received packet = 36332 AND SP = 5",
	"error":	"OUT OF ORDER - incoming packet = 36343 and received packet = 36345 AND SP = 5",
	"error":	"OUT OF ORDER - incoming packet = 36344 and received packet = 36345 AND SP = 5",
	"error":	"OUT OF ORDER - incoming packet = 36355 and received packet = 36356 AND SP = 5",
	"error":	"OUT OF ORDER - incoming packet = 36357 and received packet = 36360 AND SP = 5",
	"error":	"OUT OF ORDER - incoming packet = 36358 and received packet = 36360 AND SP = 5",
	"error":	"OUT OF ORDER - incoming packet = 36359 and received packet = 36362 AND SP = 5",
	"error":	"OUT OF ORDER - incoming packet = 36361 and received packet = 36363 AND SP = 5",
	"error":	"OUT OF ORDER - incoming packet = 36364 and received packet = 36367 AND SP = 5",
	"error":	"OUT OF ORDER - incoming packet = 36371 and received packet = 36372 AND SP = 5",
	"error":	"OUT OF ORDER - incoming packet = 36506 and received packet = 36507 AND SP = 5",
	"error":	"OUT OF ORDER - incoming packet = 36759 and received packet = 36760 AND SP = 5",
	"error":	"OUT OF ORDER - incoming packet = 36762 and received packet = 36763 AND SP = 5",
	"error":	"OUT OF ORDER - incoming packet = 36764 and received packet = 36765 AND SP = 5",
	"error":	"OUT OF ORDER - incoming packet = 36766 and received packet = 36768 AND SP = 5",
	"error":	"OUT OF ORDER - incoming packet = 36841 and received packet = 36843 AND SP = 5",
	"error":	"OUT OF ORDER - incoming packet = 36871 and received packet = 36872 AND SP = 5",
	"error":	"OUT OF ORDER - incoming packet = 36880 and received packet = 36884 AND SP = 5",
	"error":	"OUT OF ORDER - incoming packet = 36885 and received packet = 36886 AND SP = 5",
	"error":	"OUT OF ORDER - incoming packet = 37071 and received packet = 37072 AND SP = 5",
	"error":	"OUT OF ORDER - incoming packet = 37075 and received packet = 37077 AND SP = 5",
	"error":	"OUT OF ORDER - incoming packet = 37076 and received packet = 37077 AND SP = 5",
	"error":	"OUT OF ORDER - incoming packet = 37078 and received packet = 37079 AND SP = 5",
	"error":	"OUT OF ORDER - incoming packet = 37080 and received packet = 37081 AND SP = 5",
	"error":	"OUT OF ORDER - incoming packet = 37082 and received packet = 37085 AND SP = 5",
	"error":	"OUT OF ORDER - incoming packet = 37200 and received packet = 37202 AND SP = 5",
	"error":	"OUT OF ORDER - incoming packet = 37209 and received packet = 37212 AND SP = 5",
	"error":	"OUT OF ORDER - incoming packet = 37367 and received packet = 37369 AND SP = 5",
	"error":	"OUT OF ORDER - incoming packet = 37370 and received packet = 37371 AND SP = 5",
	"error":	"OUT OF ORDER - incoming packet = 37373 and received packet = 37374 AND SP = 5",
	"error":	"OUT OF ORDER - incoming packet = 37375 and received packet = 37376 AND SP = 5",
	"error":	"OUT OF ORDER - incoming packet = 37377 and received packet = 37378 AND SP = 5",
	"error":	"OUT OF ORDER - incoming packet = 37379 and received packet = 37381 AND SP = 5",
	"error":	"OUT OF ORDER - incoming packet = 37383 and received packet = 37384 AND SP = 5",
	"error":	"OUT OF ORDER - incoming packet = 37385 and received packet = 37387 AND SP = 5",
	"error":	"OUT OF ORDER - incoming packet = 37388 and received packet = 37390 AND SP = 5",
	"error":	"OUT OF ORDER - incoming packet = 37485 and received packet = 37486 AND SP = 5",
	"error":	"OUT OF ORDER - incoming packet = 37487 and received packet = 37488 AND SP = 5",
	"error":	"OUT OF ORDER - incoming packet = 37604 and received packet = 37605 AND SP = 5",
	"error":	"OUT OF ORDER - incoming packet = 37606 and received packet = 37607 AND SP = 5",
	"error":	"OUT OF ORDER - incoming packet = 37609 and received packet = 37610 AND SP = 5",
	"error":	"OUT OF ORDER - incoming packet = 37611 and received packet = 37612 AND SP = 5",
	"error":	"OUT OF ORDER - incoming packet = 37616 and received packet = 37617 AND SP = 5",
	"error":	"OUT OF ORDER - incoming packet = 37618 and received packet = 37620 AND SP = 5",
	"error":	"OUT OF ORDER - incoming packet = 37624 and received packet = 37630 AND SP = 5",
	"error":	"OUT OF ORDER - incoming packet = 37625 and received packet = 37630 AND SP = 5",
	"error":	"OUT OF ORDER - incoming packet = 37652 and received packet = 37653 AND SP = 5",
	"error":	"OUT OF ORDER - incoming packet = 37655 and received packet = 37657 AND SP = 5",
	"error":	"OUT OF ORDER - incoming packet = 37658 and received packet = 37660 AND SP = 5",
	"error":	"OUT OF ORDER - incoming packet = 37661 and received packet = 37662 AND SP = 5",
	"error":	"OUT OF ORDER - incoming packet = 37665 and received packet = 37666 AND SP = 5",
	"error":	"OUT OF ORDER - incoming packet = 37667 and received packet = 37668 AND SP = 5",
	"error":	"OUT OF ORDER - incoming packet = 37670 and received packet = 37671 AND SP = 5",
	"error":	"OUT OF ORDER - incoming packet = 37672 and received packet = 37673 AND SP = 5",
	"error":	"OUT OF ORDER - incoming packet = 37674 and received packet = 37676 AND SP = 5",
	"error":	"OUT OF ORDER - incoming packet = 37687 and received packet = 37690 AND SP = 5",
	"error":	"OUT OF ORDER - incoming packet = 37780 and received packet = 37782 AND SP = 5",
	"error":	"OUT OF ORDER - incoming packet = 37839 and received packet = 37840 AND SP = 5",
	"error":	"OUT OF ORDER - incoming packet = 37884 and received packet = 37885 AND SP = 5",
	"error":	"OUT OF ORDER - incoming packet = 37995 and received packet = 37996 AND SP = 5",
	"error":	"OUT OF ORDER - incoming packet = 38063 and received packet = 38064 AND SP = 5",
	"error":	"OUT OF ORDER - incoming packet = 38194 and received packet = 38195 AND SP = 5",
	"error":	"OUT OF ORDER - incoming packet = 38218 and received packet = 38219 AND SP = 5",
	"error":	"OUT OF ORDER - incoming packet = 38227 and received packet = 38228 AND SP = 5",
	"error":	"OUT OF ORDER - incoming packet = 38239 and received packet = 38240 AND SP = 5",
	"error":	"OUT OF ORDER - incoming packet = 38241 and received packet = 38242 AND SP = 5",
	"error":	"OUT OF ORDER - incoming packet = 38244 and received packet = 38246 AND SP = 5",
	"error":	"OUT OF ORDER - incoming packet = 38245 and received packet = 38246 AND SP = 5",
	"error":	"OUT OF ORDER - incoming packet = 38248 and received packet = 38249 AND SP = 5",
	"error":	"OUT OF ORDER - incoming packet = 38251 and received packet = 38252 AND SP = 5",
	"error":	"OUT OF ORDER - incoming packet = 38253 and received packet = 38256 AND SP = 5",
	"error":	"OUT OF ORDER - incoming packet = 38255 and received packet = 38256 AND SP = 5",
	"error":	"OUT OF ORDER - incoming packet = 38301 and received packet = 38303 AND SP = 5",
	"error":	"OUT OF ORDER - incoming packet = 38302 and received packet = 38303 AND SP = 5",
	"error":	"OUT OF ORDER - incoming packet = 38304 and received packet = 38306 AND SP = 5",
	"error":	"OUT OF ORDER - incoming packet = 38305 and received packet = 38306 AND SP = 5",
	"error":	"OUT OF ORDER - incoming packet = 38388 and received packet = 38390 AND SP = 5",
	"error":	"OUT OF ORDER - incoming packet = 39017 and received packet = 39018 AND SP = 5",
	"error":	"OUT OF ORDER - incoming packet = 39054 and received packet = 39057 AND SP = 5",
	"error":	"OUT OF ORDER - incoming packet = 39056 and received packet = 39057 AND SP = 5",
	"error":	"OUT OF ORDER - incoming packet = 39145 and received packet = 39146 AND SP = 5",
	"error":	"OUT OF ORDER - incoming packet = 39309 and received packet = 39310 AND SP = 5",
	"error":	"OUT OF ORDER - incoming packet = 39319 and received packet = 39321 AND SP = 5",
	"error":	"OUT OF ORDER - incoming packet = 39499 and received packet = 39500 AND SP = 5",
	"error":	"OUT OF ORDER - incoming packet = 39501 and received packet = 39503 AND SP = 5",
	"error":	"OUT OF ORDER - incoming packet = 39510 and received packet = 39511 AND SP = 5",
	"error":	"OUT OF ORDER - incoming packet = 39515 and received packet = 39516 AND SP = 5",
	"error":	"OUT OF ORDER - incoming packet = 39629 and received packet = 39633 AND SP = 5",
	"error":	"OUT OF ORDER - incoming packet = 39630 and received packet = 39633 AND SP = 5",
	"error":	"OUT OF ORDER - incoming packet = 39650 and received packet = 39652 AND SP = 5",
	"error":	"OUT OF ORDER - incoming packet = 39651 and received packet = 39652 AND SP = 5",
	"error":	"OUT OF ORDER - incoming packet = 39653 and received packet = 39654 AND SP = 5",
	"error":	"OUT OF ORDER - incoming packet = 39659 and received packet = 39660 AND SP = 5",
	"error":	"OUT OF ORDER - incoming packet = 39755 and received packet = 39756 AND SP = 5",
	"error":	"OUT OF ORDER - incoming packet = 39828 and received packet = 39829 AND SP = 5",
	"error":	"OUT OF ORDER - incoming packet = 39830 and received packet = 39834 AND SP = 5",
	"error":	"OUT OF ORDER - incoming packet = 39831 and received packet = 39834 AND SP = 5",
	"error":	"OUT OF ORDER - incoming packet = 39958 and received packet = 39959 AND SP = 5",
	"error":	"OUT OF ORDER - incoming packet = 39971 and received packet = 39972 AND SP = 5",
	"error":	"OUT OF ORDER - incoming packet = 39981 and received packet = 39982 AND SP = 5",
	"error":	"OUT OF ORDER - incoming packet = 39997 and received packet = 39998 AND SP = 5",
	"error":	"OUT OF ORDER - incoming packet = 39999 and received packet = 40000 AND SP = 5",
	"error":	"OUT OF ORDER - incoming packet = 40003 and received packet = 40004 AND SP = 5",
	"error":	"OUT OF ORDER - incoming packet = 40005 and received packet = 40006 AND SP = 5",
	"error":	"OUT OF ORDER - incoming packet = 40572 and received packet = 40575 AND SP = 5",
	"error":	"OUT OF ORDER - incoming packet = 40576 and received packet = 40577 AND SP = 5",
	"error":	"OUT OF ORDER - incoming packet = 40641 and received packet = 40644 AND SP = 5",
	"error":	"OUT OF ORDER - incoming packet = 40643 and received packet = 40648 AND SP = 5",
	"error":	"OUT OF ORDER - incoming packet = 40645 and received packet = 40648 AND SP = 5",
	"error":	"OUT OF ORDER - incoming packet = 40646 and received packet = 40649 AND SP = 5",
	"error":	"OUT OF ORDER - incoming packet = 40647 and received packet = 40649 AND SP = 5",
	"error":	"OUT OF ORDER - incoming packet = 40840 and received packet = 40842 AND SP = 5",
	"error":	"OUT OF ORDER - incoming packet = 40841 and received packet = 40842 AND SP = 5",
	"error":	"OUT OF ORDER - incoming packet = 40845 and received packet = 40846 AND SP = 5",
	"error":	"OUT OF ORDER - incoming packet = 40847 and received packet = 40849 AND SP = 5",
	"error":	"OUT OF ORDER - incoming packet = 40848 and received packet = 40849 AND SP = 5",
	"error":	"OUT OF ORDER - incoming packet = 40852 and received packet = 40855 AND SP = 5",
	"error":	"OUT OF ORDER - incoming packet = 40971 and received packet = 40972 AND SP = 5",
	"error":	"OUT OF ORDER - incoming packet = 40995 and received packet = 40997 AND SP = 5",
	"error":	"OUT OF ORDER - incoming packet = 41060 and received packet = 41062 AND SP = 5",
	"error":	"OUT OF ORDER - incoming packet = 41061 and received packet = 41062 AND SP = 5",
	"error":	"OUT OF ORDER - incoming packet = 41065 and received packet = 41067 AND SP = 5",
	"error":	"OUT OF ORDER - incoming packet = 41063 and received packet = 41067 AND SP = 5",
	"error":	"OUT OF ORDER - incoming packet = 41064 and received packet = 41067 AND SP = 5",
	"error":	"OUT OF ORDER - incoming packet = 41066 and received packet = 41068 AND SP = 5",
	"error":	"OUT OF ORDER - incoming packet = 41069 and received packet = 41070 AND SP = 5",
	"error":	"OUT OF ORDER - incoming packet = 41073 and received packet = 41074 AND SP = 5",
	"error":	"OUT OF ORDER - incoming packet = 41072 and received packet = 41074 AND SP = 5",
	"error":	"OUT OF ORDER - incoming packet = 41071 and received packet = 41074 AND SP = 5",
	"error":	"OUT OF ORDER - incoming packet = 41077 and received packet = 41081 AND SP = 5",
	"error":	"OUT OF ORDER - incoming packet = 41199 and received packet = 41201 AND SP = 5",
	"error":	"OUT OF ORDER - incoming packet = 41202 and received packet = 41204 AND SP = 5",
	"error":	"OUT OF ORDER - incoming packet = 41206 and received packet = 41208 AND SP = 5",
	"error":	"OUT OF ORDER - incoming packet = 41209 and received packet = 41211 AND SP = 5",
	"error":	"OUT OF ORDER - incoming packet = 41248 and received packet = 41249 AND SP = 5",
	"error":	"OUT OF ORDER - incoming packet = 41260 and received packet = 41261 AND SP = 5",
	"error":	"OUT OF ORDER - incoming packet = 41262 and received packet = 41264 AND SP = 5",
	"error":	"OUT OF ORDER - incoming packet = 41313 and received packet = 41316 AND SP = 5",
	"error":	"OUT OF ORDER - incoming packet = 41340 and received packet = 41341 AND SP = 5",
	"error":	"OUT OF ORDER - incoming packet = 41345 and received packet = 41347 AND SP = 5",
	"error":	"OUT OF ORDER - incoming packet = 41363 and received packet = 41367 AND SP = 5",
	"error":	"OUT OF ORDER - incoming packet = 41470 and received packet = 41471 AND SP = 5",
	"error":	"OUT OF ORDER - incoming packet = 42051 and received packet = 42053 AND SP = 5",
	"error":	"OUT OF ORDER - incoming packet = 42052 and received packet = 42054 AND SP = 5",
	"error":	"OUT OF ORDER - incoming packet = 42062 and received packet = 42064 AND SP = 5",
	"error":	"OUT OF ORDER - incoming packet = 42063 and received packet = 42064 AND SP = 5",
	"error":	"OUT OF ORDER - incoming packet = 42078 and received packet = 42079 AND SP = 5",
	"error":	"OUT OF ORDER - incoming packet = 42088 and received packet = 42089 AND SP = 5",
	"error":	"OUT OF ORDER - incoming packet = 42095 and received packet = 42096 AND SP = 5",
	"error":	"OUT OF ORDER - incoming packet = 42100 and received packet = 42101 AND SP = 5",
	"error":	"OUT OF ORDER - incoming packet = 42114 and received packet = 42115 AND SP = 5",
	"error":	"OUT OF ORDER - incoming packet = 42125 and received packet = 42126 AND SP = 5",
	"error":	"OUT OF ORDER - incoming packet = 42132 and received packet = 42133 AND SP = 5",
	"error":	"OUT OF ORDER - incoming packet = 42141 and received packet = 42142 AND SP = 5",
	"error":	"OUT OF ORDER - incoming packet = 42151 and received packet = 42152 AND SP = 5",
	"error":	"OUT OF ORDER - incoming packet = 42157 and received packet = 42158 AND SP = 5",
	"error":	"OUT OF ORDER - incoming packet = 42161 and received packet = 42162 AND SP = 5",
	"error":	"OUT OF ORDER - incoming packet = 42219 and received packet = 42221 AND SP = 5",
	"error":	"OUT OF ORDER - incoming packet = 42331 and received packet = 42332 AND SP = 5",
	"error":	"OUT OF ORDER - incoming packet = 42430 and received packet = 42431 AND SP = 5",
	"error":	"OUT OF ORDER - incoming packet = 42459 and received packet = 42460 AND SP = 5",
	"error":	"OUT OF ORDER - incoming packet = 42668 and received packet = 42670 AND SP = 5",
	"error":	"OUT OF ORDER - incoming packet = 42669 and received packet = 42670 AND SP = 5",
	"error":	"OUT OF ORDER - incoming packet = 42671 and received packet = 42673 AND SP = 5",
	"error":	"OUT OF ORDER - incoming packet = 42672 and received packet = 42673 AND SP = 5",
	"error":	"OUT OF ORDER - incoming packet = 42771 and received packet = 42775 AND SP = 5",
	"error":	"OUT OF ORDER - incoming packet = 42774 and received packet = 42778 AND SP = 5",
	"error":	"OUT OF ORDER - incoming packet = 42780 and received packet = 42783 AND SP = 5",
	"error":	"OUT OF ORDER - incoming packet = 42781 and received packet = 42786 AND SP = 5",
	"error":	"OUT OF ORDER - incoming packet = 43038 and received packet = 43040 AND SP = 5",
	"error":	"OUT OF ORDER - incoming packet = 43043 and received packet = 43045 AND SP = 5",
	"error":	"OUT OF ORDER - incoming packet = 43046 and received packet = 43047 AND SP = 5",
	"error":	"OUT OF ORDER - incoming packet = 43048 and received packet = 43050 AND SP = 5",
	"error":	"OUT OF ORDER - incoming packet = 43049 and received packet = 43050 AND SP = 5",
	"error":	"OUT OF ORDER - incoming packet = 43601 and received packet = 43603 AND SP = 5",
	"error":	"OUT OF ORDER - incoming packet = 43602 and received packet = 43603 AND SP = 5",
	"error":	"OUT OF ORDER - incoming packet = 43693 and received packet = 43694 AND SP = 5",
	"error":	"OUT OF ORDER - incoming packet = 43833 and received packet = 43835 AND SP = 5",
	"error":	"OUT OF ORDER - incoming packet = 43843 and received packet = 43844 AND SP = 5",
	"error":	"OUT OF ORDER - incoming packet = 43880 and received packet = 43885 AND SP = 5",
	"error":	"OUT OF ORDER - incoming packet = 43881 and received packet = 43885 AND SP = 5",
	"error":	"OUT OF ORDER - incoming packet = 44117 and received packet = 44118 AND SP = 5",
	"error":	"OUT OF ORDER - incoming packet = 44172 and received packet = 44173 AND SP = 5",
	"error":	"OUT OF ORDER - incoming packet = 44373 and received packet = 44374 AND SP = 5",
	"error":	"OUT OF ORDER - incoming packet = 44445 and received packet = 44446 AND SP = 5",
	"error":	"OUT OF ORDER - incoming packet = 44586 and received packet = 44587 AND SP = 5",
	"error":	"OUT OF ORDER - incoming packet = 44635 and received packet = 44636 AND SP = 5",
	"error":	"OUT OF ORDER - incoming packet = 44638 and received packet = 44639 AND SP = 5",
	"error":	"OUT OF ORDER - incoming packet = 44830 and received packet = 44840 AND SP = 5",
	"error":	"OUT OF ORDER - incoming packet = 44887 and received packet = 44888 AND SP = 5",
	"error":	"OUT OF ORDER - incoming packet = 45026 and received packet = 45027 AND SP = 5",
	"error":	"OUT OF ORDER - incoming packet = 45030 and received packet = 45031 AND SP = 5",
	"error":	"OUT OF ORDER - incoming packet = 45124 and received packet = 45125 AND SP = 5",
	"error":	"OUT OF ORDER - incoming packet = 45403 and received packet = 45407 AND SP = 5",
	"error":	"OUT OF ORDER - incoming packet = 45405 and received packet = 45411 AND SP = 5",
	"error":	"OUT OF ORDER - incoming packet = 45406 and received packet = 45411 AND SP = 5",
	"error":	"OUT OF ORDER - incoming packet = 45408 and received packet = 45413 AND SP = 5",
	"error":	"OUT OF ORDER - incoming packet = 45511 and received packet = 45512 AND SP = 5",
	"error":	"OUT OF ORDER - incoming packet = 45513 and received packet = 45514 AND SP = 5",
	"error":	"OUT OF ORDER - incoming packet = 45582 and received packet = 45583 AND SP = 5",
	"error":	"OUT OF ORDER - incoming packet = 45600 and received packet = 45601 AND SP = 5",
	"error":	"OUT OF ORDER - incoming packet = 45658 and received packet = 45660 AND SP = 5",
	"error":	"OUT OF ORDER - incoming packet = 45661 and received packet = 45662 AND SP = 5",
	"error":	"OUT OF ORDER - incoming packet = 45665 and received packet = 45666 AND SP = 5",
	"error":	"OUT OF ORDER - incoming packet = 45683 and received packet = 45684 AND SP = 5",
	"error":	"OUT OF ORDER - incoming packet = 45681 and received packet = 45686 AND SP = 5",
	"error":	"OUT OF ORDER - incoming packet = 46303 and received packet = 46304 AND SP = 5",
	"error":	"OUT OF ORDER - incoming packet = 46415 and received packet = 46416 AND SP = 5",
	"error":	"OUT OF ORDER - incoming packet = 46469 and received packet = 46470 AND SP = 5",
	"error":	"OUT OF ORDER - incoming packet = 46468 and received packet = 46470 AND SP = 5",
	"error":	"OUT OF ORDER - incoming packet = 46472 and received packet = 46474 AND SP = 5",
	"error":	"OUT OF ORDER - incoming packet = 46476 and received packet = 46478 AND SP = 5",
	"error":	"OUT OF ORDER - incoming packet = 46538 and received packet = 46539 AND SP = 5",
	"error":	"OUT OF ORDER - incoming packet = 46684 and received packet = 46685 AND SP = 5",
	"error":	"OUT OF ORDER - incoming packet = 46877 and received packet = 46878 AND SP = 5"
}
