{
	"start":	{
		"connected":	[{
				"socket":	5,
				"local_host":	"10.0.0.12",
				"local_port":	2783,
				"remote_host":	"10.0.0.6",
				"remote_port":	52942
			}],
		"version":	"iperf 3.0.7",
		"system_info":	"Linux MECS5 5.4.197-0504197-generic #202206060747 SMP Mon Jun 6 09:27:47 UTC 2022 x86_64 x86_64 x86_64 GNU/Linux\n",
		"timestamp":	{
			"time":	"Mon, 25 Jul 2022 21:47:54 GMT",
			"timesecs":	1658785674
		},
		"accepted_connection":	{
			"host":	"10.0.0.6",
			"port":	52940
		},
		"cookie":	"BS6.1658785674.618406.0aa3b8f2414a12",
		"tcp_mss_default":	1448,
		"test_start":	{
			"protocol":	"TCP",
			"num_streams":	1,
			"blksize":	131072,
			"omit":	0,
			"duration":	16,
			"bytes":	0,
			"blocks":	0,
			"reverse":	0
		}
	},
	"intervals":	[{
			"streams":	[{
					"socket":	5,
					"start":	0,
					"end":	1.0002,
					"seconds":	1.0002,
					"bytes":	2832152,
					"bits_per_second":	2.26526e+07,
					"omitted":	false
				}],
			"sum":	{
				"start":	0,
				"end":	1.0002,
				"seconds":	1.0002,
				"bytes":	2832152,
				"bits_per_second":	2.26526e+07,
				"omitted":	false
			}
		}, {
			"streams":	[{
					"socket":	5,
					"start":	1.0002,
					"end":	2.00014,
					"seconds":	0.999936,
					"bytes":	3145728,
					"bits_per_second":	2.51674e+07,
					"omitted":	false
				}],
			"sum":	{
				"start":	1.0002,
				"end":	2.00014,
				"seconds":	0.999936,
				"bytes":	3145728,
				"bits_per_second":	2.51674e+07,
				"omitted":	false
			}
		}, {
			"streams":	[{
					"socket":	5,
					"start":	2.00014,
					"end":	3.00017,
					"seconds":	1.00003,
					"bytes":	3145728,
					"bits_per_second":	2.51651e+07,
					"omitted":	false
				}],
			"sum":	{
				"start":	2.00014,
				"end":	3.00017,
				"seconds":	1.00003,
				"bytes":	3145728,
				"bits_per_second":	2.51651e+07,
				"omitted":	false
			}
		}, {
			"streams":	[{
					"socket":	5,
					"start":	3.00017,
					"end":	4.00084,
					"seconds":	1.00068,
					"bytes":	3145728,
					"bits_per_second":	2.51488e+07,
					"omitted":	false
				}],
			"sum":	{
				"start":	3.00017,
				"end":	4.00084,
				"seconds":	1.00068,
				"bytes":	3145728,
				"bits_per_second":	2.51488e+07,
				"omitted":	false
			}
		}, {
			"streams":	[{
					"socket":	5,
					"start":	4.00084,
					"end":	5.00045,
					"seconds":	0.999605,
					"bytes":	3145728,
					"bits_per_second":	2.51758e+07,
					"omitted":	false
				}],
			"sum":	{
				"start":	4.00084,
				"end":	5.00045,
				"seconds":	0.999605,
				"bytes":	3145728,
				"bits_per_second":	2.51758e+07,
				"omitted":	false
			}
		}, {
			"streams":	[{
					"socket":	5,
					"start":	5.00045,
					"end":	6.00037,
					"seconds":	0.999917,
					"bytes":	3145728,
					"bits_per_second":	2.51679e+07,
					"omitted":	false
				}],
			"sum":	{
				"start":	5.00045,
				"end":	6.00037,
				"seconds":	0.999917,
				"bytes":	3145728,
				"bits_per_second":	2.51679e+07,
				"omitted":	false
			}
		}, {
			"streams":	[{
					"socket":	5,
					"start":	6.00037,
					"end":	7.00011,
					"seconds":	0.999749,
					"bytes":	3014656,
					"bits_per_second":	2.41233e+07,
					"omitted":	false
				}],
			"sum":	{
				"start":	6.00037,
				"end":	7.00011,
				"seconds":	0.999749,
				"bytes":	3014656,
				"bits_per_second":	2.41233e+07,
				"omitted":	false
			}
		}, {
			"streams":	[{
					"socket":	5,
					"start":	7.00011,
					"end":	8.00054,
					"seconds":	1.00043,
					"bytes":	3145728,
					"bits_per_second":	2.51551e+07,
					"omitted":	false
				}],
			"sum":	{
				"start":	7.00011,
				"end":	8.00054,
				"seconds":	1.00043,
				"bytes":	3145728,
				"bits_per_second":	2.51551e+07,
				"omitted":	false
			}
		}, {
			"streams":	[{
					"socket":	5,
					"start":	8.00054,
					"end":	9.00154,
					"seconds":	1.001,
					"bytes":	3145728,
					"bits_per_second":	2.51408e+07,
					"omitted":	false
				}],
			"sum":	{
				"start":	8.00054,
				"end":	9.00154,
				"seconds":	1.001,
				"bytes":	3145728,
				"bits_per_second":	2.51408e+07,
				"omitted":	false
			}
		}, {
			"streams":	[{
					"socket":	5,
					"start":	9.00154,
					"end":	10.0008,
					"seconds":	0.999254,
					"bytes":	3145728,
					"bits_per_second":	2.51846e+07,
					"omitted":	false
				}],
			"sum":	{
				"start":	9.00154,
				"end":	10.0008,
				"seconds":	0.999254,
				"bytes":	3145728,
				"bits_per_second":	2.51846e+07,
				"omitted":	false
			}
		}, {
			"streams":	[{
					"socket":	5,
					"start":	10.0008,
					"end":	11.0059,
					"seconds":	1.0051,
					"bytes":	3145728,
					"bits_per_second":	2.50381e+07,
					"omitted":	false
				}],
			"sum":	{
				"start":	10.0008,
				"end":	11.0059,
				"seconds":	1.0051,
				"bytes":	3145728,
				"bits_per_second":	2.50381e+07,
				"omitted":	false
			}
		}, {
			"streams":	[{
					"socket":	5,
					"start":	11.0059,
					"end":	12.0088,
					"seconds":	1.00288,
					"bytes":	3145728,
					"bits_per_second":	2.50935e+07,
					"omitted":	false
				}],
			"sum":	{
				"start":	11.0059,
				"end":	12.0088,
				"seconds":	1.00288,
				"bytes":	3145728,
				"bits_per_second":	2.50935e+07,
				"omitted":	false
			}
		}, {
			"streams":	[{
					"socket":	5,
					"start":	12.0088,
					"end":	13.0008,
					"seconds":	0.992002,
					"bytes":	3041416,
					"bits_per_second":	2.45275e+07,
					"omitted":	false
				}],
			"sum":	{
				"start":	12.0088,
				"end":	13.0008,
				"seconds":	0.992002,
				"bytes":	3041416,
				"bits_per_second":	2.45275e+07,
				"omitted":	false
			}
		}, {
			"streams":	[{
					"socket":	5,
					"start":	13.0008,
					"end":	14.0003,
					"seconds":	0.999545,
					"bytes":	3118968,
					"bits_per_second":	2.49631e+07,
					"omitted":	false
				}],
			"sum":	{
				"start":	13.0008,
				"end":	14.0003,
				"seconds":	0.999545,
				"bytes":	3118968,
				"bits_per_second":	2.49631e+07,
				"omitted":	false
			}
		}, {
			"streams":	[{
					"socket":	5,
					"start":	14.0003,
					"end":	15.0008,
					"seconds":	1.00051,
					"bytes":	3145728,
					"bits_per_second":	2.51529e+07,
					"omitted":	false
				}],
			"sum":	{
				"start":	14.0003,
				"end":	15.0008,
				"seconds":	1.00051,
				"bytes":	3145728,
				"bits_per_second":	2.51529e+07,
				"omitted":	false
			}
		}, {
			"streams":	[{
					"socket":	5,
					"start":	15.0008,
					"end":	16.0005,
					"seconds":	0.999616,
					"bytes":	3145728,
					"bits_per_second":	2.51755e+07,
					"omitted":	false
				}],
			"sum":	{
				"start":	15.0008,
				"end":	16.0005,
				"seconds":	0.999616,
				"bytes":	3145728,
				"bits_per_second":	2.51755e+07,
				"omitted":	false
			}
		}, {
			"streams":	[{
					"socket":	5,
					"start":	16.0005,
					"end":	16.0203,
					"seconds":	0.0198171,
					"bytes":	0,
					"bits_per_second":	0,
					"omitted":	false
				}],
			"sum":	{
				"start":	16.0005,
				"end":	16.0203,
				"seconds":	0.0198171,
				"bytes":	0,
				"bits_per_second":	0,
				"omitted":	false
			}
		}],
	"end":	{
		"streams":	[{
				"sender":	{
					"socket":	5,
					"start":	0,
					"end":	16.0203,
					"seconds":	16.0203,
					"bytes":	49755928,
					"bits_per_second":	2.48465e+07,
					"retransmits":	26
				},
				"receiver":	{
					"socket":	5,
					"start":	0,
					"end":	16.0203,
					"seconds":	16.0203,
					"bytes":	49755928,
					"bits_per_second":	2.48465e+07
				}
			}],
		"sum_sent":	{
			"start":	0,
			"end":	16.0203,
			"seconds":	16.0203,
			"bytes":	49755928,
			"bits_per_second":	2.48465e+07,
			"retransmits":	26
		},
		"sum_received":	{
			"start":	0,
			"end":	16.0203,
			"seconds":	16.0203,
			"bytes":	49755928,
			"bits_per_second":	2.48465e+07
		},
		"cpu_utilization_percent":	{
			"host_total":	2.02137,
			"host_user":	0.211175,
			"host_system":	1.81019,
			"remote_total":	1.03964,
			"remote_user":	0.0321304,
			"remote_system":	1.00748
		}
	}
}
