{
	"start":	{
		"connected":	[{
				"socket":	5,
				"local_host":	"10.0.0.13",
				"local_port":	2427,
				"remote_host":	"10.0.0.2",
				"remote_port":	35086
			}],
		"version":	"iperf 3.0.7",
		"system_info":	"Linux H13 5.4.197-0504197-generic #202206060747 SMP Mon Jun 6 09:27:47 UTC 2022 x86_64 x86_64 x86_64 GNU/Linux\n",
		"timestamp":	{
			"time":	"Fri, 22 Jul 2022 16:20:48 GMT",
			"timesecs":	1658506848
		},
		"accepted_connection":	{
			"host":	"10.0.0.2",
			"port":	35084
		},
		"cookie":	"H2.1658506848.302041.2f52279034e8a35",
		"tcp_mss_default":	1448,
		"test_start":	{
			"protocol":	"TCP",
			"num_streams":	1,
			"blksize":	131072,
			"omit":	0,
			"duration":	5,
			"bytes":	0,
			"blocks":	0,
			"reverse":	0
		}
	},
	"intervals":	[{
			"streams":	[{
					"socket":	5,
					"start":	0,
					"end":	1.00076,
					"seconds":	1.00076,
					"bytes":	1689400,
					"bits_per_second":	1.3505e+07,
					"omitted":	false
				}],
			"sum":	{
				"start":	0,
				"end":	1.00076,
				"seconds":	1.00076,
				"bytes":	1689400,
				"bits_per_second":	1.3505e+07,
				"omitted":	false
			}
		}, {
			"streams":	[{
					"socket":	5,
					"start":	1.00076,
					"end":	2.00058,
					"seconds":	0.999817,
					"bytes":	1966080,
					"bits_per_second":	1.57315e+07,
					"omitted":	false
				}],
			"sum":	{
				"start":	1.00076,
				"end":	2.00058,
				"seconds":	0.999817,
				"bytes":	1966080,
				"bits_per_second":	1.57315e+07,
				"omitted":	false
			}
		}, {
			"streams":	[{
					"socket":	5,
					"start":	2.00058,
					"end":	3.00061,
					"seconds":	1.00004,
					"bytes":	1835008,
					"bits_per_second":	1.46795e+07,
					"omitted":	false
				}],
			"sum":	{
				"start":	2.00058,
				"end":	3.00061,
				"seconds":	1.00004,
				"bytes":	1835008,
				"bits_per_second":	1.46795e+07,
				"omitted":	false
			}
		}, {
			"streams":	[{
					"socket":	5,
					"start":	3.00061,
					"end":	4.00075,
					"seconds":	1.00014,
					"bytes":	1835008,
					"bits_per_second":	1.4678e+07,
					"omitted":	false
				}],
			"sum":	{
				"start":	3.00061,
				"end":	4.00075,
				"seconds":	1.00014,
				"bytes":	1835008,
				"bits_per_second":	1.4678e+07,
				"omitted":	false
			}
		}, {
			"streams":	[{
					"socket":	5,
					"start":	4.00075,
					"end":	5.00111,
					"seconds":	1.00035,
					"bytes":	1966080,
					"bits_per_second":	1.57231e+07,
					"omitted":	false
				}],
			"sum":	{
				"start":	4.00075,
				"end":	5.00111,
				"seconds":	1.00035,
				"bytes":	1966080,
				"bits_per_second":	1.57231e+07,
				"omitted":	false
			}
		}, {
			"streams":	[{
					"socket":	5,
					"start":	5.00111,
					"end":	5.00151,
					"seconds":	0.000408888,
					"bytes":	0,
					"bits_per_second":	0,
					"omitted":	false
				}],
			"sum":	{
				"start":	5.00111,
				"end":	5.00151,
				"seconds":	0.000408888,
				"bytes":	0,
				"bits_per_second":	0,
				"omitted":	false
			}
		}],
	"end":	{
		"streams":	[{
				"sender":	{
					"socket":	5,
					"start":	0,
					"end":	5.00151,
					"seconds":	5.00151,
					"bytes":	9291576,
					"bits_per_second":	1.4862e+07,
					"retransmits":	0
				},
				"receiver":	{
					"socket":	5,
					"start":	0,
					"end":	5.00151,
					"seconds":	5.00151,
					"bytes":	9291576,
					"bits_per_second":	1.4862e+07
				}
			}],
		"sum_sent":	{
			"start":	0,
			"end":	5.00151,
			"seconds":	5.00151,
			"bytes":	9291576,
			"bits_per_second":	1.4862e+07,
			"retransmits":	0
		},
		"sum_received":	{
			"start":	0,
			"end":	5.00151,
			"seconds":	5.00151,
			"bytes":	9291576,
			"bits_per_second":	1.4862e+07
		},
		"cpu_utilization_percent":	{
			"host_total":	1.21866,
			"host_user":	0.568591,
			"host_system":	0.650054,
			"remote_total":	0.48176,
			"remote_user":	0.218346,
			"remote_system":	0.263374
		}
	}
}
{
	"start":	{
		"connected":	[],
		"version":	"iperf 3.0.7",
		"system_info":	"Linux H13 5.4.197-0504197-generic #202206060747 SMP Mon Jun 6 09:27:47 UTC 2022 x86_64 x86_64 x86_64 GNU/Linux\n"
	},
	"intervals":	[],
	"end":	{
	},
	"error":	"interrupt - the server has terminated"
}
