{
	"start":	{
		"connected":	[{
				"socket":	5,
				"local_host":	"10.0.0.12",
				"local_port":	1284,
				"remote_host":	"10.0.0.1",
				"remote_port":	36044
			}],
		"version":	"iperf 3.0.7",
		"system_info":	"Linux H12 5.4.197-0504197-generic #202206060747 SMP Mon Jun 6 09:27:47 UTC 2022 x86_64 x86_64 x86_64 GNU/Linux\n",
		"timestamp":	{
			"time":	"Fri, 22 Jul 2022 09:32:21 GMT",
			"timesecs":	1658482341
		},
		"accepted_connection":	{
			"host":	"10.0.0.1",
			"port":	36042
		},
		"cookie":	"H1.1658482341.699442.6b11ffdc6988ce3",
		"tcp_mss_default":	1448,
		"test_start":	{
			"protocol":	"TCP",
			"num_streams":	1,
			"blksize":	131072,
			"omit":	0,
			"duration":	5,
			"bytes":	0,
			"blocks":	0,
			"reverse":	0
		}
	},
	"intervals":	[{
			"streams":	[{
					"socket":	5,
					"start":	0,
					"end":	1.00097,
					"seconds":	1.00097,
					"bytes":	1703936,
					"bits_per_second":	1.36183e+07,
					"omitted":	false
				}],
			"sum":	{
				"start":	0,
				"end":	1.00097,
				"seconds":	1.00097,
				"bytes":	1703936,
				"bits_per_second":	1.36183e+07,
				"omitted":	false
			}
		}, {
			"streams":	[{
					"socket":	5,
					"start":	1.00097,
					"end":	2.00049,
					"seconds":	0.999527,
					"bytes":	1966080,
					"bits_per_second":	1.57361e+07,
					"omitted":	false
				}],
			"sum":	{
				"start":	1.00097,
				"end":	2.00049,
				"seconds":	0.999527,
				"bytes":	1966080,
				"bits_per_second":	1.57361e+07,
				"omitted":	false
			}
		}, {
			"streams":	[{
					"socket":	5,
					"start":	2.00049,
					"end":	3.00112,
					"seconds":	1.00063,
					"bytes":	1835008,
					"bits_per_second":	1.46709e+07,
					"omitted":	false
				}],
			"sum":	{
				"start":	2.00049,
				"end":	3.00112,
				"seconds":	1.00063,
				"bytes":	1835008,
				"bits_per_second":	1.46709e+07,
				"omitted":	false
			}
		}, {
			"streams":	[{
					"socket":	5,
					"start":	3.00112,
					"end":	4.00066,
					"seconds":	0.999542,
					"bytes":	1835008,
					"bits_per_second":	1.46868e+07,
					"omitted":	false
				}],
			"sum":	{
				"start":	3.00112,
				"end":	4.00066,
				"seconds":	0.999542,
				"bytes":	1835008,
				"bits_per_second":	1.46868e+07,
				"omitted":	false
			}
		}, {
			"streams":	[{
					"socket":	5,
					"start":	4.00066,
					"end":	5.00084,
					"seconds":	1.00017,
					"bytes":	1966080,
					"bits_per_second":	1.57259e+07,
					"omitted":	false
				}],
			"sum":	{
				"start":	4.00066,
				"end":	5.00084,
				"seconds":	1.00017,
				"bytes":	1966080,
				"bits_per_second":	1.57259e+07,
				"omitted":	false
			}
		}, {
			"streams":	[{
					"socket":	5,
					"start":	5.00084,
					"end":	5.00108,
					"seconds":	0.000246048,
					"bytes":	0,
					"bits_per_second":	0,
					"omitted":	false
				}],
			"sum":	{
				"start":	5.00084,
				"end":	5.00108,
				"seconds":	0.000246048,
				"bytes":	0,
				"bits_per_second":	0,
				"omitted":	false
			}
		}],
	"end":	{
		"streams":	[{
				"sender":	{
					"socket":	5,
					"start":	0,
					"end":	5.00108,
					"seconds":	5.00108,
					"bytes":	9306112,
					"bits_per_second":	1.48866e+07,
					"retransmits":	0
				},
				"receiver":	{
					"socket":	5,
					"start":	0,
					"end":	5.00108,
					"seconds":	5.00108,
					"bytes":	9306112,
					"bits_per_second":	1.48866e+07
				}
			}],
		"sum_sent":	{
			"start":	0,
			"end":	5.00108,
			"seconds":	5.00108,
			"bytes":	9306112,
			"bits_per_second":	1.48866e+07,
			"retransmits":	0
		},
		"sum_received":	{
			"start":	0,
			"end":	5.00108,
			"seconds":	5.00108,
			"bytes":	9306112,
			"bits_per_second":	1.48866e+07
		},
		"cpu_utilization_percent":	{
			"host_total":	1.18555,
			"host_user":	0.6127,
			"host_system":	0.572755,
			"remote_total":	0.647041,
			"remote_user":	0.131949,
			"remote_system":	0.515072
		}
	}
}
