{
	"start":	{
		"connected":	[{
				"socket":	5,
				"local_host":	"10.0.0.7",
				"local_port":	1572,
				"remote_host":	"10.0.0.4",
				"remote_port":	33274
			}],
		"version":	"iperf 3.0.7",
		"system_info":	"Linux H7 5.4.197-0504197-generic #202206060747 SMP Mon Jun 6 09:27:47 UTC 2022 x86_64 x86_64 x86_64 GNU/Linux\n",
		"timestamp":	{
			"time":	"Fri, 22 Jul 2022 15:01:52 GMT",
			"timesecs":	1658502112
		},
		"accepted_connection":	{
			"host":	"10.0.0.4",
			"port":	33272
		},
		"cookie":	"H4.1658502112.166225.7589cfc2253f338",
		"tcp_mss_default":	1448,
		"test_start":	{
			"protocol":	"TCP",
			"num_streams":	1,
			"blksize":	131072,
			"omit":	0,
			"duration":	5,
			"bytes":	0,
			"blocks":	0,
			"reverse":	0
		}
	},
	"intervals":	[{
			"streams":	[{
					"socket":	5,
					"start":	0,
					"end":	1.0008,
					"seconds":	1.0008,
					"bytes":	1690848,
					"bits_per_second":	1.35159e+07,
					"omitted":	false
				}],
			"sum":	{
				"start":	0,
				"end":	1.0008,
				"seconds":	1.0008,
				"bytes":	1690848,
				"bits_per_second":	1.35159e+07,
				"omitted":	false
			}
		}, {
			"streams":	[{
					"socket":	5,
					"start":	1.0008,
					"end":	2.00045,
					"seconds":	0.999642,
					"bytes":	1990696,
					"bits_per_second":	1.59313e+07,
					"omitted":	false
				}],
			"sum":	{
				"start":	1.0008,
				"end":	2.00045,
				"seconds":	0.999642,
				"bytes":	1990696,
				"bits_per_second":	1.59313e+07,
				"omitted":	false
			}
		}, {
			"streams":	[{
					"socket":	5,
					"start":	2.00045,
					"end":	3.00109,
					"seconds":	1.00064,
					"bytes":	1810392,
					"bits_per_second":	1.44739e+07,
					"omitted":	false
				}],
			"sum":	{
				"start":	2.00045,
				"end":	3.00109,
				"seconds":	1.00064,
				"bytes":	1810392,
				"bits_per_second":	1.44739e+07,
				"omitted":	false
			}
		}, {
			"streams":	[{
					"socket":	5,
					"start":	3.00109,
					"end":	4.00055,
					"seconds":	0.99946,
					"bytes":	1835008,
					"bits_per_second":	1.4688e+07,
					"omitted":	false
				}],
			"sum":	{
				"start":	3.00109,
				"end":	4.00055,
				"seconds":	0.99946,
				"bytes":	1835008,
				"bits_per_second":	1.4688e+07,
				"omitted":	false
			}
		}, {
			"streams":	[{
					"socket":	5,
					"start":	4.00055,
					"end":	5.00025,
					"seconds":	0.999709,
					"bytes":	1966080,
					"bits_per_second":	1.57332e+07,
					"omitted":	false
				}],
			"sum":	{
				"start":	4.00055,
				"end":	5.00025,
				"seconds":	0.999709,
				"bytes":	1966080,
				"bits_per_second":	1.57332e+07,
				"omitted":	false
			}
		}, {
			"streams":	[{
					"socket":	5,
					"start":	5.00025,
					"end":	5.00222,
					"seconds":	0.00196314,
					"bytes":	0,
					"bits_per_second":	0,
					"omitted":	false
				}],
			"sum":	{
				"start":	5.00025,
				"end":	5.00222,
				"seconds":	0.00196314,
				"bytes":	0,
				"bits_per_second":	0,
				"omitted":	false
			}
		}],
	"end":	{
		"streams":	[{
				"sender":	{
					"socket":	5,
					"start":	0,
					"end":	5.00222,
					"seconds":	5.00222,
					"bytes":	9293024,
					"bits_per_second":	1.48622e+07,
					"retransmits":	0
				},
				"receiver":	{
					"socket":	5,
					"start":	0,
					"end":	5.00222,
					"seconds":	5.00222,
					"bytes":	9293024,
					"bits_per_second":	1.48622e+07
				}
			}],
		"sum_sent":	{
			"start":	0,
			"end":	5.00222,
			"seconds":	5.00222,
			"bytes":	9293024,
			"bits_per_second":	1.48622e+07,
			"retransmits":	0
		},
		"sum_received":	{
			"start":	0,
			"end":	5.00222,
			"seconds":	5.00222,
			"bytes":	9293024,
			"bits_per_second":	1.48622e+07
		},
		"cpu_utilization_percent":	{
			"host_total":	1.7145,
			"host_user":	0,
			"host_system":	1.71456,
			"remote_total":	0.706687,
			"remote_user":	0.0132235,
			"remote_system":	0.693443
		}
	}
}
