{
	"start":	{
		"connected":	[{
				"socket":	5,
				"local_host":	"10.0.0.14",
				"local_port":	1082,
				"remote_host":	"10.0.0.3",
				"remote_port":	55736
			}],
		"version":	"iperf 3.0.7",
		"system_info":	"Linux MECS7 5.4.197-0504197-generic #202206060747 SMP Mon Jun 6 09:27:47 UTC 2022 x86_64 x86_64 x86_64 GNU/Linux\n",
		"timestamp":	{
			"time":	"Mon, 25 Jul 2022 21:43:47 GMT",
			"timesecs":	1658785427
		},
		"accepted_connection":	{
			"host":	"10.0.0.3",
			"port":	55734
		},
		"cookie":	"BS3.1658785427.803766.43a3b06213b1e1",
		"tcp_mss_default":	1448,
		"test_start":	{
			"protocol":	"TCP",
			"num_streams":	1,
			"blksize":	131072,
			"omit":	0,
			"duration":	19,
			"bytes":	0,
			"blocks":	0,
			"reverse":	0
		}
	},
	"intervals":	[{
			"streams":	[{
					"socket":	5,
					"start":	0,
					"end":	1.00045,
					"seconds":	1.00045,
					"bytes":	2852368,
					"bits_per_second":	2.28088e+07,
					"omitted":	false
				}],
			"sum":	{
				"start":	0,
				"end":	1.00045,
				"seconds":	1.00045,
				"bytes":	2852368,
				"bits_per_second":	2.28088e+07,
				"omitted":	false
			}
		}, {
			"streams":	[{
					"socket":	5,
					"start":	1.00045,
					"end":	2.00037,
					"seconds":	0.999921,
					"bytes":	3145728,
					"bits_per_second":	2.51678e+07,
					"omitted":	false
				}],
			"sum":	{
				"start":	1.00045,
				"end":	2.00037,
				"seconds":	0.999921,
				"bytes":	3145728,
				"bits_per_second":	2.51678e+07,
				"omitted":	false
			}
		}, {
			"streams":	[{
					"socket":	5,
					"start":	2.00037,
					"end":	3.00226,
					"seconds":	1.00189,
					"bytes":	3145728,
					"bits_per_second":	2.51183e+07,
					"omitted":	false
				}],
			"sum":	{
				"start":	2.00037,
				"end":	3.00226,
				"seconds":	1.00189,
				"bytes":	3145728,
				"bits_per_second":	2.51183e+07,
				"omitted":	false
			}
		}, {
			"streams":	[{
					"socket":	5,
					"start":	3.00226,
					"end":	4.00032,
					"seconds":	0.998067,
					"bytes":	3145728,
					"bits_per_second":	2.52146e+07,
					"omitted":	false
				}],
			"sum":	{
				"start":	3.00226,
				"end":	4.00032,
				"seconds":	0.998067,
				"bytes":	3145728,
				"bits_per_second":	2.52146e+07,
				"omitted":	false
			}
		}, {
			"streams":	[{
					"socket":	5,
					"start":	4.00032,
					"end":	5.00095,
					"seconds":	1.00062,
					"bytes":	3145728,
					"bits_per_second":	2.51502e+07,
					"omitted":	false
				}],
			"sum":	{
				"start":	4.00032,
				"end":	5.00095,
				"seconds":	1.00062,
				"bytes":	3145728,
				"bits_per_second":	2.51502e+07,
				"omitted":	false
			}
		}, {
			"streams":	[{
					"socket":	5,
					"start":	5.00095,
					"end":	6.00028,
					"seconds":	0.999335,
					"bytes":	3014656,
					"bits_per_second":	2.41333e+07,
					"omitted":	false
				}],
			"sum":	{
				"start":	5.00095,
				"end":	6.00028,
				"seconds":	0.999335,
				"bytes":	3014656,
				"bits_per_second":	2.41333e+07,
				"omitted":	false
			}
		}, {
			"streams":	[{
					"socket":	5,
					"start":	6.00028,
					"end":	7.00199,
					"seconds":	1.00171,
					"bytes":	3145728,
					"bits_per_second":	2.51228e+07,
					"omitted":	false
				}],
			"sum":	{
				"start":	6.00028,
				"end":	7.00199,
				"seconds":	1.00171,
				"bytes":	3145728,
				"bits_per_second":	2.51228e+07,
				"omitted":	false
			}
		}, {
			"streams":	[{
					"socket":	5,
					"start":	7.00199,
					"end":	8.00513,
					"seconds":	1.00313,
					"bytes":	3145728,
					"bits_per_second":	2.50872e+07,
					"omitted":	false
				}],
			"sum":	{
				"start":	7.00199,
				"end":	8.00513,
				"seconds":	1.00313,
				"bytes":	3145728,
				"bits_per_second":	2.50872e+07,
				"omitted":	false
			}
		}, {
			"streams":	[{
					"socket":	5,
					"start":	8.00513,
					"end":	9.00058,
					"seconds":	0.995453,
					"bytes":	3145728,
					"bits_per_second":	2.52808e+07,
					"omitted":	false
				}],
			"sum":	{
				"start":	8.00513,
				"end":	9.00058,
				"seconds":	0.995453,
				"bytes":	3145728,
				"bits_per_second":	2.52808e+07,
				"omitted":	false
			}
		}, {
			"streams":	[{
					"socket":	5,
					"start":	9.00058,
					"end":	10.0003,
					"seconds":	0.999711,
					"bytes":	3145728,
					"bits_per_second":	2.51731e+07,
					"omitted":	false
				}],
			"sum":	{
				"start":	9.00058,
				"end":	10.0003,
				"seconds":	0.999711,
				"bytes":	3145728,
				"bits_per_second":	2.51731e+07,
				"omitted":	false
			}
		}, {
			"streams":	[{
					"socket":	5,
					"start":	10.0003,
					"end":	11.0006,
					"seconds":	1.00031,
					"bytes":	3145728,
					"bits_per_second":	2.51579e+07,
					"omitted":	false
				}],
			"sum":	{
				"start":	10.0003,
				"end":	11.0006,
				"seconds":	1.00031,
				"bytes":	3145728,
				"bits_per_second":	2.51579e+07,
				"omitted":	false
			}
		}, {
			"streams":	[{
					"socket":	5,
					"start":	11.0006,
					"end":	12.0001,
					"seconds":	0.999537,
					"bytes":	3014656,
					"bits_per_second":	2.41284e+07,
					"omitted":	false
				}],
			"sum":	{
				"start":	11.0006,
				"end":	12.0001,
				"seconds":	0.999537,
				"bytes":	3014656,
				"bits_per_second":	2.41284e+07,
				"omitted":	false
			}
		}, {
			"streams":	[{
					"socket":	5,
					"start":	12.0001,
					"end":	13.0001,
					"seconds":	0.999999,
					"bytes":	3145728,
					"bits_per_second":	2.51658e+07,
					"omitted":	false
				}],
			"sum":	{
				"start":	12.0001,
				"end":	13.0001,
				"seconds":	0.999999,
				"bytes":	3145728,
				"bits_per_second":	2.51658e+07,
				"omitted":	false
			}
		}, {
			"streams":	[{
					"socket":	5,
					"start":	13.0001,
					"end":	14.0005,
					"seconds":	1.00036,
					"bytes":	3145728,
					"bits_per_second":	2.51567e+07,
					"omitted":	false
				}],
			"sum":	{
				"start":	13.0001,
				"end":	14.0005,
				"seconds":	1.00036,
				"bytes":	3145728,
				"bits_per_second":	2.51567e+07,
				"omitted":	false
			}
		}, {
			"streams":	[{
					"socket":	5,
					"start":	14.0005,
					"end":	15.0002,
					"seconds":	0.999744,
					"bytes":	3145728,
					"bits_per_second":	2.51723e+07,
					"omitted":	false
				}],
			"sum":	{
				"start":	14.0005,
				"end":	15.0002,
				"seconds":	0.999744,
				"bytes":	3145728,
				"bits_per_second":	2.51723e+07,
				"omitted":	false
			}
		}, {
			"streams":	[{
					"socket":	5,
					"start":	15.0002,
					"end":	16.0003,
					"seconds":	1.00005,
					"bytes":	3145728,
					"bits_per_second":	2.51646e+07,
					"omitted":	false
				}],
			"sum":	{
				"start":	15.0002,
				"end":	16.0003,
				"seconds":	1.00005,
				"bytes":	3145728,
				"bits_per_second":	2.51646e+07,
				"omitted":	false
			}
		}, {
			"streams":	[{
					"socket":	5,
					"start":	16.0003,
					"end":	17.0001,
					"seconds":	0.999797,
					"bytes":	3145728,
					"bits_per_second":	2.51709e+07,
					"omitted":	false
				}],
			"sum":	{
				"start":	16.0003,
				"end":	17.0001,
				"seconds":	0.999797,
				"bytes":	3145728,
				"bits_per_second":	2.51709e+07,
				"omitted":	false
			}
		}, {
			"streams":	[{
					"socket":	5,
					"start":	17.0001,
					"end":	18.0002,
					"seconds":	1.00006,
					"bytes":	3145728,
					"bits_per_second":	2.51642e+07,
					"omitted":	false
				}],
			"sum":	{
				"start":	17.0001,
				"end":	18.0002,
				"seconds":	1.00006,
				"bytes":	3145728,
				"bits_per_second":	2.51642e+07,
				"omitted":	false
			}
		}, {
			"streams":	[{
					"socket":	5,
					"start":	18.0002,
					"end":	19.0002,
					"seconds":	0.999991,
					"bytes":	3014656,
					"bits_per_second":	2.41175e+07,
					"omitted":	false
				}],
			"sum":	{
				"start":	18.0002,
				"end":	19.0002,
				"seconds":	0.999991,
				"bytes":	3014656,
				"bits_per_second":	2.41175e+07,
				"omitted":	false
			}
		}, {
			"streams":	[{
					"socket":	5,
					"start":	19.0002,
					"end":	19.0305,
					"seconds":	0.0303509,
					"bytes":	0,
					"bits_per_second":	0,
					"omitted":	false
				}],
			"sum":	{
				"start":	19.0002,
				"end":	19.0305,
				"seconds":	0.0303509,
				"bytes":	0,
				"bits_per_second":	0,
				"omitted":	false
			}
		}],
	"end":	{
		"streams":	[{
				"sender":	{
					"socket":	5,
					"start":	0,
					"end":	19.0305,
					"seconds":	19.0305,
					"bytes":	59082256,
					"bits_per_second":	2.48369e+07,
					"retransmits":	0
				},
				"receiver":	{
					"socket":	5,
					"start":	0,
					"end":	19.0305,
					"seconds":	19.0305,
					"bytes":	59082256,
					"bits_per_second":	2.48369e+07
				}
			}],
		"sum_sent":	{
			"start":	0,
			"end":	19.0305,
			"seconds":	19.0305,
			"bytes":	59082256,
			"bits_per_second":	2.48369e+07,
			"retransmits":	0
		},
		"sum_received":	{
			"start":	0,
			"end":	19.0305,
			"seconds":	19.0305,
			"bytes":	59082256,
			"bits_per_second":	2.48369e+07
		},
		"cpu_utilization_percent":	{
			"host_total":	2.30074,
			"host_user":	0.297294,
			"host_system":	2.00343,
			"remote_total":	0.849333,
			"remote_user":	0.0121591,
			"remote_system":	0.837153
		}
	}
}
