{
	"start":	{
		"connected":	[{
				"socket":	5,
				"local_host":	"10.0.0.19",
				"local_port":	1350,
				"remote_host":	"10.0.0.2",
				"remote_port":	47710
			}],
		"version":	"iperf 3.0.7",
		"system_info":	"Linux CS5 5.4.197-0504197-generic #202206060747 SMP Mon Jun 6 09:27:47 UTC 2022 x86_64 x86_64 x86_64 GNU/Linux\n",
		"timestamp":	{
			"time":	"Mon, 25 Jul 2022 21:42:01 GMT",
			"timesecs":	1658785321
		},
		"accepted_connection":	{
			"host":	"10.0.0.2",
			"port":	47708
		},
		"cookie":	"BS2.1658785321.722306.6f6178d5638fa1",
		"tcp_mss_default":	1448,
		"test_start":	{
			"protocol":	"TCP",
			"num_streams":	1,
			"blksize":	131072,
			"omit":	0,
			"duration":	14,
			"bytes":	0,
			"blocks":	0,
			"reverse":	0
		}
	},
	"intervals":	[{
			"streams":	[{
					"socket":	5,
					"start":	0,
					"end":	1.00023,
					"seconds":	1.00023,
					"bytes":	11329360,
					"bits_per_second":	9.06138e+07,
					"omitted":	false
				}],
			"sum":	{
				"start":	0,
				"end":	1.00023,
				"seconds":	1.00023,
				"bytes":	11329360,
				"bits_per_second":	9.06138e+07,
				"omitted":	false
			}
		}, {
			"streams":	[{
					"socket":	5,
					"start":	1.00023,
					"end":	2.00037,
					"seconds":	1.00014,
					"bytes":	12451840,
					"bits_per_second":	9.9601e+07,
					"omitted":	false
				}],
			"sum":	{
				"start":	1.00023,
				"end":	2.00037,
				"seconds":	1.00014,
				"bytes":	12451840,
				"bits_per_second":	9.9601e+07,
				"omitted":	false
			}
		}, {
			"streams":	[{
					"socket":	5,
					"start":	2.00037,
					"end":	3.00023,
					"seconds":	0.999858,
					"bytes":	12582912,
					"bits_per_second":	1.00678e+08,
					"omitted":	false
				}],
			"sum":	{
				"start":	2.00037,
				"end":	3.00023,
				"seconds":	0.999858,
				"bytes":	12582912,
				"bits_per_second":	1.00678e+08,
				"omitted":	false
			}
		}, {
			"streams":	[{
					"socket":	5,
					"start":	3.00023,
					"end":	4.00017,
					"seconds":	0.999945,
					"bytes":	12451840,
					"bits_per_second":	9.96202e+07,
					"omitted":	false
				}],
			"sum":	{
				"start":	3.00023,
				"end":	4.00017,
				"seconds":	0.999945,
				"bytes":	12451840,
				"bits_per_second":	9.96202e+07,
				"omitted":	false
			}
		}, {
			"streams":	[{
					"socket":	5,
					"start":	4.00017,
					"end":	5.0002,
					"seconds":	1.00002,
					"bytes":	12451840,
					"bits_per_second":	9.96123e+07,
					"omitted":	false
				}],
			"sum":	{
				"start":	4.00017,
				"end":	5.0002,
				"seconds":	1.00002,
				"bytes":	12451840,
				"bits_per_second":	9.96123e+07,
				"omitted":	false
			}
		}, {
			"streams":	[{
					"socket":	5,
					"start":	5.0002,
					"end":	6.00036,
					"seconds":	1.00016,
					"bytes":	12582912,
					"bits_per_second":	1.00647e+08,
					"omitted":	false
				}],
			"sum":	{
				"start":	5.0002,
				"end":	6.00036,
				"seconds":	1.00016,
				"bytes":	12582912,
				"bits_per_second":	1.00647e+08,
				"omitted":	false
			}
		}, {
			"streams":	[{
					"socket":	5,
					"start":	6.00036,
					"end":	7.0003,
					"seconds":	0.999934,
					"bytes":	12451840,
					"bits_per_second":	9.96213e+07,
					"omitted":	false
				}],
			"sum":	{
				"start":	6.00036,
				"end":	7.0003,
				"seconds":	0.999934,
				"bytes":	12451840,
				"bits_per_second":	9.96213e+07,
				"omitted":	false
			}
		}, {
			"streams":	[{
					"socket":	5,
					"start":	7.0003,
					"end":	8.00029,
					"seconds":	0.999989,
					"bytes":	12582912,
					"bits_per_second":	1.00664e+08,
					"omitted":	false
				}],
			"sum":	{
				"start":	7.0003,
				"end":	8.00029,
				"seconds":	0.999989,
				"bytes":	12582912,
				"bits_per_second":	1.00664e+08,
				"omitted":	false
			}
		}, {
			"streams":	[{
					"socket":	5,
					"start":	8.00029,
					"end":	9.00041,
					"seconds":	1.00013,
					"bytes":	12451840,
					"bits_per_second":	9.96023e+07,
					"omitted":	false
				}],
			"sum":	{
				"start":	8.00029,
				"end":	9.00041,
				"seconds":	1.00013,
				"bytes":	12451840,
				"bits_per_second":	9.96023e+07,
				"omitted":	false
			}
		}, {
			"streams":	[{
					"socket":	5,
					"start":	9.00041,
					"end":	10.0002,
					"seconds":	0.999756,
					"bytes":	12451840,
					"bits_per_second":	9.9639e+07,
					"omitted":	false
				}],
			"sum":	{
				"start":	9.00041,
				"end":	10.0002,
				"seconds":	0.999756,
				"bytes":	12451840,
				"bits_per_second":	9.9639e+07,
				"omitted":	false
			}
		}, {
			"streams":	[{
					"socket":	5,
					"start":	10.0002,
					"end":	11.0003,
					"seconds":	1.00012,
					"bytes":	12582912,
					"bits_per_second":	1.00651e+08,
					"omitted":	false
				}],
			"sum":	{
				"start":	10.0002,
				"end":	11.0003,
				"seconds":	1.00012,
				"bytes":	12582912,
				"bits_per_second":	1.00651e+08,
				"omitted":	false
			}
		}, {
			"streams":	[{
					"socket":	5,
					"start":	11.0003,
					"end":	12.0004,
					"seconds":	1.00015,
					"bytes":	12451840,
					"bits_per_second":	9.95993e+07,
					"omitted":	false
				}],
			"sum":	{
				"start":	11.0003,
				"end":	12.0004,
				"seconds":	1.00015,
				"bytes":	12451840,
				"bits_per_second":	9.95993e+07,
				"omitted":	false
			}
		}, {
			"streams":	[{
					"socket":	5,
					"start":	12.0004,
					"end":	13.0002,
					"seconds":	0.999755,
					"bytes":	12451840,
					"bits_per_second":	9.96391e+07,
					"omitted":	false
				}],
			"sum":	{
				"start":	12.0004,
				"end":	13.0002,
				"seconds":	0.999755,
				"bytes":	12451840,
				"bits_per_second":	9.96391e+07,
				"omitted":	false
			}
		}, {
			"streams":	[{
					"socket":	5,
					"start":	13.0002,
					"end":	14.0003,
					"seconds":	1.00012,
					"bytes":	12582912,
					"bits_per_second":	1.00651e+08,
					"omitted":	false
				}],
			"sum":	{
				"start":	13.0002,
				"end":	14.0003,
				"seconds":	1.00012,
				"bytes":	12582912,
				"bits_per_second":	1.00651e+08,
				"omitted":	false
			}
		}, {
			"streams":	[{
					"socket":	5,
					"start":	14.0003,
					"end":	14.0327,
					"seconds":	0.032392,
					"bytes":	0,
					"bits_per_second":	0,
					"omitted":	false
				}],
			"sum":	{
				"start":	14.0003,
				"end":	14.0327,
				"seconds":	0.032392,
				"bytes":	0,
				"bits_per_second":	0,
				"omitted":	false
			}
		}],
	"end":	{
		"streams":	[{
				"sender":	{
					"socket":	5,
					"start":	0,
					"end":	14.0327,
					"seconds":	14.0327,
					"bytes":	173858640,
					"bits_per_second":	9.91162e+07,
					"retransmits":	20
				},
				"receiver":	{
					"socket":	5,
					"start":	0,
					"end":	14.0327,
					"seconds":	14.0327,
					"bytes":	173858640,
					"bits_per_second":	9.91162e+07
				}
			}],
		"sum_sent":	{
			"start":	0,
			"end":	14.0327,
			"seconds":	14.0327,
			"bytes":	173858640,
			"bits_per_second":	9.91162e+07,
			"retransmits":	20
		},
		"sum_received":	{
			"start":	0,
			"end":	14.0327,
			"seconds":	14.0327,
			"bytes":	173858640,
			"bits_per_second":	9.91162e+07
		},
		"cpu_utilization_percent":	{
			"host_total":	3.4879,
			"host_user":	0.19615,
			"host_system":	3.29174,
			"remote_total":	1.63465,
			"remote_user":	0.238469,
			"remote_system":	1.39616
		}
	}
}
