{
	"start":	{
		"connected":	[{
				"socket":	5,
				"local_host":	"10.0.0.15",
				"local_port":	3441,
				"remote_host":	"10.0.0.5",
				"remote_port":	33330
			}],
		"version":	"iperf 3.0.7",
		"system_info":	"Linux CS1 5.4.197-0504197-generic #202206060747 SMP Mon Jun 6 09:27:47 UTC 2022 x86_64 x86_64 x86_64 GNU/Linux\n",
		"timestamp":	{
			"time":	"Mon, 25 Jul 2022 21:44:24 GMT",
			"timesecs":	1658785464
		},
		"accepted_connection":	{
			"host":	"10.0.0.5",
			"port":	33328
		},
		"cookie":	"BS5.1658785463.943885.760e952873e67e",
		"tcp_mss_default":	1448,
		"test_start":	{
			"protocol":	"TCP",
			"num_streams":	1,
			"blksize":	131072,
			"omit":	0,
			"duration":	2,
			"bytes":	0,
			"blocks":	0,
			"reverse":	0
		}
	},
	"intervals":	[{
			"streams":	[{
					"socket":	5,
					"start":	0,
					"end":	1.00032,
					"seconds":	1.00032,
					"bytes":	5712360,
					"bits_per_second":	4.56844e+07,
					"omitted":	false
				}],
			"sum":	{
				"start":	0,
				"end":	1.00032,
				"seconds":	1.00032,
				"bytes":	5712360,
				"bits_per_second":	4.56844e+07,
				"omitted":	false
			}
		}, {
			"streams":	[{
					"socket":	5,
					"start":	1.00032,
					"end":	2.00116,
					"seconds":	1.00085,
					"bytes":	18111528,
					"bits_per_second":	1.4477e+08,
					"omitted":	false
				}],
			"sum":	{
				"start":	1.00032,
				"end":	2.00116,
				"seconds":	1.00085,
				"bytes":	18111528,
				"bits_per_second":	1.4477e+08,
				"omitted":	false
			}
		}, {
			"streams":	[{
					"socket":	5,
					"start":	2.00116,
					"end":	2.03075,
					"seconds":	0.0295901,
					"bytes":	0,
					"bits_per_second":	0,
					"omitted":	false
				}],
			"sum":	{
				"start":	2.00116,
				"end":	2.03075,
				"seconds":	0.0295901,
				"bytes":	0,
				"bits_per_second":	0,
				"omitted":	false
			}
		}],
	"end":	{
		"streams":	[{
				"sender":	{
					"socket":	5,
					"start":	0,
					"end":	2.03075,
					"seconds":	2.03075,
					"bytes":	23823888,
					"bits_per_second":	9.38524e+07,
					"retransmits":	0
				},
				"receiver":	{
					"socket":	5,
					"start":	0,
					"end":	2.03075,
					"seconds":	2.03075,
					"bytes":	23823888,
					"bits_per_second":	9.38524e+07
				}
			}],
		"sum_sent":	{
			"start":	0,
			"end":	2.03075,
			"seconds":	2.03075,
			"bytes":	23823888,
			"bits_per_second":	9.38524e+07,
			"retransmits":	0
		},
		"sum_received":	{
			"start":	0,
			"end":	2.03075,
			"seconds":	2.03075,
			"bytes":	23823888,
			"bits_per_second":	9.38524e+07
		},
		"cpu_utilization_percent":	{
			"host_total":	5.47451,
			"host_user":	1.4279,
			"host_system":	4.04665,
			"remote_total":	4.24442,
			"remote_user":	1.00417,
			"remote_system":	3.24011
		}
	}
}
