{
	"start":	{
		"connected":	[{
				"socket":	5,
				"local_host":	"10.0.0.9",
				"local_port":	2500,
				"remote_host":	"10.0.0.1",
				"remote_port":	47198
			}],
		"version":	"iperf 3.0.7",
		"system_info":	"Linux MECS2 5.4.197-0504197-generic #202206060747 SMP Mon Jun 6 09:27:47 UTC 2022 x86_64 x86_64 x86_64 GNU/Linux\n",
		"timestamp":	{
			"time":	"Mon, 25 Jul 2022 21:51:19 GMT",
			"timesecs":	1658785879
		},
		"accepted_connection":	{
			"host":	"10.0.0.1",
			"port":	47196
		},
		"cookie":	"BS1.1658785879.337067.195f88eb17d00e",
		"tcp_mss_default":	1448,
		"test_start":	{
			"protocol":	"TCP",
			"num_streams":	1,
			"blksize":	131072,
			"omit":	0,
			"duration":	47,
			"bytes":	0,
			"blocks":	0,
			"reverse":	0
		}
	},
	"intervals":	[{
			"streams":	[{
					"socket":	5,
					"start":	0,
					"end":	1.00038,
					"seconds":	1.00038,
					"bytes":	11393768,
					"bits_per_second":	9.11158e+07,
					"omitted":	false
				}],
			"sum":	{
				"start":	0,
				"end":	1.00038,
				"seconds":	1.00038,
				"bytes":	11393768,
				"bits_per_second":	9.11158e+07,
				"omitted":	false
			}
		}, {
			"streams":	[{
					"socket":	5,
					"start":	1.00038,
					"end":	2.00057,
					"seconds":	1.00019,
					"bytes":	12451840,
					"bits_per_second":	9.95956e+07,
					"omitted":	false
				}],
			"sum":	{
				"start":	1.00038,
				"end":	2.00057,
				"seconds":	1.00019,
				"bytes":	12451840,
				"bits_per_second":	9.95956e+07,
				"omitted":	false
			}
		}, {
			"streams":	[{
					"socket":	5,
					"start":	2.00057,
					"end":	3.00029,
					"seconds":	0.999724,
					"bytes":	12451840,
					"bits_per_second":	9.96422e+07,
					"omitted":	false
				}],
			"sum":	{
				"start":	2.00057,
				"end":	3.00029,
				"seconds":	0.999724,
				"bytes":	12451840,
				"bits_per_second":	9.96422e+07,
				"omitted":	false
			}
		}, {
			"streams":	[{
					"socket":	5,
					"start":	3.00029,
					"end":	4.00022,
					"seconds":	0.99993,
					"bytes":	12582912,
					"bits_per_second":	1.0067e+08,
					"omitted":	false
				}],
			"sum":	{
				"start":	3.00029,
				"end":	4.00022,
				"seconds":	0.99993,
				"bytes":	12582912,
				"bits_per_second":	1.0067e+08,
				"omitted":	false
			}
		}, {
			"streams":	[{
					"socket":	5,
					"start":	4.00022,
					"end":	5.00023,
					"seconds":	1.00001,
					"bytes":	12451840,
					"bits_per_second":	9.96136e+07,
					"omitted":	false
				}],
			"sum":	{
				"start":	4.00022,
				"end":	5.00023,
				"seconds":	1.00001,
				"bytes":	12451840,
				"bits_per_second":	9.96136e+07,
				"omitted":	false
			}
		}, {
			"streams":	[{
					"socket":	5,
					"start":	5.00023,
					"end":	6.00017,
					"seconds":	0.999941,
					"bytes":	12451840,
					"bits_per_second":	9.96206e+07,
					"omitted":	false
				}],
			"sum":	{
				"start":	5.00023,
				"end":	6.00017,
				"seconds":	0.999941,
				"bytes":	12451840,
				"bits_per_second":	9.96206e+07,
				"omitted":	false
			}
		}, {
			"streams":	[{
					"socket":	5,
					"start":	6.00017,
					"end":	7.0006,
					"seconds":	1.00043,
					"bytes":	12582912,
					"bits_per_second":	1.0062e+08,
					"omitted":	false
				}],
			"sum":	{
				"start":	6.00017,
				"end":	7.0006,
				"seconds":	1.00043,
				"bytes":	12582912,
				"bits_per_second":	1.0062e+08,
				"omitted":	false
			}
		}, {
			"streams":	[{
					"socket":	5,
					"start":	7.0006,
					"end":	8.00067,
					"seconds":	1.00007,
					"bytes":	12451840,
					"bits_per_second":	9.96074e+07,
					"omitted":	false
				}],
			"sum":	{
				"start":	7.0006,
				"end":	8.00067,
				"seconds":	1.00007,
				"bytes":	12451840,
				"bits_per_second":	9.96074e+07,
				"omitted":	false
			}
		}, {
			"streams":	[{
					"socket":	5,
					"start":	8.00067,
					"end":	9.0013,
					"seconds":	1.00062,
					"bytes":	12451840,
					"bits_per_second":	9.95527e+07,
					"omitted":	false
				}],
			"sum":	{
				"start":	8.00067,
				"end":	9.0013,
				"seconds":	1.00062,
				"bytes":	12451840,
				"bits_per_second":	9.95527e+07,
				"omitted":	false
			}
		}, {
			"streams":	[{
					"socket":	5,
					"start":	9.0013,
					"end":	10.0042,
					"seconds":	1.00289,
					"bytes":	12582912,
					"bits_per_second":	1.00373e+08,
					"omitted":	false
				}],
			"sum":	{
				"start":	9.0013,
				"end":	10.0042,
				"seconds":	1.00289,
				"bytes":	12582912,
				"bits_per_second":	1.00373e+08,
				"omitted":	false
			}
		}, {
			"streams":	[{
					"socket":	5,
					"start":	10.0042,
					"end":	11.0086,
					"seconds":	1.00438,
					"bytes":	12582912,
					"bits_per_second":	1.00224e+08,
					"omitted":	false
				}],
			"sum":	{
				"start":	10.0042,
				"end":	11.0086,
				"seconds":	1.00438,
				"bytes":	12582912,
				"bits_per_second":	1.00224e+08,
				"omitted":	false
			}
		}, {
			"streams":	[{
					"socket":	5,
					"start":	11.0086,
					"end":	12.0004,
					"seconds":	0.991865,
					"bytes":	12451840,
					"bits_per_second":	1.00432e+08,
					"omitted":	false
				}],
			"sum":	{
				"start":	11.0086,
				"end":	12.0004,
				"seconds":	0.991865,
				"bytes":	12451840,
				"bits_per_second":	1.00432e+08,
				"omitted":	false
			}
		}, {
			"streams":	[{
					"socket":	5,
					"start":	12.0004,
					"end":	13.0008,
					"seconds":	1.00036,
					"bytes":	12451840,
					"bits_per_second":	9.95789e+07,
					"omitted":	false
				}],
			"sum":	{
				"start":	12.0004,
				"end":	13.0008,
				"seconds":	1.00036,
				"bytes":	12451840,
				"bits_per_second":	9.95789e+07,
				"omitted":	false
			}
		}, {
			"streams":	[{
					"socket":	5,
					"start":	13.0008,
					"end":	14.0006,
					"seconds":	0.99981,
					"bytes":	12713984,
					"bits_per_second":	1.01731e+08,
					"omitted":	false
				}],
			"sum":	{
				"start":	13.0008,
				"end":	14.0006,
				"seconds":	0.99981,
				"bytes":	12713984,
				"bits_per_second":	1.01731e+08,
				"omitted":	false
			}
		}, {
			"streams":	[{
					"socket":	5,
					"start":	14.0006,
					"end":	15.0007,
					"seconds":	1.00011,
					"bytes":	12320768,
					"bits_per_second":	9.85552e+07,
					"omitted":	false
				}],
			"sum":	{
				"start":	14.0006,
				"end":	15.0007,
				"seconds":	1.00011,
				"bytes":	12320768,
				"bits_per_second":	9.85552e+07,
				"omitted":	false
			}
		}, {
			"streams":	[{
					"socket":	5,
					"start":	15.0007,
					"end":	16.0003,
					"seconds":	0.999581,
					"bytes":	12451840,
					"bits_per_second":	9.96565e+07,
					"omitted":	false
				}],
			"sum":	{
				"start":	15.0007,
				"end":	16.0003,
				"seconds":	0.999581,
				"bytes":	12451840,
				"bits_per_second":	9.96565e+07,
				"omitted":	false
			}
		}, {
			"streams":	[{
					"socket":	5,
					"start":	16.0003,
					"end":	17.0003,
					"seconds":	0.999994,
					"bytes":	10009920,
					"bits_per_second":	8.00798e+07,
					"omitted":	false
				}],
			"sum":	{
				"start":	16.0003,
				"end":	17.0003,
				"seconds":	0.999994,
				"bytes":	10009920,
				"bits_per_second":	8.00798e+07,
				"omitted":	false
			}
		}, {
			"streams":	[{
					"socket":	5,
					"start":	17.0003,
					"end":	18.0002,
					"seconds":	0.999896,
					"bytes":	7964000,
					"bits_per_second":	6.37186e+07,
					"omitted":	false
				}],
			"sum":	{
				"start":	17.0003,
				"end":	18.0002,
				"seconds":	0.999896,
				"bytes":	7964000,
				"bits_per_second":	6.37186e+07,
				"omitted":	false
			}
		}, {
			"streams":	[{
					"socket":	5,
					"start":	18.0002,
					"end":	19.0007,
					"seconds":	1.00054,
					"bytes":	6297352,
					"bits_per_second":	5.03517e+07,
					"omitted":	false
				}],
			"sum":	{
				"start":	18.0002,
				"end":	19.0007,
				"seconds":	1.00054,
				"bytes":	6297352,
				"bits_per_second":	5.03517e+07,
				"omitted":	false
			}
		}, {
			"streams":	[{
					"socket":	5,
					"start":	19.0007,
					"end":	20.0018,
					"seconds":	1.00107,
					"bytes":	4358480,
					"bits_per_second":	3.48304e+07,
					"omitted":	false
				}],
			"sum":	{
				"start":	19.0007,
				"end":	20.0018,
				"seconds":	1.00107,
				"bytes":	4358480,
				"bits_per_second":	3.48304e+07,
				"omitted":	false
			}
		}, {
			"streams":	[{
					"socket":	5,
					"start":	20.0018,
					"end":	21.0067,
					"seconds":	1.00493,
					"bytes":	3601176,
					"bits_per_second":	2.86681e+07,
					"omitted":	false
				}],
			"sum":	{
				"start":	20.0018,
				"end":	21.0067,
				"seconds":	1.00493,
				"bytes":	3601176,
				"bits_per_second":	2.86681e+07,
				"omitted":	false
			}
		}, {
			"streams":	[{
					"socket":	5,
					"start":	21.0067,
					"end":	22.0017,
					"seconds":	0.995007,
					"bytes":	4235400,
					"bits_per_second":	3.40532e+07,
					"omitted":	false
				}],
			"sum":	{
				"start":	21.0067,
				"end":	22.0017,
				"seconds":	0.995007,
				"bytes":	4235400,
				"bits_per_second":	3.40532e+07,
				"omitted":	false
			}
		}, {
			"streams":	[{
					"socket":	5,
					"start":	22.0017,
					"end":	23.0026,
					"seconds":	1.00086,
					"bytes":	4135488,
					"bits_per_second":	3.30555e+07,
					"omitted":	false
				}],
			"sum":	{
				"start":	22.0017,
				"end":	23.0026,
				"seconds":	1.00086,
				"bytes":	4135488,
				"bits_per_second":	3.30555e+07,
				"omitted":	false
			}
		}, {
			"streams":	[{
					"socket":	5,
					"start":	23.0026,
					"end":	24.0059,
					"seconds":	1.00328,
					"bytes":	3556288,
					"bits_per_second":	2.83572e+07,
					"omitted":	false
				}],
			"sum":	{
				"start":	23.0026,
				"end":	24.0059,
				"seconds":	1.00328,
				"bytes":	3556288,
				"bits_per_second":	2.83572e+07,
				"omitted":	false
			}
		}, {
			"streams":	[{
					"socket":	5,
					"start":	24.0059,
					"end":	25.0012,
					"seconds":	0.995276,
					"bytes":	4249880,
					"bits_per_second":	3.41604e+07,
					"omitted":	false
				}],
			"sum":	{
				"start":	24.0059,
				"end":	25.0012,
				"seconds":	0.995276,
				"bytes":	4249880,
				"bits_per_second":	3.41604e+07,
				"omitted":	false
			}
		}, {
			"streams":	[{
					"socket":	5,
					"start":	25.0012,
					"end":	26.0002,
					"seconds":	0.999014,
					"bytes":	5637064,
					"bits_per_second":	4.5141e+07,
					"omitted":	false
				}],
			"sum":	{
				"start":	25.0012,
				"end":	26.0002,
				"seconds":	0.999014,
				"bytes":	5637064,
				"bits_per_second":	4.5141e+07,
				"omitted":	false
			}
		}, {
			"streams":	[{
					"socket":	5,
					"start":	26.0002,
					"end":	27.0006,
					"seconds":	1.00044,
					"bytes":	5618240,
					"bits_per_second":	4.4926e+07,
					"omitted":	false
				}],
			"sum":	{
				"start":	26.0002,
				"end":	27.0006,
				"seconds":	1.00044,
				"bytes":	5618240,
				"bits_per_second":	4.4926e+07,
				"omitted":	false
			}
		}, {
			"streams":	[{
					"socket":	5,
					"start":	27.0006,
					"end":	28.0002,
					"seconds":	0.999582,
					"bytes":	6876552,
					"bits_per_second":	5.50354e+07,
					"omitted":	false
				}],
			"sum":	{
				"start":	27.0006,
				"end":	28.0002,
				"seconds":	0.999582,
				"bytes":	6876552,
				"bits_per_second":	5.50354e+07,
				"omitted":	false
			}
		}, {
			"streams":	[{
					"socket":	5,
					"start":	28.0002,
					"end":	29.0003,
					"seconds":	1.00006,
					"bytes":	6924336,
					"bits_per_second":	5.53913e+07,
					"omitted":	false
				}],
			"sum":	{
				"start":	28.0002,
				"end":	29.0003,
				"seconds":	1.00006,
				"bytes":	6924336,
				"bits_per_second":	5.53913e+07,
				"omitted":	false
			}
		}, {
			"streams":	[{
					"socket":	5,
					"start":	29.0003,
					"end":	30.0006,
					"seconds":	1.00036,
					"bytes":	6636184,
					"bits_per_second":	5.30706e+07,
					"omitted":	false
				}],
			"sum":	{
				"start":	29.0003,
				"end":	30.0006,
				"seconds":	1.00036,
				"bytes":	6636184,
				"bits_per_second":	5.30706e+07,
				"omitted":	false
			}
		}, {
			"streams":	[{
					"socket":	5,
					"start":	30.0006,
					"end":	31.0002,
					"seconds":	0.999637,
					"bytes":	9184664,
					"bits_per_second":	7.3504e+07,
					"omitted":	false
				}],
			"sum":	{
				"start":	30.0006,
				"end":	31.0002,
				"seconds":	0.999637,
				"bytes":	9184664,
				"bits_per_second":	7.3504e+07,
				"omitted":	false
			}
		}, {
			"streams":	[{
					"socket":	5,
					"start":	31.0002,
					"end":	32.0001,
					"seconds":	0.999879,
					"bytes":	9071720,
					"bits_per_second":	7.25825e+07,
					"omitted":	false
				}],
			"sum":	{
				"start":	31.0002,
				"end":	32.0001,
				"seconds":	0.999879,
				"bytes":	9071720,
				"bits_per_second":	7.25825e+07,
				"omitted":	false
			}
		}, {
			"streams":	[{
					"socket":	5,
					"start":	32.0001,
					"end":	33.002,
					"seconds":	1.0019,
					"bytes":	7636752,
					"bits_per_second":	6.09783e+07,
					"omitted":	false
				}],
			"sum":	{
				"start":	32.0001,
				"end":	33.002,
				"seconds":	1.0019,
				"bytes":	7636752,
				"bits_per_second":	6.09783e+07,
				"omitted":	false
			}
		}, {
			"streams":	[{
					"socket":	5,
					"start":	33.002,
					"end":	34.0005,
					"seconds":	0.99843,
					"bytes":	8369440,
					"bits_per_second":	6.70608e+07,
					"omitted":	false
				}],
			"sum":	{
				"start":	33.002,
				"end":	34.0005,
				"seconds":	0.99843,
				"bytes":	8369440,
				"bits_per_second":	6.70608e+07,
				"omitted":	false
			}
		}, {
			"streams":	[{
					"socket":	5,
					"start":	34.0005,
					"end":	35.0004,
					"seconds":	0.999971,
					"bytes":	9135432,
					"bits_per_second":	7.30856e+07,
					"omitted":	false
				}],
			"sum":	{
				"start":	34.0005,
				"end":	35.0004,
				"seconds":	0.999971,
				"bytes":	9135432,
				"bits_per_second":	7.30856e+07,
				"omitted":	false
			}
		}, {
			"streams":	[{
					"socket":	5,
					"start":	35.0004,
					"end":	36.0007,
					"seconds":	1.00031,
					"bytes":	8676416,
					"bits_per_second":	6.93902e+07,
					"omitted":	false
				}],
			"sum":	{
				"start":	35.0004,
				"end":	36.0007,
				"seconds":	1.00031,
				"bytes":	8676416,
				"bits_per_second":	6.93902e+07,
				"omitted":	false
			}
		}, {
			"streams":	[{
					"socket":	5,
					"start":	36.0007,
					"end":	37.0004,
					"seconds":	0.999641,
					"bytes":	19702936,
					"bits_per_second":	1.5768e+08,
					"omitted":	false
				}],
			"sum":	{
				"start":	36.0007,
				"end":	37.0004,
				"seconds":	0.999641,
				"bytes":	19702936,
				"bits_per_second":	1.5768e+08,
				"omitted":	false
			}
		}, {
			"streams":	[{
					"socket":	5,
					"start":	37.0004,
					"end":	38.0003,
					"seconds":	0.999882,
					"bytes":	18160816,
					"bits_per_second":	1.45304e+08,
					"omitted":	false
				}],
			"sum":	{
				"start":	37.0004,
				"end":	38.0003,
				"seconds":	0.999882,
				"bytes":	18160816,
				"bits_per_second":	1.45304e+08,
				"omitted":	false
			}
		}, {
			"streams":	[{
					"socket":	5,
					"start":	38.0003,
					"end":	39.0002,
					"seconds":	0.999988,
					"bytes":	22238384,
					"bits_per_second":	1.77909e+08,
					"omitted":	false
				}],
			"sum":	{
				"start":	38.0003,
				"end":	39.0002,
				"seconds":	0.999988,
				"bytes":	22238384,
				"bits_per_second":	1.77909e+08,
				"omitted":	false
			}
		}, {
			"streams":	[{
					"socket":	5,
					"start":	39.0002,
					"end":	40.0002,
					"seconds":	0.999917,
					"bytes":	29615944,
					"bits_per_second":	2.36947e+08,
					"omitted":	false
				}],
			"sum":	{
				"start":	39.0002,
				"end":	40.0002,
				"seconds":	0.999917,
				"bytes":	29615944,
				"bits_per_second":	2.36947e+08,
				"omitted":	false
			}
		}, {
			"streams":	[{
					"socket":	5,
					"start":	40.0002,
					"end":	41.0002,
					"seconds":	1.00001,
					"bytes":	30396416,
					"bits_per_second":	2.43168e+08,
					"omitted":	false
				}],
			"sum":	{
				"start":	40.0002,
				"end":	41.0002,
				"seconds":	1.00001,
				"bytes":	30396416,
				"bits_per_second":	2.43168e+08,
				"omitted":	false
			}
		}, {
			"streams":	[{
					"socket":	5,
					"start":	41.0002,
					"end":	42.0004,
					"seconds":	1.00022,
					"bytes":	30464472,
					"bits_per_second":	2.43663e+08,
					"omitted":	false
				}],
			"sum":	{
				"start":	41.0002,
				"end":	42.0004,
				"seconds":	1.00022,
				"bytes":	30464472,
				"bits_per_second":	2.43663e+08,
				"omitted":	false
			}
		}, {
			"streams":	[{
					"socket":	5,
					"start":	42.0004,
					"end":	43,
					"seconds":	0.999638,
					"bytes":	30785928,
					"bits_per_second":	2.46377e+08,
					"omitted":	false
				}],
			"sum":	{
				"start":	42.0004,
				"end":	43,
				"seconds":	0.999638,
				"bytes":	30785928,
				"bits_per_second":	2.46377e+08,
				"omitted":	false
			}
		}, {
			"streams":	[{
					"socket":	5,
					"start":	43,
					"end":	44.0004,
					"seconds":	1.00041,
					"bytes":	30364560,
					"bits_per_second":	2.42818e+08,
					"omitted":	false
				}],
			"sum":	{
				"start":	43,
				"end":	44.0004,
				"seconds":	1.00041,
				"bytes":	30364560,
				"bits_per_second":	2.42818e+08,
				"omitted":	false
			}
		}, {
			"streams":	[{
					"socket":	5,
					"start":	44.0004,
					"end":	45.0006,
					"seconds":	1.00021,
					"bytes":	18640912,
					"bits_per_second":	1.49097e+08,
					"omitted":	false
				}],
			"sum":	{
				"start":	44.0004,
				"end":	45.0006,
				"seconds":	1.00021,
				"bytes":	18640912,
				"bits_per_second":	1.49097e+08,
				"omitted":	false
			}
		}, {
			"streams":	[{
					"socket":	5,
					"start":	45.0006,
					"end":	46.0004,
					"seconds":	0.99979,
					"bytes":	12451840,
					"bits_per_second":	9.96356e+07,
					"omitted":	false
				}],
			"sum":	{
				"start":	45.0006,
				"end":	46.0004,
				"seconds":	0.99979,
				"bytes":	12451840,
				"bits_per_second":	9.96356e+07,
				"omitted":	false
			}
		}, {
			"streams":	[{
					"socket":	5,
					"start":	46.0004,
					"end":	47.001,
					"seconds":	1.00052,
					"bytes":	12451840,
					"bits_per_second":	9.95627e+07,
					"omitted":	false
				}],
			"sum":	{
				"start":	46.0004,
				"end":	47.001,
				"seconds":	1.00052,
				"bytes":	12451840,
				"bits_per_second":	9.95627e+07,
				"omitted":	false
			}
		}, {
			"streams":	[{
					"socket":	5,
					"start":	47.001,
					"end":	47.0084,
					"seconds":	0.00745606,
					"bytes":	0,
					"bits_per_second":	0,
					"omitted":	false
				}],
			"sum":	{
				"start":	47.001,
				"end":	47.0084,
				"seconds":	0.00745606,
				"bytes":	0,
				"bits_per_second":	0,
				"omitted":	false
			}
		}],
	"end":	{
		"streams":	[{
				"sender":	{
					"socket":	5,
					"start":	0,
					"end":	47.0084,
					"seconds":	47.0084,
					"bytes":	586275560,
					"bits_per_second":	9.97737e+07,
					"retransmits":	80
				},
				"receiver":	{
					"socket":	5,
					"start":	0,
					"end":	47.0084,
					"seconds":	47.0084,
					"bytes":	586275560,
					"bits_per_second":	9.97737e+07
				}
			}],
		"sum_sent":	{
			"start":	0,
			"end":	47.0084,
			"seconds":	47.0084,
			"bytes":	586275560,
			"bits_per_second":	9.97737e+07,
			"retransmits":	80
		},
		"sum_received":	{
			"start":	0,
			"end":	47.0084,
			"seconds":	47.0084,
			"bytes":	586275560,
			"bits_per_second":	9.97737e+07
		},
		"cpu_utilization_percent":	{
			"host_total":	6.66077,
			"host_user":	0.533504,
			"host_system":	6.12727,
			"remote_total":	2.06053,
			"remote_user":	0.101259,
			"remote_system":	1.95926
		}
	}
}
