{
	"start":	{
		"connected":	[{
				"socket":	5,
				"local_host":	"10.0.0.21",
				"local_port":	1576,
				"remote_host":	"10.0.0.5",
				"remote_port":	41362
			}],
		"version":	"iperf 3.0.7",
		"system_info":	"Linux CS7 5.4.197-0504197-generic #202206060747 SMP Mon Jun 6 09:27:47 UTC 2022 x86_64 x86_64 x86_64 GNU/Linux\n",
		"timestamp":	{
			"time":	"Mon, 25 Jul 2022 21:50:52 GMT",
			"timesecs":	1658785852
		},
		"accepted_connection":	{
			"host":	"10.0.0.5",
			"port":	48014
		},
		"cookie":	"BS5.1658785852.109924.14483abc44b63d",
		"test_start":	{
			"protocol":	"UDP",
			"num_streams":	1,
			"blksize":	8192,
			"omit":	0,
			"duration":	4,
			"bytes":	0,
			"blocks":	0,
			"reverse":	0
		}
	},
	"intervals":	[{
			"streams":	[{
					"socket":	5,
					"start":	0,
					"end":	1.0004,
					"seconds":	1.0004,
					"bytes":	5808128,
					"bits_per_second":	4.64462e+07,
					"jitter_ms":	0.588256,
					"lost_packets":	25,
					"packets":	713,
					"lost_percent":	3.50631,
					"omitted":	false
				}],
			"sum":	{
				"start":	0,
				"end":	1.0004,
				"seconds":	1.0004,
				"bytes":	5808128,
				"bits_per_second":	4.64462e+07,
				"jitter_ms":	0.588256,
				"lost_packets":	25,
				"packets":	713,
				"lost_percent":	3.50631,
				"omitted":	false
			}
		}, {
			"streams":	[{
					"socket":	5,
					"start":	1.0004,
					"end":	2.00062,
					"seconds":	1.00021,
					"bytes":	6217728,
					"bits_per_second":	4.97313e+07,
					"jitter_ms":	0.786471,
					"lost_packets":	13,
					"packets":	759,
					"lost_percent":	1.71278,
					"omitted":	false
				}],
			"sum":	{
				"start":	1.0004,
				"end":	2.00062,
				"seconds":	1.00021,
				"bytes":	6217728,
				"bits_per_second":	4.97313e+07,
				"jitter_ms":	0.786471,
				"lost_packets":	13,
				"packets":	759,
				"lost_percent":	1.71278,
				"omitted":	false
			}
		}, {
			"streams":	[{
					"socket":	5,
					"start":	2.00062,
					"end":	3.0006,
					"seconds":	0.999985,
					"bytes":	6160384,
					"bits_per_second":	4.92838e+07,
					"jitter_ms":	0.667374,
					"lost_packets":	0,
					"packets":	752,
					"lost_percent":	0,
					"omitted":	false
				}],
			"sum":	{
				"start":	2.00062,
				"end":	3.0006,
				"seconds":	0.999985,
				"bytes":	6160384,
				"bits_per_second":	4.92838e+07,
				"jitter_ms":	0.667374,
				"lost_packets":	0,
				"packets":	752,
				"lost_percent":	0,
				"omitted":	false
			}
		}, {
			"streams":	[{
					"socket":	5,
					"start":	3.0006,
					"end":	4.00039,
					"seconds":	0.999785,
					"bytes":	6201344,
					"bits_per_second":	4.96214e+07,
					"jitter_ms":	0.478822,
					"lost_packets":	4,
					"packets":	759,
					"lost_percent":	0.527009,
					"omitted":	false
				}],
			"sum":	{
				"start":	3.0006,
				"end":	4.00039,
				"seconds":	0.999785,
				"bytes":	6201344,
				"bits_per_second":	4.96214e+07,
				"jitter_ms":	0.478822,
				"lost_packets":	4,
				"packets":	759,
				"lost_percent":	0.527009,
				"omitted":	false
			}
		}, {
			"streams":	[{
					"socket":	5,
					"start":	4.00039,
					"end":	4.02715,
					"seconds":	0.0267611,
					"bytes":	0,
					"bits_per_second":	0,
					"jitter_ms":	0.478822,
					"lost_packets":	0,
					"packets":	0,
					"lost_percent":	-nan,
					"omitted":	false
				}],
			"sum":	{
				"start":	4.00039,
				"end":	4.02715,
				"seconds":	0.0267611,
				"bytes":	0,
				"bits_per_second":	0,
				"jitter_ms":	0.478822,
				"lost_packets":	0,
				"packets":	0,
				"lost_percent":	-nan,
				"omitted":	false
			}
		}],
	"end":	{
		"streams":	[{
				"udp":	{
					"socket":	5,
					"start":	0,
					"end":	4.02715,
					"seconds":	4.02715,
					"bytes":	24436736,
					"bits_per_second":	4.8544e+07,
					"jitter_ms":	0.478822,
					"lost_packets":	42,
					"packets":	2983,
					"lost_percent":	1.40798
				}
			}],
		"sum":	{
			"start":	0,
			"end":	4.02715,
			"seconds":	4.02715,
			"bytes":	24436736,
			"bits_per_second":	4.8544e+07,
			"jitter_ms":	0.478822,
			"lost_packets":	42,
			"packets":	2983,
			"lost_percent":	1.40798
		},
		"cpu_utilization_percent":	{
			"host_total":	5.16236,
			"host_user":	0.42997,
			"host_system":	4.72988,
			"remote_total":	11.2629,
			"remote_user":	0.138539,
			"remote_system":	11.1241
		}
	},
	"error":	"OUT OF ORDER - incoming packet = 1 and received packet = 3 AND SP = 5",
	"error":	"OUT OF ORDER - incoming packet = 2 and received packet = 5 AND SP = 5",
	"error":	"OUT OF ORDER - incoming packet = 4 and received packet = 8 AND SP = 5",
	"error":	"OUT OF ORDER - incoming packet = 105 and received packet = 112 AND SP = 5",
	"error":	"OUT OF ORDER - incoming packet = 106 and received packet = 112 AND SP = 5",
	"error":	"OUT OF ORDER - incoming packet = 107 and received packet = 113 AND SP = 5",
	"error":	"OUT OF ORDER - incoming packet = 108 and received packet = 118 AND SP = 5",
	"error":	"OUT OF ORDER - incoming packet = 109 and received packet = 118 AND SP = 5",
	"error":	"OUT OF ORDER - incoming packet = 111 and received packet = 120 AND SP = 5",
	"error":	"OUT OF ORDER - incoming packet = 114 and received packet = 120 AND SP = 5",
	"error":	"OUT OF ORDER - incoming packet = 122 and received packet = 124 AND SP = 5",
	"error":	"OUT OF ORDER - incoming packet = 121 and received packet = 124 AND SP = 5",
	"error":	"OUT OF ORDER - incoming packet = 123 and received packet = 124 AND SP = 5",
	"error":	"OUT OF ORDER - incoming packet = 125 and received packet = 129 AND SP = 5",
	"error":	"OUT OF ORDER - incoming packet = 126 and received packet = 129 AND SP = 5",
	"error":	"OUT OF ORDER - incoming packet = 127 and received packet = 129 AND SP = 5",
	"error":	"OUT OF ORDER - incoming packet = 128 and received packet = 129 AND SP = 5",
	"error":	"OUT OF ORDER - incoming packet = 140 and received packet = 141 AND SP = 5",
	"error":	"OUT OF ORDER - incoming packet = 145 and received packet = 146 AND SP = 5",
	"error":	"OUT OF ORDER - incoming packet = 151 and received packet = 152 AND SP = 5",
	"error":	"OUT OF ORDER - incoming packet = 159 and received packet = 160 AND SP = 5",
	"error":	"OUT OF ORDER - incoming packet = 767 and received packet = 774 AND SP = 5",
	"error":	"OUT OF ORDER - incoming packet = 769 and received packet = 777 AND SP = 5",
	"error":	"OUT OF ORDER - incoming packet = 772 and received packet = 778 AND SP = 5",
	"error":	"OUT OF ORDER - incoming packet = 776 and received packet = 783 AND SP = 5",
	"error":	"OUT OF ORDER - incoming packet = 780 and received packet = 787 AND SP = 5",
	"error":	"OUT OF ORDER - incoming packet = 779 and received packet = 787 AND SP = 5",
	"error":	"OUT OF ORDER - incoming packet = 784 and received packet = 792 AND SP = 5",
	"error":	"OUT OF ORDER - incoming packet = 1398 and received packet = 1399 AND SP = 5",
	"error":	"OUT OF ORDER - incoming packet = 1400 and received packet = 1401 AND SP = 5",
	"error":	"OUT OF ORDER - incoming packet = 1402 and received packet = 1403 AND SP = 5",
	"error":	"OUT OF ORDER - incoming packet = 1404 and received packet = 1405 AND SP = 5",
	"error":	"OUT OF ORDER - incoming packet = 1424 and received packet = 1425 AND SP = 5",
	"error":	"OUT OF ORDER - incoming packet = 1437 and received packet = 1438 AND SP = 5",
	"error":	"OUT OF ORDER - incoming packet = 2307 and received packet = 2310 AND SP = 5",
	"error":	"OUT OF ORDER - incoming packet = 2557 and received packet = 2558 AND SP = 5"
}
