{
	"start":	{
		"connected":	[{
				"socket":	5,
				"local_host":	"10.0.0.8",
				"local_port":	2130,
				"remote_host":	"10.0.0.3",
				"remote_port":	60186
			}],
		"version":	"iperf 3.0.7",
		"system_info":	"Linux MECS1 5.4.197-0504197-generic #202206060747 SMP Mon Jun 6 09:27:47 UTC 2022 x86_64 x86_64 x86_64 GNU/Linux\n",
		"timestamp":	{
			"time":	"Mon, 25 Jul 2022 21:48:28 GMT",
			"timesecs":	1658785708
		},
		"accepted_connection":	{
			"host":	"10.0.0.3",
			"port":	56330
		},
		"cookie":	"BS3.1658785708.530683.2ed12370248810",
		"test_start":	{
			"protocol":	"UDP",
			"num_streams":	1,
			"blksize":	8192,
			"omit":	0,
			"duration":	10,
			"bytes":	0,
			"blocks":	0,
			"reverse":	0
		}
	},
	"intervals":	[{
			"streams":	[{
					"socket":	5,
					"start":	0,
					"end":	1.00062,
					"seconds":	1.00062,
					"bytes":	2154496,
					"bits_per_second":	1.72253e+07,
					"jitter_ms":	3.1451,
					"lost_packets":	70,
					"packets":	331,
					"lost_percent":	21.148,
					"omitted":	false
				}],
			"sum":	{
				"start":	0,
				"end":	1.00062,
				"seconds":	1.00062,
				"bytes":	2154496,
				"bits_per_second":	1.72253e+07,
				"jitter_ms":	3.1451,
				"lost_packets":	70,
				"packets":	331,
				"lost_percent":	21.148,
				"omitted":	false
			}
		}, {
			"streams":	[{
					"socket":	5,
					"start":	1.00062,
					"end":	2.00571,
					"seconds":	1.00509,
					"bytes":	2662400,
					"bits_per_second":	2.11913e+07,
					"jitter_ms":	2.1472,
					"lost_packets":	60,
					"packets":	367,
					"lost_percent":	16.3488,
					"omitted":	false
				}],
			"sum":	{
				"start":	1.00062,
				"end":	2.00571,
				"seconds":	1.00509,
				"bytes":	2662400,
				"bits_per_second":	2.11913e+07,
				"jitter_ms":	2.1472,
				"lost_packets":	60,
				"packets":	367,
				"lost_percent":	16.3488,
				"omitted":	false
			}
		}, {
			"streams":	[{
					"socket":	5,
					"start":	2.00571,
					"end":	3.00315,
					"seconds":	0.997445,
					"bytes":	2859008,
					"bits_per_second":	2.29307e+07,
					"jitter_ms":	2.72823,
					"lost_packets":	60,
					"packets":	400,
					"lost_percent":	15,
					"omitted":	false
				}],
			"sum":	{
				"start":	2.00571,
				"end":	3.00315,
				"seconds":	0.997445,
				"bytes":	2859008,
				"bits_per_second":	2.29307e+07,
				"jitter_ms":	2.72823,
				"lost_packets":	60,
				"packets":	400,
				"lost_percent":	15,
				"omitted":	false
			}
		}, {
			"streams":	[{
					"socket":	5,
					"start":	3.00315,
					"end":	4.00031,
					"seconds":	0.997151,
					"bytes":	2949120,
					"bits_per_second":	2.36604e+07,
					"jitter_ms":	2.77616,
					"lost_packets":	8,
					"packets":	364,
					"lost_percent":	2.1978,
					"omitted":	false
				}],
			"sum":	{
				"start":	3.00315,
				"end":	4.00031,
				"seconds":	0.997151,
				"bytes":	2949120,
				"bits_per_second":	2.36604e+07,
				"jitter_ms":	2.77616,
				"lost_packets":	8,
				"packets":	364,
				"lost_percent":	2.1978,
				"omitted":	false
			}
		}, {
			"streams":	[{
					"socket":	5,
					"start":	4.00031,
					"end":	5.00063,
					"seconds":	1.00033,
					"bytes":	3260416,
					"bits_per_second":	2.60747e+07,
					"jitter_ms":	3.1997,
					"lost_packets":	32,
					"packets":	398,
					"lost_percent":	8.0402,
					"omitted":	false
				}],
			"sum":	{
				"start":	4.00031,
				"end":	5.00063,
				"seconds":	1.00033,
				"bytes":	3260416,
				"bits_per_second":	2.60747e+07,
				"jitter_ms":	3.1997,
				"lost_packets":	32,
				"packets":	398,
				"lost_percent":	8.0402,
				"omitted":	false
			}
		}, {
			"streams":	[{
					"socket":	5,
					"start":	5.00063,
					"end":	6.0111,
					"seconds":	1.01047,
					"bytes":	3104768,
					"bits_per_second":	2.45808e+07,
					"jitter_ms":	1.57454,
					"lost_packets":	21,
					"packets":	392,
					"lost_percent":	5.35714,
					"omitted":	false
				}],
			"sum":	{
				"start":	5.00063,
				"end":	6.0111,
				"seconds":	1.01047,
				"bytes":	3104768,
				"bits_per_second":	2.45808e+07,
				"jitter_ms":	1.57454,
				"lost_packets":	21,
				"packets":	392,
				"lost_percent":	5.35714,
				"omitted":	false
			}
		}, {
			"streams":	[{
					"socket":	5,
					"start":	6.0111,
					"end":	7.00029,
					"seconds":	0.98919,
					"bytes":	2965504,
					"bits_per_second":	2.39833e+07,
					"jitter_ms":	2.68766,
					"lost_packets":	10,
					"packets":	362,
					"lost_percent":	2.76243,
					"omitted":	false
				}],
			"sum":	{
				"start":	6.0111,
				"end":	7.00029,
				"seconds":	0.98919,
				"bytes":	2965504,
				"bits_per_second":	2.39833e+07,
				"jitter_ms":	2.68766,
				"lost_packets":	10,
				"packets":	362,
				"lost_percent":	2.76243,
				"omitted":	false
			}
		}, {
			"streams":	[{
					"socket":	5,
					"start":	7.00029,
					"end":	8.00399,
					"seconds":	1.0037,
					"bytes":	2588672,
					"bits_per_second":	2.06331e+07,
					"jitter_ms":	3.07395,
					"lost_packets":	84,
					"packets":	360,
					"lost_percent":	23.3333,
					"omitted":	false
				}],
			"sum":	{
				"start":	7.00029,
				"end":	8.00399,
				"seconds":	1.0037,
				"bytes":	2588672,
				"bits_per_second":	2.06331e+07,
				"jitter_ms":	3.07395,
				"lost_packets":	84,
				"packets":	360,
				"lost_percent":	23.3333,
				"omitted":	false
			}
		}, {
			"streams":	[{
					"socket":	5,
					"start":	8.00399,
					"end":	9.00035,
					"seconds":	0.996356,
					"bytes":	3375104,
					"bits_per_second":	2.70996e+07,
					"jitter_ms":	2.36582,
					"lost_packets":	59,
					"packets":	422,
					"lost_percent":	13.981,
					"omitted":	false
				}],
			"sum":	{
				"start":	8.00399,
				"end":	9.00035,
				"seconds":	0.996356,
				"bytes":	3375104,
				"bits_per_second":	2.70996e+07,
				"jitter_ms":	2.36582,
				"lost_packets":	59,
				"packets":	422,
				"lost_percent":	13.981,
				"omitted":	false
			}
		}, {
			"streams":	[{
					"socket":	5,
					"start":	9.00035,
					"end":	10.0239,
					"seconds":	1.02352,
					"bytes":	3096576,
					"bits_per_second":	2.42034e+07,
					"jitter_ms":	4.08343,
					"lost_packets":	32,
					"packets":	382,
					"lost_percent":	8.37696,
					"omitted":	false
				}],
			"sum":	{
				"start":	9.00035,
				"end":	10.0239,
				"seconds":	1.02352,
				"bytes":	3096576,
				"bits_per_second":	2.42034e+07,
				"jitter_ms":	4.08343,
				"lost_packets":	32,
				"packets":	382,
				"lost_percent":	8.37696,
				"omitted":	false
			}
		}, {
			"streams":	[{
					"socket":	5,
					"start":	10.0239,
					"end":	10.0499,
					"seconds":	0.02599,
					"bytes":	0,
					"bits_per_second":	0,
					"jitter_ms":	4.08343,
					"lost_packets":	0,
					"packets":	0,
					"lost_percent":	-nan,
					"omitted":	false
				}],
			"sum":	{
				"start":	10.0239,
				"end":	10.0499,
				"seconds":	0.02599,
				"bytes":	0,
				"bits_per_second":	0,
				"jitter_ms":	4.08343,
				"lost_packets":	0,
				"packets":	0,
				"lost_percent":	-nan,
				"omitted":	false
			}
		}],
	"end":	{
		"streams":	[{
				"udp":	{
					"socket":	5,
					"start":	0,
					"end":	10.0499,
					"seconds":	10.0499,
					"bytes":	30949376,
					"bits_per_second":	2.46367e+07,
					"jitter_ms":	4.08343,
					"lost_packets":	436,
					"packets":	3778,
					"lost_percent":	11.5405
				}
			}],
		"sum":	{
			"start":	0,
			"end":	10.0499,
			"seconds":	10.0499,
			"bytes":	30949376,
			"bits_per_second":	2.46367e+07,
			"jitter_ms":	4.08343,
			"lost_packets":	436,
			"packets":	3778,
			"lost_percent":	11.5405
		},
		"cpu_utilization_percent":	{
			"host_total":	4.88506,
			"host_user":	0.3865,
			"host_system":	4.49859,
			"remote_total":	6.07316,
			"remote_user":	0.288825,
			"remote_system":	5.78432
		}
	},
	"error":	"OUT OF ORDER - incoming packet = 104 and received packet = 105 AND SP = 5",
	"error":	"OUT OF ORDER - incoming packet = 106 and received packet = 108 AND SP = 5",
	"error":	"OUT OF ORDER - incoming packet = 389 and received packet = 392 AND SP = 5",
	"error":	"OUT OF ORDER - incoming packet = 390 and received packet = 392 AND SP = 5",
	"error":	"OUT OF ORDER - incoming packet = 394 and received packet = 397 AND SP = 5",
	"error":	"OUT OF ORDER - incoming packet = 385 and received packet = 401 AND SP = 5",
	"error":	"OUT OF ORDER - incoming packet = 419 and received packet = 420 AND SP = 5",
	"error":	"OUT OF ORDER - incoming packet = 427 and received packet = 428 AND SP = 5",
	"error":	"OUT OF ORDER - incoming packet = 430 and received packet = 431 AND SP = 5",
	"error":	"OUT OF ORDER - incoming packet = 475 and received packet = 476 AND SP = 5",
	"error":	"OUT OF ORDER - incoming packet = 521 and received packet = 522 AND SP = 5",
	"error":	"OUT OF ORDER - incoming packet = 532 and received packet = 535 AND SP = 5",
	"error":	"OUT OF ORDER - incoming packet = 534 and received packet = 535 AND SP = 5",
	"error":	"OUT OF ORDER - incoming packet = 648 and received packet = 649 AND SP = 5",
	"error":	"OUT OF ORDER - incoming packet = 666 and received packet = 667 AND SP = 5",
	"error":	"OUT OF ORDER - incoming packet = 673 and received packet = 674 AND SP = 5",
	"error":	"OUT OF ORDER - incoming packet = 675 and received packet = 676 AND SP = 5",
	"error":	"OUT OF ORDER - incoming packet = 691 and received packet = 693 AND SP = 5",
	"error":	"OUT OF ORDER - incoming packet = 692 and received packet = 693 AND SP = 5",
	"error":	"OUT OF ORDER - incoming packet = 695 and received packet = 697 AND SP = 5",
	"error":	"OUT OF ORDER - incoming packet = 724 and received packet = 726 AND SP = 5",
	"error":	"OUT OF ORDER - incoming packet = 725 and received packet = 726 AND SP = 5",
	"error":	"OUT OF ORDER - incoming packet = 729 and received packet = 730 AND SP = 5",
	"error":	"OUT OF ORDER - incoming packet = 731 and received packet = 732 AND SP = 5",
	"error":	"OUT OF ORDER - incoming packet = 804 and received packet = 805 AND SP = 5",
	"error":	"OUT OF ORDER - incoming packet = 807 and received packet = 809 AND SP = 5",
	"error":	"OUT OF ORDER - incoming packet = 874 and received packet = 876 AND SP = 5",
	"error":	"OUT OF ORDER - incoming packet = 875 and received packet = 876 AND SP = 5",
	"error":	"OUT OF ORDER - incoming packet = 987 and received packet = 989 AND SP = 5",
	"error":	"OUT OF ORDER - incoming packet = 1209 and received packet = 1212 AND SP = 5",
	"error":	"OUT OF ORDER - incoming packet = 1210 and received packet = 1212 AND SP = 5",
	"error":	"OUT OF ORDER - incoming packet = 1308 and received packet = 1312 AND SP = 5",
	"error":	"OUT OF ORDER - incoming packet = 1310 and received packet = 1312 AND SP = 5",
	"error":	"OUT OF ORDER - incoming packet = 1502 and received packet = 1503 AND SP = 5",
	"error":	"OUT OF ORDER - incoming packet = 1575 and received packet = 1576 AND SP = 5",
	"error":	"OUT OF ORDER - incoming packet = 1604 and received packet = 1605 AND SP = 5",
	"error":	"OUT OF ORDER - incoming packet = 1607 and received packet = 1609 AND SP = 5",
	"error":	"OUT OF ORDER - incoming packet = 1611 and received packet = 1612 AND SP = 5",
	"error":	"OUT OF ORDER - incoming packet = 1610 and received packet = 1612 AND SP = 5",
	"error":	"OUT OF ORDER - incoming packet = 1617 and received packet = 1619 AND SP = 5",
	"error":	"OUT OF ORDER - incoming packet = 1618 and received packet = 1620 AND SP = 5",
	"error":	"OUT OF ORDER - incoming packet = 1637 and received packet = 1638 AND SP = 5",
	"error":	"OUT OF ORDER - incoming packet = 1696 and received packet = 1697 AND SP = 5",
	"error":	"OUT OF ORDER - incoming packet = 1703 and received packet = 1704 AND SP = 5",
	"error":	"OUT OF ORDER - incoming packet = 1706 and received packet = 1707 AND SP = 5",
	"error":	"OUT OF ORDER - incoming packet = 1705 and received packet = 1707 AND SP = 5",
	"error":	"OUT OF ORDER - incoming packet = 1724 and received packet = 1725 AND SP = 5",
	"error":	"OUT OF ORDER - incoming packet = 1734 and received packet = 1735 AND SP = 5",
	"error":	"OUT OF ORDER - incoming packet = 1759 and received packet = 1760 AND SP = 5",
	"error":	"OUT OF ORDER - incoming packet = 1765 and received packet = 1766 AND SP = 5",
	"error":	"OUT OF ORDER - incoming packet = 1778 and received packet = 1779 AND SP = 5",
	"error":	"OUT OF ORDER - incoming packet = 1785 and received packet = 1791 AND SP = 5",
	"error":	"OUT OF ORDER - incoming packet = 1782 and received packet = 1791 AND SP = 5",
	"error":	"OUT OF ORDER - incoming packet = 1784 and received packet = 1791 AND SP = 5",
	"error":	"OUT OF ORDER - incoming packet = 1797 and received packet = 1798 AND SP = 5",
	"error":	"OUT OF ORDER - incoming packet = 1796 and received packet = 1798 AND SP = 5",
	"error":	"OUT OF ORDER - incoming packet = 1794 and received packet = 1798 AND SP = 5",
	"error":	"OUT OF ORDER - incoming packet = 1801 and received packet = 1803 AND SP = 5",
	"error":	"OUT OF ORDER - incoming packet = 1802 and received packet = 1803 AND SP = 5",
	"error":	"OUT OF ORDER - incoming packet = 1806 and received packet = 1807 AND SP = 5",
	"error":	"OUT OF ORDER - incoming packet = 1805 and received packet = 1807 AND SP = 5",
	"error":	"OUT OF ORDER - incoming packet = 1810 and received packet = 1812 AND SP = 5",
	"error":	"OUT OF ORDER - incoming packet = 1811 and received packet = 1812 AND SP = 5",
	"error":	"OUT OF ORDER - incoming packet = 1814 and received packet = 1815 AND SP = 5",
	"error":	"OUT OF ORDER - incoming packet = 1822 and received packet = 1825 AND SP = 5",
	"error":	"OUT OF ORDER - incoming packet = 1951 and received packet = 1953 AND SP = 5",
	"error":	"OUT OF ORDER - incoming packet = 1952 and received packet = 1953 AND SP = 5",
	"error":	"OUT OF ORDER - incoming packet = 2017 and received packet = 2018 AND SP = 5",
	"error":	"OUT OF ORDER - incoming packet = 2062 and received packet = 2063 AND SP = 5",
	"error":	"OUT OF ORDER - incoming packet = 2165 and received packet = 2167 AND SP = 5",
	"error":	"OUT OF ORDER - incoming packet = 2206 and received packet = 2208 AND SP = 5",
	"error":	"OUT OF ORDER - incoming packet = 2207 and received packet = 2208 AND SP = 5",
	"error":	"OUT OF ORDER - incoming packet = 2209 and received packet = 2210 AND SP = 5",
	"error":	"OUT OF ORDER - incoming packet = 2265 and received packet = 2266 AND SP = 5",
	"error":	"OUT OF ORDER - incoming packet = 2374 and received packet = 2375 AND SP = 5",
	"error":	"OUT OF ORDER - incoming packet = 2457 and received packet = 2458 AND SP = 5",
	"error":	"OUT OF ORDER - incoming packet = 2463 and received packet = 2464 AND SP = 5",
	"error":	"OUT OF ORDER - incoming packet = 2501 and received packet = 2502 AND SP = 5",
	"error":	"OUT OF ORDER - incoming packet = 2504 and received packet = 2505 AND SP = 5",
	"error":	"OUT OF ORDER - incoming packet = 2506 and received packet = 2508 AND SP = 5",
	"error":	"OUT OF ORDER - incoming packet = 2507 and received packet = 2508 AND SP = 5",
	"error":	"OUT OF ORDER - incoming packet = 2551 and received packet = 2552 AND SP = 5",
	"error":	"OUT OF ORDER - incoming packet = 2561 and received packet = 2562 AND SP = 5",
	"error":	"OUT OF ORDER - incoming packet = 2616 and received packet = 2618 AND SP = 5",
	"error":	"OUT OF ORDER - incoming packet = 2640 and received packet = 2643 AND SP = 5",
	"error":	"OUT OF ORDER - incoming packet = 2641 and received packet = 2643 AND SP = 5",
	"error":	"OUT OF ORDER - incoming packet = 2642 and received packet = 2643 AND SP = 5",
	"error":	"OUT OF ORDER - incoming packet = 2638 and received packet = 2646 AND SP = 5",
	"error":	"OUT OF ORDER - incoming packet = 2644 and received packet = 2646 AND SP = 5",
	"error":	"OUT OF ORDER - incoming packet = 2645 and received packet = 2646 AND SP = 5",
	"error":	"OUT OF ORDER - incoming packet = 2648 and received packet = 2649 AND SP = 5",
	"error":	"OUT OF ORDER - incoming packet = 2653 and received packet = 2657 AND SP = 5",
	"error":	"OUT OF ORDER - incoming packet = 2654 and received packet = 2659 AND SP = 5",
	"error":	"OUT OF ORDER - incoming packet = 2656 and received packet = 2659 AND SP = 5",
	"error":	"OUT OF ORDER - incoming packet = 2661 and received packet = 2664 AND SP = 5",
	"error":	"OUT OF ORDER - incoming packet = 2663 and received packet = 2664 AND SP = 5",
	"error":	"OUT OF ORDER - incoming packet = 2670 and received packet = 2671 AND SP = 5",
	"error":	"OUT OF ORDER - incoming packet = 2669 and received packet = 2672 AND SP = 5",
	"error":	"OUT OF ORDER - incoming packet = 2675 and received packet = 2677 AND SP = 5",
	"error":	"OUT OF ORDER - incoming packet = 2674 and received packet = 2677 AND SP = 5",
	"error":	"OUT OF ORDER - incoming packet = 2676 and received packet = 2678 AND SP = 5",
	"error":	"OUT OF ORDER - incoming packet = 2679 and received packet = 2682 AND SP = 5",
	"error":	"OUT OF ORDER - incoming packet = 2686 and received packet = 2688 AND SP = 5",
	"error":	"OUT OF ORDER - incoming packet = 2687 and received packet = 2688 AND SP = 5",
	"error":	"OUT OF ORDER - incoming packet = 2685 and received packet = 2688 AND SP = 5",
	"error":	"OUT OF ORDER - incoming packet = 2698 and received packet = 2699 AND SP = 5",
	"error":	"OUT OF ORDER - incoming packet = 2702 and received packet = 2703 AND SP = 5",
	"error":	"OUT OF ORDER - incoming packet = 2705 and received packet = 2706 AND SP = 5",
	"error":	"OUT OF ORDER - incoming packet = 2719 and received packet = 2722 AND SP = 5",
	"error":	"OUT OF ORDER - incoming packet = 2720 and received packet = 2722 AND SP = 5",
	"error":	"OUT OF ORDER - incoming packet = 2721 and received packet = 2722 AND SP = 5",
	"error":	"OUT OF ORDER - incoming packet = 2737 and received packet = 2738 AND SP = 5",
	"error":	"OUT OF ORDER - incoming packet = 2739 and received packet = 2740 AND SP = 5",
	"error":	"OUT OF ORDER - incoming packet = 2799 and received packet = 2800 AND SP = 5",
	"error":	"OUT OF ORDER - incoming packet = 2814 and received packet = 2815 AND SP = 5",
	"error":	"OUT OF ORDER - incoming packet = 2825 and received packet = 2826 AND SP = 5",
	"error":	"OUT OF ORDER - incoming packet = 2847 and received packet = 2851 AND SP = 5",
	"error":	"OUT OF ORDER - incoming packet = 2854 and received packet = 2855 AND SP = 5",
	"error":	"OUT OF ORDER - incoming packet = 2859 and received packet = 2860 AND SP = 5",
	"error":	"OUT OF ORDER - incoming packet = 2886 and received packet = 2887 AND SP = 5",
	"error":	"OUT OF ORDER - incoming packet = 2893 and received packet = 2894 AND SP = 5",
	"error":	"OUT OF ORDER - incoming packet = 2924 and received packet = 2925 AND SP = 5",
	"error":	"OUT OF ORDER - incoming packet = 2934 and received packet = 2935 AND SP = 5",
	"error":	"OUT OF ORDER - incoming packet = 2983 and received packet = 2984 AND SP = 5",
	"error":	"OUT OF ORDER - incoming packet = 2997 and received packet = 2998 AND SP = 5",
	"error":	"OUT OF ORDER - incoming packet = 2995 and received packet = 3005 AND SP = 5",
	"error":	"OUT OF ORDER - incoming packet = 3004 and received packet = 3005 AND SP = 5",
	"error":	"OUT OF ORDER - incoming packet = 3002 and received packet = 3005 AND SP = 5",
	"error":	"OUT OF ORDER - incoming packet = 3000 and received packet = 3006 AND SP = 5",
	"error":	"OUT OF ORDER - incoming packet = 3001 and received packet = 3008 AND SP = 5",
	"error":	"OUT OF ORDER - incoming packet = 3003 and received packet = 3008 AND SP = 5",
	"error":	"OUT OF ORDER - incoming packet = 3022 and received packet = 3024 AND SP = 5",
	"error":	"OUT OF ORDER - incoming packet = 3039 and received packet = 3040 AND SP = 5",
	"error":	"OUT OF ORDER - incoming packet = 3048 and received packet = 3049 AND SP = 5",
	"error":	"OUT OF ORDER - incoming packet = 3046 and received packet = 3051 AND SP = 5",
	"error":	"OUT OF ORDER - incoming packet = 3061 and received packet = 3062 AND SP = 5",
	"error":	"OUT OF ORDER - incoming packet = 3071 and received packet = 3072 AND SP = 5",
	"error":	"OUT OF ORDER - incoming packet = 3098 and received packet = 3099 AND SP = 5",
	"error":	"OUT OF ORDER - incoming packet = 3115 and received packet = 3116 AND SP = 5",
	"error":	"OUT OF ORDER - incoming packet = 3121 and received packet = 3122 AND SP = 5",
	"error":	"OUT OF ORDER - incoming packet = 3127 and received packet = 3129 AND SP = 5",
	"error":	"OUT OF ORDER - incoming packet = 3132 and received packet = 3133 AND SP = 5",
	"error":	"OUT OF ORDER - incoming packet = 3134 and received packet = 3137 AND SP = 5",
	"error":	"OUT OF ORDER - incoming packet = 3139 and received packet = 3140 AND SP = 5",
	"error":	"OUT OF ORDER - incoming packet = 3169 and received packet = 3170 AND SP = 5",
	"error":	"OUT OF ORDER - incoming packet = 3175 and received packet = 3176 AND SP = 5",
	"error":	"OUT OF ORDER - incoming packet = 3178 and received packet = 3179 AND SP = 5",
	"error":	"OUT OF ORDER - incoming packet = 3177 and received packet = 3179 AND SP = 5",
	"error":	"OUT OF ORDER - incoming packet = 3180 and received packet = 3182 AND SP = 5",
	"error":	"OUT OF ORDER - incoming packet = 3183 and received packet = 3184 AND SP = 5",
	"error":	"OUT OF ORDER - incoming packet = 3185 and received packet = 3188 AND SP = 5",
	"error":	"OUT OF ORDER - incoming packet = 3186 and received packet = 3188 AND SP = 5",
	"error":	"OUT OF ORDER - incoming packet = 3189 and received packet = 3190 AND SP = 5",
	"error":	"OUT OF ORDER - incoming packet = 3199 and received packet = 3204 AND SP = 5",
	"error":	"OUT OF ORDER - incoming packet = 3200 and received packet = 3204 AND SP = 5",
	"error":	"OUT OF ORDER - incoming packet = 3202 and received packet = 3205 AND SP = 5",
	"error":	"OUT OF ORDER - incoming packet = 3278 and received packet = 3279 AND SP = 5",
	"error":	"OUT OF ORDER - incoming packet = 3287 and received packet = 3292 AND SP = 5",
	"error":	"OUT OF ORDER - incoming packet = 3311 and received packet = 3312 AND SP = 5",
	"error":	"OUT OF ORDER - incoming packet = 3333 and received packet = 3334 AND SP = 5",
	"error":	"OUT OF ORDER - incoming packet = 3339 and received packet = 3345 AND SP = 5",
	"error":	"OUT OF ORDER - incoming packet = 3340 and received packet = 3345 AND SP = 5",
	"error":	"OUT OF ORDER - incoming packet = 3343 and received packet = 3345 AND SP = 5",
	"error":	"OUT OF ORDER - incoming packet = 3344 and received packet = 3345 AND SP = 5",
	"error":	"OUT OF ORDER - incoming packet = 3348 and received packet = 3352 AND SP = 5",
	"error":	"OUT OF ORDER - incoming packet = 3347 and received packet = 3353 AND SP = 5",
	"error":	"OUT OF ORDER - incoming packet = 3349 and received packet = 3354 AND SP = 5",
	"error":	"OUT OF ORDER - incoming packet = 3356 and received packet = 3359 AND SP = 5",
	"error":	"OUT OF ORDER - incoming packet = 3355 and received packet = 3365 AND SP = 5",
	"error":	"OUT OF ORDER - incoming packet = 3377 and received packet = 3378 AND SP = 5",
	"error":	"OUT OF ORDER - incoming packet = 3384 and received packet = 3385 AND SP = 5",
	"error":	"OUT OF ORDER - incoming packet = 3393 and received packet = 3394 AND SP = 5",
	"error":	"OUT OF ORDER - incoming packet = 3450 and received packet = 3451 AND SP = 5",
	"error":	"OUT OF ORDER - incoming packet = 3474 and received packet = 3477 AND SP = 5",
	"error":	"OUT OF ORDER - incoming packet = 3476 and received packet = 3477 AND SP = 5",
	"error":	"OUT OF ORDER - incoming packet = 3479 and received packet = 3481 AND SP = 5",
	"error":	"OUT OF ORDER - incoming packet = 3478 and received packet = 3481 AND SP = 5",
	"error":	"OUT OF ORDER - incoming packet = 3480 and received packet = 3485 AND SP = 5",
	"error":	"OUT OF ORDER - incoming packet = 3487 and received packet = 3489 AND SP = 5",
	"error":	"OUT OF ORDER - incoming packet = 3495 and received packet = 3498 AND SP = 5",
	"error":	"OUT OF ORDER - incoming packet = 3494 and received packet = 3502 AND SP = 5",
	"error":	"OUT OF ORDER - incoming packet = 3501 and received packet = 3503 AND SP = 5",
	"error":	"OUT OF ORDER - incoming packet = 3499 and received packet = 3504 AND SP = 5",
	"error":	"OUT OF ORDER - incoming packet = 3582 and received packet = 3584 AND SP = 5",
	"error":	"OUT OF ORDER - incoming packet = 3620 and received packet = 3621 AND SP = 5",
	"error":	"OUT OF ORDER - incoming packet = 3654 and received packet = 3655 AND SP = 5",
	"error":	"OUT OF ORDER - incoming packet = 3658 and received packet = 3659 AND SP = 5",
	"error":	"OUT OF ORDER - incoming packet = 3686 and received packet = 3687 AND SP = 5",
	"error":	"OUT OF ORDER - incoming packet = 3709 and received packet = 3712 AND SP = 5",
	"error":	"OUT OF ORDER - incoming packet = 3706 and received packet = 3713 AND SP = 5",
	"error":	"OUT OF ORDER - incoming packet = 3724 and received packet = 3728 AND SP = 5",
	"error":	"OUT OF ORDER - incoming packet = 3726 and received packet = 3728 AND SP = 5",
	"error":	"OUT OF ORDER - incoming packet = 3727 and received packet = 3728 AND SP = 5",
	"error":	"OUT OF ORDER - incoming packet = 3729 and received packet = 3730 AND SP = 5",
	"error":	"OUT OF ORDER - incoming packet = 3731 and received packet = 3733 AND SP = 5",
	"error":	"OUT OF ORDER - incoming packet = 3732 and received packet = 3733 AND SP = 5",
	"error":	"OUT OF ORDER - incoming packet = 3736 and received packet = 3742 AND SP = 5",
	"error":	"OUT OF ORDER - incoming packet = 3735 and received packet = 3742 AND SP = 5",
	"error":	"OUT OF ORDER - incoming packet = 3747 and received packet = 3748 AND SP = 5",
	"error":	"OUT OF ORDER - incoming packet = 3775 and received packet = 3776 AND SP = 5"
}
