{
	"start":	{
		"connected":	[{
				"socket":	5,
				"local_host":	"10.0.0.9",
				"local_port":	3377,
				"remote_host":	"10.0.0.1",
				"remote_port":	38135
			}],
		"version":	"iperf 3.0.7",
		"system_info":	"Linux MECS2 5.4.197-0504197-generic #202206060747 SMP Mon Jun 6 09:27:47 UTC 2022 x86_64 x86_64 x86_64 GNU/Linux\n",
		"timestamp":	{
			"time":	"Mon, 25 Jul 2022 21:51:08 GMT",
			"timesecs":	1658785868
		},
		"accepted_connection":	{
			"host":	"10.0.0.1",
			"port":	35902
		},
		"cookie":	"BS1.1658785868.031694.4e66f9f2462006",
		"test_start":	{
			"protocol":	"UDP",
			"num_streams":	1,
			"blksize":	8192,
			"omit":	0,
			"duration":	3,
			"bytes":	0,
			"blocks":	0,
			"reverse":	0
		}
	},
	"intervals":	[{
			"streams":	[{
					"socket":	5,
					"start":	0,
					"end":	1.00051,
					"seconds":	1.00051,
					"bytes":	5914624,
					"bits_per_second":	4.72927e+07,
					"jitter_ms":	0.935088,
					"lost_packets":	23,
					"packets":	737,
					"lost_percent":	3.12076,
					"omitted":	false
				}],
			"sum":	{
				"start":	0,
				"end":	1.00051,
				"seconds":	1.00051,
				"bytes":	5914624,
				"bits_per_second":	4.72927e+07,
				"jitter_ms":	0.935088,
				"lost_packets":	23,
				"packets":	737,
				"lost_percent":	3.12076,
				"omitted":	false
			}
		}, {
			"streams":	[{
					"socket":	5,
					"start":	1.00051,
					"end":	2.00039,
					"seconds":	0.999879,
					"bytes":	5767168,
					"bits_per_second":	4.61429e+07,
					"jitter_ms":	1.03451,
					"lost_packets":	13,
					"packets":	714,
					"lost_percent":	1.82073,
					"omitted":	false
				}],
			"sum":	{
				"start":	1.00051,
				"end":	2.00039,
				"seconds":	0.999879,
				"bytes":	5767168,
				"bits_per_second":	4.61429e+07,
				"jitter_ms":	1.03451,
				"lost_packets":	13,
				"packets":	714,
				"lost_percent":	1.82073,
				"omitted":	false
			}
		}, {
			"streams":	[{
					"socket":	5,
					"start":	2.00039,
					"end":	3.00036,
					"seconds":	0.999964,
					"bytes":	6242304,
					"bits_per_second":	4.99402e+07,
					"jitter_ms":	0.377689,
					"lost_packets":	9,
					"packets":	770,
					"lost_percent":	1.16883,
					"omitted":	false
				}],
			"sum":	{
				"start":	2.00039,
				"end":	3.00036,
				"seconds":	0.999964,
				"bytes":	6242304,
				"bits_per_second":	4.99402e+07,
				"jitter_ms":	0.377689,
				"lost_packets":	9,
				"packets":	770,
				"lost_percent":	1.16883,
				"omitted":	false
			}
		}, {
			"streams":	[{
					"socket":	5,
					"start":	3.00036,
					"end":	3.00887,
					"seconds":	0.00850916,
					"bytes":	0,
					"bits_per_second":	0,
					"jitter_ms":	0.377689,
					"lost_packets":	0,
					"packets":	0,
					"lost_percent":	-nan,
					"omitted":	false
				}],
			"sum":	{
				"start":	3.00036,
				"end":	3.00887,
				"seconds":	0.00850916,
				"bytes":	0,
				"bits_per_second":	0,
				"jitter_ms":	0.377689,
				"lost_packets":	0,
				"packets":	0,
				"lost_percent":	-nan,
				"omitted":	false
			}
		}],
	"end":	{
		"streams":	[{
				"udp":	{
					"socket":	5,
					"start":	0,
					"end":	3.00887,
					"seconds":	3.00887,
					"bytes":	18194432,
					"bits_per_second":	4.83755e+07,
					"jitter_ms":	0.377689,
					"lost_packets":	45,
					"packets":	2221,
					"lost_percent":	2.02611
				}
			}],
		"sum":	{
			"start":	0,
			"end":	3.00887,
			"seconds":	3.00887,
			"bytes":	18194432,
			"bits_per_second":	4.83755e+07,
			"jitter_ms":	0.377689,
			"lost_packets":	45,
			"packets":	2221,
			"lost_percent":	2.02611
		},
		"cpu_utilization_percent":	{
			"host_total":	5.30501,
			"host_user":	0.663759,
			"host_system":	4.64125,
			"remote_total":	10.9668,
			"remote_user":	0.446359,
			"remote_system":	10.5204
		}
	},
	"error":	"OUT OF ORDER - incoming packet = 1 and received packet = 2 AND SP = 5",
	"error":	"OUT OF ORDER - incoming packet = 38 and received packet = 39 AND SP = 5",
	"error":	"OUT OF ORDER - incoming packet = 115 and received packet = 117 AND SP = 5",
	"error":	"OUT OF ORDER - incoming packet = 197 and received packet = 199 AND SP = 5",
	"error":	"OUT OF ORDER - incoming packet = 272 and received packet = 274 AND SP = 5",
	"error":	"OUT OF ORDER - incoming packet = 391 and received packet = 393 AND SP = 5",
	"error":	"OUT OF ORDER - incoming packet = 463 and received packet = 464 AND SP = 5",
	"error":	"OUT OF ORDER - incoming packet = 650 and received packet = 651 AND SP = 5",
	"error":	"OUT OF ORDER - incoming packet = 1016 and received packet = 1017 AND SP = 5",
	"error":	"OUT OF ORDER - incoming packet = 1035 and received packet = 1037 AND SP = 5",
	"error":	"OUT OF ORDER - incoming packet = 1036 and received packet = 1037 AND SP = 5",
	"error":	"OUT OF ORDER - incoming packet = 1554 and received packet = 1555 AND SP = 5"
}
