{
	"start":	{
		"connected":	[{
				"socket":	5,
				"local_host":	"10.0.0.19",
				"local_port":	2238,
				"remote_host":	"10.0.0.3",
				"remote_port":	57490
			}],
		"version":	"iperf 3.0.7",
		"system_info":	"Linux CS5 5.4.197-0504197-generic #202206060747 SMP Mon Jun 6 09:27:47 UTC 2022 x86_64 x86_64 x86_64 GNU/Linux\n",
		"timestamp":	{
			"time":	"Mon, 25 Jul 2022 21:52:32 GMT",
			"timesecs":	1658785952
		},
		"accepted_connection":	{
			"host":	"10.0.0.3",
			"port":	50812
		},
		"cookie":	"BS3.1658785952.882781.26dd4c30357e9c",
		"test_start":	{
			"protocol":	"UDP",
			"num_streams":	1,
			"blksize":	8192,
			"omit":	0,
			"duration":	24,
			"bytes":	0,
			"blocks":	0,
			"reverse":	0
		}
	},
	"intervals":	[{
			"streams":	[{
					"socket":	5,
					"start":	0,
					"end":	1.00029,
					"seconds":	1.00029,
					"bytes":	10960896,
					"bits_per_second":	8.76616e+07,
					"jitter_ms":	0.81253,
					"lost_packets":	52,
					"packets":	1358,
					"lost_percent":	3.82916,
					"omitted":	false
				}],
			"sum":	{
				"start":	0,
				"end":	1.00029,
				"seconds":	1.00029,
				"bytes":	10960896,
				"bits_per_second":	8.76616e+07,
				"jitter_ms":	0.81253,
				"lost_packets":	52,
				"packets":	1358,
				"lost_percent":	3.82916,
				"omitted":	false
			}
		}, {
			"streams":	[{
					"socket":	5,
					"start":	1.00029,
					"end":	2.00029,
					"seconds":	1,
					"bytes":	12910592,
					"bits_per_second":	1.03285e+08,
					"jitter_ms":	0.722106,
					"lost_packets":	7,
					"packets":	1576,
					"lost_percent":	0.444162,
					"omitted":	false
				}],
			"sum":	{
				"start":	1.00029,
				"end":	2.00029,
				"seconds":	1,
				"bytes":	12910592,
				"bits_per_second":	1.03285e+08,
				"jitter_ms":	0.722106,
				"lost_packets":	7,
				"packets":	1576,
				"lost_percent":	0.444162,
				"omitted":	false
			}
		}, {
			"streams":	[{
					"socket":	5,
					"start":	2.00029,
					"end":	3.00031,
					"seconds":	1.00002,
					"bytes":	12009472,
					"bits_per_second":	9.60738e+07,
					"jitter_ms":	0.607216,
					"lost_packets":	28,
					"packets":	1484,
					"lost_percent":	1.88679,
					"omitted":	false
				}],
			"sum":	{
				"start":	2.00029,
				"end":	3.00031,
				"seconds":	1.00002,
				"bytes":	12009472,
				"bits_per_second":	9.60738e+07,
				"jitter_ms":	0.607216,
				"lost_packets":	28,
				"packets":	1484,
				"lost_percent":	1.88679,
				"omitted":	false
			}
		}, {
			"streams":	[{
					"socket":	5,
					"start":	3.00031,
					"end":	4.0004,
					"seconds":	1.00009,
					"bytes":	12296192,
					"bits_per_second":	9.83609e+07,
					"jitter_ms":	1.32015,
					"lost_packets":	32,
					"packets":	1529,
					"lost_percent":	2.09287,
					"omitted":	false
				}],
			"sum":	{
				"start":	3.00031,
				"end":	4.0004,
				"seconds":	1.00009,
				"bytes":	12296192,
				"bits_per_second":	9.83609e+07,
				"jitter_ms":	1.32015,
				"lost_packets":	32,
				"packets":	1529,
				"lost_percent":	2.09287,
				"omitted":	false
			}
		}, {
			"streams":	[{
					"socket":	5,
					"start":	4.0004,
					"end":	5.00087,
					"seconds":	1.00047,
					"bytes":	12165120,
					"bits_per_second":	9.72751e+07,
					"jitter_ms":	1.44249,
					"lost_packets":	20,
					"packets":	1494,
					"lost_percent":	1.33869,
					"omitted":	false
				}],
			"sum":	{
				"start":	4.0004,
				"end":	5.00087,
				"seconds":	1.00047,
				"bytes":	12165120,
				"bits_per_second":	9.72751e+07,
				"jitter_ms":	1.44249,
				"lost_packets":	20,
				"packets":	1494,
				"lost_percent":	1.33869,
				"omitted":	false
			}
		}, {
			"streams":	[{
					"socket":	5,
					"start":	5.00087,
					"end":	6.00451,
					"seconds":	1.00363,
					"bytes":	12361728,
					"bits_per_second":	9.85357e+07,
					"jitter_ms":	1.58128,
					"lost_packets":	19,
					"packets":	1526,
					"lost_percent":	1.24509,
					"omitted":	false
				}],
			"sum":	{
				"start":	5.00087,
				"end":	6.00451,
				"seconds":	1.00363,
				"bytes":	12361728,
				"bits_per_second":	9.85357e+07,
				"jitter_ms":	1.58128,
				"lost_packets":	19,
				"packets":	1526,
				"lost_percent":	1.24509,
				"omitted":	false
			}
		}, {
			"streams":	[{
					"socket":	5,
					"start":	6.00451,
					"end":	7.00017,
					"seconds":	0.995666,
					"bytes":	12763136,
					"bits_per_second":	1.0255e+08,
					"jitter_ms":	0.864824,
					"lost_packets":	42,
					"packets":	1596,
					"lost_percent":	2.63158,
					"omitted":	false
				}],
			"sum":	{
				"start":	6.00451,
				"end":	7.00017,
				"seconds":	0.995666,
				"bytes":	12763136,
				"bits_per_second":	1.0255e+08,
				"jitter_ms":	0.864824,
				"lost_packets":	42,
				"packets":	1596,
				"lost_percent":	2.63158,
				"omitted":	false
			}
		}, {
			"streams":	[{
					"socket":	5,
					"start":	7.00017,
					"end":	8.00013,
					"seconds":	0.999952,
					"bytes":	11362304,
					"bits_per_second":	9.09028e+07,
					"jitter_ms":	1.0149,
					"lost_packets":	27,
					"packets":	1407,
					"lost_percent":	1.91898,
					"omitted":	false
				}],
			"sum":	{
				"start":	7.00017,
				"end":	8.00013,
				"seconds":	0.999952,
				"bytes":	11362304,
				"bits_per_second":	9.09028e+07,
				"jitter_ms":	1.0149,
				"lost_packets":	27,
				"packets":	1407,
				"lost_percent":	1.91898,
				"omitted":	false
			}
		}, {
			"streams":	[{
					"socket":	5,
					"start":	8.00013,
					"end":	9.00003,
					"seconds":	0.999901,
					"bytes":	11960320,
					"bits_per_second":	9.5692e+07,
					"jitter_ms":	1.28249,
					"lost_packets":	18,
					"packets":	1469,
					"lost_percent":	1.22532,
					"omitted":	false
				}],
			"sum":	{
				"start":	8.00013,
				"end":	9.00003,
				"seconds":	0.999901,
				"bytes":	11960320,
				"bits_per_second":	9.5692e+07,
				"jitter_ms":	1.28249,
				"lost_packets":	18,
				"packets":	1469,
				"lost_percent":	1.22532,
				"omitted":	false
			}
		}, {
			"streams":	[{
					"socket":	5,
					"start":	9.00003,
					"end":	10,
					"seconds":	1.00001,
					"bytes":	11378688,
					"bits_per_second":	9.10287e+07,
					"jitter_ms":	1.12258,
					"lost_packets":	96,
					"packets":	1481,
					"lost_percent":	6.48211,
					"omitted":	false
				}],
			"sum":	{
				"start":	9.00003,
				"end":	10,
				"seconds":	1.00001,
				"bytes":	11378688,
				"bits_per_second":	9.10287e+07,
				"jitter_ms":	1.12258,
				"lost_packets":	96,
				"packets":	1481,
				"lost_percent":	6.48211,
				"omitted":	false
			}
		}, {
			"streams":	[{
					"socket":	5,
					"start":	10,
					"end":	11.0003,
					"seconds":	1.00031,
					"bytes":	13647872,
					"bits_per_second":	1.09149e+08,
					"jitter_ms":	0.526104,
					"lost_packets":	70,
					"packets":	1736,
					"lost_percent":	4.03226,
					"omitted":	false
				}],
			"sum":	{
				"start":	10,
				"end":	11.0003,
				"seconds":	1.00031,
				"bytes":	13647872,
				"bits_per_second":	1.09149e+08,
				"jitter_ms":	0.526104,
				"lost_packets":	70,
				"packets":	1736,
				"lost_percent":	4.03226,
				"omitted":	false
			}
		}, {
			"streams":	[{
					"socket":	5,
					"start":	11.0003,
					"end":	12.0001,
					"seconds":	0.999779,
					"bytes":	12763136,
					"bits_per_second":	1.02128e+08,
					"jitter_ms":	1.0046,
					"lost_packets":	6,
					"packets":	1558,
					"lost_percent":	0.385109,
					"omitted":	false
				}],
			"sum":	{
				"start":	11.0003,
				"end":	12.0001,
				"seconds":	0.999779,
				"bytes":	12763136,
				"bits_per_second":	1.02128e+08,
				"jitter_ms":	1.0046,
				"lost_packets":	6,
				"packets":	1558,
				"lost_percent":	0.385109,
				"omitted":	false
			}
		}, {
			"streams":	[{
					"socket":	5,
					"start":	12.0001,
					"end":	13.0015,
					"seconds":	1.0014,
					"bytes":	12386304,
					"bits_per_second":	9.89517e+07,
					"jitter_ms":	0.802401,
					"lost_packets":	37,
					"packets":	1530,
					"lost_percent":	2.4183,
					"omitted":	false
				}],
			"sum":	{
				"start":	12.0001,
				"end":	13.0015,
				"seconds":	1.0014,
				"bytes":	12386304,
				"bits_per_second":	9.89517e+07,
				"jitter_ms":	0.802401,
				"lost_packets":	37,
				"packets":	1530,
				"lost_percent":	2.4183,
				"omitted":	false
			}
		}, {
			"streams":	[{
					"socket":	5,
					"start":	13.0015,
					"end":	14.0012,
					"seconds":	0.99967,
					"bytes":	11952128,
					"bits_per_second":	9.56486e+07,
					"jitter_ms":	1.33943,
					"lost_packets":	10,
					"packets":	1468,
					"lost_percent":	0.681199,
					"omitted":	false
				}],
			"sum":	{
				"start":	13.0015,
				"end":	14.0012,
				"seconds":	0.99967,
				"bytes":	11952128,
				"bits_per_second":	9.56486e+07,
				"jitter_ms":	1.33943,
				"lost_packets":	10,
				"packets":	1468,
				"lost_percent":	0.681199,
				"omitted":	false
			}
		}, {
			"streams":	[{
					"socket":	5,
					"start":	14.0012,
					"end":	15.0044,
					"seconds":	1.00317,
					"bytes":	12263424,
					"bits_per_second":	9.77972e+07,
					"jitter_ms":	1.01005,
					"lost_packets":	30,
					"packets":	1526,
					"lost_percent":	1.96592,
					"omitted":	false
				}],
			"sum":	{
				"start":	14.0012,
				"end":	15.0044,
				"seconds":	1.00317,
				"bytes":	12263424,
				"bits_per_second":	9.77972e+07,
				"jitter_ms":	1.01005,
				"lost_packets":	30,
				"packets":	1526,
				"lost_percent":	1.96592,
				"omitted":	false
			}
		}, {
			"streams":	[{
					"socket":	5,
					"start":	15.0044,
					"end":	16.0001,
					"seconds":	0.995682,
					"bytes":	11837440,
					"bits_per_second":	9.51102e+07,
					"jitter_ms":	0.768161,
					"lost_packets":	75,
					"packets":	1517,
					"lost_percent":	4.94397,
					"omitted":	false
				}],
			"sum":	{
				"start":	15.0044,
				"end":	16.0001,
				"seconds":	0.995682,
				"bytes":	11837440,
				"bits_per_second":	9.51102e+07,
				"jitter_ms":	0.768161,
				"lost_packets":	75,
				"packets":	1517,
				"lost_percent":	4.94397,
				"omitted":	false
			}
		}, {
			"streams":	[{
					"socket":	5,
					"start":	16.0001,
					"end":	17.0003,
					"seconds":	1.00026,
					"bytes":	12140544,
					"bits_per_second":	9.70991e+07,
					"jitter_ms":	0.716608,
					"lost_packets":	65,
					"packets":	1530,
					"lost_percent":	4.24837,
					"omitted":	false
				}],
			"sum":	{
				"start":	16.0001,
				"end":	17.0003,
				"seconds":	1.00026,
				"bytes":	12140544,
				"bits_per_second":	9.70991e+07,
				"jitter_ms":	0.716608,
				"lost_packets":	65,
				"packets":	1530,
				"lost_percent":	4.24837,
				"omitted":	false
			}
		}, {
			"streams":	[{
					"socket":	5,
					"start":	17.0003,
					"end":	18.0043,
					"seconds":	1.00399,
					"bytes":	12345344,
					"bits_per_second":	9.83703e+07,
					"jitter_ms":	1.02426,
					"lost_packets":	42,
					"packets":	1532,
					"lost_percent":	2.74151,
					"omitted":	false
				}],
			"sum":	{
				"start":	17.0003,
				"end":	18.0043,
				"seconds":	1.00399,
				"bytes":	12345344,
				"bits_per_second":	9.83703e+07,
				"jitter_ms":	1.02426,
				"lost_packets":	42,
				"packets":	1532,
				"lost_percent":	2.74151,
				"omitted":	false
			}
		}, {
			"streams":	[{
					"socket":	5,
					"start":	18.0043,
					"end":	19.0002,
					"seconds":	0.99586,
					"bytes":	12566528,
					"bits_per_second":	1.0095e+08,
					"jitter_ms":	0.960539,
					"lost_packets":	5,
					"packets":	1536,
					"lost_percent":	0.325521,
					"omitted":	false
				}],
			"sum":	{
				"start":	18.0043,
				"end":	19.0002,
				"seconds":	0.99586,
				"bytes":	12566528,
				"bits_per_second":	1.0095e+08,
				"jitter_ms":	0.960539,
				"lost_packets":	5,
				"packets":	1536,
				"lost_percent":	0.325521,
				"omitted":	false
			}
		}, {
			"streams":	[{
					"socket":	5,
					"start":	19.0002,
					"end":	20.0003,
					"seconds":	1.00013,
					"bytes":	12804096,
					"bits_per_second":	1.02419e+08,
					"jitter_ms":	0.49457,
					"lost_packets":	33,
					"packets":	1563,
					"lost_percent":	2.11132,
					"omitted":	false
				}],
			"sum":	{
				"start":	19.0002,
				"end":	20.0003,
				"seconds":	1.00013,
				"bytes":	12804096,
				"bits_per_second":	1.02419e+08,
				"jitter_ms":	0.49457,
				"lost_packets":	33,
				"packets":	1563,
				"lost_percent":	2.11132,
				"omitted":	false
			}
		}, {
			"streams":	[{
					"socket":	5,
					"start":	20.0003,
					"end":	21.0014,
					"seconds":	1.00114,
					"bytes":	12730368,
					"bits_per_second":	1.01726e+08,
					"jitter_ms":	0.811587,
					"lost_packets":	19,
					"packets":	1562,
					"lost_percent":	1.21639,
					"omitted":	false
				}],
			"sum":	{
				"start":	20.0003,
				"end":	21.0014,
				"seconds":	1.00114,
				"bytes":	12730368,
				"bits_per_second":	1.01726e+08,
				"jitter_ms":	0.811587,
				"lost_packets":	19,
				"packets":	1562,
				"lost_percent":	1.21639,
				"omitted":	false
			}
		}, {
			"streams":	[{
					"socket":	5,
					"start":	21.0014,
					"end":	22.0006,
					"seconds":	0.999184,
					"bytes":	10280960,
					"bits_per_second":	8.23148e+07,
					"jitter_ms":	2.00856,
					"lost_packets":	45,
					"packets":	1279,
					"lost_percent":	3.51837,
					"omitted":	false
				}],
			"sum":	{
				"start":	21.0014,
				"end":	22.0006,
				"seconds":	0.999184,
				"bytes":	10280960,
				"bits_per_second":	8.23148e+07,
				"jitter_ms":	2.00856,
				"lost_packets":	45,
				"packets":	1279,
				"lost_percent":	3.51837,
				"omitted":	false
			}
		}, {
			"streams":	[{
					"socket":	5,
					"start":	22.0006,
					"end":	23.0009,
					"seconds":	1.00026,
					"bytes":	13271040,
					"bits_per_second":	1.06141e+08,
					"jitter_ms":	1.47098,
					"lost_packets":	66,
					"packets":	1679,
					"lost_percent":	3.93091,
					"omitted":	false
				}],
			"sum":	{
				"start":	22.0006,
				"end":	23.0009,
				"seconds":	1.00026,
				"bytes":	13271040,
				"bits_per_second":	1.06141e+08,
				"jitter_ms":	1.47098,
				"lost_packets":	66,
				"packets":	1679,
				"lost_percent":	3.93091,
				"omitted":	false
			}
		}, {
			"streams":	[{
					"socket":	5,
					"start":	23.0009,
					"end":	24.0005,
					"seconds":	0.999628,
					"bytes":	12713984,
					"bits_per_second":	1.0175e+08,
					"jitter_ms":	0.615447,
					"lost_packets":	43,
					"packets":	1594,
					"lost_percent":	2.69762,
					"omitted":	false
				}],
			"sum":	{
				"start":	23.0009,
				"end":	24.0005,
				"seconds":	0.999628,
				"bytes":	12713984,
				"bits_per_second":	1.0175e+08,
				"jitter_ms":	0.615447,
				"lost_packets":	43,
				"packets":	1594,
				"lost_percent":	2.69762,
				"omitted":	false
			}
		}, {
			"streams":	[{
					"socket":	5,
					"start":	24.0005,
					"end":	24.0627,
					"seconds":	0.0621381,
					"bytes":	622592,
					"bits_per_second":	8.01559e+07,
					"jitter_ms":	0.99534,
					"lost_packets":	0,
					"packets":	76,
					"lost_percent":	0,
					"omitted":	false
				}],
			"sum":	{
				"start":	24.0005,
				"end":	24.0627,
				"seconds":	0.0621381,
				"bytes":	622592,
				"bits_per_second":	8.01559e+07,
				"jitter_ms":	0.99534,
				"lost_packets":	0,
				"packets":	76,
				"lost_percent":	0,
				"omitted":	false
			}
		}],
	"end":	{
		"streams":	[{
				"udp":	{
					"socket":	5,
					"start":	0,
					"end":	24.0627,
					"seconds":	24.0627,
					"bytes":	299876352,
					"bits_per_second":	9.96985e+07,
					"jitter_ms":	0.99534,
					"lost_packets":	887,
					"packets":	36606,
					"lost_percent":	2.4231
				}
			}],
		"sum":	{
			"start":	0,
			"end":	24.0627,
			"seconds":	24.0627,
			"bytes":	299876352,
			"bits_per_second":	9.96985e+07,
			"jitter_ms":	0.99534,
			"lost_packets":	887,
			"packets":	36606,
			"lost_percent":	2.4231
		},
		"cpu_utilization_percent":	{
			"host_total":	11.192,
			"host_user":	0.685251,
			"host_system":	10.5067,
			"remote_total":	38.6687,
			"remote_user":	0.744537,
			"remote_system":	37.9241
		}
	},
	"error":	"OUT OF ORDER - incoming packet = 1 and received packet = 2 AND SP = 5",
	"error":	"OUT OF ORDER - incoming packet = 782 and received packet = 784 AND SP = 5",
	"error":	"OUT OF ORDER - incoming packet = 1128 and received packet = 1133 AND SP = 5",
	"error":	"OUT OF ORDER - incoming packet = 1129 and received packet = 1133 AND SP = 5",
	"error":	"OUT OF ORDER - incoming packet = 1130 and received packet = 1133 AND SP = 5",
	"error":	"OUT OF ORDER - incoming packet = 1131 and received packet = 1133 AND SP = 5",
	"error":	"OUT OF ORDER - incoming packet = 1151 and received packet = 1159 AND SP = 5",
	"error":	"OUT OF ORDER - incoming packet = 1157 and received packet = 1165 AND SP = 5",
	"error":	"OUT OF ORDER - incoming packet = 1160 and received packet = 1168 AND SP = 5",
	"error":	"OUT OF ORDER - incoming packet = 1163 and received packet = 1171 AND SP = 5",
	"error":	"OUT OF ORDER - incoming packet = 1166 and received packet = 1174 AND SP = 5",
	"error":	"OUT OF ORDER - incoming packet = 1175 and received packet = 1176 AND SP = 5",
	"error":	"OUT OF ORDER - incoming packet = 1169 and received packet = 1176 AND SP = 5",
	"error":	"OUT OF ORDER - incoming packet = 1196 and received packet = 1205 AND SP = 5",
	"error":	"OUT OF ORDER - incoming packet = 1197 and received packet = 1205 AND SP = 5",
	"error":	"OUT OF ORDER - incoming packet = 1206 and received packet = 1207 AND SP = 5",
	"error":	"OUT OF ORDER - incoming packet = 1274 and received packet = 1275 AND SP = 5",
	"error":	"OUT OF ORDER - incoming packet = 1299 and received packet = 1302 AND SP = 5",
	"error":	"OUT OF ORDER - incoming packet = 1310 and received packet = 1312 AND SP = 5",
	"error":	"OUT OF ORDER - incoming packet = 1314 and received packet = 1328 AND SP = 5",
	"error":	"OUT OF ORDER - incoming packet = 1315 and received packet = 1328 AND SP = 5",
	"error":	"OUT OF ORDER - incoming packet = 1316 and received packet = 1328 AND SP = 5",
	"error":	"OUT OF ORDER - incoming packet = 1317 and received packet = 1328 AND SP = 5",
	"error":	"OUT OF ORDER - incoming packet = 1318 and received packet = 1328 AND SP = 5",
	"error":	"OUT OF ORDER - incoming packet = 1319 and received packet = 1328 AND SP = 5",
	"error":	"OUT OF ORDER - incoming packet = 1320 and received packet = 1328 AND SP = 5",
	"error":	"OUT OF ORDER - incoming packet = 1321 and received packet = 1328 AND SP = 5",
	"error":	"OUT OF ORDER - incoming packet = 1322 and received packet = 1328 AND SP = 5",
	"error":	"OUT OF ORDER - incoming packet = 1323 and received packet = 1328 AND SP = 5",
	"error":	"OUT OF ORDER - incoming packet = 1324 and received packet = 1328 AND SP = 5",
	"error":	"OUT OF ORDER - incoming packet = 1325 and received packet = 1328 AND SP = 5",
	"error":	"OUT OF ORDER - incoming packet = 1326 and received packet = 1328 AND SP = 5",
	"error":	"OUT OF ORDER - incoming packet = 1426 and received packet = 1427 AND SP = 5",
	"error":	"OUT OF ORDER - incoming packet = 1591 and received packet = 1592 AND SP = 5",
	"error":	"OUT OF ORDER - incoming packet = 1597 and received packet = 1599 AND SP = 5",
	"error":	"OUT OF ORDER - incoming packet = 1598 and received packet = 1599 AND SP = 5",
	"error":	"OUT OF ORDER - incoming packet = 1857 and received packet = 1865 AND SP = 5",
	"error":	"OUT OF ORDER - incoming packet = 2709 and received packet = 2710 AND SP = 5",
	"error":	"OUT OF ORDER - incoming packet = 2736 and received packet = 2737 AND SP = 5",
	"error":	"OUT OF ORDER - incoming packet = 3698 and received packet = 3699 AND SP = 5",
	"error":	"OUT OF ORDER - incoming packet = 3700 and received packet = 3703 AND SP = 5",
	"error":	"OUT OF ORDER - incoming packet = 3704 and received packet = 3707 AND SP = 5",
	"error":	"OUT OF ORDER - incoming packet = 3705 and received packet = 3707 AND SP = 5",
	"error":	"OUT OF ORDER - incoming packet = 3708 and received packet = 3711 AND SP = 5",
	"error":	"OUT OF ORDER - incoming packet = 3712 and received packet = 3714 AND SP = 5",
	"error":	"OUT OF ORDER - incoming packet = 3716 and received packet = 3718 AND SP = 5",
	"error":	"OUT OF ORDER - incoming packet = 3719 and received packet = 3720 AND SP = 5",
	"error":	"OUT OF ORDER - incoming packet = 3721 and received packet = 3723 AND SP = 5",
	"error":	"OUT OF ORDER - incoming packet = 3739 and received packet = 3740 AND SP = 5",
	"error":	"OUT OF ORDER - incoming packet = 5161 and received packet = 5165 AND SP = 5",
	"error":	"OUT OF ORDER - incoming packet = 5162 and received packet = 5168 AND SP = 5",
	"error":	"OUT OF ORDER - incoming packet = 5163 and received packet = 5168 AND SP = 5",
	"error":	"OUT OF ORDER - incoming packet = 5195 and received packet = 5202 AND SP = 5",
	"error":	"OUT OF ORDER - incoming packet = 6249 and received packet = 6250 AND SP = 5",
	"error":	"OUT OF ORDER - incoming packet = 6252 and received packet = 6253 AND SP = 5",
	"error":	"OUT OF ORDER - incoming packet = 6257 and received packet = 6258 AND SP = 5",
	"error":	"OUT OF ORDER - incoming packet = 6260 and received packet = 6263 AND SP = 5",
	"error":	"OUT OF ORDER - incoming packet = 6261 and received packet = 6263 AND SP = 5",
	"error":	"OUT OF ORDER - incoming packet = 6262 and received packet = 6263 AND SP = 5",
	"error":	"OUT OF ORDER - incoming packet = 6264 and received packet = 6267 AND SP = 5",
	"error":	"OUT OF ORDER - incoming packet = 6265 and received packet = 6267 AND SP = 5",
	"error":	"OUT OF ORDER - incoming packet = 6266 and received packet = 6268 AND SP = 5",
	"error":	"OUT OF ORDER - incoming packet = 6334 and received packet = 6343 AND SP = 5",
	"error":	"OUT OF ORDER - incoming packet = 6338 and received packet = 6347 AND SP = 5",
	"error":	"OUT OF ORDER - incoming packet = 8489 and received packet = 8490 AND SP = 5",
	"error":	"OUT OF ORDER - incoming packet = 8487 and received packet = 8491 AND SP = 5",
	"error":	"OUT OF ORDER - incoming packet = 9212 and received packet = 9214 AND SP = 5",
	"error":	"OUT OF ORDER - incoming packet = 10294 and received packet = 10295 AND SP = 5",
	"error":	"OUT OF ORDER - incoming packet = 10299 and received packet = 10300 AND SP = 5",
	"error":	"OUT OF ORDER - incoming packet = 10301 and received packet = 10302 AND SP = 5",
	"error":	"OUT OF ORDER - incoming packet = 10898 and received packet = 10903 AND SP = 5",
	"error":	"OUT OF ORDER - incoming packet = 11626 and received packet = 11628 AND SP = 5",
	"error":	"OUT OF ORDER - incoming packet = 11627 and received packet = 11628 AND SP = 5",
	"error":	"OUT OF ORDER - incoming packet = 11629 and received packet = 11633 AND SP = 5",
	"error":	"OUT OF ORDER - incoming packet = 11630 and received packet = 11636 AND SP = 5",
	"error":	"OUT OF ORDER - incoming packet = 11733 and received packet = 11735 AND SP = 5",
	"error":	"OUT OF ORDER - incoming packet = 11734 and received packet = 11735 AND SP = 5",
	"error":	"OUT OF ORDER - incoming packet = 12285 and received packet = 12286 AND SP = 5",
	"error":	"OUT OF ORDER - incoming packet = 12381 and received packet = 12385 AND SP = 5",
	"error":	"OUT OF ORDER - incoming packet = 12681 and received packet = 12683 AND SP = 5",
	"error":	"OUT OF ORDER - incoming packet = 12682 and received packet = 12683 AND SP = 5",
	"error":	"OUT OF ORDER - incoming packet = 12887 and received packet = 12896 AND SP = 5",
	"error":	"OUT OF ORDER - incoming packet = 13139 and received packet = 13140 AND SP = 5",
	"error":	"OUT OF ORDER - incoming packet = 13142 and received packet = 13143 AND SP = 5",
	"error":	"OUT OF ORDER - incoming packet = 13146 and received packet = 13147 AND SP = 5",
	"error":	"OUT OF ORDER - incoming packet = 13149 and received packet = 13150 AND SP = 5",
	"error":	"OUT OF ORDER - incoming packet = 14579 and received packet = 14580 AND SP = 5",
	"error":	"OUT OF ORDER - incoming packet = 14658 and received packet = 14661 AND SP = 5",
	"error":	"OUT OF ORDER - incoming packet = 14659 and received packet = 14661 AND SP = 5",
	"error":	"OUT OF ORDER - incoming packet = 14716 and received packet = 14717 AND SP = 5",
	"error":	"OUT OF ORDER - incoming packet = 18090 and received packet = 18091 AND SP = 5",
	"error":	"OUT OF ORDER - incoming packet = 18159 and received packet = 18160 AND SP = 5",
	"error":	"OUT OF ORDER - incoming packet = 18164 and received packet = 18165 AND SP = 5",
	"error":	"OUT OF ORDER - incoming packet = 18170 and received packet = 18171 AND SP = 5",
	"error":	"OUT OF ORDER - incoming packet = 18174 and received packet = 18175 AND SP = 5",
	"error":	"OUT OF ORDER - incoming packet = 18177 and received packet = 18178 AND SP = 5",
	"error":	"OUT OF ORDER - incoming packet = 18243 and received packet = 18245 AND SP = 5",
	"error":	"OUT OF ORDER - incoming packet = 18244 and received packet = 18245 AND SP = 5",
	"error":	"OUT OF ORDER - incoming packet = 18248 and received packet = 18249 AND SP = 5",
	"error":	"OUT OF ORDER - incoming packet = 18253 and received packet = 18254 AND SP = 5",
	"error":	"OUT OF ORDER - incoming packet = 18255 and received packet = 18261 AND SP = 5",
	"error":	"OUT OF ORDER - incoming packet = 18256 and received packet = 18262 AND SP = 5",
	"error":	"OUT OF ORDER - incoming packet = 18258 and received packet = 18262 AND SP = 5",
	"error":	"OUT OF ORDER - incoming packet = 18668 and received packet = 18669 AND SP = 5",
	"error":	"OUT OF ORDER - incoming packet = 18685 and received packet = 18686 AND SP = 5",
	"error":	"OUT OF ORDER - incoming packet = 18833 and received packet = 18834 AND SP = 5",
	"error":	"OUT OF ORDER - incoming packet = 18838 and received packet = 18840 AND SP = 5",
	"error":	"OUT OF ORDER - incoming packet = 18839 and received packet = 18840 AND SP = 5",
	"error":	"OUT OF ORDER - incoming packet = 18861 and received packet = 18863 AND SP = 5",
	"error":	"OUT OF ORDER - incoming packet = 18866 and received packet = 18867 AND SP = 5",
	"error":	"OUT OF ORDER - incoming packet = 18868 and received packet = 18871 AND SP = 5",
	"error":	"OUT OF ORDER - incoming packet = 18870 and received packet = 18874 AND SP = 5",
	"error":	"OUT OF ORDER - incoming packet = 18875 and received packet = 18876 AND SP = 5",
	"error":	"OUT OF ORDER - incoming packet = 19212 and received packet = 19213 AND SP = 5",
	"error":	"OUT OF ORDER - incoming packet = 19218 and received packet = 19219 AND SP = 5",
	"error":	"OUT OF ORDER - incoming packet = 20560 and received packet = 20561 AND SP = 5",
	"error":	"OUT OF ORDER - incoming packet = 21802 and received packet = 21803 AND SP = 5",
	"error":	"OUT OF ORDER - incoming packet = 22963 and received packet = 22964 AND SP = 5",
	"error":	"OUT OF ORDER - incoming packet = 23912 and received packet = 23915 AND SP = 5",
	"error":	"OUT OF ORDER - incoming packet = 24218 and received packet = 24226 AND SP = 5",
	"error":	"OUT OF ORDER - incoming packet = 24420 and received packet = 24421 AND SP = 5",
	"error":	"OUT OF ORDER - incoming packet = 24422 and received packet = 24423 AND SP = 5",
	"error":	"OUT OF ORDER - incoming packet = 24840 and received packet = 24842 AND SP = 5",
	"error":	"OUT OF ORDER - incoming packet = 24841 and received packet = 24842 AND SP = 5",
	"error":	"OUT OF ORDER - incoming packet = 25001 and received packet = 25002 AND SP = 5",
	"error":	"OUT OF ORDER - incoming packet = 25008 and received packet = 25010 AND SP = 5",
	"error":	"OUT OF ORDER - incoming packet = 25012 and received packet = 25014 AND SP = 5",
	"error":	"OUT OF ORDER - incoming packet = 25013 and received packet = 25014 AND SP = 5",
	"error":	"OUT OF ORDER - incoming packet = 25075 and received packet = 25083 AND SP = 5",
	"error":	"OUT OF ORDER - incoming packet = 25076 and received packet = 25083 AND SP = 5",
	"error":	"OUT OF ORDER - incoming packet = 25270 and received packet = 25271 AND SP = 5",
	"error":	"OUT OF ORDER - incoming packet = 25275 and received packet = 25276 AND SP = 5",
	"error":	"OUT OF ORDER - incoming packet = 25295 and received packet = 25297 AND SP = 5",
	"error":	"OUT OF ORDER - incoming packet = 25418 and received packet = 25428 AND SP = 5",
	"error":	"OUT OF ORDER - incoming packet = 25420 and received packet = 25428 AND SP = 5",
	"error":	"OUT OF ORDER - incoming packet = 25422 and received packet = 25431 AND SP = 5",
	"error":	"OUT OF ORDER - incoming packet = 25593 and received packet = 25594 AND SP = 5",
	"error":	"OUT OF ORDER - incoming packet = 26030 and received packet = 26035 AND SP = 5",
	"error":	"OUT OF ORDER - incoming packet = 26032 and received packet = 26039 AND SP = 5",
	"error":	"OUT OF ORDER - incoming packet = 26036 and received packet = 26043 AND SP = 5",
	"error":	"OUT OF ORDER - incoming packet = 26385 and received packet = 26386 AND SP = 5",
	"error":	"OUT OF ORDER - incoming packet = 26389 and received packet = 26390 AND SP = 5",
	"error":	"OUT OF ORDER - incoming packet = 26407 and received packet = 26408 AND SP = 5",
	"error":	"OUT OF ORDER - incoming packet = 26416 and received packet = 26417 AND SP = 5",
	"error":	"OUT OF ORDER - incoming packet = 26578 and received packet = 26579 AND SP = 5",
	"error":	"OUT OF ORDER - incoming packet = 26580 and received packet = 26581 AND SP = 5",
	"error":	"OUT OF ORDER - incoming packet = 26951 and received packet = 26952 AND SP = 5",
	"error":	"OUT OF ORDER - incoming packet = 26957 and received packet = 26958 AND SP = 5",
	"error":	"OUT OF ORDER - incoming packet = 26960 and received packet = 26961 AND SP = 5",
	"error":	"OUT OF ORDER - incoming packet = 26963 and received packet = 26964 AND SP = 5",
	"error":	"OUT OF ORDER - incoming packet = 26965 and received packet = 26966 AND SP = 5",
	"error":	"OUT OF ORDER - incoming packet = 26967 and received packet = 26968 AND SP = 5",
	"error":	"OUT OF ORDER - incoming packet = 26970 and received packet = 26971 AND SP = 5",
	"error":	"OUT OF ORDER - incoming packet = 27067 and received packet = 27068 AND SP = 5",
	"error":	"OUT OF ORDER - incoming packet = 27815 and received packet = 27816 AND SP = 5",
	"error":	"OUT OF ORDER - incoming packet = 27817 and received packet = 27819 AND SP = 5",
	"error":	"OUT OF ORDER - incoming packet = 27818 and received packet = 27819 AND SP = 5",
	"error":	"OUT OF ORDER - incoming packet = 28914 and received packet = 28916 AND SP = 5",
	"error":	"OUT OF ORDER - incoming packet = 28917 and received packet = 28919 AND SP = 5",
	"error":	"OUT OF ORDER - incoming packet = 28920 and received packet = 28921 AND SP = 5",
	"error":	"OUT OF ORDER - incoming packet = 28922 and received packet = 28923 AND SP = 5",
	"error":	"OUT OF ORDER - incoming packet = 28924 and received packet = 28925 AND SP = 5",
	"error":	"OUT OF ORDER - incoming packet = 28943 and received packet = 28944 AND SP = 5",
	"error":	"OUT OF ORDER - incoming packet = 28945 and received packet = 28947 AND SP = 5",
	"error":	"OUT OF ORDER - incoming packet = 28946 and received packet = 28947 AND SP = 5",
	"error":	"OUT OF ORDER - incoming packet = 28952 and received packet = 28953 AND SP = 5",
	"error":	"OUT OF ORDER - incoming packet = 28958 and received packet = 28959 AND SP = 5",
	"error":	"OUT OF ORDER - incoming packet = 28960 and received packet = 28962 AND SP = 5",
	"error":	"OUT OF ORDER - incoming packet = 28987 and received packet = 28988 AND SP = 5",
	"error":	"OUT OF ORDER - incoming packet = 29005 and received packet = 29007 AND SP = 5",
	"error":	"OUT OF ORDER - incoming packet = 29008 and received packet = 29009 AND SP = 5",
	"error":	"OUT OF ORDER - incoming packet = 29032 and received packet = 29036 AND SP = 5",
	"error":	"OUT OF ORDER - incoming packet = 29045 and received packet = 29046 AND SP = 5",
	"error":	"OUT OF ORDER - incoming packet = 29053 and received packet = 29054 AND SP = 5",
	"error":	"OUT OF ORDER - incoming packet = 29051 and received packet = 29054 AND SP = 5",
	"error":	"OUT OF ORDER - incoming packet = 29052 and received packet = 29054 AND SP = 5",
	"error":	"OUT OF ORDER - incoming packet = 29056 and received packet = 29062 AND SP = 5",
	"error":	"OUT OF ORDER - incoming packet = 29055 and received packet = 29062 AND SP = 5",
	"error":	"OUT OF ORDER - incoming packet = 29061 and received packet = 29063 AND SP = 5",
	"error":	"OUT OF ORDER - incoming packet = 29065 and received packet = 29066 AND SP = 5",
	"error":	"OUT OF ORDER - incoming packet = 29064 and received packet = 29067 AND SP = 5",
	"error":	"OUT OF ORDER - incoming packet = 29745 and received packet = 29746 AND SP = 5",
	"error":	"OUT OF ORDER - incoming packet = 30045 and received packet = 30046 AND SP = 5",
	"error":	"OUT OF ORDER - incoming packet = 30047 and received packet = 30048 AND SP = 5",
	"error":	"OUT OF ORDER - incoming packet = 30246 and received packet = 30247 AND SP = 5",
	"error":	"OUT OF ORDER - incoming packet = 30251 and received packet = 30252 AND SP = 5",
	"error":	"OUT OF ORDER - incoming packet = 30254 and received packet = 30257 AND SP = 5",
	"error":	"OUT OF ORDER - incoming packet = 30255 and received packet = 30258 AND SP = 5",
	"error":	"OUT OF ORDER - incoming packet = 30256 and received packet = 30258 AND SP = 5",
	"error":	"OUT OF ORDER - incoming packet = 30284 and received packet = 30285 AND SP = 5",
	"error":	"OUT OF ORDER - incoming packet = 30552 and received packet = 30553 AND SP = 5",
	"error":	"OUT OF ORDER - incoming packet = 30554 and received packet = 30555 AND SP = 5",
	"error":	"OUT OF ORDER - incoming packet = 30556 and received packet = 30557 AND SP = 5",
	"error":	"OUT OF ORDER - incoming packet = 30598 and received packet = 30599 AND SP = 5",
	"error":	"OUT OF ORDER - incoming packet = 30601 and received packet = 30602 AND SP = 5",
	"error":	"OUT OF ORDER - incoming packet = 30604 and received packet = 30605 AND SP = 5",
	"error":	"OUT OF ORDER - incoming packet = 30610 and received packet = 30611 AND SP = 5",
	"error":	"OUT OF ORDER - incoming packet = 30836 and received packet = 30837 AND SP = 5",
	"error":	"OUT OF ORDER - incoming packet = 31052 and received packet = 31056 AND SP = 5",
	"error":	"OUT OF ORDER - incoming packet = 31302 and received packet = 31303 AND SP = 5",
	"error":	"OUT OF ORDER - incoming packet = 31477 and received packet = 31478 AND SP = 5",
	"error":	"OUT OF ORDER - incoming packet = 32252 and received packet = 32253 AND SP = 5",
	"error":	"OUT OF ORDER - incoming packet = 32409 and received packet = 32410 AND SP = 5",
	"error":	"OUT OF ORDER - incoming packet = 32411 and received packet = 32413 AND SP = 5",
	"error":	"OUT OF ORDER - incoming packet = 32412 and received packet = 32413 AND SP = 5",
	"error":	"OUT OF ORDER - incoming packet = 32414 and received packet = 32415 AND SP = 5",
	"error":	"OUT OF ORDER - incoming packet = 32416 and received packet = 32418 AND SP = 5",
	"error":	"OUT OF ORDER - incoming packet = 32417 and received packet = 32419 AND SP = 5",
	"error":	"OUT OF ORDER - incoming packet = 32421 and received packet = 32423 AND SP = 5",
	"error":	"OUT OF ORDER - incoming packet = 32420 and received packet = 32423 AND SP = 5",
	"error":	"OUT OF ORDER - incoming packet = 32422 and received packet = 32423 AND SP = 5",
	"error":	"OUT OF ORDER - incoming packet = 32424 and received packet = 32425 AND SP = 5",
	"error":	"OUT OF ORDER - incoming packet = 32427 and received packet = 32428 AND SP = 5",
	"error":	"OUT OF ORDER - incoming packet = 32430 and received packet = 32431 AND SP = 5",
	"error":	"OUT OF ORDER - incoming packet = 32432 and received packet = 32434 AND SP = 5",
	"error":	"OUT OF ORDER - incoming packet = 32435 and received packet = 32437 AND SP = 5",
	"error":	"OUT OF ORDER - incoming packet = 32433 and received packet = 32437 AND SP = 5",
	"error":	"OUT OF ORDER - incoming packet = 32438 and received packet = 32439 AND SP = 5",
	"error":	"OUT OF ORDER - incoming packet = 32436 and received packet = 32439 AND SP = 5",
	"error":	"OUT OF ORDER - incoming packet = 32440 and received packet = 32441 AND SP = 5",
	"error":	"OUT OF ORDER - incoming packet = 32443 and received packet = 32444 AND SP = 5",
	"error":	"OUT OF ORDER - incoming packet = 32464 and received packet = 32468 AND SP = 5",
	"error":	"OUT OF ORDER - incoming packet = 33641 and received packet = 33642 AND SP = 5",
	"error":	"OUT OF ORDER - incoming packet = 33653 and received packet = 33654 AND SP = 5",
	"error":	"OUT OF ORDER - incoming packet = 33830 and received packet = 33832 AND SP = 5",
	"error":	"OUT OF ORDER - incoming packet = 33831 and received packet = 33832 AND SP = 5",
	"error":	"OUT OF ORDER - incoming packet = 34611 and received packet = 34612 AND SP = 5",
	"error":	"OUT OF ORDER - incoming packet = 34769 and received packet = 34770 AND SP = 5",
	"error":	"OUT OF ORDER - incoming packet = 34895 and received packet = 34896 AND SP = 5",
	"error":	"OUT OF ORDER - incoming packet = 35921 and received packet = 35922 AND SP = 5"
}
