{
	"start":	{
		"connected":	[{
				"socket":	5,
				"local_host":	"10.0.0.11",
				"local_port":	2784,
				"remote_host":	"10.0.0.4",
				"remote_port":	47554
			}],
		"version":	"iperf 3.0.7",
		"system_info":	"Linux MECS4 5.4.197-0504197-generic #202206060747 SMP Mon Jun 6 09:27:47 UTC 2022 x86_64 x86_64 x86_64 GNU/Linux\n",
		"timestamp":	{
			"time":	"Mon, 25 Jul 2022 21:42:23 GMT",
			"timesecs":	1658785343
		},
		"accepted_connection":	{
			"host":	"10.0.0.4",
			"port":	47552
		},
		"cookie":	"BS4.1658785343.433405.1101a6c33b493f",
		"tcp_mss_default":	1448,
		"test_start":	{
			"protocol":	"TCP",
			"num_streams":	1,
			"blksize":	131072,
			"omit":	0,
			"duration":	58,
			"bytes":	0,
			"blocks":	0,
			"reverse":	0
		}
	},
	"intervals":	[{
			"streams":	[{
					"socket":	5,
					"start":	0,
					"end":	1.00052,
					"seconds":	1.00052,
					"bytes":	5715736,
					"bits_per_second":	4.57021e+07,
					"omitted":	false
				}],
			"sum":	{
				"start":	0,
				"end":	1.00052,
				"seconds":	1.00052,
				"bytes":	5715736,
				"bits_per_second":	4.57021e+07,
				"omitted":	false
			}
		}, {
			"streams":	[{
					"socket":	5,
					"start":	1.00052,
					"end":	2.00026,
					"seconds":	0.999739,
					"bytes":	6291456,
					"bits_per_second":	5.03448e+07,
					"omitted":	false
				}],
			"sum":	{
				"start":	1.00052,
				"end":	2.00026,
				"seconds":	0.999739,
				"bytes":	6291456,
				"bits_per_second":	5.03448e+07,
				"omitted":	false
			}
		}, {
			"streams":	[{
					"socket":	5,
					"start":	2.00026,
					"end":	3.00012,
					"seconds":	0.999861,
					"bytes":	6160384,
					"bits_per_second":	4.92899e+07,
					"omitted":	false
				}],
			"sum":	{
				"start":	2.00026,
				"end":	3.00012,
				"seconds":	0.999861,
				"bytes":	6160384,
				"bits_per_second":	4.92899e+07,
				"omitted":	false
			}
		}, {
			"streams":	[{
					"socket":	5,
					"start":	3.00012,
					"end":	4.00023,
					"seconds":	1.00011,
					"bytes":	6291456,
					"bits_per_second":	5.03261e+07,
					"omitted":	false
				}],
			"sum":	{
				"start":	3.00012,
				"end":	4.00023,
				"seconds":	1.00011,
				"bytes":	6291456,
				"bits_per_second":	5.03261e+07,
				"omitted":	false
			}
		}, {
			"streams":	[{
					"socket":	5,
					"start":	4.00023,
					"end":	5.00014,
					"seconds":	0.999906,
					"bytes":	6291456,
					"bits_per_second":	5.03364e+07,
					"omitted":	false
				}],
			"sum":	{
				"start":	4.00023,
				"end":	5.00014,
				"seconds":	0.999906,
				"bytes":	6291456,
				"bits_per_second":	5.03364e+07,
				"omitted":	false
			}
		}, {
			"streams":	[{
					"socket":	5,
					"start":	5.00014,
					"end":	6.00033,
					"seconds":	1.00019,
					"bytes":	6291456,
					"bits_per_second":	5.03221e+07,
					"omitted":	false
				}],
			"sum":	{
				"start":	5.00014,
				"end":	6.00033,
				"seconds":	1.00019,
				"bytes":	6291456,
				"bits_per_second":	5.03221e+07,
				"omitted":	false
			}
		}, {
			"streams":	[{
					"socket":	5,
					"start":	6.00033,
					"end":	7.00036,
					"seconds":	1.00003,
					"bytes":	6160384,
					"bits_per_second":	4.92816e+07,
					"omitted":	false
				}],
			"sum":	{
				"start":	6.00033,
				"end":	7.00036,
				"seconds":	1.00003,
				"bytes":	6160384,
				"bits_per_second":	4.92816e+07,
				"omitted":	false
			}
		}, {
			"streams":	[{
					"socket":	5,
					"start":	7.00036,
					"end":	8.00021,
					"seconds":	0.999856,
					"bytes":	6291456,
					"bits_per_second":	5.03389e+07,
					"omitted":	false
				}],
			"sum":	{
				"start":	7.00036,
				"end":	8.00021,
				"seconds":	0.999856,
				"bytes":	6291456,
				"bits_per_second":	5.03389e+07,
				"omitted":	false
			}
		}, {
			"streams":	[{
					"socket":	5,
					"start":	8.00021,
					"end":	9.00193,
					"seconds":	1.00172,
					"bytes":	6160384,
					"bits_per_second":	4.91987e+07,
					"omitted":	false
				}],
			"sum":	{
				"start":	8.00021,
				"end":	9.00193,
				"seconds":	1.00172,
				"bytes":	6160384,
				"bits_per_second":	4.91987e+07,
				"omitted":	false
			}
		}, {
			"streams":	[{
					"socket":	5,
					"start":	9.00193,
					"end":	10.0003,
					"seconds":	0.998361,
					"bytes":	6291456,
					"bits_per_second":	5.04143e+07,
					"omitted":	false
				}],
			"sum":	{
				"start":	9.00193,
				"end":	10.0003,
				"seconds":	0.998361,
				"bytes":	6291456,
				"bits_per_second":	5.04143e+07,
				"omitted":	false
			}
		}, {
			"streams":	[{
					"socket":	5,
					"start":	10.0003,
					"end":	11.0007,
					"seconds":	1.0004,
					"bytes":	6291456,
					"bits_per_second":	5.03115e+07,
					"omitted":	false
				}],
			"sum":	{
				"start":	10.0003,
				"end":	11.0007,
				"seconds":	1.0004,
				"bytes":	6291456,
				"bits_per_second":	5.03115e+07,
				"omitted":	false
			}
		}, {
			"streams":	[{
					"socket":	5,
					"start":	11.0007,
					"end":	12.0003,
					"seconds":	0.999659,
					"bytes":	6160384,
					"bits_per_second":	4.92999e+07,
					"omitted":	false
				}],
			"sum":	{
				"start":	11.0007,
				"end":	12.0003,
				"seconds":	0.999659,
				"bytes":	6160384,
				"bits_per_second":	4.92999e+07,
				"omitted":	false
			}
		}, {
			"streams":	[{
					"socket":	5,
					"start":	12.0003,
					"end":	13.0006,
					"seconds":	1.00027,
					"bytes":	6291456,
					"bits_per_second":	5.03183e+07,
					"omitted":	false
				}],
			"sum":	{
				"start":	12.0003,
				"end":	13.0006,
				"seconds":	1.00027,
				"bytes":	6291456,
				"bits_per_second":	5.03183e+07,
				"omitted":	false
			}
		}, {
			"streams":	[{
					"socket":	5,
					"start":	13.0006,
					"end":	14.0001,
					"seconds":	0.999443,
					"bytes":	6291456,
					"bits_per_second":	5.03597e+07,
					"omitted":	false
				}],
			"sum":	{
				"start":	13.0006,
				"end":	14.0001,
				"seconds":	0.999443,
				"bytes":	6291456,
				"bits_per_second":	5.03597e+07,
				"omitted":	false
			}
		}, {
			"streams":	[{
					"socket":	5,
					"start":	14.0001,
					"end":	15.0005,
					"seconds":	1.00046,
					"bytes":	6160384,
					"bits_per_second":	4.92602e+07,
					"omitted":	false
				}],
			"sum":	{
				"start":	14.0001,
				"end":	15.0005,
				"seconds":	1.00046,
				"bytes":	6160384,
				"bits_per_second":	4.92602e+07,
				"omitted":	false
			}
		}, {
			"streams":	[{
					"socket":	5,
					"start":	15.0005,
					"end":	16.0005,
					"seconds":	0.999986,
					"bytes":	6291456,
					"bits_per_second":	5.03324e+07,
					"omitted":	false
				}],
			"sum":	{
				"start":	15.0005,
				"end":	16.0005,
				"seconds":	0.999986,
				"bytes":	6291456,
				"bits_per_second":	5.03324e+07,
				"omitted":	false
			}
		}, {
			"streams":	[{
					"socket":	5,
					"start":	16.0005,
					"end":	17.0006,
					"seconds":	1.00007,
					"bytes":	6291456,
					"bits_per_second":	5.03283e+07,
					"omitted":	false
				}],
			"sum":	{
				"start":	16.0005,
				"end":	17.0006,
				"seconds":	1.00007,
				"bytes":	6291456,
				"bits_per_second":	5.03283e+07,
				"omitted":	false
			}
		}, {
			"streams":	[{
					"socket":	5,
					"start":	17.0006,
					"end":	18.0003,
					"seconds":	0.999697,
					"bytes":	6160384,
					"bits_per_second":	4.9298e+07,
					"omitted":	false
				}],
			"sum":	{
				"start":	17.0006,
				"end":	18.0003,
				"seconds":	0.999697,
				"bytes":	6160384,
				"bits_per_second":	4.9298e+07,
				"omitted":	false
			}
		}, {
			"streams":	[{
					"socket":	5,
					"start":	18.0003,
					"end":	19.0002,
					"seconds":	0.99989,
					"bytes":	6291456,
					"bits_per_second":	5.03372e+07,
					"omitted":	false
				}],
			"sum":	{
				"start":	18.0003,
				"end":	19.0002,
				"seconds":	0.99989,
				"bytes":	6291456,
				"bits_per_second":	5.03372e+07,
				"omitted":	false
			}
		}, {
			"streams":	[{
					"socket":	5,
					"start":	19.0002,
					"end":	20.0004,
					"seconds":	1.00025,
					"bytes":	6291456,
					"bits_per_second":	5.03192e+07,
					"omitted":	false
				}],
			"sum":	{
				"start":	19.0002,
				"end":	20.0004,
				"seconds":	1.00025,
				"bytes":	6291456,
				"bits_per_second":	5.03192e+07,
				"omitted":	false
			}
		}, {
			"streams":	[{
					"socket":	5,
					"start":	20.0004,
					"end":	21.0006,
					"seconds":	1.00023,
					"bytes":	6291456,
					"bits_per_second":	5.03202e+07,
					"omitted":	false
				}],
			"sum":	{
				"start":	20.0004,
				"end":	21.0006,
				"seconds":	1.00023,
				"bytes":	6291456,
				"bits_per_second":	5.03202e+07,
				"omitted":	false
			}
		}, {
			"streams":	[{
					"socket":	5,
					"start":	21.0006,
					"end":	22.0027,
					"seconds":	1.00202,
					"bytes":	6160384,
					"bits_per_second":	4.91838e+07,
					"omitted":	false
				}],
			"sum":	{
				"start":	21.0006,
				"end":	22.0027,
				"seconds":	1.00202,
				"bytes":	6160384,
				"bits_per_second":	4.91838e+07,
				"omitted":	false
			}
		}, {
			"streams":	[{
					"socket":	5,
					"start":	22.0027,
					"end":	23.0003,
					"seconds":	0.997679,
					"bytes":	6291456,
					"bits_per_second":	5.04487e+07,
					"omitted":	false
				}],
			"sum":	{
				"start":	22.0027,
				"end":	23.0003,
				"seconds":	0.997679,
				"bytes":	6291456,
				"bits_per_second":	5.04487e+07,
				"omitted":	false
			}
		}, {
			"streams":	[{
					"socket":	5,
					"start":	23.0003,
					"end":	24.0005,
					"seconds":	1.00014,
					"bytes":	6291456,
					"bits_per_second":	5.03246e+07,
					"omitted":	false
				}],
			"sum":	{
				"start":	23.0003,
				"end":	24.0005,
				"seconds":	1.00014,
				"bytes":	6291456,
				"bits_per_second":	5.03246e+07,
				"omitted":	false
			}
		}, {
			"streams":	[{
					"socket":	5,
					"start":	24.0005,
					"end":	25.0004,
					"seconds":	0.999923,
					"bytes":	6160384,
					"bits_per_second":	4.92869e+07,
					"omitted":	false
				}],
			"sum":	{
				"start":	24.0005,
				"end":	25.0004,
				"seconds":	0.999923,
				"bytes":	6160384,
				"bits_per_second":	4.92869e+07,
				"omitted":	false
			}
		}, {
			"streams":	[{
					"socket":	5,
					"start":	25.0004,
					"end":	26.0001,
					"seconds":	0.999667,
					"bytes":	6291456,
					"bits_per_second":	5.03484e+07,
					"omitted":	false
				}],
			"sum":	{
				"start":	25.0004,
				"end":	26.0001,
				"seconds":	0.999667,
				"bytes":	6291456,
				"bits_per_second":	5.03484e+07,
				"omitted":	false
			}
		}, {
			"streams":	[{
					"socket":	5,
					"start":	26.0001,
					"end":	27.0003,
					"seconds":	1.00023,
					"bytes":	6291456,
					"bits_per_second":	5.03202e+07,
					"omitted":	false
				}],
			"sum":	{
				"start":	26.0001,
				"end":	27.0003,
				"seconds":	1.00023,
				"bytes":	6291456,
				"bits_per_second":	5.03202e+07,
				"omitted":	false
			}
		}, {
			"streams":	[{
					"socket":	5,
					"start":	27.0003,
					"end":	28.0004,
					"seconds":	1.00008,
					"bytes":	6160384,
					"bits_per_second":	4.92791e+07,
					"omitted":	false
				}],
			"sum":	{
				"start":	27.0003,
				"end":	28.0004,
				"seconds":	1.00008,
				"bytes":	6160384,
				"bits_per_second":	4.92791e+07,
				"omitted":	false
			}
		}, {
			"streams":	[{
					"socket":	5,
					"start":	28.0004,
					"end":	29.0004,
					"seconds":	1.00003,
					"bytes":	6291456,
					"bits_per_second":	5.03302e+07,
					"omitted":	false
				}],
			"sum":	{
				"start":	28.0004,
				"end":	29.0004,
				"seconds":	1.00003,
				"bytes":	6291456,
				"bits_per_second":	5.03302e+07,
				"omitted":	false
			}
		}, {
			"streams":	[{
					"socket":	5,
					"start":	29.0004,
					"end":	30.0003,
					"seconds":	0.999938,
					"bytes":	6291456,
					"bits_per_second":	5.03348e+07,
					"omitted":	false
				}],
			"sum":	{
				"start":	29.0004,
				"end":	30.0003,
				"seconds":	0.999938,
				"bytes":	6291456,
				"bits_per_second":	5.03348e+07,
				"omitted":	false
			}
		}, {
			"streams":	[{
					"socket":	5,
					"start":	30.0003,
					"end":	31.0003,
					"seconds":	0.99992,
					"bytes":	6160384,
					"bits_per_second":	4.9287e+07,
					"omitted":	false
				}],
			"sum":	{
				"start":	30.0003,
				"end":	31.0003,
				"seconds":	0.99992,
				"bytes":	6160384,
				"bits_per_second":	4.9287e+07,
				"omitted":	false
			}
		}, {
			"streams":	[{
					"socket":	5,
					"start":	31.0003,
					"end":	32.0005,
					"seconds":	1.00026,
					"bytes":	6291456,
					"bits_per_second":	5.03184e+07,
					"omitted":	false
				}],
			"sum":	{
				"start":	31.0003,
				"end":	32.0005,
				"seconds":	1.00026,
				"bytes":	6291456,
				"bits_per_second":	5.03184e+07,
				"omitted":	false
			}
		}, {
			"streams":	[{
					"socket":	5,
					"start":	32.0005,
					"end":	33.0003,
					"seconds":	0.999747,
					"bytes":	6291456,
					"bits_per_second":	5.03444e+07,
					"omitted":	false
				}],
			"sum":	{
				"start":	32.0005,
				"end":	33.0003,
				"seconds":	0.999747,
				"bytes":	6291456,
				"bits_per_second":	5.03444e+07,
				"omitted":	false
			}
		}, {
			"streams":	[{
					"socket":	5,
					"start":	33.0003,
					"end":	34.0016,
					"seconds":	1.00135,
					"bytes":	6160384,
					"bits_per_second":	4.92166e+07,
					"omitted":	false
				}],
			"sum":	{
				"start":	33.0003,
				"end":	34.0016,
				"seconds":	1.00135,
				"bytes":	6160384,
				"bits_per_second":	4.92166e+07,
				"omitted":	false
			}
		}, {
			"streams":	[{
					"socket":	5,
					"start":	34.0016,
					"end":	35.0009,
					"seconds":	0.999257,
					"bytes":	6291456,
					"bits_per_second":	5.03691e+07,
					"omitted":	false
				}],
			"sum":	{
				"start":	34.0016,
				"end":	35.0009,
				"seconds":	0.999257,
				"bytes":	6291456,
				"bits_per_second":	5.03691e+07,
				"omitted":	false
			}
		}, {
			"streams":	[{
					"socket":	5,
					"start":	35.0009,
					"end":	36.0002,
					"seconds":	0.999333,
					"bytes":	6291456,
					"bits_per_second":	5.03652e+07,
					"omitted":	false
				}],
			"sum":	{
				"start":	35.0009,
				"end":	36.0002,
				"seconds":	0.999333,
				"bytes":	6291456,
				"bits_per_second":	5.03652e+07,
				"omitted":	false
			}
		}, {
			"streams":	[{
					"socket":	5,
					"start":	36.0002,
					"end":	37.0002,
					"seconds":	0.999977,
					"bytes":	6160384,
					"bits_per_second":	4.92842e+07,
					"omitted":	false
				}],
			"sum":	{
				"start":	36.0002,
				"end":	37.0002,
				"seconds":	0.999977,
				"bytes":	6160384,
				"bits_per_second":	4.92842e+07,
				"omitted":	false
			}
		}, {
			"streams":	[{
					"socket":	5,
					"start":	37.0002,
					"end":	38.0002,
					"seconds":	1.00004,
					"bytes":	6291456,
					"bits_per_second":	5.03298e+07,
					"omitted":	false
				}],
			"sum":	{
				"start":	37.0002,
				"end":	38.0002,
				"seconds":	1.00004,
				"bytes":	6291456,
				"bits_per_second":	5.03298e+07,
				"omitted":	false
			}
		}, {
			"streams":	[{
					"socket":	5,
					"start":	38.0002,
					"end":	39.0001,
					"seconds":	0.999912,
					"bytes":	6291456,
					"bits_per_second":	5.03361e+07,
					"omitted":	false
				}],
			"sum":	{
				"start":	38.0002,
				"end":	39.0001,
				"seconds":	0.999912,
				"bytes":	6291456,
				"bits_per_second":	5.03361e+07,
				"omitted":	false
			}
		}, {
			"streams":	[{
					"socket":	5,
					"start":	39.0001,
					"end":	40.0006,
					"seconds":	1.00043,
					"bytes":	6160384,
					"bits_per_second":	4.9262e+07,
					"omitted":	false
				}],
			"sum":	{
				"start":	39.0001,
				"end":	40.0006,
				"seconds":	1.00043,
				"bytes":	6160384,
				"bits_per_second":	4.9262e+07,
				"omitted":	false
			}
		}, {
			"streams":	[{
					"socket":	5,
					"start":	40.0006,
					"end":	41.0005,
					"seconds":	0.99989,
					"bytes":	6291456,
					"bits_per_second":	5.03372e+07,
					"omitted":	false
				}],
			"sum":	{
				"start":	40.0006,
				"end":	41.0005,
				"seconds":	0.99989,
				"bytes":	6291456,
				"bits_per_second":	5.03372e+07,
				"omitted":	false
			}
		}, {
			"streams":	[{
					"socket":	5,
					"start":	41.0005,
					"end":	42.0004,
					"seconds":	0.999982,
					"bytes":	6291456,
					"bits_per_second":	5.03325e+07,
					"omitted":	false
				}],
			"sum":	{
				"start":	41.0005,
				"end":	42.0004,
				"seconds":	0.999982,
				"bytes":	6291456,
				"bits_per_second":	5.03325e+07,
				"omitted":	false
			}
		}, {
			"streams":	[{
					"socket":	5,
					"start":	42.0004,
					"end":	43.0005,
					"seconds":	1.00007,
					"bytes":	6291456,
					"bits_per_second":	5.03282e+07,
					"omitted":	false
				}],
			"sum":	{
				"start":	42.0004,
				"end":	43.0005,
				"seconds":	1.00007,
				"bytes":	6291456,
				"bits_per_second":	5.03282e+07,
				"omitted":	false
			}
		}, {
			"streams":	[{
					"socket":	5,
					"start":	43.0005,
					"end":	44.0003,
					"seconds":	0.999834,
					"bytes":	6160384,
					"bits_per_second":	4.92913e+07,
					"omitted":	false
				}],
			"sum":	{
				"start":	43.0005,
				"end":	44.0003,
				"seconds":	0.999834,
				"bytes":	6160384,
				"bits_per_second":	4.92913e+07,
				"omitted":	false
			}
		}, {
			"streams":	[{
					"socket":	5,
					"start":	44.0003,
					"end":	45.0004,
					"seconds":	1.00006,
					"bytes":	6291456,
					"bits_per_second":	5.03286e+07,
					"omitted":	false
				}],
			"sum":	{
				"start":	44.0003,
				"end":	45.0004,
				"seconds":	1.00006,
				"bytes":	6291456,
				"bits_per_second":	5.03286e+07,
				"omitted":	false
			}
		}, {
			"streams":	[{
					"socket":	5,
					"start":	45.0004,
					"end":	46.002,
					"seconds":	1.00158,
					"bytes":	6291456,
					"bits_per_second":	5.02521e+07,
					"omitted":	false
				}],
			"sum":	{
				"start":	45.0004,
				"end":	46.002,
				"seconds":	1.00158,
				"bytes":	6291456,
				"bits_per_second":	5.02521e+07,
				"omitted":	false
			}
		}, {
			"streams":	[{
					"socket":	5,
					"start":	46.002,
					"end":	47.0003,
					"seconds":	0.998282,
					"bytes":	6160384,
					"bits_per_second":	4.93679e+07,
					"omitted":	false
				}],
			"sum":	{
				"start":	46.002,
				"end":	47.0003,
				"seconds":	0.998282,
				"bytes":	6160384,
				"bits_per_second":	4.93679e+07,
				"omitted":	false
			}
		}, {
			"streams":	[{
					"socket":	5,
					"start":	47.0003,
					"end":	48.0003,
					"seconds":	1.00008,
					"bytes":	6291456,
					"bits_per_second":	5.03274e+07,
					"omitted":	false
				}],
			"sum":	{
				"start":	47.0003,
				"end":	48.0003,
				"seconds":	1.00008,
				"bytes":	6291456,
				"bits_per_second":	5.03274e+07,
				"omitted":	false
			}
		}, {
			"streams":	[{
					"socket":	5,
					"start":	48.0003,
					"end":	49.0004,
					"seconds":	1.00002,
					"bytes":	6291456,
					"bits_per_second":	5.03306e+07,
					"omitted":	false
				}],
			"sum":	{
				"start":	48.0003,
				"end":	49.0004,
				"seconds":	1.00002,
				"bytes":	6291456,
				"bits_per_second":	5.03306e+07,
				"omitted":	false
			}
		}, {
			"streams":	[{
					"socket":	5,
					"start":	49.0004,
					"end":	50.0037,
					"seconds":	1.00329,
					"bytes":	6160384,
					"bits_per_second":	4.91216e+07,
					"omitted":	false
				}],
			"sum":	{
				"start":	49.0004,
				"end":	50.0037,
				"seconds":	1.00329,
				"bytes":	6160384,
				"bits_per_second":	4.91216e+07,
				"omitted":	false
			}
		}, {
			"streams":	[{
					"socket":	5,
					"start":	50.0037,
					"end":	51.0005,
					"seconds":	0.996839,
					"bytes":	6291456,
					"bits_per_second":	5.04912e+07,
					"omitted":	false
				}],
			"sum":	{
				"start":	50.0037,
				"end":	51.0005,
				"seconds":	0.996839,
				"bytes":	6291456,
				"bits_per_second":	5.04912e+07,
				"omitted":	false
			}
		}, {
			"streams":	[{
					"socket":	5,
					"start":	51.0005,
					"end":	52.0008,
					"seconds":	1.00027,
					"bytes":	6291456,
					"bits_per_second":	5.03181e+07,
					"omitted":	false
				}],
			"sum":	{
				"start":	51.0005,
				"end":	52.0008,
				"seconds":	1.00027,
				"bytes":	6291456,
				"bits_per_second":	5.03181e+07,
				"omitted":	false
			}
		}, {
			"streams":	[{
					"socket":	5,
					"start":	52.0008,
					"end":	53.0001,
					"seconds":	0.999334,
					"bytes":	6160384,
					"bits_per_second":	4.93159e+07,
					"omitted":	false
				}],
			"sum":	{
				"start":	52.0008,
				"end":	53.0001,
				"seconds":	0.999334,
				"bytes":	6160384,
				"bits_per_second":	4.93159e+07,
				"omitted":	false
			}
		}, {
			"streams":	[{
					"socket":	5,
					"start":	53.0001,
					"end":	54.004,
					"seconds":	1.00393,
					"bytes":	6291456,
					"bits_per_second":	5.01345e+07,
					"omitted":	false
				}],
			"sum":	{
				"start":	53.0001,
				"end":	54.004,
				"seconds":	1.00393,
				"bytes":	6291456,
				"bits_per_second":	5.01345e+07,
				"omitted":	false
			}
		}, {
			"streams":	[{
					"socket":	5,
					"start":	54.004,
					"end":	55.0004,
					"seconds":	0.996334,
					"bytes":	6291456,
					"bits_per_second":	5.05168e+07,
					"omitted":	false
				}],
			"sum":	{
				"start":	54.004,
				"end":	55.0004,
				"seconds":	0.996334,
				"bytes":	6291456,
				"bits_per_second":	5.05168e+07,
				"omitted":	false
			}
		}, {
			"streams":	[{
					"socket":	5,
					"start":	55.0004,
					"end":	56.0001,
					"seconds":	0.999779,
					"bytes":	6160384,
					"bits_per_second":	4.9294e+07,
					"omitted":	false
				}],
			"sum":	{
				"start":	55.0004,
				"end":	56.0001,
				"seconds":	0.999779,
				"bytes":	6160384,
				"bits_per_second":	4.9294e+07,
				"omitted":	false
			}
		}, {
			"streams":	[{
					"socket":	5,
					"start":	56.0001,
					"end":	57.0003,
					"seconds":	1.00012,
					"bytes":	6291456,
					"bits_per_second":	5.03254e+07,
					"omitted":	false
				}],
			"sum":	{
				"start":	56.0001,
				"end":	57.0003,
				"seconds":	1.00012,
				"bytes":	6291456,
				"bits_per_second":	5.03254e+07,
				"omitted":	false
			}
		}, {
			"streams":	[{
					"socket":	5,
					"start":	57.0003,
					"end":	58.0003,
					"seconds":	1.00007,
					"bytes":	6291456,
					"bits_per_second":	5.03284e+07,
					"omitted":	false
				}],
			"sum":	{
				"start":	57.0003,
				"end":	58.0003,
				"seconds":	1.00007,
				"bytes":	6291456,
				"bits_per_second":	5.03284e+07,
				"omitted":	false
			}
		}, {
			"streams":	[{
					"socket":	5,
					"start":	58.0003,
					"end":	58.0061,
					"seconds":	0.00579786,
					"bytes":	0,
					"bits_per_second":	0,
					"omitted":	false
				}],
			"sum":	{
				"start":	58.0003,
				"end":	58.0061,
				"seconds":	0.00579786,
				"bytes":	0,
				"bits_per_second":	0,
				"omitted":	false
			}
		}],
	"end":	{
		"streams":	[{
				"sender":	{
					"socket":	5,
					"start":	0,
					"end":	58.0061,
					"seconds":	58.0061,
					"bytes":	361969432,
					"bits_per_second":	4.99215e+07,
					"retransmits":	46
				},
				"receiver":	{
					"socket":	5,
					"start":	0,
					"end":	58.0061,
					"seconds":	58.0061,
					"bytes":	361969432,
					"bits_per_second":	4.99215e+07
				}
			}],
		"sum_sent":	{
			"start":	0,
			"end":	58.0061,
			"seconds":	58.0061,
			"bytes":	361969432,
			"bits_per_second":	4.99215e+07,
			"retransmits":	46
		},
		"sum_received":	{
			"start":	0,
			"end":	58.0061,
			"seconds":	58.0061,
			"bytes":	361969432,
			"bits_per_second":	4.99215e+07
		},
		"cpu_utilization_percent":	{
			"host_total":	1.27095,
			"host_user":	0.109689,
			"host_system":	1.16127,
			"remote_total":	1.00826,
			"remote_user":	0.0243617,
			"remote_system":	0.983897
		}
	}
}
