{
	"start":	{
		"connected":	[{
				"socket":	5,
				"local_host":	"10.0.0.20",
				"local_port":	3005,
				"remote_host":	"10.0.0.2",
				"remote_port":	58840
			}],
		"version":	"iperf 3.0.7",
		"system_info":	"Linux CS6 5.4.197-0504197-generic #202206060747 SMP Mon Jun 6 09:27:47 UTC 2022 x86_64 x86_64 x86_64 GNU/Linux\n",
		"timestamp":	{
			"time":	"Mon, 25 Jul 2022 21:50:12 GMT",
			"timesecs":	1658785812
		},
		"accepted_connection":	{
			"host":	"10.0.0.2",
			"port":	58838
		},
		"cookie":	"BS2.1658785812.837014.6bcc411552732f",
		"tcp_mss_default":	1448,
		"test_start":	{
			"protocol":	"TCP",
			"num_streams":	1,
			"blksize":	131072,
			"omit":	0,
			"duration":	5,
			"bytes":	0,
			"blocks":	0,
			"reverse":	0
		}
	},
	"intervals":	[{
			"streams":	[{
					"socket":	5,
					"start":	0,
					"end":	1.00057,
					"seconds":	1.00057,
					"bytes":	2852368,
					"bits_per_second":	2.2806e+07,
					"omitted":	false
				}],
			"sum":	{
				"start":	0,
				"end":	1.00057,
				"seconds":	1.00057,
				"bytes":	2852368,
				"bits_per_second":	2.2806e+07,
				"omitted":	false
			}
		}, {
			"streams":	[{
					"socket":	5,
					"start":	1.00057,
					"end":	2.00035,
					"seconds":	0.999781,
					"bytes":	3145728,
					"bits_per_second":	2.51713e+07,
					"omitted":	false
				}],
			"sum":	{
				"start":	1.00057,
				"end":	2.00035,
				"seconds":	0.999781,
				"bytes":	3145728,
				"bits_per_second":	2.51713e+07,
				"omitted":	false
			}
		}, {
			"streams":	[{
					"socket":	5,
					"start":	2.00035,
					"end":	3.00052,
					"seconds":	1.00017,
					"bytes":	3145728,
					"bits_per_second":	2.51615e+07,
					"omitted":	false
				}],
			"sum":	{
				"start":	2.00035,
				"end":	3.00052,
				"seconds":	1.00017,
				"bytes":	3145728,
				"bits_per_second":	2.51615e+07,
				"omitted":	false
			}
		}, {
			"streams":	[{
					"socket":	5,
					"start":	3.00052,
					"end":	4.00046,
					"seconds":	0.999938,
					"bytes":	3145728,
					"bits_per_second":	2.51674e+07,
					"omitted":	false
				}],
			"sum":	{
				"start":	3.00052,
				"end":	4.00046,
				"seconds":	0.999938,
				"bytes":	3145728,
				"bits_per_second":	2.51674e+07,
				"omitted":	false
			}
		}, {
			"streams":	[{
					"socket":	5,
					"start":	4.00046,
					"end":	5.00015,
					"seconds":	0.999694,
					"bytes":	3145728,
					"bits_per_second":	2.51735e+07,
					"omitted":	false
				}],
			"sum":	{
				"start":	4.00046,
				"end":	5.00015,
				"seconds":	0.999694,
				"bytes":	3145728,
				"bits_per_second":	2.51735e+07,
				"omitted":	false
			}
		}, {
			"streams":	[{
					"socket":	5,
					"start":	5.00015,
					"end":	5.0302,
					"seconds":	0.0300469,
					"bytes":	0,
					"bits_per_second":	0,
					"omitted":	false
				}],
			"sum":	{
				"start":	5.00015,
				"end":	5.0302,
				"seconds":	0.0300469,
				"bytes":	0,
				"bits_per_second":	0,
				"omitted":	false
			}
		}],
	"end":	{
		"streams":	[{
				"sender":	{
					"socket":	5,
					"start":	0,
					"end":	5.0302,
					"seconds":	5.0302,
					"bytes":	15435280,
					"bits_per_second":	2.45482e+07,
					"retransmits":	0
				},
				"receiver":	{
					"socket":	5,
					"start":	0,
					"end":	5.0302,
					"seconds":	5.0302,
					"bytes":	15435280,
					"bits_per_second":	2.45482e+07
				}
			}],
		"sum_sent":	{
			"start":	0,
			"end":	5.0302,
			"seconds":	5.0302,
			"bytes":	15435280,
			"bits_per_second":	2.45482e+07,
			"retransmits":	0
		},
		"sum_received":	{
			"start":	0,
			"end":	5.0302,
			"seconds":	5.0302,
			"bytes":	15435280,
			"bits_per_second":	2.45482e+07
		},
		"cpu_utilization_percent":	{
			"host_total":	1.36439,
			"host_user":	0.287796,
			"host_system":	1.07654,
			"remote_total":	1.51183,
			"remote_user":	0.122278,
			"remote_system":	1.38948
		}
	}
}
