{
	"start":	{
		"connected":	[{
				"socket":	5,
				"local_host":	"10.0.0.18",
				"local_port":	3651,
				"remote_host":	"10.0.0.7",
				"remote_port":	48044
			}],
		"version":	"iperf 3.0.7",
		"system_info":	"Linux CS4 5.4.197-0504197-generic #202206060747 SMP Mon Jun 6 09:27:47 UTC 2022 x86_64 x86_64 x86_64 GNU/Linux\n",
		"timestamp":	{
			"time":	"Mon, 25 Jul 2022 21:50:29 GMT",
			"timesecs":	1658785829
		},
		"accepted_connection":	{
			"host":	"10.0.0.7",
			"port":	48042
		},
		"cookie":	"BS7.1658785829.185157.6d629a5130d0ec",
		"tcp_mss_default":	1448,
		"test_start":	{
			"protocol":	"TCP",
			"num_streams":	1,
			"blksize":	131072,
			"omit":	0,
			"duration":	3,
			"bytes":	0,
			"blocks":	0,
			"reverse":	0
		}
	},
	"intervals":	[{
			"streams":	[{
					"socket":	5,
					"start":	0,
					"end":	1.00043,
					"seconds":	1.00043,
					"bytes":	11372048,
					"bits_per_second":	9.09376e+07,
					"omitted":	false
				}],
			"sum":	{
				"start":	0,
				"end":	1.00043,
				"seconds":	1.00043,
				"bytes":	11372048,
				"bits_per_second":	9.09376e+07,
				"omitted":	false
			}
		}, {
			"streams":	[{
					"socket":	5,
					"start":	1.00043,
					"end":	2.00036,
					"seconds":	0.999933,
					"bytes":	12451840,
					"bits_per_second":	9.96214e+07,
					"omitted":	false
				}],
			"sum":	{
				"start":	1.00043,
				"end":	2.00036,
				"seconds":	0.999933,
				"bytes":	12451840,
				"bits_per_second":	9.96214e+07,
				"omitted":	false
			}
		}, {
			"streams":	[{
					"socket":	5,
					"start":	2.00036,
					"end":	3.00034,
					"seconds":	0.999978,
					"bytes":	12451840,
					"bits_per_second":	9.96169e+07,
					"omitted":	false
				}],
			"sum":	{
				"start":	2.00036,
				"end":	3.00034,
				"seconds":	0.999978,
				"bytes":	12451840,
				"bits_per_second":	9.96169e+07,
				"omitted":	false
			}
		}, {
			"streams":	[{
					"socket":	5,
					"start":	3.00034,
					"end":	3.0282,
					"seconds":	0.027864,
					"bytes":	0,
					"bits_per_second":	0,
					"omitted":	false
				}],
			"sum":	{
				"start":	3.00034,
				"end":	3.0282,
				"seconds":	0.027864,
				"bytes":	0,
				"bits_per_second":	0,
				"omitted":	false
			}
		}],
	"end":	{
		"streams":	[{
				"sender":	{
					"socket":	5,
					"start":	0,
					"end":	3.0282,
					"seconds":	3.0282,
					"bytes":	36275728,
					"bits_per_second":	9.58344e+07,
					"retransmits":	0
				},
				"receiver":	{
					"socket":	5,
					"start":	0,
					"end":	3.0282,
					"seconds":	3.0282,
					"bytes":	36275728,
					"bits_per_second":	9.58344e+07
				}
			}],
		"sum_sent":	{
			"start":	0,
			"end":	3.0282,
			"seconds":	3.0282,
			"bytes":	36275728,
			"bits_per_second":	9.58344e+07,
			"retransmits":	0
		},
		"sum_received":	{
			"start":	0,
			"end":	3.0282,
			"seconds":	3.0282,
			"bytes":	36275728,
			"bits_per_second":	9.58344e+07
		},
		"cpu_utilization_percent":	{
			"host_total":	3.02775,
			"host_user":	0.629112,
			"host_system":	2.39857,
			"remote_total":	2.80365,
			"remote_user":	0.645071,
			"remote_system":	2.15842
		}
	}
}
