{
	"start":	{
		"connected":	[{
				"socket":	5,
				"local_host":	"10.0.0.11",
				"local_port":	2556,
				"remote_host":	"10.0.0.3",
				"remote_port":	47108
			}],
		"version":	"iperf 3.0.7",
		"system_info":	"Linux H11 5.4.197-0504197-generic #202206060747 SMP Mon Jun 6 09:27:47 UTC 2022 x86_64 x86_64 x86_64 GNU/Linux\n",
		"timestamp":	{
			"time":	"Fri, 22 Jul 2022 09:31:53 GMT",
			"timesecs":	1658482313
		},
		"accepted_connection":	{
			"host":	"10.0.0.3",
			"port":	47106
		},
		"cookie":	"H3.1658482313.521029.5589be1624c190c",
		"tcp_mss_default":	1448,
		"test_start":	{
			"protocol":	"TCP",
			"num_streams":	1,
			"blksize":	131072,
			"omit":	0,
			"duration":	5,
			"bytes":	0,
			"blocks":	0,
			"reverse":	0
		}
	},
	"intervals":	[{
			"streams":	[{
					"socket":	5,
					"start":	0,
					"end":	1.00042,
					"seconds":	1.00042,
					"bytes":	1819024,
					"bits_per_second":	1.45461e+07,
					"omitted":	false
				}],
			"sum":	{
				"start":	0,
				"end":	1.00042,
				"seconds":	1.00042,
				"bytes":	1819024,
				"bits_per_second":	1.45461e+07,
				"omitted":	false
			}
		}, {
			"streams":	[{
					"socket":	5,
					"start":	1.00042,
					"end":	2.00116,
					"seconds":	1.00074,
					"bytes":	1835008,
					"bits_per_second":	1.46692e+07,
					"omitted":	false
				}],
			"sum":	{
				"start":	1.00042,
				"end":	2.00116,
				"seconds":	1.00074,
				"bytes":	1835008,
				"bits_per_second":	1.46692e+07,
				"omitted":	false
			}
		}, {
			"streams":	[{
					"socket":	5,
					"start":	2.00116,
					"end":	3.00061,
					"seconds":	0.99945,
					"bytes":	1835008,
					"bits_per_second":	1.46881e+07,
					"omitted":	false
				}],
			"sum":	{
				"start":	2.00116,
				"end":	3.00061,
				"seconds":	0.99945,
				"bytes":	1835008,
				"bits_per_second":	1.46881e+07,
				"omitted":	false
			}
		}, {
			"streams":	[{
					"socket":	5,
					"start":	3.00061,
					"end":	4.00066,
					"seconds":	1.00005,
					"bytes":	1835008,
					"bits_per_second":	1.46793e+07,
					"omitted":	false
				}],
			"sum":	{
				"start":	3.00061,
				"end":	4.00066,
				"seconds":	1.00005,
				"bytes":	1835008,
				"bits_per_second":	1.46793e+07,
				"omitted":	false
			}
		}, {
			"streams":	[{
					"socket":	5,
					"start":	4.00066,
					"end":	5.00048,
					"seconds":	0.999815,
					"bytes":	1966080,
					"bits_per_second":	1.57316e+07,
					"omitted":	false
				}],
			"sum":	{
				"start":	4.00066,
				"end":	5.00048,
				"seconds":	0.999815,
				"bytes":	1966080,
				"bits_per_second":	1.57316e+07,
				"omitted":	false
			}
		}, {
			"streams":	[{
					"socket":	5,
					"start":	5.00048,
					"end":	5.00081,
					"seconds":	0.000329018,
					"bytes":	0,
					"bits_per_second":	0,
					"omitted":	false
				}],
			"sum":	{
				"start":	5.00048,
				"end":	5.00081,
				"seconds":	0.000329018,
				"bytes":	0,
				"bits_per_second":	0,
				"omitted":	false
			}
		}],
	"end":	{
		"streams":	[{
				"sender":	{
					"socket":	5,
					"start":	0,
					"end":	5.00081,
					"seconds":	5.00081,
					"bytes":	9290128,
					"bits_per_second":	1.48618e+07,
					"retransmits":	0
				},
				"receiver":	{
					"socket":	5,
					"start":	0,
					"end":	5.00081,
					"seconds":	5.00081,
					"bytes":	9290128,
					"bits_per_second":	1.48618e+07
				}
			}],
		"sum_sent":	{
			"start":	0,
			"end":	5.00081,
			"seconds":	5.00081,
			"bytes":	9290128,
			"bits_per_second":	1.48618e+07,
			"retransmits":	0
		},
		"sum_received":	{
			"start":	0,
			"end":	5.00081,
			"seconds":	5.00081,
			"bytes":	9290128,
			"bits_per_second":	1.48618e+07
		},
		"cpu_utilization_percent":	{
			"host_total":	1.58481,
			"host_user":	0.284979,
			"host_system":	1.29981,
			"remote_total":	0.500578,
			"remote_user":	0,
			"remote_system":	0.500538
		}
	}
}
