{
	"start":	{
		"connected":	[{
				"socket":	5,
				"local_host":	"10.0.0.10",
				"local_port":	1972,
				"remote_host":	"10.0.0.4",
				"remote_port":	45660
			}],
		"version":	"iperf 3.0.7",
		"system_info":	"Linux H10 5.4.197-0504197-generic #202206060747 SMP Mon Jun 6 09:27:47 UTC 2022 x86_64 x86_64 x86_64 GNU/Linux\n",
		"timestamp":	{
			"time":	"Fri, 22 Jul 2022 15:01:45 GMT",
			"timesecs":	1658502105
		},
		"accepted_connection":	{
			"host":	"10.0.0.4",
			"port":	45658
		},
		"cookie":	"H4.1658502105.096876.493a8a761ce91e3",
		"tcp_mss_default":	1448,
		"test_start":	{
			"protocol":	"TCP",
			"num_streams":	1,
			"blksize":	131072,
			"omit":	0,
			"duration":	5,
			"bytes":	0,
			"blocks":	0,
			"reverse":	0
		}
	},
	"intervals":	[{
			"streams":	[{
					"socket":	5,
					"start":	0,
					"end":	1.00093,
					"seconds":	1.00093,
					"bytes":	1842192,
					"bits_per_second":	1.47239e+07,
					"omitted":	false
				}],
			"sum":	{
				"start":	0,
				"end":	1.00093,
				"seconds":	1.00093,
				"bytes":	1842192,
				"bits_per_second":	1.47239e+07,
				"omitted":	false
			}
		}, {
			"streams":	[{
					"socket":	5,
					"start":	1.00093,
					"end":	2.00129,
					"seconds":	1.00037,
					"bytes":	1811840,
					"bits_per_second":	1.44894e+07,
					"omitted":	false
				}],
			"sum":	{
				"start":	1.00093,
				"end":	2.00129,
				"seconds":	1.00037,
				"bytes":	1811840,
				"bits_per_second":	1.44894e+07,
				"omitted":	false
			}
		}, {
			"streams":	[{
					"socket":	5,
					"start":	2.00129,
					"end":	3.00054,
					"seconds":	0.999245,
					"bytes":	1835008,
					"bits_per_second":	1.46912e+07,
					"omitted":	false
				}],
			"sum":	{
				"start":	2.00129,
				"end":	3.00054,
				"seconds":	0.999245,
				"bytes":	1835008,
				"bits_per_second":	1.46912e+07,
				"omitted":	false
			}
		}, {
			"streams":	[{
					"socket":	5,
					"start":	3.00054,
					"end":	4.0009,
					"seconds":	1.00037,
					"bytes":	1835008,
					"bits_per_second":	1.46747e+07,
					"omitted":	false
				}],
			"sum":	{
				"start":	3.00054,
				"end":	4.0009,
				"seconds":	1.00037,
				"bytes":	1835008,
				"bits_per_second":	1.46747e+07,
				"omitted":	false
			}
		}, {
			"streams":	[{
					"socket":	5,
					"start":	4.0009,
					"end":	5.00081,
					"seconds":	0.999903,
					"bytes":	1966080,
					"bits_per_second":	1.57302e+07,
					"omitted":	false
				}],
			"sum":	{
				"start":	4.0009,
				"end":	5.00081,
				"seconds":	0.999903,
				"bytes":	1966080,
				"bits_per_second":	1.57302e+07,
				"omitted":	false
			}
		}, {
			"streams":	[{
					"socket":	5,
					"start":	5.00081,
					"end":	5.00106,
					"seconds":	0.000254869,
					"bytes":	0,
					"bits_per_second":	0,
					"omitted":	false
				}],
			"sum":	{
				"start":	5.00081,
				"end":	5.00106,
				"seconds":	0.000254869,
				"bytes":	0,
				"bits_per_second":	0,
				"omitted":	false
			}
		}],
	"end":	{
		"streams":	[{
				"sender":	{
					"socket":	5,
					"start":	0,
					"end":	5.00106,
					"seconds":	5.00106,
					"bytes":	9290128,
					"bits_per_second":	1.48611e+07,
					"retransmits":	0
				},
				"receiver":	{
					"socket":	5,
					"start":	0,
					"end":	5.00106,
					"seconds":	5.00106,
					"bytes":	9290128,
					"bits_per_second":	1.48611e+07
				}
			}],
		"sum_sent":	{
			"start":	0,
			"end":	5.00106,
			"seconds":	5.00106,
			"bytes":	9290128,
			"bits_per_second":	1.48611e+07,
			"retransmits":	0
		},
		"sum_received":	{
			"start":	0,
			"end":	5.00106,
			"seconds":	5.00106,
			"bytes":	9290128,
			"bits_per_second":	1.48611e+07
		},
		"cpu_utilization_percent":	{
			"host_total":	1.22665,
			"host_user":	0.472718,
			"host_system":	0.753808,
			"remote_total":	0.371548,
			"remote_user":	0,
			"remote_system":	0.371508
		}
	}
}
