{
	"start":	{
		"connected":	[{
				"socket":	5,
				"local_host":	"10.0.0.7",
				"local_port":	1334,
				"remote_host":	"10.0.0.2",
				"remote_port":	35362
			}],
		"version":	"iperf 3.0.7",
		"system_info":	"Linux H7 5.4.197-0504197-generic #202206060747 SMP Mon Jun 6 09:27:47 UTC 2022 x86_64 x86_64 x86_64 GNU/Linux\n",
		"timestamp":	{
			"time":	"Fri, 22 Jul 2022 09:31:32 GMT",
			"timesecs":	1658482292
		},
		"accepted_connection":	{
			"host":	"10.0.0.2",
			"port":	35360
		},
		"cookie":	"H2.1658482292.374094.68348de6008dfa9",
		"tcp_mss_default":	1448,
		"test_start":	{
			"protocol":	"TCP",
			"num_streams":	1,
			"blksize":	131072,
			"omit":	0,
			"duration":	5,
			"bytes":	0,
			"blocks":	0,
			"reverse":	0
		}
	},
	"intervals":	[{
			"streams":	[{
					"socket":	5,
					"start":	0,
					"end":	1.00115,
					"seconds":	1.00115,
					"bytes":	1731448,
					"bits_per_second":	1.38357e+07,
					"omitted":	false
				}],
			"sum":	{
				"start":	0,
				"end":	1.00115,
				"seconds":	1.00115,
				"bytes":	1731448,
				"bits_per_second":	1.38357e+07,
				"omitted":	false
			}
		}, {
			"streams":	[{
					"socket":	5,
					"start":	1.00115,
					"end":	2.00136,
					"seconds":	1.00022,
					"bytes":	1938568,
					"bits_per_second":	1.55052e+07,
					"omitted":	false
				}],
			"sum":	{
				"start":	1.00115,
				"end":	2.00136,
				"seconds":	1.00022,
				"bytes":	1938568,
				"bits_per_second":	1.55052e+07,
				"omitted":	false
			}
		}, {
			"streams":	[{
					"socket":	5,
					"start":	2.00136,
					"end":	3.0008,
					"seconds":	0.999434,
					"bytes":	1858176,
					"bits_per_second":	1.48738e+07,
					"omitted":	false
				}],
			"sum":	{
				"start":	2.00136,
				"end":	3.0008,
				"seconds":	0.999434,
				"bytes":	1858176,
				"bits_per_second":	1.48738e+07,
				"omitted":	false
			}
		}, {
			"streams":	[{
					"socket":	5,
					"start":	3.0008,
					"end":	4.00082,
					"seconds":	1.00003,
					"bytes":	1811840,
					"bits_per_second":	1.44943e+07,
					"omitted":	false
				}],
			"sum":	{
				"start":	3.0008,
				"end":	4.00082,
				"seconds":	1.00003,
				"bytes":	1811840,
				"bits_per_second":	1.44943e+07,
				"omitted":	false
			}
		}, {
			"streams":	[{
					"socket":	5,
					"start":	4.00082,
					"end":	5.00022,
					"seconds":	0.999402,
					"bytes":	1966080,
					"bits_per_second":	1.57381e+07,
					"omitted":	false
				}],
			"sum":	{
				"start":	4.00082,
				"end":	5.00022,
				"seconds":	0.999402,
				"bytes":	1966080,
				"bits_per_second":	1.57381e+07,
				"omitted":	false
			}
		}, {
			"streams":	[{
					"socket":	5,
					"start":	5.00022,
					"end":	5.00045,
					"seconds":	0.000222921,
					"bytes":	0,
					"bits_per_second":	0,
					"omitted":	false
				}],
			"sum":	{
				"start":	5.00022,
				"end":	5.00045,
				"seconds":	0.000222921,
				"bytes":	0,
				"bits_per_second":	0,
				"omitted":	false
			}
		}],
	"end":	{
		"streams":	[{
				"sender":	{
					"socket":	5,
					"start":	0,
					"end":	5.00045,
					"seconds":	5.00045,
					"bytes":	9306112,
					"bits_per_second":	1.48884e+07,
					"retransmits":	0
				},
				"receiver":	{
					"socket":	5,
					"start":	0,
					"end":	5.00045,
					"seconds":	5.00045,
					"bytes":	9306112,
					"bits_per_second":	1.48884e+07
				}
			}],
		"sum_sent":	{
			"start":	0,
			"end":	5.00045,
			"seconds":	5.00045,
			"bytes":	9306112,
			"bits_per_second":	1.48884e+07,
			"retransmits":	0
		},
		"sum_received":	{
			"start":	0,
			"end":	5.00045,
			"seconds":	5.00045,
			"bytes":	9306112,
			"bits_per_second":	1.48884e+07
		},
		"cpu_utilization_percent":	{
			"host_total":	1.79387,
			"host_user":	0.422631,
			"host_system":	1.37116,
			"remote_total":	0.627053,
			"remote_user":	0.239936,
			"remote_system":	0.387017
		}
	}
}
