{
	"start":	{
		"connected":	[{
				"socket":	5,
				"local_host":	"10.0.0.9",
				"local_port":	2704,
				"remote_host":	"10.0.0.1",
				"remote_port":	59072
			}],
		"version":	"iperf 3.0.7",
		"system_info":	"Linux H9 5.4.197-0504197-generic #202206060747 SMP Mon Jun 6 09:27:47 UTC 2022 x86_64 x86_64 x86_64 GNU/Linux\n",
		"timestamp":	{
			"time":	"Fri, 22 Jul 2022 09:30:49 GMT",
			"timesecs":	1658482249
		},
		"accepted_connection":	{
			"host":	"10.0.0.1",
			"port":	59070
		},
		"cookie":	"H1.1658482249.790643.5d6fa6c92cd6ddd",
		"tcp_mss_default":	1448,
		"test_start":	{
			"protocol":	"TCP",
			"num_streams":	1,
			"blksize":	131072,
			"omit":	0,
			"duration":	5,
			"bytes":	0,
			"blocks":	0,
			"reverse":	0
		}
	},
	"intervals":	[{
			"streams":	[{
					"socket":	5,
					"start":	0,
					"end":	1.00064,
					"seconds":	1.00064,
					"bytes":	1819024,
					"bits_per_second":	1.45429e+07,
					"omitted":	false
				}],
			"sum":	{
				"start":	0,
				"end":	1.00064,
				"seconds":	1.00064,
				"bytes":	1819024,
				"bits_per_second":	1.45429e+07,
				"omitted":	false
			}
		}, {
			"streams":	[{
					"socket":	5,
					"start":	1.00064,
					"end":	2.00049,
					"seconds":	0.999852,
					"bytes":	1835008,
					"bits_per_second":	1.46822e+07,
					"omitted":	false
				}],
			"sum":	{
				"start":	1.00064,
				"end":	2.00049,
				"seconds":	0.999852,
				"bytes":	1835008,
				"bits_per_second":	1.46822e+07,
				"omitted":	false
			}
		}, {
			"streams":	[{
					"socket":	5,
					"start":	2.00049,
					"end":	3.00047,
					"seconds":	0.999981,
					"bytes":	1835008,
					"bits_per_second":	1.46803e+07,
					"omitted":	false
				}],
			"sum":	{
				"start":	2.00049,
				"end":	3.00047,
				"seconds":	0.999981,
				"bytes":	1835008,
				"bits_per_second":	1.46803e+07,
				"omitted":	false
			}
		}, {
			"streams":	[{
					"socket":	5,
					"start":	3.00047,
					"end":	4.00079,
					"seconds":	1.00032,
					"bytes":	1835008,
					"bits_per_second":	1.46754e+07,
					"omitted":	false
				}],
			"sum":	{
				"start":	3.00047,
				"end":	4.00079,
				"seconds":	1.00032,
				"bytes":	1835008,
				"bits_per_second":	1.46754e+07,
				"omitted":	false
			}
		}, {
			"streams":	[{
					"socket":	5,
					"start":	4.00079,
					"end":	5.00111,
					"seconds":	1.00032,
					"bytes":	1966080,
					"bits_per_second":	1.57235e+07,
					"omitted":	false
				}],
			"sum":	{
				"start":	4.00079,
				"end":	5.00111,
				"seconds":	1.00032,
				"bytes":	1966080,
				"bits_per_second":	1.57235e+07,
				"omitted":	false
			}
		}, {
			"streams":	[{
					"socket":	5,
					"start":	5.00111,
					"end":	5.00135,
					"seconds":	0.000231981,
					"bytes":	0,
					"bits_per_second":	0,
					"omitted":	false
				}],
			"sum":	{
				"start":	5.00111,
				"end":	5.00135,
				"seconds":	0.000231981,
				"bytes":	0,
				"bits_per_second":	0,
				"omitted":	false
			}
		}],
	"end":	{
		"streams":	[{
				"sender":	{
					"socket":	5,
					"start":	0,
					"end":	5.00135,
					"seconds":	5.00135,
					"bytes":	9290128,
					"bits_per_second":	1.48602e+07,
					"retransmits":	0
				},
				"receiver":	{
					"socket":	5,
					"start":	0,
					"end":	5.00135,
					"seconds":	5.00135,
					"bytes":	9290128,
					"bits_per_second":	1.48602e+07
				}
			}],
		"sum_sent":	{
			"start":	0,
			"end":	5.00135,
			"seconds":	5.00135,
			"bytes":	9290128,
			"bits_per_second":	1.48602e+07,
			"retransmits":	0
		},
		"sum_received":	{
			"start":	0,
			"end":	5.00135,
			"seconds":	5.00135,
			"bytes":	9290128,
			"bits_per_second":	1.48602e+07
		},
		"cpu_utilization_percent":	{
			"host_total":	1.21961,
			"host_user":	0.575729,
			"host_system":	0.64386,
			"remote_total":	0.651541,
			"remote_user":	0,
			"remote_system":	0.651521
		}
	}
}
