{
	"start":	{
		"connected":	[{
				"socket":	5,
				"local_host":	"10.0.0.7",
				"local_port":	2248,
				"remote_host":	"10.0.0.4",
				"remote_port":	54028
			}],
		"version":	"iperf 3.0.7",
		"system_info":	"Linux H7 5.4.197-0504197-generic #202206060747 SMP Mon Jun 6 09:27:47 UTC 2022 x86_64 x86_64 x86_64 GNU/Linux\n",
		"timestamp":	{
			"time":	"Fri, 22 Jul 2022 16:21:51 GMT",
			"timesecs":	1658506911
		},
		"accepted_connection":	{
			"host":	"10.0.0.4",
			"port":	54026
		},
		"cookie":	"H4.1658506911.736644.6a7f503b38f9971",
		"tcp_mss_default":	1448,
		"test_start":	{
			"protocol":	"TCP",
			"num_streams":	1,
			"blksize":	131072,
			"omit":	0,
			"duration":	5,
			"bytes":	0,
			"blocks":	0,
			"reverse":	0
		}
	},
	"intervals":	[{
			"streams":	[{
					"socket":	5,
					"start":	0,
					"end":	1.00121,
					"seconds":	1.00121,
					"bytes":	1716912,
					"bits_per_second":	1.37188e+07,
					"omitted":	false
				}],
			"sum":	{
				"start":	0,
				"end":	1.00121,
				"seconds":	1.00121,
				"bytes":	1716912,
				"bits_per_second":	1.37188e+07,
				"omitted":	false
			}
		}, {
			"streams":	[{
					"socket":	5,
					"start":	1.00121,
					"end":	2.00061,
					"seconds":	0.999408,
					"bytes":	1940016,
					"bits_per_second":	1.55293e+07,
					"omitted":	false
				}],
			"sum":	{
				"start":	1.00121,
				"end":	2.00061,
				"seconds":	0.999408,
				"bytes":	1940016,
				"bits_per_second":	1.55293e+07,
				"omitted":	false
			}
		}, {
			"streams":	[{
					"socket":	5,
					"start":	2.00061,
					"end":	3.00119,
					"seconds":	1.00058,
					"bytes":	1835008,
					"bits_per_second":	1.46716e+07,
					"omitted":	false
				}],
			"sum":	{
				"start":	2.00061,
				"end":	3.00119,
				"seconds":	1.00058,
				"bytes":	1835008,
				"bits_per_second":	1.46716e+07,
				"omitted":	false
			}
		}, {
			"streams":	[{
					"socket":	5,
					"start":	3.00119,
					"end":	4.00086,
					"seconds":	0.999675,
					"bytes":	1835008,
					"bits_per_second":	1.46848e+07,
					"omitted":	false
				}],
			"sum":	{
				"start":	3.00119,
				"end":	4.00086,
				"seconds":	0.999675,
				"bytes":	1835008,
				"bits_per_second":	1.46848e+07,
				"omitted":	false
			}
		}, {
			"streams":	[{
					"socket":	5,
					"start":	4.00086,
					"end":	5.00096,
					"seconds":	1.00009,
					"bytes":	1966080,
					"bits_per_second":	1.57272e+07,
					"omitted":	false
				}],
			"sum":	{
				"start":	4.00086,
				"end":	5.00096,
				"seconds":	1.00009,
				"bytes":	1966080,
				"bits_per_second":	1.57272e+07,
				"omitted":	false
			}
		}, {
			"streams":	[{
					"socket":	5,
					"start":	5.00096,
					"end":	5.00121,
					"seconds":	0.000258923,
					"bytes":	0,
					"bits_per_second":	0,
					"omitted":	false
				}],
			"sum":	{
				"start":	5.00096,
				"end":	5.00121,
				"seconds":	0.000258923,
				"bytes":	0,
				"bits_per_second":	0,
				"omitted":	false
			}
		}],
	"end":	{
		"streams":	[{
				"sender":	{
					"socket":	5,
					"start":	0,
					"end":	5.00121,
					"seconds":	5.00121,
					"bytes":	9293024,
					"bits_per_second":	1.48652e+07,
					"retransmits":	0
				},
				"receiver":	{
					"socket":	5,
					"start":	0,
					"end":	5.00121,
					"seconds":	5.00121,
					"bytes":	9293024,
					"bits_per_second":	1.48652e+07
				}
			}],
		"sum_sent":	{
			"start":	0,
			"end":	5.00121,
			"seconds":	5.00121,
			"bytes":	9293024,
			"bits_per_second":	1.48652e+07,
			"retransmits":	0
		},
		"sum_received":	{
			"start":	0,
			"end":	5.00121,
			"seconds":	5.00121,
			"bytes":	9293024,
			"bits_per_second":	1.48652e+07
		},
		"cpu_utilization_percent":	{
			"host_total":	1.4997,
			"host_user":	0.7682,
			"host_system":	0.731519,
			"remote_total":	0.323295,
			"remote_user":	0,
			"remote_system":	0.323255
		}
	}
}
{
	"start":	{
		"connected":	[],
		"version":	"iperf 3.0.7",
		"system_info":	"Linux H7 5.4.197-0504197-generic #202206060747 SMP Mon Jun 6 09:27:47 UTC 2022 x86_64 x86_64 x86_64 GNU/Linux\n"
	},
	"intervals":	[],
	"end":	{
	},
	"error":	"interrupt - the server has terminated"
}
