{
	"start":	{
		"connected":	[{
				"socket":	5,
				"local_host":	"10.0.0.7",
				"local_port":	3334,
				"remote_host":	"10.0.0.3",
				"remote_port":	56624
			}],
		"version":	"iperf 3.7",
		"system_info":	"Linux H7 5.4.197-0504197-generic #202206060747 SMP Mon Jun 6 09:27:47 UTC 2022 x86_64",
		"target_bitrate":	15000000,
		"sock_bufsize":	0,
		"sndbuf_actual":	87380,
		"rcvbuf_actual":	87380,
		"timestamp":	{
			"time":	"Mon, 01 Aug 2022 00:26:18 GMT",
			"timesecs":	1659313578
		},
		"accepted_connection":	{
			"host":	"10.0.0.3",
			"port":	56622
		},
		"cookie":	"76al4gxbzfpak7ht4ocl7zzulcn2sx5hcr2e",
		"tcp_mss_default":	0,
		"target_bitrate":	15000000,
		"test_start":	{
			"protocol":	"TCP",
			"num_streams":	1,
			"blksize":	131072,
			"omit":	0,
			"duration":	5,
			"bytes":	0,
			"blocks":	0,
			"reverse":	0,
			"tos":	0
		}
	},
	"intervals":	[{
			"streams":	[{
					"socket":	5,
					"start":	0,
					"end":	1.001205,
					"seconds":	1.0012049674987793,
					"bytes":	1966080,
					"bits_per_second":	15709710.309661619,
					"omitted":	false,
					"sender":	false
				}],
			"sum":	{
				"start":	0,
				"end":	1.001205,
				"seconds":	1.0012049674987793,
				"bytes":	1966080,
				"bits_per_second":	15709710.309661619,
				"omitted":	false,
				"sender":	false
			}
		}, {
			"streams":	[{
					"socket":	5,
					"start":	1.001205,
					"end":	2.000864,
					"seconds":	0.99965900182724,
					"bytes":	1835008,
					"bits_per_second":	14685071.582576508,
					"omitted":	false,
					"sender":	false
				}],
			"sum":	{
				"start":	1.001205,
				"end":	2.000864,
				"seconds":	0.99965900182724,
				"bytes":	1835008,
				"bits_per_second":	14685071.582576508,
				"omitted":	false,
				"sender":	false
			}
		}, {
			"streams":	[{
					"socket":	5,
					"start":	2.000864,
					"end":	3.000338,
					"seconds":	0.99947398900985718,
					"bytes":	1835008,
					"bits_per_second":	14687789.938928785,
					"omitted":	false,
					"sender":	false
				}],
			"sum":	{
				"start":	2.000864,
				"end":	3.000338,
				"seconds":	0.99947398900985718,
				"bytes":	1835008,
				"bits_per_second":	14687789.938928785,
				"omitted":	false,
				"sender":	false
			}
		}, {
			"streams":	[{
					"socket":	5,
					"start":	3.000338,
					"end":	4.000459,
					"seconds":	1.000120997428894,
					"bytes":	1963880,
					"bits_per_second":	15709139.234542482,
					"omitted":	false,
					"sender":	false
				}],
			"sum":	{
				"start":	3.000338,
				"end":	4.000459,
				"seconds":	1.000120997428894,
				"bytes":	1963880,
				"bits_per_second":	15709139.234542482,
				"omitted":	false,
				"sender":	false
			}
		}, {
			"streams":	[{
					"socket":	5,
					"start":	4.000459,
					"end":	5.001298,
					"seconds":	1.0008389949798584,
					"bytes":	1837208,
					"bits_per_second":	14685343.070886029,
					"omitted":	false,
					"sender":	false
				}],
			"sum":	{
				"start":	4.000459,
				"end":	5.001298,
				"seconds":	1.0008389949798584,
				"bytes":	1837208,
				"bits_per_second":	14685343.070886029,
				"omitted":	false,
				"sender":	false
			}
		}],
	"end":	{
		"streams":	[{
				"sender":	{
					"socket":	5,
					"start":	0,
					"end":	5.001376,
					"seconds":	5.001376,
					"bytes":	0,
					"bits_per_second":	0,
					"sender":	false
				},
				"receiver":	{
					"socket":	5,
					"start":	0,
					"end":	5.001376,
					"seconds":	5.001376,
					"bytes":	9437184,
					"bits_per_second":	15095340.162387311,
					"sender":	false
				}
			}],
		"sum_sent":	{
			"start":	0,
			"end":	5.001376,
			"seconds":	5.001376,
			"bytes":	0,
			"bits_per_second":	0,
			"sender":	false
		},
		"sum_received":	{
			"start":	0,
			"end":	5.001376,
			"seconds":	5.001376,
			"bytes":	9437184,
			"bits_per_second":	15095340.162387311,
			"sender":	false
		},
		"cpu_utilization_percent":	{
			"host_total":	1.8998210848492032,
			"host_user":	0,
			"host_system":	1.8998011300030291,
			"remote_total":	0,
			"remote_user":	0,
			"remote_system":	0
		},
		"receiver_tcp_congestion":	"cubic"
	}
}
