{
	"start":	{
		"connected":	[{
				"socket":	5,
				"local_host":	"10.0.0.11",
				"local_port":	3762,
				"remote_host":	"10.0.0.6",
				"remote_port":	40017
			}],
		"version":	"iperf 3.0.7",
		"system_info":	"Linux MECS4 5.4.197-0504197-generic #202206060747 SMP Mon Jun 6 09:27:47 UTC 2022 x86_64 x86_64 x86_64 GNU/Linux\n",
		"timestamp":	{
			"time":	"Mon, 25 Jul 2022 21:47:21 GMT",
			"timesecs":	1658785641
		},
		"accepted_connection":	{
			"host":	"10.0.0.6",
			"port":	44808
		},
		"cookie":	"BS6.1658785641.064582.17d5129d09b99d",
		"test_start":	{
			"protocol":	"UDP",
			"num_streams":	1,
			"blksize":	8192,
			"omit":	0,
			"duration":	39,
			"bytes":	0,
			"blocks":	0,
			"reverse":	0
		}
	},
	"intervals":	[{
			"streams":	[{
					"socket":	5,
					"start":	0,
					"end":	1.00305,
					"seconds":	1.00305,
					"bytes":	4751360,
					"bits_per_second":	3.78954e+07,
					"jitter_ms":	3.6115,
					"lost_packets":	131,
					"packets":	670,
					"lost_percent":	19.5522,
					"omitted":	false
				}],
			"sum":	{
				"start":	0,
				"end":	1.00305,
				"seconds":	1.00305,
				"bytes":	4751360,
				"bits_per_second":	3.78954e+07,
				"jitter_ms":	3.6115,
				"lost_packets":	131,
				"packets":	670,
				"lost_percent":	19.5522,
				"omitted":	false
			}
		}, {
			"streams":	[{
					"socket":	5,
					"start":	1.00305,
					"end":	2.00043,
					"seconds":	0.997379,
					"bytes":	6053888,
					"bits_per_second":	4.85584e+07,
					"jitter_ms":	0.621461,
					"lost_packets":	76,
					"packets":	780,
					"lost_percent":	9.74359,
					"omitted":	false
				}],
			"sum":	{
				"start":	1.00305,
				"end":	2.00043,
				"seconds":	0.997379,
				"bytes":	6053888,
				"bits_per_second":	4.85584e+07,
				"jitter_ms":	0.621461,
				"lost_packets":	76,
				"packets":	780,
				"lost_percent":	9.74359,
				"omitted":	false
			}
		}, {
			"streams":	[{
					"socket":	5,
					"start":	2.00043,
					"end":	3.00017,
					"seconds":	0.999741,
					"bytes":	5685248,
					"bits_per_second":	4.54938e+07,
					"jitter_ms":	1.2213,
					"lost_packets":	128,
					"packets":	790,
					"lost_percent":	16.2025,
					"omitted":	false
				}],
			"sum":	{
				"start":	2.00043,
				"end":	3.00017,
				"seconds":	0.999741,
				"bytes":	5685248,
				"bits_per_second":	4.54938e+07,
				"jitter_ms":	1.2213,
				"lost_packets":	128,
				"packets":	790,
				"lost_percent":	16.2025,
				"omitted":	false
			}
		}, {
			"streams":	[{
					"socket":	5,
					"start":	3.00017,
					"end":	4.0004,
					"seconds":	1.00024,
					"bytes":	6111232,
					"bits_per_second":	4.88783e+07,
					"jitter_ms":	0.322916,
					"lost_packets":	0,
					"packets":	746,
					"lost_percent":	0,
					"omitted":	false
				}],
			"sum":	{
				"start":	3.00017,
				"end":	4.0004,
				"seconds":	1.00024,
				"bytes":	6111232,
				"bits_per_second":	4.88783e+07,
				"jitter_ms":	0.322916,
				"lost_packets":	0,
				"packets":	746,
				"lost_percent":	0,
				"omitted":	false
			}
		}, {
			"streams":	[{
					"socket":	5,
					"start":	4.0004,
					"end":	5.00031,
					"seconds":	0.999903,
					"bytes":	6193152,
					"bits_per_second":	4.955e+07,
					"jitter_ms":	0.375353,
					"lost_packets":	8,
					"packets":	764,
					"lost_percent":	1.04712,
					"omitted":	false
				}],
			"sum":	{
				"start":	4.0004,
				"end":	5.00031,
				"seconds":	0.999903,
				"bytes":	6193152,
				"bits_per_second":	4.955e+07,
				"jitter_ms":	0.375353,
				"lost_packets":	8,
				"packets":	764,
				"lost_percent":	1.04712,
				"omitted":	false
			}
		}, {
			"streams":	[{
					"socket":	5,
					"start":	5.00031,
					"end":	6.00043,
					"seconds":	1.00013,
					"bytes":	6004736,
					"bits_per_second":	4.80318e+07,
					"jitter_ms":	0.71461,
					"lost_packets":	30,
					"packets":	763,
					"lost_percent":	3.93185,
					"omitted":	false
				}],
			"sum":	{
				"start":	5.00031,
				"end":	6.00043,
				"seconds":	1.00013,
				"bytes":	6004736,
				"bits_per_second":	4.80318e+07,
				"jitter_ms":	0.71461,
				"lost_packets":	30,
				"packets":	763,
				"lost_percent":	3.93185,
				"omitted":	false
			}
		}, {
			"streams":	[{
					"socket":	5,
					"start":	6.00043,
					"end":	7.00035,
					"seconds":	0.999918,
					"bytes":	6053888,
					"bits_per_second":	4.84351e+07,
					"jitter_ms":	0.396358,
					"lost_packets":	18,
					"packets":	757,
					"lost_percent":	2.37781,
					"omitted":	false
				}],
			"sum":	{
				"start":	6.00043,
				"end":	7.00035,
				"seconds":	0.999918,
				"bytes":	6053888,
				"bits_per_second":	4.84351e+07,
				"jitter_ms":	0.396358,
				"lost_packets":	18,
				"packets":	757,
				"lost_percent":	2.37781,
				"omitted":	false
			}
		}, {
			"streams":	[{
					"socket":	5,
					"start":	7.00035,
					"end":	8.00014,
					"seconds":	0.999787,
					"bytes":	6201344,
					"bits_per_second":	4.96213e+07,
					"jitter_ms":	0.30699,
					"lost_packets":	15,
					"packets":	772,
					"lost_percent":	1.94301,
					"omitted":	false
				}],
			"sum":	{
				"start":	7.00035,
				"end":	8.00014,
				"seconds":	0.999787,
				"bytes":	6201344,
				"bits_per_second":	4.96213e+07,
				"jitter_ms":	0.30699,
				"lost_packets":	15,
				"packets":	772,
				"lost_percent":	1.94301,
				"omitted":	false
			}
		}, {
			"streams":	[{
					"socket":	5,
					"start":	8.00014,
					"end":	9.00116,
					"seconds":	1.00102,
					"bytes":	6103040,
					"bits_per_second":	4.87747e+07,
					"jitter_ms":	0.550005,
					"lost_packets":	18,
					"packets":	761,
					"lost_percent":	2.36531,
					"omitted":	false
				}],
			"sum":	{
				"start":	8.00014,
				"end":	9.00116,
				"seconds":	1.00102,
				"bytes":	6103040,
				"bits_per_second":	4.87747e+07,
				"jitter_ms":	0.550005,
				"lost_packets":	18,
				"packets":	761,
				"lost_percent":	2.36531,
				"omitted":	false
			}
		}, {
			"streams":	[{
					"socket":	5,
					"start":	9.00116,
					"end":	10.0004,
					"seconds":	0.999244,
					"bytes":	6152192,
					"bits_per_second":	4.92548e+07,
					"jitter_ms":	0.393368,
					"lost_packets":	23,
					"packets":	768,
					"lost_percent":	2.99479,
					"omitted":	false
				}],
			"sum":	{
				"start":	9.00116,
				"end":	10.0004,
				"seconds":	0.999244,
				"bytes":	6152192,
				"bits_per_second":	4.92548e+07,
				"jitter_ms":	0.393368,
				"lost_packets":	23,
				"packets":	768,
				"lost_percent":	2.99479,
				"omitted":	false
			}
		}, {
			"streams":	[{
					"socket":	5,
					"start":	10.0004,
					"end":	11.0002,
					"seconds":	0.999818,
					"bytes":	6053888,
					"bits_per_second":	4.84399e+07,
					"jitter_ms":	0.326083,
					"lost_packets":	9,
					"packets":	748,
					"lost_percent":	1.20321,
					"omitted":	false
				}],
			"sum":	{
				"start":	10.0004,
				"end":	11.0002,
				"seconds":	0.999818,
				"bytes":	6053888,
				"bits_per_second":	4.84399e+07,
				"jitter_ms":	0.326083,
				"lost_packets":	9,
				"packets":	748,
				"lost_percent":	1.20321,
				"omitted":	false
			}
		}, {
			"streams":	[{
					"socket":	5,
					"start":	11.0002,
					"end":	12.0002,
					"seconds":	0.999977,
					"bytes":	6209536,
					"bits_per_second":	4.96774e+07,
					"jitter_ms":	0.608651,
					"lost_packets":	18,
					"packets":	775,
					"lost_percent":	2.32258,
					"omitted":	false
				}],
			"sum":	{
				"start":	11.0002,
				"end":	12.0002,
				"seconds":	0.999977,
				"bytes":	6209536,
				"bits_per_second":	4.96774e+07,
				"jitter_ms":	0.608651,
				"lost_packets":	18,
				"packets":	775,
				"lost_percent":	2.32258,
				"omitted":	false
			}
		}, {
			"streams":	[{
					"socket":	5,
					"start":	12.0002,
					"end":	13.0002,
					"seconds":	1.00005,
					"bytes":	6193152,
					"bits_per_second":	4.95428e+07,
					"jitter_ms":	1.1669,
					"lost_packets":	0,
					"packets":	756,
					"lost_percent":	0,
					"omitted":	false
				}],
			"sum":	{
				"start":	12.0002,
				"end":	13.0002,
				"seconds":	1.00005,
				"bytes":	6193152,
				"bits_per_second":	4.95428e+07,
				"jitter_ms":	1.1669,
				"lost_packets":	0,
				"packets":	756,
				"lost_percent":	0,
				"omitted":	false
			}
		}, {
			"streams":	[{
					"socket":	5,
					"start":	13.0002,
					"end":	14.0015,
					"seconds":	1.0013,
					"bytes":	6217728,
					"bits_per_second":	4.96773e+07,
					"jitter_ms":	0.362947,
					"lost_packets":	5,
					"packets":	764,
					"lost_percent":	0.65445,
					"omitted":	false
				}],
			"sum":	{
				"start":	13.0002,
				"end":	14.0015,
				"seconds":	1.0013,
				"bytes":	6217728,
				"bits_per_second":	4.96773e+07,
				"jitter_ms":	0.362947,
				"lost_packets":	5,
				"packets":	764,
				"lost_percent":	0.65445,
				"omitted":	false
			}
		}, {
			"streams":	[{
					"socket":	5,
					"start":	14.0015,
					"end":	15.0005,
					"seconds":	0.998991,
					"bytes":	6209536,
					"bits_per_second":	4.97265e+07,
					"jitter_ms":	0.96711,
					"lost_packets":	19,
					"packets":	766,
					"lost_percent":	2.48042,
					"omitted":	false
				}],
			"sum":	{
				"start":	14.0015,
				"end":	15.0005,
				"seconds":	0.998991,
				"bytes":	6209536,
				"bits_per_second":	4.97265e+07,
				"jitter_ms":	0.96711,
				"lost_packets":	19,
				"packets":	766,
				"lost_percent":	2.48042,
				"omitted":	false
			}
		}, {
			"streams":	[{
					"socket":	5,
					"start":	15.0005,
					"end":	16.0002,
					"seconds":	0.999696,
					"bytes":	6144000,
					"bits_per_second":	4.91669e+07,
					"jitter_ms":	0.493668,
					"lost_packets":	5,
					"packets":	755,
					"lost_percent":	0.662252,
					"omitted":	false
				}],
			"sum":	{
				"start":	15.0005,
				"end":	16.0002,
				"seconds":	0.999696,
				"bytes":	6144000,
				"bits_per_second":	4.91669e+07,
				"jitter_ms":	0.493668,
				"lost_packets":	5,
				"packets":	755,
				"lost_percent":	0.662252,
				"omitted":	false
			}
		}, {
			"streams":	[{
					"socket":	5,
					"start":	16.0002,
					"end":	17.0002,
					"seconds":	0.999927,
					"bytes":	6234112,
					"bits_per_second":	4.98765e+07,
					"jitter_ms":	0.350824,
					"lost_packets":	0,
					"packets":	761,
					"lost_percent":	0,
					"omitted":	false
				}],
			"sum":	{
				"start":	16.0002,
				"end":	17.0002,
				"seconds":	0.999927,
				"bytes":	6234112,
				"bits_per_second":	4.98765e+07,
				"jitter_ms":	0.350824,
				"lost_packets":	0,
				"packets":	761,
				"lost_percent":	0,
				"omitted":	false
			}
		}, {
			"streams":	[{
					"socket":	5,
					"start":	17.0002,
					"end":	18.002,
					"seconds":	1.00186,
					"bytes":	6291456,
					"bits_per_second":	5.02384e+07,
					"jitter_ms":	0.813178,
					"lost_packets":	21,
					"packets":	774,
					"lost_percent":	2.71318,
					"omitted":	false
				}],
			"sum":	{
				"start":	17.0002,
				"end":	18.002,
				"seconds":	1.00186,
				"bytes":	6291456,
				"bits_per_second":	5.02384e+07,
				"jitter_ms":	0.813178,
				"lost_packets":	21,
				"packets":	774,
				"lost_percent":	2.71318,
				"omitted":	false
			}
		}, {
			"streams":	[{
					"socket":	5,
					"start":	18.002,
					"end":	19.0033,
					"seconds":	1.00127,
					"bytes":	6127616,
					"bits_per_second":	4.89587e+07,
					"jitter_ms":	0.374614,
					"lost_packets":	6,
					"packets":	754,
					"lost_percent":	0.795756,
					"omitted":	false
				}],
			"sum":	{
				"start":	18.002,
				"end":	19.0033,
				"seconds":	1.00127,
				"bytes":	6127616,
				"bits_per_second":	4.89587e+07,
				"jitter_ms":	0.374614,
				"lost_packets":	6,
				"packets":	754,
				"lost_percent":	0.795756,
				"omitted":	false
			}
		}, {
			"streams":	[{
					"socket":	5,
					"start":	19.0033,
					"end":	20.0002,
					"seconds":	0.996933,
					"bytes":	6242304,
					"bits_per_second":	5.00921e+07,
					"jitter_ms":	0.349097,
					"lost_packets":	3,
					"packets":	762,
					"lost_percent":	0.393701,
					"omitted":	false
				}],
			"sum":	{
				"start":	19.0033,
				"end":	20.0002,
				"seconds":	0.996933,
				"bytes":	6242304,
				"bits_per_second":	5.00921e+07,
				"jitter_ms":	0.349097,
				"lost_packets":	3,
				"packets":	762,
				"lost_percent":	0.393701,
				"omitted":	false
			}
		}, {
			"streams":	[{
					"socket":	5,
					"start":	20.0002,
					"end":	21.0004,
					"seconds":	1.00023,
					"bytes":	6250496,
					"bits_per_second":	4.99924e+07,
					"jitter_ms":	0.590767,
					"lost_packets":	6,
					"packets":	763,
					"lost_percent":	0.78637,
					"omitted":	false
				}],
			"sum":	{
				"start":	20.0002,
				"end":	21.0004,
				"seconds":	1.00023,
				"bytes":	6250496,
				"bits_per_second":	4.99924e+07,
				"jitter_ms":	0.590767,
				"lost_packets":	6,
				"packets":	763,
				"lost_percent":	0.78637,
				"omitted":	false
			}
		}, {
			"streams":	[{
					"socket":	5,
					"start":	21.0004,
					"end":	22.0005,
					"seconds":	1.0001,
					"bytes":	6103040,
					"bits_per_second":	4.88195e+07,
					"jitter_ms":	1.01404,
					"lost_packets":	22,
					"packets":	762,
					"lost_percent":	2.88714,
					"omitted":	false
				}],
			"sum":	{
				"start":	21.0004,
				"end":	22.0005,
				"seconds":	1.0001,
				"bytes":	6103040,
				"bits_per_second":	4.88195e+07,
				"jitter_ms":	1.01404,
				"lost_packets":	22,
				"packets":	762,
				"lost_percent":	2.88714,
				"omitted":	false
			}
		}, {
			"streams":	[{
					"socket":	5,
					"start":	22.0005,
					"end":	23.0003,
					"seconds":	0.999761,
					"bytes":	6340608,
					"bits_per_second":	5.0737e+07,
					"jitter_ms":	0.694008,
					"lost_packets":	8,
					"packets":	777,
					"lost_percent":	1.0296,
					"omitted":	false
				}],
			"sum":	{
				"start":	22.0005,
				"end":	23.0003,
				"seconds":	0.999761,
				"bytes":	6340608,
				"bits_per_second":	5.0737e+07,
				"jitter_ms":	0.694008,
				"lost_packets":	8,
				"packets":	777,
				"lost_percent":	1.0296,
				"omitted":	false
			}
		}, {
			"streams":	[{
					"socket":	5,
					"start":	23.0003,
					"end":	24.0005,
					"seconds":	1.00022,
					"bytes":	6234112,
					"bits_per_second":	4.98619e+07,
					"jitter_ms":	1.18122,
					"lost_packets":	10,
					"packets":	771,
					"lost_percent":	1.29702,
					"omitted":	false
				}],
			"sum":	{
				"start":	23.0003,
				"end":	24.0005,
				"seconds":	1.00022,
				"bytes":	6234112,
				"bits_per_second":	4.98619e+07,
				"jitter_ms":	1.18122,
				"lost_packets":	10,
				"packets":	771,
				"lost_percent":	1.29702,
				"omitted":	false
			}
		}, {
			"streams":	[{
					"socket":	5,
					"start":	24.0005,
					"end":	25.0001,
					"seconds":	0.999578,
					"bytes":	6004736,
					"bits_per_second":	4.80582e+07,
					"jitter_ms":	1.36495,
					"lost_packets":	33,
					"packets":	759,
					"lost_percent":	4.34783,
					"omitted":	false
				}],
			"sum":	{
				"start":	24.0005,
				"end":	25.0001,
				"seconds":	0.999578,
				"bytes":	6004736,
				"bits_per_second":	4.80582e+07,
				"jitter_ms":	1.36495,
				"lost_packets":	33,
				"packets":	759,
				"lost_percent":	4.34783,
				"omitted":	false
			}
		}, {
			"streams":	[{
					"socket":	5,
					"start":	25.0001,
					"end":	26.0002,
					"seconds":	1.00014,
					"bytes":	6111232,
					"bits_per_second":	4.88829e+07,
					"jitter_ms":	0.922495,
					"lost_packets":	27,
					"packets":	755,
					"lost_percent":	3.57616,
					"omitted":	false
				}],
			"sum":	{
				"start":	25.0001,
				"end":	26.0002,
				"seconds":	1.00014,
				"bytes":	6111232,
				"bits_per_second":	4.88829e+07,
				"jitter_ms":	0.922495,
				"lost_packets":	27,
				"packets":	755,
				"lost_percent":	3.57616,
				"omitted":	false
			}
		}, {
			"streams":	[{
					"socket":	5,
					"start":	26.0002,
					"end":	27.02,
					"seconds":	1.0198,
					"bytes":	6127616,
					"bits_per_second":	4.80693e+07,
					"jitter_ms":	2.51426,
					"lost_packets":	10,
					"packets":	749,
					"lost_percent":	1.33511,
					"omitted":	false
				}],
			"sum":	{
				"start":	26.0002,
				"end":	27.02,
				"seconds":	1.0198,
				"bytes":	6127616,
				"bits_per_second":	4.80693e+07,
				"jitter_ms":	2.51426,
				"lost_packets":	10,
				"packets":	749,
				"lost_percent":	1.33511,
				"omitted":	false
			}
		}, {
			"streams":	[{
					"socket":	5,
					"start":	27.02,
					"end":	28.0005,
					"seconds":	0.980435,
					"bytes":	5922816,
					"bits_per_second":	4.83281e+07,
					"jitter_ms":	0.446511,
					"lost_packets":	53,
					"packets":	771,
					"lost_percent":	6.87419,
					"omitted":	false
				}],
			"sum":	{
				"start":	27.02,
				"end":	28.0005,
				"seconds":	0.980435,
				"bytes":	5922816,
				"bits_per_second":	4.83281e+07,
				"jitter_ms":	0.446511,
				"lost_packets":	53,
				"packets":	771,
				"lost_percent":	6.87419,
				"omitted":	false
			}
		}, {
			"streams":	[{
					"socket":	5,
					"start":	28.0005,
					"end":	29.0004,
					"seconds":	0.999925,
					"bytes":	6242304,
					"bits_per_second":	4.99422e+07,
					"jitter_ms":	0.435862,
					"lost_packets":	6,
					"packets":	767,
					"lost_percent":	0.782269,
					"omitted":	false
				}],
			"sum":	{
				"start":	28.0005,
				"end":	29.0004,
				"seconds":	0.999925,
				"bytes":	6242304,
				"bits_per_second":	4.99422e+07,
				"jitter_ms":	0.435862,
				"lost_packets":	6,
				"packets":	767,
				"lost_percent":	0.782269,
				"omitted":	false
			}
		}, {
			"streams":	[{
					"socket":	5,
					"start":	29.0004,
					"end":	30.0015,
					"seconds":	1.00114,
					"bytes":	6348800,
					"bits_per_second":	5.07325e+07,
					"jitter_ms":	1.2648,
					"lost_packets":	17,
					"packets":	786,
					"lost_percent":	2.16285,
					"omitted":	false
				}],
			"sum":	{
				"start":	29.0004,
				"end":	30.0015,
				"seconds":	1.00114,
				"bytes":	6348800,
				"bits_per_second":	5.07325e+07,
				"jitter_ms":	1.2648,
				"lost_packets":	17,
				"packets":	786,
				"lost_percent":	2.16285,
				"omitted":	false
			}
		}, {
			"streams":	[{
					"socket":	5,
					"start":	30.0015,
					"end":	31.0003,
					"seconds":	0.998787,
					"bytes":	5849088,
					"bits_per_second":	4.68495e+07,
					"jitter_ms":	0.622401,
					"lost_packets":	28,
					"packets":	732,
					"lost_percent":	3.82514,
					"omitted":	false
				}],
			"sum":	{
				"start":	30.0015,
				"end":	31.0003,
				"seconds":	0.998787,
				"bytes":	5849088,
				"bits_per_second":	4.68495e+07,
				"jitter_ms":	0.622401,
				"lost_packets":	28,
				"packets":	732,
				"lost_percent":	3.82514,
				"omitted":	false
			}
		}, {
			"streams":	[{
					"socket":	5,
					"start":	31.0003,
					"end":	32.0007,
					"seconds":	1.00038,
					"bytes":	6184960,
					"bits_per_second":	4.94609e+07,
					"jitter_ms":	0.431267,
					"lost_packets":	9,
					"packets":	763,
					"lost_percent":	1.17955,
					"omitted":	false
				}],
			"sum":	{
				"start":	31.0003,
				"end":	32.0007,
				"seconds":	1.00038,
				"bytes":	6184960,
				"bits_per_second":	4.94609e+07,
				"jitter_ms":	0.431267,
				"lost_packets":	9,
				"packets":	763,
				"lost_percent":	1.17955,
				"omitted":	false
			}
		}, {
			"streams":	[{
					"socket":	5,
					"start":	32.0007,
					"end":	33.0003,
					"seconds":	0.999614,
					"bytes":	6209536,
					"bits_per_second":	4.96955e+07,
					"jitter_ms":	0.856711,
					"lost_packets":	19,
					"packets":	777,
					"lost_percent":	2.4453,
					"omitted":	false
				}],
			"sum":	{
				"start":	32.0007,
				"end":	33.0003,
				"seconds":	0.999614,
				"bytes":	6209536,
				"bits_per_second":	4.96955e+07,
				"jitter_ms":	0.856711,
				"lost_packets":	19,
				"packets":	777,
				"lost_percent":	2.4453,
				"omitted":	false
			}
		}, {
			"streams":	[{
					"socket":	5,
					"start":	33.0003,
					"end":	34.0007,
					"seconds":	1.00035,
					"bytes":	6021120,
					"bits_per_second":	4.8152e+07,
					"jitter_ms":	0.559776,
					"lost_packets":	29,
					"packets":	760,
					"lost_percent":	3.81579,
					"omitted":	false
				}],
			"sum":	{
				"start":	33.0003,
				"end":	34.0007,
				"seconds":	1.00035,
				"bytes":	6021120,
				"bits_per_second":	4.8152e+07,
				"jitter_ms":	0.559776,
				"lost_packets":	29,
				"packets":	760,
				"lost_percent":	3.81579,
				"omitted":	false
			}
		}, {
			"streams":	[{
					"socket":	5,
					"start":	34.0007,
					"end":	35.0003,
					"seconds":	0.999662,
					"bytes":	6275072,
					"bits_per_second":	5.02175e+07,
					"jitter_ms":	0.486408,
					"lost_packets":	8,
					"packets":	770,
					"lost_percent":	1.03896,
					"omitted":	false
				}],
			"sum":	{
				"start":	34.0007,
				"end":	35.0003,
				"seconds":	0.999662,
				"bytes":	6275072,
				"bits_per_second":	5.02175e+07,
				"jitter_ms":	0.486408,
				"lost_packets":	8,
				"packets":	770,
				"lost_percent":	1.03896,
				"omitted":	false
			}
		}, {
			"streams":	[{
					"socket":	5,
					"start":	35.0003,
					"end":	36.0027,
					"seconds":	1.00238,
					"bytes":	5996544,
					"bits_per_second":	4.78582e+07,
					"jitter_ms":	0.617043,
					"lost_packets":	17,
					"packets":	745,
					"lost_percent":	2.28188,
					"omitted":	false
				}],
			"sum":	{
				"start":	35.0003,
				"end":	36.0027,
				"seconds":	1.00238,
				"bytes":	5996544,
				"bits_per_second":	4.78582e+07,
				"jitter_ms":	0.617043,
				"lost_packets":	17,
				"packets":	745,
				"lost_percent":	2.28188,
				"omitted":	false
			}
		}, {
			"streams":	[{
					"socket":	5,
					"start":	36.0027,
					"end":	37.0004,
					"seconds":	0.997656,
					"bytes":	6152192,
					"bits_per_second":	4.93332e+07,
					"jitter_ms":	0.446099,
					"lost_packets":	21,
					"packets":	769,
					"lost_percent":	2.73082,
					"omitted":	false
				}],
			"sum":	{
				"start":	36.0027,
				"end":	37.0004,
				"seconds":	0.997656,
				"bytes":	6152192,
				"bits_per_second":	4.93332e+07,
				"jitter_ms":	0.446099,
				"lost_packets":	21,
				"packets":	769,
				"lost_percent":	2.73082,
				"omitted":	false
			}
		}, {
			"streams":	[{
					"socket":	5,
					"start":	37.0004,
					"end":	38.0003,
					"seconds":	0.999937,
					"bytes":	6168576,
					"bits_per_second":	4.93517e+07,
					"jitter_ms":	0.352078,
					"lost_packets":	4,
					"packets":	756,
					"lost_percent":	0.529101,
					"omitted":	false
				}],
			"sum":	{
				"start":	37.0004,
				"end":	38.0003,
				"seconds":	0.999937,
				"bytes":	6168576,
				"bits_per_second":	4.93517e+07,
				"jitter_ms":	0.352078,
				"lost_packets":	4,
				"packets":	756,
				"lost_percent":	0.529101,
				"omitted":	false
			}
		}, {
			"streams":	[{
					"socket":	5,
					"start":	38.0003,
					"end":	39.0003,
					"seconds":	0.999959,
					"bytes":	6135808,
					"bits_per_second":	4.90885e+07,
					"jitter_ms":	0.523184,
					"lost_packets":	17,
					"packets":	764,
					"lost_percent":	2.22513,
					"omitted":	false
				}],
			"sum":	{
				"start":	38.0003,
				"end":	39.0003,
				"seconds":	0.999959,
				"bytes":	6135808,
				"bits_per_second":	4.90885e+07,
				"jitter_ms":	0.523184,
				"lost_packets":	17,
				"packets":	764,
				"lost_percent":	2.22513,
				"omitted":	false
			}
		}, {
			"streams":	[{
					"socket":	5,
					"start":	39.0003,
					"end":	39.0272,
					"seconds":	0.026895,
					"bytes":	0,
					"bits_per_second":	0,
					"jitter_ms":	0.523184,
					"lost_packets":	0,
					"packets":	0,
					"lost_percent":	-nan,
					"omitted":	false
				}],
			"sum":	{
				"start":	39.0003,
				"end":	39.0272,
				"seconds":	0.026895,
				"bytes":	0,
				"bits_per_second":	0,
				"jitter_ms":	0.523184,
				"lost_packets":	0,
				"packets":	0,
				"lost_percent":	-nan,
				"omitted":	false
			}
		}],
	"end":	{
		"streams":	[{
				"udp":	{
					"socket":	5,
					"start":	0,
					"end":	39.0272,
					"seconds":	39.0272,
					"bytes":	243154944,
					"bits_per_second":	4.98432e+07,
					"jitter_ms":	0.523184,
					"lost_packets":	877,
					"packets":	29682,
					"lost_percent":	2.95465
				}
			}],
		"sum":	{
			"start":	0,
			"end":	39.0272,
			"seconds":	39.0272,
			"bytes":	243154944,
			"bits_per_second":	4.98432e+07,
			"jitter_ms":	0.523184,
			"lost_packets":	877,
			"packets":	29682,
			"lost_percent":	2.95465
		},
		"cpu_utilization_percent":	{
			"host_total":	5.27893,
			"host_user":	0.414642,
			"host_system":	4.86428,
			"remote_total":	10.7112,
			"remote_user":	0.443955,
			"remote_system":	10.2673
		}
	},
	"error":	"OUT OF ORDER - incoming packet = 13 and received packet = 16 AND SP = 5",
	"error":	"OUT OF ORDER - incoming packet = 18 and received packet = 19 AND SP = 5",
	"error":	"OUT OF ORDER - incoming packet = 20 and received packet = 24 AND SP = 5",
	"error":	"OUT OF ORDER - incoming packet = 21 and received packet = 24 AND SP = 5",
	"error":	"OUT OF ORDER - incoming packet = 23 and received packet = 25 AND SP = 5",
	"error":	"OUT OF ORDER - incoming packet = 26 and received packet = 29 AND SP = 5",
	"error":	"OUT OF ORDER - incoming packet = 30 and received packet = 31 AND SP = 5",
	"error":	"OUT OF ORDER - incoming packet = 32 and received packet = 34 AND SP = 5",
	"error":	"OUT OF ORDER - incoming packet = 33 and received packet = 35 AND SP = 5",
	"error":	"OUT OF ORDER - incoming packet = 43 and received packet = 44 AND SP = 5",
	"error":	"OUT OF ORDER - incoming packet = 45 and received packet = 47 AND SP = 5",
	"error":	"OUT OF ORDER - incoming packet = 46 and received packet = 47 AND SP = 5",
	"error":	"OUT OF ORDER - incoming packet = 209 and received packet = 210 AND SP = 5",
	"error":	"OUT OF ORDER - incoming packet = 221 and received packet = 222 AND SP = 5",
	"error":	"OUT OF ORDER - incoming packet = 224 and received packet = 225 AND SP = 5",
	"error":	"OUT OF ORDER - incoming packet = 248 and received packet = 249 AND SP = 5",
	"error":	"OUT OF ORDER - incoming packet = 252 and received packet = 253 AND SP = 5",
	"error":	"OUT OF ORDER - incoming packet = 254 and received packet = 255 AND SP = 5",
	"error":	"OUT OF ORDER - incoming packet = 335 and received packet = 338 AND SP = 5",
	"error":	"OUT OF ORDER - incoming packet = 336 and received packet = 338 AND SP = 5",
	"error":	"OUT OF ORDER - incoming packet = 339 and received packet = 341 AND SP = 5",
	"error":	"OUT OF ORDER - incoming packet = 340 and received packet = 342 AND SP = 5",
	"error":	"OUT OF ORDER - incoming packet = 343 and received packet = 345 AND SP = 5",
	"error":	"OUT OF ORDER - incoming packet = 337 and received packet = 345 AND SP = 5",
	"error":	"OUT OF ORDER - incoming packet = 344 and received packet = 345 AND SP = 5",
	"error":	"OUT OF ORDER - incoming packet = 346 and received packet = 347 AND SP = 5",
	"error":	"OUT OF ORDER - incoming packet = 348 and received packet = 354 AND SP = 5",
	"error":	"OUT OF ORDER - incoming packet = 349 and received packet = 354 AND SP = 5",
	"error":	"OUT OF ORDER - incoming packet = 413 and received packet = 415 AND SP = 5",
	"error":	"OUT OF ORDER - incoming packet = 414 and received packet = 415 AND SP = 5",
	"error":	"OUT OF ORDER - incoming packet = 505 and received packet = 507 AND SP = 5",
	"error":	"OUT OF ORDER - incoming packet = 506 and received packet = 513 AND SP = 5",
	"error":	"OUT OF ORDER - incoming packet = 508 and received packet = 513 AND SP = 5",
	"error":	"OUT OF ORDER - incoming packet = 512 and received packet = 513 AND SP = 5",
	"error":	"OUT OF ORDER - incoming packet = 509 and received packet = 513 AND SP = 5",
	"error":	"OUT OF ORDER - incoming packet = 510 and received packet = 513 AND SP = 5",
	"error":	"OUT OF ORDER - incoming packet = 511 and received packet = 513 AND SP = 5",
	"error":	"OUT OF ORDER - incoming packet = 652 and received packet = 656 AND SP = 5",
	"error":	"OUT OF ORDER - incoming packet = 653 and received packet = 657 AND SP = 5",
	"error":	"OUT OF ORDER - incoming packet = 654 and received packet = 658 AND SP = 5",
	"error":	"OUT OF ORDER - incoming packet = 665 and received packet = 668 AND SP = 5",
	"error":	"OUT OF ORDER - incoming packet = 669 and received packet = 670 AND SP = 5",
	"error":	"OUT OF ORDER - incoming packet = 690 and received packet = 694 AND SP = 5",
	"error":	"OUT OF ORDER - incoming packet = 691 and received packet = 694 AND SP = 5",
	"error":	"OUT OF ORDER - incoming packet = 692 and received packet = 694 AND SP = 5",
	"error":	"OUT OF ORDER - incoming packet = 693 and received packet = 694 AND SP = 5",
	"error":	"OUT OF ORDER - incoming packet = 695 and received packet = 697 AND SP = 5",
	"error":	"OUT OF ORDER - incoming packet = 702 and received packet = 706 AND SP = 5",
	"error":	"OUT OF ORDER - incoming packet = 703 and received packet = 709 AND SP = 5",
	"error":	"OUT OF ORDER - incoming packet = 708 and received packet = 709 AND SP = 5",
	"error":	"OUT OF ORDER - incoming packet = 704 and received packet = 709 AND SP = 5",
	"error":	"OUT OF ORDER - incoming packet = 707 and received packet = 710 AND SP = 5",
	"error":	"OUT OF ORDER - incoming packet = 723 and received packet = 733 AND SP = 5",
	"error":	"OUT OF ORDER - incoming packet = 737 and received packet = 739 AND SP = 5",
	"error":	"OUT OF ORDER - incoming packet = 738 and received packet = 739 AND SP = 5",
	"error":	"OUT OF ORDER - incoming packet = 736 and received packet = 739 AND SP = 5",
	"error":	"OUT OF ORDER - incoming packet = 775 and received packet = 777 AND SP = 5",
	"error":	"OUT OF ORDER - incoming packet = 776 and received packet = 778 AND SP = 5",
	"error":	"OUT OF ORDER - incoming packet = 784 and received packet = 786 AND SP = 5",
	"error":	"OUT OF ORDER - incoming packet = 788 and received packet = 790 AND SP = 5",
	"error":	"OUT OF ORDER - incoming packet = 789 and received packet = 790 AND SP = 5",
	"error":	"OUT OF ORDER - incoming packet = 794 and received packet = 795 AND SP = 5",
	"error":	"OUT OF ORDER - incoming packet = 815 and received packet = 818 AND SP = 5",
	"error":	"OUT OF ORDER - incoming packet = 816 and received packet = 830 AND SP = 5",
	"error":	"OUT OF ORDER - incoming packet = 933 and received packet = 934 AND SP = 5",
	"error":	"OUT OF ORDER - incoming packet = 994 and received packet = 996 AND SP = 5",
	"error":	"OUT OF ORDER - incoming packet = 995 and received packet = 996 AND SP = 5",
	"error":	"OUT OF ORDER - incoming packet = 1007 and received packet = 1008 AND SP = 5",
	"error":	"OUT OF ORDER - incoming packet = 1180 and received packet = 1181 AND SP = 5",
	"error":	"OUT OF ORDER - incoming packet = 1188 and received packet = 1191 AND SP = 5",
	"error":	"OUT OF ORDER - incoming packet = 1189 and received packet = 1193 AND SP = 5",
	"error":	"OUT OF ORDER - incoming packet = 1190 and received packet = 1193 AND SP = 5",
	"error":	"OUT OF ORDER - incoming packet = 1192 and received packet = 1193 AND SP = 5",
	"error":	"OUT OF ORDER - incoming packet = 1195 and received packet = 1196 AND SP = 5",
	"error":	"OUT OF ORDER - incoming packet = 1298 and received packet = 1299 AND SP = 5",
	"error":	"OUT OF ORDER - incoming packet = 1300 and received packet = 1301 AND SP = 5",
	"error":	"OUT OF ORDER - incoming packet = 1457 and received packet = 1459 AND SP = 5",
	"error":	"OUT OF ORDER - incoming packet = 1590 and received packet = 1592 AND SP = 5",
	"error":	"OUT OF ORDER - incoming packet = 1591 and received packet = 1600 AND SP = 5",
	"error":	"OUT OF ORDER - incoming packet = 1594 and received packet = 1601 AND SP = 5",
	"error":	"OUT OF ORDER - incoming packet = 1597 and received packet = 1603 AND SP = 5",
	"error":	"OUT OF ORDER - incoming packet = 1598 and received packet = 1604 AND SP = 5",
	"error":	"OUT OF ORDER - incoming packet = 1599 and received packet = 1604 AND SP = 5",
	"error":	"OUT OF ORDER - incoming packet = 1595 and received packet = 1604 AND SP = 5",
	"error":	"OUT OF ORDER - incoming packet = 1659 and received packet = 1660 AND SP = 5",
	"error":	"OUT OF ORDER - incoming packet = 1652 and received packet = 1661 AND SP = 5",
	"error":	"OUT OF ORDER - incoming packet = 1676 and received packet = 1679 AND SP = 5",
	"error":	"OUT OF ORDER - incoming packet = 1680 and received packet = 1681 AND SP = 5",
	"error":	"OUT OF ORDER - incoming packet = 1682 and received packet = 1685 AND SP = 5",
	"error":	"OUT OF ORDER - incoming packet = 1683 and received packet = 1685 AND SP = 5",
	"error":	"OUT OF ORDER - incoming packet = 1702 and received packet = 1704 AND SP = 5",
	"error":	"OUT OF ORDER - incoming packet = 1703 and received packet = 1704 AND SP = 5",
	"error":	"OUT OF ORDER - incoming packet = 1767 and received packet = 1775 AND SP = 5",
	"error":	"OUT OF ORDER - incoming packet = 1782 and received packet = 1784 AND SP = 5",
	"error":	"OUT OF ORDER - incoming packet = 1783 and received packet = 1784 AND SP = 5",
	"error":	"OUT OF ORDER - incoming packet = 1832 and received packet = 1833 AND SP = 5",
	"error":	"OUT OF ORDER - incoming packet = 1923 and received packet = 1926 AND SP = 5",
	"error":	"OUT OF ORDER - incoming packet = 1924 and received packet = 1926 AND SP = 5",
	"error":	"OUT OF ORDER - incoming packet = 1925 and received packet = 1926 AND SP = 5",
	"error":	"OUT OF ORDER - incoming packet = 1938 and received packet = 1939 AND SP = 5",
	"error":	"OUT OF ORDER - incoming packet = 1936 and received packet = 1939 AND SP = 5",
	"error":	"OUT OF ORDER - incoming packet = 1937 and received packet = 1939 AND SP = 5",
	"error":	"OUT OF ORDER - incoming packet = 1983 and received packet = 1984 AND SP = 5",
	"error":	"OUT OF ORDER - incoming packet = 1989 and received packet = 1991 AND SP = 5",
	"error":	"OUT OF ORDER - incoming packet = 1990 and received packet = 1991 AND SP = 5",
	"error":	"OUT OF ORDER - incoming packet = 1993 and received packet = 1994 AND SP = 5",
	"error":	"OUT OF ORDER - incoming packet = 2016 and received packet = 2017 AND SP = 5",
	"error":	"OUT OF ORDER - incoming packet = 2067 and received packet = 2068 AND SP = 5",
	"error":	"OUT OF ORDER - incoming packet = 6723 and received packet = 6726 AND SP = 5",
	"error":	"OUT OF ORDER - incoming packet = 6727 and received packet = 6734 AND SP = 5",
	"error":	"OUT OF ORDER - incoming packet = 6958 and received packet = 6960 AND SP = 5",
	"error":	"OUT OF ORDER - incoming packet = 6959 and received packet = 6960 AND SP = 5",
	"error":	"OUT OF ORDER - incoming packet = 6962 and received packet = 6963 AND SP = 5",
	"error":	"OUT OF ORDER - incoming packet = 6966 and received packet = 6967 AND SP = 5",
	"error":	"OUT OF ORDER - incoming packet = 6964 and received packet = 6969 AND SP = 5",
	"error":	"OUT OF ORDER - incoming packet = 6987 and received packet = 6989 AND SP = 5",
	"error":	"OUT OF ORDER - incoming packet = 8975 and received packet = 8976 AND SP = 5",
	"error":	"OUT OF ORDER - incoming packet = 10769 and received packet = 10771 AND SP = 5",
	"error":	"OUT OF ORDER - incoming packet = 10770 and received packet = 10771 AND SP = 5",
	"error":	"OUT OF ORDER - incoming packet = 11196 and received packet = 11205 AND SP = 5",
	"error":	"OUT OF ORDER - incoming packet = 11200 and received packet = 11209 AND SP = 5",
	"error":	"OUT OF ORDER - incoming packet = 11240 and received packet = 11242 AND SP = 5",
	"error":	"OUT OF ORDER - incoming packet = 11268 and received packet = 11270 AND SP = 5",
	"error":	"OUT OF ORDER - incoming packet = 11271 and received packet = 11273 AND SP = 5",
	"error":	"OUT OF ORDER - incoming packet = 11269 and received packet = 11273 AND SP = 5",
	"error":	"OUT OF ORDER - incoming packet = 11272 and received packet = 11276 AND SP = 5",
	"error":	"OUT OF ORDER - incoming packet = 11274 and received packet = 11284 AND SP = 5",
	"error":	"OUT OF ORDER - incoming packet = 11277 and received packet = 11285 AND SP = 5",
	"error":	"OUT OF ORDER - incoming packet = 13622 and received packet = 13651 AND SP = 5",
	"error":	"OUT OF ORDER - incoming packet = 13623 and received packet = 13651 AND SP = 5",
	"error":	"OUT OF ORDER - incoming packet = 13624 and received packet = 13651 AND SP = 5",
	"error":	"OUT OF ORDER - incoming packet = 13625 and received packet = 13651 AND SP = 5",
	"error":	"OUT OF ORDER - incoming packet = 13626 and received packet = 13651 AND SP = 5",
	"error":	"OUT OF ORDER - incoming packet = 13627 and received packet = 13651 AND SP = 5",
	"error":	"OUT OF ORDER - incoming packet = 13628 and received packet = 13651 AND SP = 5",
	"error":	"OUT OF ORDER - incoming packet = 13629 and received packet = 13651 AND SP = 5",
	"error":	"OUT OF ORDER - incoming packet = 13630 and received packet = 13651 AND SP = 5",
	"error":	"OUT OF ORDER - incoming packet = 13631 and received packet = 13651 AND SP = 5",
	"error":	"OUT OF ORDER - incoming packet = 13632 and received packet = 13651 AND SP = 5",
	"error":	"OUT OF ORDER - incoming packet = 13633 and received packet = 13651 AND SP = 5",
	"error":	"OUT OF ORDER - incoming packet = 13634 and received packet = 13651 AND SP = 5",
	"error":	"OUT OF ORDER - incoming packet = 13635 and received packet = 13651 AND SP = 5",
	"error":	"OUT OF ORDER - incoming packet = 13636 and received packet = 13651 AND SP = 5",
	"error":	"OUT OF ORDER - incoming packet = 14805 and received packet = 14809 AND SP = 5",
	"error":	"OUT OF ORDER - incoming packet = 14934 and received packet = 14935 AND SP = 5",
	"error":	"OUT OF ORDER - incoming packet = 14939 and received packet = 14940 AND SP = 5",
	"error":	"OUT OF ORDER - incoming packet = 15450 and received packet = 15453 AND SP = 5",
	"error":	"OUT OF ORDER - incoming packet = 15454 and received packet = 15457 AND SP = 5",
	"error":	"OUT OF ORDER - incoming packet = 15486 and received packet = 15490 AND SP = 5",
	"error":	"OUT OF ORDER - incoming packet = 15826 and received packet = 15827 AND SP = 5",
	"error":	"OUT OF ORDER - incoming packet = 15887 and received packet = 15888 AND SP = 5",
	"error":	"OUT OF ORDER - incoming packet = 15891 and received packet = 15892 AND SP = 5",
	"error":	"OUT OF ORDER - incoming packet = 16100 and received packet = 16101 AND SP = 5",
	"error":	"OUT OF ORDER - incoming packet = 16568 and received packet = 16571 AND SP = 5",
	"error":	"OUT OF ORDER - incoming packet = 16577 and received packet = 16583 AND SP = 5",
	"error":	"OUT OF ORDER - incoming packet = 16594 and received packet = 16596 AND SP = 5",
	"error":	"OUT OF ORDER - incoming packet = 16595 and received packet = 16596 AND SP = 5",
	"error":	"OUT OF ORDER - incoming packet = 16730 and received packet = 16731 AND SP = 5",
	"error":	"OUT OF ORDER - incoming packet = 16732 and received packet = 16733 AND SP = 5",
	"error":	"OUT OF ORDER - incoming packet = 16750 and received packet = 16752 AND SP = 5",
	"error":	"OUT OF ORDER - incoming packet = 16751 and received packet = 16752 AND SP = 5",
	"error":	"OUT OF ORDER - incoming packet = 16953 and received packet = 16957 AND SP = 5",
	"error":	"OUT OF ORDER - incoming packet = 18260 and received packet = 18261 AND SP = 5",
	"error":	"OUT OF ORDER - incoming packet = 18350 and received packet = 18351 AND SP = 5",
	"error":	"OUT OF ORDER - incoming packet = 18438 and received packet = 18439 AND SP = 5",
	"error":	"OUT OF ORDER - incoming packet = 18513 and received packet = 18514 AND SP = 5",
	"error":	"OUT OF ORDER - incoming packet = 18777 and received packet = 18778 AND SP = 5",
	"error":	"OUT OF ORDER - incoming packet = 18784 and received packet = 18786 AND SP = 5",
	"error":	"OUT OF ORDER - incoming packet = 18991 and received packet = 18992 AND SP = 5",
	"error":	"OUT OF ORDER - incoming packet = 19026 and received packet = 19027 AND SP = 5",
	"error":	"OUT OF ORDER - incoming packet = 19086 and received packet = 19087 AND SP = 5",
	"error":	"OUT OF ORDER - incoming packet = 19221 and received packet = 19222 AND SP = 5",
	"error":	"OUT OF ORDER - incoming packet = 19486 and received packet = 19488 AND SP = 5",
	"error":	"OUT OF ORDER - incoming packet = 19492 and received packet = 19496 AND SP = 5",
	"error":	"OUT OF ORDER - incoming packet = 19504 and received packet = 19507 AND SP = 5",
	"error":	"OUT OF ORDER - incoming packet = 19505 and received packet = 19507 AND SP = 5",
	"error":	"OUT OF ORDER - incoming packet = 19508 and received packet = 19512 AND SP = 5",
	"error":	"OUT OF ORDER - incoming packet = 19509 and received packet = 19512 AND SP = 5",
	"error":	"OUT OF ORDER - incoming packet = 19513 and received packet = 19514 AND SP = 5",
	"error":	"OUT OF ORDER - incoming packet = 19517 and received packet = 19518 AND SP = 5",
	"error":	"OUT OF ORDER - incoming packet = 19523 and received packet = 19525 AND SP = 5",
	"error":	"OUT OF ORDER - incoming packet = 19625 and received packet = 19627 AND SP = 5",
	"error":	"OUT OF ORDER - incoming packet = 19626 and received packet = 19627 AND SP = 5",
	"error":	"OUT OF ORDER - incoming packet = 19628 and received packet = 19629 AND SP = 5",
	"error":	"OUT OF ORDER - incoming packet = 19739 and received packet = 19740 AND SP = 5",
	"error":	"OUT OF ORDER - incoming packet = 19754 and received packet = 19758 AND SP = 5",
	"error":	"OUT OF ORDER - incoming packet = 19771 and received packet = 19773 AND SP = 5",
	"error":	"OUT OF ORDER - incoming packet = 19803 and received packet = 19807 AND SP = 5",
	"error":	"OUT OF ORDER - incoming packet = 19843 and received packet = 19845 AND SP = 5",
	"error":	"OUT OF ORDER - incoming packet = 20204 and received packet = 20208 AND SP = 5",
	"error":	"OUT OF ORDER - incoming packet = 20205 and received packet = 20208 AND SP = 5",
	"error":	"OUT OF ORDER - incoming packet = 20209 and received packet = 20212 AND SP = 5",
	"error":	"OUT OF ORDER - incoming packet = 20233 and received packet = 20236 AND SP = 5",
	"error":	"OUT OF ORDER - incoming packet = 20237 and received packet = 20238 AND SP = 5",
	"error":	"OUT OF ORDER - incoming packet = 20414 and received packet = 20415 AND SP = 5",
	"error":	"OUT OF ORDER - incoming packet = 20439 and received packet = 20440 AND SP = 5",
	"error":	"OUT OF ORDER - incoming packet = 20525 and received packet = 20526 AND SP = 5",
	"error":	"OUT OF ORDER - incoming packet = 20632 and received packet = 20633 AND SP = 5",
	"error":	"OUT OF ORDER - incoming packet = 20671 and received packet = 20672 AND SP = 5",
	"error":	"OUT OF ORDER - incoming packet = 20677 and received packet = 20678 AND SP = 5",
	"error":	"OUT OF ORDER - incoming packet = 20995 and received packet = 20996 AND SP = 5",
	"error":	"OUT OF ORDER - incoming packet = 21302 and received packet = 21303 AND SP = 5",
	"error":	"OUT OF ORDER - incoming packet = 22066 and received packet = 22069 AND SP = 5",
	"error":	"OUT OF ORDER - incoming packet = 22067 and received packet = 22069 AND SP = 5",
	"error":	"OUT OF ORDER - incoming packet = 22442 and received packet = 22443 AND SP = 5",
	"error":	"OUT OF ORDER - incoming packet = 22550 and received packet = 22551 AND SP = 5",
	"error":	"OUT OF ORDER - incoming packet = 22604 and received packet = 22608 AND SP = 5",
	"error":	"OUT OF ORDER - incoming packet = 22624 and received packet = 22625 AND SP = 5",
	"error":	"OUT OF ORDER - incoming packet = 22904 and received packet = 22905 AND SP = 5",
	"error":	"OUT OF ORDER - incoming packet = 22927 and received packet = 22928 AND SP = 5",
	"error":	"OUT OF ORDER - incoming packet = 22969 and received packet = 22971 AND SP = 5",
	"error":	"OUT OF ORDER - incoming packet = 23298 and received packet = 23299 AND SP = 5",
	"error":	"OUT OF ORDER - incoming packet = 23301 and received packet = 23302 AND SP = 5",
	"error":	"OUT OF ORDER - incoming packet = 23310 and received packet = 23311 AND SP = 5",
	"error":	"OUT OF ORDER - incoming packet = 23369 and received packet = 23370 AND SP = 5",
	"error":	"OUT OF ORDER - incoming packet = 23374 and received packet = 23375 AND SP = 5",
	"error":	"OUT OF ORDER - incoming packet = 23535 and received packet = 23536 AND SP = 5",
	"error":	"OUT OF ORDER - incoming packet = 23537 and received packet = 23538 AND SP = 5",
	"error":	"OUT OF ORDER - incoming packet = 23735 and received packet = 23736 AND SP = 5",
	"error":	"OUT OF ORDER - incoming packet = 25503 and received packet = 25507 AND SP = 5",
	"error":	"OUT OF ORDER - incoming packet = 25504 and received packet = 25507 AND SP = 5",
	"error":	"OUT OF ORDER - incoming packet = 25505 and received packet = 25507 AND SP = 5",
	"error":	"OUT OF ORDER - incoming packet = 25506 and received packet = 25507 AND SP = 5",
	"error":	"OUT OF ORDER - incoming packet = 25967 and received packet = 25968 AND SP = 5",
	"error":	"OUT OF ORDER - incoming packet = 25976 and received packet = 25979 AND SP = 5",
	"error":	"OUT OF ORDER - incoming packet = 25977 and received packet = 25985 AND SP = 5",
	"error":	"OUT OF ORDER - incoming packet = 26243 and received packet = 26244 AND SP = 5",
	"error":	"OUT OF ORDER - incoming packet = 26931 and received packet = 26935 AND SP = 5",
	"error":	"OUT OF ORDER - incoming packet = 26934 and received packet = 26935 AND SP = 5",
	"error":	"OUT OF ORDER - incoming packet = 27136 and received packet = 27137 AND SP = 5",
	"error":	"OUT OF ORDER - incoming packet = 27382 and received packet = 27389 AND SP = 5",
	"error":	"OUT OF ORDER - incoming packet = 27460 and received packet = 27461 AND SP = 5",
	"error":	"OUT OF ORDER - incoming packet = 27827 and received packet = 27828 AND SP = 5",
	"error":	"OUT OF ORDER - incoming packet = 28114 and received packet = 28115 AND SP = 5",
	"error":	"OUT OF ORDER - incoming packet = 28796 and received packet = 28797 AND SP = 5",
	"error":	"OUT OF ORDER - incoming packet = 28974 and received packet = 28976 AND SP = 5",
	"error":	"OUT OF ORDER - incoming packet = 28975 and received packet = 28976 AND SP = 5"
}
