{
	"start":	{
		"connected":	[{
				"socket":	5,
				"local_host":	"10.0.0.12",
				"local_port":	2045,
				"remote_host":	"10.0.0.7",
				"remote_port":	60116
			}],
		"version":	"iperf 3.0.7",
		"system_info":	"Linux MECS5 5.4.197-0504197-generic #202206060747 SMP Mon Jun 6 09:27:47 UTC 2022 x86_64 x86_64 x86_64 GNU/Linux\n",
		"timestamp":	{
			"time":	"Mon, 25 Jul 2022 21:42:43 GMT",
			"timesecs":	1658785363
		},
		"accepted_connection":	{
			"host":	"10.0.0.7",
			"port":	51836
		},
		"cookie":	"BS7.1658785363.271685.16e0b9c33015be",
		"test_start":	{
			"protocol":	"UDP",
			"num_streams":	1,
			"blksize":	8192,
			"omit":	0,
			"duration":	9,
			"bytes":	0,
			"blocks":	0,
			"reverse":	0
		}
	},
	"intervals":	[{
			"streams":	[{
					"socket":	5,
					"start":	0,
					"end":	1.00041,
					"seconds":	1.00041,
					"bytes":	5488640,
					"bits_per_second":	4.38909e+07,
					"jitter_ms":	1.04654,
					"lost_packets":	34,
					"packets":	699,
					"lost_percent":	4.86409,
					"omitted":	false
				}],
			"sum":	{
				"start":	0,
				"end":	1.00041,
				"seconds":	1.00041,
				"bytes":	5488640,
				"bits_per_second":	4.38909e+07,
				"jitter_ms":	1.04654,
				"lost_packets":	34,
				"packets":	699,
				"lost_percent":	4.86409,
				"omitted":	false
			}
		}, {
			"streams":	[{
					"socket":	5,
					"start":	1.00041,
					"end":	2.00032,
					"seconds":	0.999905,
					"bytes":	6201344,
					"bits_per_second":	4.96155e+07,
					"jitter_ms":	1.19651,
					"lost_packets":	4,
					"packets":	757,
					"lost_percent":	0.528402,
					"omitted":	false
				}],
			"sum":	{
				"start":	1.00041,
				"end":	2.00032,
				"seconds":	0.999905,
				"bytes":	6201344,
				"bits_per_second":	4.96155e+07,
				"jitter_ms":	1.19651,
				"lost_packets":	4,
				"packets":	757,
				"lost_percent":	0.528402,
				"omitted":	false
			}
		}, {
			"streams":	[{
					"socket":	5,
					"start":	2.00032,
					"end":	3.00033,
					"seconds":	1.00001,
					"bytes":	6266880,
					"bits_per_second":	5.01345e+07,
					"jitter_ms":	0.564744,
					"lost_packets":	8,
					"packets":	765,
					"lost_percent":	1.04575,
					"omitted":	false
				}],
			"sum":	{
				"start":	2.00032,
				"end":	3.00033,
				"seconds":	1.00001,
				"bytes":	6266880,
				"bits_per_second":	5.01345e+07,
				"jitter_ms":	0.564744,
				"lost_packets":	8,
				"packets":	765,
				"lost_percent":	1.04575,
				"omitted":	false
			}
		}, {
			"streams":	[{
					"socket":	5,
					"start":	3.00033,
					"end":	4.00056,
					"seconds":	1.00023,
					"bytes":	6332416,
					"bits_per_second":	5.06475e+07,
					"jitter_ms":	0.533896,
					"lost_packets":	4,
					"packets":	774,
					"lost_percent":	0.516796,
					"omitted":	false
				}],
			"sum":	{
				"start":	3.00033,
				"end":	4.00056,
				"seconds":	1.00023,
				"bytes":	6332416,
				"bits_per_second":	5.06475e+07,
				"jitter_ms":	0.533896,
				"lost_packets":	4,
				"packets":	774,
				"lost_percent":	0.516796,
				"omitted":	false
			}
		}, {
			"streams":	[{
					"socket":	5,
					"start":	4.00056,
					"end":	5.00068,
					"seconds":	1.00012,
					"bytes":	6283264,
					"bits_per_second":	5.02603e+07,
					"jitter_ms":	1.3611,
					"lost_packets":	15,
					"packets":	771,
					"lost_percent":	1.94553,
					"omitted":	false
				}],
			"sum":	{
				"start":	4.00056,
				"end":	5.00068,
				"seconds":	1.00012,
				"bytes":	6283264,
				"bits_per_second":	5.02603e+07,
				"jitter_ms":	1.3611,
				"lost_packets":	15,
				"packets":	771,
				"lost_percent":	1.94553,
				"omitted":	false
			}
		}, {
			"streams":	[{
					"socket":	5,
					"start":	5.00068,
					"end":	6.00031,
					"seconds":	0.999635,
					"bytes":	6176768,
					"bits_per_second":	4.94322e+07,
					"jitter_ms":	0.601121,
					"lost_packets":	14,
					"packets":	754,
					"lost_percent":	1.85676,
					"omitted":	false
				}],
			"sum":	{
				"start":	5.00068,
				"end":	6.00031,
				"seconds":	0.999635,
				"bytes":	6176768,
				"bits_per_second":	4.94322e+07,
				"jitter_ms":	0.601121,
				"lost_packets":	14,
				"packets":	754,
				"lost_percent":	1.85676,
				"omitted":	false
			}
		}, {
			"streams":	[{
					"socket":	5,
					"start":	6.00031,
					"end":	7.00082,
					"seconds":	1.0005,
					"bytes":	6094848,
					"bits_per_second":	4.87343e+07,
					"jitter_ms":	0.545128,
					"lost_packets":	26,
					"packets":	757,
					"lost_percent":	3.43461,
					"omitted":	false
				}],
			"sum":	{
				"start":	6.00031,
				"end":	7.00082,
				"seconds":	1.0005,
				"bytes":	6094848,
				"bits_per_second":	4.87343e+07,
				"jitter_ms":	0.545128,
				"lost_packets":	26,
				"packets":	757,
				"lost_percent":	3.43461,
				"omitted":	false
			}
		}, {
			"streams":	[{
					"socket":	5,
					"start":	7.00082,
					"end":	8.0003,
					"seconds":	0.999479,
					"bytes":	6135808,
					"bits_per_second":	4.9112e+07,
					"jitter_ms":	0.341418,
					"lost_packets":	9,
					"packets":	753,
					"lost_percent":	1.19522,
					"omitted":	false
				}],
			"sum":	{
				"start":	7.00082,
				"end":	8.0003,
				"seconds":	0.999479,
				"bytes":	6135808,
				"bits_per_second":	4.9112e+07,
				"jitter_ms":	0.341418,
				"lost_packets":	9,
				"packets":	753,
				"lost_percent":	1.19522,
				"omitted":	false
			}
		}, {
			"streams":	[{
					"socket":	5,
					"start":	8.0003,
					"end":	9.00024,
					"seconds":	0.999943,
					"bytes":	6250496,
					"bits_per_second":	5.00068e+07,
					"jitter_ms":	0.436648,
					"lost_packets":	2,
					"packets":	763,
					"lost_percent":	0.262123,
					"omitted":	false
				}],
			"sum":	{
				"start":	8.0003,
				"end":	9.00024,
				"seconds":	0.999943,
				"bytes":	6250496,
				"bits_per_second":	5.00068e+07,
				"jitter_ms":	0.436648,
				"lost_packets":	2,
				"packets":	763,
				"lost_percent":	0.262123,
				"omitted":	false
			}
		}, {
			"streams":	[{
					"socket":	5,
					"start":	9.00024,
					"end":	9.01062,
					"seconds":	0.01038,
					"bytes":	0,
					"bits_per_second":	0,
					"jitter_ms":	0.436648,
					"lost_packets":	0,
					"packets":	0,
					"lost_percent":	-nan,
					"omitted":	false
				}],
			"sum":	{
				"start":	9.00024,
				"end":	9.01062,
				"seconds":	0.01038,
				"bytes":	0,
				"bits_per_second":	0,
				"jitter_ms":	0.436648,
				"lost_packets":	0,
				"packets":	0,
				"lost_percent":	-nan,
				"omitted":	false
			}
		}],
	"end":	{
		"streams":	[{
				"udp":	{
					"socket":	5,
					"start":	0,
					"end":	9.01062,
					"seconds":	9.01062,
					"bytes":	55648256,
					"bits_per_second":	4.94068e+07,
					"jitter_ms":	0.436648,
					"lost_packets":	116,
					"packets":	6793,
					"lost_percent":	1.70764
				}
			}],
		"sum":	{
			"start":	0,
			"end":	9.01062,
			"seconds":	9.01062,
			"bytes":	55648256,
			"bits_per_second":	4.94068e+07,
			"jitter_ms":	0.436648,
			"lost_packets":	116,
			"packets":	6793,
			"lost_percent":	1.70764
		},
		"cpu_utilization_percent":	{
			"host_total":	5.81177,
			"host_user":	0.252891,
			"host_system":	5.55887,
			"remote_total":	13.4943,
			"remote_user":	0.263793,
			"remote_system":	13.2305
		}
	},
	"error":	"OUT OF ORDER - incoming packet = 493 and received packet = 494 AND SP = 5",
	"error":	"OUT OF ORDER - incoming packet = 495 and received packet = 496 AND SP = 5",
	"error":	"OUT OF ORDER - incoming packet = 553 and received packet = 557 AND SP = 5",
	"error":	"OUT OF ORDER - incoming packet = 625 and received packet = 626 AND SP = 5",
	"error":	"OUT OF ORDER - incoming packet = 676 and received packet = 679 AND SP = 5",
	"error":	"OUT OF ORDER - incoming packet = 886 and received packet = 887 AND SP = 5",
	"error":	"OUT OF ORDER - incoming packet = 964 and received packet = 965 AND SP = 5",
	"error":	"OUT OF ORDER - incoming packet = 1449 and received packet = 1453 AND SP = 5",
	"error":	"OUT OF ORDER - incoming packet = 1452 and received packet = 1454 AND SP = 5",
	"error":	"OUT OF ORDER - incoming packet = 1467 and received packet = 1468 AND SP = 5",
	"error":	"OUT OF ORDER - incoming packet = 1495 and received packet = 1496 AND SP = 5",
	"error":	"OUT OF ORDER - incoming packet = 1678 and received packet = 1680 AND SP = 5",
	"error":	"OUT OF ORDER - incoming packet = 1679 and received packet = 1680 AND SP = 5",
	"error":	"OUT OF ORDER - incoming packet = 1762 and received packet = 1763 AND SP = 5",
	"error":	"OUT OF ORDER - incoming packet = 1774 and received packet = 1775 AND SP = 5",
	"error":	"OUT OF ORDER - incoming packet = 1890 and received packet = 1891 AND SP = 5",
	"error":	"OUT OF ORDER - incoming packet = 1894 and received packet = 1895 AND SP = 5",
	"error":	"OUT OF ORDER - incoming packet = 2691 and received packet = 2692 AND SP = 5",
	"error":	"OUT OF ORDER - incoming packet = 2789 and received packet = 2790 AND SP = 5",
	"error":	"OUT OF ORDER - incoming packet = 2833 and received packet = 2834 AND SP = 5",
	"error":	"OUT OF ORDER - incoming packet = 3179 and received packet = 3180 AND SP = 5",
	"error":	"OUT OF ORDER - incoming packet = 3265 and received packet = 3266 AND SP = 5",
	"error":	"OUT OF ORDER - incoming packet = 3273 and received packet = 3274 AND SP = 5",
	"error":	"OUT OF ORDER - incoming packet = 3352 and received packet = 3354 AND SP = 5",
	"error":	"OUT OF ORDER - incoming packet = 3353 and received packet = 3354 AND SP = 5",
	"error":	"OUT OF ORDER - incoming packet = 3464 and received packet = 3465 AND SP = 5",
	"error":	"OUT OF ORDER - incoming packet = 3478 and received packet = 3479 AND SP = 5",
	"error":	"OUT OF ORDER - incoming packet = 3532 and received packet = 3533 AND SP = 5",
	"error":	"OUT OF ORDER - incoming packet = 3557 and received packet = 3558 AND SP = 5",
	"error":	"OUT OF ORDER - incoming packet = 3662 and received packet = 3663 AND SP = 5",
	"error":	"OUT OF ORDER - incoming packet = 3758 and received packet = 3759 AND SP = 5",
	"error":	"OUT OF ORDER - incoming packet = 3785 and received packet = 3786 AND SP = 5",
	"error":	"OUT OF ORDER - incoming packet = 3789 and received packet = 3790 AND SP = 5",
	"error":	"OUT OF ORDER - incoming packet = 3794 and received packet = 3803 AND SP = 5",
	"error":	"OUT OF ORDER - incoming packet = 3797 and received packet = 3805 AND SP = 5",
	"error":	"OUT OF ORDER - incoming packet = 3798 and received packet = 3805 AND SP = 5",
	"error":	"OUT OF ORDER - incoming packet = 3844 and received packet = 3845 AND SP = 5",
	"error":	"OUT OF ORDER - incoming packet = 3847 and received packet = 3848 AND SP = 5",
	"error":	"OUT OF ORDER - incoming packet = 3917 and received packet = 3918 AND SP = 5",
	"error":	"OUT OF ORDER - incoming packet = 4037 and received packet = 4038 AND SP = 5",
	"error":	"OUT OF ORDER - incoming packet = 4076 and received packet = 4077 AND SP = 5",
	"error":	"OUT OF ORDER - incoming packet = 4086 and received packet = 4088 AND SP = 5",
	"error":	"OUT OF ORDER - incoming packet = 4348 and received packet = 4349 AND SP = 5",
	"error":	"OUT OF ORDER - incoming packet = 4479 and received packet = 4480 AND SP = 5",
	"error":	"OUT OF ORDER - incoming packet = 4503 and received packet = 4504 AND SP = 5",
	"error":	"OUT OF ORDER - incoming packet = 4568 and received packet = 4570 AND SP = 5",
	"error":	"OUT OF ORDER - incoming packet = 4837 and received packet = 4840 AND SP = 5",
	"error":	"OUT OF ORDER - incoming packet = 4838 and received packet = 4840 AND SP = 5",
	"error":	"OUT OF ORDER - incoming packet = 4839 and received packet = 4840 AND SP = 5",
	"error":	"OUT OF ORDER - incoming packet = 4882 and received packet = 4883 AND SP = 5",
	"error":	"OUT OF ORDER - incoming packet = 4885 and received packet = 4895 AND SP = 5",
	"error":	"OUT OF ORDER - incoming packet = 4892 and received packet = 4895 AND SP = 5",
	"error":	"OUT OF ORDER - incoming packet = 4893 and received packet = 4895 AND SP = 5",
	"error":	"OUT OF ORDER - incoming packet = 4969 and received packet = 4972 AND SP = 5",
	"error":	"OUT OF ORDER - incoming packet = 4971 and received packet = 4972 AND SP = 5",
	"error":	"OUT OF ORDER - incoming packet = 4973 and received packet = 4977 AND SP = 5",
	"error":	"OUT OF ORDER - incoming packet = 4976 and received packet = 4980 AND SP = 5",
	"error":	"OUT OF ORDER - incoming packet = 4998 and received packet = 4999 AND SP = 5",
	"error":	"OUT OF ORDER - incoming packet = 5613 and received packet = 5614 AND SP = 5",
	"error":	"OUT OF ORDER - incoming packet = 5662 and received packet = 5663 AND SP = 5",
	"error":	"OUT OF ORDER - incoming packet = 5665 and received packet = 5666 AND SP = 5",
	"error":	"OUT OF ORDER - incoming packet = 5681 and received packet = 5682 AND SP = 5",
	"error":	"OUT OF ORDER - incoming packet = 5840 and received packet = 5841 AND SP = 5",
	"error":	"OUT OF ORDER - incoming packet = 6090 and received packet = 6091 AND SP = 5",
	"error":	"OUT OF ORDER - incoming packet = 6155 and received packet = 6156 AND SP = 5"
}
