{
	"start":	{
		"connected":	[{
				"socket":	5,
				"local_host":	"10.0.0.7",
				"local_port":	1215,
				"remote_host":	"10.0.0.1",
				"remote_port":	43418
			}],
		"version":	"iperf 3.7",
		"system_info":	"Linux H7 5.4.197-0504197-generic #202206060747 SMP Mon Jun 6 09:27:47 UTC 2022 x86_64",
		"target_bitrate":	15000000,
		"sock_bufsize":	0,
		"sndbuf_actual":	87380,
		"rcvbuf_actual":	87380,
		"timestamp":	{
			"time":	"Mon, 01 Aug 2022 00:25:43 GMT",
			"timesecs":	1659313543
		},
		"accepted_connection":	{
			"host":	"10.0.0.1",
			"port":	43416
		},
		"cookie":	"74ldwpstxlg6fhjije6nw5z3vfeytxpw2onh",
		"tcp_mss_default":	0,
		"target_bitrate":	15000000,
		"test_start":	{
			"protocol":	"TCP",
			"num_streams":	1,
			"blksize":	131072,
			"omit":	0,
			"duration":	5,
			"bytes":	0,
			"blocks":	0,
			"reverse":	0,
			"tos":	0
		}
	},
	"intervals":	[{
			"streams":	[{
					"socket":	5,
					"start":	0,
					"end":	1.000437,
					"seconds":	1.0004370212554932,
					"bytes":	1966080,
					"bits_per_second":	15721769.252662627,
					"omitted":	false,
					"sender":	false
				}],
			"sum":	{
				"start":	0,
				"end":	1.000437,
				"seconds":	1.0004370212554932,
				"bytes":	1966080,
				"bits_per_second":	15721769.252662627,
				"omitted":	false,
				"sender":	false
			}
		}, {
			"streams":	[{
					"socket":	5,
					"start":	1.000437,
					"end":	2.000322,
					"seconds":	0.99988502264022827,
					"bytes":	1835008,
					"bits_per_second":	14681752.069089727,
					"omitted":	false,
					"sender":	false
				}],
			"sum":	{
				"start":	1.000437,
				"end":	2.000322,
				"seconds":	0.99988502264022827,
				"bytes":	1835008,
				"bits_per_second":	14681752.069089727,
				"omitted":	false,
				"sender":	false
			}
		}, {
			"streams":	[{
					"socket":	5,
					"start":	2.000322,
					"end":	3.000607,
					"seconds":	1.0002850294113159,
					"bytes":	1835008,
					"bits_per_second":	14675880.942294475,
					"omitted":	false,
					"sender":	false
				}],
			"sum":	{
				"start":	2.000322,
				"end":	3.000607,
				"seconds":	1.0002850294113159,
				"bytes":	1835008,
				"bits_per_second":	14675880.942294475,
				"omitted":	false,
				"sender":	false
			}
		}, {
			"streams":	[{
					"socket":	5,
					"start":	3.000607,
					"end":	4.001211,
					"seconds":	1.0006040334701538,
					"bytes":	1966080,
					"bits_per_second":	15719145.110231215,
					"omitted":	false,
					"sender":	false
				}],
			"sum":	{
				"start":	3.000607,
				"end":	4.001211,
				"seconds":	1.0006040334701538,
				"bytes":	1966080,
				"bits_per_second":	15719145.110231215,
				"omitted":	false,
				"sender":	false
			}
		}, {
			"streams":	[{
					"socket":	5,
					"start":	4.001211,
					"end":	5.000293,
					"seconds":	0.99908202886581421,
					"bytes":	1835008,
					"bits_per_second":	14693552.25683042,
					"omitted":	false,
					"sender":	false
				}],
			"sum":	{
				"start":	4.001211,
				"end":	5.000293,
				"seconds":	0.99908202886581421,
				"bytes":	1835008,
				"bits_per_second":	14693552.25683042,
				"omitted":	false,
				"sender":	false
			}
		}],
	"end":	{
		"streams":	[{
				"sender":	{
					"socket":	5,
					"start":	0,
					"end":	5.00075,
					"seconds":	5.00075,
					"bytes":	0,
					"bits_per_second":	0,
					"sender":	false
				},
				"receiver":	{
					"socket":	5,
					"start":	0,
					"end":	5.00075,
					"seconds":	5.00075,
					"bytes":	9437184,
					"bits_per_second":	15097229.81552767,
					"sender":	false
				}
			}],
		"sum_sent":	{
			"start":	0,
			"end":	5.00075,
			"seconds":	5.00075,
			"bytes":	0,
			"bits_per_second":	0,
			"sender":	false
		},
		"sum_received":	{
			"start":	0,
			"end":	5.00075,
			"seconds":	5.00075,
			"bytes":	9437184,
			"bits_per_second":	15097229.81552767,
			"sender":	false
		},
		"cpu_utilization_percent":	{
			"host_total":	2.4343830711317449,
			"host_user":	0,
			"host_system":	2.43450282826428,
			"remote_total":	0,
			"remote_user":	0,
			"remote_system":	0
		},
		"receiver_tcp_congestion":	"cubic"
	}
}
