{
	"start":	{
		"connected":	[{
				"socket":	5,
				"local_host":	"10.0.0.21",
				"local_port":	2253,
				"remote_host":	"10.0.0.1",
				"remote_port":	59083
			}],
		"version":	"iperf 3.0.7",
		"system_info":	"Linux CS7 5.4.197-0504197-generic #202206060747 SMP Mon Jun 6 09:27:47 UTC 2022 x86_64 x86_64 x86_64 GNU/Linux\n",
		"timestamp":	{
			"time":	"Mon, 25 Jul 2022 21:48:41 GMT",
			"timesecs":	1658785721
		},
		"accepted_connection":	{
			"host":	"10.0.0.1",
			"port":	36036
		},
		"cookie":	"BS1.1658785721.632799.6d9d9a522b84f2",
		"test_start":	{
			"protocol":	"UDP",
			"num_streams":	1,
			"blksize":	8192,
			"omit":	0,
			"duration":	9,
			"bytes":	0,
			"blocks":	0,
			"reverse":	0
		}
	},
	"intervals":	[{
			"streams":	[{
					"socket":	5,
					"start":	0,
					"end":	1.00093,
					"seconds":	1.00093,
					"bytes":	2859008,
					"bits_per_second":	2.28508e+07,
					"jitter_ms":	1.14322,
					"lost_packets":	28,
					"packets":	351,
					"lost_percent":	7.97721,
					"omitted":	false
				}],
			"sum":	{
				"start":	0,
				"end":	1.00093,
				"seconds":	1.00093,
				"bytes":	2859008,
				"bits_per_second":	2.28508e+07,
				"jitter_ms":	1.14322,
				"lost_packets":	28,
				"packets":	351,
				"lost_percent":	7.97721,
				"omitted":	false
			}
		}, {
			"streams":	[{
					"socket":	5,
					"start":	1.00093,
					"end":	2.0004,
					"seconds":	0.999469,
					"bytes":	3080192,
					"bits_per_second":	2.46546e+07,
					"jitter_ms":	0.790123,
					"lost_packets":	7,
					"packets":	376,
					"lost_percent":	1.8617,
					"omitted":	false
				}],
			"sum":	{
				"start":	1.00093,
				"end":	2.0004,
				"seconds":	0.999469,
				"bytes":	3080192,
				"bits_per_second":	2.46546e+07,
				"jitter_ms":	0.790123,
				"lost_packets":	7,
				"packets":	376,
				"lost_percent":	1.8617,
				"omitted":	false
			}
		}, {
			"streams":	[{
					"socket":	5,
					"start":	2.0004,
					"end":	3.00116,
					"seconds":	1.00076,
					"bytes":	3121152,
					"bits_per_second":	2.49501e+07,
					"jitter_ms":	0.789773,
					"lost_packets":	1,
					"packets":	381,
					"lost_percent":	0.262467,
					"omitted":	false
				}],
			"sum":	{
				"start":	2.0004,
				"end":	3.00116,
				"seconds":	1.00076,
				"bytes":	3121152,
				"bits_per_second":	2.49501e+07,
				"jitter_ms":	0.789773,
				"lost_packets":	1,
				"packets":	381,
				"lost_percent":	0.262467,
				"omitted":	false
			}
		}, {
			"streams":	[{
					"socket":	5,
					"start":	3.00116,
					"end":	4.00543,
					"seconds":	1.00426,
					"bytes":	3121152,
					"bits_per_second":	2.48632e+07,
					"jitter_ms":	0.429959,
					"lost_packets":	3,
					"packets":	381,
					"lost_percent":	0.787402,
					"omitted":	false
				}],
			"sum":	{
				"start":	3.00116,
				"end":	4.00543,
				"seconds":	1.00426,
				"bytes":	3121152,
				"bits_per_second":	2.48632e+07,
				"jitter_ms":	0.429959,
				"lost_packets":	3,
				"packets":	381,
				"lost_percent":	0.787402,
				"omitted":	false
			}
		}, {
			"streams":	[{
					"socket":	5,
					"start":	4.00543,
					"end":	5.00045,
					"seconds":	0.995025,
					"bytes":	3121152,
					"bits_per_second":	2.50941e+07,
					"jitter_ms":	0.876011,
					"lost_packets":	2,
					"packets":	381,
					"lost_percent":	0.524934,
					"omitted":	false
				}],
			"sum":	{
				"start":	4.00543,
				"end":	5.00045,
				"seconds":	0.995025,
				"bytes":	3121152,
				"bits_per_second":	2.50941e+07,
				"jitter_ms":	0.876011,
				"lost_packets":	2,
				"packets":	381,
				"lost_percent":	0.524934,
				"omitted":	false
			}
		}, {
			"streams":	[{
					"socket":	5,
					"start":	5.00045,
					"end":	6.00149,
					"seconds":	1.00103,
					"bytes":	3129344,
					"bits_per_second":	2.50089e+07,
					"jitter_ms":	0.80621,
					"lost_packets":	0,
					"packets":	382,
					"lost_percent":	0,
					"omitted":	false
				}],
			"sum":	{
				"start":	5.00045,
				"end":	6.00149,
				"seconds":	1.00103,
				"bytes":	3129344,
				"bits_per_second":	2.50089e+07,
				"jitter_ms":	0.80621,
				"lost_packets":	0,
				"packets":	382,
				"lost_percent":	0,
				"omitted":	false
			}
		}, {
			"streams":	[{
					"socket":	5,
					"start":	6.00149,
					"end":	7.00549,
					"seconds":	1.004,
					"bytes":	2818048,
					"bits_per_second":	2.24546e+07,
					"jitter_ms":	1.51658,
					"lost_packets":	63,
					"packets":	384,
					"lost_percent":	16.4062,
					"omitted":	false
				}],
			"sum":	{
				"start":	6.00149,
				"end":	7.00549,
				"seconds":	1.004,
				"bytes":	2818048,
				"bits_per_second":	2.24546e+07,
				"jitter_ms":	1.51658,
				"lost_packets":	63,
				"packets":	384,
				"lost_percent":	16.4062,
				"omitted":	false
			}
		}, {
			"streams":	[{
					"socket":	5,
					"start":	7.00549,
					"end":	8.00041,
					"seconds":	0.994925,
					"bytes":	3104768,
					"bits_per_second":	2.49648e+07,
					"jitter_ms":	0.623835,
					"lost_packets":	7,
					"packets":	379,
					"lost_percent":	1.84697,
					"omitted":	false
				}],
			"sum":	{
				"start":	7.00549,
				"end":	8.00041,
				"seconds":	0.994925,
				"bytes":	3104768,
				"bits_per_second":	2.49648e+07,
				"jitter_ms":	0.623835,
				"lost_packets":	7,
				"packets":	379,
				"lost_percent":	1.84697,
				"omitted":	false
			}
		}, {
			"streams":	[{
					"socket":	5,
					"start":	8.00041,
					"end":	9.00017,
					"seconds":	0.999756,
					"bytes":	3162112,
					"bits_per_second":	2.53031e+07,
					"jitter_ms":	1.23128,
					"lost_packets":	8,
					"packets":	386,
					"lost_percent":	2.07254,
					"omitted":	false
				}],
			"sum":	{
				"start":	8.00041,
				"end":	9.00017,
				"seconds":	0.999756,
				"bytes":	3162112,
				"bits_per_second":	2.53031e+07,
				"jitter_ms":	1.23128,
				"lost_packets":	8,
				"packets":	386,
				"lost_percent":	2.07254,
				"omitted":	false
			}
		}, {
			"streams":	[{
					"socket":	5,
					"start":	9.00017,
					"end":	9.04552,
					"seconds":	0.045347,
					"bytes":	0,
					"bits_per_second":	0,
					"jitter_ms":	1.23128,
					"lost_packets":	0,
					"packets":	0,
					"lost_percent":	-nan,
					"omitted":	false
				}],
			"sum":	{
				"start":	9.00017,
				"end":	9.04552,
				"seconds":	0.045347,
				"bytes":	0,
				"bits_per_second":	0,
				"jitter_ms":	1.23128,
				"lost_packets":	0,
				"packets":	0,
				"lost_percent":	-nan,
				"omitted":	false
			}
		}],
	"end":	{
		"streams":	[{
				"udp":	{
					"socket":	5,
					"start":	0,
					"end":	9.04552,
					"seconds":	9.04552,
					"bytes":	27860992,
					"bits_per_second":	2.46407e+07,
					"jitter_ms":	1.23128,
					"lost_packets":	119,
					"packets":	3401,
					"lost_percent":	3.49897
				}
			}],
		"sum":	{
			"start":	0,
			"end":	9.04552,
			"seconds":	9.04552,
			"bytes":	27860992,
			"bits_per_second":	2.46407e+07,
			"jitter_ms":	1.23128,
			"lost_packets":	119,
			"packets":	3401,
			"lost_percent":	3.49897
		},
		"cpu_utilization_percent":	{
			"host_total":	3.24431,
			"host_user":	0.28468,
			"host_system":	2.95961,
			"remote_total":	4.7028,
			"remote_user":	0.241909,
			"remote_system":	4.46083
		}
	},
	"error":	"OUT OF ORDER - incoming packet = 4 and received packet = 6 AND SP = 5",
	"error":	"OUT OF ORDER - incoming packet = 1 and received packet = 6 AND SP = 5",
	"error":	"OUT OF ORDER - incoming packet = 2 and received packet = 6 AND SP = 5",
	"error":	"OUT OF ORDER - incoming packet = 3 and received packet = 8 AND SP = 5",
	"error":	"OUT OF ORDER - incoming packet = 19 and received packet = 20 AND SP = 5",
	"error":	"OUT OF ORDER - incoming packet = 21 and received packet = 22 AND SP = 5",
	"error":	"OUT OF ORDER - incoming packet = 23 and received packet = 24 AND SP = 5",
	"error":	"OUT OF ORDER - incoming packet = 46 and received packet = 48 AND SP = 5",
	"error":	"OUT OF ORDER - incoming packet = 86 and received packet = 87 AND SP = 5",
	"error":	"OUT OF ORDER - incoming packet = 144 and received packet = 145 AND SP = 5",
	"error":	"OUT OF ORDER - incoming packet = 164 and received packet = 165 AND SP = 5",
	"error":	"OUT OF ORDER - incoming packet = 171 and received packet = 172 AND SP = 5",
	"error":	"OUT OF ORDER - incoming packet = 174 and received packet = 175 AND SP = 5",
	"error":	"OUT OF ORDER - incoming packet = 233 and received packet = 234 AND SP = 5",
	"error":	"OUT OF ORDER - incoming packet = 241 and received packet = 244 AND SP = 5",
	"error":	"OUT OF ORDER - incoming packet = 243 and received packet = 244 AND SP = 5",
	"error":	"OUT OF ORDER - incoming packet = 245 and received packet = 248 AND SP = 5",
	"error":	"OUT OF ORDER - incoming packet = 247 and received packet = 248 AND SP = 5",
	"error":	"OUT OF ORDER - incoming packet = 246 and received packet = 249 AND SP = 5",
	"error":	"OUT OF ORDER - incoming packet = 250 and received packet = 254 AND SP = 5",
	"error":	"OUT OF ORDER - incoming packet = 251 and received packet = 254 AND SP = 5",
	"error":	"OUT OF ORDER - incoming packet = 333 and received packet = 334 AND SP = 5",
	"error":	"OUT OF ORDER - incoming packet = 332 and received packet = 334 AND SP = 5",
	"error":	"OUT OF ORDER - incoming packet = 336 and received packet = 337 AND SP = 5",
	"error":	"OUT OF ORDER - incoming packet = 338 and received packet = 339 AND SP = 5",
	"error":	"OUT OF ORDER - incoming packet = 335 and received packet = 339 AND SP = 5",
	"error":	"OUT OF ORDER - incoming packet = 357 and received packet = 358 AND SP = 5",
	"error":	"OUT OF ORDER - incoming packet = 360 and received packet = 361 AND SP = 5",
	"error":	"OUT OF ORDER - incoming packet = 370 and received packet = 371 AND SP = 5",
	"error":	"OUT OF ORDER - incoming packet = 372 and received packet = 373 AND SP = 5",
	"error":	"OUT OF ORDER - incoming packet = 392 and received packet = 395 AND SP = 5",
	"error":	"OUT OF ORDER - incoming packet = 431 and received packet = 432 AND SP = 5",
	"error":	"OUT OF ORDER - incoming packet = 721 and received packet = 722 AND SP = 5",
	"error":	"OUT OF ORDER - incoming packet = 828 and received packet = 829 AND SP = 5",
	"error":	"OUT OF ORDER - incoming packet = 1120 and received packet = 1122 AND SP = 5",
	"error":	"OUT OF ORDER - incoming packet = 1236 and received packet = 1237 AND SP = 5",
	"error":	"OUT OF ORDER - incoming packet = 1315 and received packet = 1316 AND SP = 5",
	"error":	"OUT OF ORDER - incoming packet = 1643 and received packet = 1644 AND SP = 5",
	"error":	"OUT OF ORDER - incoming packet = 1645 and received packet = 1646 AND SP = 5",
	"error":	"OUT OF ORDER - incoming packet = 2282 and received packet = 2285 AND SP = 5",
	"error":	"OUT OF ORDER - incoming packet = 2279 and received packet = 2288 AND SP = 5",
	"error":	"OUT OF ORDER - incoming packet = 2283 and received packet = 2288 AND SP = 5",
	"error":	"OUT OF ORDER - incoming packet = 2280 and received packet = 2289 AND SP = 5",
	"error":	"OUT OF ORDER - incoming packet = 2281 and received packet = 2289 AND SP = 5",
	"error":	"OUT OF ORDER - incoming packet = 2287 and received packet = 2289 AND SP = 5",
	"error":	"OUT OF ORDER - incoming packet = 2293 and received packet = 2295 AND SP = 5",
	"error":	"OUT OF ORDER - incoming packet = 2291 and received packet = 2295 AND SP = 5",
	"error":	"OUT OF ORDER - incoming packet = 2298 and received packet = 2299 AND SP = 5",
	"error":	"OUT OF ORDER - incoming packet = 2294 and received packet = 2299 AND SP = 5",
	"error":	"OUT OF ORDER - incoming packet = 2297 and received packet = 2299 AND SP = 5",
	"error":	"OUT OF ORDER - incoming packet = 2304 and received packet = 2306 AND SP = 5",
	"error":	"OUT OF ORDER - incoming packet = 2300 and received packet = 2306 AND SP = 5",
	"error":	"OUT OF ORDER - incoming packet = 2296 and received packet = 2307 AND SP = 5",
	"error":	"OUT OF ORDER - incoming packet = 2302 and received packet = 2307 AND SP = 5",
	"error":	"OUT OF ORDER - incoming packet = 2305 and received packet = 2307 AND SP = 5",
	"error":	"OUT OF ORDER - incoming packet = 2303 and received packet = 2309 AND SP = 5",
	"error":	"OUT OF ORDER - incoming packet = 2301 and received packet = 2309 AND SP = 5",
	"error":	"OUT OF ORDER - incoming packet = 2314 and received packet = 2316 AND SP = 5",
	"error":	"OUT OF ORDER - incoming packet = 2319 and received packet = 2320 AND SP = 5",
	"error":	"OUT OF ORDER - incoming packet = 2323 and received packet = 2326 AND SP = 5",
	"error":	"OUT OF ORDER - incoming packet = 2324 and received packet = 2326 AND SP = 5",
	"error":	"OUT OF ORDER - incoming packet = 2325 and received packet = 2326 AND SP = 5",
	"error":	"OUT OF ORDER - incoming packet = 2639 and received packet = 2642 AND SP = 5",
	"error":	"OUT OF ORDER - incoming packet = 2640 and received packet = 2642 AND SP = 5",
	"error":	"OUT OF ORDER - incoming packet = 2647 and received packet = 2648 AND SP = 5",
	"error":	"OUT OF ORDER - incoming packet = 2646 and received packet = 2649 AND SP = 5",
	"error":	"OUT OF ORDER - incoming packet = 2650 and received packet = 2653 AND SP = 5",
	"error":	"OUT OF ORDER - incoming packet = 2652 and received packet = 2654 AND SP = 5",
	"error":	"OUT OF ORDER - incoming packet = 2655 and received packet = 2658 AND SP = 5",
	"error":	"OUT OF ORDER - incoming packet = 3083 and received packet = 3084 AND SP = 5",
	"error":	"OUT OF ORDER - incoming packet = 3334 and received packet = 3336 AND SP = 5",
	"error":	"OUT OF ORDER - incoming packet = 3335 and received packet = 3336 AND SP = 5",
	"error":	"OUT OF ORDER - incoming packet = 3379 and received packet = 3382 AND SP = 5",
	"error":	"OUT OF ORDER - incoming packet = 3380 and received packet = 3383 AND SP = 5",
	"error":	"OUT OF ORDER - incoming packet = 3381 and received packet = 3384 AND SP = 5",
	"error":	"OUT OF ORDER - incoming packet = 3385 and received packet = 3391 AND SP = 5",
	"error":	"OUT OF ORDER - incoming packet = 3387 and received packet = 3392 AND SP = 5"
}
