{
	"start":	{
		"connected":	[{
				"socket":	5,
				"local_host":	"10.0.0.8",
				"local_port":	1632,
				"remote_host":	"10.0.0.1",
				"remote_port":	47334
			}],
		"version":	"iperf 3.0.7",
		"system_info":	"Linux H8 5.4.197-0504197-generic #202206060747 SMP Mon Jun 6 09:27:47 UTC 2022 x86_64 x86_64 x86_64 GNU/Linux\n",
		"timestamp":	{
			"time":	"Fri, 22 Jul 2022 09:31:39 GMT",
			"timesecs":	1658482299
		},
		"accepted_connection":	{
			"host":	"10.0.0.1",
			"port":	47332
		},
		"cookie":	"H1.1658482299.419086.2612bb77148279c",
		"tcp_mss_default":	1448,
		"test_start":	{
			"protocol":	"TCP",
			"num_streams":	1,
			"blksize":	131072,
			"omit":	0,
			"duration":	5,
			"bytes":	0,
			"blocks":	0,
			"reverse":	0
		}
	},
	"intervals":	[{
			"streams":	[{
					"socket":	5,
					"start":	0,
					"end":	1.00076,
					"seconds":	1.00076,
					"bytes":	1703936,
					"bits_per_second":	1.36211e+07,
					"omitted":	false
				}],
			"sum":	{
				"start":	0,
				"end":	1.00076,
				"seconds":	1.00076,
				"bytes":	1703936,
				"bits_per_second":	1.36211e+07,
				"omitted":	false
			}
		}, {
			"streams":	[{
					"socket":	5,
					"start":	1.00076,
					"end":	2.00051,
					"seconds":	0.99975,
					"bytes":	1966080,
					"bits_per_second":	1.57326e+07,
					"omitted":	false
				}],
			"sum":	{
				"start":	1.00076,
				"end":	2.00051,
				"seconds":	0.99975,
				"bytes":	1966080,
				"bits_per_second":	1.57326e+07,
				"omitted":	false
			}
		}, {
			"streams":	[{
					"socket":	5,
					"start":	2.00051,
					"end":	3.00074,
					"seconds":	1.00023,
					"bytes":	1856728,
					"bits_per_second":	1.48504e+07,
					"omitted":	false
				}],
			"sum":	{
				"start":	2.00051,
				"end":	3.00074,
				"seconds":	1.00023,
				"bytes":	1856728,
				"bits_per_second":	1.48504e+07,
				"omitted":	false
			}
		}, {
			"streams":	[{
					"socket":	5,
					"start":	3.00074,
					"end":	4.00038,
					"seconds":	0.999639,
					"bytes":	1813288,
					"bits_per_second":	1.45115e+07,
					"omitted":	false
				}],
			"sum":	{
				"start":	3.00074,
				"end":	4.00038,
				"seconds":	0.999639,
				"bytes":	1813288,
				"bits_per_second":	1.45115e+07,
				"omitted":	false
			}
		}, {
			"streams":	[{
					"socket":	5,
					"start":	4.00038,
					"end":	5.00041,
					"seconds":	1.00002,
					"bytes":	1966080,
					"bits_per_second":	1.57283e+07,
					"omitted":	false
				}],
			"sum":	{
				"start":	4.00038,
				"end":	5.00041,
				"seconds":	1.00002,
				"bytes":	1966080,
				"bits_per_second":	1.57283e+07,
				"omitted":	false
			}
		}],
	"end":	{
		"streams":	[{
				"sender":	{
					"socket":	5,
					"start":	0,
					"end":	5.00041,
					"seconds":	5.00041,
					"bytes":	9306112,
					"bits_per_second":	1.48886e+07,
					"retransmits":	54
				},
				"receiver":	{
					"socket":	5,
					"start":	0,
					"end":	5.00041,
					"seconds":	5.00041,
					"bytes":	9306112,
					"bits_per_second":	1.48886e+07
				}
			}],
		"sum_sent":	{
			"start":	0,
			"end":	5.00041,
			"seconds":	5.00041,
			"bytes":	9306112,
			"bits_per_second":	1.48886e+07,
			"retransmits":	54
		},
		"sum_received":	{
			"start":	0,
			"end":	5.00041,
			"seconds":	5.00041,
			"bytes":	9306112,
			"bits_per_second":	1.48886e+07
		},
		"cpu_utilization_percent":	{
			"host_total":	1.68928,
			"host_user":	0.86115,
			"host_system":	0.828155,
			"remote_total":	0.877094,
			"remote_user":	0.143887,
			"remote_system":	0.733228
		}
	}
}
