{
	"start":	{
		"connected":	[{
				"socket":	5,
				"local_host":	"10.0.0.13",
				"local_port":	1680,
				"remote_host":	"10.0.0.4",
				"remote_port":	36828
			}],
		"version":	"iperf 3.7",
		"system_info":	"Linux H13 5.4.197-0504197-generic #202206060747 SMP Mon Jun 6 09:27:47 UTC 2022 x86_64",
		"target_bitrate":	15000000,
		"sock_bufsize":	0,
		"sndbuf_actual":	87380,
		"rcvbuf_actual":	87380,
		"timestamp":	{
			"time":	"Mon, 01 Aug 2022 00:24:11 GMT",
			"timesecs":	1659313451
		},
		"accepted_connection":	{
			"host":	"10.0.0.4",
			"port":	36826
		},
		"cookie":	"umz2c7wedaicgoy7pumkpssgts6pemtpryaf",
		"tcp_mss_default":	0,
		"target_bitrate":	15000000,
		"test_start":	{
			"protocol":	"TCP",
			"num_streams":	1,
			"blksize":	131072,
			"omit":	0,
			"duration":	5,
			"bytes":	0,
			"blocks":	0,
			"reverse":	0,
			"tos":	0
		}
	},
	"intervals":	[{
			"streams":	[{
					"socket":	5,
					"start":	0,
					"end":	1.001048,
					"seconds":	1.0010479688644409,
					"bytes":	1966080,
					"bits_per_second":	15712174.130718334,
					"omitted":	false,
					"sender":	false
				}],
			"sum":	{
				"start":	0,
				"end":	1.001048,
				"seconds":	1.0010479688644409,
				"bytes":	1966080,
				"bits_per_second":	15712174.130718334,
				"omitted":	false,
				"sender":	false
			}
		}, {
			"streams":	[{
					"socket":	5,
					"start":	1.001048,
					"end":	2.000331,
					"seconds":	0.99928301572799683,
					"bytes":	1835008,
					"bits_per_second":	14690596.926942956,
					"omitted":	false,
					"sender":	false
				}],
			"sum":	{
				"start":	1.001048,
				"end":	2.000331,
				"seconds":	0.99928301572799683,
				"bytes":	1835008,
				"bits_per_second":	14690596.926942956,
				"omitted":	false,
				"sender":	false
			}
		}, {
			"streams":	[{
					"socket":	5,
					"start":	2.000331,
					"end":	3.00051,
					"seconds":	1.0001790523529053,
					"bytes":	1835008,
					"bits_per_second":	14677435.970554857,
					"omitted":	false,
					"sender":	false
				}],
			"sum":	{
				"start":	2.000331,
				"end":	3.00051,
				"seconds":	1.0001790523529053,
				"bytes":	1835008,
				"bits_per_second":	14677435.970554857,
				"omitted":	false,
				"sender":	false
			}
		}, {
			"streams":	[{
					"socket":	5,
					"start":	3.00051,
					"end":	4.000982,
					"seconds":	1.0004719495773315,
					"bytes":	1966080,
					"bits_per_second":	15721220.376688085,
					"omitted":	false,
					"sender":	false
				}],
			"sum":	{
				"start":	3.00051,
				"end":	4.000982,
				"seconds":	1.0004719495773315,
				"bytes":	1966080,
				"bits_per_second":	15721220.376688085,
				"omitted":	false,
				"sender":	false
			}
		}, {
			"streams":	[{
					"socket":	5,
					"start":	4.000982,
					"end":	5.000468,
					"seconds":	0.99948602914810181,
					"bytes":	1835008,
					"bits_per_second":	14687613.004968515,
					"omitted":	false,
					"sender":	false
				}],
			"sum":	{
				"start":	4.000982,
				"end":	5.000468,
				"seconds":	0.99948602914810181,
				"bytes":	1835008,
				"bits_per_second":	14687613.004968515,
				"omitted":	false,
				"sender":	false
			}
		}],
	"end":	{
		"streams":	[{
				"sender":	{
					"socket":	5,
					"start":	0,
					"end":	5.000797,
					"seconds":	5.000797,
					"bytes":	0,
					"bits_per_second":	0,
					"sender":	false
				},
				"receiver":	{
					"socket":	5,
					"start":	0,
					"end":	5.000797,
					"seconds":	5.000797,
					"bytes":	9437184,
					"bits_per_second":	15097087.924184883,
					"sender":	false
				}
			}],
		"sum_sent":	{
			"start":	0,
			"end":	5.000797,
			"seconds":	5.000797,
			"bytes":	0,
			"bits_per_second":	0,
			"sender":	false
		},
		"sum_received":	{
			"start":	0,
			"end":	5.000797,
			"seconds":	5.000797,
			"bytes":	9437184,
			"bits_per_second":	15097087.924184883,
			"sender":	false
		},
		"cpu_utilization_percent":	{
			"host_total":	2.1456478831117192,
			"host_user":	0,
			"host_system":	2.1457276877658868,
			"remote_total":	0,
			"remote_user":	0,
			"remote_system":	0
		},
		"receiver_tcp_congestion":	"cubic"
	}
}
