{
	"start":	{
		"connected":	[{
				"socket":	5,
				"local_host":	"10.0.0.10",
				"local_port":	1788,
				"remote_host":	"10.0.0.3",
				"remote_port":	47886
			}],
		"version":	"iperf 3.0.7",
		"system_info":	"Linux H10 5.4.197-0504197-generic #202206060747 SMP Mon Jun 6 09:27:47 UTC 2022 x86_64 x86_64 x86_64 GNU/Linux\n",
		"timestamp":	{
			"time":	"Fri, 22 Jul 2022 16:23:23 GMT",
			"timesecs":	1658507003
		},
		"accepted_connection":	{
			"host":	"10.0.0.3",
			"port":	47884
		},
		"cookie":	"H3.1658507003.436138.576bccc83f9e800",
		"tcp_mss_default":	1448,
		"test_start":	{
			"protocol":	"TCP",
			"num_streams":	1,
			"blksize":	131072,
			"omit":	0,
			"duration":	5,
			"bytes":	0,
			"blocks":	0,
			"reverse":	0
		}
	},
	"intervals":	[{
			"streams":	[{
					"socket":	5,
					"start":	0,
					"end":	1.00046,
					"seconds":	1.00046,
					"bytes":	1819024,
					"bits_per_second":	1.45454e+07,
					"omitted":	false
				}],
			"sum":	{
				"start":	0,
				"end":	1.00046,
				"seconds":	1.00046,
				"bytes":	1819024,
				"bits_per_second":	1.45454e+07,
				"omitted":	false
			}
		}, {
			"streams":	[{
					"socket":	5,
					"start":	1.00046,
					"end":	2.00042,
					"seconds":	0.999951,
					"bytes":	1835008,
					"bits_per_second":	1.46808e+07,
					"omitted":	false
				}],
			"sum":	{
				"start":	1.00046,
				"end":	2.00042,
				"seconds":	0.999951,
				"bytes":	1835008,
				"bits_per_second":	1.46808e+07,
				"omitted":	false
			}
		}, {
			"streams":	[{
					"socket":	5,
					"start":	2.00042,
					"end":	3.00032,
					"seconds":	0.999901,
					"bytes":	1835008,
					"bits_per_second":	1.46815e+07,
					"omitted":	false
				}],
			"sum":	{
				"start":	2.00042,
				"end":	3.00032,
				"seconds":	0.999901,
				"bytes":	1835008,
				"bits_per_second":	1.46815e+07,
				"omitted":	false
			}
		}, {
			"streams":	[{
					"socket":	5,
					"start":	3.00032,
					"end":	4.00039,
					"seconds":	1.00007,
					"bytes":	1835008,
					"bits_per_second":	1.46791e+07,
					"omitted":	false
				}],
			"sum":	{
				"start":	3.00032,
				"end":	4.00039,
				"seconds":	1.00007,
				"bytes":	1835008,
				"bits_per_second":	1.46791e+07,
				"omitted":	false
			}
		}, {
			"streams":	[{
					"socket":	5,
					"start":	4.00039,
					"end":	5.00095,
					"seconds":	1.00056,
					"bytes":	1966080,
					"bits_per_second":	1.57198e+07,
					"omitted":	false
				}],
			"sum":	{
				"start":	4.00039,
				"end":	5.00095,
				"seconds":	1.00056,
				"bytes":	1966080,
				"bits_per_second":	1.57198e+07,
				"omitted":	false
			}
		}, {
			"streams":	[{
					"socket":	5,
					"start":	5.00095,
					"end":	5.00137,
					"seconds":	0.000423908,
					"bytes":	0,
					"bits_per_second":	0,
					"omitted":	false
				}],
			"sum":	{
				"start":	5.00095,
				"end":	5.00137,
				"seconds":	0.000423908,
				"bytes":	0,
				"bits_per_second":	0,
				"omitted":	false
			}
		}],
	"end":	{
		"streams":	[{
				"sender":	{
					"socket":	5,
					"start":	0,
					"end":	5.00137,
					"seconds":	5.00137,
					"bytes":	9290128,
					"bits_per_second":	1.48601e+07,
					"retransmits":	6
				},
				"receiver":	{
					"socket":	5,
					"start":	0,
					"end":	5.00137,
					"seconds":	5.00137,
					"bytes":	9290128,
					"bits_per_second":	1.48601e+07
				}
			}],
		"sum_sent":	{
			"start":	0,
			"end":	5.00137,
			"seconds":	5.00137,
			"bytes":	9290128,
			"bits_per_second":	1.48601e+07,
			"retransmits":	6
		},
		"sum_received":	{
			"start":	0,
			"end":	5.00137,
			"seconds":	5.00137,
			"bytes":	9290128,
			"bits_per_second":	1.48601e+07
		},
		"cpu_utilization_percent":	{
			"host_total":	1.88325,
			"host_user":	0.34385,
			"host_system":	1.53935,
			"remote_total":	0.871241,
			"remote_user":	0.315477,
			"remote_system":	0.555785
		}
	}
}
{
	"start":	{
		"connected":	[],
		"version":	"iperf 3.0.7",
		"system_info":	"Linux H10 5.4.197-0504197-generic #202206060747 SMP Mon Jun 6 09:27:47 UTC 2022 x86_64 x86_64 x86_64 GNU/Linux\n"
	},
	"intervals":	[],
	"end":	{
	},
	"error":	"interrupt - the server has terminated"
}
