{
	"start":	{
		"connected":	[{
				"socket":	5,
				"local_host":	"10.0.0.19",
				"local_port":	1882,
				"remote_host":	"10.0.0.2",
				"remote_port":	49256
			}],
		"version":	"iperf 3.0.7",
		"system_info":	"Linux CS5 5.4.197-0504197-generic #202206060747 SMP Mon Jun 6 09:27:47 UTC 2022 x86_64 x86_64 x86_64 GNU/Linux\n",
		"timestamp":	{
			"time":	"Mon, 25 Jul 2022 21:42:29 GMT",
			"timesecs":	1658785349
		},
		"accepted_connection":	{
			"host":	"10.0.0.2",
			"port":	56338
		},
		"cookie":	"BS2.1658785348.592770.51e2e6b116d4fc",
		"test_start":	{
			"protocol":	"UDP",
			"num_streams":	1,
			"blksize":	8192,
			"omit":	0,
			"duration":	6,
			"bytes":	0,
			"blocks":	0,
			"reverse":	0
		}
	},
	"intervals":	[{
			"streams":	[{
					"socket":	5,
					"start":	0,
					"end":	1.00078,
					"seconds":	1.00078,
					"bytes":	1687552,
					"bits_per_second":	1.34899e+07,
					"jitter_ms":	2.03817,
					"lost_packets":	640,
					"packets":	840,
					"lost_percent":	76.1905,
					"omitted":	false
				}],
			"sum":	{
				"start":	0,
				"end":	1.00078,
				"seconds":	1.00078,
				"bytes":	1687552,
				"bits_per_second":	1.34899e+07,
				"jitter_ms":	2.03817,
				"lost_packets":	640,
				"packets":	840,
				"lost_percent":	76.1905,
				"omitted":	false
			}
		}, {
			"streams":	[{
					"socket":	5,
					"start":	1.00078,
					"end":	2.00126,
					"seconds":	1.00048,
					"bytes":	0,
					"bits_per_second":	0,
					"jitter_ms":	2.03817,
					"lost_packets":	0,
					"packets":	0,
					"lost_percent":	-nan,
					"omitted":	false
				}],
			"sum":	{
				"start":	1.00078,
				"end":	2.00126,
				"seconds":	1.00048,
				"bytes":	0,
				"bits_per_second":	0,
				"jitter_ms":	2.03817,
				"lost_packets":	0,
				"packets":	0,
				"lost_percent":	-nan,
				"omitted":	false
			}
		}, {
			"streams":	[{
					"socket":	5,
					"start":	2.00126,
					"end":	3.00126,
					"seconds":	1,
					"bytes":	0,
					"bits_per_second":	0,
					"jitter_ms":	2.03817,
					"lost_packets":	0,
					"packets":	0,
					"lost_percent":	-nan,
					"omitted":	false
				}],
			"sum":	{
				"start":	2.00126,
				"end":	3.00126,
				"seconds":	1,
				"bytes":	0,
				"bits_per_second":	0,
				"jitter_ms":	2.03817,
				"lost_packets":	0,
				"packets":	0,
				"lost_percent":	-nan,
				"omitted":	false
			}
		}, {
			"streams":	[{
					"socket":	5,
					"start":	3.00126,
					"end":	4.00119,
					"seconds":	0.999933,
					"bytes":	0,
					"bits_per_second":	0,
					"jitter_ms":	2.03817,
					"lost_packets":	0,
					"packets":	0,
					"lost_percent":	-nan,
					"omitted":	false
				}],
			"sum":	{
				"start":	3.00126,
				"end":	4.00119,
				"seconds":	0.999933,
				"bytes":	0,
				"bits_per_second":	0,
				"jitter_ms":	2.03817,
				"lost_packets":	0,
				"packets":	0,
				"lost_percent":	-nan,
				"omitted":	false
			}
		}, {
			"streams":	[{
					"socket":	5,
					"start":	4.00119,
					"end":	5.00133,
					"seconds":	1.00014,
					"bytes":	0,
					"bits_per_second":	0,
					"jitter_ms":	2.03817,
					"lost_packets":	0,
					"packets":	0,
					"lost_percent":	-nan,
					"omitted":	false
				}],
			"sum":	{
				"start":	4.00119,
				"end":	5.00133,
				"seconds":	1.00014,
				"bytes":	0,
				"bits_per_second":	0,
				"jitter_ms":	2.03817,
				"lost_packets":	0,
				"packets":	0,
				"lost_percent":	-nan,
				"omitted":	false
			}
		}, {
			"streams":	[{
					"socket":	5,
					"start":	5.00133,
					"end":	6.0012,
					"seconds":	0.999871,
					"bytes":	0,
					"bits_per_second":	0,
					"jitter_ms":	2.03817,
					"lost_packets":	0,
					"packets":	0,
					"lost_percent":	-nan,
					"omitted":	false
				}],
			"sum":	{
				"start":	5.00133,
				"end":	6.0012,
				"seconds":	0.999871,
				"bytes":	0,
				"bits_per_second":	0,
				"jitter_ms":	2.03817,
				"lost_packets":	0,
				"packets":	0,
				"lost_percent":	-nan,
				"omitted":	false
			}
		}, {
			"streams":	[{
					"socket":	5,
					"start":	6.0012,
					"end":	6.02814,
					"seconds":	0.0269461,
					"bytes":	0,
					"bits_per_second":	0,
					"jitter_ms":	2.03817,
					"lost_packets":	0,
					"packets":	0,
					"lost_percent":	-nan,
					"omitted":	false
				}],
			"sum":	{
				"start":	6.0012,
				"end":	6.02814,
				"seconds":	0.0269461,
				"bytes":	0,
				"bits_per_second":	0,
				"jitter_ms":	2.03817,
				"lost_packets":	0,
				"packets":	0,
				"lost_percent":	-nan,
				"omitted":	false
			}
		}],
	"end":	{
		"streams":	[{
				"udp":	{
					"socket":	5,
					"start":	0,
					"end":	6.02814,
					"seconds":	6.02814,
					"bytes":	147685376,
					"bits_per_second":	1.95994e+08,
					"jitter_ms":	2.03817,
					"lost_packets":	640,
					"packets":	840,
					"lost_percent":	76.1905
				}
			}],
		"sum":	{
			"start":	0,
			"end":	6.02814,
			"seconds":	6.02814,
			"bytes":	147685376,
			"bits_per_second":	1.95994e+08,
			"jitter_ms":	2.03817,
			"lost_packets":	640,
			"packets":	840,
			"lost_percent":	76.1905
		},
		"cpu_utilization_percent":	{
			"host_total":	0.238899,
			"host_user":	0,
			"host_system":	0.238899,
			"remote_total":	43.3409,
			"remote_user":	0.946233,
			"remote_system":	42.3946
		}
	},
	"error":	"OUT OF ORDER - incoming packet = 303 and received packet = 304 AND SP = 5",
	"error":	"OUT OF ORDER - incoming packet = 307 and received packet = 308 AND SP = 5",
	"error":	"OUT OF ORDER - incoming packet = 315 and received packet = 316 AND SP = 5",
	"error":	"OUT OF ORDER - incoming packet = 314 and received packet = 316 AND SP = 5",
	"error":	"OUT OF ORDER - incoming packet = 319 and received packet = 320 AND SP = 5",
	"error":	"OUT OF ORDER - incoming packet = 329 and received packet = 330 AND SP = 5"
}
