{
	"start":	{
		"connected":	[{
				"socket":	5,
				"local_host":	"10.0.0.21",
				"local_port":	3957,
				"remote_host":	"10.0.0.4",
				"remote_port":	56404
			}],
		"version":	"iperf 3.0.7",
		"system_info":	"Linux CS7 5.4.197-0504197-generic #202206060747 SMP Mon Jun 6 09:27:47 UTC 2022 x86_64 x86_64 x86_64 GNU/Linux\n",
		"timestamp":	{
			"time":	"Mon, 25 Jul 2022 21:43:34 GMT",
			"timesecs":	1658785414
		},
		"accepted_connection":	{
			"host":	"10.0.0.4",
			"port":	56402
		},
		"cookie":	"BS4.1658785414.617437.01796f9c08649a",
		"tcp_mss_default":	1448,
		"test_start":	{
			"protocol":	"TCP",
			"num_streams":	1,
			"blksize":	131072,
			"omit":	0,
			"duration":	51,
			"bytes":	0,
			"blocks":	0,
			"reverse":	0
		}
	},
	"intervals":	[{
			"streams":	[{
					"socket":	5,
					"start":	0,
					"end":	1.00021,
					"seconds":	1.00021,
					"bytes":	11372048,
					"bits_per_second":	9.09575e+07,
					"omitted":	false
				}],
			"sum":	{
				"start":	0,
				"end":	1.00021,
				"seconds":	1.00021,
				"bytes":	11372048,
				"bits_per_second":	9.09575e+07,
				"omitted":	false
			}
		}, {
			"streams":	[{
					"socket":	5,
					"start":	1.00021,
					"end":	2.0006,
					"seconds":	1.00039,
					"bytes":	12451840,
					"bits_per_second":	9.95757e+07,
					"omitted":	false
				}],
			"sum":	{
				"start":	1.00021,
				"end":	2.0006,
				"seconds":	1.00039,
				"bytes":	12451840,
				"bits_per_second":	9.95757e+07,
				"omitted":	false
			}
		}, {
			"streams":	[{
					"socket":	5,
					"start":	2.0006,
					"end":	3.00051,
					"seconds":	0.999908,
					"bytes":	12451840,
					"bits_per_second":	9.96239e+07,
					"omitted":	false
				}],
			"sum":	{
				"start":	2.0006,
				"end":	3.00051,
				"seconds":	0.999908,
				"bytes":	12451840,
				"bits_per_second":	9.96239e+07,
				"omitted":	false
			}
		}, {
			"streams":	[{
					"socket":	5,
					"start":	3.00051,
					"end":	4.00019,
					"seconds":	0.999687,
					"bytes":	12582912,
					"bits_per_second":	1.00695e+08,
					"omitted":	false
				}],
			"sum":	{
				"start":	3.00051,
				"end":	4.00019,
				"seconds":	0.999687,
				"bytes":	12582912,
				"bits_per_second":	1.00695e+08,
				"omitted":	false
			}
		}, {
			"streams":	[{
					"socket":	5,
					"start":	4.00019,
					"end":	5.00057,
					"seconds":	1.00038,
					"bytes":	12451840,
					"bits_per_second":	9.95774e+07,
					"omitted":	false
				}],
			"sum":	{
				"start":	4.00019,
				"end":	5.00057,
				"seconds":	1.00038,
				"bytes":	12451840,
				"bits_per_second":	9.95774e+07,
				"omitted":	false
			}
		}, {
			"streams":	[{
					"socket":	5,
					"start":	5.00057,
					"end":	6.00022,
					"seconds":	0.999649,
					"bytes":	12582912,
					"bits_per_second":	1.00699e+08,
					"omitted":	false
				}],
			"sum":	{
				"start":	5.00057,
				"end":	6.00022,
				"seconds":	0.999649,
				"bytes":	12582912,
				"bits_per_second":	1.00699e+08,
				"omitted":	false
			}
		}, {
			"streams":	[{
					"socket":	5,
					"start":	6.00022,
					"end":	7.00047,
					"seconds":	1.00025,
					"bytes":	12451840,
					"bits_per_second":	9.95896e+07,
					"omitted":	false
				}],
			"sum":	{
				"start":	6.00022,
				"end":	7.00047,
				"seconds":	1.00025,
				"bytes":	12451840,
				"bits_per_second":	9.95896e+07,
				"omitted":	false
			}
		}, {
			"streams":	[{
					"socket":	5,
					"start":	7.00047,
					"end":	8.00046,
					"seconds":	0.999988,
					"bytes":	12582912,
					"bits_per_second":	1.00665e+08,
					"omitted":	false
				}],
			"sum":	{
				"start":	7.00047,
				"end":	8.00046,
				"seconds":	0.999988,
				"bytes":	12582912,
				"bits_per_second":	1.00665e+08,
				"omitted":	false
			}
		}, {
			"streams":	[{
					"socket":	5,
					"start":	8.00046,
					"end":	9.00419,
					"seconds":	1.00373,
					"bytes":	12451840,
					"bits_per_second":	9.92445e+07,
					"omitted":	false
				}],
			"sum":	{
				"start":	8.00046,
				"end":	9.00419,
				"seconds":	1.00373,
				"bytes":	12451840,
				"bits_per_second":	9.92445e+07,
				"omitted":	false
			}
		}, {
			"streams":	[{
					"socket":	5,
					"start":	9.00419,
					"end":	10.0003,
					"seconds":	0.996128,
					"bytes":	12451840,
					"bits_per_second":	1.00002e+08,
					"omitted":	false
				}],
			"sum":	{
				"start":	9.00419,
				"end":	10.0003,
				"seconds":	0.996128,
				"bytes":	12451840,
				"bits_per_second":	1.00002e+08,
				"omitted":	false
			}
		}, {
			"streams":	[{
					"socket":	5,
					"start":	10.0003,
					"end":	11.0002,
					"seconds":	0.999931,
					"bytes":	12451840,
					"bits_per_second":	9.96216e+07,
					"omitted":	false
				}],
			"sum":	{
				"start":	10.0003,
				"end":	11.0002,
				"seconds":	0.999931,
				"bytes":	12451840,
				"bits_per_second":	9.96216e+07,
				"omitted":	false
			}
		}, {
			"streams":	[{
					"socket":	5,
					"start":	11.0002,
					"end":	12.0003,
					"seconds":	1.00009,
					"bytes":	12582912,
					"bits_per_second":	1.00654e+08,
					"omitted":	false
				}],
			"sum":	{
				"start":	11.0002,
				"end":	12.0003,
				"seconds":	1.00009,
				"bytes":	12582912,
				"bits_per_second":	1.00654e+08,
				"omitted":	false
			}
		}, {
			"streams":	[{
					"socket":	5,
					"start":	12.0003,
					"end":	13.0003,
					"seconds":	0.999964,
					"bytes":	12451840,
					"bits_per_second":	9.96183e+07,
					"omitted":	false
				}],
			"sum":	{
				"start":	12.0003,
				"end":	13.0003,
				"seconds":	0.999964,
				"bytes":	12451840,
				"bits_per_second":	9.96183e+07,
				"omitted":	false
			}
		}, {
			"streams":	[{
					"socket":	5,
					"start":	13.0003,
					"end":	14.0003,
					"seconds":	0.999972,
					"bytes":	12451840,
					"bits_per_second":	9.96175e+07,
					"omitted":	false
				}],
			"sum":	{
				"start":	13.0003,
				"end":	14.0003,
				"seconds":	0.999972,
				"bytes":	12451840,
				"bits_per_second":	9.96175e+07,
				"omitted":	false
			}
		}, {
			"streams":	[{
					"socket":	5,
					"start":	14.0003,
					"end":	15.0002,
					"seconds":	0.999963,
					"bytes":	12582912,
					"bits_per_second":	1.00667e+08,
					"omitted":	false
				}],
			"sum":	{
				"start":	14.0003,
				"end":	15.0002,
				"seconds":	0.999963,
				"bytes":	12582912,
				"bits_per_second":	1.00667e+08,
				"omitted":	false
			}
		}, {
			"streams":	[{
					"socket":	5,
					"start":	15.0002,
					"end":	16.0001,
					"seconds":	0.999912,
					"bytes":	12451840,
					"bits_per_second":	9.96235e+07,
					"omitted":	false
				}],
			"sum":	{
				"start":	15.0002,
				"end":	16.0001,
				"seconds":	0.999912,
				"bytes":	12451840,
				"bits_per_second":	9.96235e+07,
				"omitted":	false
			}
		}, {
			"streams":	[{
					"socket":	5,
					"start":	16.0001,
					"end":	17.0006,
					"seconds":	1.00047,
					"bytes":	12582912,
					"bits_per_second":	1.00616e+08,
					"omitted":	false
				}],
			"sum":	{
				"start":	16.0001,
				"end":	17.0006,
				"seconds":	1.00047,
				"bytes":	12582912,
				"bits_per_second":	1.00616e+08,
				"omitted":	false
			}
		}, {
			"streams":	[{
					"socket":	5,
					"start":	17.0006,
					"end":	18.0002,
					"seconds":	0.999621,
					"bytes":	12451840,
					"bits_per_second":	9.96525e+07,
					"omitted":	false
				}],
			"sum":	{
				"start":	17.0006,
				"end":	18.0002,
				"seconds":	0.999621,
				"bytes":	12451840,
				"bits_per_second":	9.96525e+07,
				"omitted":	false
			}
		}, {
			"streams":	[{
					"socket":	5,
					"start":	18.0002,
					"end":	19.0005,
					"seconds":	1.00029,
					"bytes":	12451840,
					"bits_per_second":	9.95862e+07,
					"omitted":	false
				}],
			"sum":	{
				"start":	18.0002,
				"end":	19.0005,
				"seconds":	1.00029,
				"bytes":	12451840,
				"bits_per_second":	9.95862e+07,
				"omitted":	false
			}
		}, {
			"streams":	[{
					"socket":	5,
					"start":	19.0005,
					"end":	20.0005,
					"seconds":	0.999959,
					"bytes":	12582912,
					"bits_per_second":	1.00667e+08,
					"omitted":	false
				}],
			"sum":	{
				"start":	19.0005,
				"end":	20.0005,
				"seconds":	0.999959,
				"bytes":	12582912,
				"bits_per_second":	1.00667e+08,
				"omitted":	false
			}
		}, {
			"streams":	[{
					"socket":	5,
					"start":	20.0005,
					"end":	21.0005,
					"seconds":	1.00003,
					"bytes":	12451840,
					"bits_per_second":	9.96118e+07,
					"omitted":	false
				}],
			"sum":	{
				"start":	20.0005,
				"end":	21.0005,
				"seconds":	1.00003,
				"bytes":	12451840,
				"bits_per_second":	9.96118e+07,
				"omitted":	false
			}
		}, {
			"streams":	[{
					"socket":	5,
					"start":	21.0005,
					"end":	22.0004,
					"seconds":	0.999891,
					"bytes":	12451840,
					"bits_per_second":	9.96256e+07,
					"omitted":	false
				}],
			"sum":	{
				"start":	21.0005,
				"end":	22.0004,
				"seconds":	0.999891,
				"bytes":	12451840,
				"bits_per_second":	9.96256e+07,
				"omitted":	false
			}
		}, {
			"streams":	[{
					"socket":	5,
					"start":	22.0004,
					"end":	23.0004,
					"seconds":	1.00002,
					"bytes":	12582912,
					"bits_per_second":	1.00662e+08,
					"omitted":	false
				}],
			"sum":	{
				"start":	22.0004,
				"end":	23.0004,
				"seconds":	1.00002,
				"bytes":	12582912,
				"bits_per_second":	1.00662e+08,
				"omitted":	false
			}
		}, {
			"streams":	[{
					"socket":	5,
					"start":	23.0004,
					"end":	24.0018,
					"seconds":	1.00138,
					"bytes":	12451840,
					"bits_per_second":	9.94773e+07,
					"omitted":	false
				}],
			"sum":	{
				"start":	23.0004,
				"end":	24.0018,
				"seconds":	1.00138,
				"bytes":	12451840,
				"bits_per_second":	9.94773e+07,
				"omitted":	false
			}
		}, {
			"streams":	[{
					"socket":	5,
					"start":	24.0018,
					"end":	25.0002,
					"seconds":	0.998379,
					"bytes":	12582912,
					"bits_per_second":	1.00827e+08,
					"omitted":	false
				}],
			"sum":	{
				"start":	24.0018,
				"end":	25.0002,
				"seconds":	0.998379,
				"bytes":	12582912,
				"bits_per_second":	1.00827e+08,
				"omitted":	false
			}
		}, {
			"streams":	[{
					"socket":	5,
					"start":	25.0002,
					"end":	26.0002,
					"seconds":	0.999986,
					"bytes":	12451840,
					"bits_per_second":	9.96161e+07,
					"omitted":	false
				}],
			"sum":	{
				"start":	25.0002,
				"end":	26.0002,
				"seconds":	0.999986,
				"bytes":	12451840,
				"bits_per_second":	9.96161e+07,
				"omitted":	false
			}
		}, {
			"streams":	[{
					"socket":	5,
					"start":	26.0002,
					"end":	27.0003,
					"seconds":	1.00011,
					"bytes":	12451840,
					"bits_per_second":	9.9604e+07,
					"omitted":	false
				}],
			"sum":	{
				"start":	26.0002,
				"end":	27.0003,
				"seconds":	1.00011,
				"bytes":	12451840,
				"bits_per_second":	9.9604e+07,
				"omitted":	false
			}
		}, {
			"streams":	[{
					"socket":	5,
					"start":	27.0003,
					"end":	28.0002,
					"seconds":	0.999894,
					"bytes":	12582912,
					"bits_per_second":	1.00674e+08,
					"omitted":	false
				}],
			"sum":	{
				"start":	27.0003,
				"end":	28.0002,
				"seconds":	0.999894,
				"bytes":	12582912,
				"bits_per_second":	1.00674e+08,
				"omitted":	false
			}
		}, {
			"streams":	[{
					"socket":	5,
					"start":	28.0002,
					"end":	29.0002,
					"seconds":	0.999994,
					"bytes":	12451840,
					"bits_per_second":	9.96153e+07,
					"omitted":	false
				}],
			"sum":	{
				"start":	28.0002,
				"end":	29.0002,
				"seconds":	0.999994,
				"bytes":	12451840,
				"bits_per_second":	9.96153e+07,
				"omitted":	false
			}
		}, {
			"streams":	[{
					"socket":	5,
					"start":	29.0002,
					"end":	30.0005,
					"seconds":	1.00036,
					"bytes":	12451840,
					"bits_per_second":	9.9579e+07,
					"omitted":	false
				}],
			"sum":	{
				"start":	29.0002,
				"end":	30.0005,
				"seconds":	1.00036,
				"bytes":	12451840,
				"bits_per_second":	9.9579e+07,
				"omitted":	false
			}
		}, {
			"streams":	[{
					"socket":	5,
					"start":	30.0005,
					"end":	31.0002,
					"seconds":	0.999716,
					"bytes":	12582912,
					"bits_per_second":	1.00692e+08,
					"omitted":	false
				}],
			"sum":	{
				"start":	30.0005,
				"end":	31.0002,
				"seconds":	0.999716,
				"bytes":	12582912,
				"bits_per_second":	1.00692e+08,
				"omitted":	false
			}
		}, {
			"streams":	[{
					"socket":	5,
					"start":	31.0002,
					"end":	32.0004,
					"seconds":	1.00016,
					"bytes":	12451840,
					"bits_per_second":	9.95987e+07,
					"omitted":	false
				}],
			"sum":	{
				"start":	31.0002,
				"end":	32.0004,
				"seconds":	1.00016,
				"bytes":	12451840,
				"bits_per_second":	9.95987e+07,
				"omitted":	false
			}
		}, {
			"streams":	[{
					"socket":	5,
					"start":	32.0004,
					"end":	33.0004,
					"seconds":	0.999973,
					"bytes":	12451840,
					"bits_per_second":	9.96174e+07,
					"omitted":	false
				}],
			"sum":	{
				"start":	32.0004,
				"end":	33.0004,
				"seconds":	0.999973,
				"bytes":	12451840,
				"bits_per_second":	9.96174e+07,
				"omitted":	false
			}
		}, {
			"streams":	[{
					"socket":	5,
					"start":	33.0004,
					"end":	34.0003,
					"seconds":	0.999965,
					"bytes":	11534336,
					"bits_per_second":	9.22779e+07,
					"omitted":	false
				}],
			"sum":	{
				"start":	33.0004,
				"end":	34.0003,
				"seconds":	0.999965,
				"bytes":	11534336,
				"bits_per_second":	9.22779e+07,
				"omitted":	false
			}
		}, {
			"streams":	[{
					"socket":	5,
					"start":	34.0003,
					"end":	35.0006,
					"seconds":	1.00022,
					"bytes":	6502496,
					"bits_per_second":	5.20086e+07,
					"omitted":	false
				}],
			"sum":	{
				"start":	34.0003,
				"end":	35.0006,
				"seconds":	1.00022,
				"bytes":	6502496,
				"bits_per_second":	5.20086e+07,
				"omitted":	false
			}
		}, {
			"streams":	[{
					"socket":	5,
					"start":	35.0006,
					"end":	36.0003,
					"seconds":	0.999707,
					"bytes":	3630136,
					"bits_per_second":	2.90496e+07,
					"omitted":	false
				}],
			"sum":	{
				"start":	35.0006,
				"end":	36.0003,
				"seconds":	0.999707,
				"bytes":	3630136,
				"bits_per_second":	2.90496e+07,
				"omitted":	false
			}
		}, {
			"streams":	[{
					"socket":	5,
					"start":	36.0003,
					"end":	37.0001,
					"seconds":	0.999804,
					"bytes":	3861816,
					"bits_per_second":	3.09006e+07,
					"omitted":	false
				}],
			"sum":	{
				"start":	36.0003,
				"end":	37.0001,
				"seconds":	0.999804,
				"bytes":	3861816,
				"bits_per_second":	3.09006e+07,
				"omitted":	false
			}
		}, {
			"streams":	[{
					"socket":	5,
					"start":	37.0001,
					"end":	38.0021,
					"seconds":	1.00208,
					"bytes":	4991256,
					"bits_per_second":	3.98472e+07,
					"omitted":	false
				}],
			"sum":	{
				"start":	37.0001,
				"end":	38.0021,
				"seconds":	1.00208,
				"bytes":	4991256,
				"bits_per_second":	3.98472e+07,
				"omitted":	false
			}
		}, {
			"streams":	[{
					"socket":	5,
					"start":	38.0021,
					"end":	39.0005,
					"seconds":	0.99834,
					"bytes":	6033816,
					"bits_per_second":	4.83508e+07,
					"omitted":	false
				}],
			"sum":	{
				"start":	38.0021,
				"end":	39.0005,
				"seconds":	0.99834,
				"bytes":	6033816,
				"bits_per_second":	4.83508e+07,
				"omitted":	false
			}
		}, {
			"streams":	[{
					"socket":	5,
					"start":	39.0005,
					"end":	40.0005,
					"seconds":	0.999991,
					"bytes":	7059000,
					"bits_per_second":	5.64725e+07,
					"omitted":	false
				}],
			"sum":	{
				"start":	39.0005,
				"end":	40.0005,
				"seconds":	0.999991,
				"bytes":	7059000,
				"bits_per_second":	5.64725e+07,
				"omitted":	false
			}
		}, {
			"streams":	[{
					"socket":	5,
					"start":	40.0005,
					"end":	41.0004,
					"seconds":	0.999951,
					"bytes":	8145000,
					"bits_per_second":	6.51632e+07,
					"omitted":	false
				}],
			"sum":	{
				"start":	40.0005,
				"end":	41.0004,
				"seconds":	0.999951,
				"bytes":	8145000,
				"bits_per_second":	6.51632e+07,
				"omitted":	false
			}
		}, {
			"streams":	[{
					"socket":	5,
					"start":	41.0004,
					"end":	42.0004,
					"seconds":	1.00002,
					"bytes":	9222312,
					"bits_per_second":	7.37772e+07,
					"omitted":	false
				}],
			"sum":	{
				"start":	41.0004,
				"end":	42.0004,
				"seconds":	1.00002,
				"bytes":	9222312,
				"bits_per_second":	7.37772e+07,
				"omitted":	false
			}
		}, {
			"streams":	[{
					"socket":	5,
					"start":	42.0004,
					"end":	43.0005,
					"seconds":	1.00008,
					"bytes":	9244032,
					"bits_per_second":	7.3946e+07,
					"omitted":	false
				}],
			"sum":	{
				"start":	42.0004,
				"end":	43.0005,
				"seconds":	1.00008,
				"bytes":	9244032,
				"bits_per_second":	7.3946e+07,
				"omitted":	false
			}
		}, {
			"streams":	[{
					"socket":	5,
					"start":	43.0005,
					"end":	44.0008,
					"seconds":	1.00025,
					"bytes":	10777464,
					"bits_per_second":	8.61981e+07,
					"omitted":	false
				}],
			"sum":	{
				"start":	43.0005,
				"end":	44.0008,
				"seconds":	1.00025,
				"bytes":	10777464,
				"bits_per_second":	8.61981e+07,
				"omitted":	false
			}
		}, {
			"streams":	[{
					"socket":	5,
					"start":	44.0008,
					"end":	45.0002,
					"seconds":	0.999406,
					"bytes":	11604272,
					"bits_per_second":	9.28893e+07,
					"omitted":	false
				}],
			"sum":	{
				"start":	44.0008,
				"end":	45.0002,
				"seconds":	0.999406,
				"bytes":	11604272,
				"bits_per_second":	9.28893e+07,
				"omitted":	false
			}
		}, {
			"streams":	[{
					"socket":	5,
					"start":	45.0002,
					"end":	46.0007,
					"seconds":	1.00054,
					"bytes":	11384176,
					"bits_per_second":	9.10246e+07,
					"omitted":	false
				}],
			"sum":	{
				"start":	45.0002,
				"end":	46.0007,
				"seconds":	1.00054,
				"bytes":	11384176,
				"bits_per_second":	9.10246e+07,
				"omitted":	false
			}
		}, {
			"streams":	[{
					"socket":	5,
					"start":	46.0007,
					"end":	47.0003,
					"seconds":	0.999615,
					"bytes":	12184920,
					"bits_per_second":	9.75169e+07,
					"omitted":	false
				}],
			"sum":	{
				"start":	46.0007,
				"end":	47.0003,
				"seconds":	0.999615,
				"bytes":	12184920,
				"bits_per_second":	9.75169e+07,
				"omitted":	false
			}
		}, {
			"streams":	[{
					"socket":	5,
					"start":	47.0003,
					"end":	48.0039,
					"seconds":	1.00355,
					"bytes":	13923968,
					"bits_per_second":	1.10997e+08,
					"omitted":	false
				}],
			"sum":	{
				"start":	47.0003,
				"end":	48.0039,
				"seconds":	1.00355,
				"bytes":	13923968,
				"bits_per_second":	1.10997e+08,
				"omitted":	false
			}
		}, {
			"streams":	[{
					"socket":	5,
					"start":	48.0039,
					"end":	49.0003,
					"seconds":	0.996367,
					"bytes":	14340992,
					"bits_per_second":	1.15146e+08,
					"omitted":	false
				}],
			"sum":	{
				"start":	48.0039,
				"end":	49.0003,
				"seconds":	0.996367,
				"bytes":	14340992,
				"bits_per_second":	1.15146e+08,
				"omitted":	false
			}
		}, {
			"streams":	[{
					"socket":	5,
					"start":	49.0003,
					"end":	50.0003,
					"seconds":	1.00005,
					"bytes":	20988760,
					"bits_per_second":	1.67902e+08,
					"omitted":	false
				}],
			"sum":	{
				"start":	49.0003,
				"end":	50.0003,
				"seconds":	1.00005,
				"bytes":	20988760,
				"bits_per_second":	1.67902e+08,
				"omitted":	false
			}
		}, {
			"streams":	[{
					"socket":	5,
					"start":	50.0003,
					"end":	51.0002,
					"seconds":	0.999879,
					"bytes":	20613728,
					"bits_per_second":	1.6493e+08,
					"omitted":	false
				}],
			"sum":	{
				"start":	50.0003,
				"end":	51.0002,
				"seconds":	0.999879,
				"bytes":	20613728,
				"bits_per_second":	1.6493e+08,
				"omitted":	false
			}
		}, {
			"streams":	[{
					"socket":	5,
					"start":	51.0002,
					"end":	51.0479,
					"seconds":	0.047735,
					"bytes":	873144,
					"bits_per_second":	1.46332e+08,
					"omitted":	false
				}],
			"sum":	{
				"start":	51.0002,
				"end":	51.0479,
				"seconds":	0.047735,
				"bytes":	873144,
				"bits_per_second":	1.46332e+08,
				"omitted":	false
			}
		}],
	"end":	{
		"streams":	[{
				"sender":	{
					"socket":	5,
					"start":	0,
					"end":	51.0479,
					"seconds":	51.0479,
					"bytes":	603031056,
					"bits_per_second":	9.45043e+07,
					"retransmits":	665
				},
				"receiver":	{
					"socket":	5,
					"start":	0,
					"end":	51.0479,
					"seconds":	51.0479,
					"bytes":	598188344,
					"bits_per_second":	9.37454e+07
				}
			}],
		"sum_sent":	{
			"start":	0,
			"end":	51.0479,
			"seconds":	51.0479,
			"bytes":	603031056,
			"bits_per_second":	9.45043e+07,
			"retransmits":	665
		},
		"sum_received":	{
			"start":	0,
			"end":	51.0479,
			"seconds":	51.0479,
			"bytes":	598188344,
			"bits_per_second":	9.37454e+07
		},
		"cpu_utilization_percent":	{
			"host_total":	5.1404,
			"host_user":	0.493153,
			"host_system":	4.64724,
			"remote_total":	1.69705,
			"remote_user":	0.0884598,
			"remote_system":	1.60858
		}
	}
}
