{
	"start":	{
		"connected":	[{
				"socket":	5,
				"local_host":	"10.0.0.13",
				"local_port":	3453,
				"remote_host":	"10.0.0.5",
				"remote_port":	49450
			}],
		"version":	"iperf 3.0.7",
		"system_info":	"Linux MECS6 5.4.197-0504197-generic #202206060747 SMP Mon Jun 6 09:27:47 UTC 2022 x86_64 x86_64 x86_64 GNU/Linux\n",
		"timestamp":	{
			"time":	"Mon, 25 Jul 2022 21:50:08 GMT",
			"timesecs":	1658785808
		},
		"accepted_connection":	{
			"host":	"10.0.0.5",
			"port":	49448
		},
		"cookie":	"BS5.1658785808.491440.4293185156075c",
		"tcp_mss_default":	1448,
		"test_start":	{
			"protocol":	"TCP",
			"num_streams":	1,
			"blksize":	131072,
			"omit":	0,
			"duration":	9,
			"bytes":	0,
			"blocks":	0,
			"reverse":	0
		}
	},
	"intervals":	[{
			"streams":	[{
					"socket":	5,
					"start":	0,
					"end":	1.00051,
					"seconds":	1.00051,
					"bytes":	2874840,
					"bits_per_second":	2.29871e+07,
					"omitted":	false
				}],
			"sum":	{
				"start":	0,
				"end":	1.00051,
				"seconds":	1.00051,
				"bytes":	2874840,
				"bits_per_second":	2.29871e+07,
				"omitted":	false
			}
		}, {
			"streams":	[{
					"socket":	5,
					"start":	1.00051,
					"end":	2.00044,
					"seconds":	0.999928,
					"bytes":	3145728,
					"bits_per_second":	2.51676e+07,
					"omitted":	false
				}],
			"sum":	{
				"start":	1.00051,
				"end":	2.00044,
				"seconds":	0.999928,
				"bytes":	3145728,
				"bits_per_second":	2.51676e+07,
				"omitted":	false
			}
		}, {
			"streams":	[{
					"socket":	5,
					"start":	2.00044,
					"end":	3.00231,
					"seconds":	1.00188,
					"bytes":	3145728,
					"bits_per_second":	2.51187e+07,
					"omitted":	false
				}],
			"sum":	{
				"start":	2.00044,
				"end":	3.00231,
				"seconds":	1.00188,
				"bytes":	3145728,
				"bits_per_second":	2.51187e+07,
				"omitted":	false
			}
		}, {
			"streams":	[{
					"socket":	5,
					"start":	3.00231,
					"end":	4.0002,
					"seconds":	0.997886,
					"bytes":	3145728,
					"bits_per_second":	2.52191e+07,
					"omitted":	false
				}],
			"sum":	{
				"start":	3.00231,
				"end":	4.0002,
				"seconds":	0.997886,
				"bytes":	3145728,
				"bits_per_second":	2.52191e+07,
				"omitted":	false
			}
		}, {
			"streams":	[{
					"socket":	5,
					"start":	4.0002,
					"end":	5.00062,
					"seconds":	1.00042,
					"bytes":	3014656,
					"bits_per_second":	2.41072e+07,
					"omitted":	false
				}],
			"sum":	{
				"start":	4.0002,
				"end":	5.00062,
				"seconds":	1.00042,
				"bytes":	3014656,
				"bits_per_second":	2.41072e+07,
				"omitted":	false
			}
		}, {
			"streams":	[{
					"socket":	5,
					"start":	5.00062,
					"end":	6.00026,
					"seconds":	0.999641,
					"bytes":	3145728,
					"bits_per_second":	2.51749e+07,
					"omitted":	false
				}],
			"sum":	{
				"start":	5.00062,
				"end":	6.00026,
				"seconds":	0.999641,
				"bytes":	3145728,
				"bits_per_second":	2.51749e+07,
				"omitted":	false
			}
		}, {
			"streams":	[{
					"socket":	5,
					"start":	6.00026,
					"end":	7.00058,
					"seconds":	1.00033,
					"bytes":	3145728,
					"bits_per_second":	2.51576e+07,
					"omitted":	false
				}],
			"sum":	{
				"start":	6.00026,
				"end":	7.00058,
				"seconds":	1.00033,
				"bytes":	3145728,
				"bits_per_second":	2.51576e+07,
				"omitted":	false
			}
		}, {
			"streams":	[{
					"socket":	5,
					"start":	7.00058,
					"end":	8.0049,
					"seconds":	1.00432,
					"bytes":	3145728,
					"bits_per_second":	2.50575e+07,
					"omitted":	false
				}],
			"sum":	{
				"start":	7.00058,
				"end":	8.0049,
				"seconds":	1.00432,
				"bytes":	3145728,
				"bits_per_second":	2.50575e+07,
				"omitted":	false
			}
		}, {
			"streams":	[{
					"socket":	5,
					"start":	8.0049,
					"end":	9.00045,
					"seconds":	0.995542,
					"bytes":	3145728,
					"bits_per_second":	2.52785e+07,
					"omitted":	false
				}],
			"sum":	{
				"start":	8.0049,
				"end":	9.00045,
				"seconds":	0.995542,
				"bytes":	3145728,
				"bits_per_second":	2.52785e+07,
				"omitted":	false
			}
		}, {
			"streams":	[{
					"socket":	5,
					"start":	9.00045,
					"end":	9.0248,
					"seconds":	0.0243499,
					"bytes":	0,
					"bits_per_second":	0,
					"omitted":	false
				}],
			"sum":	{
				"start":	9.00045,
				"end":	9.0248,
				"seconds":	0.0243499,
				"bytes":	0,
				"bits_per_second":	0,
				"omitted":	false
			}
		}],
	"end":	{
		"streams":	[{
				"sender":	{
					"socket":	5,
					"start":	0,
					"end":	9.0248,
					"seconds":	9.0248,
					"bytes":	27909592,
					"bits_per_second":	2.47404e+07,
					"retransmits":	177
				},
				"receiver":	{
					"socket":	5,
					"start":	0,
					"end":	9.0248,
					"seconds":	9.0248,
					"bytes":	27909592,
					"bits_per_second":	2.47404e+07
				}
			}],
		"sum_sent":	{
			"start":	0,
			"end":	9.0248,
			"seconds":	9.0248,
			"bytes":	27909592,
			"bits_per_second":	2.47404e+07,
			"retransmits":	177
		},
		"sum_received":	{
			"start":	0,
			"end":	9.0248,
			"seconds":	9.0248,
			"bytes":	27909592,
			"bits_per_second":	2.47404e+07
		},
		"cpu_utilization_percent":	{
			"host_total":	1.19734,
			"host_user":	0.186629,
			"host_system":	1.0107,
			"remote_total":	1.27985,
			"remote_user":	0.3841,
			"remote_system":	0.895704
		}
	}
}
