{
	"start":	{
		"connected":	[{
				"socket":	5,
				"local_host":	"10.0.0.13",
				"local_port":	2306,
				"remote_host":	"10.0.0.1",
				"remote_port":	51088
			}],
		"version":	"iperf 3.0.7",
		"system_info":	"Linux MECS6 5.4.197-0504197-generic #202206060747 SMP Mon Jun 6 09:27:47 UTC 2022 x86_64 x86_64 x86_64 GNU/Linux\n",
		"timestamp":	{
			"time":	"Mon, 25 Jul 2022 21:42:20 GMT",
			"timesecs":	1658785340
		},
		"accepted_connection":	{
			"host":	"10.0.0.1",
			"port":	51086
		},
		"cookie":	"BS1.1658785340.373891.31d83f443132dd",
		"tcp_mss_default":	1448,
		"test_start":	{
			"protocol":	"TCP",
			"num_streams":	1,
			"blksize":	131072,
			"omit":	0,
			"duration":	58,
			"bytes":	0,
			"blocks":	0,
			"reverse":	0
		}
	},
	"intervals":	[{
			"streams":	[{
					"socket":	5,
					"start":	0,
					"end":	1.00002,
					"seconds":	1.00002,
					"bytes":	5735952,
					"bits_per_second":	4.58867e+07,
					"omitted":	false
				}],
			"sum":	{
				"start":	0,
				"end":	1.00002,
				"seconds":	1.00002,
				"bytes":	5735952,
				"bits_per_second":	4.58867e+07,
				"omitted":	false
			}
		}, {
			"streams":	[{
					"socket":	5,
					"start":	1.00002,
					"end":	2.00053,
					"seconds":	1.00051,
					"bytes":	6153032,
					"bits_per_second":	4.91991e+07,
					"omitted":	false
				}],
			"sum":	{
				"start":	1.00002,
				"end":	2.00053,
				"seconds":	1.00051,
				"bytes":	6153032,
				"bits_per_second":	4.91991e+07,
				"omitted":	false
			}
		}, {
			"streams":	[{
					"socket":	5,
					"start":	2.00053,
					"end":	3.00026,
					"seconds":	0.999723,
					"bytes":	6175616,
					"bits_per_second":	4.94186e+07,
					"omitted":	false
				}],
			"sum":	{
				"start":	2.00053,
				"end":	3.00026,
				"seconds":	0.999723,
				"bytes":	6175616,
				"bits_per_second":	4.94186e+07,
				"omitted":	false
			}
		}, {
			"streams":	[{
					"socket":	5,
					"start":	3.00026,
					"end":	4.00007,
					"seconds":	0.999814,
					"bytes":	6299392,
					"bits_per_second":	5.04045e+07,
					"omitted":	false
				}],
			"sum":	{
				"start":	3.00026,
				"end":	4.00007,
				"seconds":	0.999814,
				"bytes":	6299392,
				"bits_per_second":	5.04045e+07,
				"omitted":	false
			}
		}, {
			"streams":	[{
					"socket":	5,
					"start":	4.00007,
					"end":	5.00012,
					"seconds":	1.00005,
					"bytes":	6275640,
					"bits_per_second":	5.02027e+07,
					"omitted":	false
				}],
			"sum":	{
				"start":	4.00007,
				"end":	5.00012,
				"seconds":	1.00005,
				"bytes":	6275640,
				"bits_per_second":	5.02027e+07,
				"omitted":	false
			}
		}, {
			"streams":	[{
					"socket":	5,
					"start":	5.00012,
					"end":	6.00053,
					"seconds":	1.00041,
					"bytes":	6195776,
					"bits_per_second":	4.95458e+07,
					"omitted":	false
				}],
			"sum":	{
				"start":	5.00012,
				"end":	6.00053,
				"seconds":	1.00041,
				"bytes":	6195776,
				"bits_per_second":	4.95458e+07,
				"omitted":	false
			}
		}, {
			"streams":	[{
					"socket":	5,
					"start":	6.00053,
					"end":	7.00014,
					"seconds":	0.999609,
					"bytes":	6284912,
					"bits_per_second":	5.0299e+07,
					"omitted":	false
				}],
			"sum":	{
				"start":	6.00053,
				"end":	7.00014,
				"seconds":	0.999609,
				"bytes":	6284912,
				"bits_per_second":	5.0299e+07,
				"omitted":	false
			}
		}, {
			"streams":	[{
					"socket":	5,
					"start":	7.00014,
					"end":	8.00275,
					"seconds":	1.00261,
					"bytes":	6262608,
					"bits_per_second":	4.99704e+07,
					"omitted":	false
				}],
			"sum":	{
				"start":	7.00014,
				"end":	8.00275,
				"seconds":	1.00261,
				"bytes":	6262608,
				"bits_per_second":	4.99704e+07,
				"omitted":	false
			}
		}, {
			"streams":	[{
					"socket":	5,
					"start":	8.00275,
					"end":	9.00042,
					"seconds":	0.997667,
					"bytes":	6291344,
					"bits_per_second":	5.04484e+07,
					"omitted":	false
				}],
			"sum":	{
				"start":	8.00275,
				"end":	9.00042,
				"seconds":	0.997667,
				"bytes":	6291344,
				"bits_per_second":	5.04484e+07,
				"omitted":	false
			}
		}, {
			"streams":	[{
					"socket":	5,
					"start":	9.00042,
					"end":	10.0004,
					"seconds":	1.00002,
					"bytes":	6291568,
					"bits_per_second":	5.03314e+07,
					"omitted":	false
				}],
			"sum":	{
				"start":	9.00042,
				"end":	10.0004,
				"seconds":	1.00002,
				"bytes":	6291568,
				"bits_per_second":	5.03314e+07,
				"omitted":	false
			}
		}, {
			"streams":	[{
					"socket":	5,
					"start":	10.0004,
					"end":	11.0001,
					"seconds":	0.999666,
					"bytes":	6291344,
					"bits_per_second":	5.03476e+07,
					"omitted":	false
				}],
			"sum":	{
				"start":	10.0004,
				"end":	11.0001,
				"seconds":	0.999666,
				"bytes":	6291344,
				"bits_per_second":	5.03476e+07,
				"omitted":	false
			}
		}, {
			"streams":	[{
					"socket":	5,
					"start":	11.0001,
					"end":	12.0003,
					"seconds":	1.00019,
					"bytes":	6160384,
					"bits_per_second":	4.92736e+07,
					"omitted":	false
				}],
			"sum":	{
				"start":	11.0001,
				"end":	12.0003,
				"seconds":	1.00019,
				"bytes":	6160384,
				"bits_per_second":	4.92736e+07,
				"omitted":	false
			}
		}, {
			"streams":	[{
					"socket":	5,
					"start":	12.0003,
					"end":	13.0002,
					"seconds":	0.999951,
					"bytes":	6291456,
					"bits_per_second":	5.03341e+07,
					"omitted":	false
				}],
			"sum":	{
				"start":	12.0003,
				"end":	13.0002,
				"seconds":	0.999951,
				"bytes":	6291456,
				"bits_per_second":	5.03341e+07,
				"omitted":	false
			}
		}, {
			"streams":	[{
					"socket":	5,
					"start":	13.0002,
					"end":	14.0008,
					"seconds":	1.00056,
					"bytes":	6291568,
					"bits_per_second":	5.03045e+07,
					"omitted":	false
				}],
			"sum":	{
				"start":	13.0002,
				"end":	14.0008,
				"seconds":	1.00056,
				"bytes":	6291568,
				"bits_per_second":	5.03045e+07,
				"omitted":	false
			}
		}, {
			"streams":	[{
					"socket":	5,
					"start":	14.0008,
					"end":	15.0004,
					"seconds":	0.999641,
					"bytes":	6160384,
					"bits_per_second":	4.93008e+07,
					"omitted":	false
				}],
			"sum":	{
				"start":	14.0008,
				"end":	15.0004,
				"seconds":	0.999641,
				"bytes":	6160384,
				"bits_per_second":	4.93008e+07,
				"omitted":	false
			}
		}, {
			"streams":	[{
					"socket":	5,
					"start":	15.0004,
					"end":	16.0003,
					"seconds":	0.999901,
					"bytes":	6291456,
					"bits_per_second":	5.03366e+07,
					"omitted":	false
				}],
			"sum":	{
				"start":	15.0004,
				"end":	16.0003,
				"seconds":	0.999901,
				"bytes":	6291456,
				"bits_per_second":	5.03366e+07,
				"omitted":	false
			}
		}, {
			"streams":	[{
					"socket":	5,
					"start":	16.0003,
					"end":	17.0003,
					"seconds":	0.999989,
					"bytes":	6291344,
					"bits_per_second":	5.03313e+07,
					"omitted":	false
				}],
			"sum":	{
				"start":	16.0003,
				"end":	17.0003,
				"seconds":	0.999989,
				"bytes":	6291344,
				"bits_per_second":	5.03313e+07,
				"omitted":	false
			}
		}, {
			"streams":	[{
					"socket":	5,
					"start":	17.0003,
					"end":	18.0005,
					"seconds":	1.00018,
					"bytes":	6159688,
					"bits_per_second":	4.92684e+07,
					"omitted":	false
				}],
			"sum":	{
				"start":	17.0003,
				"end":	18.0005,
				"seconds":	1.00018,
				"bytes":	6159688,
				"bits_per_second":	4.92684e+07,
				"omitted":	false
			}
		}, {
			"streams":	[{
					"socket":	5,
					"start":	18.0005,
					"end":	19.0001,
					"seconds":	0.999566,
					"bytes":	6292152,
					"bits_per_second":	5.03591e+07,
					"omitted":	false
				}],
			"sum":	{
				"start":	18.0005,
				"end":	19.0001,
				"seconds":	0.999566,
				"bytes":	6292152,
				"bits_per_second":	5.03591e+07,
				"omitted":	false
			}
		}, {
			"streams":	[{
					"socket":	5,
					"start":	19.0001,
					"end":	20.0004,
					"seconds":	1.00032,
					"bytes":	6055432,
					"bits_per_second":	4.8428e+07,
					"omitted":	false
				}],
			"sum":	{
				"start":	19.0001,
				"end":	20.0004,
				"seconds":	1.00032,
				"bytes":	6055432,
				"bits_per_second":	4.8428e+07,
				"omitted":	false
			}
		}, {
			"streams":	[{
					"socket":	5,
					"start":	20.0004,
					"end":	21.0002,
					"seconds":	0.999794,
					"bytes":	6461568,
					"bits_per_second":	5.17032e+07,
					"omitted":	false
				}],
			"sum":	{
				"start":	20.0004,
				"end":	21.0002,
				"seconds":	0.999794,
				"bytes":	6461568,
				"bits_per_second":	5.17032e+07,
				"omitted":	false
			}
		}, {
			"streams":	[{
					"socket":	5,
					"start":	21.0002,
					"end":	22.0005,
					"seconds":	1.00034,
					"bytes":	6225544,
					"bits_per_second":	4.97876e+07,
					"omitted":	false
				}],
			"sum":	{
				"start":	21.0002,
				"end":	22.0005,
				"seconds":	1.00034,
				"bytes":	6225544,
				"bits_per_second":	4.97876e+07,
				"omitted":	false
			}
		}, {
			"streams":	[{
					"socket":	5,
					"start":	22.0005,
					"end":	23.0002,
					"seconds":	0.999626,
					"bytes":	6180712,
					"bits_per_second":	4.94642e+07,
					"omitted":	false
				}],
			"sum":	{
				"start":	22.0005,
				"end":	23.0002,
				"seconds":	0.999626,
				"bytes":	6180712,
				"bits_per_second":	4.94642e+07,
				"omitted":	false
			}
		}, {
			"streams":	[{
					"socket":	5,
					"start":	23.0002,
					"end":	24.0002,
					"seconds":	1.00008,
					"bytes":	5982280,
					"bits_per_second":	4.78542e+07,
					"omitted":	false
				}],
			"sum":	{
				"start":	23.0002,
				"end":	24.0002,
				"seconds":	1.00008,
				"bytes":	5982280,
				"bits_per_second":	4.78542e+07,
				"omitted":	false
			}
		}, {
			"streams":	[{
					"socket":	5,
					"start":	24.0002,
					"end":	25.0008,
					"seconds":	1.00054,
					"bytes":	6240024,
					"bits_per_second":	4.98932e+07,
					"omitted":	false
				}],
			"sum":	{
				"start":	24.0002,
				"end":	25.0008,
				"seconds":	1.00054,
				"bytes":	6240024,
				"bits_per_second":	4.98932e+07,
				"omitted":	false
			}
		}, {
			"streams":	[{
					"socket":	5,
					"start":	25.0008,
					"end":	26.0001,
					"seconds":	0.999334,
					"bytes":	6199536,
					"bits_per_second":	4.96293e+07,
					"omitted":	false
				}],
			"sum":	{
				"start":	25.0008,
				"end":	26.0001,
				"seconds":	0.999334,
				"bytes":	6199536,
				"bits_per_second":	4.96293e+07,
				"omitted":	false
			}
		}, {
			"streams":	[{
					"socket":	5,
					"start":	26.0001,
					"end":	27.0004,
					"seconds":	1.0003,
					"bytes":	4152200,
					"bits_per_second":	3.32077e+07,
					"omitted":	false
				}],
			"sum":	{
				"start":	26.0001,
				"end":	27.0004,
				"seconds":	1.0003,
				"bytes":	4152200,
				"bits_per_second":	3.32077e+07,
				"omitted":	false
			}
		}, {
			"streams":	[{
					"socket":	5,
					"start":	27.0004,
					"end":	28.003,
					"seconds":	1.00261,
					"bytes":	6395816,
					"bits_per_second":	5.10334e+07,
					"omitted":	false
				}],
			"sum":	{
				"start":	27.0004,
				"end":	28.003,
				"seconds":	1.00261,
				"bytes":	6395816,
				"bits_per_second":	5.10334e+07,
				"omitted":	false
			}
		}, {
			"streams":	[{
					"socket":	5,
					"start":	28.003,
					"end":	29.0001,
					"seconds":	0.997105,
					"bytes":	8628344,
					"bits_per_second":	6.92272e+07,
					"omitted":	false
				}],
			"sum":	{
				"start":	28.003,
				"end":	29.0001,
				"seconds":	0.997105,
				"bytes":	8628344,
				"bits_per_second":	6.92272e+07,
				"omitted":	false
			}
		}, {
			"streams":	[{
					"socket":	5,
					"start":	29.0001,
					"end":	30.0064,
					"seconds":	1.00631,
					"bytes":	6281904,
					"bits_per_second":	4.994e+07,
					"omitted":	false
				}],
			"sum":	{
				"start":	29.0001,
				"end":	30.0064,
				"seconds":	1.00631,
				"bytes":	6281904,
				"bits_per_second":	4.994e+07,
				"omitted":	false
			}
		}, {
			"streams":	[{
					"socket":	5,
					"start":	30.0064,
					"end":	31.0002,
					"seconds":	0.993767,
					"bytes":	6139416,
					"bits_per_second":	4.94234e+07,
					"omitted":	false
				}],
			"sum":	{
				"start":	30.0064,
				"end":	31.0002,
				"seconds":	0.993767,
				"bytes":	6139416,
				"bits_per_second":	4.94234e+07,
				"omitted":	false
			}
		}, {
			"streams":	[{
					"socket":	5,
					"start":	31.0002,
					"end":	32.0002,
					"seconds":	0.999961,
					"bytes":	6225544,
					"bits_per_second":	4.98063e+07,
					"omitted":	false
				}],
			"sum":	{
				"start":	31.0002,
				"end":	32.0002,
				"seconds":	0.999961,
				"bytes":	6225544,
				"bits_per_second":	4.98063e+07,
				"omitted":	false
			}
		}, {
			"streams":	[{
					"socket":	5,
					"start":	32.0002,
					"end":	33.0002,
					"seconds":	0.999987,
					"bytes":	6295800,
					"bits_per_second":	5.0367e+07,
					"omitted":	false
				}],
			"sum":	{
				"start":	32.0002,
				"end":	33.0002,
				"seconds":	0.999987,
				"bytes":	6295800,
				"bits_per_second":	5.0367e+07,
				"omitted":	false
			}
		}, {
			"streams":	[{
					"socket":	5,
					"start":	33.0002,
					"end":	34.0006,
					"seconds":	1.00041,
					"bytes":	6181408,
					"bits_per_second":	4.94308e+07,
					"omitted":	false
				}],
			"sum":	{
				"start":	33.0002,
				"end":	34.0006,
				"seconds":	1.00041,
				"bytes":	6181408,
				"bits_per_second":	4.94308e+07,
				"omitted":	false
			}
		}, {
			"streams":	[{
					"socket":	5,
					"start":	34.0006,
					"end":	35.0002,
					"seconds":	0.999588,
					"bytes":	6289256,
					"bits_per_second":	5.03348e+07,
					"omitted":	false
				}],
			"sum":	{
				"start":	34.0006,
				"end":	35.0002,
				"seconds":	0.999588,
				"bytes":	6289256,
				"bits_per_second":	5.03348e+07,
				"omitted":	false
			}
		}, {
			"streams":	[{
					"socket":	5,
					"start":	35.0002,
					"end":	36.0004,
					"seconds":	1.00027,
					"bytes":	6269736,
					"bits_per_second":	5.01445e+07,
					"omitted":	false
				}],
			"sum":	{
				"start":	35.0002,
				"end":	36.0004,
				"seconds":	1.00027,
				"bytes":	6269736,
				"bits_per_second":	5.01445e+07,
				"omitted":	false
			}
		}, {
			"streams":	[{
					"socket":	5,
					"start":	36.0004,
					"end":	37.0005,
					"seconds":	1.00007,
					"bytes":	6255368,
					"bits_per_second":	5.00397e+07,
					"omitted":	false
				}],
			"sum":	{
				"start":	36.0004,
				"end":	37.0005,
				"seconds":	1.00007,
				"bytes":	6255368,
				"bits_per_second":	5.00397e+07,
				"omitted":	false
			}
		}, {
			"streams":	[{
					"socket":	5,
					"start":	37.0005,
					"end":	38.0002,
					"seconds":	0.999715,
					"bytes":	6244256,
					"bits_per_second":	4.99683e+07,
					"omitted":	false
				}],
			"sum":	{
				"start":	37.0005,
				"end":	38.0002,
				"seconds":	0.999715,
				"bytes":	6244256,
				"bits_per_second":	4.99683e+07,
				"omitted":	false
			}
		}, {
			"streams":	[{
					"socket":	5,
					"start":	38.0002,
					"end":	39.0002,
					"seconds":	0.999981,
					"bytes":	6253112,
					"bits_per_second":	5.00258e+07,
					"omitted":	false
				}],
			"sum":	{
				"start":	38.0002,
				"end":	39.0002,
				"seconds":	0.999981,
				"bytes":	6253112,
				"bits_per_second":	5.00258e+07,
				"omitted":	false
			}
		}, {
			"streams":	[{
					"socket":	5,
					"start":	39.0002,
					"end":	40.0002,
					"seconds":	0.999991,
					"bytes":	6245928,
					"bits_per_second":	4.99679e+07,
					"omitted":	false
				}],
			"sum":	{
				"start":	39.0002,
				"end":	40.0002,
				"seconds":	0.999991,
				"bytes":	6245928,
				"bits_per_second":	4.99679e+07,
				"omitted":	false
			}
		}, {
			"streams":	[{
					"socket":	5,
					"start":	40.0002,
					"end":	41.0085,
					"seconds":	1.00828,
					"bytes":	6291456,
					"bits_per_second":	4.99184e+07,
					"omitted":	false
				}],
			"sum":	{
				"start":	40.0002,
				"end":	41.0085,
				"seconds":	1.00828,
				"bytes":	6291456,
				"bits_per_second":	4.99184e+07,
				"omitted":	false
			}
		}, {
			"streams":	[{
					"socket":	5,
					"start":	41.0085,
					"end":	42.0003,
					"seconds":	0.991842,
					"bytes":	6291456,
					"bits_per_second":	5.07456e+07,
					"omitted":	false
				}],
			"sum":	{
				"start":	41.0085,
				"end":	42.0003,
				"seconds":	0.991842,
				"bytes":	6291456,
				"bits_per_second":	5.07456e+07,
				"omitted":	false
			}
		}, {
			"streams":	[{
					"socket":	5,
					"start":	42.0003,
					"end":	43.0006,
					"seconds":	1.00029,
					"bytes":	6160384,
					"bits_per_second":	4.92688e+07,
					"omitted":	false
				}],
			"sum":	{
				"start":	42.0003,
				"end":	43.0006,
				"seconds":	1.00029,
				"bytes":	6160384,
				"bits_per_second":	4.92688e+07,
				"omitted":	false
			}
		}, {
			"streams":	[{
					"socket":	5,
					"start":	43.0006,
					"end":	44.0001,
					"seconds":	0.999541,
					"bytes":	6291456,
					"bits_per_second":	5.03548e+07,
					"omitted":	false
				}],
			"sum":	{
				"start":	43.0006,
				"end":	44.0001,
				"seconds":	0.999541,
				"bytes":	6291456,
				"bits_per_second":	5.03548e+07,
				"omitted":	false
			}
		}, {
			"streams":	[{
					"socket":	5,
					"start":	44.0001,
					"end":	45.0002,
					"seconds":	1.00003,
					"bytes":	6291456,
					"bits_per_second":	5.03299e+07,
					"omitted":	false
				}],
			"sum":	{
				"start":	44.0001,
				"end":	45.0002,
				"seconds":	1.00003,
				"bytes":	6291456,
				"bits_per_second":	5.03299e+07,
				"omitted":	false
			}
		}, {
			"streams":	[{
					"socket":	5,
					"start":	45.0002,
					"end":	46.0004,
					"seconds":	1.00027,
					"bytes":	6160384,
					"bits_per_second":	4.92699e+07,
					"omitted":	false
				}],
			"sum":	{
				"start":	45.0002,
				"end":	46.0004,
				"seconds":	1.00027,
				"bytes":	6160384,
				"bits_per_second":	4.92699e+07,
				"omitted":	false
			}
		}, {
			"streams":	[{
					"socket":	5,
					"start":	46.0004,
					"end":	47.0001,
					"seconds":	0.999715,
					"bytes":	5888800,
					"bits_per_second":	4.71238e+07,
					"omitted":	false
				}],
			"sum":	{
				"start":	46.0004,
				"end":	47.0001,
				"seconds":	0.999715,
				"bytes":	5888800,
				"bits_per_second":	4.71238e+07,
				"omitted":	false
			}
		}, {
			"streams":	[{
					"socket":	5,
					"start":	47.0001,
					"end":	48.0004,
					"seconds":	1.00021,
					"bytes":	3397984,
					"bits_per_second":	2.71782e+07,
					"omitted":	false
				}],
			"sum":	{
				"start":	47.0001,
				"end":	48.0004,
				"seconds":	1.00021,
				"bytes":	3397984,
				"bits_per_second":	2.71782e+07,
				"omitted":	false
			}
		}, {
			"streams":	[{
					"socket":	5,
					"start":	48.0004,
					"end":	49.001,
					"seconds":	1.00063,
					"bytes":	3588144,
					"bits_per_second":	2.86872e+07,
					"omitted":	false
				}],
			"sum":	{
				"start":	48.0004,
				"end":	49.001,
				"seconds":	1.00063,
				"bytes":	3588144,
				"bits_per_second":	2.86872e+07,
				"omitted":	false
			}
		}, {
			"streams":	[{
					"socket":	5,
					"start":	49.001,
					"end":	50.0008,
					"seconds":	0.999833,
					"bytes":	7866984,
					"bits_per_second":	6.29464e+07,
					"omitted":	false
				}],
			"sum":	{
				"start":	49.001,
				"end":	50.0008,
				"seconds":	0.999833,
				"bytes":	7866984,
				"bits_per_second":	6.29464e+07,
				"omitted":	false
			}
		}, {
			"streams":	[{
					"socket":	5,
					"start":	50.0008,
					"end":	51.0014,
					"seconds":	1.00063,
					"bytes":	3715568,
					"bits_per_second":	2.97059e+07,
					"omitted":	false
				}],
			"sum":	{
				"start":	50.0008,
				"end":	51.0014,
				"seconds":	1.00063,
				"bytes":	3715568,
				"bits_per_second":	2.97059e+07,
				"omitted":	false
			}
		}, {
			"streams":	[{
					"socket":	5,
					"start":	51.0014,
					"end":	52.005,
					"seconds":	1.00351,
					"bytes":	5418416,
					"bits_per_second":	4.31956e+07,
					"omitted":	false
				}],
			"sum":	{
				"start":	51.0014,
				"end":	52.005,
				"seconds":	1.00351,
				"bytes":	5418416,
				"bits_per_second":	4.31956e+07,
				"omitted":	false
			}
		}, {
			"streams":	[{
					"socket":	5,
					"start":	52.005,
					"end":	53.0016,
					"seconds":	0.996603,
					"bytes":	7189320,
					"bits_per_second":	5.77106e+07,
					"omitted":	false
				}],
			"sum":	{
				"start":	52.005,
				"end":	53.0016,
				"seconds":	0.996603,
				"bytes":	7189320,
				"bits_per_second":	5.77106e+07,
				"omitted":	false
			}
		}, {
			"streams":	[{
					"socket":	5,
					"start":	53.0016,
					"end":	54.0006,
					"seconds":	0.999027,
					"bytes":	7796032,
					"bits_per_second":	6.2429e+07,
					"omitted":	false
				}],
			"sum":	{
				"start":	53.0016,
				"end":	54.0006,
				"seconds":	0.999027,
				"bytes":	7796032,
				"bits_per_second":	6.2429e+07,
				"omitted":	false
			}
		}, {
			"streams":	[{
					"socket":	5,
					"start":	54.0006,
					"end":	55.0002,
					"seconds":	0.999598,
					"bytes":	8233328,
					"bits_per_second":	6.58931e+07,
					"omitted":	false
				}],
			"sum":	{
				"start":	54.0006,
				"end":	55.0002,
				"seconds":	0.999598,
				"bytes":	8233328,
				"bits_per_second":	6.58931e+07,
				"omitted":	false
			}
		}, {
			"streams":	[{
					"socket":	5,
					"start":	55.0002,
					"end":	56.0002,
					"seconds":	1.00006,
					"bytes":	9099232,
					"bits_per_second":	7.27896e+07,
					"omitted":	false
				}],
			"sum":	{
				"start":	55.0002,
				"end":	56.0002,
				"seconds":	1.00006,
				"bytes":	9099232,
				"bits_per_second":	7.27896e+07,
				"omitted":	false
			}
		}, {
			"streams":	[{
					"socket":	5,
					"start":	56.0002,
					"end":	57.0004,
					"seconds":	1.00017,
					"bytes":	6597160,
					"bits_per_second":	5.27683e+07,
					"omitted":	false
				}],
			"sum":	{
				"start":	56.0002,
				"end":	57.0004,
				"seconds":	1.00017,
				"bytes":	6597160,
				"bits_per_second":	5.27683e+07,
				"omitted":	false
			}
		}, {
			"streams":	[{
					"socket":	5,
					"start":	57.0004,
					"end":	58.0001,
					"seconds":	0.999695,
					"bytes":	6300840,
					"bits_per_second":	5.04221e+07,
					"omitted":	false
				}],
			"sum":	{
				"start":	57.0004,
				"end":	58.0001,
				"seconds":	0.999695,
				"bytes":	6300840,
				"bits_per_second":	5.04221e+07,
				"omitted":	false
			}
		}, {
			"streams":	[{
					"socket":	5,
					"start":	58.0001,
					"end":	58.0447,
					"seconds":	0.0445731,
					"bytes":	12448,
					"bits_per_second":	2.23417e+06,
					"omitted":	false
				}],
			"sum":	{
				"start":	58.0001,
				"end":	58.0447,
				"seconds":	0.0445731,
				"bytes":	12448,
				"bits_per_second":	2.23417e+06,
				"omitted":	false
			}
		}],
	"end":	{
		"streams":	[{
				"sender":	{
					"socket":	5,
					"start":	0,
					"end":	58.0447,
					"seconds":	58.0447,
					"bytes":	361989648,
					"bits_per_second":	4.98912e+07,
					"retransmits":	326
				},
				"receiver":	{
					"socket":	5,
					"start":	0,
					"end":	58.0447,
					"seconds":	58.0447,
					"bytes":	361989648,
					"bits_per_second":	4.98912e+07
				}
			}],
		"sum_sent":	{
			"start":	0,
			"end":	58.0447,
			"seconds":	58.0447,
			"bytes":	361989648,
			"bits_per_second":	4.98912e+07,
			"retransmits":	326
		},
		"sum_received":	{
			"start":	0,
			"end":	58.0447,
			"seconds":	58.0447,
			"bytes":	361989648,
			"bits_per_second":	4.98912e+07
		},
		"cpu_utilization_percent":	{
			"host_total":	4.24499,
			"host_user":	0.36128,
			"host_system":	3.88371,
			"remote_total":	1.72047,
			"remote_user":	0.104239,
			"remote_system":	1.61623
		}
	}
}
