{
	"start":	{
		"connected":	[{
				"socket":	5,
				"local_host":	"10.0.0.10",
				"local_port":	2382,
				"remote_host":	"10.0.0.2",
				"remote_port":	48412
			}],
		"version":	"iperf 3.0.7",
		"system_info":	"Linux H10 5.4.197-0504197-generic #202206060747 SMP Mon Jun 6 09:27:47 UTC 2022 x86_64 x86_64 x86_64 GNU/Linux\n",
		"timestamp":	{
			"time":	"Fri, 22 Jul 2022 15:02:06 GMT",
			"timesecs":	1658502126
		},
		"accepted_connection":	{
			"host":	"10.0.0.2",
			"port":	48410
		},
		"cookie":	"H2.1658502126.566037.431b953223a81d8",
		"tcp_mss_default":	1448,
		"test_start":	{
			"protocol":	"TCP",
			"num_streams":	1,
			"blksize":	131072,
			"omit":	0,
			"duration":	5,
			"bytes":	0,
			"blocks":	0,
			"reverse":	0
		}
	},
	"intervals":	[{
			"streams":	[{
					"socket":	5,
					"start":	0,
					"end":	1.00153,
					"seconds":	1.00153,
					"bytes":	1719864,
					"bits_per_second":	1.37379e+07,
					"omitted":	false
				}],
			"sum":	{
				"start":	0,
				"end":	1.00153,
				"seconds":	1.00153,
				"bytes":	1719864,
				"bits_per_second":	1.37379e+07,
				"omitted":	false
			}
		}, {
			"streams":	[{
					"socket":	5,
					"start":	1.00153,
					"end":	2.00115,
					"seconds":	0.999621,
					"bytes":	1974768,
					"bits_per_second":	1.58041e+07,
					"omitted":	false
				}],
			"sum":	{
				"start":	1.00153,
				"end":	2.00115,
				"seconds":	0.999621,
				"bytes":	1974768,
				"bits_per_second":	1.58041e+07,
				"omitted":	false
			}
		}, {
			"streams":	[{
					"socket":	5,
					"start":	2.00115,
					"end":	3.00202,
					"seconds":	1.00087,
					"bytes":	1843696,
					"bits_per_second":	1.47368e+07,
					"omitted":	false
				}],
			"sum":	{
				"start":	2.00115,
				"end":	3.00202,
				"seconds":	1.00087,
				"bytes":	1843696,
				"bits_per_second":	1.47368e+07,
				"omitted":	false
			}
		}, {
			"streams":	[{
					"socket":	5,
					"start":	3.00202,
					"end":	4.0025,
					"seconds":	1.00048,
					"bytes":	1836456,
					"bits_per_second":	1.46846e+07,
					"omitted":	false
				}],
			"sum":	{
				"start":	3.00202,
				"end":	4.0025,
				"seconds":	1.00048,
				"bytes":	1836456,
				"bits_per_second":	1.46846e+07,
				"omitted":	false
			}
		}, {
			"streams":	[{
					"socket":	5,
					"start":	4.0025,
					"end":	5.00125,
					"seconds":	0.998752,
					"bytes":	1931328,
					"bits_per_second":	1.54699e+07,
					"omitted":	false
				}],
			"sum":	{
				"start":	4.0025,
				"end":	5.00125,
				"seconds":	0.998752,
				"bytes":	1931328,
				"bits_per_second":	1.54699e+07,
				"omitted":	false
			}
		}],
	"end":	{
		"streams":	[{
				"sender":	{
					"socket":	5,
					"start":	0,
					"end":	5.00125,
					"seconds":	5.00125,
					"bytes":	9306112,
					"bits_per_second":	1.48861e+07,
					"retransmits":	0
				},
				"receiver":	{
					"socket":	5,
					"start":	0,
					"end":	5.00125,
					"seconds":	5.00125,
					"bytes":	9306112,
					"bits_per_second":	1.48861e+07
				}
			}],
		"sum_sent":	{
			"start":	0,
			"end":	5.00125,
			"seconds":	5.00125,
			"bytes":	9306112,
			"bits_per_second":	1.48861e+07,
			"retransmits":	0
		},
		"sum_received":	{
			"start":	0,
			"end":	5.00125,
			"seconds":	5.00125,
			"bytes":	9306112,
			"bits_per_second":	1.48861e+07
		},
		"cpu_utilization_percent":	{
			"host_total":	1.72772,
			"host_user":	0.151712,
			"host_system":	1.57593,
			"remote_total":	0.719862,
			"remote_user":	0.0725969,
			"remote_system":	0.647166
		}
	}
}
