{
	"start":	{
		"connected":	[{
				"socket":	5,
				"local_host":	"10.0.0.8",
				"local_port":	1535,
				"remote_host":	"10.0.0.7",
				"remote_port":	54228
			}],
		"version":	"iperf 3.0.7",
		"system_info":	"Linux MECS1 5.4.197-0504197-generic #202206060747 SMP Mon Jun 6 09:27:47 UTC 2022 x86_64 x86_64 x86_64 GNU/Linux\n",
		"timestamp":	{
			"time":	"Mon, 25 Jul 2022 21:48:15 GMT",
			"timesecs":	1658785695
		},
		"accepted_connection":	{
			"host":	"10.0.0.7",
			"port":	54226
		},
		"cookie":	"BS7.1658785695.283070.5b3827ec2ce6a2",
		"tcp_mss_default":	1448,
		"test_start":	{
			"protocol":	"TCP",
			"num_streams":	1,
			"blksize":	131072,
			"omit":	0,
			"duration":	30,
			"bytes":	0,
			"blocks":	0,
			"reverse":	0
		}
	},
	"intervals":	[{
			"streams":	[{
					"socket":	5,
					"start":	0,
					"end":	1.00048,
					"seconds":	1.00048,
					"bytes":	1778144,
					"bits_per_second":	1.42184e+07,
					"omitted":	false
				}],
			"sum":	{
				"start":	0,
				"end":	1.00048,
				"seconds":	1.00048,
				"bytes":	1778144,
				"bits_per_second":	1.42184e+07,
				"omitted":	false
			}
		}, {
			"streams":	[{
					"socket":	5,
					"start":	1.00048,
					"end":	2.00066,
					"seconds":	1.00019,
					"bytes":	2426848,
					"bits_per_second":	1.94112e+07,
					"omitted":	false
				}],
			"sum":	{
				"start":	1.00048,
				"end":	2.00066,
				"seconds":	1.00019,
				"bytes":	2426848,
				"bits_per_second":	1.94112e+07,
				"omitted":	false
			}
		}, {
			"streams":	[{
					"socket":	5,
					"start":	2.00066,
					"end":	3.00031,
					"seconds":	0.999644,
					"bytes":	1686920,
					"bits_per_second":	1.35002e+07,
					"omitted":	false
				}],
			"sum":	{
				"start":	2.00066,
				"end":	3.00031,
				"seconds":	0.999644,
				"bytes":	1686920,
				"bits_per_second":	1.35002e+07,
				"omitted":	false
			}
		}, {
			"streams":	[{
					"socket":	5,
					"start":	3.00031,
					"end":	4.00643,
					"seconds":	1.00612,
					"bytes":	1038216,
					"bits_per_second":	8.25519e+06,
					"omitted":	false
				}],
			"sum":	{
				"start":	3.00031,
				"end":	4.00643,
				"seconds":	1.00612,
				"bytes":	1038216,
				"bits_per_second":	8.25519e+06,
				"omitted":	false
			}
		}, {
			"streams":	[{
					"socket":	5,
					"start":	4.00643,
					"end":	5.0087,
					"seconds":	1.00227,
					"bytes":	1267000,
					"bits_per_second":	1.0113e+07,
					"omitted":	false
				}],
			"sum":	{
				"start":	4.00643,
				"end":	5.0087,
				"seconds":	1.00227,
				"bytes":	1267000,
				"bits_per_second":	1.0113e+07,
				"omitted":	false
			}
		}, {
			"streams":	[{
					"socket":	5,
					"start":	5.0087,
					"end":	6.00138,
					"seconds":	0.992672,
					"bytes":	1044008,
					"bits_per_second":	8.41372e+06,
					"omitted":	false
				}],
			"sum":	{
				"start":	5.0087,
				"end":	6.00138,
				"seconds":	0.992672,
				"bytes":	1044008,
				"bits_per_second":	8.41372e+06,
				"omitted":	false
			}
		}, {
			"streams":	[{
					"socket":	5,
					"start":	6.00138,
					"end":	7.00027,
					"seconds":	0.998891,
					"bytes":	961472,
					"bits_per_second":	7.70032e+06,
					"omitted":	false
				}],
			"sum":	{
				"start":	6.00138,
				"end":	7.00027,
				"seconds":	0.998891,
				"bytes":	961472,
				"bits_per_second":	7.70032e+06,
				"omitted":	false
			}
		}, {
			"streams":	[{
					"socket":	5,
					"start":	7.00027,
					"end":	8.00213,
					"seconds":	1.00186,
					"bytes":	1198944,
					"bits_per_second":	9.57373e+06,
					"omitted":	false
				}],
			"sum":	{
				"start":	7.00027,
				"end":	8.00213,
				"seconds":	1.00186,
				"bytes":	1198944,
				"bits_per_second":	9.57373e+06,
				"omitted":	false
			}
		}, {
			"streams":	[{
					"socket":	5,
					"start":	8.00213,
					"end":	9.00029,
					"seconds":	0.99816,
					"bytes":	1665200,
					"bits_per_second":	1.33462e+07,
					"omitted":	false
				}],
			"sum":	{
				"start":	8.00213,
				"end":	9.00029,
				"seconds":	0.99816,
				"bytes":	1665200,
				"bits_per_second":	1.33462e+07,
				"omitted":	false
			}
		}, {
			"streams":	[{
					"socket":	5,
					"start":	9.00029,
					"end":	10.0112,
					"seconds":	1.01093,
					"bytes":	2061952,
					"bits_per_second":	1.63173e+07,
					"omitted":	false
				}],
			"sum":	{
				"start":	9.00029,
				"end":	10.0112,
				"seconds":	1.01093,
				"bytes":	2061952,
				"bits_per_second":	1.63173e+07,
				"omitted":	false
			}
		}, {
			"streams":	[{
					"socket":	5,
					"start":	10.0112,
					"end":	11.0028,
					"seconds":	0.991593,
					"bytes":	1546464,
					"bits_per_second":	1.24766e+07,
					"omitted":	false
				}],
			"sum":	{
				"start":	10.0112,
				"end":	11.0028,
				"seconds":	0.991593,
				"bytes":	1546464,
				"bits_per_second":	1.24766e+07,
				"omitted":	false
			}
		}, {
			"streams":	[{
					"socket":	5,
					"start":	11.0028,
					"end":	12.0038,
					"seconds":	1.00098,
					"bytes":	1862128,
					"bits_per_second":	1.48824e+07,
					"omitted":	false
				}],
			"sum":	{
				"start":	11.0028,
				"end":	12.0038,
				"seconds":	1.00098,
				"bytes":	1862128,
				"bits_per_second":	1.48824e+07,
				"omitted":	false
			}
		}, {
			"streams":	[{
					"socket":	5,
					"start":	12.0038,
					"end":	13.0008,
					"seconds":	0.996974,
					"bytes":	2274808,
					"bits_per_second":	1.82537e+07,
					"omitted":	false
				}],
			"sum":	{
				"start":	12.0038,
				"end":	13.0008,
				"seconds":	0.996974,
				"bytes":	2274808,
				"bits_per_second":	1.82537e+07,
				"omitted":	false
			}
		}, {
			"streams":	[{
					"socket":	5,
					"start":	13.0008,
					"end":	14.005,
					"seconds":	1.00423,
					"bytes":	1895432,
					"bits_per_second":	1.50997e+07,
					"omitted":	false
				}],
			"sum":	{
				"start":	13.0008,
				"end":	14.005,
				"seconds":	1.00423,
				"bytes":	1895432,
				"bits_per_second":	1.50997e+07,
				"omitted":	false
			}
		}, {
			"streams":	[{
					"socket":	5,
					"start":	14.005,
					"end":	15.0003,
					"seconds":	0.995314,
					"bytes":	2725136,
					"bits_per_second":	2.19037e+07,
					"omitted":	false
				}],
			"sum":	{
				"start":	14.005,
				"end":	15.0003,
				"seconds":	0.995314,
				"bytes":	2725136,
				"bits_per_second":	2.19037e+07,
				"omitted":	false
			}
		}, {
			"streams":	[{
					"socket":	5,
					"start":	15.0003,
					"end":	16.0003,
					"seconds":	1.00001,
					"bytes":	1812896,
					"bits_per_second":	1.4503e+07,
					"omitted":	false
				}],
			"sum":	{
				"start":	15.0003,
				"end":	16.0003,
				"seconds":	1.00001,
				"bytes":	1812896,
				"bits_per_second":	1.4503e+07,
				"omitted":	false
			}
		}, {
			"streams":	[{
					"socket":	5,
					"start":	16.0003,
					"end":	17.0003,
					"seconds":	0.999942,
					"bytes":	2134352,
					"bits_per_second":	1.70758e+07,
					"omitted":	false
				}],
			"sum":	{
				"start":	16.0003,
				"end":	17.0003,
				"seconds":	0.999942,
				"bytes":	2134352,
				"bits_per_second":	1.70758e+07,
				"omitted":	false
			}
		}, {
			"streams":	[{
					"socket":	5,
					"start":	17.0003,
					"end":	18.0088,
					"seconds":	1.00854,
					"bytes":	2289288,
					"bits_per_second":	1.81592e+07,
					"omitted":	false
				}],
			"sum":	{
				"start":	17.0003,
				"end":	18.0088,
				"seconds":	1.00854,
				"bytes":	2289288,
				"bits_per_second":	1.81592e+07,
				"omitted":	false
			}
		}, {
			"streams":	[{
					"socket":	5,
					"start":	18.0088,
					"end":	19.0067,
					"seconds":	0.99789,
					"bytes":	1324920,
					"bits_per_second":	1.06218e+07,
					"omitted":	false
				}],
			"sum":	{
				"start":	18.0088,
				"end":	19.0067,
				"seconds":	0.99789,
				"bytes":	1324920,
				"bits_per_second":	1.06218e+07,
				"omitted":	false
			}
		}, {
			"streams":	[{
					"socket":	5,
					"start":	19.0067,
					"end":	20.0001,
					"seconds":	0.993451,
					"bytes":	1308992,
					"bits_per_second":	1.0541e+07,
					"omitted":	false
				}],
			"sum":	{
				"start":	19.0067,
				"end":	20.0001,
				"seconds":	0.993451,
				"bytes":	1308992,
				"bits_per_second":	1.0541e+07,
				"omitted":	false
			}
		}, {
			"streams":	[{
					"socket":	5,
					"start":	20.0001,
					"end":	21.0016,
					"seconds":	1.00149,
					"bytes":	1718776,
					"bits_per_second":	1.37298e+07,
					"omitted":	false
				}],
			"sum":	{
				"start":	20.0001,
				"end":	21.0016,
				"seconds":	1.00149,
				"bytes":	1718776,
				"bits_per_second":	1.37298e+07,
				"omitted":	false
			}
		}, {
			"streams":	[{
					"socket":	5,
					"start":	21.0016,
					"end":	22.0003,
					"seconds":	0.998719,
					"bytes":	2024304,
					"bits_per_second":	1.62152e+07,
					"omitted":	false
				}],
			"sum":	{
				"start":	21.0016,
				"end":	22.0003,
				"seconds":	0.998719,
				"bytes":	2024304,
				"bits_per_second":	1.62152e+07,
				"omitted":	false
			}
		}, {
			"streams":	[{
					"socket":	5,
					"start":	22.0003,
					"end":	23.0026,
					"seconds":	1.00228,
					"bytes":	1517504,
					"bits_per_second":	1.21124e+07,
					"omitted":	false
				}],
			"sum":	{
				"start":	22.0003,
				"end":	23.0026,
				"seconds":	1.00228,
				"bytes":	1517504,
				"bits_per_second":	1.21124e+07,
				"omitted":	false
			}
		}, {
			"streams":	[{
					"socket":	5,
					"start":	23.0026,
					"end":	24.0014,
					"seconds":	0.998732,
					"bytes":	3617104,
					"bits_per_second":	2.89736e+07,
					"omitted":	false
				}],
			"sum":	{
				"start":	23.0026,
				"end":	24.0014,
				"seconds":	0.998732,
				"bytes":	3617104,
				"bits_per_second":	2.89736e+07,
				"omitted":	false
			}
		}, {
			"streams":	[{
					"socket":	5,
					"start":	24.0014,
					"end":	25.0027,
					"seconds":	1.00139,
					"bytes":	5490816,
					"bits_per_second":	4.38657e+07,
					"omitted":	false
				}],
			"sum":	{
				"start":	24.0014,
				"end":	25.0027,
				"seconds":	1.00139,
				"bytes":	5490816,
				"bits_per_second":	4.38657e+07,
				"omitted":	false
			}
		}, {
			"streams":	[{
					"socket":	5,
					"start":	25.0027,
					"end":	26.0025,
					"seconds":	0.999758,
					"bytes":	5571904,
					"bits_per_second":	4.4586e+07,
					"omitted":	false
				}],
			"sum":	{
				"start":	25.0027,
				"end":	26.0025,
				"seconds":	0.999758,
				"bytes":	5571904,
				"bits_per_second":	4.4586e+07,
				"omitted":	false
			}
		}, {
			"streams":	[{
					"socket":	5,
					"start":	26.0025,
					"end":	27.0021,
					"seconds":	0.999592,
					"bytes":	5209904,
					"bits_per_second":	4.16962e+07,
					"omitted":	false
				}],
			"sum":	{
				"start":	26.0025,
				"end":	27.0021,
				"seconds":	0.999592,
				"bytes":	5209904,
				"bits_per_second":	4.16962e+07,
				"omitted":	false
			}
		}, {
			"streams":	[{
					"socket":	5,
					"start":	27.0021,
					"end":	28.0007,
					"seconds":	0.998639,
					"bytes":	7163256,
					"bits_per_second":	5.73841e+07,
					"omitted":	false
				}],
			"sum":	{
				"start":	27.0021,
				"end":	28.0007,
				"seconds":	0.998639,
				"bytes":	7163256,
				"bits_per_second":	5.73841e+07,
				"omitted":	false
			}
		}, {
			"streams":	[{
					"socket":	5,
					"start":	28.0007,
					"end":	29.0055,
					"seconds":	1.0048,
					"bytes":	7801824,
					"bits_per_second":	6.21164e+07,
					"omitted":	false
				}],
			"sum":	{
				"start":	28.0007,
				"end":	29.0055,
				"seconds":	1.0048,
				"bytes":	7801824,
				"bits_per_second":	6.21164e+07,
				"omitted":	false
			}
		}, {
			"streams":	[{
					"socket":	5,
					"start":	29.0055,
					"end":	30.0011,
					"seconds":	0.995608,
					"bytes":	8567816,
					"bits_per_second":	6.88449e+07,
					"omitted":	false
				}],
			"sum":	{
				"start":	29.0055,
				"end":	30.0011,
				"seconds":	0.995608,
				"bytes":	8567816,
				"bits_per_second":	6.88449e+07,
				"omitted":	false
			}
		}, {
			"streams":	[{
					"socket":	5,
					"start":	30.0011,
					"end":	30.0743,
					"seconds":	0.0731409,
					"bytes":	783368,
					"bits_per_second":	8.56832e+07,
					"omitted":	false
				}],
			"sum":	{
				"start":	30.0011,
				"end":	30.0743,
				"seconds":	0.0731409,
				"bytes":	783368,
				"bits_per_second":	8.56832e+07,
				"omitted":	false
			}
		}],
	"end":	{
		"streams":	[{
				"sender":	{
					"socket":	5,
					"start":	0,
					"end":	30.0743,
					"seconds":	30.0743,
					"bytes":	84947632,
					"bits_per_second":	2.25967e+07,
					"retransmits":	54
				},
				"receiver":	{
					"socket":	5,
					"start":	0,
					"end":	30.0743,
					"seconds":	30.0743,
					"bytes":	83769696,
					"bits_per_second":	2.22834e+07
				}
			}],
		"sum_sent":	{
			"start":	0,
			"end":	30.0743,
			"seconds":	30.0743,
			"bytes":	84947632,
			"bits_per_second":	2.25967e+07,
			"retransmits":	54
		},
		"sum_received":	{
			"start":	0,
			"end":	30.0743,
			"seconds":	30.0743,
			"bytes":	83769696,
			"bits_per_second":	2.22834e+07
		},
		"cpu_utilization_percent":	{
			"host_total":	5.39318,
			"host_user":	0.477409,
			"host_system":	4.91556,
			"remote_total":	1.58075,
			"remote_user":	0.234768,
			"remote_system":	1.34596
		}
	}
}
