{
	"start":	{
		"connected":	[{
				"socket":	5,
				"local_host":	"10.0.0.9",
				"local_port":	2491,
				"remote_host":	"10.0.0.1",
				"remote_port":	41238
			}],
		"version":	"iperf 3.0.7",
		"system_info":	"Linux H9 5.4.197-0504197-generic #202206060747 SMP Mon Jun 6 09:27:47 UTC 2022 x86_64 x86_64 x86_64 GNU/Linux\n",
		"timestamp":	{
			"time":	"Fri, 22 Jul 2022 16:28:17 GMT",
			"timesecs":	1658507297
		},
		"accepted_connection":	{
			"host":	"10.0.0.1",
			"port":	41236
		},
		"cookie":	"H1.1658507297.393672.087967a9646b062",
		"tcp_mss_default":	1448,
		"test_start":	{
			"protocol":	"TCP",
			"num_streams":	1,
			"blksize":	131072,
			"omit":	0,
			"duration":	5,
			"bytes":	0,
			"blocks":	0,
			"reverse":	0
		}
	},
	"intervals":	[{
			"streams":	[{
					"socket":	5,
					"start":	0,
					"end":	1.00075,
					"seconds":	1.00075,
					"bytes":	1689400,
					"bits_per_second":	1.35051e+07,
					"omitted":	false
				}],
			"sum":	{
				"start":	0,
				"end":	1.00075,
				"seconds":	1.00075,
				"bytes":	1689400,
				"bits_per_second":	1.35051e+07,
				"omitted":	false
			}
		}, {
			"streams":	[{
					"socket":	5,
					"start":	1.00075,
					"end":	2.00111,
					"seconds":	1.00036,
					"bytes":	1966080,
					"bits_per_second":	1.57229e+07,
					"omitted":	false
				}],
			"sum":	{
				"start":	1.00075,
				"end":	2.00111,
				"seconds":	1.00036,
				"bytes":	1966080,
				"bits_per_second":	1.57229e+07,
				"omitted":	false
			}
		}, {
			"streams":	[{
					"socket":	5,
					"start":	2.00111,
					"end":	3.00083,
					"seconds":	0.999718,
					"bytes":	1835008,
					"bits_per_second":	1.46842e+07,
					"omitted":	false
				}],
			"sum":	{
				"start":	2.00111,
				"end":	3.00083,
				"seconds":	0.999718,
				"bytes":	1835008,
				"bits_per_second":	1.46842e+07,
				"omitted":	false
			}
		}, {
			"streams":	[{
					"socket":	5,
					"start":	3.00083,
					"end":	4.00066,
					"seconds":	0.999839,
					"bytes":	1835008,
					"bits_per_second":	1.46824e+07,
					"omitted":	false
				}],
			"sum":	{
				"start":	3.00083,
				"end":	4.00066,
				"seconds":	0.999839,
				"bytes":	1835008,
				"bits_per_second":	1.46824e+07,
				"omitted":	false
			}
		}, {
			"streams":	[{
					"socket":	5,
					"start":	4.00066,
					"end":	5.0004,
					"seconds":	0.999737,
					"bytes":	1966080,
					"bits_per_second":	1.57328e+07,
					"omitted":	false
				}],
			"sum":	{
				"start":	4.00066,
				"end":	5.0004,
				"seconds":	0.999737,
				"bytes":	1966080,
				"bits_per_second":	1.57328e+07,
				"omitted":	false
			}
		}, {
			"streams":	[{
					"socket":	5,
					"start":	5.0004,
					"end":	5.00164,
					"seconds":	0.00123501,
					"bytes":	0,
					"bits_per_second":	0,
					"omitted":	false
				}],
			"sum":	{
				"start":	5.0004,
				"end":	5.00164,
				"seconds":	0.00123501,
				"bytes":	0,
				"bits_per_second":	0,
				"omitted":	false
			}
		}],
	"end":	{
		"streams":	[{
				"sender":	{
					"socket":	5,
					"start":	0,
					"end":	5.00164,
					"seconds":	5.00164,
					"bytes":	9291576,
					"bits_per_second":	1.48617e+07,
					"retransmits":	0
				},
				"receiver":	{
					"socket":	5,
					"start":	0,
					"end":	5.00164,
					"seconds":	5.00164,
					"bytes":	9291576,
					"bits_per_second":	1.48617e+07
				}
			}],
		"sum_sent":	{
			"start":	0,
			"end":	5.00164,
			"seconds":	5.00164,
			"bytes":	9291576,
			"bits_per_second":	1.48617e+07,
			"retransmits":	0
		},
		"sum_received":	{
			"start":	0,
			"end":	5.00164,
			"seconds":	5.00164,
			"bytes":	9291576,
			"bits_per_second":	1.48617e+07
		},
		"cpu_utilization_percent":	{
			"host_total":	1.26982,
			"host_user":	0.384213,
			"host_system":	0.885587,
			"remote_total":	0.348834,
			"remote_user":	0,
			"remote_system":	0.348734
		}
	}
}
{
	"start":	{
		"connected":	[],
		"version":	"iperf 3.0.7",
		"system_info":	"Linux H9 5.4.197-0504197-generic #202206060747 SMP Mon Jun 6 09:27:47 UTC 2022 x86_64 x86_64 x86_64 GNU/Linux\n"
	},
	"intervals":	[],
	"end":	{
	},
	"error":	"interrupt - the server has terminated"
}
