{
	"start":	{
		"connected":	[{
				"socket":	5,
				"local_host":	"10.0.0.21",
				"local_port":	4080,
				"remote_host":	"10.0.0.5",
				"remote_port":	41500
			}],
		"version":	"iperf 3.0.7",
		"system_info":	"Linux CS7 5.4.197-0504197-generic #202206060747 SMP Mon Jun 6 09:27:47 UTC 2022 x86_64 x86_64 x86_64 GNU/Linux\n",
		"timestamp":	{
			"time":	"Mon, 25 Jul 2022 21:43:54 GMT",
			"timesecs":	1658785434
		},
		"accepted_connection":	{
			"host":	"10.0.0.5",
			"port":	41498
		},
		"cookie":	"BS5.1658785434.335391.27dfba6c76f433",
		"tcp_mss_default":	1448,
		"test_start":	{
			"protocol":	"TCP",
			"num_streams":	1,
			"blksize":	131072,
			"omit":	0,
			"duration":	31,
			"bytes":	0,
			"blocks":	0,
			"reverse":	0
		}
	},
	"intervals":	[{
			"streams":	[{
					"socket":	5,
					"start":	0,
					"end":	1.00045,
					"seconds":	1.00045,
					"bytes":	11372048,
					"bits_per_second":	9.09357e+07,
					"omitted":	false
				}],
			"sum":	{
				"start":	0,
				"end":	1.00045,
				"seconds":	1.00045,
				"bytes":	11372048,
				"bits_per_second":	9.09357e+07,
				"omitted":	false
			}
		}, {
			"streams":	[{
					"socket":	5,
					"start":	1.00045,
					"end":	2.00062,
					"seconds":	1.00017,
					"bytes":	12451840,
					"bits_per_second":	9.95975e+07,
					"omitted":	false
				}],
			"sum":	{
				"start":	1.00045,
				"end":	2.00062,
				"seconds":	1.00017,
				"bytes":	12451840,
				"bits_per_second":	9.95975e+07,
				"omitted":	false
			}
		}, {
			"streams":	[{
					"socket":	5,
					"start":	2.00062,
					"end":	3.00024,
					"seconds":	0.999622,
					"bytes":	12582912,
					"bits_per_second":	1.00701e+08,
					"omitted":	false
				}],
			"sum":	{
				"start":	2.00062,
				"end":	3.00024,
				"seconds":	0.999622,
				"bytes":	12582912,
				"bits_per_second":	1.00701e+08,
				"omitted":	false
			}
		}, {
			"streams":	[{
					"socket":	5,
					"start":	3.00024,
					"end":	4.00047,
					"seconds":	1.00023,
					"bytes":	12451840,
					"bits_per_second":	9.95921e+07,
					"omitted":	false
				}],
			"sum":	{
				"start":	3.00024,
				"end":	4.00047,
				"seconds":	1.00023,
				"bytes":	12451840,
				"bits_per_second":	9.95921e+07,
				"omitted":	false
			}
		}, {
			"streams":	[{
					"socket":	5,
					"start":	4.00047,
					"end":	5.00013,
					"seconds":	0.999664,
					"bytes":	12451840,
					"bits_per_second":	9.96482e+07,
					"omitted":	false
				}],
			"sum":	{
				"start":	4.00047,
				"end":	5.00013,
				"seconds":	0.999664,
				"bytes":	12451840,
				"bits_per_second":	9.96482e+07,
				"omitted":	false
			}
		}, {
			"streams":	[{
					"socket":	5,
					"start":	5.00013,
					"end":	6.00063,
					"seconds":	1.0005,
					"bytes":	12451840,
					"bits_per_second":	9.95651e+07,
					"omitted":	false
				}],
			"sum":	{
				"start":	5.00013,
				"end":	6.00063,
				"seconds":	1.0005,
				"bytes":	12451840,
				"bits_per_second":	9.95651e+07,
				"omitted":	false
			}
		}, {
			"streams":	[{
					"socket":	5,
					"start":	6.00063,
					"end":	7.00016,
					"seconds":	0.99953,
					"bytes":	12582912,
					"bits_per_second":	1.00711e+08,
					"omitted":	false
				}],
			"sum":	{
				"start":	6.00063,
				"end":	7.00016,
				"seconds":	0.99953,
				"bytes":	12582912,
				"bits_per_second":	1.00711e+08,
				"omitted":	false
			}
		}, {
			"streams":	[{
					"socket":	5,
					"start":	7.00016,
					"end":	8.00054,
					"seconds":	1.00038,
					"bytes":	12451840,
					"bits_per_second":	9.95768e+07,
					"omitted":	false
				}],
			"sum":	{
				"start":	7.00016,
				"end":	8.00054,
				"seconds":	1.00038,
				"bytes":	12451840,
				"bits_per_second":	9.95768e+07,
				"omitted":	false
			}
		}, {
			"streams":	[{
					"socket":	5,
					"start":	8.00054,
					"end":	9.00114,
					"seconds":	1.0006,
					"bytes":	12582912,
					"bits_per_second":	1.00603e+08,
					"omitted":	false
				}],
			"sum":	{
				"start":	8.00054,
				"end":	9.00114,
				"seconds":	1.0006,
				"bytes":	12582912,
				"bits_per_second":	1.00603e+08,
				"omitted":	false
			}
		}, {
			"streams":	[{
					"socket":	5,
					"start":	9.00114,
					"end":	10.0004,
					"seconds":	0.999216,
					"bytes":	12451840,
					"bits_per_second":	9.96929e+07,
					"omitted":	false
				}],
			"sum":	{
				"start":	9.00114,
				"end":	10.0004,
				"seconds":	0.999216,
				"bytes":	12451840,
				"bits_per_second":	9.96929e+07,
				"omitted":	false
			}
		}, {
			"streams":	[{
					"socket":	5,
					"start":	10.0004,
					"end":	11.0004,
					"seconds":	1.00002,
					"bytes":	12451840,
					"bits_per_second":	9.96129e+07,
					"omitted":	false
				}],
			"sum":	{
				"start":	10.0004,
				"end":	11.0004,
				"seconds":	1.00002,
				"bytes":	12451840,
				"bits_per_second":	9.96129e+07,
				"omitted":	false
			}
		}, {
			"streams":	[{
					"socket":	5,
					"start":	11.0004,
					"end":	12.0003,
					"seconds":	0.999965,
					"bytes":	12582912,
					"bits_per_second":	1.00667e+08,
					"omitted":	false
				}],
			"sum":	{
				"start":	11.0004,
				"end":	12.0003,
				"seconds":	0.999965,
				"bytes":	12582912,
				"bits_per_second":	1.00667e+08,
				"omitted":	false
			}
		}, {
			"streams":	[{
					"socket":	5,
					"start":	12.0003,
					"end":	13.0003,
					"seconds":	0.999952,
					"bytes":	12451840,
					"bits_per_second":	9.96195e+07,
					"omitted":	false
				}],
			"sum":	{
				"start":	12.0003,
				"end":	13.0003,
				"seconds":	0.999952,
				"bytes":	12451840,
				"bits_per_second":	9.96195e+07,
				"omitted":	false
			}
		}, {
			"streams":	[{
					"socket":	5,
					"start":	13.0003,
					"end":	14.0004,
					"seconds":	1.00008,
					"bytes":	12582912,
					"bits_per_second":	1.00656e+08,
					"omitted":	false
				}],
			"sum":	{
				"start":	13.0003,
				"end":	14.0004,
				"seconds":	1.00008,
				"bytes":	12582912,
				"bits_per_second":	1.00656e+08,
				"omitted":	false
			}
		}, {
			"streams":	[{
					"socket":	5,
					"start":	14.0004,
					"end":	15.0007,
					"seconds":	1.00032,
					"bytes":	12451840,
					"bits_per_second":	9.95828e+07,
					"omitted":	false
				}],
			"sum":	{
				"start":	14.0004,
				"end":	15.0007,
				"seconds":	1.00032,
				"bytes":	12451840,
				"bits_per_second":	9.95828e+07,
				"omitted":	false
			}
		}, {
			"streams":	[{
					"socket":	5,
					"start":	15.0007,
					"end":	16.0003,
					"seconds":	0.999603,
					"bytes":	12451840,
					"bits_per_second":	9.96543e+07,
					"omitted":	false
				}],
			"sum":	{
				"start":	15.0007,
				"end":	16.0003,
				"seconds":	0.999603,
				"bytes":	12451840,
				"bits_per_second":	9.96543e+07,
				"omitted":	false
			}
		}, {
			"streams":	[{
					"socket":	5,
					"start":	16.0003,
					"end":	17.0003,
					"seconds":	1.00005,
					"bytes":	12239456,
					"bits_per_second":	9.79104e+07,
					"omitted":	false
				}],
			"sum":	{
				"start":	16.0003,
				"end":	17.0003,
				"seconds":	1.00005,
				"bytes":	12239456,
				"bits_per_second":	9.79104e+07,
				"omitted":	false
			}
		}, {
			"streams":	[{
					"socket":	5,
					"start":	17.0003,
					"end":	18.0004,
					"seconds":	1.00007,
					"bytes":	12795296,
					"bits_per_second":	1.02356e+08,
					"omitted":	false
				}],
			"sum":	{
				"start":	17.0003,
				"end":	18.0004,
				"seconds":	1.00007,
				"bytes":	12795296,
				"bits_per_second":	1.02356e+08,
				"omitted":	false
			}
		}, {
			"streams":	[{
					"socket":	5,
					"start":	18.0004,
					"end":	19.0005,
					"seconds":	1.00011,
					"bytes":	12451840,
					"bits_per_second":	9.96037e+07,
					"omitted":	false
				}],
			"sum":	{
				"start":	18.0004,
				"end":	19.0005,
				"seconds":	1.00011,
				"bytes":	12451840,
				"bits_per_second":	9.96037e+07,
				"omitted":	false
			}
		}, {
			"streams":	[{
					"socket":	5,
					"start":	19.0005,
					"end":	20.0002,
					"seconds":	0.999702,
					"bytes":	12582912,
					"bits_per_second":	1.00693e+08,
					"omitted":	false
				}],
			"sum":	{
				"start":	19.0005,
				"end":	20.0002,
				"seconds":	0.999702,
				"bytes":	12582912,
				"bits_per_second":	1.00693e+08,
				"omitted":	false
			}
		}, {
			"streams":	[{
					"socket":	5,
					"start":	20.0002,
					"end":	21.0003,
					"seconds":	1.0001,
					"bytes":	12451840,
					"bits_per_second":	9.96052e+07,
					"omitted":	false
				}],
			"sum":	{
				"start":	20.0002,
				"end":	21.0003,
				"seconds":	1.0001,
				"bytes":	12451840,
				"bits_per_second":	9.96052e+07,
				"omitted":	false
			}
		}, {
			"streams":	[{
					"socket":	5,
					"start":	21.0003,
					"end":	22.0003,
					"seconds":	1.00002,
					"bytes":	12451840,
					"bits_per_second":	9.96126e+07,
					"omitted":	false
				}],
			"sum":	{
				"start":	21.0003,
				"end":	22.0003,
				"seconds":	1.00002,
				"bytes":	12451840,
				"bits_per_second":	9.96126e+07,
				"omitted":	false
			}
		}, {
			"streams":	[{
					"socket":	5,
					"start":	22.0003,
					"end":	23.0016,
					"seconds":	1.00126,
					"bytes":	12582912,
					"bits_per_second":	1.00537e+08,
					"omitted":	false
				}],
			"sum":	{
				"start":	22.0003,
				"end":	23.0016,
				"seconds":	1.00126,
				"bytes":	12582912,
				"bits_per_second":	1.00537e+08,
				"omitted":	false
			}
		}, {
			"streams":	[{
					"socket":	5,
					"start":	23.0016,
					"end":	24.0005,
					"seconds":	0.998871,
					"bytes":	12451840,
					"bits_per_second":	9.97273e+07,
					"omitted":	false
				}],
			"sum":	{
				"start":	23.0016,
				"end":	24.0005,
				"seconds":	0.998871,
				"bytes":	12451840,
				"bits_per_second":	9.97273e+07,
				"omitted":	false
			}
		}, {
			"streams":	[{
					"socket":	5,
					"start":	24.0005,
					"end":	25.0006,
					"seconds":	1.00014,
					"bytes":	12582912,
					"bits_per_second":	1.0065e+08,
					"omitted":	false
				}],
			"sum":	{
				"start":	24.0005,
				"end":	25.0006,
				"seconds":	1.00014,
				"bytes":	12582912,
				"bits_per_second":	1.0065e+08,
				"omitted":	false
			}
		}, {
			"streams":	[{
					"socket":	5,
					"start":	25.0006,
					"end":	26.0006,
					"seconds":	0.99998,
					"bytes":	12451840,
					"bits_per_second":	9.96167e+07,
					"omitted":	false
				}],
			"sum":	{
				"start":	25.0006,
				"end":	26.0006,
				"seconds":	0.99998,
				"bytes":	12451840,
				"bits_per_second":	9.96167e+07,
				"omitted":	false
			}
		}, {
			"streams":	[{
					"socket":	5,
					"start":	26.0006,
					"end":	27.0004,
					"seconds":	0.999791,
					"bytes":	12451840,
					"bits_per_second":	9.96355e+07,
					"omitted":	false
				}],
			"sum":	{
				"start":	26.0006,
				"end":	27.0004,
				"seconds":	0.999791,
				"bytes":	12451840,
				"bits_per_second":	9.96355e+07,
				"omitted":	false
			}
		}, {
			"streams":	[{
					"socket":	5,
					"start":	27.0004,
					"end":	28.001,
					"seconds":	1.00061,
					"bytes":	12582912,
					"bits_per_second":	1.00602e+08,
					"omitted":	false
				}],
			"sum":	{
				"start":	27.0004,
				"end":	28.001,
				"seconds":	1.00061,
				"bytes":	12582912,
				"bits_per_second":	1.00602e+08,
				"omitted":	false
			}
		}, {
			"streams":	[{
					"socket":	5,
					"start":	28.001,
					"end":	29.0002,
					"seconds":	0.999254,
					"bytes":	12451840,
					"bits_per_second":	9.96891e+07,
					"omitted":	false
				}],
			"sum":	{
				"start":	28.001,
				"end":	29.0002,
				"seconds":	0.999254,
				"bytes":	12451840,
				"bits_per_second":	9.96891e+07,
				"omitted":	false
			}
		}, {
			"streams":	[{
					"socket":	5,
					"start":	29.0002,
					"end":	30.0002,
					"seconds":	0.999937,
					"bytes":	12451840,
					"bits_per_second":	9.9621e+07,
					"omitted":	false
				}],
			"sum":	{
				"start":	29.0002,
				"end":	30.0002,
				"seconds":	0.999937,
				"bytes":	12451840,
				"bits_per_second":	9.9621e+07,
				"omitted":	false
			}
		}, {
			"streams":	[{
					"socket":	5,
					"start":	30.0002,
					"end":	31.0005,
					"seconds":	1.00037,
					"bytes":	12582912,
					"bits_per_second":	1.00626e+08,
					"omitted":	false
				}],
			"sum":	{
				"start":	30.0002,
				"end":	31.0005,
				"seconds":	1.00037,
				"bytes":	12582912,
				"bits_per_second":	1.00626e+08,
				"omitted":	false
			}
		}, {
			"streams":	[{
					"socket":	5,
					"start":	31.0005,
					"end":	31.0299,
					"seconds":	0.0293028,
					"bytes":	0,
					"bits_per_second":	0,
					"omitted":	false
				}],
			"sum":	{
				"start":	31.0005,
				"end":	31.0299,
				"seconds":	0.0293028,
				"bytes":	0,
				"bits_per_second":	0,
				"omitted":	false
			}
		}],
	"end":	{
		"streams":	[{
				"sender":	{
					"socket":	5,
					"start":	0,
					"end":	31.0299,
					"seconds":	31.0299,
					"bytes":	386369040,
					"bits_per_second":	9.96122e+07,
					"retransmits":	6
				},
				"receiver":	{
					"socket":	5,
					"start":	0,
					"end":	31.0299,
					"seconds":	31.0299,
					"bytes":	386369040,
					"bits_per_second":	9.96122e+07
				}
			}],
		"sum_sent":	{
			"start":	0,
			"end":	31.0299,
			"seconds":	31.0299,
			"bytes":	386369040,
			"bits_per_second":	9.96122e+07,
			"retransmits":	6
		},
		"sum_received":	{
			"start":	0,
			"end":	31.0299,
			"seconds":	31.0299,
			"bytes":	386369040,
			"bits_per_second":	9.96122e+07
		},
		"cpu_utilization_percent":	{
			"host_total":	4.82773,
			"host_user":	0.411904,
			"host_system":	4.41582,
			"remote_total":	1.80657,
			"remote_user":	0.105214,
			"remote_system":	1.70135
		}
	}
}
