{
	"start":	{
		"connected":	[{
				"socket":	5,
				"local_host":	"10.0.0.13",
				"local_port":	2236,
				"remote_host":	"10.0.0.3",
				"remote_port":	50408
			}],
		"version":	"iperf 3.0.7",
		"system_info":	"Linux MECS6 5.4.197-0504197-generic #202206060747 SMP Mon Jun 6 09:27:47 UTC 2022 x86_64 x86_64 x86_64 GNU/Linux\n",
		"timestamp":	{
			"time":	"Mon, 25 Jul 2022 21:50:06 GMT",
			"timesecs":	1658785806
		},
		"accepted_connection":	{
			"host":	"10.0.0.3",
			"port":	50406
		},
		"cookie":	"BS3.1658785806.357182.4d1cee2248c94c",
		"tcp_mss_default":	1448,
		"test_start":	{
			"protocol":	"TCP",
			"num_streams":	1,
			"blksize":	131072,
			"omit":	0,
			"duration":	6,
			"bytes":	0,
			"blocks":	0,
			"reverse":	0
		}
	},
	"intervals":	[{
			"streams":	[{
					"socket":	5,
					"start":	0,
					"end":	1.00013,
					"seconds":	1.00013,
					"bytes":	11350328,
					"bits_per_second":	9.07905e+07,
					"omitted":	false
				}],
			"sum":	{
				"start":	0,
				"end":	1.00013,
				"seconds":	1.00013,
				"bytes":	11350328,
				"bits_per_second":	9.07905e+07,
				"omitted":	false
			}
		}, {
			"streams":	[{
					"socket":	5,
					"start":	1.00013,
					"end":	2.00054,
					"seconds":	1.0004,
					"bytes":	12451840,
					"bits_per_second":	9.95745e+07,
					"omitted":	false
				}],
			"sum":	{
				"start":	1.00013,
				"end":	2.00054,
				"seconds":	1.0004,
				"bytes":	12451840,
				"bits_per_second":	9.95745e+07,
				"omitted":	false
			}
		}, {
			"streams":	[{
					"socket":	5,
					"start":	2.00054,
					"end":	3.0006,
					"seconds":	1.00006,
					"bytes":	12582912,
					"bits_per_second":	1.00657e+08,
					"omitted":	false
				}],
			"sum":	{
				"start":	2.00054,
				"end":	3.0006,
				"seconds":	1.00006,
				"bytes":	12582912,
				"bits_per_second":	1.00657e+08,
				"omitted":	false
			}
		}, {
			"streams":	[{
					"socket":	5,
					"start":	3.0006,
					"end":	4.00047,
					"seconds":	0.999871,
					"bytes":	12451840,
					"bits_per_second":	9.96276e+07,
					"omitted":	false
				}],
			"sum":	{
				"start":	3.0006,
				"end":	4.00047,
				"seconds":	0.999871,
				"bytes":	12451840,
				"bits_per_second":	9.96276e+07,
				"omitted":	false
			}
		}, {
			"streams":	[{
					"socket":	5,
					"start":	4.00047,
					"end":	5.00054,
					"seconds":	1.00006,
					"bytes":	12451840,
					"bits_per_second":	9.96083e+07,
					"omitted":	false
				}],
			"sum":	{
				"start":	4.00047,
				"end":	5.00054,
				"seconds":	1.00006,
				"bytes":	12451840,
				"bits_per_second":	9.96083e+07,
				"omitted":	false
			}
		}, {
			"streams":	[{
					"socket":	5,
					"start":	5.00054,
					"end":	6.00017,
					"seconds":	0.999637,
					"bytes":	12582912,
					"bits_per_second":	1.007e+08,
					"omitted":	false
				}],
			"sum":	{
				"start":	5.00054,
				"end":	6.00017,
				"seconds":	0.999637,
				"bytes":	12582912,
				"bits_per_second":	1.007e+08,
				"omitted":	false
			}
		}, {
			"streams":	[{
					"socket":	5,
					"start":	6.00017,
					"end":	6.01487,
					"seconds":	0.014703,
					"bytes":	0,
					"bits_per_second":	0,
					"omitted":	false
				}],
			"sum":	{
				"start":	6.00017,
				"end":	6.01487,
				"seconds":	0.014703,
				"bytes":	0,
				"bits_per_second":	0,
				"omitted":	false
			}
		}],
	"end":	{
		"streams":	[{
				"sender":	{
					"socket":	5,
					"start":	0,
					"end":	6.01487,
					"seconds":	6.01487,
					"bytes":	73871672,
					"bits_per_second":	9.8252e+07,
					"retransmits":	5
				},
				"receiver":	{
					"socket":	5,
					"start":	0,
					"end":	6.01487,
					"seconds":	6.01487,
					"bytes":	73871672,
					"bits_per_second":	9.8252e+07
				}
			}],
		"sum_sent":	{
			"start":	0,
			"end":	6.01487,
			"seconds":	6.01487,
			"bytes":	73871672,
			"bits_per_second":	9.8252e+07,
			"retransmits":	5
		},
		"sum_received":	{
			"start":	0,
			"end":	6.01487,
			"seconds":	6.01487,
			"bytes":	73871672,
			"bits_per_second":	9.8252e+07
		},
		"cpu_utilization_percent":	{
			"host_total":	3.70825,
			"host_user":	0.281694,
			"host_system":	3.42657,
			"remote_total":	1.19124,
			"remote_user":	0.127132,
			"remote_system":	1.06407
		}
	}
}
