{
	"start":	{
		"connected":	[{
				"socket":	5,
				"local_host":	"10.0.0.12",
				"local_port":	1762,
				"remote_host":	"10.0.0.7",
				"remote_port":	33938
			}],
		"version":	"iperf 3.0.7",
		"system_info":	"Linux MECS5 5.4.197-0504197-generic #202206060747 SMP Mon Jun 6 09:27:47 UTC 2022 x86_64 x86_64 x86_64 GNU/Linux\n",
		"timestamp":	{
			"time":	"Mon, 25 Jul 2022 21:46:37 GMT",
			"timesecs":	1658785597
		},
		"accepted_connection":	{
			"host":	"10.0.0.7",
			"port":	45422
		},
		"cookie":	"BS7.1658785597.212475.3c0c776668c5bb",
		"test_start":	{
			"protocol":	"UDP",
			"num_streams":	1,
			"blksize":	8192,
			"omit":	0,
			"duration":	12,
			"bytes":	0,
			"blocks":	0,
			"reverse":	0
		}
	},
	"intervals":	[{
			"streams":	[{
					"socket":	5,
					"start":	0,
					"end":	1.00128,
					"seconds":	1.00128,
					"bytes":	11689984,
					"bits_per_second":	9.33999e+07,
					"jitter_ms":	1.42031,
					"lost_packets":	21,
					"packets":	1444,
					"lost_percent":	1.45429,
					"omitted":	false
				}],
			"sum":	{
				"start":	0,
				"end":	1.00128,
				"seconds":	1.00128,
				"bytes":	11689984,
				"bits_per_second":	9.33999e+07,
				"jitter_ms":	1.42031,
				"lost_packets":	21,
				"packets":	1444,
				"lost_percent":	1.45429,
				"omitted":	false
			}
		}, {
			"streams":	[{
					"socket":	5,
					"start":	1.00128,
					"end":	2.00018,
					"seconds":	0.998899,
					"bytes":	11845632,
					"bits_per_second":	9.48695e+07,
					"jitter_ms":	0.405832,
					"lost_packets":	37,
					"packets":	1481,
					"lost_percent":	2.49831,
					"omitted":	false
				}],
			"sum":	{
				"start":	1.00128,
				"end":	2.00018,
				"seconds":	0.998899,
				"bytes":	11845632,
				"bits_per_second":	9.48695e+07,
				"jitter_ms":	0.405832,
				"lost_packets":	37,
				"packets":	1481,
				"lost_percent":	2.49831,
				"omitted":	false
			}
		}, {
			"streams":	[{
					"socket":	5,
					"start":	2.00018,
					"end":	3.00014,
					"seconds":	0.999957,
					"bytes":	12525568,
					"bits_per_second":	1.00209e+08,
					"jitter_ms":	0.575209,
					"lost_packets":	38,
					"packets":	1563,
					"lost_percent":	2.43122,
					"omitted":	false
				}],
			"sum":	{
				"start":	2.00018,
				"end":	3.00014,
				"seconds":	0.999957,
				"bytes":	12525568,
				"bits_per_second":	1.00209e+08,
				"jitter_ms":	0.575209,
				"lost_packets":	38,
				"packets":	1563,
				"lost_percent":	2.43122,
				"omitted":	false
			}
		}, {
			"streams":	[{
					"socket":	5,
					"start":	3.00014,
					"end":	4.01003,
					"seconds":	1.00989,
					"bytes":	11173888,
					"bits_per_second":	8.85156e+07,
					"jitter_ms":	0.90468,
					"lost_packets":	121,
					"packets":	1483,
					"lost_percent":	8.15914,
					"omitted":	false
				}],
			"sum":	{
				"start":	3.00014,
				"end":	4.01003,
				"seconds":	1.00989,
				"bytes":	11173888,
				"bits_per_second":	8.85156e+07,
				"jitter_ms":	0.90468,
				"lost_packets":	121,
				"packets":	1483,
				"lost_percent":	8.15914,
				"omitted":	false
			}
		}, {
			"streams":	[{
					"socket":	5,
					"start":	4.01003,
					"end":	5.00033,
					"seconds":	0.990295,
					"bytes":	12189696,
					"bits_per_second":	9.84733e+07,
					"jitter_ms":	0.625535,
					"lost_packets":	47,
					"packets":	1535,
					"lost_percent":	3.06189,
					"omitted":	false
				}],
			"sum":	{
				"start":	4.01003,
				"end":	5.00033,
				"seconds":	0.990295,
				"bytes":	12189696,
				"bits_per_second":	9.84733e+07,
				"jitter_ms":	0.625535,
				"lost_packets":	47,
				"packets":	1535,
				"lost_percent":	3.06189,
				"omitted":	false
			}
		}, {
			"streams":	[{
					"socket":	5,
					"start":	5.00033,
					"end":	6.00274,
					"seconds":	1.00241,
					"bytes":	10641408,
					"bits_per_second":	8.49266e+07,
					"jitter_ms":	1.117,
					"lost_packets":	175,
					"packets":	1462,
					"lost_percent":	11.9699,
					"omitted":	false
				}],
			"sum":	{
				"start":	5.00033,
				"end":	6.00274,
				"seconds":	1.00241,
				"bytes":	10641408,
				"bits_per_second":	8.49266e+07,
				"jitter_ms":	1.117,
				"lost_packets":	175,
				"packets":	1462,
				"lost_percent":	11.9699,
				"omitted":	false
			}
		}, {
			"streams":	[{
					"socket":	5,
					"start":	6.00274,
					"end":	7.00035,
					"seconds":	0.997612,
					"bytes":	12541952,
					"bits_per_second":	1.00576e+08,
					"jitter_ms":	1.36912,
					"lost_packets":	63,
					"packets":	1580,
					"lost_percent":	3.98734,
					"omitted":	false
				}],
			"sum":	{
				"start":	6.00274,
				"end":	7.00035,
				"seconds":	0.997612,
				"bytes":	12541952,
				"bits_per_second":	1.00576e+08,
				"jitter_ms":	1.36912,
				"lost_packets":	63,
				"packets":	1580,
				"lost_percent":	3.98734,
				"omitted":	false
			}
		}, {
			"streams":	[{
					"socket":	5,
					"start":	7.00035,
					"end":	8.00037,
					"seconds":	1.00003,
					"bytes":	11919360,
					"bits_per_second":	9.53525e+07,
					"jitter_ms":	1.00618,
					"lost_packets":	35,
					"packets":	1483,
					"lost_percent":	2.36008,
					"omitted":	false
				}],
			"sum":	{
				"start":	7.00035,
				"end":	8.00037,
				"seconds":	1.00003,
				"bytes":	11919360,
				"bits_per_second":	9.53525e+07,
				"jitter_ms":	1.00618,
				"lost_packets":	35,
				"packets":	1483,
				"lost_percent":	2.36008,
				"omitted":	false
			}
		}, {
			"streams":	[{
					"socket":	5,
					"start":	8.00037,
					"end":	9.00014,
					"seconds":	0.999764,
					"bytes":	11010048,
					"bits_per_second":	8.81012e+07,
					"jitter_ms":	0.994615,
					"lost_packets":	174,
					"packets":	1514,
					"lost_percent":	11.4927,
					"omitted":	false
				}],
			"sum":	{
				"start":	8.00037,
				"end":	9.00014,
				"seconds":	0.999764,
				"bytes":	11010048,
				"bits_per_second":	8.81012e+07,
				"jitter_ms":	0.994615,
				"lost_packets":	174,
				"packets":	1514,
				"lost_percent":	11.4927,
				"omitted":	false
			}
		}, {
			"streams":	[{
					"socket":	5,
					"start":	9.00014,
					"end":	10.0098,
					"seconds":	1.00967,
					"bytes":	12304384,
					"bits_per_second":	9.74928e+07,
					"jitter_ms":	2.84754,
					"lost_packets":	68,
					"packets":	1564,
					"lost_percent":	4.34783,
					"omitted":	false
				}],
			"sum":	{
				"start":	9.00014,
				"end":	10.0098,
				"seconds":	1.00967,
				"bytes":	12304384,
				"bits_per_second":	9.74928e+07,
				"jitter_ms":	2.84754,
				"lost_packets":	68,
				"packets":	1564,
				"lost_percent":	4.34783,
				"omitted":	false
			}
		}, {
			"streams":	[{
					"socket":	5,
					"start":	10.0098,
					"end":	11.0002,
					"seconds":	0.990446,
					"bytes":	12197888,
					"bits_per_second":	9.85244e+07,
					"jitter_ms":	0.550819,
					"lost_packets":	77,
					"packets":	1557,
					"lost_percent":	4.94541,
					"omitted":	false
				}],
			"sum":	{
				"start":	10.0098,
				"end":	11.0002,
				"seconds":	0.990446,
				"bytes":	12197888,
				"bits_per_second":	9.85244e+07,
				"jitter_ms":	0.550819,
				"lost_packets":	77,
				"packets":	1557,
				"lost_percent":	4.94541,
				"omitted":	false
			}
		}, {
			"streams":	[{
					"socket":	5,
					"start":	11.0002,
					"end":	12,
					"seconds":	0.999764,
					"bytes":	12337152,
					"bits_per_second":	9.87205e+07,
					"jitter_ms":	0.492729,
					"lost_packets":	26,
					"packets":	1524,
					"lost_percent":	1.70604,
					"omitted":	false
				}],
			"sum":	{
				"start":	11.0002,
				"end":	12,
				"seconds":	0.999764,
				"bytes":	12337152,
				"bits_per_second":	9.87205e+07,
				"jitter_ms":	0.492729,
				"lost_packets":	26,
				"packets":	1524,
				"lost_percent":	1.70604,
				"omitted":	false
			}
		}, {
			"streams":	[{
					"socket":	5,
					"start":	12,
					"end":	12.0224,
					"seconds":	0.0223851,
					"bytes":	57344,
					"bits_per_second":	2.04936e+07,
					"jitter_ms":	0.507595,
					"lost_packets":	0,
					"packets":	7,
					"lost_percent":	0,
					"omitted":	false
				}],
			"sum":	{
				"start":	12,
				"end":	12.0224,
				"seconds":	0.0223851,
				"bytes":	57344,
				"bits_per_second":	2.04936e+07,
				"jitter_ms":	0.507595,
				"lost_packets":	0,
				"packets":	7,
				"lost_percent":	0,
				"omitted":	false
			}
		}],
	"end":	{
		"streams":	[{
				"udp":	{
					"socket":	5,
					"start":	0,
					"end":	12.0224,
					"seconds":	12.0224,
					"bytes":	149069824,
					"bits_per_second":	9.91947e+07,
					"jitter_ms":	0.507595,
					"lost_packets":	882,
					"packets":	18197,
					"lost_percent":	4.84695
				}
			}],
		"sum":	{
			"start":	0,
			"end":	12.0224,
			"seconds":	12.0224,
			"bytes":	149069824,
			"bits_per_second":	9.91947e+07,
			"jitter_ms":	0.507595,
			"lost_packets":	882,
			"packets":	18197,
			"lost_percent":	4.84695
		},
		"cpu_utilization_percent":	{
			"host_total":	9.85272,
			"host_user":	0.559229,
			"host_system":	9.29347,
			"remote_total":	28.8435,
			"remote_user":	0.753526,
			"remote_system":	28.0899
		}
	},
	"error":	"OUT OF ORDER - incoming packet = 219 and received packet = 221 AND SP = 5",
	"error":	"OUT OF ORDER - incoming packet = 222 and received packet = 224 AND SP = 5",
	"error":	"OUT OF ORDER - incoming packet = 230 and received packet = 233 AND SP = 5",
	"error":	"OUT OF ORDER - incoming packet = 231 and received packet = 233 AND SP = 5",
	"error":	"OUT OF ORDER - incoming packet = 2243 and received packet = 2248 AND SP = 5",
	"error":	"OUT OF ORDER - incoming packet = 2244 and received packet = 2249 AND SP = 5",
	"error":	"OUT OF ORDER - incoming packet = 3595 and received packet = 3597 AND SP = 5",
	"error":	"OUT OF ORDER - incoming packet = 3596 and received packet = 3597 AND SP = 5",
	"error":	"OUT OF ORDER - incoming packet = 3602 and received packet = 3603 AND SP = 5",
	"error":	"OUT OF ORDER - incoming packet = 3684 and received packet = 3685 AND SP = 5",
	"error":	"OUT OF ORDER - incoming packet = 4495 and received packet = 4496 AND SP = 5",
	"error":	"OUT OF ORDER - incoming packet = 4558 and received packet = 4559 AND SP = 5",
	"error":	"OUT OF ORDER - incoming packet = 8201 and received packet = 8202 AND SP = 5",
	"error":	"OUT OF ORDER - incoming packet = 8204 and received packet = 8205 AND SP = 5",
	"error":	"OUT OF ORDER - incoming packet = 8239 and received packet = 8240 AND SP = 5",
	"error":	"OUT OF ORDER - incoming packet = 8255 and received packet = 8256 AND SP = 5",
	"error":	"OUT OF ORDER - incoming packet = 8285 and received packet = 8287 AND SP = 5",
	"error":	"OUT OF ORDER - incoming packet = 8319 and received packet = 8323 AND SP = 5",
	"error":	"OUT OF ORDER - incoming packet = 8329 and received packet = 8330 AND SP = 5",
	"error":	"OUT OF ORDER - incoming packet = 8596 and received packet = 8597 AND SP = 5",
	"error":	"OUT OF ORDER - incoming packet = 8805 and received packet = 8806 AND SP = 5",
	"error":	"OUT OF ORDER - incoming packet = 8807 and received packet = 8808 AND SP = 5",
	"error":	"OUT OF ORDER - incoming packet = 8811 and received packet = 8812 AND SP = 5",
	"error":	"OUT OF ORDER - incoming packet = 8947 and received packet = 8948 AND SP = 5",
	"error":	"OUT OF ORDER - incoming packet = 8969 and received packet = 8970 AND SP = 5",
	"error":	"OUT OF ORDER - incoming packet = 8975 and received packet = 8980 AND SP = 5",
	"error":	"OUT OF ORDER - incoming packet = 8976 and received packet = 8980 AND SP = 5",
	"error":	"OUT OF ORDER - incoming packet = 8981 and received packet = 8983 AND SP = 5",
	"error":	"OUT OF ORDER - incoming packet = 8982 and received packet = 8983 AND SP = 5",
	"error":	"OUT OF ORDER - incoming packet = 8978 and received packet = 8983 AND SP = 5",
	"error":	"OUT OF ORDER - incoming packet = 9005 and received packet = 9006 AND SP = 5",
	"error":	"OUT OF ORDER - incoming packet = 9007 and received packet = 9008 AND SP = 5",
	"error":	"OUT OF ORDER - incoming packet = 9011 and received packet = 9013 AND SP = 5",
	"error":	"OUT OF ORDER - incoming packet = 9012 and received packet = 9014 AND SP = 5",
	"error":	"OUT OF ORDER - incoming packet = 9023 and received packet = 9025 AND SP = 5",
	"error":	"OUT OF ORDER - incoming packet = 10064 and received packet = 10065 AND SP = 5",
	"error":	"OUT OF ORDER - incoming packet = 10083 and received packet = 10084 AND SP = 5",
	"error":	"OUT OF ORDER - incoming packet = 10131 and received packet = 10133 AND SP = 5",
	"error":	"OUT OF ORDER - incoming packet = 10787 and received packet = 10788 AND SP = 5",
	"error":	"OUT OF ORDER - incoming packet = 10805 and received packet = 10806 AND SP = 5",
	"error":	"OUT OF ORDER - incoming packet = 11604 and received packet = 11605 AND SP = 5",
	"error":	"OUT OF ORDER - incoming packet = 11603 and received packet = 11605 AND SP = 5",
	"error":	"OUT OF ORDER - incoming packet = 11608 and received packet = 11610 AND SP = 5",
	"error":	"OUT OF ORDER - incoming packet = 11609 and received packet = 11610 AND SP = 5",
	"error":	"OUT OF ORDER - incoming packet = 11824 and received packet = 11833 AND SP = 5",
	"error":	"OUT OF ORDER - incoming packet = 12906 and received packet = 12910 AND SP = 5",
	"error":	"OUT OF ORDER - incoming packet = 13093 and received packet = 13094 AND SP = 5",
	"error":	"OUT OF ORDER - incoming packet = 13224 and received packet = 13225 AND SP = 5",
	"error":	"OUT OF ORDER - incoming packet = 13481 and received packet = 13482 AND SP = 5",
	"error":	"OUT OF ORDER - incoming packet = 13664 and received packet = 13666 AND SP = 5",
	"error":	"OUT OF ORDER - incoming packet = 13707 and received packet = 13715 AND SP = 5",
	"error":	"OUT OF ORDER - incoming packet = 13708 and received packet = 13715 AND SP = 5",
	"error":	"OUT OF ORDER - incoming packet = 13922 and received packet = 13923 AND SP = 5",
	"error":	"OUT OF ORDER - incoming packet = 14422 and received packet = 14423 AND SP = 5",
	"error":	"OUT OF ORDER - incoming packet = 14916 and received packet = 14917 AND SP = 5",
	"error":	"OUT OF ORDER - incoming packet = 15151 and received packet = 15152 AND SP = 5",
	"error":	"OUT OF ORDER - incoming packet = 15400 and received packet = 15401 AND SP = 5",
	"error":	"OUT OF ORDER - incoming packet = 15399 and received packet = 15401 AND SP = 5",
	"error":	"OUT OF ORDER - incoming packet = 15872 and received packet = 15873 AND SP = 5",
	"error":	"OUT OF ORDER - incoming packet = 15874 and received packet = 15876 AND SP = 5",
	"error":	"OUT OF ORDER - incoming packet = 15919 and received packet = 15920 AND SP = 5",
	"error":	"OUT OF ORDER - incoming packet = 16104 and received packet = 16105 AND SP = 5",
	"error":	"OUT OF ORDER - incoming packet = 16313 and received packet = 16315 AND SP = 5",
	"error":	"OUT OF ORDER - incoming packet = 16314 and received packet = 16317 AND SP = 5",
	"error":	"OUT OF ORDER - incoming packet = 16892 and received packet = 16893 AND SP = 5",
	"error":	"OUT OF ORDER - incoming packet = 17364 and received packet = 17365 AND SP = 5",
	"error":	"OUT OF ORDER - incoming packet = 17436 and received packet = 17437 AND SP = 5",
	"error":	"OUT OF ORDER - incoming packet = 17435 and received packet = 17437 AND SP = 5",
	"error":	"OUT OF ORDER - incoming packet = 17479 and received packet = 17480 AND SP = 5",
	"error":	"OUT OF ORDER - incoming packet = 17771 and received packet = 17772 AND SP = 5",
	"error":	"OUT OF ORDER - incoming packet = 17791 and received packet = 17792 AND SP = 5",
	"error":	"OUT OF ORDER - incoming packet = 17978 and received packet = 17979 AND SP = 5"
}
