{
	"start":	{
		"connected":	[{
				"socket":	5,
				"local_host":	"10.0.0.13",
				"local_port":	1085,
				"remote_host":	"10.0.0.2",
				"remote_port":	38912
			}],
		"version":	"iperf 3.7",
		"system_info":	"Linux H13 5.4.197-0504197-generic #202206060747 SMP Mon Jun 6 09:27:47 UTC 2022 x86_64",
		"target_bitrate":	15000000,
		"sock_bufsize":	0,
		"sndbuf_actual":	87380,
		"rcvbuf_actual":	87380,
		"timestamp":	{
			"time":	"Mon, 01 Aug 2022 00:23:22 GMT",
			"timesecs":	1659313402
		},
		"accepted_connection":	{
			"host":	"10.0.0.2",
			"port":	38910
		},
		"cookie":	"yh5jwqdkt52ulyvlflmya7zxmesy32pwhtip",
		"tcp_mss_default":	0,
		"target_bitrate":	15000000,
		"test_start":	{
			"protocol":	"TCP",
			"num_streams":	1,
			"blksize":	131072,
			"omit":	0,
			"duration":	5,
			"bytes":	0,
			"blocks":	0,
			"reverse":	0,
			"tos":	0
		}
	},
	"intervals":	[{
			"streams":	[{
					"socket":	5,
					"start":	0,
					"end":	1.000363,
					"seconds":	1.0003629922866821,
					"bytes":	1966080,
					"bits_per_second":	15722932.696707074,
					"omitted":	false,
					"sender":	false
				}],
			"sum":	{
				"start":	0,
				"end":	1.000363,
				"seconds":	1.0003629922866821,
				"bytes":	1966080,
				"bits_per_second":	15722932.696707074,
				"omitted":	false,
				"sender":	false
			}
		}, {
			"streams":	[{
					"socket":	5,
					"start":	1.000363,
					"end":	2.000561,
					"seconds":	1.0001980066299438,
					"bytes":	1835008,
					"bits_per_second":	14677157.82544183,
					"omitted":	false,
					"sender":	false
				}],
			"sum":	{
				"start":	1.000363,
				"end":	2.000561,
				"seconds":	1.0001980066299438,
				"bytes":	1835008,
				"bits_per_second":	14677157.82544183,
				"omitted":	false,
				"sender":	false
			}
		}, {
			"streams":	[{
					"socket":	5,
					"start":	2.000561,
					"end":	3.001117,
					"seconds":	1.0005559921264648,
					"bytes":	1835008,
					"bits_per_second":	14671906.535486042,
					"omitted":	false,
					"sender":	false
				}],
			"sum":	{
				"start":	2.000561,
				"end":	3.001117,
				"seconds":	1.0005559921264648,
				"bytes":	1835008,
				"bits_per_second":	14671906.535486042,
				"omitted":	false,
				"sender":	false
			}
		}, {
			"streams":	[{
					"socket":	5,
					"start":	3.001117,
					"end":	4.000817,
					"seconds":	0.99970000982284546,
					"bytes":	1966080,
					"bits_per_second":	15733359.853409661,
					"omitted":	false,
					"sender":	false
				}],
			"sum":	{
				"start":	3.001117,
				"end":	4.000817,
				"seconds":	0.99970000982284546,
				"bytes":	1966080,
				"bits_per_second":	15733359.853409661,
				"omitted":	false,
				"sender":	false
			}
		}, {
			"streams":	[{
					"socket":	5,
					"start":	4.000817,
					"end":	5.000949,
					"seconds":	1.0001319646835327,
					"bytes":	1835008,
					"bits_per_second":	14678127.005614851,
					"omitted":	false,
					"sender":	false
				}],
			"sum":	{
				"start":	4.000817,
				"end":	5.000949,
				"seconds":	1.0001319646835327,
				"bytes":	1835008,
				"bits_per_second":	14678127.005614851,
				"omitted":	false,
				"sender":	false
			}
		}],
	"end":	{
		"streams":	[{
				"sender":	{
					"socket":	5,
					"start":	0,
					"end":	5.000994,
					"seconds":	5.000994,
					"bytes":	0,
					"bits_per_second":	0,
					"sender":	false
				},
				"receiver":	{
					"socket":	5,
					"start":	0,
					"end":	5.000994,
					"seconds":	5.000994,
					"bytes":	9437184,
					"bits_per_second":	15096493.217148431,
					"sender":	false
				}
			}],
		"sum_sent":	{
			"start":	0,
			"end":	5.000994,
			"seconds":	5.000994,
			"bytes":	0,
			"bits_per_second":	0,
			"sender":	false
		},
		"sum_received":	{
			"start":	0,
			"end":	5.000994,
			"seconds":	5.000994,
			"bytes":	9437184,
			"bits_per_second":	15096493.217148431,
			"sender":	false
		},
		"cpu_utilization_percent":	{
			"host_total":	2.1908764463571795,
			"host_user":	0.68226315339986221,
			"host_system":	1.5086132929573171,
			"remote_total":	0,
			"remote_user":	0,
			"remote_system":	0
		},
		"receiver_tcp_congestion":	"cubic"
	}
}
