{
	"start":	{
		"connected":	[{
				"socket":	5,
				"local_host":	"10.0.0.10",
				"local_port":	1986,
				"remote_host":	"10.0.0.3",
				"remote_port":	60188
			}],
		"version":	"iperf 3.0.7",
		"system_info":	"Linux MECS3 5.4.197-0504197-generic #202206060747 SMP Mon Jun 6 09:27:47 UTC 2022 x86_64 x86_64 x86_64 GNU/Linux\n",
		"timestamp":	{
			"time":	"Mon, 25 Jul 2022 21:43:25 GMT",
			"timesecs":	1658785405
		},
		"accepted_connection":	{
			"host":	"10.0.0.3",
			"port":	60186
		},
		"cookie":	"BS3.1658785405.616318.59a579f55edc77",
		"tcp_mss_default":	1448,
		"test_start":	{
			"protocol":	"TCP",
			"num_streams":	1,
			"blksize":	131072,
			"omit":	0,
			"duration":	6,
			"bytes":	0,
			"blocks":	0,
			"reverse":	0
		}
	},
	"intervals":	[{
			"streams":	[{
					"socket":	5,
					"start":	0,
					"end":	1.00135,
					"seconds":	1.00135,
					"bytes":	22665960,
					"bits_per_second":	1.81084e+08,
					"omitted":	false
				}],
			"sum":	{
				"start":	0,
				"end":	1.00135,
				"seconds":	1.00135,
				"bytes":	22665960,
				"bits_per_second":	1.81084e+08,
				"omitted":	false
			}
		}, {
			"streams":	[{
					"socket":	5,
					"start":	1.00135,
					"end":	2.00024,
					"seconds":	0.998892,
					"bytes":	25034752,
					"bits_per_second":	2.005e+08,
					"omitted":	false
				}],
			"sum":	{
				"start":	1.00135,
				"end":	2.00024,
				"seconds":	0.998892,
				"bytes":	25034752,
				"bits_per_second":	2.005e+08,
				"omitted":	false
			}
		}, {
			"streams":	[{
					"socket":	5,
					"start":	2.00024,
					"end":	3.00017,
					"seconds":	0.99993,
					"bytes":	24903680,
					"bits_per_second":	1.99243e+08,
					"omitted":	false
				}],
			"sum":	{
				"start":	2.00024,
				"end":	3.00017,
				"seconds":	0.99993,
				"bytes":	24903680,
				"bits_per_second":	1.99243e+08,
				"omitted":	false
			}
		}, {
			"streams":	[{
					"socket":	5,
					"start":	3.00017,
					"end":	4.00016,
					"seconds":	0.999992,
					"bytes":	25034752,
					"bits_per_second":	2.0028e+08,
					"omitted":	false
				}],
			"sum":	{
				"start":	3.00017,
				"end":	4.00016,
				"seconds":	0.999992,
				"bytes":	25034752,
				"bits_per_second":	2.0028e+08,
				"omitted":	false
			}
		}, {
			"streams":	[{
					"socket":	5,
					"start":	4.00016,
					"end":	5.00026,
					"seconds":	1.0001,
					"bytes":	24903680,
					"bits_per_second":	1.9921e+08,
					"omitted":	false
				}],
			"sum":	{
				"start":	4.00016,
				"end":	5.00026,
				"seconds":	1.0001,
				"bytes":	24903680,
				"bits_per_second":	1.9921e+08,
				"omitted":	false
			}
		}, {
			"streams":	[{
					"socket":	5,
					"start":	5.00026,
					"end":	6.00032,
					"seconds":	1.00006,
					"bytes":	25034752,
					"bits_per_second":	2.00267e+08,
					"omitted":	false
				}],
			"sum":	{
				"start":	5.00026,
				"end":	6.00032,
				"seconds":	1.00006,
				"bytes":	25034752,
				"bits_per_second":	2.00267e+08,
				"omitted":	false
			}
		}, {
			"streams":	[{
					"socket":	5,
					"start":	6.00032,
					"end":	6.00599,
					"seconds":	0.00567508,
					"bytes":	0,
					"bits_per_second":	0,
					"omitted":	false
				}],
			"sum":	{
				"start":	6.00032,
				"end":	6.00599,
				"seconds":	0.00567508,
				"bytes":	0,
				"bits_per_second":	0,
				"omitted":	false
			}
		}],
	"end":	{
		"streams":	[{
				"sender":	{
					"socket":	5,
					"start":	0,
					"end":	6.00599,
					"seconds":	6.00599,
					"bytes":	147577576,
					"bits_per_second":	1.96574e+08,
					"retransmits":	0
				},
				"receiver":	{
					"socket":	5,
					"start":	0,
					"end":	6.00599,
					"seconds":	6.00599,
					"bytes":	147577576,
					"bits_per_second":	1.96574e+08
				}
			}],
		"sum_sent":	{
			"start":	0,
			"end":	6.00599,
			"seconds":	6.00599,
			"bytes":	147577576,
			"bits_per_second":	1.96574e+08,
			"retransmits":	0
		},
		"sum_received":	{
			"start":	0,
			"end":	6.00599,
			"seconds":	6.00599,
			"bytes":	147577576,
			"bits_per_second":	1.96574e+08
		},
		"cpu_utilization_percent":	{
			"host_total":	3.91003,
			"host_user":	0.936288,
			"host_system":	2.97369,
			"remote_total":	2.72549,
			"remote_user":	0.931005,
			"remote_system":	1.79445
		}
	}
}
