{
	"start":	{
		"connected":	[{
				"socket":	5,
				"local_host":	"10.0.0.9",
				"local_port":	2034,
				"remote_host":	"10.0.0.1",
				"remote_port":	58044
			}],
		"version":	"iperf 3.0.7",
		"system_info":	"Linux MECS2 5.4.197-0504197-generic #202206060747 SMP Mon Jun 6 09:27:47 UTC 2022 x86_64 x86_64 x86_64 GNU/Linux\n",
		"timestamp":	{
			"time":	"Mon, 25 Jul 2022 21:52:27 GMT",
			"timesecs":	1658785947
		},
		"accepted_connection":	{
			"host":	"10.0.0.1",
			"port":	58042
		},
		"cookie":	"BS1.1658785947.784048.4774a6971415a2",
		"tcp_mss_default":	1448,
		"test_start":	{
			"protocol":	"TCP",
			"num_streams":	1,
			"blksize":	131072,
			"omit":	0,
			"duration":	1,
			"bytes":	0,
			"blocks":	0,
			"reverse":	0
		}
	},
	"intervals":	[{
			"streams":	[{
					"socket":	5,
					"start":	0,
					"end":	1.00008,
					"seconds":	1.00008,
					"bytes":	11393768,
					"bits_per_second":	9.11432e+07,
					"omitted":	false
				}],
			"sum":	{
				"start":	0,
				"end":	1.00008,
				"seconds":	1.00008,
				"bytes":	11393768,
				"bits_per_second":	9.11432e+07,
				"omitted":	false
			}
		}, {
			"streams":	[{
					"socket":	5,
					"start":	1.00008,
					"end":	1.00888,
					"seconds":	0.0088079,
					"bytes":	0,
					"bits_per_second":	0,
					"omitted":	false
				}],
			"sum":	{
				"start":	1.00008,
				"end":	1.00888,
				"seconds":	0.0088079,
				"bytes":	0,
				"bits_per_second":	0,
				"omitted":	false
			}
		}],
	"end":	{
		"streams":	[{
				"sender":	{
					"socket":	5,
					"start":	0,
					"end":	1.00888,
					"seconds":	1.00888,
					"bytes":	11393768,
					"bits_per_second":	9.03475e+07,
					"retransmits":	0
				},
				"receiver":	{
					"socket":	5,
					"start":	0,
					"end":	1.00888,
					"seconds":	1.00888,
					"bytes":	11393768,
					"bits_per_second":	9.03475e+07
				}
			}],
		"sum_sent":	{
			"start":	0,
			"end":	1.00888,
			"seconds":	1.00888,
			"bytes":	11393768,
			"bits_per_second":	9.03475e+07,
			"retransmits":	0
		},
		"sum_received":	{
			"start":	0,
			"end":	1.00888,
			"seconds":	1.00888,
			"bytes":	11393768,
			"bits_per_second":	9.03475e+07
		},
		"cpu_utilization_percent":	{
			"host_total":	3.02527,
			"host_user":	0,
			"host_system":	3.02519,
			"remote_total":	2.82589,
			"remote_user":	0.45439,
			"remote_system":	2.37065
		}
	}
}
