{
	"start":	{
		"connected":	[{
				"socket":	5,
				"local_host":	"10.0.0.18",
				"local_port":	1581,
				"remote_host":	"10.0.0.5",
				"remote_port":	58351
			}],
		"version":	"iperf 3.0.7",
		"system_info":	"Linux CS4 5.4.197-0504197-generic #202206060747 SMP Mon Jun 6 09:27:47 UTC 2022 x86_64 x86_64 x86_64 GNU/Linux\n",
		"timestamp":	{
			"time":	"Mon, 25 Jul 2022 21:47:26 GMT",
			"timesecs":	1658785646
		},
		"accepted_connection":	{
			"host":	"10.0.0.5",
			"port":	37510
		},
		"cookie":	"BS5.1658785645.955293.17d5129d09b99d",
		"test_start":	{
			"protocol":	"UDP",
			"num_streams":	1,
			"blksize":	8192,
			"omit":	0,
			"duration":	1,
			"bytes":	0,
			"blocks":	0,
			"reverse":	0
		}
	},
	"intervals":	[{
			"streams":	[{
					"socket":	5,
					"start":	0,
					"end":	1.00973,
					"seconds":	1.00973,
					"bytes":	7970816,
					"bits_per_second":	6.31518e+07,
					"jitter_ms":	1.39223,
					"lost_packets":	169,
					"packets":	1045,
					"lost_percent":	16.1722,
					"omitted":	false
				}],
			"sum":	{
				"start":	0,
				"end":	1.00973,
				"seconds":	1.00973,
				"bytes":	7970816,
				"bits_per_second":	6.31518e+07,
				"jitter_ms":	1.39223,
				"lost_packets":	169,
				"packets":	1045,
				"lost_percent":	16.1722,
				"omitted":	false
			}
		}, {
			"streams":	[{
					"socket":	5,
					"start":	1.00973,
					"end":	1.25317,
					"seconds":	0.243432,
					"bytes":	983040,
					"bits_per_second":	3.2306e+07,
					"jitter_ms":	1.9415,
					"lost_packets":	400,
					"packets":	519,
					"lost_percent":	77.0713,
					"omitted":	false
				}],
			"sum":	{
				"start":	1.00973,
				"end":	1.25317,
				"seconds":	0.243432,
				"bytes":	983040,
				"bits_per_second":	3.2306e+07,
				"jitter_ms":	1.9415,
				"lost_packets":	400,
				"packets":	519,
				"lost_percent":	77.0713,
				"omitted":	false
			}
		}],
	"end":	{
		"streams":	[{
				"udp":	{
					"socket":	5,
					"start":	0,
					"end":	1.25317,
					"seconds":	1.25317,
					"bytes":	12861440,
					"bits_per_second":	8.21052e+07,
					"jitter_ms":	1.9415,
					"lost_packets":	569,
					"packets":	1564,
					"lost_percent":	36.3811
				}
			}],
		"sum":	{
			"start":	0,
			"end":	1.25317,
			"seconds":	1.25317,
			"bytes":	12861440,
			"bits_per_second":	8.21052e+07,
			"jitter_ms":	1.9415,
			"lost_packets":	569,
			"packets":	1564,
			"lost_percent":	36.3811
		},
		"cpu_utilization_percent":	{
			"host_total":	6.50347,
			"host_user":	2.732,
			"host_system":	3.77154,
			"remote_total":	36.1273,
			"remote_user":	1.3745,
			"remote_system":	34.7601
		}
	},
	"error":	"OUT OF ORDER - incoming packet = 3 and received packet = 4 AND SP = 5",
	"error":	"OUT OF ORDER - incoming packet = 1 and received packet = 4 AND SP = 5",
	"error":	"OUT OF ORDER - incoming packet = 2 and received packet = 4 AND SP = 5",
	"error":	"OUT OF ORDER - incoming packet = 169 and received packet = 170 AND SP = 5",
	"error":	"OUT OF ORDER - incoming packet = 208 and received packet = 209 AND SP = 5",
	"error":	"OUT OF ORDER - incoming packet = 323 and received packet = 324 AND SP = 5",
	"error":	"OUT OF ORDER - incoming packet = 326 and received packet = 327 AND SP = 5",
	"error":	"OUT OF ORDER - incoming packet = 353 and received packet = 357 AND SP = 5",
	"error":	"OUT OF ORDER - incoming packet = 355 and received packet = 360 AND SP = 5",
	"error":	"OUT OF ORDER - incoming packet = 359 and received packet = 361 AND SP = 5",
	"error":	"OUT OF ORDER - incoming packet = 362 and received packet = 365 AND SP = 5",
	"error":	"OUT OF ORDER - incoming packet = 366 and received packet = 369 AND SP = 5",
	"error":	"OUT OF ORDER - incoming packet = 370 and received packet = 372 AND SP = 5",
	"error":	"OUT OF ORDER - incoming packet = 371 and received packet = 374 AND SP = 5",
	"error":	"OUT OF ORDER - incoming packet = 373 and received packet = 376 AND SP = 5",
	"error":	"OUT OF ORDER - incoming packet = 375 and received packet = 376 AND SP = 5",
	"error":	"OUT OF ORDER - incoming packet = 377 and received packet = 381 AND SP = 5",
	"error":	"OUT OF ORDER - incoming packet = 382 and received packet = 383 AND SP = 5",
	"error":	"OUT OF ORDER - incoming packet = 386 and received packet = 388 AND SP = 5",
	"error":	"OUT OF ORDER - incoming packet = 395 and received packet = 396 AND SP = 5",
	"error":	"OUT OF ORDER - incoming packet = 410 and received packet = 411 AND SP = 5",
	"error":	"OUT OF ORDER - incoming packet = 413 and received packet = 415 AND SP = 5",
	"error":	"OUT OF ORDER - incoming packet = 416 and received packet = 417 AND SP = 5",
	"error":	"OUT OF ORDER - incoming packet = 414 and received packet = 417 AND SP = 5",
	"error":	"OUT OF ORDER - incoming packet = 419 and received packet = 421 AND SP = 5",
	"error":	"OUT OF ORDER - incoming packet = 422 and received packet = 424 AND SP = 5",
	"error":	"OUT OF ORDER - incoming packet = 425 and received packet = 426 AND SP = 5",
	"error":	"OUT OF ORDER - incoming packet = 427 and received packet = 428 AND SP = 5",
	"error":	"OUT OF ORDER - incoming packet = 430 and received packet = 431 AND SP = 5",
	"error":	"OUT OF ORDER - incoming packet = 429 and received packet = 432 AND SP = 5",
	"error":	"OUT OF ORDER - incoming packet = 458 and received packet = 460 AND SP = 5",
	"error":	"OUT OF ORDER - incoming packet = 459 and received packet = 460 AND SP = 5",
	"error":	"OUT OF ORDER - incoming packet = 461 and received packet = 464 AND SP = 5",
	"error":	"OUT OF ORDER - incoming packet = 462 and received packet = 465 AND SP = 5",
	"error":	"OUT OF ORDER - incoming packet = 463 and received packet = 465 AND SP = 5",
	"error":	"OUT OF ORDER - incoming packet = 466 and received packet = 471 AND SP = 5",
	"error":	"OUT OF ORDER - incoming packet = 468 and received packet = 472 AND SP = 5",
	"error":	"OUT OF ORDER - incoming packet = 470 and received packet = 472 AND SP = 5",
	"error":	"OUT OF ORDER - incoming packet = 469 and received packet = 472 AND SP = 5",
	"error":	"OUT OF ORDER - incoming packet = 474 and received packet = 476 AND SP = 5",
	"error":	"OUT OF ORDER - incoming packet = 473 and received packet = 476 AND SP = 5",
	"error":	"OUT OF ORDER - incoming packet = 477 and received packet = 481 AND SP = 5",
	"error":	"OUT OF ORDER - incoming packet = 478 and received packet = 481 AND SP = 5",
	"error":	"OUT OF ORDER - incoming packet = 475 and received packet = 481 AND SP = 5",
	"error":	"OUT OF ORDER - incoming packet = 479 and received packet = 483 AND SP = 5",
	"error":	"OUT OF ORDER - incoming packet = 480 and received packet = 483 AND SP = 5",
	"error":	"OUT OF ORDER - incoming packet = 486 and received packet = 488 AND SP = 5",
	"error":	"OUT OF ORDER - incoming packet = 503 and received packet = 504 AND SP = 5",
	"error":	"OUT OF ORDER - incoming packet = 577 and received packet = 579 AND SP = 5",
	"error":	"OUT OF ORDER - incoming packet = 581 and received packet = 582 AND SP = 5",
	"error":	"OUT OF ORDER - incoming packet = 651 and received packet = 652 AND SP = 5",
	"error":	"OUT OF ORDER - incoming packet = 661 and received packet = 663 AND SP = 5",
	"error":	"OUT OF ORDER - incoming packet = 662 and received packet = 663 AND SP = 5",
	"error":	"OUT OF ORDER - incoming packet = 665 and received packet = 666 AND SP = 5",
	"error":	"OUT OF ORDER - incoming packet = 680 and received packet = 684 AND SP = 5",
	"error":	"OUT OF ORDER - incoming packet = 681 and received packet = 684 AND SP = 5",
	"error":	"OUT OF ORDER - incoming packet = 682 and received packet = 686 AND SP = 5",
	"error":	"OUT OF ORDER - incoming packet = 683 and received packet = 690 AND SP = 5",
	"error":	"OUT OF ORDER - incoming packet = 687 and received packet = 690 AND SP = 5",
	"error":	"OUT OF ORDER - incoming packet = 688 and received packet = 690 AND SP = 5",
	"error":	"OUT OF ORDER - incoming packet = 689 and received packet = 690 AND SP = 5",
	"error":	"OUT OF ORDER - incoming packet = 692 and received packet = 697 AND SP = 5",
	"error":	"OUT OF ORDER - incoming packet = 696 and received packet = 697 AND SP = 5",
	"error":	"OUT OF ORDER - incoming packet = 695 and received packet = 699 AND SP = 5",
	"error":	"OUT OF ORDER - incoming packet = 698 and received packet = 699 AND SP = 5",
	"error":	"OUT OF ORDER - incoming packet = 693 and received packet = 699 AND SP = 5",
	"error":	"OUT OF ORDER - incoming packet = 694 and received packet = 699 AND SP = 5",
	"error":	"OUT OF ORDER - incoming packet = 710 and received packet = 714 AND SP = 5",
	"error":	"OUT OF ORDER - incoming packet = 708 and received packet = 714 AND SP = 5",
	"error":	"OUT OF ORDER - incoming packet = 725 and received packet = 729 AND SP = 5",
	"error":	"OUT OF ORDER - incoming packet = 726 and received packet = 729 AND SP = 5",
	"error":	"OUT OF ORDER - incoming packet = 728 and received packet = 731 AND SP = 5",
	"error":	"OUT OF ORDER - incoming packet = 735 and received packet = 736 AND SP = 5",
	"error":	"OUT OF ORDER - incoming packet = 738 and received packet = 739 AND SP = 5",
	"error":	"OUT OF ORDER - incoming packet = 740 and received packet = 741 AND SP = 5",
	"error":	"OUT OF ORDER - incoming packet = 742 and received packet = 747 AND SP = 5",
	"error":	"OUT OF ORDER - incoming packet = 746 and received packet = 747 AND SP = 5",
	"error":	"OUT OF ORDER - incoming packet = 756 and received packet = 757 AND SP = 5",
	"error":	"OUT OF ORDER - incoming packet = 761 and received packet = 764 AND SP = 5",
	"error":	"OUT OF ORDER - incoming packet = 760 and received packet = 764 AND SP = 5",
	"error":	"OUT OF ORDER - incoming packet = 767 and received packet = 768 AND SP = 5",
	"error":	"OUT OF ORDER - incoming packet = 773 and received packet = 774 AND SP = 5",
	"error":	"OUT OF ORDER - incoming packet = 775 and received packet = 777 AND SP = 5",
	"error":	"OUT OF ORDER - incoming packet = 776 and received packet = 778 AND SP = 5",
	"error":	"OUT OF ORDER - incoming packet = 780 and received packet = 781 AND SP = 5",
	"error":	"OUT OF ORDER - incoming packet = 782 and received packet = 783 AND SP = 5",
	"error":	"OUT OF ORDER - incoming packet = 786 and received packet = 787 AND SP = 5",
	"error":	"OUT OF ORDER - incoming packet = 789 and received packet = 790 AND SP = 5",
	"error":	"OUT OF ORDER - incoming packet = 791 and received packet = 793 AND SP = 5",
	"error":	"OUT OF ORDER - incoming packet = 792 and received packet = 793 AND SP = 5",
	"error":	"OUT OF ORDER - incoming packet = 798 and received packet = 800 AND SP = 5",
	"error":	"OUT OF ORDER - incoming packet = 797 and received packet = 800 AND SP = 5",
	"error":	"OUT OF ORDER - incoming packet = 863 and received packet = 864 AND SP = 5",
	"error":	"OUT OF ORDER - incoming packet = 904 and received packet = 905 AND SP = 5",
	"error":	"OUT OF ORDER - incoming packet = 934 and received packet = 935 AND SP = 5",
	"error":	"OUT OF ORDER - incoming packet = 984 and received packet = 985 AND SP = 5",
	"error":	"OUT OF ORDER - incoming packet = 1024 and received packet = 1025 AND SP = 5",
	"error":	"OUT OF ORDER - incoming packet = 1478 and received packet = 1479 AND SP = 5"
}
