{
	"start":	{
		"connected":	[{
				"socket":	5,
				"local_host":	"10.0.0.9",
				"local_port":	3636,
				"remote_host":	"10.0.0.1",
				"remote_port":	44026
			}],
		"version":	"iperf 3.0.7",
		"system_info":	"Linux MECS2 5.4.197-0504197-generic #202206060747 SMP Mon Jun 6 09:27:47 UTC 2022 x86_64 x86_64 x86_64 GNU/Linux\n",
		"timestamp":	{
			"time":	"Mon, 25 Jul 2022 21:46:21 GMT",
			"timesecs":	1658785581
		},
		"accepted_connection":	{
			"host":	"10.0.0.1",
			"port":	44024
		},
		"cookie":	"BS1.1658785581.685709.39469a0d1d53ce",
		"tcp_mss_default":	1448,
		"test_start":	{
			"protocol":	"TCP",
			"num_streams":	1,
			"blksize":	131072,
			"omit":	0,
			"duration":	55,
			"bytes":	0,
			"blocks":	0,
			"reverse":	0
		}
	},
	"intervals":	[{
			"streams":	[{
					"socket":	5,
					"start":	0,
					"end":	1.00023,
					"seconds":	1.00023,
					"bytes":	9449648,
					"bits_per_second":	7.55797e+07,
					"omitted":	false
				}],
			"sum":	{
				"start":	0,
				"end":	1.00023,
				"seconds":	1.00023,
				"bytes":	9449648,
				"bits_per_second":	7.55797e+07,
				"omitted":	false
			}
		}, {
			"streams":	[{
					"socket":	5,
					"start":	1.00023,
					"end":	2.0003,
					"seconds":	1.00007,
					"bytes":	14050360,
					"bits_per_second":	1.12395e+08,
					"omitted":	false
				}],
			"sum":	{
				"start":	1.00023,
				"end":	2.0003,
				"seconds":	1.00007,
				"bytes":	14050360,
				"bits_per_second":	1.12395e+08,
				"omitted":	false
			}
		}, {
			"streams":	[{
					"socket":	5,
					"start":	2.0003,
					"end":	3.00034,
					"seconds":	1.00004,
					"bytes":	12488040,
					"bits_per_second":	9.99005e+07,
					"omitted":	false
				}],
			"sum":	{
				"start":	2.0003,
				"end":	3.00034,
				"seconds":	1.00004,
				"bytes":	12488040,
				"bits_per_second":	9.99005e+07,
				"omitted":	false
			}
		}, {
			"streams":	[{
					"socket":	5,
					"start":	3.00034,
					"end":	4.00145,
					"seconds":	1.00112,
					"bytes":	12456184,
					"bits_per_second":	9.95385e+07,
					"omitted":	false
				}],
			"sum":	{
				"start":	3.00034,
				"end":	4.00145,
				"seconds":	1.00112,
				"bytes":	12456184,
				"bits_per_second":	9.95385e+07,
				"omitted":	false
			}
		}, {
			"streams":	[{
					"socket":	5,
					"start":	4.00145,
					"end":	5.00026,
					"seconds":	0.998805,
					"bytes":	12574224,
					"bits_per_second":	1.00714e+08,
					"omitted":	false
				}],
			"sum":	{
				"start":	4.00145,
				"end":	5.00026,
				"seconds":	0.998805,
				"bytes":	12574224,
				"bits_per_second":	1.00714e+08,
				"omitted":	false
			}
		}, {
			"streams":	[{
					"socket":	5,
					"start":	5.00026,
					"end":	6.00026,
					"seconds":	1,
					"bytes":	12476456,
					"bits_per_second":	99811648,
					"omitted":	false
				}],
			"sum":	{
				"start":	5.00026,
				"end":	6.00026,
				"seconds":	1,
				"bytes":	12476456,
				"bits_per_second":	99811648,
				"omitted":	false
			}
		}, {
			"streams":	[{
					"socket":	5,
					"start":	6.00026,
					"end":	7.00028,
					"seconds":	1.00003,
					"bytes":	12498176,
					"bits_per_second":	9.99827e+07,
					"omitted":	false
				}],
			"sum":	{
				"start":	6.00026,
				"end":	7.00028,
				"seconds":	1.00003,
				"bytes":	12498176,
				"bits_per_second":	9.99827e+07,
				"omitted":	false
			}
		}, {
			"streams":	[{
					"socket":	5,
					"start":	7.00028,
					"end":	8.00058,
					"seconds":	1.00029,
					"bytes":	12649520,
					"bits_per_second":	1.01167e+08,
					"omitted":	false
				}],
			"sum":	{
				"start":	7.00028,
				"end":	8.00058,
				"seconds":	1.00029,
				"bytes":	12649520,
				"bits_per_second":	1.01167e+08,
				"omitted":	false
			}
		}, {
			"streams":	[{
					"socket":	5,
					"start":	8.00058,
					"end":	9.00403,
					"seconds":	1.00345,
					"bytes":	12702344,
					"bits_per_second":	1.01269e+08,
					"omitted":	false
				}],
			"sum":	{
				"start":	8.00058,
				"end":	9.00403,
				"seconds":	1.00345,
				"bytes":	12702344,
				"bits_per_second":	1.01269e+08,
				"omitted":	false
			}
		}, {
			"streams":	[{
					"socket":	5,
					"start":	9.00403,
					"end":	10.0007,
					"seconds":	0.996691,
					"bytes":	12486872,
					"bits_per_second":	1.00227e+08,
					"omitted":	false
				}],
			"sum":	{
				"start":	9.00403,
				"end":	10.0007,
				"seconds":	0.996691,
				"bytes":	12486872,
				"bits_per_second":	1.00227e+08,
				"omitted":	false
			}
		}, {
			"streams":	[{
					"socket":	5,
					"start":	10.0007,
					"end":	11.0033,
					"seconds":	1.00258,
					"bytes":	9818976,
					"bits_per_second":	7.83494e+07,
					"omitted":	false
				}],
			"sum":	{
				"start":	10.0007,
				"end":	11.0033,
				"seconds":	1.00258,
				"bytes":	9818976,
				"bits_per_second":	7.83494e+07,
				"omitted":	false
			}
		}, {
			"streams":	[{
					"socket":	5,
					"start":	11.0033,
					"end":	12.001,
					"seconds":	0.997698,
					"bytes":	10149032,
					"bits_per_second":	8.13796e+07,
					"omitted":	false
				}],
			"sum":	{
				"start":	11.0033,
				"end":	12.001,
				"seconds":	0.997698,
				"bytes":	10149032,
				"bits_per_second":	8.13796e+07,
				"omitted":	false
			}
		}, {
			"streams":	[{
					"socket":	5,
					"start":	12.001,
					"end":	13.0001,
					"seconds":	0.99914,
					"bytes":	17437968,
					"bits_per_second":	1.39624e+08,
					"omitted":	false
				}],
			"sum":	{
				"start":	12.001,
				"end":	13.0001,
				"seconds":	0.99914,
				"bytes":	17437968,
				"bits_per_second":	1.39624e+08,
				"omitted":	false
			}
		}, {
			"streams":	[{
					"socket":	5,
					"start":	13.0001,
					"end":	14.0065,
					"seconds":	1.00639,
					"bytes":	12663248,
					"bits_per_second":	1.00663e+08,
					"omitted":	false
				}],
			"sum":	{
				"start":	13.0001,
				"end":	14.0065,
				"seconds":	1.00639,
				"bytes":	12663248,
				"bits_per_second":	1.00663e+08,
				"omitted":	false
			}
		}, {
			"streams":	[{
					"socket":	5,
					"start":	14.0065,
					"end":	15.0006,
					"seconds":	0.994054,
					"bytes":	12452120,
					"bits_per_second":	1.00213e+08,
					"omitted":	false
				}],
			"sum":	{
				"start":	14.0065,
				"end":	15.0006,
				"seconds":	0.994054,
				"bytes":	12452120,
				"bits_per_second":	1.00213e+08,
				"omitted":	false
			}
		}, {
			"streams":	[{
					"socket":	5,
					"start":	15.0006,
					"end":	16.0005,
					"seconds":	0.999911,
					"bytes":	12451840,
					"bits_per_second":	9.96236e+07,
					"omitted":	false
				}],
			"sum":	{
				"start":	15.0006,
				"end":	16.0005,
				"seconds":	0.999911,
				"bytes":	12451840,
				"bits_per_second":	9.96236e+07,
				"omitted":	false
			}
		}, {
			"streams":	[{
					"socket":	5,
					"start":	16.0005,
					"end":	17.0002,
					"seconds":	0.999694,
					"bytes":	12582912,
					"bits_per_second":	1.00694e+08,
					"omitted":	false
				}],
			"sum":	{
				"start":	16.0005,
				"end":	17.0002,
				"seconds":	0.999694,
				"bytes":	12582912,
				"bits_per_second":	1.00694e+08,
				"omitted":	false
			}
		}, {
			"streams":	[{
					"socket":	5,
					"start":	17.0002,
					"end":	18.0002,
					"seconds":	1.00003,
					"bytes":	12451840,
					"bits_per_second":	9.96113e+07,
					"omitted":	false
				}],
			"sum":	{
				"start":	17.0002,
				"end":	18.0002,
				"seconds":	1.00003,
				"bytes":	12451840,
				"bits_per_second":	9.96113e+07,
				"omitted":	false
			}
		}, {
			"streams":	[{
					"socket":	5,
					"start":	18.0002,
					"end":	19.001,
					"seconds":	1.00076,
					"bytes":	12582744,
					"bits_per_second":	1.00585e+08,
					"omitted":	false
				}],
			"sum":	{
				"start":	18.0002,
				"end":	19.001,
				"seconds":	1.00076,
				"bytes":	12582744,
				"bits_per_second":	1.00585e+08,
				"omitted":	false
			}
		}, {
			"streams":	[{
					"socket":	5,
					"start":	19.001,
					"end":	20.0011,
					"seconds":	1.00013,
					"bytes":	12493720,
					"bits_per_second":	9.9937e+07,
					"omitted":	false
				}],
			"sum":	{
				"start":	19.001,
				"end":	20.0011,
				"seconds":	1.00013,
				"bytes":	12493720,
				"bits_per_second":	9.9937e+07,
				"omitted":	false
			}
		}, {
			"streams":	[{
					"socket":	5,
					"start":	20.0011,
					"end":	21.0006,
					"seconds":	0.999469,
					"bytes":	12410128,
					"bits_per_second":	9.93338e+07,
					"omitted":	false
				}],
			"sum":	{
				"start":	20.0011,
				"end":	21.0006,
				"seconds":	0.999469,
				"bytes":	12410128,
				"bits_per_second":	9.93338e+07,
				"omitted":	false
			}
		}, {
			"streams":	[{
					"socket":	5,
					"start":	21.0006,
					"end":	22.0007,
					"seconds":	1.00014,
					"bytes":	12582912,
					"bits_per_second":	1.00649e+08,
					"omitted":	false
				}],
			"sum":	{
				"start":	21.0006,
				"end":	22.0007,
				"seconds":	1.00014,
				"bytes":	12582912,
				"bits_per_second":	1.00649e+08,
				"omitted":	false
			}
		}, {
			"streams":	[{
					"socket":	5,
					"start":	22.0007,
					"end":	23.0009,
					"seconds":	1.00016,
					"bytes":	12451840,
					"bits_per_second":	9.95992e+07,
					"omitted":	false
				}],
			"sum":	{
				"start":	22.0007,
				"end":	23.0009,
				"seconds":	1.00016,
				"bytes":	12451840,
				"bits_per_second":	9.95992e+07,
				"omitted":	false
			}
		}, {
			"streams":	[{
					"socket":	5,
					"start":	23.0009,
					"end":	24.0004,
					"seconds":	0.999542,
					"bytes":	12451840,
					"bits_per_second":	9.96604e+07,
					"omitted":	false
				}],
			"sum":	{
				"start":	23.0009,
				"end":	24.0004,
				"seconds":	0.999542,
				"bytes":	12451840,
				"bits_per_second":	9.96604e+07,
				"omitted":	false
			}
		}, {
			"streams":	[{
					"socket":	5,
					"start":	24.0004,
					"end":	25.0001,
					"seconds":	0.999706,
					"bytes":	12572496,
					"bits_per_second":	1.0061e+08,
					"omitted":	false
				}],
			"sum":	{
				"start":	24.0004,
				"end":	25.0001,
				"seconds":	0.999706,
				"bytes":	12572496,
				"bits_per_second":	1.0061e+08,
				"omitted":	false
			}
		}, {
			"streams":	[{
					"socket":	5,
					"start":	25.0001,
					"end":	26.0003,
					"seconds":	1.00015,
					"bytes":	12462256,
					"bits_per_second":	9.96831e+07,
					"omitted":	false
				}],
			"sum":	{
				"start":	25.0001,
				"end":	26.0003,
				"seconds":	1.00015,
				"bytes":	12462256,
				"bits_per_second":	9.96831e+07,
				"omitted":	false
			}
		}, {
			"streams":	[{
					"socket":	5,
					"start":	26.0003,
					"end":	27.0002,
					"seconds":	0.99997,
					"bytes":	12451840,
					"bits_per_second":	9.96177e+07,
					"omitted":	false
				}],
			"sum":	{
				"start":	26.0003,
				"end":	27.0002,
				"seconds":	0.99997,
				"bytes":	12451840,
				"bits_per_second":	9.96177e+07,
				"omitted":	false
			}
		}, {
			"streams":	[{
					"socket":	5,
					"start":	27.0002,
					"end":	28.0002,
					"seconds":	0.999935,
					"bytes":	12582912,
					"bits_per_second":	1.0067e+08,
					"omitted":	false
				}],
			"sum":	{
				"start":	27.0002,
				"end":	28.0002,
				"seconds":	0.999935,
				"bytes":	12582912,
				"bits_per_second":	1.0067e+08,
				"omitted":	false
			}
		}, {
			"streams":	[{
					"socket":	5,
					"start":	28.0002,
					"end":	29.0023,
					"seconds":	1.00216,
					"bytes":	12451560,
					"bits_per_second":	9.93974e+07,
					"omitted":	false
				}],
			"sum":	{
				"start":	28.0002,
				"end":	29.0023,
				"seconds":	1.00216,
				"bytes":	12451560,
				"bits_per_second":	9.93974e+07,
				"omitted":	false
			}
		}, {
			"streams":	[{
					"socket":	5,
					"start":	29.0023,
					"end":	30.0008,
					"seconds":	0.998491,
					"bytes":	12452120,
					"bits_per_second":	9.97675e+07,
					"omitted":	false
				}],
			"sum":	{
				"start":	29.0023,
				"end":	30.0008,
				"seconds":	0.998491,
				"bytes":	12452120,
				"bits_per_second":	9.97675e+07,
				"omitted":	false
			}
		}, {
			"streams":	[{
					"socket":	5,
					"start":	30.0008,
					"end":	31.0018,
					"seconds":	1.00092,
					"bytes":	12582912,
					"bits_per_second":	1.00571e+08,
					"omitted":	false
				}],
			"sum":	{
				"start":	30.0008,
				"end":	31.0018,
				"seconds":	1.00092,
				"bytes":	12582912,
				"bits_per_second":	1.00571e+08,
				"omitted":	false
			}
		}, {
			"streams":	[{
					"socket":	5,
					"start":	31.0018,
					"end":	32.0003,
					"seconds":	0.998511,
					"bytes":	12450864,
					"bits_per_second":	9.97554e+07,
					"omitted":	false
				}],
			"sum":	{
				"start":	31.0018,
				"end":	32.0003,
				"seconds":	0.998511,
				"bytes":	12450864,
				"bits_per_second":	9.97554e+07,
				"omitted":	false
			}
		}, {
			"streams":	[{
					"socket":	5,
					"start":	32.0003,
					"end":	33.0002,
					"seconds":	0.999974,
					"bytes":	5051216,
					"bits_per_second":	4.04108e+07,
					"omitted":	false
				}],
			"sum":	{
				"start":	32.0003,
				"end":	33.0002,
				"seconds":	0.999974,
				"bytes":	5051216,
				"bits_per_second":	4.04108e+07,
				"omitted":	false
			}
		}, {
			"streams":	[{
					"socket":	5,
					"start":	33.0002,
					"end":	34.0019,
					"seconds":	1.00167,
					"bytes":	8974984,
					"bits_per_second":	7.16804e+07,
					"omitted":	false
				}],
			"sum":	{
				"start":	33.0002,
				"end":	34.0019,
				"seconds":	1.00167,
				"bytes":	8974984,
				"bits_per_second":	7.16804e+07,
				"omitted":	false
			}
		}, {
			"streams":	[{
					"socket":	5,
					"start":	34.0019,
					"end":	35.0003,
					"seconds":	0.99835,
					"bytes":	3735840,
					"bits_per_second":	2.99361e+07,
					"omitted":	false
				}],
			"sum":	{
				"start":	34.0019,
				"end":	35.0003,
				"seconds":	0.99835,
				"bytes":	3735840,
				"bits_per_second":	2.99361e+07,
				"omitted":	false
			}
		}, {
			"streams":	[{
					"socket":	5,
					"start":	35.0003,
					"end":	36.0002,
					"seconds":	0.999914,
					"bytes":	6210472,
					"bits_per_second":	4.96881e+07,
					"omitted":	false
				}],
			"sum":	{
				"start":	35.0003,
				"end":	36.0002,
				"seconds":	0.999914,
				"bytes":	6210472,
				"bits_per_second":	4.96881e+07,
				"omitted":	false
			}
		}, {
			"streams":	[{
					"socket":	5,
					"start":	36.0002,
					"end":	37.0016,
					"seconds":	1.00147,
					"bytes":	7384800,
					"bits_per_second":	5.89918e+07,
					"omitted":	false
				}],
			"sum":	{
				"start":	36.0002,
				"end":	37.0016,
				"seconds":	1.00147,
				"bytes":	7384800,
				"bits_per_second":	5.89918e+07,
				"omitted":	false
			}
		}, {
			"streams":	[{
					"socket":	5,
					"start":	37.0016,
					"end":	38.0003,
					"seconds":	0.99867,
					"bytes":	5078136,
					"bits_per_second":	4.06792e+07,
					"omitted":	false
				}],
			"sum":	{
				"start":	37.0016,
				"end":	38.0003,
				"seconds":	0.99867,
				"bytes":	5078136,
				"bits_per_second":	4.06792e+07,
				"omitted":	false
			}
		}, {
			"streams":	[{
					"socket":	5,
					"start":	38.0003,
					"end":	39.0117,
					"seconds":	1.01139,
					"bytes":	3835056,
					"bits_per_second":	3.0335e+07,
					"omitted":	false
				}],
			"sum":	{
				"start":	38.0003,
				"end":	39.0117,
				"seconds":	1.01139,
				"bytes":	3835056,
				"bits_per_second":	3.0335e+07,
				"omitted":	false
			}
		}, {
			"streams":	[{
					"socket":	5,
					"start":	39.0117,
					"end":	40.0001,
					"seconds":	0.988401,
					"bytes":	2824296,
					"bits_per_second":	2.28595e+07,
					"omitted":	false
				}],
			"sum":	{
				"start":	39.0117,
				"end":	40.0001,
				"seconds":	0.988401,
				"bytes":	2824296,
				"bits_per_second":	2.28595e+07,
				"omitted":	false
			}
		}, {
			"streams":	[{
					"socket":	5,
					"start":	40.0001,
					"end":	41.0025,
					"seconds":	1.00239,
					"bytes":	3748872,
					"bits_per_second":	2.99195e+07,
					"omitted":	false
				}],
			"sum":	{
				"start":	40.0001,
				"end":	41.0025,
				"seconds":	1.00239,
				"bytes":	3748872,
				"bits_per_second":	2.99195e+07,
				"omitted":	false
			}
		}, {
			"streams":	[{
					"socket":	5,
					"start":	41.0025,
					"end":	42.0016,
					"seconds":	0.999128,
					"bytes":	4923200,
					"bits_per_second":	3.942e+07,
					"omitted":	false
				}],
			"sum":	{
				"start":	41.0025,
				"end":	42.0016,
				"seconds":	0.999128,
				"bytes":	4923200,
				"bits_per_second":	3.942e+07,
				"omitted":	false
			}
		}, {
			"streams":	[{
					"socket":	5,
					"start":	42.0016,
					"end":	43.0108,
					"seconds":	1.00923,
					"bytes":	5702976,
					"bits_per_second":	4.52064e+07,
					"omitted":	false
				}],
			"sum":	{
				"start":	42.0016,
				"end":	43.0108,
				"seconds":	1.00923,
				"bytes":	5702976,
				"bits_per_second":	4.52064e+07,
				"omitted":	false
			}
		}, {
			"streams":	[{
					"socket":	5,
					"start":	43.0108,
					"end":	44.0016,
					"seconds":	0.990796,
					"bytes":	7770664,
					"bits_per_second":	6.27428e+07,
					"omitted":	false
				}],
			"sum":	{
				"start":	43.0108,
				"end":	44.0016,
				"seconds":	0.990796,
				"bytes":	7770664,
				"bits_per_second":	6.27428e+07,
				"omitted":	false
			}
		}, {
			"streams":	[{
					"socket":	5,
					"start":	44.0016,
					"end":	45.0026,
					"seconds":	1.00096,
					"bytes":	6834560,
					"bits_per_second":	5.46243e+07,
					"omitted":	false
				}],
			"sum":	{
				"start":	44.0016,
				"end":	45.0026,
				"seconds":	1.00096,
				"bytes":	6834560,
				"bits_per_second":	5.46243e+07,
				"omitted":	false
			}
		}, {
			"streams":	[{
					"socket":	5,
					"start":	45.0026,
					"end":	46.0044,
					"seconds":	1.00179,
					"bytes":	6084496,
					"bits_per_second":	4.85891e+07,
					"omitted":	false
				}],
			"sum":	{
				"start":	45.0026,
				"end":	46.0044,
				"seconds":	1.00179,
				"bytes":	6084496,
				"bits_per_second":	4.85891e+07,
				"omitted":	false
			}
		}, {
			"streams":	[{
					"socket":	5,
					"start":	46.0044,
					"end":	47.0007,
					"seconds":	0.996347,
					"bytes":	6584056,
					"bits_per_second":	5.28656e+07,
					"omitted":	false
				}],
			"sum":	{
				"start":	46.0044,
				"end":	47.0007,
				"seconds":	0.996347,
				"bytes":	6584056,
				"bits_per_second":	5.28656e+07,
				"omitted":	false
			}
		}, {
			"streams":	[{
					"socket":	5,
					"start":	47.0007,
					"end":	48.0113,
					"seconds":	1.01052,
					"bytes":	5707320,
					"bits_per_second":	4.51831e+07,
					"omitted":	false
				}],
			"sum":	{
				"start":	47.0007,
				"end":	48.0113,
				"seconds":	1.01052,
				"bytes":	5707320,
				"bits_per_second":	4.51831e+07,
				"omitted":	false
			}
		}, {
			"streams":	[{
					"socket":	5,
					"start":	48.0113,
					"end":	49.007,
					"seconds":	0.99579,
					"bytes":	9451792,
					"bits_per_second":	7.5934e+07,
					"omitted":	false
				}],
			"sum":	{
				"start":	48.0113,
				"end":	49.007,
				"seconds":	0.99579,
				"bytes":	9451792,
				"bits_per_second":	7.5934e+07,
				"omitted":	false
			}
		}, {
			"streams":	[{
					"socket":	5,
					"start":	49.007,
					"end":	50.0024,
					"seconds":	0.995371,
					"bytes":	8868304,
					"bits_per_second":	7.12764e+07,
					"omitted":	false
				}],
			"sum":	{
				"start":	49.007,
				"end":	50.0024,
				"seconds":	0.995371,
				"bytes":	8868304,
				"bits_per_second":	7.12764e+07,
				"omitted":	false
			}
		}, {
			"streams":	[{
					"socket":	5,
					"start":	50.0024,
					"end":	51.0182,
					"seconds":	1.01574,
					"bytes":	7985720,
					"bits_per_second":	6.28958e+07,
					"omitted":	false
				}],
			"sum":	{
				"start":	50.0024,
				"end":	51.0182,
				"seconds":	1.01574,
				"bytes":	7985720,
				"bits_per_second":	6.28958e+07,
				"omitted":	false
			}
		}, {
			"streams":	[{
					"socket":	5,
					"start":	51.0182,
					"end":	52.0002,
					"seconds":	0.98206,
					"bytes":	7405768,
					"bits_per_second":	6.03284e+07,
					"omitted":	false
				}],
			"sum":	{
				"start":	51.0182,
				"end":	52.0002,
				"seconds":	0.98206,
				"bytes":	7405768,
				"bits_per_second":	6.03284e+07,
				"omitted":	false
			}
		}, {
			"streams":	[{
					"socket":	5,
					"start":	52.0002,
					"end":	53.0796,
					"seconds":	1.07935,
					"bytes":	5661040,
					"bits_per_second":	4.1959e+07,
					"omitted":	false
				}],
			"sum":	{
				"start":	52.0002,
				"end":	53.0796,
				"seconds":	1.07935,
				"bytes":	5661040,
				"bits_per_second":	4.1959e+07,
				"omitted":	false
			}
		}, {
			"streams":	[{
					"socket":	5,
					"start":	53.0796,
					"end":	54.0022,
					"seconds":	0.922664,
					"bytes":	7421640,
					"bits_per_second":	6.43497e+07,
					"omitted":	false
				}],
			"sum":	{
				"start":	53.0796,
				"end":	54.0022,
				"seconds":	0.922664,
				"bytes":	7421640,
				"bits_per_second":	6.43497e+07,
				"omitted":	false
			}
		}, {
			"streams":	[{
					"socket":	5,
					"start":	54.0022,
					"end":	55.0014,
					"seconds":	0.999213,
					"bytes":	8887824,
					"bits_per_second":	7.11586e+07,
					"omitted":	false
				}],
			"sum":	{
				"start":	54.0022,
				"end":	55.0014,
				"seconds":	0.999213,
				"bytes":	8887824,
				"bits_per_second":	7.11586e+07,
				"omitted":	false
			}
		}, {
			"streams":	[{
					"socket":	5,
					"start":	55.0014,
					"end":	55.3059,
					"seconds":	0.30447,
					"bytes":	683456,
					"bits_per_second":	1.79579e+07,
					"omitted":	false
				}],
			"sum":	{
				"start":	55.0014,
				"end":	55.3059,
				"seconds":	0.30447,
				"bytes":	683456,
				"bits_per_second":	1.79579e+07,
				"omitted":	false
			}
		}],
	"end":	{
		"streams":	[{
				"sender":	{
					"socket":	5,
					"start":	0,
					"end":	55.3059,
					"seconds":	55.3059,
					"bytes":	552306192,
					"bits_per_second":	7.98911e+07,
					"retransmits":	938
				},
				"receiver":	{
					"socket":	5,
					"start":	0,
					"end":	55.3059,
					"seconds":	55.3059,
					"bytes":	545636392,
					"bits_per_second":	7.89263e+07
				}
			}],
		"sum_sent":	{
			"start":	0,
			"end":	55.3059,
			"seconds":	55.3059,
			"bytes":	552306192,
			"bits_per_second":	7.98911e+07,
			"retransmits":	938
		},
		"sum_received":	{
			"start":	0,
			"end":	55.3059,
			"seconds":	55.3059,
			"bytes":	545636392,
			"bits_per_second":	7.89263e+07
		},
		"cpu_utilization_percent":	{
			"host_total":	5.66162,
			"host_user":	0.390202,
			"host_system":	5.27142,
			"remote_total":	2.42078,
			"remote_user":	0.0862262,
			"remote_system":	2.33455
		}
	}
}
