{
	"start":	{
		"connected":	[{
				"socket":	5,
				"local_host":	"10.0.0.13",
				"local_port":	2350,
				"remote_host":	"10.0.0.3",
				"remote_port":	60000
			}],
		"version":	"iperf 3.0.7",
		"system_info":	"Linux H13 5.4.197-0504197-generic #202206060747 SMP Mon Jun 6 09:27:47 UTC 2022 x86_64 x86_64 x86_64 GNU/Linux\n",
		"timestamp":	{
			"time":	"Fri, 22 Jul 2022 16:23:37 GMT",
			"timesecs":	1658507017
		},
		"accepted_connection":	{
			"host":	"10.0.0.3",
			"port":	59998
		},
		"cookie":	"H3.1658507017.560486.5da9e62774d6fa6",
		"tcp_mss_default":	1448,
		"test_start":	{
			"protocol":	"TCP",
			"num_streams":	1,
			"blksize":	131072,
			"omit":	0,
			"duration":	5,
			"bytes":	0,
			"blocks":	0,
			"reverse":	0
		}
	},
	"intervals":	[{
			"streams":	[{
					"socket":	5,
					"start":	0,
					"end":	1.00098,
					"seconds":	1.00098,
					"bytes":	1703936,
					"bits_per_second":	1.36182e+07,
					"omitted":	false
				}],
			"sum":	{
				"start":	0,
				"end":	1.00098,
				"seconds":	1.00098,
				"bytes":	1703936,
				"bits_per_second":	1.36182e+07,
				"omitted":	false
			}
		}, {
			"streams":	[{
					"socket":	5,
					"start":	1.00098,
					"end":	2.00013,
					"seconds":	0.999149,
					"bytes":	1966080,
					"bits_per_second":	1.5742e+07,
					"omitted":	false
				}],
			"sum":	{
				"start":	1.00098,
				"end":	2.00013,
				"seconds":	0.999149,
				"bytes":	1966080,
				"bits_per_second":	1.5742e+07,
				"omitted":	false
			}
		}, {
			"streams":	[{
					"socket":	5,
					"start":	2.00013,
					"end":	3.00078,
					"seconds":	1.00065,
					"bytes":	1835008,
					"bits_per_second":	1.46705e+07,
					"omitted":	false
				}],
			"sum":	{
				"start":	2.00013,
				"end":	3.00078,
				"seconds":	1.00065,
				"bytes":	1835008,
				"bits_per_second":	1.46705e+07,
				"omitted":	false
			}
		}, {
			"streams":	[{
					"socket":	5,
					"start":	3.00078,
					"end":	4.00077,
					"seconds":	0.999993,
					"bytes":	1835008,
					"bits_per_second":	1.46802e+07,
					"omitted":	false
				}],
			"sum":	{
				"start":	3.00078,
				"end":	4.00077,
				"seconds":	0.999993,
				"bytes":	1835008,
				"bits_per_second":	1.46802e+07,
				"omitted":	false
			}
		}, {
			"streams":	[{
					"socket":	5,
					"start":	4.00077,
					"end":	5.00016,
					"seconds":	0.999387,
					"bytes":	1966080,
					"bits_per_second":	1.57383e+07,
					"omitted":	false
				}],
			"sum":	{
				"start":	4.00077,
				"end":	5.00016,
				"seconds":	0.999387,
				"bytes":	1966080,
				"bits_per_second":	1.57383e+07,
				"omitted":	false
			}
		}, {
			"streams":	[{
					"socket":	5,
					"start":	5.00016,
					"end":	5.00032,
					"seconds":	0.000163078,
					"bytes":	0,
					"bits_per_second":	0,
					"omitted":	false
				}],
			"sum":	{
				"start":	5.00016,
				"end":	5.00032,
				"seconds":	0.000163078,
				"bytes":	0,
				"bits_per_second":	0,
				"omitted":	false
			}
		}],
	"end":	{
		"streams":	[{
				"sender":	{
					"socket":	5,
					"start":	0,
					"end":	5.00032,
					"seconds":	5.00032,
					"bytes":	9306112,
					"bits_per_second":	1.48888e+07,
					"retransmits":	0
				},
				"receiver":	{
					"socket":	5,
					"start":	0,
					"end":	5.00032,
					"seconds":	5.00032,
					"bytes":	9306112,
					"bits_per_second":	1.48888e+07
				}
			}],
		"sum_sent":	{
			"start":	0,
			"end":	5.00032,
			"seconds":	5.00032,
			"bytes":	9306112,
			"bits_per_second":	1.48888e+07,
			"retransmits":	0
		},
		"sum_received":	{
			"start":	0,
			"end":	5.00032,
			"seconds":	5.00032,
			"bytes":	9306112,
			"bits_per_second":	1.48888e+07
		},
		"cpu_utilization_percent":	{
			"host_total":	1.35544,
			"host_user":	0.65156,
			"host_system":	0.703784,
			"remote_total":	0.492354,
			"remote_user":	0.216847,
			"remote_system":	0.275427
		}
	}
}
{
	"start":	{
		"connected":	[],
		"version":	"iperf 3.0.7",
		"system_info":	"Linux H13 5.4.197-0504197-generic #202206060747 SMP Mon Jun 6 09:27:47 UTC 2022 x86_64 x86_64 x86_64 GNU/Linux\n"
	},
	"intervals":	[],
	"end":	{
	},
	"error":	"interrupt - the server has terminated"
}
