{
	"start":	{
		"connected":	[{
				"socket":	5,
				"local_host":	"10.0.0.12",
				"local_port":	2766,
				"remote_host":	"10.0.0.2",
				"remote_port":	56014
			}],
		"version":	"iperf 3.0.7",
		"system_info":	"Linux H12 5.4.197-0504197-generic #202206060747 SMP Mon Jun 6 09:27:47 UTC 2022 x86_64 x86_64 x86_64 GNU/Linux\n",
		"timestamp":	{
			"time":	"Fri, 22 Jul 2022 16:22:41 GMT",
			"timesecs":	1658506961
		},
		"accepted_connection":	{
			"host":	"10.0.0.2",
			"port":	56012
		},
		"cookie":	"H2.1658506961.098256.6775f4696cff063",
		"tcp_mss_default":	1448,
		"test_start":	{
			"protocol":	"TCP",
			"num_streams":	1,
			"blksize":	131072,
			"omit":	0,
			"duration":	5,
			"bytes":	0,
			"blocks":	0,
			"reverse":	0
		}
	},
	"intervals":	[{
			"streams":	[{
					"socket":	5,
					"start":	0,
					"end":	1.00072,
					"seconds":	1.00072,
					"bytes":	1703936,
					"bits_per_second":	1.36217e+07,
					"omitted":	false
				}],
			"sum":	{
				"start":	0,
				"end":	1.00072,
				"seconds":	1.00072,
				"bytes":	1703936,
				"bits_per_second":	1.36217e+07,
				"omitted":	false
			}
		}, {
			"streams":	[{
					"socket":	5,
					"start":	1.00072,
					"end":	2.00116,
					"seconds":	1.00045,
					"bytes":	1966080,
					"bits_per_second":	1.57216e+07,
					"omitted":	false
				}],
			"sum":	{
				"start":	1.00072,
				"end":	2.00116,
				"seconds":	1.00045,
				"bytes":	1966080,
				"bits_per_second":	1.57216e+07,
				"omitted":	false
			}
		}, {
			"streams":	[{
					"socket":	5,
					"start":	2.00116,
					"end":	3.00099,
					"seconds":	0.99983,
					"bytes":	1835008,
					"bits_per_second":	1.46826e+07,
					"omitted":	false
				}],
			"sum":	{
				"start":	2.00116,
				"end":	3.00099,
				"seconds":	0.99983,
				"bytes":	1835008,
				"bits_per_second":	1.46826e+07,
				"omitted":	false
			}
		}, {
			"streams":	[{
					"socket":	5,
					"start":	3.00099,
					"end":	4.00021,
					"seconds":	0.99922,
					"bytes":	1835008,
					"bits_per_second":	1.46915e+07,
					"omitted":	false
				}],
			"sum":	{
				"start":	3.00099,
				"end":	4.00021,
				"seconds":	0.99922,
				"bytes":	1835008,
				"bits_per_second":	1.46915e+07,
				"omitted":	false
			}
		}, {
			"streams":	[{
					"socket":	5,
					"start":	4.00021,
					"end":	5.00109,
					"seconds":	1.00088,
					"bytes":	1966080,
					"bits_per_second":	1.57148e+07,
					"omitted":	false
				}],
			"sum":	{
				"start":	4.00021,
				"end":	5.00109,
				"seconds":	1.00088,
				"bytes":	1966080,
				"bits_per_second":	1.57148e+07,
				"omitted":	false
			}
		}, {
			"streams":	[{
					"socket":	5,
					"start":	5.00109,
					"end":	5.00132,
					"seconds":	0.000226021,
					"bytes":	0,
					"bits_per_second":	0,
					"omitted":	false
				}],
			"sum":	{
				"start":	5.00109,
				"end":	5.00132,
				"seconds":	0.000226021,
				"bytes":	0,
				"bits_per_second":	0,
				"omitted":	false
			}
		}],
	"end":	{
		"streams":	[{
				"sender":	{
					"socket":	5,
					"start":	0,
					"end":	5.00132,
					"seconds":	5.00132,
					"bytes":	9306112,
					"bits_per_second":	1.48859e+07,
					"retransmits":	0
				},
				"receiver":	{
					"socket":	5,
					"start":	0,
					"end":	5.00132,
					"seconds":	5.00132,
					"bytes":	9306112,
					"bits_per_second":	1.48859e+07
				}
			}],
		"sum_sent":	{
			"start":	0,
			"end":	5.00132,
			"seconds":	5.00132,
			"bytes":	9306112,
			"bits_per_second":	1.48859e+07,
			"retransmits":	0
		},
		"sum_received":	{
			"start":	0,
			"end":	5.00132,
			"seconds":	5.00132,
			"bytes":	9306112,
			"bits_per_second":	1.48859e+07
		},
		"cpu_utilization_percent":	{
			"host_total":	1.46776,
			"host_user":	0,
			"host_system":	1.46774,
			"remote_total":	0.564467,
			"remote_user":	0,
			"remote_system":	0.564427
		}
	}
}
{
	"start":	{
		"connected":	[],
		"version":	"iperf 3.0.7",
		"system_info":	"Linux H12 5.4.197-0504197-generic #202206060747 SMP Mon Jun 6 09:27:47 UTC 2022 x86_64 x86_64 x86_64 GNU/Linux\n"
	},
	"intervals":	[],
	"end":	{
	},
	"error":	"interrupt - the server has terminated"
}
