{
	"start":	{
		"connected":	[{
				"socket":	5,
				"local_host":	"10.0.0.11",
				"local_port":	1511,
				"remote_host":	"10.0.0.4",
				"remote_port":	38742
			}],
		"version":	"iperf 3.0.7",
		"system_info":	"Linux MECS4 5.4.197-0504197-generic #202206060747 SMP Mon Jun 6 09:27:47 UTC 2022 x86_64 x86_64 x86_64 GNU/Linux\n",
		"timestamp":	{
			"time":	"Mon, 25 Jul 2022 21:46:55 GMT",
			"timesecs":	1658785615
		},
		"accepted_connection":	{
			"host":	"10.0.0.4",
			"port":	38740
		},
		"cookie":	"BS4.1658785615.798501.0c9abcc01661e3",
		"tcp_mss_default":	1448,
		"test_start":	{
			"protocol":	"TCP",
			"num_streams":	1,
			"blksize":	131072,
			"omit":	0,
			"duration":	36,
			"bytes":	0,
			"blocks":	0,
			"reverse":	0
		}
	},
	"intervals":	[{
			"streams":	[{
					"socket":	5,
					"start":	0,
					"end":	1.00042,
					"seconds":	1.00042,
					"bytes":	11482904,
					"bits_per_second":	9.18249e+07,
					"omitted":	false
				}],
			"sum":	{
				"start":	0,
				"end":	1.00042,
				"seconds":	1.00042,
				"bytes":	11482904,
				"bits_per_second":	9.18249e+07,
				"omitted":	false
			}
		}, {
			"streams":	[{
					"socket":	5,
					"start":	1.00042,
					"end":	2.00009,
					"seconds":	0.999677,
					"bytes":	12320768,
					"bits_per_second":	9.8598e+07,
					"omitted":	false
				}],
			"sum":	{
				"start":	1.00042,
				"end":	2.00009,
				"seconds":	0.999677,
				"bytes":	12320768,
				"bits_per_second":	9.8598e+07,
				"omitted":	false
			}
		}, {
			"streams":	[{
					"socket":	5,
					"start":	2.00009,
					"end":	3.00279,
					"seconds":	1.0027,
					"bytes":	12582912,
					"bits_per_second":	1.00393e+08,
					"omitted":	false
				}],
			"sum":	{
				"start":	2.00009,
				"end":	3.00279,
				"seconds":	1.0027,
				"bytes":	12582912,
				"bits_per_second":	1.00393e+08,
				"omitted":	false
			}
		}, {
			"streams":	[{
					"socket":	5,
					"start":	3.00279,
					"end":	4.00152,
					"seconds":	0.998726,
					"bytes":	12451840,
					"bits_per_second":	9.97418e+07,
					"omitted":	false
				}],
			"sum":	{
				"start":	3.00279,
				"end":	4.00152,
				"seconds":	0.998726,
				"bytes":	12451840,
				"bits_per_second":	9.97418e+07,
				"omitted":	false
			}
		}, {
			"streams":	[{
					"socket":	5,
					"start":	4.00152,
					"end":	5.00717,
					"seconds":	1.00565,
					"bytes":	12470664,
					"bits_per_second":	9.92048e+07,
					"omitted":	false
				}],
			"sum":	{
				"start":	4.00152,
				"end":	5.00717,
				"seconds":	1.00565,
				"bytes":	12470664,
				"bits_per_second":	9.92048e+07,
				"omitted":	false
			}
		}, {
			"streams":	[{
					"socket":	5,
					"start":	5.00717,
					"end":	6.00018,
					"seconds":	0.993017,
					"bytes":	12564088,
					"bits_per_second":	1.01219e+08,
					"omitted":	false
				}],
			"sum":	{
				"start":	5.00717,
				"end":	6.00018,
				"seconds":	0.993017,
				"bytes":	12564088,
				"bits_per_second":	1.01219e+08,
				"omitted":	false
			}
		}, {
			"streams":	[{
					"socket":	5,
					"start":	6.00018,
					"end":	7.00065,
					"seconds":	1.00047,
					"bytes":	12582912,
					"bits_per_second":	1.00616e+08,
					"omitted":	false
				}],
			"sum":	{
				"start":	6.00018,
				"end":	7.00065,
				"seconds":	1.00047,
				"bytes":	12582912,
				"bits_per_second":	1.00616e+08,
				"omitted":	false
			}
		}, {
			"streams":	[{
					"socket":	5,
					"start":	7.00065,
					"end":	8.00106,
					"seconds":	1.00041,
					"bytes":	12320768,
					"bits_per_second":	9.8526e+07,
					"omitted":	false
				}],
			"sum":	{
				"start":	7.00065,
				"end":	8.00106,
				"seconds":	1.00041,
				"bytes":	12320768,
				"bits_per_second":	9.8526e+07,
				"omitted":	false
			}
		}, {
			"streams":	[{
					"socket":	5,
					"start":	8.00106,
					"end":	9.00046,
					"seconds":	0.9994,
					"bytes":	12023480,
					"bits_per_second":	9.62456e+07,
					"omitted":	false
				}],
			"sum":	{
				"start":	8.00106,
				"end":	9.00046,
				"seconds":	0.9994,
				"bytes":	12023480,
				"bits_per_second":	9.62456e+07,
				"omitted":	false
			}
		}, {
			"streams":	[{
					"socket":	5,
					"start":	9.00046,
					"end":	10.0001,
					"seconds":	0.999618,
					"bytes":	11702584,
					"bits_per_second":	9.36564e+07,
					"omitted":	false
				}],
			"sum":	{
				"start":	9.00046,
				"end":	10.0001,
				"seconds":	0.999618,
				"bytes":	11702584,
				"bits_per_second":	9.36564e+07,
				"omitted":	false
			}
		}, {
			"streams":	[{
					"socket":	5,
					"start":	10.0001,
					"end":	11.008,
					"seconds":	1.00795,
					"bytes":	10796320,
					"bits_per_second":	8.56894e+07,
					"omitted":	false
				}],
			"sum":	{
				"start":	10.0001,
				"end":	11.008,
				"seconds":	1.00795,
				"bytes":	10796320,
				"bits_per_second":	8.56894e+07,
				"omitted":	false
			}
		}, {
			"streams":	[{
					"socket":	5,
					"start":	11.008,
					"end":	12.0022,
					"seconds":	0.994173,
					"bytes":	9164392,
					"bits_per_second":	7.37448e+07,
					"omitted":	false
				}],
			"sum":	{
				"start":	11.008,
				"end":	12.0022,
				"seconds":	0.994173,
				"bytes":	9164392,
				"bits_per_second":	7.37448e+07,
				"omitted":	false
			}
		}, {
			"streams":	[{
					"socket":	5,
					"start":	12.0022,
					"end":	13.0001,
					"seconds":	0.997931,
					"bytes":	11508704,
					"bits_per_second":	9.22605e+07,
					"omitted":	false
				}],
			"sum":	{
				"start":	12.0022,
				"end":	13.0001,
				"seconds":	0.997931,
				"bytes":	11508704,
				"bits_per_second":	9.22605e+07,
				"omitted":	false
			}
		}, {
			"streams":	[{
					"socket":	5,
					"start":	13.0001,
					"end":	14.0009,
					"seconds":	1.0008,
					"bytes":	10085320,
					"bits_per_second":	8.06182e+07,
					"omitted":	false
				}],
			"sum":	{
				"start":	13.0001,
				"end":	14.0009,
				"seconds":	1.0008,
				"bytes":	10085320,
				"bits_per_second":	8.06182e+07,
				"omitted":	false
			}
		}, {
			"streams":	[{
					"socket":	5,
					"start":	14.0009,
					"end":	15.0097,
					"seconds":	1.00878,
					"bytes":	13396200,
					"bits_per_second":	1.06237e+08,
					"omitted":	false
				}],
			"sum":	{
				"start":	14.0009,
				"end":	15.0097,
				"seconds":	1.00878,
				"bytes":	13396200,
				"bits_per_second":	1.06237e+08,
				"omitted":	false
			}
		}, {
			"streams":	[{
					"socket":	5,
					"start":	15.0097,
					"end":	16.0019,
					"seconds":	0.992216,
					"bytes":	12071224,
					"bits_per_second":	9.73274e+07,
					"omitted":	false
				}],
			"sum":	{
				"start":	15.0097,
				"end":	16.0019,
				"seconds":	0.992216,
				"bytes":	12071224,
				"bits_per_second":	9.73274e+07,
				"omitted":	false
			}
		}, {
			"streams":	[{
					"socket":	5,
					"start":	16.0019,
					"end":	17.0036,
					"seconds":	1.00168,
					"bytes":	16161472,
					"bits_per_second":	1.29075e+08,
					"omitted":	false
				}],
			"sum":	{
				"start":	16.0019,
				"end":	17.0036,
				"seconds":	1.00168,
				"bytes":	16161472,
				"bits_per_second":	1.29075e+08,
				"omitted":	false
			}
		}, {
			"streams":	[{
					"socket":	5,
					"start":	17.0036,
					"end":	18.0004,
					"seconds":	0.99683,
					"bytes":	11901280,
					"bits_per_second":	9.5513e+07,
					"omitted":	false
				}],
			"sum":	{
				"start":	17.0036,
				"end":	18.0004,
				"seconds":	0.99683,
				"bytes":	11901280,
				"bits_per_second":	9.5513e+07,
				"omitted":	false
			}
		}, {
			"streams":	[{
					"socket":	5,
					"start":	18.0004,
					"end":	19.0022,
					"seconds":	1.00178,
					"bytes":	9113016,
					"bits_per_second":	7.27747e+07,
					"omitted":	false
				}],
			"sum":	{
				"start":	18.0004,
				"end":	19.0022,
				"seconds":	1.00178,
				"bytes":	9113016,
				"bits_per_second":	7.27747e+07,
				"omitted":	false
			}
		}, {
			"streams":	[{
					"socket":	5,
					"start":	19.0022,
					"end":	20.0124,
					"seconds":	1.01016,
					"bytes":	8689448,
					"bits_per_second":	6.88162e+07,
					"omitted":	false
				}],
			"sum":	{
				"start":	19.0022,
				"end":	20.0124,
				"seconds":	1.01016,
				"bytes":	8689448,
				"bits_per_second":	6.88162e+07,
				"omitted":	false
			}
		}, {
			"streams":	[{
					"socket":	5,
					"start":	20.0124,
					"end":	21.0005,
					"seconds":	0.988135,
					"bytes":	11454376,
					"bits_per_second":	9.27353e+07,
					"omitted":	false
				}],
			"sum":	{
				"start":	20.0124,
				"end":	21.0005,
				"seconds":	0.988135,
				"bytes":	11454376,
				"bits_per_second":	9.27353e+07,
				"omitted":	false
			}
		}, {
			"streams":	[{
					"socket":	5,
					"start":	21.0005,
					"end":	22.015,
					"seconds":	1.01445,
					"bytes":	11164832,
					"bits_per_second":	8.80464e+07,
					"omitted":	false
				}],
			"sum":	{
				"start":	21.0005,
				"end":	22.015,
				"seconds":	1.01445,
				"bytes":	11164832,
				"bits_per_second":	8.80464e+07,
				"omitted":	false
			}
		}, {
			"streams":	[{
					"socket":	5,
					"start":	22.015,
					"end":	23.0014,
					"seconds":	0.986458,
					"bytes":	21324696,
					"bits_per_second":	1.7294e+08,
					"omitted":	false
				}],
			"sum":	{
				"start":	22.015,
				"end":	23.0014,
				"seconds":	0.986458,
				"bytes":	21324696,
				"bits_per_second":	1.7294e+08,
				"omitted":	false
			}
		}, {
			"streams":	[{
					"socket":	5,
					"start":	23.0014,
					"end":	24.0031,
					"seconds":	1.00169,
					"bytes":	19589600,
					"bits_per_second":	1.56453e+08,
					"omitted":	false
				}],
			"sum":	{
				"start":	23.0014,
				"end":	24.0031,
				"seconds":	1.00169,
				"bytes":	19589600,
				"bits_per_second":	1.56453e+08,
				"omitted":	false
			}
		}, {
			"streams":	[{
					"socket":	5,
					"start":	24.0031,
					"end":	25.0058,
					"seconds":	1.00269,
					"bytes":	12451840,
					"bits_per_second":	9.93477e+07,
					"omitted":	false
				}],
			"sum":	{
				"start":	24.0031,
				"end":	25.0058,
				"seconds":	1.00269,
				"bytes":	12451840,
				"bits_per_second":	9.93477e+07,
				"omitted":	false
			}
		}, {
			"streams":	[{
					"socket":	5,
					"start":	25.0058,
					"end":	26.0014,
					"seconds":	0.995589,
					"bytes":	12582912,
					"bits_per_second":	1.01109e+08,
					"omitted":	false
				}],
			"sum":	{
				"start":	25.0058,
				"end":	26.0014,
				"seconds":	0.995589,
				"bytes":	12582912,
				"bits_per_second":	1.01109e+08,
				"omitted":	false
			}
		}, {
			"streams":	[{
					"socket":	5,
					"start":	26.0014,
					"end":	27.0003,
					"seconds":	0.998915,
					"bytes":	12320768,
					"bits_per_second":	9.86732e+07,
					"omitted":	false
				}],
			"sum":	{
				"start":	26.0014,
				"end":	27.0003,
				"seconds":	0.998915,
				"bytes":	12320768,
				"bits_per_second":	9.86732e+07,
				"omitted":	false
			}
		}, {
			"streams":	[{
					"socket":	5,
					"start":	27.0003,
					"end":	28.0011,
					"seconds":	1.00075,
					"bytes":	12713984,
					"bits_per_second":	1.01636e+08,
					"omitted":	false
				}],
			"sum":	{
				"start":	27.0003,
				"end":	28.0011,
				"seconds":	1.00075,
				"bytes":	12713984,
				"bits_per_second":	1.01636e+08,
				"omitted":	false
			}
		}, {
			"streams":	[{
					"socket":	5,
					"start":	28.0011,
					"end":	29.0005,
					"seconds":	0.999483,
					"bytes":	12320768,
					"bits_per_second":	9.86171e+07,
					"omitted":	false
				}],
			"sum":	{
				"start":	28.0011,
				"end":	29.0005,
				"seconds":	0.999483,
				"bytes":	12320768,
				"bits_per_second":	9.86171e+07,
				"omitted":	false
			}
		}, {
			"streams":	[{
					"socket":	5,
					"start":	29.0005,
					"end":	30.0001,
					"seconds":	0.999609,
					"bytes":	12451840,
					"bits_per_second":	9.96537e+07,
					"omitted":	false
				}],
			"sum":	{
				"start":	29.0005,
				"end":	30.0001,
				"seconds":	0.999609,
				"bytes":	12451840,
				"bits_per_second":	9.96537e+07,
				"omitted":	false
			}
		}, {
			"streams":	[{
					"socket":	5,
					"start":	30.0001,
					"end":	31.0014,
					"seconds":	1.00127,
					"bytes":	12845056,
					"bits_per_second":	1.0263e+08,
					"omitted":	false
				}],
			"sum":	{
				"start":	30.0001,
				"end":	31.0014,
				"seconds":	1.00127,
				"bytes":	12845056,
				"bits_per_second":	1.0263e+08,
				"omitted":	false
			}
		}, {
			"streams":	[{
					"socket":	5,
					"start":	31.0014,
					"end":	32.0068,
					"seconds":	1.00541,
					"bytes":	12320016,
					"bits_per_second":	9.80301e+07,
					"omitted":	false
				}],
			"sum":	{
				"start":	31.0014,
				"end":	32.0068,
				"seconds":	1.00541,
				"bytes":	12320016,
				"bits_per_second":	9.80301e+07,
				"omitted":	false
			}
		}, {
			"streams":	[{
					"socket":	5,
					"start":	32.0068,
					"end":	33.0002,
					"seconds":	0.99338,
					"bytes":	12452592,
					"bits_per_second":	1.00285e+08,
					"omitted":	false
				}],
			"sum":	{
				"start":	32.0068,
				"end":	33.0002,
				"seconds":	0.99338,
				"bytes":	12452592,
				"bits_per_second":	1.00285e+08,
				"omitted":	false
			}
		}, {
			"streams":	[{
					"socket":	5,
					"start":	33.0002,
					"end":	34.0011,
					"seconds":	1.00092,
					"bytes":	12451840,
					"bits_per_second":	9.95231e+07,
					"omitted":	false
				}],
			"sum":	{
				"start":	33.0002,
				"end":	34.0011,
				"seconds":	1.00092,
				"bytes":	12451840,
				"bits_per_second":	9.95231e+07,
				"omitted":	false
			}
		}, {
			"streams":	[{
					"socket":	5,
					"start":	34.0011,
					"end":	35.0006,
					"seconds":	0.999494,
					"bytes":	12451840,
					"bits_per_second":	9.96651e+07,
					"omitted":	false
				}],
			"sum":	{
				"start":	34.0011,
				"end":	35.0006,
				"seconds":	0.999494,
				"bytes":	12451840,
				"bits_per_second":	9.96651e+07,
				"omitted":	false
			}
		}, {
			"streams":	[{
					"socket":	5,
					"start":	35.0006,
					"end":	36.0022,
					"seconds":	1.0016,
					"bytes":	12582912,
					"bits_per_second":	1.00502e+08,
					"omitted":	false
				}],
			"sum":	{
				"start":	35.0006,
				"end":	36.0022,
				"seconds":	1.0016,
				"bytes":	12582912,
				"bits_per_second":	1.00502e+08,
				"omitted":	false
			}
		}, {
			"streams":	[{
					"socket":	5,
					"start":	36.0022,
					"end":	36.0059,
					"seconds":	0.00365591,
					"bytes":	0,
					"bits_per_second":	0,
					"omitted":	false
				}],
			"sum":	{
				"start":	36.0022,
				"end":	36.0059,
				"seconds":	0.00365591,
				"bytes":	0,
				"bits_per_second":	0,
				"omitted":	false
			}
		}],
	"end":	{
		"streams":	[{
				"sender":	{
					"socket":	5,
					"start":	0,
					"end":	36.0059,
					"seconds":	36.0059,
					"bytes":	448870168,
					"bits_per_second":	9.97327e+07,
					"retransmits":	264
				},
				"receiver":	{
					"socket":	5,
					"start":	0,
					"end":	36.0059,
					"seconds":	36.0059,
					"bytes":	448870168,
					"bits_per_second":	9.97327e+07
				}
			}],
		"sum_sent":	{
			"start":	0,
			"end":	36.0059,
			"seconds":	36.0059,
			"bytes":	448870168,
			"bits_per_second":	9.97327e+07,
			"retransmits":	264
		},
		"sum_received":	{
			"start":	0,
			"end":	36.0059,
			"seconds":	36.0059,
			"bytes":	448870168,
			"bits_per_second":	9.97327e+07
		},
		"cpu_utilization_percent":	{
			"host_total":	5.05546,
			"host_user":	0.242994,
			"host_system":	4.81248,
			"remote_total":	3.83093,
			"remote_user":	0.0863697,
			"remote_system":	3.74456
		}
	}
}
