{
	"start":	{
		"connected":	[{
				"socket":	5,
				"local_host":	"10.0.0.13",
				"local_port":	3418,
				"remote_host":	"10.0.0.1",
				"remote_port":	58266
			}],
		"version":	"iperf 3.0.7",
		"system_info":	"Linux MECS6 5.4.197-0504197-generic #202206060747 SMP Mon Jun 6 09:27:47 UTC 2022 x86_64 x86_64 x86_64 GNU/Linux\n",
		"timestamp":	{
			"time":	"Mon, 25 Jul 2022 21:42:06 GMT",
			"timesecs":	1658785326
		},
		"accepted_connection":	{
			"host":	"10.0.0.1",
			"port":	58264
		},
		"cookie":	"BS1.1658785325.931474.1ee719b91904ad",
		"tcp_mss_default":	1448,
		"test_start":	{
			"protocol":	"TCP",
			"num_streams":	1,
			"blksize":	131072,
			"omit":	0,
			"duration":	42,
			"bytes":	0,
			"blocks":	0,
			"reverse":	0
		}
	},
	"intervals":	[{
			"streams":	[{
					"socket":	5,
					"start":	0,
					"end":	1.00023,
					"seconds":	1.00023,
					"bytes":	2829952,
					"bits_per_second":	2.26345e+07,
					"omitted":	false
				}],
			"sum":	{
				"start":	0,
				"end":	1.00023,
				"seconds":	1.00023,
				"bytes":	2829952,
				"bits_per_second":	2.26345e+07,
				"omitted":	false
			}
		}, {
			"streams":	[{
					"socket":	5,
					"start":	1.00023,
					"end":	2.00044,
					"seconds":	1.00022,
					"bytes":	3145728,
					"bits_per_second":	2.51603e+07,
					"omitted":	false
				}],
			"sum":	{
				"start":	1.00023,
				"end":	2.00044,
				"seconds":	1.00022,
				"bytes":	3145728,
				"bits_per_second":	2.51603e+07,
				"omitted":	false
			}
		}, {
			"streams":	[{
					"socket":	5,
					"start":	2.00044,
					"end":	3.00056,
					"seconds":	1.00011,
					"bytes":	3145728,
					"bits_per_second":	2.5163e+07,
					"omitted":	false
				}],
			"sum":	{
				"start":	2.00044,
				"end":	3.00056,
				"seconds":	1.00011,
				"bytes":	3145728,
				"bits_per_second":	2.5163e+07,
				"omitted":	false
			}
		}, {
			"streams":	[{
					"socket":	5,
					"start":	3.00056,
					"end":	4.00022,
					"seconds":	0.999665,
					"bytes":	3145728,
					"bits_per_second":	2.51743e+07,
					"omitted":	false
				}],
			"sum":	{
				"start":	3.00056,
				"end":	4.00022,
				"seconds":	0.999665,
				"bytes":	3145728,
				"bits_per_second":	2.51743e+07,
				"omitted":	false
			}
		}, {
			"streams":	[{
					"socket":	5,
					"start":	4.00022,
					"end":	5.00052,
					"seconds":	1.0003,
					"bytes":	3145728,
					"bits_per_second":	2.51583e+07,
					"omitted":	false
				}],
			"sum":	{
				"start":	4.00022,
				"end":	5.00052,
				"seconds":	1.0003,
				"bytes":	3145728,
				"bits_per_second":	2.51583e+07,
				"omitted":	false
			}
		}, {
			"streams":	[{
					"socket":	5,
					"start":	5.00052,
					"end":	6.0001,
					"seconds":	0.999575,
					"bytes":	3145728,
					"bits_per_second":	2.51765e+07,
					"omitted":	false
				}],
			"sum":	{
				"start":	5.00052,
				"end":	6.0001,
				"seconds":	0.999575,
				"bytes":	3145728,
				"bits_per_second":	2.51765e+07,
				"omitted":	false
			}
		}, {
			"streams":	[{
					"socket":	5,
					"start":	6.0001,
					"end":	7.00031,
					"seconds":	1.00021,
					"bytes":	3014656,
					"bits_per_second":	2.41121e+07,
					"omitted":	false
				}],
			"sum":	{
				"start":	6.0001,
				"end":	7.00031,
				"seconds":	1.00021,
				"bytes":	3014656,
				"bits_per_second":	2.41121e+07,
				"omitted":	false
			}
		}, {
			"streams":	[{
					"socket":	5,
					"start":	7.00031,
					"end":	8.00048,
					"seconds":	1.00017,
					"bytes":	3145728,
					"bits_per_second":	2.51615e+07,
					"omitted":	false
				}],
			"sum":	{
				"start":	7.00031,
				"end":	8.00048,
				"seconds":	1.00017,
				"bytes":	3145728,
				"bits_per_second":	2.51615e+07,
				"omitted":	false
			}
		}, {
			"streams":	[{
					"socket":	5,
					"start":	8.00048,
					"end":	9.00061,
					"seconds":	1.00013,
					"bytes":	3145728,
					"bits_per_second":	2.51625e+07,
					"omitted":	false
				}],
			"sum":	{
				"start":	8.00048,
				"end":	9.00061,
				"seconds":	1.00013,
				"bytes":	3145728,
				"bits_per_second":	2.51625e+07,
				"omitted":	false
			}
		}, {
			"streams":	[{
					"socket":	5,
					"start":	9.00061,
					"end":	10.0005,
					"seconds":	0.999858,
					"bytes":	3145728,
					"bits_per_second":	2.51694e+07,
					"omitted":	false
				}],
			"sum":	{
				"start":	9.00061,
				"end":	10.0005,
				"seconds":	0.999858,
				"bytes":	3145728,
				"bits_per_second":	2.51694e+07,
				"omitted":	false
			}
		}, {
			"streams":	[{
					"socket":	5,
					"start":	10.0005,
					"end":	11.0005,
					"seconds":	1.00002,
					"bytes":	3145728,
					"bits_per_second":	2.51653e+07,
					"omitted":	false
				}],
			"sum":	{
				"start":	10.0005,
				"end":	11.0005,
				"seconds":	1.00002,
				"bytes":	3145728,
				"bits_per_second":	2.51653e+07,
				"omitted":	false
			}
		}, {
			"streams":	[{
					"socket":	5,
					"start":	11.0005,
					"end":	12.0007,
					"seconds":	1.00018,
					"bytes":	3145728,
					"bits_per_second":	2.51613e+07,
					"omitted":	false
				}],
			"sum":	{
				"start":	11.0005,
				"end":	12.0007,
				"seconds":	1.00018,
				"bytes":	3145728,
				"bits_per_second":	2.51613e+07,
				"omitted":	false
			}
		}, {
			"streams":	[{
					"socket":	5,
					"start":	12.0007,
					"end":	13.0005,
					"seconds":	0.999843,
					"bytes":	3014656,
					"bits_per_second":	2.4121e+07,
					"omitted":	false
				}],
			"sum":	{
				"start":	12.0007,
				"end":	13.0005,
				"seconds":	0.999843,
				"bytes":	3014656,
				"bits_per_second":	2.4121e+07,
				"omitted":	false
			}
		}, {
			"streams":	[{
					"socket":	5,
					"start":	13.0005,
					"end":	14.0003,
					"seconds":	0.99974,
					"bytes":	3145728,
					"bits_per_second":	2.51724e+07,
					"omitted":	false
				}],
			"sum":	{
				"start":	13.0005,
				"end":	14.0003,
				"seconds":	0.99974,
				"bytes":	3145728,
				"bits_per_second":	2.51724e+07,
				"omitted":	false
			}
		}, {
			"streams":	[{
					"socket":	5,
					"start":	14.0003,
					"end":	15.0008,
					"seconds":	1.00051,
					"bytes":	3144976,
					"bits_per_second":	2.51471e+07,
					"omitted":	false
				}],
			"sum":	{
				"start":	14.0003,
				"end":	15.0008,
				"seconds":	1.00051,
				"bytes":	3144976,
				"bits_per_second":	2.51471e+07,
				"omitted":	false
			}
		}, {
			"streams":	[{
					"socket":	5,
					"start":	15.0008,
					"end":	16.0002,
					"seconds":	0.999492,
					"bytes":	3146480,
					"bits_per_second":	2.51846e+07,
					"omitted":	false
				}],
			"sum":	{
				"start":	15.0008,
				"end":	16.0002,
				"seconds":	0.999492,
				"bytes":	3146480,
				"bits_per_second":	2.51846e+07,
				"omitted":	false
			}
		}, {
			"streams":	[{
					"socket":	5,
					"start":	16.0002,
					"end":	17.0002,
					"seconds":	0.999954,
					"bytes":	3123952,
					"bits_per_second":	2.49928e+07,
					"omitted":	false
				}],
			"sum":	{
				"start":	16.0002,
				"end":	17.0002,
				"seconds":	0.999954,
				"bytes":	3123952,
				"bits_per_second":	2.49928e+07,
				"omitted":	false
			}
		}, {
			"streams":	[{
					"socket":	5,
					"start":	17.0002,
					"end":	18.0005,
					"seconds":	1.0003,
					"bytes":	3167504,
					"bits_per_second":	2.53324e+07,
					"omitted":	false
				}],
			"sum":	{
				"start":	17.0002,
				"end":	18.0005,
				"seconds":	1.0003,
				"bytes":	3167504,
				"bits_per_second":	2.53324e+07,
				"omitted":	false
			}
		}, {
			"streams":	[{
					"socket":	5,
					"start":	18.0005,
					"end":	19.0002,
					"seconds":	0.999689,
					"bytes":	3145728,
					"bits_per_second":	2.51737e+07,
					"omitted":	false
				}],
			"sum":	{
				"start":	18.0005,
				"end":	19.0002,
				"seconds":	0.999689,
				"bytes":	3145728,
				"bits_per_second":	2.51737e+07,
				"omitted":	false
			}
		}, {
			"streams":	[{
					"socket":	5,
					"start":	19.0002,
					"end":	20.0003,
					"seconds":	1.0001,
					"bytes":	3014656,
					"bits_per_second":	2.41148e+07,
					"omitted":	false
				}],
			"sum":	{
				"start":	19.0002,
				"end":	20.0003,
				"seconds":	1.0001,
				"bytes":	3014656,
				"bits_per_second":	2.41148e+07,
				"omitted":	false
			}
		}, {
			"streams":	[{
					"socket":	5,
					"start":	20.0003,
					"end":	21.0006,
					"seconds":	1.00027,
					"bytes":	3145728,
					"bits_per_second":	2.5159e+07,
					"omitted":	false
				}],
			"sum":	{
				"start":	20.0003,
				"end":	21.0006,
				"seconds":	1.00027,
				"bytes":	3145728,
				"bits_per_second":	2.5159e+07,
				"omitted":	false
			}
		}, {
			"streams":	[{
					"socket":	5,
					"start":	21.0006,
					"end":	22.0004,
					"seconds":	0.999794,
					"bytes":	3144976,
					"bits_per_second":	2.5165e+07,
					"omitted":	false
				}],
			"sum":	{
				"start":	21.0006,
				"end":	22.0004,
				"seconds":	0.999794,
				"bytes":	3144976,
				"bits_per_second":	2.5165e+07,
				"omitted":	false
			}
		}, {
			"streams":	[{
					"socket":	5,
					"start":	22.0004,
					"end":	23.0001,
					"seconds":	0.999739,
					"bytes":	3036376,
					"bits_per_second":	2.42974e+07,
					"omitted":	false
				}],
			"sum":	{
				"start":	22.0004,
				"end":	23.0001,
				"seconds":	0.999739,
				"bytes":	3036376,
				"bits_per_second":	2.42974e+07,
				"omitted":	false
			}
		}, {
			"streams":	[{
					"socket":	5,
					"start":	23.0001,
					"end":	24.0002,
					"seconds":	1.00006,
					"bytes":	3181928,
					"bits_per_second":	2.54538e+07,
					"omitted":	false
				}],
			"sum":	{
				"start":	23.0001,
				"end":	24.0002,
				"seconds":	1.00006,
				"bytes":	3181928,
				"bits_per_second":	2.54538e+07,
				"omitted":	false
			}
		}, {
			"streams":	[{
					"socket":	5,
					"start":	24.0002,
					"end":	25.0005,
					"seconds":	1.00031,
					"bytes":	3219576,
					"bits_per_second":	2.57487e+07,
					"omitted":	false
				}],
			"sum":	{
				"start":	24.0002,
				"end":	25.0005,
				"seconds":	1.00031,
				"bytes":	3219576,
				"bits_per_second":	2.57487e+07,
				"omitted":	false
			}
		}, {
			"streams":	[{
					"socket":	5,
					"start":	25.0005,
					"end":	26.0001,
					"seconds":	0.999643,
					"bytes":	2923432,
					"bits_per_second":	2.33958e+07,
					"omitted":	false
				}],
			"sum":	{
				"start":	25.0005,
				"end":	26.0001,
				"seconds":	0.999643,
				"bytes":	2923432,
				"bits_per_second":	2.33958e+07,
				"omitted":	false
			}
		}, {
			"streams":	[{
					"socket":	5,
					"start":	26.0001,
					"end":	27.0004,
					"seconds":	1.00025,
					"bytes":	3237008,
					"bits_per_second":	2.58895e+07,
					"omitted":	false
				}],
			"sum":	{
				"start":	26.0001,
				"end":	27.0004,
				"seconds":	1.00025,
				"bytes":	3237008,
				"bits_per_second":	2.58895e+07,
				"omitted":	false
			}
		}, {
			"streams":	[{
					"socket":	5,
					"start":	27.0004,
					"end":	28.0001,
					"seconds":	0.999725,
					"bytes":	3145728,
					"bits_per_second":	2.51727e+07,
					"omitted":	false
				}],
			"sum":	{
				"start":	27.0004,
				"end":	28.0001,
				"seconds":	0.999725,
				"bytes":	3145728,
				"bits_per_second":	2.51727e+07,
				"omitted":	false
			}
		}, {
			"streams":	[{
					"socket":	5,
					"start":	28.0001,
					"end":	29.0004,
					"seconds":	1.00028,
					"bytes":	3144976,
					"bits_per_second":	2.51528e+07,
					"omitted":	false
				}],
			"sum":	{
				"start":	28.0001,
				"end":	29.0004,
				"seconds":	1.00028,
				"bytes":	3144976,
				"bits_per_second":	2.51528e+07,
				"omitted":	false
			}
		}, {
			"streams":	[{
					"socket":	5,
					"start":	29.0004,
					"end":	30.0008,
					"seconds":	1.00047,
					"bytes":	3146480,
					"bits_per_second":	2.516e+07,
					"omitted":	false
				}],
			"sum":	{
				"start":	29.0004,
				"end":	30.0008,
				"seconds":	1.00047,
				"bytes":	3146480,
				"bits_per_second":	2.516e+07,
				"omitted":	false
			}
		}, {
			"streams":	[{
					"socket":	5,
					"start":	30.0008,
					"end":	31.0004,
					"seconds":	0.999608,
					"bytes":	3145672,
					"bits_per_second":	2.51752e+07,
					"omitted":	false
				}],
			"sum":	{
				"start":	30.0008,
				"end":	31.0004,
				"seconds":	0.999608,
				"bytes":	3145672,
				"bits_per_second":	2.51752e+07,
				"omitted":	false
			}
		}, {
			"streams":	[{
					"socket":	5,
					"start":	31.0004,
					"end":	32.0001,
					"seconds":	0.999695,
					"bytes":	3013960,
					"bits_per_second":	2.4119e+07,
					"omitted":	false
				}],
			"sum":	{
				"start":	31.0004,
				"end":	32.0001,
				"seconds":	0.999695,
				"bytes":	3013960,
				"bits_per_second":	2.4119e+07,
				"omitted":	false
			}
		}, {
			"streams":	[{
					"socket":	5,
					"start":	32.0001,
					"end":	33.0002,
					"seconds":	1.00008,
					"bytes":	3145728,
					"bits_per_second":	2.51637e+07,
					"omitted":	false
				}],
			"sum":	{
				"start":	32.0001,
				"end":	33.0002,
				"seconds":	1.00008,
				"bytes":	3145728,
				"bits_per_second":	2.51637e+07,
				"omitted":	false
			}
		}, {
			"streams":	[{
					"socket":	5,
					"start":	33.0002,
					"end":	34.0002,
					"seconds":	0.999984,
					"bytes":	3145728,
					"bits_per_second":	2.51662e+07,
					"omitted":	false
				}],
			"sum":	{
				"start":	33.0002,
				"end":	34.0002,
				"seconds":	0.999984,
				"bytes":	3145728,
				"bits_per_second":	2.51662e+07,
				"omitted":	false
			}
		}, {
			"streams":	[{
					"socket":	5,
					"start":	34.0002,
					"end":	35.0009,
					"seconds":	1.00066,
					"bytes":	2884336,
					"bits_per_second":	2.30594e+07,
					"omitted":	false
				}],
			"sum":	{
				"start":	34.0002,
				"end":	35.0009,
				"seconds":	1.00066,
				"bytes":	2884336,
				"bits_per_second":	2.30594e+07,
				"omitted":	false
			}
		}, {
			"streams":	[{
					"socket":	5,
					"start":	35.0009,
					"end":	36.0007,
					"seconds":	0.999841,
					"bytes":	3014656,
					"bits_per_second":	2.41211e+07,
					"omitted":	false
				}],
			"sum":	{
				"start":	35.0009,
				"end":	36.0007,
				"seconds":	0.999841,
				"bytes":	3014656,
				"bits_per_second":	2.41211e+07,
				"omitted":	false
			}
		}, {
			"streams":	[{
					"socket":	5,
					"start":	36.0007,
					"end":	37.0004,
					"seconds":	0.999721,
					"bytes":	3145728,
					"bits_per_second":	2.51728e+07,
					"omitted":	false
				}],
			"sum":	{
				"start":	36.0007,
				"end":	37.0004,
				"seconds":	0.999721,
				"bytes":	3145728,
				"bits_per_second":	2.51728e+07,
				"omitted":	false
			}
		}, {
			"streams":	[{
					"socket":	5,
					"start":	37.0004,
					"end":	38.0033,
					"seconds":	1.00283,
					"bytes":	3145728,
					"bits_per_second":	2.50949e+07,
					"omitted":	false
				}],
			"sum":	{
				"start":	37.0004,
				"end":	38.0033,
				"seconds":	1.00283,
				"bytes":	3145728,
				"bits_per_second":	2.50949e+07,
				"omitted":	false
			}
		}, {
			"streams":	[{
					"socket":	5,
					"start":	38.0033,
					"end":	39.0019,
					"seconds":	0.998608,
					"bytes":	3145728,
					"bits_per_second":	2.52009e+07,
					"omitted":	false
				}],
			"sum":	{
				"start":	38.0033,
				"end":	39.0019,
				"seconds":	0.998608,
				"bytes":	3145728,
				"bits_per_second":	2.52009e+07,
				"omitted":	false
			}
		}, {
			"streams":	[{
					"socket":	5,
					"start":	39.0019,
					"end":	40.0006,
					"seconds":	0.998752,
					"bytes":	3145728,
					"bits_per_second":	2.51973e+07,
					"omitted":	false
				}],
			"sum":	{
				"start":	39.0019,
				"end":	40.0006,
				"seconds":	0.998752,
				"bytes":	3145728,
				"bits_per_second":	2.51973e+07,
				"omitted":	false
			}
		}, {
			"streams":	[{
					"socket":	5,
					"start":	40.0006,
					"end":	41.0002,
					"seconds":	0.999576,
					"bytes":	3020336,
					"bits_per_second":	2.41729e+07,
					"omitted":	false
				}],
			"sum":	{
				"start":	40.0006,
				"end":	41.0002,
				"seconds":	0.999576,
				"bytes":	3020336,
				"bits_per_second":	2.41729e+07,
				"omitted":	false
			}
		}, {
			"streams":	[{
					"socket":	5,
					"start":	41.0002,
					"end":	42.0008,
					"seconds":	1.00063,
					"bytes":	2630768,
					"bits_per_second":	2.10329e+07,
					"omitted":	false
				}],
			"sum":	{
				"start":	41.0002,
				"end":	42.0008,
				"seconds":	1.00063,
				"bytes":	2630768,
				"bits_per_second":	2.10329e+07,
				"omitted":	false
			}
		}, {
			"streams":	[{
					"socket":	5,
					"start":	42.0008,
					"end":	42.1224,
					"seconds":	0.121565,
					"bytes":	70952,
					"bits_per_second":	4.66924e+06,
					"omitted":	false
				}],
			"sum":	{
				"start":	42.0008,
				"end":	42.1224,
				"seconds":	0.121565,
				"bytes":	70952,
				"bits_per_second":	4.66924e+06,
				"omitted":	false
			}
		}],
	"end":	{
		"streams":	[{
				"sender":	{
					"socket":	5,
					"start":	0,
					"end":	42.1224,
					"seconds":	42.1224,
					"bytes":	131018368,
					"bits_per_second":	2.48834e+07,
					"retransmits":	56
				},
				"receiver":	{
					"socket":	5,
					"start":	0,
					"end":	42.1224,
					"seconds":	42.1224,
					"bytes":	130186824,
					"bits_per_second":	2.47254e+07
				}
			}],
		"sum_sent":	{
			"start":	0,
			"end":	42.1224,
			"seconds":	42.1224,
			"bytes":	131018368,
			"bits_per_second":	2.48834e+07,
			"retransmits":	56
		},
		"sum_received":	{
			"start":	0,
			"end":	42.1224,
			"seconds":	42.1224,
			"bytes":	130186824,
			"bits_per_second":	2.47254e+07
		},
		"cpu_utilization_percent":	{
			"host_total":	2.00288,
			"host_user":	0.1218,
			"host_system":	1.88089,
			"remote_total":	0.96737,
			"remote_user":	0.0410614,
			"remote_system":	0.926307
		}
	}
}
