{
	"start":	{
		"connected":	[{
				"socket":	5,
				"local_host":	"10.0.0.11",
				"local_port":	2004,
				"remote_host":	"10.0.0.2",
				"remote_port":	48762
			}],
		"version":	"iperf 3.0.7",
		"system_info":	"Linux MECS4 5.4.197-0504197-generic #202206060747 SMP Mon Jun 6 09:27:47 UTC 2022 x86_64 x86_64 x86_64 GNU/Linux\n",
		"timestamp":	{
			"time":	"Mon, 25 Jul 2022 21:47:30 GMT",
			"timesecs":	1658785650
		},
		"accepted_connection":	{
			"host":	"10.0.0.2",
			"port":	48760
		},
		"cookie":	"BS2.1658785650.625664.2017c9b42eef1a",
		"tcp_mss_default":	1448,
		"test_start":	{
			"protocol":	"TCP",
			"num_streams":	1,
			"blksize":	131072,
			"omit":	0,
			"duration":	19,
			"bytes":	0,
			"blocks":	0,
			"reverse":	0
		}
	},
	"intervals":	[{
			"streams":	[{
					"socket":	5,
					"start":	0,
					"end":	1.00041,
					"seconds":	1.00041,
					"bytes":	5757672,
					"bits_per_second":	4.60426e+07,
					"omitted":	false
				}],
			"sum":	{
				"start":	0,
				"end":	1.00041,
				"seconds":	1.00041,
				"bytes":	5757672,
				"bits_per_second":	4.60426e+07,
				"omitted":	false
			}
		}, {
			"streams":	[{
					"socket":	5,
					"start":	1.00041,
					"end":	2.00037,
					"seconds":	0.999959,
					"bytes":	6160384,
					"bits_per_second":	4.92851e+07,
					"omitted":	false
				}],
			"sum":	{
				"start":	1.00041,
				"end":	2.00037,
				"seconds":	0.999959,
				"bytes":	6160384,
				"bits_per_second":	4.92851e+07,
				"omitted":	false
			}
		}, {
			"streams":	[{
					"socket":	5,
					"start":	2.00037,
					"end":	3.00027,
					"seconds":	0.999903,
					"bytes":	6291456,
					"bits_per_second":	5.03365e+07,
					"omitted":	false
				}],
			"sum":	{
				"start":	2.00037,
				"end":	3.00027,
				"seconds":	0.999903,
				"bytes":	6291456,
				"bits_per_second":	5.03365e+07,
				"omitted":	false
			}
		}, {
			"streams":	[{
					"socket":	5,
					"start":	3.00027,
					"end":	4.00065,
					"seconds":	1.00039,
					"bytes":	6291456,
					"bits_per_second":	5.03122e+07,
					"omitted":	false
				}],
			"sum":	{
				"start":	3.00027,
				"end":	4.00065,
				"seconds":	1.00039,
				"bytes":	6291456,
				"bits_per_second":	5.03122e+07,
				"omitted":	false
			}
		}, {
			"streams":	[{
					"socket":	5,
					"start":	4.00065,
					"end":	5.00761,
					"seconds":	1.00696,
					"bytes":	6160384,
					"bits_per_second":	4.89426e+07,
					"omitted":	false
				}],
			"sum":	{
				"start":	4.00065,
				"end":	5.00761,
				"seconds":	1.00696,
				"bytes":	6160384,
				"bits_per_second":	4.89426e+07,
				"omitted":	false
			}
		}, {
			"streams":	[{
					"socket":	5,
					"start":	5.00761,
					"end":	6.00022,
					"seconds":	0.992608,
					"bytes":	6291456,
					"bits_per_second":	5.07065e+07,
					"omitted":	false
				}],
			"sum":	{
				"start":	5.00761,
				"end":	6.00022,
				"seconds":	0.992608,
				"bytes":	6291456,
				"bits_per_second":	5.07065e+07,
				"omitted":	false
			}
		}, {
			"streams":	[{
					"socket":	5,
					"start":	6.00022,
					"end":	7.00041,
					"seconds":	1.00019,
					"bytes":	6291456,
					"bits_per_second":	5.03221e+07,
					"omitted":	false
				}],
			"sum":	{
				"start":	6.00022,
				"end":	7.00041,
				"seconds":	1.00019,
				"bytes":	6291456,
				"bits_per_second":	5.03221e+07,
				"omitted":	false
			}
		}, {
			"streams":	[{
					"socket":	5,
					"start":	7.00041,
					"end":	8.00305,
					"seconds":	1.00265,
					"bytes":	6160384,
					"bits_per_second":	4.9153e+07,
					"omitted":	false
				}],
			"sum":	{
				"start":	7.00041,
				"end":	8.00305,
				"seconds":	1.00265,
				"bytes":	6160384,
				"bits_per_second":	4.9153e+07,
				"omitted":	false
			}
		}, {
			"streams":	[{
					"socket":	5,
					"start":	8.00305,
					"end":	9.0003,
					"seconds":	0.997247,
					"bytes":	6291456,
					"bits_per_second":	5.04706e+07,
					"omitted":	false
				}],
			"sum":	{
				"start":	8.00305,
				"end":	9.0003,
				"seconds":	0.997247,
				"bytes":	6291456,
				"bits_per_second":	5.04706e+07,
				"omitted":	false
			}
		}, {
			"streams":	[{
					"socket":	5,
					"start":	9.0003,
					"end":	10.0002,
					"seconds":	0.999918,
					"bytes":	6291456,
					"bits_per_second":	5.03358e+07,
					"omitted":	false
				}],
			"sum":	{
				"start":	9.0003,
				"end":	10.0002,
				"seconds":	0.999918,
				"bytes":	6291456,
				"bits_per_second":	5.03358e+07,
				"omitted":	false
			}
		}, {
			"streams":	[{
					"socket":	5,
					"start":	10.0002,
					"end":	11.0002,
					"seconds":	0.999933,
					"bytes":	6160384,
					"bits_per_second":	4.92864e+07,
					"omitted":	false
				}],
			"sum":	{
				"start":	10.0002,
				"end":	11.0002,
				"seconds":	0.999933,
				"bytes":	6160384,
				"bits_per_second":	4.92864e+07,
				"omitted":	false
			}
		}, {
			"streams":	[{
					"socket":	5,
					"start":	11.0002,
					"end":	12.0001,
					"seconds":	0.999987,
					"bytes":	6291456,
					"bits_per_second":	5.03323e+07,
					"omitted":	false
				}],
			"sum":	{
				"start":	11.0002,
				"end":	12.0001,
				"seconds":	0.999987,
				"bytes":	6291456,
				"bits_per_second":	5.03323e+07,
				"omitted":	false
			}
		}, {
			"streams":	[{
					"socket":	5,
					"start":	12.0001,
					"end":	13.0004,
					"seconds":	1.00025,
					"bytes":	6291456,
					"bits_per_second":	5.03189e+07,
					"omitted":	false
				}],
			"sum":	{
				"start":	12.0001,
				"end":	13.0004,
				"seconds":	1.00025,
				"bytes":	6291456,
				"bits_per_second":	5.03189e+07,
				"omitted":	false
			}
		}, {
			"streams":	[{
					"socket":	5,
					"start":	13.0004,
					"end":	14.0006,
					"seconds":	1.00016,
					"bytes":	6291456,
					"bits_per_second":	5.03236e+07,
					"omitted":	false
				}],
			"sum":	{
				"start":	13.0004,
				"end":	14.0006,
				"seconds":	1.00016,
				"bytes":	6291456,
				"bits_per_second":	5.03236e+07,
				"omitted":	false
			}
		}, {
			"streams":	[{
					"socket":	5,
					"start":	14.0006,
					"end":	15.0011,
					"seconds":	1.00059,
					"bytes":	6160384,
					"bits_per_second":	4.92538e+07,
					"omitted":	false
				}],
			"sum":	{
				"start":	14.0006,
				"end":	15.0011,
				"seconds":	1.00059,
				"bytes":	6160384,
				"bits_per_second":	4.92538e+07,
				"omitted":	false
			}
		}, {
			"streams":	[{
					"socket":	5,
					"start":	15.0011,
					"end":	16.0005,
					"seconds":	0.999315,
					"bytes":	6291456,
					"bits_per_second":	5.03661e+07,
					"omitted":	false
				}],
			"sum":	{
				"start":	15.0011,
				"end":	16.0005,
				"seconds":	0.999315,
				"bytes":	6291456,
				"bits_per_second":	5.03661e+07,
				"omitted":	false
			}
		}, {
			"streams":	[{
					"socket":	5,
					"start":	16.0005,
					"end":	17.001,
					"seconds":	1.00057,
					"bytes":	6160384,
					"bits_per_second":	4.92549e+07,
					"omitted":	false
				}],
			"sum":	{
				"start":	16.0005,
				"end":	17.001,
				"seconds":	1.00057,
				"bytes":	6160384,
				"bits_per_second":	4.92549e+07,
				"omitted":	false
			}
		}, {
			"streams":	[{
					"socket":	5,
					"start":	17.001,
					"end":	18.0007,
					"seconds":	0.999702,
					"bytes":	6291456,
					"bits_per_second":	5.03466e+07,
					"omitted":	false
				}],
			"sum":	{
				"start":	17.001,
				"end":	18.0007,
				"seconds":	0.999702,
				"bytes":	6291456,
				"bits_per_second":	5.03466e+07,
				"omitted":	false
			}
		}, {
			"streams":	[{
					"socket":	5,
					"start":	18.0007,
					"end":	19.0007,
					"seconds":	0.999973,
					"bytes":	6291456,
					"bits_per_second":	5.0333e+07,
					"omitted":	false
				}],
			"sum":	{
				"start":	18.0007,
				"end":	19.0007,
				"seconds":	0.999973,
				"bytes":	6291456,
				"bits_per_second":	5.0333e+07,
				"omitted":	false
			}
		}, {
			"streams":	[{
					"socket":	5,
					"start":	19.0007,
					"end":	19.04,
					"seconds":	0.0393071,
					"bytes":	0,
					"bits_per_second":	0,
					"omitted":	false
				}],
			"sum":	{
				"start":	19.0007,
				"end":	19.04,
				"seconds":	0.0393071,
				"bytes":	0,
				"bits_per_second":	0,
				"omitted":	false
			}
		}],
	"end":	{
		"streams":	[{
				"sender":	{
					"socket":	5,
					"start":	0,
					"end":	19.04,
					"seconds":	19.04,
					"bytes":	118217448,
					"bits_per_second":	4.96712e+07,
					"retransmits":	2
				},
				"receiver":	{
					"socket":	5,
					"start":	0,
					"end":	19.04,
					"seconds":	19.04,
					"bytes":	118217448,
					"bits_per_second":	4.96712e+07
				}
			}],
		"sum_sent":	{
			"start":	0,
			"end":	19.04,
			"seconds":	19.04,
			"bytes":	118217448,
			"bits_per_second":	4.96712e+07,
			"retransmits":	2
		},
		"sum_received":	{
			"start":	0,
			"end":	19.04,
			"seconds":	19.04,
			"bytes":	118217448,
			"bits_per_second":	4.96712e+07
		},
		"cpu_utilization_percent":	{
			"host_total":	4.22087,
			"host_user":	0.379841,
			"host_system":	3.84101,
			"remote_total":	1.65067,
			"remote_user":	0.153414,
			"remote_system":	1.49721
		}
	}
}
