{
	"start":	{
		"connected":	[{
				"socket":	5,
				"local_host":	"10.0.0.13",
				"local_port":	1706,
				"remote_host":	"10.0.0.6",
				"remote_port":	49292
			}],
		"version":	"iperf 3.0.7",
		"system_info":	"Linux MECS6 5.4.197-0504197-generic #202206060747 SMP Mon Jun 6 09:27:47 UTC 2022 x86_64 x86_64 x86_64 GNU/Linux\n",
		"timestamp":	{
			"time":	"Mon, 25 Jul 2022 21:49:47 GMT",
			"timesecs":	1658785787
		},
		"accepted_connection":	{
			"host":	"10.0.0.6",
			"port":	49290
		},
		"cookie":	"BS6.1658785787.886519.0a0d9eec65f333",
		"tcp_mss_default":	1448,
		"test_start":	{
			"protocol":	"TCP",
			"num_streams":	1,
			"blksize":	131072,
			"omit":	0,
			"duration":	17,
			"bytes":	0,
			"blocks":	0,
			"reverse":	0
		}
	},
	"intervals":	[{
			"streams":	[{
					"socket":	5,
					"start":	0,
					"end":	1.00034,
					"seconds":	1.00034,
					"bytes":	5715736,
					"bits_per_second":	4.57105e+07,
					"omitted":	false
				}],
			"sum":	{
				"start":	0,
				"end":	1.00034,
				"seconds":	1.00034,
				"bytes":	5715736,
				"bits_per_second":	4.57105e+07,
				"omitted":	false
			}
		}, {
			"streams":	[{
					"socket":	5,
					"start":	1.00034,
					"end":	2.00027,
					"seconds":	0.999933,
					"bytes":	6291456,
					"bits_per_second":	5.0335e+07,
					"omitted":	false
				}],
			"sum":	{
				"start":	1.00034,
				"end":	2.00027,
				"seconds":	0.999933,
				"bytes":	6291456,
				"bits_per_second":	5.0335e+07,
				"omitted":	false
			}
		}, {
			"streams":	[{
					"socket":	5,
					"start":	2.00027,
					"end":	3.00021,
					"seconds":	0.999945,
					"bytes":	6160384,
					"bits_per_second":	4.92858e+07,
					"omitted":	false
				}],
			"sum":	{
				"start":	2.00027,
				"end":	3.00021,
				"seconds":	0.999945,
				"bytes":	6160384,
				"bits_per_second":	4.92858e+07,
				"omitted":	false
			}
		}, {
			"streams":	[{
					"socket":	5,
					"start":	3.00021,
					"end":	4.00065,
					"seconds":	1.00043,
					"bytes":	6291456,
					"bits_per_second":	5.03099e+07,
					"omitted":	false
				}],
			"sum":	{
				"start":	3.00021,
				"end":	4.00065,
				"seconds":	1.00043,
				"bytes":	6291456,
				"bits_per_second":	5.03099e+07,
				"omitted":	false
			}
		}, {
			"streams":	[{
					"socket":	5,
					"start":	4.00065,
					"end":	5.00065,
					"seconds":	1,
					"bytes":	6291456,
					"bits_per_second":	5.03315e+07,
					"omitted":	false
				}],
			"sum":	{
				"start":	4.00065,
				"end":	5.00065,
				"seconds":	1,
				"bytes":	6291456,
				"bits_per_second":	5.03315e+07,
				"omitted":	false
			}
		}, {
			"streams":	[{
					"socket":	5,
					"start":	5.00065,
					"end":	6.00033,
					"seconds":	0.999683,
					"bytes":	6160384,
					"bits_per_second":	4.92987e+07,
					"omitted":	false
				}],
			"sum":	{
				"start":	5.00065,
				"end":	6.00033,
				"seconds":	0.999683,
				"bytes":	6160384,
				"bits_per_second":	4.92987e+07,
				"omitted":	false
			}
		}, {
			"streams":	[{
					"socket":	5,
					"start":	6.00033,
					"end":	7.00049,
					"seconds":	1.00015,
					"bytes":	6291456,
					"bits_per_second":	5.03238e+07,
					"omitted":	false
				}],
			"sum":	{
				"start":	6.00033,
				"end":	7.00049,
				"seconds":	1.00015,
				"bytes":	6291456,
				"bits_per_second":	5.03238e+07,
				"omitted":	false
			}
		}, {
			"streams":	[{
					"socket":	5,
					"start":	7.00049,
					"end":	8.00042,
					"seconds":	0.999934,
					"bytes":	6291456,
					"bits_per_second":	5.0335e+07,
					"omitted":	false
				}],
			"sum":	{
				"start":	7.00049,
				"end":	8.00042,
				"seconds":	0.999934,
				"bytes":	6291456,
				"bits_per_second":	5.0335e+07,
				"omitted":	false
			}
		}, {
			"streams":	[{
					"socket":	5,
					"start":	8.00042,
					"end":	9.00039,
					"seconds":	0.999964,
					"bytes":	6160384,
					"bits_per_second":	4.92848e+07,
					"omitted":	false
				}],
			"sum":	{
				"start":	8.00042,
				"end":	9.00039,
				"seconds":	0.999964,
				"bytes":	6160384,
				"bits_per_second":	4.92848e+07,
				"omitted":	false
			}
		}, {
			"streams":	[{
					"socket":	5,
					"start":	9.00039,
					"end":	10.0008,
					"seconds":	1.00042,
					"bytes":	6291456,
					"bits_per_second":	5.03106e+07,
					"omitted":	false
				}],
			"sum":	{
				"start":	9.00039,
				"end":	10.0008,
				"seconds":	1.00042,
				"bytes":	6291456,
				"bits_per_second":	5.03106e+07,
				"omitted":	false
			}
		}, {
			"streams":	[{
					"socket":	5,
					"start":	10.0008,
					"end":	11.0003,
					"seconds":	0.999483,
					"bytes":	6291456,
					"bits_per_second":	5.03577e+07,
					"omitted":	false
				}],
			"sum":	{
				"start":	10.0008,
				"end":	11.0003,
				"seconds":	0.999483,
				"bytes":	6291456,
				"bits_per_second":	5.03577e+07,
				"omitted":	false
			}
		}, {
			"streams":	[{
					"socket":	5,
					"start":	11.0003,
					"end":	12.0008,
					"seconds":	1.00049,
					"bytes":	6160384,
					"bits_per_second":	4.92588e+07,
					"omitted":	false
				}],
			"sum":	{
				"start":	11.0003,
				"end":	12.0008,
				"seconds":	1.00049,
				"bytes":	6160384,
				"bits_per_second":	4.92588e+07,
				"omitted":	false
			}
		}, {
			"streams":	[{
					"socket":	5,
					"start":	12.0008,
					"end":	13.0003,
					"seconds":	0.999502,
					"bytes":	6291456,
					"bits_per_second":	5.03567e+07,
					"omitted":	false
				}],
			"sum":	{
				"start":	12.0008,
				"end":	13.0003,
				"seconds":	0.999502,
				"bytes":	6291456,
				"bits_per_second":	5.03567e+07,
				"omitted":	false
			}
		}, {
			"streams":	[{
					"socket":	5,
					"start":	13.0003,
					"end":	14.0005,
					"seconds":	1.00022,
					"bytes":	6291456,
					"bits_per_second":	5.03208e+07,
					"omitted":	false
				}],
			"sum":	{
				"start":	13.0003,
				"end":	14.0005,
				"seconds":	1.00022,
				"bytes":	6291456,
				"bits_per_second":	5.03208e+07,
				"omitted":	false
			}
		}, {
			"streams":	[{
					"socket":	5,
					"start":	14.0005,
					"end":	15.0004,
					"seconds":	0.999878,
					"bytes":	6160384,
					"bits_per_second":	4.92891e+07,
					"omitted":	false
				}],
			"sum":	{
				"start":	14.0005,
				"end":	15.0004,
				"seconds":	0.999878,
				"bytes":	6160384,
				"bits_per_second":	4.92891e+07,
				"omitted":	false
			}
		}, {
			"streams":	[{
					"socket":	5,
					"start":	15.0004,
					"end":	16.0002,
					"seconds":	0.999813,
					"bytes":	6291456,
					"bits_per_second":	5.03411e+07,
					"omitted":	false
				}],
			"sum":	{
				"start":	15.0004,
				"end":	16.0002,
				"seconds":	0.999813,
				"bytes":	6291456,
				"bits_per_second":	5.03411e+07,
				"omitted":	false
			}
		}, {
			"streams":	[{
					"socket":	5,
					"start":	16.0002,
					"end":	17.0006,
					"seconds":	1.00041,
					"bytes":	6291456,
					"bits_per_second":	5.0311e+07,
					"omitted":	false
				}],
			"sum":	{
				"start":	16.0002,
				"end":	17.0006,
				"seconds":	1.00041,
				"bytes":	6291456,
				"bits_per_second":	5.0311e+07,
				"omitted":	false
			}
		}, {
			"streams":	[{
					"socket":	5,
					"start":	17.0006,
					"end":	17.0067,
					"seconds":	0.00607991,
					"bytes":	0,
					"bits_per_second":	0,
					"omitted":	false
				}],
			"sum":	{
				"start":	17.0006,
				"end":	17.0067,
				"seconds":	0.00607991,
				"bytes":	0,
				"bits_per_second":	0,
				"omitted":	false
			}
		}],
	"end":	{
		"streams":	[{
				"sender":	{
					"socket":	5,
					"start":	0,
					"end":	17.0067,
					"seconds":	17.0067,
					"bytes":	105723672,
					"bits_per_second":	4.97328e+07,
					"retransmits":	0
				},
				"receiver":	{
					"socket":	5,
					"start":	0,
					"end":	17.0067,
					"seconds":	17.0067,
					"bytes":	105723672,
					"bits_per_second":	4.97328e+07
				}
			}],
		"sum_sent":	{
			"start":	0,
			"end":	17.0067,
			"seconds":	17.0067,
			"bytes":	105723672,
			"bits_per_second":	4.97328e+07,
			"retransmits":	0
		},
		"sum_received":	{
			"start":	0,
			"end":	17.0067,
			"seconds":	17.0067,
			"bytes":	105723672,
			"bits_per_second":	4.97328e+07
		},
		"cpu_utilization_percent":	{
			"host_total":	1.0978,
			"host_user":	0.223929,
			"host_system":	0.873869,
			"remote_total":	0.584713,
			"remote_user":	0.047338,
			"remote_system":	0.537346
		}
	}
}
