{
	"start":	{
		"connected":	[{
				"socket":	5,
				"local_host":	"10.0.0.8",
				"local_port":	2705,
				"remote_host":	"10.0.0.5",
				"remote_port":	36172
			}],
		"version":	"iperf 3.0.7",
		"system_info":	"Linux H8 5.4.197-0504197-generic #202206060747 SMP Mon Jun 6 09:27:47 UTC 2022 x86_64 x86_64 x86_64 GNU/Linux\n",
		"timestamp":	{
			"time":	"Fri, 22 Jul 2022 16:30:52 GMT",
			"timesecs":	1658507452
		},
		"accepted_connection":	{
			"host":	"10.0.0.5",
			"port":	36170
		},
		"cookie":	"H5.1658507452.902092.18d7df4f4df1b61",
		"tcp_mss_default":	1448,
		"test_start":	{
			"protocol":	"TCP",
			"num_streams":	1,
			"blksize":	131072,
			"omit":	0,
			"duration":	5,
			"bytes":	0,
			"blocks":	0,
			"reverse":	0
		}
	},
	"intervals":	[{
			"streams":	[{
					"socket":	5,
					"start":	0,
					"end":	1.00014,
					"seconds":	1.00014,
					"bytes":	1690848,
					"bits_per_second":	1.35249e+07,
					"omitted":	false
				}],
			"sum":	{
				"start":	0,
				"end":	1.00014,
				"seconds":	1.00014,
				"bytes":	1690848,
				"bits_per_second":	1.35249e+07,
				"omitted":	false
			}
		}, {
			"streams":	[{
					"socket":	5,
					"start":	1.00014,
					"end":	2.0004,
					"seconds":	1.00027,
					"bytes":	1966080,
					"bits_per_second":	1.57244e+07,
					"omitted":	false
				}],
			"sum":	{
				"start":	1.00014,
				"end":	2.0004,
				"seconds":	1.00027,
				"bytes":	1966080,
				"bits_per_second":	1.57244e+07,
				"omitted":	false
			}
		}, {
			"streams":	[{
					"socket":	5,
					"start":	2.0004,
					"end":	3.00065,
					"seconds":	1.00025,
					"bytes":	1835008,
					"bits_per_second":	1.46764e+07,
					"omitted":	false
				}],
			"sum":	{
				"start":	2.0004,
				"end":	3.00065,
				"seconds":	1.00025,
				"bytes":	1835008,
				"bits_per_second":	1.46764e+07,
				"omitted":	false
			}
		}, {
			"streams":	[{
					"socket":	5,
					"start":	3.00065,
					"end":	4.00036,
					"seconds":	0.999711,
					"bytes":	1835008,
					"bits_per_second":	1.46843e+07,
					"omitted":	false
				}],
			"sum":	{
				"start":	3.00065,
				"end":	4.00036,
				"seconds":	0.999711,
				"bytes":	1835008,
				"bits_per_second":	1.46843e+07,
				"omitted":	false
			}
		}, {
			"streams":	[{
					"socket":	5,
					"start":	4.00036,
					"end":	5.00115,
					"seconds":	1.00079,
					"bytes":	1966080,
					"bits_per_second":	1.57163e+07,
					"omitted":	false
				}],
			"sum":	{
				"start":	4.00036,
				"end":	5.00115,
				"seconds":	1.00079,
				"bytes":	1966080,
				"bits_per_second":	1.57163e+07,
				"omitted":	false
			}
		}, {
			"streams":	[{
					"socket":	5,
					"start":	5.00115,
					"end":	5.00235,
					"seconds":	0.00120115,
					"bytes":	0,
					"bits_per_second":	0,
					"omitted":	false
				}],
			"sum":	{
				"start":	5.00115,
				"end":	5.00235,
				"seconds":	0.00120115,
				"bytes":	0,
				"bits_per_second":	0,
				"omitted":	false
			}
		}],
	"end":	{
		"streams":	[{
				"sender":	{
					"socket":	5,
					"start":	0,
					"end":	5.00235,
					"seconds":	5.00235,
					"bytes":	9293024,
					"bits_per_second":	1.48619e+07,
					"retransmits":	0
				},
				"receiver":	{
					"socket":	5,
					"start":	0,
					"end":	5.00235,
					"seconds":	5.00235,
					"bytes":	9293024,
					"bits_per_second":	1.48619e+07
				}
			}],
		"sum_sent":	{
			"start":	0,
			"end":	5.00235,
			"seconds":	5.00235,
			"bytes":	9293024,
			"bits_per_second":	1.48619e+07,
			"retransmits":	0
		},
		"sum_received":	{
			"start":	0,
			"end":	5.00235,
			"seconds":	5.00235,
			"bytes":	9293024,
			"bits_per_second":	1.48619e+07
		},
		"cpu_utilization_percent":	{
			"host_total":	1.14353,
			"host_user":	0.395291,
			"host_system":	0.748214,
			"remote_total":	0.326366,
			"remote_user":	0.256278,
			"remote_system":	0.0700883
		}
	}
}
{
	"start":	{
		"connected":	[],
		"version":	"iperf 3.0.7",
		"system_info":	"Linux H8 5.4.197-0504197-generic #202206060747 SMP Mon Jun 6 09:27:47 UTC 2022 x86_64 x86_64 x86_64 GNU/Linux\n"
	},
	"intervals":	[],
	"end":	{
	},
	"error":	"interrupt - the server has terminated"
}
