{
	"start":	{
		"connected":	[{
				"socket":	5,
				"local_host":	"10.0.0.12",
				"local_port":	1236,
				"remote_host":	"10.0.0.3",
				"remote_port":	49922
			}],
		"version":	"iperf 3.0.7",
		"system_info":	"Linux H12 5.4.197-0504197-generic #202206060747 SMP Mon Jun 6 09:27:47 UTC 2022 x86_64 x86_64 x86_64 GNU/Linux\n",
		"timestamp":	{
			"time":	"Fri, 22 Jul 2022 16:24:12 GMT",
			"timesecs":	1658507052
		},
		"accepted_connection":	{
			"host":	"10.0.0.3",
			"port":	49920
		},
		"cookie":	"H3.1658507052.820377.22ac400a6ad4da7",
		"tcp_mss_default":	1448,
		"test_start":	{
			"protocol":	"TCP",
			"num_streams":	1,
			"blksize":	131072,
			"omit":	0,
			"duration":	5,
			"bytes":	0,
			"blocks":	0,
			"reverse":	0
		}
	},
	"intervals":	[{
			"streams":	[{
					"socket":	5,
					"start":	0,
					"end":	1.00111,
					"seconds":	1.00111,
					"bytes":	1702432,
					"bits_per_second":	1.36043e+07,
					"omitted":	false
				}],
			"sum":	{
				"start":	0,
				"end":	1.00111,
				"seconds":	1.00111,
				"bytes":	1702432,
				"bits_per_second":	1.36043e+07,
				"omitted":	false
			}
		}, {
			"streams":	[{
					"socket":	5,
					"start":	1.00111,
					"end":	2.00019,
					"seconds":	0.999077,
					"bytes":	1966080,
					"bits_per_second":	1.57432e+07,
					"omitted":	false
				}],
			"sum":	{
				"start":	1.00111,
				"end":	2.00019,
				"seconds":	0.999077,
				"bytes":	1966080,
				"bits_per_second":	1.57432e+07,
				"omitted":	false
			}
		}, {
			"streams":	[{
					"socket":	5,
					"start":	2.00019,
					"end":	3.00137,
					"seconds":	1.00118,
					"bytes":	1835008,
					"bits_per_second":	1.46628e+07,
					"omitted":	false
				}],
			"sum":	{
				"start":	2.00019,
				"end":	3.00137,
				"seconds":	1.00118,
				"bytes":	1835008,
				"bits_per_second":	1.46628e+07,
				"omitted":	false
			}
		}, {
			"streams":	[{
					"socket":	5,
					"start":	3.00137,
					"end":	4.00085,
					"seconds":	0.999478,
					"bytes":	1874104,
					"bits_per_second":	1.50007e+07,
					"omitted":	false
				}],
			"sum":	{
				"start":	3.00137,
				"end":	4.00085,
				"seconds":	0.999478,
				"bytes":	1874104,
				"bits_per_second":	1.50007e+07,
				"omitted":	false
			}
		}, {
			"streams":	[{
					"socket":	5,
					"start":	4.00085,
					"end":	5.00101,
					"seconds":	1.00016,
					"bytes":	1926984,
					"bits_per_second":	1.54134e+07,
					"omitted":	false
				}],
			"sum":	{
				"start":	4.00085,
				"end":	5.00101,
				"seconds":	1.00016,
				"bytes":	1926984,
				"bits_per_second":	1.54134e+07,
				"omitted":	false
			}
		}, {
			"streams":	[{
					"socket":	5,
					"start":	5.00101,
					"end":	5.00129,
					"seconds":	0.000279903,
					"bytes":	0,
					"bits_per_second":	0,
					"omitted":	false
				}],
			"sum":	{
				"start":	5.00101,
				"end":	5.00129,
				"seconds":	0.000279903,
				"bytes":	0,
				"bits_per_second":	0,
				"omitted":	false
			}
		}],
	"end":	{
		"streams":	[{
				"sender":	{
					"socket":	5,
					"start":	0,
					"end":	5.00129,
					"seconds":	5.00129,
					"bytes":	9304608,
					"bits_per_second":	1.48835e+07,
					"retransmits":	0
				},
				"receiver":	{
					"socket":	5,
					"start":	0,
					"end":	5.00129,
					"seconds":	5.00129,
					"bytes":	9304608,
					"bits_per_second":	1.48835e+07
				}
			}],
		"sum_sent":	{
			"start":	0,
			"end":	5.00129,
			"seconds":	5.00129,
			"bytes":	9304608,
			"bits_per_second":	1.48835e+07,
			"retransmits":	0
		},
		"sum_received":	{
			"start":	0,
			"end":	5.00129,
			"seconds":	5.00129,
			"bytes":	9304608,
			"bits_per_second":	1.48835e+07
		},
		"cpu_utilization_percent":	{
			"host_total":	1.0257,
			"host_user":	0.493753,
			"host_system":	0.531944,
			"remote_total":	0.291328,
			"remote_user":	0,
			"remote_system":	0.291388
		}
	}
}
{
	"start":	{
		"connected":	[],
		"version":	"iperf 3.0.7",
		"system_info":	"Linux H12 5.4.197-0504197-generic #202206060747 SMP Mon Jun 6 09:27:47 UTC 2022 x86_64 x86_64 x86_64 GNU/Linux\n"
	},
	"intervals":	[],
	"end":	{
	},
	"error":	"interrupt - the server has terminated"
}
