{
	"start":	{
		"connected":	[{
				"socket":	5,
				"local_host":	"10.0.0.7",
				"local_port":	3297,
				"remote_host":	"10.0.0.1",
				"remote_port":	40998
			}],
		"version":	"iperf 3.0.7",
		"system_info":	"Linux H7 5.4.197-0504197-generic #202206060747 SMP Mon Jun 6 09:27:47 UTC 2022 x86_64 x86_64 x86_64 GNU/Linux\n",
		"timestamp":	{
			"time":	"Fri, 22 Jul 2022 09:32:28 GMT",
			"timesecs":	1658482348
		},
		"accepted_connection":	{
			"host":	"10.0.0.1",
			"port":	40996
		},
		"cookie":	"H1.1658482348.727071.47a1a15967ba113",
		"tcp_mss_default":	1448,
		"test_start":	{
			"protocol":	"TCP",
			"num_streams":	1,
			"blksize":	131072,
			"omit":	0,
			"duration":	5,
			"bytes":	0,
			"blocks":	0,
			"reverse":	0
		}
	},
	"intervals":	[{
			"streams":	[{
					"socket":	5,
					"start":	0,
					"end":	1.00071,
					"seconds":	1.00071,
					"bytes":	1689400,
					"bits_per_second":	1.35056e+07,
					"omitted":	false
				}],
			"sum":	{
				"start":	0,
				"end":	1.00071,
				"seconds":	1.00071,
				"bytes":	1689400,
				"bits_per_second":	1.35056e+07,
				"omitted":	false
			}
		}, {
			"streams":	[{
					"socket":	5,
					"start":	1.00071,
					"end":	2.00103,
					"seconds":	1.00032,
					"bytes":	1966080,
					"bits_per_second":	1.57236e+07,
					"omitted":	false
				}],
			"sum":	{
				"start":	1.00071,
				"end":	2.00103,
				"seconds":	1.00032,
				"bytes":	1966080,
				"bits_per_second":	1.57236e+07,
				"omitted":	false
			}
		}, {
			"streams":	[{
					"socket":	5,
					"start":	2.00103,
					"end":	3.00031,
					"seconds":	0.999276,
					"bytes":	1835008,
					"bits_per_second":	1.46907e+07,
					"omitted":	false
				}],
			"sum":	{
				"start":	2.00103,
				"end":	3.00031,
				"seconds":	0.999276,
				"bytes":	1835008,
				"bits_per_second":	1.46907e+07,
				"omitted":	false
			}
		}, {
			"streams":	[{
					"socket":	5,
					"start":	3.00031,
					"end":	4.00081,
					"seconds":	1.0005,
					"bytes":	1835008,
					"bits_per_second":	1.46727e+07,
					"omitted":	false
				}],
			"sum":	{
				"start":	3.00031,
				"end":	4.00081,
				"seconds":	1.0005,
				"bytes":	1835008,
				"bits_per_second":	1.46727e+07,
				"omitted":	false
			}
		}, {
			"streams":	[{
					"socket":	5,
					"start":	4.00081,
					"end":	5.00033,
					"seconds":	0.999523,
					"bytes":	1966080,
					"bits_per_second":	1.57361e+07,
					"omitted":	false
				}],
			"sum":	{
				"start":	4.00081,
				"end":	5.00033,
				"seconds":	0.999523,
				"bytes":	1966080,
				"bits_per_second":	1.57361e+07,
				"omitted":	false
			}
		}, {
			"streams":	[{
					"socket":	5,
					"start":	5.00033,
					"end":	5.00158,
					"seconds":	0.00125098,
					"bytes":	0,
					"bits_per_second":	0,
					"omitted":	false
				}],
			"sum":	{
				"start":	5.00033,
				"end":	5.00158,
				"seconds":	0.00125098,
				"bytes":	0,
				"bits_per_second":	0,
				"omitted":	false
			}
		}],
	"end":	{
		"streams":	[{
				"sender":	{
					"socket":	5,
					"start":	0,
					"end":	5.00158,
					"seconds":	5.00158,
					"bytes":	9291576,
					"bits_per_second":	1.48618e+07,
					"retransmits":	0
				},
				"receiver":	{
					"socket":	5,
					"start":	0,
					"end":	5.00158,
					"seconds":	5.00158,
					"bytes":	9291576,
					"bits_per_second":	1.48618e+07
				}
			}],
		"sum_sent":	{
			"start":	0,
			"end":	5.00158,
			"seconds":	5.00158,
			"bytes":	9291576,
			"bits_per_second":	1.48618e+07,
			"retransmits":	0
		},
		"sum_received":	{
			"start":	0,
			"end":	5.00158,
			"seconds":	5.00158,
			"bytes":	9291576,
			"bits_per_second":	1.48618e+07
		},
		"cpu_utilization_percent":	{
			"host_total":	1.26823,
			"host_user":	0.653972,
			"host_system":	0.614262,
			"remote_total":	0.491806,
			"remote_user":	0.224578,
			"remote_system":	0.267228
		}
	}
}
