{
	"start":	{
		"connected":	[{
				"socket":	5,
				"local_host":	"10.0.0.11",
				"local_port":	2585,
				"remote_host":	"10.0.0.4",
				"remote_port":	51552
			}],
		"version":	"iperf 3.0.7",
		"system_info":	"Linux MECS4 5.4.197-0504197-generic #202206060747 SMP Mon Jun 6 09:27:47 UTC 2022 x86_64 x86_64 x86_64 GNU/Linux\n",
		"timestamp":	{
			"time":	"Mon, 25 Jul 2022 21:42:45 GMT",
			"timesecs":	1658785365
		},
		"accepted_connection":	{
			"host":	"10.0.0.4",
			"port":	51550
		},
		"cookie":	"BS4.1658785365.443417.1ee719b91904ad",
		"tcp_mss_default":	1448,
		"test_start":	{
			"protocol":	"TCP",
			"num_streams":	1,
			"blksize":	131072,
			"omit":	0,
			"duration":	11,
			"bytes":	0,
			"blocks":	0,
			"reverse":	0
		}
	},
	"intervals":	[{
			"streams":	[{
					"socket":	5,
					"start":	0,
					"end":	1.00047,
					"seconds":	1.00047,
					"bytes":	5664888,
					"bits_per_second":	4.52976e+07,
					"omitted":	false
				}],
			"sum":	{
				"start":	0,
				"end":	1.00047,
				"seconds":	1.00047,
				"bytes":	5664888,
				"bits_per_second":	4.52976e+07,
				"omitted":	false
			}
		}, {
			"streams":	[{
					"socket":	5,
					"start":	1.00047,
					"end":	2.00422,
					"seconds":	1.00374,
					"bytes":	6291456,
					"bits_per_second":	5.0144e+07,
					"omitted":	false
				}],
			"sum":	{
				"start":	1.00047,
				"end":	2.00422,
				"seconds":	1.00374,
				"bytes":	6291456,
				"bits_per_second":	5.0144e+07,
				"omitted":	false
			}
		}, {
			"streams":	[{
					"socket":	5,
					"start":	2.00422,
					"end":	3.00046,
					"seconds":	0.996241,
					"bytes":	6291456,
					"bits_per_second":	5.05216e+07,
					"omitted":	false
				}],
			"sum":	{
				"start":	2.00422,
				"end":	3.00046,
				"seconds":	0.996241,
				"bytes":	6291456,
				"bits_per_second":	5.05216e+07,
				"omitted":	false
			}
		}, {
			"streams":	[{
					"socket":	5,
					"start":	3.00046,
					"end":	4.00043,
					"seconds":	0.999976,
					"bytes":	6160384,
					"bits_per_second":	4.92843e+07,
					"omitted":	false
				}],
			"sum":	{
				"start":	3.00046,
				"end":	4.00043,
				"seconds":	0.999976,
				"bytes":	6160384,
				"bits_per_second":	4.92843e+07,
				"omitted":	false
			}
		}, {
			"streams":	[{
					"socket":	5,
					"start":	4.00043,
					"end":	5.00012,
					"seconds":	0.999687,
					"bytes":	6291456,
					"bits_per_second":	5.03474e+07,
					"omitted":	false
				}],
			"sum":	{
				"start":	4.00043,
				"end":	5.00012,
				"seconds":	0.999687,
				"bytes":	6291456,
				"bits_per_second":	5.03474e+07,
				"omitted":	false
			}
		}, {
			"streams":	[{
					"socket":	5,
					"start":	5.00012,
					"end":	6.0004,
					"seconds":	1.00028,
					"bytes":	6291456,
					"bits_per_second":	5.03174e+07,
					"omitted":	false
				}],
			"sum":	{
				"start":	5.00012,
				"end":	6.0004,
				"seconds":	1.00028,
				"bytes":	6291456,
				"bits_per_second":	5.03174e+07,
				"omitted":	false
			}
		}, {
			"streams":	[{
					"socket":	5,
					"start":	6.0004,
					"end":	7.00025,
					"seconds":	0.999843,
					"bytes":	6160384,
					"bits_per_second":	4.92908e+07,
					"omitted":	false
				}],
			"sum":	{
				"start":	6.0004,
				"end":	7.00025,
				"seconds":	0.999843,
				"bytes":	6160384,
				"bits_per_second":	4.92908e+07,
				"omitted":	false
			}
		}, {
			"streams":	[{
					"socket":	5,
					"start":	7.00025,
					"end":	8.00023,
					"seconds":	0.999987,
					"bytes":	6291456,
					"bits_per_second":	5.03323e+07,
					"omitted":	false
				}],
			"sum":	{
				"start":	7.00025,
				"end":	8.00023,
				"seconds":	0.999987,
				"bytes":	6291456,
				"bits_per_second":	5.03323e+07,
				"omitted":	false
			}
		}, {
			"streams":	[{
					"socket":	5,
					"start":	8.00023,
					"end":	9.00018,
					"seconds":	0.999949,
					"bytes":	6291456,
					"bits_per_second":	5.03342e+07,
					"omitted":	false
				}],
			"sum":	{
				"start":	8.00023,
				"end":	9.00018,
				"seconds":	0.999949,
				"bytes":	6291456,
				"bits_per_second":	5.03342e+07,
				"omitted":	false
			}
		}, {
			"streams":	[{
					"socket":	5,
					"start":	9.00018,
					"end":	10.0002,
					"seconds":	1.00001,
					"bytes":	6160384,
					"bits_per_second":	4.92827e+07,
					"omitted":	false
				}],
			"sum":	{
				"start":	9.00018,
				"end":	10.0002,
				"seconds":	1.00001,
				"bytes":	6160384,
				"bits_per_second":	4.92827e+07,
				"omitted":	false
			}
		}, {
			"streams":	[{
					"socket":	5,
					"start":	10.0002,
					"end":	11.0006,
					"seconds":	1.00037,
					"bytes":	6291456,
					"bits_per_second":	5.03131e+07,
					"omitted":	false
				}],
			"sum":	{
				"start":	10.0002,
				"end":	11.0006,
				"seconds":	1.00037,
				"bytes":	6291456,
				"bits_per_second":	5.03131e+07,
				"omitted":	false
			}
		}, {
			"streams":	[{
					"socket":	5,
					"start":	11.0006,
					"end":	11.0057,
					"seconds":	0.00511813,
					"bytes":	0,
					"bits_per_second":	0,
					"omitted":	false
				}],
			"sum":	{
				"start":	11.0006,
				"end":	11.0057,
				"seconds":	0.00511813,
				"bytes":	0,
				"bits_per_second":	0,
				"omitted":	false
			}
		}],
	"end":	{
		"streams":	[{
				"sender":	{
					"socket":	5,
					"start":	0,
					"end":	11.0057,
					"seconds":	11.0057,
					"bytes":	68186232,
					"bits_per_second":	4.95644e+07,
					"retransmits":	3
				},
				"receiver":	{
					"socket":	5,
					"start":	0,
					"end":	11.0057,
					"seconds":	11.0057,
					"bytes":	68186232,
					"bits_per_second":	4.95644e+07
				}
			}],
		"sum_sent":	{
			"start":	0,
			"end":	11.0057,
			"seconds":	11.0057,
			"bytes":	68186232,
			"bits_per_second":	4.95644e+07,
			"retransmits":	3
		},
		"sum_received":	{
			"start":	0,
			"end":	11.0057,
			"seconds":	11.0057,
			"bytes":	68186232,
			"bits_per_second":	4.95644e+07
		},
		"cpu_utilization_percent":	{
			"host_total":	2.34428,
			"host_user":	0.298276,
			"host_system":	2.04601,
			"remote_total":	1.06298,
			"remote_user":	0.124503,
			"remote_system":	0.938454
		}
	}
}
