{
	"start":	{
		"connected":	[{
				"socket":	5,
				"local_host":	"10.0.0.14",
				"local_port":	2658,
				"remote_host":	"10.0.0.7",
				"remote_port":	42820
			}],
		"version":	"iperf 3.0.7",
		"system_info":	"Linux MECS7 5.4.197-0504197-generic #202206060747 SMP Mon Jun 6 09:27:47 UTC 2022 x86_64 x86_64 x86_64 GNU/Linux\n",
		"timestamp":	{
			"time":	"Mon, 25 Jul 2022 21:46:48 GMT",
			"timesecs":	1658785608
		},
		"accepted_connection":	{
			"host":	"10.0.0.7",
			"port":	42818
		},
		"cookie":	"BS7.1658785608.737409.6b0ee77e60062c",
		"tcp_mss_default":	1448,
		"test_start":	{
			"protocol":	"TCP",
			"num_streams":	1,
			"blksize":	131072,
			"omit":	0,
			"duration":	26,
			"bytes":	0,
			"blocks":	0,
			"reverse":	0
		}
	},
	"intervals":	[{
			"streams":	[{
					"socket":	5,
					"start":	0,
					"end":	1.00028,
					"seconds":	1.00028,
					"bytes":	5715736,
					"bits_per_second":	4.57133e+07,
					"omitted":	false
				}],
			"sum":	{
				"start":	0,
				"end":	1.00028,
				"seconds":	1.00028,
				"bytes":	5715736,
				"bits_per_second":	4.57133e+07,
				"omitted":	false
			}
		}, {
			"streams":	[{
					"socket":	5,
					"start":	1.00028,
					"end":	2.00067,
					"seconds":	1.0004,
					"bytes":	6291456,
					"bits_per_second":	5.03117e+07,
					"omitted":	false
				}],
			"sum":	{
				"start":	1.00028,
				"end":	2.00067,
				"seconds":	1.0004,
				"bytes":	6291456,
				"bits_per_second":	5.03117e+07,
				"omitted":	false
			}
		}, {
			"streams":	[{
					"socket":	5,
					"start":	2.00067,
					"end":	3.00049,
					"seconds":	0.999815,
					"bytes":	6160384,
					"bits_per_second":	4.92922e+07,
					"omitted":	false
				}],
			"sum":	{
				"start":	2.00067,
				"end":	3.00049,
				"seconds":	0.999815,
				"bytes":	6160384,
				"bits_per_second":	4.92922e+07,
				"omitted":	false
			}
		}, {
			"streams":	[{
					"socket":	5,
					"start":	3.00049,
					"end":	4.00039,
					"seconds":	0.999906,
					"bytes":	6291456,
					"bits_per_second":	5.03364e+07,
					"omitted":	false
				}],
			"sum":	{
				"start":	3.00049,
				"end":	4.00039,
				"seconds":	0.999906,
				"bytes":	6291456,
				"bits_per_second":	5.03364e+07,
				"omitted":	false
			}
		}, {
			"streams":	[{
					"socket":	5,
					"start":	4.00039,
					"end":	5.01605,
					"seconds":	1.01566,
					"bytes":	6291456,
					"bits_per_second":	4.95557e+07,
					"omitted":	false
				}],
			"sum":	{
				"start":	4.00039,
				"end":	5.01605,
				"seconds":	1.01566,
				"bytes":	6291456,
				"bits_per_second":	4.95557e+07,
				"omitted":	false
			}
		}, {
			"streams":	[{
					"socket":	5,
					"start":	5.01605,
					"end":	6.00026,
					"seconds":	0.984206,
					"bytes":	6160384,
					"bits_per_second":	5.00739e+07,
					"omitted":	false
				}],
			"sum":	{
				"start":	5.01605,
				"end":	6.00026,
				"seconds":	0.984206,
				"bytes":	6160384,
				"bits_per_second":	5.00739e+07,
				"omitted":	false
			}
		}, {
			"streams":	[{
					"socket":	5,
					"start":	6.00026,
					"end":	7.00088,
					"seconds":	1.00062,
					"bytes":	6291456,
					"bits_per_second":	5.03005e+07,
					"omitted":	false
				}],
			"sum":	{
				"start":	6.00026,
				"end":	7.00088,
				"seconds":	1.00062,
				"bytes":	6291456,
				"bits_per_second":	5.03005e+07,
				"omitted":	false
			}
		}, {
			"streams":	[{
					"socket":	5,
					"start":	7.00088,
					"end":	8.00068,
					"seconds":	0.999802,
					"bytes":	6291456,
					"bits_per_second":	5.03416e+07,
					"omitted":	false
				}],
			"sum":	{
				"start":	7.00088,
				"end":	8.00068,
				"seconds":	0.999802,
				"bytes":	6291456,
				"bits_per_second":	5.03416e+07,
				"omitted":	false
			}
		}, {
			"streams":	[{
					"socket":	5,
					"start":	8.00068,
					"end":	9.00023,
					"seconds":	0.999546,
					"bytes":	6160384,
					"bits_per_second":	4.93055e+07,
					"omitted":	false
				}],
			"sum":	{
				"start":	8.00068,
				"end":	9.00023,
				"seconds":	0.999546,
				"bytes":	6160384,
				"bits_per_second":	4.93055e+07,
				"omitted":	false
			}
		}, {
			"streams":	[{
					"socket":	5,
					"start":	9.00023,
					"end":	10.003,
					"seconds":	1.00274,
					"bytes":	6291456,
					"bits_per_second":	5.01941e+07,
					"omitted":	false
				}],
			"sum":	{
				"start":	9.00023,
				"end":	10.003,
				"seconds":	1.00274,
				"bytes":	6291456,
				"bits_per_second":	5.01941e+07,
				"omitted":	false
			}
		}, {
			"streams":	[{
					"socket":	5,
					"start":	10.003,
					"end":	11.0003,
					"seconds":	0.997298,
					"bytes":	6291456,
					"bits_per_second":	5.0468e+07,
					"omitted":	false
				}],
			"sum":	{
				"start":	10.003,
				"end":	11.0003,
				"seconds":	0.997298,
				"bytes":	6291456,
				"bits_per_second":	5.0468e+07,
				"omitted":	false
			}
		}, {
			"streams":	[{
					"socket":	5,
					"start":	11.0003,
					"end":	12.0084,
					"seconds":	1.00817,
					"bytes":	6291456,
					"bits_per_second":	4.99236e+07,
					"omitted":	false
				}],
			"sum":	{
				"start":	11.0003,
				"end":	12.0084,
				"seconds":	1.00817,
				"bytes":	6291456,
				"bits_per_second":	4.99236e+07,
				"omitted":	false
			}
		}, {
			"streams":	[{
					"socket":	5,
					"start":	12.0084,
					"end":	13.0006,
					"seconds":	0.992172,
					"bytes":	6160384,
					"bits_per_second":	4.96719e+07,
					"omitted":	false
				}],
			"sum":	{
				"start":	12.0084,
				"end":	13.0006,
				"seconds":	0.992172,
				"bytes":	6160384,
				"bits_per_second":	4.96719e+07,
				"omitted":	false
			}
		}, {
			"streams":	[{
					"socket":	5,
					"start":	13.0006,
					"end":	14.0069,
					"seconds":	1.00625,
					"bytes":	6291456,
					"bits_per_second":	5.00192e+07,
					"omitted":	false
				}],
			"sum":	{
				"start":	13.0006,
				"end":	14.0069,
				"seconds":	1.00625,
				"bytes":	6291456,
				"bits_per_second":	5.00192e+07,
				"omitted":	false
			}
		}, {
			"streams":	[{
					"socket":	5,
					"start":	14.0069,
					"end":	15.0002,
					"seconds":	0.993296,
					"bytes":	6160384,
					"bits_per_second":	4.96157e+07,
					"omitted":	false
				}],
			"sum":	{
				"start":	14.0069,
				"end":	15.0002,
				"seconds":	0.993296,
				"bytes":	6160384,
				"bits_per_second":	4.96157e+07,
				"omitted":	false
			}
		}, {
			"streams":	[{
					"socket":	5,
					"start":	15.0002,
					"end":	16.0002,
					"seconds":	1.00005,
					"bytes":	6422528,
					"bits_per_second":	5.13778e+07,
					"omitted":	false
				}],
			"sum":	{
				"start":	15.0002,
				"end":	16.0002,
				"seconds":	1.00005,
				"bytes":	6422528,
				"bits_per_second":	5.13778e+07,
				"omitted":	false
			}
		}, {
			"streams":	[{
					"socket":	5,
					"start":	16.0002,
					"end":	17.0346,
					"seconds":	1.03443,
					"bytes":	6291456,
					"bits_per_second":	4.86563e+07,
					"omitted":	false
				}],
			"sum":	{
				"start":	16.0002,
				"end":	17.0346,
				"seconds":	1.03443,
				"bytes":	6291456,
				"bits_per_second":	4.86563e+07,
				"omitted":	false
			}
		}, {
			"streams":	[{
					"socket":	5,
					"start":	17.0346,
					"end":	18.0002,
					"seconds":	0.965546,
					"bytes":	6160384,
					"bits_per_second":	5.10417e+07,
					"omitted":	false
				}],
			"sum":	{
				"start":	17.0346,
				"end":	18.0002,
				"seconds":	0.965546,
				"bytes":	6160384,
				"bits_per_second":	5.10417e+07,
				"omitted":	false
			}
		}, {
			"streams":	[{
					"socket":	5,
					"start":	18.0002,
					"end":	19.0132,
					"seconds":	1.01301,
					"bytes":	5809160,
					"bits_per_second":	4.58765e+07,
					"omitted":	false
				}],
			"sum":	{
				"start":	18.0002,
				"end":	19.0132,
				"seconds":	1.01301,
				"bytes":	5809160,
				"bits_per_second":	4.58765e+07,
				"omitted":	false
			}
		}, {
			"streams":	[{
					"socket":	5,
					"start":	19.0132,
					"end":	20.0329,
					"seconds":	1.01976,
					"bytes":	6492728,
					"bits_per_second":	5.09355e+07,
					"omitted":	false
				}],
			"sum":	{
				"start":	19.0132,
				"end":	20.0329,
				"seconds":	1.01976,
				"bytes":	6492728,
				"bits_per_second":	5.09355e+07,
				"omitted":	false
			}
		}, {
			"streams":	[{
					"socket":	5,
					"start":	20.0329,
					"end":	21.0085,
					"seconds":	0.975598,
					"bytes":	6441408,
					"bits_per_second":	5.28202e+07,
					"omitted":	false
				}],
			"sum":	{
				"start":	20.0329,
				"end":	21.0085,
				"seconds":	0.975598,
				"bytes":	6441408,
				"bits_per_second":	5.28202e+07,
				"omitted":	false
			}
		}, {
			"streams":	[{
					"socket":	5,
					"start":	21.0085,
					"end":	22.014,
					"seconds":	1.00549,
					"bytes":	6160384,
					"bits_per_second":	4.9014e+07,
					"omitted":	false
				}],
			"sum":	{
				"start":	21.0085,
				"end":	22.014,
				"seconds":	1.00549,
				"bytes":	6160384,
				"bits_per_second":	4.9014e+07,
				"omitted":	false
			}
		}, {
			"streams":	[{
					"socket":	5,
					"start":	22.014,
					"end":	23.0011,
					"seconds":	0.987029,
					"bytes":	6291456,
					"bits_per_second":	5.09931e+07,
					"omitted":	false
				}],
			"sum":	{
				"start":	22.014,
				"end":	23.0011,
				"seconds":	0.987029,
				"bytes":	6291456,
				"bits_per_second":	5.09931e+07,
				"omitted":	false
			}
		}, {
			"streams":	[{
					"socket":	5,
					"start":	23.0011,
					"end":	24.0008,
					"seconds":	0.999746,
					"bytes":	6291456,
					"bits_per_second":	5.03444e+07,
					"omitted":	false
				}],
			"sum":	{
				"start":	23.0011,
				"end":	24.0008,
				"seconds":	0.999746,
				"bytes":	6291456,
				"bits_per_second":	5.03444e+07,
				"omitted":	false
			}
		}, {
			"streams":	[{
					"socket":	5,
					"start":	24.0008,
					"end":	25.0084,
					"seconds":	1.00758,
					"bytes":	6422528,
					"bits_per_second":	5.09936e+07,
					"omitted":	false
				}],
			"sum":	{
				"start":	24.0008,
				"end":	25.0084,
				"seconds":	1.00758,
				"bytes":	6422528,
				"bits_per_second":	5.09936e+07,
				"omitted":	false
			}
		}, {
			"streams":	[{
					"socket":	5,
					"start":	25.0084,
					"end":	26.0266,
					"seconds":	1.01817,
					"bytes":	6029312,
					"bits_per_second":	4.73739e+07,
					"omitted":	false
				}],
			"sum":	{
				"start":	25.0084,
				"end":	26.0266,
				"seconds":	1.01817,
				"bytes":	6029312,
				"bits_per_second":	4.73739e+07,
				"omitted":	false
			}
		}],
	"end":	{
		"streams":	[{
				"sender":	{
					"socket":	5,
					"start":	0,
					"end":	26.0266,
					"seconds":	26.0266,
					"bytes":	161953560,
					"bits_per_second":	4.9781e+07,
					"retransmits":	94
				},
				"receiver":	{
					"socket":	5,
					"start":	0,
					"end":	26.0266,
					"seconds":	26.0266,
					"bytes":	161953560,
					"bits_per_second":	4.9781e+07
				}
			}],
		"sum_sent":	{
			"start":	0,
			"end":	26.0266,
			"seconds":	26.0266,
			"bytes":	161953560,
			"bits_per_second":	4.9781e+07,
			"retransmits":	94
		},
		"sum_received":	{
			"start":	0,
			"end":	26.0266,
			"seconds":	26.0266,
			"bytes":	161953560,
			"bits_per_second":	4.9781e+07
		},
		"cpu_utilization_percent":	{
			"host_total":	2.07314,
			"host_user":	0.249433,
			"host_system":	1.82345,
			"remote_total":	1.59928,
			"remote_user":	0.0708432,
			"remote_system":	1.52844
		}
	}
}
