{
	"start":	{
		"connected":	[{
				"socket":	5,
				"local_host":	"10.0.0.12",
				"local_port":	2434,
				"remote_host":	"10.0.0.2",
				"remote_port":	39202
			}],
		"version":	"iperf 3.7",
		"system_info":	"Linux H12 5.4.197-0504197-generic #202206060747 SMP Mon Jun 6 09:27:47 UTC 2022 x86_64",
		"target_bitrate":	15000000,
		"sock_bufsize":	0,
		"sndbuf_actual":	87380,
		"rcvbuf_actual":	87380,
		"timestamp":	{
			"time":	"Mon, 01 Aug 2022 00:25:15 GMT",
			"timesecs":	1659313515
		},
		"accepted_connection":	{
			"host":	"10.0.0.2",
			"port":	39200
		},
		"cookie":	"ikvh7dnflwppxxzkrgp7aieasuho3jnhrwjf",
		"tcp_mss_default":	0,
		"target_bitrate":	15000000,
		"test_start":	{
			"protocol":	"TCP",
			"num_streams":	1,
			"blksize":	131072,
			"omit":	0,
			"duration":	5,
			"bytes":	0,
			"blocks":	0,
			"reverse":	0,
			"tos":	0
		}
	},
	"intervals":	[{
			"streams":	[{
					"socket":	5,
					"start":	0,
					"end":	1.000616,
					"seconds":	1.0006159543991089,
					"bytes":	1966080,
					"bits_per_second":	15718957.838769803,
					"omitted":	false,
					"sender":	false
				}],
			"sum":	{
				"start":	0,
				"end":	1.000616,
				"seconds":	1.0006159543991089,
				"bytes":	1966080,
				"bits_per_second":	15718957.838769803,
				"omitted":	false,
				"sender":	false
			}
		}, {
			"streams":	[{
					"socket":	5,
					"start":	1.000616,
					"end":	2.000698,
					"seconds":	1.0000820159912109,
					"bytes":	1835008,
					"bits_per_second":	14678860.098739155,
					"omitted":	false,
					"sender":	false
				}],
			"sum":	{
				"start":	1.000616,
				"end":	2.000698,
				"seconds":	1.0000820159912109,
				"bytes":	1835008,
				"bits_per_second":	14678860.098739155,
				"omitted":	false,
				"sender":	false
			}
		}, {
			"streams":	[{
					"socket":	5,
					"start":	2.000698,
					"end":	3.000479,
					"seconds":	0.99978101253509521,
					"bytes":	1835008,
					"bits_per_second":	14683279.454144152,
					"omitted":	false,
					"sender":	false
				}],
			"sum":	{
				"start":	2.000698,
				"end":	3.000479,
				"seconds":	0.99978101253509521,
				"bytes":	1835008,
				"bits_per_second":	14683279.454144152,
				"omitted":	false,
				"sender":	false
			}
		}, {
			"streams":	[{
					"socket":	5,
					"start":	3.000479,
					"end":	4.000681,
					"seconds":	1.000201940536499,
					"bytes":	1966080,
					"bits_per_second":	15725464.391284129,
					"omitted":	false,
					"sender":	false
				}],
			"sum":	{
				"start":	3.000479,
				"end":	4.000681,
				"seconds":	1.000201940536499,
				"bytes":	1966080,
				"bits_per_second":	15725464.391284129,
				"omitted":	false,
				"sender":	false
			}
		}, {
			"streams":	[{
					"socket":	5,
					"start":	4.000681,
					"end":	5.001003,
					"seconds":	1.0003219842910767,
					"bytes":	1835008,
					"bits_per_second":	14675338.771449365,
					"omitted":	false,
					"sender":	false
				}],
			"sum":	{
				"start":	4.000681,
				"end":	5.001003,
				"seconds":	1.0003219842910767,
				"bytes":	1835008,
				"bits_per_second":	14675338.771449365,
				"omitted":	false,
				"sender":	false
			}
		}],
	"end":	{
		"streams":	[{
				"sender":	{
					"socket":	5,
					"start":	0,
					"end":	5.001322,
					"seconds":	5.001322,
					"bytes":	0,
					"bits_per_second":	0,
					"sender":	false
				},
				"receiver":	{
					"socket":	5,
					"start":	0,
					"end":	5.001322,
					"seconds":	5.001322,
					"bytes":	9437184,
					"bits_per_second":	15095503.148967413,
					"sender":	false
				}
			}],
		"sum_sent":	{
			"start":	0,
			"end":	5.001322,
			"seconds":	5.001322,
			"bytes":	0,
			"bits_per_second":	0,
			"sender":	false
		},
		"sum_received":	{
			"start":	0,
			"end":	5.001322,
			"seconds":	5.001322,
			"bytes":	9437184,
			"bits_per_second":	15095503.148967413,
			"sender":	false
		},
		"cpu_utilization_percent":	{
			"host_total":	2.3845615264482047,
			"host_user":	0,
			"host_system":	2.3846014327561749,
			"remote_total":	0,
			"remote_user":	0,
			"remote_system":	0
		},
		"receiver_tcp_congestion":	"cubic"
	}
}
