{
	"start":	{
		"connected":	[{
				"socket":	5,
				"local_host":	"10.0.0.9",
				"local_port":	2560,
				"remote_host":	"10.0.0.5",
				"remote_port":	35644
			}],
		"version":	"iperf 3.0.7",
		"system_info":	"Linux MECS2 5.4.197-0504197-generic #202206060747 SMP Mon Jun 6 09:27:47 UTC 2022 x86_64 x86_64 x86_64 GNU/Linux\n",
		"timestamp":	{
			"time":	"Mon, 25 Jul 2022 21:51:29 GMT",
			"timesecs":	1658785889
		},
		"accepted_connection":	{
			"host":	"10.0.0.5",
			"port":	35642
		},
		"cookie":	"BS5.1658785889.535942.2f5a418a630382",
		"tcp_mss_default":	1448,
		"test_start":	{
			"protocol":	"TCP",
			"num_streams":	1,
			"blksize":	131072,
			"omit":	0,
			"duration":	25,
			"bytes":	0,
			"blocks":	0,
			"reverse":	0
		}
	},
	"intervals":	[{
			"streams":	[{
					"socket":	5,
					"start":	0,
					"end":	1.00079,
					"seconds":	1.00079,
					"bytes":	750064,
					"bits_per_second":	5.99578e+06,
					"omitted":	false
				}],
			"sum":	{
				"start":	0,
				"end":	1.00079,
				"seconds":	1.00079,
				"bytes":	750064,
				"bits_per_second":	5.99578e+06,
				"omitted":	false
			}
		}, {
			"streams":	[{
					"socket":	5,
					"start":	1.00079,
					"end":	2.00015,
					"seconds":	0.999356,
					"bytes":	1856336,
					"bits_per_second":	1.48603e+07,
					"omitted":	false
				}],
			"sum":	{
				"start":	1.00079,
				"end":	2.00015,
				"seconds":	0.999356,
				"bytes":	1856336,
				"bits_per_second":	1.48603e+07,
				"omitted":	false
			}
		}, {
			"streams":	[{
					"socket":	5,
					"start":	2.00015,
					"end":	3.00356,
					"seconds":	1.00341,
					"bytes":	3767696,
					"bits_per_second":	3.00391e+07,
					"omitted":	false
				}],
			"sum":	{
				"start":	2.00015,
				"end":	3.00356,
				"seconds":	1.00341,
				"bytes":	3767696,
				"bits_per_second":	3.00391e+07,
				"omitted":	false
			}
		}, {
			"streams":	[{
					"socket":	5,
					"start":	3.00356,
					"end":	4.00228,
					"seconds":	0.998722,
					"bytes":	6087448,
					"bits_per_second":	4.87619e+07,
					"omitted":	false
				}],
			"sum":	{
				"start":	3.00356,
				"end":	4.00228,
				"seconds":	0.998722,
				"bytes":	6087448,
				"bits_per_second":	4.87619e+07,
				"omitted":	false
			}
		}, {
			"streams":	[{
					"socket":	5,
					"start":	4.00228,
					"end":	5.00017,
					"seconds":	0.997896,
					"bytes":	11831552,
					"bits_per_second":	9.4852e+07,
					"omitted":	false
				}],
			"sum":	{
				"start":	4.00228,
				"end":	5.00017,
				"seconds":	0.997896,
				"bytes":	11831552,
				"bits_per_second":	9.4852e+07,
				"omitted":	false
			}
		}, {
			"streams":	[{
					"socket":	5,
					"start":	5.00017,
					"end":	6.00046,
					"seconds":	1.00029,
					"bytes":	17354280,
					"bits_per_second":	1.38794e+08,
					"omitted":	false
				}],
			"sum":	{
				"start":	5.00017,
				"end":	6.00046,
				"seconds":	1.00029,
				"bytes":	17354280,
				"bits_per_second":	1.38794e+08,
				"omitted":	false
			}
		}, {
			"streams":	[{
					"socket":	5,
					"start":	6.00046,
					"end":	7.00088,
					"seconds":	1.00041,
					"bytes":	17334008,
					"bits_per_second":	1.38615e+08,
					"omitted":	false
				}],
			"sum":	{
				"start":	6.00046,
				"end":	7.00088,
				"seconds":	1.00041,
				"bytes":	17334008,
				"bits_per_second":	1.38615e+08,
				"omitted":	false
			}
		}, {
			"streams":	[{
					"socket":	5,
					"start":	7.00088,
					"end":	8.0003,
					"seconds":	0.999419,
					"bytes":	20893192,
					"bits_per_second":	1.67243e+08,
					"omitted":	false
				}],
			"sum":	{
				"start":	7.00088,
				"end":	8.0003,
				"seconds":	0.999419,
				"bytes":	20893192,
				"bits_per_second":	1.67243e+08,
				"omitted":	false
			}
		}, {
			"streams":	[{
					"socket":	5,
					"start":	8.0003,
					"end":	9.00013,
					"seconds":	0.999828,
					"bytes":	21722896,
					"bits_per_second":	1.73813e+08,
					"omitted":	false
				}],
			"sum":	{
				"start":	8.0003,
				"end":	9.00013,
				"seconds":	0.999828,
				"bytes":	21722896,
				"bits_per_second":	1.73813e+08,
				"omitted":	false
			}
		}, {
			"streams":	[{
					"socket":	5,
					"start":	9.00013,
					"end":	10.0005,
					"seconds":	1.00033,
					"bytes":	19872352,
					"bits_per_second":	1.58926e+08,
					"omitted":	false
				}],
			"sum":	{
				"start":	9.00013,
				"end":	10.0005,
				"seconds":	1.00033,
				"bytes":	19872352,
				"bits_per_second":	1.58926e+08,
				"omitted":	false
			}
		}, {
			"streams":	[{
					"socket":	5,
					"start":	10.0005,
					"end":	11.0001,
					"seconds":	0.999692,
					"bytes":	21135008,
					"bits_per_second":	1.69132e+08,
					"omitted":	false
				}],
			"sum":	{
				"start":	10.0005,
				"end":	11.0001,
				"seconds":	0.999692,
				"bytes":	21135008,
				"bits_per_second":	1.69132e+08,
				"omitted":	false
			}
		}, {
			"streams":	[{
					"socket":	5,
					"start":	11.0001,
					"end":	12.0012,
					"seconds":	1.00102,
					"bytes":	21958920,
					"bits_per_second":	1.75493e+08,
					"omitted":	false
				}],
			"sum":	{
				"start":	11.0001,
				"end":	12.0012,
				"seconds":	1.00102,
				"bytes":	21958920,
				"bits_per_second":	1.75493e+08,
				"omitted":	false
			}
		}, {
			"streams":	[{
					"socket":	5,
					"start":	12.0012,
					"end":	13.001,
					"seconds":	0.999791,
					"bytes":	17849496,
					"bits_per_second":	1.42826e+08,
					"omitted":	false
				}],
			"sum":	{
				"start":	12.0012,
				"end":	13.001,
				"seconds":	0.999791,
				"bytes":	17849496,
				"bits_per_second":	1.42826e+08,
				"omitted":	false
			}
		}, {
			"streams":	[{
					"socket":	5,
					"start":	13.001,
					"end":	14.002,
					"seconds":	1.00103,
					"bytes":	16830104,
					"bits_per_second":	1.34503e+08,
					"omitted":	false
				}],
			"sum":	{
				"start":	13.001,
				"end":	14.002,
				"seconds":	1.00103,
				"bytes":	16830104,
				"bits_per_second":	1.34503e+08,
				"omitted":	false
			}
		}, {
			"streams":	[{
					"socket":	5,
					"start":	14.002,
					"end":	15.0006,
					"seconds":	0.998582,
					"bytes":	19682664,
					"bits_per_second":	1.57685e+08,
					"omitted":	false
				}],
			"sum":	{
				"start":	14.002,
				"end":	15.0006,
				"seconds":	0.998582,
				"bytes":	19682664,
				"bits_per_second":	1.57685e+08,
				"omitted":	false
			}
		}, {
			"streams":	[{
					"socket":	5,
					"start":	15.0006,
					"end":	16.0066,
					"seconds":	1.00603,
					"bytes":	19374992,
					"bits_per_second":	1.54071e+08,
					"omitted":	false
				}],
			"sum":	{
				"start":	15.0006,
				"end":	16.0066,
				"seconds":	1.00603,
				"bytes":	19374992,
				"bits_per_second":	1.54071e+08,
				"omitted":	false
			}
		}, {
			"streams":	[{
					"socket":	5,
					"start":	16.0066,
					"end":	17.0006,
					"seconds":	0.993961,
					"bytes":	19875944,
					"bits_per_second":	1.59974e+08,
					"omitted":	false
				}],
			"sum":	{
				"start":	16.0066,
				"end":	17.0006,
				"seconds":	0.993961,
				"bytes":	19875944,
				"bits_per_second":	1.59974e+08,
				"omitted":	false
			}
		}, {
			"streams":	[{
					"socket":	5,
					"start":	17.0006,
					"end":	18,
					"seconds":	0.999466,
					"bytes":	19769544,
					"bits_per_second":	1.58241e+08,
					"omitted":	false
				}],
			"sum":	{
				"start":	17.0006,
				"end":	18,
				"seconds":	0.999466,
				"bytes":	19769544,
				"bits_per_second":	1.58241e+08,
				"omitted":	false
			}
		}, {
			"streams":	[{
					"socket":	5,
					"start":	18,
					"end":	19.0005,
					"seconds":	1.0005,
					"bytes":	16844584,
					"bits_per_second":	1.3469e+08,
					"omitted":	false
				}],
			"sum":	{
				"start":	18,
				"end":	19.0005,
				"seconds":	1.0005,
				"bytes":	16844584,
				"bits_per_second":	1.3469e+08,
				"omitted":	false
			}
		}, {
			"streams":	[{
					"socket":	5,
					"start":	19.0005,
					"end":	20.0006,
					"seconds":	1.00007,
					"bytes":	11382728,
					"bits_per_second":	9.10554e+07,
					"omitted":	false
				}],
			"sum":	{
				"start":	19.0005,
				"end":	20.0006,
				"seconds":	1.00007,
				"bytes":	11382728,
				"bits_per_second":	9.10554e+07,
				"omitted":	false
			}
		}, {
			"streams":	[{
					"socket":	5,
					"start":	20.0006,
					"end":	21.0002,
					"seconds":	0.99957,
					"bytes":	22218112,
					"bits_per_second":	1.77821e+08,
					"omitted":	false
				}],
			"sum":	{
				"start":	20.0006,
				"end":	21.0002,
				"seconds":	0.99957,
				"bytes":	22218112,
				"bits_per_second":	1.77821e+08,
				"omitted":	false
			}
		}, {
			"streams":	[{
					"socket":	5,
					"start":	21.0002,
					"end":	22.0003,
					"seconds":	1.0001,
					"bytes":	17287672,
					"bits_per_second":	1.38288e+08,
					"omitted":	false
				}],
			"sum":	{
				"start":	21.0002,
				"end":	22.0003,
				"seconds":	1.0001,
				"bytes":	17287672,
				"bits_per_second":	1.38288e+08,
				"omitted":	false
			}
		}, {
			"streams":	[{
					"socket":	5,
					"start":	22.0003,
					"end":	23.0017,
					"seconds":	1.00143,
					"bytes":	14762360,
					"bits_per_second":	1.1793e+08,
					"omitted":	false
				}],
			"sum":	{
				"start":	22.0003,
				"end":	23.0017,
				"seconds":	1.00143,
				"bytes":	14762360,
				"bits_per_second":	1.1793e+08,
				"omitted":	false
			}
		}, {
			"streams":	[{
					"socket":	5,
					"start":	23.0017,
					"end":	24.0005,
					"seconds":	0.998826,
					"bytes":	17402064,
					"bits_per_second":	1.3938e+08,
					"omitted":	false
				}],
			"sum":	{
				"start":	23.0017,
				"end":	24.0005,
				"seconds":	0.998826,
				"bytes":	17402064,
				"bits_per_second":	1.3938e+08,
				"omitted":	false
			}
		}, {
			"streams":	[{
					"socket":	5,
					"start":	24.0005,
					"end":	25.0002,
					"seconds":	0.999649,
					"bytes":	18008776,
					"bits_per_second":	1.44121e+08,
					"omitted":	false
				}],
			"sum":	{
				"start":	24.0005,
				"end":	25.0002,
				"seconds":	0.999649,
				"bytes":	18008776,
				"bits_per_second":	1.44121e+08,
				"omitted":	false
			}
		}, {
			"streams":	[{
					"socket":	5,
					"start":	25.0002,
					"end":	25.326,
					"seconds":	0.325791,
					"bytes":	5624032,
					"bits_per_second":	1.38102e+08,
					"omitted":	false
				}],
			"sum":	{
				"start":	25.0002,
				"end":	25.326,
				"seconds":	0.325791,
				"bytes":	5624032,
				"bits_per_second":	1.38102e+08,
				"omitted":	false
			}
		}],
	"end":	{
		"streams":	[{
				"sender":	{
					"socket":	5,
					"start":	0,
					"end":	25.326,
					"seconds":	25.326,
					"bytes":	406620040,
					"bits_per_second":	1.28444e+08,
					"retransmits":	115
				},
				"receiver":	{
					"socket":	5,
					"start":	0,
					"end":	25.326,
					"seconds":	25.326,
					"bytes":	401476824,
					"bits_per_second":	1.26819e+08
				}
			}],
		"sum_sent":	{
			"start":	0,
			"end":	25.326,
			"seconds":	25.326,
			"bytes":	406620040,
			"bits_per_second":	1.28444e+08,
			"retransmits":	115
		},
		"sum_received":	{
			"start":	0,
			"end":	25.326,
			"seconds":	25.326,
			"bytes":	401476824,
			"bits_per_second":	1.26819e+08
		},
		"cpu_utilization_percent":	{
			"host_total":	8.94243,
			"host_user":	0.727802,
			"host_system":	8.21462,
			"remote_total":	4.24004,
			"remote_user":	0.308857,
			"remote_system":	3.93117
		}
	}
}
