{
	"start":	{
		"connected":	[{
				"socket":	5,
				"local_host":	"10.0.0.15",
				"local_port":	3622,
				"remote_host":	"10.0.0.4",
				"remote_port":	56220
			}],
		"version":	"iperf 3.0.7",
		"system_info":	"Linux CS1 5.4.197-0504197-generic #202206060747 SMP Mon Jun 6 09:27:47 UTC 2022 x86_64 x86_64 x86_64 GNU/Linux\n",
		"timestamp":	{
			"time":	"Mon, 25 Jul 2022 21:50:50 GMT",
			"timesecs":	1658785850
		},
		"accepted_connection":	{
			"host":	"10.0.0.4",
			"port":	56218
		},
		"cookie":	"BS4.1658785849.900352.544ecfd91fb124",
		"tcp_mss_default":	1448,
		"test_start":	{
			"protocol":	"TCP",
			"num_streams":	1,
			"blksize":	131072,
			"omit":	0,
			"duration":	34,
			"bytes":	0,
			"blocks":	0,
			"reverse":	0
		}
	},
	"intervals":	[{
			"streams":	[{
					"socket":	5,
					"start":	0,
					"end":	1.00053,
					"seconds":	1.00053,
					"bytes":	1151160,
					"bits_per_second":	9.20442e+06,
					"omitted":	false
				}],
			"sum":	{
				"start":	0,
				"end":	1.00053,
				"seconds":	1.00053,
				"bytes":	1151160,
				"bits_per_second":	9.20442e+06,
				"omitted":	false
			}
		}, {
			"streams":	[{
					"socket":	5,
					"start":	1.00053,
					"end":	2.00034,
					"seconds":	0.999813,
					"bytes":	1572528,
					"bits_per_second":	1.25826e+07,
					"omitted":	false
				}],
			"sum":	{
				"start":	1.00053,
				"end":	2.00034,
				"seconds":	0.999813,
				"bytes":	1572528,
				"bits_per_second":	1.25826e+07,
				"omitted":	false
			}
		}, {
			"streams":	[{
					"socket":	5,
					"start":	2.00034,
					"end":	3.00037,
					"seconds":	1.00002,
					"bytes":	2088016,
					"bits_per_second":	1.67037e+07,
					"omitted":	false
				}],
			"sum":	{
				"start":	2.00034,
				"end":	3.00037,
				"seconds":	1.00002,
				"bytes":	2088016,
				"bits_per_second":	1.67037e+07,
				"omitted":	false
			}
		}, {
			"streams":	[{
					"socket":	5,
					"start":	3.00037,
					"end":	4.00184,
					"seconds":	1.00148,
					"bytes":	2636808,
					"bits_per_second":	2.10634e+07,
					"omitted":	false
				}],
			"sum":	{
				"start":	3.00037,
				"end":	4.00184,
				"seconds":	1.00148,
				"bytes":	2636808,
				"bits_per_second":	2.10634e+07,
				"omitted":	false
			}
		}, {
			"streams":	[{
					"socket":	5,
					"start":	4.00184,
					"end":	5.00025,
					"seconds":	0.998409,
					"bytes":	2771472,
					"bits_per_second":	2.22071e+07,
					"omitted":	false
				}],
			"sum":	{
				"start":	4.00184,
				"end":	5.00025,
				"seconds":	0.998409,
				"bytes":	2771472,
				"bits_per_second":	2.22071e+07,
				"omitted":	false
			}
		}, {
			"streams":	[{
					"socket":	5,
					"start":	5.00025,
					"end":	6.00017,
					"seconds":	0.999922,
					"bytes":	2990120,
					"bits_per_second":	2.39228e+07,
					"omitted":	false
				}],
			"sum":	{
				"start":	5.00025,
				"end":	6.00017,
				"seconds":	0.999922,
				"bytes":	2990120,
				"bits_per_second":	2.39228e+07,
				"omitted":	false
			}
		}, {
			"streams":	[{
					"socket":	5,
					"start":	6.00017,
					"end":	7.00027,
					"seconds":	1.00009,
					"bytes":	3452032,
					"bits_per_second":	2.76137e+07,
					"omitted":	false
				}],
			"sum":	{
				"start":	6.00017,
				"end":	7.00027,
				"seconds":	1.00009,
				"bytes":	3452032,
				"bits_per_second":	2.76137e+07,
				"omitted":	false
			}
		}, {
			"streams":	[{
					"socket":	5,
					"start":	7.00027,
					"end":	8.00112,
					"seconds":	1.00085,
					"bytes":	2381960,
					"bits_per_second":	1.90395e+07,
					"omitted":	false
				}],
			"sum":	{
				"start":	7.00027,
				"end":	8.00112,
				"seconds":	1.00085,
				"bytes":	2381960,
				"bits_per_second":	1.90395e+07,
				"omitted":	false
			}
		}, {
			"streams":	[{
					"socket":	5,
					"start":	8.00112,
					"end":	9.0002,
					"seconds":	0.999079,
					"bytes":	3648960,
					"bits_per_second":	2.92186e+07,
					"omitted":	false
				}],
			"sum":	{
				"start":	8.00112,
				"end":	9.0002,
				"seconds":	0.999079,
				"bytes":	3648960,
				"bits_per_second":	2.92186e+07,
				"omitted":	false
			}
		}, {
			"streams":	[{
					"socket":	5,
					"start":	9.0002,
					"end":	10.007,
					"seconds":	1.00678,
					"bytes":	3355016,
					"bits_per_second":	2.66594e+07,
					"omitted":	false
				}],
			"sum":	{
				"start":	9.0002,
				"end":	10.007,
				"seconds":	1.00678,
				"bytes":	3355016,
				"bits_per_second":	2.66594e+07,
				"omitted":	false
			}
		}, {
			"streams":	[{
					"socket":	5,
					"start":	10.007,
					"end":	11.0004,
					"seconds":	0.993436,
					"bytes":	2547032,
					"bits_per_second":	2.05109e+07,
					"omitted":	false
				}],
			"sum":	{
				"start":	10.007,
				"end":	11.0004,
				"seconds":	0.993436,
				"bytes":	2547032,
				"bits_per_second":	2.05109e+07,
				"omitted":	false
			}
		}, {
			"streams":	[{
					"socket":	5,
					"start":	11.0004,
					"end":	12.0015,
					"seconds":	1.00113,
					"bytes":	1365464,
					"bits_per_second":	1.09114e+07,
					"omitted":	false
				}],
			"sum":	{
				"start":	11.0004,
				"end":	12.0015,
				"seconds":	1.00113,
				"bytes":	1365464,
				"bits_per_second":	1.09114e+07,
				"omitted":	false
			}
		}, {
			"streams":	[{
					"socket":	5,
					"start":	12.0015,
					"end":	13.0016,
					"seconds":	1.00008,
					"bytes":	1605832,
					"bits_per_second":	1.28456e+07,
					"omitted":	false
				}],
			"sum":	{
				"start":	12.0015,
				"end":	13.0016,
				"seconds":	1.00008,
				"bytes":	1605832,
				"bits_per_second":	1.28456e+07,
				"omitted":	false
			}
		}, {
			"streams":	[{
					"socket":	5,
					"start":	13.0016,
					"end":	14.0119,
					"seconds":	1.01025,
					"bytes":	2451464,
					"bits_per_second":	1.94128e+07,
					"omitted":	false
				}],
			"sum":	{
				"start":	13.0016,
				"end":	14.0119,
				"seconds":	1.01025,
				"bytes":	2451464,
				"bits_per_second":	1.94128e+07,
				"omitted":	false
			}
		}, {
			"streams":	[{
					"socket":	5,
					"start":	14.0119,
					"end":	15.0008,
					"seconds":	0.988925,
					"bytes":	2520968,
					"bits_per_second":	2.03936e+07,
					"omitted":	false
				}],
			"sum":	{
				"start":	14.0119,
				"end":	15.0008,
				"seconds":	0.988925,
				"bytes":	2520968,
				"bits_per_second":	2.03936e+07,
				"omitted":	false
			}
		}, {
			"streams":	[{
					"socket":	5,
					"start":	15.0008,
					"end":	16.0018,
					"seconds":	1.001,
					"bytes":	2633912,
					"bits_per_second":	2.10502e+07,
					"omitted":	false
				}],
			"sum":	{
				"start":	15.0008,
				"end":	16.0018,
				"seconds":	1.001,
				"bytes":	2633912,
				"bits_per_second":	2.10502e+07,
				"omitted":	false
			}
		}, {
			"streams":	[{
					"socket":	5,
					"start":	16.0018,
					"end":	17.0006,
					"seconds":	0.998794,
					"bytes":	2099600,
					"bits_per_second":	1.68171e+07,
					"omitted":	false
				}],
			"sum":	{
				"start":	16.0018,
				"end":	17.0006,
				"seconds":	0.998794,
				"bytes":	2099600,
				"bits_per_second":	1.68171e+07,
				"omitted":	false
			}
		}, {
			"streams":	[{
					"socket":	5,
					"start":	17.0006,
					"end":	18.0007,
					"seconds":	1.0001,
					"bytes":	2135800,
					"bits_per_second":	1.70847e+07,
					"omitted":	false
				}],
			"sum":	{
				"start":	17.0006,
				"end":	18.0007,
				"seconds":	1.0001,
				"bytes":	2135800,
				"bits_per_second":	1.70847e+07,
				"omitted":	false
			}
		}, {
			"streams":	[{
					"socket":	5,
					"start":	18.0007,
					"end":	19.0006,
					"seconds":	0.999899,
					"bytes":	1889640,
					"bits_per_second":	1.51186e+07,
					"omitted":	false
				}],
			"sum":	{
				"start":	18.0007,
				"end":	19.0006,
				"seconds":	0.999899,
				"bytes":	1889640,
				"bits_per_second":	1.51186e+07,
				"omitted":	false
			}
		}, {
			"streams":	[{
					"socket":	5,
					"start":	19.0006,
					"end":	20.0002,
					"seconds":	0.999596,
					"bytes":	1957696,
					"bits_per_second":	1.56679e+07,
					"omitted":	false
				}],
			"sum":	{
				"start":	19.0006,
				"end":	20.0002,
				"seconds":	0.999596,
				"bytes":	1957696,
				"bits_per_second":	1.56679e+07,
				"omitted":	false
			}
		}, {
			"streams":	[{
					"socket":	5,
					"start":	20.0002,
					"end":	21.0004,
					"seconds":	1.00025,
					"bytes":	2088016,
					"bits_per_second":	1.66999e+07,
					"omitted":	false
				}],
			"sum":	{
				"start":	20.0002,
				"end":	21.0004,
				"seconds":	1.00025,
				"bytes":	2088016,
				"bits_per_second":	1.66999e+07,
				"omitted":	false
			}
		}, {
			"streams":	[{
					"socket":	5,
					"start":	21.0004,
					"end":	22.0059,
					"seconds":	1.00543,
					"bytes":	2706312,
					"bits_per_second":	2.15335e+07,
					"omitted":	false
				}],
			"sum":	{
				"start":	21.0004,
				"end":	22.0059,
				"seconds":	1.00543,
				"bytes":	2706312,
				"bits_per_second":	2.15335e+07,
				"omitted":	false
			}
		}, {
			"streams":	[{
					"socket":	5,
					"start":	22.0059,
					"end":	23.0003,
					"seconds":	0.994424,
					"bytes":	2657080,
					"bits_per_second":	2.13758e+07,
					"omitted":	false
				}],
			"sum":	{
				"start":	22.0059,
				"end":	23.0003,
				"seconds":	0.994424,
				"bytes":	2657080,
				"bits_per_second":	2.13758e+07,
				"omitted":	false
			}
		}, {
			"streams":	[{
					"socket":	5,
					"start":	23.0003,
					"end":	24.0003,
					"seconds":	0.999964,
					"bytes":	3787968,
					"bits_per_second":	3.03048e+07,
					"omitted":	false
				}],
			"sum":	{
				"start":	23.0003,
				"end":	24.0003,
				"seconds":	0.999964,
				"bytes":	3787968,
				"bits_per_second":	3.03048e+07,
				"omitted":	false
			}
		}, {
			"streams":	[{
					"socket":	5,
					"start":	24.0003,
					"end":	25.0003,
					"seconds":	1.00001,
					"bytes":	6976464,
					"bits_per_second":	5.58113e+07,
					"omitted":	false
				}],
			"sum":	{
				"start":	24.0003,
				"end":	25.0003,
				"seconds":	1.00001,
				"bytes":	6976464,
				"bits_per_second":	5.58113e+07,
				"omitted":	false
			}
		}, {
			"streams":	[{
					"socket":	5,
					"start":	25.0003,
					"end":	26.0005,
					"seconds":	1.00023,
					"bytes":	5137504,
					"bits_per_second":	4.10905e+07,
					"omitted":	false
				}],
			"sum":	{
				"start":	25.0003,
				"end":	26.0005,
				"seconds":	1.00023,
				"bytes":	5137504,
				"bits_per_second":	4.10905e+07,
				"omitted":	false
			}
		}, {
			"streams":	[{
					"socket":	5,
					"start":	26.0005,
					"end":	27.0001,
					"seconds":	0.999609,
					"bytes":	6087392,
					"bits_per_second":	4.87182e+07,
					"omitted":	false
				}],
			"sum":	{
				"start":	26.0005,
				"end":	27.0001,
				"seconds":	0.999609,
				"bytes":	6087392,
				"bits_per_second":	4.87182e+07,
				"omitted":	false
			}
		}, {
			"streams":	[{
					"socket":	5,
					"start":	27.0001,
					"end":	28.0017,
					"seconds":	1.00158,
					"bytes":	7211040,
					"bits_per_second":	5.75974e+07,
					"omitted":	false
				}],
			"sum":	{
				"start":	27.0001,
				"end":	28.0017,
				"seconds":	1.00158,
				"bytes":	7211040,
				"bits_per_second":	5.75974e+07,
				"omitted":	false
			}
		}, {
			"streams":	[{
					"socket":	5,
					"start":	28.0017,
					"end":	29.0006,
					"seconds":	0.998885,
					"bytes":	6436048,
					"bits_per_second":	5.15458e+07,
					"omitted":	false
				}],
			"sum":	{
				"start":	28.0017,
				"end":	29.0006,
				"seconds":	0.998885,
				"bytes":	6436048,
				"bits_per_second":	5.15458e+07,
				"omitted":	false
			}
		}, {
			"streams":	[{
					"socket":	5,
					"start":	29.0006,
					"end":	30.0002,
					"seconds":	0.999652,
					"bytes":	3145728,
					"bits_per_second":	2.51746e+07,
					"omitted":	false
				}],
			"sum":	{
				"start":	29.0006,
				"end":	30.0002,
				"seconds":	0.999652,
				"bytes":	3145728,
				"bits_per_second":	2.51746e+07,
				"omitted":	false
			}
		}, {
			"streams":	[{
					"socket":	5,
					"start":	30.0002,
					"end":	31.0001,
					"seconds":	0.999902,
					"bytes":	3145728,
					"bits_per_second":	2.51683e+07,
					"omitted":	false
				}],
			"sum":	{
				"start":	30.0002,
				"end":	31.0001,
				"seconds":	0.999902,
				"bytes":	3145728,
				"bits_per_second":	2.51683e+07,
				"omitted":	false
			}
		}, {
			"streams":	[{
					"socket":	5,
					"start":	31.0001,
					"end":	32.0003,
					"seconds":	1.00015,
					"bytes":	3145728,
					"bits_per_second":	2.51621e+07,
					"omitted":	false
				}],
			"sum":	{
				"start":	31.0001,
				"end":	32.0003,
				"seconds":	1.00015,
				"bytes":	3145728,
				"bits_per_second":	2.51621e+07,
				"omitted":	false
			}
		}, {
			"streams":	[{
					"socket":	5,
					"start":	32.0003,
					"end":	33.0005,
					"seconds":	1.0002,
					"bytes":	3145728,
					"bits_per_second":	2.51608e+07,
					"omitted":	false
				}],
			"sum":	{
				"start":	32.0003,
				"end":	33.0005,
				"seconds":	1.0002,
				"bytes":	3145728,
				"bits_per_second":	2.51608e+07,
				"omitted":	false
			}
		}, {
			"streams":	[{
					"socket":	5,
					"start":	33.0005,
					"end":	34.0006,
					"seconds":	1.00011,
					"bytes":	3014656,
					"bits_per_second":	2.41147e+07,
					"omitted":	false
				}],
			"sum":	{
				"start":	33.0005,
				"end":	34.0006,
				"seconds":	1.00011,
				"bytes":	3014656,
				"bits_per_second":	2.41147e+07,
				"omitted":	false
			}
		}, {
			"streams":	[{
					"socket":	5,
					"start":	34.0006,
					"end":	34.0272,
					"seconds":	0.0266302,
					"bytes":	0,
					"bits_per_second":	0,
					"omitted":	false
				}],
			"sum":	{
				"start":	34.0006,
				"end":	34.0272,
				"seconds":	0.0266302,
				"bytes":	0,
				"bits_per_second":	0,
				"omitted":	false
			}
		}],
	"end":	{
		"streams":	[{
				"sender":	{
					"socket":	5,
					"start":	0,
					"end":	34.0272,
					"seconds":	34.0272,
					"bytes":	105940872,
					"bits_per_second":	2.49073e+07,
					"retransmits":	245
				},
				"receiver":	{
					"socket":	5,
					"start":	0,
					"end":	34.0272,
					"seconds":	34.0272,
					"bytes":	105940872,
					"bits_per_second":	2.49073e+07
				}
			}],
		"sum_sent":	{
			"start":	0,
			"end":	34.0272,
			"seconds":	34.0272,
			"bytes":	105940872,
			"bits_per_second":	2.49073e+07,
			"retransmits":	245
		},
		"sum_received":	{
			"start":	0,
			"end":	34.0272,
			"seconds":	34.0272,
			"bytes":	105940872,
			"bits_per_second":	2.49073e+07
		},
		"cpu_utilization_percent":	{
			"host_total":	3.76789,
			"host_user":	0.471072,
			"host_system":	3.29682,
			"remote_total":	0.960948,
			"remote_user":	0.17205,
			"remote_system":	0.78861
		}
	}
}
