{
	"start":	{
		"connected":	[{
				"socket":	5,
				"local_host":	"10.0.0.9",
				"local_port":	3146,
				"remote_host":	"10.0.0.1",
				"remote_port":	43852
			}],
		"version":	"iperf 3.0.7",
		"system_info":	"Linux H9 5.4.197-0504197-generic #202206060747 SMP Mon Jun 6 09:27:47 UTC 2022 x86_64 x86_64 x86_64 GNU/Linux\n",
		"timestamp":	{
			"time":	"Fri, 22 Jul 2022 15:01:31 GMT",
			"timesecs":	1658502091
		},
		"accepted_connection":	{
			"host":	"10.0.0.1",
			"port":	43850
		},
		"cookie":	"H1.1658502091.013045.3e0667a469abe55",
		"tcp_mss_default":	1448,
		"test_start":	{
			"protocol":	"TCP",
			"num_streams":	1,
			"blksize":	131072,
			"omit":	0,
			"duration":	5,
			"bytes":	0,
			"blocks":	0,
			"reverse":	0
		}
	},
	"intervals":	[{
			"streams":	[{
					"socket":	5,
					"start":	0,
					"end":	1.00041,
					"seconds":	1.00041,
					"bytes":	1700984,
					"bits_per_second":	1.36023e+07,
					"omitted":	false
				}],
			"sum":	{
				"start":	0,
				"end":	1.00041,
				"seconds":	1.00041,
				"bytes":	1700984,
				"bits_per_second":	1.36023e+07,
				"omitted":	false
			}
		}, {
			"streams":	[{
					"socket":	5,
					"start":	1.00041,
					"end":	2.00043,
					"seconds":	1.00002,
					"bytes":	1995040,
					"bits_per_second":	1.596e+07,
					"omitted":	false
				}],
			"sum":	{
				"start":	1.00041,
				"end":	2.00043,
				"seconds":	1.00002,
				"bytes":	1995040,
				"bits_per_second":	1.596e+07,
				"omitted":	false
			}
		}, {
			"streams":	[{
					"socket":	5,
					"start":	2.00043,
					"end":	3.00019,
					"seconds":	0.999759,
					"bytes":	1839352,
					"bits_per_second":	1.47184e+07,
					"omitted":	false
				}],
			"sum":	{
				"start":	2.00043,
				"end":	3.00019,
				"seconds":	0.999759,
				"bytes":	1839352,
				"bits_per_second":	1.47184e+07,
				"omitted":	false
			}
		}, {
			"streams":	[{
					"socket":	5,
					"start":	3.00019,
					"end":	4.00046,
					"seconds":	1.00028,
					"bytes":	1836456,
					"bits_per_second":	1.46876e+07,
					"omitted":	false
				}],
			"sum":	{
				"start":	3.00019,
				"end":	4.00046,
				"seconds":	1.00028,
				"bytes":	1836456,
				"bits_per_second":	1.46876e+07,
				"omitted":	false
			}
		}, {
			"streams":	[{
					"socket":	5,
					"start":	4.00046,
					"end":	4.99996,
					"seconds":	0.999494,
					"bytes":	1931328,
					"bits_per_second":	1.54584e+07,
					"omitted":	false
				}],
			"sum":	{
				"start":	4.00046,
				"end":	4.99996,
				"seconds":	0.999494,
				"bytes":	1931328,
				"bits_per_second":	1.54584e+07,
				"omitted":	false
			}
		}],
	"end":	{
		"streams":	[{
				"sender":	{
					"socket":	5,
					"start":	0,
					"end":	4.99996,
					"seconds":	4.99996,
					"bytes":	9303160,
					"bits_per_second":	1.48852e+07,
					"retransmits":	0
				},
				"receiver":	{
					"socket":	5,
					"start":	0,
					"end":	4.99996,
					"seconds":	4.99996,
					"bytes":	9303160,
					"bits_per_second":	1.48852e+07
				}
			}],
		"sum_sent":	{
			"start":	0,
			"end":	4.99996,
			"seconds":	4.99996,
			"bytes":	9303160,
			"bits_per_second":	1.48852e+07,
			"retransmits":	0
		},
		"sum_received":	{
			"start":	0,
			"end":	4.99996,
			"seconds":	4.99996,
			"bytes":	9303160,
			"bits_per_second":	1.48852e+07
		},
		"cpu_utilization_percent":	{
			"host_total":	1.62964,
			"host_user":	0.576573,
			"host_system":	1.05299,
			"remote_total":	0.483305,
			"remote_user":	0.27654,
			"remote_system":	0.206725
		}
	}
}
