{
	"start":	{
		"connected":	[{
				"socket":	5,
				"local_host":	"10.0.0.12",
				"local_port":	1228,
				"remote_host":	"10.0.0.2",
				"remote_port":	55844
			}],
		"version":	"iperf 3.0.7",
		"system_info":	"Linux MECS5 5.4.197-0504197-generic #202206060747 SMP Mon Jun 6 09:27:47 UTC 2022 x86_64 x86_64 x86_64 GNU/Linux\n",
		"timestamp":	{
			"time":	"Mon, 25 Jul 2022 21:47:09 GMT",
			"timesecs":	1658785629
		},
		"accepted_connection":	{
			"host":	"10.0.0.2",
			"port":	55842
		},
		"cookie":	"BS2.1658785628.740534.5cd3aeb062d8f8",
		"tcp_mss_default":	1448,
		"test_start":	{
			"protocol":	"TCP",
			"num_streams":	1,
			"blksize":	131072,
			"omit":	0,
			"duration":	18,
			"bytes":	0,
			"blocks":	0,
			"reverse":	0
		}
	},
	"intervals":	[{
			"streams":	[{
					"socket":	5,
					"start":	0,
					"end":	1.00547,
					"seconds":	1.00547,
					"bytes":	95568,
					"bits_per_second":	760387,
					"omitted":	false
				}],
			"sum":	{
				"start":	0,
				"end":	1.00547,
				"seconds":	1.00547,
				"bytes":	95568,
				"bits_per_second":	760387,
				"omitted":	false
			}
		}, {
			"streams":	[{
					"socket":	5,
					"start":	1.00547,
					"end":	2.00051,
					"seconds":	0.995047,
					"bytes":	390960,
					"bits_per_second":	3.14325e+06,
					"omitted":	false
				}],
			"sum":	{
				"start":	1.00547,
				"end":	2.00051,
				"seconds":	0.995047,
				"bytes":	390960,
				"bits_per_second":	3.14325e+06,
				"omitted":	false
			}
		}, {
			"streams":	[{
					"socket":	5,
					"start":	2.00051,
					"end":	3.00042,
					"seconds":	0.99991,
					"bytes":	613952,
					"bits_per_second":	4.91206e+06,
					"omitted":	false
				}],
			"sum":	{
				"start":	2.00051,
				"end":	3.00042,
				"seconds":	0.99991,
				"bytes":	613952,
				"bits_per_second":	4.91206e+06,
				"omitted":	false
			}
		}, {
			"streams":	[{
					"socket":	5,
					"start":	3.00042,
					"end":	4.00487,
					"seconds":	1.00444,
					"bytes":	576304,
					"bits_per_second":	4.59004e+06,
					"omitted":	false
				}],
			"sum":	{
				"start":	3.00042,
				"end":	4.00487,
				"seconds":	1.00444,
				"bytes":	576304,
				"bits_per_second":	4.59004e+06,
				"omitted":	false
			}
		}, {
			"streams":	[{
					"socket":	5,
					"start":	4.00487,
					"end":	5.00036,
					"seconds":	0.995493,
					"bytes":	246160,
					"bits_per_second":	1.9782e+06,
					"omitted":	false
				}],
			"sum":	{
				"start":	4.00487,
				"end":	5.00036,
				"seconds":	0.995493,
				"bytes":	246160,
				"bits_per_second":	1.9782e+06,
				"omitted":	false
			}
		}, {
			"streams":	[{
					"socket":	5,
					"start":	5.00036,
					"end":	6.00211,
					"seconds":	1.00175,
					"bytes":	201272,
					"bits_per_second":	1.60736e+06,
					"omitted":	false
				}],
			"sum":	{
				"start":	5.00036,
				"end":	6.00211,
				"seconds":	1.00175,
				"bytes":	201272,
				"bits_per_second":	1.60736e+06,
				"omitted":	false
			}
		}, {
			"streams":	[{
					"socket":	5,
					"start":	6.00211,
					"end":	7.00144,
					"seconds":	0.999329,
					"bytes":	299736,
					"bits_per_second":	2.3995e+06,
					"omitted":	false
				}],
			"sum":	{
				"start":	6.00211,
				"end":	7.00144,
				"seconds":	0.999329,
				"bytes":	299736,
				"bits_per_second":	2.3995e+06,
				"omitted":	false
			}
		}, {
			"streams":	[{
					"socket":	5,
					"start":	7.00144,
					"end":	8.01714,
					"seconds":	1.01571,
					"bytes":	222992,
					"bits_per_second":	1.75635e+06,
					"omitted":	false
				}],
			"sum":	{
				"start":	7.00144,
				"end":	8.01714,
				"seconds":	1.01571,
				"bytes":	222992,
				"bits_per_second":	1.75635e+06,
				"omitted":	false
			}
		}, {
			"streams":	[{
					"socket":	5,
					"start":	8.01714,
					"end":	9.00017,
					"seconds":	0.983025,
					"bytes":	324352,
					"bits_per_second":	2.63962e+06,
					"omitted":	false
				}],
			"sum":	{
				"start":	8.01714,
				"end":	9.00017,
				"seconds":	0.983025,
				"bytes":	324352,
				"bits_per_second":	2.63962e+06,
				"omitted":	false
			}
		}, {
			"streams":	[{
					"socket":	5,
					"start":	9.00017,
					"end":	10.0014,
					"seconds":	1.0012,
					"bytes":	626984,
					"bits_per_second":	5.00986e+06,
					"omitted":	false
				}],
			"sum":	{
				"start":	9.00017,
				"end":	10.0014,
				"seconds":	1.0012,
				"bytes":	626984,
				"bits_per_second":	5.00986e+06,
				"omitted":	false
			}
		}, {
			"streams":	[{
					"socket":	5,
					"start":	10.0014,
					"end":	11.0203,
					"seconds":	1.0189,
					"bytes":	1184464,
					"bits_per_second":	9.29999e+06,
					"omitted":	false
				}],
			"sum":	{
				"start":	10.0014,
				"end":	11.0203,
				"seconds":	1.0189,
				"bytes":	1184464,
				"bits_per_second":	9.29999e+06,
				"omitted":	false
			}
		}, {
			"streams":	[{
					"socket":	5,
					"start":	11.0203,
					"end":	12.0004,
					"seconds":	0.980102,
					"bytes":	2386304,
					"bits_per_second":	1.9478e+07,
					"omitted":	false
				}],
			"sum":	{
				"start":	11.0203,
				"end":	12.0004,
				"seconds":	0.980102,
				"bytes":	2386304,
				"bits_per_second":	1.9478e+07,
				"omitted":	false
			}
		}, {
			"streams":	[{
					"socket":	5,
					"start":	12.0004,
					"end":	13.0068,
					"seconds":	1.00645,
					"bytes":	3150848,
					"bits_per_second":	2.50453e+07,
					"omitted":	false
				}],
			"sum":	{
				"start":	12.0004,
				"end":	13.0068,
				"seconds":	1.00645,
				"bytes":	3150848,
				"bits_per_second":	2.50453e+07,
				"omitted":	false
			}
		}, {
			"streams":	[{
					"socket":	5,
					"start":	13.0068,
					"end":	14.0005,
					"seconds":	0.993689,
					"bytes":	5564664,
					"bits_per_second":	4.48001e+07,
					"omitted":	false
				}],
			"sum":	{
				"start":	13.0068,
				"end":	14.0005,
				"seconds":	0.993689,
				"bytes":	5564664,
				"bits_per_second":	4.48001e+07,
				"omitted":	false
			}
		}, {
			"streams":	[{
					"socket":	5,
					"start":	14.0005,
					"end":	15.0001,
					"seconds":	0.999564,
					"bytes":	7379008,
					"bits_per_second":	5.90578e+07,
					"omitted":	false
				}],
			"sum":	{
				"start":	14.0005,
				"end":	15.0001,
				"seconds":	0.999564,
				"bytes":	7379008,
				"bits_per_second":	5.90578e+07,
				"omitted":	false
			}
		}, {
			"streams":	[{
					"socket":	5,
					"start":	15.0001,
					"end":	16.0001,
					"seconds":	1.00004,
					"bytes":	13254992,
					"bits_per_second":	1.06035e+08,
					"omitted":	false
				}],
			"sum":	{
				"start":	15.0001,
				"end":	16.0001,
				"seconds":	1.00004,
				"bytes":	13254992,
				"bits_per_second":	1.06035e+08,
				"omitted":	false
			}
		}, {
			"streams":	[{
					"socket":	5,
					"start":	16.0001,
					"end":	17.0012,
					"seconds":	1.00104,
					"bytes":	14459728,
					"bits_per_second":	1.15558e+08,
					"omitted":	false
				}],
			"sum":	{
				"start":	16.0001,
				"end":	17.0012,
				"seconds":	1.00104,
				"bytes":	14459728,
				"bits_per_second":	1.15558e+08,
				"omitted":	false
			}
		}, {
			"streams":	[{
					"socket":	5,
					"start":	17.0012,
					"end":	18.0138,
					"seconds":	1.01268,
					"bytes":	9962296,
					"bits_per_second":	7.87005e+07,
					"omitted":	false
				}],
			"sum":	{
				"start":	17.0012,
				"end":	18.0138,
				"seconds":	1.01268,
				"bytes":	9962296,
				"bits_per_second":	7.87005e+07,
				"omitted":	false
			}
		}, {
			"streams":	[{
					"socket":	5,
					"start":	18.0138,
					"end":	18.2373,
					"seconds":	0.223514,
					"bytes":	3365096,
					"bits_per_second":	1.20443e+08,
					"omitted":	false
				}],
			"sum":	{
				"start":	18.0138,
				"end":	18.2373,
				"seconds":	0.223514,
				"bytes":	3365096,
				"bits_per_second":	1.20443e+08,
				"omitted":	false
			}
		}],
	"end":	{
		"streams":	[{
				"sender":	{
					"socket":	5,
					"start":	0,
					"end":	18.2373,
					"seconds":	18.2373,
					"bytes":	67886552,
					"bits_per_second":	2.97791e+07,
					"retransmits":	38
				},
				"receiver":	{
					"socket":	5,
					"start":	0,
					"end":	18.2373,
					"seconds":	18.2373,
					"bytes":	64305680,
					"bits_per_second":	2.82084e+07
				}
			}],
		"sum_sent":	{
			"start":	0,
			"end":	18.2373,
			"seconds":	18.2373,
			"bytes":	67886552,
			"bits_per_second":	2.97791e+07,
			"retransmits":	38
		},
		"sum_received":	{
			"start":	0,
			"end":	18.2373,
			"seconds":	18.2373,
			"bytes":	64305680,
			"bits_per_second":	2.82084e+07
		},
		"cpu_utilization_percent":	{
			"host_total":	3.70498,
			"host_user":	0.223871,
			"host_system":	3.4811,
			"remote_total":	1.50901,
			"remote_user":	0.286244,
			"remote_system":	1.22275
		}
	}
}
