{
	"start":	{
		"connected":	[{
				"socket":	5,
				"local_host":	"10.0.0.8",
				"local_port":	3299,
				"remote_host":	"10.0.0.2",
				"remote_port":	34066
			}],
		"version":	"iperf 3.0.7",
		"system_info":	"Linux H8 5.4.197-0504197-generic #202206060747 SMP Mon Jun 6 09:27:47 UTC 2022 x86_64 x86_64 x86_64 GNU/Linux\n",
		"timestamp":	{
			"time":	"Fri, 22 Jul 2022 16:28:03 GMT",
			"timesecs":	1658507283
		},
		"accepted_connection":	{
			"host":	"10.0.0.2",
			"port":	34064
		},
		"cookie":	"H2.1658507283.276927.132e7503763f3bd",
		"tcp_mss_default":	1448,
		"test_start":	{
			"protocol":	"TCP",
			"num_streams":	1,
			"blksize":	131072,
			"omit":	0,
			"duration":	5,
			"bytes":	0,
			"blocks":	0,
			"reverse":	0
		}
	},
	"intervals":	[{
			"streams":	[{
					"socket":	5,
					"start":	0,
					"end":	1.00017,
					"seconds":	1.00017,
					"bytes":	1703936,
					"bits_per_second":	1.36292e+07,
					"omitted":	false
				}],
			"sum":	{
				"start":	0,
				"end":	1.00017,
				"seconds":	1.00017,
				"bytes":	1703936,
				"bits_per_second":	1.36292e+07,
				"omitted":	false
			}
		}, {
			"streams":	[{
					"socket":	5,
					"start":	1.00017,
					"end":	2.0005,
					"seconds":	1.00033,
					"bytes":	1966080,
					"bits_per_second":	1.57234e+07,
					"omitted":	false
				}],
			"sum":	{
				"start":	1.00017,
				"end":	2.0005,
				"seconds":	1.00033,
				"bytes":	1966080,
				"bits_per_second":	1.57234e+07,
				"omitted":	false
			}
		}, {
			"streams":	[{
					"socket":	5,
					"start":	2.0005,
					"end":	3.00093,
					"seconds":	1.00042,
					"bytes":	1835008,
					"bits_per_second":	1.46739e+07,
					"omitted":	false
				}],
			"sum":	{
				"start":	2.0005,
				"end":	3.00093,
				"seconds":	1.00042,
				"bytes":	1835008,
				"bits_per_second":	1.46739e+07,
				"omitted":	false
			}
		}, {
			"streams":	[{
					"socket":	5,
					"start":	3.00093,
					"end":	4.00035,
					"seconds":	0.999424,
					"bytes":	1835008,
					"bits_per_second":	1.46885e+07,
					"omitted":	false
				}],
			"sum":	{
				"start":	3.00093,
				"end":	4.00035,
				"seconds":	0.999424,
				"bytes":	1835008,
				"bits_per_second":	1.46885e+07,
				"omitted":	false
			}
		}, {
			"streams":	[{
					"socket":	5,
					"start":	4.00035,
					"end":	5.00041,
					"seconds":	1.00006,
					"bytes":	1966080,
					"bits_per_second":	1.57277e+07,
					"omitted":	false
				}],
			"sum":	{
				"start":	4.00035,
				"end":	5.00041,
				"seconds":	1.00006,
				"bytes":	1966080,
				"bits_per_second":	1.57277e+07,
				"omitted":	false
			}
		}],
	"end":	{
		"streams":	[{
				"sender":	{
					"socket":	5,
					"start":	0,
					"end":	5.00041,
					"seconds":	5.00041,
					"bytes":	9306112,
					"bits_per_second":	1.48886e+07,
					"retransmits":	0
				},
				"receiver":	{
					"socket":	5,
					"start":	0,
					"end":	5.00041,
					"seconds":	5.00041,
					"bytes":	9306112,
					"bits_per_second":	1.48886e+07
				}
			}],
		"sum_sent":	{
			"start":	0,
			"end":	5.00041,
			"seconds":	5.00041,
			"bytes":	9306112,
			"bits_per_second":	1.48886e+07,
			"retransmits":	0
		},
		"sum_received":	{
			"start":	0,
			"end":	5.00041,
			"seconds":	5.00041,
			"bytes":	9306112,
			"bits_per_second":	1.48886e+07
		},
		"cpu_utilization_percent":	{
			"host_total":	1.19042,
			"host_user":	1.19046,
			"host_system":	0,
			"remote_total":	0.478895,
			"remote_user":	0,
			"remote_system":	0.478835
		}
	}
}
{
	"start":	{
		"connected":	[],
		"version":	"iperf 3.0.7",
		"system_info":	"Linux H8 5.4.197-0504197-generic #202206060747 SMP Mon Jun 6 09:27:47 UTC 2022 x86_64 x86_64 x86_64 GNU/Linux\n"
	},
	"intervals":	[],
	"end":	{
	},
	"error":	"interrupt - the server has terminated"
}
