{
	"start":	{
		"connected":	[{
				"socket":	5,
				"local_host":	"10.0.0.7",
				"local_port":	1915,
				"remote_host":	"10.0.0.4",
				"remote_port":	34734
			}],
		"version":	"iperf 3.7",
		"system_info":	"Linux H7 5.4.197-0504197-generic #202206060747 SMP Mon Jun 6 09:27:47 UTC 2022 x86_64",
		"target_bitrate":	15000000,
		"sock_bufsize":	0,
		"sndbuf_actual":	87380,
		"rcvbuf_actual":	87380,
		"timestamp":	{
			"time":	"Mon, 01 Aug 2022 00:24:25 GMT",
			"timesecs":	1659313465
		},
		"accepted_connection":	{
			"host":	"10.0.0.4",
			"port":	34732
		},
		"cookie":	"x5kbg3gmfhypnivqlfpwl7vq3wjy6kxailjq",
		"tcp_mss_default":	0,
		"target_bitrate":	15000000,
		"test_start":	{
			"protocol":	"TCP",
			"num_streams":	1,
			"blksize":	131072,
			"omit":	0,
			"duration":	5,
			"bytes":	0,
			"blocks":	0,
			"reverse":	0,
			"tos":	0
		}
	},
	"intervals":	[{
			"streams":	[{
					"socket":	5,
					"start":	0,
					"end":	1.00029,
					"seconds":	1.0002900362014771,
					"bytes":	1966080,
					"bits_per_second":	15724079.447725259,
					"omitted":	false,
					"sender":	false
				}],
			"sum":	{
				"start":	0,
				"end":	1.00029,
				"seconds":	1.0002900362014771,
				"bytes":	1966080,
				"bits_per_second":	15724079.447725259,
				"omitted":	false,
				"sender":	false
			}
		}, {
			"streams":	[{
					"socket":	5,
					"start":	1.00029,
					"end":	2.000293,
					"seconds":	1.0000029802322388,
					"bytes":	1835008,
					"bits_per_second":	14680020.250130385,
					"omitted":	false,
					"sender":	false
				}],
			"sum":	{
				"start":	1.00029,
				"end":	2.000293,
				"seconds":	1.0000029802322388,
				"bytes":	1835008,
				"bits_per_second":	14680020.250130385,
				"omitted":	false,
				"sender":	false
			}
		}, {
			"streams":	[{
					"socket":	5,
					"start":	2.000293,
					"end":	3.000454,
					"seconds":	1.0001610517501831,
					"bytes":	1835008,
					"bits_per_second":	14677700.130705288,
					"omitted":	false,
					"sender":	false
				}],
			"sum":	{
				"start":	2.000293,
				"end":	3.000454,
				"seconds":	1.0001610517501831,
				"bytes":	1835008,
				"bits_per_second":	14677700.130705288,
				"omitted":	false,
				"sender":	false
			}
		}, {
			"streams":	[{
					"socket":	5,
					"start":	3.000454,
					"end":	4.000411,
					"seconds":	0.99995702505111694,
					"bytes":	1966080,
					"bits_per_second":	15729315.966549627,
					"omitted":	false,
					"sender":	false
				}],
			"sum":	{
				"start":	3.000454,
				"end":	4.000411,
				"seconds":	0.99995702505111694,
				"bytes":	1966080,
				"bits_per_second":	15729315.966549627,
				"omitted":	false,
				"sender":	false
			}
		}, {
			"streams":	[{
					"socket":	5,
					"start":	4.000411,
					"end":	5.000468,
					"seconds":	1.0000569820404053,
					"bytes":	1835008,
					"bits_per_second":	14679227.547662761,
					"omitted":	false,
					"sender":	false
				}],
			"sum":	{
				"start":	4.000411,
				"end":	5.000468,
				"seconds":	1.0000569820404053,
				"bytes":	1835008,
				"bits_per_second":	14679227.547662761,
				"omitted":	false,
				"sender":	false
			}
		}],
	"end":	{
		"streams":	[{
				"sender":	{
					"socket":	5,
					"start":	0,
					"end":	5.000675,
					"seconds":	5.000675,
					"bytes":	0,
					"bits_per_second":	0,
					"sender":	false
				},
				"receiver":	{
					"socket":	5,
					"start":	0,
					"end":	5.000675,
					"seconds":	5.000675,
					"bytes":	9437184,
					"bits_per_second":	15097456.24340714,
					"sender":	false
				}
			}],
		"sum_sent":	{
			"start":	0,
			"end":	5.000675,
			"seconds":	5.000675,
			"bytes":	0,
			"bits_per_second":	0,
			"sender":	false
		},
		"sum_received":	{
			"start":	0,
			"end":	5.000675,
			"seconds":	5.000675,
			"bytes":	9437184,
			"bits_per_second":	15097456.24340714,
			"sender":	false
		},
		"cpu_utilization_percent":	{
			"host_total":	2.2823573327052116,
			"host_user":	0,
			"host_system":	2.2823772941994891,
			"remote_total":	0,
			"remote_user":	0,
			"remote_system":	0
		},
		"receiver_tcp_congestion":	"cubic"
	}
}
