{
	"start":	{
		"connected":	[{
				"socket":	5,
				"local_host":	"10.0.0.11",
				"local_port":	2968,
				"remote_host":	"10.0.0.6",
				"remote_port":	60170
			}],
		"version":	"iperf 3.0.7",
		"system_info":	"Linux MECS4 5.4.197-0504197-generic #202206060747 SMP Mon Jun 6 09:27:47 UTC 2022 x86_64 x86_64 x86_64 GNU/Linux\n",
		"timestamp":	{
			"time":	"Mon, 25 Jul 2022 21:50:40 GMT",
			"timesecs":	1658785840
		},
		"accepted_connection":	{
			"host":	"10.0.0.6",
			"port":	60168
		},
		"cookie":	"BS6.1658785840.031268.4b6408127a1704",
		"tcp_mss_default":	1448,
		"test_start":	{
			"protocol":	"TCP",
			"num_streams":	1,
			"blksize":	131072,
			"omit":	0,
			"duration":	25,
			"bytes":	0,
			"blocks":	0,
			"reverse":	0
		}
	},
	"intervals":	[{
			"streams":	[{
					"socket":	5,
					"start":	0,
					"end":	1.00104,
					"seconds":	1.00104,
					"bytes":	11393768,
					"bits_per_second":	9.10551e+07,
					"omitted":	false
				}],
			"sum":	{
				"start":	0,
				"end":	1.00104,
				"seconds":	1.00104,
				"bytes":	11393768,
				"bits_per_second":	9.10551e+07,
				"omitted":	false
			}
		}, {
			"streams":	[{
					"socket":	5,
					"start":	1.00104,
					"end":	2.00012,
					"seconds":	0.99908,
					"bytes":	12451840,
					"bits_per_second":	9.97064e+07,
					"omitted":	false
				}],
			"sum":	{
				"start":	1.00104,
				"end":	2.00012,
				"seconds":	0.99908,
				"bytes":	12451840,
				"bits_per_second":	9.97064e+07,
				"omitted":	false
			}
		}, {
			"streams":	[{
					"socket":	5,
					"start":	2.00012,
					"end":	3.00019,
					"seconds":	1.00007,
					"bytes":	12451840,
					"bits_per_second":	9.96079e+07,
					"omitted":	false
				}],
			"sum":	{
				"start":	2.00012,
				"end":	3.00019,
				"seconds":	1.00007,
				"bytes":	12451840,
				"bits_per_second":	9.96079e+07,
				"omitted":	false
			}
		}, {
			"streams":	[{
					"socket":	5,
					"start":	3.00019,
					"end":	4.00027,
					"seconds":	1.00008,
					"bytes":	12582912,
					"bits_per_second":	1.00655e+08,
					"omitted":	false
				}],
			"sum":	{
				"start":	3.00019,
				"end":	4.00027,
				"seconds":	1.00008,
				"bytes":	12582912,
				"bits_per_second":	1.00655e+08,
				"omitted":	false
			}
		}, {
			"streams":	[{
					"socket":	5,
					"start":	4.00027,
					"end":	5.00052,
					"seconds":	1.00024,
					"bytes":	12451840,
					"bits_per_second":	9.95903e+07,
					"omitted":	false
				}],
			"sum":	{
				"start":	4.00027,
				"end":	5.00052,
				"seconds":	1.00024,
				"bytes":	12451840,
				"bits_per_second":	9.95903e+07,
				"omitted":	false
			}
		}, {
			"streams":	[{
					"socket":	5,
					"start":	5.00052,
					"end":	6.00018,
					"seconds":	0.999661,
					"bytes":	12451840,
					"bits_per_second":	9.96485e+07,
					"omitted":	false
				}],
			"sum":	{
				"start":	5.00052,
				"end":	6.00018,
				"seconds":	0.999661,
				"bytes":	12451840,
				"bits_per_second":	9.96485e+07,
				"omitted":	false
			}
		}, {
			"streams":	[{
					"socket":	5,
					"start":	6.00018,
					"end":	7.0001,
					"seconds":	0.999919,
					"bytes":	12582912,
					"bits_per_second":	1.00671e+08,
					"omitted":	false
				}],
			"sum":	{
				"start":	6.00018,
				"end":	7.0001,
				"seconds":	0.999919,
				"bytes":	12582912,
				"bits_per_second":	1.00671e+08,
				"omitted":	false
			}
		}, {
			"streams":	[{
					"socket":	5,
					"start":	7.0001,
					"end":	8.0009,
					"seconds":	1.00081,
					"bytes":	12451840,
					"bits_per_second":	9.95345e+07,
					"omitted":	false
				}],
			"sum":	{
				"start":	7.0001,
				"end":	8.0009,
				"seconds":	1.00081,
				"bytes":	12451840,
				"bits_per_second":	9.95345e+07,
				"omitted":	false
			}
		}, {
			"streams":	[{
					"socket":	5,
					"start":	8.0009,
					"end":	9.00016,
					"seconds":	0.999256,
					"bytes":	12451840,
					"bits_per_second":	9.96889e+07,
					"omitted":	false
				}],
			"sum":	{
				"start":	8.0009,
				"end":	9.00016,
				"seconds":	0.999256,
				"bytes":	12451840,
				"bits_per_second":	9.96889e+07,
				"omitted":	false
			}
		}, {
			"streams":	[{
					"socket":	5,
					"start":	9.00016,
					"end":	10.0004,
					"seconds":	1.00026,
					"bytes":	12582912,
					"bits_per_second":	1.00637e+08,
					"omitted":	false
				}],
			"sum":	{
				"start":	9.00016,
				"end":	10.0004,
				"seconds":	1.00026,
				"bytes":	12582912,
				"bits_per_second":	1.00637e+08,
				"omitted":	false
			}
		}, {
			"streams":	[{
					"socket":	5,
					"start":	10.0004,
					"end":	11.0002,
					"seconds":	0.999792,
					"bytes":	12451840,
					"bits_per_second":	9.96354e+07,
					"omitted":	false
				}],
			"sum":	{
				"start":	10.0004,
				"end":	11.0002,
				"seconds":	0.999792,
				"bytes":	12451840,
				"bits_per_second":	9.96354e+07,
				"omitted":	false
			}
		}, {
			"streams":	[{
					"socket":	5,
					"start":	11.0002,
					"end":	12.0004,
					"seconds":	1.00018,
					"bytes":	12582912,
					"bits_per_second":	1.00646e+08,
					"omitted":	false
				}],
			"sum":	{
				"start":	11.0002,
				"end":	12.0004,
				"seconds":	1.00018,
				"bytes":	12582912,
				"bits_per_second":	1.00646e+08,
				"omitted":	false
			}
		}, {
			"streams":	[{
					"socket":	5,
					"start":	12.0004,
					"end":	13.0042,
					"seconds":	1.00382,
					"bytes":	12451840,
					"bits_per_second":	9.9236e+07,
					"omitted":	false
				}],
			"sum":	{
				"start":	12.0004,
				"end":	13.0042,
				"seconds":	1.00382,
				"bytes":	12451840,
				"bits_per_second":	9.9236e+07,
				"omitted":	false
			}
		}, {
			"streams":	[{
					"socket":	5,
					"start":	13.0042,
					"end":	14.002,
					"seconds":	0.997836,
					"bytes":	12582912,
					"bits_per_second":	1.00882e+08,
					"omitted":	false
				}],
			"sum":	{
				"start":	13.0042,
				"end":	14.002,
				"seconds":	0.997836,
				"bytes":	12582912,
				"bits_per_second":	1.00882e+08,
				"omitted":	false
			}
		}, {
			"streams":	[{
					"socket":	5,
					"start":	14.002,
					"end":	15.0011,
					"seconds":	0.99908,
					"bytes":	12451840,
					"bits_per_second":	9.97065e+07,
					"omitted":	false
				}],
			"sum":	{
				"start":	14.002,
				"end":	15.0011,
				"seconds":	0.99908,
				"bytes":	12451840,
				"bits_per_second":	9.97065e+07,
				"omitted":	false
			}
		}, {
			"streams":	[{
					"socket":	5,
					"start":	15.0011,
					"end":	16.0004,
					"seconds":	0.999247,
					"bytes":	12451840,
					"bits_per_second":	9.96898e+07,
					"omitted":	false
				}],
			"sum":	{
				"start":	15.0011,
				"end":	16.0004,
				"seconds":	0.999247,
				"bytes":	12451840,
				"bits_per_second":	9.96898e+07,
				"omitted":	false
			}
		}, {
			"streams":	[{
					"socket":	5,
					"start":	16.0004,
					"end":	17.0009,
					"seconds":	1.00051,
					"bytes":	12451840,
					"bits_per_second":	9.95637e+07,
					"omitted":	false
				}],
			"sum":	{
				"start":	16.0004,
				"end":	17.0009,
				"seconds":	1.00051,
				"bytes":	12451840,
				"bits_per_second":	9.95637e+07,
				"omitted":	false
			}
		}, {
			"streams":	[{
					"socket":	5,
					"start":	17.0009,
					"end":	18.0001,
					"seconds":	0.999238,
					"bytes":	12582912,
					"bits_per_second":	1.0074e+08,
					"omitted":	false
				}],
			"sum":	{
				"start":	17.0009,
				"end":	18.0001,
				"seconds":	0.999238,
				"bytes":	12582912,
				"bits_per_second":	1.0074e+08,
				"omitted":	false
			}
		}, {
			"streams":	[{
					"socket":	5,
					"start":	18.0001,
					"end":	19.0007,
					"seconds":	1.00058,
					"bytes":	12451840,
					"bits_per_second":	9.95571e+07,
					"omitted":	false
				}],
			"sum":	{
				"start":	18.0001,
				"end":	19.0007,
				"seconds":	1.00058,
				"bytes":	12451840,
				"bits_per_second":	9.95571e+07,
				"omitted":	false
			}
		}, {
			"streams":	[{
					"socket":	5,
					"start":	19.0007,
					"end":	20.006,
					"seconds":	1.00532,
					"bytes":	12582912,
					"bits_per_second":	1.00131e+08,
					"omitted":	false
				}],
			"sum":	{
				"start":	19.0007,
				"end":	20.006,
				"seconds":	1.00532,
				"bytes":	12582912,
				"bits_per_second":	1.00131e+08,
				"omitted":	false
			}
		}, {
			"streams":	[{
					"socket":	5,
					"start":	20.006,
					"end":	21.0002,
					"seconds":	0.994216,
					"bytes":	12451840,
					"bits_per_second":	1.00194e+08,
					"omitted":	false
				}],
			"sum":	{
				"start":	20.006,
				"end":	21.0002,
				"seconds":	0.994216,
				"bytes":	12451840,
				"bits_per_second":	1.00194e+08,
				"omitted":	false
			}
		}, {
			"streams":	[{
					"socket":	5,
					"start":	21.0002,
					"end":	22.0005,
					"seconds":	1.00031,
					"bytes":	12582912,
					"bits_per_second":	1.00632e+08,
					"omitted":	false
				}],
			"sum":	{
				"start":	21.0002,
				"end":	22.0005,
				"seconds":	1.00031,
				"bytes":	12582912,
				"bits_per_second":	1.00632e+08,
				"omitted":	false
			}
		}, {
			"streams":	[{
					"socket":	5,
					"start":	22.0005,
					"end":	23.0004,
					"seconds":	0.999905,
					"bytes":	12451840,
					"bits_per_second":	9.96242e+07,
					"omitted":	false
				}],
			"sum":	{
				"start":	22.0005,
				"end":	23.0004,
				"seconds":	0.999905,
				"bytes":	12451840,
				"bits_per_second":	9.96242e+07,
				"omitted":	false
			}
		}, {
			"streams":	[{
					"socket":	5,
					"start":	23.0004,
					"end":	24.0006,
					"seconds":	1.00017,
					"bytes":	12451840,
					"bits_per_second":	9.95982e+07,
					"omitted":	false
				}],
			"sum":	{
				"start":	23.0004,
				"end":	24.0006,
				"seconds":	1.00017,
				"bytes":	12451840,
				"bits_per_second":	9.95982e+07,
				"omitted":	false
			}
		}, {
			"streams":	[{
					"socket":	5,
					"start":	24.0006,
					"end":	25.0009,
					"seconds":	1.00029,
					"bytes":	12451840,
					"bits_per_second":	9.95861e+07,
					"omitted":	false
				}],
			"sum":	{
				"start":	24.0006,
				"end":	25.0009,
				"seconds":	1.00029,
				"bytes":	12451840,
				"bits_per_second":	9.95861e+07,
				"omitted":	false
			}
		}, {
			"streams":	[{
					"socket":	5,
					"start":	25.0009,
					"end":	25.0084,
					"seconds":	0.00753498,
					"bytes":	0,
					"bits_per_second":	0,
					"omitted":	false
				}],
			"sum":	{
				"start":	25.0009,
				"end":	25.0084,
				"seconds":	0.00753498,
				"bytes":	0,
				"bits_per_second":	0,
				"omitted":	false
			}
		}],
	"end":	{
		"streams":	[{
				"sender":	{
					"socket":	5,
					"start":	0,
					"end":	25.0084,
					"seconds":	25.0084,
					"bytes":	311286504,
					"bits_per_second":	9.95781e+07,
					"retransmits":	16
				},
				"receiver":	{
					"socket":	5,
					"start":	0,
					"end":	25.0084,
					"seconds":	25.0084,
					"bytes":	311286504,
					"bits_per_second":	9.95781e+07
				}
			}],
		"sum_sent":	{
			"start":	0,
			"end":	25.0084,
			"seconds":	25.0084,
			"bytes":	311286504,
			"bits_per_second":	9.95781e+07,
			"retransmits":	16
		},
		"sum_received":	{
			"start":	0,
			"end":	25.0084,
			"seconds":	25.0084,
			"bytes":	311286504,
			"bits_per_second":	9.95781e+07
		},
		"cpu_utilization_percent":	{
			"host_total":	4.19677,
			"host_user":	0.233898,
			"host_system":	3.96287,
			"remote_total":	1.62209,
			"remote_user":	0.0862422,
			"remote_system":	1.53584
		}
	}
}
