{
	"start":	{
		"connected":	[{
				"socket":	5,
				"local_host":	"10.0.0.11",
				"local_port":	2494,
				"remote_host":	"10.0.0.7",
				"remote_port":	37016
			}],
		"version":	"iperf 3.0.7",
		"system_info":	"Linux MECS4 5.4.197-0504197-generic #202206060747 SMP Mon Jun 6 09:27:47 UTC 2022 x86_64 x86_64 x86_64 GNU/Linux\n",
		"timestamp":	{
			"time":	"Mon, 25 Jul 2022 21:46:06 GMT",
			"timesecs":	1658785566
		},
		"accepted_connection":	{
			"host":	"10.0.0.7",
			"port":	37014
		},
		"cookie":	"BS7.1658785566.778967.33e092b6648d7a",
		"tcp_mss_default":	1448,
		"test_start":	{
			"protocol":	"TCP",
			"num_streams":	1,
			"blksize":	131072,
			"omit":	0,
			"duration":	12,
			"bytes":	0,
			"blocks":	0,
			"reverse":	0
		}
	},
	"intervals":	[{
			"streams":	[{
					"socket":	5,
					"start":	0,
					"end":	1.00025,
					"seconds":	1.00025,
					"bytes":	5715736,
					"bits_per_second":	4.57147e+07,
					"omitted":	false
				}],
			"sum":	{
				"start":	0,
				"end":	1.00025,
				"seconds":	1.00025,
				"bytes":	5715736,
				"bits_per_second":	4.57147e+07,
				"omitted":	false
			}
		}, {
			"streams":	[{
					"socket":	5,
					"start":	1.00025,
					"end":	2.00022,
					"seconds":	0.999976,
					"bytes":	6291456,
					"bits_per_second":	5.03329e+07,
					"omitted":	false
				}],
			"sum":	{
				"start":	1.00025,
				"end":	2.00022,
				"seconds":	0.999976,
				"bytes":	6291456,
				"bits_per_second":	5.03329e+07,
				"omitted":	false
			}
		}, {
			"streams":	[{
					"socket":	5,
					"start":	2.00022,
					"end":	3.00022,
					"seconds":	0.999998,
					"bytes":	6160384,
					"bits_per_second":	4.92832e+07,
					"omitted":	false
				}],
			"sum":	{
				"start":	2.00022,
				"end":	3.00022,
				"seconds":	0.999998,
				"bytes":	6160384,
				"bits_per_second":	4.92832e+07,
				"omitted":	false
			}
		}, {
			"streams":	[{
					"socket":	5,
					"start":	3.00022,
					"end":	4.0006,
					"seconds":	1.00038,
					"bytes":	6291456,
					"bits_per_second":	5.03124e+07,
					"omitted":	false
				}],
			"sum":	{
				"start":	3.00022,
				"end":	4.0006,
				"seconds":	1.00038,
				"bytes":	6291456,
				"bits_per_second":	5.03124e+07,
				"omitted":	false
			}
		}, {
			"streams":	[{
					"socket":	5,
					"start":	4.0006,
					"end":	5.00059,
					"seconds":	0.999987,
					"bytes":	6291456,
					"bits_per_second":	5.03323e+07,
					"omitted":	false
				}],
			"sum":	{
				"start":	4.0006,
				"end":	5.00059,
				"seconds":	0.999987,
				"bytes":	6291456,
				"bits_per_second":	5.03323e+07,
				"omitted":	false
			}
		}, {
			"streams":	[{
					"socket":	5,
					"start":	5.00059,
					"end":	6.00054,
					"seconds":	0.999951,
					"bytes":	6160384,
					"bits_per_second":	4.92855e+07,
					"omitted":	false
				}],
			"sum":	{
				"start":	5.00059,
				"end":	6.00054,
				"seconds":	0.999951,
				"bytes":	6160384,
				"bits_per_second":	4.92855e+07,
				"omitted":	false
			}
		}, {
			"streams":	[{
					"socket":	5,
					"start":	6.00054,
					"end":	7.00014,
					"seconds":	0.999602,
					"bytes":	6291456,
					"bits_per_second":	5.03517e+07,
					"omitted":	false
				}],
			"sum":	{
				"start":	6.00054,
				"end":	7.00014,
				"seconds":	0.999602,
				"bytes":	6291456,
				"bits_per_second":	5.03517e+07,
				"omitted":	false
			}
		}, {
			"streams":	[{
					"socket":	5,
					"start":	7.00014,
					"end":	8.00008,
					"seconds":	0.999938,
					"bytes":	6291456,
					"bits_per_second":	5.03348e+07,
					"omitted":	false
				}],
			"sum":	{
				"start":	7.00014,
				"end":	8.00008,
				"seconds":	0.999938,
				"bytes":	6291456,
				"bits_per_second":	5.03348e+07,
				"omitted":	false
			}
		}, {
			"streams":	[{
					"socket":	5,
					"start":	8.00008,
					"end":	9.00042,
					"seconds":	1.00034,
					"bytes":	6160384,
					"bits_per_second":	4.92664e+07,
					"omitted":	false
				}],
			"sum":	{
				"start":	8.00008,
				"end":	9.00042,
				"seconds":	1.00034,
				"bytes":	6160384,
				"bits_per_second":	4.92664e+07,
				"omitted":	false
			}
		}, {
			"streams":	[{
					"socket":	5,
					"start":	9.00042,
					"end":	10.0004,
					"seconds":	0.99997,
					"bytes":	6291456,
					"bits_per_second":	5.03332e+07,
					"omitted":	false
				}],
			"sum":	{
				"start":	9.00042,
				"end":	10.0004,
				"seconds":	0.99997,
				"bytes":	6291456,
				"bits_per_second":	5.03332e+07,
				"omitted":	false
			}
		}, {
			"streams":	[{
					"socket":	5,
					"start":	10.0004,
					"end":	11.0005,
					"seconds":	1.00007,
					"bytes":	6291456,
					"bits_per_second":	5.03282e+07,
					"omitted":	false
				}],
			"sum":	{
				"start":	10.0004,
				"end":	11.0005,
				"seconds":	1.00007,
				"bytes":	6291456,
				"bits_per_second":	5.03282e+07,
				"omitted":	false
			}
		}, {
			"streams":	[{
					"socket":	5,
					"start":	11.0005,
					"end":	12.0002,
					"seconds":	0.999701,
					"bytes":	6160384,
					"bits_per_second":	4.92978e+07,
					"omitted":	false
				}],
			"sum":	{
				"start":	11.0005,
				"end":	12.0002,
				"seconds":	0.999701,
				"bytes":	6160384,
				"bits_per_second":	4.92978e+07,
				"omitted":	false
			}
		}, {
			"streams":	[{
					"socket":	5,
					"start":	12.0002,
					"end":	12.0119,
					"seconds":	0.0117741,
					"bytes":	0,
					"bits_per_second":	0,
					"omitted":	false
				}],
			"sum":	{
				"start":	12.0002,
				"end":	12.0119,
				"seconds":	0.0117741,
				"bytes":	0,
				"bits_per_second":	0,
				"omitted":	false
			}
		}],
	"end":	{
		"streams":	[{
				"sender":	{
					"socket":	5,
					"start":	0,
					"end":	12.0119,
					"seconds":	12.0119,
					"bytes":	74397464,
					"bits_per_second":	4.9549e+07,
					"retransmits":	7
				},
				"receiver":	{
					"socket":	5,
					"start":	0,
					"end":	12.0119,
					"seconds":	12.0119,
					"bytes":	74397464,
					"bits_per_second":	4.9549e+07
				}
			}],
		"sum_sent":	{
			"start":	0,
			"end":	12.0119,
			"seconds":	12.0119,
			"bytes":	74397464,
			"bits_per_second":	4.9549e+07,
			"retransmits":	7
		},
		"sum_received":	{
			"start":	0,
			"end":	12.0119,
			"seconds":	12.0119,
			"bytes":	74397464,
			"bits_per_second":	4.9549e+07
		},
		"cpu_utilization_percent":	{
			"host_total":	1.98627,
			"host_user":	0.107984,
			"host_system":	1.8783,
			"remote_total":	0.805078,
			"remote_user":	0.492516,
			"remote_system":	0.312545
		}
	}
}
