{
	"start":	{
		"connected":	[{
				"socket":	5,
				"local_host":	"10.0.0.9",
				"local_port":	3931,
				"remote_host":	"10.0.0.3",
				"remote_port":	35664
			}],
		"version":	"iperf 3.7",
		"system_info":	"Linux H9 5.4.197-0504197-generic #202206060747 SMP Mon Jun 6 09:27:47 UTC 2022 x86_64",
		"target_bitrate":	15000000,
		"sock_bufsize":	0,
		"sndbuf_actual":	87380,
		"rcvbuf_actual":	87380,
		"timestamp":	{
			"time":	"Mon, 01 Aug 2022 00:25:29 GMT",
			"timesecs":	1659313529
		},
		"accepted_connection":	{
			"host":	"10.0.0.3",
			"port":	35662
		},
		"cookie":	"iefdpkofztksjjup5ecw2oyolkgoyyqvbunk",
		"tcp_mss_default":	0,
		"target_bitrate":	15000000,
		"test_start":	{
			"protocol":	"TCP",
			"num_streams":	1,
			"blksize":	131072,
			"omit":	0,
			"duration":	5,
			"bytes":	0,
			"blocks":	0,
			"reverse":	0,
			"tos":	0
		}
	},
	"intervals":	[{
			"streams":	[{
					"socket":	5,
					"start":	0,
					"end":	1.000351,
					"seconds":	1.0003509521484375,
					"bytes":	1966080,
					"bits_per_second":	15723121.936576214,
					"omitted":	false,
					"sender":	false
				}],
			"sum":	{
				"start":	0,
				"end":	1.000351,
				"seconds":	1.0003509521484375,
				"bytes":	1966080,
				"bits_per_second":	15723121.936576214,
				"omitted":	false,
				"sender":	false
			}
		}, {
			"streams":	[{
					"socket":	5,
					"start":	1.000351,
					"end":	2.001242,
					"seconds":	1.0008909702301025,
					"bytes":	1835008,
					"bits_per_second":	14666996.143071495,
					"omitted":	false,
					"sender":	false
				}],
			"sum":	{
				"start":	1.000351,
				"end":	2.001242,
				"seconds":	1.0008909702301025,
				"bytes":	1835008,
				"bits_per_second":	14666996.143071495,
				"omitted":	false,
				"sender":	false
			}
		}, {
			"streams":	[{
					"socket":	5,
					"start":	2.001242,
					"end":	3.000879,
					"seconds":	0.99963700771331787,
					"bytes":	1835008,
					"bits_per_second":	14685394.684997536,
					"omitted":	false,
					"sender":	false
				}],
			"sum":	{
				"start":	2.001242,
				"end":	3.000879,
				"seconds":	0.99963700771331787,
				"bytes":	1835008,
				"bits_per_second":	14685394.684997536,
				"omitted":	false,
				"sender":	false
			}
		}, {
			"streams":	[{
					"socket":	5,
					"start":	3.000879,
					"end":	4.00022,
					"seconds":	0.99934101104736328,
					"bytes":	1966080,
					"bits_per_second":	15739011.834924635,
					"omitted":	false,
					"sender":	false
				}],
			"sum":	{
				"start":	3.000879,
				"end":	4.00022,
				"seconds":	0.99934101104736328,
				"bytes":	1966080,
				"bits_per_second":	15739011.834924635,
				"omitted":	false,
				"sender":	false
			}
		}, {
			"streams":	[{
					"socket":	5,
					"start":	4.00022,
					"end":	5.000249,
					"seconds":	1.0000289678573608,
					"bytes":	1835008,
					"bits_per_second":	14679638.762318224,
					"omitted":	false,
					"sender":	false
				}],
			"sum":	{
				"start":	4.00022,
				"end":	5.000249,
				"seconds":	1.0000289678573608,
				"bytes":	1835008,
				"bits_per_second":	14679638.762318224,
				"omitted":	false,
				"sender":	false
			}
		}],
	"end":	{
		"streams":	[{
				"sender":	{
					"socket":	5,
					"start":	0,
					"end":	5.00065,
					"seconds":	5.00065,
					"bytes":	0,
					"bits_per_second":	0,
					"sender":	false
				},
				"receiver":	{
					"socket":	5,
					"start":	0,
					"end":	5.00065,
					"seconds":	5.00065,
					"bytes":	9437184,
					"bits_per_second":	15097531.720876286,
					"sender":	false
				}
			}],
		"sum_sent":	{
			"start":	0,
			"end":	5.00065,
			"seconds":	5.00065,
			"bytes":	0,
			"bits_per_second":	0,
			"sender":	false
		},
		"sum_received":	{
			"start":	0,
			"end":	5.00065,
			"seconds":	5.00065,
			"bytes":	9437184,
			"bits_per_second":	15097531.720876286,
			"sender":	false
		},
		"cpu_utilization_percent":	{
			"host_total":	2.6166500412939926,
			"host_user":	0,
			"host_system":	2.6167498334468968,
			"remote_total":	0,
			"remote_user":	0,
			"remote_system":	0
		},
		"receiver_tcp_congestion":	"cubic"
	}
}
