{
	"start":	{
		"connected":	[{
				"socket":	5,
				"local_host":	"10.0.0.21",
				"local_port":	3586,
				"remote_host":	"10.0.0.6",
				"remote_port":	43304
			}],
		"version":	"iperf 3.0.7",
		"system_info":	"Linux CS7 5.4.197-0504197-generic #202206060747 SMP Mon Jun 6 09:27:47 UTC 2022 x86_64 x86_64 x86_64 GNU/Linux\n",
		"timestamp":	{
			"time":	"Mon, 25 Jul 2022 21:44:25 GMT",
			"timesecs":	1658785465
		},
		"accepted_connection":	{
			"host":	"10.0.0.6",
			"port":	43302
		},
		"cookie":	"BS6.1658785465.054572.57bd3ed32a6074",
		"tcp_mss_default":	1448,
		"test_start":	{
			"protocol":	"TCP",
			"num_streams":	1,
			"blksize":	131072,
			"omit":	0,
			"duration":	2,
			"bytes":	0,
			"blocks":	0,
			"reverse":	0
		}
	},
	"intervals":	[{
			"streams":	[{
					"socket":	5,
					"start":	0,
					"end":	1.00029,
					"seconds":	1.00029,
					"bytes":	9332360,
					"bits_per_second":	7.46369e+07,
					"omitted":	false
				}],
			"sum":	{
				"start":	0,
				"end":	1.00029,
				"seconds":	1.00029,
				"bytes":	9332360,
				"bits_per_second":	7.46369e+07,
				"omitted":	false
			}
		}, {
			"streams":	[{
					"socket":	5,
					"start":	1.00029,
					"end":	2.00054,
					"seconds":	1.00024,
					"bytes":	13868944,
					"bits_per_second":	1.10925e+08,
					"omitted":	false
				}],
			"sum":	{
				"start":	1.00029,
				"end":	2.00054,
				"seconds":	1.00024,
				"bytes":	13868944,
				"bits_per_second":	1.10925e+08,
				"omitted":	false
			}
		}, {
			"streams":	[{
					"socket":	5,
					"start":	2.00054,
					"end":	2.02913,
					"seconds":	0.028595,
					"bytes":	408336,
					"bits_per_second":	1.1424e+08,
					"omitted":	false
				}],
			"sum":	{
				"start":	2.00054,
				"end":	2.02913,
				"seconds":	0.028595,
				"bytes":	408336,
				"bits_per_second":	1.1424e+08,
				"omitted":	false
			}
		}],
	"end":	{
		"streams":	[{
				"sender":	{
					"socket":	5,
					"start":	0,
					"end":	2.02913,
					"seconds":	2.02913,
					"bytes":	24872464,
					"bits_per_second":	9.80615e+07,
					"retransmits":	4
				},
				"receiver":	{
					"socket":	5,
					"start":	0,
					"end":	2.02913,
					"seconds":	2.02913,
					"bytes":	23609640,
					"bits_per_second":	9.30827e+07
				}
			}],
		"sum_sent":	{
			"start":	0,
			"end":	2.02913,
			"seconds":	2.02913,
			"bytes":	24872464,
			"bits_per_second":	9.80615e+07,
			"retransmits":	4
		},
		"sum_received":	{
			"start":	0,
			"end":	2.02913,
			"seconds":	2.02913,
			"bytes":	23609640,
			"bits_per_second":	9.30827e+07
		},
		"cpu_utilization_percent":	{
			"host_total":	8.51298,
			"host_user":	0.82477,
			"host_system":	7.68853,
			"remote_total":	5.44768,
			"remote_user":	1.55374,
			"remote_system":	3.89389
		}
	}
}
