{
	"start":	{
		"connected":	[{
				"socket":	5,
				"local_host":	"10.0.0.13",
				"local_port":	1185,
				"remote_host":	"10.0.0.5",
				"remote_port":	54522
			}],
		"version":	"iperf 3.0.7",
		"system_info":	"Linux MECS6 5.4.197-0504197-generic #202206060747 SMP Mon Jun 6 09:27:47 UTC 2022 x86_64 x86_64 x86_64 GNU/Linux\n",
		"timestamp":	{
			"time":	"Mon, 25 Jul 2022 21:44:36 GMT",
			"timesecs":	1658785476
		},
		"accepted_connection":	{
			"host":	"10.0.0.5",
			"port":	35442
		},
		"cookie":	"BS5.1658785476.062547.0eb4103948af11",
		"test_start":	{
			"protocol":	"UDP",
			"num_streams":	1,
			"blksize":	8192,
			"omit":	0,
			"duration":	8,
			"bytes":	0,
			"blocks":	0,
			"reverse":	0
		}
	},
	"intervals":	[{
			"streams":	[{
					"socket":	5,
					"start":	0,
					"end":	1.00855,
					"seconds":	1.00855,
					"bytes":	2818048,
					"bits_per_second":	2.23532e+07,
					"jitter_ms":	0.524335,
					"lost_packets":	0,
					"packets":	344,
					"lost_percent":	0,
					"omitted":	false
				}],
			"sum":	{
				"start":	0,
				"end":	1.00855,
				"seconds":	1.00855,
				"bytes":	2818048,
				"bits_per_second":	2.23532e+07,
				"jitter_ms":	0.524335,
				"lost_packets":	0,
				"packets":	344,
				"lost_percent":	0,
				"omitted":	false
			}
		}, {
			"streams":	[{
					"socket":	5,
					"start":	1.00855,
					"end":	2.00024,
					"seconds":	0.991688,
					"bytes":	3145728,
					"bits_per_second":	2.53768e+07,
					"jitter_ms":	0.822363,
					"lost_packets":	2,
					"packets":	385,
					"lost_percent":	0.519481,
					"omitted":	false
				}],
			"sum":	{
				"start":	1.00855,
				"end":	2.00024,
				"seconds":	0.991688,
				"bytes":	3145728,
				"bits_per_second":	2.53768e+07,
				"jitter_ms":	0.822363,
				"lost_packets":	2,
				"packets":	385,
				"lost_percent":	0.519481,
				"omitted":	false
			}
		}, {
			"streams":	[{
					"socket":	5,
					"start":	2.00024,
					"end":	3.00021,
					"seconds":	0.999965,
					"bytes":	3104768,
					"bits_per_second":	2.4839e+07,
					"jitter_ms":	0.429959,
					"lost_packets":	0,
					"packets":	379,
					"lost_percent":	0,
					"omitted":	false
				}],
			"sum":	{
				"start":	2.00024,
				"end":	3.00021,
				"seconds":	0.999965,
				"bytes":	3104768,
				"bits_per_second":	2.4839e+07,
				"jitter_ms":	0.429959,
				"lost_packets":	0,
				"packets":	379,
				"lost_percent":	0,
				"omitted":	false
			}
		}, {
			"streams":	[{
					"socket":	5,
					"start":	3.00021,
					"end":	4.00019,
					"seconds":	0.999987,
					"bytes":	3145728,
					"bits_per_second":	2.51662e+07,
					"jitter_ms":	0.455558,
					"lost_packets":	0,
					"packets":	384,
					"lost_percent":	0,
					"omitted":	false
				}],
			"sum":	{
				"start":	3.00021,
				"end":	4.00019,
				"seconds":	0.999987,
				"bytes":	3145728,
				"bits_per_second":	2.51662e+07,
				"jitter_ms":	0.455558,
				"lost_packets":	0,
				"packets":	384,
				"lost_percent":	0,
				"omitted":	false
			}
		}, {
			"streams":	[{
					"socket":	5,
					"start":	4.00019,
					"end":	5.00018,
					"seconds":	0.999986,
					"bytes":	3096576,
					"bits_per_second":	2.4773e+07,
					"jitter_ms":	0.754423,
					"lost_packets":	1,
					"packets":	378,
					"lost_percent":	0.26455,
					"omitted":	false
				}],
			"sum":	{
				"start":	4.00019,
				"end":	5.00018,
				"seconds":	0.999986,
				"bytes":	3096576,
				"bits_per_second":	2.4773e+07,
				"jitter_ms":	0.754423,
				"lost_packets":	1,
				"packets":	378,
				"lost_percent":	0.26455,
				"omitted":	false
			}
		}, {
			"streams":	[{
					"socket":	5,
					"start":	5.00018,
					"end":	6.00136,
					"seconds":	1.00119,
					"bytes":	3129344,
					"bits_per_second":	2.50051e+07,
					"jitter_ms":	0.510894,
					"lost_packets":	0,
					"packets":	382,
					"lost_percent":	0,
					"omitted":	false
				}],
			"sum":	{
				"start":	5.00018,
				"end":	6.00136,
				"seconds":	1.00119,
				"bytes":	3129344,
				"bits_per_second":	2.50051e+07,
				"jitter_ms":	0.510894,
				"lost_packets":	0,
				"packets":	382,
				"lost_percent":	0,
				"omitted":	false
			}
		}, {
			"streams":	[{
					"socket":	5,
					"start":	6.00136,
					"end":	7.00054,
					"seconds":	0.99918,
					"bytes":	3121152,
					"bits_per_second":	2.49897e+07,
					"jitter_ms":	0.587446,
					"lost_packets":	1,
					"packets":	381,
					"lost_percent":	0.262467,
					"omitted":	false
				}],
			"sum":	{
				"start":	6.00136,
				"end":	7.00054,
				"seconds":	0.99918,
				"bytes":	3121152,
				"bits_per_second":	2.49897e+07,
				"jitter_ms":	0.587446,
				"lost_packets":	1,
				"packets":	381,
				"lost_percent":	0.262467,
				"omitted":	false
			}
		}, {
			"streams":	[{
					"socket":	5,
					"start":	7.00054,
					"end":	8.00049,
					"seconds":	0.999943,
					"bytes":	3129344,
					"bits_per_second":	2.50362e+07,
					"jitter_ms":	0.657271,
					"lost_packets":	0,
					"packets":	382,
					"lost_percent":	0,
					"omitted":	false
				}],
			"sum":	{
				"start":	7.00054,
				"end":	8.00049,
				"seconds":	0.999943,
				"bytes":	3129344,
				"bits_per_second":	2.50362e+07,
				"jitter_ms":	0.657271,
				"lost_packets":	0,
				"packets":	382,
				"lost_percent":	0,
				"omitted":	false
			}
		}, {
			"streams":	[{
					"socket":	5,
					"start":	8.00049,
					"end":	8.00854,
					"seconds":	0.00805497,
					"bytes":	0,
					"bits_per_second":	0,
					"jitter_ms":	0.657271,
					"lost_packets":	0,
					"packets":	0,
					"lost_percent":	-nan,
					"omitted":	false
				}],
			"sum":	{
				"start":	8.00049,
				"end":	8.00854,
				"seconds":	0.00805497,
				"bytes":	0,
				"bits_per_second":	0,
				"jitter_ms":	0.657271,
				"lost_packets":	0,
				"packets":	0,
				"lost_percent":	-nan,
				"omitted":	false
			}
		}],
	"end":	{
		"streams":	[{
				"udp":	{
					"socket":	5,
					"start":	0,
					"end":	8.00854,
					"seconds":	8.00854,
					"bytes":	24698880,
					"bits_per_second":	2.46725e+07,
					"jitter_ms":	0.657271,
					"lost_packets":	4,
					"packets":	3015,
					"lost_percent":	0.13267
				}
			}],
		"sum":	{
			"start":	0,
			"end":	8.00854,
			"seconds":	8.00854,
			"bytes":	24698880,
			"bits_per_second":	2.46725e+07,
			"jitter_ms":	0.657271,
			"lost_packets":	4,
			"packets":	3015,
			"lost_percent":	0.13267
		},
		"cpu_utilization_percent":	{
			"host_total":	2.22352,
			"host_user":	0.157616,
			"host_system":	2.06592,
			"remote_total":	2.98612,
			"remote_user":	0.103705,
			"remote_system":	2.88225
		}
	},
	"error":	"OUT OF ORDER - incoming packet = 691 and received packet = 692 AND SP = 5",
	"error":	"OUT OF ORDER - incoming packet = 1836 and received packet = 1837 AND SP = 5",
	"error":	"OUT OF ORDER - incoming packet = 2260 and received packet = 2264 AND SP = 5"
}
