{
	"start":	{
		"connected":	[{
				"socket":	5,
				"local_host":	"10.0.0.12",
				"local_port":	2922,
				"remote_host":	"10.0.0.5",
				"remote_port":	43946
			}],
		"version":	"iperf 3.0.7",
		"system_info":	"Linux MECS5 5.4.197-0504197-generic #202206060747 SMP Mon Jun 6 09:27:47 UTC 2022 x86_64 x86_64 x86_64 GNU/Linux\n",
		"timestamp":	{
			"time":	"Mon, 25 Jul 2022 21:43:48 GMT",
			"timesecs":	1658785428
		},
		"accepted_connection":	{
			"host":	"10.0.0.5",
			"port":	43944
		},
		"cookie":	"BS5.1658785428.819640.731b68ef08d5f6",
		"tcp_mss_default":	1448,
		"test_start":	{
			"protocol":	"TCP",
			"num_streams":	1,
			"blksize":	131072,
			"omit":	0,
			"duration":	19,
			"bytes":	0,
			"blocks":	0,
			"reverse":	0
		}
	},
	"intervals":	[{
			"streams":	[{
					"socket":	5,
					"start":	0,
					"end":	1.00041,
					"seconds":	1.00041,
					"bytes":	2832152,
					"bits_per_second":	2.26479e+07,
					"omitted":	false
				}],
			"sum":	{
				"start":	0,
				"end":	1.00041,
				"seconds":	1.00041,
				"bytes":	2832152,
				"bits_per_second":	2.26479e+07,
				"omitted":	false
			}
		}, {
			"streams":	[{
					"socket":	5,
					"start":	1.00041,
					"end":	2.00492,
					"seconds":	1.00451,
					"bytes":	3145728,
					"bits_per_second":	2.50529e+07,
					"omitted":	false
				}],
			"sum":	{
				"start":	1.00041,
				"end":	2.00492,
				"seconds":	1.00451,
				"bytes":	3145728,
				"bits_per_second":	2.50529e+07,
				"omitted":	false
			}
		}, {
			"streams":	[{
					"socket":	5,
					"start":	2.00492,
					"end":	3.00026,
					"seconds":	0.995335,
					"bytes":	3145728,
					"bits_per_second":	2.52838e+07,
					"omitted":	false
				}],
			"sum":	{
				"start":	2.00492,
				"end":	3.00026,
				"seconds":	0.995335,
				"bytes":	3145728,
				"bits_per_second":	2.52838e+07,
				"omitted":	false
			}
		}, {
			"streams":	[{
					"socket":	5,
					"start":	3.00026,
					"end":	4.00029,
					"seconds":	1.00004,
					"bytes":	3145728,
					"bits_per_second":	2.51649e+07,
					"omitted":	false
				}],
			"sum":	{
				"start":	3.00026,
				"end":	4.00029,
				"seconds":	1.00004,
				"bytes":	3145728,
				"bits_per_second":	2.51649e+07,
				"omitted":	false
			}
		}, {
			"streams":	[{
					"socket":	5,
					"start":	4.00029,
					"end":	5.00025,
					"seconds":	0.999957,
					"bytes":	3145728,
					"bits_per_second":	2.51669e+07,
					"omitted":	false
				}],
			"sum":	{
				"start":	4.00029,
				"end":	5.00025,
				"seconds":	0.999957,
				"bytes":	3145728,
				"bits_per_second":	2.51669e+07,
				"omitted":	false
			}
		}, {
			"streams":	[{
					"socket":	5,
					"start":	5.00025,
					"end":	6.00033,
					"seconds":	1.00008,
					"bytes":	3145728,
					"bits_per_second":	2.51639e+07,
					"omitted":	false
				}],
			"sum":	{
				"start":	5.00025,
				"end":	6.00033,
				"seconds":	1.00008,
				"bytes":	3145728,
				"bits_per_second":	2.51639e+07,
				"omitted":	false
			}
		}, {
			"streams":	[{
					"socket":	5,
					"start":	6.00033,
					"end":	7.00024,
					"seconds":	0.999912,
					"bytes":	3014656,
					"bits_per_second":	2.41194e+07,
					"omitted":	false
				}],
			"sum":	{
				"start":	6.00033,
				"end":	7.00024,
				"seconds":	0.999912,
				"bytes":	3014656,
				"bits_per_second":	2.41194e+07,
				"omitted":	false
			}
		}, {
			"streams":	[{
					"socket":	5,
					"start":	7.00024,
					"end":	8.0004,
					"seconds":	1.00017,
					"bytes":	3145728,
					"bits_per_second":	2.51616e+07,
					"omitted":	false
				}],
			"sum":	{
				"start":	7.00024,
				"end":	8.0004,
				"seconds":	1.00017,
				"bytes":	3145728,
				"bits_per_second":	2.51616e+07,
				"omitted":	false
			}
		}, {
			"streams":	[{
					"socket":	5,
					"start":	8.0004,
					"end":	9.00021,
					"seconds":	0.999809,
					"bytes":	3145728,
					"bits_per_second":	2.51706e+07,
					"omitted":	false
				}],
			"sum":	{
				"start":	8.0004,
				"end":	9.00021,
				"seconds":	0.999809,
				"bytes":	3145728,
				"bits_per_second":	2.51706e+07,
				"omitted":	false
			}
		}, {
			"streams":	[{
					"socket":	5,
					"start":	9.00021,
					"end":	10.0002,
					"seconds":	0.999992,
					"bytes":	3145728,
					"bits_per_second":	2.5166e+07,
					"omitted":	false
				}],
			"sum":	{
				"start":	9.00021,
				"end":	10.0002,
				"seconds":	0.999992,
				"bytes":	3145728,
				"bits_per_second":	2.5166e+07,
				"omitted":	false
			}
		}, {
			"streams":	[{
					"socket":	5,
					"start":	10.0002,
					"end":	11.0001,
					"seconds":	0.999916,
					"bytes":	3145728,
					"bits_per_second":	2.51679e+07,
					"omitted":	false
				}],
			"sum":	{
				"start":	10.0002,
				"end":	11.0001,
				"seconds":	0.999916,
				"bytes":	3145728,
				"bits_per_second":	2.51679e+07,
				"omitted":	false
			}
		}, {
			"streams":	[{
					"socket":	5,
					"start":	11.0001,
					"end":	12.0003,
					"seconds":	1.00023,
					"bytes":	3145728,
					"bits_per_second":	2.51602e+07,
					"omitted":	false
				}],
			"sum":	{
				"start":	11.0001,
				"end":	12.0003,
				"seconds":	1.00023,
				"bytes":	3145728,
				"bits_per_second":	2.51602e+07,
				"omitted":	false
			}
		}, {
			"streams":	[{
					"socket":	5,
					"start":	12.0003,
					"end":	13.0015,
					"seconds":	1.00115,
					"bytes":	3014656,
					"bits_per_second":	2.40895e+07,
					"omitted":	false
				}],
			"sum":	{
				"start":	12.0003,
				"end":	13.0015,
				"seconds":	1.00115,
				"bytes":	3014656,
				"bits_per_second":	2.40895e+07,
				"omitted":	false
			}
		}, {
			"streams":	[{
					"socket":	5,
					"start":	13.0015,
					"end":	14.0003,
					"seconds":	0.998767,
					"bytes":	3145728,
					"bits_per_second":	2.51969e+07,
					"omitted":	false
				}],
			"sum":	{
				"start":	13.0015,
				"end":	14.0003,
				"seconds":	0.998767,
				"bytes":	3145728,
				"bits_per_second":	2.51969e+07,
				"omitted":	false
			}
		}, {
			"streams":	[{
					"socket":	5,
					"start":	14.0003,
					"end":	15.0002,
					"seconds":	0.999939,
					"bytes":	3145728,
					"bits_per_second":	2.51674e+07,
					"omitted":	false
				}],
			"sum":	{
				"start":	14.0003,
				"end":	15.0002,
				"seconds":	0.999939,
				"bytes":	3145728,
				"bits_per_second":	2.51674e+07,
				"omitted":	false
			}
		}, {
			"streams":	[{
					"socket":	5,
					"start":	15.0002,
					"end":	16.0002,
					"seconds":	1.00003,
					"bytes":	3145728,
					"bits_per_second":	2.51651e+07,
					"omitted":	false
				}],
			"sum":	{
				"start":	15.0002,
				"end":	16.0002,
				"seconds":	1.00003,
				"bytes":	3145728,
				"bits_per_second":	2.51651e+07,
				"omitted":	false
			}
		}, {
			"streams":	[{
					"socket":	5,
					"start":	16.0002,
					"end":	17.0006,
					"seconds":	1.0004,
					"bytes":	3145728,
					"bits_per_second":	2.51557e+07,
					"omitted":	false
				}],
			"sum":	{
				"start":	16.0002,
				"end":	17.0006,
				"seconds":	1.0004,
				"bytes":	3145728,
				"bits_per_second":	2.51557e+07,
				"omitted":	false
			}
		}, {
			"streams":	[{
					"socket":	5,
					"start":	17.0006,
					"end":	18.0001,
					"seconds":	0.999481,
					"bytes":	3145728,
					"bits_per_second":	2.51789e+07,
					"omitted":	false
				}],
			"sum":	{
				"start":	17.0006,
				"end":	18.0001,
				"seconds":	0.999481,
				"bytes":	3145728,
				"bits_per_second":	2.51789e+07,
				"omitted":	false
			}
		}, {
			"streams":	[{
					"socket":	5,
					"start":	18.0001,
					"end":	19.0038,
					"seconds":	1.0037,
					"bytes":	3145728,
					"bits_per_second":	2.5073e+07,
					"omitted":	false
				}],
			"sum":	{
				"start":	18.0001,
				"end":	19.0038,
				"seconds":	1.0037,
				"bytes":	3145728,
				"bits_per_second":	2.5073e+07,
				"omitted":	false
			}
		}, {
			"streams":	[{
					"socket":	5,
					"start":	19.0038,
					"end":	19.0107,
					"seconds":	0.00689101,
					"bytes":	0,
					"bits_per_second":	0,
					"omitted":	false
				}],
			"sum":	{
				"start":	19.0038,
				"end":	19.0107,
				"seconds":	0.00689101,
				"bytes":	0,
				"bits_per_second":	0,
				"omitted":	false
			}
		}],
	"end":	{
		"streams":	[{
				"sender":	{
					"socket":	5,
					"start":	0,
					"end":	19.0107,
					"seconds":	19.0107,
					"bytes":	59193112,
					"bits_per_second":	2.49094e+07,
					"retransmits":	0
				},
				"receiver":	{
					"socket":	5,
					"start":	0,
					"end":	19.0107,
					"seconds":	19.0107,
					"bytes":	59193112,
					"bits_per_second":	2.49094e+07
				}
			}],
		"sum_sent":	{
			"start":	0,
			"end":	19.0107,
			"seconds":	19.0107,
			"bytes":	59193112,
			"bits_per_second":	2.49094e+07,
			"retransmits":	0
		},
		"sum_received":	{
			"start":	0,
			"end":	19.0107,
			"seconds":	19.0107,
			"bytes":	59193112,
			"bits_per_second":	2.49094e+07
		},
		"cpu_utilization_percent":	{
			"host_total":	0.777569,
			"host_user":	0.0699673,
			"host_system":	0.707601,
			"remote_total":	0.541294,
			"remote_user":	0.140308,
			"remote_system":	0.401018
		}
	}
}
