{
	"start":	{
		"connected":	[{
				"socket":	5,
				"local_host":	"10.0.0.12",
				"local_port":	2671,
				"remote_host":	"10.0.0.4",
				"remote_port":	47076
			}],
		"version":	"iperf 3.0.7",
		"system_info":	"Linux MECS5 5.4.197-0504197-generic #202206060747 SMP Mon Jun 6 09:27:47 UTC 2022 x86_64 x86_64 x86_64 GNU/Linux\n",
		"timestamp":	{
			"time":	"Mon, 25 Jul 2022 21:50:26 GMT",
			"timesecs":	1658785826
		},
		"accepted_connection":	{
			"host":	"10.0.0.4",
			"port":	47074
		},
		"cookie":	"BS4.1658785826.068416.649a61ca4b119a",
		"tcp_mss_default":	1448,
		"test_start":	{
			"protocol":	"TCP",
			"num_streams":	1,
			"blksize":	131072,
			"omit":	0,
			"duration":	3,
			"bytes":	0,
			"blocks":	0,
			"reverse":	0
		}
	},
	"intervals":	[{
			"streams":	[{
					"socket":	5,
					"start":	0,
					"end":	1.00043,
					"seconds":	1.00043,
					"bytes":	5915080,
					"bits_per_second":	4.73002e+07,
					"omitted":	false
				}],
			"sum":	{
				"start":	0,
				"end":	1.00043,
				"seconds":	1.00043,
				"bytes":	5915080,
				"bits_per_second":	4.73002e+07,
				"omitted":	false
			}
		}, {
			"streams":	[{
					"socket":	5,
					"start":	1.00043,
					"end":	2.00078,
					"seconds":	1.00034,
					"bytes":	17909560,
					"bits_per_second":	1.43227e+08,
					"omitted":	false
				}],
			"sum":	{
				"start":	1.00043,
				"end":	2.00078,
				"seconds":	1.00034,
				"bytes":	17909560,
				"bits_per_second":	1.43227e+08,
				"omitted":	false
			}
		}, {
			"streams":	[{
					"socket":	5,
					"start":	2.00078,
					"end":	3.00015,
					"seconds":	0.99937,
					"bytes":	12451840,
					"bits_per_second":	9.96775e+07,
					"omitted":	false
				}],
			"sum":	{
				"start":	2.00078,
				"end":	3.00015,
				"seconds":	0.99937,
				"bytes":	12451840,
				"bits_per_second":	9.96775e+07,
				"omitted":	false
			}
		}, {
			"streams":	[{
					"socket":	5,
					"start":	3.00015,
					"end":	3.02705,
					"seconds":	0.0269039,
					"bytes":	0,
					"bits_per_second":	0,
					"omitted":	false
				}],
			"sum":	{
				"start":	3.00015,
				"end":	3.02705,
				"seconds":	0.0269039,
				"bytes":	0,
				"bits_per_second":	0,
				"omitted":	false
			}
		}],
	"end":	{
		"streams":	[{
				"sender":	{
					"socket":	5,
					"start":	0,
					"end":	3.02705,
					"seconds":	3.02705,
					"bytes":	36276480,
					"bits_per_second":	9.58728e+07,
					"retransmits":	0
				},
				"receiver":	{
					"socket":	5,
					"start":	0,
					"end":	3.02705,
					"seconds":	3.02705,
					"bytes":	36276480,
					"bits_per_second":	9.58728e+07
				}
			}],
		"sum_sent":	{
			"start":	0,
			"end":	3.02705,
			"seconds":	3.02705,
			"bytes":	36276480,
			"bits_per_second":	9.58728e+07,
			"retransmits":	0
		},
		"sum_received":	{
			"start":	0,
			"end":	3.02705,
			"seconds":	3.02705,
			"bytes":	36276480,
			"bits_per_second":	9.58728e+07
		},
		"cpu_utilization_percent":	{
			"host_total":	4.51803,
			"host_user":	0.230067,
			"host_system":	4.28803,
			"remote_total":	2.98486,
			"remote_user":	0.309986,
			"remote_system":	2.67474
		}
	}
}
