{
	"start":	{
		"connected":	[{
				"socket":	5,
				"local_host":	"10.0.0.13",
				"local_port":	1771,
				"remote_host":	"10.0.0.1",
				"remote_port":	41610
			}],
		"version":	"iperf 3.0.7",
		"system_info":	"Linux H13 5.4.197-0504197-generic #202206060747 SMP Mon Jun 6 09:27:47 UTC 2022 x86_64 x86_64 x86_64 GNU/Linux\n",
		"timestamp":	{
			"time":	"Fri, 22 Jul 2022 09:32:07 GMT",
			"timesecs":	1658482327
		},
		"accepted_connection":	{
			"host":	"10.0.0.1",
			"port":	41608
		},
		"cookie":	"H1.1658482327.624670.20a88c3657c7ccf",
		"tcp_mss_default":	1448,
		"test_start":	{
			"protocol":	"TCP",
			"num_streams":	1,
			"blksize":	131072,
			"omit":	0,
			"duration":	5,
			"bytes":	0,
			"blocks":	0,
			"reverse":	0
		}
	},
	"intervals":	[{
			"streams":	[{
					"socket":	5,
					"start":	0,
					"end":	1.00094,
					"seconds":	1.00094,
					"bytes":	1819024,
					"bits_per_second":	1.45385e+07,
					"omitted":	false
				}],
			"sum":	{
				"start":	0,
				"end":	1.00094,
				"seconds":	1.00094,
				"bytes":	1819024,
				"bits_per_second":	1.45385e+07,
				"omitted":	false
			}
		}, {
			"streams":	[{
					"socket":	5,
					"start":	1.00094,
					"end":	2.00062,
					"seconds":	0.99968,
					"bytes":	1835008,
					"bits_per_second":	1.46848e+07,
					"omitted":	false
				}],
			"sum":	{
				"start":	1.00094,
				"end":	2.00062,
				"seconds":	0.99968,
				"bytes":	1835008,
				"bits_per_second":	1.46848e+07,
				"omitted":	false
			}
		}, {
			"streams":	[{
					"socket":	5,
					"start":	2.00062,
					"end":	3.0008,
					"seconds":	1.00018,
					"bytes":	1835008,
					"bits_per_second":	1.46774e+07,
					"omitted":	false
				}],
			"sum":	{
				"start":	2.00062,
				"end":	3.0008,
				"seconds":	1.00018,
				"bytes":	1835008,
				"bits_per_second":	1.46774e+07,
				"omitted":	false
			}
		}, {
			"streams":	[{
					"socket":	5,
					"start":	3.0008,
					"end":	4.00093,
					"seconds":	1.00013,
					"bytes":	1835008,
					"bits_per_second":	1.46782e+07,
					"omitted":	false
				}],
			"sum":	{
				"start":	3.0008,
				"end":	4.00093,
				"seconds":	1.00013,
				"bytes":	1835008,
				"bits_per_second":	1.46782e+07,
				"omitted":	false
			}
		}, {
			"streams":	[{
					"socket":	5,
					"start":	4.00093,
					"end":	5.00065,
					"seconds":	0.999714,
					"bytes":	1966080,
					"bits_per_second":	1.57331e+07,
					"omitted":	false
				}],
			"sum":	{
				"start":	4.00093,
				"end":	5.00065,
				"seconds":	0.999714,
				"bytes":	1966080,
				"bits_per_second":	1.57331e+07,
				"omitted":	false
			}
		}, {
			"streams":	[{
					"socket":	5,
					"start":	5.00065,
					"end":	5.00135,
					"seconds":	0.000706911,
					"bytes":	0,
					"bits_per_second":	0,
					"omitted":	false
				}],
			"sum":	{
				"start":	5.00065,
				"end":	5.00135,
				"seconds":	0.000706911,
				"bytes":	0,
				"bits_per_second":	0,
				"omitted":	false
			}
		}],
	"end":	{
		"streams":	[{
				"sender":	{
					"socket":	5,
					"start":	0,
					"end":	5.00135,
					"seconds":	5.00135,
					"bytes":	9290128,
					"bits_per_second":	1.48602e+07,
					"retransmits":	0
				},
				"receiver":	{
					"socket":	5,
					"start":	0,
					"end":	5.00135,
					"seconds":	5.00135,
					"bytes":	9290128,
					"bits_per_second":	1.48602e+07
				}
			}],
		"sum_sent":	{
			"start":	0,
			"end":	5.00135,
			"seconds":	5.00135,
			"bytes":	9290128,
			"bits_per_second":	1.48602e+07,
			"retransmits":	0
		},
		"sum_received":	{
			"start":	0,
			"end":	5.00135,
			"seconds":	5.00135,
			"bytes":	9290128,
			"bits_per_second":	1.48602e+07
		},
		"cpu_utilization_percent":	{
			"host_total":	1.26835,
			"host_user":	0,
			"host_system":	1.26833,
			"remote_total":	0.323272,
			"remote_user":	0,
			"remote_system":	0.323232
		}
	}
}
