{
	"start":	{
		"connected":	[{
				"socket":	5,
				"local_host":	"10.0.0.17",
				"local_port":	1821,
				"remote_host":	"10.0.0.3",
				"remote_port":	47132
			}],
		"version":	"iperf 3.0.7",
		"system_info":	"Linux CS3 5.4.197-0504197-generic #202206060747 SMP Mon Jun 6 09:27:47 UTC 2022 x86_64 x86_64 x86_64 GNU/Linux\n",
		"timestamp":	{
			"time":	"Mon, 25 Jul 2022 21:51:21 GMT",
			"timesecs":	1658785881
		},
		"accepted_connection":	{
			"host":	"10.0.0.3",
			"port":	47130
		},
		"cookie":	"BS3.1658785881.424094.2fa557ed42471b",
		"tcp_mss_default":	1448,
		"test_start":	{
			"protocol":	"TCP",
			"num_streams":	1,
			"blksize":	131072,
			"omit":	0,
			"duration":	47,
			"bytes":	0,
			"blocks":	0,
			"reverse":	0
		}
	},
	"intervals":	[{
			"streams":	[{
					"socket":	5,
					"start":	0,
					"end":	1.00219,
					"seconds":	1.00219,
					"bytes":	11372048,
					"bits_per_second":	9.07779e+07,
					"omitted":	false
				}],
			"sum":	{
				"start":	0,
				"end":	1.00219,
				"seconds":	1.00219,
				"bytes":	11372048,
				"bits_per_second":	9.07779e+07,
				"omitted":	false
			}
		}, {
			"streams":	[{
					"socket":	5,
					"start":	1.00219,
					"end":	2.00061,
					"seconds":	0.998419,
					"bytes":	12451840,
					"bits_per_second":	9.97725e+07,
					"omitted":	false
				}],
			"sum":	{
				"start":	1.00219,
				"end":	2.00061,
				"seconds":	0.998419,
				"bytes":	12451840,
				"bits_per_second":	9.97725e+07,
				"omitted":	false
			}
		}, {
			"streams":	[{
					"socket":	5,
					"start":	2.00061,
					"end":	3.00042,
					"seconds":	0.999814,
					"bytes":	12451840,
					"bits_per_second":	9.96332e+07,
					"omitted":	false
				}],
			"sum":	{
				"start":	2.00061,
				"end":	3.00042,
				"seconds":	0.999814,
				"bytes":	12451840,
				"bits_per_second":	9.96332e+07,
				"omitted":	false
			}
		}, {
			"streams":	[{
					"socket":	5,
					"start":	3.00042,
					"end":	4.00049,
					"seconds":	1.00007,
					"bytes":	12582912,
					"bits_per_second":	1.00656e+08,
					"omitted":	false
				}],
			"sum":	{
				"start":	3.00042,
				"end":	4.00049,
				"seconds":	1.00007,
				"bytes":	12582912,
				"bits_per_second":	1.00656e+08,
				"omitted":	false
			}
		}, {
			"streams":	[{
					"socket":	5,
					"start":	4.00049,
					"end":	5.00038,
					"seconds":	0.999886,
					"bytes":	12451840,
					"bits_per_second":	9.96261e+07,
					"omitted":	false
				}],
			"sum":	{
				"start":	4.00049,
				"end":	5.00038,
				"seconds":	0.999886,
				"bytes":	12451840,
				"bits_per_second":	9.96261e+07,
				"omitted":	false
			}
		}, {
			"streams":	[{
					"socket":	5,
					"start":	5.00038,
					"end":	6.00014,
					"seconds":	0.999761,
					"bytes":	12582912,
					"bits_per_second":	1.00687e+08,
					"omitted":	false
				}],
			"sum":	{
				"start":	5.00038,
				"end":	6.00014,
				"seconds":	0.999761,
				"bytes":	12582912,
				"bits_per_second":	1.00687e+08,
				"omitted":	false
			}
		}, {
			"streams":	[{
					"socket":	5,
					"start":	6.00014,
					"end":	7.00028,
					"seconds":	1.00014,
					"bytes":	12451840,
					"bits_per_second":	9.96008e+07,
					"omitted":	false
				}],
			"sum":	{
				"start":	6.00014,
				"end":	7.00028,
				"seconds":	1.00014,
				"bytes":	12451840,
				"bits_per_second":	9.96008e+07,
				"omitted":	false
			}
		}, {
			"streams":	[{
					"socket":	5,
					"start":	7.00028,
					"end":	8.00079,
					"seconds":	1.00051,
					"bytes":	12451840,
					"bits_per_second":	9.95637e+07,
					"omitted":	false
				}],
			"sum":	{
				"start":	7.00028,
				"end":	8.00079,
				"seconds":	1.00051,
				"bytes":	12451840,
				"bits_per_second":	9.95637e+07,
				"omitted":	false
			}
		}, {
			"streams":	[{
					"socket":	5,
					"start":	8.00079,
					"end":	9.00332,
					"seconds":	1.00253,
					"bytes":	12582912,
					"bits_per_second":	1.0041e+08,
					"omitted":	false
				}],
			"sum":	{
				"start":	8.00079,
				"end":	9.00332,
				"seconds":	1.00253,
				"bytes":	12582912,
				"bits_per_second":	1.0041e+08,
				"omitted":	false
			}
		}, {
			"streams":	[{
					"socket":	5,
					"start":	9.00332,
					"end":	10.0004,
					"seconds":	0.997042,
					"bytes":	12451840,
					"bits_per_second":	9.99102e+07,
					"omitted":	false
				}],
			"sum":	{
				"start":	9.00332,
				"end":	10.0004,
				"seconds":	0.997042,
				"bytes":	12451840,
				"bits_per_second":	9.99102e+07,
				"omitted":	false
			}
		}, {
			"streams":	[{
					"socket":	5,
					"start":	10.0004,
					"end":	11.0002,
					"seconds":	0.999803,
					"bytes":	12582912,
					"bits_per_second":	1.00683e+08,
					"omitted":	false
				}],
			"sum":	{
				"start":	10.0004,
				"end":	11.0002,
				"seconds":	0.999803,
				"bytes":	12582912,
				"bits_per_second":	1.00683e+08,
				"omitted":	false
			}
		}, {
			"streams":	[{
					"socket":	5,
					"start":	11.0002,
					"end":	12.0005,
					"seconds":	1.00031,
					"bytes":	12451840,
					"bits_per_second":	9.95842e+07,
					"omitted":	false
				}],
			"sum":	{
				"start":	11.0002,
				"end":	12.0005,
				"seconds":	1.00031,
				"bytes":	12451840,
				"bits_per_second":	9.95842e+07,
				"omitted":	false
			}
		}, {
			"streams":	[{
					"socket":	5,
					"start":	12.0005,
					"end":	13.0006,
					"seconds":	1.00011,
					"bytes":	12451840,
					"bits_per_second":	9.96034e+07,
					"omitted":	false
				}],
			"sum":	{
				"start":	12.0005,
				"end":	13.0006,
				"seconds":	1.00011,
				"bytes":	12451840,
				"bits_per_second":	9.96034e+07,
				"omitted":	false
			}
		}, {
			"streams":	[{
					"socket":	5,
					"start":	13.0006,
					"end":	14.0001,
					"seconds":	0.999527,
					"bytes":	12582912,
					"bits_per_second":	1.00711e+08,
					"omitted":	false
				}],
			"sum":	{
				"start":	13.0006,
				"end":	14.0001,
				"seconds":	0.999527,
				"bytes":	12582912,
				"bits_per_second":	1.00711e+08,
				"omitted":	false
			}
		}, {
			"streams":	[{
					"socket":	5,
					"start":	14.0001,
					"end":	15.0004,
					"seconds":	1.00026,
					"bytes":	12582912,
					"bits_per_second":	1.00637e+08,
					"omitted":	false
				}],
			"sum":	{
				"start":	14.0001,
				"end":	15.0004,
				"seconds":	1.00026,
				"bytes":	12582912,
				"bits_per_second":	1.00637e+08,
				"omitted":	false
			}
		}, {
			"streams":	[{
					"socket":	5,
					"start":	15.0004,
					"end":	16.0002,
					"seconds":	0.999823,
					"bytes":	12320768,
					"bits_per_second":	9.85836e+07,
					"omitted":	false
				}],
			"sum":	{
				"start":	15.0004,
				"end":	16.0002,
				"seconds":	0.999823,
				"bytes":	12320768,
				"bits_per_second":	9.85836e+07,
				"omitted":	false
			}
		}, {
			"streams":	[{
					"socket":	5,
					"start":	16.0002,
					"end":	17.0004,
					"seconds":	1.00025,
					"bytes":	12582912,
					"bits_per_second":	1.00638e+08,
					"omitted":	false
				}],
			"sum":	{
				"start":	16.0002,
				"end":	17.0004,
				"seconds":	1.00025,
				"bytes":	12582912,
				"bits_per_second":	1.00638e+08,
				"omitted":	false
			}
		}, {
			"streams":	[{
					"socket":	5,
					"start":	17.0004,
					"end":	18.0003,
					"seconds":	0.99983,
					"bytes":	12451840,
					"bits_per_second":	9.96317e+07,
					"omitted":	false
				}],
			"sum":	{
				"start":	17.0004,
				"end":	18.0003,
				"seconds":	0.99983,
				"bytes":	12451840,
				"bits_per_second":	9.96317e+07,
				"omitted":	false
			}
		}, {
			"streams":	[{
					"socket":	5,
					"start":	18.0003,
					"end":	19.0006,
					"seconds":	1.00035,
					"bytes":	12451840,
					"bits_per_second":	9.95801e+07,
					"omitted":	false
				}],
			"sum":	{
				"start":	18.0003,
				"end":	19.0006,
				"seconds":	1.00035,
				"bytes":	12451840,
				"bits_per_second":	9.95801e+07,
				"omitted":	false
			}
		}, {
			"streams":	[{
					"socket":	5,
					"start":	19.0006,
					"end":	20.0011,
					"seconds":	1.00047,
					"bytes":	12582912,
					"bits_per_second":	1.00616e+08,
					"omitted":	false
				}],
			"sum":	{
				"start":	19.0006,
				"end":	20.0011,
				"seconds":	1.00047,
				"bytes":	12582912,
				"bits_per_second":	1.00616e+08,
				"omitted":	false
			}
		}, {
			"streams":	[{
					"socket":	5,
					"start":	20.0011,
					"end":	21.0019,
					"seconds":	1.00077,
					"bytes":	12451840,
					"bits_per_second":	9.95377e+07,
					"omitted":	false
				}],
			"sum":	{
				"start":	20.0011,
				"end":	21.0019,
				"seconds":	1.00077,
				"bytes":	12451840,
				"bits_per_second":	9.95377e+07,
				"omitted":	false
			}
		}, {
			"streams":	[{
					"socket":	5,
					"start":	21.0019,
					"end":	22.0004,
					"seconds":	0.998512,
					"bytes":	12582912,
					"bits_per_second":	1.00813e+08,
					"omitted":	false
				}],
			"sum":	{
				"start":	21.0019,
				"end":	22.0004,
				"seconds":	0.998512,
				"bytes":	12582912,
				"bits_per_second":	1.00813e+08,
				"omitted":	false
			}
		}, {
			"streams":	[{
					"socket":	5,
					"start":	22.0004,
					"end":	23.0002,
					"seconds":	0.999858,
					"bytes":	12451840,
					"bits_per_second":	9.96289e+07,
					"omitted":	false
				}],
			"sum":	{
				"start":	22.0004,
				"end":	23.0002,
				"seconds":	0.999858,
				"bytes":	12451840,
				"bits_per_second":	9.96289e+07,
				"omitted":	false
			}
		}, {
			"streams":	[{
					"socket":	5,
					"start":	23.0002,
					"end":	24.0006,
					"seconds":	1.00034,
					"bytes":	12451840,
					"bits_per_second":	9.95811e+07,
					"omitted":	false
				}],
			"sum":	{
				"start":	23.0002,
				"end":	24.0006,
				"seconds":	1.00034,
				"bytes":	12451840,
				"bits_per_second":	9.95811e+07,
				"omitted":	false
			}
		}, {
			"streams":	[{
					"socket":	5,
					"start":	24.0006,
					"end":	25.0002,
					"seconds":	0.999627,
					"bytes":	12582912,
					"bits_per_second":	1.00701e+08,
					"omitted":	false
				}],
			"sum":	{
				"start":	24.0006,
				"end":	25.0002,
				"seconds":	0.999627,
				"bytes":	12582912,
				"bits_per_second":	1.00701e+08,
				"omitted":	false
			}
		}, {
			"streams":	[{
					"socket":	5,
					"start":	25.0002,
					"end":	26.0002,
					"seconds":	1.00001,
					"bytes":	12451840,
					"bits_per_second":	9.96134e+07,
					"omitted":	false
				}],
			"sum":	{
				"start":	25.0002,
				"end":	26.0002,
				"seconds":	1.00001,
				"bytes":	12451840,
				"bits_per_second":	9.96134e+07,
				"omitted":	false
			}
		}, {
			"streams":	[{
					"socket":	5,
					"start":	26.0002,
					"end":	27.0005,
					"seconds":	1.0003,
					"bytes":	12451840,
					"bits_per_second":	9.95845e+07,
					"omitted":	false
				}],
			"sum":	{
				"start":	26.0002,
				"end":	27.0005,
				"seconds":	1.0003,
				"bytes":	12451840,
				"bits_per_second":	9.95845e+07,
				"omitted":	false
			}
		}, {
			"streams":	[{
					"socket":	5,
					"start":	27.0005,
					"end":	28.0002,
					"seconds":	0.999687,
					"bytes":	12582912,
					"bits_per_second":	1.00695e+08,
					"omitted":	false
				}],
			"sum":	{
				"start":	27.0005,
				"end":	28.0002,
				"seconds":	0.999687,
				"bytes":	12582912,
				"bits_per_second":	1.00695e+08,
				"omitted":	false
			}
		}, {
			"streams":	[{
					"socket":	5,
					"start":	28.0002,
					"end":	29.0006,
					"seconds":	1.00044,
					"bytes":	12451840,
					"bits_per_second":	9.95705e+07,
					"omitted":	false
				}],
			"sum":	{
				"start":	28.0002,
				"end":	29.0006,
				"seconds":	1.00044,
				"bytes":	12451840,
				"bits_per_second":	9.95705e+07,
				"omitted":	false
			}
		}, {
			"streams":	[{
					"socket":	5,
					"start":	29.0006,
					"end":	30.0002,
					"seconds":	0.999593,
					"bytes":	12451840,
					"bits_per_second":	9.96553e+07,
					"omitted":	false
				}],
			"sum":	{
				"start":	29.0006,
				"end":	30.0002,
				"seconds":	0.999593,
				"bytes":	12451840,
				"bits_per_second":	9.96553e+07,
				"omitted":	false
			}
		}, {
			"streams":	[{
					"socket":	5,
					"start":	30.0002,
					"end":	31.0018,
					"seconds":	1.00152,
					"bytes":	12582912,
					"bits_per_second":	1.00511e+08,
					"omitted":	false
				}],
			"sum":	{
				"start":	30.0002,
				"end":	31.0018,
				"seconds":	1.00152,
				"bytes":	12582912,
				"bits_per_second":	1.00511e+08,
				"omitted":	false
			}
		}, {
			"streams":	[{
					"socket":	5,
					"start":	31.0018,
					"end":	32.0003,
					"seconds":	0.998579,
					"bytes":	12451840,
					"bits_per_second":	9.97565e+07,
					"omitted":	false
				}],
			"sum":	{
				"start":	31.0018,
				"end":	32.0003,
				"seconds":	0.998579,
				"bytes":	12451840,
				"bits_per_second":	9.97565e+07,
				"omitted":	false
			}
		}, {
			"streams":	[{
					"socket":	5,
					"start":	32.0003,
					"end":	33.0006,
					"seconds":	1.00024,
					"bytes":	12582912,
					"bits_per_second":	1.00639e+08,
					"omitted":	false
				}],
			"sum":	{
				"start":	32.0003,
				"end":	33.0006,
				"seconds":	1.00024,
				"bytes":	12582912,
				"bits_per_second":	1.00639e+08,
				"omitted":	false
			}
		}, {
			"streams":	[{
					"socket":	5,
					"start":	33.0006,
					"end":	34.0001,
					"seconds":	0.99951,
					"bytes":	12451840,
					"bits_per_second":	9.96636e+07,
					"omitted":	false
				}],
			"sum":	{
				"start":	33.0006,
				"end":	34.0001,
				"seconds":	0.99951,
				"bytes":	12451840,
				"bits_per_second":	9.96636e+07,
				"omitted":	false
			}
		}, {
			"streams":	[{
					"socket":	5,
					"start":	34.0001,
					"end":	35.0005,
					"seconds":	1.00043,
					"bytes":	12451840,
					"bits_per_second":	9.95717e+07,
					"omitted":	false
				}],
			"sum":	{
				"start":	34.0001,
				"end":	35.0005,
				"seconds":	1.00043,
				"bytes":	12451840,
				"bits_per_second":	9.95717e+07,
				"omitted":	false
			}
		}, {
			"streams":	[{
					"socket":	5,
					"start":	35.0005,
					"end":	36.0005,
					"seconds":	1.00001,
					"bytes":	12582912,
					"bits_per_second":	1.00662e+08,
					"omitted":	false
				}],
			"sum":	{
				"start":	35.0005,
				"end":	36.0005,
				"seconds":	1.00001,
				"bytes":	12582912,
				"bits_per_second":	1.00662e+08,
				"omitted":	false
			}
		}, {
			"streams":	[{
					"socket":	5,
					"start":	36.0005,
					"end":	37.0004,
					"seconds":	0.999899,
					"bytes":	12451840,
					"bits_per_second":	9.96248e+07,
					"omitted":	false
				}],
			"sum":	{
				"start":	36.0005,
				"end":	37.0004,
				"seconds":	0.999899,
				"bytes":	12451840,
				"bits_per_second":	9.96248e+07,
				"omitted":	false
			}
		}, {
			"streams":	[{
					"socket":	5,
					"start":	37.0004,
					"end":	38.0004,
					"seconds":	0.999947,
					"bytes":	12451840,
					"bits_per_second":	9.962e+07,
					"omitted":	false
				}],
			"sum":	{
				"start":	37.0004,
				"end":	38.0004,
				"seconds":	0.999947,
				"bytes":	12451840,
				"bits_per_second":	9.962e+07,
				"omitted":	false
			}
		}, {
			"streams":	[{
					"socket":	5,
					"start":	38.0004,
					"end":	39.0003,
					"seconds":	0.999911,
					"bytes":	12582912,
					"bits_per_second":	1.00672e+08,
					"omitted":	false
				}],
			"sum":	{
				"start":	38.0004,
				"end":	39.0003,
				"seconds":	0.999911,
				"bytes":	12582912,
				"bits_per_second":	1.00672e+08,
				"omitted":	false
			}
		}, {
			"streams":	[{
					"socket":	5,
					"start":	39.0003,
					"end":	40.0007,
					"seconds":	1.00038,
					"bytes":	12451840,
					"bits_per_second":	9.95769e+07,
					"omitted":	false
				}],
			"sum":	{
				"start":	39.0003,
				"end":	40.0007,
				"seconds":	1.00038,
				"bytes":	12451840,
				"bits_per_second":	9.95769e+07,
				"omitted":	false
			}
		}, {
			"streams":	[{
					"socket":	5,
					"start":	40.0007,
					"end":	41.0003,
					"seconds":	0.999664,
					"bytes":	12451840,
					"bits_per_second":	9.96482e+07,
					"omitted":	false
				}],
			"sum":	{
				"start":	40.0007,
				"end":	41.0003,
				"seconds":	0.999664,
				"bytes":	12451840,
				"bits_per_second":	9.96482e+07,
				"omitted":	false
			}
		}, {
			"streams":	[{
					"socket":	5,
					"start":	41.0003,
					"end":	42.0002,
					"seconds":	0.999878,
					"bytes":	12582912,
					"bits_per_second":	1.00676e+08,
					"omitted":	false
				}],
			"sum":	{
				"start":	41.0003,
				"end":	42.0002,
				"seconds":	0.999878,
				"bytes":	12582912,
				"bits_per_second":	1.00676e+08,
				"omitted":	false
			}
		}, {
			"streams":	[{
					"socket":	5,
					"start":	42.0002,
					"end":	43.0003,
					"seconds":	1.00007,
					"bytes":	12451840,
					"bits_per_second":	9.96078e+07,
					"omitted":	false
				}],
			"sum":	{
				"start":	42.0002,
				"end":	43.0003,
				"seconds":	1.00007,
				"bytes":	12451840,
				"bits_per_second":	9.96078e+07,
				"omitted":	false
			}
		}, {
			"streams":	[{
					"socket":	5,
					"start":	43.0003,
					"end":	44.0004,
					"seconds":	1.00011,
					"bytes":	12582912,
					"bits_per_second":	1.00652e+08,
					"omitted":	false
				}],
			"sum":	{
				"start":	43.0003,
				"end":	44.0004,
				"seconds":	1.00011,
				"bytes":	12582912,
				"bits_per_second":	1.00652e+08,
				"omitted":	false
			}
		}, {
			"streams":	[{
					"socket":	5,
					"start":	44.0004,
					"end":	45.0014,
					"seconds":	1.00097,
					"bytes":	12451840,
					"bits_per_second":	9.95177e+07,
					"omitted":	false
				}],
			"sum":	{
				"start":	44.0004,
				"end":	45.0014,
				"seconds":	1.00097,
				"bytes":	12451840,
				"bits_per_second":	9.95177e+07,
				"omitted":	false
			}
		}, {
			"streams":	[{
					"socket":	5,
					"start":	45.0014,
					"end":	46.0003,
					"seconds":	0.998951,
					"bytes":	12451840,
					"bits_per_second":	9.97193e+07,
					"omitted":	false
				}],
			"sum":	{
				"start":	45.0014,
				"end":	46.0003,
				"seconds":	0.998951,
				"bytes":	12451840,
				"bits_per_second":	9.97193e+07,
				"omitted":	false
			}
		}, {
			"streams":	[{
					"socket":	5,
					"start":	46.0003,
					"end":	47.0003,
					"seconds":	0.999973,
					"bytes":	12582912,
					"bits_per_second":	1.00666e+08,
					"omitted":	false
				}],
			"sum":	{
				"start":	46.0003,
				"end":	47.0003,
				"seconds":	0.999973,
				"bytes":	12582912,
				"bits_per_second":	1.00666e+08,
				"omitted":	false
			}
		}, {
			"streams":	[{
					"socket":	5,
					"start":	47.0003,
					"end":	47.0237,
					"seconds":	0.023366,
					"bytes":	0,
					"bits_per_second":	0,
					"omitted":	false
				}],
			"sum":	{
				"start":	47.0003,
				"end":	47.0237,
				"seconds":	0.023366,
				"bytes":	0,
				"bits_per_second":	0,
				"omitted":	false
			}
		}],
	"end":	{
		"streams":	[{
				"sender":	{
					"socket":	5,
					"start":	0,
					"end":	47.0237,
					"seconds":	47.0237,
					"bytes":	586384912,
					"bits_per_second":	9.976e+07,
					"retransmits":	50
				},
				"receiver":	{
					"socket":	5,
					"start":	0,
					"end":	47.0237,
					"seconds":	47.0237,
					"bytes":	586384912,
					"bits_per_second":	9.976e+07
				}
			}],
		"sum_sent":	{
			"start":	0,
			"end":	47.0237,
			"seconds":	47.0237,
			"bytes":	586384912,
			"bits_per_second":	9.976e+07,
			"retransmits":	50
		},
		"sum_received":	{
			"start":	0,
			"end":	47.0237,
			"seconds":	47.0237,
			"bytes":	586384912,
			"bits_per_second":	9.976e+07
		},
		"cpu_utilization_percent":	{
			"host_total":	5.06809,
			"host_user":	0.280762,
			"host_system":	4.78733,
			"remote_total":	2.09467,
			"remote_user":	0.0554544,
			"remote_system":	2.0392
		}
	}
}
