{
	"start":	{
		"connected":	[{
				"socket":	5,
				"local_host":	"10.0.0.11",
				"local_port":	1764,
				"remote_host":	"10.0.0.1",
				"remote_port":	53156
			}],
		"version":	"iperf 3.7",
		"system_info":	"Linux H11 5.4.197-0504197-generic #202206060747 SMP Mon Jun 6 09:27:47 UTC 2022 x86_64",
		"target_bitrate":	15000000,
		"sock_bufsize":	0,
		"sndbuf_actual":	87380,
		"rcvbuf_actual":	87380,
		"timestamp":	{
			"time":	"Mon, 01 Aug 2022 00:23:57 GMT",
			"timesecs":	1659313437
		},
		"accepted_connection":	{
			"host":	"10.0.0.1",
			"port":	53154
		},
		"cookie":	"2z6g6l3qhxdo6hciukuai4aein7dnx67zddp",
		"tcp_mss_default":	0,
		"target_bitrate":	15000000,
		"test_start":	{
			"protocol":	"TCP",
			"num_streams":	1,
			"blksize":	131072,
			"omit":	0,
			"duration":	5,
			"bytes":	0,
			"blocks":	0,
			"reverse":	0,
			"tos":	0
		}
	},
	"intervals":	[{
			"streams":	[{
					"socket":	5,
					"start":	0,
					"end":	1.000219,
					"seconds":	1.0002189874649048,
					"bytes":	1966080,
					"bits_per_second":	15725196.379109809,
					"omitted":	false,
					"sender":	false
				}],
			"sum":	{
				"start":	0,
				"end":	1.000219,
				"seconds":	1.0002189874649048,
				"bytes":	1966080,
				"bits_per_second":	15725196.379109809,
				"omitted":	false,
				"sender":	false
			}
		}, {
			"streams":	[{
					"socket":	5,
					"start":	1.000219,
					"end":	2.001042,
					"seconds":	1.0008230209350586,
					"bytes":	1835008,
					"bits_per_second":	14667991.935561761,
					"omitted":	false,
					"sender":	false
				}],
			"sum":	{
				"start":	1.000219,
				"end":	2.001042,
				"seconds":	1.0008230209350586,
				"bytes":	1835008,
				"bits_per_second":	14667991.935561761,
				"omitted":	false,
				"sender":	false
			}
		}, {
			"streams":	[{
					"socket":	5,
					"start":	2.001042,
					"end":	3.000709,
					"seconds":	0.99966698884963989,
					"bytes":	1835008,
					"bits_per_second":	14684954.253508946,
					"omitted":	false,
					"sender":	false
				}],
			"sum":	{
				"start":	2.001042,
				"end":	3.000709,
				"seconds":	0.99966698884963989,
				"bytes":	1835008,
				"bits_per_second":	14684954.253508946,
				"omitted":	false,
				"sender":	false
			}
		}, {
			"streams":	[{
					"socket":	5,
					"start":	3.000709,
					"end":	4.000381,
					"seconds":	0.999671995639801,
					"bytes":	1966080,
					"bits_per_second":	15733800.755250225,
					"omitted":	false,
					"sender":	false
				}],
			"sum":	{
				"start":	3.000709,
				"end":	4.000381,
				"seconds":	0.999671995639801,
				"bytes":	1966080,
				"bits_per_second":	15733800.755250225,
				"omitted":	false,
				"sender":	false
			}
		}, {
			"streams":	[{
					"socket":	5,
					"start":	4.000381,
					"end":	5.000267,
					"seconds":	0.99988597631454468,
					"bytes":	1835008,
					"bits_per_second":	14681738.065883162,
					"omitted":	false,
					"sender":	false
				}],
			"sum":	{
				"start":	4.000381,
				"end":	5.000267,
				"seconds":	0.99988597631454468,
				"bytes":	1835008,
				"bits_per_second":	14681738.065883162,
				"omitted":	false,
				"sender":	false
			}
		}],
	"end":	{
		"streams":	[{
				"sender":	{
					"socket":	5,
					"start":	0,
					"end":	5.000491,
					"seconds":	5.000491,
					"bytes":	0,
					"bits_per_second":	0,
					"sender":	false
				},
				"receiver":	{
					"socket":	5,
					"start":	0,
					"end":	5.000491,
					"seconds":	5.000491,
					"bytes":	9437184,
					"bits_per_second":	15098011.77524367,
					"sender":	false
				}
			}],
		"sum_sent":	{
			"start":	0,
			"end":	5.000491,
			"seconds":	5.000491,
			"bytes":	0,
			"bits_per_second":	0,
			"sender":	false
		},
		"sum_received":	{
			"start":	0,
			"end":	5.000491,
			"seconds":	5.000491,
			"bytes":	9437184,
			"bits_per_second":	15098011.77524367,
			"sender":	false
		},
		"cpu_utilization_percent":	{
			"host_total":	2.4529796198471088,
			"host_user":	0,
			"host_system":	2.4529995690962192,
			"remote_total":	0,
			"remote_user":	0,
			"remote_system":	0
		},
		"receiver_tcp_congestion":	"cubic"
	}
}
