{
	"start":	{
		"connected":	[{
				"socket":	5,
				"local_host":	"10.0.0.17",
				"local_port":	1802,
				"remote_host":	"10.0.0.7",
				"remote_port":	51660
			}],
		"version":	"iperf 3.0.7",
		"system_info":	"Linux CS3 5.4.197-0504197-generic #202206060747 SMP Mon Jun 6 09:27:47 UTC 2022 x86_64 x86_64 x86_64 GNU/Linux\n",
		"timestamp":	{
			"time":	"Mon, 25 Jul 2022 21:43:23 GMT",
			"timesecs":	1658785403
		},
		"accepted_connection":	{
			"host":	"10.0.0.7",
			"port":	51658
		},
		"cookie":	"BS7.1658785403.488851.32cc447d2fed02",
		"tcp_mss_default":	1448,
		"test_start":	{
			"protocol":	"TCP",
			"num_streams":	1,
			"blksize":	131072,
			"omit":	0,
			"duration":	6,
			"bytes":	0,
			"blocks":	0,
			"reverse":	0
		}
	},
	"intervals":	[{
			"streams":	[{
					"socket":	5,
					"start":	0,
					"end":	1.00023,
					"seconds":	1.00023,
					"bytes":	11350328,
					"bits_per_second":	9.07817e+07,
					"omitted":	false
				}],
			"sum":	{
				"start":	0,
				"end":	1.00023,
				"seconds":	1.00023,
				"bytes":	11350328,
				"bits_per_second":	9.07817e+07,
				"omitted":	false
			}
		}, {
			"streams":	[{
					"socket":	5,
					"start":	1.00023,
					"end":	2.00041,
					"seconds":	1.00018,
					"bytes":	12451840,
					"bits_per_second":	9.95972e+07,
					"omitted":	false
				}],
			"sum":	{
				"start":	1.00023,
				"end":	2.00041,
				"seconds":	1.00018,
				"bytes":	12451840,
				"bits_per_second":	9.95972e+07,
				"omitted":	false
			}
		}, {
			"streams":	[{
					"socket":	5,
					"start":	2.00041,
					"end":	3.0038,
					"seconds":	1.0034,
					"bytes":	12582912,
					"bits_per_second":	1.00323e+08,
					"omitted":	false
				}],
			"sum":	{
				"start":	2.00041,
				"end":	3.0038,
				"seconds":	1.0034,
				"bytes":	12582912,
				"bits_per_second":	1.00323e+08,
				"omitted":	false
			}
		}, {
			"streams":	[{
					"socket":	5,
					"start":	3.0038,
					"end":	4.00011,
					"seconds":	0.996307,
					"bytes":	12451840,
					"bits_per_second":	9.99839e+07,
					"omitted":	false
				}],
			"sum":	{
				"start":	3.0038,
				"end":	4.00011,
				"seconds":	0.996307,
				"bytes":	12451840,
				"bits_per_second":	9.99839e+07,
				"omitted":	false
			}
		}, {
			"streams":	[{
					"socket":	5,
					"start":	4.00011,
					"end":	5.00249,
					"seconds":	1.00238,
					"bytes":	12451840,
					"bits_per_second":	9.93786e+07,
					"omitted":	false
				}],
			"sum":	{
				"start":	4.00011,
				"end":	5.00249,
				"seconds":	1.00238,
				"bytes":	12451840,
				"bits_per_second":	9.93786e+07,
				"omitted":	false
			}
		}, {
			"streams":	[{
					"socket":	5,
					"start":	5.00249,
					"end":	6.00026,
					"seconds":	0.997778,
					"bytes":	12582912,
					"bits_per_second":	1.00887e+08,
					"omitted":	false
				}],
			"sum":	{
				"start":	5.00249,
				"end":	6.00026,
				"seconds":	0.997778,
				"bytes":	12582912,
				"bits_per_second":	1.00887e+08,
				"omitted":	false
			}
		}, {
			"streams":	[{
					"socket":	5,
					"start":	6.00026,
					"end":	6.03041,
					"seconds":	0.0301478,
					"bytes":	0,
					"bits_per_second":	0,
					"omitted":	false
				}],
			"sum":	{
				"start":	6.00026,
				"end":	6.03041,
				"seconds":	0.0301478,
				"bytes":	0,
				"bits_per_second":	0,
				"omitted":	false
			}
		}],
	"end":	{
		"streams":	[{
				"sender":	{
					"socket":	5,
					"start":	0,
					"end":	6.03041,
					"seconds":	6.03041,
					"bytes":	73871672,
					"bits_per_second":	9.79988e+07,
					"retransmits":	2
				},
				"receiver":	{
					"socket":	5,
					"start":	0,
					"end":	6.03041,
					"seconds":	6.03041,
					"bytes":	73871672,
					"bits_per_second":	9.79988e+07
				}
			}],
		"sum_sent":	{
			"start":	0,
			"end":	6.03041,
			"seconds":	6.03041,
			"bytes":	73871672,
			"bits_per_second":	9.79988e+07,
			"retransmits":	2
		},
		"sum_received":	{
			"start":	0,
			"end":	6.03041,
			"seconds":	6.03041,
			"bytes":	73871672,
			"bits_per_second":	9.79988e+07
		},
		"cpu_utilization_percent":	{
			"host_total":	4.43429,
			"host_user":	0.87329,
			"host_system":	3.56094,
			"remote_total":	2.5193,
			"remote_user":	0.355219,
			"remote_system":	2.16401
		}
	}
}
