{
	"start":	{
		"connected":	[{
				"socket":	5,
				"local_host":	"10.0.0.12",
				"local_port":	2898,
				"remote_host":	"10.0.0.5",
				"remote_port":	43052
			}],
		"version":	"iperf 3.0.7",
		"system_info":	"Linux MECS5 5.4.197-0504197-generic #202206060747 SMP Mon Jun 6 09:27:47 UTC 2022 x86_64 x86_64 x86_64 GNU/Linux\n",
		"timestamp":	{
			"time":	"Mon, 25 Jul 2022 21:52:22 GMT",
			"timesecs":	1658785942
		},
		"accepted_connection":	{
			"host":	"10.0.0.5",
			"port":	43050
		},
		"cookie":	"BS5.1658785942.303143.088f05143429a0",
		"tcp_mss_default":	1448,
		"test_start":	{
			"protocol":	"TCP",
			"num_streams":	1,
			"blksize":	131072,
			"omit":	0,
			"duration":	7,
			"bytes":	0,
			"blocks":	0,
			"reverse":	0
		}
	},
	"intervals":	[{
			"streams":	[{
					"socket":	5,
					"start":	0,
					"end":	1.00057,
					"seconds":	1.00057,
					"bytes":	11372800,
					"bits_per_second":	9.09304e+07,
					"omitted":	false
				}],
			"sum":	{
				"start":	0,
				"end":	1.00057,
				"seconds":	1.00057,
				"bytes":	11372800,
				"bits_per_second":	9.09304e+07,
				"omitted":	false
			}
		}, {
			"streams":	[{
					"socket":	5,
					"start":	1.00057,
					"end":	2.00052,
					"seconds":	0.999945,
					"bytes":	12451840,
					"bits_per_second":	9.96202e+07,
					"omitted":	false
				}],
			"sum":	{
				"start":	1.00057,
				"end":	2.00052,
				"seconds":	0.999945,
				"bytes":	12451840,
				"bits_per_second":	9.96202e+07,
				"omitted":	false
			}
		}, {
			"streams":	[{
					"socket":	5,
					"start":	2.00052,
					"end":	3.00057,
					"seconds":	1.00006,
					"bytes":	12451840,
					"bits_per_second":	9.96092e+07,
					"omitted":	false
				}],
			"sum":	{
				"start":	2.00052,
				"end":	3.00057,
				"seconds":	1.00006,
				"bytes":	12451840,
				"bits_per_second":	9.96092e+07,
				"omitted":	false
			}
		}, {
			"streams":	[{
					"socket":	5,
					"start":	3.00057,
					"end":	4.0001,
					"seconds":	0.999528,
					"bytes":	12582912,
					"bits_per_second":	1.00711e+08,
					"omitted":	false
				}],
			"sum":	{
				"start":	3.00057,
				"end":	4.0001,
				"seconds":	0.999528,
				"bytes":	12582912,
				"bits_per_second":	1.00711e+08,
				"omitted":	false
			}
		}, {
			"streams":	[{
					"socket":	5,
					"start":	4.0001,
					"end":	5.00032,
					"seconds":	1.00022,
					"bytes":	12451840,
					"bits_per_second":	9.9593e+07,
					"omitted":	false
				}],
			"sum":	{
				"start":	4.0001,
				"end":	5.00032,
				"seconds":	1.00022,
				"bytes":	12451840,
				"bits_per_second":	9.9593e+07,
				"omitted":	false
			}
		}, {
			"streams":	[{
					"socket":	5,
					"start":	5.00032,
					"end":	6.00012,
					"seconds":	0.999805,
					"bytes":	12582912,
					"bits_per_second":	1.00683e+08,
					"omitted":	false
				}],
			"sum":	{
				"start":	5.00032,
				"end":	6.00012,
				"seconds":	0.999805,
				"bytes":	12582912,
				"bits_per_second":	1.00683e+08,
				"omitted":	false
			}
		}, {
			"streams":	[{
					"socket":	5,
					"start":	6.00012,
					"end":	7.00431,
					"seconds":	1.00418,
					"bytes":	12451840,
					"bits_per_second":	9.91996e+07,
					"omitted":	false
				}],
			"sum":	{
				"start":	6.00012,
				"end":	7.00431,
				"seconds":	1.00418,
				"bytes":	12451840,
				"bits_per_second":	9.91996e+07,
				"omitted":	false
			}
		}, {
			"streams":	[{
					"socket":	5,
					"start":	7.00431,
					"end":	7.00678,
					"seconds":	0.00246787,
					"bytes":	0,
					"bits_per_second":	0,
					"omitted":	false
				}],
			"sum":	{
				"start":	7.00431,
				"end":	7.00678,
				"seconds":	0.00246787,
				"bytes":	0,
				"bits_per_second":	0,
				"omitted":	false
			}
		}],
	"end":	{
		"streams":	[{
				"sender":	{
					"socket":	5,
					"start":	0,
					"end":	7.00678,
					"seconds":	7.00678,
					"bytes":	86345984,
					"bits_per_second":	9.85857e+07,
					"retransmits":	0
				},
				"receiver":	{
					"socket":	5,
					"start":	0,
					"end":	7.00678,
					"seconds":	7.00678,
					"bytes":	86345984,
					"bits_per_second":	9.85857e+07
				}
			}],
		"sum_sent":	{
			"start":	0,
			"end":	7.00678,
			"seconds":	7.00678,
			"bytes":	86345984,
			"bits_per_second":	9.85857e+07,
			"retransmits":	0
		},
		"sum_received":	{
			"start":	0,
			"end":	7.00678,
			"seconds":	7.00678,
			"bytes":	86345984,
			"bits_per_second":	9.85857e+07
		},
		"cpu_utilization_percent":	{
			"host_total":	2.54211,
			"host_user":	0.119362,
			"host_system":	2.42272,
			"remote_total":	1.60435,
			"remote_user":	0.587448,
			"remote_system":	1.01685
		}
	}
}
