{
	"start":	{
		"connected":	[{
				"socket":	5,
				"local_host":	"10.0.0.8",
				"local_port":	2604,
				"remote_host":	"10.0.0.1",
				"remote_port":	53256
			}],
		"version":	"iperf 3.0.7",
		"system_info":	"Linux MECS1 5.4.197-0504197-generic #202206060747 SMP Mon Jun 6 09:27:47 UTC 2022 x86_64 x86_64 x86_64 GNU/Linux\n",
		"timestamp":	{
			"time":	"Mon, 25 Jul 2022 21:44:40 GMT",
			"timesecs":	1658785480
		},
		"accepted_connection":	{
			"host":	"10.0.0.1",
			"port":	53254
		},
		"cookie":	"BS1.1658785480.393085.7b5367745166dd",
		"tcp_mss_default":	1448,
		"test_start":	{
			"protocol":	"TCP",
			"num_streams":	1,
			"blksize":	131072,
			"omit":	0,
			"duration":	29,
			"bytes":	0,
			"blocks":	0,
			"reverse":	0
		}
	},
	"intervals":	[{
			"streams":	[{
					"socket":	5,
					"start":	0,
					"end":	1.00289,
					"seconds":	1.00289,
					"bytes":	5736704,
					"bits_per_second":	4.57614e+07,
					"omitted":	false
				}],
			"sum":	{
				"start":	0,
				"end":	1.00289,
				"seconds":	1.00289,
				"bytes":	5736704,
				"bits_per_second":	4.57614e+07,
				"omitted":	false
			}
		}, {
			"streams":	[{
					"socket":	5,
					"start":	1.00289,
					"end":	2.00014,
					"seconds":	0.997249,
					"bytes":	6160384,
					"bits_per_second":	4.9419e+07,
					"omitted":	false
				}],
			"sum":	{
				"start":	1.00289,
				"end":	2.00014,
				"seconds":	0.997249,
				"bytes":	6160384,
				"bits_per_second":	4.9419e+07,
				"omitted":	false
			}
		}, {
			"streams":	[{
					"socket":	5,
					"start":	2.00014,
					"end":	3.00053,
					"seconds":	1.00039,
					"bytes":	6291456,
					"bits_per_second":	5.03121e+07,
					"omitted":	false
				}],
			"sum":	{
				"start":	2.00014,
				"end":	3.00053,
				"seconds":	1.00039,
				"bytes":	6291456,
				"bits_per_second":	5.03121e+07,
				"omitted":	false
			}
		}, {
			"streams":	[{
					"socket":	5,
					"start":	3.00053,
					"end":	4.0005,
					"seconds":	0.999975,
					"bytes":	6291456,
					"bits_per_second":	5.03329e+07,
					"omitted":	false
				}],
			"sum":	{
				"start":	3.00053,
				"end":	4.0005,
				"seconds":	0.999975,
				"bytes":	6291456,
				"bits_per_second":	5.03329e+07,
				"omitted":	false
			}
		}, {
			"streams":	[{
					"socket":	5,
					"start":	4.0005,
					"end":	5.00018,
					"seconds":	0.999681,
					"bytes":	6160384,
					"bits_per_second":	4.92988e+07,
					"omitted":	false
				}],
			"sum":	{
				"start":	4.0005,
				"end":	5.00018,
				"seconds":	0.999681,
				"bytes":	6160384,
				"bits_per_second":	4.92988e+07,
				"omitted":	false
			}
		}, {
			"streams":	[{
					"socket":	5,
					"start":	5.00018,
					"end":	6.00044,
					"seconds":	1.00025,
					"bytes":	6291456,
					"bits_per_second":	5.03189e+07,
					"omitted":	false
				}],
			"sum":	{
				"start":	5.00018,
				"end":	6.00044,
				"seconds":	1.00025,
				"bytes":	6291456,
				"bits_per_second":	5.03189e+07,
				"omitted":	false
			}
		}, {
			"streams":	[{
					"socket":	5,
					"start":	6.00044,
					"end":	7.00065,
					"seconds":	1.00021,
					"bytes":	6291456,
					"bits_per_second":	5.03209e+07,
					"omitted":	false
				}],
			"sum":	{
				"start":	6.00044,
				"end":	7.00065,
				"seconds":	1.00021,
				"bytes":	6291456,
				"bits_per_second":	5.03209e+07,
				"omitted":	false
			}
		}, {
			"streams":	[{
					"socket":	5,
					"start":	7.00065,
					"end":	8.00047,
					"seconds":	0.999818,
					"bytes":	6160384,
					"bits_per_second":	4.9292e+07,
					"omitted":	false
				}],
			"sum":	{
				"start":	7.00065,
				"end":	8.00047,
				"seconds":	0.999818,
				"bytes":	6160384,
				"bits_per_second":	4.9292e+07,
				"omitted":	false
			}
		}, {
			"streams":	[{
					"socket":	5,
					"start":	8.00047,
					"end":	9.00337,
					"seconds":	1.0029,
					"bytes":	6291456,
					"bits_per_second":	5.0186e+07,
					"omitted":	false
				}],
			"sum":	{
				"start":	8.00047,
				"end":	9.00337,
				"seconds":	1.0029,
				"bytes":	6291456,
				"bits_per_second":	5.0186e+07,
				"omitted":	false
			}
		}, {
			"streams":	[{
					"socket":	5,
					"start":	9.00337,
					"end":	10.0014,
					"seconds":	0.998045,
					"bytes":	6291456,
					"bits_per_second":	5.04302e+07,
					"omitted":	false
				}],
			"sum":	{
				"start":	9.00337,
				"end":	10.0014,
				"seconds":	0.998045,
				"bytes":	6291456,
				"bits_per_second":	5.04302e+07,
				"omitted":	false
			}
		}, {
			"streams":	[{
					"socket":	5,
					"start":	10.0014,
					"end":	11.0023,
					"seconds":	1.00088,
					"bytes":	6291456,
					"bits_per_second":	5.02872e+07,
					"omitted":	false
				}],
			"sum":	{
				"start":	10.0014,
				"end":	11.0023,
				"seconds":	1.00088,
				"bytes":	6291456,
				"bits_per_second":	5.02872e+07,
				"omitted":	false
			}
		}, {
			"streams":	[{
					"socket":	5,
					"start":	11.0023,
					"end":	12.0035,
					"seconds":	1.0012,
					"bytes":	6160384,
					"bits_per_second":	4.92238e+07,
					"omitted":	false
				}],
			"sum":	{
				"start":	11.0023,
				"end":	12.0035,
				"seconds":	1.0012,
				"bytes":	6160384,
				"bits_per_second":	4.92238e+07,
				"omitted":	false
			}
		}, {
			"streams":	[{
					"socket":	5,
					"start":	12.0035,
					"end":	13.0003,
					"seconds":	0.996753,
					"bytes":	6291456,
					"bits_per_second":	5.04956e+07,
					"omitted":	false
				}],
			"sum":	{
				"start":	12.0035,
				"end":	13.0003,
				"seconds":	0.996753,
				"bytes":	6291456,
				"bits_per_second":	5.04956e+07,
				"omitted":	false
			}
		}, {
			"streams":	[{
					"socket":	5,
					"start":	13.0003,
					"end":	14.0002,
					"seconds":	0.999961,
					"bytes":	6291456,
					"bits_per_second":	5.03336e+07,
					"omitted":	false
				}],
			"sum":	{
				"start":	13.0003,
				"end":	14.0002,
				"seconds":	0.999961,
				"bytes":	6291456,
				"bits_per_second":	5.03336e+07,
				"omitted":	false
			}
		}, {
			"streams":	[{
					"socket":	5,
					"start":	14.0002,
					"end":	15.0006,
					"seconds":	1.00043,
					"bytes":	6291456,
					"bits_per_second":	5.03101e+07,
					"omitted":	false
				}],
			"sum":	{
				"start":	14.0002,
				"end":	15.0006,
				"seconds":	1.00043,
				"bytes":	6291456,
				"bits_per_second":	5.03101e+07,
				"omitted":	false
			}
		}, {
			"streams":	[{
					"socket":	5,
					"start":	15.0006,
					"end":	16.0006,
					"seconds":	0.999954,
					"bytes":	6160384,
					"bits_per_second":	4.92853e+07,
					"omitted":	false
				}],
			"sum":	{
				"start":	15.0006,
				"end":	16.0006,
				"seconds":	0.999954,
				"bytes":	6160384,
				"bits_per_second":	4.92853e+07,
				"omitted":	false
			}
		}, {
			"streams":	[{
					"socket":	5,
					"start":	16.0006,
					"end":	17.0006,
					"seconds":	0.999957,
					"bytes":	6291456,
					"bits_per_second":	5.03338e+07,
					"omitted":	false
				}],
			"sum":	{
				"start":	16.0006,
				"end":	17.0006,
				"seconds":	0.999957,
				"bytes":	6291456,
				"bits_per_second":	5.03338e+07,
				"omitted":	false
			}
		}, {
			"streams":	[{
					"socket":	5,
					"start":	17.0006,
					"end":	18.0005,
					"seconds":	0.999929,
					"bytes":	6160384,
					"bits_per_second":	4.92866e+07,
					"omitted":	false
				}],
			"sum":	{
				"start":	17.0006,
				"end":	18.0005,
				"seconds":	0.999929,
				"bytes":	6160384,
				"bits_per_second":	4.92866e+07,
				"omitted":	false
			}
		}, {
			"streams":	[{
					"socket":	5,
					"start":	18.0005,
					"end":	19.0008,
					"seconds":	1.00032,
					"bytes":	6291456,
					"bits_per_second":	5.03154e+07,
					"omitted":	false
				}],
			"sum":	{
				"start":	18.0005,
				"end":	19.0008,
				"seconds":	1.00032,
				"bytes":	6291456,
				"bits_per_second":	5.03154e+07,
				"omitted":	false
			}
		}, {
			"streams":	[{
					"socket":	5,
					"start":	19.0008,
					"end":	20.0002,
					"seconds":	0.999428,
					"bytes":	6291456,
					"bits_per_second":	5.03605e+07,
					"omitted":	false
				}],
			"sum":	{
				"start":	19.0008,
				"end":	20.0002,
				"seconds":	0.999428,
				"bytes":	6291456,
				"bits_per_second":	5.03605e+07,
				"omitted":	false
			}
		}, {
			"streams":	[{
					"socket":	5,
					"start":	20.0002,
					"end":	21.0005,
					"seconds":	1.00024,
					"bytes":	6160384,
					"bits_per_second":	4.92711e+07,
					"omitted":	false
				}],
			"sum":	{
				"start":	20.0002,
				"end":	21.0005,
				"seconds":	1.00024,
				"bytes":	6160384,
				"bits_per_second":	4.92711e+07,
				"omitted":	false
			}
		}, {
			"streams":	[{
					"socket":	5,
					"start":	21.0005,
					"end":	22.0008,
					"seconds":	1.00034,
					"bytes":	6291456,
					"bits_per_second":	5.03147e+07,
					"omitted":	false
				}],
			"sum":	{
				"start":	21.0005,
				"end":	22.0008,
				"seconds":	1.00034,
				"bytes":	6291456,
				"bits_per_second":	5.03147e+07,
				"omitted":	false
			}
		}, {
			"streams":	[{
					"socket":	5,
					"start":	22.0008,
					"end":	23.0002,
					"seconds":	0.999379,
					"bytes":	6291456,
					"bits_per_second":	5.03629e+07,
					"omitted":	false
				}],
			"sum":	{
				"start":	22.0008,
				"end":	23.0002,
				"seconds":	0.999379,
				"bytes":	6291456,
				"bits_per_second":	5.03629e+07,
				"omitted":	false
			}
		}, {
			"streams":	[{
					"socket":	5,
					"start":	23.0002,
					"end":	24.0005,
					"seconds":	1.00033,
					"bytes":	6160384,
					"bits_per_second":	4.92667e+07,
					"omitted":	false
				}],
			"sum":	{
				"start":	23.0002,
				"end":	24.0005,
				"seconds":	1.00033,
				"bytes":	6160384,
				"bits_per_second":	4.92667e+07,
				"omitted":	false
			}
		}, {
			"streams":	[{
					"socket":	5,
					"start":	24.0005,
					"end":	25.0004,
					"seconds":	0.999922,
					"bytes":	6291456,
					"bits_per_second":	5.03356e+07,
					"omitted":	false
				}],
			"sum":	{
				"start":	24.0005,
				"end":	25.0004,
				"seconds":	0.999922,
				"bytes":	6291456,
				"bits_per_second":	5.03356e+07,
				"omitted":	false
			}
		}, {
			"streams":	[{
					"socket":	5,
					"start":	25.0004,
					"end":	26.0009,
					"seconds":	1.00041,
					"bytes":	6291456,
					"bits_per_second":	5.03113e+07,
					"omitted":	false
				}],
			"sum":	{
				"start":	25.0004,
				"end":	26.0009,
				"seconds":	1.00041,
				"bytes":	6291456,
				"bits_per_second":	5.03113e+07,
				"omitted":	false
			}
		}, {
			"streams":	[{
					"socket":	5,
					"start":	26.0009,
					"end":	27.0002,
					"seconds":	0.999382,
					"bytes":	6160384,
					"bits_per_second":	4.93135e+07,
					"omitted":	false
				}],
			"sum":	{
				"start":	26.0009,
				"end":	27.0002,
				"seconds":	0.999382,
				"bytes":	6160384,
				"bits_per_second":	4.93135e+07,
				"omitted":	false
			}
		}, {
			"streams":	[{
					"socket":	5,
					"start":	27.0002,
					"end":	28.0006,
					"seconds":	1.00035,
					"bytes":	6291456,
					"bits_per_second":	5.03142e+07,
					"omitted":	false
				}],
			"sum":	{
				"start":	27.0002,
				"end":	28.0006,
				"seconds":	1.00035,
				"bytes":	6291456,
				"bits_per_second":	5.03142e+07,
				"omitted":	false
			}
		}, {
			"streams":	[{
					"socket":	5,
					"start":	28.0006,
					"end":	29.001,
					"seconds":	1.00037,
					"bytes":	6291456,
					"bits_per_second":	5.03129e+07,
					"omitted":	false
				}],
			"sum":	{
				"start":	28.0006,
				"end":	29.001,
				"seconds":	1.00037,
				"bytes":	6291456,
				"bits_per_second":	5.03129e+07,
				"omitted":	false
			}
		}, {
			"streams":	[{
					"socket":	5,
					"start":	29.001,
					"end":	29.006,
					"seconds":	0.00502992,
					"bytes":	0,
					"bits_per_second":	0,
					"omitted":	false
				}],
			"sum":	{
				"start":	29.001,
				"end":	29.006,
				"seconds":	0.00502992,
				"bytes":	0,
				"bits_per_second":	0,
				"omitted":	false
			}
		}],
	"end":	{
		"streams":	[{
				"sender":	{
					"socket":	5,
					"start":	0,
					"end":	29.006,
					"seconds":	29.006,
					"bytes":	180717824,
					"bits_per_second":	4.98429e+07,
					"retransmits":	3
				},
				"receiver":	{
					"socket":	5,
					"start":	0,
					"end":	29.006,
					"seconds":	29.006,
					"bytes":	180717824,
					"bits_per_second":	4.98429e+07
				}
			}],
		"sum_sent":	{
			"start":	0,
			"end":	29.006,
			"seconds":	29.006,
			"bytes":	180717824,
			"bits_per_second":	4.98429e+07,
			"retransmits":	3
		},
		"sum_received":	{
			"start":	0,
			"end":	29.006,
			"seconds":	29.006,
			"bytes":	180717824,
			"bits_per_second":	4.98429e+07
		},
		"cpu_utilization_percent":	{
			"host_total":	1.56288,
			"host_user":	0.193163,
			"host_system":	1.36971,
			"remote_total":	0.918436,
			"remote_user":	0.0377356,
			"remote_system":	0.880659
		}
	}
}
