{
	"start":	{
		"connected":	[{
				"socket":	5,
				"local_host":	"10.0.0.18",
				"local_port":	2732,
				"remote_host":	"10.0.0.4",
				"remote_port":	40602
			}],
		"version":	"iperf 3.0.7",
		"system_info":	"Linux CS4 5.4.197-0504197-generic #202206060747 SMP Mon Jun 6 09:27:47 UTC 2022 x86_64 x86_64 x86_64 GNU/Linux\n",
		"timestamp":	{
			"time":	"Mon, 25 Jul 2022 21:43:17 GMT",
			"timesecs":	1658785397
		},
		"accepted_connection":	{
			"host":	"10.0.0.4",
			"port":	40600
		},
		"cookie":	"BS4.1658785397.144525.2da6883956cf1c",
		"tcp_mss_default":	1448,
		"test_start":	{
			"protocol":	"TCP",
			"num_streams":	1,
			"blksize":	131072,
			"omit":	0,
			"duration":	6,
			"bytes":	0,
			"blocks":	0,
			"reverse":	0
		}
	},
	"intervals":	[{
			"streams":	[{
					"socket":	5,
					"start":	0,
					"end":	1.00035,
					"seconds":	1.00035,
					"bytes":	2874840,
					"bits_per_second":	2.29907e+07,
					"omitted":	false
				}],
			"sum":	{
				"start":	0,
				"end":	1.00035,
				"seconds":	1.00035,
				"bytes":	2874840,
				"bits_per_second":	2.29907e+07,
				"omitted":	false
			}
		}, {
			"streams":	[{
					"socket":	5,
					"start":	1.00035,
					"end":	2.00025,
					"seconds":	0.9999,
					"bytes":	3145728,
					"bits_per_second":	2.51683e+07,
					"omitted":	false
				}],
			"sum":	{
				"start":	1.00035,
				"end":	2.00025,
				"seconds":	0.9999,
				"bytes":	3145728,
				"bits_per_second":	2.51683e+07,
				"omitted":	false
			}
		}, {
			"streams":	[{
					"socket":	5,
					"start":	2.00025,
					"end":	3.00023,
					"seconds":	0.999976,
					"bytes":	3145728,
					"bits_per_second":	2.51664e+07,
					"omitted":	false
				}],
			"sum":	{
				"start":	2.00025,
				"end":	3.00023,
				"seconds":	0.999976,
				"bytes":	3145728,
				"bits_per_second":	2.51664e+07,
				"omitted":	false
			}
		}, {
			"streams":	[{
					"socket":	5,
					"start":	3.00023,
					"end":	4.00021,
					"seconds":	0.999987,
					"bytes":	3145728,
					"bits_per_second":	2.51662e+07,
					"omitted":	false
				}],
			"sum":	{
				"start":	3.00023,
				"end":	4.00021,
				"seconds":	0.999987,
				"bytes":	3145728,
				"bits_per_second":	2.51662e+07,
				"omitted":	false
			}
		}, {
			"streams":	[{
					"socket":	5,
					"start":	4.00021,
					"end":	5.00017,
					"seconds":	0.999954,
					"bytes":	3014656,
					"bits_per_second":	2.41184e+07,
					"omitted":	false
				}],
			"sum":	{
				"start":	4.00021,
				"end":	5.00017,
				"seconds":	0.999954,
				"bytes":	3014656,
				"bits_per_second":	2.41184e+07,
				"omitted":	false
			}
		}, {
			"streams":	[{
					"socket":	5,
					"start":	5.00017,
					"end":	6.00018,
					"seconds":	1.00002,
					"bytes":	3145728,
					"bits_per_second":	2.51654e+07,
					"omitted":	false
				}],
			"sum":	{
				"start":	5.00017,
				"end":	6.00018,
				"seconds":	1.00002,
				"bytes":	3145728,
				"bits_per_second":	2.51654e+07,
				"omitted":	false
			}
		}, {
			"streams":	[{
					"socket":	5,
					"start":	6.00018,
					"end":	6.02512,
					"seconds":	0.0249379,
					"bytes":	0,
					"bits_per_second":	0,
					"omitted":	false
				}],
			"sum":	{
				"start":	6.00018,
				"end":	6.02512,
				"seconds":	0.0249379,
				"bytes":	0,
				"bits_per_second":	0,
				"omitted":	false
			}
		}],
	"end":	{
		"streams":	[{
				"sender":	{
					"socket":	5,
					"start":	0,
					"end":	6.02512,
					"seconds":	6.02512,
					"bytes":	18472408,
					"bits_per_second":	2.45272e+07,
					"retransmits":	0
				},
				"receiver":	{
					"socket":	5,
					"start":	0,
					"end":	6.02512,
					"seconds":	6.02512,
					"bytes":	18472408,
					"bits_per_second":	2.45272e+07
				}
			}],
		"sum_sent":	{
			"start":	0,
			"end":	6.02512,
			"seconds":	6.02512,
			"bytes":	18472408,
			"bits_per_second":	2.45272e+07,
			"retransmits":	0
		},
		"sum_received":	{
			"start":	0,
			"end":	6.02512,
			"seconds":	6.02512,
			"bytes":	18472408,
			"bits_per_second":	2.45272e+07
		},
		"cpu_utilization_percent":	{
			"host_total":	1.21452,
			"host_user":	0.23031,
			"host_system":	0.984193,
			"remote_total":	1.3503,
			"remote_user":	0.336084,
			"remote_system":	1.0104
		}
	}
}
