{
	"start":	{
		"connected":	[{
				"socket":	5,
				"local_host":	"10.0.0.10",
				"local_port":	2076,
				"remote_host":	"10.0.0.6",
				"remote_port":	52779
			}],
		"version":	"iperf 3.0.7",
		"system_info":	"Linux MECS3 5.4.197-0504197-generic #202206060747 SMP Mon Jun 6 09:27:47 UTC 2022 x86_64 x86_64 x86_64 GNU/Linux\n",
		"timestamp":	{
			"time":	"Mon, 25 Jul 2022 21:43:43 GMT",
			"timesecs":	1658785423
		},
		"accepted_connection":	{
			"host":	"10.0.0.6",
			"port":	36328
		},
		"cookie":	"BS6.1658785423.215612.2ae8c3572401e4",
		"test_start":	{
			"protocol":	"UDP",
			"num_streams":	1,
			"blksize":	8192,
			"omit":	0,
			"duration":	6,
			"bytes":	0,
			"blocks":	0,
			"reverse":	0
		}
	},
	"intervals":	[{
			"streams":	[{
					"socket":	5,
					"start":	0,
					"end":	1.002,
					"seconds":	1.002,
					"bytes":	15147008,
					"bits_per_second":	1.20934e+08,
					"jitter_ms":	0.652837,
					"lost_packets":	573,
					"packets":	2422,
					"lost_percent":	23.6581,
					"omitted":	false
				}],
			"sum":	{
				"start":	0,
				"end":	1.002,
				"seconds":	1.002,
				"bytes":	15147008,
				"bits_per_second":	1.20934e+08,
				"jitter_ms":	0.652837,
				"lost_packets":	573,
				"packets":	2422,
				"lost_percent":	23.6581,
				"omitted":	false
			}
		}, {
			"streams":	[{
					"socket":	5,
					"start":	1.002,
					"end":	2.00084,
					"seconds":	0.998838,
					"bytes":	0,
					"bits_per_second":	0,
					"jitter_ms":	0.652837,
					"lost_packets":	0,
					"packets":	0,
					"lost_percent":	-nan,
					"omitted":	false
				}],
			"sum":	{
				"start":	1.002,
				"end":	2.00084,
				"seconds":	0.998838,
				"bytes":	0,
				"bits_per_second":	0,
				"jitter_ms":	0.652837,
				"lost_packets":	0,
				"packets":	0,
				"lost_percent":	-nan,
				"omitted":	false
			}
		}, {
			"streams":	[{
					"socket":	5,
					"start":	2.00084,
					"end":	3.0013,
					"seconds":	1.00046,
					"bytes":	0,
					"bits_per_second":	0,
					"jitter_ms":	0.652837,
					"lost_packets":	0,
					"packets":	0,
					"lost_percent":	-nan,
					"omitted":	false
				}],
			"sum":	{
				"start":	2.00084,
				"end":	3.0013,
				"seconds":	1.00046,
				"bytes":	0,
				"bits_per_second":	0,
				"jitter_ms":	0.652837,
				"lost_packets":	0,
				"packets":	0,
				"lost_percent":	-nan,
				"omitted":	false
			}
		}, {
			"streams":	[{
					"socket":	5,
					"start":	3.0013,
					"end":	4.001,
					"seconds":	0.999704,
					"bytes":	0,
					"bits_per_second":	0,
					"jitter_ms":	0.652837,
					"lost_packets":	0,
					"packets":	0,
					"lost_percent":	-nan,
					"omitted":	false
				}],
			"sum":	{
				"start":	3.0013,
				"end":	4.001,
				"seconds":	0.999704,
				"bytes":	0,
				"bits_per_second":	0,
				"jitter_ms":	0.652837,
				"lost_packets":	0,
				"packets":	0,
				"lost_percent":	-nan,
				"omitted":	false
			}
		}, {
			"streams":	[{
					"socket":	5,
					"start":	4.001,
					"end":	5.00114,
					"seconds":	1.00014,
					"bytes":	0,
					"bits_per_second":	0,
					"jitter_ms":	0.652837,
					"lost_packets":	0,
					"packets":	0,
					"lost_percent":	-nan,
					"omitted":	false
				}],
			"sum":	{
				"start":	4.001,
				"end":	5.00114,
				"seconds":	1.00014,
				"bytes":	0,
				"bits_per_second":	0,
				"jitter_ms":	0.652837,
				"lost_packets":	0,
				"packets":	0,
				"lost_percent":	-nan,
				"omitted":	false
			}
		}, {
			"streams":	[{
					"socket":	5,
					"start":	5.00114,
					"end":	6.00056,
					"seconds":	0.999422,
					"bytes":	0,
					"bits_per_second":	0,
					"jitter_ms":	0.652837,
					"lost_packets":	0,
					"packets":	0,
					"lost_percent":	-nan,
					"omitted":	false
				}],
			"sum":	{
				"start":	5.00114,
				"end":	6.00056,
				"seconds":	0.999422,
				"bytes":	0,
				"bits_per_second":	0,
				"jitter_ms":	0.652837,
				"lost_packets":	0,
				"packets":	0,
				"lost_percent":	-nan,
				"omitted":	false
			}
		}, {
			"streams":	[{
					"socket":	5,
					"start":	6.00056,
					"end":	6.01116,
					"seconds":	0.010602,
					"bytes":	0,
					"bits_per_second":	0,
					"jitter_ms":	0.652837,
					"lost_packets":	0,
					"packets":	0,
					"lost_percent":	-nan,
					"omitted":	false
				}],
			"sum":	{
				"start":	6.00056,
				"end":	6.01116,
				"seconds":	0.010602,
				"bytes":	0,
				"bits_per_second":	0,
				"jitter_ms":	0.652837,
				"lost_packets":	0,
				"packets":	0,
				"lost_percent":	-nan,
				"omitted":	false
			}
		}],
	"end":	{
		"streams":	[{
				"udp":	{
					"socket":	5,
					"start":	0,
					"end":	6.01116,
					"seconds":	6.01116,
					"bytes":	148054016,
					"bits_per_second":	1.97039e+08,
					"jitter_ms":	0.652837,
					"lost_packets":	573,
					"packets":	2422,
					"lost_percent":	23.6581
				}
			}],
		"sum":	{
			"start":	0,
			"end":	6.01116,
			"seconds":	6.01116,
			"bytes":	148054016,
			"bits_per_second":	1.97039e+08,
			"jitter_ms":	0.652837,
			"lost_packets":	573,
			"packets":	2422,
			"lost_percent":	23.6581
		},
		"cpu_utilization_percent":	{
			"host_total":	1.8622,
			"host_user":	0,
			"host_system":	1.86215,
			"remote_total":	32.7838,
			"remote_user":	1.16972,
			"remote_system":	31.6139
		}
	}
}
