{
	"start":	{
		"connected":	[{
				"socket":	5,
				"local_host":	"10.0.0.21",
				"local_port":	2151,
				"remote_host":	"10.0.0.1",
				"remote_port":	34556
			}],
		"version":	"iperf 3.0.7",
		"system_info":	"Linux CS7 5.4.197-0504197-generic #202206060747 SMP Mon Jun 6 09:27:47 UTC 2022 x86_64 x86_64 x86_64 GNU/Linux\n",
		"timestamp":	{
			"time":	"Mon, 25 Jul 2022 21:52:25 GMT",
			"timesecs":	1658785945
		},
		"accepted_connection":	{
			"host":	"10.0.0.1",
			"port":	48540
		},
		"cookie":	"BS1.1658785945.521640.7cd7d161427cd5",
		"test_start":	{
			"protocol":	"UDP",
			"num_streams":	1,
			"blksize":	8192,
			"omit":	0,
			"duration":	34,
			"bytes":	0,
			"blocks":	0,
			"reverse":	0
		}
	},
	"intervals":	[{
			"streams":	[{
					"socket":	5,
					"start":	0,
					"end":	1.00021,
					"seconds":	1.00021,
					"bytes":	5636096,
					"bits_per_second":	4.50793e+07,
					"jitter_ms":	0.629095,
					"lost_packets":	5,
					"packets":	691,
					"lost_percent":	0.723589,
					"omitted":	false
				}],
			"sum":	{
				"start":	0,
				"end":	1.00021,
				"seconds":	1.00021,
				"bytes":	5636096,
				"bits_per_second":	4.50793e+07,
				"jitter_ms":	0.629095,
				"lost_packets":	5,
				"packets":	691,
				"lost_percent":	0.723589,
				"omitted":	false
			}
		}, {
			"streams":	[{
					"socket":	5,
					"start":	1.00021,
					"end":	2.00063,
					"seconds":	1.00042,
					"bytes":	6291456,
					"bits_per_second":	5.03105e+07,
					"jitter_ms":	0.601312,
					"lost_packets":	1,
					"packets":	769,
					"lost_percent":	0.130039,
					"omitted":	false
				}],
			"sum":	{
				"start":	1.00021,
				"end":	2.00063,
				"seconds":	1.00042,
				"bytes":	6291456,
				"bits_per_second":	5.03105e+07,
				"jitter_ms":	0.601312,
				"lost_packets":	1,
				"packets":	769,
				"lost_percent":	0.130039,
				"omitted":	false
			}
		}, {
			"streams":	[{
					"socket":	5,
					"start":	2.00063,
					"end":	3.0005,
					"seconds":	0.999869,
					"bytes":	6184960,
					"bits_per_second":	4.94862e+07,
					"jitter_ms":	0.610985,
					"lost_packets":	0,
					"packets":	755,
					"lost_percent":	0,
					"omitted":	false
				}],
			"sum":	{
				"start":	2.00063,
				"end":	3.0005,
				"seconds":	0.999869,
				"bytes":	6184960,
				"bits_per_second":	4.94862e+07,
				"jitter_ms":	0.610985,
				"lost_packets":	0,
				"packets":	755,
				"lost_percent":	0,
				"omitted":	false
			}
		}, {
			"streams":	[{
					"socket":	5,
					"start":	3.0005,
					"end":	4.0034,
					"seconds":	1.0029,
					"bytes":	6406144,
					"bits_per_second":	5.11012e+07,
					"jitter_ms":	1.81385,
					"lost_packets":	0,
					"packets":	782,
					"lost_percent":	0,
					"omitted":	false
				}],
			"sum":	{
				"start":	3.0005,
				"end":	4.0034,
				"seconds":	1.0029,
				"bytes":	6406144,
				"bits_per_second":	5.11012e+07,
				"jitter_ms":	1.81385,
				"lost_packets":	0,
				"packets":	782,
				"lost_percent":	0,
				"omitted":	false
			}
		}, {
			"streams":	[{
					"socket":	5,
					"start":	4.0034,
					"end":	5.00376,
					"seconds":	1.00036,
					"bytes":	6135808,
					"bits_per_second":	4.90688e+07,
					"jitter_ms":	1.17468,
					"lost_packets":	8,
					"packets":	757,
					"lost_percent":	1.0568,
					"omitted":	false
				}],
			"sum":	{
				"start":	4.0034,
				"end":	5.00376,
				"seconds":	1.00036,
				"bytes":	6135808,
				"bits_per_second":	4.90688e+07,
				"jitter_ms":	1.17468,
				"lost_packets":	8,
				"packets":	757,
				"lost_percent":	1.0568,
				"omitted":	false
			}
		}, {
			"streams":	[{
					"socket":	5,
					"start":	5.00376,
					"end":	6.00028,
					"seconds":	0.996529,
					"bytes":	6250496,
					"bits_per_second":	5.01781e+07,
					"jitter_ms":	0.926372,
					"lost_packets":	9,
					"packets":	765,
					"lost_percent":	1.17647,
					"omitted":	false
				}],
			"sum":	{
				"start":	5.00376,
				"end":	6.00028,
				"seconds":	0.996529,
				"bytes":	6250496,
				"bits_per_second":	5.01781e+07,
				"jitter_ms":	0.926372,
				"lost_packets":	9,
				"packets":	765,
				"lost_percent":	1.17647,
				"omitted":	false
			}
		}, {
			"streams":	[{
					"socket":	5,
					"start":	6.00028,
					"end":	7.00022,
					"seconds":	0.99994,
					"bytes":	6135808,
					"bits_per_second":	4.90894e+07,
					"jitter_ms":	0.61149,
					"lost_packets":	1,
					"packets":	749,
					"lost_percent":	0.133511,
					"omitted":	false
				}],
			"sum":	{
				"start":	6.00028,
				"end":	7.00022,
				"seconds":	0.99994,
				"bytes":	6135808,
				"bits_per_second":	4.90894e+07,
				"jitter_ms":	0.61149,
				"lost_packets":	1,
				"packets":	749,
				"lost_percent":	0.133511,
				"omitted":	false
			}
		}, {
			"streams":	[{
					"socket":	5,
					"start":	7.00022,
					"end":	8.00105,
					"seconds":	1.00083,
					"bytes":	6299648,
					"bits_per_second":	5.03555e+07,
					"jitter_ms":	0.826552,
					"lost_packets":	5,
					"packets":	769,
					"lost_percent":	0.650195,
					"omitted":	false
				}],
			"sum":	{
				"start":	7.00022,
				"end":	8.00105,
				"seconds":	1.00083,
				"bytes":	6299648,
				"bits_per_second":	5.03555e+07,
				"jitter_ms":	0.826552,
				"lost_packets":	5,
				"packets":	769,
				"lost_percent":	0.650195,
				"omitted":	false
			}
		}, {
			"streams":	[{
					"socket":	5,
					"start":	8.00105,
					"end":	9.00041,
					"seconds":	0.99936,
					"bytes":	6209536,
					"bits_per_second":	4.97081e+07,
					"jitter_ms":	0.538764,
					"lost_packets":	22,
					"packets":	759,
					"lost_percent":	2.89855,
					"omitted":	false
				}],
			"sum":	{
				"start":	8.00105,
				"end":	9.00041,
				"seconds":	0.99936,
				"bytes":	6209536,
				"bits_per_second":	4.97081e+07,
				"jitter_ms":	0.538764,
				"lost_packets":	22,
				"packets":	759,
				"lost_percent":	2.89855,
				"omitted":	false
			}
		}, {
			"streams":	[{
					"socket":	5,
					"start":	9.00041,
					"end":	10.0006,
					"seconds":	1.00019,
					"bytes":	6234112,
					"bits_per_second":	4.98636e+07,
					"jitter_ms":	1.11233,
					"lost_packets":	5,
					"packets":	761,
					"lost_percent":	0.65703,
					"omitted":	false
				}],
			"sum":	{
				"start":	9.00041,
				"end":	10.0006,
				"seconds":	1.00019,
				"bytes":	6234112,
				"bits_per_second":	4.98636e+07,
				"jitter_ms":	1.11233,
				"lost_packets":	5,
				"packets":	761,
				"lost_percent":	0.65703,
				"omitted":	false
			}
		}, {
			"streams":	[{
					"socket":	5,
					"start":	10.0006,
					"end":	11.0002,
					"seconds":	0.999618,
					"bytes":	6193152,
					"bits_per_second":	4.95641e+07,
					"jitter_ms":	1.19007,
					"lost_packets":	8,
					"packets":	760,
					"lost_percent":	1.05263,
					"omitted":	false
				}],
			"sum":	{
				"start":	10.0006,
				"end":	11.0002,
				"seconds":	0.999618,
				"bytes":	6193152,
				"bits_per_second":	4.95641e+07,
				"jitter_ms":	1.19007,
				"lost_packets":	8,
				"packets":	760,
				"lost_percent":	1.05263,
				"omitted":	false
			}
		}, {
			"streams":	[{
					"socket":	5,
					"start":	11.0002,
					"end":	12.0027,
					"seconds":	1.00251,
					"bytes":	6430720,
					"bits_per_second":	5.13172e+07,
					"jitter_ms":	0.851993,
					"lost_packets":	29,
					"packets":	785,
					"lost_percent":	3.69427,
					"omitted":	false
				}],
			"sum":	{
				"start":	11.0002,
				"end":	12.0027,
				"seconds":	1.00251,
				"bytes":	6430720,
				"bits_per_second":	5.13172e+07,
				"jitter_ms":	0.851993,
				"lost_packets":	29,
				"packets":	785,
				"lost_percent":	3.69427,
				"omitted":	false
			}
		}, {
			"streams":	[{
					"socket":	5,
					"start":	12.0027,
					"end":	13.0023,
					"seconds":	0.999623,
					"bytes":	6365184,
					"bits_per_second":	5.09407e+07,
					"jitter_ms":	1.0773,
					"lost_packets":	3,
					"packets":	778,
					"lost_percent":	0.385604,
					"omitted":	false
				}],
			"sum":	{
				"start":	12.0027,
				"end":	13.0023,
				"seconds":	0.999623,
				"bytes":	6365184,
				"bits_per_second":	5.09407e+07,
				"jitter_ms":	1.0773,
				"lost_packets":	3,
				"packets":	778,
				"lost_percent":	0.385604,
				"omitted":	false
			}
		}, {
			"streams":	[{
					"socket":	5,
					"start":	13.0023,
					"end":	14.002,
					"seconds":	0.999682,
					"bytes":	5939200,
					"bits_per_second":	4.75287e+07,
					"jitter_ms":	1.21548,
					"lost_packets":	19,
					"packets":	728,
					"lost_percent":	2.60989,
					"omitted":	false
				}],
			"sum":	{
				"start":	13.0023,
				"end":	14.002,
				"seconds":	0.999682,
				"bytes":	5939200,
				"bits_per_second":	4.75287e+07,
				"jitter_ms":	1.21548,
				"lost_packets":	19,
				"packets":	728,
				"lost_percent":	2.60989,
				"omitted":	false
			}
		}, {
			"streams":	[{
					"socket":	5,
					"start":	14.002,
					"end":	15.0035,
					"seconds":	1.00151,
					"bytes":	6209536,
					"bits_per_second":	4.96013e+07,
					"jitter_ms":	1.30602,
					"lost_packets":	50,
					"packets":	806,
					"lost_percent":	6.20347,
					"omitted":	false
				}],
			"sum":	{
				"start":	14.002,
				"end":	15.0035,
				"seconds":	1.00151,
				"bytes":	6209536,
				"bits_per_second":	4.96013e+07,
				"jitter_ms":	1.30602,
				"lost_packets":	50,
				"packets":	806,
				"lost_percent":	6.20347,
				"omitted":	false
			}
		}, {
			"streams":	[{
					"socket":	5,
					"start":	15.0035,
					"end":	16.0029,
					"seconds":	0.999409,
					"bytes":	5758976,
					"bits_per_second":	4.6099e+07,
					"jitter_ms":	1.56221,
					"lost_packets":	32,
					"packets":	723,
					"lost_percent":	4.426,
					"omitted":	false
				}],
			"sum":	{
				"start":	15.0035,
				"end":	16.0029,
				"seconds":	0.999409,
				"bytes":	5758976,
				"bits_per_second":	4.6099e+07,
				"jitter_ms":	1.56221,
				"lost_packets":	32,
				"packets":	723,
				"lost_percent":	4.426,
				"omitted":	false
			}
		}, {
			"streams":	[{
					"socket":	5,
					"start":	16.0029,
					"end":	17.0009,
					"seconds":	0.997946,
					"bytes":	5906432,
					"bits_per_second":	4.73487e+07,
					"jitter_ms":	1.55545,
					"lost_packets":	36,
					"packets":	757,
					"lost_percent":	4.75561,
					"omitted":	false
				}],
			"sum":	{
				"start":	16.0029,
				"end":	17.0009,
				"seconds":	0.997946,
				"bytes":	5906432,
				"bits_per_second":	4.73487e+07,
				"jitter_ms":	1.55545,
				"lost_packets":	36,
				"packets":	757,
				"lost_percent":	4.75561,
				"omitted":	false
			}
		}, {
			"streams":	[{
					"socket":	5,
					"start":	17.0009,
					"end":	18.0003,
					"seconds":	0.999427,
					"bytes":	6422528,
					"bits_per_second":	5.14097e+07,
					"jitter_ms":	1.29469,
					"lost_packets":	14,
					"packets":	796,
					"lost_percent":	1.75879,
					"omitted":	false
				}],
			"sum":	{
				"start":	17.0009,
				"end":	18.0003,
				"seconds":	0.999427,
				"bytes":	6422528,
				"bits_per_second":	5.14097e+07,
				"jitter_ms":	1.29469,
				"lost_packets":	14,
				"packets":	796,
				"lost_percent":	1.75879,
				"omitted":	false
			}
		}, {
			"streams":	[{
					"socket":	5,
					"start":	18.0003,
					"end":	19.0005,
					"seconds":	1.00021,
					"bytes":	5996544,
					"bits_per_second":	4.79623e+07,
					"jitter_ms":	0.564042,
					"lost_packets":	1,
					"packets":	732,
					"lost_percent":	0.136612,
					"omitted":	false
				}],
			"sum":	{
				"start":	18.0003,
				"end":	19.0005,
				"seconds":	1.00021,
				"bytes":	5996544,
				"bits_per_second":	4.79623e+07,
				"jitter_ms":	0.564042,
				"lost_packets":	1,
				"packets":	732,
				"lost_percent":	0.136612,
				"omitted":	false
			}
		}, {
			"streams":	[{
					"socket":	5,
					"start":	19.0005,
					"end":	20.0002,
					"seconds":	0.999708,
					"bytes":	6135808,
					"bits_per_second":	4.91008e+07,
					"jitter_ms":	0.79676,
					"lost_packets":	31,
					"packets":	780,
					"lost_percent":	3.97436,
					"omitted":	false
				}],
			"sum":	{
				"start":	19.0005,
				"end":	20.0002,
				"seconds":	0.999708,
				"bytes":	6135808,
				"bits_per_second":	4.91008e+07,
				"jitter_ms":	0.79676,
				"lost_packets":	31,
				"packets":	780,
				"lost_percent":	3.97436,
				"omitted":	false
			}
		}, {
			"streams":	[{
					"socket":	5,
					"start":	20.0002,
					"end":	21.0031,
					"seconds":	1.00285,
					"bytes":	6225920,
					"bits_per_second":	4.96658e+07,
					"jitter_ms":	0.830714,
					"lost_packets":	17,
					"packets":	777,
					"lost_percent":	2.1879,
					"omitted":	false
				}],
			"sum":	{
				"start":	20.0002,
				"end":	21.0031,
				"seconds":	1.00285,
				"bytes":	6225920,
				"bits_per_second":	4.96658e+07,
				"jitter_ms":	0.830714,
				"lost_packets":	17,
				"packets":	777,
				"lost_percent":	2.1879,
				"omitted":	false
			}
		}, {
			"streams":	[{
					"socket":	5,
					"start":	21.0031,
					"end":	22.0008,
					"seconds":	0.997666,
					"bytes":	6193152,
					"bits_per_second":	4.96611e+07,
					"jitter_ms":	1.00532,
					"lost_packets":	13,
					"packets":	768,
					"lost_percent":	1.69271,
					"omitted":	false
				}],
			"sum":	{
				"start":	21.0031,
				"end":	22.0008,
				"seconds":	0.997666,
				"bytes":	6193152,
				"bits_per_second":	4.96611e+07,
				"jitter_ms":	1.00532,
				"lost_packets":	13,
				"packets":	768,
				"lost_percent":	1.69271,
				"omitted":	false
			}
		}, {
			"streams":	[{
					"socket":	5,
					"start":	22.0008,
					"end":	23.0003,
					"seconds":	0.999528,
					"bytes":	5799936,
					"bits_per_second":	4.64214e+07,
					"jitter_ms":	1.40047,
					"lost_packets":	47,
					"packets":	740,
					"lost_percent":	6.35135,
					"omitted":	false
				}],
			"sum":	{
				"start":	22.0008,
				"end":	23.0003,
				"seconds":	0.999528,
				"bytes":	5799936,
				"bits_per_second":	4.64214e+07,
				"jitter_ms":	1.40047,
				"lost_packets":	47,
				"packets":	740,
				"lost_percent":	6.35135,
				"omitted":	false
			}
		}, {
			"streams":	[{
					"socket":	5,
					"start":	23.0003,
					"end":	24.0002,
					"seconds":	0.999956,
					"bytes":	5750784,
					"bits_per_second":	4.60083e+07,
					"jitter_ms":	1.29418,
					"lost_packets":	48,
					"packets":	750,
					"lost_percent":	6.4,
					"omitted":	false
				}],
			"sum":	{
				"start":	23.0003,
				"end":	24.0002,
				"seconds":	0.999956,
				"bytes":	5750784,
				"bits_per_second":	4.60083e+07,
				"jitter_ms":	1.29418,
				"lost_packets":	48,
				"packets":	750,
				"lost_percent":	6.4,
				"omitted":	false
			}
		}, {
			"streams":	[{
					"socket":	5,
					"start":	24.0002,
					"end":	25.0006,
					"seconds":	1.00039,
					"bytes":	6324224,
					"bits_per_second":	5.05739e+07,
					"jitter_ms":	0.715455,
					"lost_packets":	8,
					"packets":	777,
					"lost_percent":	1.0296,
					"omitted":	false
				}],
			"sum":	{
				"start":	24.0002,
				"end":	25.0006,
				"seconds":	1.00039,
				"bytes":	6324224,
				"bits_per_second":	5.05739e+07,
				"jitter_ms":	0.715455,
				"lost_packets":	8,
				"packets":	777,
				"lost_percent":	1.0296,
				"omitted":	false
			}
		}, {
			"streams":	[{
					"socket":	5,
					"start":	25.0006,
					"end":	26.0002,
					"seconds":	0.999602,
					"bytes":	6234112,
					"bits_per_second":	4.98927e+07,
					"jitter_ms":	1.01323,
					"lost_packets":	7,
					"packets":	761,
					"lost_percent":	0.919842,
					"omitted":	false
				}],
			"sum":	{
				"start":	25.0006,
				"end":	26.0002,
				"seconds":	0.999602,
				"bytes":	6234112,
				"bits_per_second":	4.98927e+07,
				"jitter_ms":	1.01323,
				"lost_packets":	7,
				"packets":	761,
				"lost_percent":	0.919842,
				"omitted":	false
			}
		}, {
			"streams":	[{
					"socket":	5,
					"start":	26.0002,
					"end":	27.0002,
					"seconds":	0.99996,
					"bytes":	6144000,
					"bits_per_second":	4.9154e+07,
					"jitter_ms":	0.725216,
					"lost_packets":	0,
					"packets":	750,
					"lost_percent":	0,
					"omitted":	false
				}],
			"sum":	{
				"start":	26.0002,
				"end":	27.0002,
				"seconds":	0.99996,
				"bytes":	6144000,
				"bits_per_second":	4.9154e+07,
				"jitter_ms":	0.725216,
				"lost_packets":	0,
				"packets":	750,
				"lost_percent":	0,
				"omitted":	false
			}
		}, {
			"streams":	[{
					"socket":	5,
					"start":	27.0002,
					"end":	28.0024,
					"seconds":	1.00222,
					"bytes":	6422528,
					"bits_per_second":	5.12665e+07,
					"jitter_ms":	0.796218,
					"lost_packets":	5,
					"packets":	784,
					"lost_percent":	0.637755,
					"omitted":	false
				}],
			"sum":	{
				"start":	27.0002,
				"end":	28.0024,
				"seconds":	1.00222,
				"bytes":	6422528,
				"bits_per_second":	5.12665e+07,
				"jitter_ms":	0.796218,
				"lost_packets":	5,
				"packets":	784,
				"lost_percent":	0.637755,
				"omitted":	false
			}
		}, {
			"streams":	[{
					"socket":	5,
					"start":	28.0024,
					"end":	29.0009,
					"seconds":	0.998509,
					"bytes":	5931008,
					"bits_per_second":	4.75189e+07,
					"jitter_ms":	1.28199,
					"lost_packets":	29,
					"packets":	751,
					"lost_percent":	3.86152,
					"omitted":	false
				}],
			"sum":	{
				"start":	28.0024,
				"end":	29.0009,
				"seconds":	0.998509,
				"bytes":	5931008,
				"bits_per_second":	4.75189e+07,
				"jitter_ms":	1.28199,
				"lost_packets":	29,
				"packets":	751,
				"lost_percent":	3.86152,
				"omitted":	false
			}
		}, {
			"streams":	[{
					"socket":	5,
					"start":	29.0009,
					"end":	30.0006,
					"seconds":	0.999641,
					"bytes":	6029312,
					"bits_per_second":	4.82518e+07,
					"jitter_ms":	0.640856,
					"lost_packets":	27,
					"packets":	763,
					"lost_percent":	3.53866,
					"omitted":	false
				}],
			"sum":	{
				"start":	29.0009,
				"end":	30.0006,
				"seconds":	0.999641,
				"bytes":	6029312,
				"bits_per_second":	4.82518e+07,
				"jitter_ms":	0.640856,
				"lost_packets":	27,
				"packets":	763,
				"lost_percent":	3.53866,
				"omitted":	false
			}
		}, {
			"streams":	[{
					"socket":	5,
					"start":	30.0006,
					"end":	31.0005,
					"seconds":	0.999951,
					"bytes":	6193152,
					"bits_per_second":	4.95476e+07,
					"jitter_ms":	1.168,
					"lost_packets":	3,
					"packets":	756,
					"lost_percent":	0.396825,
					"omitted":	false
				}],
			"sum":	{
				"start":	30.0006,
				"end":	31.0005,
				"seconds":	0.999951,
				"bytes":	6193152,
				"bits_per_second":	4.95476e+07,
				"jitter_ms":	1.168,
				"lost_packets":	3,
				"packets":	756,
				"lost_percent":	0.396825,
				"omitted":	false
			}
		}, {
			"streams":	[{
					"socket":	5,
					"start":	31.0005,
					"end":	32.0029,
					"seconds":	1.00241,
					"bytes":	6520832,
					"bits_per_second":	5.20413e+07,
					"jitter_ms":	1.11696,
					"lost_packets":	6,
					"packets":	798,
					"lost_percent":	0.75188,
					"omitted":	false
				}],
			"sum":	{
				"start":	31.0005,
				"end":	32.0029,
				"seconds":	1.00241,
				"bytes":	6520832,
				"bits_per_second":	5.20413e+07,
				"jitter_ms":	1.11696,
				"lost_packets":	6,
				"packets":	798,
				"lost_percent":	0.75188,
				"omitted":	false
			}
		}, {
			"streams":	[{
					"socket":	5,
					"start":	32.0029,
					"end":	33.0004,
					"seconds":	0.997481,
					"bytes":	5947392,
					"bits_per_second":	4.76993e+07,
					"jitter_ms":	0.58138,
					"lost_packets":	16,
					"packets":	726,
					"lost_percent":	2.20386,
					"omitted":	false
				}],
			"sum":	{
				"start":	32.0029,
				"end":	33.0004,
				"seconds":	0.997481,
				"bytes":	5947392,
				"bits_per_second":	4.76993e+07,
				"jitter_ms":	0.58138,
				"lost_packets":	16,
				"packets":	726,
				"lost_percent":	2.20386,
				"omitted":	false
			}
		}, {
			"streams":	[{
					"socket":	5,
					"start":	33.0004,
					"end":	34.0006,
					"seconds":	1.00022,
					"bytes":	6332416,
					"bits_per_second":	5.0648e+07,
					"jitter_ms":	1.07423,
					"lost_packets":	27,
					"packets":	779,
					"lost_percent":	3.46598,
					"omitted":	false
				}],
			"sum":	{
				"start":	33.0004,
				"end":	34.0006,
				"seconds":	1.00022,
				"bytes":	6332416,
				"bits_per_second":	5.0648e+07,
				"jitter_ms":	1.07423,
				"lost_packets":	27,
				"packets":	779,
				"lost_percent":	3.46598,
				"omitted":	false
			}
		}, {
			"streams":	[{
					"socket":	5,
					"start":	34.0006,
					"end":	34.039,
					"seconds":	0.0383859,
					"bytes":	0,
					"bits_per_second":	0,
					"jitter_ms":	1.07423,
					"lost_packets":	0,
					"packets":	0,
					"lost_percent":	-nan,
					"omitted":	false
				}],
			"sum":	{
				"start":	34.0006,
				"end":	34.039,
				"seconds":	0.0383859,
				"bytes":	0,
				"bits_per_second":	0,
				"jitter_ms":	1.07423,
				"lost_packets":	0,
				"packets":	0,
				"lost_percent":	-nan,
				"omitted":	false
			}
		}],
	"end":	{
		"streams":	[{
				"udp":	{
					"socket":	5,
					"start":	0,
					"end":	34.039,
					"seconds":	34.039,
					"bytes":	212025344,
					"bits_per_second":	4.98311e+07,
					"jitter_ms":	1.07423,
					"lost_packets":	532,
					"packets":	25882,
					"lost_percent":	2.05548
				}
			}],
		"sum":	{
			"start":	0,
			"end":	34.039,
			"seconds":	34.039,
			"bytes":	212025344,
			"bits_per_second":	4.98311e+07,
			"jitter_ms":	1.07423,
			"lost_packets":	532,
			"packets":	25882,
			"lost_percent":	2.05548
		},
		"cpu_utilization_percent":	{
			"host_total":	6.1355,
			"host_user":	0.339196,
			"host_system":	5.7963,
			"remote_total":	12.8832,
			"remote_user":	0.350155,
			"remote_system":	12.533
		}
	},
	"error":	"OUT OF ORDER - incoming packet = 2 and received packet = 4 AND SP = 5",
	"error":	"OUT OF ORDER - incoming packet = 346 and received packet = 347 AND SP = 5",
	"error":	"OUT OF ORDER - incoming packet = 3851 and received packet = 3852 AND SP = 5",
	"error":	"OUT OF ORDER - incoming packet = 3877 and received packet = 3878 AND SP = 5",
	"error":	"OUT OF ORDER - incoming packet = 3893 and received packet = 3894 AND SP = 5",
	"error":	"OUT OF ORDER - incoming packet = 4221 and received packet = 4224 AND SP = 5",
	"error":	"OUT OF ORDER - incoming packet = 4238 and received packet = 4239 AND SP = 5",
	"error":	"OUT OF ORDER - incoming packet = 4294 and received packet = 4300 AND SP = 5",
	"error":	"OUT OF ORDER - incoming packet = 4470 and received packet = 4473 AND SP = 5",
	"error":	"OUT OF ORDER - incoming packet = 4647 and received packet = 4648 AND SP = 5",
	"error":	"OUT OF ORDER - incoming packet = 5366 and received packet = 5367 AND SP = 5",
	"error":	"OUT OF ORDER - incoming packet = 5415 and received packet = 5416 AND SP = 5",
	"error":	"OUT OF ORDER - incoming packet = 5842 and received packet = 5843 AND SP = 5",
	"error":	"OUT OF ORDER - incoming packet = 5847 and received packet = 5848 AND SP = 5",
	"error":	"OUT OF ORDER - incoming packet = 6012 and received packet = 6014 AND SP = 5",
	"error":	"OUT OF ORDER - incoming packet = 6059 and received packet = 6060 AND SP = 5",
	"error":	"OUT OF ORDER - incoming packet = 6073 and received packet = 6074 AND SP = 5",
	"error":	"OUT OF ORDER - incoming packet = 6077 and received packet = 6078 AND SP = 5",
	"error":	"OUT OF ORDER - incoming packet = 6080 and received packet = 6081 AND SP = 5",
	"error":	"OUT OF ORDER - incoming packet = 6082 and received packet = 6083 AND SP = 5",
	"error":	"OUT OF ORDER - incoming packet = 6085 and received packet = 6088 AND SP = 5",
	"error":	"OUT OF ORDER - incoming packet = 6089 and received packet = 6090 AND SP = 5",
	"error":	"OUT OF ORDER - incoming packet = 6087 and received packet = 6091 AND SP = 5",
	"error":	"OUT OF ORDER - incoming packet = 6086 and received packet = 6091 AND SP = 5",
	"error":	"OUT OF ORDER - incoming packet = 6092 and received packet = 6096 AND SP = 5",
	"error":	"OUT OF ORDER - incoming packet = 6097 and received packet = 6098 AND SP = 5",
	"error":	"OUT OF ORDER - incoming packet = 6103 and received packet = 6112 AND SP = 5",
	"error":	"OUT OF ORDER - incoming packet = 6109 and received packet = 6116 AND SP = 5",
	"error":	"OUT OF ORDER - incoming packet = 6157 and received packet = 6158 AND SP = 5",
	"error":	"OUT OF ORDER - incoming packet = 6288 and received packet = 6289 AND SP = 5",
	"error":	"OUT OF ORDER - incoming packet = 6375 and received packet = 6376 AND SP = 5",
	"error":	"OUT OF ORDER - incoming packet = 6383 and received packet = 6387 AND SP = 5",
	"error":	"OUT OF ORDER - incoming packet = 6384 and received packet = 6387 AND SP = 5",
	"error":	"OUT OF ORDER - incoming packet = 6577 and received packet = 6579 AND SP = 5",
	"error":	"OUT OF ORDER - incoming packet = 6581 and received packet = 6583 AND SP = 5",
	"error":	"OUT OF ORDER - incoming packet = 6589 and received packet = 6590 AND SP = 5",
	"error":	"OUT OF ORDER - incoming packet = 6948 and received packet = 6955 AND SP = 5",
	"error":	"OUT OF ORDER - incoming packet = 6952 and received packet = 6960 AND SP = 5",
	"error":	"OUT OF ORDER - incoming packet = 6957 and received packet = 6965 AND SP = 5",
	"error":	"OUT OF ORDER - incoming packet = 6969 and received packet = 6977 AND SP = 5",
	"error":	"OUT OF ORDER - incoming packet = 7105 and received packet = 7106 AND SP = 5",
	"error":	"OUT OF ORDER - incoming packet = 8289 and received packet = 8290 AND SP = 5",
	"error":	"OUT OF ORDER - incoming packet = 8291 and received packet = 8293 AND SP = 5",
	"error":	"OUT OF ORDER - incoming packet = 8294 and received packet = 8295 AND SP = 5",
	"error":	"OUT OF ORDER - incoming packet = 8304 and received packet = 8306 AND SP = 5",
	"error":	"OUT OF ORDER - incoming packet = 8416 and received packet = 8417 AND SP = 5",
	"error":	"OUT OF ORDER - incoming packet = 8464 and received packet = 8465 AND SP = 5",
	"error":	"OUT OF ORDER - incoming packet = 8637 and received packet = 8640 AND SP = 5",
	"error":	"OUT OF ORDER - incoming packet = 8638 and received packet = 8640 AND SP = 5",
	"error":	"OUT OF ORDER - incoming packet = 8641 and received packet = 8642 AND SP = 5",
	"error":	"OUT OF ORDER - incoming packet = 8643 and received packet = 8645 AND SP = 5",
	"error":	"OUT OF ORDER - incoming packet = 8644 and received packet = 8645 AND SP = 5",
	"error":	"OUT OF ORDER - incoming packet = 8646 and received packet = 8648 AND SP = 5",
	"error":	"OUT OF ORDER - incoming packet = 8647 and received packet = 8650 AND SP = 5",
	"error":	"OUT OF ORDER - incoming packet = 8752 and received packet = 8753 AND SP = 5",
	"error":	"OUT OF ORDER - incoming packet = 8758 and received packet = 8760 AND SP = 5",
	"error":	"OUT OF ORDER - incoming packet = 8759 and received packet = 8761 AND SP = 5",
	"error":	"OUT OF ORDER - incoming packet = 8796 and received packet = 8797 AND SP = 5",
	"error":	"OUT OF ORDER - incoming packet = 8802 and received packet = 8803 AND SP = 5",
	"error":	"OUT OF ORDER - incoming packet = 8809 and received packet = 8810 AND SP = 5",
	"error":	"OUT OF ORDER - incoming packet = 8808 and received packet = 8810 AND SP = 5",
	"error":	"OUT OF ORDER - incoming packet = 8811 and received packet = 8813 AND SP = 5",
	"error":	"OUT OF ORDER - incoming packet = 8812 and received packet = 8816 AND SP = 5",
	"error":	"OUT OF ORDER - incoming packet = 8817 and received packet = 8819 AND SP = 5",
	"error":	"OUT OF ORDER - incoming packet = 8820 and received packet = 8821 AND SP = 5",
	"error":	"OUT OF ORDER - incoming packet = 8814 and received packet = 8822 AND SP = 5",
	"error":	"OUT OF ORDER - incoming packet = 8815 and received packet = 8822 AND SP = 5",
	"error":	"OUT OF ORDER - incoming packet = 8962 and received packet = 8963 AND SP = 5",
	"error":	"OUT OF ORDER - incoming packet = 9006 and received packet = 9008 AND SP = 5",
	"error":	"OUT OF ORDER - incoming packet = 9007 and received packet = 9008 AND SP = 5",
	"error":	"OUT OF ORDER - incoming packet = 9011 and received packet = 9012 AND SP = 5",
	"error":	"OUT OF ORDER - incoming packet = 9013 and received packet = 9014 AND SP = 5",
	"error":	"OUT OF ORDER - incoming packet = 9015 and received packet = 9019 AND SP = 5",
	"error":	"OUT OF ORDER - incoming packet = 9016 and received packet = 9019 AND SP = 5",
	"error":	"OUT OF ORDER - incoming packet = 9614 and received packet = 9615 AND SP = 5",
	"error":	"OUT OF ORDER - incoming packet = 9616 and received packet = 9619 AND SP = 5",
	"error":	"OUT OF ORDER - incoming packet = 9885 and received packet = 9888 AND SP = 5",
	"error":	"OUT OF ORDER - incoming packet = 9884 and received packet = 9888 AND SP = 5",
	"error":	"OUT OF ORDER - incoming packet = 9886 and received packet = 9894 AND SP = 5",
	"error":	"OUT OF ORDER - incoming packet = 9887 and received packet = 9894 AND SP = 5",
	"error":	"OUT OF ORDER - incoming packet = 9892 and received packet = 9894 AND SP = 5",
	"error":	"OUT OF ORDER - incoming packet = 9893 and received packet = 9894 AND SP = 5",
	"error":	"OUT OF ORDER - incoming packet = 9889 and received packet = 9894 AND SP = 5",
	"error":	"OUT OF ORDER - incoming packet = 9890 and received packet = 9894 AND SP = 5",
	"error":	"OUT OF ORDER - incoming packet = 9896 and received packet = 9898 AND SP = 5",
	"error":	"OUT OF ORDER - incoming packet = 9895 and received packet = 9898 AND SP = 5",
	"error":	"OUT OF ORDER - incoming packet = 9897 and received packet = 9898 AND SP = 5",
	"error":	"OUT OF ORDER - incoming packet = 9900 and received packet = 9903 AND SP = 5",
	"error":	"OUT OF ORDER - incoming packet = 9901 and received packet = 9903 AND SP = 5",
	"error":	"OUT OF ORDER - incoming packet = 9902 and received packet = 9905 AND SP = 5",
	"error":	"OUT OF ORDER - incoming packet = 9913 and received packet = 9914 AND SP = 5",
	"error":	"OUT OF ORDER - incoming packet = 10017 and received packet = 10018 AND SP = 5",
	"error":	"OUT OF ORDER - incoming packet = 10687 and received packet = 10688 AND SP = 5",
	"error":	"OUT OF ORDER - incoming packet = 11288 and received packet = 11289 AND SP = 5",
	"error":	"OUT OF ORDER - incoming packet = 11698 and received packet = 11699 AND SP = 5",
	"error":	"OUT OF ORDER - incoming packet = 11707 and received packet = 11708 AND SP = 5",
	"error":	"OUT OF ORDER - incoming packet = 11719 and received packet = 11725 AND SP = 5",
	"error":	"OUT OF ORDER - incoming packet = 11722 and received packet = 11727 AND SP = 5",
	"error":	"OUT OF ORDER - incoming packet = 11724 and received packet = 11729 AND SP = 5",
	"error":	"OUT OF ORDER - incoming packet = 11726 and received packet = 11731 AND SP = 5",
	"error":	"OUT OF ORDER - incoming packet = 11728 and received packet = 11733 AND SP = 5",
	"error":	"OUT OF ORDER - incoming packet = 11730 and received packet = 11735 AND SP = 5",
	"error":	"OUT OF ORDER - incoming packet = 11732 and received packet = 11737 AND SP = 5",
	"error":	"OUT OF ORDER - incoming packet = 11734 and received packet = 11739 AND SP = 5",
	"error":	"OUT OF ORDER - incoming packet = 11736 and received packet = 11741 AND SP = 5",
	"error":	"OUT OF ORDER - incoming packet = 11738 and received packet = 11742 AND SP = 5",
	"error":	"OUT OF ORDER - incoming packet = 13127 and received packet = 13129 AND SP = 5",
	"error":	"OUT OF ORDER - incoming packet = 13128 and received packet = 13129 AND SP = 5",
	"error":	"OUT OF ORDER - incoming packet = 14232 and received packet = 14233 AND SP = 5",
	"error":	"OUT OF ORDER - incoming packet = 16706 and received packet = 16708 AND SP = 5",
	"error":	"OUT OF ORDER - incoming packet = 16932 and received packet = 16933 AND SP = 5",
	"error":	"OUT OF ORDER - incoming packet = 16939 and received packet = 16940 AND SP = 5",
	"error":	"OUT OF ORDER - incoming packet = 16942 and received packet = 16943 AND SP = 5",
	"error":	"OUT OF ORDER - incoming packet = 16946 and received packet = 16947 AND SP = 5",
	"error":	"OUT OF ORDER - incoming packet = 16948 and received packet = 16950 AND SP = 5",
	"error":	"OUT OF ORDER - incoming packet = 17166 and received packet = 17168 AND SP = 5",
	"error":	"OUT OF ORDER - incoming packet = 17167 and received packet = 17168 AND SP = 5",
	"error":	"OUT OF ORDER - incoming packet = 17170 and received packet = 17171 AND SP = 5",
	"error":	"OUT OF ORDER - incoming packet = 17339 and received packet = 17340 AND SP = 5",
	"error":	"OUT OF ORDER - incoming packet = 17344 and received packet = 17345 AND SP = 5",
	"error":	"OUT OF ORDER - incoming packet = 17346 and received packet = 17348 AND SP = 5",
	"error":	"OUT OF ORDER - incoming packet = 17347 and received packet = 17348 AND SP = 5",
	"error":	"OUT OF ORDER - incoming packet = 17351 and received packet = 17353 AND SP = 5",
	"error":	"OUT OF ORDER - incoming packet = 17360 and received packet = 17362 AND SP = 5",
	"error":	"OUT OF ORDER - incoming packet = 17367 and received packet = 17368 AND SP = 5",
	"error":	"OUT OF ORDER - incoming packet = 18525 and received packet = 18526 AND SP = 5",
	"error":	"OUT OF ORDER - incoming packet = 18530 and received packet = 18531 AND SP = 5",
	"error":	"OUT OF ORDER - incoming packet = 18604 and received packet = 18605 AND SP = 5",
	"error":	"OUT OF ORDER - incoming packet = 19081 and received packet = 19083 AND SP = 5",
	"error":	"OUT OF ORDER - incoming packet = 19085 and received packet = 19088 AND SP = 5",
	"error":	"OUT OF ORDER - incoming packet = 19156 and received packet = 19157 AND SP = 5",
	"error":	"OUT OF ORDER - incoming packet = 19409 and received packet = 19411 AND SP = 5",
	"error":	"OUT OF ORDER - incoming packet = 19410 and received packet = 19411 AND SP = 5",
	"error":	"OUT OF ORDER - incoming packet = 19732 and received packet = 19733 AND SP = 5",
	"error":	"OUT OF ORDER - incoming packet = 19734 and received packet = 19735 AND SP = 5",
	"error":	"OUT OF ORDER - incoming packet = 20746 and received packet = 20748 AND SP = 5",
	"error":	"OUT OF ORDER - incoming packet = 20747 and received packet = 20748 AND SP = 5",
	"error":	"OUT OF ORDER - incoming packet = 21067 and received packet = 21068 AND SP = 5",
	"error":	"OUT OF ORDER - incoming packet = 21081 and received packet = 21082 AND SP = 5",
	"error":	"OUT OF ORDER - incoming packet = 21110 and received packet = 21111 AND SP = 5",
	"error":	"OUT OF ORDER - incoming packet = 21581 and received packet = 21582 AND SP = 5",
	"error":	"OUT OF ORDER - incoming packet = 21596 and received packet = 21597 AND SP = 5",
	"error":	"OUT OF ORDER - incoming packet = 23389 and received packet = 23390 AND SP = 5",
	"error":	"OUT OF ORDER - incoming packet = 23396 and received packet = 23397 AND SP = 5",
	"error":	"OUT OF ORDER - incoming packet = 23411 and received packet = 23412 AND SP = 5",
	"error":	"OUT OF ORDER - incoming packet = 23991 and received packet = 23992 AND SP = 5",
	"error":	"OUT OF ORDER - incoming packet = 23993 and received packet = 23994 AND SP = 5",
	"error":	"OUT OF ORDER - incoming packet = 24034 and received packet = 24035 AND SP = 5",
	"error":	"OUT OF ORDER - incoming packet = 24102 and received packet = 24103 AND SP = 5",
	"error":	"OUT OF ORDER - incoming packet = 24465 and received packet = 24467 AND SP = 5",
	"error":	"OUT OF ORDER - incoming packet = 24469 and received packet = 24472 AND SP = 5",
	"error":	"OUT OF ORDER - incoming packet = 24475 and received packet = 24476 AND SP = 5",
	"error":	"OUT OF ORDER - incoming packet = 24478 and received packet = 24479 AND SP = 5",
	"error":	"OUT OF ORDER - incoming packet = 24483 and received packet = 24484 AND SP = 5",
	"error":	"OUT OF ORDER - incoming packet = 24605 and received packet = 24606 AND SP = 5",
	"error":	"OUT OF ORDER - incoming packet = 24623 and received packet = 24625 AND SP = 5",
	"error":	"OUT OF ORDER - incoming packet = 24624 and received packet = 24625 AND SP = 5",
	"error":	"OUT OF ORDER - incoming packet = 24642 and received packet = 24643 AND SP = 5",
	"error":	"OUT OF ORDER - incoming packet = 24755 and received packet = 24756 AND SP = 5",
	"error":	"OUT OF ORDER - incoming packet = 24760 and received packet = 24761 AND SP = 5",
	"error":	"OUT OF ORDER - incoming packet = 24765 and received packet = 24767 AND SP = 5",
	"error":	"OUT OF ORDER - incoming packet = 24774 and received packet = 24775 AND SP = 5",
	"error":	"OUT OF ORDER - incoming packet = 24776 and received packet = 24777 AND SP = 5",
	"error":	"OUT OF ORDER - incoming packet = 24779 and received packet = 24780 AND SP = 5",
	"error":	"OUT OF ORDER - incoming packet = 24781 and received packet = 24784 AND SP = 5",
	"error":	"OUT OF ORDER - incoming packet = 25250 and received packet = 25252 AND SP = 5",
	"error":	"OUT OF ORDER - incoming packet = 25251 and received packet = 25252 AND SP = 5",
	"error":	"OUT OF ORDER - incoming packet = 25291 and received packet = 25293 AND SP = 5",
	"error":	"OUT OF ORDER - incoming packet = 25292 and received packet = 25293 AND SP = 5",
	"error":	"OUT OF ORDER - incoming packet = 25305 and received packet = 25307 AND SP = 5",
	"error":	"OUT OF ORDER - incoming packet = 25324 and received packet = 25328 AND SP = 5",
	"error":	"OUT OF ORDER - incoming packet = 25417 and received packet = 25418 AND SP = 5",
	"error":	"OUT OF ORDER - incoming packet = 25422 and received packet = 25423 AND SP = 5",
	"error":	"OUT OF ORDER - incoming packet = 25426 and received packet = 25428 AND SP = 5",
	"error":	"OUT OF ORDER - incoming packet = 25429 and received packet = 25430 AND SP = 5",
	"error":	"OUT OF ORDER - incoming packet = 25450 and received packet = 25451 AND SP = 5",
	"error":	"OUT OF ORDER - incoming packet = 25470 and received packet = 25472 AND SP = 5",
	"error":	"OUT OF ORDER - incoming packet = 25638 and received packet = 25639 AND SP = 5",
	"error":	"OUT OF ORDER - incoming packet = 25678 and received packet = 25679 AND SP = 5",
	"error":	"OUT OF ORDER - incoming packet = 25688 and received packet = 25689 AND SP = 5",
	"error":	"OUT OF ORDER - incoming packet = 25691 and received packet = 25692 AND SP = 5",
	"error":	"OUT OF ORDER - incoming packet = 25709 and received packet = 25710 AND SP = 5",
	"error":	"OUT OF ORDER - incoming packet = 25824 and received packet = 25826 AND SP = 5",
	"error":	"OUT OF ORDER - incoming packet = 25825 and received packet = 25826 AND SP = 5",
	"error":	"OUT OF ORDER - incoming packet = 25829 and received packet = 25831 AND SP = 5",
	"error":	"OUT OF ORDER - incoming packet = 25830 and received packet = 25831 AND SP = 5"
}
