{
	"start":	{
		"connected":	[{
				"socket":	5,
				"local_host":	"10.0.0.11",
				"local_port":	1401,
				"remote_host":	"10.0.0.3",
				"remote_port":	44834
			}],
		"version":	"iperf 3.0.7",
		"system_info":	"Linux H11 5.4.197-0504197-generic #202206060747 SMP Mon Jun 6 09:27:47 UTC 2022 x86_64 x86_64 x86_64 GNU/Linux\n",
		"timestamp":	{
			"time":	"Fri, 22 Jul 2022 16:29:21 GMT",
			"timesecs":	1658507361
		},
		"accepted_connection":	{
			"host":	"10.0.0.3",
			"port":	44832
		},
		"cookie":	"H3.1658507361.050561.427d69256d78ea4",
		"tcp_mss_default":	1448,
		"test_start":	{
			"protocol":	"TCP",
			"num_streams":	1,
			"blksize":	131072,
			"omit":	0,
			"duration":	5,
			"bytes":	0,
			"blocks":	0,
			"reverse":	0
		}
	},
	"intervals":	[{
			"streams":	[{
					"socket":	5,
					"start":	0,
					"end":	1.00087,
					"seconds":	1.00087,
					"bytes":	1703936,
					"bits_per_second":	1.36197e+07,
					"omitted":	false
				}],
			"sum":	{
				"start":	0,
				"end":	1.00087,
				"seconds":	1.00087,
				"bytes":	1703936,
				"bits_per_second":	1.36197e+07,
				"omitted":	false
			}
		}, {
			"streams":	[{
					"socket":	5,
					"start":	1.00087,
					"end":	2.0003,
					"seconds":	0.999436,
					"bytes":	1966080,
					"bits_per_second":	1.57375e+07,
					"omitted":	false
				}],
			"sum":	{
				"start":	1.00087,
				"end":	2.0003,
				"seconds":	0.999436,
				"bytes":	1966080,
				"bits_per_second":	1.57375e+07,
				"omitted":	false
			}
		}, {
			"streams":	[{
					"socket":	5,
					"start":	2.0003,
					"end":	3.00018,
					"seconds":	0.999874,
					"bytes":	1835008,
					"bits_per_second":	1.46819e+07,
					"omitted":	false
				}],
			"sum":	{
				"start":	2.0003,
				"end":	3.00018,
				"seconds":	0.999874,
				"bytes":	1835008,
				"bits_per_second":	1.46819e+07,
				"omitted":	false
			}
		}, {
			"streams":	[{
					"socket":	5,
					"start":	3.00018,
					"end":	4.00086,
					"seconds":	1.00068,
					"bytes":	1835008,
					"bits_per_second":	1.467e+07,
					"omitted":	false
				}],
			"sum":	{
				"start":	3.00018,
				"end":	4.00086,
				"seconds":	1.00068,
				"bytes":	1835008,
				"bits_per_second":	1.467e+07,
				"omitted":	false
			}
		}, {
			"streams":	[{
					"socket":	5,
					"start":	4.00086,
					"end":	5.00027,
					"seconds":	0.999409,
					"bytes":	1966080,
					"bits_per_second":	1.57379e+07,
					"omitted":	false
				}],
			"sum":	{
				"start":	4.00086,
				"end":	5.00027,
				"seconds":	0.999409,
				"bytes":	1966080,
				"bits_per_second":	1.57379e+07,
				"omitted":	false
			}
		}, {
			"streams":	[{
					"socket":	5,
					"start":	5.00027,
					"end":	5.00042,
					"seconds":	0.000149012,
					"bytes":	0,
					"bits_per_second":	0,
					"omitted":	false
				}],
			"sum":	{
				"start":	5.00027,
				"end":	5.00042,
				"seconds":	0.000149012,
				"bytes":	0,
				"bits_per_second":	0,
				"omitted":	false
			}
		}],
	"end":	{
		"streams":	[{
				"sender":	{
					"socket":	5,
					"start":	0,
					"end":	5.00042,
					"seconds":	5.00042,
					"bytes":	9306112,
					"bits_per_second":	1.48885e+07,
					"retransmits":	0
				},
				"receiver":	{
					"socket":	5,
					"start":	0,
					"end":	5.00042,
					"seconds":	5.00042,
					"bytes":	9306112,
					"bits_per_second":	1.48885e+07
				}
			}],
		"sum_sent":	{
			"start":	0,
			"end":	5.00042,
			"seconds":	5.00042,
			"bytes":	9306112,
			"bits_per_second":	1.48885e+07,
			"retransmits":	0
		},
		"sum_received":	{
			"start":	0,
			"end":	5.00042,
			"seconds":	5.00042,
			"bytes":	9306112,
			"bits_per_second":	1.48885e+07
		},
		"cpu_utilization_percent":	{
			"host_total":	1.12135,
			"host_user":	0,
			"host_system":	1.12133,
			"remote_total":	0.644506,
			"remote_user":	0,
			"remote_system":	0.644506
		}
	}
}
{
	"start":	{
		"connected":	[],
		"version":	"iperf 3.0.7",
		"system_info":	"Linux H11 5.4.197-0504197-generic #202206060747 SMP Mon Jun 6 09:27:47 UTC 2022 x86_64 x86_64 x86_64 GNU/Linux\n"
	},
	"intervals":	[],
	"end":	{
	},
	"error":	"interrupt - the server has terminated"
}
