{
	"start":	{
		"connected":	[{
				"socket":	5,
				"local_host":	"10.0.0.7",
				"local_port":	1948,
				"remote_host":	"10.0.0.4",
				"remote_port":	38772
			}],
		"version":	"iperf 3.0.7",
		"system_info":	"Linux H7 5.4.197-0504197-generic #202206060747 SMP Mon Jun 6 09:27:47 UTC 2022 x86_64 x86_64 x86_64 GNU/Linux\n",
		"timestamp":	{
			"time":	"Fri, 22 Jul 2022 09:31:11 GMT",
			"timesecs":	1658482271
		},
		"accepted_connection":	{
			"host":	"10.0.0.4",
			"port":	38770
		},
		"cookie":	"H4.1658482271.030774.5233fe403ba8def",
		"tcp_mss_default":	1448,
		"test_start":	{
			"protocol":	"TCP",
			"num_streams":	1,
			"blksize":	131072,
			"omit":	0,
			"duration":	5,
			"bytes":	0,
			"blocks":	0,
			"reverse":	0
		}
	},
	"intervals":	[{
			"streams":	[{
					"socket":	5,
					"start":	0,
					"end":	1.001,
					"seconds":	1.001,
					"bytes":	1819024,
					"bits_per_second":	1.45376e+07,
					"omitted":	false
				}],
			"sum":	{
				"start":	0,
				"end":	1.001,
				"seconds":	1.001,
				"bytes":	1819024,
				"bits_per_second":	1.45376e+07,
				"omitted":	false
			}
		}, {
			"streams":	[{
					"socket":	5,
					"start":	1.001,
					"end":	2.00056,
					"seconds":	0.99956,
					"bytes":	1835008,
					"bits_per_second":	1.46865e+07,
					"omitted":	false
				}],
			"sum":	{
				"start":	1.001,
				"end":	2.00056,
				"seconds":	0.99956,
				"bytes":	1835008,
				"bits_per_second":	1.46865e+07,
				"omitted":	false
			}
		}, {
			"streams":	[{
					"socket":	5,
					"start":	2.00056,
					"end":	3.00174,
					"seconds":	1.00118,
					"bytes":	1865416,
					"bits_per_second":	1.49058e+07,
					"omitted":	false
				}],
			"sum":	{
				"start":	2.00056,
				"end":	3.00174,
				"seconds":	1.00118,
				"bytes":	1865416,
				"bits_per_second":	1.49058e+07,
				"omitted":	false
			}
		}, {
			"streams":	[{
					"socket":	5,
					"start":	3.00174,
					"end":	4.00067,
					"seconds":	0.998928,
					"bytes":	1804600,
					"bits_per_second":	1.44523e+07,
					"omitted":	false
				}],
			"sum":	{
				"start":	3.00174,
				"end":	4.00067,
				"seconds":	0.998928,
				"bytes":	1804600,
				"bits_per_second":	1.44523e+07,
				"omitted":	false
			}
		}, {
			"streams":	[{
					"socket":	5,
					"start":	4.00067,
					"end":	5.00024,
					"seconds":	0.999572,
					"bytes":	1966080,
					"bits_per_second":	1.57354e+07,
					"omitted":	false
				}],
			"sum":	{
				"start":	4.00067,
				"end":	5.00024,
				"seconds":	0.999572,
				"bytes":	1966080,
				"bits_per_second":	1.57354e+07,
				"omitted":	false
			}
		}, {
			"streams":	[{
					"socket":	5,
					"start":	5.00024,
					"end":	5.00074,
					"seconds":	0.000495911,
					"bytes":	0,
					"bits_per_second":	0,
					"omitted":	false
				}],
			"sum":	{
				"start":	5.00024,
				"end":	5.00074,
				"seconds":	0.000495911,
				"bytes":	0,
				"bits_per_second":	0,
				"omitted":	false
			}
		}],
	"end":	{
		"streams":	[{
				"sender":	{
					"socket":	5,
					"start":	0,
					"end":	5.00074,
					"seconds":	5.00074,
					"bytes":	9290128,
					"bits_per_second":	1.4862e+07,
					"retransmits":	0
				},
				"receiver":	{
					"socket":	5,
					"start":	0,
					"end":	5.00074,
					"seconds":	5.00074,
					"bytes":	9290128,
					"bits_per_second":	1.4862e+07
				}
			}],
		"sum_sent":	{
			"start":	0,
			"end":	5.00074,
			"seconds":	5.00074,
			"bytes":	9290128,
			"bits_per_second":	1.4862e+07,
			"retransmits":	0
		},
		"sum_received":	{
			"start":	0,
			"end":	5.00074,
			"seconds":	5.00074,
			"bytes":	9290128,
			"bits_per_second":	1.4862e+07
		},
		"cpu_utilization_percent":	{
			"host_total":	2.79667,
			"host_user":	0.2147,
			"host_system":	2.58199,
			"remote_total":	1.01377,
			"remote_user":	0,
			"remote_system":	1.01373
		}
	}
}
