{
	"start":	{
		"connected":	[{
				"socket":	5,
				"local_host":	"10.0.0.9",
				"local_port":	3693,
				"remote_host":	"10.0.0.3",
				"remote_port":	50858
			}],
		"version":	"iperf 3.0.7",
		"system_info":	"Linux MECS2 5.4.197-0504197-generic #202206060747 SMP Mon Jun 6 09:27:47 UTC 2022 x86_64 x86_64 x86_64 GNU/Linux\n",
		"timestamp":	{
			"time":	"Mon, 25 Jul 2022 21:42:22 GMT",
			"timesecs":	1658785342
		},
		"accepted_connection":	{
			"host":	"10.0.0.3",
			"port":	50856
		},
		"cookie":	"BS3.1658785342.408810.2f98ec6c44a0fa",
		"tcp_mss_default":	1448,
		"test_start":	{
			"protocol":	"TCP",
			"num_streams":	1,
			"blksize":	131072,
			"omit":	0,
			"duration":	58,
			"bytes":	0,
			"blocks":	0,
			"reverse":	0
		}
	},
	"intervals":	[{
			"streams":	[{
					"socket":	5,
					"start":	0,
					"end":	1.00049,
					"seconds":	1.00049,
					"bytes":	4727720,
					"bits_per_second":	3.78034e+07,
					"omitted":	false
				}],
			"sum":	{
				"start":	0,
				"end":	1.00049,
				"seconds":	1.00049,
				"bytes":	4727720,
				"bits_per_second":	3.78034e+07,
				"omitted":	false
			}
		}, {
			"streams":	[{
					"socket":	5,
					"start":	1.00049,
					"end":	2.00009,
					"seconds":	0.999604,
					"bytes":	7108440,
					"bits_per_second":	5.689e+07,
					"omitted":	false
				}],
			"sum":	{
				"start":	1.00049,
				"end":	2.00009,
				"seconds":	0.999604,
				"bytes":	7108440,
				"bits_per_second":	5.689e+07,
				"omitted":	false
			}
		}, {
			"streams":	[{
					"socket":	5,
					"start":	2.00009,
					"end":	3.0002,
					"seconds":	1.00011,
					"bytes":	6207472,
					"bits_per_second":	4.96543e+07,
					"omitted":	false
				}],
			"sum":	{
				"start":	2.00009,
				"end":	3.0002,
				"seconds":	1.00011,
				"bytes":	6207472,
				"bits_per_second":	4.96543e+07,
				"omitted":	false
			}
		}, {
			"streams":	[{
					"socket":	5,
					"start":	3.0002,
					"end":	4.00037,
					"seconds":	1.00017,
					"bytes":	6277672,
					"bits_per_second":	5.02128e+07,
					"omitted":	false
				}],
			"sum":	{
				"start":	3.0002,
				"end":	4.00037,
				"seconds":	1.00017,
				"bytes":	6277672,
				"bits_per_second":	5.02128e+07,
				"omitted":	false
			}
		}, {
			"streams":	[{
					"socket":	5,
					"start":	4.00037,
					"end":	5.00022,
					"seconds":	0.999849,
					"bytes":	5922216,
					"bits_per_second":	4.73849e+07,
					"omitted":	false
				}],
			"sum":	{
				"start":	4.00037,
				"end":	5.00022,
				"seconds":	0.999849,
				"bytes":	5922216,
				"bits_per_second":	4.73849e+07,
				"omitted":	false
			}
		}, {
			"streams":	[{
					"socket":	5,
					"start":	5.00022,
					"end":	6.00037,
					"seconds":	1.00015,
					"bytes":	4373160,
					"bits_per_second":	3.498e+07,
					"omitted":	false
				}],
			"sum":	{
				"start":	5.00022,
				"end":	6.00037,
				"seconds":	1.00015,
				"bytes":	4373160,
				"bits_per_second":	3.498e+07,
				"omitted":	false
			}
		}, {
			"streams":	[{
					"socket":	5,
					"start":	6.00037,
					"end":	7.00021,
					"seconds":	0.999844,
					"bytes":	2719344,
					"bits_per_second":	2.17581e+07,
					"omitted":	false
				}],
			"sum":	{
				"start":	6.00037,
				"end":	7.00021,
				"seconds":	0.999844,
				"bytes":	2719344,
				"bits_per_second":	2.17581e+07,
				"omitted":	false
			}
		}, {
			"streams":	[{
					"socket":	5,
					"start":	7.00021,
					"end":	8.00046,
					"seconds":	1.00025,
					"bytes":	444536,
					"bits_per_second":	3.55541e+06,
					"omitted":	false
				}],
			"sum":	{
				"start":	7.00021,
				"end":	8.00046,
				"seconds":	1.00025,
				"bytes":	444536,
				"bits_per_second":	3.55541e+06,
				"omitted":	false
			}
		}, {
			"streams":	[{
					"socket":	5,
					"start":	8.00046,
					"end":	9.00048,
					"seconds":	1.00002,
					"bytes":	30408,
					"bits_per_second":	243258,
					"omitted":	false
				}],
			"sum":	{
				"start":	8.00046,
				"end":	9.00048,
				"seconds":	1.00002,
				"bytes":	30408,
				"bits_per_second":	243258,
				"omitted":	false
			}
		}, {
			"streams":	[{
					"socket":	5,
					"start":	9.00048,
					"end":	10.0003,
					"seconds":	0.999836,
					"bytes":	17376,
					"bits_per_second":	139031,
					"omitted":	false
				}],
			"sum":	{
				"start":	9.00048,
				"end":	10.0003,
				"seconds":	0.999836,
				"bytes":	17376,
				"bits_per_second":	139031,
				"omitted":	false
			}
		}, {
			"streams":	[{
					"socket":	5,
					"start":	10.0003,
					"end":	11.001,
					"seconds":	1.00066,
					"bytes":	2896,
					"bits_per_second":	23152.6,
					"omitted":	false
				}],
			"sum":	{
				"start":	10.0003,
				"end":	11.001,
				"seconds":	1.00066,
				"bytes":	2896,
				"bits_per_second":	23152.6,
				"omitted":	false
			}
		}, {
			"streams":	[{
					"socket":	5,
					"start":	11.001,
					"end":	12.0003,
					"seconds":	0.999279,
					"bytes":	163624,
					"bits_per_second":	1.30994e+06,
					"omitted":	false
				}],
			"sum":	{
				"start":	11.001,
				"end":	12.0003,
				"seconds":	0.999279,
				"bytes":	163624,
				"bits_per_second":	1.30994e+06,
				"omitted":	false
			}
		}, {
			"streams":	[{
					"socket":	5,
					"start":	12.0003,
					"end":	13.0005,
					"seconds":	1.00024,
					"bytes":	1631896,
					"bits_per_second":	1.3052e+07,
					"omitted":	false
				}],
			"sum":	{
				"start":	12.0003,
				"end":	13.0005,
				"seconds":	1.00024,
				"bytes":	1631896,
				"bits_per_second":	1.3052e+07,
				"omitted":	false
			}
		}, {
			"streams":	[{
					"socket":	5,
					"start":	13.0005,
					"end":	14.0006,
					"seconds":	1.00008,
					"bytes":	3357912,
					"bits_per_second":	2.68612e+07,
					"omitted":	false
				}],
			"sum":	{
				"start":	13.0005,
				"end":	14.0006,
				"seconds":	1.00008,
				"bytes":	3357912,
				"bits_per_second":	2.68612e+07,
				"omitted":	false
			}
		}, {
			"streams":	[{
					"socket":	5,
					"start":	14.0006,
					"end":	15.0002,
					"seconds":	0.999572,
					"bytes":	4873968,
					"bits_per_second":	3.90084e+07,
					"omitted":	false
				}],
			"sum":	{
				"start":	14.0006,
				"end":	15.0002,
				"seconds":	0.999572,
				"bytes":	4873968,
				"bits_per_second":	3.90084e+07,
				"omitted":	false
			}
		}, {
			"streams":	[{
					"socket":	5,
					"start":	15.0002,
					"end":	16.0001,
					"seconds":	0.99997,
					"bytes":	6980808,
					"bits_per_second":	5.58481e+07,
					"omitted":	false
				}],
			"sum":	{
				"start":	15.0002,
				"end":	16.0001,
				"seconds":	0.99997,
				"bytes":	6980808,
				"bits_per_second":	5.58481e+07,
				"omitted":	false
			}
		}, {
			"streams":	[{
					"socket":	5,
					"start":	16.0001,
					"end":	17,
					"seconds":	0.999908,
					"bytes":	7895944,
					"bits_per_second":	6.31734e+07,
					"omitted":	false
				}],
			"sum":	{
				"start":	16.0001,
				"end":	17,
				"seconds":	0.999908,
				"bytes":	7895944,
				"bits_per_second":	6.31734e+07,
				"omitted":	false
			}
		}, {
			"streams":	[{
					"socket":	5,
					"start":	17,
					"end":	18.0004,
					"seconds":	1.00041,
					"bytes":	7777208,
					"bits_per_second":	6.21924e+07,
					"omitted":	false
				}],
			"sum":	{
				"start":	17,
				"end":	18.0004,
				"seconds":	1.00041,
				"bytes":	7777208,
				"bits_per_second":	6.21924e+07,
				"omitted":	false
			}
		}, {
			"streams":	[{
					"socket":	5,
					"start":	18.0004,
					"end":	19.0006,
					"seconds":	1.00021,
					"bytes":	5476336,
					"bits_per_second":	4.38017e+07,
					"omitted":	false
				}],
			"sum":	{
				"start":	18.0004,
				"end":	19.0006,
				"seconds":	1.00021,
				"bytes":	5476336,
				"bits_per_second":	4.38017e+07,
				"omitted":	false
			}
		}, {
			"streams":	[{
					"socket":	5,
					"start":	19.0006,
					"end":	20.0003,
					"seconds":	0.999704,
					"bytes":	5732632,
					"bits_per_second":	4.58746e+07,
					"omitted":	false
				}],
			"sum":	{
				"start":	19.0006,
				"end":	20.0003,
				"seconds":	0.999704,
				"bytes":	5732632,
				"bits_per_second":	4.58746e+07,
				"omitted":	false
			}
		}, {
			"streams":	[{
					"socket":	5,
					"start":	20.0003,
					"end":	21.0004,
					"seconds":	1.00005,
					"bytes":	4429432,
					"bits_per_second":	3.54338e+07,
					"omitted":	false
				}],
			"sum":	{
				"start":	20.0003,
				"end":	21.0004,
				"seconds":	1.00005,
				"bytes":	4429432,
				"bits_per_second":	3.54338e+07,
				"omitted":	false
			}
		}, {
			"streams":	[{
					"socket":	5,
					"start":	21.0004,
					"end":	22.0001,
					"seconds":	0.999672,
					"bytes":	3068312,
					"bits_per_second":	2.45545e+07,
					"omitted":	false
				}],
			"sum":	{
				"start":	21.0004,
				"end":	22.0001,
				"seconds":	0.999672,
				"bytes":	3068312,
				"bits_per_second":	2.45545e+07,
				"omitted":	false
			}
		}, {
			"streams":	[{
					"socket":	5,
					"start":	22.0001,
					"end":	23.0002,
					"seconds":	1.00012,
					"bytes":	3175464,
					"bits_per_second":	2.54007e+07,
					"omitted":	false
				}],
			"sum":	{
				"start":	22.0001,
				"end":	23.0002,
				"seconds":	1.00012,
				"bytes":	3175464,
				"bits_per_second":	2.54007e+07,
				"omitted":	false
			}
		}, {
			"streams":	[{
					"socket":	5,
					"start":	23.0002,
					"end":	24.0062,
					"seconds":	1.00597,
					"bytes":	3042248,
					"bits_per_second":	2.41935e+07,
					"omitted":	false
				}],
			"sum":	{
				"start":	23.0002,
				"end":	24.0062,
				"seconds":	1.00597,
				"bytes":	3042248,
				"bits_per_second":	2.41935e+07,
				"omitted":	false
			}
		}, {
			"streams":	[{
					"socket":	5,
					"start":	24.0062,
					"end":	25.0001,
					"seconds":	0.993989,
					"bytes":	1724568,
					"bits_per_second":	1.388e+07,
					"omitted":	false
				}],
			"sum":	{
				"start":	24.0062,
				"end":	25.0001,
				"seconds":	0.993989,
				"bytes":	1724568,
				"bits_per_second":	1.388e+07,
				"omitted":	false
			}
		}, {
			"streams":	[{
					"socket":	5,
					"start":	25.0001,
					"end":	26.0003,
					"seconds":	1.00016,
					"bytes":	1356776,
					"bits_per_second":	1.08525e+07,
					"omitted":	false
				}],
			"sum":	{
				"start":	25.0001,
				"end":	26.0003,
				"seconds":	1.00016,
				"bytes":	1356776,
				"bits_per_second":	1.08525e+07,
				"omitted":	false
			}
		}, {
			"streams":	[{
					"socket":	5,
					"start":	26.0003,
					"end":	27.0009,
					"seconds":	1.00061,
					"bytes":	3705432,
					"bits_per_second":	2.96252e+07,
					"omitted":	false
				}],
			"sum":	{
				"start":	26.0003,
				"end":	27.0009,
				"seconds":	1.00061,
				"bytes":	3705432,
				"bits_per_second":	2.96252e+07,
				"omitted":	false
			}
		}, {
			"streams":	[{
					"socket":	5,
					"start":	27.0009,
					"end":	28.0006,
					"seconds":	0.999643,
					"bytes":	5525568,
					"bits_per_second":	4.42203e+07,
					"omitted":	false
				}],
			"sum":	{
				"start":	27.0009,
				"end":	28.0006,
				"seconds":	0.999643,
				"bytes":	5525568,
				"bits_per_second":	4.42203e+07,
				"omitted":	false
			}
		}, {
			"streams":	[{
					"socket":	5,
					"start":	28.0006,
					"end":	29.0004,
					"seconds":	0.999843,
					"bytes":	8731440,
					"bits_per_second":	6.98625e+07,
					"omitted":	false
				}],
			"sum":	{
				"start":	28.0006,
				"end":	29.0004,
				"seconds":	0.999843,
				"bytes":	8731440,
				"bits_per_second":	6.98625e+07,
				"omitted":	false
			}
		}, {
			"streams":	[{
					"socket":	5,
					"start":	29.0004,
					"end":	30.0004,
					"seconds":	0.99995,
					"bytes":	12953808,
					"bits_per_second":	1.03636e+08,
					"omitted":	false
				}],
			"sum":	{
				"start":	29.0004,
				"end":	30.0004,
				"seconds":	0.99995,
				"bytes":	12953808,
				"bits_per_second":	1.03636e+08,
				"omitted":	false
			}
		}, {
			"streams":	[{
					"socket":	5,
					"start":	30.0004,
					"end":	31.0003,
					"seconds":	0.999937,
					"bytes":	14168680,
					"bits_per_second":	1.13357e+08,
					"omitted":	false
				}],
			"sum":	{
				"start":	30.0004,
				"end":	31.0003,
				"seconds":	0.999937,
				"bytes":	14168680,
				"bits_per_second":	1.13357e+08,
				"omitted":	false
			}
		}, {
			"streams":	[{
					"socket":	5,
					"start":	31.0003,
					"end":	32,
					"seconds":	0.999755,
					"bytes":	15901936,
					"bits_per_second":	1.27247e+08,
					"omitted":	false
				}],
			"sum":	{
				"start":	31.0003,
				"end":	32,
				"seconds":	0.999755,
				"bytes":	15901936,
				"bits_per_second":	1.27247e+08,
				"omitted":	false
			}
		}, {
			"streams":	[{
					"socket":	5,
					"start":	32,
					"end":	33.0001,
					"seconds":	1.0001,
					"bytes":	17404960,
					"bits_per_second":	1.39225e+08,
					"omitted":	false
				}],
			"sum":	{
				"start":	32,
				"end":	33.0001,
				"seconds":	1.0001,
				"bytes":	17404960,
				"bits_per_second":	1.39225e+08,
				"omitted":	false
			}
		}, {
			"streams":	[{
					"socket":	5,
					"start":	33.0001,
					"end":	34.0003,
					"seconds":	1.00014,
					"bytes":	18535848,
					"bits_per_second":	1.48267e+08,
					"omitted":	false
				}],
			"sum":	{
				"start":	33.0001,
				"end":	34.0003,
				"seconds":	1.00014,
				"bytes":	18535848,
				"bits_per_second":	1.48267e+08,
				"omitted":	false
			}
		}, {
			"streams":	[{
					"socket":	5,
					"start":	34.0003,
					"end":	35.0004,
					"seconds":	1.00016,
					"bytes":	19614608,
					"bits_per_second":	1.56891e+08,
					"omitted":	false
				}],
			"sum":	{
				"start":	34.0003,
				"end":	35.0004,
				"seconds":	1.00016,
				"bytes":	19614608,
				"bits_per_second":	1.56891e+08,
				"omitted":	false
			}
		}, {
			"streams":	[{
					"socket":	5,
					"start":	35.0004,
					"end":	36.0002,
					"seconds":	0.9998,
					"bytes":	9435224,
					"bits_per_second":	7.54969e+07,
					"omitted":	false
				}],
			"sum":	{
				"start":	35.0004,
				"end":	36.0002,
				"seconds":	0.9998,
				"bytes":	9435224,
				"bits_per_second":	7.54969e+07,
				"omitted":	false
			}
		}, {
			"streams":	[{
					"socket":	5,
					"start":	36.0002,
					"end":	37.0002,
					"seconds":	0.999971,
					"bytes":	6160384,
					"bits_per_second":	4.92845e+07,
					"omitted":	false
				}],
			"sum":	{
				"start":	36.0002,
				"end":	37.0002,
				"seconds":	0.999971,
				"bytes":	6160384,
				"bits_per_second":	4.92845e+07,
				"omitted":	false
			}
		}, {
			"streams":	[{
					"socket":	5,
					"start":	37.0002,
					"end":	38.0014,
					"seconds":	1.00122,
					"bytes":	6291456,
					"bits_per_second":	5.02705e+07,
					"omitted":	false
				}],
			"sum":	{
				"start":	37.0002,
				"end":	38.0014,
				"seconds":	1.00122,
				"bytes":	6291456,
				"bits_per_second":	5.02705e+07,
				"omitted":	false
			}
		}, {
			"streams":	[{
					"socket":	5,
					"start":	38.0014,
					"end":	39.0003,
					"seconds":	0.998879,
					"bytes":	6291456,
					"bits_per_second":	5.03881e+07,
					"omitted":	false
				}],
			"sum":	{
				"start":	38.0014,
				"end":	39.0003,
				"seconds":	0.998879,
				"bytes":	6291456,
				"bits_per_second":	5.03881e+07,
				"omitted":	false
			}
		}, {
			"streams":	[{
					"socket":	5,
					"start":	39.0003,
					"end":	40.0001,
					"seconds":	0.999815,
					"bytes":	6160384,
					"bits_per_second":	4.92922e+07,
					"omitted":	false
				}],
			"sum":	{
				"start":	39.0003,
				"end":	40.0001,
				"seconds":	0.999815,
				"bytes":	6160384,
				"bits_per_second":	4.92922e+07,
				"omitted":	false
			}
		}, {
			"streams":	[{
					"socket":	5,
					"start":	40.0001,
					"end":	41.0006,
					"seconds":	1.00044,
					"bytes":	6291456,
					"bits_per_second":	5.03095e+07,
					"omitted":	false
				}],
			"sum":	{
				"start":	40.0001,
				"end":	41.0006,
				"seconds":	1.00044,
				"bytes":	6291456,
				"bits_per_second":	5.03095e+07,
				"omitted":	false
			}
		}, {
			"streams":	[{
					"socket":	5,
					"start":	41.0006,
					"end":	42.0004,
					"seconds":	0.999871,
					"bytes":	6291456,
					"bits_per_second":	5.03381e+07,
					"omitted":	false
				}],
			"sum":	{
				"start":	41.0006,
				"end":	42.0004,
				"seconds":	0.999871,
				"bytes":	6291456,
				"bits_per_second":	5.03381e+07,
				"omitted":	false
			}
		}, {
			"streams":	[{
					"socket":	5,
					"start":	42.0004,
					"end":	43.0006,
					"seconds":	1.00014,
					"bytes":	6160384,
					"bits_per_second":	4.92763e+07,
					"omitted":	false
				}],
			"sum":	{
				"start":	42.0004,
				"end":	43.0006,
				"seconds":	1.00014,
				"bytes":	6160384,
				"bits_per_second":	4.92763e+07,
				"omitted":	false
			}
		}, {
			"streams":	[{
					"socket":	5,
					"start":	43.0006,
					"end":	44.0005,
					"seconds":	0.999957,
					"bytes":	6291456,
					"bits_per_second":	5.03338e+07,
					"omitted":	false
				}],
			"sum":	{
				"start":	43.0006,
				"end":	44.0005,
				"seconds":	0.999957,
				"bytes":	6291456,
				"bits_per_second":	5.03338e+07,
				"omitted":	false
			}
		}, {
			"streams":	[{
					"socket":	5,
					"start":	44.0005,
					"end":	45,
					"seconds":	0.999514,
					"bytes":	6159576,
					"bits_per_second":	4.93006e+07,
					"omitted":	false
				}],
			"sum":	{
				"start":	44.0005,
				"end":	45,
				"seconds":	0.999514,
				"bytes":	6159576,
				"bits_per_second":	4.93006e+07,
				"omitted":	false
			}
		}, {
			"streams":	[{
					"socket":	5,
					"start":	45,
					"end":	46.0002,
					"seconds":	1.0002,
					"bytes":	6291456,
					"bits_per_second":	5.03215e+07,
					"omitted":	false
				}],
			"sum":	{
				"start":	45,
				"end":	46.0002,
				"seconds":	1.0002,
				"bytes":	6291456,
				"bits_per_second":	5.03215e+07,
				"omitted":	false
			}
		}, {
			"streams":	[{
					"socket":	5,
					"start":	46.0002,
					"end":	47.0064,
					"seconds":	1.0062,
					"bytes":	6292264,
					"bits_per_second":	5.00278e+07,
					"omitted":	false
				}],
			"sum":	{
				"start":	46.0002,
				"end":	47.0064,
				"seconds":	1.0062,
				"bytes":	6292264,
				"bits_per_second":	5.00278e+07,
				"omitted":	false
			}
		}, {
			"streams":	[{
					"socket":	5,
					"start":	47.0064,
					"end":	48.0011,
					"seconds":	0.994635,
					"bytes":	6291456,
					"bits_per_second":	5.06031e+07,
					"omitted":	false
				}],
			"sum":	{
				"start":	47.0064,
				"end":	48.0011,
				"seconds":	0.994635,
				"bytes":	6291456,
				"bits_per_second":	5.06031e+07,
				"omitted":	false
			}
		}, {
			"streams":	[{
					"socket":	5,
					"start":	48.0011,
					"end":	49.0035,
					"seconds":	1.00246,
					"bytes":	5898240,
					"bits_per_second":	4.70701e+07,
					"omitted":	false
				}],
			"sum":	{
				"start":	48.0011,
				"end":	49.0035,
				"seconds":	1.00246,
				"bytes":	5898240,
				"bits_per_second":	4.70701e+07,
				"omitted":	false
			}
		}, {
			"streams":	[{
					"socket":	5,
					"start":	49.0035,
					"end":	50.0011,
					"seconds":	0.99759,
					"bytes":	6482536,
					"bits_per_second":	5.19856e+07,
					"omitted":	false
				}],
			"sum":	{
				"start":	49.0035,
				"end":	50.0011,
				"seconds":	0.99759,
				"bytes":	6482536,
				"bits_per_second":	5.19856e+07,
				"omitted":	false
			}
		}, {
			"streams":	[{
					"socket":	5,
					"start":	50.0011,
					"end":	51.0065,
					"seconds":	1.00538,
					"bytes":	6362520,
					"bits_per_second":	5.06278e+07,
					"omitted":	false
				}],
			"sum":	{
				"start":	50.0011,
				"end":	51.0065,
				"seconds":	1.00538,
				"bytes":	6362520,
				"bits_per_second":	5.06278e+07,
				"omitted":	false
			}
		}, {
			"streams":	[{
					"socket":	5,
					"start":	51.0065,
					"end":	52.0037,
					"seconds":	0.997212,
					"bytes":	6255144,
					"bits_per_second":	5.01811e+07,
					"omitted":	false
				}],
			"sum":	{
				"start":	51.0065,
				"end":	52.0037,
				"seconds":	0.997212,
				"bytes":	6255144,
				"bits_per_second":	5.01811e+07,
				"omitted":	false
			}
		}, {
			"streams":	[{
					"socket":	5,
					"start":	52.0037,
					"end":	53.0008,
					"seconds":	0.99704,
					"bytes":	6196696,
					"bits_per_second":	4.97207e+07,
					"omitted":	false
				}],
			"sum":	{
				"start":	52.0037,
				"end":	53.0008,
				"seconds":	0.99704,
				"bytes":	6196696,
				"bits_per_second":	4.97207e+07,
				"omitted":	false
			}
		}, {
			"streams":	[{
					"socket":	5,
					"start":	53.0008,
					"end":	54.0007,
					"seconds":	0.999935,
					"bytes":	6291456,
					"bits_per_second":	5.03349e+07,
					"omitted":	false
				}],
			"sum":	{
				"start":	53.0008,
				"end":	54.0007,
				"seconds":	0.999935,
				"bytes":	6291456,
				"bits_per_second":	5.03349e+07,
				"omitted":	false
			}
		}, {
			"streams":	[{
					"socket":	5,
					"start":	54.0007,
					"end":	55.0002,
					"seconds":	0.999485,
					"bytes":	6291456,
					"bits_per_second":	5.03576e+07,
					"omitted":	false
				}],
			"sum":	{
				"start":	54.0007,
				"end":	55.0002,
				"seconds":	0.999485,
				"bytes":	6291456,
				"bits_per_second":	5.03576e+07,
				"omitted":	false
			}
		}, {
			"streams":	[{
					"socket":	5,
					"start":	55.0002,
					"end":	56.0002,
					"seconds":	1.00002,
					"bytes":	6160384,
					"bits_per_second":	4.9282e+07,
					"omitted":	false
				}],
			"sum":	{
				"start":	55.0002,
				"end":	56.0002,
				"seconds":	1.00002,
				"bytes":	6160384,
				"bits_per_second":	4.9282e+07,
				"omitted":	false
			}
		}, {
			"streams":	[{
					"socket":	5,
					"start":	56.0002,
					"end":	57.0005,
					"seconds":	1.00032,
					"bytes":	6291456,
					"bits_per_second":	5.03157e+07,
					"omitted":	false
				}],
			"sum":	{
				"start":	56.0002,
				"end":	57.0005,
				"seconds":	1.00032,
				"bytes":	6291456,
				"bits_per_second":	5.03157e+07,
				"omitted":	false
			}
		}, {
			"streams":	[{
					"socket":	5,
					"start":	57.0005,
					"end":	58.0006,
					"seconds":	1.00006,
					"bytes":	6291456,
					"bits_per_second":	5.03288e+07,
					"omitted":	false
				}],
			"sum":	{
				"start":	57.0005,
				"end":	58.0006,
				"seconds":	1.00006,
				"bytes":	6291456,
				"bits_per_second":	5.03288e+07,
				"omitted":	false
			}
		}, {
			"streams":	[{
					"socket":	5,
					"start":	58.0006,
					"end":	58.0626,
					"seconds":	0.062007,
					"bytes":	0,
					"bits_per_second":	0,
					"omitted":	false
				}],
			"sum":	{
				"start":	58.0006,
				"end":	58.0626,
				"seconds":	0.062007,
				"bytes":	0,
				"bits_per_second":	0,
				"omitted":	false
			}
		}],
	"end":	{
		"streams":	[{
				"sender":	{
					"socket":	5,
					"start":	0,
					"end":	58.0626,
					"seconds":	58.0626,
					"bytes":	361990400,
					"bits_per_second":	4.98759e+07,
					"retransmits":	627
				},
				"receiver":	{
					"socket":	5,
					"start":	0,
					"end":	58.0626,
					"seconds":	58.0626,
					"bytes":	361990400,
					"bits_per_second":	4.98759e+07
				}
			}],
		"sum_sent":	{
			"start":	0,
			"end":	58.0626,
			"seconds":	58.0626,
			"bytes":	361990400,
			"bits_per_second":	4.98759e+07,
			"retransmits":	627
		},
		"sum_received":	{
			"start":	0,
			"end":	58.0626,
			"seconds":	58.0626,
			"bytes":	361990400,
			"bits_per_second":	4.98759e+07
		},
		"cpu_utilization_percent":	{
			"host_total":	3.77055,
			"host_user":	0.49688,
			"host_system":	3.27367,
			"remote_total":	1.15773,
			"remote_user":	0.145131,
			"remote_system":	1.01259
		}
	}
}
