{
	"start":	{
		"connected":	[{
				"socket":	5,
				"local_host":	"10.0.0.21",
				"local_port":	2663,
				"remote_host":	"10.0.0.1",
				"remote_port":	49308
			}],
		"version":	"iperf 3.0.7",
		"system_info":	"Linux CS7 5.4.197-0504197-generic #202206060747 SMP Mon Jun 6 09:27:47 UTC 2022 x86_64 x86_64 x86_64 GNU/Linux\n",
		"timestamp":	{
			"time":	"Mon, 25 Jul 2022 21:47:36 GMT",
			"timesecs":	1658785656
		},
		"accepted_connection":	{
			"host":	"10.0.0.1",
			"port":	49306
		},
		"cookie":	"BS1.1658785656.476431.44426a8052290a",
		"tcp_mss_default":	1448,
		"test_start":	{
			"protocol":	"TCP",
			"num_streams":	1,
			"blksize":	131072,
			"omit":	0,
			"duration":	18,
			"bytes":	0,
			"blocks":	0,
			"reverse":	0
		}
	},
	"intervals":	[{
			"streams":	[{
					"socket":	5,
					"start":	0,
					"end":	1.00046,
					"seconds":	1.00046,
					"bytes":	5714232,
					"bits_per_second":	4.56928e+07,
					"omitted":	false
				}],
			"sum":	{
				"start":	0,
				"end":	1.00046,
				"seconds":	1.00046,
				"bytes":	5714232,
				"bits_per_second":	4.56928e+07,
				"omitted":	false
			}
		}, {
			"streams":	[{
					"socket":	5,
					"start":	1.00046,
					"end":	2.00185,
					"seconds":	1.00139,
					"bytes":	6291456,
					"bits_per_second":	5.02618e+07,
					"omitted":	false
				}],
			"sum":	{
				"start":	1.00046,
				"end":	2.00185,
				"seconds":	1.00139,
				"bytes":	6291456,
				"bits_per_second":	5.02618e+07,
				"omitted":	false
			}
		}, {
			"streams":	[{
					"socket":	5,
					"start":	2.00185,
					"end":	3.00287,
					"seconds":	1.00102,
					"bytes":	6160384,
					"bits_per_second":	4.9233e+07,
					"omitted":	false
				}],
			"sum":	{
				"start":	2.00185,
				"end":	3.00287,
				"seconds":	1.00102,
				"bytes":	6160384,
				"bits_per_second":	4.9233e+07,
				"omitted":	false
			}
		}, {
			"streams":	[{
					"socket":	5,
					"start":	3.00287,
					"end":	4.0005,
					"seconds":	0.997639,
					"bytes":	6291456,
					"bits_per_second":	5.04508e+07,
					"omitted":	false
				}],
			"sum":	{
				"start":	3.00287,
				"end":	4.0005,
				"seconds":	0.997639,
				"bytes":	6291456,
				"bits_per_second":	5.04508e+07,
				"omitted":	false
			}
		}, {
			"streams":	[{
					"socket":	5,
					"start":	4.0005,
					"end":	5.00034,
					"seconds":	0.999834,
					"bytes":	6291456,
					"bits_per_second":	5.034e+07,
					"omitted":	false
				}],
			"sum":	{
				"start":	4.0005,
				"end":	5.00034,
				"seconds":	0.999834,
				"bytes":	6291456,
				"bits_per_second":	5.034e+07,
				"omitted":	false
			}
		}, {
			"streams":	[{
					"socket":	5,
					"start":	5.00034,
					"end":	6.00023,
					"seconds":	0.999895,
					"bytes":	6160384,
					"bits_per_second":	4.92882e+07,
					"omitted":	false
				}],
			"sum":	{
				"start":	5.00034,
				"end":	6.00023,
				"seconds":	0.999895,
				"bytes":	6160384,
				"bits_per_second":	4.92882e+07,
				"omitted":	false
			}
		}, {
			"streams":	[{
					"socket":	5,
					"start":	6.00023,
					"end":	7.00059,
					"seconds":	1.00035,
					"bytes":	6291456,
					"bits_per_second":	5.03139e+07,
					"omitted":	false
				}],
			"sum":	{
				"start":	6.00023,
				"end":	7.00059,
				"seconds":	1.00035,
				"bytes":	6291456,
				"bits_per_second":	5.03139e+07,
				"omitted":	false
			}
		}, {
			"streams":	[{
					"socket":	5,
					"start":	7.00059,
					"end":	8.00116,
					"seconds":	1.00058,
					"bytes":	6291344,
					"bits_per_second":	5.03017e+07,
					"omitted":	false
				}],
			"sum":	{
				"start":	7.00059,
				"end":	8.00116,
				"seconds":	1.00058,
				"bytes":	6291344,
				"bits_per_second":	5.03017e+07,
				"omitted":	false
			}
		}, {
			"streams":	[{
					"socket":	5,
					"start":	8.00116,
					"end":	9.00113,
					"seconds":	0.999963,
					"bytes":	6275528,
					"bits_per_second":	5.02061e+07,
					"omitted":	false
				}],
			"sum":	{
				"start":	8.00116,
				"end":	9.00113,
				"seconds":	0.999963,
				"bytes":	6275528,
				"bits_per_second":	5.02061e+07,
				"omitted":	false
			}
		}, {
			"streams":	[{
					"socket":	5,
					"start":	9.00113,
					"end":	10.0005,
					"seconds":	0.999366,
					"bytes":	6176424,
					"bits_per_second":	4.94427e+07,
					"omitted":	false
				}],
			"sum":	{
				"start":	9.00113,
				"end":	10.0005,
				"seconds":	0.999366,
				"bytes":	6176424,
				"bits_per_second":	4.94427e+07,
				"omitted":	false
			}
		}, {
			"streams":	[{
					"socket":	5,
					"start":	10.0005,
					"end":	11.0006,
					"seconds":	1.00009,
					"bytes":	6291456,
					"bits_per_second":	5.03271e+07,
					"omitted":	false
				}],
			"sum":	{
				"start":	10.0005,
				"end":	11.0006,
				"seconds":	1.00009,
				"bytes":	6291456,
				"bits_per_second":	5.03271e+07,
				"omitted":	false
			}
		}, {
			"streams":	[{
					"socket":	5,
					"start":	11.0006,
					"end":	12.0004,
					"seconds":	0.999811,
					"bytes":	5767168,
					"bits_per_second":	4.61461e+07,
					"omitted":	false
				}],
			"sum":	{
				"start":	11.0006,
				"end":	12.0004,
				"seconds":	0.999811,
				"bytes":	5767168,
				"bits_per_second":	4.61461e+07,
				"omitted":	false
			}
		}, {
			"streams":	[{
					"socket":	5,
					"start":	12.0004,
					"end":	13.0006,
					"seconds":	1.00024,
					"bytes":	6684672,
					"bits_per_second":	5.34643e+07,
					"omitted":	false
				}],
			"sum":	{
				"start":	12.0004,
				"end":	13.0006,
				"seconds":	1.00024,
				"bytes":	6684672,
				"bits_per_second":	5.34643e+07,
				"omitted":	false
			}
		}, {
			"streams":	[{
					"socket":	5,
					"start":	13.0006,
					"end":	14.0015,
					"seconds":	1.00083,
					"bytes":	6291456,
					"bits_per_second":	5.02898e+07,
					"omitted":	false
				}],
			"sum":	{
				"start":	13.0006,
				"end":	14.0015,
				"seconds":	1.00083,
				"bytes":	6291456,
				"bits_per_second":	5.02898e+07,
				"omitted":	false
			}
		}, {
			"streams":	[{
					"socket":	5,
					"start":	14.0015,
					"end":	15.002,
					"seconds":	1.00055,
					"bytes":	6422360,
					"bits_per_second":	5.13508e+07,
					"omitted":	false
				}],
			"sum":	{
				"start":	14.0015,
				"end":	15.002,
				"seconds":	1.00055,
				"bytes":	6422360,
				"bits_per_second":	5.13508e+07,
				"omitted":	false
			}
		}, {
			"streams":	[{
					"socket":	5,
					"start":	15.002,
					"end":	16.0003,
					"seconds":	0.998301,
					"bytes":	6029480,
					"bits_per_second":	4.83179e+07,
					"omitted":	false
				}],
			"sum":	{
				"start":	15.002,
				"end":	16.0003,
				"seconds":	0.998301,
				"bytes":	6029480,
				"bits_per_second":	4.83179e+07,
				"omitted":	false
			}
		}, {
			"streams":	[{
					"socket":	5,
					"start":	16.0003,
					"end":	17.0024,
					"seconds":	1.00208,
					"bytes":	6291456,
					"bits_per_second":	5.0227e+07,
					"omitted":	false
				}],
			"sum":	{
				"start":	16.0003,
				"end":	17.0024,
				"seconds":	1.00208,
				"bytes":	6291456,
				"bits_per_second":	5.0227e+07,
				"omitted":	false
			}
		}, {
			"streams":	[{
					"socket":	5,
					"start":	17.0024,
					"end":	18.0003,
					"seconds":	0.997944,
					"bytes":	6290648,
					"bits_per_second":	5.04289e+07,
					"omitted":	false
				}],
			"sum":	{
				"start":	17.0024,
				"end":	18.0003,
				"seconds":	0.997944,
				"bytes":	6290648,
				"bits_per_second":	5.04289e+07,
				"omitted":	false
			}
		}, {
			"streams":	[{
					"socket":	5,
					"start":	18.0003,
					"end":	18.0899,
					"seconds":	0.089577,
					"bytes":	808,
					"bits_per_second":	72161.4,
					"omitted":	false
				}],
			"sum":	{
				"start":	18.0003,
				"end":	18.0899,
				"seconds":	0.089577,
				"bytes":	808,
				"bits_per_second":	72161.4,
				"omitted":	false
			}
		}],
	"end":	{
		"streams":	[{
				"sender":	{
					"socket":	5,
					"start":	0,
					"end":	18.0899,
					"seconds":	18.0899,
					"bytes":	112013624,
					"bits_per_second":	4.95364e+07,
					"retransmits":	0
				},
				"receiver":	{
					"socket":	5,
					"start":	0,
					"end":	18.0899,
					"seconds":	18.0899,
					"bytes":	112013624,
					"bits_per_second":	4.95364e+07
				}
			}],
		"sum_sent":	{
			"start":	0,
			"end":	18.0899,
			"seconds":	18.0899,
			"bytes":	112013624,
			"bits_per_second":	4.95364e+07,
			"retransmits":	0
		},
		"sum_received":	{
			"start":	0,
			"end":	18.0899,
			"seconds":	18.0899,
			"bytes":	112013624,
			"bits_per_second":	4.95364e+07
		},
		"cpu_utilization_percent":	{
			"host_total":	2.68386,
			"host_user":	0.150958,
			"host_system":	2.53289,
			"remote_total":	2.20651,
			"remote_user":	0.151088,
			"remote_system":	2.05543
		}
	}
}
