{
	"start":	{
		"connected":	[{
				"socket":	5,
				"local_host":	"10.0.0.13",
				"local_port":	3934,
				"remote_host":	"10.0.0.2",
				"remote_port":	44614
			}],
		"version":	"iperf 3.0.7",
		"system_info":	"Linux H13 5.4.197-0504197-generic #202206060747 SMP Mon Jun 6 09:27:47 UTC 2022 x86_64 x86_64 x86_64 GNU/Linux\n",
		"timestamp":	{
			"time":	"Fri, 22 Jul 2022 09:30:07 GMT",
			"timesecs":	1658482207
		},
		"accepted_connection":	{
			"host":	"10.0.0.2",
			"port":	44612
		},
		"cookie":	"H2.1658482207.534463.5443edc429a0d18",
		"tcp_mss_default":	1448,
		"test_start":	{
			"protocol":	"TCP",
			"num_streams":	1,
			"blksize":	131072,
			"omit":	0,
			"duration":	5,
			"bytes":	0,
			"blocks":	0,
			"reverse":	0
		}
	},
	"intervals":	[{
			"streams":	[{
					"socket":	5,
					"start":	0,
					"end":	1.00112,
					"seconds":	1.00112,
					"bytes":	1689400,
					"bits_per_second":	1.35001e+07,
					"omitted":	false
				}],
			"sum":	{
				"start":	0,
				"end":	1.00112,
				"seconds":	1.00112,
				"bytes":	1689400,
				"bits_per_second":	1.35001e+07,
				"omitted":	false
			}
		}, {
			"streams":	[{
					"socket":	5,
					"start":	1.00112,
					"end":	2.00093,
					"seconds":	0.999807,
					"bytes":	1966080,
					"bits_per_second":	1.57317e+07,
					"omitted":	false
				}],
			"sum":	{
				"start":	1.00112,
				"end":	2.00093,
				"seconds":	0.999807,
				"bytes":	1966080,
				"bits_per_second":	1.57317e+07,
				"omitted":	false
			}
		}, {
			"streams":	[{
					"socket":	5,
					"start":	2.00093,
					"end":	3.00028,
					"seconds":	0.999352,
					"bytes":	1835008,
					"bits_per_second":	1.46896e+07,
					"omitted":	false
				}],
			"sum":	{
				"start":	2.00093,
				"end":	3.00028,
				"seconds":	0.999352,
				"bytes":	1835008,
				"bits_per_second":	1.46896e+07,
				"omitted":	false
			}
		}, {
			"streams":	[{
					"socket":	5,
					"start":	3.00028,
					"end":	4.00041,
					"seconds":	1.00013,
					"bytes":	1835008,
					"bits_per_second":	1.46781e+07,
					"omitted":	false
				}],
			"sum":	{
				"start":	3.00028,
				"end":	4.00041,
				"seconds":	1.00013,
				"bytes":	1835008,
				"bits_per_second":	1.46781e+07,
				"omitted":	false
			}
		}, {
			"streams":	[{
					"socket":	5,
					"start":	4.00041,
					"end":	5.00064,
					"seconds":	1.00023,
					"bytes":	1966080,
					"bits_per_second":	1.5725e+07,
					"omitted":	false
				}],
			"sum":	{
				"start":	4.00041,
				"end":	5.00064,
				"seconds":	1.00023,
				"bytes":	1966080,
				"bits_per_second":	1.5725e+07,
				"omitted":	false
			}
		}, {
			"streams":	[{
					"socket":	5,
					"start":	5.00064,
					"end":	5.00078,
					"seconds":	0.000131845,
					"bytes":	0,
					"bits_per_second":	0,
					"omitted":	false
				}],
			"sum":	{
				"start":	5.00064,
				"end":	5.00078,
				"seconds":	0.000131845,
				"bytes":	0,
				"bits_per_second":	0,
				"omitted":	false
			}
		}],
	"end":	{
		"streams":	[{
				"sender":	{
					"socket":	5,
					"start":	0,
					"end":	5.00078,
					"seconds":	5.00078,
					"bytes":	9291576,
					"bits_per_second":	1.48642e+07,
					"retransmits":	0
				},
				"receiver":	{
					"socket":	5,
					"start":	0,
					"end":	5.00078,
					"seconds":	5.00078,
					"bytes":	9291576,
					"bits_per_second":	1.48642e+07
				}
			}],
		"sum_sent":	{
			"start":	0,
			"end":	5.00078,
			"seconds":	5.00078,
			"bytes":	9291576,
			"bits_per_second":	1.48642e+07,
			"retransmits":	0
		},
		"sum_received":	{
			"start":	0,
			"end":	5.00078,
			"seconds":	5.00078,
			"bytes":	9291576,
			"bits_per_second":	1.48642e+07
		},
		"cpu_utilization_percent":	{
			"host_total":	1.36057,
			"host_user":	1.36051,
			"host_system":	0,
			"remote_total":	0.399315,
			"remote_user":	0,
			"remote_system":	0.399235
		}
	}
}
