{
	"start":	{
		"connected":	[{
				"socket":	5,
				"local_host":	"10.0.0.7",
				"local_port":	1215,
				"remote_host":	"10.0.0.4",
				"remote_port":	33624
			}],
		"version":	"iperf 3.0.7",
		"system_info":	"Linux H7 5.4.197-0504197-generic #202206060747 SMP Mon Jun 6 09:27:47 UTC 2022 x86_64 x86_64 x86_64 GNU/Linux\n",
		"timestamp":	{
			"time":	"Fri, 22 Jul 2022 16:28:38 GMT",
			"timesecs":	1658507318
		},
		"accepted_connection":	{
			"host":	"10.0.0.4",
			"port":	33622
		},
		"cookie":	"H4.1658507318.536009.66e3e7cc6da6da5",
		"tcp_mss_default":	1448,
		"test_start":	{
			"protocol":	"TCP",
			"num_streams":	1,
			"blksize":	131072,
			"omit":	0,
			"duration":	5,
			"bytes":	0,
			"blocks":	0,
			"reverse":	0
		}
	},
	"intervals":	[{
			"streams":	[{
					"socket":	5,
					"start":	0,
					"end":	1.0008,
					"seconds":	1.0008,
					"bytes":	1820472,
					"bits_per_second":	1.45522e+07,
					"omitted":	false
				}],
			"sum":	{
				"start":	0,
				"end":	1.0008,
				"seconds":	1.0008,
				"bytes":	1820472,
				"bits_per_second":	1.45522e+07,
				"omitted":	false
			}
		}, {
			"streams":	[{
					"socket":	5,
					"start":	1.0008,
					"end":	2.00066,
					"seconds":	0.999867,
					"bytes":	1859624,
					"bits_per_second":	1.4879e+07,
					"omitted":	false
				}],
			"sum":	{
				"start":	1.0008,
				"end":	2.00066,
				"seconds":	0.999867,
				"bytes":	1859624,
				"bits_per_second":	1.4879e+07,
				"omitted":	false
			}
		}, {
			"streams":	[{
					"socket":	5,
					"start":	2.00066,
					"end":	3.00043,
					"seconds":	0.999762,
					"bytes":	1810392,
					"bits_per_second":	1.44866e+07,
					"omitted":	false
				}],
			"sum":	{
				"start":	2.00066,
				"end":	3.00043,
				"seconds":	0.999762,
				"bytes":	1810392,
				"bits_per_second":	1.44866e+07,
				"omitted":	false
			}
		}, {
			"streams":	[{
					"socket":	5,
					"start":	3.00043,
					"end":	4.00022,
					"seconds":	0.999791,
					"bytes":	1835008,
					"bits_per_second":	1.46831e+07,
					"omitted":	false
				}],
			"sum":	{
				"start":	3.00043,
				"end":	4.00022,
				"seconds":	0.999791,
				"bytes":	1835008,
				"bits_per_second":	1.46831e+07,
				"omitted":	false
			}
		}, {
			"streams":	[{
					"socket":	5,
					"start":	4.00022,
					"end":	5.00016,
					"seconds":	0.999948,
					"bytes":	1966080,
					"bits_per_second":	1.57295e+07,
					"omitted":	false
				}],
			"sum":	{
				"start":	4.00022,
				"end":	5.00016,
				"seconds":	0.999948,
				"bytes":	1966080,
				"bits_per_second":	1.57295e+07,
				"omitted":	false
			}
		}, {
			"streams":	[{
					"socket":	5,
					"start":	5.00016,
					"end":	5.00035,
					"seconds":	0.000181913,
					"bytes":	0,
					"bits_per_second":	0,
					"omitted":	false
				}],
			"sum":	{
				"start":	5.00016,
				"end":	5.00035,
				"seconds":	0.000181913,
				"bytes":	0,
				"bits_per_second":	0,
				"omitted":	false
			}
		}],
	"end":	{
		"streams":	[{
				"sender":	{
					"socket":	5,
					"start":	0,
					"end":	5.00035,
					"seconds":	5.00035,
					"bytes":	9291576,
					"bits_per_second":	1.48655e+07,
					"retransmits":	0
				},
				"receiver":	{
					"socket":	5,
					"start":	0,
					"end":	5.00035,
					"seconds":	5.00035,
					"bytes":	9291576,
					"bits_per_second":	1.48655e+07
				}
			}],
		"sum_sent":	{
			"start":	0,
			"end":	5.00035,
			"seconds":	5.00035,
			"bytes":	9291576,
			"bits_per_second":	1.48655e+07,
			"retransmits":	0
		},
		"sum_received":	{
			"start":	0,
			"end":	5.00035,
			"seconds":	5.00035,
			"bytes":	9291576,
			"bits_per_second":	1.48655e+07
		},
		"cpu_utilization_percent":	{
			"host_total":	1.42538,
			"host_user":	0.324799,
			"host_system":	1.10056,
			"remote_total":	0.785792,
			"remote_user":	0,
			"remote_system":	0.785772
		}
	}
}
{
	"start":	{
		"connected":	[],
		"version":	"iperf 3.0.7",
		"system_info":	"Linux H7 5.4.197-0504197-generic #202206060747 SMP Mon Jun 6 09:27:47 UTC 2022 x86_64 x86_64 x86_64 GNU/Linux\n"
	},
	"intervals":	[],
	"end":	{
	},
	"error":	"interrupt - the server has terminated"
}
