{
	"start":	{
		"connected":	[{
				"socket":	5,
				"local_host":	"10.0.0.8",
				"local_port":	3070,
				"remote_host":	"10.0.0.4",
				"remote_port":	38622
			}],
		"version":	"iperf 3.0.7",
		"system_info":	"Linux H8 5.4.197-0504197-generic #202206060747 SMP Mon Jun 6 09:27:47 UTC 2022 x86_64 x86_64 x86_64 GNU/Linux\n",
		"timestamp":	{
			"time":	"Fri, 22 Jul 2022 16:34:08 GMT",
			"timesecs":	1658507648
		},
		"accepted_connection":	{
			"host":	"10.0.0.4",
			"port":	38620
		},
		"cookie":	"H4.1658507648.118858.6db8cfa5172dacf",
		"tcp_mss_default":	1448,
		"test_start":	{
			"protocol":	"TCP",
			"num_streams":	1,
			"blksize":	131072,
			"omit":	0,
			"duration":	5,
			"bytes":	0,
			"blocks":	0,
			"reverse":	0
		}
	},
	"intervals":	[{
			"streams":	[{
					"socket":	5,
					"start":	0,
					"end":	1.00041,
					"seconds":	1.00041,
					"bytes":	1690848,
					"bits_per_second":	1.35213e+07,
					"omitted":	false
				}],
			"sum":	{
				"start":	0,
				"end":	1.00041,
				"seconds":	1.00041,
				"bytes":	1690848,
				"bits_per_second":	1.35213e+07,
				"omitted":	false
			}
		}, {
			"streams":	[{
					"socket":	5,
					"start":	1.00041,
					"end":	2.0009,
					"seconds":	1.00049,
					"bytes":	1966080,
					"bits_per_second":	1.5721e+07,
					"omitted":	false
				}],
			"sum":	{
				"start":	1.00041,
				"end":	2.0009,
				"seconds":	1.00049,
				"bytes":	1966080,
				"bits_per_second":	1.5721e+07,
				"omitted":	false
			}
		}, {
			"streams":	[{
					"socket":	5,
					"start":	2.0009,
					"end":	3.00022,
					"seconds":	0.999324,
					"bytes":	1835008,
					"bits_per_second":	1.469e+07,
					"omitted":	false
				}],
			"sum":	{
				"start":	2.0009,
				"end":	3.00022,
				"seconds":	0.999324,
				"bytes":	1835008,
				"bits_per_second":	1.469e+07,
				"omitted":	false
			}
		}, {
			"streams":	[{
					"socket":	5,
					"start":	3.00022,
					"end":	4.00027,
					"seconds":	1.00005,
					"bytes":	1835008,
					"bits_per_second":	1.46793e+07,
					"omitted":	false
				}],
			"sum":	{
				"start":	3.00022,
				"end":	4.00027,
				"seconds":	1.00005,
				"bytes":	1835008,
				"bits_per_second":	1.46793e+07,
				"omitted":	false
			}
		}, {
			"streams":	[{
					"socket":	5,
					"start":	4.00027,
					"end":	5.0008,
					"seconds":	1.00053,
					"bytes":	1966080,
					"bits_per_second":	1.57204e+07,
					"omitted":	false
				}],
			"sum":	{
				"start":	4.00027,
				"end":	5.0008,
				"seconds":	1.00053,
				"bytes":	1966080,
				"bits_per_second":	1.57204e+07,
				"omitted":	false
			}
		}, {
			"streams":	[{
					"socket":	5,
					"start":	5.0008,
					"end":	5.00322,
					"seconds":	0.00241899,
					"bytes":	0,
					"bits_per_second":	0,
					"omitted":	false
				}],
			"sum":	{
				"start":	5.0008,
				"end":	5.00322,
				"seconds":	0.00241899,
				"bytes":	0,
				"bits_per_second":	0,
				"omitted":	false
			}
		}],
	"end":	{
		"streams":	[{
				"sender":	{
					"socket":	5,
					"start":	0,
					"end":	5.00322,
					"seconds":	5.00322,
					"bytes":	9293024,
					"bits_per_second":	1.48593e+07,
					"retransmits":	0
				},
				"receiver":	{
					"socket":	5,
					"start":	0,
					"end":	5.00322,
					"seconds":	5.00322,
					"bytes":	9293024,
					"bits_per_second":	1.48593e+07
				}
			}],
		"sum_sent":	{
			"start":	0,
			"end":	5.00322,
			"seconds":	5.00322,
			"bytes":	9293024,
			"bits_per_second":	1.48593e+07,
			"retransmits":	0
		},
		"sum_received":	{
			"start":	0,
			"end":	5.00322,
			"seconds":	5.00322,
			"bytes":	9293024,
			"bits_per_second":	1.48593e+07
		},
		"cpu_utilization_percent":	{
			"host_total":	1.3602,
			"host_user":	1.36012,
			"host_system":	0,
			"remote_total":	0.546453,
			"remote_user":	0.193465,
			"remote_system":	0.352948
		}
	}
}
{
	"start":	{
		"connected":	[],
		"version":	"iperf 3.0.7",
		"system_info":	"Linux H8 5.4.197-0504197-generic #202206060747 SMP Mon Jun 6 09:27:47 UTC 2022 x86_64 x86_64 x86_64 GNU/Linux\n"
	},
	"intervals":	[],
	"end":	{
	},
	"error":	"interrupt - the server has terminated"
}
