{
	"start":	{
		"connected":	[{
				"socket":	5,
				"local_host":	"10.0.0.14",
				"local_port":	2917,
				"remote_host":	"10.0.0.4",
				"remote_port":	50170
			}],
		"version":	"iperf 3.0.7",
		"system_info":	"Linux MECS7 5.4.197-0504197-generic #202206060747 SMP Mon Jun 6 09:27:47 UTC 2022 x86_64 x86_64 x86_64 GNU/Linux\n",
		"timestamp":	{
			"time":	"Mon, 25 Jul 2022 21:49:27 GMT",
			"timesecs":	1658785767
		},
		"accepted_connection":	{
			"host":	"10.0.0.4",
			"port":	40910
		},
		"cookie":	"BS4.1658785766.974665.4226206b1fbb1f",
		"test_start":	{
			"protocol":	"UDP",
			"num_streams":	1,
			"blksize":	8192,
			"omit":	0,
			"duration":	8,
			"bytes":	0,
			"blocks":	0,
			"reverse":	0
		}
	},
	"intervals":	[{
			"streams":	[{
					"socket":	5,
					"start":	0,
					"end":	1.00099,
					"seconds":	1.00099,
					"bytes":	2785280,
					"bits_per_second":	2.22601e+07,
					"jitter_ms":	0.9552,
					"lost_packets":	16,
					"packets":	348,
					"lost_percent":	4.5977,
					"omitted":	false
				}],
			"sum":	{
				"start":	0,
				"end":	1.00099,
				"seconds":	1.00099,
				"bytes":	2785280,
				"bits_per_second":	2.22601e+07,
				"jitter_ms":	0.9552,
				"lost_packets":	16,
				"packets":	348,
				"lost_percent":	4.5977,
				"omitted":	false
			}
		}, {
			"streams":	[{
					"socket":	5,
					"start":	1.00099,
					"end":	2.00026,
					"seconds":	0.999271,
					"bytes":	3055616,
					"bits_per_second":	2.44628e+07,
					"jitter_ms":	0.866026,
					"lost_packets":	9,
					"packets":	378,
					"lost_percent":	2.38095,
					"omitted":	false
				}],
			"sum":	{
				"start":	1.00099,
				"end":	2.00026,
				"seconds":	0.999271,
				"bytes":	3055616,
				"bits_per_second":	2.44628e+07,
				"jitter_ms":	0.866026,
				"lost_packets":	9,
				"packets":	378,
				"lost_percent":	2.38095,
				"omitted":	false
			}
		}, {
			"streams":	[{
					"socket":	5,
					"start":	2.00026,
					"end":	3.00015,
					"seconds":	0.999887,
					"bytes":	3186688,
					"bits_per_second":	2.54964e+07,
					"jitter_ms":	2.18679,
					"lost_packets":	2,
					"packets":	389,
					"lost_percent":	0.514139,
					"omitted":	false
				}],
			"sum":	{
				"start":	2.00026,
				"end":	3.00015,
				"seconds":	0.999887,
				"bytes":	3186688,
				"bits_per_second":	2.54964e+07,
				"jitter_ms":	2.18679,
				"lost_packets":	2,
				"packets":	389,
				"lost_percent":	0.514139,
				"omitted":	false
			}
		}, {
			"streams":	[{
					"socket":	5,
					"start":	3.00015,
					"end":	4.00602,
					"seconds":	1.00587,
					"bytes":	3063808,
					"bits_per_second":	2.43674e+07,
					"jitter_ms":	3.6156,
					"lost_packets":	2,
					"packets":	374,
					"lost_percent":	0.534759,
					"omitted":	false
				}],
			"sum":	{
				"start":	3.00015,
				"end":	4.00602,
				"seconds":	1.00587,
				"bytes":	3063808,
				"bits_per_second":	2.43674e+07,
				"jitter_ms":	3.6156,
				"lost_packets":	2,
				"packets":	374,
				"lost_percent":	0.534759,
				"omitted":	false
			}
		}, {
			"streams":	[{
					"socket":	5,
					"start":	4.00602,
					"end":	5.00145,
					"seconds":	0.995431,
					"bytes":	3137536,
					"bits_per_second":	2.52155e+07,
					"jitter_ms":	0.91778,
					"lost_packets":	1,
					"packets":	383,
					"lost_percent":	0.261097,
					"omitted":	false
				}],
			"sum":	{
				"start":	4.00602,
				"end":	5.00145,
				"seconds":	0.995431,
				"bytes":	3137536,
				"bits_per_second":	2.52155e+07,
				"jitter_ms":	0.91778,
				"lost_packets":	1,
				"packets":	383,
				"lost_percent":	0.261097,
				"omitted":	false
			}
		}, {
			"streams":	[{
					"socket":	5,
					"start":	5.00145,
					"end":	6.00194,
					"seconds":	1.00049,
					"bytes":	3121152,
					"bits_per_second":	2.49571e+07,
					"jitter_ms":	1.25048,
					"lost_packets":	0,
					"packets":	381,
					"lost_percent":	0,
					"omitted":	false
				}],
			"sum":	{
				"start":	5.00145,
				"end":	6.00194,
				"seconds":	1.00049,
				"bytes":	3121152,
				"bits_per_second":	2.49571e+07,
				"jitter_ms":	1.25048,
				"lost_packets":	0,
				"packets":	381,
				"lost_percent":	0,
				"omitted":	false
			}
		}, {
			"streams":	[{
					"socket":	5,
					"start":	6.00194,
					"end":	7.00148,
					"seconds":	0.999544,
					"bytes":	3260416,
					"bits_per_second":	2.60952e+07,
					"jitter_ms":	1.77361,
					"lost_packets":	12,
					"packets":	399,
					"lost_percent":	3.00752,
					"omitted":	false
				}],
			"sum":	{
				"start":	6.00194,
				"end":	7.00148,
				"seconds":	0.999544,
				"bytes":	3260416,
				"bits_per_second":	2.60952e+07,
				"jitter_ms":	1.77361,
				"lost_packets":	12,
				"packets":	399,
				"lost_percent":	3.00752,
				"omitted":	false
			}
		}, {
			"streams":	[{
					"socket":	5,
					"start":	7.00148,
					"end":	8.00026,
					"seconds":	0.998776,
					"bytes":	2973696,
					"bits_per_second":	2.38187e+07,
					"jitter_ms":	1.85906,
					"lost_packets":	7,
					"packets":	363,
					"lost_percent":	1.92837,
					"omitted":	false
				}],
			"sum":	{
				"start":	7.00148,
				"end":	8.00026,
				"seconds":	0.998776,
				"bytes":	2973696,
				"bits_per_second":	2.38187e+07,
				"jitter_ms":	1.85906,
				"lost_packets":	7,
				"packets":	363,
				"lost_percent":	1.92837,
				"omitted":	false
			}
		}, {
			"streams":	[{
					"socket":	5,
					"start":	8.00026,
					"end":	8.03159,
					"seconds":	0.0313332,
					"bytes":	0,
					"bits_per_second":	0,
					"jitter_ms":	1.85906,
					"lost_packets":	0,
					"packets":	0,
					"lost_percent":	-nan,
					"omitted":	false
				}],
			"sum":	{
				"start":	8.00026,
				"end":	8.03159,
				"seconds":	0.0313332,
				"bytes":	0,
				"bits_per_second":	0,
				"jitter_ms":	1.85906,
				"lost_packets":	0,
				"packets":	0,
				"lost_percent":	-nan,
				"omitted":	false
			}
		}],
	"end":	{
		"streams":	[{
				"udp":	{
					"socket":	5,
					"start":	0,
					"end":	8.03159,
					"seconds":	8.03159,
					"bytes":	24698880,
					"bits_per_second":	2.46017e+07,
					"jitter_ms":	1.85906,
					"lost_packets":	49,
					"packets":	3015,
					"lost_percent":	1.62521
				}
			}],
		"sum":	{
			"start":	0,
			"end":	8.03159,
			"seconds":	8.03159,
			"bytes":	24698880,
			"bits_per_second":	2.46017e+07,
			"jitter_ms":	1.85906,
			"lost_packets":	49,
			"packets":	3015,
			"lost_percent":	1.62521
		},
		"cpu_utilization_percent":	{
			"host_total":	3.91031,
			"host_user":	0.160803,
			"host_system":	3.74951,
			"remote_total":	6.42185,
			"remote_user":	0.200045,
			"remote_system":	6.22176
		}
	},
	"error":	"OUT OF ORDER - incoming packet = 39 and received packet = 43 AND SP = 5",
	"error":	"OUT OF ORDER - incoming packet = 33 and received packet = 46 AND SP = 5",
	"error":	"OUT OF ORDER - incoming packet = 31 and received packet = 46 AND SP = 5",
	"error":	"OUT OF ORDER - incoming packet = 34 and received packet = 46 AND SP = 5",
	"error":	"OUT OF ORDER - incoming packet = 36 and received packet = 46 AND SP = 5",
	"error":	"OUT OF ORDER - incoming packet = 37 and received packet = 46 AND SP = 5",
	"error":	"OUT OF ORDER - incoming packet = 35 and received packet = 46 AND SP = 5",
	"error":	"OUT OF ORDER - incoming packet = 38 and received packet = 46 AND SP = 5",
	"error":	"OUT OF ORDER - incoming packet = 427 and received packet = 428 AND SP = 5",
	"error":	"OUT OF ORDER - incoming packet = 430 and received packet = 432 AND SP = 5",
	"error":	"OUT OF ORDER - incoming packet = 433 and received packet = 435 AND SP = 5",
	"error":	"OUT OF ORDER - incoming packet = 436 and received packet = 438 AND SP = 5",
	"error":	"OUT OF ORDER - incoming packet = 1076 and received packet = 1078 AND SP = 5",
	"error":	"OUT OF ORDER - incoming packet = 1077 and received packet = 1078 AND SP = 5",
	"error":	"OUT OF ORDER - incoming packet = 1146 and received packet = 1147 AND SP = 5",
	"error":	"OUT OF ORDER - incoming packet = 1148 and received packet = 1149 AND SP = 5",
	"error":	"OUT OF ORDER - incoming packet = 1502 and received packet = 1503 AND SP = 5",
	"error":	"OUT OF ORDER - incoming packet = 2287 and received packet = 2288 AND SP = 5",
	"error":	"OUT OF ORDER - incoming packet = 2373 and received packet = 2374 AND SP = 5",
	"error":	"OUT OF ORDER - incoming packet = 2424 and received packet = 2428 AND SP = 5",
	"error":	"OUT OF ORDER - incoming packet = 2463 and received packet = 2464 AND SP = 5",
	"error":	"OUT OF ORDER - incoming packet = 2465 and received packet = 2466 AND SP = 5",
	"error":	"OUT OF ORDER - incoming packet = 2467 and received packet = 2468 AND SP = 5",
	"error":	"OUT OF ORDER - incoming packet = 2498 and received packet = 2499 AND SP = 5",
	"error":	"OUT OF ORDER - incoming packet = 2529 and received packet = 2531 AND SP = 5",
	"error":	"OUT OF ORDER - incoming packet = 2540 and received packet = 2541 AND SP = 5",
	"error":	"OUT OF ORDER - incoming packet = 2542 and received packet = 2543 AND SP = 5",
	"error":	"OUT OF ORDER - incoming packet = 2544 and received packet = 2545 AND SP = 5",
	"error":	"OUT OF ORDER - incoming packet = 2750 and received packet = 2751 AND SP = 5",
	"error":	"OUT OF ORDER - incoming packet = 2752 and received packet = 2753 AND SP = 5",
	"error":	"OUT OF ORDER - incoming packet = 2755 and received packet = 2756 AND SP = 5",
	"error":	"OUT OF ORDER - incoming packet = 2758 and received packet = 2760 AND SP = 5",
	"error":	"OUT OF ORDER - incoming packet = 2759 and received packet = 2760 AND SP = 5",
	"error":	"OUT OF ORDER - incoming packet = 2774 and received packet = 2776 AND SP = 5",
	"error":	"OUT OF ORDER - incoming packet = 2780 and received packet = 2781 AND SP = 5"
}
