{
	"start":	{
		"connected":	[{
				"socket":	5,
				"local_host":	"10.0.0.21",
				"local_port":	3840,
				"remote_host":	"10.0.0.7",
				"remote_port":	35204
			}],
		"version":	"iperf 3.0.7",
		"system_info":	"Linux CS7 5.4.197-0504197-generic #202206060747 SMP Mon Jun 6 09:27:47 UTC 2022 x86_64 x86_64 x86_64 GNU/Linux\n",
		"timestamp":	{
			"time":	"Mon, 25 Jul 2022 21:42:24 GMT",
			"timesecs":	1658785344
		},
		"accepted_connection":	{
			"host":	"10.0.0.7",
			"port":	35202
		},
		"cookie":	"BS7.1658785344.458724.2552c44f4e2de1",
		"tcp_mss_default":	1448,
		"test_start":	{
			"protocol":	"TCP",
			"num_streams":	1,
			"blksize":	131072,
			"omit":	0,
			"duration":	58,
			"bytes":	0,
			"blocks":	0,
			"reverse":	0
		}
	},
	"intervals":	[{
			"streams":	[{
					"socket":	5,
					"start":	0,
					"end":	1.0003,
					"seconds":	1.0003,
					"bytes":	5735952,
					"bits_per_second":	4.58738e+07,
					"omitted":	false
				}],
			"sum":	{
				"start":	0,
				"end":	1.0003,
				"seconds":	1.0003,
				"bytes":	5735952,
				"bits_per_second":	4.58738e+07,
				"omitted":	false
			}
		}, {
			"streams":	[{
					"socket":	5,
					"start":	1.0003,
					"end":	2.00041,
					"seconds":	1.0001,
					"bytes":	6160384,
					"bits_per_second":	4.92779e+07,
					"omitted":	false
				}],
			"sum":	{
				"start":	1.0003,
				"end":	2.00041,
				"seconds":	1.0001,
				"bytes":	6160384,
				"bits_per_second":	4.92779e+07,
				"omitted":	false
			}
		}, {
			"streams":	[{
					"socket":	5,
					"start":	2.00041,
					"end":	3.0002,
					"seconds":	0.999789,
					"bytes":	6291456,
					"bits_per_second":	5.03423e+07,
					"omitted":	false
				}],
			"sum":	{
				"start":	2.00041,
				"end":	3.0002,
				"seconds":	0.999789,
				"bytes":	6291456,
				"bits_per_second":	5.03423e+07,
				"omitted":	false
			}
		}, {
			"streams":	[{
					"socket":	5,
					"start":	3.0002,
					"end":	4.00041,
					"seconds":	1.00022,
					"bytes":	6291456,
					"bits_per_second":	5.03207e+07,
					"omitted":	false
				}],
			"sum":	{
				"start":	3.0002,
				"end":	4.00041,
				"seconds":	1.00022,
				"bytes":	6291456,
				"bits_per_second":	5.03207e+07,
				"omitted":	false
			}
		}, {
			"streams":	[{
					"socket":	5,
					"start":	4.00041,
					"end":	5.00365,
					"seconds":	1.00324,
					"bytes":	6160384,
					"bits_per_second":	4.91238e+07,
					"omitted":	false
				}],
			"sum":	{
				"start":	4.00041,
				"end":	5.00365,
				"seconds":	1.00324,
				"bytes":	6160384,
				"bits_per_second":	4.91238e+07,
				"omitted":	false
			}
		}, {
			"streams":	[{
					"socket":	5,
					"start":	5.00365,
					"end":	6.00049,
					"seconds":	0.996833,
					"bytes":	6291456,
					"bits_per_second":	5.04916e+07,
					"omitted":	false
				}],
			"sum":	{
				"start":	5.00365,
				"end":	6.00049,
				"seconds":	0.996833,
				"bytes":	6291456,
				"bits_per_second":	5.04916e+07,
				"omitted":	false
			}
		}, {
			"streams":	[{
					"socket":	5,
					"start":	6.00049,
					"end":	7.0005,
					"seconds":	1.00001,
					"bytes":	6291456,
					"bits_per_second":	5.03312e+07,
					"omitted":	false
				}],
			"sum":	{
				"start":	6.00049,
				"end":	7.0005,
				"seconds":	1.00001,
				"bytes":	6291456,
				"bits_per_second":	5.03312e+07,
				"omitted":	false
			}
		}, {
			"streams":	[{
					"socket":	5,
					"start":	7.0005,
					"end":	8.00023,
					"seconds":	0.999729,
					"bytes":	6160384,
					"bits_per_second":	4.92964e+07,
					"omitted":	false
				}],
			"sum":	{
				"start":	7.0005,
				"end":	8.00023,
				"seconds":	0.999729,
				"bytes":	6160384,
				"bits_per_second":	4.92964e+07,
				"omitted":	false
			}
		}, {
			"streams":	[{
					"socket":	5,
					"start":	8.00023,
					"end":	9.00045,
					"seconds":	1.00023,
					"bytes":	6291456,
					"bits_per_second":	5.03202e+07,
					"omitted":	false
				}],
			"sum":	{
				"start":	8.00023,
				"end":	9.00045,
				"seconds":	1.00023,
				"bytes":	6291456,
				"bits_per_second":	5.03202e+07,
				"omitted":	false
			}
		}, {
			"streams":	[{
					"socket":	5,
					"start":	9.00045,
					"end":	10.0004,
					"seconds":	0.999951,
					"bytes":	6291456,
					"bits_per_second":	5.03341e+07,
					"omitted":	false
				}],
			"sum":	{
				"start":	9.00045,
				"end":	10.0004,
				"seconds":	0.999951,
				"bytes":	6291456,
				"bits_per_second":	5.03341e+07,
				"omitted":	false
			}
		}, {
			"streams":	[{
					"socket":	5,
					"start":	10.0004,
					"end":	11.0003,
					"seconds":	0.999873,
					"bytes":	6291456,
					"bits_per_second":	5.0338e+07,
					"omitted":	false
				}],
			"sum":	{
				"start":	10.0004,
				"end":	11.0003,
				"seconds":	0.999873,
				"bytes":	6291456,
				"bits_per_second":	5.0338e+07,
				"omitted":	false
			}
		}, {
			"streams":	[{
					"socket":	5,
					"start":	11.0003,
					"end":	12.001,
					"seconds":	1.0007,
					"bytes":	6291456,
					"bits_per_second":	5.02965e+07,
					"omitted":	false
				}],
			"sum":	{
				"start":	11.0003,
				"end":	12.001,
				"seconds":	1.0007,
				"bytes":	6291456,
				"bits_per_second":	5.02965e+07,
				"omitted":	false
			}
		}, {
			"streams":	[{
					"socket":	5,
					"start":	12.001,
					"end":	13.0004,
					"seconds":	0.999462,
					"bytes":	6160384,
					"bits_per_second":	4.93096e+07,
					"omitted":	false
				}],
			"sum":	{
				"start":	12.001,
				"end":	13.0004,
				"seconds":	0.999462,
				"bytes":	6160384,
				"bits_per_second":	4.93096e+07,
				"omitted":	false
			}
		}, {
			"streams":	[{
					"socket":	5,
					"start":	13.0004,
					"end":	14.0003,
					"seconds":	0.999817,
					"bytes":	6291456,
					"bits_per_second":	5.03409e+07,
					"omitted":	false
				}],
			"sum":	{
				"start":	13.0004,
				"end":	14.0003,
				"seconds":	0.999817,
				"bytes":	6291456,
				"bits_per_second":	5.03409e+07,
				"omitted":	false
			}
		}, {
			"streams":	[{
					"socket":	5,
					"start":	14.0003,
					"end":	15.0003,
					"seconds":	1.00003,
					"bytes":	6160384,
					"bits_per_second":	4.92818e+07,
					"omitted":	false
				}],
			"sum":	{
				"start":	14.0003,
				"end":	15.0003,
				"seconds":	1.00003,
				"bytes":	6160384,
				"bits_per_second":	4.92818e+07,
				"omitted":	false
			}
		}, {
			"streams":	[{
					"socket":	5,
					"start":	15.0003,
					"end":	16.0004,
					"seconds":	1.00016,
					"bytes":	6291456,
					"bits_per_second":	5.03235e+07,
					"omitted":	false
				}],
			"sum":	{
				"start":	15.0003,
				"end":	16.0004,
				"seconds":	1.00016,
				"bytes":	6291456,
				"bits_per_second":	5.03235e+07,
				"omitted":	false
			}
		}, {
			"streams":	[{
					"socket":	5,
					"start":	16.0004,
					"end":	17.0002,
					"seconds":	0.999793,
					"bytes":	6291456,
					"bits_per_second":	5.03421e+07,
					"omitted":	false
				}],
			"sum":	{
				"start":	16.0004,
				"end":	17.0002,
				"seconds":	0.999793,
				"bytes":	6291456,
				"bits_per_second":	5.03421e+07,
				"omitted":	false
			}
		}, {
			"streams":	[{
					"socket":	5,
					"start":	17.0002,
					"end":	18.0002,
					"seconds":	0.999944,
					"bytes":	6160384,
					"bits_per_second":	4.92858e+07,
					"omitted":	false
				}],
			"sum":	{
				"start":	17.0002,
				"end":	18.0002,
				"seconds":	0.999944,
				"bytes":	6160384,
				"bits_per_second":	4.92858e+07,
				"omitted":	false
			}
		}, {
			"streams":	[{
					"socket":	5,
					"start":	18.0002,
					"end":	19.0006,
					"seconds":	1.00043,
					"bytes":	6291456,
					"bits_per_second":	5.03098e+07,
					"omitted":	false
				}],
			"sum":	{
				"start":	18.0002,
				"end":	19.0006,
				"seconds":	1.00043,
				"bytes":	6291456,
				"bits_per_second":	5.03098e+07,
				"omitted":	false
			}
		}, {
			"streams":	[{
					"socket":	5,
					"start":	19.0006,
					"end":	20.0004,
					"seconds":	0.999742,
					"bytes":	6291456,
					"bits_per_second":	5.03446e+07,
					"omitted":	false
				}],
			"sum":	{
				"start":	19.0006,
				"end":	20.0004,
				"seconds":	0.999742,
				"bytes":	6291456,
				"bits_per_second":	5.03446e+07,
				"omitted":	false
			}
		}, {
			"streams":	[{
					"socket":	5,
					"start":	20.0004,
					"end":	21.0005,
					"seconds":	1.00018,
					"bytes":	6160384,
					"bits_per_second":	4.92742e+07,
					"omitted":	false
				}],
			"sum":	{
				"start":	20.0004,
				"end":	21.0005,
				"seconds":	1.00018,
				"bytes":	6160384,
				"bits_per_second":	4.92742e+07,
				"omitted":	false
			}
		}, {
			"streams":	[{
					"socket":	5,
					"start":	21.0005,
					"end":	22.0002,
					"seconds":	0.999627,
					"bytes":	6291456,
					"bits_per_second":	5.03504e+07,
					"omitted":	false
				}],
			"sum":	{
				"start":	21.0005,
				"end":	22.0002,
				"seconds":	0.999627,
				"bytes":	6291456,
				"bits_per_second":	5.03504e+07,
				"omitted":	false
			}
		}, {
			"streams":	[{
					"socket":	5,
					"start":	22.0002,
					"end":	23.0002,
					"seconds":	1.00006,
					"bytes":	6291456,
					"bits_per_second":	5.03286e+07,
					"omitted":	false
				}],
			"sum":	{
				"start":	22.0002,
				"end":	23.0002,
				"seconds":	1.00006,
				"bytes":	6291456,
				"bits_per_second":	5.03286e+07,
				"omitted":	false
			}
		}, {
			"streams":	[{
					"socket":	5,
					"start":	23.0002,
					"end":	24.0005,
					"seconds":	1.0003,
					"bytes":	6160384,
					"bits_per_second":	4.9268e+07,
					"omitted":	false
				}],
			"sum":	{
				"start":	23.0002,
				"end":	24.0005,
				"seconds":	1.0003,
				"bytes":	6160384,
				"bits_per_second":	4.9268e+07,
				"omitted":	false
			}
		}, {
			"streams":	[{
					"socket":	5,
					"start":	24.0005,
					"end":	25.0006,
					"seconds":	1.00005,
					"bytes":	6291456,
					"bits_per_second":	5.0329e+07,
					"omitted":	false
				}],
			"sum":	{
				"start":	24.0005,
				"end":	25.0006,
				"seconds":	1.00005,
				"bytes":	6291456,
				"bits_per_second":	5.0329e+07,
				"omitted":	false
			}
		}, {
			"streams":	[{
					"socket":	5,
					"start":	25.0006,
					"end":	26.0003,
					"seconds":	0.999672,
					"bytes":	6291456,
					"bits_per_second":	5.03482e+07,
					"omitted":	false
				}],
			"sum":	{
				"start":	25.0006,
				"end":	26.0003,
				"seconds":	0.999672,
				"bytes":	6291456,
				"bits_per_second":	5.03482e+07,
				"omitted":	false
			}
		}, {
			"streams":	[{
					"socket":	5,
					"start":	26.0003,
					"end":	27.0004,
					"seconds":	1.00019,
					"bytes":	6160384,
					"bits_per_second":	4.92736e+07,
					"omitted":	false
				}],
			"sum":	{
				"start":	26.0003,
				"end":	27.0004,
				"seconds":	1.00019,
				"bytes":	6160384,
				"bits_per_second":	4.92736e+07,
				"omitted":	false
			}
		}, {
			"streams":	[{
					"socket":	5,
					"start":	27.0004,
					"end":	28.0006,
					"seconds":	1.00017,
					"bytes":	6291456,
					"bits_per_second":	5.0323e+07,
					"omitted":	false
				}],
			"sum":	{
				"start":	27.0004,
				"end":	28.0006,
				"seconds":	1.00017,
				"bytes":	6291456,
				"bits_per_second":	5.0323e+07,
				"omitted":	false
			}
		}, {
			"streams":	[{
					"socket":	5,
					"start":	28.0006,
					"end":	29.0003,
					"seconds":	0.999709,
					"bytes":	6291456,
					"bits_per_second":	5.03463e+07,
					"omitted":	false
				}],
			"sum":	{
				"start":	28.0006,
				"end":	29.0003,
				"seconds":	0.999709,
				"bytes":	6291456,
				"bits_per_second":	5.03463e+07,
				"omitted":	false
			}
		}, {
			"streams":	[{
					"socket":	5,
					"start":	29.0003,
					"end":	30.0004,
					"seconds":	1.00007,
					"bytes":	6291456,
					"bits_per_second":	5.03283e+07,
					"omitted":	false
				}],
			"sum":	{
				"start":	29.0003,
				"end":	30.0004,
				"seconds":	1.00007,
				"bytes":	6291456,
				"bits_per_second":	5.03283e+07,
				"omitted":	false
			}
		}, {
			"streams":	[{
					"socket":	5,
					"start":	30.0004,
					"end":	31.0003,
					"seconds":	0.999881,
					"bytes":	6160384,
					"bits_per_second":	4.92889e+07,
					"omitted":	false
				}],
			"sum":	{
				"start":	30.0004,
				"end":	31.0003,
				"seconds":	0.999881,
				"bytes":	6160384,
				"bits_per_second":	4.92889e+07,
				"omitted":	false
			}
		}, {
			"streams":	[{
					"socket":	5,
					"start":	31.0003,
					"end":	32.0002,
					"seconds":	0.999922,
					"bytes":	6291456,
					"bits_per_second":	5.03356e+07,
					"omitted":	false
				}],
			"sum":	{
				"start":	31.0003,
				"end":	32.0002,
				"seconds":	0.999922,
				"bytes":	6291456,
				"bits_per_second":	5.03356e+07,
				"omitted":	false
			}
		}, {
			"streams":	[{
					"socket":	5,
					"start":	32.0002,
					"end":	33.0006,
					"seconds":	1.00043,
					"bytes":	6291456,
					"bits_per_second":	5.03099e+07,
					"omitted":	false
				}],
			"sum":	{
				"start":	32.0002,
				"end":	33.0006,
				"seconds":	1.00043,
				"bytes":	6291456,
				"bits_per_second":	5.03099e+07,
				"omitted":	false
			}
		}, {
			"streams":	[{
					"socket":	5,
					"start":	33.0006,
					"end":	34.0003,
					"seconds":	0.999676,
					"bytes":	6160384,
					"bits_per_second":	4.9299e+07,
					"omitted":	false
				}],
			"sum":	{
				"start":	33.0006,
				"end":	34.0003,
				"seconds":	0.999676,
				"bytes":	6160384,
				"bits_per_second":	4.9299e+07,
				"omitted":	false
			}
		}, {
			"streams":	[{
					"socket":	5,
					"start":	34.0003,
					"end":	35.0003,
					"seconds":	1.00002,
					"bytes":	6291456,
					"bits_per_second":	5.03307e+07,
					"omitted":	false
				}],
			"sum":	{
				"start":	34.0003,
				"end":	35.0003,
				"seconds":	1.00002,
				"bytes":	6291456,
				"bits_per_second":	5.03307e+07,
				"omitted":	false
			}
		}, {
			"streams":	[{
					"socket":	5,
					"start":	35.0003,
					"end":	36.0003,
					"seconds":	1.00002,
					"bytes":	6291456,
					"bits_per_second":	5.03304e+07,
					"omitted":	false
				}],
			"sum":	{
				"start":	35.0003,
				"end":	36.0003,
				"seconds":	1.00002,
				"bytes":	6291456,
				"bits_per_second":	5.03304e+07,
				"omitted":	false
			}
		}, {
			"streams":	[{
					"socket":	5,
					"start":	36.0003,
					"end":	37.0004,
					"seconds":	1.00004,
					"bytes":	6160384,
					"bits_per_second":	4.92811e+07,
					"omitted":	false
				}],
			"sum":	{
				"start":	36.0003,
				"end":	37.0004,
				"seconds":	1.00004,
				"bytes":	6160384,
				"bits_per_second":	4.92811e+07,
				"omitted":	false
			}
		}, {
			"streams":	[{
					"socket":	5,
					"start":	37.0004,
					"end":	38.0008,
					"seconds":	1.00038,
					"bytes":	6291456,
					"bits_per_second":	5.03128e+07,
					"omitted":	false
				}],
			"sum":	{
				"start":	37.0004,
				"end":	38.0008,
				"seconds":	1.00038,
				"bytes":	6291456,
				"bits_per_second":	5.03128e+07,
				"omitted":	false
			}
		}, {
			"streams":	[{
					"socket":	5,
					"start":	38.0008,
					"end":	39.0001,
					"seconds":	0.999364,
					"bytes":	6291456,
					"bits_per_second":	5.03637e+07,
					"omitted":	false
				}],
			"sum":	{
				"start":	38.0008,
				"end":	39.0001,
				"seconds":	0.999364,
				"bytes":	6291456,
				"bits_per_second":	5.03637e+07,
				"omitted":	false
			}
		}, {
			"streams":	[{
					"socket":	5,
					"start":	39.0001,
					"end":	40.0002,
					"seconds":	1.00012,
					"bytes":	6160384,
					"bits_per_second":	4.92771e+07,
					"omitted":	false
				}],
			"sum":	{
				"start":	39.0001,
				"end":	40.0002,
				"seconds":	1.00012,
				"bytes":	6160384,
				"bits_per_second":	4.92771e+07,
				"omitted":	false
			}
		}, {
			"streams":	[{
					"socket":	5,
					"start":	40.0002,
					"end":	41.0002,
					"seconds":	0.999932,
					"bytes":	6291456,
					"bits_per_second":	5.03351e+07,
					"omitted":	false
				}],
			"sum":	{
				"start":	40.0002,
				"end":	41.0002,
				"seconds":	0.999932,
				"bytes":	6291456,
				"bits_per_second":	5.03351e+07,
				"omitted":	false
			}
		}, {
			"streams":	[{
					"socket":	5,
					"start":	41.0002,
					"end":	42.0001,
					"seconds":	0.999941,
					"bytes":	6291456,
					"bits_per_second":	5.03346e+07,
					"omitted":	false
				}],
			"sum":	{
				"start":	41.0002,
				"end":	42.0001,
				"seconds":	0.999941,
				"bytes":	6291456,
				"bits_per_second":	5.03346e+07,
				"omitted":	false
			}
		}, {
			"streams":	[{
					"socket":	5,
					"start":	42.0001,
					"end":	43.0004,
					"seconds":	1.00031,
					"bytes":	6160384,
					"bits_per_second":	4.92676e+07,
					"omitted":	false
				}],
			"sum":	{
				"start":	42.0001,
				"end":	43.0004,
				"seconds":	1.00031,
				"bytes":	6160384,
				"bits_per_second":	4.92676e+07,
				"omitted":	false
			}
		}, {
			"streams":	[{
					"socket":	5,
					"start":	43.0004,
					"end":	44.0007,
					"seconds":	1.00024,
					"bytes":	6291456,
					"bits_per_second":	5.03194e+07,
					"omitted":	false
				}],
			"sum":	{
				"start":	43.0004,
				"end":	44.0007,
				"seconds":	1.00024,
				"bytes":	6291456,
				"bits_per_second":	5.03194e+07,
				"omitted":	false
			}
		}, {
			"streams":	[{
					"socket":	5,
					"start":	44.0007,
					"end":	45.0007,
					"seconds":	1.00001,
					"bytes":	6291456,
					"bits_per_second":	5.03313e+07,
					"omitted":	false
				}],
			"sum":	{
				"start":	44.0007,
				"end":	45.0007,
				"seconds":	1.00001,
				"bytes":	6291456,
				"bits_per_second":	5.03313e+07,
				"omitted":	false
			}
		}, {
			"streams":	[{
					"socket":	5,
					"start":	45.0007,
					"end":	46.0004,
					"seconds":	0.999762,
					"bytes":	6160384,
					"bits_per_second":	4.92948e+07,
					"omitted":	false
				}],
			"sum":	{
				"start":	45.0007,
				"end":	46.0004,
				"seconds":	0.999762,
				"bytes":	6160384,
				"bits_per_second":	4.92948e+07,
				"omitted":	false
			}
		}, {
			"streams":	[{
					"socket":	5,
					"start":	46.0004,
					"end":	47.0004,
					"seconds":	0.999971,
					"bytes":	1967528,
					"bits_per_second":	1.57407e+07,
					"omitted":	false
				}],
			"sum":	{
				"start":	46.0004,
				"end":	47.0004,
				"seconds":	0.999971,
				"bytes":	1967528,
				"bits_per_second":	1.57407e+07,
				"omitted":	false
			}
		}, {
			"streams":	[{
					"socket":	5,
					"start":	47.0004,
					"end":	48.0017,
					"seconds":	1.00129,
					"bytes":	6331408,
					"bits_per_second":	5.05863e+07,
					"omitted":	false
				}],
			"sum":	{
				"start":	47.0004,
				"end":	48.0017,
				"seconds":	1.00129,
				"bytes":	6331408,
				"bits_per_second":	5.05863e+07,
				"omitted":	false
			}
		}, {
			"streams":	[{
					"socket":	5,
					"start":	48.0017,
					"end":	49.0031,
					"seconds":	1.00144,
					"bytes":	8386816,
					"bits_per_second":	6.69979e+07,
					"omitted":	false
				}],
			"sum":	{
				"start":	48.0017,
				"end":	49.0031,
				"seconds":	1.00144,
				"bytes":	8386816,
				"bits_per_second":	6.69979e+07,
				"omitted":	false
			}
		}, {
			"streams":	[{
					"socket":	5,
					"start":	49.0031,
					"end":	50.0004,
					"seconds":	0.997275,
					"bytes":	8349000,
					"bits_per_second":	6.69745e+07,
					"omitted":	false
				}],
			"sum":	{
				"start":	49.0031,
				"end":	50.0004,
				"seconds":	0.997275,
				"bytes":	8349000,
				"bits_per_second":	6.69745e+07,
				"omitted":	false
			}
		}, {
			"streams":	[{
					"socket":	5,
					"start":	50.0004,
					"end":	51.0004,
					"seconds":	0.999997,
					"bytes":	6291456,
					"bits_per_second":	5.03318e+07,
					"omitted":	false
				}],
			"sum":	{
				"start":	50.0004,
				"end":	51.0004,
				"seconds":	0.999997,
				"bytes":	6291456,
				"bits_per_second":	5.03318e+07,
				"omitted":	false
			}
		}, {
			"streams":	[{
					"socket":	5,
					"start":	51.0004,
					"end":	52.0002,
					"seconds":	0.999764,
					"bytes":	6291456,
					"bits_per_second":	5.03435e+07,
					"omitted":	false
				}],
			"sum":	{
				"start":	51.0004,
				"end":	52.0002,
				"seconds":	0.999764,
				"bytes":	6291456,
				"bits_per_second":	5.03435e+07,
				"omitted":	false
			}
		}, {
			"streams":	[{
					"socket":	5,
					"start":	52.0002,
					"end":	53.0005,
					"seconds":	1.00034,
					"bytes":	6160384,
					"bits_per_second":	4.92661e+07,
					"omitted":	false
				}],
			"sum":	{
				"start":	52.0002,
				"end":	53.0005,
				"seconds":	1.00034,
				"bytes":	6160384,
				"bits_per_second":	4.92661e+07,
				"omitted":	false
			}
		}, {
			"streams":	[{
					"socket":	5,
					"start":	53.0005,
					"end":	54.0003,
					"seconds":	0.999764,
					"bytes":	6291456,
					"bits_per_second":	5.03435e+07,
					"omitted":	false
				}],
			"sum":	{
				"start":	53.0005,
				"end":	54.0003,
				"seconds":	0.999764,
				"bytes":	6291456,
				"bits_per_second":	5.03435e+07,
				"omitted":	false
			}
		}, {
			"streams":	[{
					"socket":	5,
					"start":	54.0003,
					"end":	55.0005,
					"seconds":	1.00022,
					"bytes":	6291456,
					"bits_per_second":	5.03203e+07,
					"omitted":	false
				}],
			"sum":	{
				"start":	54.0003,
				"end":	55.0005,
				"seconds":	1.00022,
				"bytes":	6291456,
				"bits_per_second":	5.03203e+07,
				"omitted":	false
			}
		}, {
			"streams":	[{
					"socket":	5,
					"start":	55.0005,
					"end":	56.0005,
					"seconds":	0.999986,
					"bytes":	6160384,
					"bits_per_second":	4.92838e+07,
					"omitted":	false
				}],
			"sum":	{
				"start":	55.0005,
				"end":	56.0005,
				"seconds":	0.999986,
				"bytes":	6160384,
				"bits_per_second":	4.92838e+07,
				"omitted":	false
			}
		}, {
			"streams":	[{
					"socket":	5,
					"start":	56.0005,
					"end":	57.0004,
					"seconds":	0.999944,
					"bytes":	6291456,
					"bits_per_second":	5.03345e+07,
					"omitted":	false
				}],
			"sum":	{
				"start":	56.0005,
				"end":	57.0004,
				"seconds":	0.999944,
				"bytes":	6291456,
				"bits_per_second":	5.03345e+07,
				"omitted":	false
			}
		}, {
			"streams":	[{
					"socket":	5,
					"start":	57.0004,
					"end":	58.0004,
					"seconds":	0.999928,
					"bytes":	6291456,
					"bits_per_second":	5.03353e+07,
					"omitted":	false
				}],
			"sum":	{
				"start":	57.0004,
				"end":	58.0004,
				"seconds":	0.999928,
				"bytes":	6291456,
				"bits_per_second":	5.03353e+07,
				"omitted":	false
			}
		}, {
			"streams":	[{
					"socket":	5,
					"start":	58.0004,
					"end":	58.0264,
					"seconds":	0.0260329,
					"bytes":	0,
					"bits_per_second":	0,
					"omitted":	false
				}],
			"sum":	{
				"start":	58.0004,
				"end":	58.0264,
				"seconds":	0.0260329,
				"bytes":	0,
				"bits_per_second":	0,
				"omitted":	false
			}
		}],
	"end":	{
		"streams":	[{
				"sender":	{
					"socket":	5,
					"start":	0,
					"end":	58.0264,
					"seconds":	58.0264,
					"bytes":	361989648,
					"bits_per_second":	4.99069e+07,
					"retransmits":	226
				},
				"receiver":	{
					"socket":	5,
					"start":	0,
					"end":	58.0264,
					"seconds":	58.0264,
					"bytes":	361989648,
					"bits_per_second":	4.99069e+07
				}
			}],
		"sum_sent":	{
			"start":	0,
			"end":	58.0264,
			"seconds":	58.0264,
			"bytes":	361989648,
			"bits_per_second":	4.99069e+07,
			"retransmits":	226
		},
		"sum_received":	{
			"start":	0,
			"end":	58.0264,
			"seconds":	58.0264,
			"bytes":	361989648,
			"bits_per_second":	4.99069e+07
		},
		"cpu_utilization_percent":	{
			"host_total":	2.68021,
			"host_user":	0.233066,
			"host_system":	2.44715,
			"remote_total":	1.01575,
			"remote_user":	0.0357142,
			"remote_system":	0.98003
		}
	}
}
