{
	"start":	{
		"connected":	[{
				"socket":	5,
				"local_host":	"10.0.0.9",
				"local_port":	3814,
				"remote_host":	"10.0.0.2",
				"remote_port":	34072
			}],
		"version":	"iperf 3.7",
		"system_info":	"Linux H9 5.4.197-0504197-generic #202206060747 SMP Mon Jun 6 09:27:47 UTC 2022 x86_64",
		"target_bitrate":	15000000,
		"sock_bufsize":	0,
		"sndbuf_actual":	87380,
		"rcvbuf_actual":	87380,
		"timestamp":	{
			"time":	"Mon, 01 Aug 2022 00:23:29 GMT",
			"timesecs":	1659313409
		},
		"accepted_connection":	{
			"host":	"10.0.0.2",
			"port":	34070
		},
		"cookie":	"rtu57hi7pgtdne3lrqtfh27bsteuhejxv2ai",
		"tcp_mss_default":	0,
		"target_bitrate":	15000000,
		"test_start":	{
			"protocol":	"TCP",
			"num_streams":	1,
			"blksize":	131072,
			"omit":	0,
			"duration":	5,
			"bytes":	0,
			"blocks":	0,
			"reverse":	0,
			"tos":	0
		}
	},
	"intervals":	[{
			"streams":	[{
					"socket":	5,
					"start":	0,
					"end":	1.000907,
					"seconds":	1.0009069442749023,
					"bytes":	1966080,
					"bits_per_second":	15714387.925837068,
					"omitted":	false,
					"sender":	false
				}],
			"sum":	{
				"start":	0,
				"end":	1.000907,
				"seconds":	1.0009069442749023,
				"bytes":	1966080,
				"bits_per_second":	15714387.925837068,
				"omitted":	false,
				"sender":	false
			}
		}, {
			"streams":	[{
					"socket":	5,
					"start":	1.000907,
					"end":	2.000567,
					"seconds":	0.99966001510620117,
					"bytes":	1835008,
					"bits_per_second":	14685056.69744171,
					"omitted":	false,
					"sender":	false
				}],
			"sum":	{
				"start":	1.000907,
				"end":	2.000567,
				"seconds":	0.99966001510620117,
				"bytes":	1835008,
				"bits_per_second":	14685056.69744171,
				"omitted":	false,
				"sender":	false
			}
		}, {
			"streams":	[{
					"socket":	5,
					"start":	2.000567,
					"end":	3.000521,
					"seconds":	0.9999539852142334,
					"bytes":	1835008,
					"bits_per_second":	14680739.531084418,
					"omitted":	false,
					"sender":	false
				}],
			"sum":	{
				"start":	2.000567,
				"end":	3.000521,
				"seconds":	0.9999539852142334,
				"bytes":	1835008,
				"bits_per_second":	14680739.531084418,
				"omitted":	false,
				"sender":	false
			}
		}, {
			"streams":	[{
					"socket":	5,
					"start":	3.000521,
					"end":	4.000167,
					"seconds":	0.999646008014679,
					"bytes":	1966080,
					"bits_per_second":	15734209.784158953,
					"omitted":	false,
					"sender":	false
				}],
			"sum":	{
				"start":	3.000521,
				"end":	4.000167,
				"seconds":	0.999646008014679,
				"bytes":	1966080,
				"bits_per_second":	15734209.784158953,
				"omitted":	false,
				"sender":	false
			}
		}, {
			"streams":	[{
					"socket":	5,
					"start":	4.000167,
					"end":	5.000376,
					"seconds":	1.0002089738845825,
					"bytes":	1835008,
					"bits_per_second":	14676996.890945693,
					"omitted":	false,
					"sender":	false
				}],
			"sum":	{
				"start":	4.000167,
				"end":	5.000376,
				"seconds":	1.0002089738845825,
				"bytes":	1835008,
				"bits_per_second":	14676996.890945693,
				"omitted":	false,
				"sender":	false
			}
		}],
	"end":	{
		"streams":	[{
				"sender":	{
					"socket":	5,
					"start":	0,
					"end":	5.000613,
					"seconds":	5.000613,
					"bytes":	0,
					"bits_per_second":	0,
					"sender":	false
				},
				"receiver":	{
					"socket":	5,
					"start":	0,
					"end":	5.000613,
					"seconds":	5.000613,
					"bytes":	9437184,
					"bits_per_second":	15097643.428915614,
					"sender":	false
				}
			}],
		"sum_sent":	{
			"start":	0,
			"end":	5.000613,
			"seconds":	5.000613,
			"bytes":	0,
			"bits_per_second":	0,
			"sender":	false
		},
		"sum_received":	{
			"start":	0,
			"end":	5.000613,
			"seconds":	5.000613,
			"bytes":	9437184,
			"bits_per_second":	15097643.428915614,
			"sender":	false
		},
		"cpu_utilization_percent":	{
			"host_total":	2.5640887503337173,
			"host_user":	2.5641087035553847,
			"host_system":	0,
			"remote_total":	0,
			"remote_user":	0,
			"remote_system":	0
		},
		"receiver_tcp_congestion":	"cubic"
	}
}
