{
	"start":	{
		"connected":	[{
				"socket":	5,
				"local_host":	"10.0.0.8",
				"local_port":	2142,
				"remote_host":	"10.0.0.5",
				"remote_port":	35010
			}],
		"version":	"iperf 3.7",
		"system_info":	"Linux H8 5.4.197-0504197-generic #202206060747 SMP Mon Jun 6 09:27:47 UTC 2022 x86_64",
		"target_bitrate":	15000000,
		"sock_bufsize":	0,
		"sndbuf_actual":	87380,
		"rcvbuf_actual":	87380,
		"timestamp":	{
			"time":	"Mon, 01 Aug 2022 00:26:39 GMT",
			"timesecs":	1659313599
		},
		"accepted_connection":	{
			"host":	"10.0.0.5",
			"port":	35008
		},
		"cookie":	"zfsngtflovjc47xydx7hfuxquewc3kxnvjlm",
		"tcp_mss_default":	0,
		"target_bitrate":	15000000,
		"test_start":	{
			"protocol":	"TCP",
			"num_streams":	1,
			"blksize":	131072,
			"omit":	0,
			"duration":	5,
			"bytes":	0,
			"blocks":	0,
			"reverse":	0,
			"tos":	0
		}
	},
	"intervals":	[{
			"streams":	[{
					"socket":	5,
					"start":	0,
					"end":	1.000648,
					"seconds":	1.000648021697998,
					"bytes":	1966080,
					"bits_per_second":	15718454.100683771,
					"omitted":	false,
					"sender":	false
				}],
			"sum":	{
				"start":	0,
				"end":	1.000648,
				"seconds":	1.000648021697998,
				"bytes":	1966080,
				"bits_per_second":	15718454.100683771,
				"omitted":	false,
				"sender":	false
			}
		}, {
			"streams":	[{
					"socket":	5,
					"start":	1.000648,
					"end":	2.001018,
					"seconds":	1.0003700256347656,
					"bytes":	1835008,
					"bits_per_second":	14674634.009235779,
					"omitted":	false,
					"sender":	false
				}],
			"sum":	{
				"start":	1.000648,
				"end":	2.001018,
				"seconds":	1.0003700256347656,
				"bytes":	1835008,
				"bits_per_second":	14674634.009235779,
				"omitted":	false,
				"sender":	false
			}
		}, {
			"streams":	[{
					"socket":	5,
					"start":	2.001018,
					"end":	3.000585,
					"seconds":	0.99956697225570679,
					"bytes":	1835008,
					"bits_per_second":	14686423.628895756,
					"omitted":	false,
					"sender":	false
				}],
			"sum":	{
				"start":	2.001018,
				"end":	3.000585,
				"seconds":	0.99956697225570679,
				"bytes":	1835008,
				"bits_per_second":	14686423.628895756,
				"omitted":	false,
				"sender":	false
			}
		}, {
			"streams":	[{
					"socket":	5,
					"start":	3.000585,
					"end":	4.001146,
					"seconds":	1.000560998916626,
					"bytes":	1966080,
					"bits_per_second":	15719821.197338739,
					"omitted":	false,
					"sender":	false
				}],
			"sum":	{
				"start":	3.000585,
				"end":	4.001146,
				"seconds":	1.000560998916626,
				"bytes":	1966080,
				"bits_per_second":	15719821.197338739,
				"omitted":	false,
				"sender":	false
			}
		}, {
			"streams":	[{
					"socket":	5,
					"start":	4.001146,
					"end":	5.000841,
					"seconds":	0.99969500303268433,
					"bytes":	1835008,
					"bits_per_second":	14684542.741002424,
					"omitted":	false,
					"sender":	false
				}],
			"sum":	{
				"start":	4.001146,
				"end":	5.000841,
				"seconds":	0.99969500303268433,
				"bytes":	1835008,
				"bits_per_second":	14684542.741002424,
				"omitted":	false,
				"sender":	false
			}
		}],
	"end":	{
		"streams":	[{
				"sender":	{
					"socket":	5,
					"start":	0,
					"end":	5.001206,
					"seconds":	5.001206,
					"bytes":	0,
					"bits_per_second":	0,
					"sender":	false
				},
				"receiver":	{
					"socket":	5,
					"start":	0,
					"end":	5.001206,
					"seconds":	5.001206,
					"bytes":	9437184,
					"bits_per_second":	15095853.280188819,
					"sender":	false
				}
			}],
		"sum_sent":	{
			"start":	0,
			"end":	5.001206,
			"seconds":	5.001206,
			"bytes":	0,
			"bits_per_second":	0,
			"sender":	false
		},
		"sum_received":	{
			"start":	0,
			"end":	5.001206,
			"seconds":	5.001206,
			"bytes":	9437184,
			"bits_per_second":	15095853.280188819,
			"sender":	false
		},
		"cpu_utilization_percent":	{
			"host_total":	2.2326171726887756,
			"host_user":	0,
			"host_system":	2.2326570850412493,
			"remote_total":	0,
			"remote_user":	0,
			"remote_system":	0
		},
		"receiver_tcp_congestion":	"cubic"
	}
}
