{
	"start":	{
		"connected":	[{
				"socket":	5,
				"local_host":	"10.0.0.11",
				"local_port":	3228,
				"remote_host":	"10.0.0.1",
				"remote_port":	40676
			}],
		"version":	"iperf 3.0.7",
		"system_info":	"Linux H11 5.4.197-0504197-generic #202206060747 SMP Mon Jun 6 09:27:47 UTC 2022 x86_64 x86_64 x86_64 GNU/Linux\n",
		"timestamp":	{
			"time":	"Fri, 22 Jul 2022 16:28:10 GMT",
			"timesecs":	1658507290
		},
		"accepted_connection":	{
			"host":	"10.0.0.1",
			"port":	40674
		},
		"cookie":	"H1.1658507290.333224.22f3b31c62da0f2",
		"tcp_mss_default":	1448,
		"test_start":	{
			"protocol":	"TCP",
			"num_streams":	1,
			"blksize":	131072,
			"omit":	0,
			"duration":	5,
			"bytes":	0,
			"blocks":	0,
			"reverse":	0
		}
	},
	"intervals":	[{
			"streams":	[{
					"socket":	5,
					"start":	0,
					"end":	1.00066,
					"seconds":	1.00066,
					"bytes":	1690848,
					"bits_per_second":	1.35179e+07,
					"omitted":	false
				}],
			"sum":	{
				"start":	0,
				"end":	1.00066,
				"seconds":	1.00066,
				"bytes":	1690848,
				"bits_per_second":	1.35179e+07,
				"omitted":	false
			}
		}, {
			"streams":	[{
					"socket":	5,
					"start":	1.00066,
					"end":	2.00057,
					"seconds":	0.999909,
					"bytes":	1966080,
					"bits_per_second":	1.57301e+07,
					"omitted":	false
				}],
			"sum":	{
				"start":	1.00066,
				"end":	2.00057,
				"seconds":	0.999909,
				"bytes":	1966080,
				"bits_per_second":	1.57301e+07,
				"omitted":	false
			}
		}, {
			"streams":	[{
					"socket":	5,
					"start":	2.00057,
					"end":	3.00067,
					"seconds":	1.0001,
					"bytes":	1835008,
					"bits_per_second":	1.46786e+07,
					"omitted":	false
				}],
			"sum":	{
				"start":	2.00057,
				"end":	3.00067,
				"seconds":	1.0001,
				"bytes":	1835008,
				"bits_per_second":	1.46786e+07,
				"omitted":	false
			}
		}, {
			"streams":	[{
					"socket":	5,
					"start":	3.00067,
					"end":	4.00024,
					"seconds":	0.999574,
					"bytes":	1835008,
					"bits_per_second":	1.46863e+07,
					"omitted":	false
				}],
			"sum":	{
				"start":	3.00067,
				"end":	4.00024,
				"seconds":	0.999574,
				"bytes":	1835008,
				"bits_per_second":	1.46863e+07,
				"omitted":	false
			}
		}, {
			"streams":	[{
					"socket":	5,
					"start":	4.00024,
					"end":	5.00093,
					"seconds":	1.00069,
					"bytes":	1966080,
					"bits_per_second":	1.57178e+07,
					"omitted":	false
				}],
			"sum":	{
				"start":	4.00024,
				"end":	5.00093,
				"seconds":	1.00069,
				"bytes":	1966080,
				"bits_per_second":	1.57178e+07,
				"omitted":	false
			}
		}, {
			"streams":	[{
					"socket":	5,
					"start":	5.00093,
					"end":	5.00114,
					"seconds":	0.000205994,
					"bytes":	0,
					"bits_per_second":	0,
					"omitted":	false
				}],
			"sum":	{
				"start":	5.00093,
				"end":	5.00114,
				"seconds":	0.000205994,
				"bytes":	0,
				"bits_per_second":	0,
				"omitted":	false
			}
		}],
	"end":	{
		"streams":	[{
				"sender":	{
					"socket":	5,
					"start":	0,
					"end":	5.00114,
					"seconds":	5.00114,
					"bytes":	9293024,
					"bits_per_second":	1.48655e+07,
					"retransmits":	0
				},
				"receiver":	{
					"socket":	5,
					"start":	0,
					"end":	5.00114,
					"seconds":	5.00114,
					"bytes":	9293024,
					"bits_per_second":	1.48655e+07
				}
			}],
		"sum_sent":	{
			"start":	0,
			"end":	5.00114,
			"seconds":	5.00114,
			"bytes":	9293024,
			"bits_per_second":	1.48655e+07,
			"retransmits":	0
		},
		"sum_received":	{
			"start":	0,
			"end":	5.00114,
			"seconds":	5.00114,
			"bytes":	9293024,
			"bits_per_second":	1.48655e+07
		},
		"cpu_utilization_percent":	{
			"host_total":	1.21194,
			"host_user":	0,
			"host_system":	1.21192,
			"remote_total":	0.397637,
			"remote_user":	0,
			"remote_system":	0.397597
		}
	}
}
{
	"start":	{
		"connected":	[],
		"version":	"iperf 3.0.7",
		"system_info":	"Linux H11 5.4.197-0504197-generic #202206060747 SMP Mon Jun 6 09:27:47 UTC 2022 x86_64 x86_64 x86_64 GNU/Linux\n"
	},
	"intervals":	[],
	"end":	{
	},
	"error":	"interrupt - the server has terminated"
}
