{
	"start":	{
		"connected":	[{
				"socket":	5,
				"local_host":	"10.0.0.10",
				"local_port":	2354,
				"remote_host":	"10.0.0.2",
				"remote_port":	45022
			}],
		"version":	"iperf 3.0.7",
		"system_info":	"Linux H10 5.4.197-0504197-generic #202206060747 SMP Mon Jun 6 09:27:47 UTC 2022 x86_64 x86_64 x86_64 GNU/Linux\n",
		"timestamp":	{
			"time":	"Fri, 22 Jul 2022 16:28:52 GMT",
			"timesecs":	1658507332
		},
		"accepted_connection":	{
			"host":	"10.0.0.2",
			"port":	45020
		},
		"cookie":	"H2.1658507332.740632.399be8b3687577d",
		"tcp_mss_default":	1448,
		"test_start":	{
			"protocol":	"TCP",
			"num_streams":	1,
			"blksize":	131072,
			"omit":	0,
			"duration":	5,
			"bytes":	0,
			"blocks":	0,
			"reverse":	0
		}
	},
	"intervals":	[{
			"streams":	[{
					"socket":	5,
					"start":	0,
					"end":	1.00081,
					"seconds":	1.00081,
					"bytes":	1699536,
					"bits_per_second":	1.35853e+07,
					"omitted":	false
				}],
			"sum":	{
				"start":	0,
				"end":	1.00081,
				"seconds":	1.00081,
				"bytes":	1699536,
				"bits_per_second":	1.35853e+07,
				"omitted":	false
			}
		}, {
			"streams":	[{
					"socket":	5,
					"start":	1.00081,
					"end":	2.00071,
					"seconds":	0.999901,
					"bytes":	1966080,
					"bits_per_second":	1.57302e+07,
					"omitted":	false
				}],
			"sum":	{
				"start":	1.00081,
				"end":	2.00071,
				"seconds":	0.999901,
				"bytes":	1966080,
				"bits_per_second":	1.57302e+07,
				"omitted":	false
			}
		}, {
			"streams":	[{
					"socket":	5,
					"start":	2.00071,
					"end":	3.00026,
					"seconds":	0.999551,
					"bytes":	1835008,
					"bits_per_second":	1.46867e+07,
					"omitted":	false
				}],
			"sum":	{
				"start":	2.00071,
				"end":	3.00026,
				"seconds":	0.999551,
				"bytes":	1835008,
				"bits_per_second":	1.46867e+07,
				"omitted":	false
			}
		}, {
			"streams":	[{
					"socket":	5,
					"start":	3.00026,
					"end":	4.00068,
					"seconds":	1.00042,
					"bytes":	1835008,
					"bits_per_second":	1.46739e+07,
					"omitted":	false
				}],
			"sum":	{
				"start":	3.00026,
				"end":	4.00068,
				"seconds":	1.00042,
				"bytes":	1835008,
				"bits_per_second":	1.46739e+07,
				"omitted":	false
			}
		}, {
			"streams":	[{
					"socket":	5,
					"start":	4.00068,
					"end":	5.0002,
					"seconds":	0.999522,
					"bytes":	1966080,
					"bits_per_second":	1.57362e+07,
					"omitted":	false
				}],
			"sum":	{
				"start":	4.00068,
				"end":	5.0002,
				"seconds":	0.999522,
				"bytes":	1966080,
				"bits_per_second":	1.57362e+07,
				"omitted":	false
			}
		}, {
			"streams":	[{
					"socket":	5,
					"start":	5.0002,
					"end":	5.00061,
					"seconds":	0.000412226,
					"bytes":	0,
					"bits_per_second":	0,
					"omitted":	false
				}],
			"sum":	{
				"start":	5.0002,
				"end":	5.00061,
				"seconds":	0.000412226,
				"bytes":	0,
				"bits_per_second":	0,
				"omitted":	false
			}
		}],
	"end":	{
		"streams":	[{
				"sender":	{
					"socket":	5,
					"start":	0,
					"end":	5.00061,
					"seconds":	5.00061,
					"bytes":	9301712,
					"bits_per_second":	1.48809e+07,
					"retransmits":	0
				},
				"receiver":	{
					"socket":	5,
					"start":	0,
					"end":	5.00061,
					"seconds":	5.00061,
					"bytes":	9301712,
					"bits_per_second":	1.48809e+07
				}
			}],
		"sum_sent":	{
			"start":	0,
			"end":	5.00061,
			"seconds":	5.00061,
			"bytes":	9301712,
			"bits_per_second":	1.48809e+07,
			"retransmits":	0
		},
		"sum_received":	{
			"start":	0,
			"end":	5.00061,
			"seconds":	5.00061,
			"bytes":	9301712,
			"bits_per_second":	1.48809e+07
		},
		"cpu_utilization_percent":	{
			"host_total":	2.02499,
			"host_user":	0.422338,
			"host_system":	1.6026,
			"remote_total":	0.875246,
			"remote_user":	0.124958,
			"remote_system":	0.750128
		}
	}
}
{
	"start":	{
		"connected":	[],
		"version":	"iperf 3.0.7",
		"system_info":	"Linux H10 5.4.197-0504197-generic #202206060747 SMP Mon Jun 6 09:27:47 UTC 2022 x86_64 x86_64 x86_64 GNU/Linux\n"
	},
	"intervals":	[],
	"end":	{
	},
	"error":	"interrupt - the server has terminated"
}
