{
	"start":	{
		"connected":	[{
				"socket":	5,
				"local_host":	"10.0.0.9",
				"local_port":	1532,
				"remote_host":	"10.0.0.4",
				"remote_port":	36282
			}],
		"version":	"iperf 3.0.7",
		"system_info":	"Linux H9 5.4.197-0504197-generic #202206060747 SMP Mon Jun 6 09:27:47 UTC 2022 x86_64 x86_64 x86_64 GNU/Linux\n",
		"timestamp":	{
			"time":	"Fri, 22 Jul 2022 09:30:28 GMT",
			"timesecs":	1658482228
		},
		"accepted_connection":	{
			"host":	"10.0.0.4",
			"port":	36280
		},
		"cookie":	"H4.1658482228.635896.5427961c6b7fc11",
		"tcp_mss_default":	1448,
		"test_start":	{
			"protocol":	"TCP",
			"num_streams":	1,
			"blksize":	131072,
			"omit":	0,
			"duration":	5,
			"bytes":	0,
			"blocks":	0,
			"reverse":	0
		}
	},
	"intervals":	[{
			"streams":	[{
					"socket":	5,
					"start":	0,
					"end":	1.00061,
					"seconds":	1.00061,
					"bytes":	1700984,
					"bits_per_second":	1.35996e+07,
					"omitted":	false
				}],
			"sum":	{
				"start":	0,
				"end":	1.00061,
				"seconds":	1.00061,
				"bytes":	1700984,
				"bits_per_second":	1.35996e+07,
				"omitted":	false
			}
		}, {
			"streams":	[{
					"socket":	5,
					"start":	1.00061,
					"end":	2.0008,
					"seconds":	1.00019,
					"bytes":	1966080,
					"bits_per_second":	1.57256e+07,
					"omitted":	false
				}],
			"sum":	{
				"start":	1.00061,
				"end":	2.0008,
				"seconds":	1.00019,
				"bytes":	1966080,
				"bits_per_second":	1.57256e+07,
				"omitted":	false
			}
		}, {
			"streams":	[{
					"socket":	5,
					"start":	2.0008,
					"end":	3.00055,
					"seconds":	0.999747,
					"bytes":	1863968,
					"bits_per_second":	1.49155e+07,
					"omitted":	false
				}],
			"sum":	{
				"start":	2.0008,
				"end":	3.00055,
				"seconds":	0.999747,
				"bytes":	1863968,
				"bits_per_second":	1.49155e+07,
				"omitted":	false
			}
		}, {
			"streams":	[{
					"socket":	5,
					"start":	3.00055,
					"end":	4.00133,
					"seconds":	1.00078,
					"bytes":	1806048,
					"bits_per_second":	1.44371e+07,
					"omitted":	false
				}],
			"sum":	{
				"start":	3.00055,
				"end":	4.00133,
				"seconds":	1.00078,
				"bytes":	1806048,
				"bits_per_second":	1.44371e+07,
				"omitted":	false
			}
		}, {
			"streams":	[{
					"socket":	5,
					"start":	4.00133,
					"end":	5.00022,
					"seconds":	0.99889,
					"bytes":	1966080,
					"bits_per_second":	1.57461e+07,
					"omitted":	false
				}],
			"sum":	{
				"start":	4.00133,
				"end":	5.00022,
				"seconds":	0.99889,
				"bytes":	1966080,
				"bits_per_second":	1.57461e+07,
				"omitted":	false
			}
		}, {
			"streams":	[{
					"socket":	5,
					"start":	5.00022,
					"end":	5.00034,
					"seconds":	0.00011301,
					"bytes":	0,
					"bits_per_second":	0,
					"omitted":	false
				}],
			"sum":	{
				"start":	5.00022,
				"end":	5.00034,
				"seconds":	0.00011301,
				"bytes":	0,
				"bits_per_second":	0,
				"omitted":	false
			}
		}],
	"end":	{
		"streams":	[{
				"sender":	{
					"socket":	5,
					"start":	0,
					"end":	5.00034,
					"seconds":	5.00034,
					"bytes":	9303160,
					"bits_per_second":	1.48841e+07,
					"retransmits":	0
				},
				"receiver":	{
					"socket":	5,
					"start":	0,
					"end":	5.00034,
					"seconds":	5.00034,
					"bytes":	9303160,
					"bits_per_second":	1.48841e+07
				}
			}],
		"sum_sent":	{
			"start":	0,
			"end":	5.00034,
			"seconds":	5.00034,
			"bytes":	9303160,
			"bits_per_second":	1.48841e+07,
			"retransmits":	0
		},
		"sum_received":	{
			"start":	0,
			"end":	5.00034,
			"seconds":	5.00034,
			"bytes":	9303160,
			"bits_per_second":	1.48841e+07
		},
		"cpu_utilization_percent":	{
			"host_total":	1.3206,
			"host_user":	0,
			"host_system":	1.32054,
			"remote_total":	0.462762,
			"remote_user":	0,
			"remote_system":	0.462802
		}
	}
}
