{
	"start":	{
		"connected":	[{
				"socket":	5,
				"local_host":	"10.0.0.14",
				"local_port":	3264,
				"remote_host":	"10.0.0.4",
				"remote_port":	47809
			}],
		"version":	"iperf 3.0.7",
		"system_info":	"Linux MECS7 5.4.197-0504197-generic #202206060747 SMP Mon Jun 6 09:27:47 UTC 2022 x86_64 x86_64 x86_64 GNU/Linux\n",
		"timestamp":	{
			"time":	"Mon, 25 Jul 2022 21:47:20 GMT",
			"timesecs":	1658785640
		},
		"accepted_connection":	{
			"host":	"10.0.0.4",
			"port":	59624
		},
		"cookie":	"BS4.1658785639.966879.7931de047ff2f5",
		"test_start":	{
			"protocol":	"UDP",
			"num_streams":	1,
			"blksize":	8192,
			"omit":	0,
			"duration":	39,
			"bytes":	0,
			"blocks":	0,
			"reverse":	0
		}
	},
	"intervals":	[{
			"streams":	[{
					"socket":	5,
					"start":	0,
					"end":	1.00061,
					"seconds":	1.00061,
					"bytes":	5586944,
					"bits_per_second":	4.46682e+07,
					"jitter_ms":	1.05641,
					"lost_packets":	61,
					"packets":	708,
					"lost_percent":	8.61582,
					"omitted":	false
				}],
			"sum":	{
				"start":	0,
				"end":	1.00061,
				"seconds":	1.00061,
				"bytes":	5586944,
				"bits_per_second":	4.46682e+07,
				"jitter_ms":	1.05641,
				"lost_packets":	61,
				"packets":	708,
				"lost_percent":	8.61582,
				"omitted":	false
			}
		}, {
			"streams":	[{
					"socket":	5,
					"start":	1.00061,
					"end":	2.00043,
					"seconds":	0.999819,
					"bytes":	5988352,
					"bits_per_second":	4.79155e+07,
					"jitter_ms":	0.890169,
					"lost_packets":	25,
					"packets":	744,
					"lost_percent":	3.36022,
					"omitted":	false
				}],
			"sum":	{
				"start":	1.00061,
				"end":	2.00043,
				"seconds":	0.999819,
				"bytes":	5988352,
				"bits_per_second":	4.79155e+07,
				"jitter_ms":	0.890169,
				"lost_packets":	25,
				"packets":	744,
				"lost_percent":	3.36022,
				"omitted":	false
			}
		}, {
			"streams":	[{
					"socket":	5,
					"start":	2.00043,
					"end":	3.00026,
					"seconds":	0.999827,
					"bytes":	5939200,
					"bits_per_second":	4.75218e+07,
					"jitter_ms":	0.736347,
					"lost_packets":	74,
					"packets":	776,
					"lost_percent":	9.53608,
					"omitted":	false
				}],
			"sum":	{
				"start":	2.00043,
				"end":	3.00026,
				"seconds":	0.999827,
				"bytes":	5939200,
				"bits_per_second":	4.75218e+07,
				"jitter_ms":	0.736347,
				"lost_packets":	74,
				"packets":	776,
				"lost_percent":	9.53608,
				"omitted":	false
			}
		}, {
			"streams":	[{
					"socket":	5,
					"start":	3.00026,
					"end":	4.00568,
					"seconds":	1.00542,
					"bytes":	6086656,
					"bits_per_second":	4.84305e+07,
					"jitter_ms":	2.03936,
					"lost_packets":	29,
					"packets":	757,
					"lost_percent":	3.83091,
					"omitted":	false
				}],
			"sum":	{
				"start":	3.00026,
				"end":	4.00568,
				"seconds":	1.00542,
				"bytes":	6086656,
				"bits_per_second":	4.84305e+07,
				"jitter_ms":	2.03936,
				"lost_packets":	29,
				"packets":	757,
				"lost_percent":	3.83091,
				"omitted":	false
			}
		}, {
			"streams":	[{
					"socket":	5,
					"start":	4.00568,
					"end":	5.00022,
					"seconds":	0.994539,
					"bytes":	6209536,
					"bits_per_second":	4.99491e+07,
					"jitter_ms":	0.610354,
					"lost_packets":	5,
					"packets":	761,
					"lost_percent":	0.65703,
					"omitted":	false
				}],
			"sum":	{
				"start":	4.00568,
				"end":	5.00022,
				"seconds":	0.994539,
				"bytes":	6209536,
				"bits_per_second":	4.99491e+07,
				"jitter_ms":	0.610354,
				"lost_packets":	5,
				"packets":	761,
				"lost_percent":	0.65703,
				"omitted":	false
			}
		}, {
			"streams":	[{
					"socket":	5,
					"start":	5.00022,
					"end":	6.00034,
					"seconds":	1.00012,
					"bytes":	6209536,
					"bits_per_second":	4.96702e+07,
					"jitter_ms":	0.489743,
					"lost_packets":	1,
					"packets":	758,
					"lost_percent":	0.131926,
					"omitted":	false
				}],
			"sum":	{
				"start":	5.00022,
				"end":	6.00034,
				"seconds":	1.00012,
				"bytes":	6209536,
				"bits_per_second":	4.96702e+07,
				"jitter_ms":	0.489743,
				"lost_packets":	1,
				"packets":	758,
				"lost_percent":	0.131926,
				"omitted":	false
			}
		}, {
			"streams":	[{
					"socket":	5,
					"start":	6.00034,
					"end":	7.0008,
					"seconds":	1.00046,
					"bytes":	6135808,
					"bits_per_second":	4.90639e+07,
					"jitter_ms":	1.05076,
					"lost_packets":	11,
					"packets":	754,
					"lost_percent":	1.45889,
					"omitted":	false
				}],
			"sum":	{
				"start":	6.00034,
				"end":	7.0008,
				"seconds":	1.00046,
				"bytes":	6135808,
				"bits_per_second":	4.90639e+07,
				"jitter_ms":	1.05076,
				"lost_packets":	11,
				"packets":	754,
				"lost_percent":	1.45889,
				"omitted":	false
			}
		}, {
			"streams":	[{
					"socket":	5,
					"start":	7.0008,
					"end":	8.00321,
					"seconds":	1.0024,
					"bytes":	6250496,
					"bits_per_second":	4.98841e+07,
					"jitter_ms":	0.776098,
					"lost_packets":	45,
					"packets":	791,
					"lost_percent":	5.689,
					"omitted":	false
				}],
			"sum":	{
				"start":	7.0008,
				"end":	8.00321,
				"seconds":	1.0024,
				"bytes":	6250496,
				"bits_per_second":	4.98841e+07,
				"jitter_ms":	0.776098,
				"lost_packets":	45,
				"packets":	791,
				"lost_percent":	5.689,
				"omitted":	false
			}
		}, {
			"streams":	[{
					"socket":	5,
					"start":	8.00321,
					"end":	9.00063,
					"seconds":	0.997423,
					"bytes":	6209536,
					"bits_per_second":	4.98046e+07,
					"jitter_ms":	0.45946,
					"lost_packets":	0,
					"packets":	758,
					"lost_percent":	0,
					"omitted":	false
				}],
			"sum":	{
				"start":	8.00321,
				"end":	9.00063,
				"seconds":	0.997423,
				"bytes":	6209536,
				"bits_per_second":	4.98046e+07,
				"jitter_ms":	0.45946,
				"lost_packets":	0,
				"packets":	758,
				"lost_percent":	0,
				"omitted":	false
			}
		}, {
			"streams":	[{
					"socket":	5,
					"start":	9.00063,
					"end":	10.0106,
					"seconds":	1.00994,
					"bytes":	6127616,
					"bits_per_second":	4.85382e+07,
					"jitter_ms":	0.35293,
					"lost_packets":	9,
					"packets":	754,
					"lost_percent":	1.19363,
					"omitted":	false
				}],
			"sum":	{
				"start":	9.00063,
				"end":	10.0106,
				"seconds":	1.00994,
				"bytes":	6127616,
				"bits_per_second":	4.85382e+07,
				"jitter_ms":	0.35293,
				"lost_packets":	9,
				"packets":	754,
				"lost_percent":	1.19363,
				"omitted":	false
			}
		}, {
			"streams":	[{
					"socket":	5,
					"start":	10.0106,
					"end":	11.0003,
					"seconds":	0.989701,
					"bytes":	6389760,
					"bits_per_second":	5.165e+07,
					"jitter_ms":	0.574161,
					"lost_packets":	12,
					"packets":	791,
					"lost_percent":	1.51707,
					"omitted":	false
				}],
			"sum":	{
				"start":	10.0106,
				"end":	11.0003,
				"seconds":	0.989701,
				"bytes":	6389760,
				"bits_per_second":	5.165e+07,
				"jitter_ms":	0.574161,
				"lost_packets":	12,
				"packets":	791,
				"lost_percent":	1.51707,
				"omitted":	false
			}
		}, {
			"streams":	[{
					"socket":	5,
					"start":	11.0003,
					"end":	12.0003,
					"seconds":	1.00001,
					"bytes":	5832704,
					"bits_per_second":	4.66612e+07,
					"jitter_ms":	0.362346,
					"lost_packets":	18,
					"packets":	729,
					"lost_percent":	2.46914,
					"omitted":	false
				}],
			"sum":	{
				"start":	11.0003,
				"end":	12.0003,
				"seconds":	1.00001,
				"bytes":	5832704,
				"bits_per_second":	4.66612e+07,
				"jitter_ms":	0.362346,
				"lost_packets":	18,
				"packets":	729,
				"lost_percent":	2.46914,
				"omitted":	false
			}
		}, {
			"streams":	[{
					"socket":	5,
					"start":	12.0003,
					"end":	13.0003,
					"seconds":	1.00001,
					"bytes":	6103040,
					"bits_per_second":	4.88236e+07,
					"jitter_ms":	0.910457,
					"lost_packets":	23,
					"packets":	763,
					"lost_percent":	3.01442,
					"omitted":	false
				}],
			"sum":	{
				"start":	12.0003,
				"end":	13.0003,
				"seconds":	1.00001,
				"bytes":	6103040,
				"bits_per_second":	4.88236e+07,
				"jitter_ms":	0.910457,
				"lost_packets":	23,
				"packets":	763,
				"lost_percent":	3.01442,
				"omitted":	false
			}
		}, {
			"streams":	[{
					"socket":	5,
					"start":	13.0003,
					"end":	14.0032,
					"seconds":	1.00289,
					"bytes":	6258688,
					"bits_per_second":	4.99253e+07,
					"jitter_ms":	1.04653,
					"lost_packets":	0,
					"packets":	764,
					"lost_percent":	0,
					"omitted":	false
				}],
			"sum":	{
				"start":	13.0003,
				"end":	14.0032,
				"seconds":	1.00289,
				"bytes":	6258688,
				"bits_per_second":	4.99253e+07,
				"jitter_ms":	1.04653,
				"lost_packets":	0,
				"packets":	764,
				"lost_percent":	0,
				"omitted":	false
			}
		}, {
			"streams":	[{
					"socket":	5,
					"start":	14.0032,
					"end":	15.0001,
					"seconds":	0.996939,
					"bytes":	6250496,
					"bits_per_second":	5.01575e+07,
					"jitter_ms":	0.469592,
					"lost_packets":	4,
					"packets":	763,
					"lost_percent":	0.524246,
					"omitted":	false
				}],
			"sum":	{
				"start":	14.0032,
				"end":	15.0001,
				"seconds":	0.996939,
				"bytes":	6250496,
				"bits_per_second":	5.01575e+07,
				"jitter_ms":	0.469592,
				"lost_packets":	4,
				"packets":	763,
				"lost_percent":	0.524246,
				"omitted":	false
			}
		}, {
			"streams":	[{
					"socket":	5,
					"start":	15.0001,
					"end":	16.0005,
					"seconds":	1.00042,
					"bytes":	6209536,
					"bits_per_second":	4.96556e+07,
					"jitter_ms":	0.594206,
					"lost_packets":	19,
					"packets":	763,
					"lost_percent":	2.49017,
					"omitted":	false
				}],
			"sum":	{
				"start":	15.0001,
				"end":	16.0005,
				"seconds":	1.00042,
				"bytes":	6209536,
				"bits_per_second":	4.96556e+07,
				"jitter_ms":	0.594206,
				"lost_packets":	19,
				"packets":	763,
				"lost_percent":	2.49017,
				"omitted":	false
			}
		}, {
			"streams":	[{
					"socket":	5,
					"start":	16.0005,
					"end":	17.0006,
					"seconds":	1.00003,
					"bytes":	6242304,
					"bits_per_second":	4.99372e+07,
					"jitter_ms":	0.515282,
					"lost_packets":	0,
					"packets":	762,
					"lost_percent":	0,
					"omitted":	false
				}],
			"sum":	{
				"start":	16.0005,
				"end":	17.0006,
				"seconds":	1.00003,
				"bytes":	6242304,
				"bits_per_second":	4.99372e+07,
				"jitter_ms":	0.515282,
				"lost_packets":	0,
				"packets":	762,
				"lost_percent":	0,
				"omitted":	false
			}
		}, {
			"streams":	[{
					"socket":	5,
					"start":	17.0006,
					"end":	18.0004,
					"seconds":	0.99982,
					"bytes":	6258688,
					"bits_per_second":	5.00785e+07,
					"jitter_ms":	0.325983,
					"lost_packets":	0,
					"packets":	764,
					"lost_percent":	0,
					"omitted":	false
				}],
			"sum":	{
				"start":	17.0006,
				"end":	18.0004,
				"seconds":	0.99982,
				"bytes":	6258688,
				"bits_per_second":	5.00785e+07,
				"jitter_ms":	0.325983,
				"lost_packets":	0,
				"packets":	764,
				"lost_percent":	0,
				"omitted":	false
			}
		}, {
			"streams":	[{
					"socket":	5,
					"start":	18.0004,
					"end":	19.0004,
					"seconds":	0.999994,
					"bytes":	6316032,
					"bits_per_second":	5.05286e+07,
					"jitter_ms":	2.25951,
					"lost_packets":	11,
					"packets":	781,
					"lost_percent":	1.40845,
					"omitted":	false
				}],
			"sum":	{
				"start":	18.0004,
				"end":	19.0004,
				"seconds":	0.999994,
				"bytes":	6316032,
				"bits_per_second":	5.05286e+07,
				"jitter_ms":	2.25951,
				"lost_packets":	11,
				"packets":	781,
				"lost_percent":	1.40845,
				"omitted":	false
			}
		}, {
			"streams":	[{
					"socket":	5,
					"start":	19.0004,
					"end":	20.0002,
					"seconds":	0.999809,
					"bytes":	6103040,
					"bits_per_second":	4.88336e+07,
					"jitter_ms":	0.350407,
					"lost_packets":	3,
					"packets":	745,
					"lost_percent":	0.402685,
					"omitted":	false
				}],
			"sum":	{
				"start":	19.0004,
				"end":	20.0002,
				"seconds":	0.999809,
				"bytes":	6103040,
				"bits_per_second":	4.88336e+07,
				"jitter_ms":	0.350407,
				"lost_packets":	3,
				"packets":	745,
				"lost_percent":	0.402685,
				"omitted":	false
			}
		}, {
			"streams":	[{
					"socket":	5,
					"start":	20.0002,
					"end":	21.0001,
					"seconds":	0.999949,
					"bytes":	6193152,
					"bits_per_second":	4.95477e+07,
					"jitter_ms":	0.379206,
					"lost_packets":	10,
					"packets":	764,
					"lost_percent":	1.3089,
					"omitted":	false
				}],
			"sum":	{
				"start":	20.0002,
				"end":	21.0001,
				"seconds":	0.999949,
				"bytes":	6193152,
				"bits_per_second":	4.95477e+07,
				"jitter_ms":	0.379206,
				"lost_packets":	10,
				"packets":	764,
				"lost_percent":	1.3089,
				"omitted":	false
			}
		}, {
			"streams":	[{
					"socket":	5,
					"start":	21.0001,
					"end":	22.0005,
					"seconds":	1.00035,
					"bytes":	6488064,
					"bits_per_second":	5.18866e+07,
					"jitter_ms":	0.863866,
					"lost_packets":	0,
					"packets":	792,
					"lost_percent":	0,
					"omitted":	false
				}],
			"sum":	{
				"start":	21.0001,
				"end":	22.0005,
				"seconds":	1.00035,
				"bytes":	6488064,
				"bits_per_second":	5.18866e+07,
				"jitter_ms":	0.863866,
				"lost_packets":	0,
				"packets":	792,
				"lost_percent":	0,
				"omitted":	false
			}
		}, {
			"streams":	[{
					"socket":	5,
					"start":	22.0005,
					"end":	23.0004,
					"seconds":	0.999888,
					"bytes":	5955584,
					"bits_per_second":	4.765e+07,
					"jitter_ms":	0.885858,
					"lost_packets":	14,
					"packets":	737,
					"lost_percent":	1.89959,
					"omitted":	false
				}],
			"sum":	{
				"start":	22.0005,
				"end":	23.0004,
				"seconds":	0.999888,
				"bytes":	5955584,
				"bits_per_second":	4.765e+07,
				"jitter_ms":	0.885858,
				"lost_packets":	14,
				"packets":	737,
				"lost_percent":	1.89959,
				"omitted":	false
			}
		}, {
			"streams":	[{
					"socket":	5,
					"start":	23.0004,
					"end":	24.0004,
					"seconds":	0.999988,
					"bytes":	6283264,
					"bits_per_second":	5.02667e+07,
					"jitter_ms":	0.438569,
					"lost_packets":	0,
					"packets":	767,
					"lost_percent":	0,
					"omitted":	false
				}],
			"sum":	{
				"start":	23.0004,
				"end":	24.0004,
				"seconds":	0.999988,
				"bytes":	6283264,
				"bits_per_second":	5.02667e+07,
				"jitter_ms":	0.438569,
				"lost_packets":	0,
				"packets":	767,
				"lost_percent":	0,
				"omitted":	false
			}
		}, {
			"streams":	[{
					"socket":	5,
					"start":	24.0004,
					"end":	25.0003,
					"seconds":	0.999967,
					"bytes":	6119424,
					"bits_per_second":	4.8957e+07,
					"jitter_ms":	1.03231,
					"lost_packets":	49,
					"packets":	791,
					"lost_percent":	6.19469,
					"omitted":	false
				}],
			"sum":	{
				"start":	24.0004,
				"end":	25.0003,
				"seconds":	0.999967,
				"bytes":	6119424,
				"bits_per_second":	4.8957e+07,
				"jitter_ms":	1.03231,
				"lost_packets":	49,
				"packets":	791,
				"lost_percent":	6.19469,
				"omitted":	false
			}
		}, {
			"streams":	[{
					"socket":	5,
					"start":	25.0003,
					"end":	26.0108,
					"seconds":	1.01051,
					"bytes":	5685248,
					"bits_per_second":	4.50088e+07,
					"jitter_ms":	3.38396,
					"lost_packets":	43,
					"packets":	728,
					"lost_percent":	5.90659,
					"omitted":	false
				}],
			"sum":	{
				"start":	25.0003,
				"end":	26.0108,
				"seconds":	1.01051,
				"bytes":	5685248,
				"bits_per_second":	4.50088e+07,
				"jitter_ms":	3.38396,
				"lost_packets":	43,
				"packets":	728,
				"lost_percent":	5.90659,
				"omitted":	false
			}
		}, {
			"streams":	[{
					"socket":	5,
					"start":	26.0108,
					"end":	27.0002,
					"seconds":	0.989333,
					"bytes":	6119424,
					"bits_per_second":	4.94832e+07,
					"jitter_ms":	0.433596,
					"lost_packets":	38,
					"packets":	779,
					"lost_percent":	4.87805,
					"omitted":	false
				}],
			"sum":	{
				"start":	26.0108,
				"end":	27.0002,
				"seconds":	0.989333,
				"bytes":	6119424,
				"bits_per_second":	4.94832e+07,
				"jitter_ms":	0.433596,
				"lost_packets":	38,
				"packets":	779,
				"lost_percent":	4.87805,
				"omitted":	false
			}
		}, {
			"streams":	[{
					"socket":	5,
					"start":	27.0002,
					"end":	28.0023,
					"seconds":	1.00217,
					"bytes":	5840896,
					"bits_per_second":	4.6626e+07,
					"jitter_ms":	0.879595,
					"lost_packets":	52,
					"packets":	757,
					"lost_percent":	6.86922,
					"omitted":	false
				}],
			"sum":	{
				"start":	27.0002,
				"end":	28.0023,
				"seconds":	1.00217,
				"bytes":	5840896,
				"bits_per_second":	4.6626e+07,
				"jitter_ms":	0.879595,
				"lost_packets":	52,
				"packets":	757,
				"lost_percent":	6.86922,
				"omitted":	false
			}
		}, {
			"streams":	[{
					"socket":	5,
					"start":	28.0023,
					"end":	29.0005,
					"seconds":	0.998185,
					"bytes":	5963776,
					"bits_per_second":	4.7797e+07,
					"jitter_ms":	0.381934,
					"lost_packets":	40,
					"packets":	760,
					"lost_percent":	5.26316,
					"omitted":	false
				}],
			"sum":	{
				"start":	28.0023,
				"end":	29.0005,
				"seconds":	0.998185,
				"bytes":	5963776,
				"bits_per_second":	4.7797e+07,
				"jitter_ms":	0.381934,
				"lost_packets":	40,
				"packets":	760,
				"lost_percent":	5.26316,
				"omitted":	false
			}
		}, {
			"streams":	[{
					"socket":	5,
					"start":	29.0005,
					"end":	30.0013,
					"seconds":	1.00077,
					"bytes":	6242304,
					"bits_per_second":	4.99e+07,
					"jitter_ms":	0.542981,
					"lost_packets":	2,
					"packets":	762,
					"lost_percent":	0.262467,
					"omitted":	false
				}],
			"sum":	{
				"start":	29.0005,
				"end":	30.0013,
				"seconds":	1.00077,
				"bytes":	6242304,
				"bits_per_second":	4.99e+07,
				"jitter_ms":	0.542981,
				"lost_packets":	2,
				"packets":	762,
				"lost_percent":	0.262467,
				"omitted":	false
			}
		}, {
			"streams":	[{
					"socket":	5,
					"start":	30.0013,
					"end":	31.0059,
					"seconds":	1.00464,
					"bytes":	6037504,
					"bits_per_second":	4.80771e+07,
					"jitter_ms":	2.10858,
					"lost_packets":	14,
					"packets":	741,
					"lost_percent":	1.88934,
					"omitted":	false
				}],
			"sum":	{
				"start":	30.0013,
				"end":	31.0059,
				"seconds":	1.00464,
				"bytes":	6037504,
				"bits_per_second":	4.80771e+07,
				"jitter_ms":	2.10858,
				"lost_packets":	14,
				"packets":	741,
				"lost_percent":	1.88934,
				"omitted":	false
			}
		}, {
			"streams":	[{
					"socket":	5,
					"start":	31.0059,
					"end":	32.0004,
					"seconds":	0.994429,
					"bytes":	6397952,
					"bits_per_second":	5.14704e+07,
					"jitter_ms":	1.36047,
					"lost_packets":	29,
					"packets":	797,
					"lost_percent":	3.63864,
					"omitted":	false
				}],
			"sum":	{
				"start":	31.0059,
				"end":	32.0004,
				"seconds":	0.994429,
				"bytes":	6397952,
				"bits_per_second":	5.14704e+07,
				"jitter_ms":	1.36047,
				"lost_packets":	29,
				"packets":	797,
				"lost_percent":	3.63864,
				"omitted":	false
			}
		}, {
			"streams":	[{
					"socket":	5,
					"start":	32.0004,
					"end":	33.0002,
					"seconds":	0.999812,
					"bytes":	6070272,
					"bits_per_second":	4.85713e+07,
					"jitter_ms":	0.937889,
					"lost_packets":	12,
					"packets":	751,
					"lost_percent":	1.59787,
					"omitted":	false
				}],
			"sum":	{
				"start":	32.0004,
				"end":	33.0002,
				"seconds":	0.999812,
				"bytes":	6070272,
				"bits_per_second":	4.85713e+07,
				"jitter_ms":	0.937889,
				"lost_packets":	12,
				"packets":	751,
				"lost_percent":	1.59787,
				"omitted":	false
			}
		}, {
			"streams":	[{
					"socket":	5,
					"start":	33.0002,
					"end":	34.0117,
					"seconds":	1.0115,
					"bytes":	6070272,
					"bits_per_second":	4.80102e+07,
					"jitter_ms":	2.46036,
					"lost_packets":	9,
					"packets":	748,
					"lost_percent":	1.20321,
					"omitted":	false
				}],
			"sum":	{
				"start":	33.0002,
				"end":	34.0117,
				"seconds":	1.0115,
				"bytes":	6070272,
				"bits_per_second":	4.80102e+07,
				"jitter_ms":	2.46036,
				"lost_packets":	9,
				"packets":	748,
				"lost_percent":	1.20321,
				"omitted":	false
			}
		}, {
			"streams":	[{
					"socket":	5,
					"start":	34.0117,
					"end":	35.0014,
					"seconds":	0.989682,
					"bytes":	6225920,
					"bits_per_second":	5.03266e+07,
					"jitter_ms":	0.754936,
					"lost_packets":	28,
					"packets":	773,
					"lost_percent":	3.62225,
					"omitted":	false
				}],
			"sum":	{
				"start":	34.0117,
				"end":	35.0014,
				"seconds":	0.989682,
				"bytes":	6225920,
				"bits_per_second":	5.03266e+07,
				"jitter_ms":	0.754936,
				"lost_packets":	28,
				"packets":	773,
				"lost_percent":	3.62225,
				"omitted":	false
			}
		}, {
			"streams":	[{
					"socket":	5,
					"start":	35.0014,
					"end":	36.0004,
					"seconds":	0.999043,
					"bytes":	6365184,
					"bits_per_second":	5.09703e+07,
					"jitter_ms":	0.893145,
					"lost_packets":	10,
					"packets":	777,
					"lost_percent":	1.287,
					"omitted":	false
				}],
			"sum":	{
				"start":	35.0014,
				"end":	36.0004,
				"seconds":	0.999043,
				"bytes":	6365184,
				"bits_per_second":	5.09703e+07,
				"jitter_ms":	0.893145,
				"lost_packets":	10,
				"packets":	777,
				"lost_percent":	1.287,
				"omitted":	false
			}
		}, {
			"streams":	[{
					"socket":	5,
					"start":	36.0004,
					"end":	37.0003,
					"seconds":	0.999918,
					"bytes":	6135808,
					"bits_per_second":	4.90905e+07,
					"jitter_ms":	0.754315,
					"lost_packets":	5,
					"packets":	751,
					"lost_percent":	0.665779,
					"omitted":	false
				}],
			"sum":	{
				"start":	36.0004,
				"end":	37.0003,
				"seconds":	0.999918,
				"bytes":	6135808,
				"bits_per_second":	4.90905e+07,
				"jitter_ms":	0.754315,
				"lost_packets":	5,
				"packets":	751,
				"lost_percent":	0.665779,
				"omitted":	false
			}
		}, {
			"streams":	[{
					"socket":	5,
					"start":	37.0003,
					"end":	38.0004,
					"seconds":	1.00004,
					"bytes":	6258688,
					"bits_per_second":	5.00675e+07,
					"jitter_ms":	0.571009,
					"lost_packets":	3,
					"packets":	764,
					"lost_percent":	0.39267,
					"omitted":	false
				}],
			"sum":	{
				"start":	37.0003,
				"end":	38.0004,
				"seconds":	1.00004,
				"bytes":	6258688,
				"bits_per_second":	5.00675e+07,
				"jitter_ms":	0.571009,
				"lost_packets":	3,
				"packets":	764,
				"lost_percent":	0.39267,
				"omitted":	false
			}
		}, {
			"streams":	[{
					"socket":	5,
					"start":	38.0004,
					"end":	39.0002,
					"seconds":	0.999827,
					"bytes":	6283264,
					"bits_per_second":	5.02748e+07,
					"jitter_ms":	0.739854,
					"lost_packets":	2,
					"packets":	767,
					"lost_percent":	0.260756,
					"omitted":	false
				}],
			"sum":	{
				"start":	38.0004,
				"end":	39.0002,
				"seconds":	0.999827,
				"bytes":	6283264,
				"bits_per_second":	5.02748e+07,
				"jitter_ms":	0.739854,
				"lost_packets":	2,
				"packets":	767,
				"lost_percent":	0.260756,
				"omitted":	false
			}
		}, {
			"streams":	[{
					"socket":	5,
					"start":	39.0002,
					"end":	39.0262,
					"seconds":	0.0259721,
					"bytes":	0,
					"bits_per_second":	0,
					"jitter_ms":	0.739854,
					"lost_packets":	0,
					"packets":	0,
					"lost_percent":	-nan,
					"omitted":	false
				}],
			"sum":	{
				"start":	39.0002,
				"end":	39.0262,
				"seconds":	0.0259721,
				"bytes":	0,
				"bits_per_second":	0,
				"jitter_ms":	0.739854,
				"lost_packets":	0,
				"packets":	0,
				"lost_percent":	-nan,
				"omitted":	false
			}
		}],
	"end":	{
		"streams":	[{
				"udp":	{
					"socket":	5,
					"start":	0,
					"end":	39.0262,
					"seconds":	39.0262,
					"bytes":	243236864,
					"bits_per_second":	4.98613e+07,
					"jitter_ms":	0.739854,
					"lost_packets":	710,
					"packets":	29692,
					"lost_percent":	2.39122
				}
			}],
		"sum":	{
			"start":	0,
			"end":	39.0262,
			"seconds":	39.0262,
			"bytes":	243236864,
			"bits_per_second":	4.98613e+07,
			"jitter_ms":	0.739854,
			"lost_packets":	710,
			"packets":	29692,
			"lost_percent":	2.39122
		},
		"cpu_utilization_percent":	{
			"host_total":	6.03748,
			"host_user":	0.539597,
			"host_system":	5.49786,
			"remote_total":	9.5248,
			"remote_user":	0.296961,
			"remote_system":	9.22747
		}
	},
	"error":	"OUT OF ORDER - incoming packet = 32 and received packet = 33 AND SP = 5",
	"error":	"OUT OF ORDER - incoming packet = 37 and received packet = 38 AND SP = 5",
	"error":	"OUT OF ORDER - incoming packet = 78 and received packet = 79 AND SP = 5",
	"error":	"OUT OF ORDER - incoming packet = 80 and received packet = 81 AND SP = 5",
	"error":	"OUT OF ORDER - incoming packet = 82 and received packet = 85 AND SP = 5",
	"error":	"OUT OF ORDER - incoming packet = 84 and received packet = 85 AND SP = 5",
	"error":	"OUT OF ORDER - incoming packet = 145 and received packet = 148 AND SP = 5",
	"error":	"OUT OF ORDER - incoming packet = 146 and received packet = 150 AND SP = 5",
	"error":	"OUT OF ORDER - incoming packet = 147 and received packet = 150 AND SP = 5",
	"error":	"OUT OF ORDER - incoming packet = 190 and received packet = 191 AND SP = 5",
	"error":	"OUT OF ORDER - incoming packet = 192 and received packet = 193 AND SP = 5",
	"error":	"OUT OF ORDER - incoming packet = 195 and received packet = 196 AND SP = 5",
	"error":	"OUT OF ORDER - incoming packet = 247 and received packet = 249 AND SP = 5",
	"error":	"OUT OF ORDER - incoming packet = 252 and received packet = 253 AND SP = 5",
	"error":	"OUT OF ORDER - incoming packet = 266 and received packet = 267 AND SP = 5",
	"error":	"OUT OF ORDER - incoming packet = 271 and received packet = 273 AND SP = 5",
	"error":	"OUT OF ORDER - incoming packet = 269 and received packet = 275 AND SP = 5",
	"error":	"OUT OF ORDER - incoming packet = 270 and received packet = 275 AND SP = 5",
	"error":	"OUT OF ORDER - incoming packet = 272 and received packet = 277 AND SP = 5",
	"error":	"OUT OF ORDER - incoming packet = 276 and received packet = 277 AND SP = 5",
	"error":	"OUT OF ORDER - incoming packet = 278 and received packet = 279 AND SP = 5",
	"error":	"OUT OF ORDER - incoming packet = 287 and received packet = 288 AND SP = 5",
	"error":	"OUT OF ORDER - incoming packet = 354 and received packet = 355 AND SP = 5",
	"error":	"OUT OF ORDER - incoming packet = 363 and received packet = 364 AND SP = 5",
	"error":	"OUT OF ORDER - incoming packet = 367 and received packet = 370 AND SP = 5",
	"error":	"OUT OF ORDER - incoming packet = 416 and received packet = 417 AND SP = 5",
	"error":	"OUT OF ORDER - incoming packet = 418 and received packet = 419 AND SP = 5",
	"error":	"OUT OF ORDER - incoming packet = 533 and received packet = 535 AND SP = 5",
	"error":	"OUT OF ORDER - incoming packet = 564 and received packet = 566 AND SP = 5",
	"error":	"OUT OF ORDER - incoming packet = 642 and received packet = 644 AND SP = 5",
	"error":	"OUT OF ORDER - incoming packet = 651 and received packet = 652 AND SP = 5",
	"error":	"OUT OF ORDER - incoming packet = 654 and received packet = 655 AND SP = 5",
	"error":	"OUT OF ORDER - incoming packet = 668 and received packet = 669 AND SP = 5",
	"error":	"OUT OF ORDER - incoming packet = 692 and received packet = 693 AND SP = 5",
	"error":	"OUT OF ORDER - incoming packet = 699 and received packet = 704 AND SP = 5",
	"error":	"OUT OF ORDER - incoming packet = 713 and received packet = 714 AND SP = 5",
	"error":	"OUT OF ORDER - incoming packet = 849 and received packet = 850 AND SP = 5",
	"error":	"OUT OF ORDER - incoming packet = 946 and received packet = 947 AND SP = 5",
	"error":	"OUT OF ORDER - incoming packet = 967 and received packet = 968 AND SP = 5",
	"error":	"OUT OF ORDER - incoming packet = 1112 and received packet = 1113 AND SP = 5",
	"error":	"OUT OF ORDER - incoming packet = 1229 and received packet = 1230 AND SP = 5",
	"error":	"OUT OF ORDER - incoming packet = 1267 and received packet = 1269 AND SP = 5",
	"error":	"OUT OF ORDER - incoming packet = 1268 and received packet = 1269 AND SP = 5",
	"error":	"OUT OF ORDER - incoming packet = 1353 and received packet = 1355 AND SP = 5",
	"error":	"OUT OF ORDER - incoming packet = 1405 and received packet = 1407 AND SP = 5",
	"error":	"OUT OF ORDER - incoming packet = 1406 and received packet = 1407 AND SP = 5",
	"error":	"OUT OF ORDER - incoming packet = 1430 and received packet = 1432 AND SP = 5",
	"error":	"OUT OF ORDER - incoming packet = 1464 and received packet = 1467 AND SP = 5",
	"error":	"OUT OF ORDER - incoming packet = 1465 and received packet = 1467 AND SP = 5",
	"error":	"OUT OF ORDER - incoming packet = 1466 and received packet = 1467 AND SP = 5",
	"error":	"OUT OF ORDER - incoming packet = 1468 and received packet = 1473 AND SP = 5",
	"error":	"OUT OF ORDER - incoming packet = 1469 and received packet = 1473 AND SP = 5",
	"error":	"OUT OF ORDER - incoming packet = 1471 and received packet = 1473 AND SP = 5",
	"error":	"OUT OF ORDER - incoming packet = 1491 and received packet = 1503 AND SP = 5",
	"error":	"OUT OF ORDER - incoming packet = 1492 and received packet = 1505 AND SP = 5",
	"error":	"OUT OF ORDER - incoming packet = 1511 and received packet = 1512 AND SP = 5",
	"error":	"OUT OF ORDER - incoming packet = 1530 and received packet = 1535 AND SP = 5",
	"error":	"OUT OF ORDER - incoming packet = 1633 and received packet = 1634 AND SP = 5",
	"error":	"OUT OF ORDER - incoming packet = 1669 and received packet = 1673 AND SP = 5",
	"error":	"OUT OF ORDER - incoming packet = 1670 and received packet = 1674 AND SP = 5",
	"error":	"OUT OF ORDER - incoming packet = 1672 and received packet = 1676 AND SP = 5",
	"error":	"OUT OF ORDER - incoming packet = 1788 and received packet = 1790 AND SP = 5",
	"error":	"OUT OF ORDER - incoming packet = 1797 and received packet = 1798 AND SP = 5",
	"error":	"OUT OF ORDER - incoming packet = 1880 and received packet = 1881 AND SP = 5",
	"error":	"OUT OF ORDER - incoming packet = 1904 and received packet = 1905 AND SP = 5",
	"error":	"OUT OF ORDER - incoming packet = 1906 and received packet = 1907 AND SP = 5",
	"error":	"OUT OF ORDER - incoming packet = 2053 and received packet = 2054 AND SP = 5",
	"error":	"OUT OF ORDER - incoming packet = 2056 and received packet = 2057 AND SP = 5",
	"error":	"OUT OF ORDER - incoming packet = 2055 and received packet = 2057 AND SP = 5",
	"error":	"OUT OF ORDER - incoming packet = 2063 and received packet = 2064 AND SP = 5",
	"error":	"OUT OF ORDER - incoming packet = 2352 and received packet = 2360 AND SP = 5",
	"error":	"OUT OF ORDER - incoming packet = 2672 and received packet = 2673 AND SP = 5",
	"error":	"OUT OF ORDER - incoming packet = 2674 and received packet = 2677 AND SP = 5",
	"error":	"OUT OF ORDER - incoming packet = 2675 and received packet = 2677 AND SP = 5",
	"error":	"OUT OF ORDER - incoming packet = 2676 and received packet = 2677 AND SP = 5",
	"error":	"OUT OF ORDER - incoming packet = 2678 and received packet = 2682 AND SP = 5",
	"error":	"OUT OF ORDER - incoming packet = 2681 and received packet = 2682 AND SP = 5",
	"error":	"OUT OF ORDER - incoming packet = 2714 and received packet = 2715 AND SP = 5",
	"error":	"OUT OF ORDER - incoming packet = 2724 and received packet = 2725 AND SP = 5",
	"error":	"OUT OF ORDER - incoming packet = 2783 and received packet = 2787 AND SP = 5",
	"error":	"OUT OF ORDER - incoming packet = 2784 and received packet = 2787 AND SP = 5",
	"error":	"OUT OF ORDER - incoming packet = 2789 and received packet = 2792 AND SP = 5",
	"error":	"OUT OF ORDER - incoming packet = 2791 and received packet = 2792 AND SP = 5",
	"error":	"OUT OF ORDER - incoming packet = 2938 and received packet = 2943 AND SP = 5",
	"error":	"OUT OF ORDER - incoming packet = 2971 and received packet = 2975 AND SP = 5",
	"error":	"OUT OF ORDER - incoming packet = 3366 and received packet = 3371 AND SP = 5",
	"error":	"OUT OF ORDER - incoming packet = 3388 and received packet = 3393 AND SP = 5",
	"error":	"OUT OF ORDER - incoming packet = 4114 and received packet = 4116 AND SP = 5",
	"error":	"OUT OF ORDER - incoming packet = 4684 and received packet = 4685 AND SP = 5",
	"error":	"OUT OF ORDER - incoming packet = 4689 and received packet = 4690 AND SP = 5",
	"error":	"OUT OF ORDER - incoming packet = 4883 and received packet = 4884 AND SP = 5",
	"error":	"OUT OF ORDER - incoming packet = 4972 and received packet = 4973 AND SP = 5",
	"error":	"OUT OF ORDER - incoming packet = 5045 and received packet = 5052 AND SP = 5",
	"error":	"OUT OF ORDER - incoming packet = 5046 and received packet = 5052 AND SP = 5",
	"error":	"OUT OF ORDER - incoming packet = 5322 and received packet = 5323 AND SP = 5",
	"error":	"OUT OF ORDER - incoming packet = 5365 and received packet = 5378 AND SP = 5",
	"error":	"OUT OF ORDER - incoming packet = 5372 and received packet = 5378 AND SP = 5",
	"error":	"OUT OF ORDER - incoming packet = 5373 and received packet = 5378 AND SP = 5",
	"error":	"OUT OF ORDER - incoming packet = 5425 and received packet = 5426 AND SP = 5",
	"error":	"OUT OF ORDER - incoming packet = 5428 and received packet = 5429 AND SP = 5",
	"error":	"OUT OF ORDER - incoming packet = 5427 and received packet = 5429 AND SP = 5",
	"error":	"OUT OF ORDER - incoming packet = 5463 and received packet = 5468 AND SP = 5",
	"error":	"OUT OF ORDER - incoming packet = 5514 and received packet = 5515 AND SP = 5",
	"error":	"OUT OF ORDER - incoming packet = 5516 and received packet = 5519 AND SP = 5",
	"error":	"OUT OF ORDER - incoming packet = 5517 and received packet = 5519 AND SP = 5",
	"error":	"OUT OF ORDER - incoming packet = 5577 and received packet = 5579 AND SP = 5",
	"error":	"OUT OF ORDER - incoming packet = 5578 and received packet = 5579 AND SP = 5",
	"error":	"OUT OF ORDER - incoming packet = 5585 and received packet = 5586 AND SP = 5",
	"error":	"OUT OF ORDER - incoming packet = 5677 and received packet = 5678 AND SP = 5",
	"error":	"OUT OF ORDER - incoming packet = 5679 and received packet = 5681 AND SP = 5",
	"error":	"OUT OF ORDER - incoming packet = 5980 and received packet = 5981 AND SP = 5",
	"error":	"OUT OF ORDER - incoming packet = 6950 and received packet = 6952 AND SP = 5",
	"error":	"OUT OF ORDER - incoming packet = 6955 and received packet = 6957 AND SP = 5",
	"error":	"OUT OF ORDER - incoming packet = 6977 and received packet = 6978 AND SP = 5",
	"error":	"OUT OF ORDER - incoming packet = 7900 and received packet = 7902 AND SP = 5",
	"error":	"OUT OF ORDER - incoming packet = 8517 and received packet = 8518 AND SP = 5",
	"error":	"OUT OF ORDER - incoming packet = 9436 and received packet = 9439 AND SP = 5",
	"error":	"OUT OF ORDER - incoming packet = 9437 and received packet = 9439 AND SP = 5",
	"error":	"OUT OF ORDER - incoming packet = 9570 and received packet = 9571 AND SP = 5",
	"error":	"OUT OF ORDER - incoming packet = 9584 and received packet = 9585 AND SP = 5",
	"error":	"OUT OF ORDER - incoming packet = 9729 and received packet = 9730 AND SP = 5",
	"error":	"OUT OF ORDER - incoming packet = 10630 and received packet = 10633 AND SP = 5",
	"error":	"OUT OF ORDER - incoming packet = 10631 and received packet = 10633 AND SP = 5",
	"error":	"OUT OF ORDER - incoming packet = 10632 and received packet = 10633 AND SP = 5",
	"error":	"OUT OF ORDER - incoming packet = 10710 and received packet = 10712 AND SP = 5",
	"error":	"OUT OF ORDER - incoming packet = 11801 and received packet = 11803 AND SP = 5",
	"error":	"OUT OF ORDER - incoming packet = 11802 and received packet = 11803 AND SP = 5",
	"error":	"OUT OF ORDER - incoming packet = 11912 and received packet = 11922 AND SP = 5",
	"error":	"OUT OF ORDER - incoming packet = 12004 and received packet = 12006 AND SP = 5",
	"error":	"OUT OF ORDER - incoming packet = 12005 and received packet = 12008 AND SP = 5",
	"error":	"OUT OF ORDER - incoming packet = 12039 and received packet = 12042 AND SP = 5",
	"error":	"OUT OF ORDER - incoming packet = 12101 and received packet = 12103 AND SP = 5",
	"error":	"OUT OF ORDER - incoming packet = 12100 and received packet = 12104 AND SP = 5",
	"error":	"OUT OF ORDER - incoming packet = 12107 and received packet = 12110 AND SP = 5",
	"error":	"OUT OF ORDER - incoming packet = 12111 and received packet = 12113 AND SP = 5",
	"error":	"OUT OF ORDER - incoming packet = 12112 and received packet = 12113 AND SP = 5",
	"error":	"OUT OF ORDER - incoming packet = 12114 and received packet = 12115 AND SP = 5",
	"error":	"OUT OF ORDER - incoming packet = 12116 and received packet = 12120 AND SP = 5",
	"error":	"OUT OF ORDER - incoming packet = 12118 and received packet = 12124 AND SP = 5",
	"error":	"OUT OF ORDER - incoming packet = 14402 and received packet = 14403 AND SP = 5",
	"error":	"OUT OF ORDER - incoming packet = 14464 and received packet = 14465 AND SP = 5",
	"error":	"OUT OF ORDER - incoming packet = 14466 and received packet = 14467 AND SP = 5",
	"error":	"OUT OF ORDER - incoming packet = 14487 and received packet = 14490 AND SP = 5",
	"error":	"OUT OF ORDER - incoming packet = 15217 and received packet = 15224 AND SP = 5",
	"error":	"OUT OF ORDER - incoming packet = 15218 and received packet = 15224 AND SP = 5",
	"error":	"OUT OF ORDER - incoming packet = 16988 and received packet = 16990 AND SP = 5",
	"error":	"OUT OF ORDER - incoming packet = 16999 and received packet = 17004 AND SP = 5",
	"error":	"OUT OF ORDER - incoming packet = 17393 and received packet = 17394 AND SP = 5",
	"error":	"OUT OF ORDER - incoming packet = 17403 and received packet = 17404 AND SP = 5",
	"error":	"OUT OF ORDER - incoming packet = 18432 and received packet = 18435 AND SP = 5",
	"error":	"OUT OF ORDER - incoming packet = 18436 and received packet = 18437 AND SP = 5",
	"error":	"OUT OF ORDER - incoming packet = 18677 and received packet = 18678 AND SP = 5",
	"error":	"OUT OF ORDER - incoming packet = 18793 and received packet = 18800 AND SP = 5",
	"error":	"OUT OF ORDER - incoming packet = 18886 and received packet = 18887 AND SP = 5",
	"error":	"OUT OF ORDER - incoming packet = 19251 and received packet = 19252 AND SP = 5",
	"error":	"OUT OF ORDER - incoming packet = 19257 and received packet = 19258 AND SP = 5",
	"error":	"OUT OF ORDER - incoming packet = 19268 and received packet = 19269 AND SP = 5",
	"error":	"OUT OF ORDER - incoming packet = 19292 and received packet = 19293 AND SP = 5",
	"error":	"OUT OF ORDER - incoming packet = 19462 and received packet = 19465 AND SP = 5",
	"error":	"OUT OF ORDER - incoming packet = 19463 and received packet = 19466 AND SP = 5",
	"error":	"OUT OF ORDER - incoming packet = 19614 and received packet = 19615 AND SP = 5",
	"error":	"OUT OF ORDER - incoming packet = 19685 and received packet = 19690 AND SP = 5",
	"error":	"OUT OF ORDER - incoming packet = 19689 and received packet = 19690 AND SP = 5",
	"error":	"OUT OF ORDER - incoming packet = 19882 and received packet = 19883 AND SP = 5",
	"error":	"OUT OF ORDER - incoming packet = 20192 and received packet = 20195 AND SP = 5",
	"error":	"OUT OF ORDER - incoming packet = 20193 and received packet = 20195 AND SP = 5",
	"error":	"OUT OF ORDER - incoming packet = 20239 and received packet = 20240 AND SP = 5",
	"error":	"OUT OF ORDER - incoming packet = 20265 and received packet = 20266 AND SP = 5",
	"error":	"OUT OF ORDER - incoming packet = 20302 and received packet = 20303 AND SP = 5",
	"error":	"OUT OF ORDER - incoming packet = 20640 and received packet = 20641 AND SP = 5",
	"error":	"OUT OF ORDER - incoming packet = 20923 and received packet = 20924 AND SP = 5",
	"error":	"OUT OF ORDER - incoming packet = 20946 and received packet = 20948 AND SP = 5",
	"error":	"OUT OF ORDER - incoming packet = 21190 and received packet = 21192 AND SP = 5",
	"error":	"OUT OF ORDER - incoming packet = 21191 and received packet = 21192 AND SP = 5",
	"error":	"OUT OF ORDER - incoming packet = 21194 and received packet = 21197 AND SP = 5",
	"error":	"OUT OF ORDER - incoming packet = 21193 and received packet = 21197 AND SP = 5",
	"error":	"OUT OF ORDER - incoming packet = 21195 and received packet = 21199 AND SP = 5",
	"error":	"OUT OF ORDER - incoming packet = 21447 and received packet = 21451 AND SP = 5",
	"error":	"OUT OF ORDER - incoming packet = 21522 and received packet = 21523 AND SP = 5",
	"error":	"OUT OF ORDER - incoming packet = 21524 and received packet = 21525 AND SP = 5",
	"error":	"OUT OF ORDER - incoming packet = 21547 and received packet = 21548 AND SP = 5",
	"error":	"OUT OF ORDER - incoming packet = 21619 and received packet = 21624 AND SP = 5",
	"error":	"OUT OF ORDER - incoming packet = 21620 and received packet = 21624 AND SP = 5",
	"error":	"OUT OF ORDER - incoming packet = 21623 and received packet = 21627 AND SP = 5",
	"error":	"OUT OF ORDER - incoming packet = 21626 and received packet = 21629 AND SP = 5",
	"error":	"OUT OF ORDER - incoming packet = 22335 and received packet = 22339 AND SP = 5",
	"error":	"OUT OF ORDER - incoming packet = 22336 and received packet = 22339 AND SP = 5",
	"error":	"OUT OF ORDER - incoming packet = 23359 and received packet = 23360 AND SP = 5",
	"error":	"OUT OF ORDER - incoming packet = 23403 and received packet = 23404 AND SP = 5",
	"error":	"OUT OF ORDER - incoming packet = 23413 and received packet = 23415 AND SP = 5",
	"error":	"OUT OF ORDER - incoming packet = 23416 and received packet = 23417 AND SP = 5",
	"error":	"OUT OF ORDER - incoming packet = 23419 and received packet = 23420 AND SP = 5",
	"error":	"OUT OF ORDER - incoming packet = 23473 and received packet = 23478 AND SP = 5",
	"error":	"OUT OF ORDER - incoming packet = 23474 and received packet = 23478 AND SP = 5",
	"error":	"OUT OF ORDER - incoming packet = 23513 and received packet = 23514 AND SP = 5",
	"error":	"OUT OF ORDER - incoming packet = 23534 and received packet = 23535 AND SP = 5",
	"error":	"OUT OF ORDER - incoming packet = 23537 and received packet = 23538 AND SP = 5",
	"error":	"OUT OF ORDER - incoming packet = 23755 and received packet = 23756 AND SP = 5",
	"error":	"OUT OF ORDER - incoming packet = 23761 and received packet = 23762 AND SP = 5",
	"error":	"OUT OF ORDER - incoming packet = 23763 and received packet = 23765 AND SP = 5",
	"error":	"OUT OF ORDER - incoming packet = 23764 and received packet = 23766 AND SP = 5",
	"error":	"OUT OF ORDER - incoming packet = 23773 and received packet = 23776 AND SP = 5",
	"error":	"OUT OF ORDER - incoming packet = 23919 and received packet = 23925 AND SP = 5",
	"error":	"OUT OF ORDER - incoming packet = 23923 and received packet = 23928 AND SP = 5",
	"error":	"OUT OF ORDER - incoming packet = 23927 and received packet = 23931 AND SP = 5",
	"error":	"OUT OF ORDER - incoming packet = 24011 and received packet = 24016 AND SP = 5",
	"error":	"OUT OF ORDER - incoming packet = 24012 and received packet = 24017 AND SP = 5",
	"error":	"OUT OF ORDER - incoming packet = 24041 and received packet = 24042 AND SP = 5",
	"error":	"OUT OF ORDER - incoming packet = 24195 and received packet = 24196 AND SP = 5",
	"error":	"OUT OF ORDER - incoming packet = 24279 and received packet = 24281 AND SP = 5",
	"error":	"OUT OF ORDER - incoming packet = 24646 and received packet = 24648 AND SP = 5",
	"error":	"OUT OF ORDER - incoming packet = 24647 and received packet = 24648 AND SP = 5",
	"error":	"OUT OF ORDER - incoming packet = 25751 and received packet = 25752 AND SP = 5",
	"error":	"OUT OF ORDER - incoming packet = 25830 and received packet = 25831 AND SP = 5",
	"error":	"OUT OF ORDER - incoming packet = 25962 and received packet = 25963 AND SP = 5",
	"error":	"OUT OF ORDER - incoming packet = 26147 and received packet = 26148 AND SP = 5",
	"error":	"OUT OF ORDER - incoming packet = 26221 and received packet = 26222 AND SP = 5",
	"error":	"OUT OF ORDER - incoming packet = 26315 and received packet = 26318 AND SP = 5",
	"error":	"OUT OF ORDER - incoming packet = 26316 and received packet = 26318 AND SP = 5",
	"error":	"OUT OF ORDER - incoming packet = 26317 and received packet = 26318 AND SP = 5",
	"error":	"OUT OF ORDER - incoming packet = 26324 and received packet = 26325 AND SP = 5",
	"error":	"OUT OF ORDER - incoming packet = 26448 and received packet = 26449 AND SP = 5",
	"error":	"OUT OF ORDER - incoming packet = 26499 and received packet = 26500 AND SP = 5",
	"error":	"OUT OF ORDER - incoming packet = 26504 and received packet = 26505 AND SP = 5",
	"error":	"OUT OF ORDER - incoming packet = 26506 and received packet = 26507 AND SP = 5",
	"error":	"OUT OF ORDER - incoming packet = 26525 and received packet = 26526 AND SP = 5",
	"error":	"OUT OF ORDER - incoming packet = 26580 and received packet = 26581 AND SP = 5",
	"error":	"OUT OF ORDER - incoming packet = 26582 and received packet = 26584 AND SP = 5",
	"error":	"OUT OF ORDER - incoming packet = 26585 and received packet = 26587 AND SP = 5",
	"error":	"OUT OF ORDER - incoming packet = 26652 and received packet = 26653 AND SP = 5",
	"error":	"OUT OF ORDER - incoming packet = 26745 and received packet = 26749 AND SP = 5",
	"error":	"OUT OF ORDER - incoming packet = 26746 and received packet = 26749 AND SP = 5",
	"error":	"OUT OF ORDER - incoming packet = 26750 and received packet = 26752 AND SP = 5",
	"error":	"OUT OF ORDER - incoming packet = 26751 and received packet = 26754 AND SP = 5",
	"error":	"OUT OF ORDER - incoming packet = 26840 and received packet = 26841 AND SP = 5",
	"error":	"OUT OF ORDER - incoming packet = 27065 and received packet = 27066 AND SP = 5",
	"error":	"OUT OF ORDER - incoming packet = 27064 and received packet = 27066 AND SP = 5",
	"error":	"OUT OF ORDER - incoming packet = 27257 and received packet = 27260 AND SP = 5",
	"error":	"OUT OF ORDER - incoming packet = 27258 and received packet = 27260 AND SP = 5",
	"error":	"OUT OF ORDER - incoming packet = 27569 and received packet = 27570 AND SP = 5",
	"error":	"OUT OF ORDER - incoming packet = 27967 and received packet = 27968 AND SP = 5",
	"error":	"OUT OF ORDER - incoming packet = 28123 and received packet = 28125 AND SP = 5",
	"error":	"OUT OF ORDER - incoming packet = 28779 and received packet = 28780 AND SP = 5",
	"error":	"OUT OF ORDER - incoming packet = 28873 and received packet = 28875 AND SP = 5",
	"error":	"OUT OF ORDER - incoming packet = 28874 and received packet = 28875 AND SP = 5",
	"error":	"OUT OF ORDER - incoming packet = 29002 and received packet = 29005 AND SP = 5",
	"error":	"OUT OF ORDER - incoming packet = 29385 and received packet = 29386 AND SP = 5"
}
