{
	"start":	{
		"connected":	[{
				"socket":	5,
				"local_host":	"10.0.0.8",
				"local_port":	3037,
				"remote_host":	"10.0.0.3",
				"remote_port":	50954
			}],
		"version":	"iperf 3.0.7",
		"system_info":	"Linux H8 5.4.197-0504197-generic #202206060747 SMP Mon Jun 6 09:27:47 UTC 2022 x86_64 x86_64 x86_64 GNU/Linux\n",
		"timestamp":	{
			"time":	"Fri, 22 Jul 2022 16:21:58 GMT",
			"timesecs":	1658506918
		},
		"accepted_connection":	{
			"host":	"10.0.0.3",
			"port":	50952
		},
		"cookie":	"H3.1658506918.789080.0b9f52ce500c5d6",
		"tcp_mss_default":	1448,
		"test_start":	{
			"protocol":	"TCP",
			"num_streams":	1,
			"blksize":	131072,
			"omit":	0,
			"duration":	5,
			"bytes":	0,
			"blocks":	0,
			"reverse":	0
		}
	},
	"intervals":	[{
			"streams":	[{
					"socket":	5,
					"start":	0,
					"end":	1.00057,
					"seconds":	1.00057,
					"bytes":	1716912,
					"bits_per_second":	1.37275e+07,
					"omitted":	false
				}],
			"sum":	{
				"start":	0,
				"end":	1.00057,
				"seconds":	1.00057,
				"bytes":	1716912,
				"bits_per_second":	1.37275e+07,
				"omitted":	false
			}
		}, {
			"streams":	[{
					"socket":	5,
					"start":	1.00057,
					"end":	2.00095,
					"seconds":	1.00038,
					"bytes":	1966080,
					"bits_per_second":	1.57226e+07,
					"omitted":	false
				}],
			"sum":	{
				"start":	1.00057,
				"end":	2.00095,
				"seconds":	1.00038,
				"bytes":	1966080,
				"bits_per_second":	1.57226e+07,
				"omitted":	false
			}
		}, {
			"streams":	[{
					"socket":	5,
					"start":	2.00095,
					"end":	3.00084,
					"seconds":	0.999891,
					"bytes":	1807496,
					"bits_per_second":	1.44615e+07,
					"omitted":	false
				}],
			"sum":	{
				"start":	2.00095,
				"end":	3.00084,
				"seconds":	0.999891,
				"bytes":	1807496,
				"bits_per_second":	1.44615e+07,
				"omitted":	false
			}
		}, {
			"streams":	[{
					"socket":	5,
					"start":	3.00084,
					"end":	4.00099,
					"seconds":	1.00015,
					"bytes":	1835008,
					"bits_per_second":	1.46779e+07,
					"omitted":	false
				}],
			"sum":	{
				"start":	3.00084,
				"end":	4.00099,
				"seconds":	1.00015,
				"bytes":	1835008,
				"bits_per_second":	1.46779e+07,
				"omitted":	false
			}
		}, {
			"streams":	[{
					"socket":	5,
					"start":	4.00099,
					"end":	5.00049,
					"seconds":	0.999505,
					"bytes":	1966080,
					"bits_per_second":	1.57364e+07,
					"omitted":	false
				}],
			"sum":	{
				"start":	4.00099,
				"end":	5.00049,
				"seconds":	0.999505,
				"bytes":	1966080,
				"bits_per_second":	1.57364e+07,
				"omitted":	false
			}
		}],
	"end":	{
		"streams":	[{
				"sender":	{
					"socket":	5,
					"start":	0,
					"end":	5.00049,
					"seconds":	5.00049,
					"bytes":	9291576,
					"bits_per_second":	1.48651e+07,
					"retransmits":	0
				},
				"receiver":	{
					"socket":	5,
					"start":	0,
					"end":	5.00049,
					"seconds":	5.00049,
					"bytes":	9291576,
					"bits_per_second":	1.48651e+07
				}
			}],
		"sum_sent":	{
			"start":	0,
			"end":	5.00049,
			"seconds":	5.00049,
			"bytes":	9291576,
			"bits_per_second":	1.48651e+07,
			"retransmits":	0
		},
		"sum_received":	{
			"start":	0,
			"end":	5.00049,
			"seconds":	5.00049,
			"bytes":	9291576,
			"bits_per_second":	1.48651e+07
		},
		"cpu_utilization_percent":	{
			"host_total":	1.27079,
			"host_user":	1.27077,
			"host_system":	0,
			"remote_total":	0.361572,
			"remote_user":	0,
			"remote_system":	0.361552
		}
	}
}
{
	"start":	{
		"connected":	[],
		"version":	"iperf 3.0.7",
		"system_info":	"Linux H8 5.4.197-0504197-generic #202206060747 SMP Mon Jun 6 09:27:47 UTC 2022 x86_64 x86_64 x86_64 GNU/Linux\n"
	},
	"intervals":	[],
	"end":	{
	},
	"error":	"interrupt - the server has terminated"
}
