{
	"start":	{
		"connected":	[{
				"socket":	5,
				"local_host":	"10.0.0.8",
				"local_port":	4054,
				"remote_host":	"10.0.0.5",
				"remote_port":	52352
			}],
		"version":	"iperf 3.0.7",
		"system_info":	"Linux MECS1 5.4.197-0504197-generic #202206060747 SMP Mon Jun 6 09:27:47 UTC 2022 x86_64 x86_64 x86_64 GNU/Linux\n",
		"timestamp":	{
			"time":	"Mon, 25 Jul 2022 21:48:46 GMT",
			"timesecs":	1658785726
		},
		"accepted_connection":	{
			"host":	"10.0.0.5",
			"port":	48740
		},
		"cookie":	"BS5.1658785725.999542.6429dffb33ab1d",
		"test_start":	{
			"protocol":	"UDP",
			"num_streams":	1,
			"blksize":	8192,
			"omit":	0,
			"duration":	9,
			"bytes":	0,
			"blocks":	0,
			"reverse":	0
		}
	},
	"intervals":	[{
			"streams":	[{
					"socket":	5,
					"start":	0,
					"end":	1.00079,
					"seconds":	1.00079,
					"bytes":	2818048,
					"bits_per_second":	2.25265e+07,
					"jitter_ms":	0.429553,
					"lost_packets":	0,
					"packets":	344,
					"lost_percent":	0,
					"omitted":	false
				}],
			"sum":	{
				"start":	0,
				"end":	1.00079,
				"seconds":	1.00079,
				"bytes":	2818048,
				"bits_per_second":	2.25265e+07,
				"jitter_ms":	0.429553,
				"lost_packets":	0,
				"packets":	344,
				"lost_percent":	0,
				"omitted":	false
			}
		}, {
			"streams":	[{
					"socket":	5,
					"start":	1.00079,
					"end":	2.0009,
					"seconds":	1.00011,
					"bytes":	3137536,
					"bits_per_second":	2.50976e+07,
					"jitter_ms":	0.752114,
					"lost_packets":	0,
					"packets":	383,
					"lost_percent":	0,
					"omitted":	false
				}],
			"sum":	{
				"start":	1.00079,
				"end":	2.0009,
				"seconds":	1.00011,
				"bytes":	3137536,
				"bits_per_second":	2.50976e+07,
				"jitter_ms":	0.752114,
				"lost_packets":	0,
				"packets":	383,
				"lost_percent":	0,
				"omitted":	false
			}
		}, {
			"streams":	[{
					"socket":	5,
					"start":	2.0009,
					"end":	3.00037,
					"seconds":	0.999468,
					"bytes":	3145728,
					"bits_per_second":	2.51792e+07,
					"jitter_ms":	1.0369,
					"lost_packets":	4,
					"packets":	388,
					"lost_percent":	1.03093,
					"omitted":	false
				}],
			"sum":	{
				"start":	2.0009,
				"end":	3.00037,
				"seconds":	0.999468,
				"bytes":	3145728,
				"bits_per_second":	2.51792e+07,
				"jitter_ms":	1.0369,
				"lost_packets":	4,
				"packets":	388,
				"lost_percent":	1.03093,
				"omitted":	false
			}
		}, {
			"streams":	[{
					"socket":	5,
					"start":	3.00037,
					"end":	4.00033,
					"seconds":	0.999965,
					"bytes":	3063808,
					"bits_per_second":	2.45113e+07,
					"jitter_ms":	0.384499,
					"lost_packets":	0,
					"packets":	374,
					"lost_percent":	0,
					"omitted":	false
				}],
			"sum":	{
				"start":	3.00037,
				"end":	4.00033,
				"seconds":	0.999965,
				"bytes":	3063808,
				"bits_per_second":	2.45113e+07,
				"jitter_ms":	0.384499,
				"lost_packets":	0,
				"packets":	374,
				"lost_percent":	0,
				"omitted":	false
			}
		}, {
			"streams":	[{
					"socket":	5,
					"start":	4.00033,
					"end":	5.00097,
					"seconds":	1.00064,
					"bytes":	3129344,
					"bits_per_second":	2.50188e+07,
					"jitter_ms":	0.444423,
					"lost_packets":	0,
					"packets":	382,
					"lost_percent":	0,
					"omitted":	false
				}],
			"sum":	{
				"start":	4.00033,
				"end":	5.00097,
				"seconds":	1.00064,
				"bytes":	3129344,
				"bits_per_second":	2.50188e+07,
				"jitter_ms":	0.444423,
				"lost_packets":	0,
				"packets":	382,
				"lost_percent":	0,
				"omitted":	false
			}
		}, {
			"streams":	[{
					"socket":	5,
					"start":	5.00097,
					"end":	6.00059,
					"seconds":	0.999623,
					"bytes":	3121152,
					"bits_per_second":	2.49786e+07,
					"jitter_ms":	0.468834,
					"lost_packets":	1,
					"packets":	381,
					"lost_percent":	0.262467,
					"omitted":	false
				}],
			"sum":	{
				"start":	5.00097,
				"end":	6.00059,
				"seconds":	0.999623,
				"bytes":	3121152,
				"bits_per_second":	2.49786e+07,
				"jitter_ms":	0.468834,
				"lost_packets":	1,
				"packets":	381,
				"lost_percent":	0.262467,
				"omitted":	false
			}
		}, {
			"streams":	[{
					"socket":	5,
					"start":	6.00059,
					"end":	7.00024,
					"seconds":	0.999642,
					"bytes":	3137536,
					"bits_per_second":	2.51093e+07,
					"jitter_ms":	0.476374,
					"lost_packets":	0,
					"packets":	383,
					"lost_percent":	0,
					"omitted":	false
				}],
			"sum":	{
				"start":	6.00059,
				"end":	7.00024,
				"seconds":	0.999642,
				"bytes":	3137536,
				"bits_per_second":	2.51093e+07,
				"jitter_ms":	0.476374,
				"lost_packets":	0,
				"packets":	383,
				"lost_percent":	0,
				"omitted":	false
			}
		}, {
			"streams":	[{
					"socket":	5,
					"start":	7.00024,
					"end":	8.00184,
					"seconds":	1.0016,
					"bytes":	3112960,
					"bits_per_second":	2.48639e+07,
					"jitter_ms":	0.481573,
					"lost_packets":	0,
					"packets":	380,
					"lost_percent":	0,
					"omitted":	false
				}],
			"sum":	{
				"start":	7.00024,
				"end":	8.00184,
				"seconds":	1.0016,
				"bytes":	3112960,
				"bits_per_second":	2.48639e+07,
				"jitter_ms":	0.481573,
				"lost_packets":	0,
				"packets":	380,
				"lost_percent":	0,
				"omitted":	false
			}
		}, {
			"streams":	[{
					"socket":	5,
					"start":	8.00184,
					"end":	9.00033,
					"seconds":	0.998492,
					"bytes":	3121152,
					"bits_per_second":	2.50069e+07,
					"jitter_ms":	0.498536,
					"lost_packets":	0,
					"packets":	381,
					"lost_percent":	0,
					"omitted":	false
				}],
			"sum":	{
				"start":	8.00184,
				"end":	9.00033,
				"seconds":	0.998492,
				"bytes":	3121152,
				"bits_per_second":	2.50069e+07,
				"jitter_ms":	0.498536,
				"lost_packets":	0,
				"packets":	381,
				"lost_percent":	0,
				"omitted":	false
			}
		}, {
			"streams":	[{
					"socket":	5,
					"start":	9.00033,
					"end":	9.01313,
					"seconds":	0.0127981,
					"bytes":	0,
					"bits_per_second":	0,
					"jitter_ms":	0.498536,
					"lost_packets":	0,
					"packets":	0,
					"lost_percent":	-nan,
					"omitted":	false
				}],
			"sum":	{
				"start":	9.00033,
				"end":	9.01313,
				"seconds":	0.0127981,
				"bytes":	0,
				"bits_per_second":	0,
				"jitter_ms":	0.498536,
				"lost_packets":	0,
				"packets":	0,
				"lost_percent":	-nan,
				"omitted":	false
			}
		}],
	"end":	{
		"streams":	[{
				"udp":	{
					"socket":	5,
					"start":	0,
					"end":	9.01313,
					"seconds":	9.01313,
					"bytes":	27820032,
					"bits_per_second":	2.46929e+07,
					"jitter_ms":	0.498536,
					"lost_packets":	5,
					"packets":	3396,
					"lost_percent":	0.147232
				}
			}],
		"sum":	{
			"start":	0,
			"end":	9.01313,
			"seconds":	9.01313,
			"bytes":	27820032,
			"bits_per_second":	2.46929e+07,
			"jitter_ms":	0.498536,
			"lost_packets":	5,
			"packets":	3396,
			"lost_percent":	0.147232
		},
		"cpu_utilization_percent":	{
			"host_total":	2.13336,
			"host_user":	0.166184,
			"host_system":	1.96719,
			"remote_total":	2.97918,
			"remote_user":	0.18954,
			"remote_system":	2.78961
		}
	},
	"error":	"OUT OF ORDER - incoming packet = 1934 and received packet = 1936 AND SP = 5"
}
