{
	"start":	{
		"connected":	[{
				"socket":	5,
				"local_host":	"10.0.0.6",
				"local_port":	2101,
				"remote_host":	"10.0.0.5",
				"remote_port":	48370
			}],
		"version":	"iperf 3.7",
		"system_info":	"Linux H6 5.4.197-0504197-generic #202206060747 SMP Mon Jun 6 09:27:47 UTC 2022 x86_64",
		"target_bitrate":	15000000,
		"sock_bufsize":	0,
		"sndbuf_actual":	87380,
		"rcvbuf_actual":	87380,
		"timestamp":	{
			"time":	"Mon, 01 Aug 2022 00:26:04 GMT",
			"timesecs":	1659313564
		},
		"accepted_connection":	{
			"host":	"10.0.0.5",
			"port":	48368
		},
		"cookie":	"c4sococmlakvv5k5avnei5fpcdbpspap4e36",
		"tcp_mss_default":	0,
		"target_bitrate":	15000000,
		"test_start":	{
			"protocol":	"TCP",
			"num_streams":	1,
			"blksize":	131072,
			"omit":	0,
			"duration":	5,
			"bytes":	0,
			"blocks":	0,
			"reverse":	0,
			"tos":	0
		}
	},
	"intervals":	[{
			"streams":	[{
					"socket":	5,
					"start":	0,
					"end":	1.000277,
					"seconds":	1.000277042388916,
					"bytes":	1966080,
					"bits_per_second":	15724283.706877854,
					"omitted":	false,
					"sender":	false
				}],
			"sum":	{
				"start":	0,
				"end":	1.000277,
				"seconds":	1.000277042388916,
				"bytes":	1966080,
				"bits_per_second":	15724283.706877854,
				"omitted":	false,
				"sender":	false
			}
		}, {
			"streams":	[{
					"socket":	5,
					"start":	1.000277,
					"end":	2.000827,
					"seconds":	1.0005500316619873,
					"bytes":	1835008,
					"bits_per_second":	14671993.93878918,
					"omitted":	false,
					"sender":	false
				}],
			"sum":	{
				"start":	1.000277,
				"end":	2.000827,
				"seconds":	1.0005500316619873,
				"bytes":	1835008,
				"bits_per_second":	14671993.93878918,
				"omitted":	false,
				"sender":	false
			}
		}, {
			"streams":	[{
					"socket":	5,
					"start":	2.000827,
					"end":	3.000868,
					"seconds":	1.0000410079956055,
					"bytes":	1835008,
					"bits_per_second":	14679462.024685802,
					"omitted":	false,
					"sender":	false
				}],
			"sum":	{
				"start":	2.000827,
				"end":	3.000868,
				"seconds":	1.0000410079956055,
				"bytes":	1835008,
				"bits_per_second":	14679462.024685802,
				"omitted":	false,
				"sender":	false
			}
		}, {
			"streams":	[{
					"socket":	5,
					"start":	3.000868,
					"end":	4.000282,
					"seconds":	0.99941402673721313,
					"bytes":	1966080,
					"bits_per_second":	15737861.966325697,
					"omitted":	false,
					"sender":	false
				}],
			"sum":	{
				"start":	3.000868,
				"end":	4.000282,
				"seconds":	0.99941402673721313,
				"bytes":	1966080,
				"bits_per_second":	15737861.966325697,
				"omitted":	false,
				"sender":	false
			}
		}, {
			"streams":	[{
					"socket":	5,
					"start":	4.000282,
					"end":	5.000601,
					"seconds":	1.0003190040588379,
					"bytes":	1835008,
					"bits_per_second":	14675382.4934196,
					"omitted":	false,
					"sender":	false
				}],
			"sum":	{
				"start":	4.000282,
				"end":	5.000601,
				"seconds":	1.0003190040588379,
				"bytes":	1835008,
				"bits_per_second":	14675382.4934196,
				"omitted":	false,
				"sender":	false
			}
		}],
	"end":	{
		"streams":	[{
				"sender":	{
					"socket":	5,
					"start":	0,
					"end":	5.000923,
					"seconds":	5.000923,
					"bytes":	0,
					"bits_per_second":	0,
					"sender":	false
				},
				"receiver":	{
					"socket":	5,
					"start":	0,
					"end":	5.000923,
					"seconds":	5.000923,
					"bytes":	9437184,
					"bits_per_second":	15096707.547786677,
					"sender":	false
				}
			}],
		"sum_sent":	{
			"start":	0,
			"end":	5.000923,
			"seconds":	5.000923,
			"bytes":	0,
			"bits_per_second":	0,
			"sender":	false
		},
		"sum_received":	{
			"start":	0,
			"end":	5.000923,
			"seconds":	5.000923,
			"bytes":	9437184,
			"bits_per_second":	15096707.547786677,
			"sender":	false
		},
		"cpu_utilization_percent":	{
			"host_total":	2.2346737743888907,
			"host_user":	0,
			"host_system":	2.2347336440167891,
			"remote_total":	0,
			"remote_user":	0,
			"remote_system":	0
		},
		"receiver_tcp_congestion":	"cubic"
	}
}
