{
	"start":	{
		"connected":	[{
				"socket":	5,
				"local_host":	"10.0.0.16",
				"local_port":	1985,
				"remote_host":	"10.0.0.7",
				"remote_port":	58255
			}],
		"version":	"iperf 3.0.7",
		"system_info":	"Linux CS2 5.4.197-0504197-generic #202206060747 SMP Mon Jun 6 09:27:47 UTC 2022 x86_64 x86_64 x86_64 GNU/Linux\n",
		"timestamp":	{
			"time":	"Mon, 25 Jul 2022 21:52:34 GMT",
			"timesecs":	1658785954
		},
		"accepted_connection":	{
			"host":	"10.0.0.7",
			"port":	51906
		},
		"cookie":	"BS7.1658785953.952960.1be64bd34a7fd0",
		"test_start":	{
			"protocol":	"UDP",
			"num_streams":	1,
			"blksize":	8192,
			"omit":	0,
			"duration":	24,
			"bytes":	0,
			"blocks":	0,
			"reverse":	0
		}
	},
	"intervals":	[{
			"streams":	[{
					"socket":	5,
					"start":	0,
					"end":	1.00333,
					"seconds":	1.00333,
					"bytes":	11026432,
					"bits_per_second":	8.7919e+07,
					"jitter_ms":	0.948128,
					"lost_packets":	46,
					"packets":	1349,
					"lost_percent":	3.40993,
					"omitted":	false
				}],
			"sum":	{
				"start":	0,
				"end":	1.00333,
				"seconds":	1.00333,
				"bytes":	11026432,
				"bits_per_second":	8.7919e+07,
				"jitter_ms":	0.948128,
				"lost_packets":	46,
				"packets":	1349,
				"lost_percent":	3.40993,
				"omitted":	false
			}
		}, {
			"streams":	[{
					"socket":	5,
					"start":	1.00333,
					"end":	2.00045,
					"seconds":	0.99712,
					"bytes":	12156928,
					"bits_per_second":	9.75363e+07,
					"jitter_ms":	0.880049,
					"lost_packets":	81,
					"packets":	1534,
					"lost_percent":	5.28031,
					"omitted":	false
				}],
			"sum":	{
				"start":	1.00333,
				"end":	2.00045,
				"seconds":	0.99712,
				"bytes":	12156928,
				"bits_per_second":	9.75363e+07,
				"jitter_ms":	0.880049,
				"lost_packets":	81,
				"packets":	1534,
				"lost_percent":	5.28031,
				"omitted":	false
			}
		}, {
			"streams":	[{
					"socket":	5,
					"start":	2.00045,
					"end":	3.00032,
					"seconds":	0.999869,
					"bytes":	12877824,
					"bits_per_second":	1.03036e+08,
					"jitter_ms":	0.786878,
					"lost_packets":	14,
					"packets":	1586,
					"lost_percent":	0.882724,
					"omitted":	false
				}],
			"sum":	{
				"start":	2.00045,
				"end":	3.00032,
				"seconds":	0.999869,
				"bytes":	12877824,
				"bits_per_second":	1.03036e+08,
				"jitter_ms":	0.786878,
				"lost_packets":	14,
				"packets":	1586,
				"lost_percent":	0.882724,
				"omitted":	false
			}
		}, {
			"streams":	[{
					"socket":	5,
					"start":	3.00032,
					"end":	4.00087,
					"seconds":	1.00055,
					"bytes":	12345344,
					"bits_per_second":	9.87083e+07,
					"jitter_ms":	0.800798,
					"lost_packets":	57,
					"packets":	1533,
					"lost_percent":	3.7182,
					"omitted":	false
				}],
			"sum":	{
				"start":	3.00032,
				"end":	4.00087,
				"seconds":	1.00055,
				"bytes":	12345344,
				"bits_per_second":	9.87083e+07,
				"jitter_ms":	0.800798,
				"lost_packets":	57,
				"packets":	1533,
				"lost_percent":	3.7182,
				"omitted":	false
			}
		}, {
			"streams":	[{
					"socket":	5,
					"start":	4.00087,
					"end":	5.0006,
					"seconds":	0.999734,
					"bytes":	11812864,
					"bits_per_second":	9.4528e+07,
					"jitter_ms":	0.773747,
					"lost_packets":	63,
					"packets":	1497,
					"lost_percent":	4.20842,
					"omitted":	false
				}],
			"sum":	{
				"start":	4.00087,
				"end":	5.0006,
				"seconds":	0.999734,
				"bytes":	11812864,
				"bits_per_second":	9.4528e+07,
				"jitter_ms":	0.773747,
				"lost_packets":	63,
				"packets":	1497,
				"lost_percent":	4.20842,
				"omitted":	false
			}
		}, {
			"streams":	[{
					"socket":	5,
					"start":	5.0006,
					"end":	6.00226,
					"seconds":	1.00166,
					"bytes":	12189696,
					"bits_per_second":	9.73564e+07,
					"jitter_ms":	1.27802,
					"lost_packets":	27,
					"packets":	1509,
					"lost_percent":	1.78926,
					"omitted":	false
				}],
			"sum":	{
				"start":	5.0006,
				"end":	6.00226,
				"seconds":	1.00166,
				"bytes":	12189696,
				"bits_per_second":	9.73564e+07,
				"jitter_ms":	1.27802,
				"lost_packets":	27,
				"packets":	1509,
				"lost_percent":	1.78926,
				"omitted":	false
			}
		}, {
			"streams":	[{
					"socket":	5,
					"start":	6.00226,
					"end":	7.0032,
					"seconds":	1.00095,
					"bytes":	11051008,
					"bits_per_second":	8.83246e+07,
					"jitter_ms":	1.32584,
					"lost_packets":	48,
					"packets":	1374,
					"lost_percent":	3.49345,
					"omitted":	false
				}],
			"sum":	{
				"start":	6.00226,
				"end":	7.0032,
				"seconds":	1.00095,
				"bytes":	11051008,
				"bits_per_second":	8.83246e+07,
				"jitter_ms":	1.32584,
				"lost_packets":	48,
				"packets":	1374,
				"lost_percent":	3.49345,
				"omitted":	false
			}
		}, {
			"streams":	[{
					"socket":	5,
					"start":	7.0032,
					"end":	8.00019,
					"seconds":	0.996984,
					"bytes":	12066816,
					"bits_per_second":	9.68266e+07,
					"jitter_ms":	0.865935,
					"lost_packets":	28,
					"packets":	1482,
					"lost_percent":	1.88934,
					"omitted":	false
				}],
			"sum":	{
				"start":	7.0032,
				"end":	8.00019,
				"seconds":	0.996984,
				"bytes":	12066816,
				"bits_per_second":	9.68266e+07,
				"jitter_ms":	0.865935,
				"lost_packets":	28,
				"packets":	1482,
				"lost_percent":	1.88934,
				"omitted":	false
			}
		}, {
			"streams":	[{
					"socket":	5,
					"start":	8.00019,
					"end":	9.00083,
					"seconds":	1.00064,
					"bytes":	10715136,
					"bits_per_second":	8.56663e+07,
					"jitter_ms":	1.08561,
					"lost_packets":	36,
					"packets":	1316,
					"lost_percent":	2.73556,
					"omitted":	false
				}],
			"sum":	{
				"start":	8.00019,
				"end":	9.00083,
				"seconds":	1.00064,
				"bytes":	10715136,
				"bits_per_second":	8.56663e+07,
				"jitter_ms":	1.08561,
				"lost_packets":	36,
				"packets":	1316,
				"lost_percent":	2.73556,
				"omitted":	false
			}
		}, {
			"streams":	[{
					"socket":	5,
					"start":	9.00083,
					"end":	10.0033,
					"seconds":	1.00243,
					"bytes":	14999552,
					"bits_per_second":	1.19706e+08,
					"jitter_ms":	1.08924,
					"lost_packets":	21,
					"packets":	1852,
					"lost_percent":	1.13391,
					"omitted":	false
				}],
			"sum":	{
				"start":	9.00083,
				"end":	10.0033,
				"seconds":	1.00243,
				"bytes":	14999552,
				"bits_per_second":	1.19706e+08,
				"jitter_ms":	1.08924,
				"lost_packets":	21,
				"packets":	1852,
				"lost_percent":	1.13391,
				"omitted":	false
			}
		}, {
			"streams":	[{
					"socket":	5,
					"start":	10.0033,
					"end":	11.0002,
					"seconds":	0.996955,
					"bytes":	13516800,
					"bits_per_second":	1.08465e+08,
					"jitter_ms":	0.611287,
					"lost_packets":	52,
					"packets":	1654,
					"lost_percent":	3.14389,
					"omitted":	false
				}],
			"sum":	{
				"start":	10.0033,
				"end":	11.0002,
				"seconds":	0.996955,
				"bytes":	13516800,
				"bits_per_second":	1.08465e+08,
				"jitter_ms":	0.611287,
				"lost_packets":	52,
				"packets":	1654,
				"lost_percent":	3.14389,
				"omitted":	false
			}
		}, {
			"streams":	[{
					"socket":	5,
					"start":	11.0002,
					"end":	12.0003,
					"seconds":	1.00012,
					"bytes":	11804672,
					"bits_per_second":	9.44261e+07,
					"jitter_ms":	0.59746,
					"lost_packets":	43,
					"packets":	1484,
					"lost_percent":	2.89757,
					"omitted":	false
				}],
			"sum":	{
				"start":	11.0002,
				"end":	12.0003,
				"seconds":	1.00012,
				"bytes":	11804672,
				"bits_per_second":	9.44261e+07,
				"jitter_ms":	0.59746,
				"lost_packets":	43,
				"packets":	1484,
				"lost_percent":	2.89757,
				"omitted":	false
			}
		}, {
			"streams":	[{
					"socket":	5,
					"start":	12.0003,
					"end":	13.0011,
					"seconds":	1.00075,
					"bytes":	12394496,
					"bits_per_second":	9.90814e+07,
					"jitter_ms":	0.685987,
					"lost_packets":	13,
					"packets":	1521,
					"lost_percent":	0.854701,
					"omitted":	false
				}],
			"sum":	{
				"start":	12.0003,
				"end":	13.0011,
				"seconds":	1.00075,
				"bytes":	12394496,
				"bits_per_second":	9.90814e+07,
				"jitter_ms":	0.685987,
				"lost_packets":	13,
				"packets":	1521,
				"lost_percent":	0.854701,
				"omitted":	false
			}
		}, {
			"streams":	[{
					"socket":	5,
					"start":	13.0011,
					"end":	14.0008,
					"seconds":	0.999702,
					"bytes":	12124160,
					"bits_per_second":	9.70222e+07,
					"jitter_ms":	0.796796,
					"lost_packets":	83,
					"packets":	1551,
					"lost_percent":	5.35139,
					"omitted":	false
				}],
			"sum":	{
				"start":	13.0011,
				"end":	14.0008,
				"seconds":	0.999702,
				"bytes":	12124160,
				"bits_per_second":	9.70222e+07,
				"jitter_ms":	0.796796,
				"lost_packets":	83,
				"packets":	1551,
				"lost_percent":	5.35139,
				"omitted":	false
			}
		}, {
			"streams":	[{
					"socket":	5,
					"start":	14.0008,
					"end":	15.0002,
					"seconds":	0.99939,
					"bytes":	12132352,
					"bits_per_second":	9.7118e+07,
					"jitter_ms":	1.08973,
					"lost_packets":	62,
					"packets":	1511,
					"lost_percent":	4.10324,
					"omitted":	false
				}],
			"sum":	{
				"start":	14.0008,
				"end":	15.0002,
				"seconds":	0.99939,
				"bytes":	12132352,
				"bits_per_second":	9.7118e+07,
				"jitter_ms":	1.08973,
				"lost_packets":	62,
				"packets":	1511,
				"lost_percent":	4.10324,
				"omitted":	false
			}
		}, {
			"streams":	[{
					"socket":	5,
					"start":	15.0002,
					"end":	16.0031,
					"seconds":	1.00289,
					"bytes":	12378112,
					"bits_per_second":	9.87392e+07,
					"jitter_ms":	0.67956,
					"lost_packets":	20,
					"packets":	1513,
					"lost_percent":	1.32188,
					"omitted":	false
				}],
			"sum":	{
				"start":	15.0002,
				"end":	16.0031,
				"seconds":	1.00289,
				"bytes":	12378112,
				"bits_per_second":	9.87392e+07,
				"jitter_ms":	0.67956,
				"lost_packets":	20,
				"packets":	1513,
				"lost_percent":	1.32188,
				"omitted":	false
			}
		}, {
			"streams":	[{
					"socket":	5,
					"start":	16.0031,
					"end":	17.0003,
					"seconds":	0.997219,
					"bytes":	12107776,
					"bits_per_second":	9.71323e+07,
					"jitter_ms":	0.854537,
					"lost_packets":	54,
					"packets":	1513,
					"lost_percent":	3.56907,
					"omitted":	false
				}],
			"sum":	{
				"start":	16.0031,
				"end":	17.0003,
				"seconds":	0.997219,
				"bytes":	12107776,
				"bits_per_second":	9.71323e+07,
				"jitter_ms":	0.854537,
				"lost_packets":	54,
				"packets":	1513,
				"lost_percent":	3.56907,
				"omitted":	false
			}
		}, {
			"streams":	[{
					"socket":	5,
					"start":	17.0003,
					"end":	18.0045,
					"seconds":	1.00416,
					"bytes":	12771328,
					"bits_per_second":	1.01747e+08,
					"jitter_ms":	0.854144,
					"lost_packets":	49,
					"packets":	1561,
					"lost_percent":	3.13901,
					"omitted":	false
				}],
			"sum":	{
				"start":	17.0003,
				"end":	18.0045,
				"seconds":	1.00416,
				"bytes":	12771328,
				"bits_per_second":	1.01747e+08,
				"jitter_ms":	0.854144,
				"lost_packets":	49,
				"packets":	1561,
				"lost_percent":	3.13901,
				"omitted":	false
			}
		}, {
			"streams":	[{
					"socket":	5,
					"start":	18.0045,
					"end":	19.0002,
					"seconds":	0.995721,
					"bytes":	12468224,
					"bits_per_second":	1.00174e+08,
					"jitter_ms":	0.507378,
					"lost_packets":	22,
					"packets":	1523,
					"lost_percent":	1.44452,
					"omitted":	false
				}],
			"sum":	{
				"start":	18.0045,
				"end":	19.0002,
				"seconds":	0.995721,
				"bytes":	12468224,
				"bits_per_second":	1.00174e+08,
				"jitter_ms":	0.507378,
				"lost_packets":	22,
				"packets":	1523,
				"lost_percent":	1.44452,
				"omitted":	false
			}
		}, {
			"streams":	[{
					"socket":	5,
					"start":	19.0002,
					"end":	20.0001,
					"seconds":	0.999897,
					"bytes":	12648448,
					"bits_per_second":	1.01198e+08,
					"jitter_ms":	0.657164,
					"lost_packets":	59,
					"packets":	1549,
					"lost_percent":	3.80891,
					"omitted":	false
				}],
			"sum":	{
				"start":	19.0002,
				"end":	20.0001,
				"seconds":	0.999897,
				"bytes":	12648448,
				"bits_per_second":	1.01198e+08,
				"jitter_ms":	0.657164,
				"lost_packets":	59,
				"packets":	1549,
				"lost_percent":	3.80891,
				"omitted":	false
			}
		}, {
			"streams":	[{
					"socket":	5,
					"start":	20.0001,
					"end":	21.0003,
					"seconds":	1.00022,
					"bytes":	10477568,
					"bits_per_second":	8.38024e+07,
					"jitter_ms":	1.82847,
					"lost_packets":	97,
					"packets":	1337,
					"lost_percent":	7.25505,
					"omitted":	false
				}],
			"sum":	{
				"start":	20.0001,
				"end":	21.0003,
				"seconds":	1.00022,
				"bytes":	10477568,
				"bits_per_second":	8.38024e+07,
				"jitter_ms":	1.82847,
				"lost_packets":	97,
				"packets":	1337,
				"lost_percent":	7.25505,
				"omitted":	false
			}
		}, {
			"streams":	[{
					"socket":	5,
					"start":	21.0003,
					"end":	22.0002,
					"seconds":	0.999924,
					"bytes":	12288000,
					"bits_per_second":	9.83115e+07,
					"jitter_ms":	1.30205,
					"lost_packets":	41,
					"packets":	1529,
					"lost_percent":	2.68149,
					"omitted":	false
				}],
			"sum":	{
				"start":	21.0003,
				"end":	22.0002,
				"seconds":	0.999924,
				"bytes":	12288000,
				"bits_per_second":	9.83115e+07,
				"jitter_ms":	1.30205,
				"lost_packets":	41,
				"packets":	1529,
				"lost_percent":	2.68149,
				"omitted":	false
			}
		}, {
			"streams":	[{
					"socket":	5,
					"start":	22.0002,
					"end":	23.0002,
					"seconds":	0.999962,
					"bytes":	13508608,
					"bits_per_second":	1.08073e+08,
					"jitter_ms":	0.978101,
					"lost_packets":	37,
					"packets":	1652,
					"lost_percent":	2.23971,
					"omitted":	false
				}],
			"sum":	{
				"start":	22.0002,
				"end":	23.0002,
				"seconds":	0.999962,
				"bytes":	13508608,
				"bits_per_second":	1.08073e+08,
				"jitter_ms":	0.978101,
				"lost_packets":	37,
				"packets":	1652,
				"lost_percent":	2.23971,
				"omitted":	false
			}
		}, {
			"streams":	[{
					"socket":	5,
					"start":	23.0002,
					"end":	24.0001,
					"seconds":	0.999919,
					"bytes":	12075008,
					"bits_per_second":	9.66079e+07,
					"jitter_ms":	1.22248,
					"lost_packets":	66,
					"packets":	1498,
					"lost_percent":	4.40587,
					"omitted":	false
				}],
			"sum":	{
				"start":	23.0002,
				"end":	24.0001,
				"seconds":	0.999919,
				"bytes":	12075008,
				"bits_per_second":	9.66079e+07,
				"jitter_ms":	1.22248,
				"lost_packets":	66,
				"packets":	1498,
				"lost_percent":	4.40587,
				"omitted":	false
			}
		}, {
			"streams":	[{
					"socket":	5,
					"start":	24.0001,
					"end":	24.064,
					"seconds":	0.0639429,
					"bytes":	679936,
					"bits_per_second":	8.50679e+07,
					"jitter_ms":	1.13662,
					"lost_packets":	0,
					"packets":	83,
					"lost_percent":	0,
					"omitted":	false
				}],
			"sum":	{
				"start":	24.0001,
				"end":	24.064,
				"seconds":	0.0639429,
				"bytes":	679936,
				"bits_per_second":	8.50679e+07,
				"jitter_ms":	1.13662,
				"lost_packets":	0,
				"packets":	83,
				"lost_percent":	0,
				"omitted":	false
			}
		}],
	"end":	{
		"streams":	[{
				"udp":	{
					"socket":	5,
					"start":	0,
					"end":	24.064,
					"seconds":	24.064,
					"bytes":	299098112,
					"bits_per_second":	9.94341e+07,
					"jitter_ms":	1.13662,
					"lost_packets":	1119,
					"packets":	36511,
					"lost_percent":	3.06483
				}
			}],
		"sum":	{
			"start":	0,
			"end":	24.064,
			"seconds":	24.064,
			"bytes":	299098112,
			"bits_per_second":	9.94341e+07,
			"jitter_ms":	1.13662,
			"lost_packets":	1119,
			"packets":	36511,
			"lost_percent":	3.06483
		},
		"cpu_utilization_percent":	{
			"host_total":	12.0002,
			"host_user":	1.28033,
			"host_system":	10.7199,
			"remote_total":	49.114,
			"remote_user":	0.797068,
			"remote_system":	48.3169
		}
	},
	"error":	"OUT OF ORDER - incoming packet = 58 and received packet = 59 AND SP = 5",
	"error":	"OUT OF ORDER - incoming packet = 68 and received packet = 70 AND SP = 5",
	"error":	"OUT OF ORDER - incoming packet = 235 and received packet = 236 AND SP = 5",
	"error":	"OUT OF ORDER - incoming packet = 234 and received packet = 236 AND SP = 5",
	"error":	"OUT OF ORDER - incoming packet = 237 and received packet = 238 AND SP = 5",
	"error":	"OUT OF ORDER - incoming packet = 239 and received packet = 241 AND SP = 5",
	"error":	"OUT OF ORDER - incoming packet = 240 and received packet = 241 AND SP = 5",
	"error":	"OUT OF ORDER - incoming packet = 242 and received packet = 245 AND SP = 5",
	"error":	"OUT OF ORDER - incoming packet = 244 and received packet = 247 AND SP = 5",
	"error":	"OUT OF ORDER - incoming packet = 248 and received packet = 250 AND SP = 5",
	"error":	"OUT OF ORDER - incoming packet = 251 and received packet = 253 AND SP = 5",
	"error":	"OUT OF ORDER - incoming packet = 256 and received packet = 257 AND SP = 5",
	"error":	"OUT OF ORDER - incoming packet = 258 and received packet = 261 AND SP = 5",
	"error":	"OUT OF ORDER - incoming packet = 263 and received packet = 264 AND SP = 5",
	"error":	"OUT OF ORDER - incoming packet = 289 and received packet = 293 AND SP = 5",
	"error":	"OUT OF ORDER - incoming packet = 316 and received packet = 317 AND SP = 5",
	"error":	"OUT OF ORDER - incoming packet = 320 and received packet = 322 AND SP = 5",
	"error":	"OUT OF ORDER - incoming packet = 321 and received packet = 322 AND SP = 5",
	"error":	"OUT OF ORDER - incoming packet = 323 and received packet = 324 AND SP = 5",
	"error":	"OUT OF ORDER - incoming packet = 325 and received packet = 328 AND SP = 5",
	"error":	"OUT OF ORDER - incoming packet = 326 and received packet = 328 AND SP = 5",
	"error":	"OUT OF ORDER - incoming packet = 327 and received packet = 328 AND SP = 5",
	"error":	"OUT OF ORDER - incoming packet = 330 and received packet = 331 AND SP = 5",
	"error":	"OUT OF ORDER - incoming packet = 329 and received packet = 331 AND SP = 5",
	"error":	"OUT OF ORDER - incoming packet = 332 and received packet = 335 AND SP = 5",
	"error":	"OUT OF ORDER - incoming packet = 338 and received packet = 339 AND SP = 5",
	"error":	"OUT OF ORDER - incoming packet = 336 and received packet = 339 AND SP = 5",
	"error":	"OUT OF ORDER - incoming packet = 347 and received packet = 348 AND SP = 5",
	"error":	"OUT OF ORDER - incoming packet = 364 and received packet = 370 AND SP = 5",
	"error":	"OUT OF ORDER - incoming packet = 365 and received packet = 371 AND SP = 5",
	"error":	"OUT OF ORDER - incoming packet = 384 and received packet = 386 AND SP = 5",
	"error":	"OUT OF ORDER - incoming packet = 399 and received packet = 400 AND SP = 5",
	"error":	"OUT OF ORDER - incoming packet = 401 and received packet = 402 AND SP = 5",
	"error":	"OUT OF ORDER - incoming packet = 405 and received packet = 409 AND SP = 5",
	"error":	"OUT OF ORDER - incoming packet = 406 and received packet = 409 AND SP = 5",
	"error":	"OUT OF ORDER - incoming packet = 639 and received packet = 640 AND SP = 5",
	"error":	"OUT OF ORDER - incoming packet = 642 and received packet = 644 AND SP = 5",
	"error":	"OUT OF ORDER - incoming packet = 651 and received packet = 652 AND SP = 5",
	"error":	"OUT OF ORDER - incoming packet = 655 and received packet = 656 AND SP = 5",
	"error":	"OUT OF ORDER - incoming packet = 891 and received packet = 892 AND SP = 5",
	"error":	"OUT OF ORDER - incoming packet = 966 and received packet = 967 AND SP = 5",
	"error":	"OUT OF ORDER - incoming packet = 979 and received packet = 980 AND SP = 5",
	"error":	"OUT OF ORDER - incoming packet = 1007 and received packet = 1009 AND SP = 5",
	"error":	"OUT OF ORDER - incoming packet = 1419 and received packet = 1421 AND SP = 5",
	"error":	"OUT OF ORDER - incoming packet = 1420 and received packet = 1421 AND SP = 5",
	"error":	"OUT OF ORDER - incoming packet = 1424 and received packet = 1426 AND SP = 5",
	"error":	"OUT OF ORDER - incoming packet = 1425 and received packet = 1426 AND SP = 5",
	"error":	"OUT OF ORDER - incoming packet = 1428 and received packet = 1430 AND SP = 5",
	"error":	"OUT OF ORDER - incoming packet = 1431 and received packet = 1434 AND SP = 5",
	"error":	"OUT OF ORDER - incoming packet = 1433 and received packet = 1437 AND SP = 5",
	"error":	"OUT OF ORDER - incoming packet = 1438 and received packet = 1439 AND SP = 5",
	"error":	"OUT OF ORDER - incoming packet = 1454 and received packet = 1463 AND SP = 5",
	"error":	"OUT OF ORDER - incoming packet = 1903 and received packet = 1907 AND SP = 5",
	"error":	"OUT OF ORDER - incoming packet = 1904 and received packet = 1907 AND SP = 5",
	"error":	"OUT OF ORDER - incoming packet = 1905 and received packet = 1907 AND SP = 5",
	"error":	"OUT OF ORDER - incoming packet = 1906 and received packet = 1907 AND SP = 5",
	"error":	"OUT OF ORDER - incoming packet = 1908 and received packet = 1910 AND SP = 5",
	"error":	"OUT OF ORDER - incoming packet = 1909 and received packet = 1913 AND SP = 5",
	"error":	"OUT OF ORDER - incoming packet = 1911 and received packet = 1913 AND SP = 5",
	"error":	"OUT OF ORDER - incoming packet = 1912 and received packet = 1915 AND SP = 5",
	"error":	"OUT OF ORDER - incoming packet = 1914 and received packet = 1917 AND SP = 5",
	"error":	"OUT OF ORDER - incoming packet = 1916 and received packet = 1919 AND SP = 5",
	"error":	"OUT OF ORDER - incoming packet = 1920 and received packet = 1923 AND SP = 5",
	"error":	"OUT OF ORDER - incoming packet = 1921 and received packet = 1925 AND SP = 5",
	"error":	"OUT OF ORDER - incoming packet = 1922 and received packet = 1925 AND SP = 5",
	"error":	"OUT OF ORDER - incoming packet = 1924 and received packet = 1928 AND SP = 5",
	"error":	"OUT OF ORDER - incoming packet = 1926 and received packet = 1932 AND SP = 5",
	"error":	"OUT OF ORDER - incoming packet = 1927 and received packet = 1932 AND SP = 5",
	"error":	"OUT OF ORDER - incoming packet = 1929 and received packet = 1933 AND SP = 5",
	"error":	"OUT OF ORDER - incoming packet = 1930 and received packet = 1933 AND SP = 5",
	"error":	"OUT OF ORDER - incoming packet = 1973 and received packet = 1983 AND SP = 5",
	"error":	"OUT OF ORDER - incoming packet = 2134 and received packet = 2136 AND SP = 5",
	"error":	"OUT OF ORDER - incoming packet = 2139 and received packet = 2140 AND SP = 5",
	"error":	"OUT OF ORDER - incoming packet = 2142 and received packet = 2144 AND SP = 5",
	"error":	"OUT OF ORDER - incoming packet = 4967 and received packet = 4968 AND SP = 5",
	"error":	"OUT OF ORDER - incoming packet = 4971 and received packet = 4973 AND SP = 5",
	"error":	"OUT OF ORDER - incoming packet = 4972 and received packet = 4973 AND SP = 5",
	"error":	"OUT OF ORDER - incoming packet = 4975 and received packet = 4976 AND SP = 5",
	"error":	"OUT OF ORDER - incoming packet = 4978 and received packet = 4980 AND SP = 5",
	"error":	"OUT OF ORDER - incoming packet = 4984 and received packet = 4985 AND SP = 5",
	"error":	"OUT OF ORDER - incoming packet = 4987 and received packet = 4988 AND SP = 5",
	"error":	"OUT OF ORDER - incoming packet = 4989 and received packet = 4990 AND SP = 5",
	"error":	"OUT OF ORDER - incoming packet = 4992 and received packet = 4994 AND SP = 5",
	"error":	"OUT OF ORDER - incoming packet = 5040 and received packet = 5041 AND SP = 5",
	"error":	"OUT OF ORDER - incoming packet = 5074 and received packet = 5075 AND SP = 5",
	"error":	"OUT OF ORDER - incoming packet = 5087 and received packet = 5088 AND SP = 5",
	"error":	"OUT OF ORDER - incoming packet = 5092 and received packet = 5093 AND SP = 5",
	"error":	"OUT OF ORDER - incoming packet = 5147 and received packet = 5149 AND SP = 5",
	"error":	"OUT OF ORDER - incoming packet = 5148 and received packet = 5149 AND SP = 5",
	"error":	"OUT OF ORDER - incoming packet = 5350 and received packet = 5366 AND SP = 5",
	"error":	"OUT OF ORDER - incoming packet = 5351 and received packet = 5366 AND SP = 5",
	"error":	"OUT OF ORDER - incoming packet = 5352 and received packet = 5366 AND SP = 5",
	"error":	"OUT OF ORDER - incoming packet = 5353 and received packet = 5366 AND SP = 5",
	"error":	"OUT OF ORDER - incoming packet = 5354 and received packet = 5366 AND SP = 5",
	"error":	"OUT OF ORDER - incoming packet = 5355 and received packet = 5366 AND SP = 5",
	"error":	"OUT OF ORDER - incoming packet = 5356 and received packet = 5366 AND SP = 5",
	"error":	"OUT OF ORDER - incoming packet = 5357 and received packet = 5366 AND SP = 5",
	"error":	"OUT OF ORDER - incoming packet = 5358 and received packet = 5366 AND SP = 5",
	"error":	"OUT OF ORDER - incoming packet = 5359 and received packet = 5366 AND SP = 5",
	"error":	"OUT OF ORDER - incoming packet = 5360 and received packet = 5366 AND SP = 5",
	"error":	"OUT OF ORDER - incoming packet = 5361 and received packet = 5366 AND SP = 5",
	"error":	"OUT OF ORDER - incoming packet = 5362 and received packet = 5366 AND SP = 5",
	"error":	"OUT OF ORDER - incoming packet = 5363 and received packet = 5366 AND SP = 5",
	"error":	"OUT OF ORDER - incoming packet = 5364 and received packet = 5366 AND SP = 5",
	"error":	"OUT OF ORDER - incoming packet = 5707 and received packet = 5708 AND SP = 5",
	"error":	"OUT OF ORDER - incoming packet = 6335 and received packet = 6336 AND SP = 5",
	"error":	"OUT OF ORDER - incoming packet = 6341 and received packet = 6342 AND SP = 5",
	"error":	"OUT OF ORDER - incoming packet = 6343 and received packet = 6345 AND SP = 5",
	"error":	"OUT OF ORDER - incoming packet = 6344 and received packet = 6345 AND SP = 5",
	"error":	"OUT OF ORDER - incoming packet = 6346 and received packet = 6347 AND SP = 5",
	"error":	"OUT OF ORDER - incoming packet = 6355 and received packet = 6356 AND SP = 5",
	"error":	"OUT OF ORDER - incoming packet = 6726 and received packet = 6728 AND SP = 5",
	"error":	"OUT OF ORDER - incoming packet = 6771 and received packet = 6774 AND SP = 5",
	"error":	"OUT OF ORDER - incoming packet = 7896 and received packet = 7899 AND SP = 5",
	"error":	"OUT OF ORDER - incoming packet = 7897 and received packet = 7900 AND SP = 5",
	"error":	"OUT OF ORDER - incoming packet = 7898 and received packet = 7900 AND SP = 5",
	"error":	"OUT OF ORDER - incoming packet = 7901 and received packet = 7904 AND SP = 5",
	"error":	"OUT OF ORDER - incoming packet = 7902 and received packet = 7904 AND SP = 5",
	"error":	"OUT OF ORDER - incoming packet = 7903 and received packet = 7904 AND SP = 5",
	"error":	"OUT OF ORDER - incoming packet = 9273 and received packet = 9274 AND SP = 5",
	"error":	"OUT OF ORDER - incoming packet = 9280 and received packet = 9281 AND SP = 5",
	"error":	"OUT OF ORDER - incoming packet = 9286 and received packet = 9287 AND SP = 5",
	"error":	"OUT OF ORDER - incoming packet = 9292 and received packet = 9294 AND SP = 5",
	"error":	"OUT OF ORDER - incoming packet = 9293 and received packet = 9294 AND SP = 5",
	"error":	"OUT OF ORDER - incoming packet = 9299 and received packet = 9301 AND SP = 5",
	"error":	"OUT OF ORDER - incoming packet = 9307 and received packet = 9308 AND SP = 5",
	"error":	"OUT OF ORDER - incoming packet = 9309 and received packet = 9311 AND SP = 5",
	"error":	"OUT OF ORDER - incoming packet = 9388 and received packet = 9389 AND SP = 5",
	"error":	"OUT OF ORDER - incoming packet = 9391 and received packet = 9392 AND SP = 5",
	"error":	"OUT OF ORDER - incoming packet = 9393 and received packet = 9394 AND SP = 5",
	"error":	"OUT OF ORDER - incoming packet = 9593 and received packet = 9595 AND SP = 5",
	"error":	"OUT OF ORDER - incoming packet = 9607 and received packet = 9609 AND SP = 5",
	"error":	"OUT OF ORDER - incoming packet = 9608 and received packet = 9609 AND SP = 5",
	"error":	"OUT OF ORDER - incoming packet = 9614 and received packet = 9615 AND SP = 5",
	"error":	"OUT OF ORDER - incoming packet = 9616 and received packet = 9618 AND SP = 5",
	"error":	"OUT OF ORDER - incoming packet = 9617 and received packet = 9618 AND SP = 5",
	"error":	"OUT OF ORDER - incoming packet = 9620 and received packet = 9622 AND SP = 5",
	"error":	"OUT OF ORDER - incoming packet = 9621 and received packet = 9623 AND SP = 5",
	"error":	"OUT OF ORDER - incoming packet = 9625 and received packet = 9626 AND SP = 5",
	"error":	"OUT OF ORDER - incoming packet = 9628 and received packet = 9629 AND SP = 5",
	"error":	"OUT OF ORDER - incoming packet = 9627 and received packet = 9629 AND SP = 5",
	"error":	"OUT OF ORDER - incoming packet = 9986 and received packet = 9987 AND SP = 5",
	"error":	"OUT OF ORDER - incoming packet = 10984 and received packet = 10985 AND SP = 5",
	"error":	"OUT OF ORDER - incoming packet = 10990 and received packet = 10991 AND SP = 5",
	"error":	"OUT OF ORDER - incoming packet = 10994 and received packet = 10995 AND SP = 5",
	"error":	"OUT OF ORDER - incoming packet = 11003 and received packet = 11004 AND SP = 5",
	"error":	"OUT OF ORDER - incoming packet = 11008 and received packet = 11009 AND SP = 5",
	"error":	"OUT OF ORDER - incoming packet = 11010 and received packet = 11019 AND SP = 5",
	"error":	"OUT OF ORDER - incoming packet = 11011 and received packet = 11019 AND SP = 5",
	"error":	"OUT OF ORDER - incoming packet = 11067 and received packet = 11068 AND SP = 5",
	"error":	"OUT OF ORDER - incoming packet = 11080 and received packet = 11084 AND SP = 5",
	"error":	"OUT OF ORDER - incoming packet = 11081 and received packet = 11084 AND SP = 5",
	"error":	"OUT OF ORDER - incoming packet = 11465 and received packet = 11467 AND SP = 5",
	"error":	"OUT OF ORDER - incoming packet = 11466 and received packet = 11467 AND SP = 5",
	"error":	"OUT OF ORDER - incoming packet = 11469 and received packet = 11471 AND SP = 5",
	"error":	"OUT OF ORDER - incoming packet = 11475 and received packet = 11476 AND SP = 5",
	"error":	"OUT OF ORDER - incoming packet = 11481 and received packet = 11482 AND SP = 5",
	"error":	"OUT OF ORDER - incoming packet = 11487 and received packet = 11489 AND SP = 5",
	"error":	"OUT OF ORDER - incoming packet = 11488 and received packet = 11489 AND SP = 5",
	"error":	"OUT OF ORDER - incoming packet = 11490 and received packet = 11491 AND SP = 5",
	"error":	"OUT OF ORDER - incoming packet = 11522 and received packet = 11523 AND SP = 5",
	"error":	"OUT OF ORDER - incoming packet = 11871 and received packet = 11872 AND SP = 5",
	"error":	"OUT OF ORDER - incoming packet = 11874 and received packet = 11876 AND SP = 5",
	"error":	"OUT OF ORDER - incoming packet = 11877 and received packet = 11878 AND SP = 5",
	"error":	"OUT OF ORDER - incoming packet = 11880 and received packet = 11882 AND SP = 5",
	"error":	"OUT OF ORDER - incoming packet = 12344 and received packet = 12345 AND SP = 5",
	"error":	"OUT OF ORDER - incoming packet = 12346 and received packet = 12347 AND SP = 5",
	"error":	"OUT OF ORDER - incoming packet = 12348 and received packet = 12349 AND SP = 5",
	"error":	"OUT OF ORDER - incoming packet = 12351 and received packet = 12355 AND SP = 5",
	"error":	"OUT OF ORDER - incoming packet = 12350 and received packet = 12355 AND SP = 5",
	"error":	"OUT OF ORDER - incoming packet = 12354 and received packet = 12355 AND SP = 5",
	"error":	"OUT OF ORDER - incoming packet = 12353 and received packet = 12355 AND SP = 5",
	"error":	"OUT OF ORDER - incoming packet = 12357 and received packet = 12358 AND SP = 5",
	"error":	"OUT OF ORDER - incoming packet = 12364 and received packet = 12365 AND SP = 5",
	"error":	"OUT OF ORDER - incoming packet = 12363 and received packet = 12365 AND SP = 5",
	"error":	"OUT OF ORDER - incoming packet = 12369 and received packet = 12371 AND SP = 5",
	"error":	"OUT OF ORDER - incoming packet = 12370 and received packet = 12371 AND SP = 5",
	"error":	"OUT OF ORDER - incoming packet = 12367 and received packet = 12371 AND SP = 5",
	"error":	"OUT OF ORDER - incoming packet = 12372 and received packet = 12373 AND SP = 5",
	"error":	"OUT OF ORDER - incoming packet = 12374 and received packet = 12377 AND SP = 5",
	"error":	"OUT OF ORDER - incoming packet = 12376 and received packet = 12377 AND SP = 5",
	"error":	"OUT OF ORDER - incoming packet = 12378 and received packet = 12381 AND SP = 5",
	"error":	"OUT OF ORDER - incoming packet = 12379 and received packet = 12381 AND SP = 5",
	"error":	"OUT OF ORDER - incoming packet = 12382 and received packet = 12385 AND SP = 5",
	"error":	"OUT OF ORDER - incoming packet = 12386 and received packet = 12389 AND SP = 5",
	"error":	"OUT OF ORDER - incoming packet = 12388 and received packet = 12391 AND SP = 5",
	"error":	"OUT OF ORDER - incoming packet = 12419 and received packet = 12421 AND SP = 5",
	"error":	"OUT OF ORDER - incoming packet = 12422 and received packet = 12429 AND SP = 5",
	"error":	"OUT OF ORDER - incoming packet = 12446 and received packet = 12447 AND SP = 5",
	"error":	"OUT OF ORDER - incoming packet = 15445 and received packet = 15446 AND SP = 5",
	"error":	"OUT OF ORDER - incoming packet = 15497 and received packet = 15500 AND SP = 5",
	"error":	"OUT OF ORDER - incoming packet = 15741 and received packet = 15742 AND SP = 5",
	"error":	"OUT OF ORDER - incoming packet = 15792 and received packet = 15794 AND SP = 5",
	"error":	"OUT OF ORDER - incoming packet = 15793 and received packet = 15794 AND SP = 5",
	"error":	"OUT OF ORDER - incoming packet = 15809 and received packet = 15810 AND SP = 5",
	"error":	"OUT OF ORDER - incoming packet = 15840 and received packet = 15841 AND SP = 5",
	"error":	"OUT OF ORDER - incoming packet = 15842 and received packet = 15843 AND SP = 5",
	"error":	"OUT OF ORDER - incoming packet = 15874 and received packet = 15875 AND SP = 5",
	"error":	"OUT OF ORDER - incoming packet = 15938 and received packet = 15939 AND SP = 5",
	"error":	"OUT OF ORDER - incoming packet = 15960 and received packet = 15961 AND SP = 5",
	"error":	"OUT OF ORDER - incoming packet = 15964 and received packet = 15965 AND SP = 5",
	"error":	"OUT OF ORDER - incoming packet = 16113 and received packet = 16115 AND SP = 5",
	"error":	"OUT OF ORDER - incoming packet = 16114 and received packet = 16115 AND SP = 5",
	"error":	"OUT OF ORDER - incoming packet = 16509 and received packet = 16511 AND SP = 5",
	"error":	"OUT OF ORDER - incoming packet = 16510 and received packet = 16511 AND SP = 5",
	"error":	"OUT OF ORDER - incoming packet = 16515 and received packet = 16517 AND SP = 5",
	"error":	"OUT OF ORDER - incoming packet = 16516 and received packet = 16517 AND SP = 5",
	"error":	"OUT OF ORDER - incoming packet = 16518 and received packet = 16521 AND SP = 5",
	"error":	"OUT OF ORDER - incoming packet = 16519 and received packet = 16521 AND SP = 5",
	"error":	"OUT OF ORDER - incoming packet = 16520 and received packet = 16521 AND SP = 5",
	"error":	"OUT OF ORDER - incoming packet = 16524 and received packet = 16528 AND SP = 5",
	"error":	"OUT OF ORDER - incoming packet = 16522 and received packet = 16528 AND SP = 5",
	"error":	"OUT OF ORDER - incoming packet = 16523 and received packet = 16528 AND SP = 5",
	"error":	"OUT OF ORDER - incoming packet = 16526 and received packet = 16532 AND SP = 5",
	"error":	"OUT OF ORDER - incoming packet = 16527 and received packet = 16532 AND SP = 5",
	"error":	"OUT OF ORDER - incoming packet = 16531 and received packet = 16532 AND SP = 5",
	"error":	"OUT OF ORDER - incoming packet = 16530 and received packet = 16534 AND SP = 5",
	"error":	"OUT OF ORDER - incoming packet = 16533 and received packet = 16534 AND SP = 5",
	"error":	"OUT OF ORDER - incoming packet = 16536 and received packet = 16538 AND SP = 5",
	"error":	"OUT OF ORDER - incoming packet = 16539 and received packet = 16549 AND SP = 5",
	"error":	"OUT OF ORDER - incoming packet = 16543 and received packet = 16549 AND SP = 5",
	"error":	"OUT OF ORDER - incoming packet = 16545 and received packet = 16549 AND SP = 5",
	"error":	"OUT OF ORDER - incoming packet = 16547 and received packet = 16549 AND SP = 5",
	"error":	"OUT OF ORDER - incoming packet = 16546 and received packet = 16549 AND SP = 5",
	"error":	"OUT OF ORDER - incoming packet = 16544 and received packet = 16549 AND SP = 5",
	"error":	"OUT OF ORDER - incoming packet = 16550 and received packet = 16552 AND SP = 5",
	"error":	"OUT OF ORDER - incoming packet = 16542 and received packet = 16552 AND SP = 5",
	"error":	"OUT OF ORDER - incoming packet = 16548 and received packet = 16552 AND SP = 5",
	"error":	"OUT OF ORDER - incoming packet = 16551 and received packet = 16555 AND SP = 5",
	"error":	"OUT OF ORDER - incoming packet = 16556 and received packet = 16558 AND SP = 5",
	"error":	"OUT OF ORDER - incoming packet = 16553 and received packet = 16561 AND SP = 5",
	"error":	"OUT OF ORDER - incoming packet = 16554 and received packet = 16561 AND SP = 5",
	"error":	"OUT OF ORDER - incoming packet = 16572 and received packet = 16573 AND SP = 5",
	"error":	"OUT OF ORDER - incoming packet = 16596 and received packet = 16601 AND SP = 5",
	"error":	"OUT OF ORDER - incoming packet = 16597 and received packet = 16601 AND SP = 5",
	"error":	"OUT OF ORDER - incoming packet = 16599 and received packet = 16602 AND SP = 5",
	"error":	"OUT OF ORDER - incoming packet = 16623 and received packet = 16624 AND SP = 5",
	"error":	"OUT OF ORDER - incoming packet = 18288 and received packet = 18289 AND SP = 5",
	"error":	"OUT OF ORDER - incoming packet = 18371 and received packet = 18372 AND SP = 5",
	"error":	"OUT OF ORDER - incoming packet = 18524 and received packet = 18525 AND SP = 5",
	"error":	"OUT OF ORDER - incoming packet = 18526 and received packet = 18528 AND SP = 5",
	"error":	"OUT OF ORDER - incoming packet = 19181 and received packet = 19182 AND SP = 5",
	"error":	"OUT OF ORDER - incoming packet = 20424 and received packet = 20425 AND SP = 5",
	"error":	"OUT OF ORDER - incoming packet = 20426 and received packet = 20428 AND SP = 5",
	"error":	"OUT OF ORDER - incoming packet = 20427 and received packet = 20428 AND SP = 5",
	"error":	"OUT OF ORDER - incoming packet = 20429 and received packet = 20430 AND SP = 5",
	"error":	"OUT OF ORDER - incoming packet = 20434 and received packet = 20435 AND SP = 5",
	"error":	"OUT OF ORDER - incoming packet = 20436 and received packet = 20438 AND SP = 5",
	"error":	"OUT OF ORDER - incoming packet = 20437 and received packet = 20438 AND SP = 5",
	"error":	"OUT OF ORDER - incoming packet = 20439 and received packet = 20441 AND SP = 5",
	"error":	"OUT OF ORDER - incoming packet = 20442 and received packet = 20443 AND SP = 5",
	"error":	"OUT OF ORDER - incoming packet = 20444 and received packet = 20446 AND SP = 5",
	"error":	"OUT OF ORDER - incoming packet = 20445 and received packet = 20446 AND SP = 5",
	"error":	"OUT OF ORDER - incoming packet = 20447 and received packet = 20451 AND SP = 5",
	"error":	"OUT OF ORDER - incoming packet = 21262 and received packet = 21266 AND SP = 5",
	"error":	"OUT OF ORDER - incoming packet = 21469 and received packet = 21470 AND SP = 5",
	"error":	"OUT OF ORDER - incoming packet = 21468 and received packet = 21470 AND SP = 5",
	"error":	"OUT OF ORDER - incoming packet = 21471 and received packet = 21474 AND SP = 5",
	"error":	"OUT OF ORDER - incoming packet = 21472 and received packet = 21474 AND SP = 5",
	"error":	"OUT OF ORDER - incoming packet = 21473 and received packet = 21476 AND SP = 5",
	"error":	"OUT OF ORDER - incoming packet = 21475 and received packet = 21478 AND SP = 5",
	"error":	"OUT OF ORDER - incoming packet = 21481 and received packet = 21486 AND SP = 5",
	"error":	"OUT OF ORDER - incoming packet = 21484 and received packet = 21487 AND SP = 5",
	"error":	"OUT OF ORDER - incoming packet = 21479 and received packet = 21487 AND SP = 5",
	"error":	"OUT OF ORDER - incoming packet = 21480 and received packet = 21487 AND SP = 5",
	"error":	"OUT OF ORDER - incoming packet = 21485 and received packet = 21487 AND SP = 5",
	"error":	"OUT OF ORDER - incoming packet = 21820 and received packet = 21822 AND SP = 5",
	"error":	"OUT OF ORDER - incoming packet = 21824 and received packet = 21826 AND SP = 5",
	"error":	"OUT OF ORDER - incoming packet = 21825 and received packet = 21826 AND SP = 5",
	"error":	"OUT OF ORDER - incoming packet = 22173 and received packet = 22174 AND SP = 5",
	"error":	"OUT OF ORDER - incoming packet = 22175 and received packet = 22176 AND SP = 5",
	"error":	"OUT OF ORDER - incoming packet = 22183 and received packet = 22184 AND SP = 5",
	"error":	"OUT OF ORDER - incoming packet = 22189 and received packet = 22190 AND SP = 5",
	"error":	"OUT OF ORDER - incoming packet = 22195 and received packet = 22197 AND SP = 5",
	"error":	"OUT OF ORDER - incoming packet = 22196 and received packet = 22199 AND SP = 5",
	"error":	"OUT OF ORDER - incoming packet = 22214 and received packet = 22216 AND SP = 5",
	"error":	"OUT OF ORDER - incoming packet = 22215 and received packet = 22216 AND SP = 5",
	"error":	"OUT OF ORDER - incoming packet = 22313 and received packet = 22314 AND SP = 5",
	"error":	"OUT OF ORDER - incoming packet = 22376 and received packet = 22377 AND SP = 5",
	"error":	"OUT OF ORDER - incoming packet = 22379 and received packet = 22380 AND SP = 5",
	"error":	"OUT OF ORDER - incoming packet = 22685 and received packet = 22686 AND SP = 5",
	"error":	"OUT OF ORDER - incoming packet = 22688 and received packet = 22689 AND SP = 5",
	"error":	"OUT OF ORDER - incoming packet = 22690 and received packet = 22691 AND SP = 5",
	"error":	"OUT OF ORDER - incoming packet = 22693 and received packet = 22694 AND SP = 5",
	"error":	"OUT OF ORDER - incoming packet = 22695 and received packet = 22696 AND SP = 5",
	"error":	"OUT OF ORDER - incoming packet = 22697 and received packet = 22698 AND SP = 5",
	"error":	"OUT OF ORDER - incoming packet = 23103 and received packet = 23106 AND SP = 5",
	"error":	"OUT OF ORDER - incoming packet = 23104 and received packet = 23106 AND SP = 5",
	"error":	"OUT OF ORDER - incoming packet = 23126 and received packet = 23128 AND SP = 5",
	"error":	"OUT OF ORDER - incoming packet = 23127 and received packet = 23128 AND SP = 5",
	"error":	"OUT OF ORDER - incoming packet = 23129 and received packet = 23131 AND SP = 5",
	"error":	"OUT OF ORDER - incoming packet = 23130 and received packet = 23131 AND SP = 5",
	"error":	"OUT OF ORDER - incoming packet = 23132 and received packet = 23133 AND SP = 5",
	"error":	"OUT OF ORDER - incoming packet = 23155 and received packet = 23156 AND SP = 5",
	"error":	"OUT OF ORDER - incoming packet = 23157 and received packet = 23158 AND SP = 5",
	"error":	"OUT OF ORDER - incoming packet = 23167 and received packet = 23168 AND SP = 5",
	"error":	"OUT OF ORDER - incoming packet = 23257 and received packet = 23258 AND SP = 5",
	"error":	"OUT OF ORDER - incoming packet = 23349 and received packet = 23352 AND SP = 5",
	"error":	"OUT OF ORDER - incoming packet = 23353 and received packet = 23356 AND SP = 5",
	"error":	"OUT OF ORDER - incoming packet = 23370 and received packet = 23371 AND SP = 5",
	"error":	"OUT OF ORDER - incoming packet = 23377 and received packet = 23378 AND SP = 5",
	"error":	"OUT OF ORDER - incoming packet = 23475 and received packet = 23476 AND SP = 5",
	"error":	"OUT OF ORDER - incoming packet = 24123 and received packet = 24125 AND SP = 5",
	"error":	"OUT OF ORDER - incoming packet = 24124 and received packet = 24125 AND SP = 5",
	"error":	"OUT OF ORDER - incoming packet = 24427 and received packet = 24431 AND SP = 5",
	"error":	"OUT OF ORDER - incoming packet = 24424 and received packet = 24431 AND SP = 5",
	"error":	"OUT OF ORDER - incoming packet = 24430 and received packet = 24431 AND SP = 5",
	"error":	"OUT OF ORDER - incoming packet = 24429 and received packet = 24435 AND SP = 5",
	"error":	"OUT OF ORDER - incoming packet = 24437 and received packet = 24439 AND SP = 5",
	"error":	"OUT OF ORDER - incoming packet = 24438 and received packet = 24440 AND SP = 5",
	"error":	"OUT OF ORDER - incoming packet = 24450 and received packet = 24451 AND SP = 5",
	"error":	"OUT OF ORDER - incoming packet = 24496 and received packet = 24497 AND SP = 5",
	"error":	"OUT OF ORDER - incoming packet = 24563 and received packet = 24566 AND SP = 5",
	"error":	"OUT OF ORDER - incoming packet = 24564 and received packet = 24566 AND SP = 5",
	"error":	"OUT OF ORDER - incoming packet = 24609 and received packet = 24612 AND SP = 5",
	"error":	"OUT OF ORDER - incoming packet = 24613 and received packet = 24617 AND SP = 5",
	"error":	"OUT OF ORDER - incoming packet = 24614 and received packet = 24620 AND SP = 5",
	"error":	"OUT OF ORDER - incoming packet = 25044 and received packet = 25045 AND SP = 5",
	"error":	"OUT OF ORDER - incoming packet = 25492 and received packet = 25493 AND SP = 5",
	"error":	"OUT OF ORDER - incoming packet = 25498 and received packet = 25499 AND SP = 5",
	"error":	"OUT OF ORDER - incoming packet = 25546 and received packet = 25547 AND SP = 5",
	"error":	"OUT OF ORDER - incoming packet = 25764 and received packet = 25765 AND SP = 5",
	"error":	"OUT OF ORDER - incoming packet = 25766 and received packet = 25768 AND SP = 5",
	"error":	"OUT OF ORDER - incoming packet = 25810 and received packet = 25811 AND SP = 5",
	"error":	"OUT OF ORDER - incoming packet = 25820 and received packet = 25822 AND SP = 5",
	"error":	"OUT OF ORDER - incoming packet = 25852 and received packet = 25856 AND SP = 5",
	"error":	"OUT OF ORDER - incoming packet = 25865 and received packet = 25866 AND SP = 5",
	"error":	"OUT OF ORDER - incoming packet = 25895 and received packet = 25897 AND SP = 5",
	"error":	"OUT OF ORDER - incoming packet = 25896 and received packet = 25897 AND SP = 5",
	"error":	"OUT OF ORDER - incoming packet = 26237 and received packet = 26240 AND SP = 5",
	"error":	"OUT OF ORDER - incoming packet = 26292 and received packet = 26293 AND SP = 5",
	"error":	"OUT OF ORDER - incoming packet = 26297 and received packet = 26298 AND SP = 5",
	"error":	"OUT OF ORDER - incoming packet = 26299 and received packet = 26300 AND SP = 5",
	"error":	"OUT OF ORDER - incoming packet = 26302 and received packet = 26304 AND SP = 5",
	"error":	"OUT OF ORDER - incoming packet = 26308 and received packet = 26309 AND SP = 5",
	"error":	"OUT OF ORDER - incoming packet = 26310 and received packet = 26311 AND SP = 5",
	"error":	"OUT OF ORDER - incoming packet = 26313 and received packet = 26315 AND SP = 5",
	"error":	"OUT OF ORDER - incoming packet = 26314 and received packet = 26318 AND SP = 5",
	"error":	"OUT OF ORDER - incoming packet = 26317 and received packet = 26319 AND SP = 5",
	"error":	"OUT OF ORDER - incoming packet = 26333 and received packet = 26334 AND SP = 5",
	"error":	"OUT OF ORDER - incoming packet = 26338 and received packet = 26342 AND SP = 5",
	"error":	"OUT OF ORDER - incoming packet = 26353 and received packet = 26354 AND SP = 5",
	"error":	"OUT OF ORDER - incoming packet = 26358 and received packet = 26359 AND SP = 5",
	"error":	"OUT OF ORDER - incoming packet = 26402 and received packet = 26403 AND SP = 5",
	"error":	"OUT OF ORDER - incoming packet = 26415 and received packet = 26416 AND SP = 5",
	"error":	"OUT OF ORDER - incoming packet = 26469 and received packet = 26470 AND SP = 5",
	"error":	"OUT OF ORDER - incoming packet = 26646 and received packet = 26647 AND SP = 5",
	"error":	"OUT OF ORDER - incoming packet = 26649 and received packet = 26651 AND SP = 5",
	"error":	"OUT OF ORDER - incoming packet = 26654 and received packet = 26655 AND SP = 5",
	"error":	"OUT OF ORDER - incoming packet = 26658 and received packet = 26659 AND SP = 5",
	"error":	"OUT OF ORDER - incoming packet = 26661 and received packet = 26662 AND SP = 5",
	"error":	"OUT OF ORDER - incoming packet = 26663 and received packet = 26665 AND SP = 5",
	"error":	"OUT OF ORDER - incoming packet = 26664 and received packet = 26665 AND SP = 5",
	"error":	"OUT OF ORDER - incoming packet = 26674 and received packet = 26676 AND SP = 5",
	"error":	"OUT OF ORDER - incoming packet = 26675 and received packet = 26676 AND SP = 5",
	"error":	"OUT OF ORDER - incoming packet = 26697 and received packet = 26700 AND SP = 5",
	"error":	"OUT OF ORDER - incoming packet = 26719 and received packet = 26720 AND SP = 5",
	"error":	"OUT OF ORDER - incoming packet = 26793 and received packet = 26794 AND SP = 5",
	"error":	"OUT OF ORDER - incoming packet = 26888 and received packet = 26889 AND SP = 5",
	"error":	"OUT OF ORDER - incoming packet = 26933 and received packet = 26934 AND SP = 5",
	"error":	"OUT OF ORDER - incoming packet = 26955 and received packet = 26956 AND SP = 5",
	"error":	"OUT OF ORDER - incoming packet = 26957 and received packet = 26959 AND SP = 5",
	"error":	"OUT OF ORDER - incoming packet = 26958 and received packet = 26959 AND SP = 5",
	"error":	"OUT OF ORDER - incoming packet = 27074 and received packet = 27075 AND SP = 5",
	"error":	"OUT OF ORDER - incoming packet = 27128 and received packet = 27129 AND SP = 5",
	"error":	"OUT OF ORDER - incoming packet = 27133 and received packet = 27134 AND SP = 5",
	"error":	"OUT OF ORDER - incoming packet = 27137 and received packet = 27138 AND SP = 5",
	"error":	"OUT OF ORDER - incoming packet = 27152 and received packet = 27153 AND SP = 5",
	"error":	"OUT OF ORDER - incoming packet = 27203 and received packet = 27204 AND SP = 5",
	"error":	"OUT OF ORDER - incoming packet = 27302 and received packet = 27303 AND SP = 5",
	"error":	"OUT OF ORDER - incoming packet = 27342 and received packet = 27344 AND SP = 5",
	"error":	"OUT OF ORDER - incoming packet = 27343 and received packet = 27344 AND SP = 5",
	"error":	"OUT OF ORDER - incoming packet = 27375 and received packet = 27377 AND SP = 5",
	"error":	"OUT OF ORDER - incoming packet = 27376 and received packet = 27377 AND SP = 5",
	"error":	"OUT OF ORDER - incoming packet = 27379 and received packet = 27380 AND SP = 5",
	"error":	"OUT OF ORDER - incoming packet = 27440 and received packet = 27441 AND SP = 5",
	"error":	"OUT OF ORDER - incoming packet = 27444 and received packet = 27445 AND SP = 5",
	"error":	"OUT OF ORDER - incoming packet = 27673 and received packet = 27674 AND SP = 5",
	"error":	"OUT OF ORDER - incoming packet = 27675 and received packet = 27677 AND SP = 5",
	"error":	"OUT OF ORDER - incoming packet = 27676 and received packet = 27677 AND SP = 5",
	"error":	"OUT OF ORDER - incoming packet = 27679 and received packet = 27680 AND SP = 5",
	"error":	"OUT OF ORDER - incoming packet = 27696 and received packet = 27697 AND SP = 5",
	"error":	"OUT OF ORDER - incoming packet = 27698 and received packet = 27701 AND SP = 5",
	"error":	"OUT OF ORDER - incoming packet = 27892 and received packet = 27893 AND SP = 5",
	"error":	"OUT OF ORDER - incoming packet = 27991 and received packet = 27993 AND SP = 5",
	"error":	"OUT OF ORDER - incoming packet = 28128 and received packet = 28129 AND SP = 5",
	"error":	"OUT OF ORDER - incoming packet = 28148 and received packet = 28149 AND SP = 5",
	"error":	"OUT OF ORDER - incoming packet = 28157 and received packet = 28158 AND SP = 5",
	"error":	"OUT OF ORDER - incoming packet = 28170 and received packet = 28171 AND SP = 5",
	"error":	"OUT OF ORDER - incoming packet = 28172 and received packet = 28173 AND SP = 5",
	"error":	"OUT OF ORDER - incoming packet = 28205 and received packet = 28208 AND SP = 5",
	"error":	"OUT OF ORDER - incoming packet = 28909 and received packet = 28911 AND SP = 5",
	"error":	"OUT OF ORDER - incoming packet = 28910 and received packet = 28915 AND SP = 5",
	"error":	"OUT OF ORDER - incoming packet = 28913 and received packet = 28915 AND SP = 5",
	"error":	"OUT OF ORDER - incoming packet = 28912 and received packet = 28915 AND SP = 5",
	"error":	"OUT OF ORDER - incoming packet = 28914 and received packet = 28918 AND SP = 5",
	"error":	"OUT OF ORDER - incoming packet = 28919 and received packet = 28924 AND SP = 5",
	"error":	"OUT OF ORDER - incoming packet = 28925 and received packet = 28926 AND SP = 5",
	"error":	"OUT OF ORDER - incoming packet = 28956 and received packet = 28957 AND SP = 5",
	"error":	"OUT OF ORDER - incoming packet = 28967 and received packet = 28968 AND SP = 5",
	"error":	"OUT OF ORDER - incoming packet = 28970 and received packet = 28972 AND SP = 5",
	"error":	"OUT OF ORDER - incoming packet = 28971 and received packet = 28972 AND SP = 5",
	"error":	"OUT OF ORDER - incoming packet = 28978 and received packet = 28980 AND SP = 5",
	"error":	"OUT OF ORDER - incoming packet = 28991 and received packet = 28992 AND SP = 5",
	"error":	"OUT OF ORDER - incoming packet = 29242 and received packet = 29243 AND SP = 5",
	"error":	"OUT OF ORDER - incoming packet = 29323 and received packet = 29325 AND SP = 5",
	"error":	"OUT OF ORDER - incoming packet = 29324 and received packet = 29325 AND SP = 5",
	"error":	"OUT OF ORDER - incoming packet = 29326 and received packet = 29327 AND SP = 5",
	"error":	"OUT OF ORDER - incoming packet = 29328 and received packet = 29331 AND SP = 5",
	"error":	"OUT OF ORDER - incoming packet = 29329 and received packet = 29334 AND SP = 5",
	"error":	"OUT OF ORDER - incoming packet = 29330 and received packet = 29334 AND SP = 5",
	"error":	"OUT OF ORDER - incoming packet = 29332 and received packet = 29337 AND SP = 5",
	"error":	"OUT OF ORDER - incoming packet = 29333 and received packet = 29337 AND SP = 5",
	"error":	"OUT OF ORDER - incoming packet = 29335 and received packet = 29340 AND SP = 5",
	"error":	"OUT OF ORDER - incoming packet = 29338 and received packet = 29340 AND SP = 5",
	"error":	"OUT OF ORDER - incoming packet = 29341 and received packet = 29346 AND SP = 5",
	"error":	"OUT OF ORDER - incoming packet = 29342 and received packet = 29349 AND SP = 5",
	"error":	"OUT OF ORDER - incoming packet = 29343 and received packet = 29349 AND SP = 5",
	"error":	"OUT OF ORDER - incoming packet = 29374 and received packet = 29384 AND SP = 5",
	"error":	"OUT OF ORDER - incoming packet = 29403 and received packet = 29404 AND SP = 5",
	"error":	"OUT OF ORDER - incoming packet = 29417 and received packet = 29419 AND SP = 5",
	"error":	"OUT OF ORDER - incoming packet = 29418 and received packet = 29419 AND SP = 5",
	"error":	"OUT OF ORDER - incoming packet = 29422 and received packet = 29423 AND SP = 5",
	"error":	"OUT OF ORDER - incoming packet = 29424 and received packet = 29426 AND SP = 5",
	"error":	"OUT OF ORDER - incoming packet = 29430 and received packet = 29433 AND SP = 5",
	"error":	"OUT OF ORDER - incoming packet = 29431 and received packet = 29439 AND SP = 5",
	"error":	"OUT OF ORDER - incoming packet = 29544 and received packet = 29545 AND SP = 5",
	"error":	"OUT OF ORDER - incoming packet = 29563 and received packet = 29566 AND SP = 5",
	"error":	"OUT OF ORDER - incoming packet = 29565 and received packet = 29566 AND SP = 5",
	"error":	"OUT OF ORDER - incoming packet = 29564 and received packet = 29566 AND SP = 5",
	"error":	"OUT OF ORDER - incoming packet = 29569 and received packet = 29570 AND SP = 5",
	"error":	"OUT OF ORDER - incoming packet = 29567 and received packet = 29572 AND SP = 5",
	"error":	"OUT OF ORDER - incoming packet = 29568 and received packet = 29572 AND SP = 5",
	"error":	"OUT OF ORDER - incoming packet = 29571 and received packet = 29572 AND SP = 5",
	"error":	"OUT OF ORDER - incoming packet = 29575 and received packet = 29579 AND SP = 5",
	"error":	"OUT OF ORDER - incoming packet = 29576 and received packet = 29579 AND SP = 5",
	"error":	"OUT OF ORDER - incoming packet = 29578 and received packet = 29579 AND SP = 5",
	"error":	"OUT OF ORDER - incoming packet = 29582 and received packet = 29584 AND SP = 5",
	"error":	"OUT OF ORDER - incoming packet = 29580 and received packet = 29584 AND SP = 5",
	"error":	"OUT OF ORDER - incoming packet = 29585 and received packet = 29587 AND SP = 5",
	"error":	"OUT OF ORDER - incoming packet = 29588 and received packet = 29592 AND SP = 5",
	"error":	"OUT OF ORDER - incoming packet = 29591 and received packet = 29593 AND SP = 5",
	"error":	"OUT OF ORDER - incoming packet = 29597 and received packet = 29598 AND SP = 5",
	"error":	"OUT OF ORDER - incoming packet = 29606 and received packet = 29609 AND SP = 5",
	"error":	"OUT OF ORDER - incoming packet = 29626 and received packet = 29629 AND SP = 5",
	"error":	"OUT OF ORDER - incoming packet = 30424 and received packet = 30425 AND SP = 5",
	"error":	"OUT OF ORDER - incoming packet = 30500 and received packet = 30501 AND SP = 5",
	"error":	"OUT OF ORDER - incoming packet = 30508 and received packet = 30511 AND SP = 5",
	"error":	"OUT OF ORDER - incoming packet = 30579 and received packet = 30580 AND SP = 5",
	"error":	"OUT OF ORDER - incoming packet = 30613 and received packet = 30614 AND SP = 5",
	"error":	"OUT OF ORDER - incoming packet = 30749 and received packet = 30750 AND SP = 5",
	"error":	"OUT OF ORDER - incoming packet = 30751 and received packet = 30752 AND SP = 5",
	"error":	"OUT OF ORDER - incoming packet = 30753 and received packet = 30754 AND SP = 5",
	"error":	"OUT OF ORDER - incoming packet = 30759 and received packet = 30766 AND SP = 5",
	"error":	"OUT OF ORDER - incoming packet = 30760 and received packet = 30766 AND SP = 5",
	"error":	"OUT OF ORDER - incoming packet = 30763 and received packet = 30767 AND SP = 5",
	"error":	"OUT OF ORDER - incoming packet = 30761 and received packet = 30769 AND SP = 5",
	"error":	"OUT OF ORDER - incoming packet = 30762 and received packet = 30770 AND SP = 5",
	"error":	"OUT OF ORDER - incoming packet = 30765 and received packet = 30770 AND SP = 5",
	"error":	"OUT OF ORDER - incoming packet = 30768 and received packet = 30771 AND SP = 5",
	"error":	"OUT OF ORDER - incoming packet = 30990 and received packet = 30991 AND SP = 5",
	"error":	"OUT OF ORDER - incoming packet = 30993 and received packet = 30994 AND SP = 5",
	"error":	"OUT OF ORDER - incoming packet = 30996 and received packet = 30997 AND SP = 5",
	"error":	"OUT OF ORDER - incoming packet = 30998 and received packet = 30999 AND SP = 5",
	"error":	"OUT OF ORDER - incoming packet = 31017 and received packet = 31020 AND SP = 5",
	"error":	"OUT OF ORDER - incoming packet = 31018 and received packet = 31020 AND SP = 5",
	"error":	"OUT OF ORDER - incoming packet = 31152 and received packet = 31153 AND SP = 5",
	"error":	"OUT OF ORDER - incoming packet = 31154 and received packet = 31157 AND SP = 5",
	"error":	"OUT OF ORDER - incoming packet = 31156 and received packet = 31157 AND SP = 5",
	"error":	"OUT OF ORDER - incoming packet = 31160 and received packet = 31162 AND SP = 5",
	"error":	"OUT OF ORDER - incoming packet = 31385 and received packet = 31386 AND SP = 5",
	"error":	"OUT OF ORDER - incoming packet = 31431 and received packet = 31435 AND SP = 5",
	"error":	"OUT OF ORDER - incoming packet = 31434 and received packet = 31438 AND SP = 5",
	"error":	"OUT OF ORDER - incoming packet = 31436 and received packet = 31441 AND SP = 5",
	"error":	"OUT OF ORDER - incoming packet = 31439 and received packet = 31442 AND SP = 5",
	"error":	"OUT OF ORDER - incoming packet = 31443 and received packet = 31447 AND SP = 5",
	"error":	"OUT OF ORDER - incoming packet = 31475 and received packet = 31477 AND SP = 5",
	"error":	"OUT OF ORDER - incoming packet = 31662 and received packet = 31665 AND SP = 5",
	"error":	"OUT OF ORDER - incoming packet = 31663 and received packet = 31665 AND SP = 5",
	"error":	"OUT OF ORDER - incoming packet = 31666 and received packet = 31668 AND SP = 5",
	"error":	"OUT OF ORDER - incoming packet = 31667 and received packet = 31668 AND SP = 5",
	"error":	"OUT OF ORDER - incoming packet = 31669 and received packet = 31671 AND SP = 5",
	"error":	"OUT OF ORDER - incoming packet = 31672 and received packet = 31675 AND SP = 5",
	"error":	"OUT OF ORDER - incoming packet = 31674 and received packet = 31677 AND SP = 5",
	"error":	"OUT OF ORDER - incoming packet = 31761 and received packet = 31762 AND SP = 5",
	"error":	"OUT OF ORDER - incoming packet = 31764 and received packet = 31766 AND SP = 5",
	"error":	"OUT OF ORDER - incoming packet = 31765 and received packet = 31766 AND SP = 5",
	"error":	"OUT OF ORDER - incoming packet = 31860 and received packet = 31862 AND SP = 5",
	"error":	"OUT OF ORDER - incoming packet = 31861 and received packet = 31862 AND SP = 5",
	"error":	"OUT OF ORDER - incoming packet = 32216 and received packet = 32218 AND SP = 5",
	"error":	"OUT OF ORDER - incoming packet = 32234 and received packet = 32235 AND SP = 5",
	"error":	"OUT OF ORDER - incoming packet = 32241 and received packet = 32242 AND SP = 5",
	"error":	"OUT OF ORDER - incoming packet = 32239 and received packet = 32243 AND SP = 5",
	"error":	"OUT OF ORDER - incoming packet = 32240 and received packet = 32243 AND SP = 5",
	"error":	"OUT OF ORDER - incoming packet = 32265 and received packet = 32266 AND SP = 5",
	"error":	"OUT OF ORDER - incoming packet = 32441 and received packet = 32443 AND SP = 5",
	"error":	"OUT OF ORDER - incoming packet = 33350 and received packet = 33351 AND SP = 5",
	"error":	"OUT OF ORDER - incoming packet = 33462 and received packet = 33463 AND SP = 5",
	"error":	"OUT OF ORDER - incoming packet = 33465 and received packet = 33467 AND SP = 5",
	"error":	"OUT OF ORDER - incoming packet = 33758 and received packet = 33759 AND SP = 5",
	"error":	"OUT OF ORDER - incoming packet = 33991 and received packet = 33993 AND SP = 5",
	"error":	"OUT OF ORDER - incoming packet = 34000 and received packet = 34001 AND SP = 5",
	"error":	"OUT OF ORDER - incoming packet = 34003 and received packet = 34004 AND SP = 5",
	"error":	"OUT OF ORDER - incoming packet = 34009 and received packet = 34010 AND SP = 5",
	"error":	"OUT OF ORDER - incoming packet = 34011 and received packet = 34012 AND SP = 5",
	"error":	"OUT OF ORDER - incoming packet = 34014 and received packet = 34018 AND SP = 5",
	"error":	"OUT OF ORDER - incoming packet = 34016 and received packet = 34018 AND SP = 5",
	"error":	"OUT OF ORDER - incoming packet = 34294 and received packet = 34296 AND SP = 5",
	"error":	"OUT OF ORDER - incoming packet = 34295 and received packet = 34296 AND SP = 5",
	"error":	"OUT OF ORDER - incoming packet = 34304 and received packet = 34306 AND SP = 5",
	"error":	"OUT OF ORDER - incoming packet = 34305 and received packet = 34310 AND SP = 5",
	"error":	"OUT OF ORDER - incoming packet = 34320 and received packet = 34321 AND SP = 5",
	"error":	"OUT OF ORDER - incoming packet = 34322 and received packet = 34323 AND SP = 5",
	"error":	"OUT OF ORDER - incoming packet = 34324 and received packet = 34326 AND SP = 5",
	"error":	"OUT OF ORDER - incoming packet = 34325 and received packet = 34327 AND SP = 5",
	"error":	"OUT OF ORDER - incoming packet = 34328 and received packet = 34330 AND SP = 5",
	"error":	"OUT OF ORDER - incoming packet = 34343 and received packet = 34344 AND SP = 5",
	"error":	"OUT OF ORDER - incoming packet = 34467 and received packet = 34470 AND SP = 5",
	"error":	"OUT OF ORDER - incoming packet = 34490 and received packet = 34491 AND SP = 5",
	"error":	"OUT OF ORDER - incoming packet = 34499 and received packet = 34500 AND SP = 5",
	"error":	"OUT OF ORDER - incoming packet = 34565 and received packet = 34566 AND SP = 5",
	"error":	"OUT OF ORDER - incoming packet = 34602 and received packet = 34603 AND SP = 5",
	"error":	"OUT OF ORDER - incoming packet = 34638 and received packet = 34639 AND SP = 5",
	"error":	"OUT OF ORDER - incoming packet = 34640 and received packet = 34641 AND SP = 5",
	"error":	"OUT OF ORDER - incoming packet = 34642 and received packet = 34645 AND SP = 5",
	"error":	"OUT OF ORDER - incoming packet = 34694 and received packet = 34695 AND SP = 5",
	"error":	"OUT OF ORDER - incoming packet = 34849 and received packet = 34851 AND SP = 5",
	"error":	"OUT OF ORDER - incoming packet = 34850 and received packet = 34854 AND SP = 5",
	"error":	"OUT OF ORDER - incoming packet = 34890 and received packet = 34891 AND SP = 5",
	"error":	"OUT OF ORDER - incoming packet = 34927 and received packet = 34928 AND SP = 5",
	"error":	"OUT OF ORDER - incoming packet = 35639 and received packet = 35642 AND SP = 5",
	"error":	"OUT OF ORDER - incoming packet = 35640 and received packet = 35642 AND SP = 5",
	"error":	"OUT OF ORDER - incoming packet = 35641 and received packet = 35642 AND SP = 5",
	"error":	"OUT OF ORDER - incoming packet = 35650 and received packet = 35651 AND SP = 5",
	"error":	"OUT OF ORDER - incoming packet = 35652 and received packet = 35654 AND SP = 5",
	"error":	"OUT OF ORDER - incoming packet = 35653 and received packet = 35654 AND SP = 5",
	"error":	"OUT OF ORDER - incoming packet = 35655 and received packet = 35657 AND SP = 5",
	"error":	"OUT OF ORDER - incoming packet = 35656 and received packet = 35657 AND SP = 5",
	"error":	"OUT OF ORDER - incoming packet = 35658 and received packet = 35660 AND SP = 5",
	"error":	"OUT OF ORDER - incoming packet = 35661 and received packet = 35663 AND SP = 5",
	"error":	"OUT OF ORDER - incoming packet = 35703 and received packet = 35705 AND SP = 5",
	"error":	"OUT OF ORDER - incoming packet = 35701 and received packet = 35707 AND SP = 5",
	"error":	"OUT OF ORDER - incoming packet = 35731 and received packet = 35732 AND SP = 5",
	"error":	"OUT OF ORDER - incoming packet = 35763 and received packet = 35764 AND SP = 5",
	"error":	"OUT OF ORDER - incoming packet = 35768 and received packet = 35769 AND SP = 5",
	"error":	"OUT OF ORDER - incoming packet = 35770 and received packet = 35771 AND SP = 5",
	"error":	"OUT OF ORDER - incoming packet = 35773 and received packet = 35775 AND SP = 5",
	"error":	"OUT OF ORDER - incoming packet = 35776 and received packet = 35778 AND SP = 5",
	"error":	"OUT OF ORDER - incoming packet = 35780 and received packet = 35781 AND SP = 5",
	"error":	"OUT OF ORDER - incoming packet = 35782 and received packet = 35783 AND SP = 5",
	"error":	"OUT OF ORDER - incoming packet = 35784 and received packet = 35786 AND SP = 5",
	"error":	"OUT OF ORDER - incoming packet = 35785 and received packet = 35786 AND SP = 5",
	"error":	"OUT OF ORDER - incoming packet = 35807 and received packet = 35809 AND SP = 5",
	"error":	"OUT OF ORDER - incoming packet = 36205 and received packet = 36206 AND SP = 5",
	"error":	"OUT OF ORDER - incoming packet = 36231 and received packet = 36232 AND SP = 5",
	"error":	"OUT OF ORDER - incoming packet = 36233 and received packet = 36234 AND SP = 5",
	"error":	"OUT OF ORDER - incoming packet = 36248 and received packet = 36250 AND SP = 5",
	"error":	"OUT OF ORDER - incoming packet = 36249 and received packet = 36251 AND SP = 5",
	"error":	"OUT OF ORDER - incoming packet = 36266 and received packet = 36268 AND SP = 5",
	"error":	"OUT OF ORDER - incoming packet = 36269 and received packet = 36273 AND SP = 5",
	"error":	"OUT OF ORDER - incoming packet = 36276 and received packet = 36277 AND SP = 5",
	"error":	"OUT OF ORDER - incoming packet = 36274 and received packet = 36277 AND SP = 5",
	"error":	"OUT OF ORDER - incoming packet = 36275 and received packet = 36277 AND SP = 5",
	"error":	"OUT OF ORDER - incoming packet = 36282 and received packet = 36283 AND SP = 5",
	"error":	"OUT OF ORDER - incoming packet = 36281 and received packet = 36285 AND SP = 5",
	"error":	"OUT OF ORDER - incoming packet = 36284 and received packet = 36287 AND SP = 5",
	"error":	"OUT OF ORDER - incoming packet = 36307 and received packet = 36311 AND SP = 5",
	"error":	"OUT OF ORDER - incoming packet = 36316 and received packet = 36317 AND SP = 5",
	"error":	"OUT OF ORDER - incoming packet = 36326 and received packet = 36327 AND SP = 5",
	"error":	"OUT OF ORDER - incoming packet = 36386 and received packet = 36387 AND SP = 5",
	"error":	"OUT OF ORDER - incoming packet = 36391 and received packet = 36392 AND SP = 5",
	"error":	"OUT OF ORDER - incoming packet = 36393 and received packet = 36395 AND SP = 5"
}
