{
	"start":	{
		"connected":	[{
				"socket":	5,
				"local_host":	"10.0.0.17",
				"local_port":	1213,
				"remote_host":	"10.0.0.7",
				"remote_port":	58970
			}],
		"version":	"iperf 3.0.7",
		"system_info":	"Linux CS3 5.4.197-0504197-generic #202206060747 SMP Mon Jun 6 09:27:47 UTC 2022 x86_64 x86_64 x86_64 GNU/Linux\n",
		"timestamp":	{
			"time":	"Mon, 25 Jul 2022 21:49:35 GMT",
			"timesecs":	1658785775
		},
		"accepted_connection":	{
			"host":	"10.0.0.7",
			"port":	58968
		},
		"cookie":	"BS7.1658785775.411979.41306a056113cb",
		"tcp_mss_default":	1448,
		"test_start":	{
			"protocol":	"TCP",
			"num_streams":	1,
			"blksize":	131072,
			"omit":	0,
			"duration":	1,
			"bytes":	0,
			"blocks":	0,
			"reverse":	0
		}
	},
	"intervals":	[{
			"streams":	[{
					"socket":	5,
					"start":	0,
					"end":	1.0008,
					"seconds":	1.0008,
					"bytes":	2852368,
					"bits_per_second":	2.28008e+07,
					"omitted":	false
				}],
			"sum":	{
				"start":	0,
				"end":	1.0008,
				"seconds":	1.0008,
				"bytes":	2852368,
				"bits_per_second":	2.28008e+07,
				"omitted":	false
			}
		}, {
			"streams":	[{
					"socket":	5,
					"start":	1.0008,
					"end":	1.0345,
					"seconds":	0.0337079,
					"bytes":	0,
					"bits_per_second":	0,
					"omitted":	false
				}],
			"sum":	{
				"start":	1.0008,
				"end":	1.0345,
				"seconds":	0.0337079,
				"bytes":	0,
				"bits_per_second":	0,
				"omitted":	false
			}
		}],
	"end":	{
		"streams":	[{
				"sender":	{
					"socket":	5,
					"start":	0,
					"end":	1.0345,
					"seconds":	1.0345,
					"bytes":	2852368,
					"bits_per_second":	2.20578e+07,
					"retransmits":	0
				},
				"receiver":	{
					"socket":	5,
					"start":	0,
					"end":	1.0345,
					"seconds":	1.0345,
					"bytes":	2852368,
					"bits_per_second":	2.20578e+07
				}
			}],
		"sum_sent":	{
			"start":	0,
			"end":	1.0345,
			"seconds":	1.0345,
			"bytes":	2852368,
			"bits_per_second":	2.20578e+07,
			"retransmits":	0
		},
		"sum_received":	{
			"start":	0,
			"end":	1.0345,
			"seconds":	1.0345,
			"bytes":	2852368,
			"bits_per_second":	2.20578e+07
		},
		"cpu_utilization_percent":	{
			"host_total":	1.42896,
			"host_user":	0.486903,
			"host_system":	0.942052,
			"remote_total":	6.26597,
			"remote_user":	1.8623,
			"remote_system":	4.40324
		}
	}
}
