{
	"start":	{
		"connected":	[{
				"socket":	5,
				"local_host":	"10.0.0.10",
				"local_port":	1224,
				"remote_host":	"10.0.0.2",
				"remote_port":	50436
			}],
		"version":	"iperf 3.0.7",
		"system_info":	"Linux H10 5.4.197-0504197-generic #202206060747 SMP Mon Jun 6 09:27:47 UTC 2022 x86_64 x86_64 x86_64 GNU/Linux\n",
		"timestamp":	{
			"time":	"Fri, 22 Jul 2022 16:22:05 GMT",
			"timesecs":	1658506925
		},
		"accepted_connection":	{
			"host":	"10.0.0.2",
			"port":	50434
		},
		"cookie":	"H2.1658506925.838314.645ea2593fecbce",
		"tcp_mss_default":	1448,
		"test_start":	{
			"protocol":	"TCP",
			"num_streams":	1,
			"blksize":	131072,
			"omit":	0,
			"duration":	5,
			"bytes":	0,
			"blocks":	0,
			"reverse":	0
		}
	},
	"intervals":	[{
			"streams":	[{
					"socket":	5,
					"start":	0,
					"end":	1.0006,
					"seconds":	1.0006,
					"bytes":	1703936,
					"bits_per_second":	1.36233e+07,
					"omitted":	false
				}],
			"sum":	{
				"start":	0,
				"end":	1.0006,
				"seconds":	1.0006,
				"bytes":	1703936,
				"bits_per_second":	1.36233e+07,
				"omitted":	false
			}
		}, {
			"streams":	[{
					"socket":	5,
					"start":	1.0006,
					"end":	2.00049,
					"seconds":	0.999886,
					"bytes":	1966080,
					"bits_per_second":	1.57304e+07,
					"omitted":	false
				}],
			"sum":	{
				"start":	1.0006,
				"end":	2.00049,
				"seconds":	0.999886,
				"bytes":	1966080,
				"bits_per_second":	1.57304e+07,
				"omitted":	false
			}
		}, {
			"streams":	[{
					"socket":	5,
					"start":	2.00049,
					"end":	3.00039,
					"seconds":	0.999902,
					"bytes":	1835008,
					"bits_per_second":	1.46815e+07,
					"omitted":	false
				}],
			"sum":	{
				"start":	2.00049,
				"end":	3.00039,
				"seconds":	0.999902,
				"bytes":	1835008,
				"bits_per_second":	1.46815e+07,
				"omitted":	false
			}
		}, {
			"streams":	[{
					"socket":	5,
					"start":	3.00039,
					"end":	4.00022,
					"seconds":	0.999835,
					"bytes":	1835008,
					"bits_per_second":	1.46825e+07,
					"omitted":	false
				}],
			"sum":	{
				"start":	3.00039,
				"end":	4.00022,
				"seconds":	0.999835,
				"bytes":	1835008,
				"bits_per_second":	1.46825e+07,
				"omitted":	false
			}
		}, {
			"streams":	[{
					"socket":	5,
					"start":	4.00022,
					"end":	5.00121,
					"seconds":	1.00098,
					"bytes":	1966080,
					"bits_per_second":	1.57132e+07,
					"omitted":	false
				}],
			"sum":	{
				"start":	4.00022,
				"end":	5.00121,
				"seconds":	1.00098,
				"bytes":	1966080,
				"bits_per_second":	1.57132e+07,
				"omitted":	false
			}
		}],
	"end":	{
		"streams":	[{
				"sender":	{
					"socket":	5,
					"start":	0,
					"end":	5.00121,
					"seconds":	5.00121,
					"bytes":	9306112,
					"bits_per_second":	1.48862e+07,
					"retransmits":	0
				},
				"receiver":	{
					"socket":	5,
					"start":	0,
					"end":	5.00121,
					"seconds":	5.00121,
					"bytes":	9306112,
					"bits_per_second":	1.48862e+07
				}
			}],
		"sum_sent":	{
			"start":	0,
			"end":	5.00121,
			"seconds":	5.00121,
			"bytes":	9306112,
			"bits_per_second":	1.48862e+07,
			"retransmits":	0
		},
		"sum_received":	{
			"start":	0,
			"end":	5.00121,
			"seconds":	5.00121,
			"bytes":	9306112,
			"bits_per_second":	1.48862e+07
		},
		"cpu_utilization_percent":	{
			"host_total":	1.62974,
			"host_user":	0.511014,
			"host_system":	1.1187,
			"remote_total":	0.405911,
			"remote_user":	0.15776,
			"remote_system":	0.248151
		}
	}
}
{
	"start":	{
		"connected":	[],
		"version":	"iperf 3.0.7",
		"system_info":	"Linux H10 5.4.197-0504197-generic #202206060747 SMP Mon Jun 6 09:27:47 UTC 2022 x86_64 x86_64 x86_64 GNU/Linux\n"
	},
	"intervals":	[],
	"end":	{
	},
	"error":	"interrupt - the server has terminated"
}
