{
	"start":	{
		"connected":	[{
				"socket":	5,
				"local_host":	"10.0.0.13",
				"local_port":	2832,
				"remote_host":	"10.0.0.5",
				"remote_port":	44978
			}],
		"version":	"iperf 3.0.7",
		"system_info":	"Linux MECS6 5.4.197-0504197-generic #202206060747 SMP Mon Jun 6 09:27:47 UTC 2022 x86_64 x86_64 x86_64 GNU/Linux\n",
		"timestamp":	{
			"time":	"Mon, 25 Jul 2022 21:50:27 GMT",
			"timesecs":	1658785827
		},
		"accepted_connection":	{
			"host":	"10.0.0.5",
			"port":	44976
		},
		"cookie":	"BS5.1658785827.131074.430779db58a295",
		"tcp_mss_default":	1448,
		"test_start":	{
			"protocol":	"TCP",
			"num_streams":	1,
			"blksize":	131072,
			"omit":	0,
			"duration":	3,
			"bytes":	0,
			"blocks":	0,
			"reverse":	0
		}
	},
	"intervals":	[{
			"streams":	[{
					"socket":	5,
					"start":	0,
					"end":	1.00003,
					"seconds":	1.00003,
					"bytes":	8318760,
					"bits_per_second":	6.65478e+07,
					"omitted":	false
				}],
			"sum":	{
				"start":	0,
				"end":	1.00003,
				"seconds":	1.00003,
				"bytes":	8318760,
				"bits_per_second":	6.65478e+07,
				"omitted":	false
			}
		}, {
			"streams":	[{
					"socket":	5,
					"start":	1.00003,
					"end":	2.00014,
					"seconds":	1.0001,
					"bytes":	14384432,
					"bits_per_second":	1.15063e+08,
					"omitted":	false
				}],
			"sum":	{
				"start":	1.00003,
				"end":	2.00014,
				"seconds":	1.0001,
				"bytes":	14384432,
				"bits_per_second":	1.15063e+08,
				"omitted":	false
			}
		}, {
			"streams":	[{
					"socket":	5,
					"start":	2.00014,
					"end":	3.00066,
					"seconds":	1.00052,
					"bytes":	13726080,
					"bits_per_second":	1.09752e+08,
					"omitted":	false
				}],
			"sum":	{
				"start":	2.00014,
				"end":	3.00066,
				"seconds":	1.00052,
				"bytes":	13726080,
				"bits_per_second":	1.09752e+08,
				"omitted":	false
			}
		}, {
			"streams":	[{
					"socket":	5,
					"start":	3.00066,
					"end":	3.0225,
					"seconds":	0.021842,
					"bytes":	0,
					"bits_per_second":	0,
					"omitted":	false
				}],
			"sum":	{
				"start":	3.00066,
				"end":	3.0225,
				"seconds":	0.021842,
				"bytes":	0,
				"bits_per_second":	0,
				"omitted":	false
			}
		}],
	"end":	{
		"streams":	[{
				"sender":	{
					"socket":	5,
					"start":	0,
					"end":	3.0225,
					"seconds":	3.0225,
					"bytes":	36429272,
					"bits_per_second":	9.64216e+07,
					"retransmits":	7
				},
				"receiver":	{
					"socket":	5,
					"start":	0,
					"end":	3.0225,
					"seconds":	3.0225,
					"bytes":	36429272,
					"bits_per_second":	9.64216e+07
				}
			}],
		"sum_sent":	{
			"start":	0,
			"end":	3.0225,
			"seconds":	3.0225,
			"bytes":	36429272,
			"bits_per_second":	9.64216e+07,
			"retransmits":	7
		},
		"sum_received":	{
			"start":	0,
			"end":	3.0225,
			"seconds":	3.0225,
			"bytes":	36429272,
			"bits_per_second":	9.64216e+07
		},
		"cpu_utilization_percent":	{
			"host_total":	4.96968,
			"host_user":	0.463917,
			"host_system":	4.50547,
			"remote_total":	2.53338,
			"remote_user":	0.422161,
			"remote_system":	2.11103
		}
	}
}
