{
	"start":	{
		"connected":	[{
				"socket":	5,
				"local_host":	"10.0.0.10",
				"local_port":	1522,
				"remote_host":	"10.0.0.7",
				"remote_port":	43740
			}],
		"version":	"iperf 3.0.7",
		"system_info":	"Linux MECS3 5.4.197-0504197-generic #202206060747 SMP Mon Jun 6 09:27:47 UTC 2022 x86_64 x86_64 x86_64 GNU/Linux\n",
		"timestamp":	{
			"time":	"Mon, 25 Jul 2022 21:44:38 GMT",
			"timesecs":	1658785478
		},
		"accepted_connection":	{
			"host":	"10.0.0.7",
			"port":	60218
		},
		"cookie":	"BS7.1658785478.194156.7b5367745166dd",
		"test_start":	{
			"protocol":	"UDP",
			"num_streams":	1,
			"blksize":	8192,
			"omit":	0,
			"duration":	8,
			"bytes":	0,
			"blocks":	0,
			"reverse":	0
		}
	},
	"intervals":	[{
			"streams":	[{
					"socket":	5,
					"start":	0,
					"end":	1.00042,
					"seconds":	1.00042,
					"bytes":	2826240,
					"bits_per_second":	2.26005e+07,
					"jitter_ms":	0.878805,
					"lost_packets":	0,
					"packets":	345,
					"lost_percent":	0,
					"omitted":	false
				}],
			"sum":	{
				"start":	0,
				"end":	1.00042,
				"seconds":	1.00042,
				"bytes":	2826240,
				"bits_per_second":	2.26005e+07,
				"jitter_ms":	0.878805,
				"lost_packets":	0,
				"packets":	345,
				"lost_percent":	0,
				"omitted":	false
			}
		}, {
			"streams":	[{
					"socket":	5,
					"start":	1.00042,
					"end":	2.00038,
					"seconds":	0.999967,
					"bytes":	3088384,
					"bits_per_second":	2.47079e+07,
					"jitter_ms":	0.784214,
					"lost_packets":	4,
					"packets":	381,
					"lost_percent":	1.04987,
					"omitted":	false
				}],
			"sum":	{
				"start":	1.00042,
				"end":	2.00038,
				"seconds":	0.999967,
				"bytes":	3088384,
				"bits_per_second":	2.47079e+07,
				"jitter_ms":	0.784214,
				"lost_packets":	4,
				"packets":	381,
				"lost_percent":	1.04987,
				"omitted":	false
			}
		}, {
			"streams":	[{
					"socket":	5,
					"start":	2.00038,
					"end":	3.00154,
					"seconds":	1.00116,
					"bytes":	3088384,
					"bits_per_second":	2.46785e+07,
					"jitter_ms":	1.03377,
					"lost_packets":	4,
					"packets":	381,
					"lost_percent":	1.04987,
					"omitted":	false
				}],
			"sum":	{
				"start":	2.00038,
				"end":	3.00154,
				"seconds":	1.00116,
				"bytes":	3088384,
				"bits_per_second":	2.46785e+07,
				"jitter_ms":	1.03377,
				"lost_packets":	4,
				"packets":	381,
				"lost_percent":	1.04987,
				"omitted":	false
			}
		}, {
			"streams":	[{
					"socket":	5,
					"start":	3.00154,
					"end":	4.00015,
					"seconds":	0.998607,
					"bytes":	3039232,
					"bits_per_second":	2.43478e+07,
					"jitter_ms":	1.00304,
					"lost_packets":	11,
					"packets":	382,
					"lost_percent":	2.87958,
					"omitted":	false
				}],
			"sum":	{
				"start":	3.00154,
				"end":	4.00015,
				"seconds":	0.998607,
				"bytes":	3039232,
				"bits_per_second":	2.43478e+07,
				"jitter_ms":	1.00304,
				"lost_packets":	11,
				"packets":	382,
				"lost_percent":	2.87958,
				"omitted":	false
			}
		}, {
			"streams":	[{
					"socket":	5,
					"start":	4.00015,
					"end":	5.00015,
					"seconds":	1,
					"bytes":	3121152,
					"bits_per_second":	2.49691e+07,
					"jitter_ms":	1.09647,
					"lost_packets":	0,
					"packets":	381,
					"lost_percent":	0,
					"omitted":	false
				}],
			"sum":	{
				"start":	4.00015,
				"end":	5.00015,
				"seconds":	1,
				"bytes":	3121152,
				"bits_per_second":	2.49691e+07,
				"jitter_ms":	1.09647,
				"lost_packets":	0,
				"packets":	381,
				"lost_percent":	0,
				"omitted":	false
			}
		}, {
			"streams":	[{
					"socket":	5,
					"start":	5.00015,
					"end":	6.00023,
					"seconds":	1.00008,
					"bytes":	3153920,
					"bits_per_second":	2.52293e+07,
					"jitter_ms":	0.84049,
					"lost_packets":	0,
					"packets":	385,
					"lost_percent":	0,
					"omitted":	false
				}],
			"sum":	{
				"start":	5.00015,
				"end":	6.00023,
				"seconds":	1.00008,
				"bytes":	3153920,
				"bits_per_second":	2.52293e+07,
				"jitter_ms":	0.84049,
				"lost_packets":	0,
				"packets":	385,
				"lost_percent":	0,
				"omitted":	false
			}
		}, {
			"streams":	[{
					"socket":	5,
					"start":	6.00023,
					"end":	7.00064,
					"seconds":	1.00041,
					"bytes":	3104768,
					"bits_per_second":	2.48281e+07,
					"jitter_ms":	0.638049,
					"lost_packets":	0,
					"packets":	379,
					"lost_percent":	0,
					"omitted":	false
				}],
			"sum":	{
				"start":	6.00023,
				"end":	7.00064,
				"seconds":	1.00041,
				"bytes":	3104768,
				"bits_per_second":	2.48281e+07,
				"jitter_ms":	0.638049,
				"lost_packets":	0,
				"packets":	379,
				"lost_percent":	0,
				"omitted":	false
			}
		}, {
			"streams":	[{
					"socket":	5,
					"start":	7.00064,
					"end":	8.00024,
					"seconds":	0.999596,
					"bytes":	3121152,
					"bits_per_second":	2.49793e+07,
					"jitter_ms":	0.593238,
					"lost_packets":	0,
					"packets":	381,
					"lost_percent":	0,
					"omitted":	false
				}],
			"sum":	{
				"start":	7.00064,
				"end":	8.00024,
				"seconds":	0.999596,
				"bytes":	3121152,
				"bits_per_second":	2.49793e+07,
				"jitter_ms":	0.593238,
				"lost_packets":	0,
				"packets":	381,
				"lost_percent":	0,
				"omitted":	false
			}
		}, {
			"streams":	[{
					"socket":	5,
					"start":	8.00024,
					"end":	8.03144,
					"seconds":	0.0312049,
					"bytes":	0,
					"bits_per_second":	0,
					"jitter_ms":	0.593238,
					"lost_packets":	0,
					"packets":	0,
					"lost_percent":	-nan,
					"omitted":	false
				}],
			"sum":	{
				"start":	8.00024,
				"end":	8.03144,
				"seconds":	0.0312049,
				"bytes":	0,
				"bits_per_second":	0,
				"jitter_ms":	0.593238,
				"lost_packets":	0,
				"packets":	0,
				"lost_percent":	-nan,
				"omitted":	false
			}
		}],
	"end":	{
		"streams":	[{
				"udp":	{
					"socket":	5,
					"start":	0,
					"end":	8.03144,
					"seconds":	8.03144,
					"bytes":	24698880,
					"bits_per_second":	2.46022e+07,
					"jitter_ms":	0.593238,
					"lost_packets":	19,
					"packets":	3015,
					"lost_percent":	0.630182
				}
			}],
		"sum":	{
			"start":	0,
			"end":	8.03144,
			"seconds":	8.03144,
			"bytes":	24698880,
			"bits_per_second":	2.46022e+07,
			"jitter_ms":	0.593238,
			"lost_packets":	19,
			"packets":	3015,
			"lost_percent":	0.630182
		},
		"cpu_utilization_percent":	{
			"host_total":	2.9115,
			"host_user":	0.249928,
			"host_system":	2.66152,
			"remote_total":	2.98499,
			"remote_user":	0.138407,
			"remote_system":	2.84652
		}
	}
}
