{
	"start":	{
		"connected":	[{
				"socket":	5,
				"local_host":	"10.0.0.10",
				"local_port":	3243,
				"remote_host":	"10.0.0.1",
				"remote_port":	58022
			}],
		"version":	"iperf 3.0.7",
		"system_info":	"Linux MECS3 5.4.197-0504197-generic #202206060747 SMP Mon Jun 6 09:27:47 UTC 2022 x86_64 x86_64 x86_64 GNU/Linux\n",
		"timestamp":	{
			"time":	"Mon, 25 Jul 2022 21:50:00 GMT",
			"timesecs":	1658785800
		},
		"accepted_connection":	{
			"host":	"10.0.0.1",
			"port":	58020
		},
		"cookie":	"BS1.1658785800.942382.2d110ae17297cf",
		"tcp_mss_default":	1448,
		"test_start":	{
			"protocol":	"TCP",
			"num_streams":	1,
			"blksize":	131072,
			"omit":	0,
			"duration":	5,
			"bytes":	0,
			"blocks":	0,
			"reverse":	0
		}
	},
	"intervals":	[{
			"streams":	[{
					"socket":	5,
					"start":	0,
					"end":	1.0006,
					"seconds":	1.0006,
					"bytes":	11372048,
					"bits_per_second":	9.09215e+07,
					"omitted":	false
				}],
			"sum":	{
				"start":	0,
				"end":	1.0006,
				"seconds":	1.0006,
				"bytes":	11372048,
				"bits_per_second":	9.09215e+07,
				"omitted":	false
			}
		}, {
			"streams":	[{
					"socket":	5,
					"start":	1.0006,
					"end":	2.00029,
					"seconds":	0.999683,
					"bytes":	12451840,
					"bits_per_second":	9.96463e+07,
					"omitted":	false
				}],
			"sum":	{
				"start":	1.0006,
				"end":	2.00029,
				"seconds":	0.999683,
				"bytes":	12451840,
				"bits_per_second":	9.96463e+07,
				"omitted":	false
			}
		}, {
			"streams":	[{
					"socket":	5,
					"start":	2.00029,
					"end":	3.00225,
					"seconds":	1.00196,
					"bytes":	12451840,
					"bits_per_second":	9.94195e+07,
					"omitted":	false
				}],
			"sum":	{
				"start":	2.00029,
				"end":	3.00225,
				"seconds":	1.00196,
				"bytes":	12451840,
				"bits_per_second":	9.94195e+07,
				"omitted":	false
			}
		}, {
			"streams":	[{
					"socket":	5,
					"start":	3.00225,
					"end":	4.0003,
					"seconds":	0.998053,
					"bytes":	12582912,
					"bits_per_second":	1.0086e+08,
					"omitted":	false
				}],
			"sum":	{
				"start":	3.00225,
				"end":	4.0003,
				"seconds":	0.998053,
				"bytes":	12582912,
				"bits_per_second":	1.0086e+08,
				"omitted":	false
			}
		}, {
			"streams":	[{
					"socket":	5,
					"start":	4.0003,
					"end":	5.00048,
					"seconds":	1.00018,
					"bytes":	12451840,
					"bits_per_second":	9.95972e+07,
					"omitted":	false
				}],
			"sum":	{
				"start":	4.0003,
				"end":	5.00048,
				"seconds":	1.00018,
				"bytes":	12451840,
				"bits_per_second":	9.95972e+07,
				"omitted":	false
			}
		}, {
			"streams":	[{
					"socket":	5,
					"start":	5.00048,
					"end":	5.00921,
					"seconds":	0.00872993,
					"bytes":	0,
					"bits_per_second":	0,
					"omitted":	false
				}],
			"sum":	{
				"start":	5.00048,
				"end":	5.00921,
				"seconds":	0.00872993,
				"bytes":	0,
				"bits_per_second":	0,
				"omitted":	false
			}
		}],
	"end":	{
		"streams":	[{
				"sender":	{
					"socket":	5,
					"start":	0,
					"end":	5.00921,
					"seconds":	5.00921,
					"bytes":	61310480,
					"bits_per_second":	9.79164e+07,
					"retransmits":	0
				},
				"receiver":	{
					"socket":	5,
					"start":	0,
					"end":	5.00921,
					"seconds":	5.00921,
					"bytes":	61310480,
					"bits_per_second":	9.79164e+07
				}
			}],
		"sum_sent":	{
			"start":	0,
			"end":	5.00921,
			"seconds":	5.00921,
			"bytes":	61310480,
			"bits_per_second":	9.79164e+07,
			"retransmits":	0
		},
		"sum_received":	{
			"start":	0,
			"end":	5.00921,
			"seconds":	5.00921,
			"bytes":	61310480,
			"bits_per_second":	9.79164e+07
		},
		"cpu_utilization_percent":	{
			"host_total":	2.97243,
			"host_user":	0.378195,
			"host_system":	2.5943,
			"remote_total":	1.36611,
			"remote_user":	0.173354,
			"remote_system":	1.19269
		}
	}
}
