{
	"start":	{
		"connected":	[{
				"socket":	5,
				"local_host":	"10.0.0.17",
				"local_port":	3283,
				"remote_host":	"10.0.0.2",
				"remote_port":	56610
			}],
		"version":	"iperf 3.0.7",
		"system_info":	"Linux CS3 5.4.197-0504197-generic #202206060747 SMP Mon Jun 6 09:27:47 UTC 2022 x86_64 x86_64 x86_64 GNU/Linux\n",
		"timestamp":	{
			"time":	"Mon, 25 Jul 2022 21:50:46 GMT",
			"timesecs":	1658785846
		},
		"accepted_connection":	{
			"host":	"10.0.0.2",
			"port":	56608
		},
		"cookie":	"BS2.1658785846.632330.5bb1a187041b9a",
		"tcp_mss_default":	1448,
		"test_start":	{
			"protocol":	"TCP",
			"num_streams":	1,
			"blksize":	131072,
			"omit":	0,
			"duration":	30,
			"bytes":	0,
			"blocks":	0,
			"reverse":	0
		}
	},
	"intervals":	[{
			"streams":	[{
					"socket":	5,
					"start":	0,
					"end":	1.00081,
					"seconds":	1.00081,
					"bytes":	10578264,
					"bits_per_second":	8.45576e+07,
					"omitted":	false
				}],
			"sum":	{
				"start":	0,
				"end":	1.00081,
				"seconds":	1.00081,
				"bytes":	10578264,
				"bits_per_second":	8.45576e+07,
				"omitted":	false
			}
		}, {
			"streams":	[{
					"socket":	5,
					"start":	1.00081,
					"end":	2.00075,
					"seconds":	0.999942,
					"bytes":	6047128,
					"bits_per_second":	4.83798e+07,
					"omitted":	false
				}],
			"sum":	{
				"start":	1.00081,
				"end":	2.00075,
				"seconds":	0.999942,
				"bytes":	6047128,
				"bits_per_second":	4.83798e+07,
				"omitted":	false
			}
		}, {
			"streams":	[{
					"socket":	5,
					"start":	2.00075,
					"end":	3.00047,
					"seconds":	0.999714,
					"bytes":	9613272,
					"bits_per_second":	7.69282e+07,
					"omitted":	false
				}],
			"sum":	{
				"start":	2.00075,
				"end":	3.00047,
				"seconds":	0.999714,
				"bytes":	9613272,
				"bits_per_second":	7.69282e+07,
				"omitted":	false
			}
		}, {
			"streams":	[{
					"socket":	5,
					"start":	3.00047,
					"end":	4.00026,
					"seconds":	0.999793,
					"bytes":	10873032,
					"bits_per_second":	8.70023e+07,
					"omitted":	false
				}],
			"sum":	{
				"start":	3.00047,
				"end":	4.00026,
				"seconds":	0.999793,
				"bytes":	10873032,
				"bits_per_second":	8.70023e+07,
				"omitted":	false
			}
		}, {
			"streams":	[{
					"socket":	5,
					"start":	4.00026,
					"end":	5.00052,
					"seconds":	1.00026,
					"bytes":	10201160,
					"bits_per_second":	8.15877e+07,
					"omitted":	false
				}],
			"sum":	{
				"start":	4.00026,
				"end":	5.00052,
				"seconds":	1.00026,
				"bytes":	10201160,
				"bits_per_second":	8.15877e+07,
				"omitted":	false
			}
		}, {
			"streams":	[{
					"socket":	5,
					"start":	5.00052,
					"end":	6.00042,
					"seconds":	0.999893,
					"bytes":	19943304,
					"bits_per_second":	1.59564e+08,
					"omitted":	false
				}],
			"sum":	{
				"start":	5.00052,
				"end":	6.00042,
				"seconds":	0.999893,
				"bytes":	19943304,
				"bits_per_second":	1.59564e+08,
				"omitted":	false
			}
		}, {
			"streams":	[{
					"socket":	5,
					"start":	6.00042,
					"end":	7.00011,
					"seconds":	0.999696,
					"bytes":	19089072,
					"bits_per_second":	1.52759e+08,
					"omitted":	false
				}],
			"sum":	{
				"start":	6.00042,
				"end":	7.00011,
				"seconds":	0.999696,
				"bytes":	19089072,
				"bits_per_second":	1.52759e+08,
				"omitted":	false
			}
		}, {
			"streams":	[{
					"socket":	5,
					"start":	7.00011,
					"end":	8.00013,
					"seconds":	1.00002,
					"bytes":	12451840,
					"bits_per_second":	9.96129e+07,
					"omitted":	false
				}],
			"sum":	{
				"start":	7.00011,
				"end":	8.00013,
				"seconds":	1.00002,
				"bytes":	12451840,
				"bits_per_second":	9.96129e+07,
				"omitted":	false
			}
		}, {
			"streams":	[{
					"socket":	5,
					"start":	8.00013,
					"end":	9.00053,
					"seconds":	1.0004,
					"bytes":	12582912,
					"bits_per_second":	1.00623e+08,
					"omitted":	false
				}],
			"sum":	{
				"start":	8.00013,
				"end":	9.00053,
				"seconds":	1.0004,
				"bytes":	12582912,
				"bits_per_second":	1.00623e+08,
				"omitted":	false
			}
		}, {
			"streams":	[{
					"socket":	5,
					"start":	9.00053,
					"end":	10.0002,
					"seconds":	0.999695,
					"bytes":	12451840,
					"bits_per_second":	9.96451e+07,
					"omitted":	false
				}],
			"sum":	{
				"start":	9.00053,
				"end":	10.0002,
				"seconds":	0.999695,
				"bytes":	12451840,
				"bits_per_second":	9.96451e+07,
				"omitted":	false
			}
		}, {
			"streams":	[{
					"socket":	5,
					"start":	10.0002,
					"end":	11.0003,
					"seconds":	1.00009,
					"bytes":	12417560,
					"bits_per_second":	9.93317e+07,
					"omitted":	false
				}],
			"sum":	{
				"start":	10.0002,
				"end":	11.0003,
				"seconds":	1.00009,
				"bytes":	12417560,
				"bits_per_second":	9.93317e+07,
				"omitted":	false
			}
		}, {
			"streams":	[{
					"socket":	5,
					"start":	11.0003,
					"end":	12.0002,
					"seconds":	0.99989,
					"bytes":	12008056,
					"bits_per_second":	9.6075e+07,
					"omitted":	false
				}],
			"sum":	{
				"start":	11.0003,
				"end":	12.0002,
				"seconds":	0.99989,
				"bytes":	12008056,
				"bits_per_second":	9.6075e+07,
				"omitted":	false
			}
		}, {
			"streams":	[{
					"socket":	5,
					"start":	12.0002,
					"end":	13.0037,
					"seconds":	1.00355,
					"bytes":	13192048,
					"bits_per_second":	1.05164e+08,
					"omitted":	false
				}],
			"sum":	{
				"start":	12.0002,
				"end":	13.0037,
				"seconds":	1.00355,
				"bytes":	13192048,
				"bits_per_second":	1.05164e+08,
				"omitted":	false
			}
		}, {
			"streams":	[{
					"socket":	5,
					"start":	13.0037,
					"end":	14.0006,
					"seconds":	0.99688,
					"bytes":	12117824,
					"bits_per_second":	9.7246e+07,
					"omitted":	false
				}],
			"sum":	{
				"start":	13.0037,
				"end":	14.0006,
				"seconds":	0.99688,
				"bytes":	12117824,
				"bits_per_second":	9.7246e+07,
				"omitted":	false
			}
		}, {
			"streams":	[{
					"socket":	5,
					"start":	14.0006,
					"end":	15.0007,
					"seconds":	1.00008,
					"bytes":	12785856,
					"bits_per_second":	1.02278e+08,
					"omitted":	false
				}],
			"sum":	{
				"start":	14.0006,
				"end":	15.0007,
				"seconds":	1.00008,
				"bytes":	12785856,
				"bits_per_second":	1.02278e+08,
				"omitted":	false
			}
		}, {
			"streams":	[{
					"socket":	5,
					"start":	15.0007,
					"end":	16.0005,
					"seconds":	0.999829,
					"bytes":	12582912,
					"bits_per_second":	1.00681e+08,
					"omitted":	false
				}],
			"sum":	{
				"start":	15.0007,
				"end":	16.0005,
				"seconds":	0.999829,
				"bytes":	12582912,
				"bits_per_second":	1.00681e+08,
				"omitted":	false
			}
		}, {
			"streams":	[{
					"socket":	5,
					"start":	16.0005,
					"end":	17.0008,
					"seconds":	1.00023,
					"bytes":	12451840,
					"bits_per_second":	9.95919e+07,
					"omitted":	false
				}],
			"sum":	{
				"start":	16.0005,
				"end":	17.0008,
				"seconds":	1.00023,
				"bytes":	12451840,
				"bits_per_second":	9.95919e+07,
				"omitted":	false
			}
		}, {
			"streams":	[{
					"socket":	5,
					"start":	17.0008,
					"end":	18.0006,
					"seconds":	0.999784,
					"bytes":	12451840,
					"bits_per_second":	9.96362e+07,
					"omitted":	false
				}],
			"sum":	{
				"start":	17.0008,
				"end":	18.0006,
				"seconds":	0.999784,
				"bytes":	12451840,
				"bits_per_second":	9.96362e+07,
				"omitted":	false
			}
		}, {
			"streams":	[{
					"socket":	5,
					"start":	18.0006,
					"end":	19.0002,
					"seconds":	0.999686,
					"bytes":	12582912,
					"bits_per_second":	1.00695e+08,
					"omitted":	false
				}],
			"sum":	{
				"start":	18.0006,
				"end":	19.0002,
				"seconds":	0.999686,
				"bytes":	12582912,
				"bits_per_second":	1.00695e+08,
				"omitted":	false
			}
		}, {
			"streams":	[{
					"socket":	5,
					"start":	19.0002,
					"end":	20.0088,
					"seconds":	1.00861,
					"bytes":	12451840,
					"bits_per_second":	9.87648e+07,
					"omitted":	false
				}],
			"sum":	{
				"start":	19.0002,
				"end":	20.0088,
				"seconds":	1.00861,
				"bytes":	12451840,
				"bits_per_second":	9.87648e+07,
				"omitted":	false
			}
		}, {
			"streams":	[{
					"socket":	5,
					"start":	20.0088,
					"end":	21.0004,
					"seconds":	0.991554,
					"bytes":	12451840,
					"bits_per_second":	1.00463e+08,
					"omitted":	false
				}],
			"sum":	{
				"start":	20.0088,
				"end":	21.0004,
				"seconds":	0.991554,
				"bytes":	12451840,
				"bits_per_second":	1.00463e+08,
				"omitted":	false
			}
		}, {
			"streams":	[{
					"socket":	5,
					"start":	21.0004,
					"end":	22.0002,
					"seconds":	0.999784,
					"bytes":	12582912,
					"bits_per_second":	1.00685e+08,
					"omitted":	false
				}],
			"sum":	{
				"start":	21.0004,
				"end":	22.0002,
				"seconds":	0.999784,
				"bytes":	12582912,
				"bits_per_second":	1.00685e+08,
				"omitted":	false
			}
		}, {
			"streams":	[{
					"socket":	5,
					"start":	22.0002,
					"end":	23.0006,
					"seconds":	1.00037,
					"bytes":	12582912,
					"bits_per_second":	1.00626e+08,
					"omitted":	false
				}],
			"sum":	{
				"start":	22.0002,
				"end":	23.0006,
				"seconds":	1.00037,
				"bytes":	12582912,
				"bits_per_second":	1.00626e+08,
				"omitted":	false
			}
		}, {
			"streams":	[{
					"socket":	5,
					"start":	23.0006,
					"end":	24.0003,
					"seconds":	0.999742,
					"bytes":	12320768,
					"bits_per_second":	9.85916e+07,
					"omitted":	false
				}],
			"sum":	{
				"start":	23.0006,
				"end":	24.0003,
				"seconds":	0.999742,
				"bytes":	12320768,
				"bits_per_second":	9.85916e+07,
				"omitted":	false
			}
		}, {
			"streams":	[{
					"socket":	5,
					"start":	24.0003,
					"end":	25.0002,
					"seconds":	0.999931,
					"bytes":	12582912,
					"bits_per_second":	1.0067e+08,
					"omitted":	false
				}],
			"sum":	{
				"start":	24.0003,
				"end":	25.0002,
				"seconds":	0.999931,
				"bytes":	12582912,
				"bits_per_second":	1.0067e+08,
				"omitted":	false
			}
		}, {
			"streams":	[{
					"socket":	5,
					"start":	25.0002,
					"end":	26.0002,
					"seconds":	0.999953,
					"bytes":	12451840,
					"bits_per_second":	9.96194e+07,
					"omitted":	false
				}],
			"sum":	{
				"start":	25.0002,
				"end":	26.0002,
				"seconds":	0.999953,
				"bytes":	12451840,
				"bits_per_second":	9.96194e+07,
				"omitted":	false
			}
		}, {
			"streams":	[{
					"socket":	5,
					"start":	26.0002,
					"end":	27.0022,
					"seconds":	1.00202,
					"bytes":	12582912,
					"bits_per_second":	1.00461e+08,
					"omitted":	false
				}],
			"sum":	{
				"start":	26.0002,
				"end":	27.0022,
				"seconds":	1.00202,
				"bytes":	12582912,
				"bits_per_second":	1.00461e+08,
				"omitted":	false
			}
		}, {
			"streams":	[{
					"socket":	5,
					"start":	27.0022,
					"end":	28.0009,
					"seconds":	0.998681,
					"bytes":	12451840,
					"bits_per_second":	9.97463e+07,
					"omitted":	false
				}],
			"sum":	{
				"start":	27.0022,
				"end":	28.0009,
				"seconds":	0.998681,
				"bytes":	12451840,
				"bits_per_second":	9.97463e+07,
				"omitted":	false
			}
		}, {
			"streams":	[{
					"socket":	5,
					"start":	28.0009,
					"end":	29.0007,
					"seconds":	0.999817,
					"bytes":	12582912,
					"bits_per_second":	1.00682e+08,
					"omitted":	false
				}],
			"sum":	{
				"start":	28.0009,
				"end":	29.0007,
				"seconds":	0.999817,
				"bytes":	12582912,
				"bits_per_second":	1.00682e+08,
				"omitted":	false
			}
		}, {
			"streams":	[{
					"socket":	5,
					"start":	29.0007,
					"end":	30.0017,
					"seconds":	1.00101,
					"bytes":	12320768,
					"bits_per_second":	9.84668e+07,
					"omitted":	false
				}],
			"sum":	{
				"start":	29.0007,
				"end":	30.0017,
				"seconds":	1.00101,
				"bytes":	12320768,
				"bits_per_second":	9.84668e+07,
				"omitted":	false
			}
		}, {
			"streams":	[{
					"socket":	5,
					"start":	30.0017,
					"end":	30.026,
					"seconds":	0.0242701,
					"bytes":	0,
					"bits_per_second":	0,
					"omitted":	false
				}],
			"sum":	{
				"start":	30.0017,
				"end":	30.026,
				"seconds":	0.0242701,
				"bytes":	0,
				"bits_per_second":	0,
				"omitted":	false
			}
		}],
	"end":	{
		"streams":	[{
				"sender":	{
					"socket":	5,
					"start":	0,
					"end":	30.026,
					"seconds":	30.026,
					"bytes":	373786128,
					"bits_per_second":	9.95901e+07,
					"retransmits":	126
				},
				"receiver":	{
					"socket":	5,
					"start":	0,
					"end":	30.026,
					"seconds":	30.026,
					"bytes":	373786128,
					"bits_per_second":	9.95901e+07
				}
			}],
		"sum_sent":	{
			"start":	0,
			"end":	30.026,
			"seconds":	30.026,
			"bytes":	373786128,
			"bits_per_second":	9.95901e+07,
			"retransmits":	126
		},
		"sum_received":	{
			"start":	0,
			"end":	30.026,
			"seconds":	30.026,
			"bytes":	373786128,
			"bits_per_second":	9.95901e+07
		},
		"cpu_utilization_percent":	{
			"host_total":	6.15089,
			"host_user":	0.503513,
			"host_system":	5.64737,
			"remote_total":	2.69664,
			"remote_user":	0.126087,
			"remote_system":	2.57055
		}
	}
}
