{
	"start":	{
		"connected":	[{
				"socket":	5,
				"local_host":	"10.0.0.8",
				"local_port":	1618,
				"remote_host":	"10.0.0.1",
				"remote_port":	43668
			}],
		"version":	"iperf 3.0.7",
		"system_info":	"Linux MECS1 5.4.197-0504197-generic #202206060747 SMP Mon Jun 6 09:27:47 UTC 2022 x86_64 x86_64 x86_64 GNU/Linux\n",
		"timestamp":	{
			"time":	"Mon, 25 Jul 2022 21:44:14 GMT",
			"timesecs":	1658785454
		},
		"accepted_connection":	{
			"host":	"10.0.0.1",
			"port":	43666
		},
		"cookie":	"BS1.1658785454.195472.497c29bb6b5b9c",
		"tcp_mss_default":	1448,
		"test_start":	{
			"protocol":	"TCP",
			"num_streams":	1,
			"blksize":	131072,
			"omit":	0,
			"duration":	27,
			"bytes":	0,
			"blocks":	0,
			"reverse":	0
		}
	},
	"intervals":	[{
			"streams":	[{
					"socket":	5,
					"start":	0,
					"end":	1.00261,
					"seconds":	1.00261,
					"bytes":	11351832,
					"bits_per_second":	9.05778e+07,
					"omitted":	false
				}],
			"sum":	{
				"start":	0,
				"end":	1.00261,
				"seconds":	1.00261,
				"bytes":	11351832,
				"bits_per_second":	9.05778e+07,
				"omitted":	false
			}
		}, {
			"streams":	[{
					"socket":	5,
					"start":	1.00261,
					"end":	2.0004,
					"seconds":	0.997784,
					"bytes":	12451840,
					"bits_per_second":	9.98359e+07,
					"omitted":	false
				}],
			"sum":	{
				"start":	1.00261,
				"end":	2.0004,
				"seconds":	0.997784,
				"bytes":	12451840,
				"bits_per_second":	9.98359e+07,
				"omitted":	false
			}
		}, {
			"streams":	[{
					"socket":	5,
					"start":	2.0004,
					"end":	3.00054,
					"seconds":	1.00014,
					"bytes":	12582912,
					"bits_per_second":	1.00649e+08,
					"omitted":	false
				}],
			"sum":	{
				"start":	2.0004,
				"end":	3.00054,
				"seconds":	1.00014,
				"bytes":	12582912,
				"bits_per_second":	1.00649e+08,
				"omitted":	false
			}
		}, {
			"streams":	[{
					"socket":	5,
					"start":	3.00054,
					"end":	4.0004,
					"seconds":	0.999863,
					"bytes":	12451840,
					"bits_per_second":	9.96284e+07,
					"omitted":	false
				}],
			"sum":	{
				"start":	3.00054,
				"end":	4.0004,
				"seconds":	0.999863,
				"bytes":	12451840,
				"bits_per_second":	9.96284e+07,
				"omitted":	false
			}
		}, {
			"streams":	[{
					"socket":	5,
					"start":	4.0004,
					"end":	5.00053,
					"seconds":	1.00013,
					"bytes":	12451840,
					"bits_per_second":	9.96013e+07,
					"omitted":	false
				}],
			"sum":	{
				"start":	4.0004,
				"end":	5.00053,
				"seconds":	1.00013,
				"bytes":	12451840,
				"bits_per_second":	9.96013e+07,
				"omitted":	false
			}
		}, {
			"streams":	[{
					"socket":	5,
					"start":	5.00053,
					"end":	6.00067,
					"seconds":	1.00014,
					"bytes":	12582912,
					"bits_per_second":	1.00649e+08,
					"omitted":	false
				}],
			"sum":	{
				"start":	5.00053,
				"end":	6.00067,
				"seconds":	1.00014,
				"bytes":	12582912,
				"bits_per_second":	1.00649e+08,
				"omitted":	false
			}
		}, {
			"streams":	[{
					"socket":	5,
					"start":	6.00067,
					"end":	7.00038,
					"seconds":	0.999711,
					"bytes":	12451840,
					"bits_per_second":	9.96435e+07,
					"omitted":	false
				}],
			"sum":	{
				"start":	6.00067,
				"end":	7.00038,
				"seconds":	0.999711,
				"bytes":	12451840,
				"bits_per_second":	9.96435e+07,
				"omitted":	false
			}
		}, {
			"streams":	[{
					"socket":	5,
					"start":	7.00038,
					"end":	8.00041,
					"seconds":	1.00003,
					"bytes":	12582912,
					"bits_per_second":	1.0066e+08,
					"omitted":	false
				}],
			"sum":	{
				"start":	7.00038,
				"end":	8.00041,
				"seconds":	1.00003,
				"bytes":	12582912,
				"bits_per_second":	1.0066e+08,
				"omitted":	false
			}
		}, {
			"streams":	[{
					"socket":	5,
					"start":	8.00041,
					"end":	9.00052,
					"seconds":	1.00011,
					"bytes":	12451840,
					"bits_per_second":	9.96042e+07,
					"omitted":	false
				}],
			"sum":	{
				"start":	8.00041,
				"end":	9.00052,
				"seconds":	1.00011,
				"bytes":	12451840,
				"bits_per_second":	9.96042e+07,
				"omitted":	false
			}
		}, {
			"streams":	[{
					"socket":	5,
					"start":	9.00052,
					"end":	10.0002,
					"seconds":	0.999712,
					"bytes":	12451840,
					"bits_per_second":	9.96434e+07,
					"omitted":	false
				}],
			"sum":	{
				"start":	9.00052,
				"end":	10.0002,
				"seconds":	0.999712,
				"bytes":	12451840,
				"bits_per_second":	9.96434e+07,
				"omitted":	false
			}
		}, {
			"streams":	[{
					"socket":	5,
					"start":	10.0002,
					"end":	11.0004,
					"seconds":	1.00013,
					"bytes":	12582912,
					"bits_per_second":	1.00651e+08,
					"omitted":	false
				}],
			"sum":	{
				"start":	10.0002,
				"end":	11.0004,
				"seconds":	1.00013,
				"bytes":	12582912,
				"bits_per_second":	1.00651e+08,
				"omitted":	false
			}
		}, {
			"streams":	[{
					"socket":	5,
					"start":	11.0004,
					"end":	12.0008,
					"seconds":	1.0004,
					"bytes":	12451840,
					"bits_per_second":	9.95746e+07,
					"omitted":	false
				}],
			"sum":	{
				"start":	11.0004,
				"end":	12.0008,
				"seconds":	1.0004,
				"bytes":	12451840,
				"bits_per_second":	9.95746e+07,
				"omitted":	false
			}
		}, {
			"streams":	[{
					"socket":	5,
					"start":	12.0008,
					"end":	13.0003,
					"seconds":	0.999495,
					"bytes":	12451840,
					"bits_per_second":	9.9665e+07,
					"omitted":	false
				}],
			"sum":	{
				"start":	12.0008,
				"end":	13.0003,
				"seconds":	0.999495,
				"bytes":	12451840,
				"bits_per_second":	9.9665e+07,
				"omitted":	false
			}
		}, {
			"streams":	[{
					"socket":	5,
					"start":	13.0003,
					"end":	14.0007,
					"seconds":	1.00047,
					"bytes":	12582912,
					"bits_per_second":	1.00616e+08,
					"omitted":	false
				}],
			"sum":	{
				"start":	13.0003,
				"end":	14.0007,
				"seconds":	1.00047,
				"bytes":	12582912,
				"bits_per_second":	1.00616e+08,
				"omitted":	false
			}
		}, {
			"streams":	[{
					"socket":	5,
					"start":	14.0007,
					"end":	15.0002,
					"seconds":	0.999495,
					"bytes":	12451840,
					"bits_per_second":	9.9665e+07,
					"omitted":	false
				}],
			"sum":	{
				"start":	14.0007,
				"end":	15.0002,
				"seconds":	0.999495,
				"bytes":	12451840,
				"bits_per_second":	9.9665e+07,
				"omitted":	false
			}
		}, {
			"streams":	[{
					"socket":	5,
					"start":	15.0002,
					"end":	16.0006,
					"seconds":	1.00034,
					"bytes":	12451840,
					"bits_per_second":	9.95809e+07,
					"omitted":	false
				}],
			"sum":	{
				"start":	15.0002,
				"end":	16.0006,
				"seconds":	1.00034,
				"bytes":	12451840,
				"bits_per_second":	9.95809e+07,
				"omitted":	false
			}
		}, {
			"streams":	[{
					"socket":	5,
					"start":	16.0006,
					"end":	17.0006,
					"seconds":	0.999988,
					"bytes":	12582912,
					"bits_per_second":	1.00664e+08,
					"omitted":	false
				}],
			"sum":	{
				"start":	16.0006,
				"end":	17.0006,
				"seconds":	0.999988,
				"bytes":	12582912,
				"bits_per_second":	1.00664e+08,
				"omitted":	false
			}
		}, {
			"streams":	[{
					"socket":	5,
					"start":	17.0006,
					"end":	18.001,
					"seconds":	1.00043,
					"bytes":	12451840,
					"bits_per_second":	9.95715e+07,
					"omitted":	false
				}],
			"sum":	{
				"start":	17.0006,
				"end":	18.001,
				"seconds":	1.00043,
				"bytes":	12451840,
				"bits_per_second":	9.95715e+07,
				"omitted":	false
			}
		}, {
			"streams":	[{
					"socket":	5,
					"start":	18.001,
					"end":	19.0006,
					"seconds":	0.99961,
					"bytes":	12582912,
					"bits_per_second":	1.00703e+08,
					"omitted":	false
				}],
			"sum":	{
				"start":	18.001,
				"end":	19.0006,
				"seconds":	0.99961,
				"bytes":	12582912,
				"bits_per_second":	1.00703e+08,
				"omitted":	false
			}
		}, {
			"streams":	[{
					"socket":	5,
					"start":	19.0006,
					"end":	20.0004,
					"seconds":	0.999785,
					"bytes":	12451840,
					"bits_per_second":	9.96361e+07,
					"omitted":	false
				}],
			"sum":	{
				"start":	19.0006,
				"end":	20.0004,
				"seconds":	0.999785,
				"bytes":	12451840,
				"bits_per_second":	9.96361e+07,
				"omitted":	false
			}
		}, {
			"streams":	[{
					"socket":	5,
					"start":	20.0004,
					"end":	21.0002,
					"seconds":	0.999779,
					"bytes":	12451840,
					"bits_per_second":	9.96367e+07,
					"omitted":	false
				}],
			"sum":	{
				"start":	20.0004,
				"end":	21.0002,
				"seconds":	0.999779,
				"bytes":	12451840,
				"bits_per_second":	9.96367e+07,
				"omitted":	false
			}
		}, {
			"streams":	[{
					"socket":	5,
					"start":	21.0002,
					"end":	22.0003,
					"seconds":	1.00011,
					"bytes":	12582912,
					"bits_per_second":	1.00653e+08,
					"omitted":	false
				}],
			"sum":	{
				"start":	21.0002,
				"end":	22.0003,
				"seconds":	1.00011,
				"bytes":	12582912,
				"bits_per_second":	1.00653e+08,
				"omitted":	false
			}
		}, {
			"streams":	[{
					"socket":	5,
					"start":	22.0003,
					"end":	23.0002,
					"seconds":	0.999969,
					"bytes":	12451840,
					"bits_per_second":	9.96178e+07,
					"omitted":	false
				}],
			"sum":	{
				"start":	22.0003,
				"end":	23.0002,
				"seconds":	0.999969,
				"bytes":	12451840,
				"bits_per_second":	9.96178e+07,
				"omitted":	false
			}
		}, {
			"streams":	[{
					"socket":	5,
					"start":	23.0002,
					"end":	24.0003,
					"seconds":	1.00007,
					"bytes":	12582912,
					"bits_per_second":	1.00656e+08,
					"omitted":	false
				}],
			"sum":	{
				"start":	23.0002,
				"end":	24.0003,
				"seconds":	1.00007,
				"bytes":	12582912,
				"bits_per_second":	1.00656e+08,
				"omitted":	false
			}
		}, {
			"streams":	[{
					"socket":	5,
					"start":	24.0003,
					"end":	25.0005,
					"seconds":	1.00021,
					"bytes":	12451840,
					"bits_per_second":	9.95937e+07,
					"omitted":	false
				}],
			"sum":	{
				"start":	24.0003,
				"end":	25.0005,
				"seconds":	1.00021,
				"bytes":	12451840,
				"bits_per_second":	9.95937e+07,
				"omitted":	false
			}
		}, {
			"streams":	[{
					"socket":	5,
					"start":	25.0005,
					"end":	26.0003,
					"seconds":	0.999749,
					"bytes":	12451840,
					"bits_per_second":	9.96397e+07,
					"omitted":	false
				}],
			"sum":	{
				"start":	25.0005,
				"end":	26.0003,
				"seconds":	0.999749,
				"bytes":	12451840,
				"bits_per_second":	9.96397e+07,
				"omitted":	false
			}
		}, {
			"streams":	[{
					"socket":	5,
					"start":	26.0003,
					"end":	27.0008,
					"seconds":	1.00048,
					"bytes":	12582912,
					"bits_per_second":	1.00615e+08,
					"omitted":	false
				}],
			"sum":	{
				"start":	26.0003,
				"end":	27.0008,
				"seconds":	1.00048,
				"bytes":	12582912,
				"bits_per_second":	1.00615e+08,
				"omitted":	false
			}
		}, {
			"streams":	[{
					"socket":	5,
					"start":	27.0008,
					"end":	27.0067,
					"seconds":	0.00599313,
					"bytes":	0,
					"bits_per_second":	0,
					"omitted":	false
				}],
			"sum":	{
				"start":	27.0008,
				"end":	27.0067,
				"seconds":	0.00599313,
				"bytes":	0,
				"bits_per_second":	0,
				"omitted":	false
			}
		}],
	"end":	{
		"streams":	[{
				"sender":	{
					"socket":	5,
					"start":	0,
					"end":	27.0067,
					"seconds":	27.0067,
					"bytes":	336410392,
					"bits_per_second":	9.96523e+07,
					"retransmits":	30
				},
				"receiver":	{
					"socket":	5,
					"start":	0,
					"end":	27.0067,
					"seconds":	27.0067,
					"bytes":	336410392,
					"bits_per_second":	9.96523e+07
				}
			}],
		"sum_sent":	{
			"start":	0,
			"end":	27.0067,
			"seconds":	27.0067,
			"bytes":	336410392,
			"bits_per_second":	9.96523e+07,
			"retransmits":	30
		},
		"sum_received":	{
			"start":	0,
			"end":	27.0067,
			"seconds":	27.0067,
			"bytes":	336410392,
			"bits_per_second":	9.96523e+07
		},
		"cpu_utilization_percent":	{
			"host_total":	2.5354,
			"host_user":	0.283857,
			"host_system":	2.25154,
			"remote_total":	1.414,
			"remote_user":	0.0438663,
			"remote_system":	1.37011
		}
	}
}
