{
	"start":	{
		"connected":	[{
				"socket":	5,
				"local_host":	"10.0.0.10",
				"local_port":	2412,
				"remote_host":	"10.0.0.4",
				"remote_port":	43910
			}],
		"version":	"iperf 3.0.7",
		"system_info":	"Linux H10 5.4.197-0504197-generic #202206060747 SMP Mon Jun 6 09:27:47 UTC 2022 x86_64 x86_64 x86_64 GNU/Linux\n",
		"timestamp":	{
			"time":	"Fri, 22 Jul 2022 09:31:03 GMT",
			"timesecs":	1658482263
		},
		"accepted_connection":	{
			"host":	"10.0.0.4",
			"port":	43908
		},
		"cookie":	"H4.1658482263.968238.577a248c73e7d7a",
		"tcp_mss_default":	1448,
		"test_start":	{
			"protocol":	"TCP",
			"num_streams":	1,
			"blksize":	131072,
			"omit":	0,
			"duration":	5,
			"bytes":	0,
			"blocks":	0,
			"reverse":	0
		}
	},
	"intervals":	[{
			"streams":	[{
					"socket":	5,
					"start":	0,
					"end":	1.00042,
					"seconds":	1.00042,
					"bytes":	1703936,
					"bits_per_second":	1.36257e+07,
					"omitted":	false
				}],
			"sum":	{
				"start":	0,
				"end":	1.00042,
				"seconds":	1.00042,
				"bytes":	1703936,
				"bits_per_second":	1.36257e+07,
				"omitted":	false
			}
		}, {
			"streams":	[{
					"socket":	5,
					"start":	1.00042,
					"end":	2.00086,
					"seconds":	1.00043,
					"bytes":	1966080,
					"bits_per_second":	1.57218e+07,
					"omitted":	false
				}],
			"sum":	{
				"start":	1.00042,
				"end":	2.00086,
				"seconds":	1.00043,
				"bytes":	1966080,
				"bits_per_second":	1.57218e+07,
				"omitted":	false
			}
		}, {
			"streams":	[{
					"socket":	5,
					"start":	2.00086,
					"end":	3.00059,
					"seconds":	0.999733,
					"bytes":	1835008,
					"bits_per_second":	1.4684e+07,
					"omitted":	false
				}],
			"sum":	{
				"start":	2.00086,
				"end":	3.00059,
				"seconds":	0.999733,
				"bytes":	1835008,
				"bits_per_second":	1.4684e+07,
				"omitted":	false
			}
		}, {
			"streams":	[{
					"socket":	5,
					"start":	3.00059,
					"end":	4.00025,
					"seconds":	0.999662,
					"bytes":	1835008,
					"bits_per_second":	1.4685e+07,
					"omitted":	false
				}],
			"sum":	{
				"start":	3.00059,
				"end":	4.00025,
				"seconds":	0.999662,
				"bytes":	1835008,
				"bits_per_second":	1.4685e+07,
				"omitted":	false
			}
		}, {
			"streams":	[{
					"socket":	5,
					"start":	4.00025,
					"end":	5.0006,
					"seconds":	1.00035,
					"bytes":	1966080,
					"bits_per_second":	1.57232e+07,
					"omitted":	false
				}],
			"sum":	{
				"start":	4.00025,
				"end":	5.0006,
				"seconds":	1.00035,
				"bytes":	1966080,
				"bits_per_second":	1.57232e+07,
				"omitted":	false
			}
		}, {
			"streams":	[{
					"socket":	5,
					"start":	5.0006,
					"end":	5.00089,
					"seconds":	0.00028801,
					"bytes":	0,
					"bits_per_second":	0,
					"omitted":	false
				}],
			"sum":	{
				"start":	5.0006,
				"end":	5.00089,
				"seconds":	0.00028801,
				"bytes":	0,
				"bits_per_second":	0,
				"omitted":	false
			}
		}],
	"end":	{
		"streams":	[{
				"sender":	{
					"socket":	5,
					"start":	0,
					"end":	5.00089,
					"seconds":	5.00089,
					"bytes":	9306112,
					"bits_per_second":	1.48871e+07,
					"retransmits":	0
				},
				"receiver":	{
					"socket":	5,
					"start":	0,
					"end":	5.00089,
					"seconds":	5.00089,
					"bytes":	9306112,
					"bits_per_second":	1.48871e+07
				}
			}],
		"sum_sent":	{
			"start":	0,
			"end":	5.00089,
			"seconds":	5.00089,
			"bytes":	9306112,
			"bits_per_second":	1.48871e+07,
			"retransmits":	0
		},
		"sum_received":	{
			"start":	0,
			"end":	5.00089,
			"seconds":	5.00089,
			"bytes":	9306112,
			"bits_per_second":	1.48871e+07
		},
		"cpu_utilization_percent":	{
			"host_total":	1.3769,
			"host_user":	1.37692,
			"host_system":	0,
			"remote_total":	0.627328,
			"remote_user":	0.287553,
			"remote_system":	0.339815
		}
	}
}
