{
	"start":	{
		"connected":	[{
				"socket":	5,
				"local_host":	"10.0.0.9",
				"local_port":	3386,
				"remote_host":	"10.0.0.4",
				"remote_port":	56466
			}],
		"version":	"iperf 3.0.7",
		"system_info":	"Linux H9 5.4.197-0504197-generic #202206060747 SMP Mon Jun 6 09:27:47 UTC 2022 x86_64 x86_64 x86_64 GNU/Linux\n",
		"timestamp":	{
			"time":	"Fri, 22 Jul 2022 16:21:09 GMT",
			"timesecs":	1658506869
		},
		"accepted_connection":	{
			"host":	"10.0.0.4",
			"port":	56464
		},
		"cookie":	"H4.1658506869.447544.617703b057024b1",
		"tcp_mss_default":	1448,
		"test_start":	{
			"protocol":	"TCP",
			"num_streams":	1,
			"blksize":	131072,
			"omit":	0,
			"duration":	5,
			"bytes":	0,
			"blocks":	0,
			"reverse":	0
		}
	},
	"intervals":	[{
			"streams":	[{
					"socket":	5,
					"start":	0,
					"end":	1.00094,
					"seconds":	1.00094,
					"bytes":	1703936,
					"bits_per_second":	1.36187e+07,
					"omitted":	false
				}],
			"sum":	{
				"start":	0,
				"end":	1.00094,
				"seconds":	1.00094,
				"bytes":	1703936,
				"bits_per_second":	1.36187e+07,
				"omitted":	false
			}
		}, {
			"streams":	[{
					"socket":	5,
					"start":	1.00094,
					"end":	2.00033,
					"seconds":	0.999389,
					"bytes":	1966080,
					"bits_per_second":	1.57383e+07,
					"omitted":	false
				}],
			"sum":	{
				"start":	1.00094,
				"end":	2.00033,
				"seconds":	0.999389,
				"bytes":	1966080,
				"bits_per_second":	1.57383e+07,
				"omitted":	false
			}
		}, {
			"streams":	[{
					"socket":	5,
					"start":	2.00033,
					"end":	3.00096,
					"seconds":	1.00063,
					"bytes":	1835008,
					"bits_per_second":	1.46708e+07,
					"omitted":	false
				}],
			"sum":	{
				"start":	2.00033,
				"end":	3.00096,
				"seconds":	1.00063,
				"bytes":	1835008,
				"bits_per_second":	1.46708e+07,
				"omitted":	false
			}
		}, {
			"streams":	[{
					"socket":	5,
					"start":	3.00096,
					"end":	4.00105,
					"seconds":	1.00008,
					"bytes":	1835008,
					"bits_per_second":	1.46788e+07,
					"omitted":	false
				}],
			"sum":	{
				"start":	3.00096,
				"end":	4.00105,
				"seconds":	1.00008,
				"bytes":	1835008,
				"bits_per_second":	1.46788e+07,
				"omitted":	false
			}
		}, {
			"streams":	[{
					"socket":	5,
					"start":	4.00105,
					"end":	5.0006,
					"seconds":	0.999551,
					"bytes":	1966080,
					"bits_per_second":	1.57357e+07,
					"omitted":	false
				}],
			"sum":	{
				"start":	4.00105,
				"end":	5.0006,
				"seconds":	0.999551,
				"bytes":	1966080,
				"bits_per_second":	1.57357e+07,
				"omitted":	false
			}
		}, {
			"streams":	[{
					"socket":	5,
					"start":	5.0006,
					"end":	5.00067,
					"seconds":	7.10487e-05,
					"bytes":	0,
					"bits_per_second":	0,
					"omitted":	false
				}],
			"sum":	{
				"start":	5.0006,
				"end":	5.00067,
				"seconds":	7.10487e-05,
				"bytes":	0,
				"bits_per_second":	0,
				"omitted":	false
			}
		}],
	"end":	{
		"streams":	[{
				"sender":	{
					"socket":	5,
					"start":	0,
					"end":	5.00067,
					"seconds":	5.00067,
					"bytes":	9306112,
					"bits_per_second":	1.48878e+07,
					"retransmits":	0
				},
				"receiver":	{
					"socket":	5,
					"start":	0,
					"end":	5.00067,
					"seconds":	5.00067,
					"bytes":	9306112,
					"bits_per_second":	1.48878e+07
				}
			}],
		"sum_sent":	{
			"start":	0,
			"end":	5.00067,
			"seconds":	5.00067,
			"bytes":	9306112,
			"bits_per_second":	1.48878e+07,
			"retransmits":	0
		},
		"sum_received":	{
			"start":	0,
			"end":	5.00067,
			"seconds":	5.00067,
			"bytes":	9306112,
			"bits_per_second":	1.48878e+07
		},
		"cpu_utilization_percent":	{
			"host_total":	1.3001,
			"host_user":	0,
			"host_system":	1.30008,
			"remote_total":	0.653006,
			"remote_user":	0,
			"remote_system":	0.652986
		}
	}
}
{
	"start":	{
		"connected":	[],
		"version":	"iperf 3.0.7",
		"system_info":	"Linux H9 5.4.197-0504197-generic #202206060747 SMP Mon Jun 6 09:27:47 UTC 2022 x86_64 x86_64 x86_64 GNU/Linux\n"
	},
	"intervals":	[],
	"end":	{
	},
	"error":	"interrupt - the server has terminated"
}
