{
	"start":	{
		"connected":	[{
				"socket":	5,
				"local_host":	"10.0.0.14",
				"local_port":	2855,
				"remote_host":	"10.0.0.7",
				"remote_port":	57308
			}],
		"version":	"iperf 3.0.7",
		"system_info":	"Linux MECS7 5.4.197-0504197-generic #202206060747 SMP Mon Jun 6 09:27:47 UTC 2022 x86_64 x86_64 x86_64 GNU/Linux\n",
		"timestamp":	{
			"time":	"Mon, 25 Jul 2022 21:48:29 GMT",
			"timesecs":	1658785709
		},
		"accepted_connection":	{
			"host":	"10.0.0.7",
			"port":	56116
		},
		"cookie":	"BS7.1658785709.598682.65d7f4955fa905",
		"test_start":	{
			"protocol":	"UDP",
			"num_streams":	1,
			"blksize":	8192,
			"omit":	0,
			"duration":	10,
			"bytes":	0,
			"blocks":	0,
			"reverse":	0
		}
	},
	"intervals":	[{
			"streams":	[{
					"socket":	5,
					"start":	0,
					"end":	1.00039,
					"seconds":	1.00039,
					"bytes":	2908160,
					"bits_per_second":	2.32563e+07,
					"jitter_ms":	1.59421,
					"lost_packets":	14,
					"packets":	356,
					"lost_percent":	3.93258,
					"omitted":	false
				}],
			"sum":	{
				"start":	0,
				"end":	1.00039,
				"seconds":	1.00039,
				"bytes":	2908160,
				"bits_per_second":	2.32563e+07,
				"jitter_ms":	1.59421,
				"lost_packets":	14,
				"packets":	356,
				"lost_percent":	3.93258,
				"omitted":	false
			}
		}, {
			"streams":	[{
					"socket":	5,
					"start":	1.00039,
					"end":	2.00036,
					"seconds":	0.999971,
					"bytes":	2973696,
					"bits_per_second":	2.37903e+07,
					"jitter_ms":	1.27954,
					"lost_packets":	40,
					"packets":	385,
					"lost_percent":	10.3896,
					"omitted":	false
				}],
			"sum":	{
				"start":	1.00039,
				"end":	2.00036,
				"seconds":	0.999971,
				"bytes":	2973696,
				"bits_per_second":	2.37903e+07,
				"jitter_ms":	1.27954,
				"lost_packets":	40,
				"packets":	385,
				"lost_percent":	10.3896,
				"omitted":	false
			}
		}, {
			"streams":	[{
					"socket":	5,
					"start":	2.00036,
					"end":	3.0002,
					"seconds":	0.999838,
					"bytes":	3047424,
					"bits_per_second":	2.43833e+07,
					"jitter_ms":	0.785209,
					"lost_packets":	12,
					"packets":	372,
					"lost_percent":	3.22581,
					"omitted":	false
				}],
			"sum":	{
				"start":	2.00036,
				"end":	3.0002,
				"seconds":	0.999838,
				"bytes":	3047424,
				"bits_per_second":	2.43833e+07,
				"jitter_ms":	0.785209,
				"lost_packets":	12,
				"packets":	372,
				"lost_percent":	3.22581,
				"omitted":	false
			}
		}, {
			"streams":	[{
					"socket":	5,
					"start":	3.0002,
					"end":	4.01795,
					"seconds":	1.01776,
					"bytes":	2686976,
					"bits_per_second":	2.11208e+07,
					"jitter_ms":	2.70886,
					"lost_packets":	24,
					"packets":	340,
					"lost_percent":	7.05882,
					"omitted":	false
				}],
			"sum":	{
				"start":	3.0002,
				"end":	4.01795,
				"seconds":	1.01776,
				"bytes":	2686976,
				"bits_per_second":	2.11208e+07,
				"jitter_ms":	2.70886,
				"lost_packets":	24,
				"packets":	340,
				"lost_percent":	7.05882,
				"omitted":	false
			}
		}, {
			"streams":	[{
					"socket":	5,
					"start":	4.01795,
					"end":	5.00024,
					"seconds":	0.982286,
					"bytes":	3260416,
					"bits_per_second":	2.65537e+07,
					"jitter_ms":	1.36648,
					"lost_packets":	47,
					"packets":	437,
					"lost_percent":	10.7551,
					"omitted":	false
				}],
			"sum":	{
				"start":	4.01795,
				"end":	5.00024,
				"seconds":	0.982286,
				"bytes":	3260416,
				"bits_per_second":	2.65537e+07,
				"jitter_ms":	1.36648,
				"lost_packets":	47,
				"packets":	437,
				"lost_percent":	10.7551,
				"omitted":	false
			}
		}, {
			"streams":	[{
					"socket":	5,
					"start":	5.00024,
					"end":	6.00017,
					"seconds":	0.999939,
					"bytes":	2809856,
					"bits_per_second":	2.24802e+07,
					"jitter_ms":	1.24355,
					"lost_packets":	31,
					"packets":	362,
					"lost_percent":	8.56354,
					"omitted":	false
				}],
			"sum":	{
				"start":	5.00024,
				"end":	6.00017,
				"seconds":	0.999939,
				"bytes":	2809856,
				"bits_per_second":	2.24802e+07,
				"jitter_ms":	1.24355,
				"lost_packets":	31,
				"packets":	362,
				"lost_percent":	8.56354,
				"omitted":	false
			}
		}, {
			"streams":	[{
					"socket":	5,
					"start":	6.00017,
					"end":	7.00023,
					"seconds":	1.00006,
					"bytes":	3170304,
					"bits_per_second":	2.5361e+07,
					"jitter_ms":	0.678826,
					"lost_packets":	12,
					"packets":	392,
					"lost_percent":	3.06122,
					"omitted":	false
				}],
			"sum":	{
				"start":	6.00017,
				"end":	7.00023,
				"seconds":	1.00006,
				"bytes":	3170304,
				"bits_per_second":	2.5361e+07,
				"jitter_ms":	0.678826,
				"lost_packets":	12,
				"packets":	392,
				"lost_percent":	3.06122,
				"omitted":	false
			}
		}, {
			"streams":	[{
					"socket":	5,
					"start":	7.00023,
					"end":	8.00057,
					"seconds":	1.00034,
					"bytes":	2940928,
					"bits_per_second":	2.35194e+07,
					"jitter_ms":	2.82023,
					"lost_packets":	47,
					"packets":	389,
					"lost_percent":	12.0823,
					"omitted":	false
				}],
			"sum":	{
				"start":	7.00023,
				"end":	8.00057,
				"seconds":	1.00034,
				"bytes":	2940928,
				"bits_per_second":	2.35194e+07,
				"jitter_ms":	2.82023,
				"lost_packets":	47,
				"packets":	389,
				"lost_percent":	12.0823,
				"omitted":	false
			}
		}, {
			"streams":	[{
					"socket":	5,
					"start":	8.00057,
					"end":	9.00031,
					"seconds":	0.999735,
					"bytes":	2965504,
					"bits_per_second":	2.37303e+07,
					"jitter_ms":	3.10548,
					"lost_packets":	17,
					"packets":	364,
					"lost_percent":	4.67033,
					"omitted":	false
				}],
			"sum":	{
				"start":	8.00057,
				"end":	9.00031,
				"seconds":	0.999735,
				"bytes":	2965504,
				"bits_per_second":	2.37303e+07,
				"jitter_ms":	3.10548,
				"lost_packets":	17,
				"packets":	364,
				"lost_percent":	4.67033,
				"omitted":	false
			}
		}, {
			"streams":	[{
					"socket":	5,
					"start":	9.00031,
					"end":	10.0049,
					"seconds":	1.00456,
					"bytes":	2760704,
					"bits_per_second":	2.19854e+07,
					"jitter_ms":	1.25165,
					"lost_packets":	66,
					"packets":	385,
					"lost_percent":	17.1429,
					"omitted":	false
				}],
			"sum":	{
				"start":	9.00031,
				"end":	10.0049,
				"seconds":	1.00456,
				"bytes":	2760704,
				"bits_per_second":	2.19854e+07,
				"jitter_ms":	1.25165,
				"lost_packets":	66,
				"packets":	385,
				"lost_percent":	17.1429,
				"omitted":	false
			}
		}, {
			"streams":	[{
					"socket":	5,
					"start":	10.0049,
					"end":	10.0178,
					"seconds":	0.012902,
					"bytes":	0,
					"bits_per_second":	0,
					"jitter_ms":	1.25165,
					"lost_packets":	0,
					"packets":	0,
					"lost_percent":	-nan,
					"omitted":	false
				}],
			"sum":	{
				"start":	10.0049,
				"end":	10.0178,
				"seconds":	0.012902,
				"bytes":	0,
				"bits_per_second":	0,
				"jitter_ms":	1.25165,
				"lost_packets":	0,
				"packets":	0,
				"lost_percent":	-nan,
				"omitted":	false
			}
		}],
	"end":	{
		"streams":	[{
				"udp":	{
					"socket":	5,
					"start":	0,
					"end":	10.0178,
					"seconds":	10.0178,
					"bytes":	30982144,
					"bits_per_second":	2.47417e+07,
					"jitter_ms":	1.25165,
					"lost_packets":	310,
					"packets":	3782,
					"lost_percent":	8.19672
				}
			}],
		"sum":	{
			"start":	0,
			"end":	10.0178,
			"seconds":	10.0178,
			"bytes":	30982144,
			"bits_per_second":	2.47417e+07,
			"jitter_ms":	1.25165,
			"lost_packets":	310,
			"packets":	3782,
			"lost_percent":	8.19672
		},
		"cpu_utilization_percent":	{
			"host_total":	4.9735,
			"host_user":	0.491855,
			"host_system":	4.48144,
			"remote_total":	9.26498,
			"remote_user":	0.215673,
			"remote_system":	9.04928
		}
	},
	"error":	"OUT OF ORDER - incoming packet = 15 and received packet = 18 AND SP = 5",
	"error":	"OUT OF ORDER - incoming packet = 21 and received packet = 22 AND SP = 5",
	"error":	"OUT OF ORDER - incoming packet = 26 and received packet = 27 AND SP = 5",
	"error":	"OUT OF ORDER - incoming packet = 125 and received packet = 126 AND SP = 5",
	"error":	"OUT OF ORDER - incoming packet = 127 and received packet = 129 AND SP = 5",
	"error":	"OUT OF ORDER - incoming packet = 198 and received packet = 200 AND SP = 5",
	"error":	"OUT OF ORDER - incoming packet = 233 and received packet = 236 AND SP = 5",
	"error":	"OUT OF ORDER - incoming packet = 235 and received packet = 238 AND SP = 5",
	"error":	"OUT OF ORDER - incoming packet = 242 and received packet = 247 AND SP = 5",
	"error":	"OUT OF ORDER - incoming packet = 244 and received packet = 249 AND SP = 5",
	"error":	"OUT OF ORDER - incoming packet = 245 and received packet = 249 AND SP = 5",
	"error":	"OUT OF ORDER - incoming packet = 253 and received packet = 255 AND SP = 5",
	"error":	"OUT OF ORDER - incoming packet = 267 and received packet = 268 AND SP = 5",
	"error":	"OUT OF ORDER - incoming packet = 362 and received packet = 366 AND SP = 5",
	"error":	"OUT OF ORDER - incoming packet = 368 and received packet = 369 AND SP = 5",
	"error":	"OUT OF ORDER - incoming packet = 392 and received packet = 393 AND SP = 5",
	"error":	"OUT OF ORDER - incoming packet = 396 and received packet = 398 AND SP = 5",
	"error":	"OUT OF ORDER - incoming packet = 397 and received packet = 400 AND SP = 5",
	"error":	"OUT OF ORDER - incoming packet = 399 and received packet = 402 AND SP = 5",
	"error":	"OUT OF ORDER - incoming packet = 404 and received packet = 407 AND SP = 5",
	"error":	"OUT OF ORDER - incoming packet = 405 and received packet = 407 AND SP = 5",
	"error":	"OUT OF ORDER - incoming packet = 406 and received packet = 407 AND SP = 5",
	"error":	"OUT OF ORDER - incoming packet = 447 and received packet = 449 AND SP = 5",
	"error":	"OUT OF ORDER - incoming packet = 448 and received packet = 449 AND SP = 5",
	"error":	"OUT OF ORDER - incoming packet = 471 and received packet = 474 AND SP = 5",
	"error":	"OUT OF ORDER - incoming packet = 472 and received packet = 474 AND SP = 5",
	"error":	"OUT OF ORDER - incoming packet = 484 and received packet = 485 AND SP = 5",
	"error":	"OUT OF ORDER - incoming packet = 519 and received packet = 520 AND SP = 5",
	"error":	"OUT OF ORDER - incoming packet = 582 and received packet = 583 AND SP = 5",
	"error":	"OUT OF ORDER - incoming packet = 605 and received packet = 606 AND SP = 5",
	"error":	"OUT OF ORDER - incoming packet = 637 and received packet = 638 AND SP = 5",
	"error":	"OUT OF ORDER - incoming packet = 758 and received packet = 760 AND SP = 5",
	"error":	"OUT OF ORDER - incoming packet = 759 and received packet = 761 AND SP = 5",
	"error":	"OUT OF ORDER - incoming packet = 762 and received packet = 765 AND SP = 5",
	"error":	"OUT OF ORDER - incoming packet = 824 and received packet = 825 AND SP = 5",
	"error":	"OUT OF ORDER - incoming packet = 841 and received packet = 843 AND SP = 5",
	"error":	"OUT OF ORDER - incoming packet = 842 and received packet = 843 AND SP = 5",
	"error":	"OUT OF ORDER - incoming packet = 869 and received packet = 873 AND SP = 5",
	"error":	"OUT OF ORDER - incoming packet = 870 and received packet = 873 AND SP = 5",
	"error":	"OUT OF ORDER - incoming packet = 907 and received packet = 908 AND SP = 5",
	"error":	"OUT OF ORDER - incoming packet = 1082 and received packet = 1085 AND SP = 5",
	"error":	"OUT OF ORDER - incoming packet = 1088 and received packet = 1089 AND SP = 5",
	"error":	"OUT OF ORDER - incoming packet = 1092 and received packet = 1094 AND SP = 5",
	"error":	"OUT OF ORDER - incoming packet = 1141 and received packet = 1142 AND SP = 5",
	"error":	"OUT OF ORDER - incoming packet = 1204 and received packet = 1205 AND SP = 5",
	"error":	"OUT OF ORDER - incoming packet = 1292 and received packet = 1293 AND SP = 5",
	"error":	"OUT OF ORDER - incoming packet = 1304 and received packet = 1305 AND SP = 5",
	"error":	"OUT OF ORDER - incoming packet = 1315 and received packet = 1317 AND SP = 5",
	"error":	"OUT OF ORDER - incoming packet = 1319 and received packet = 1321 AND SP = 5",
	"error":	"OUT OF ORDER - incoming packet = 1322 and received packet = 1323 AND SP = 5",
	"error":	"OUT OF ORDER - incoming packet = 1392 and received packet = 1394 AND SP = 5",
	"error":	"OUT OF ORDER - incoming packet = 1393 and received packet = 1394 AND SP = 5",
	"error":	"OUT OF ORDER - incoming packet = 1396 and received packet = 1397 AND SP = 5",
	"error":	"OUT OF ORDER - incoming packet = 1398 and received packet = 1400 AND SP = 5",
	"error":	"OUT OF ORDER - incoming packet = 1427 and received packet = 1431 AND SP = 5",
	"error":	"OUT OF ORDER - incoming packet = 1501 and received packet = 1502 AND SP = 5",
	"error":	"OUT OF ORDER - incoming packet = 1546 and received packet = 1547 AND SP = 5",
	"error":	"OUT OF ORDER - incoming packet = 1557 and received packet = 1558 AND SP = 5",
	"error":	"OUT OF ORDER - incoming packet = 1575 and received packet = 1576 AND SP = 5",
	"error":	"OUT OF ORDER - incoming packet = 1627 and received packet = 1628 AND SP = 5",
	"error":	"OUT OF ORDER - incoming packet = 1766 and received packet = 1767 AND SP = 5",
	"error":	"OUT OF ORDER - incoming packet = 1824 and received packet = 1825 AND SP = 5",
	"error":	"OUT OF ORDER - incoming packet = 1859 and received packet = 1861 AND SP = 5",
	"error":	"OUT OF ORDER - incoming packet = 1897 and received packet = 1899 AND SP = 5",
	"error":	"OUT OF ORDER - incoming packet = 1898 and received packet = 1899 AND SP = 5",
	"error":	"OUT OF ORDER - incoming packet = 1900 and received packet = 1902 AND SP = 5",
	"error":	"OUT OF ORDER - incoming packet = 1901 and received packet = 1902 AND SP = 5",
	"error":	"OUT OF ORDER - incoming packet = 1965 and received packet = 1968 AND SP = 5",
	"error":	"OUT OF ORDER - incoming packet = 1966 and received packet = 1968 AND SP = 5",
	"error":	"OUT OF ORDER - incoming packet = 2058 and received packet = 2061 AND SP = 5",
	"error":	"OUT OF ORDER - incoming packet = 2059 and received packet = 2061 AND SP = 5",
	"error":	"OUT OF ORDER - incoming packet = 2178 and received packet = 2181 AND SP = 5",
	"error":	"OUT OF ORDER - incoming packet = 2184 and received packet = 2187 AND SP = 5",
	"error":	"OUT OF ORDER - incoming packet = 2185 and received packet = 2187 AND SP = 5",
	"error":	"OUT OF ORDER - incoming packet = 2186 and received packet = 2187 AND SP = 5",
	"error":	"OUT OF ORDER - incoming packet = 2344 and received packet = 2345 AND SP = 5",
	"error":	"OUT OF ORDER - incoming packet = 2349 and received packet = 2350 AND SP = 5",
	"error":	"OUT OF ORDER - incoming packet = 2387 and received packet = 2388 AND SP = 5",
	"error":	"OUT OF ORDER - incoming packet = 2502 and received packet = 2503 AND SP = 5",
	"error":	"OUT OF ORDER - incoming packet = 2527 and received packet = 2528 AND SP = 5",
	"error":	"OUT OF ORDER - incoming packet = 2535 and received packet = 2536 AND SP = 5",
	"error":	"OUT OF ORDER - incoming packet = 2616 and received packet = 2617 AND SP = 5",
	"error":	"OUT OF ORDER - incoming packet = 2649 and received packet = 2651 AND SP = 5",
	"error":	"OUT OF ORDER - incoming packet = 2650 and received packet = 2651 AND SP = 5",
	"error":	"OUT OF ORDER - incoming packet = 2763 and received packet = 2764 AND SP = 5",
	"error":	"OUT OF ORDER - incoming packet = 2791 and received packet = 2792 AND SP = 5",
	"error":	"OUT OF ORDER - incoming packet = 2800 and received packet = 2801 AND SP = 5",
	"error":	"OUT OF ORDER - incoming packet = 2835 and received packet = 2837 AND SP = 5",
	"error":	"OUT OF ORDER - incoming packet = 2836 and received packet = 2837 AND SP = 5",
	"error":	"OUT OF ORDER - incoming packet = 2845 and received packet = 2846 AND SP = 5",
	"error":	"OUT OF ORDER - incoming packet = 2860 and received packet = 2861 AND SP = 5",
	"error":	"OUT OF ORDER - incoming packet = 2908 and received packet = 2909 AND SP = 5",
	"error":	"OUT OF ORDER - incoming packet = 2933 and received packet = 2934 AND SP = 5",
	"error":	"OUT OF ORDER - incoming packet = 2963 and received packet = 2964 AND SP = 5",
	"error":	"OUT OF ORDER - incoming packet = 3000 and received packet = 3001 AND SP = 5",
	"error":	"OUT OF ORDER - incoming packet = 2998 and received packet = 3001 AND SP = 5",
	"error":	"OUT OF ORDER - incoming packet = 3003 and received packet = 3004 AND SP = 5",
	"error":	"OUT OF ORDER - incoming packet = 3009 and received packet = 3010 AND SP = 5",
	"error":	"OUT OF ORDER - incoming packet = 3025 and received packet = 3027 AND SP = 5",
	"error":	"OUT OF ORDER - incoming packet = 3077 and received packet = 3078 AND SP = 5",
	"error":	"OUT OF ORDER - incoming packet = 3094 and received packet = 3095 AND SP = 5",
	"error":	"OUT OF ORDER - incoming packet = 3148 and received packet = 3149 AND SP = 5",
	"error":	"OUT OF ORDER - incoming packet = 3171 and received packet = 3175 AND SP = 5",
	"error":	"OUT OF ORDER - incoming packet = 3214 and received packet = 3215 AND SP = 5",
	"error":	"OUT OF ORDER - incoming packet = 3230 and received packet = 3231 AND SP = 5",
	"error":	"OUT OF ORDER - incoming packet = 3239 and received packet = 3240 AND SP = 5",
	"error":	"OUT OF ORDER - incoming packet = 3242 and received packet = 3243 AND SP = 5",
	"error":	"OUT OF ORDER - incoming packet = 3244 and received packet = 3245 AND SP = 5",
	"error":	"OUT OF ORDER - incoming packet = 3295 and received packet = 3300 AND SP = 5",
	"error":	"OUT OF ORDER - incoming packet = 3296 and received packet = 3300 AND SP = 5",
	"error":	"OUT OF ORDER - incoming packet = 3305 and received packet = 3307 AND SP = 5",
	"error":	"OUT OF ORDER - incoming packet = 3306 and received packet = 3307 AND SP = 5",
	"error":	"OUT OF ORDER - incoming packet = 3335 and received packet = 3336 AND SP = 5",
	"error":	"OUT OF ORDER - incoming packet = 3393 and received packet = 3397 AND SP = 5",
	"error":	"OUT OF ORDER - incoming packet = 3435 and received packet = 3438 AND SP = 5",
	"error":	"OUT OF ORDER - incoming packet = 3436 and received packet = 3438 AND SP = 5",
	"error":	"OUT OF ORDER - incoming packet = 3437 and received packet = 3438 AND SP = 5",
	"error":	"OUT OF ORDER - incoming packet = 3443 and received packet = 3444 AND SP = 5",
	"error":	"OUT OF ORDER - incoming packet = 3470 and received packet = 3471 AND SP = 5",
	"error":	"OUT OF ORDER - incoming packet = 3472 and received packet = 3473 AND SP = 5",
	"error":	"OUT OF ORDER - incoming packet = 3475 and received packet = 3478 AND SP = 5",
	"error":	"OUT OF ORDER - incoming packet = 3476 and received packet = 3478 AND SP = 5",
	"error":	"OUT OF ORDER - incoming packet = 3484 and received packet = 3485 AND SP = 5",
	"error":	"OUT OF ORDER - incoming packet = 3566 and received packet = 3567 AND SP = 5",
	"error":	"OUT OF ORDER - incoming packet = 3568 and received packet = 3569 AND SP = 5",
	"error":	"OUT OF ORDER - incoming packet = 3618 and received packet = 3621 AND SP = 5",
	"error":	"OUT OF ORDER - incoming packet = 3620 and received packet = 3621 AND SP = 5",
	"error":	"OUT OF ORDER - incoming packet = 3651 and received packet = 3652 AND SP = 5",
	"error":	"OUT OF ORDER - incoming packet = 3714 and received packet = 3715 AND SP = 5",
	"error":	"OUT OF ORDER - incoming packet = 3745 and received packet = 3746 AND SP = 5",
	"error":	"OUT OF ORDER - incoming packet = 3750 and received packet = 3752 AND SP = 5",
	"error":	"OUT OF ORDER - incoming packet = 3751 and received packet = 3752 AND SP = 5"
}
