{
	"start":	{
		"connected":	[{
				"socket":	5,
				"local_host":	"10.0.0.15",
				"local_port":	2598,
				"remote_host":	"10.0.0.3",
				"remote_port":	54928
			}],
		"version":	"iperf 3.0.7",
		"system_info":	"Linux CS1 5.4.197-0504197-generic #202206060747 SMP Mon Jun 6 09:27:47 UTC 2022 x86_64 x86_64 x86_64 GNU/Linux\n",
		"timestamp":	{
			"time":	"Mon, 25 Jul 2022 21:44:42 GMT",
			"timesecs":	1658785482
		},
		"accepted_connection":	{
			"host":	"10.0.0.3",
			"port":	48698
		},
		"cookie":	"BS3.1658785482.651191.0c91e0175ca76d",
		"test_start":	{
			"protocol":	"UDP",
			"num_streams":	1,
			"blksize":	8192,
			"omit":	0,
			"duration":	11,
			"bytes":	0,
			"blocks":	0,
			"reverse":	0
		}
	},
	"intervals":	[{
			"streams":	[{
					"socket":	5,
					"start":	0,
					"end":	1.00124,
					"seconds":	1.00124,
					"bytes":	11476992,
					"bits_per_second":	9.17019e+07,
					"jitter_ms":	0.648276,
					"lost_packets":	6,
					"packets":	1401,
					"lost_percent":	0.428266,
					"omitted":	false
				}],
			"sum":	{
				"start":	0,
				"end":	1.00124,
				"seconds":	1.00124,
				"bytes":	11476992,
				"bits_per_second":	9.17019e+07,
				"jitter_ms":	0.648276,
				"lost_packets":	6,
				"packets":	1401,
				"lost_percent":	0.428266,
				"omitted":	false
			}
		}, {
			"streams":	[{
					"socket":	5,
					"start":	1.00124,
					"end":	2.00011,
					"seconds":	0.998862,
					"bytes":	12582912,
					"bits_per_second":	1.00778e+08,
					"jitter_ms":	0.431165,
					"lost_packets":	23,
					"packets":	1556,
					"lost_percent":	1.47815,
					"omitted":	false
				}],
			"sum":	{
				"start":	1.00124,
				"end":	2.00011,
				"seconds":	0.998862,
				"bytes":	12582912,
				"bits_per_second":	1.00778e+08,
				"jitter_ms":	0.431165,
				"lost_packets":	23,
				"packets":	1556,
				"lost_percent":	1.47815,
				"omitted":	false
			}
		}, {
			"streams":	[{
					"socket":	5,
					"start":	2.00011,
					"end":	3.00032,
					"seconds":	1.00022,
					"bytes":	12517376,
					"bits_per_second":	1.00117e+08,
					"jitter_ms":	0.656551,
					"lost_packets":	16,
					"packets":	1528,
					"lost_percent":	1.04712,
					"omitted":	false
				}],
			"sum":	{
				"start":	2.00011,
				"end":	3.00032,
				"seconds":	1.00022,
				"bytes":	12517376,
				"bits_per_second":	1.00117e+08,
				"jitter_ms":	0.656551,
				"lost_packets":	16,
				"packets":	1528,
				"lost_percent":	1.04712,
				"omitted":	false
			}
		}, {
			"streams":	[{
					"socket":	5,
					"start":	3.00032,
					"end":	4.00024,
					"seconds":	0.999922,
					"bytes":	12165120,
					"bits_per_second":	9.73285e+07,
					"jitter_ms":	0.338298,
					"lost_packets":	2,
					"packets":	1486,
					"lost_percent":	0.13459,
					"omitted":	false
				}],
			"sum":	{
				"start":	3.00032,
				"end":	4.00024,
				"seconds":	0.999922,
				"bytes":	12165120,
				"bits_per_second":	9.73285e+07,
				"jitter_ms":	0.338298,
				"lost_packets":	2,
				"packets":	1486,
				"lost_percent":	0.13459,
				"omitted":	false
			}
		}, {
			"streams":	[{
					"socket":	5,
					"start":	4.00024,
					"end":	5.00041,
					"seconds":	1.00016,
					"bytes":	11993088,
					"bits_per_second":	9.59292e+07,
					"jitter_ms":	0.525247,
					"lost_packets":	91,
					"packets":	1537,
					"lost_percent":	5.92062,
					"omitted":	false
				}],
			"sum":	{
				"start":	4.00024,
				"end":	5.00041,
				"seconds":	1.00016,
				"bytes":	11993088,
				"bits_per_second":	9.59292e+07,
				"jitter_ms":	0.525247,
				"lost_packets":	91,
				"packets":	1537,
				"lost_percent":	5.92062,
				"omitted":	false
			}
		}, {
			"streams":	[{
					"socket":	5,
					"start":	5.00041,
					"end":	6.00032,
					"seconds":	0.999914,
					"bytes":	12435456,
					"bits_per_second":	9.94922e+07,
					"jitter_ms":	0.568412,
					"lost_packets":	1,
					"packets":	1518,
					"lost_percent":	0.0658762,
					"omitted":	false
				}],
			"sum":	{
				"start":	5.00041,
				"end":	6.00032,
				"seconds":	0.999914,
				"bytes":	12435456,
				"bits_per_second":	9.94922e+07,
				"jitter_ms":	0.568412,
				"lost_packets":	1,
				"packets":	1518,
				"lost_percent":	0.0658762,
				"omitted":	false
			}
		}, {
			"streams":	[{
					"socket":	5,
					"start":	6.00032,
					"end":	7.00028,
					"seconds":	0.999961,
					"bytes":	12386304,
					"bits_per_second":	9.90943e+07,
					"jitter_ms":	0.520337,
					"lost_packets":	27,
					"packets":	1514,
					"lost_percent":	1.78336,
					"omitted":	false
				}],
			"sum":	{
				"start":	6.00032,
				"end":	7.00028,
				"seconds":	0.999961,
				"bytes":	12386304,
				"bits_per_second":	9.90943e+07,
				"jitter_ms":	0.520337,
				"lost_packets":	27,
				"packets":	1514,
				"lost_percent":	1.78336,
				"omitted":	false
			}
		}, {
			"streams":	[{
					"socket":	5,
					"start":	7.00028,
					"end":	8.00378,
					"seconds":	1.0035,
					"bytes":	8708096,
					"bits_per_second":	6.94219e+07,
					"jitter_ms":	1.43818,
					"lost_packets":	94,
					"packets":	1104,
					"lost_percent":	8.51449,
					"omitted":	false
				}],
			"sum":	{
				"start":	7.00028,
				"end":	8.00378,
				"seconds":	1.0035,
				"bytes":	8708096,
				"bits_per_second":	6.94219e+07,
				"jitter_ms":	1.43818,
				"lost_packets":	94,
				"packets":	1104,
				"lost_percent":	8.51449,
				"omitted":	false
			}
		}, {
			"streams":	[{
					"socket":	5,
					"start":	8.00378,
					"end":	9.00016,
					"seconds":	0.996385,
					"bytes":	9150464,
					"bits_per_second":	7.34693e+07,
					"jitter_ms":	1.11154,
					"lost_packets":	132,
					"packets":	1188,
					"lost_percent":	11.1111,
					"omitted":	false
				}],
			"sum":	{
				"start":	8.00378,
				"end":	9.00016,
				"seconds":	0.996385,
				"bytes":	9150464,
				"bits_per_second":	7.34693e+07,
				"jitter_ms":	1.11154,
				"lost_packets":	132,
				"packets":	1188,
				"lost_percent":	11.1111,
				"omitted":	false
			}
		}, {
			"streams":	[{
					"socket":	5,
					"start":	9.00016,
					"end":	10.0005,
					"seconds":	1.00031,
					"bytes":	8790016,
					"bits_per_second":	7.02982e+07,
					"jitter_ms":	0.984283,
					"lost_packets":	96,
					"packets":	1098,
					"lost_percent":	8.74317,
					"omitted":	false
				}],
			"sum":	{
				"start":	9.00016,
				"end":	10.0005,
				"seconds":	1.00031,
				"bytes":	8790016,
				"bits_per_second":	7.02982e+07,
				"jitter_ms":	0.984283,
				"lost_packets":	96,
				"packets":	1098,
				"lost_percent":	8.74317,
				"omitted":	false
			}
		}, {
			"streams":	[{
					"socket":	5,
					"start":	10.0005,
					"end":	11.0215,
					"seconds":	1.02105,
					"bytes":	10510336,
					"bits_per_second":	8.23494e+07,
					"jitter_ms":	2.65733,
					"lost_packets":	39,
					"packets":	1293,
					"lost_percent":	3.01624,
					"omitted":	false
				}],
			"sum":	{
				"start":	10.0005,
				"end":	11.0215,
				"seconds":	1.02105,
				"bytes":	10510336,
				"bits_per_second":	8.23494e+07,
				"jitter_ms":	2.65733,
				"lost_packets":	39,
				"packets":	1293,
				"lost_percent":	3.01624,
				"omitted":	false
			}
		}, {
			"streams":	[{
					"socket":	5,
					"start":	11.0215,
					"end":	11.1017,
					"seconds":	0.080173,
					"bytes":	425984,
					"bits_per_second":	4.25065e+07,
					"jitter_ms":	3.12846,
					"lost_packets":	35,
					"packets":	87,
					"lost_percent":	40.2299,
					"omitted":	false
				}],
			"sum":	{
				"start":	11.0215,
				"end":	11.1017,
				"seconds":	0.080173,
				"bytes":	425984,
				"bits_per_second":	4.25065e+07,
				"jitter_ms":	3.12846,
				"lost_packets":	35,
				"packets":	87,
				"lost_percent":	40.2299,
				"omitted":	false
			}
		}],
	"end":	{
		"streams":	[{
				"udp":	{
					"socket":	5,
					"start":	0,
					"end":	11.1017,
					"seconds":	11.1017,
					"bytes":	125419520,
					"bits_per_second":	9.03786e+07,
					"jitter_ms":	3.12846,
					"lost_packets":	562,
					"packets":	15310,
					"lost_percent":	3.6708
				}
			}],
		"sum":	{
			"start":	0,
			"end":	11.1017,
			"seconds":	11.1017,
			"bytes":	125419520,
			"bits_per_second":	9.03786e+07,
			"jitter_ms":	3.12846,
			"lost_packets":	562,
			"packets":	15310,
			"lost_percent":	3.6708
		},
		"cpu_utilization_percent":	{
			"host_total":	12.5873,
			"host_user":	1.00531,
			"host_system":	11.5821,
			"remote_total":	40.9347,
			"remote_user":	0.530128,
			"remote_system":	40.4042
		}
	},
	"error":	"OUT OF ORDER - incoming packet = 659 and received packet = 661 AND SP = 5",
	"error":	"OUT OF ORDER - incoming packet = 660 and received packet = 661 AND SP = 5",
	"error":	"OUT OF ORDER - incoming packet = 721 and received packet = 726 AND SP = 5",
	"error":	"OUT OF ORDER - incoming packet = 722 and received packet = 726 AND SP = 5",
	"error":	"OUT OF ORDER - incoming packet = 765 and received packet = 766 AND SP = 5",
	"error":	"OUT OF ORDER - incoming packet = 769 and received packet = 770 AND SP = 5",
	"error":	"OUT OF ORDER - incoming packet = 1603 and received packet = 1604 AND SP = 5",
	"error":	"OUT OF ORDER - incoming packet = 2110 and received packet = 2111 AND SP = 5",
	"error":	"OUT OF ORDER - incoming packet = 2859 and received packet = 2860 AND SP = 5",
	"error":	"OUT OF ORDER - incoming packet = 2972 and received packet = 2973 AND SP = 5",
	"error":	"OUT OF ORDER - incoming packet = 2975 and received packet = 2976 AND SP = 5",
	"error":	"OUT OF ORDER - incoming packet = 2977 and received packet = 2978 AND SP = 5",
	"error":	"OUT OF ORDER - incoming packet = 2980 and received packet = 2981 AND SP = 5",
	"error":	"OUT OF ORDER - incoming packet = 2983 and received packet = 2984 AND SP = 5",
	"error":	"OUT OF ORDER - incoming packet = 2986 and received packet = 2987 AND SP = 5",
	"error":	"OUT OF ORDER - incoming packet = 2988 and received packet = 2989 AND SP = 5",
	"error":	"OUT OF ORDER - incoming packet = 2990 and received packet = 2991 AND SP = 5",
	"error":	"OUT OF ORDER - incoming packet = 3422 and received packet = 3423 AND SP = 5",
	"error":	"OUT OF ORDER - incoming packet = 3424 and received packet = 3426 AND SP = 5",
	"error":	"OUT OF ORDER - incoming packet = 3428 and received packet = 3430 AND SP = 5",
	"error":	"OUT OF ORDER - incoming packet = 3431 and received packet = 3433 AND SP = 5",
	"error":	"OUT OF ORDER - incoming packet = 3432 and received packet = 3433 AND SP = 5",
	"error":	"OUT OF ORDER - incoming packet = 3492 and received packet = 3495 AND SP = 5",
	"error":	"OUT OF ORDER - incoming packet = 3494 and received packet = 3497 AND SP = 5",
	"error":	"OUT OF ORDER - incoming packet = 3940 and received packet = 3948 AND SP = 5",
	"error":	"OUT OF ORDER - incoming packet = 4912 and received packet = 4914 AND SP = 5",
	"error":	"OUT OF ORDER - incoming packet = 6303 and received packet = 6312 AND SP = 5",
	"error":	"OUT OF ORDER - incoming packet = 6330 and received packet = 6332 AND SP = 5",
	"error":	"OUT OF ORDER - incoming packet = 6331 and received packet = 6332 AND SP = 5",
	"error":	"OUT OF ORDER - incoming packet = 6421 and received packet = 6423 AND SP = 5",
	"error":	"OUT OF ORDER - incoming packet = 6425 and received packet = 6427 AND SP = 5",
	"error":	"OUT OF ORDER - incoming packet = 6428 and received packet = 6430 AND SP = 5",
	"error":	"OUT OF ORDER - incoming packet = 6429 and received packet = 6430 AND SP = 5",
	"error":	"OUT OF ORDER - incoming packet = 6436 and received packet = 6440 AND SP = 5",
	"error":	"OUT OF ORDER - incoming packet = 6439 and received packet = 6441 AND SP = 5",
	"error":	"OUT OF ORDER - incoming packet = 6442 and received packet = 6446 AND SP = 5",
	"error":	"OUT OF ORDER - incoming packet = 6443 and received packet = 6446 AND SP = 5",
	"error":	"OUT OF ORDER - incoming packet = 6448 and received packet = 6449 AND SP = 5",
	"error":	"OUT OF ORDER - incoming packet = 6465 and received packet = 6470 AND SP = 5",
	"error":	"OUT OF ORDER - incoming packet = 7087 and received packet = 7089 AND SP = 5",
	"error":	"OUT OF ORDER - incoming packet = 7088 and received packet = 7089 AND SP = 5",
	"error":	"OUT OF ORDER - incoming packet = 7111 and received packet = 7113 AND SP = 5",
	"error":	"OUT OF ORDER - incoming packet = 7462 and received packet = 7464 AND SP = 5",
	"error":	"OUT OF ORDER - incoming packet = 7463 and received packet = 7464 AND SP = 5",
	"error":	"OUT OF ORDER - incoming packet = 8006 and received packet = 8008 AND SP = 5",
	"error":	"OUT OF ORDER - incoming packet = 9143 and received packet = 9149 AND SP = 5",
	"error":	"OUT OF ORDER - incoming packet = 9145 and received packet = 9151 AND SP = 5",
	"error":	"OUT OF ORDER - incoming packet = 9146 and received packet = 9151 AND SP = 5",
	"error":	"OUT OF ORDER - incoming packet = 9152 and received packet = 9157 AND SP = 5",
	"error":	"OUT OF ORDER - incoming packet = 9154 and received packet = 9159 AND SP = 5",
	"error":	"OUT OF ORDER - incoming packet = 9155 and received packet = 9159 AND SP = 5",
	"error":	"OUT OF ORDER - incoming packet = 9167 and received packet = 9177 AND SP = 5",
	"error":	"OUT OF ORDER - incoming packet = 9168 and received packet = 9177 AND SP = 5",
	"error":	"OUT OF ORDER - incoming packet = 9169 and received packet = 9177 AND SP = 5",
	"error":	"OUT OF ORDER - incoming packet = 9170 and received packet = 9177 AND SP = 5",
	"error":	"OUT OF ORDER - incoming packet = 9171 and received packet = 9177 AND SP = 5",
	"error":	"OUT OF ORDER - incoming packet = 9172 and received packet = 9177 AND SP = 5",
	"error":	"OUT OF ORDER - incoming packet = 9173 and received packet = 9178 AND SP = 5",
	"error":	"OUT OF ORDER - incoming packet = 9174 and received packet = 9178 AND SP = 5",
	"error":	"OUT OF ORDER - incoming packet = 9175 and received packet = 9178 AND SP = 5",
	"error":	"OUT OF ORDER - incoming packet = 9195 and received packet = 9203 AND SP = 5",
	"error":	"OUT OF ORDER - incoming packet = 9196 and received packet = 9206 AND SP = 5",
	"error":	"OUT OF ORDER - incoming packet = 9199 and received packet = 9209 AND SP = 5",
	"error":	"OUT OF ORDER - incoming packet = 9202 and received packet = 9212 AND SP = 5",
	"error":	"OUT OF ORDER - incoming packet = 9216 and received packet = 9223 AND SP = 5",
	"error":	"OUT OF ORDER - incoming packet = 9217 and received packet = 9223 AND SP = 5",
	"error":	"OUT OF ORDER - incoming packet = 9427 and received packet = 9431 AND SP = 5",
	"error":	"OUT OF ORDER - incoming packet = 9499 and received packet = 9500 AND SP = 5",
	"error":	"OUT OF ORDER - incoming packet = 10054 and received packet = 10055 AND SP = 5",
	"error":	"OUT OF ORDER - incoming packet = 10403 and received packet = 10404 AND SP = 5",
	"error":	"OUT OF ORDER - incoming packet = 11190 and received packet = 11192 AND SP = 5",
	"error":	"OUT OF ORDER - incoming packet = 11187 and received packet = 11192 AND SP = 5",
	"error":	"OUT OF ORDER - incoming packet = 11188 and received packet = 11192 AND SP = 5",
	"error":	"OUT OF ORDER - incoming packet = 11189 and received packet = 11192 AND SP = 5",
	"error":	"OUT OF ORDER - incoming packet = 11191 and received packet = 11192 AND SP = 5",
	"error":	"OUT OF ORDER - incoming packet = 11196 and received packet = 11197 AND SP = 5",
	"error":	"OUT OF ORDER - incoming packet = 11194 and received packet = 11199 AND SP = 5",
	"error":	"OUT OF ORDER - incoming packet = 11195 and received packet = 11200 AND SP = 5",
	"error":	"OUT OF ORDER - incoming packet = 11198 and received packet = 11200 AND SP = 5",
	"error":	"OUT OF ORDER - incoming packet = 11233 and received packet = 11234 AND SP = 5",
	"error":	"OUT OF ORDER - incoming packet = 11328 and received packet = 11331 AND SP = 5",
	"error":	"OUT OF ORDER - incoming packet = 11329 and received packet = 11331 AND SP = 5",
	"error":	"OUT OF ORDER - incoming packet = 11340 and received packet = 11343 AND SP = 5",
	"error":	"OUT OF ORDER - incoming packet = 11345 and received packet = 11346 AND SP = 5",
	"error":	"OUT OF ORDER - incoming packet = 11359 and received packet = 11360 AND SP = 5",
	"error":	"OUT OF ORDER - incoming packet = 11357 and received packet = 11360 AND SP = 5",
	"error":	"OUT OF ORDER - incoming packet = 11395 and received packet = 11397 AND SP = 5",
	"error":	"OUT OF ORDER - incoming packet = 11396 and received packet = 11397 AND SP = 5",
	"error":	"OUT OF ORDER - incoming packet = 11417 and received packet = 11423 AND SP = 5",
	"error":	"OUT OF ORDER - incoming packet = 11419 and received packet = 11425 AND SP = 5",
	"error":	"OUT OF ORDER - incoming packet = 11420 and received packet = 11425 AND SP = 5",
	"error":	"OUT OF ORDER - incoming packet = 11422 and received packet = 11429 AND SP = 5",
	"error":	"OUT OF ORDER - incoming packet = 11428 and received packet = 11434 AND SP = 5",
	"error":	"OUT OF ORDER - incoming packet = 11426 and received packet = 11434 AND SP = 5",
	"error":	"OUT OF ORDER - incoming packet = 11436 and received packet = 11437 AND SP = 5",
	"error":	"OUT OF ORDER - incoming packet = 11439 and received packet = 11440 AND SP = 5",
	"error":	"OUT OF ORDER - incoming packet = 11431 and received packet = 11440 AND SP = 5",
	"error":	"OUT OF ORDER - incoming packet = 11441 and received packet = 11442 AND SP = 5",
	"error":	"OUT OF ORDER - incoming packet = 11433 and received packet = 11442 AND SP = 5",
	"error":	"OUT OF ORDER - incoming packet = 11435 and received packet = 11442 AND SP = 5",
	"error":	"OUT OF ORDER - incoming packet = 11443 and received packet = 11444 AND SP = 5",
	"error":	"OUT OF ORDER - incoming packet = 11445 and received packet = 11446 AND SP = 5",
	"error":	"OUT OF ORDER - incoming packet = 11447 and received packet = 11448 AND SP = 5",
	"error":	"OUT OF ORDER - incoming packet = 11449 and received packet = 11451 AND SP = 5",
	"error":	"OUT OF ORDER - incoming packet = 11450 and received packet = 11451 AND SP = 5",
	"error":	"OUT OF ORDER - incoming packet = 11477 and received packet = 11480 AND SP = 5",
	"error":	"OUT OF ORDER - incoming packet = 11479 and received packet = 11480 AND SP = 5",
	"error":	"OUT OF ORDER - incoming packet = 11520 and received packet = 11522 AND SP = 5",
	"error":	"OUT OF ORDER - incoming packet = 11545 and received packet = 11546 AND SP = 5",
	"error":	"OUT OF ORDER - incoming packet = 11544 and received packet = 11546 AND SP = 5",
	"error":	"OUT OF ORDER - incoming packet = 11548 and received packet = 11551 AND SP = 5",
	"error":	"OUT OF ORDER - incoming packet = 11550 and received packet = 11551 AND SP = 5",
	"error":	"OUT OF ORDER - incoming packet = 11553 and received packet = 11555 AND SP = 5",
	"error":	"OUT OF ORDER - incoming packet = 11549 and received packet = 11555 AND SP = 5",
	"error":	"OUT OF ORDER - incoming packet = 11558 and received packet = 11559 AND SP = 5",
	"error":	"OUT OF ORDER - incoming packet = 11552 and received packet = 11559 AND SP = 5",
	"error":	"OUT OF ORDER - incoming packet = 11557 and received packet = 11561 AND SP = 5",
	"error":	"OUT OF ORDER - incoming packet = 11560 and received packet = 11561 AND SP = 5",
	"error":	"OUT OF ORDER - incoming packet = 11571 and received packet = 11572 AND SP = 5",
	"error":	"OUT OF ORDER - incoming packet = 11570 and received packet = 11572 AND SP = 5",
	"error":	"OUT OF ORDER - incoming packet = 11579 and received packet = 11580 AND SP = 5",
	"error":	"OUT OF ORDER - incoming packet = 11577 and received packet = 11580 AND SP = 5",
	"error":	"OUT OF ORDER - incoming packet = 11582 and received packet = 11583 AND SP = 5",
	"error":	"OUT OF ORDER - incoming packet = 11693 and received packet = 11695 AND SP = 5",
	"error":	"OUT OF ORDER - incoming packet = 11699 and received packet = 11700 AND SP = 5",
	"error":	"OUT OF ORDER - incoming packet = 11698 and received packet = 11700 AND SP = 5",
	"error":	"OUT OF ORDER - incoming packet = 11704 and received packet = 11705 AND SP = 5",
	"error":	"OUT OF ORDER - incoming packet = 11708 and received packet = 11709 AND SP = 5",
	"error":	"OUT OF ORDER - incoming packet = 11710 and received packet = 11711 AND SP = 5",
	"error":	"OUT OF ORDER - incoming packet = 11712 and received packet = 11714 AND SP = 5",
	"error":	"OUT OF ORDER - incoming packet = 11722 and received packet = 11723 AND SP = 5",
	"error":	"OUT OF ORDER - incoming packet = 11724 and received packet = 11726 AND SP = 5",
	"error":	"OUT OF ORDER - incoming packet = 11736 and received packet = 11738 AND SP = 5",
	"error":	"OUT OF ORDER - incoming packet = 11737 and received packet = 11738 AND SP = 5",
	"error":	"OUT OF ORDER - incoming packet = 11965 and received packet = 11966 AND SP = 5",
	"error":	"OUT OF ORDER - incoming packet = 11969 and received packet = 11970 AND SP = 5",
	"error":	"OUT OF ORDER - incoming packet = 11983 and received packet = 11986 AND SP = 5",
	"error":	"OUT OF ORDER - incoming packet = 11984 and received packet = 11986 AND SP = 5",
	"error":	"OUT OF ORDER - incoming packet = 11985 and received packet = 11986 AND SP = 5",
	"error":	"OUT OF ORDER - incoming packet = 11988 and received packet = 11992 AND SP = 5",
	"error":	"OUT OF ORDER - incoming packet = 11989 and received packet = 11992 AND SP = 5",
	"error":	"OUT OF ORDER - incoming packet = 11990 and received packet = 11994 AND SP = 5",
	"error":	"OUT OF ORDER - incoming packet = 11993 and received packet = 11994 AND SP = 5",
	"error":	"OUT OF ORDER - incoming packet = 11991 and received packet = 11996 AND SP = 5",
	"error":	"OUT OF ORDER - incoming packet = 11995 and received packet = 12001 AND SP = 5",
	"error":	"OUT OF ORDER - incoming packet = 12016 and received packet = 12017 AND SP = 5",
	"error":	"OUT OF ORDER - incoming packet = 12051 and received packet = 12053 AND SP = 5",
	"error":	"OUT OF ORDER - incoming packet = 12054 and received packet = 12056 AND SP = 5",
	"error":	"OUT OF ORDER - incoming packet = 12055 and received packet = 12056 AND SP = 5",
	"error":	"OUT OF ORDER - incoming packet = 12060 and received packet = 12061 AND SP = 5",
	"error":	"OUT OF ORDER - incoming packet = 12062 and received packet = 12063 AND SP = 5",
	"error":	"OUT OF ORDER - incoming packet = 12064 and received packet = 12067 AND SP = 5",
	"error":	"OUT OF ORDER - incoming packet = 12065 and received packet = 12067 AND SP = 5",
	"error":	"OUT OF ORDER - incoming packet = 12066 and received packet = 12067 AND SP = 5",
	"error":	"OUT OF ORDER - incoming packet = 12068 and received packet = 12071 AND SP = 5",
	"error":	"OUT OF ORDER - incoming packet = 12069 and received packet = 12071 AND SP = 5",
	"error":	"OUT OF ORDER - incoming packet = 12072 and received packet = 12074 AND SP = 5",
	"error":	"OUT OF ORDER - incoming packet = 12076 and received packet = 12081 AND SP = 5",
	"error":	"OUT OF ORDER - incoming packet = 12077 and received packet = 12081 AND SP = 5",
	"error":	"OUT OF ORDER - incoming packet = 12078 and received packet = 12081 AND SP = 5",
	"error":	"OUT OF ORDER - incoming packet = 12079 and received packet = 12081 AND SP = 5",
	"error":	"OUT OF ORDER - incoming packet = 12080 and received packet = 12081 AND SP = 5",
	"error":	"OUT OF ORDER - incoming packet = 12093 and received packet = 12097 AND SP = 5",
	"error":	"OUT OF ORDER - incoming packet = 12094 and received packet = 12097 AND SP = 5",
	"error":	"OUT OF ORDER - incoming packet = 12112 and received packet = 12114 AND SP = 5",
	"error":	"OUT OF ORDER - incoming packet = 12113 and received packet = 12114 AND SP = 5",
	"error":	"OUT OF ORDER - incoming packet = 12115 and received packet = 12117 AND SP = 5",
	"error":	"OUT OF ORDER - incoming packet = 12116 and received packet = 12117 AND SP = 5",
	"error":	"OUT OF ORDER - incoming packet = 12119 and received packet = 12120 AND SP = 5",
	"error":	"OUT OF ORDER - incoming packet = 12121 and received packet = 12122 AND SP = 5",
	"error":	"OUT OF ORDER - incoming packet = 12125 and received packet = 12127 AND SP = 5",
	"error":	"OUT OF ORDER - incoming packet = 12128 and received packet = 12129 AND SP = 5",
	"error":	"OUT OF ORDER - incoming packet = 12160 and received packet = 12162 AND SP = 5",
	"error":	"OUT OF ORDER - incoming packet = 12161 and received packet = 12163 AND SP = 5",
	"error":	"OUT OF ORDER - incoming packet = 12171 and received packet = 12173 AND SP = 5",
	"error":	"OUT OF ORDER - incoming packet = 12172 and received packet = 12173 AND SP = 5",
	"error":	"OUT OF ORDER - incoming packet = 12202 and received packet = 12203 AND SP = 5",
	"error":	"OUT OF ORDER - incoming packet = 12261 and received packet = 12262 AND SP = 5",
	"error":	"OUT OF ORDER - incoming packet = 12271 and received packet = 12272 AND SP = 5",
	"error":	"OUT OF ORDER - incoming packet = 12325 and received packet = 12326 AND SP = 5",
	"error":	"OUT OF ORDER - incoming packet = 12591 and received packet = 12592 AND SP = 5",
	"error":	"OUT OF ORDER - incoming packet = 12595 and received packet = 12596 AND SP = 5",
	"error":	"OUT OF ORDER - incoming packet = 12741 and received packet = 12748 AND SP = 5",
	"error":	"OUT OF ORDER - incoming packet = 12742 and received packet = 12748 AND SP = 5",
	"error":	"OUT OF ORDER - incoming packet = 13178 and received packet = 13179 AND SP = 5",
	"error":	"OUT OF ORDER - incoming packet = 13180 and received packet = 13182 AND SP = 5",
	"error":	"OUT OF ORDER - incoming packet = 13181 and received packet = 13182 AND SP = 5",
	"error":	"OUT OF ORDER - incoming packet = 13183 and received packet = 13184 AND SP = 5",
	"error":	"OUT OF ORDER - incoming packet = 13186 and received packet = 13187 AND SP = 5",
	"error":	"OUT OF ORDER - incoming packet = 13188 and received packet = 13189 AND SP = 5",
	"error":	"OUT OF ORDER - incoming packet = 13190 and received packet = 13192 AND SP = 5",
	"error":	"OUT OF ORDER - incoming packet = 13194 and received packet = 13196 AND SP = 5",
	"error":	"OUT OF ORDER - incoming packet = 13195 and received packet = 13196 AND SP = 5",
	"error":	"OUT OF ORDER - incoming packet = 13223 and received packet = 13226 AND SP = 5",
	"error":	"OUT OF ORDER - incoming packet = 13224 and received packet = 13227 AND SP = 5",
	"error":	"OUT OF ORDER - incoming packet = 13225 and received packet = 13228 AND SP = 5",
	"error":	"OUT OF ORDER - incoming packet = 13287 and received packet = 13293 AND SP = 5",
	"error":	"OUT OF ORDER - incoming packet = 13288 and received packet = 13293 AND SP = 5",
	"error":	"OUT OF ORDER - incoming packet = 13291 and received packet = 13298 AND SP = 5",
	"error":	"OUT OF ORDER - incoming packet = 13294 and received packet = 13298 AND SP = 5",
	"error":	"OUT OF ORDER - incoming packet = 13290 and received packet = 13298 AND SP = 5",
	"error":	"OUT OF ORDER - incoming packet = 13289 and received packet = 13298 AND SP = 5",
	"error":	"OUT OF ORDER - incoming packet = 13296 and received packet = 13298 AND SP = 5",
	"error":	"OUT OF ORDER - incoming packet = 13301 and received packet = 13302 AND SP = 5",
	"error":	"OUT OF ORDER - incoming packet = 13295 and received packet = 13304 AND SP = 5",
	"error":	"OUT OF ORDER - incoming packet = 13299 and received packet = 13306 AND SP = 5",
	"error":	"OUT OF ORDER - incoming packet = 13307 and received packet = 13309 AND SP = 5",
	"error":	"OUT OF ORDER - incoming packet = 13308 and received packet = 13309 AND SP = 5",
	"error":	"OUT OF ORDER - incoming packet = 13297 and received packet = 13309 AND SP = 5",
	"error":	"OUT OF ORDER - incoming packet = 13311 and received packet = 13313 AND SP = 5",
	"error":	"OUT OF ORDER - incoming packet = 13327 and received packet = 13333 AND SP = 5",
	"error":	"OUT OF ORDER - incoming packet = 13344 and received packet = 13346 AND SP = 5",
	"error":	"OUT OF ORDER - incoming packet = 13345 and received packet = 13346 AND SP = 5",
	"error":	"OUT OF ORDER - incoming packet = 13349 and received packet = 13350 AND SP = 5",
	"error":	"OUT OF ORDER - incoming packet = 13351 and received packet = 13353 AND SP = 5",
	"error":	"OUT OF ORDER - incoming packet = 13368 and received packet = 13370 AND SP = 5",
	"error":	"OUT OF ORDER - incoming packet = 13369 and received packet = 13370 AND SP = 5",
	"error":	"OUT OF ORDER - incoming packet = 13372 and received packet = 13373 AND SP = 5",
	"error":	"OUT OF ORDER - incoming packet = 13377 and received packet = 13378 AND SP = 5",
	"error":	"OUT OF ORDER - incoming packet = 13374 and received packet = 13378 AND SP = 5",
	"error":	"OUT OF ORDER - incoming packet = 13382 and received packet = 13383 AND SP = 5",
	"error":	"OUT OF ORDER - incoming packet = 13381 and received packet = 13385 AND SP = 5",
	"error":	"OUT OF ORDER - incoming packet = 13392 and received packet = 13394 AND SP = 5",
	"error":	"OUT OF ORDER - incoming packet = 13409 and received packet = 13411 AND SP = 5",
	"error":	"OUT OF ORDER - incoming packet = 13517 and received packet = 13518 AND SP = 5",
	"error":	"OUT OF ORDER - incoming packet = 13529 and received packet = 13530 AND SP = 5",
	"error":	"OUT OF ORDER - incoming packet = 13589 and received packet = 13590 AND SP = 5",
	"error":	"OUT OF ORDER - incoming packet = 13596 and received packet = 13597 AND SP = 5",
	"error":	"OUT OF ORDER - incoming packet = 13599 and received packet = 13600 AND SP = 5",
	"error":	"OUT OF ORDER - incoming packet = 13601 and received packet = 13602 AND SP = 5",
	"error":	"OUT OF ORDER - incoming packet = 13620 and received packet = 13626 AND SP = 5",
	"error":	"OUT OF ORDER - incoming packet = 13625 and received packet = 13627 AND SP = 5",
	"error":	"OUT OF ORDER - incoming packet = 13629 and received packet = 13630 AND SP = 5",
	"error":	"OUT OF ORDER - incoming packet = 13635 and received packet = 13636 AND SP = 5",
	"error":	"OUT OF ORDER - incoming packet = 13641 and received packet = 13648 AND SP = 5",
	"error":	"OUT OF ORDER - incoming packet = 13670 and received packet = 13676 AND SP = 5",
	"error":	"OUT OF ORDER - incoming packet = 13705 and received packet = 13711 AND SP = 5",
	"error":	"OUT OF ORDER - incoming packet = 13706 and received packet = 13711 AND SP = 5",
	"error":	"OUT OF ORDER - incoming packet = 13707 and received packet = 13711 AND SP = 5",
	"error":	"OUT OF ORDER - incoming packet = 13708 and received packet = 13711 AND SP = 5",
	"error":	"OUT OF ORDER - incoming packet = 13709 and received packet = 13711 AND SP = 5",
	"error":	"OUT OF ORDER - incoming packet = 13710 and received packet = 13711 AND SP = 5",
	"error":	"OUT OF ORDER - incoming packet = 13712 and received packet = 13718 AND SP = 5",
	"error":	"OUT OF ORDER - incoming packet = 13714 and received packet = 13719 AND SP = 5",
	"error":	"OUT OF ORDER - incoming packet = 13715 and received packet = 13719 AND SP = 5",
	"error":	"OUT OF ORDER - incoming packet = 13716 and received packet = 13721 AND SP = 5",
	"error":	"OUT OF ORDER - incoming packet = 13717 and received packet = 13726 AND SP = 5",
	"error":	"OUT OF ORDER - incoming packet = 13895 and received packet = 13902 AND SP = 5",
	"error":	"OUT OF ORDER - incoming packet = 13897 and received packet = 13904 AND SP = 5",
	"error":	"OUT OF ORDER - incoming packet = 13899 and received packet = 13906 AND SP = 5",
	"error":	"OUT OF ORDER - incoming packet = 13900 and received packet = 13906 AND SP = 5",
	"error":	"OUT OF ORDER - incoming packet = 13901 and received packet = 13907 AND SP = 5",
	"error":	"OUT OF ORDER - incoming packet = 13903 and received packet = 13907 AND SP = 5",
	"error":	"OUT OF ORDER - incoming packet = 13908 and received packet = 13918 AND SP = 5",
	"error":	"OUT OF ORDER - incoming packet = 13909 and received packet = 13918 AND SP = 5",
	"error":	"OUT OF ORDER - incoming packet = 13925 and received packet = 13934 AND SP = 5",
	"error":	"OUT OF ORDER - incoming packet = 13988 and received packet = 13998 AND SP = 5",
	"error":	"OUT OF ORDER - incoming packet = 13989 and received packet = 13998 AND SP = 5",
	"error":	"OUT OF ORDER - incoming packet = 13994 and received packet = 14006 AND SP = 5",
	"error":	"OUT OF ORDER - incoming packet = 14062 and received packet = 14063 AND SP = 5",
	"error":	"OUT OF ORDER - incoming packet = 14068 and received packet = 14069 AND SP = 5",
	"error":	"OUT OF ORDER - incoming packet = 14070 and received packet = 14073 AND SP = 5",
	"error":	"OUT OF ORDER - incoming packet = 14071 and received packet = 14073 AND SP = 5",
	"error":	"OUT OF ORDER - incoming packet = 14353 and received packet = 14354 AND SP = 5",
	"error":	"OUT OF ORDER - incoming packet = 14407 and received packet = 14408 AND SP = 5",
	"error":	"OUT OF ORDER - incoming packet = 14417 and received packet = 14418 AND SP = 5",
	"error":	"OUT OF ORDER - incoming packet = 14445 and received packet = 14450 AND SP = 5",
	"error":	"OUT OF ORDER - incoming packet = 14566 and received packet = 14567 AND SP = 5",
	"error":	"OUT OF ORDER - incoming packet = 14788 and received packet = 14790 AND SP = 5",
	"error":	"OUT OF ORDER - incoming packet = 14791 and received packet = 14792 AND SP = 5",
	"error":	"OUT OF ORDER - incoming packet = 14793 and received packet = 14796 AND SP = 5",
	"error":	"OUT OF ORDER - incoming packet = 14795 and received packet = 14798 AND SP = 5",
	"error":	"OUT OF ORDER - incoming packet = 14797 and received packet = 14799 AND SP = 5",
	"error":	"OUT OF ORDER - incoming packet = 14800 and received packet = 14804 AND SP = 5",
	"error":	"OUT OF ORDER - incoming packet = 14803 and received packet = 14805 AND SP = 5",
	"error":	"OUT OF ORDER - incoming packet = 14806 and received packet = 14812 AND SP = 5",
	"error":	"OUT OF ORDER - incoming packet = 14810 and received packet = 14817 AND SP = 5",
	"error":	"OUT OF ORDER - incoming packet = 14811 and received packet = 14817 AND SP = 5",
	"error":	"OUT OF ORDER - incoming packet = 14818 and received packet = 14819 AND SP = 5",
	"error":	"OUT OF ORDER - incoming packet = 15057 and received packet = 15059 AND SP = 5",
	"error":	"OUT OF ORDER - incoming packet = 15058 and received packet = 15059 AND SP = 5",
	"error":	"OUT OF ORDER - incoming packet = 15064 and received packet = 15066 AND SP = 5",
	"error":	"OUT OF ORDER - incoming packet = 15103 and received packet = 15104 AND SP = 5",
	"error":	"OUT OF ORDER - incoming packet = 15115 and received packet = 15116 AND SP = 5"
}
