{
	"start":	{
		"connected":	[{
				"socket":	5,
				"local_host":	"10.0.0.16",
				"local_port":	1427,
				"remote_host":	"10.0.0.6",
				"remote_port":	44652
			}],
		"version":	"iperf 3.0.7",
		"system_info":	"Linux CS2 5.4.197-0504197-generic #202206060747 SMP Mon Jun 6 09:27:47 UTC 2022 x86_64 x86_64 x86_64 GNU/Linux\n",
		"timestamp":	{
			"time":	"Mon, 25 Jul 2022 21:42:02 GMT",
			"timesecs":	1658785322
		},
		"accepted_connection":	{
			"host":	"10.0.0.6",
			"port":	44650
		},
		"cookie":	"BS6.1658785322.743379.05f4e59e47f151",
		"tcp_mss_default":	1448,
		"test_start":	{
			"protocol":	"TCP",
			"num_streams":	1,
			"blksize":	131072,
			"omit":	0,
			"duration":	14,
			"bytes":	0,
			"blocks":	0,
			"reverse":	0
		}
	},
	"intervals":	[{
			"streams":	[{
					"socket":	5,
					"start":	0,
					"end":	1.00093,
					"seconds":	1.00093,
					"bytes":	3808240,
					"bits_per_second":	3.04376e+07,
					"omitted":	false
				}],
			"sum":	{
				"start":	0,
				"end":	1.00093,
				"seconds":	1.00093,
				"bytes":	3808240,
				"bits_per_second":	3.04376e+07,
				"omitted":	false
			}
		}, {
			"streams":	[{
					"socket":	5,
					"start":	1.00093,
					"end":	2.00032,
					"seconds":	0.999388,
					"bytes":	7053208,
					"bits_per_second":	5.64602e+07,
					"omitted":	false
				}],
			"sum":	{
				"start":	1.00093,
				"end":	2.00032,
				"seconds":	0.999388,
				"bytes":	7053208,
				"bits_per_second":	5.64602e+07,
				"omitted":	false
			}
		}, {
			"streams":	[{
					"socket":	5,
					"start":	2.00032,
					"end":	3.00026,
					"seconds":	0.999941,
					"bytes":	8049432,
					"bits_per_second":	6.43992e+07,
					"omitted":	false
				}],
			"sum":	{
				"start":	2.00032,
				"end":	3.00026,
				"seconds":	0.999941,
				"bytes":	8049432,
				"bits_per_second":	6.43992e+07,
				"omitted":	false
			}
		}, {
			"streams":	[{
					"socket":	5,
					"start":	3.00026,
					"end":	4.00073,
					"seconds":	1.00046,
					"bytes":	8983392,
					"bits_per_second":	7.18337e+07,
					"omitted":	false
				}],
			"sum":	{
				"start":	3.00026,
				"end":	4.00073,
				"seconds":	1.00046,
				"bytes":	8983392,
				"bits_per_second":	7.18337e+07,
				"omitted":	false
			}
		}, {
			"streams":	[{
					"socket":	5,
					"start":	4.00073,
					"end":	5.00022,
					"seconds":	0.999491,
					"bytes":	10253288,
					"bits_per_second":	8.20681e+07,
					"omitted":	false
				}],
			"sum":	{
				"start":	4.00073,
				"end":	5.00022,
				"seconds":	0.999491,
				"bytes":	10253288,
				"bits_per_second":	8.20681e+07,
				"omitted":	false
			}
		}, {
			"streams":	[{
					"socket":	5,
					"start":	5.00022,
					"end":	6.00038,
					"seconds":	1.00016,
					"bytes":	11229240,
					"bits_per_second":	8.98192e+07,
					"omitted":	false
				}],
			"sum":	{
				"start":	5.00022,
				"end":	6.00038,
				"seconds":	1.00016,
				"bytes":	11229240,
				"bits_per_second":	8.98192e+07,
				"omitted":	false
			}
		}, {
			"streams":	[{
					"socket":	5,
					"start":	6.00038,
					"end":	7.0004,
					"seconds":	1.00002,
					"bytes":	12486104,
					"bits_per_second":	9.98872e+07,
					"omitted":	false
				}],
			"sum":	{
				"start":	6.00038,
				"end":	7.0004,
				"seconds":	1.00002,
				"bytes":	12486104,
				"bits_per_second":	9.98872e+07,
				"omitted":	false
			}
		}, {
			"streams":	[{
					"socket":	5,
					"start":	7.0004,
					"end":	8.00006,
					"seconds":	0.999659,
					"bytes":	13644504,
					"bits_per_second":	1.09193e+08,
					"omitted":	false
				}],
			"sum":	{
				"start":	7.0004,
				"end":	8.00006,
				"seconds":	0.999659,
				"bytes":	13644504,
				"bits_per_second":	1.09193e+08,
				"omitted":	false
			}
		}, {
			"streams":	[{
					"socket":	5,
					"start":	8.00006,
					"end":	9.00035,
					"seconds":	1.00029,
					"bytes":	16466656,
					"bits_per_second":	1.31695e+08,
					"omitted":	false
				}],
			"sum":	{
				"start":	8.00006,
				"end":	9.00035,
				"seconds":	1.00029,
				"bytes":	16466656,
				"bits_per_second":	1.31695e+08,
				"omitted":	false
			}
		}, {
			"streams":	[{
					"socket":	5,
					"start":	9.00035,
					"end":	10.0004,
					"seconds":	1.00007,
					"bytes":	19217856,
					"bits_per_second":	1.53732e+08,
					"omitted":	false
				}],
			"sum":	{
				"start":	9.00035,
				"end":	10.0004,
				"seconds":	1.00007,
				"bytes":	19217856,
				"bits_per_second":	1.53732e+08,
				"omitted":	false
			}
		}, {
			"streams":	[{
					"socket":	5,
					"start":	10.0004,
					"end":	11.0002,
					"seconds":	0.999807,
					"bytes":	22813240,
					"bits_per_second":	1.82541e+08,
					"omitted":	false
				}],
			"sum":	{
				"start":	10.0004,
				"end":	11.0002,
				"seconds":	0.999807,
				"bytes":	22813240,
				"bits_per_second":	1.82541e+08,
				"omitted":	false
			}
		}, {
			"streams":	[{
					"socket":	5,
					"start":	11.0002,
					"end":	12.0006,
					"seconds":	1.00038,
					"bytes":	14883888,
					"bits_per_second":	1.19026e+08,
					"omitted":	false
				}],
			"sum":	{
				"start":	11.0002,
				"end":	12.0006,
				"seconds":	1.00038,
				"bytes":	14883888,
				"bits_per_second":	1.19026e+08,
				"omitted":	false
			}
		}, {
			"streams":	[{
					"socket":	5,
					"start":	12.0006,
					"end":	13.0001,
					"seconds":	0.99953,
					"bytes":	12451840,
					"bits_per_second":	9.96616e+07,
					"omitted":	false
				}],
			"sum":	{
				"start":	12.0006,
				"end":	13.0001,
				"seconds":	0.99953,
				"bytes":	12451840,
				"bits_per_second":	9.96616e+07,
				"omitted":	false
			}
		}, {
			"streams":	[{
					"socket":	5,
					"start":	13.0001,
					"end":	14.0002,
					"seconds":	1.00004,
					"bytes":	12451840,
					"bits_per_second":	9.96103e+07,
					"omitted":	false
				}],
			"sum":	{
				"start":	13.0001,
				"end":	14.0002,
				"seconds":	1.00004,
				"bytes":	12451840,
				"bits_per_second":	9.96103e+07,
				"omitted":	false
			}
		}, {
			"streams":	[{
					"socket":	5,
					"start":	14.0002,
					"end":	14.029,
					"seconds":	0.028779,
					"bytes":	0,
					"bits_per_second":	0,
					"omitted":	false
				}],
			"sum":	{
				"start":	14.0002,
				"end":	14.029,
				"seconds":	0.028779,
				"bytes":	0,
				"bits_per_second":	0,
				"omitted":	false
			}
		}],
	"end":	{
		"streams":	[{
				"sender":	{
					"socket":	5,
					"start":	0,
					"end":	14.029,
					"seconds":	14.029,
					"bytes":	173792728,
					"bits_per_second":	9.91051e+07,
					"retransmits":	3
				},
				"receiver":	{
					"socket":	5,
					"start":	0,
					"end":	14.029,
					"seconds":	14.029,
					"bytes":	173792728,
					"bits_per_second":	9.91051e+07
				}
			}],
		"sum_sent":	{
			"start":	0,
			"end":	14.029,
			"seconds":	14.029,
			"bytes":	173792728,
			"bits_per_second":	9.91051e+07,
			"retransmits":	3
		},
		"sum_received":	{
			"start":	0,
			"end":	14.029,
			"seconds":	14.029,
			"bytes":	173792728,
			"bits_per_second":	9.91051e+07
		},
		"cpu_utilization_percent":	{
			"host_total":	5.54821,
			"host_user":	0.580909,
			"host_system":	4.96729,
			"remote_total":	1.56591,
			"remote_user":	0.20723,
			"remote_system":	1.35865
		}
	}
}
