{
	"start":	{
		"connected":	[{
				"socket":	5,
				"local_host":	"10.0.0.12",
				"local_port":	3160,
				"remote_host":	"10.0.0.3",
				"remote_port":	36812
			}],
		"version":	"iperf 3.0.7",
		"system_info":	"Linux H12 5.4.197-0504197-generic #202206060747 SMP Mon Jun 6 09:27:47 UTC 2022 x86_64 x86_64 x86_64 GNU/Linux\n",
		"timestamp":	{
			"time":	"Fri, 22 Jul 2022 16:30:59 GMT",
			"timesecs":	1658507459
		},
		"accepted_connection":	{
			"host":	"10.0.0.3",
			"port":	36810
		},
		"cookie":	"H3.1658507459.953146.6f1eccec50f1fa6",
		"tcp_mss_default":	1448,
		"test_start":	{
			"protocol":	"TCP",
			"num_streams":	1,
			"blksize":	131072,
			"omit":	0,
			"duration":	5,
			"bytes":	0,
			"blocks":	0,
			"reverse":	0
		}
	},
	"intervals":	[{
			"streams":	[{
					"socket":	5,
					"start":	0,
					"end":	1.00019,
					"seconds":	1.00019,
					"bytes":	1817576,
					"bits_per_second":	1.45379e+07,
					"omitted":	false
				}],
			"sum":	{
				"start":	0,
				"end":	1.00019,
				"seconds":	1.00019,
				"bytes":	1817576,
				"bits_per_second":	1.45379e+07,
				"omitted":	false
			}
		}, {
			"streams":	[{
					"socket":	5,
					"start":	1.00019,
					"end":	2.00057,
					"seconds":	1.00038,
					"bytes":	1835008,
					"bits_per_second":	1.46745e+07,
					"omitted":	false
				}],
			"sum":	{
				"start":	1.00019,
				"end":	2.00057,
				"seconds":	1.00038,
				"bytes":	1835008,
				"bits_per_second":	1.46745e+07,
				"omitted":	false
			}
		}, {
			"streams":	[{
					"socket":	5,
					"start":	2.00057,
					"end":	3.00031,
					"seconds":	0.999739,
					"bytes":	1835008,
					"bits_per_second":	1.46839e+07,
					"omitted":	false
				}],
			"sum":	{
				"start":	2.00057,
				"end":	3.00031,
				"seconds":	0.999739,
				"bytes":	1835008,
				"bits_per_second":	1.46839e+07,
				"omitted":	false
			}
		}, {
			"streams":	[{
					"socket":	5,
					"start":	3.00031,
					"end":	4.00017,
					"seconds":	0.999859,
					"bytes":	1835008,
					"bits_per_second":	1.46821e+07,
					"omitted":	false
				}],
			"sum":	{
				"start":	3.00031,
				"end":	4.00017,
				"seconds":	0.999859,
				"bytes":	1835008,
				"bits_per_second":	1.46821e+07,
				"omitted":	false
			}
		}, {
			"streams":	[{
					"socket":	5,
					"start":	4.00017,
					"end":	5.00037,
					"seconds":	1.0002,
					"bytes":	1966080,
					"bits_per_second":	1.57254e+07,
					"omitted":	false
				}],
			"sum":	{
				"start":	4.00017,
				"end":	5.00037,
				"seconds":	1.0002,
				"bytes":	1966080,
				"bits_per_second":	1.57254e+07,
				"omitted":	false
			}
		}, {
			"streams":	[{
					"socket":	5,
					"start":	5.00037,
					"end":	5.00175,
					"seconds":	0.00138092,
					"bytes":	0,
					"bits_per_second":	0,
					"omitted":	false
				}],
			"sum":	{
				"start":	5.00037,
				"end":	5.00175,
				"seconds":	0.00138092,
				"bytes":	0,
				"bits_per_second":	0,
				"omitted":	false
			}
		}],
	"end":	{
		"streams":	[{
				"sender":	{
					"socket":	5,
					"start":	0,
					"end":	5.00175,
					"seconds":	5.00175,
					"bytes":	9288680,
					"bits_per_second":	1.48567e+07,
					"retransmits":	0
				},
				"receiver":	{
					"socket":	5,
					"start":	0,
					"end":	5.00175,
					"seconds":	5.00175,
					"bytes":	9288680,
					"bits_per_second":	1.48567e+07
				}
			}],
		"sum_sent":	{
			"start":	0,
			"end":	5.00175,
			"seconds":	5.00175,
			"bytes":	9288680,
			"bits_per_second":	1.48567e+07,
			"retransmits":	0
		},
		"sum_received":	{
			"start":	0,
			"end":	5.00175,
			"seconds":	5.00175,
			"bytes":	9288680,
			"bits_per_second":	1.48567e+07
		},
		"cpu_utilization_percent":	{
			"host_total":	1.0401,
			"host_user":	0,
			"host_system":	1.04014,
			"remote_total":	0.463854,
			"remote_user":	0.266041,
			"remote_system":	0.197853
		}
	}
}
{
	"start":	{
		"connected":	[],
		"version":	"iperf 3.0.7",
		"system_info":	"Linux H12 5.4.197-0504197-generic #202206060747 SMP Mon Jun 6 09:27:47 UTC 2022 x86_64 x86_64 x86_64 GNU/Linux\n"
	},
	"intervals":	[],
	"end":	{
	},
	"error":	"interrupt - the server has terminated"
}
