{
	"start":	{
		"connected":	[{
				"socket":	5,
				"local_host":	"10.0.0.7",
				"local_port":	4032,
				"remote_host":	"10.0.0.1",
				"remote_port":	57292
			}],
		"version":	"iperf 3.0.7",
		"system_info":	"Linux H7 5.4.197-0504197-generic #202206060747 SMP Mon Jun 6 09:27:47 UTC 2022 x86_64 x86_64 x86_64 GNU/Linux\n",
		"timestamp":	{
			"time":	"Fri, 22 Jul 2022 16:23:09 GMT",
			"timesecs":	1658506989
		},
		"accepted_connection":	{
			"host":	"10.0.0.1",
			"port":	57290
		},
		"cookie":	"H1.1658506989.320017.2749cc1109df137",
		"tcp_mss_default":	1448,
		"test_start":	{
			"protocol":	"TCP",
			"num_streams":	1,
			"blksize":	131072,
			"omit":	0,
			"duration":	5,
			"bytes":	0,
			"blocks":	0,
			"reverse":	0
		}
	},
	"intervals":	[{
			"streams":	[{
					"socket":	5,
					"start":	0,
					"end":	1.00096,
					"seconds":	1.00096,
					"bytes":	1689400,
					"bits_per_second":	1.35022e+07,
					"omitted":	false
				}],
			"sum":	{
				"start":	0,
				"end":	1.00096,
				"seconds":	1.00096,
				"bytes":	1689400,
				"bits_per_second":	1.35022e+07,
				"omitted":	false
			}
		}, {
			"streams":	[{
					"socket":	5,
					"start":	1.00096,
					"end":	2.00082,
					"seconds":	0.999861,
					"bytes":	1966080,
					"bits_per_second":	1.57308e+07,
					"omitted":	false
				}],
			"sum":	{
				"start":	1.00096,
				"end":	2.00082,
				"seconds":	0.999861,
				"bytes":	1966080,
				"bits_per_second":	1.57308e+07,
				"omitted":	false
			}
		}, {
			"streams":	[{
					"socket":	5,
					"start":	2.00082,
					"end":	3.00063,
					"seconds":	0.999808,
					"bytes":	1835008,
					"bits_per_second":	1.46829e+07,
					"omitted":	false
				}],
			"sum":	{
				"start":	2.00082,
				"end":	3.00063,
				"seconds":	0.999808,
				"bytes":	1835008,
				"bits_per_second":	1.46829e+07,
				"omitted":	false
			}
		}, {
			"streams":	[{
					"socket":	5,
					"start":	3.00063,
					"end":	4.00086,
					"seconds":	1.00023,
					"bytes":	1835008,
					"bits_per_second":	1.46767e+07,
					"omitted":	false
				}],
			"sum":	{
				"start":	3.00063,
				"end":	4.00086,
				"seconds":	1.00023,
				"bytes":	1835008,
				"bits_per_second":	1.46767e+07,
				"omitted":	false
			}
		}, {
			"streams":	[{
					"socket":	5,
					"start":	4.00086,
					"end":	5.00025,
					"seconds":	0.999384,
					"bytes":	1966080,
					"bits_per_second":	1.57383e+07,
					"omitted":	false
				}],
			"sum":	{
				"start":	4.00086,
				"end":	5.00025,
				"seconds":	0.999384,
				"bytes":	1966080,
				"bits_per_second":	1.57383e+07,
				"omitted":	false
			}
		}, {
			"streams":	[{
					"socket":	5,
					"start":	5.00025,
					"end":	5.00041,
					"seconds":	0.00016284,
					"bytes":	0,
					"bits_per_second":	0,
					"omitted":	false
				}],
			"sum":	{
				"start":	5.00025,
				"end":	5.00041,
				"seconds":	0.00016284,
				"bytes":	0,
				"bits_per_second":	0,
				"omitted":	false
			}
		}],
	"end":	{
		"streams":	[{
				"sender":	{
					"socket":	5,
					"start":	0,
					"end":	5.00041,
					"seconds":	5.00041,
					"bytes":	9291576,
					"bits_per_second":	1.48653e+07,
					"retransmits":	0
				},
				"receiver":	{
					"socket":	5,
					"start":	0,
					"end":	5.00041,
					"seconds":	5.00041,
					"bytes":	9291576,
					"bits_per_second":	1.48653e+07
				}
			}],
		"sum_sent":	{
			"start":	0,
			"end":	5.00041,
			"seconds":	5.00041,
			"bytes":	9291576,
			"bits_per_second":	1.48653e+07,
			"retransmits":	0
		},
		"sum_received":	{
			"start":	0,
			"end":	5.00041,
			"seconds":	5.00041,
			"bytes":	9291576,
			"bits_per_second":	1.48653e+07
		},
		"cpu_utilization_percent":	{
			"host_total":	1.37056,
			"host_user":	0.661791,
			"host_system":	0.708774,
			"remote_total":	0.320136,
			"remote_user":	0.181853,
			"remote_system":	0.138303
		}
	}
}
{
	"start":	{
		"connected":	[],
		"version":	"iperf 3.0.7",
		"system_info":	"Linux H7 5.4.197-0504197-generic #202206060747 SMP Mon Jun 6 09:27:47 UTC 2022 x86_64 x86_64 x86_64 GNU/Linux\n"
	},
	"intervals":	[],
	"end":	{
	},
	"error":	"interrupt - the server has terminated"
}
