{
	"start":	{
		"connected":	[{
				"socket":	5,
				"local_host":	"10.0.0.8",
				"local_port":	2030,
				"remote_host":	"10.0.0.4",
				"remote_port":	43410
			}],
		"version":	"iperf 3.0.7",
		"system_info":	"Linux H8 5.4.197-0504197-generic #202206060747 SMP Mon Jun 6 09:27:47 UTC 2022 x86_64 x86_64 x86_64 GNU/Linux\n",
		"timestamp":	{
			"time":	"Fri, 22 Jul 2022 16:20:34 GMT",
			"timesecs":	1658506834
		},
		"accepted_connection":	{
			"host":	"10.0.0.4",
			"port":	43408
		},
		"cookie":	"H4.1658506834.140393.514b032129c8f30",
		"tcp_mss_default":	1448,
		"test_start":	{
			"protocol":	"TCP",
			"num_streams":	1,
			"blksize":	131072,
			"omit":	0,
			"duration":	5,
			"bytes":	0,
			"blocks":	0,
			"reverse":	0
		}
	},
	"intervals":	[{
			"streams":	[{
					"socket":	5,
					"start":	0,
					"end":	1.00046,
					"seconds":	1.00046,
					"bytes":	1700984,
					"bits_per_second":	1.36016e+07,
					"omitted":	false
				}],
			"sum":	{
				"start":	0,
				"end":	1.00046,
				"seconds":	1.00046,
				"bytes":	1700984,
				"bits_per_second":	1.36016e+07,
				"omitted":	false
			}
		}, {
			"streams":	[{
					"socket":	5,
					"start":	1.00046,
					"end":	2.00082,
					"seconds":	1.00036,
					"bytes":	1966080,
					"bits_per_second":	1.5723e+07,
					"omitted":	false
				}],
			"sum":	{
				"start":	1.00046,
				"end":	2.00082,
				"seconds":	1.00036,
				"bytes":	1966080,
				"bits_per_second":	1.5723e+07,
				"omitted":	false
			}
		}, {
			"streams":	[{
					"socket":	5,
					"start":	2.00082,
					"end":	3.00098,
					"seconds":	1.00016,
					"bytes":	1835008,
					"bits_per_second":	1.46778e+07,
					"omitted":	false
				}],
			"sum":	{
				"start":	2.00082,
				"end":	3.00098,
				"seconds":	1.00016,
				"bytes":	1835008,
				"bits_per_second":	1.46778e+07,
				"omitted":	false
			}
		}, {
			"streams":	[{
					"socket":	5,
					"start":	3.00098,
					"end":	4.00106,
					"seconds":	1.00008,
					"bytes":	1835008,
					"bits_per_second":	1.46789e+07,
					"omitted":	false
				}],
			"sum":	{
				"start":	3.00098,
				"end":	4.00106,
				"seconds":	1.00008,
				"bytes":	1835008,
				"bits_per_second":	1.46789e+07,
				"omitted":	false
			}
		}, {
			"streams":	[{
					"socket":	5,
					"start":	4.00106,
					"end":	5.00062,
					"seconds":	0.999561,
					"bytes":	1966080,
					"bits_per_second":	1.57355e+07,
					"omitted":	false
				}],
			"sum":	{
				"start":	4.00106,
				"end":	5.00062,
				"seconds":	0.999561,
				"bytes":	1966080,
				"bits_per_second":	1.57355e+07,
				"omitted":	false
			}
		}, {
			"streams":	[{
					"socket":	5,
					"start":	5.00062,
					"end":	5.00616,
					"seconds":	0.00554109,
					"bytes":	0,
					"bits_per_second":	0,
					"omitted":	false
				}],
			"sum":	{
				"start":	5.00062,
				"end":	5.00616,
				"seconds":	0.00554109,
				"bytes":	0,
				"bits_per_second":	0,
				"omitted":	false
			}
		}],
	"end":	{
		"streams":	[{
				"sender":	{
					"socket":	5,
					"start":	0,
					"end":	5.00616,
					"seconds":	5.00616,
					"bytes":	9303160,
					"bits_per_second":	1.48667e+07,
					"retransmits":	0
				},
				"receiver":	{
					"socket":	5,
					"start":	0,
					"end":	5.00616,
					"seconds":	5.00616,
					"bytes":	9303160,
					"bits_per_second":	1.48667e+07
				}
			}],
		"sum_sent":	{
			"start":	0,
			"end":	5.00616,
			"seconds":	5.00616,
			"bytes":	9303160,
			"bits_per_second":	1.48667e+07,
			"retransmits":	0
		},
		"sum_received":	{
			"start":	0,
			"end":	5.00616,
			"seconds":	5.00616,
			"bytes":	9303160,
			"bits_per_second":	1.48667e+07
		},
		"cpu_utilization_percent":	{
			"host_total":	1.21124,
			"host_user":	0.605599,
			"host_system":	0.605599,
			"remote_total":	0.718016,
			"remote_user":	0.126858,
			"remote_system":	0.590899
		}
	}
}
{
	"start":	{
		"connected":	[],
		"version":	"iperf 3.0.7",
		"system_info":	"Linux H8 5.4.197-0504197-generic #202206060747 SMP Mon Jun 6 09:27:47 UTC 2022 x86_64 x86_64 x86_64 GNU/Linux\n"
	},
	"intervals":	[],
	"end":	{
	},
	"error":	"interrupt - the server has terminated"
}
