{
	"start":	{
		"connected":	[{
				"socket":	5,
				"local_host":	"10.0.0.12",
				"local_port":	3663,
				"remote_host":	"10.0.0.2",
				"remote_port":	37892
			}],
		"version":	"iperf 3.0.7",
		"system_info":	"Linux H12 5.4.197-0504197-generic #202206060747 SMP Mon Jun 6 09:27:47 UTC 2022 x86_64 x86_64 x86_64 GNU/Linux\n",
		"timestamp":	{
			"time":	"Fri, 22 Jul 2022 16:29:28 GMT",
			"timesecs":	1658507368
		},
		"accepted_connection":	{
			"host":	"10.0.0.2",
			"port":	37890
		},
		"cookie":	"H2.1658507368.095449.4d5705de1e47889",
		"tcp_mss_default":	1448,
		"test_start":	{
			"protocol":	"TCP",
			"num_streams":	1,
			"blksize":	131072,
			"omit":	0,
			"duration":	5,
			"bytes":	0,
			"blocks":	0,
			"reverse":	0
		}
	},
	"intervals":	[{
			"streams":	[{
					"socket":	5,
					"start":	0,
					"end":	1.00045,
					"seconds":	1.00045,
					"bytes":	1703936,
					"bits_per_second":	1.36253e+07,
					"omitted":	false
				}],
			"sum":	{
				"start":	0,
				"end":	1.00045,
				"seconds":	1.00045,
				"bytes":	1703936,
				"bits_per_second":	1.36253e+07,
				"omitted":	false
			}
		}, {
			"streams":	[{
					"socket":	5,
					"start":	1.00045,
					"end":	2.00112,
					"seconds":	1.00066,
					"bytes":	1966080,
					"bits_per_second":	1.57182e+07,
					"omitted":	false
				}],
			"sum":	{
				"start":	1.00045,
				"end":	2.00112,
				"seconds":	1.00066,
				"bytes":	1966080,
				"bits_per_second":	1.57182e+07,
				"omitted":	false
			}
		}, {
			"streams":	[{
					"socket":	5,
					"start":	2.00112,
					"end":	3.0002,
					"seconds":	0.999085,
					"bytes":	1801648,
					"bits_per_second":	1.44264e+07,
					"omitted":	false
				}],
			"sum":	{
				"start":	2.00112,
				"end":	3.0002,
				"seconds":	0.999085,
				"bytes":	1801648,
				"bits_per_second":	1.44264e+07,
				"omitted":	false
			}
		}, {
			"streams":	[{
					"socket":	5,
					"start":	3.0002,
					"end":	4.00072,
					"seconds":	1.00051,
					"bytes":	1966080,
					"bits_per_second":	1.57205e+07,
					"omitted":	false
				}],
			"sum":	{
				"start":	3.0002,
				"end":	4.00072,
				"seconds":	1.00051,
				"bytes":	1966080,
				"bits_per_second":	1.57205e+07,
				"omitted":	false
			}
		}, {
			"streams":	[{
					"socket":	5,
					"start":	4.00072,
					"end":	5.00099,
					"seconds":	1.00027,
					"bytes":	1835008,
					"bits_per_second":	1.4676e+07,
					"omitted":	false
				}],
			"sum":	{
				"start":	4.00072,
				"end":	5.00099,
				"seconds":	1.00027,
				"bytes":	1835008,
				"bits_per_second":	1.4676e+07,
				"omitted":	false
			}
		}, {
			"streams":	[{
					"socket":	5,
					"start":	5.00099,
					"end":	5.00125,
					"seconds":	0.000252008,
					"bytes":	0,
					"bits_per_second":	0,
					"omitted":	false
				}],
			"sum":	{
				"start":	5.00099,
				"end":	5.00125,
				"seconds":	0.000252008,
				"bytes":	0,
				"bits_per_second":	0,
				"omitted":	false
			}
		}],
	"end":	{
		"streams":	[{
				"sender":	{
					"socket":	5,
					"start":	0,
					"end":	5.00125,
					"seconds":	5.00125,
					"bytes":	9272752,
					"bits_per_second":	1.48327e+07,
					"retransmits":	2
				},
				"receiver":	{
					"socket":	5,
					"start":	0,
					"end":	5.00125,
					"seconds":	5.00125,
					"bytes":	9272752,
					"bits_per_second":	1.48327e+07
				}
			}],
		"sum_sent":	{
			"start":	0,
			"end":	5.00125,
			"seconds":	5.00125,
			"bytes":	9272752,
			"bits_per_second":	1.48327e+07,
			"retransmits":	2
		},
		"sum_received":	{
			"start":	0,
			"end":	5.00125,
			"seconds":	5.00125,
			"bytes":	9272752,
			"bits_per_second":	1.48327e+07
		},
		"cpu_utilization_percent":	{
			"host_total":	1.3213,
			"host_user":	1.32132,
			"host_system":	0,
			"remote_total":	0.550082,
			"remote_user":	0,
			"remote_system":	0.550082
		}
	}
}
{
	"start":	{
		"connected":	[],
		"version":	"iperf 3.0.7",
		"system_info":	"Linux H12 5.4.197-0504197-generic #202206060747 SMP Mon Jun 6 09:27:47 UTC 2022 x86_64 x86_64 x86_64 GNU/Linux\n"
	},
	"intervals":	[],
	"end":	{
	},
	"error":	"interrupt - the server has terminated"
}
