{
	"start":	{
		"connected":	[{
				"socket":	5,
				"local_host":	"10.0.0.9",
				"local_port":	3771,
				"remote_host":	"10.0.0.1",
				"remote_port":	37352
			}],
		"version":	"iperf 3.0.7",
		"system_info":	"Linux H9 5.4.197-0504197-generic #202206060747 SMP Mon Jun 6 09:27:47 UTC 2022 x86_64 x86_64 x86_64 GNU/Linux\n",
		"timestamp":	{
			"time":	"Fri, 22 Jul 2022 16:21:30 GMT",
			"timesecs":	1658506890
		},
		"accepted_connection":	{
			"host":	"10.0.0.1",
			"port":	37350
		},
		"cookie":	"H1.1658506890.602493.0956e1b802b7494",
		"tcp_mss_default":	1448,
		"test_start":	{
			"protocol":	"TCP",
			"num_streams":	1,
			"blksize":	131072,
			"omit":	0,
			"duration":	5,
			"bytes":	0,
			"blocks":	0,
			"reverse":	0
		}
	},
	"intervals":	[{
			"streams":	[{
					"socket":	5,
					"start":	0,
					"end":	1.00106,
					"seconds":	1.00106,
					"bytes":	1716912,
					"bits_per_second":	1.37208e+07,
					"omitted":	false
				}],
			"sum":	{
				"start":	0,
				"end":	1.00106,
				"seconds":	1.00106,
				"bytes":	1716912,
				"bits_per_second":	1.37208e+07,
				"omitted":	false
			}
		}, {
			"streams":	[{
					"socket":	5,
					"start":	1.00106,
					"end":	2.00034,
					"seconds":	0.999283,
					"bytes":	1940016,
					"bits_per_second":	1.55313e+07,
					"omitted":	false
				}],
			"sum":	{
				"start":	1.00106,
				"end":	2.00034,
				"seconds":	0.999283,
				"bytes":	1940016,
				"bits_per_second":	1.55313e+07,
				"omitted":	false
			}
		}, {
			"streams":	[{
					"socket":	5,
					"start":	2.00034,
					"end":	3.00017,
					"seconds":	0.999831,
					"bytes":	1835008,
					"bits_per_second":	1.46825e+07,
					"omitted":	false
				}],
			"sum":	{
				"start":	2.00034,
				"end":	3.00017,
				"seconds":	0.999831,
				"bytes":	1835008,
				"bits_per_second":	1.46825e+07,
				"omitted":	false
			}
		}, {
			"streams":	[{
					"socket":	5,
					"start":	3.00017,
					"end":	4.00063,
					"seconds":	1.00046,
					"bytes":	1835008,
					"bits_per_second":	1.46733e+07,
					"omitted":	false
				}],
			"sum":	{
				"start":	3.00017,
				"end":	4.00063,
				"seconds":	1.00046,
				"bytes":	1835008,
				"bits_per_second":	1.46733e+07,
				"omitted":	false
			}
		}, {
			"streams":	[{
					"socket":	5,
					"start":	4.00063,
					"end":	5.00021,
					"seconds":	0.999578,
					"bytes":	1966080,
					"bits_per_second":	1.57353e+07,
					"omitted":	false
				}],
			"sum":	{
				"start":	4.00063,
				"end":	5.00021,
				"seconds":	0.999578,
				"bytes":	1966080,
				"bits_per_second":	1.57353e+07,
				"omitted":	false
			}
		}, {
			"streams":	[{
					"socket":	5,
					"start":	5.00021,
					"end":	5.00037,
					"seconds":	0.000152111,
					"bytes":	0,
					"bits_per_second":	0,
					"omitted":	false
				}],
			"sum":	{
				"start":	5.00021,
				"end":	5.00037,
				"seconds":	0.000152111,
				"bytes":	0,
				"bits_per_second":	0,
				"omitted":	false
			}
		}],
	"end":	{
		"streams":	[{
				"sender":	{
					"socket":	5,
					"start":	0,
					"end":	5.00037,
					"seconds":	5.00037,
					"bytes":	9293024,
					"bits_per_second":	1.48678e+07,
					"retransmits":	0
				},
				"receiver":	{
					"socket":	5,
					"start":	0,
					"end":	5.00037,
					"seconds":	5.00037,
					"bytes":	9293024,
					"bits_per_second":	1.48678e+07
				}
			}],
		"sum_sent":	{
			"start":	0,
			"end":	5.00037,
			"seconds":	5.00037,
			"bytes":	9293024,
			"bits_per_second":	1.48678e+07,
			"retransmits":	0
		},
		"sum_received":	{
			"start":	0,
			"end":	5.00037,
			"seconds":	5.00037,
			"bytes":	9293024,
			"bits_per_second":	1.48678e+07
		},
		"cpu_utilization_percent":	{
			"host_total":	1.10472,
			"host_user":	1.10472,
			"host_system":	0,
			"remote_total":	0.366139,
			"remote_user":	0.229993,
			"remote_system":	0.136146
		}
	}
}
{
	"start":	{
		"connected":	[],
		"version":	"iperf 3.0.7",
		"system_info":	"Linux H9 5.4.197-0504197-generic #202206060747 SMP Mon Jun 6 09:27:47 UTC 2022 x86_64 x86_64 x86_64 GNU/Linux\n"
	},
	"intervals":	[],
	"end":	{
	},
	"error":	"interrupt - the server has terminated"
}
