{
	"start":	{
		"connected":	[{
				"socket":	5,
				"local_host":	"10.0.0.10",
				"local_port":	2629,
				"remote_host":	"10.0.0.4",
				"remote_port":	52316
			}],
		"version":	"iperf 3.0.7",
		"system_info":	"Linux H10 5.4.197-0504197-generic #202206060747 SMP Mon Jun 6 09:27:47 UTC 2022 x86_64 x86_64 x86_64 GNU/Linux\n",
		"timestamp":	{
			"time":	"Fri, 22 Jul 2022 16:21:44 GMT",
			"timesecs":	1658506904
		},
		"accepted_connection":	{
			"host":	"10.0.0.4",
			"port":	52314
		},
		"cookie":	"H4.1658506904.697967.6a7f503b38f9971",
		"tcp_mss_default":	1448,
		"test_start":	{
			"protocol":	"TCP",
			"num_streams":	1,
			"blksize":	131072,
			"omit":	0,
			"duration":	5,
			"bytes":	0,
			"blocks":	0,
			"reverse":	0
		}
	},
	"intervals":	[{
			"streams":	[{
					"socket":	5,
					"start":	0,
					"end":	1.00015,
					"seconds":	1.00015,
					"bytes":	1689400,
					"bits_per_second":	1.35132e+07,
					"omitted":	false
				}],
			"sum":	{
				"start":	0,
				"end":	1.00015,
				"seconds":	1.00015,
				"bytes":	1689400,
				"bits_per_second":	1.35132e+07,
				"omitted":	false
			}
		}, {
			"streams":	[{
					"socket":	5,
					"start":	1.00015,
					"end":	2.00068,
					"seconds":	1.00053,
					"bytes":	1966080,
					"bits_per_second":	1.57203e+07,
					"omitted":	false
				}],
			"sum":	{
				"start":	1.00015,
				"end":	2.00068,
				"seconds":	1.00053,
				"bytes":	1966080,
				"bits_per_second":	1.57203e+07,
				"omitted":	false
			}
		}, {
			"streams":	[{
					"socket":	5,
					"start":	2.00068,
					"end":	3.00014,
					"seconds":	0.999464,
					"bytes":	1835008,
					"bits_per_second":	1.46879e+07,
					"omitted":	false
				}],
			"sum":	{
				"start":	2.00068,
				"end":	3.00014,
				"seconds":	0.999464,
				"bytes":	1835008,
				"bits_per_second":	1.46879e+07,
				"omitted":	false
			}
		}, {
			"streams":	[{
					"socket":	5,
					"start":	3.00014,
					"end":	4.00042,
					"seconds":	1.00028,
					"bytes":	1835008,
					"bits_per_second":	1.4676e+07,
					"omitted":	false
				}],
			"sum":	{
				"start":	3.00014,
				"end":	4.00042,
				"seconds":	1.00028,
				"bytes":	1835008,
				"bits_per_second":	1.4676e+07,
				"omitted":	false
			}
		}, {
			"streams":	[{
					"socket":	5,
					"start":	4.00042,
					"end":	5.00114,
					"seconds":	1.00072,
					"bytes":	1966080,
					"bits_per_second":	1.57174e+07,
					"omitted":	false
				}],
			"sum":	{
				"start":	4.00042,
				"end":	5.00114,
				"seconds":	1.00072,
				"bytes":	1966080,
				"bits_per_second":	1.57174e+07,
				"omitted":	false
			}
		}, {
			"streams":	[{
					"socket":	5,
					"start":	5.00114,
					"end":	5.00141,
					"seconds":	0.000273943,
					"bytes":	0,
					"bits_per_second":	0,
					"omitted":	false
				}],
			"sum":	{
				"start":	5.00114,
				"end":	5.00141,
				"seconds":	0.000273943,
				"bytes":	0,
				"bits_per_second":	0,
				"omitted":	false
			}
		}],
	"end":	{
		"streams":	[{
				"sender":	{
					"socket":	5,
					"start":	0,
					"end":	5.00141,
					"seconds":	5.00141,
					"bytes":	9291576,
					"bits_per_second":	1.48623e+07,
					"retransmits":	51
				},
				"receiver":	{
					"socket":	5,
					"start":	0,
					"end":	5.00141,
					"seconds":	5.00141,
					"bytes":	9291576,
					"bits_per_second":	1.48623e+07
				}
			}],
		"sum_sent":	{
			"start":	0,
			"end":	5.00141,
			"seconds":	5.00141,
			"bytes":	9291576,
			"bits_per_second":	1.48623e+07,
			"retransmits":	51
		},
		"sum_received":	{
			"start":	0,
			"end":	5.00141,
			"seconds":	5.00141,
			"bytes":	9291576,
			"bits_per_second":	1.48623e+07
		},
		"cpu_utilization_percent":	{
			"host_total":	1.49356,
			"host_user":	1.49354,
			"host_system":	0,
			"remote_total":	0.366737,
			"remote_user":	0,
			"remote_system":	0.366757
		}
	}
}
{
	"start":	{
		"connected":	[],
		"version":	"iperf 3.0.7",
		"system_info":	"Linux H10 5.4.197-0504197-generic #202206060747 SMP Mon Jun 6 09:27:47 UTC 2022 x86_64 x86_64 x86_64 GNU/Linux\n"
	},
	"intervals":	[],
	"end":	{
	},
	"error":	"interrupt - the server has terminated"
}
