{
	"start":	{
		"connected":	[{
				"socket":	5,
				"local_host":	"10.0.0.16",
				"local_port":	2230,
				"remote_host":	"10.0.0.7",
				"remote_port":	44308
			}],
		"version":	"iperf 3.0.7",
		"system_info":	"Linux CS2 5.4.197-0504197-generic #202206060747 SMP Mon Jun 6 09:27:47 UTC 2022 x86_64 x86_64 x86_64 GNU/Linux\n",
		"timestamp":	{
			"time":	"Mon, 25 Jul 2022 21:43:28 GMT",
			"timesecs":	1658785408
		},
		"accepted_connection":	{
			"host":	"10.0.0.7",
			"port":	44306
		},
		"cookie":	"BS7.1658785408.147302.142b17213f4793",
		"tcp_mss_default":	1448,
		"test_start":	{
			"protocol":	"TCP",
			"num_streams":	1,
			"blksize":	131072,
			"omit":	0,
			"duration":	19,
			"bytes":	0,
			"blocks":	0,
			"reverse":	0
		}
	},
	"intervals":	[{
			"streams":	[{
					"socket":	5,
					"start":	0,
					"end":	1.0007,
					"seconds":	1.0007,
					"bytes":	2555720,
					"bits_per_second":	2.04315e+07,
					"omitted":	false
				}],
			"sum":	{
				"start":	0,
				"end":	1.0007,
				"seconds":	1.0007,
				"bytes":	2555720,
				"bits_per_second":	2.04315e+07,
				"omitted":	false
			}
		}, {
			"streams":	[{
					"socket":	5,
					"start":	1.0007,
					"end":	2.00043,
					"seconds":	0.999729,
					"bytes":	9340616,
					"bits_per_second":	7.47452e+07,
					"omitted":	false
				}],
			"sum":	{
				"start":	1.0007,
				"end":	2.00043,
				"seconds":	0.999729,
				"bytes":	9340616,
				"bits_per_second":	7.47452e+07,
				"omitted":	false
			}
		}, {
			"streams":	[{
					"socket":	5,
					"start":	2.00043,
					"end":	3.01097,
					"seconds":	1.01054,
					"bytes":	6291456,
					"bits_per_second":	4.98068e+07,
					"omitted":	false
				}],
			"sum":	{
				"start":	2.00043,
				"end":	3.01097,
				"seconds":	1.01054,
				"bytes":	6291456,
				"bits_per_second":	4.98068e+07,
				"omitted":	false
			}
		}, {
			"streams":	[{
					"socket":	5,
					"start":	3.01097,
					"end":	4.00176,
					"seconds":	0.990791,
					"bytes":	6291456,
					"bits_per_second":	5.07995e+07,
					"omitted":	false
				}],
			"sum":	{
				"start":	3.01097,
				"end":	4.00176,
				"seconds":	0.990791,
				"bytes":	6291456,
				"bits_per_second":	5.07995e+07,
				"omitted":	false
			}
		}, {
			"streams":	[{
					"socket":	5,
					"start":	4.00176,
					"end":	5.00019,
					"seconds":	0.998436,
					"bytes":	6160384,
					"bits_per_second":	4.93603e+07,
					"omitted":	false
				}],
			"sum":	{
				"start":	4.00176,
				"end":	5.00019,
				"seconds":	0.998436,
				"bytes":	6160384,
				"bits_per_second":	4.93603e+07,
				"omitted":	false
			}
		}, {
			"streams":	[{
					"socket":	5,
					"start":	5.00019,
					"end":	6.00062,
					"seconds":	1.00043,
					"bytes":	6291456,
					"bits_per_second":	5.03101e+07,
					"omitted":	false
				}],
			"sum":	{
				"start":	5.00019,
				"end":	6.00062,
				"seconds":	1.00043,
				"bytes":	6291456,
				"bits_per_second":	5.03101e+07,
				"omitted":	false
			}
		}, {
			"streams":	[{
					"socket":	5,
					"start":	6.00062,
					"end":	7.00016,
					"seconds":	0.999537,
					"bytes":	6291344,
					"bits_per_second":	5.03541e+07,
					"omitted":	false
				}],
			"sum":	{
				"start":	6.00062,
				"end":	7.00016,
				"seconds":	0.999537,
				"bytes":	6291344,
				"bits_per_second":	5.03541e+07,
				"omitted":	false
			}
		}, {
			"streams":	[{
					"socket":	5,
					"start":	7.00016,
					"end":	8.00034,
					"seconds":	1.00018,
					"bytes":	6160496,
					"bits_per_second":	4.92751e+07,
					"omitted":	false
				}],
			"sum":	{
				"start":	7.00016,
				"end":	8.00034,
				"seconds":	1.00018,
				"bytes":	6160496,
				"bits_per_second":	4.92751e+07,
				"omitted":	false
			}
		}, {
			"streams":	[{
					"socket":	5,
					"start":	8.00034,
					"end":	9.00033,
					"seconds":	0.999987,
					"bytes":	6291456,
					"bits_per_second":	5.03323e+07,
					"omitted":	false
				}],
			"sum":	{
				"start":	8.00034,
				"end":	9.00033,
				"seconds":	0.999987,
				"bytes":	6291456,
				"bits_per_second":	5.03323e+07,
				"omitted":	false
			}
		}, {
			"streams":	[{
					"socket":	5,
					"start":	9.00033,
					"end":	10.0003,
					"seconds":	0.99994,
					"bytes":	6291344,
					"bits_per_second":	5.03338e+07,
					"omitted":	false
				}],
			"sum":	{
				"start":	9.00033,
				"end":	10.0003,
				"seconds":	0.99994,
				"bytes":	6291344,
				"bits_per_second":	5.03338e+07,
				"omitted":	false
			}
		}, {
			"streams":	[{
					"socket":	5,
					"start":	10.0003,
					"end":	11.0006,
					"seconds":	1.00029,
					"bytes":	6291568,
					"bits_per_second":	5.03177e+07,
					"omitted":	false
				}],
			"sum":	{
				"start":	10.0003,
				"end":	11.0006,
				"seconds":	1.00029,
				"bytes":	6291568,
				"bits_per_second":	5.03177e+07,
				"omitted":	false
			}
		}, {
			"streams":	[{
					"socket":	5,
					"start":	11.0006,
					"end":	12.0005,
					"seconds":	0.999969,
					"bytes":	6160384,
					"bits_per_second":	4.92846e+07,
					"omitted":	false
				}],
			"sum":	{
				"start":	11.0006,
				"end":	12.0005,
				"seconds":	0.999969,
				"bytes":	6160384,
				"bits_per_second":	4.92846e+07,
				"omitted":	false
			}
		}, {
			"streams":	[{
					"socket":	5,
					"start":	12.0005,
					"end":	13.0005,
					"seconds":	0.999953,
					"bytes":	6291456,
					"bits_per_second":	5.0334e+07,
					"omitted":	false
				}],
			"sum":	{
				"start":	12.0005,
				"end":	13.0005,
				"seconds":	0.999953,
				"bytes":	6291456,
				"bits_per_second":	5.0334e+07,
				"omitted":	false
			}
		}, {
			"streams":	[{
					"socket":	5,
					"start":	13.0005,
					"end":	14.0011,
					"seconds":	1.00057,
					"bytes":	6291456,
					"bits_per_second":	5.03027e+07,
					"omitted":	false
				}],
			"sum":	{
				"start":	13.0005,
				"end":	14.0011,
				"seconds":	1.00057,
				"bytes":	6291456,
				"bits_per_second":	5.03027e+07,
				"omitted":	false
			}
		}, {
			"streams":	[{
					"socket":	5,
					"start":	14.0011,
					"end":	15.0001,
					"seconds":	0.999021,
					"bytes":	6160384,
					"bits_per_second":	4.93314e+07,
					"omitted":	false
				}],
			"sum":	{
				"start":	14.0011,
				"end":	15.0001,
				"seconds":	0.999021,
				"bytes":	6160384,
				"bits_per_second":	4.93314e+07,
				"omitted":	false
			}
		}, {
			"streams":	[{
					"socket":	5,
					"start":	15.0001,
					"end":	16.0009,
					"seconds":	1.00082,
					"bytes":	6291400,
					"bits_per_second":	5.02899e+07,
					"omitted":	false
				}],
			"sum":	{
				"start":	15.0001,
				"end":	16.0009,
				"seconds":	1.00082,
				"bytes":	6291400,
				"bits_per_second":	5.02899e+07,
				"omitted":	false
			}
		}, {
			"streams":	[{
					"socket":	5,
					"start":	16.0009,
					"end":	17.0005,
					"seconds":	0.999551,
					"bytes":	6291512,
					"bits_per_second":	5.03547e+07,
					"omitted":	false
				}],
			"sum":	{
				"start":	16.0009,
				"end":	17.0005,
				"seconds":	0.999551,
				"bytes":	6291512,
				"bits_per_second":	5.03547e+07,
				"omitted":	false
			}
		}, {
			"streams":	[{
					"socket":	5,
					"start":	17.0005,
					"end":	18.0003,
					"seconds":	0.999812,
					"bytes":	6160384,
					"bits_per_second":	4.92923e+07,
					"omitted":	false
				}],
			"sum":	{
				"start":	17.0005,
				"end":	18.0003,
				"seconds":	0.999812,
				"bytes":	6160384,
				"bits_per_second":	4.92923e+07,
				"omitted":	false
			}
		}, {
			"streams":	[{
					"socket":	5,
					"start":	18.0003,
					"end":	19.0002,
					"seconds":	0.999955,
					"bytes":	6291456,
					"bits_per_second":	5.03339e+07,
					"omitted":	false
				}],
			"sum":	{
				"start":	18.0003,
				"end":	19.0002,
				"seconds":	0.999955,
				"bytes":	6291456,
				"bits_per_second":	5.03339e+07,
				"omitted":	false
			}
		}, {
			"streams":	[{
					"socket":	5,
					"start":	19.0002,
					"end":	19.0297,
					"seconds":	0.02953,
					"bytes":	0,
					"bits_per_second":	0,
					"omitted":	false
				}],
			"sum":	{
				"start":	19.0002,
				"end":	19.0297,
				"seconds":	0.02953,
				"bytes":	0,
				"bits_per_second":	0,
				"omitted":	false
			}
		}],
	"end":	{
		"streams":	[{
				"sender":	{
					"socket":	5,
					"start":	0,
					"end":	19.0297,
					"seconds":	19.0297,
					"bytes":	118195728,
					"bits_per_second":	4.96888e+07,
					"retransmits":	0
				},
				"receiver":	{
					"socket":	5,
					"start":	0,
					"end":	19.0297,
					"seconds":	19.0297,
					"bytes":	118195728,
					"bits_per_second":	4.96888e+07
				}
			}],
		"sum_sent":	{
			"start":	0,
			"end":	19.0297,
			"seconds":	19.0297,
			"bytes":	118195728,
			"bits_per_second":	4.96888e+07,
			"retransmits":	0
		},
		"sum_received":	{
			"start":	0,
			"end":	19.0297,
			"seconds":	19.0297,
			"bytes":	118195728,
			"bits_per_second":	4.96888e+07
		},
		"cpu_utilization_percent":	{
			"host_total":	3.84798,
			"host_user":	0.256324,
			"host_system":	3.59165,
			"remote_total":	1.23748,
			"remote_user":	0.449758,
			"remote_system":	0.787714
		}
	}
}
