{
	"start":	{
		"connected":	[{
				"socket":	5,
				"local_host":	"10.0.0.8",
				"local_port":	3764,
				"remote_host":	"10.0.0.4",
				"remote_port":	48246
			}],
		"version":	"iperf 3.0.7",
		"system_info":	"Linux H8 5.4.197-0504197-generic #202206060747 SMP Mon Jun 6 09:27:47 UTC 2022 x86_64 x86_64 x86_64 GNU/Linux\n",
		"timestamp":	{
			"time":	"Fri, 22 Jul 2022 15:00:34 GMT",
			"timesecs":	1658502034
		},
		"accepted_connection":	{
			"host":	"10.0.0.4",
			"port":	48244
		},
		"cookie":	"H4.1658502034.279622.6430a9d83add3cb",
		"tcp_mss_default":	1448,
		"test_start":	{
			"protocol":	"TCP",
			"num_streams":	1,
			"blksize":	131072,
			"omit":	0,
			"duration":	5,
			"bytes":	0,
			"blocks":	0,
			"reverse":	0
		}
	},
	"intervals":	[{
			"streams":	[{
					"socket":	5,
					"start":	0,
					"end":	1.00019,
					"seconds":	1.00019,
					"bytes":	1689400,
					"bits_per_second":	1.35127e+07,
					"omitted":	false
				}],
			"sum":	{
				"start":	0,
				"end":	1.00019,
				"seconds":	1.00019,
				"bytes":	1689400,
				"bits_per_second":	1.35127e+07,
				"omitted":	false
			}
		}, {
			"streams":	[{
					"socket":	5,
					"start":	1.00019,
					"end":	2.00096,
					"seconds":	1.00078,
					"bytes":	1987800,
					"bits_per_second":	1.58901e+07,
					"omitted":	false
				}],
			"sum":	{
				"start":	1.00019,
				"end":	2.00096,
				"seconds":	1.00078,
				"bytes":	1987800,
				"bits_per_second":	1.58901e+07,
				"omitted":	false
			}
		}, {
			"streams":	[{
					"socket":	5,
					"start":	2.00096,
					"end":	3.00098,
					"seconds":	1.00002,
					"bytes":	1845144,
					"bits_per_second":	1.47609e+07,
					"omitted":	false
				}],
			"sum":	{
				"start":	2.00096,
				"end":	3.00098,
				"seconds":	1.00002,
				"bytes":	1845144,
				"bits_per_second":	1.47609e+07,
				"omitted":	false
			}
		}, {
			"streams":	[{
					"socket":	5,
					"start":	3.00098,
					"end":	4.00279,
					"seconds":	1.00181,
					"bytes":	1840800,
					"bits_per_second":	1.46998e+07,
					"omitted":	false
				}],
			"sum":	{
				"start":	3.00098,
				"end":	4.00279,
				"seconds":	1.00181,
				"bytes":	1840800,
				"bits_per_second":	1.46998e+07,
				"omitted":	false
			}
		}, {
			"streams":	[{
					"socket":	5,
					"start":	4.00279,
					"end":	5.00143,
					"seconds":	0.998642,
					"bytes":	1928432,
					"bits_per_second":	1.54484e+07,
					"omitted":	false
				}],
			"sum":	{
				"start":	4.00279,
				"end":	5.00143,
				"seconds":	0.998642,
				"bytes":	1928432,
				"bits_per_second":	1.54484e+07,
				"omitted":	false
			}
		}],
	"end":	{
		"streams":	[{
				"sender":	{
					"socket":	5,
					"start":	0,
					"end":	5.00143,
					"seconds":	5.00143,
					"bytes":	9291576,
					"bits_per_second":	1.48623e+07,
					"retransmits":	1
				},
				"receiver":	{
					"socket":	5,
					"start":	0,
					"end":	5.00143,
					"seconds":	5.00143,
					"bytes":	9291576,
					"bits_per_second":	1.48623e+07
				}
			}],
		"sum_sent":	{
			"start":	0,
			"end":	5.00143,
			"seconds":	5.00143,
			"bytes":	9291576,
			"bits_per_second":	1.48623e+07,
			"retransmits":	1
		},
		"sum_received":	{
			"start":	0,
			"end":	5.00143,
			"seconds":	5.00143,
			"bytes":	9291576,
			"bits_per_second":	1.48623e+07
		},
		"cpu_utilization_percent":	{
			"host_total":	3.67625,
			"host_user":	0.433775,
			"host_system":	3.24251,
			"remote_total":	1.63542,
			"remote_user":	0.509508,
			"remote_system":	1.12602
		}
	}
}
