{
	"start":	{
		"connected":	[{
				"socket":	5,
				"local_host":	"10.0.0.10",
				"local_port":	3531,
				"remote_host":	"10.0.0.4",
				"remote_port":	39248
			}],
		"version":	"iperf 3.0.7",
		"system_info":	"Linux H10 5.4.197-0504197-generic #202206060747 SMP Mon Jun 6 09:27:47 UTC 2022 x86_64 x86_64 x86_64 GNU/Linux\n",
		"timestamp":	{
			"time":	"Fri, 22 Jul 2022 16:28:31 GMT",
			"timesecs":	1658507311
		},
		"accepted_connection":	{
			"host":	"10.0.0.4",
			"port":	39246
		},
		"cookie":	"H4.1658507311.485065.057221cd1670d14",
		"tcp_mss_default":	1448,
		"test_start":	{
			"protocol":	"TCP",
			"num_streams":	1,
			"blksize":	131072,
			"omit":	0,
			"duration":	5,
			"bytes":	0,
			"blocks":	0,
			"reverse":	0
		}
	},
	"intervals":	[{
			"streams":	[{
					"socket":	5,
					"start":	0,
					"end":	1.00049,
					"seconds":	1.00049,
					"bytes":	1689400,
					"bits_per_second":	1.35086e+07,
					"omitted":	false
				}],
			"sum":	{
				"start":	0,
				"end":	1.00049,
				"seconds":	1.00049,
				"bytes":	1689400,
				"bits_per_second":	1.35086e+07,
				"omitted":	false
			}
		}, {
			"streams":	[{
					"socket":	5,
					"start":	1.00049,
					"end":	2.00023,
					"seconds":	0.999744,
					"bytes":	1966080,
					"bits_per_second":	1.57327e+07,
					"omitted":	false
				}],
			"sum":	{
				"start":	1.00049,
				"end":	2.00023,
				"seconds":	0.999744,
				"bytes":	1966080,
				"bits_per_second":	1.57327e+07,
				"omitted":	false
			}
		}, {
			"streams":	[{
					"socket":	5,
					"start":	2.00023,
					"end":	3.00049,
					"seconds":	1.00026,
					"bytes":	1835008,
					"bits_per_second":	1.46763e+07,
					"omitted":	false
				}],
			"sum":	{
				"start":	2.00023,
				"end":	3.00049,
				"seconds":	1.00026,
				"bytes":	1835008,
				"bits_per_second":	1.46763e+07,
				"omitted":	false
			}
		}, {
			"streams":	[{
					"socket":	5,
					"start":	3.00049,
					"end":	4.00096,
					"seconds":	1.00047,
					"bytes":	1835008,
					"bits_per_second":	1.46731e+07,
					"omitted":	false
				}],
			"sum":	{
				"start":	3.00049,
				"end":	4.00096,
				"seconds":	1.00047,
				"bytes":	1835008,
				"bits_per_second":	1.46731e+07,
				"omitted":	false
			}
		}, {
			"streams":	[{
					"socket":	5,
					"start":	4.00096,
					"end":	5.00106,
					"seconds":	1.0001,
					"bytes":	1966080,
					"bits_per_second":	1.57271e+07,
					"omitted":	false
				}],
			"sum":	{
				"start":	4.00096,
				"end":	5.00106,
				"seconds":	1.0001,
				"bytes":	1966080,
				"bits_per_second":	1.57271e+07,
				"omitted":	false
			}
		}, {
			"streams":	[{
					"socket":	5,
					"start":	5.00106,
					"end":	5.00133,
					"seconds":	0.000272989,
					"bytes":	0,
					"bits_per_second":	0,
					"omitted":	false
				}],
			"sum":	{
				"start":	5.00106,
				"end":	5.00133,
				"seconds":	0.000272989,
				"bytes":	0,
				"bits_per_second":	0,
				"omitted":	false
			}
		}],
	"end":	{
		"streams":	[{
				"sender":	{
					"socket":	5,
					"start":	0,
					"end":	5.00133,
					"seconds":	5.00133,
					"bytes":	9291576,
					"bits_per_second":	1.48626e+07,
					"retransmits":	0
				},
				"receiver":	{
					"socket":	5,
					"start":	0,
					"end":	5.00133,
					"seconds":	5.00133,
					"bytes":	9291576,
					"bits_per_second":	1.48626e+07
				}
			}],
		"sum_sent":	{
			"start":	0,
			"end":	5.00133,
			"seconds":	5.00133,
			"bytes":	9291576,
			"bits_per_second":	1.48626e+07,
			"retransmits":	0
		},
		"sum_received":	{
			"start":	0,
			"end":	5.00133,
			"seconds":	5.00133,
			"bytes":	9291576,
			"bits_per_second":	1.48626e+07
		},
		"cpu_utilization_percent":	{
			"host_total":	1.17574,
			"host_user":	0.611505,
			"host_system":	0.564192,
			"remote_total":	0.509731,
			"remote_user":	0.232784,
			"remote_system":	0.276867
		}
	}
}
{
	"start":	{
		"connected":	[],
		"version":	"iperf 3.0.7",
		"system_info":	"Linux H10 5.4.197-0504197-generic #202206060747 SMP Mon Jun 6 09:27:47 UTC 2022 x86_64 x86_64 x86_64 GNU/Linux\n"
	},
	"intervals":	[],
	"end":	{
	},
	"error":	"interrupt - the server has terminated"
}
