{
	"start":	{
		"connected":	[{
				"socket":	5,
				"local_host":	"10.0.0.12",
				"local_port":	1888,
				"remote_host":	"10.0.0.3",
				"remote_port":	39694
			}],
		"version":	"iperf 3.7",
		"system_info":	"Linux H12 5.4.197-0504197-generic #202206060747 SMP Mon Jun 6 09:27:47 UTC 2022 x86_64",
		"target_bitrate":	15000000,
		"sock_bufsize":	0,
		"sndbuf_actual":	87380,
		"rcvbuf_actual":	87380,
		"timestamp":	{
			"time":	"Mon, 01 Aug 2022 00:26:46 GMT",
			"timesecs":	1659313606
		},
		"accepted_connection":	{
			"host":	"10.0.0.3",
			"port":	39692
		},
		"cookie":	"dtxnacly4nrgd2y2uhloifvn34mxctxdrzrx",
		"tcp_mss_default":	0,
		"target_bitrate":	15000000,
		"test_start":	{
			"protocol":	"TCP",
			"num_streams":	1,
			"blksize":	131072,
			"omit":	0,
			"duration":	5,
			"bytes":	0,
			"blocks":	0,
			"reverse":	0,
			"tos":	0
		}
	},
	"intervals":	[{
			"streams":	[{
					"socket":	5,
					"start":	0,
					"end":	1.000753,
					"seconds":	1.0007530450820923,
					"bytes":	1966080,
					"bits_per_second":	15716804.537636727,
					"omitted":	false,
					"sender":	false
				}],
			"sum":	{
				"start":	0,
				"end":	1.000753,
				"seconds":	1.0007530450820923,
				"bytes":	1966080,
				"bits_per_second":	15716804.537636727,
				"omitted":	false,
				"sender":	false
			}
		}, {
			"streams":	[{
					"socket":	5,
					"start":	1.000753,
					"end":	2.000435,
					"seconds":	0.99968200922012329,
					"bytes":	1835008,
					"bits_per_second":	14684733.609892892,
					"omitted":	false,
					"sender":	false
				}],
			"sum":	{
				"start":	1.000753,
				"end":	2.000435,
				"seconds":	0.99968200922012329,
				"bytes":	1835008,
				"bits_per_second":	14684733.609892892,
				"omitted":	false,
				"sender":	false
			}
		}, {
			"streams":	[{
					"socket":	5,
					"start":	2.000435,
					"end":	3.000341,
					"seconds":	0.99990600347518921,
					"bytes":	1835008,
					"bits_per_second":	14681444.004715648,
					"omitted":	false,
					"sender":	false
				}],
			"sum":	{
				"start":	2.000435,
				"end":	3.000341,
				"seconds":	0.99990600347518921,
				"bytes":	1835008,
				"bits_per_second":	14681444.004715648,
				"omitted":	false,
				"sender":	false
			}
		}, {
			"streams":	[{
					"socket":	5,
					"start":	3.000341,
					"end":	4.000307,
					"seconds":	0.999966025352478,
					"bytes":	1966080,
					"bits_per_second":	15729174.393155819,
					"omitted":	false,
					"sender":	false
				}],
			"sum":	{
				"start":	3.000341,
				"end":	4.000307,
				"seconds":	0.999966025352478,
				"bytes":	1966080,
				"bits_per_second":	15729174.393155819,
				"omitted":	false,
				"sender":	false
			}
		}, {
			"streams":	[{
					"socket":	5,
					"start":	4.000307,
					"end":	5.000853,
					"seconds":	1.0005459785461426,
					"bytes":	1835008,
					"bits_per_second":	14672053.37363014,
					"omitted":	false,
					"sender":	false
				}],
			"sum":	{
				"start":	4.000307,
				"end":	5.000853,
				"seconds":	1.0005459785461426,
				"bytes":	1835008,
				"bits_per_second":	14672053.37363014,
				"omitted":	false,
				"sender":	false
			}
		}],
	"end":	{
		"streams":	[{
				"sender":	{
					"socket":	5,
					"start":	0,
					"end":	5.001272,
					"seconds":	5.001272,
					"bytes":	0,
					"bits_per_second":	0,
					"sender":	false
				},
				"receiver":	{
					"socket":	5,
					"start":	0,
					"end":	5.001272,
					"seconds":	5.001272,
					"bytes":	9437184,
					"bits_per_second":	15095654.065605709,
					"sender":	false
				}
			}],
		"sum_sent":	{
			"start":	0,
			"end":	5.001272,
			"seconds":	5.001272,
			"bytes":	0,
			"bits_per_second":	0,
			"sender":	false
		},
		"sum_received":	{
			"start":	0,
			"end":	5.001272,
			"seconds":	5.001272,
			"bytes":	9437184,
			"bits_per_second":	15095654.065605709,
			"sender":	false
		},
		"cpu_utilization_percent":	{
			"host_total":	2.1146485732432652,
			"host_user":	1.0327506634279635,
			"host_system":	1.0819777266994062,
			"remote_total":	0,
			"remote_user":	0,
			"remote_system":	0
		},
		"receiver_tcp_congestion":	"cubic"
	}
}
