{
	"start":	{
		"connected":	[{
				"socket":	5,
				"local_host":	"10.0.0.15",
				"local_port":	1480,
				"remote_host":	"10.0.0.4",
				"remote_port":	57768
			}],
		"version":	"iperf 3.0.7",
		"system_info":	"Linux CS1 5.4.197-0504197-generic #202206060747 SMP Mon Jun 6 09:27:47 UTC 2022 x86_64 x86_64 x86_64 GNU/Linux\n",
		"timestamp":	{
			"time":	"Mon, 25 Jul 2022 21:46:04 GMT",
			"timesecs":	1658785564
		},
		"accepted_connection":	{
			"host":	"10.0.0.4",
			"port":	57766
		},
		"cookie":	"BS4.1658785564.723424.4ae54d35498971",
		"tcp_mss_default":	1448,
		"test_start":	{
			"protocol":	"TCP",
			"num_streams":	1,
			"blksize":	131072,
			"omit":	0,
			"duration":	12,
			"bytes":	0,
			"blocks":	0,
			"reverse":	0
		}
	},
	"intervals":	[{
			"streams":	[{
					"socket":	5,
					"start":	0,
					"end":	1.00019,
					"seconds":	1.00019,
					"bytes":	5735952,
					"bits_per_second":	4.58787e+07,
					"omitted":	false
				}],
			"sum":	{
				"start":	0,
				"end":	1.00019,
				"seconds":	1.00019,
				"bytes":	5735952,
				"bits_per_second":	4.58787e+07,
				"omitted":	false
			}
		}, {
			"streams":	[{
					"socket":	5,
					"start":	1.00019,
					"end":	2.00023,
					"seconds":	1.00004,
					"bytes":	6160384,
					"bits_per_second":	4.92812e+07,
					"omitted":	false
				}],
			"sum":	{
				"start":	1.00019,
				"end":	2.00023,
				"seconds":	1.00004,
				"bytes":	6160384,
				"bits_per_second":	4.92812e+07,
				"omitted":	false
			}
		}, {
			"streams":	[{
					"socket":	5,
					"start":	2.00023,
					"end":	3.00025,
					"seconds":	1.00002,
					"bytes":	6291456,
					"bits_per_second":	5.03307e+07,
					"omitted":	false
				}],
			"sum":	{
				"start":	2.00023,
				"end":	3.00025,
				"seconds":	1.00002,
				"bytes":	6291456,
				"bits_per_second":	5.03307e+07,
				"omitted":	false
			}
		}, {
			"streams":	[{
					"socket":	5,
					"start":	3.00025,
					"end":	4.00117,
					"seconds":	1.00092,
					"bytes":	6291456,
					"bits_per_second":	5.02855e+07,
					"omitted":	false
				}],
			"sum":	{
				"start":	3.00025,
				"end":	4.00117,
				"seconds":	1.00092,
				"bytes":	6291456,
				"bits_per_second":	5.02855e+07,
				"omitted":	false
			}
		}, {
			"streams":	[{
					"socket":	5,
					"start":	4.00117,
					"end":	5.00041,
					"seconds":	0.999245,
					"bytes":	6160384,
					"bits_per_second":	4.93203e+07,
					"omitted":	false
				}],
			"sum":	{
				"start":	4.00117,
				"end":	5.00041,
				"seconds":	0.999245,
				"bytes":	6160384,
				"bits_per_second":	4.93203e+07,
				"omitted":	false
			}
		}, {
			"streams":	[{
					"socket":	5,
					"start":	5.00041,
					"end":	6.0006,
					"seconds":	1.00019,
					"bytes":	6291456,
					"bits_per_second":	5.03221e+07,
					"omitted":	false
				}],
			"sum":	{
				"start":	5.00041,
				"end":	6.0006,
				"seconds":	1.00019,
				"bytes":	6291456,
				"bits_per_second":	5.03221e+07,
				"omitted":	false
			}
		}, {
			"streams":	[{
					"socket":	5,
					"start":	6.0006,
					"end":	7.00057,
					"seconds":	0.999968,
					"bytes":	6291456,
					"bits_per_second":	5.03333e+07,
					"omitted":	false
				}],
			"sum":	{
				"start":	6.0006,
				"end":	7.00057,
				"seconds":	0.999968,
				"bytes":	6291456,
				"bits_per_second":	5.03333e+07,
				"omitted":	false
			}
		}, {
			"streams":	[{
					"socket":	5,
					"start":	7.00057,
					"end":	8.00061,
					"seconds":	1.00004,
					"bytes":	6160384,
					"bits_per_second":	4.9281e+07,
					"omitted":	false
				}],
			"sum":	{
				"start":	7.00057,
				"end":	8.00061,
				"seconds":	1.00004,
				"bytes":	6160384,
				"bits_per_second":	4.9281e+07,
				"omitted":	false
			}
		}, {
			"streams":	[{
					"socket":	5,
					"start":	8.00061,
					"end":	9.00049,
					"seconds":	0.999884,
					"bytes":	6291456,
					"bits_per_second":	5.03375e+07,
					"omitted":	false
				}],
			"sum":	{
				"start":	8.00061,
				"end":	9.00049,
				"seconds":	0.999884,
				"bytes":	6291456,
				"bits_per_second":	5.03375e+07,
				"omitted":	false
			}
		}, {
			"streams":	[{
					"socket":	5,
					"start":	9.00049,
					"end":	10.0005,
					"seconds":	0.999977,
					"bytes":	6291456,
					"bits_per_second":	5.03328e+07,
					"omitted":	false
				}],
			"sum":	{
				"start":	9.00049,
				"end":	10.0005,
				"seconds":	0.999977,
				"bytes":	6291456,
				"bits_per_second":	5.03328e+07,
				"omitted":	false
			}
		}, {
			"streams":	[{
					"socket":	5,
					"start":	10.0005,
					"end":	11.0001,
					"seconds":	0.99963,
					"bytes":	6098008,
					"bits_per_second":	4.88021e+07,
					"omitted":	false
				}],
			"sum":	{
				"start":	10.0005,
				"end":	11.0001,
				"seconds":	0.99963,
				"bytes":	6098008,
				"bits_per_second":	4.88021e+07,
				"omitted":	false
			}
		}, {
			"streams":	[{
					"socket":	5,
					"start":	11.0001,
					"end":	12.0004,
					"seconds":	1.00028,
					"bytes":	6353832,
					"bits_per_second":	5.08166e+07,
					"omitted":	false
				}],
			"sum":	{
				"start":	11.0001,
				"end":	12.0004,
				"seconds":	1.00028,
				"bytes":	6353832,
				"bits_per_second":	5.08166e+07,
				"omitted":	false
			}
		}, {
			"streams":	[{
					"socket":	5,
					"start":	12.0004,
					"end":	12.0436,
					"seconds":	0.043247,
					"bytes":	0,
					"bits_per_second":	0,
					"omitted":	false
				}],
			"sum":	{
				"start":	12.0004,
				"end":	12.0436,
				"seconds":	0.043247,
				"bytes":	0,
				"bits_per_second":	0,
				"omitted":	false
			}
		}],
	"end":	{
		"streams":	[{
				"sender":	{
					"socket":	5,
					"start":	0,
					"end":	12.0436,
					"seconds":	12.0436,
					"bytes":	74417680,
					"bits_per_second":	4.94321e+07,
					"retransmits":	164
				},
				"receiver":	{
					"socket":	5,
					"start":	0,
					"end":	12.0436,
					"seconds":	12.0436,
					"bytes":	74417680,
					"bits_per_second":	4.94321e+07
				}
			}],
		"sum_sent":	{
			"start":	0,
			"end":	12.0436,
			"seconds":	12.0436,
			"bytes":	74417680,
			"bits_per_second":	4.94321e+07,
			"retransmits":	164
		},
		"sum_received":	{
			"start":	0,
			"end":	12.0436,
			"seconds":	12.0436,
			"bytes":	74417680,
			"bits_per_second":	4.94321e+07
		},
		"cpu_utilization_percent":	{
			"host_total":	1.85305,
			"host_user":	0.156644,
			"host_system":	1.69594,
			"remote_total":	1.05756,
			"remote_user":	0.285589,
			"remote_system":	0.771993
		}
	}
}
