{
	"start":	{
		"connected":	[{
				"socket":	5,
				"local_host":	"10.0.0.15",
				"local_port":	2488,
				"remote_host":	"10.0.0.7",
				"remote_port":	47578
			}],
		"version":	"iperf 3.0.7",
		"system_info":	"Linux CS1 5.4.197-0504197-generic #202206060747 SMP Mon Jun 6 09:27:47 UTC 2022 x86_64 x86_64 x86_64 GNU/Linux\n",
		"timestamp":	{
			"time":	"Mon, 25 Jul 2022 21:43:11 GMT",
			"timesecs":	1658785391
		},
		"accepted_connection":	{
			"host":	"10.0.0.7",
			"port":	51532
		},
		"cookie":	"BS7.1658785391.536241.163be1ae528e30",
		"test_start":	{
			"protocol":	"UDP",
			"num_streams":	1,
			"blksize":	8192,
			"omit":	0,
			"duration":	1,
			"bytes":	0,
			"blocks":	0,
			"reverse":	0
		}
	},
	"intervals":	[{
			"streams":	[{
					"socket":	5,
					"start":	0,
					"end":	1.00351,
					"seconds":	1.00351,
					"bytes":	8560640,
					"bits_per_second":	6.82457e+07,
					"jitter_ms":	1.13227,
					"lost_packets":	189,
					"packets":	1132,
					"lost_percent":	16.6961,
					"omitted":	false
				}],
			"sum":	{
				"start":	0,
				"end":	1.00351,
				"seconds":	1.00351,
				"bytes":	8560640,
				"bits_per_second":	6.82457e+07,
				"jitter_ms":	1.13227,
				"lost_packets":	189,
				"packets":	1132,
				"lost_percent":	16.6961,
				"omitted":	false
			}
		}, {
			"streams":	[{
					"socket":	5,
					"start":	1.00351,
					"end":	1.08211,
					"seconds":	0.0786049,
					"bytes":	589824,
					"bits_per_second":	6.00292e+07,
					"jitter_ms":	1.38238,
					"lost_packets":	7,
					"packets":	72,
					"lost_percent":	9.72222,
					"omitted":	false
				}],
			"sum":	{
				"start":	1.00351,
				"end":	1.08211,
				"seconds":	0.0786049,
				"bytes":	589824,
				"bits_per_second":	6.00292e+07,
				"jitter_ms":	1.38238,
				"lost_packets":	7,
				"packets":	72,
				"lost_percent":	9.72222,
				"omitted":	false
			}
		}],
	"end":	{
		"streams":	[{
				"udp":	{
					"socket":	5,
					"start":	0,
					"end":	1.08211,
					"seconds":	1.08211,
					"bytes":	9863168,
					"bits_per_second":	7.29178e+07,
					"jitter_ms":	1.38238,
					"lost_packets":	196,
					"packets":	1204,
					"lost_percent":	16.2791
				}
			}],
		"sum":	{
			"start":	0,
			"end":	1.08211,
			"seconds":	1.08211,
			"bytes":	9863168,
			"bits_per_second":	7.29178e+07,
			"jitter_ms":	1.38238,
			"lost_packets":	196,
			"packets":	1204,
			"lost_percent":	16.2791
		},
		"cpu_utilization_percent":	{
			"host_total":	9.39559,
			"host_user":	0.581677,
			"host_system":	8.81378,
			"remote_total":	26.3791,
			"remote_user":	0.740996,
			"remote_system":	25.6378
		}
	},
	"error":	"OUT OF ORDER - incoming packet = 10 and received packet = 11 AND SP = 5",
	"error":	"OUT OF ORDER - incoming packet = 21 and received packet = 39 AND SP = 5",
	"error":	"OUT OF ORDER - incoming packet = 19 and received packet = 39 AND SP = 5",
	"error":	"OUT OF ORDER - incoming packet = 22 and received packet = 46 AND SP = 5",
	"error":	"OUT OF ORDER - incoming packet = 34 and received packet = 46 AND SP = 5",
	"error":	"OUT OF ORDER - incoming packet = 24 and received packet = 46 AND SP = 5",
	"error":	"OUT OF ORDER - incoming packet = 23 and received packet = 46 AND SP = 5",
	"error":	"OUT OF ORDER - incoming packet = 41 and received packet = 46 AND SP = 5",
	"error":	"OUT OF ORDER - incoming packet = 47 and received packet = 50 AND SP = 5",
	"error":	"OUT OF ORDER - incoming packet = 48 and received packet = 50 AND SP = 5",
	"error":	"OUT OF ORDER - incoming packet = 49 and received packet = 50 AND SP = 5",
	"error":	"OUT OF ORDER - incoming packet = 25 and received packet = 50 AND SP = 5",
	"error":	"OUT OF ORDER - incoming packet = 26 and received packet = 50 AND SP = 5",
	"error":	"OUT OF ORDER - incoming packet = 51 and received packet = 53 AND SP = 5",
	"error":	"OUT OF ORDER - incoming packet = 52 and received packet = 53 AND SP = 5",
	"error":	"OUT OF ORDER - incoming packet = 55 and received packet = 56 AND SP = 5",
	"error":	"OUT OF ORDER - incoming packet = 60 and received packet = 61 AND SP = 5",
	"error":	"OUT OF ORDER - incoming packet = 62 and received packet = 63 AND SP = 5",
	"error":	"OUT OF ORDER - incoming packet = 95 and received packet = 96 AND SP = 5",
	"error":	"OUT OF ORDER - incoming packet = 100 and received packet = 102 AND SP = 5",
	"error":	"OUT OF ORDER - incoming packet = 112 and received packet = 113 AND SP = 5",
	"error":	"OUT OF ORDER - incoming packet = 122 and received packet = 123 AND SP = 5",
	"error":	"OUT OF ORDER - incoming packet = 138 and received packet = 139 AND SP = 5",
	"error":	"OUT OF ORDER - incoming packet = 140 and received packet = 141 AND SP = 5",
	"error":	"OUT OF ORDER - incoming packet = 207 and received packet = 208 AND SP = 5",
	"error":	"OUT OF ORDER - incoming packet = 216 and received packet = 218 AND SP = 5",
	"error":	"OUT OF ORDER - incoming packet = 273 and received packet = 274 AND SP = 5",
	"error":	"OUT OF ORDER - incoming packet = 297 and received packet = 299 AND SP = 5",
	"error":	"OUT OF ORDER - incoming packet = 298 and received packet = 299 AND SP = 5",
	"error":	"OUT OF ORDER - incoming packet = 301 and received packet = 302 AND SP = 5",
	"error":	"OUT OF ORDER - incoming packet = 314 and received packet = 315 AND SP = 5",
	"error":	"OUT OF ORDER - incoming packet = 325 and received packet = 326 AND SP = 5",
	"error":	"OUT OF ORDER - incoming packet = 336 and received packet = 337 AND SP = 5",
	"error":	"OUT OF ORDER - incoming packet = 342 and received packet = 346 AND SP = 5",
	"error":	"OUT OF ORDER - incoming packet = 343 and received packet = 346 AND SP = 5",
	"error":	"OUT OF ORDER - incoming packet = 347 and received packet = 349 AND SP = 5",
	"error":	"OUT OF ORDER - incoming packet = 350 and received packet = 351 AND SP = 5",
	"error":	"OUT OF ORDER - incoming packet = 366 and received packet = 368 AND SP = 5",
	"error":	"OUT OF ORDER - incoming packet = 378 and received packet = 379 AND SP = 5",
	"error":	"OUT OF ORDER - incoming packet = 487 and received packet = 488 AND SP = 5",
	"error":	"OUT OF ORDER - incoming packet = 495 and received packet = 496 AND SP = 5",
	"error":	"OUT OF ORDER - incoming packet = 501 and received packet = 502 AND SP = 5",
	"error":	"OUT OF ORDER - incoming packet = 508 and received packet = 509 AND SP = 5",
	"error":	"OUT OF ORDER - incoming packet = 518 and received packet = 521 AND SP = 5",
	"error":	"OUT OF ORDER - incoming packet = 519 and received packet = 521 AND SP = 5",
	"error":	"OUT OF ORDER - incoming packet = 522 and received packet = 523 AND SP = 5",
	"error":	"OUT OF ORDER - incoming packet = 538 and received packet = 539 AND SP = 5",
	"error":	"OUT OF ORDER - incoming packet = 548 and received packet = 550 AND SP = 5",
	"error":	"OUT OF ORDER - incoming packet = 556 and received packet = 557 AND SP = 5",
	"error":	"OUT OF ORDER - incoming packet = 589 and received packet = 590 AND SP = 5",
	"error":	"OUT OF ORDER - incoming packet = 593 and received packet = 596 AND SP = 5",
	"error":	"OUT OF ORDER - incoming packet = 597 and received packet = 598 AND SP = 5",
	"error":	"OUT OF ORDER - incoming packet = 600 and received packet = 602 AND SP = 5",
	"error":	"OUT OF ORDER - incoming packet = 599 and received packet = 602 AND SP = 5",
	"error":	"OUT OF ORDER - incoming packet = 604 and received packet = 606 AND SP = 5",
	"error":	"OUT OF ORDER - incoming packet = 608 and received packet = 610 AND SP = 5",
	"error":	"OUT OF ORDER - incoming packet = 611 and received packet = 612 AND SP = 5",
	"error":	"OUT OF ORDER - incoming packet = 614 and received packet = 615 AND SP = 5",
	"error":	"OUT OF ORDER - incoming packet = 623 and received packet = 626 AND SP = 5",
	"error":	"OUT OF ORDER - incoming packet = 625 and received packet = 626 AND SP = 5",
	"error":	"OUT OF ORDER - incoming packet = 624 and received packet = 628 AND SP = 5",
	"error":	"OUT OF ORDER - incoming packet = 633 and received packet = 634 AND SP = 5",
	"error":	"OUT OF ORDER - incoming packet = 635 and received packet = 636 AND SP = 5",
	"error":	"OUT OF ORDER - incoming packet = 651 and received packet = 652 AND SP = 5",
	"error":	"OUT OF ORDER - incoming packet = 703 and received packet = 704 AND SP = 5",
	"error":	"OUT OF ORDER - incoming packet = 737 and received packet = 738 AND SP = 5",
	"error":	"OUT OF ORDER - incoming packet = 757 and received packet = 758 AND SP = 5",
	"error":	"OUT OF ORDER - incoming packet = 760 and received packet = 762 AND SP = 5",
	"error":	"OUT OF ORDER - incoming packet = 761 and received packet = 762 AND SP = 5",
	"error":	"OUT OF ORDER - incoming packet = 802 and received packet = 803 AND SP = 5",
	"error":	"OUT OF ORDER - incoming packet = 801 and received packet = 803 AND SP = 5",
	"error":	"OUT OF ORDER - incoming packet = 805 and received packet = 807 AND SP = 5",
	"error":	"OUT OF ORDER - incoming packet = 806 and received packet = 807 AND SP = 5",
	"error":	"OUT OF ORDER - incoming packet = 815 and received packet = 816 AND SP = 5",
	"error":	"OUT OF ORDER - incoming packet = 820 and received packet = 821 AND SP = 5",
	"error":	"OUT OF ORDER - incoming packet = 860 and received packet = 861 AND SP = 5",
	"error":	"OUT OF ORDER - incoming packet = 863 and received packet = 864 AND SP = 5",
	"error":	"OUT OF ORDER - incoming packet = 867 and received packet = 869 AND SP = 5",
	"error":	"OUT OF ORDER - incoming packet = 868 and received packet = 869 AND SP = 5",
	"error":	"OUT OF ORDER - incoming packet = 877 and received packet = 879 AND SP = 5",
	"error":	"OUT OF ORDER - incoming packet = 878 and received packet = 879 AND SP = 5",
	"error":	"OUT OF ORDER - incoming packet = 882 and received packet = 883 AND SP = 5",
	"error":	"OUT OF ORDER - incoming packet = 886 and received packet = 889 AND SP = 5",
	"error":	"OUT OF ORDER - incoming packet = 890 and received packet = 892 AND SP = 5",
	"error":	"OUT OF ORDER - incoming packet = 887 and received packet = 892 AND SP = 5",
	"error":	"OUT OF ORDER - incoming packet = 891 and received packet = 892 AND SP = 5",
	"error":	"OUT OF ORDER - incoming packet = 888 and received packet = 892 AND SP = 5",
	"error":	"OUT OF ORDER - incoming packet = 910 and received packet = 913 AND SP = 5",
	"error":	"OUT OF ORDER - incoming packet = 986 and received packet = 987 AND SP = 5",
	"error":	"OUT OF ORDER - incoming packet = 996 and received packet = 997 AND SP = 5",
	"error":	"OUT OF ORDER - incoming packet = 1010 and received packet = 1013 AND SP = 5",
	"error":	"OUT OF ORDER - incoming packet = 1012 and received packet = 1013 AND SP = 5",
	"error":	"OUT OF ORDER - incoming packet = 1026 and received packet = 1027 AND SP = 5",
	"error":	"OUT OF ORDER - incoming packet = 1037 and received packet = 1041 AND SP = 5",
	"error":	"OUT OF ORDER - incoming packet = 1035 and received packet = 1044 AND SP = 5",
	"error":	"OUT OF ORDER - incoming packet = 1042 and received packet = 1044 AND SP = 5",
	"error":	"OUT OF ORDER - incoming packet = 1043 and received packet = 1044 AND SP = 5",
	"error":	"OUT OF ORDER - incoming packet = 1060 and received packet = 1061 AND SP = 5",
	"error":	"OUT OF ORDER - incoming packet = 1081 and received packet = 1082 AND SP = 5",
	"error":	"OUT OF ORDER - incoming packet = 1097 and received packet = 1098 AND SP = 5",
	"error":	"OUT OF ORDER - incoming packet = 1104 and received packet = 1105 AND SP = 5",
	"error":	"OUT OF ORDER - incoming packet = 1108 and received packet = 1109 AND SP = 5",
	"error":	"OUT OF ORDER - incoming packet = 1142 and received packet = 1143 AND SP = 5",
	"error":	"OUT OF ORDER - incoming packet = 1144 and received packet = 1145 AND SP = 5",
	"error":	"OUT OF ORDER - incoming packet = 1151 and received packet = 1152 AND SP = 5",
	"error":	"OUT OF ORDER - incoming packet = 1178 and received packet = 1179 AND SP = 5",
	"error":	"OUT OF ORDER - incoming packet = 1191 and received packet = 1192 AND SP = 5",
	"error":	"OUT OF ORDER - incoming packet = 1193 and received packet = 1195 AND SP = 5",
	"error":	"OUT OF ORDER - incoming packet = 1194 and received packet = 1195 AND SP = 5"
}
