{
	"start":	{
		"connected":	[{
				"socket":	5,
				"local_host":	"10.0.0.13",
				"local_port":	3926,
				"remote_host":	"10.0.0.4",
				"remote_port":	57964
			}],
		"version":	"iperf 3.0.7",
		"system_info":	"Linux H13 5.4.197-0504197-generic #202206060747 SMP Mon Jun 6 09:27:47 UTC 2022 x86_64 x86_64 x86_64 GNU/Linux\n",
		"timestamp":	{
			"time":	"Fri, 22 Jul 2022 16:21:37 GMT",
			"timesecs":	1658506897
		},
		"accepted_connection":	{
			"host":	"10.0.0.4",
			"port":	57962
		},
		"cookie":	"H4.1658506897.638541.3e08b6ba709c4c2",
		"tcp_mss_default":	1448,
		"test_start":	{
			"protocol":	"TCP",
			"num_streams":	1,
			"blksize":	131072,
			"omit":	0,
			"duration":	5,
			"bytes":	0,
			"blocks":	0,
			"reverse":	0
		}
	},
	"intervals":	[{
			"streams":	[{
					"socket":	5,
					"start":	0,
					"end":	1.00074,
					"seconds":	1.00074,
					"bytes":	1783520,
					"bits_per_second":	1.42576e+07,
					"omitted":	false
				}],
			"sum":	{
				"start":	0,
				"end":	1.00074,
				"seconds":	1.00074,
				"bytes":	1783520,
				"bits_per_second":	1.42576e+07,
				"omitted":	false
			}
		}, {
			"streams":	[{
					"socket":	5,
					"start":	1.00074,
					"end":	2.0007,
					"seconds":	0.999961,
					"bytes":	1835008,
					"bits_per_second":	1.46806e+07,
					"omitted":	false
				}],
			"sum":	{
				"start":	1.00074,
				"end":	2.0007,
				"seconds":	0.999961,
				"bytes":	1835008,
				"bits_per_second":	1.46806e+07,
				"omitted":	false
			}
		}, {
			"streams":	[{
					"socket":	5,
					"start":	2.0007,
					"end":	3.0008,
					"seconds":	1.0001,
					"bytes":	1835008,
					"bits_per_second":	1.46787e+07,
					"omitted":	false
				}],
			"sum":	{
				"start":	2.0007,
				"end":	3.0008,
				"seconds":	1.0001,
				"bytes":	1835008,
				"bits_per_second":	1.46787e+07,
				"omitted":	false
			}
		}, {
			"streams":	[{
					"socket":	5,
					"start":	3.0008,
					"end":	4.0007,
					"seconds":	0.999903,
					"bytes":	1966080,
					"bits_per_second":	1.57302e+07,
					"omitted":	false
				}],
			"sum":	{
				"start":	3.0008,
				"end":	4.0007,
				"seconds":	0.999903,
				"bytes":	1966080,
				"bits_per_second":	1.57302e+07,
				"omitted":	false
			}
		}, {
			"streams":	[{
					"socket":	5,
					"start":	4.0007,
					"end":	5.0007,
					"seconds":	0.999995,
					"bytes":	1835008,
					"bits_per_second":	1.46801e+07,
					"omitted":	false
				}],
			"sum":	{
				"start":	4.0007,
				"end":	5.0007,
				"seconds":	0.999995,
				"bytes":	1835008,
				"bits_per_second":	1.46801e+07,
				"omitted":	false
			}
		}, {
			"streams":	[{
					"socket":	5,
					"start":	5.0007,
					"end":	5.00187,
					"seconds":	0.00117111,
					"bytes":	0,
					"bits_per_second":	0,
					"omitted":	false
				}],
			"sum":	{
				"start":	5.0007,
				"end":	5.00187,
				"seconds":	0.00117111,
				"bytes":	0,
				"bits_per_second":	0,
				"omitted":	false
			}
		}],
	"end":	{
		"streams":	[{
				"sender":	{
					"socket":	5,
					"start":	0,
					"end":	5.00187,
					"seconds":	5.00187,
					"bytes":	9254624,
					"bits_per_second":	1.48019e+07,
					"retransmits":	0
				},
				"receiver":	{
					"socket":	5,
					"start":	0,
					"end":	5.00187,
					"seconds":	5.00187,
					"bytes":	9254624,
					"bits_per_second":	1.48019e+07
				}
			}],
		"sum_sent":	{
			"start":	0,
			"end":	5.00187,
			"seconds":	5.00187,
			"bytes":	9254624,
			"bits_per_second":	1.48019e+07,
			"retransmits":	0
		},
		"sum_received":	{
			"start":	0,
			"end":	5.00187,
			"seconds":	5.00187,
			"bytes":	9254624,
			"bits_per_second":	1.48019e+07
		},
		"cpu_utilization_percent":	{
			"host_total":	1.08236,
			"host_user":	0.564173,
			"host_system":	0.518172,
			"remote_total":	0.354059,
			"remote_user":	0.354019,
			"remote_system":	0
		}
	}
}
{
	"start":	{
		"connected":	[],
		"version":	"iperf 3.0.7",
		"system_info":	"Linux H13 5.4.197-0504197-generic #202206060747 SMP Mon Jun 6 09:27:47 UTC 2022 x86_64 x86_64 x86_64 GNU/Linux\n"
	},
	"intervals":	[],
	"end":	{
	},
	"error":	"interrupt - the server has terminated"
}
