{
	"start":	{
		"connected":	[{
				"socket":	5,
				"local_host":	"10.0.0.8",
				"local_port":	1981,
				"remote_host":	"10.0.0.3",
				"remote_port":	60734
			}],
		"version":	"iperf 3.0.7",
		"system_info":	"Linux H8 5.4.197-0504197-generic #202206060747 SMP Mon Jun 6 09:27:47 UTC 2022 x86_64 x86_64 x86_64 GNU/Linux\n",
		"timestamp":	{
			"time":	"Fri, 22 Jul 2022 16:28:45 GMT",
			"timesecs":	1658507325
		},
		"accepted_connection":	{
			"host":	"10.0.0.3",
			"port":	60732
		},
		"cookie":	"H3.1658507325.653579.3a19ed6c440c233",
		"tcp_mss_default":	1448,
		"test_start":	{
			"protocol":	"TCP",
			"num_streams":	1,
			"blksize":	131072,
			"omit":	0,
			"duration":	5,
			"bytes":	0,
			"blocks":	0,
			"reverse":	0
		}
	},
	"intervals":	[{
			"streams":	[{
					"socket":	5,
					"start":	0,
					"end":	1.00077,
					"seconds":	1.00077,
					"bytes":	1819024,
					"bits_per_second":	1.4541e+07,
					"omitted":	false
				}],
			"sum":	{
				"start":	0,
				"end":	1.00077,
				"seconds":	1.00077,
				"bytes":	1819024,
				"bits_per_second":	1.4541e+07,
				"omitted":	false
			}
		}, {
			"streams":	[{
					"socket":	5,
					"start":	1.00077,
					"end":	2.00023,
					"seconds":	0.999459,
					"bytes":	1835008,
					"bits_per_second":	1.4688e+07,
					"omitted":	false
				}],
			"sum":	{
				"start":	1.00077,
				"end":	2.00023,
				"seconds":	0.999459,
				"bytes":	1835008,
				"bits_per_second":	1.4688e+07,
				"omitted":	false
			}
		}, {
			"streams":	[{
					"socket":	5,
					"start":	2.00023,
					"end":	3.00105,
					"seconds":	1.00082,
					"bytes":	1835008,
					"bits_per_second":	1.4668e+07,
					"omitted":	false
				}],
			"sum":	{
				"start":	2.00023,
				"end":	3.00105,
				"seconds":	1.00082,
				"bytes":	1835008,
				"bits_per_second":	1.4668e+07,
				"omitted":	false
			}
		}, {
			"streams":	[{
					"socket":	5,
					"start":	3.00105,
					"end":	4.00054,
					"seconds":	0.999491,
					"bytes":	1835008,
					"bits_per_second":	1.46875e+07,
					"omitted":	false
				}],
			"sum":	{
				"start":	3.00105,
				"end":	4.00054,
				"seconds":	0.999491,
				"bytes":	1835008,
				"bits_per_second":	1.46875e+07,
				"omitted":	false
			}
		}, {
			"streams":	[{
					"socket":	5,
					"start":	4.00054,
					"end":	5.00103,
					"seconds":	1.00049,
					"bytes":	1966080,
					"bits_per_second":	1.57209e+07,
					"omitted":	false
				}],
			"sum":	{
				"start":	4.00054,
				"end":	5.00103,
				"seconds":	1.00049,
				"bytes":	1966080,
				"bits_per_second":	1.57209e+07,
				"omitted":	false
			}
		}, {
			"streams":	[{
					"socket":	5,
					"start":	5.00103,
					"end":	5.00143,
					"seconds":	0.00040102,
					"bytes":	0,
					"bits_per_second":	0,
					"omitted":	false
				}],
			"sum":	{
				"start":	5.00103,
				"end":	5.00143,
				"seconds":	0.00040102,
				"bytes":	0,
				"bits_per_second":	0,
				"omitted":	false
			}
		}],
	"end":	{
		"streams":	[{
				"sender":	{
					"socket":	5,
					"start":	0,
					"end":	5.00143,
					"seconds":	5.00143,
					"bytes":	9290128,
					"bits_per_second":	1.48599e+07,
					"retransmits":	0
				},
				"receiver":	{
					"socket":	5,
					"start":	0,
					"end":	5.00143,
					"seconds":	5.00143,
					"bytes":	9290128,
					"bits_per_second":	1.48599e+07
				}
			}],
		"sum_sent":	{
			"start":	0,
			"end":	5.00143,
			"seconds":	5.00143,
			"bytes":	9290128,
			"bits_per_second":	1.48599e+07,
			"retransmits":	0
		},
		"sum_received":	{
			"start":	0,
			"end":	5.00143,
			"seconds":	5.00143,
			"bytes":	9290128,
			"bits_per_second":	1.48599e+07
		},
		"cpu_utilization_percent":	{
			"host_total":	2.63856,
			"host_user":	0.547721,
			"host_system":	2.09088,
			"remote_total":	0.774739,
			"remote_user":	0.209199,
			"remote_system":	0.565499
		}
	}
}
{
	"start":	{
		"connected":	[],
		"version":	"iperf 3.0.7",
		"system_info":	"Linux H8 5.4.197-0504197-generic #202206060747 SMP Mon Jun 6 09:27:47 UTC 2022 x86_64 x86_64 x86_64 GNU/Linux\n"
	},
	"intervals":	[],
	"end":	{
	},
	"error":	"interrupt - the server has terminated"
}
