{
	"start":	{
		"connected":	[{
				"socket":	5,
				"local_host":	"10.0.0.15",
				"local_port":	3109,
				"remote_host":	"10.0.0.3",
				"remote_port":	59501
			}],
		"version":	"iperf 3.0.7",
		"system_info":	"Linux CS1 5.4.197-0504197-generic #202206060747 SMP Mon Jun 6 09:27:47 UTC 2022 x86_64 x86_64 x86_64 GNU/Linux\n",
		"timestamp":	{
			"time":	"Mon, 25 Jul 2022 21:46:15 GMT",
			"timesecs":	1658785575
		},
		"accepted_connection":	{
			"host":	"10.0.0.3",
			"port":	41898
		},
		"cookie":	"BS3.1658785575.230610.684bd427102e8e",
		"test_start":	{
			"protocol":	"UDP",
			"num_streams":	1,
			"blksize":	8192,
			"omit":	0,
			"duration":	1,
			"bytes":	0,
			"blocks":	0,
			"reverse":	0
		}
	},
	"intervals":	[{
			"streams":	[{
					"socket":	5,
					"start":	0,
					"end":	1.00024,
					"seconds":	1.00024,
					"bytes":	15343616,
					"bits_per_second":	1.22719e+08,
					"jitter_ms":	0.507645,
					"lost_packets":	559,
					"packets":	2416,
					"lost_percent":	23.1374,
					"omitted":	false
				}],
			"sum":	{
				"start":	0,
				"end":	1.00024,
				"seconds":	1.00024,
				"bytes":	15343616,
				"bits_per_second":	1.22719e+08,
				"jitter_ms":	0.507645,
				"lost_packets":	559,
				"packets":	2416,
				"lost_percent":	23.1374,
				"omitted":	false
			}
		}, {
			"streams":	[{
					"socket":	5,
					"start":	1.00024,
					"end":	1.17239,
					"seconds":	0.172148,
					"bytes":	606208,
					"bits_per_second":	2.81715e+07,
					"jitter_ms":	1.14903,
					"lost_packets":	32,
					"packets":	105,
					"lost_percent":	30.4762,
					"omitted":	false
				}],
			"sum":	{
				"start":	1.00024,
				"end":	1.17239,
				"seconds":	0.172148,
				"bytes":	606208,
				"bits_per_second":	2.81715e+07,
				"jitter_ms":	1.14903,
				"lost_packets":	32,
				"packets":	105,
				"lost_percent":	30.4762,
				"omitted":	false
			}
		}],
	"end":	{
		"streams":	[{
				"udp":	{
					"socket":	5,
					"start":	0,
					"end":	1.17239,
					"seconds":	1.17239,
					"bytes":	23150592,
					"bits_per_second":	1.57972e+08,
					"jitter_ms":	1.14903,
					"lost_packets":	591,
					"packets":	2521,
					"lost_percent":	23.4431
				}
			}],
		"sum":	{
			"start":	0,
			"end":	1.17239,
			"seconds":	1.17239,
			"bytes":	23150592,
			"bits_per_second":	1.57972e+08,
			"jitter_ms":	1.14903,
			"lost_packets":	591,
			"packets":	2521,
			"lost_percent":	23.4431
		},
		"cpu_utilization_percent":	{
			"host_total":	7.19248,
			"host_user":	0,
			"host_system":	7.19241,
			"remote_total":	43.6726,
			"remote_user":	0.95862,
			"remote_system":	42.7137
		}
	},
	"error":	"OUT OF ORDER - incoming packet = 3 and received packet = 11 AND SP = 5",
	"error":	"OUT OF ORDER - incoming packet = 4 and received packet = 11 AND SP = 5",
	"error":	"OUT OF ORDER - incoming packet = 5 and received packet = 12 AND SP = 5",
	"error":	"OUT OF ORDER - incoming packet = 6 and received packet = 12 AND SP = 5",
	"error":	"OUT OF ORDER - incoming packet = 7 and received packet = 12 AND SP = 5",
	"error":	"OUT OF ORDER - incoming packet = 8 and received packet = 14 AND SP = 5",
	"error":	"OUT OF ORDER - incoming packet = 9 and received packet = 15 AND SP = 5",
	"error":	"OUT OF ORDER - incoming packet = 10 and received packet = 15 AND SP = 5",
	"error":	"OUT OF ORDER - incoming packet = 925 and received packet = 926 AND SP = 5",
	"error":	"OUT OF ORDER - incoming packet = 1100 and received packet = 1101 AND SP = 5",
	"error":	"OUT OF ORDER - incoming packet = 1440 and received packet = 1441 AND SP = 5",
	"error":	"OUT OF ORDER - incoming packet = 2106 and received packet = 2108 AND SP = 5",
	"error":	"OUT OF ORDER - incoming packet = 2107 and received packet = 2108 AND SP = 5",
	"error":	"OUT OF ORDER - incoming packet = 2109 and received packet = 2110 AND SP = 5",
	"error":	"OUT OF ORDER - incoming packet = 2113 and received packet = 2114 AND SP = 5",
	"error":	"OUT OF ORDER - incoming packet = 2292 and received packet = 2293 AND SP = 5",
	"error":	"OUT OF ORDER - incoming packet = 2485 and received packet = 2486 AND SP = 5"
}
