{
	"start":	{
		"connected":	[{
				"socket":	5,
				"local_host":	"10.0.0.14",
				"local_port":	1496,
				"remote_host":	"10.0.0.7",
				"remote_port":	40455
			}],
		"version":	"iperf 3.0.7",
		"system_info":	"Linux MECS7 5.4.197-0504197-generic #202206060747 SMP Mon Jun 6 09:27:47 UTC 2022 x86_64 x86_64 x86_64 GNU/Linux\n",
		"timestamp":	{
			"time":	"Mon, 25 Jul 2022 21:48:19 GMT",
			"timesecs":	1658785699
		},
		"accepted_connection":	{
			"host":	"10.0.0.7",
			"port":	39070
		},
		"cookie":	"BS7.1658785699.950401.5bb373fc4e749c",
		"test_start":	{
			"protocol":	"UDP",
			"num_streams":	1,
			"blksize":	8192,
			"omit":	0,
			"duration":	12,
			"bytes":	0,
			"blocks":	0,
			"reverse":	0
		}
	},
	"intervals":	[{
			"streams":	[{
					"socket":	5,
					"start":	0,
					"end":	1.00271,
					"seconds":	1.00271,
					"bytes":	2850816,
					"bits_per_second":	2.27449e+07,
					"jitter_ms":	0.913238,
					"lost_packets":	21,
					"packets":	363,
					"lost_percent":	5.78512,
					"omitted":	false
				}],
			"sum":	{
				"start":	0,
				"end":	1.00271,
				"seconds":	1.00271,
				"bytes":	2850816,
				"bits_per_second":	2.27449e+07,
				"jitter_ms":	0.913238,
				"lost_packets":	21,
				"packets":	363,
				"lost_percent":	5.78512,
				"omitted":	false
			}
		}, {
			"streams":	[{
					"socket":	5,
					"start":	1.00271,
					"end":	2.00513,
					"seconds":	1.00241,
					"bytes":	3137536,
					"bits_per_second":	2.50398e+07,
					"jitter_ms":	1.3458,
					"lost_packets":	15,
					"packets":	392,
					"lost_percent":	3.82653,
					"omitted":	false
				}],
			"sum":	{
				"start":	1.00271,
				"end":	2.00513,
				"seconds":	1.00241,
				"bytes":	3137536,
				"bits_per_second":	2.50398e+07,
				"jitter_ms":	1.3458,
				"lost_packets":	15,
				"packets":	392,
				"lost_percent":	3.82653,
				"omitted":	false
			}
		}, {
			"streams":	[{
					"socket":	5,
					"start":	2.00513,
					"end":	3.00045,
					"seconds":	0.995322,
					"bytes":	2670592,
					"bits_per_second":	2.14652e+07,
					"jitter_ms":	0.824056,
					"lost_packets":	32,
					"packets":	358,
					"lost_percent":	8.93855,
					"omitted":	false
				}],
			"sum":	{
				"start":	2.00513,
				"end":	3.00045,
				"seconds":	0.995322,
				"bytes":	2670592,
				"bits_per_second":	2.14652e+07,
				"jitter_ms":	0.824056,
				"lost_packets":	32,
				"packets":	358,
				"lost_percent":	8.93855,
				"omitted":	false
			}
		}, {
			"streams":	[{
					"socket":	5,
					"start":	3.00045,
					"end":	4.00068,
					"seconds":	1.00023,
					"bytes":	2949120,
					"bits_per_second":	2.35875e+07,
					"jitter_ms":	1.52229,
					"lost_packets":	39,
					"packets":	395,
					"lost_percent":	9.87342,
					"omitted":	false
				}],
			"sum":	{
				"start":	3.00045,
				"end":	4.00068,
				"seconds":	1.00023,
				"bytes":	2949120,
				"bits_per_second":	2.35875e+07,
				"jitter_ms":	1.52229,
				"lost_packets":	39,
				"packets":	395,
				"lost_percent":	9.87342,
				"omitted":	false
			}
		}, {
			"streams":	[{
					"socket":	5,
					"start":	4.00068,
					"end":	5.00015,
					"seconds":	0.999467,
					"bytes":	3055616,
					"bits_per_second":	2.4458e+07,
					"jitter_ms":	0.413221,
					"lost_packets":	17,
					"packets":	381,
					"lost_percent":	4.46194,
					"omitted":	false
				}],
			"sum":	{
				"start":	4.00068,
				"end":	5.00015,
				"seconds":	0.999467,
				"bytes":	3055616,
				"bits_per_second":	2.4458e+07,
				"jitter_ms":	0.413221,
				"lost_packets":	17,
				"packets":	381,
				"lost_percent":	4.46194,
				"omitted":	false
			}
		}, {
			"streams":	[{
					"socket":	5,
					"start":	5.00015,
					"end":	6.01225,
					"seconds":	1.0121,
					"bytes":	2998272,
					"bits_per_second":	2.36994e+07,
					"jitter_ms":	0.792064,
					"lost_packets":	1,
					"packets":	366,
					"lost_percent":	0.273224,
					"omitted":	false
				}],
			"sum":	{
				"start":	5.00015,
				"end":	6.01225,
				"seconds":	1.0121,
				"bytes":	2998272,
				"bits_per_second":	2.36994e+07,
				"jitter_ms":	0.792064,
				"lost_packets":	1,
				"packets":	366,
				"lost_percent":	0.273224,
				"omitted":	false
			}
		}, {
			"streams":	[{
					"socket":	5,
					"start":	6.01225,
					"end":	7.00027,
					"seconds":	0.988025,
					"bytes":	3072000,
					"bits_per_second":	2.48739e+07,
					"jitter_ms":	0.773176,
					"lost_packets":	13,
					"packets":	384,
					"lost_percent":	3.38542,
					"omitted":	false
				}],
			"sum":	{
				"start":	6.01225,
				"end":	7.00027,
				"seconds":	0.988025,
				"bytes":	3072000,
				"bits_per_second":	2.48739e+07,
				"jitter_ms":	0.773176,
				"lost_packets":	13,
				"packets":	384,
				"lost_percent":	3.38542,
				"omitted":	false
			}
		}, {
			"streams":	[{
					"socket":	5,
					"start":	7.00027,
					"end":	8.00064,
					"seconds":	1.00037,
					"bytes":	3047424,
					"bits_per_second":	2.43704e+07,
					"jitter_ms":	0.564346,
					"lost_packets":	12,
					"packets":	378,
					"lost_percent":	3.1746,
					"omitted":	false
				}],
			"sum":	{
				"start":	7.00027,
				"end":	8.00064,
				"seconds":	1.00037,
				"bytes":	3047424,
				"bits_per_second":	2.43704e+07,
				"jitter_ms":	0.564346,
				"lost_packets":	12,
				"packets":	378,
				"lost_percent":	3.1746,
				"omitted":	false
			}
		}, {
			"streams":	[{
					"socket":	5,
					"start":	8.00064,
					"end":	9.00575,
					"seconds":	1.00511,
					"bytes":	3186688,
					"bits_per_second":	2.53639e+07,
					"jitter_ms":	1.94761,
					"lost_packets":	7,
					"packets":	389,
					"lost_percent":	1.79949,
					"omitted":	false
				}],
			"sum":	{
				"start":	8.00064,
				"end":	9.00575,
				"seconds":	1.00511,
				"bytes":	3186688,
				"bits_per_second":	2.53639e+07,
				"jitter_ms":	1.94761,
				"lost_packets":	7,
				"packets":	389,
				"lost_percent":	1.79949,
				"omitted":	false
			}
		}, {
			"streams":	[{
					"socket":	5,
					"start":	9.00575,
					"end":	10.0001,
					"seconds":	0.994367,
					"bytes":	2957312,
					"bits_per_second":	2.37925e+07,
					"jitter_ms":	0.87261,
					"lost_packets":	19,
					"packets":	377,
					"lost_percent":	5.03979,
					"omitted":	false
				}],
			"sum":	{
				"start":	9.00575,
				"end":	10.0001,
				"seconds":	0.994367,
				"bytes":	2957312,
				"bits_per_second":	2.37925e+07,
				"jitter_ms":	0.87261,
				"lost_packets":	19,
				"packets":	377,
				"lost_percent":	5.03979,
				"omitted":	false
			}
		}, {
			"streams":	[{
					"socket":	5,
					"start":	10.0001,
					"end":	11.0003,
					"seconds":	1.00018,
					"bytes":	2932736,
					"bits_per_second":	2.34576e+07,
					"jitter_ms":	0.53035,
					"lost_packets":	39,
					"packets":	380,
					"lost_percent":	10.2632,
					"omitted":	false
				}],
			"sum":	{
				"start":	10.0001,
				"end":	11.0003,
				"seconds":	1.00018,
				"bytes":	2932736,
				"bits_per_second":	2.34576e+07,
				"jitter_ms":	0.53035,
				"lost_packets":	39,
				"packets":	380,
				"lost_percent":	10.2632,
				"omitted":	false
			}
		}, {
			"streams":	[{
					"socket":	5,
					"start":	11.0003,
					"end":	12.0074,
					"seconds":	1.00707,
					"bytes":	2990080,
					"bits_per_second":	2.37527e+07,
					"jitter_ms":	0.555843,
					"lost_packets":	20,
					"packets":	383,
					"lost_percent":	5.22193,
					"omitted":	false
				}],
			"sum":	{
				"start":	11.0003,
				"end":	12.0074,
				"seconds":	1.00707,
				"bytes":	2990080,
				"bits_per_second":	2.37527e+07,
				"jitter_ms":	0.555843,
				"lost_packets":	20,
				"packets":	383,
				"lost_percent":	5.22193,
				"omitted":	false
			}
		}, {
			"streams":	[{
					"socket":	5,
					"start":	12.0074,
					"end":	12.0202,
					"seconds":	0.01283,
					"bytes":	0,
					"bits_per_second":	0,
					"jitter_ms":	0.555843,
					"lost_packets":	0,
					"packets":	0,
					"lost_percent":	-nan,
					"omitted":	false
				}],
			"sum":	{
				"start":	12.0074,
				"end":	12.0202,
				"seconds":	0.01283,
				"bytes":	0,
				"bits_per_second":	0,
				"jitter_ms":	0.555843,
				"lost_packets":	0,
				"packets":	0,
				"lost_percent":	-nan,
				"omitted":	false
			}
		}],
	"end":	{
		"streams":	[{
				"udp":	{
					"socket":	5,
					"start":	0,
					"end":	12.0202,
					"seconds":	12.0202,
					"bytes":	37240832,
					"bits_per_second":	2.47855e+07,
					"jitter_ms":	0.555843,
					"lost_packets":	235,
					"packets":	4546,
					"lost_percent":	5.16938
				}
			}],
		"sum":	{
			"start":	0,
			"end":	12.0202,
			"seconds":	12.0202,
			"bytes":	37240832,
			"bits_per_second":	2.47855e+07,
			"jitter_ms":	0.555843,
			"lost_packets":	235,
			"packets":	4546,
			"lost_percent":	5.16938
		},
		"cpu_utilization_percent":	{
			"host_total":	2.96452,
			"host_user":	0.170536,
			"host_system":	2.79394,
			"remote_total":	6.81705,
			"remote_user":	0.220107,
			"remote_system":	6.59693
		}
	},
	"error":	"OUT OF ORDER - incoming packet = 198 and received packet = 200 AND SP = 5",
	"error":	"OUT OF ORDER - incoming packet = 281 and received packet = 290 AND SP = 5",
	"error":	"OUT OF ORDER - incoming packet = 282 and received packet = 291 AND SP = 5",
	"error":	"OUT OF ORDER - incoming packet = 283 and received packet = 291 AND SP = 5",
	"error":	"OUT OF ORDER - incoming packet = 288 and received packet = 292 AND SP = 5",
	"error":	"OUT OF ORDER - incoming packet = 294 and received packet = 295 AND SP = 5",
	"error":	"OUT OF ORDER - incoming packet = 376 and received packet = 379 AND SP = 5",
	"error":	"OUT OF ORDER - incoming packet = 377 and received packet = 379 AND SP = 5",
	"error":	"OUT OF ORDER - incoming packet = 505 and received packet = 506 AND SP = 5",
	"error":	"OUT OF ORDER - incoming packet = 511 and received packet = 514 AND SP = 5",
	"error":	"OUT OF ORDER - incoming packet = 512 and received packet = 515 AND SP = 5",
	"error":	"OUT OF ORDER - incoming packet = 635 and received packet = 636 AND SP = 5",
	"error":	"OUT OF ORDER - incoming packet = 1332 and received packet = 1336 AND SP = 5",
	"error":	"OUT OF ORDER - incoming packet = 1370 and received packet = 1372 AND SP = 5",
	"error":	"OUT OF ORDER - incoming packet = 1371 and received packet = 1372 AND SP = 5",
	"error":	"OUT OF ORDER - incoming packet = 1427 and received packet = 1428 AND SP = 5",
	"error":	"OUT OF ORDER - incoming packet = 1580 and received packet = 1581 AND SP = 5",
	"error":	"OUT OF ORDER - incoming packet = 1590 and received packet = 1591 AND SP = 5",
	"error":	"OUT OF ORDER - incoming packet = 1646 and received packet = 1647 AND SP = 5",
	"error":	"OUT OF ORDER - incoming packet = 1662 and received packet = 1663 AND SP = 5",
	"error":	"OUT OF ORDER - incoming packet = 1697 and received packet = 1698 AND SP = 5",
	"error":	"OUT OF ORDER - incoming packet = 1792 and received packet = 1793 AND SP = 5",
	"error":	"OUT OF ORDER - incoming packet = 1873 and received packet = 1874 AND SP = 5",
	"error":	"OUT OF ORDER - incoming packet = 1880 and received packet = 1881 AND SP = 5",
	"error":	"OUT OF ORDER - incoming packet = 1884 and received packet = 1885 AND SP = 5",
	"error":	"OUT OF ORDER - incoming packet = 2043 and received packet = 2044 AND SP = 5",
	"error":	"OUT OF ORDER - incoming packet = 2263 and received packet = 2264 AND SP = 5",
	"error":	"OUT OF ORDER - incoming packet = 2601 and received packet = 2604 AND SP = 5",
	"error":	"OUT OF ORDER - incoming packet = 2633 and received packet = 2638 AND SP = 5",
	"error":	"OUT OF ORDER - incoming packet = 2634 and received packet = 2638 AND SP = 5",
	"error":	"OUT OF ORDER - incoming packet = 2651 and received packet = 2652 AND SP = 5",
	"error":	"OUT OF ORDER - incoming packet = 2754 and received packet = 2755 AND SP = 5",
	"error":	"OUT OF ORDER - incoming packet = 2810 and received packet = 2812 AND SP = 5",
	"error":	"OUT OF ORDER - incoming packet = 2838 and received packet = 2839 AND SP = 5",
	"error":	"OUT OF ORDER - incoming packet = 2850 and received packet = 2851 AND SP = 5",
	"error":	"OUT OF ORDER - incoming packet = 2882 and received packet = 2883 AND SP = 5",
	"error":	"OUT OF ORDER - incoming packet = 3137 and received packet = 3139 AND SP = 5",
	"error":	"OUT OF ORDER - incoming packet = 3138 and received packet = 3139 AND SP = 5",
	"error":	"OUT OF ORDER - incoming packet = 3210 and received packet = 3211 AND SP = 5",
	"error":	"OUT OF ORDER - incoming packet = 3259 and received packet = 3260 AND SP = 5",
	"error":	"OUT OF ORDER - incoming packet = 3314 and received packet = 3315 AND SP = 5",
	"error":	"OUT OF ORDER - incoming packet = 3359 and received packet = 3360 AND SP = 5",
	"error":	"OUT OF ORDER - incoming packet = 3391 and received packet = 3392 AND SP = 5",
	"error":	"OUT OF ORDER - incoming packet = 3523 and received packet = 3525 AND SP = 5",
	"error":	"OUT OF ORDER - incoming packet = 3527 and received packet = 3528 AND SP = 5",
	"error":	"OUT OF ORDER - incoming packet = 3750 and received packet = 3751 AND SP = 5",
	"error":	"OUT OF ORDER - incoming packet = 3821 and received packet = 3824 AND SP = 5",
	"error":	"OUT OF ORDER - incoming packet = 3822 and received packet = 3824 AND SP = 5",
	"error":	"OUT OF ORDER - incoming packet = 3823 and received packet = 3824 AND SP = 5",
	"error":	"OUT OF ORDER - incoming packet = 3839 and received packet = 3842 AND SP = 5",
	"error":	"OUT OF ORDER - incoming packet = 3840 and received packet = 3842 AND SP = 5",
	"error":	"OUT OF ORDER - incoming packet = 3845 and received packet = 3848 AND SP = 5",
	"error":	"OUT OF ORDER - incoming packet = 3902 and received packet = 3905 AND SP = 5",
	"error":	"OUT OF ORDER - incoming packet = 3903 and received packet = 3905 AND SP = 5",
	"error":	"OUT OF ORDER - incoming packet = 3906 and received packet = 3907 AND SP = 5",
	"error":	"OUT OF ORDER - incoming packet = 3909 and received packet = 3911 AND SP = 5",
	"error":	"OUT OF ORDER - incoming packet = 3910 and received packet = 3912 AND SP = 5",
	"error":	"OUT OF ORDER - incoming packet = 3969 and received packet = 3978 AND SP = 5",
	"error":	"OUT OF ORDER - incoming packet = 3970 and received packet = 3978 AND SP = 5",
	"error":	"OUT OF ORDER - incoming packet = 3977 and received packet = 3978 AND SP = 5",
	"error":	"OUT OF ORDER - incoming packet = 4076 and received packet = 4077 AND SP = 5",
	"error":	"OUT OF ORDER - incoming packet = 4078 and received packet = 4081 AND SP = 5",
	"error":	"OUT OF ORDER - incoming packet = 4079 and received packet = 4081 AND SP = 5",
	"error":	"OUT OF ORDER - incoming packet = 4220 and received packet = 4221 AND SP = 5",
	"error":	"OUT OF ORDER - incoming packet = 4277 and received packet = 4278 AND SP = 5"
}
