{
	"start":	{
		"connected":	[{
				"socket":	5,
				"local_host":	"10.0.0.13",
				"local_port":	3991,
				"remote_host":	"10.0.0.1",
				"remote_port":	48386
			}],
		"version":	"iperf 3.0.7",
		"system_info":	"Linux H13 5.4.197-0504197-generic #202206060747 SMP Mon Jun 6 09:27:47 UTC 2022 x86_64 x86_64 x86_64 GNU/Linux\n",
		"timestamp":	{
			"time":	"Fri, 22 Jul 2022 16:29:35 GMT",
			"timesecs":	1658507375
		},
		"accepted_connection":	{
			"host":	"10.0.0.1",
			"port":	48384
		},
		"cookie":	"H1.1658507375.128890.36bd5cc01aaa8fa",
		"tcp_mss_default":	1448,
		"test_start":	{
			"protocol":	"TCP",
			"num_streams":	1,
			"blksize":	131072,
			"omit":	0,
			"duration":	5,
			"bytes":	0,
			"blocks":	0,
			"reverse":	0
		}
	},
	"intervals":	[{
			"streams":	[{
					"socket":	5,
					"start":	0,
					"end":	1.00087,
					"seconds":	1.00087,
					"bytes":	1703936,
					"bits_per_second":	1.36196e+07,
					"omitted":	false
				}],
			"sum":	{
				"start":	0,
				"end":	1.00087,
				"seconds":	1.00087,
				"bytes":	1703936,
				"bits_per_second":	1.36196e+07,
				"omitted":	false
			}
		}, {
			"streams":	[{
					"socket":	5,
					"start":	1.00087,
					"end":	2.00034,
					"seconds":	0.999471,
					"bytes":	1966080,
					"bits_per_second":	1.5737e+07,
					"omitted":	false
				}],
			"sum":	{
				"start":	1.00087,
				"end":	2.00034,
				"seconds":	0.999471,
				"bytes":	1966080,
				"bits_per_second":	1.5737e+07,
				"omitted":	false
			}
		}, {
			"streams":	[{
					"socket":	5,
					"start":	2.00034,
					"end":	3.00044,
					"seconds":	1.0001,
					"bytes":	1835008,
					"bits_per_second":	1.46786e+07,
					"omitted":	false
				}],
			"sum":	{
				"start":	2.00034,
				"end":	3.00044,
				"seconds":	1.0001,
				"bytes":	1835008,
				"bits_per_second":	1.46786e+07,
				"omitted":	false
			}
		}, {
			"streams":	[{
					"socket":	5,
					"start":	3.00044,
					"end":	4.00087,
					"seconds":	1.00043,
					"bytes":	1835008,
					"bits_per_second":	1.46737e+07,
					"omitted":	false
				}],
			"sum":	{
				"start":	3.00044,
				"end":	4.00087,
				"seconds":	1.00043,
				"bytes":	1835008,
				"bits_per_second":	1.46737e+07,
				"omitted":	false
			}
		}, {
			"streams":	[{
					"socket":	5,
					"start":	4.00087,
					"end":	5.00037,
					"seconds":	0.999494,
					"bytes":	1966080,
					"bits_per_second":	1.57366e+07,
					"omitted":	false
				}],
			"sum":	{
				"start":	4.00087,
				"end":	5.00037,
				"seconds":	0.999494,
				"bytes":	1966080,
				"bits_per_second":	1.57366e+07,
				"omitted":	false
			}
		}, {
			"streams":	[{
					"socket":	5,
					"start":	5.00037,
					"end":	5.00048,
					"seconds":	0.00011611,
					"bytes":	0,
					"bits_per_second":	0,
					"omitted":	false
				}],
			"sum":	{
				"start":	5.00037,
				"end":	5.00048,
				"seconds":	0.00011611,
				"bytes":	0,
				"bits_per_second":	0,
				"omitted":	false
			}
		}],
	"end":	{
		"streams":	[{
				"sender":	{
					"socket":	5,
					"start":	0,
					"end":	5.00048,
					"seconds":	5.00048,
					"bytes":	9306112,
					"bits_per_second":	1.48883e+07,
					"retransmits":	0
				},
				"receiver":	{
					"socket":	5,
					"start":	0,
					"end":	5.00048,
					"seconds":	5.00048,
					"bytes":	9306112,
					"bits_per_second":	1.48883e+07
				}
			}],
		"sum_sent":	{
			"start":	0,
			"end":	5.00048,
			"seconds":	5.00048,
			"bytes":	9306112,
			"bits_per_second":	1.48883e+07,
			"retransmits":	0
		},
		"sum_received":	{
			"start":	0,
			"end":	5.00048,
			"seconds":	5.00048,
			"bytes":	9306112,
			"bits_per_second":	1.48883e+07
		},
		"cpu_utilization_percent":	{
			"host_total":	1.47184,
			"host_user":	0.757457,
			"host_system":	0.714322,
			"remote_total":	0.780269,
			"remote_user":	0,
			"remote_system":	0.780229
		}
	}
}
{
	"start":	{
		"connected":	[],
		"version":	"iperf 3.0.7",
		"system_info":	"Linux H13 5.4.197-0504197-generic #202206060747 SMP Mon Jun 6 09:27:47 UTC 2022 x86_64 x86_64 x86_64 GNU/Linux\n"
	},
	"intervals":	[],
	"end":	{
	},
	"error":	"interrupt - the server has terminated"
}
