{
	"start":	{
		"connected":	[{
				"socket":	5,
				"local_host":	"10.0.0.8",
				"local_port":	2602,
				"remote_host":	"10.0.0.4",
				"remote_port":	57006
			}],
		"version":	"iperf 3.0.7",
		"system_info":	"Linux H8 5.4.197-0504197-generic #202206060747 SMP Mon Jun 6 09:27:47 UTC 2022 x86_64 x86_64 x86_64 GNU/Linux\n",
		"timestamp":	{
			"time":	"Fri, 22 Jul 2022 16:27:20 GMT",
			"timesecs":	1658507240
		},
		"accepted_connection":	{
			"host":	"10.0.0.4",
			"port":	57004
		},
		"cookie":	"H4.1658507240.984956.040b48b63e42ec4",
		"tcp_mss_default":	1448,
		"test_start":	{
			"protocol":	"TCP",
			"num_streams":	1,
			"blksize":	131072,
			"omit":	0,
			"duration":	5,
			"bytes":	0,
			"blocks":	0,
			"reverse":	0
		}
	},
	"intervals":	[{
			"streams":	[{
					"socket":	5,
					"start":	0,
					"end":	1.00054,
					"seconds":	1.00054,
					"bytes":	1703936,
					"bits_per_second":	1.36241e+07,
					"omitted":	false
				}],
			"sum":	{
				"start":	0,
				"end":	1.00054,
				"seconds":	1.00054,
				"bytes":	1703936,
				"bits_per_second":	1.36241e+07,
				"omitted":	false
			}
		}, {
			"streams":	[{
					"socket":	5,
					"start":	1.00054,
					"end":	2.00093,
					"seconds":	1.00039,
					"bytes":	1966080,
					"bits_per_second":	1.57226e+07,
					"omitted":	false
				}],
			"sum":	{
				"start":	1.00054,
				"end":	2.00093,
				"seconds":	1.00039,
				"bytes":	1966080,
				"bits_per_second":	1.57226e+07,
				"omitted":	false
			}
		}, {
			"streams":	[{
					"socket":	5,
					"start":	2.00093,
					"end":	3.0004,
					"seconds":	0.999474,
					"bytes":	1866864,
					"bits_per_second":	1.49428e+07,
					"omitted":	false
				}],
			"sum":	{
				"start":	2.00093,
				"end":	3.0004,
				"seconds":	0.999474,
				"bytes":	1866864,
				"bits_per_second":	1.49428e+07,
				"omitted":	false
			}
		}, {
			"streams":	[{
					"socket":	5,
					"start":	3.0004,
					"end":	4.00073,
					"seconds":	1.00032,
					"bytes":	1803152,
					"bits_per_second":	1.44205e+07,
					"omitted":	false
				}],
			"sum":	{
				"start":	3.0004,
				"end":	4.00073,
				"seconds":	1.00032,
				"bytes":	1803152,
				"bits_per_second":	1.44205e+07,
				"omitted":	false
			}
		}, {
			"streams":	[{
					"socket":	5,
					"start":	4.00073,
					"end":	5.00093,
					"seconds":	1.00021,
					"bytes":	1966080,
					"bits_per_second":	1.57254e+07,
					"omitted":	false
				}],
			"sum":	{
				"start":	4.00073,
				"end":	5.00093,
				"seconds":	1.00021,
				"bytes":	1966080,
				"bits_per_second":	1.57254e+07,
				"omitted":	false
			}
		}, {
			"streams":	[{
					"socket":	5,
					"start":	5.00093,
					"end":	5.00106,
					"seconds":	0.000129938,
					"bytes":	0,
					"bits_per_second":	0,
					"omitted":	false
				}],
			"sum":	{
				"start":	5.00093,
				"end":	5.00106,
				"seconds":	0.000129938,
				"bytes":	0,
				"bits_per_second":	0,
				"omitted":	false
			}
		}],
	"end":	{
		"streams":	[{
				"sender":	{
					"socket":	5,
					"start":	0,
					"end":	5.00106,
					"seconds":	5.00106,
					"bytes":	9306112,
					"bits_per_second":	1.48866e+07,
					"retransmits":	0
				},
				"receiver":	{
					"socket":	5,
					"start":	0,
					"end":	5.00106,
					"seconds":	5.00106,
					"bytes":	9306112,
					"bits_per_second":	1.48866e+07
				}
			}],
		"sum_sent":	{
			"start":	0,
			"end":	5.00106,
			"seconds":	5.00106,
			"bytes":	9306112,
			"bits_per_second":	1.48866e+07,
			"retransmits":	0
		},
		"sum_received":	{
			"start":	0,
			"end":	5.00106,
			"seconds":	5.00106,
			"bytes":	9306112,
			"bits_per_second":	1.48866e+07
		},
		"cpu_utilization_percent":	{
			"host_total":	1.22841,
			"host_user":	0,
			"host_system":	1.22837,
			"remote_total":	0.614844,
			"remote_user":	0.140375,
			"remote_system":	0.474409
		}
	}
}
{
	"start":	{
		"connected":	[],
		"version":	"iperf 3.0.7",
		"system_info":	"Linux H8 5.4.197-0504197-generic #202206060747 SMP Mon Jun 6 09:27:47 UTC 2022 x86_64 x86_64 x86_64 GNU/Linux\n"
	},
	"intervals":	[],
	"end":	{
	},
	"error":	"interrupt - the server has terminated"
}
