{
	"start":	{
		"connected":	[{
				"socket":	5,
				"local_host":	"10.0.0.10",
				"local_port":	2384,
				"remote_host":	"10.0.0.3",
				"remote_port":	41716
			}],
		"version":	"iperf 3.7",
		"system_info":	"Linux H10 5.4.197-0504197-generic #202206060747 SMP Mon Jun 6 09:27:47 UTC 2022 x86_64",
		"target_bitrate":	15000000,
		"sock_bufsize":	0,
		"sndbuf_actual":	87380,
		"rcvbuf_actual":	87380,
		"timestamp":	{
			"time":	"Mon, 01 Aug 2022 00:25:57 GMT",
			"timesecs":	1659313557
		},
		"accepted_connection":	{
			"host":	"10.0.0.3",
			"port":	41714
		},
		"cookie":	"77xm4aqg7znmloycfnj6r3uicesj25zps7pp",
		"tcp_mss_default":	0,
		"target_bitrate":	15000000,
		"test_start":	{
			"protocol":	"TCP",
			"num_streams":	1,
			"blksize":	131072,
			"omit":	0,
			"duration":	5,
			"bytes":	0,
			"blocks":	0,
			"reverse":	0,
			"tos":	0
		}
	},
	"intervals":	[{
			"streams":	[{
					"socket":	5,
					"start":	0,
					"end":	1.00058,
					"seconds":	1.0005799531936646,
					"bytes":	1966080,
					"bits_per_second":	15719523.412194213,
					"omitted":	false,
					"sender":	false
				}],
			"sum":	{
				"start":	0,
				"end":	1.00058,
				"seconds":	1.0005799531936646,
				"bytes":	1966080,
				"bits_per_second":	15719523.412194213,
				"omitted":	false,
				"sender":	false
			}
		}, {
			"streams":	[{
					"socket":	5,
					"start":	1.00058,
					"end":	2.000209,
					"seconds":	0.999629020690918,
					"bytes":	1835008,
					"bits_per_second":	14685512.021103105,
					"omitted":	false,
					"sender":	false
				}],
			"sum":	{
				"start":	1.00058,
				"end":	2.000209,
				"seconds":	0.999629020690918,
				"bytes":	1835008,
				"bits_per_second":	14685512.021103105,
				"omitted":	false,
				"sender":	false
			}
		}, {
			"streams":	[{
					"socket":	5,
					"start":	2.000209,
					"end":	3.000735,
					"seconds":	1.000525951385498,
					"bytes":	1835008,
					"bits_per_second":	14672347.05873595,
					"omitted":	false,
					"sender":	false
				}],
			"sum":	{
				"start":	2.000209,
				"end":	3.000735,
				"seconds":	1.000525951385498,
				"bytes":	1835008,
				"bits_per_second":	14672347.05873595,
				"omitted":	false,
				"sender":	false
			}
		}, {
			"streams":	[{
					"socket":	5,
					"start":	3.000735,
					"end":	4.000443,
					"seconds":	0.99970799684524536,
					"bytes":	1966080,
					"bits_per_second":	15733234.154007463,
					"omitted":	false,
					"sender":	false
				}],
			"sum":	{
				"start":	3.000735,
				"end":	4.000443,
				"seconds":	0.99970799684524536,
				"bytes":	1966080,
				"bits_per_second":	15733234.154007463,
				"omitted":	false,
				"sender":	false
			}
		}, {
			"streams":	[{
					"socket":	5,
					"start":	4.000443,
					"end":	5.000553,
					"seconds":	1.0001100301742554,
					"bytes":	1835008,
					"bits_per_second":	14678448.927706687,
					"omitted":	false,
					"sender":	false
				}],
			"sum":	{
				"start":	4.000443,
				"end":	5.000553,
				"seconds":	1.0001100301742554,
				"bytes":	1835008,
				"bits_per_second":	14678448.927706687,
				"omitted":	false,
				"sender":	false
			}
		}],
	"end":	{
		"streams":	[{
				"sender":	{
					"socket":	5,
					"start":	0,
					"end":	5.000802,
					"seconds":	5.000802,
					"bytes":	0,
					"bits_per_second":	0,
					"sender":	false
				},
				"receiver":	{
					"socket":	5,
					"start":	0,
					"end":	5.000802,
					"seconds":	5.000802,
					"bytes":	9437184,
					"bits_per_second":	15097072.829518145,
					"sender":	false
				}
			}],
		"sum_sent":	{
			"start":	0,
			"end":	5.000802,
			"seconds":	5.000802,
			"bytes":	0,
			"bits_per_second":	0,
			"sender":	false
		},
		"sum_received":	{
			"start":	0,
			"end":	5.000802,
			"seconds":	5.000802,
			"bytes":	9437184,
			"bits_per_second":	15097072.829518145,
			"sender":	false
		},
		"cpu_utilization_percent":	{
			"host_total":	2.4001832709758362,
			"host_user":	0,
			"host_system":	2.40022318190263,
			"remote_total":	0,
			"remote_user":	0,
			"remote_system":	0
		},
		"receiver_tcp_congestion":	"cubic"
	}
}
