{
	"start":	{
		"connected":	[{
				"socket":	5,
				"local_host":	"10.0.0.10",
				"local_port":	2453,
				"remote_host":	"10.0.0.6",
				"remote_port":	47824
			}],
		"version":	"iperf 3.0.7",
		"system_info":	"Linux MECS3 5.4.197-0504197-generic #202206060747 SMP Mon Jun 6 09:27:47 UTC 2022 x86_64 x86_64 x86_64 GNU/Linux\n",
		"timestamp":	{
			"time":	"Mon, 25 Jul 2022 21:50:28 GMT",
			"timesecs":	1658785828
		},
		"accepted_connection":	{
			"host":	"10.0.0.6",
			"port":	47822
		},
		"cookie":	"BS6.1658785828.161682.539268f3232472",
		"tcp_mss_default":	1448,
		"test_start":	{
			"protocol":	"TCP",
			"num_streams":	1,
			"blksize":	131072,
			"omit":	0,
			"duration":	3,
			"bytes":	0,
			"blocks":	0,
			"reverse":	0
		}
	},
	"intervals":	[{
			"streams":	[{
					"socket":	5,
					"start":	0,
					"end":	1.00063,
					"seconds":	1.00063,
					"bytes":	10011472,
					"bits_per_second":	8.00417e+07,
					"omitted":	false
				}],
			"sum":	{
				"start":	0,
				"end":	1.00063,
				"seconds":	1.00063,
				"bytes":	10011472,
				"bits_per_second":	8.00417e+07,
				"omitted":	false
			}
		}, {
			"streams":	[{
					"socket":	5,
					"start":	1.00063,
					"end":	2.00697,
					"seconds":	1.00634,
					"bytes":	13834888,
					"bits_per_second":	1.09981e+08,
					"omitted":	false
				}],
			"sum":	{
				"start":	1.00063,
				"end":	2.00697,
				"seconds":	1.00634,
				"bytes":	13834888,
				"bits_per_second":	1.09981e+08,
				"omitted":	false
			}
		}, {
			"streams":	[{
					"socket":	5,
					"start":	2.00697,
					"end":	3.00023,
					"seconds":	0.993261,
					"bytes":	12451840,
					"bits_per_second":	1.00291e+08,
					"omitted":	false
				}],
			"sum":	{
				"start":	2.00697,
				"end":	3.00023,
				"seconds":	0.993261,
				"bytes":	12451840,
				"bits_per_second":	1.00291e+08,
				"omitted":	false
			}
		}, {
			"streams":	[{
					"socket":	5,
					"start":	3.00023,
					"end":	3.01819,
					"seconds":	0.0179629,
					"bytes":	0,
					"bits_per_second":	0,
					"omitted":	false
				}],
			"sum":	{
				"start":	3.00023,
				"end":	3.01819,
				"seconds":	0.0179629,
				"bytes":	0,
				"bits_per_second":	0,
				"omitted":	false
			}
		}],
	"end":	{
		"streams":	[{
				"sender":	{
					"socket":	5,
					"start":	0,
					"end":	3.01819,
					"seconds":	3.01819,
					"bytes":	36298200,
					"bits_per_second":	9.62117e+07,
					"retransmits":	4
				},
				"receiver":	{
					"socket":	5,
					"start":	0,
					"end":	3.01819,
					"seconds":	3.01819,
					"bytes":	36298200,
					"bits_per_second":	9.62117e+07
				}
			}],
		"sum_sent":	{
			"start":	0,
			"end":	3.01819,
			"seconds":	3.01819,
			"bytes":	36298200,
			"bits_per_second":	9.62117e+07,
			"retransmits":	4
		},
		"sum_received":	{
			"start":	0,
			"end":	3.01819,
			"seconds":	3.01819,
			"bytes":	36298200,
			"bits_per_second":	9.62117e+07
		},
		"cpu_utilization_percent":	{
			"host_total":	4.45504,
			"host_user":	1.17641,
			"host_system":	3.27857,
			"remote_total":	2.80452,
			"remote_user":	1.39091,
			"remote_system":	1.41345
		}
	}
}
