{
	"start":	{
		"connected":	[{
				"socket":	5,
				"local_host":	"10.0.0.11",
				"local_port":	3431,
				"remote_host":	"10.0.0.2",
				"remote_port":	53428
			}],
		"version":	"iperf 3.0.7",
		"system_info":	"Linux H11 5.4.197-0504197-generic #202206060747 SMP Mon Jun 6 09:27:47 UTC 2022 x86_64 x86_64 x86_64 GNU/Linux\n",
		"timestamp":	{
			"time":	"Fri, 22 Jul 2022 15:00:41 GMT",
			"timesecs":	1658502041
		},
		"accepted_connection":	{
			"host":	"10.0.0.2",
			"port":	53426
		},
		"cookie":	"H2.1658502041.435263.487377651e1a45d",
		"tcp_mss_default":	1448,
		"test_start":	{
			"protocol":	"TCP",
			"num_streams":	1,
			"blksize":	131072,
			"omit":	0,
			"duration":	5,
			"bytes":	0,
			"blocks":	0,
			"reverse":	0
		}
	},
	"intervals":	[{
			"streams":	[{
					"socket":	5,
					"start":	0,
					"end":	1.00141,
					"seconds":	1.00141,
					"bytes":	1708224,
					"bits_per_second":	1.36465e+07,
					"omitted":	false
				}],
			"sum":	{
				"start":	0,
				"end":	1.00141,
				"seconds":	1.00141,
				"bytes":	1708224,
				"bits_per_second":	1.36465e+07,
				"omitted":	false
			}
		}, {
			"streams":	[{
					"socket":	5,
					"start":	1.00141,
					"end":	2.0006,
					"seconds":	0.999192,
					"bytes":	1947256,
					"bits_per_second":	1.55906e+07,
					"omitted":	false
				}],
			"sum":	{
				"start":	1.00141,
				"end":	2.0006,
				"seconds":	0.999192,
				"bytes":	1947256,
				"bits_per_second":	1.55906e+07,
				"omitted":	false
			}
		}, {
			"streams":	[{
					"socket":	5,
					"start":	2.0006,
					"end":	3.00122,
					"seconds":	1.00061,
					"bytes":	1835008,
					"bits_per_second":	1.46711e+07,
					"omitted":	false
				}],
			"sum":	{
				"start":	2.0006,
				"end":	3.00122,
				"seconds":	1.00061,
				"bytes":	1835008,
				"bits_per_second":	1.46711e+07,
				"omitted":	false
			}
		}, {
			"streams":	[{
					"socket":	5,
					"start":	3.00122,
					"end":	4.00079,
					"seconds":	0.999571,
					"bytes":	1835008,
					"bits_per_second":	1.46864e+07,
					"omitted":	false
				}],
			"sum":	{
				"start":	3.00122,
				"end":	4.00079,
				"seconds":	0.999571,
				"bytes":	1835008,
				"bits_per_second":	1.46864e+07,
				"omitted":	false
			}
		}, {
			"streams":	[{
					"socket":	5,
					"start":	4.00079,
					"end":	5.00134,
					"seconds":	1.00055,
					"bytes":	1966080,
					"bits_per_second":	1.572e+07,
					"omitted":	false
				}],
			"sum":	{
				"start":	4.00079,
				"end":	5.00134,
				"seconds":	1.00055,
				"bytes":	1966080,
				"bits_per_second":	1.572e+07,
				"omitted":	false
			}
		}],
	"end":	{
		"streams":	[{
				"sender":	{
					"socket":	5,
					"start":	0,
					"end":	5.00134,
					"seconds":	5.00134,
					"bytes":	9291576,
					"bits_per_second":	1.48625e+07,
					"retransmits":	0
				},
				"receiver":	{
					"socket":	5,
					"start":	0,
					"end":	5.00134,
					"seconds":	5.00134,
					"bytes":	9291576,
					"bits_per_second":	1.48625e+07
				}
			}],
		"sum_sent":	{
			"start":	0,
			"end":	5.00134,
			"seconds":	5.00134,
			"bytes":	9291576,
			"bits_per_second":	1.48625e+07,
			"retransmits":	0
		},
		"sum_received":	{
			"start":	0,
			"end":	5.00134,
			"seconds":	5.00134,
			"bytes":	9291576,
			"bits_per_second":	1.48625e+07
		},
		"cpu_utilization_percent":	{
			"host_total":	2.78614,
			"host_user":	0.444345,
			"host_system":	2.3418,
			"remote_total":	1.03786,
			"remote_user":	0.125889,
			"remote_system":	0.91193
		}
	}
}
