{
	"start":	{
		"connected":	[{
				"socket":	5,
				"local_host":	"10.0.0.13",
				"local_port":	2142,
				"remote_host":	"10.0.0.4",
				"remote_port":	47354
			}],
		"version":	"iperf 3.0.7",
		"system_info":	"Linux H13 5.4.197-0504197-generic #202206060747 SMP Mon Jun 6 09:27:47 UTC 2022 x86_64 x86_64 x86_64 GNU/Linux\n",
		"timestamp":	{
			"time":	"Fri, 22 Jul 2022 09:30:56 GMT",
			"timesecs":	1658482256
		},
		"accepted_connection":	{
			"host":	"10.0.0.4",
			"port":	47352
		},
		"cookie":	"H4.1658482256.939794.5ac647136119733",
		"tcp_mss_default":	1448,
		"test_start":	{
			"protocol":	"TCP",
			"num_streams":	1,
			"blksize":	131072,
			"omit":	0,
			"duration":	5,
			"bytes":	0,
			"blocks":	0,
			"reverse":	0
		}
	},
	"intervals":	[{
			"streams":	[{
					"socket":	5,
					"start":	0,
					"end":	1.00036,
					"seconds":	1.00036,
					"bytes":	1703936,
					"bits_per_second":	1.36267e+07,
					"omitted":	false
				}],
			"sum":	{
				"start":	0,
				"end":	1.00036,
				"seconds":	1.00036,
				"bytes":	1703936,
				"bits_per_second":	1.36267e+07,
				"omitted":	false
			}
		}, {
			"streams":	[{
					"socket":	5,
					"start":	1.00036,
					"end":	2.00028,
					"seconds":	0.999923,
					"bytes":	1966080,
					"bits_per_second":	1.57299e+07,
					"omitted":	false
				}],
			"sum":	{
				"start":	1.00036,
				"end":	2.00028,
				"seconds":	0.999923,
				"bytes":	1966080,
				"bits_per_second":	1.57299e+07,
				"omitted":	false
			}
		}, {
			"streams":	[{
					"socket":	5,
					"start":	2.00028,
					"end":	3.00084,
					"seconds":	1.00056,
					"bytes":	1835008,
					"bits_per_second":	1.46718e+07,
					"omitted":	false
				}],
			"sum":	{
				"start":	2.00028,
				"end":	3.00084,
				"seconds":	1.00056,
				"bytes":	1835008,
				"bits_per_second":	1.46718e+07,
				"omitted":	false
			}
		}, {
			"streams":	[{
					"socket":	5,
					"start":	3.00084,
					"end":	4.0009,
					"seconds":	1.00006,
					"bytes":	1835008,
					"bits_per_second":	1.46792e+07,
					"omitted":	false
				}],
			"sum":	{
				"start":	3.00084,
				"end":	4.0009,
				"seconds":	1.00006,
				"bytes":	1835008,
				"bits_per_second":	1.46792e+07,
				"omitted":	false
			}
		}, {
			"streams":	[{
					"socket":	5,
					"start":	4.0009,
					"end":	5.00056,
					"seconds":	0.999662,
					"bytes":	1966080,
					"bits_per_second":	1.5734e+07,
					"omitted":	false
				}],
			"sum":	{
				"start":	4.0009,
				"end":	5.00056,
				"seconds":	0.999662,
				"bytes":	1966080,
				"bits_per_second":	1.5734e+07,
				"omitted":	false
			}
		}, {
			"streams":	[{
					"socket":	5,
					"start":	5.00056,
					"end":	5.00183,
					"seconds":	0.00127602,
					"bytes":	0,
					"bits_per_second":	0,
					"omitted":	false
				}],
			"sum":	{
				"start":	5.00056,
				"end":	5.00183,
				"seconds":	0.00127602,
				"bytes":	0,
				"bits_per_second":	0,
				"omitted":	false
			}
		}],
	"end":	{
		"streams":	[{
				"sender":	{
					"socket":	5,
					"start":	0,
					"end":	5.00183,
					"seconds":	5.00183,
					"bytes":	9306112,
					"bits_per_second":	1.48843e+07,
					"retransmits":	0
				},
				"receiver":	{
					"socket":	5,
					"start":	0,
					"end":	5.00183,
					"seconds":	5.00183,
					"bytes":	9306112,
					"bits_per_second":	1.48843e+07
				}
			}],
		"sum_sent":	{
			"start":	0,
			"end":	5.00183,
			"seconds":	5.00183,
			"bytes":	9306112,
			"bits_per_second":	1.48843e+07,
			"retransmits":	0
		},
		"sum_received":	{
			"start":	0,
			"end":	5.00183,
			"seconds":	5.00183,
			"bytes":	9306112,
			"bits_per_second":	1.48843e+07
		},
		"cpu_utilization_percent":	{
			"host_total":	1.73248,
			"host_user":	0.16393,
			"host_system":	1.56847,
			"remote_total":	0.605127,
			"remote_user":	0.461703,
			"remote_system":	0.143325
		}
	}
}
