{
	"start":	{
		"connected":	[{
				"socket":	5,
				"local_host":	"10.0.0.12",
				"local_port":	1626,
				"remote_host":	"10.0.0.4",
				"remote_port":	44862
			}],
		"version":	"iperf 3.0.7",
		"system_info":	"Linux H12 5.4.197-0504197-generic #202206060747 SMP Mon Jun 6 09:27:47 UTC 2022 x86_64 x86_64 x86_64 GNU/Linux\n",
		"timestamp":	{
			"time":	"Fri, 22 Jul 2022 16:22:26 GMT",
			"timesecs":	1658506946
		},
		"accepted_connection":	{
			"host":	"10.0.0.4",
			"port":	44860
		},
		"cookie":	"H4.1658506946.998381.4ded174a7c63095",
		"tcp_mss_default":	1448,
		"test_start":	{
			"protocol":	"TCP",
			"num_streams":	1,
			"blksize":	131072,
			"omit":	0,
			"duration":	5,
			"bytes":	0,
			"blocks":	0,
			"reverse":	0
		}
	},
	"intervals":	[{
			"streams":	[{
					"socket":	5,
					"start":	0,
					"end":	1.00067,
					"seconds":	1.00067,
					"bytes":	1689400,
					"bits_per_second":	1.35061e+07,
					"omitted":	false
				}],
			"sum":	{
				"start":	0,
				"end":	1.00067,
				"seconds":	1.00067,
				"bytes":	1689400,
				"bits_per_second":	1.35061e+07,
				"omitted":	false
			}
		}, {
			"streams":	[{
					"socket":	5,
					"start":	1.00067,
					"end":	2.00055,
					"seconds":	0.999874,
					"bytes":	1966080,
					"bits_per_second":	1.57306e+07,
					"omitted":	false
				}],
			"sum":	{
				"start":	1.00067,
				"end":	2.00055,
				"seconds":	0.999874,
				"bytes":	1966080,
				"bits_per_second":	1.57306e+07,
				"omitted":	false
			}
		}, {
			"streams":	[{
					"socket":	5,
					"start":	2.00055,
					"end":	3.00056,
					"seconds":	1.00002,
					"bytes":	1835008,
					"bits_per_second":	1.46798e+07,
					"omitted":	false
				}],
			"sum":	{
				"start":	2.00055,
				"end":	3.00056,
				"seconds":	1.00002,
				"bytes":	1835008,
				"bits_per_second":	1.46798e+07,
				"omitted":	false
			}
		}, {
			"streams":	[{
					"socket":	5,
					"start":	3.00056,
					"end":	4.00101,
					"seconds":	1.00045,
					"bytes":	1835008,
					"bits_per_second":	1.46735e+07,
					"omitted":	false
				}],
			"sum":	{
				"start":	3.00056,
				"end":	4.00101,
				"seconds":	1.00045,
				"bytes":	1835008,
				"bits_per_second":	1.46735e+07,
				"omitted":	false
			}
		}, {
			"streams":	[{
					"socket":	5,
					"start":	4.00101,
					"end":	5.00075,
					"seconds":	0.999743,
					"bytes":	1966080,
					"bits_per_second":	1.57327e+07,
					"omitted":	false
				}],
			"sum":	{
				"start":	4.00101,
				"end":	5.00075,
				"seconds":	0.999743,
				"bytes":	1966080,
				"bits_per_second":	1.57327e+07,
				"omitted":	false
			}
		}, {
			"streams":	[{
					"socket":	5,
					"start":	5.00075,
					"end":	5.00099,
					"seconds":	0.000238895,
					"bytes":	0,
					"bits_per_second":	0,
					"omitted":	false
				}],
			"sum":	{
				"start":	5.00075,
				"end":	5.00099,
				"seconds":	0.000238895,
				"bytes":	0,
				"bits_per_second":	0,
				"omitted":	false
			}
		}],
	"end":	{
		"streams":	[{
				"sender":	{
					"socket":	5,
					"start":	0,
					"end":	5.00099,
					"seconds":	5.00099,
					"bytes":	9291576,
					"bits_per_second":	1.48636e+07,
					"retransmits":	0
				},
				"receiver":	{
					"socket":	5,
					"start":	0,
					"end":	5.00099,
					"seconds":	5.00099,
					"bytes":	9291576,
					"bits_per_second":	1.48636e+07
				}
			}],
		"sum_sent":	{
			"start":	0,
			"end":	5.00099,
			"seconds":	5.00099,
			"bytes":	9291576,
			"bits_per_second":	1.48636e+07,
			"retransmits":	0
		},
		"sum_received":	{
			"start":	0,
			"end":	5.00099,
			"seconds":	5.00099,
			"bytes":	9291576,
			"bits_per_second":	1.48636e+07
		},
		"cpu_utilization_percent":	{
			"host_total":	1.36186,
			"host_user":	1.36184,
			"host_system":	0,
			"remote_total":	0.629882,
			"remote_user":	0.137762,
			"remote_system":	0.492059
		}
	}
}
{
	"start":	{
		"connected":	[],
		"version":	"iperf 3.0.7",
		"system_info":	"Linux H12 5.4.197-0504197-generic #202206060747 SMP Mon Jun 6 09:27:47 UTC 2022 x86_64 x86_64 x86_64 GNU/Linux\n"
	},
	"intervals":	[],
	"end":	{
	},
	"error":	"interrupt - the server has terminated"
}
