{
	"start":	{
		"connected":	[{
				"socket":	5,
				"local_host":	"10.0.0.16",
				"local_port":	1813,
				"remote_host":	"10.0.0.4",
				"remote_port":	55438
			}],
		"version":	"iperf 3.0.7",
		"system_info":	"Linux CS2 5.4.197-0504197-generic #202206060747 SMP Mon Jun 6 09:27:47 UTC 2022 x86_64 x86_64 x86_64 GNU/Linux\n",
		"timestamp":	{
			"time":	"Mon, 25 Jul 2022 21:49:44 GMT",
			"timesecs":	1658785784
		},
		"accepted_connection":	{
			"host":	"10.0.0.4",
			"port":	55436
		},
		"cookie":	"BS4.1658785784.243249.79974fdc1b306b",
		"tcp_mss_default":	1448,
		"test_start":	{
			"protocol":	"TCP",
			"num_streams":	1,
			"blksize":	131072,
			"omit":	0,
			"duration":	7,
			"bytes":	0,
			"blocks":	0,
			"reverse":	0
		}
	},
	"intervals":	[{
			"streams":	[{
					"socket":	5,
					"start":	0,
					"end":	1.00059,
					"seconds":	1.00059,
					"bytes":	2852368,
					"bits_per_second":	2.28056e+07,
					"omitted":	false
				}],
			"sum":	{
				"start":	0,
				"end":	1.00059,
				"seconds":	1.00059,
				"bytes":	2852368,
				"bits_per_second":	2.28056e+07,
				"omitted":	false
			}
		}, {
			"streams":	[{
					"socket":	5,
					"start":	1.00059,
					"end":	2.00357,
					"seconds":	1.00299,
					"bytes":	3145728,
					"bits_per_second":	2.50909e+07,
					"omitted":	false
				}],
			"sum":	{
				"start":	1.00059,
				"end":	2.00357,
				"seconds":	1.00299,
				"bytes":	3145728,
				"bits_per_second":	2.50909e+07,
				"omitted":	false
			}
		}, {
			"streams":	[{
					"socket":	5,
					"start":	2.00357,
					"end":	3.00095,
					"seconds":	0.997376,
					"bytes":	3145728,
					"bits_per_second":	2.5232e+07,
					"omitted":	false
				}],
			"sum":	{
				"start":	2.00357,
				"end":	3.00095,
				"seconds":	0.997376,
				"bytes":	3145728,
				"bits_per_second":	2.5232e+07,
				"omitted":	false
			}
		}, {
			"streams":	[{
					"socket":	5,
					"start":	3.00095,
					"end":	4.00041,
					"seconds":	0.999464,
					"bytes":	3145728,
					"bits_per_second":	2.51793e+07,
					"omitted":	false
				}],
			"sum":	{
				"start":	3.00095,
				"end":	4.00041,
				"seconds":	0.999464,
				"bytes":	3145728,
				"bits_per_second":	2.51793e+07,
				"omitted":	false
			}
		}, {
			"streams":	[{
					"socket":	5,
					"start":	4.00041,
					"end":	5.00036,
					"seconds":	0.999945,
					"bytes":	3145728,
					"bits_per_second":	2.51672e+07,
					"omitted":	false
				}],
			"sum":	{
				"start":	4.00041,
				"end":	5.00036,
				"seconds":	0.999945,
				"bytes":	3145728,
				"bits_per_second":	2.51672e+07,
				"omitted":	false
			}
		}, {
			"streams":	[{
					"socket":	5,
					"start":	5.00036,
					"end":	6.00031,
					"seconds":	0.999948,
					"bytes":	3014656,
					"bits_per_second":	2.41185e+07,
					"omitted":	false
				}],
			"sum":	{
				"start":	5.00036,
				"end":	6.00031,
				"seconds":	0.999948,
				"bytes":	3014656,
				"bits_per_second":	2.41185e+07,
				"omitted":	false
			}
		}, {
			"streams":	[{
					"socket":	5,
					"start":	6.00031,
					"end":	7.00028,
					"seconds":	0.999977,
					"bytes":	3145728,
					"bits_per_second":	2.51664e+07,
					"omitted":	false
				}],
			"sum":	{
				"start":	6.00031,
				"end":	7.00028,
				"seconds":	0.999977,
				"bytes":	3145728,
				"bits_per_second":	2.51664e+07,
				"omitted":	false
			}
		}, {
			"streams":	[{
					"socket":	5,
					"start":	7.00028,
					"end":	7.03259,
					"seconds":	0.032306,
					"bytes":	0,
					"bits_per_second":	0,
					"omitted":	false
				}],
			"sum":	{
				"start":	7.00028,
				"end":	7.03259,
				"seconds":	0.032306,
				"bytes":	0,
				"bits_per_second":	0,
				"omitted":	false
			}
		}],
	"end":	{
		"streams":	[{
				"sender":	{
					"socket":	5,
					"start":	0,
					"end":	7.03259,
					"seconds":	7.03259,
					"bytes":	21595664,
					"bits_per_second":	2.45664e+07,
					"retransmits":	0
				},
				"receiver":	{
					"socket":	5,
					"start":	0,
					"end":	7.03259,
					"seconds":	7.03259,
					"bytes":	21595664,
					"bits_per_second":	2.45664e+07
				}
			}],
		"sum_sent":	{
			"start":	0,
			"end":	7.03259,
			"seconds":	7.03259,
			"bytes":	21595664,
			"bits_per_second":	2.45664e+07,
			"retransmits":	0
		},
		"sum_received":	{
			"start":	0,
			"end":	7.03259,
			"seconds":	7.03259,
			"bytes":	21595664,
			"bits_per_second":	2.45664e+07
		},
		"cpu_utilization_percent":	{
			"host_total":	2.50644,
			"host_user":	0.810953,
			"host_system":	1.69546,
			"remote_total":	1.7012,
			"remote_user":	0.494645,
			"remote_system":	1.20652
		}
	}
}
