{
	"start":	{
		"connected":	[{
				"socket":	5,
				"local_host":	"10.0.0.19",
				"local_port":	2287,
				"remote_host":	"10.0.0.6",
				"remote_port":	57634
			}],
		"version":	"iperf 3.0.7",
		"system_info":	"Linux CS5 5.4.197-0504197-generic #202206060747 SMP Mon Jun 6 09:27:47 UTC 2022 x86_64 x86_64 x86_64 GNU/Linux\n",
		"timestamp":	{
			"time":	"Mon, 25 Jul 2022 21:47:33 GMT",
			"timesecs":	1658785653
		},
		"accepted_connection":	{
			"host":	"10.0.0.6",
			"port":	57632
		},
		"cookie":	"BS6.1658785653.048252.2017c9b42eef1a",
		"tcp_mss_default":	1448,
		"test_start":	{
			"protocol":	"TCP",
			"num_streams":	1,
			"blksize":	131072,
			"omit":	0,
			"duration":	20,
			"bytes":	0,
			"blocks":	0,
			"reverse":	0
		}
	},
	"intervals":	[{
			"streams":	[{
					"socket":	5,
					"start":	0,
					"end":	1.00033,
					"seconds":	1.00033,
					"bytes":	2852368,
					"bits_per_second":	2.28115e+07,
					"omitted":	false
				}],
			"sum":	{
				"start":	0,
				"end":	1.00033,
				"seconds":	1.00033,
				"bytes":	2852368,
				"bits_per_second":	2.28115e+07,
				"omitted":	false
			}
		}, {
			"streams":	[{
					"socket":	5,
					"start":	1.00033,
					"end":	2.00013,
					"seconds":	0.999803,
					"bytes":	3145728,
					"bits_per_second":	2.51708e+07,
					"omitted":	false
				}],
			"sum":	{
				"start":	1.00033,
				"end":	2.00013,
				"seconds":	0.999803,
				"bytes":	3145728,
				"bits_per_second":	2.51708e+07,
				"omitted":	false
			}
		}, {
			"streams":	[{
					"socket":	5,
					"start":	2.00013,
					"end":	3.00045,
					"seconds":	1.00031,
					"bytes":	3145728,
					"bits_per_second":	2.51579e+07,
					"omitted":	false
				}],
			"sum":	{
				"start":	2.00013,
				"end":	3.00045,
				"seconds":	1.00031,
				"bytes":	3145728,
				"bits_per_second":	2.51579e+07,
				"omitted":	false
			}
		}, {
			"streams":	[{
					"socket":	5,
					"start":	3.00045,
					"end":	4.00018,
					"seconds":	0.999736,
					"bytes":	3145728,
					"bits_per_second":	2.51725e+07,
					"omitted":	false
				}],
			"sum":	{
				"start":	3.00045,
				"end":	4.00018,
				"seconds":	0.999736,
				"bytes":	3145728,
				"bits_per_second":	2.51725e+07,
				"omitted":	false
			}
		}, {
			"streams":	[{
					"socket":	5,
					"start":	4.00018,
					"end":	5.00027,
					"seconds":	1.00009,
					"bytes":	3145728,
					"bits_per_second":	2.51637e+07,
					"omitted":	false
				}],
			"sum":	{
				"start":	4.00018,
				"end":	5.00027,
				"seconds":	1.00009,
				"bytes":	3145728,
				"bits_per_second":	2.51637e+07,
				"omitted":	false
			}
		}, {
			"streams":	[{
					"socket":	5,
					"start":	5.00027,
					"end":	6.00035,
					"seconds":	1.00009,
					"bytes":	3014656,
					"bits_per_second":	2.41151e+07,
					"omitted":	false
				}],
			"sum":	{
				"start":	5.00027,
				"end":	6.00035,
				"seconds":	1.00009,
				"bytes":	3014656,
				"bits_per_second":	2.41151e+07,
				"omitted":	false
			}
		}, {
			"streams":	[{
					"socket":	5,
					"start":	6.00035,
					"end":	7.00033,
					"seconds":	0.999974,
					"bytes":	3145728,
					"bits_per_second":	2.51665e+07,
					"omitted":	false
				}],
			"sum":	{
				"start":	6.00035,
				"end":	7.00033,
				"seconds":	0.999974,
				"bytes":	3145728,
				"bits_per_second":	2.51665e+07,
				"omitted":	false
			}
		}, {
			"streams":	[{
					"socket":	5,
					"start":	7.00033,
					"end":	8.00024,
					"seconds":	0.999908,
					"bytes":	3145728,
					"bits_per_second":	2.51681e+07,
					"omitted":	false
				}],
			"sum":	{
				"start":	7.00033,
				"end":	8.00024,
				"seconds":	0.999908,
				"bytes":	3145728,
				"bits_per_second":	2.51681e+07,
				"omitted":	false
			}
		}, {
			"streams":	[{
					"socket":	5,
					"start":	8.00024,
					"end":	9.00033,
					"seconds":	1.00009,
					"bytes":	3145728,
					"bits_per_second":	2.51634e+07,
					"omitted":	false
				}],
			"sum":	{
				"start":	8.00024,
				"end":	9.00033,
				"seconds":	1.00009,
				"bytes":	3145728,
				"bits_per_second":	2.51634e+07,
				"omitted":	false
			}
		}, {
			"streams":	[{
					"socket":	5,
					"start":	9.00033,
					"end":	10.0002,
					"seconds":	0.999893,
					"bytes":	3145728,
					"bits_per_second":	2.51685e+07,
					"omitted":	false
				}],
			"sum":	{
				"start":	9.00033,
				"end":	10.0002,
				"seconds":	0.999893,
				"bytes":	3145728,
				"bits_per_second":	2.51685e+07,
				"omitted":	false
			}
		}, {
			"streams":	[{
					"socket":	5,
					"start":	10.0002,
					"end":	11.0003,
					"seconds":	1.00006,
					"bytes":	3145728,
					"bits_per_second":	2.51643e+07,
					"omitted":	false
				}],
			"sum":	{
				"start":	10.0002,
				"end":	11.0003,
				"seconds":	1.00006,
				"bytes":	3145728,
				"bits_per_second":	2.51643e+07,
				"omitted":	false
			}
		}, {
			"streams":	[{
					"socket":	5,
					"start":	11.0003,
					"end":	12.0027,
					"seconds":	1.00244,
					"bytes":	3145728,
					"bits_per_second":	2.51046e+07,
					"omitted":	false
				}],
			"sum":	{
				"start":	11.0003,
				"end":	12.0027,
				"seconds":	1.00244,
				"bytes":	3145728,
				"bits_per_second":	2.51046e+07,
				"omitted":	false
			}
		}, {
			"streams":	[{
					"socket":	5,
					"start":	12.0027,
					"end":	13.0013,
					"seconds":	0.998588,
					"bytes":	3014656,
					"bits_per_second":	2.41513e+07,
					"omitted":	false
				}],
			"sum":	{
				"start":	12.0027,
				"end":	13.0013,
				"seconds":	0.998588,
				"bytes":	3014656,
				"bits_per_second":	2.41513e+07,
				"omitted":	false
			}
		}, {
			"streams":	[{
					"socket":	5,
					"start":	13.0013,
					"end":	14.0003,
					"seconds":	0.99903,
					"bytes":	3145728,
					"bits_per_second":	2.51903e+07,
					"omitted":	false
				}],
			"sum":	{
				"start":	13.0013,
				"end":	14.0003,
				"seconds":	0.99903,
				"bytes":	3145728,
				"bits_per_second":	2.51903e+07,
				"omitted":	false
			}
		}, {
			"streams":	[{
					"socket":	5,
					"start":	14.0003,
					"end":	15.0006,
					"seconds":	1.00022,
					"bytes":	3145728,
					"bits_per_second":	2.51602e+07,
					"omitted":	false
				}],
			"sum":	{
				"start":	14.0003,
				"end":	15.0006,
				"seconds":	1.00022,
				"bytes":	3145728,
				"bits_per_second":	2.51602e+07,
				"omitted":	false
			}
		}, {
			"streams":	[{
					"socket":	5,
					"start":	15.0006,
					"end":	16.0003,
					"seconds":	0.999723,
					"bytes":	3145728,
					"bits_per_second":	2.51728e+07,
					"omitted":	false
				}],
			"sum":	{
				"start":	15.0006,
				"end":	16.0003,
				"seconds":	0.999723,
				"bytes":	3145728,
				"bits_per_second":	2.51728e+07,
				"omitted":	false
			}
		}, {
			"streams":	[{
					"socket":	5,
					"start":	16.0003,
					"end":	17.0001,
					"seconds":	0.999835,
					"bytes":	3145728,
					"bits_per_second":	2.517e+07,
					"omitted":	false
				}],
			"sum":	{
				"start":	16.0003,
				"end":	17.0001,
				"seconds":	0.999835,
				"bytes":	3145728,
				"bits_per_second":	2.517e+07,
				"omitted":	false
			}
		}, {
			"streams":	[{
					"socket":	5,
					"start":	17.0001,
					"end":	18.0042,
					"seconds":	1.0041,
					"bytes":	3145728,
					"bits_per_second":	2.5063e+07,
					"omitted":	false
				}],
			"sum":	{
				"start":	17.0001,
				"end":	18.0042,
				"seconds":	1.0041,
				"bytes":	3145728,
				"bits_per_second":	2.5063e+07,
				"omitted":	false
			}
		}, {
			"streams":	[{
					"socket":	5,
					"start":	18.0042,
					"end":	19.0003,
					"seconds":	0.99608,
					"bytes":	3014656,
					"bits_per_second":	2.42122e+07,
					"omitted":	false
				}],
			"sum":	{
				"start":	18.0042,
				"end":	19.0003,
				"seconds":	0.99608,
				"bytes":	3014656,
				"bits_per_second":	2.42122e+07,
				"omitted":	false
			}
		}, {
			"streams":	[{
					"socket":	5,
					"start":	19.0003,
					"end":	20.0079,
					"seconds":	1.00761,
					"bytes":	3145728,
					"bits_per_second":	2.49758e+07,
					"omitted":	false
				}],
			"sum":	{
				"start":	19.0003,
				"end":	20.0079,
				"seconds":	1.00761,
				"bytes":	3145728,
				"bits_per_second":	2.49758e+07,
				"omitted":	false
			}
		}, {
			"streams":	[{
					"socket":	5,
					"start":	20.0079,
					"end":	20.0575,
					"seconds":	0.0496299,
					"bytes":	0,
					"bits_per_second":	0,
					"omitted":	false
				}],
			"sum":	{
				"start":	20.0079,
				"end":	20.0575,
				"seconds":	0.0496299,
				"bytes":	0,
				"bits_per_second":	0,
				"omitted":	false
			}
		}],
	"end":	{
		"streams":	[{
				"sender":	{
					"socket":	5,
					"start":	0,
					"end":	20.0575,
					"seconds":	20.0575,
					"bytes":	62227984,
					"bits_per_second":	2.48198e+07,
					"retransmits":	18
				},
				"receiver":	{
					"socket":	5,
					"start":	0,
					"end":	20.0575,
					"seconds":	20.0575,
					"bytes":	62227984,
					"bits_per_second":	2.48198e+07
				}
			}],
		"sum_sent":	{
			"start":	0,
			"end":	20.0575,
			"seconds":	20.0575,
			"bytes":	62227984,
			"bits_per_second":	2.48198e+07,
			"retransmits":	18
		},
		"sum_received":	{
			"start":	0,
			"end":	20.0575,
			"seconds":	20.0575,
			"bytes":	62227984,
			"bits_per_second":	2.48198e+07
		},
		"cpu_utilization_percent":	{
			"host_total":	1.91512,
			"host_user":	0.166977,
			"host_system":	1.74814,
			"remote_total":	1.37007,
			"remote_user":	0.144375,
			"remote_system":	1.22568
		}
	}
}
