{
	"start":	{
		"connected":	[{
				"socket":	5,
				"local_host":	"10.0.0.16",
				"local_port":	2316,
				"remote_host":	"10.0.0.7",
				"remote_port":	44947
			}],
		"version":	"iperf 3.0.7",
		"system_info":	"Linux CS2 5.4.197-0504197-generic #202206060747 SMP Mon Jun 6 09:27:47 UTC 2022 x86_64 x86_64 x86_64 GNU/Linux\n",
		"timestamp":	{
			"time":	"Mon, 25 Jul 2022 21:42:14 GMT",
			"timesecs":	1658785334
		},
		"accepted_connection":	{
			"host":	"10.0.0.7",
			"port":	35630
		},
		"cookie":	"BS7.1658785334.189190.61d36a210606ea",
		"test_start":	{
			"protocol":	"UDP",
			"num_streams":	1,
			"blksize":	8192,
			"omit":	0,
			"duration":	27,
			"bytes":	0,
			"blocks":	0,
			"reverse":	0
		}
	},
	"intervals":	[{
			"streams":	[{
					"socket":	5,
					"start":	0,
					"end":	1.00051,
					"seconds":	1.00051,
					"bytes":	2818048,
					"bits_per_second":	2.25328e+07,
					"jitter_ms":	0.647334,
					"lost_packets":	0,
					"packets":	344,
					"lost_percent":	0,
					"omitted":	false
				}],
			"sum":	{
				"start":	0,
				"end":	1.00051,
				"seconds":	1.00051,
				"bytes":	2818048,
				"bits_per_second":	2.25328e+07,
				"jitter_ms":	0.647334,
				"lost_packets":	0,
				"packets":	344,
				"lost_percent":	0,
				"omitted":	false
			}
		}, {
			"streams":	[{
					"socket":	5,
					"start":	1.00051,
					"end":	2.0001,
					"seconds":	0.999583,
					"bytes":	3129344,
					"bits_per_second":	2.50452e+07,
					"jitter_ms":	0.58133,
					"lost_packets":	0,
					"packets":	382,
					"lost_percent":	0,
					"omitted":	false
				}],
			"sum":	{
				"start":	1.00051,
				"end":	2.0001,
				"seconds":	0.999583,
				"bytes":	3129344,
				"bits_per_second":	2.50452e+07,
				"jitter_ms":	0.58133,
				"lost_packets":	0,
				"packets":	382,
				"lost_percent":	0,
				"omitted":	false
			}
		}, {
			"streams":	[{
					"socket":	5,
					"start":	2.0001,
					"end":	3.0006,
					"seconds":	1.0005,
					"bytes":	3121152,
					"bits_per_second":	2.49567e+07,
					"jitter_ms":	0.568702,
					"lost_packets":	0,
					"packets":	381,
					"lost_percent":	0,
					"omitted":	false
				}],
			"sum":	{
				"start":	2.0001,
				"end":	3.0006,
				"seconds":	1.0005,
				"bytes":	3121152,
				"bits_per_second":	2.49567e+07,
				"jitter_ms":	0.568702,
				"lost_packets":	0,
				"packets":	381,
				"lost_percent":	0,
				"omitted":	false
			}
		}, {
			"streams":	[{
					"socket":	5,
					"start":	3.0006,
					"end":	4.00024,
					"seconds":	0.999637,
					"bytes":	3129344,
					"bits_per_second":	2.50438e+07,
					"jitter_ms":	0.53486,
					"lost_packets":	0,
					"packets":	382,
					"lost_percent":	0,
					"omitted":	false
				}],
			"sum":	{
				"start":	3.0006,
				"end":	4.00024,
				"seconds":	0.999637,
				"bytes":	3129344,
				"bits_per_second":	2.50438e+07,
				"jitter_ms":	0.53486,
				"lost_packets":	0,
				"packets":	382,
				"lost_percent":	0,
				"omitted":	false
			}
		}, {
			"streams":	[{
					"socket":	5,
					"start":	4.00024,
					"end":	5.00053,
					"seconds":	1.00029,
					"bytes":	3121152,
					"bits_per_second":	2.49619e+07,
					"jitter_ms":	0.738231,
					"lost_packets":	0,
					"packets":	381,
					"lost_percent":	0,
					"omitted":	false
				}],
			"sum":	{
				"start":	4.00024,
				"end":	5.00053,
				"seconds":	1.00029,
				"bytes":	3121152,
				"bits_per_second":	2.49619e+07,
				"jitter_ms":	0.738231,
				"lost_packets":	0,
				"packets":	381,
				"lost_percent":	0,
				"omitted":	false
			}
		}, {
			"streams":	[{
					"socket":	5,
					"start":	5.00053,
					"end":	6.00046,
					"seconds":	0.999931,
					"bytes":	3129344,
					"bits_per_second":	2.50365e+07,
					"jitter_ms":	0.667113,
					"lost_packets":	0,
					"packets":	382,
					"lost_percent":	0,
					"omitted":	false
				}],
			"sum":	{
				"start":	5.00053,
				"end":	6.00046,
				"seconds":	0.999931,
				"bytes":	3129344,
				"bits_per_second":	2.50365e+07,
				"jitter_ms":	0.667113,
				"lost_packets":	0,
				"packets":	382,
				"lost_percent":	0,
				"omitted":	false
			}
		}, {
			"streams":	[{
					"socket":	5,
					"start":	6.00046,
					"end":	7.00005,
					"seconds":	0.999591,
					"bytes":	3121152,
					"bits_per_second":	2.49794e+07,
					"jitter_ms":	0.65302,
					"lost_packets":	0,
					"packets":	381,
					"lost_percent":	0,
					"omitted":	false
				}],
			"sum":	{
				"start":	6.00046,
				"end":	7.00005,
				"seconds":	0.999591,
				"bytes":	3121152,
				"bits_per_second":	2.49794e+07,
				"jitter_ms":	0.65302,
				"lost_packets":	0,
				"packets":	381,
				"lost_percent":	0,
				"omitted":	false
			}
		}, {
			"streams":	[{
					"socket":	5,
					"start":	7.00005,
					"end":	8.00032,
					"seconds":	1.00027,
					"bytes":	3121152,
					"bits_per_second":	2.49624e+07,
					"jitter_ms":	0.627505,
					"lost_packets":	0,
					"packets":	381,
					"lost_percent":	0,
					"omitted":	false
				}],
			"sum":	{
				"start":	7.00005,
				"end":	8.00032,
				"seconds":	1.00027,
				"bytes":	3121152,
				"bits_per_second":	2.49624e+07,
				"jitter_ms":	0.627505,
				"lost_packets":	0,
				"packets":	381,
				"lost_percent":	0,
				"omitted":	false
			}
		}, {
			"streams":	[{
					"socket":	5,
					"start":	8.00032,
					"end":	9.00024,
					"seconds":	0.999919,
					"bytes":	3129344,
					"bits_per_second":	2.50368e+07,
					"jitter_ms":	0.718155,
					"lost_packets":	0,
					"packets":	382,
					"lost_percent":	0,
					"omitted":	false
				}],
			"sum":	{
				"start":	8.00032,
				"end":	9.00024,
				"seconds":	0.999919,
				"bytes":	3129344,
				"bits_per_second":	2.50368e+07,
				"jitter_ms":	0.718155,
				"lost_packets":	0,
				"packets":	382,
				"lost_percent":	0,
				"omitted":	false
			}
		}, {
			"streams":	[{
					"socket":	5,
					"start":	9.00024,
					"end":	10.0006,
					"seconds":	1.00038,
					"bytes":	3129344,
					"bits_per_second":	2.50252e+07,
					"jitter_ms":	0.580073,
					"lost_packets":	0,
					"packets":	382,
					"lost_percent":	0,
					"omitted":	false
				}],
			"sum":	{
				"start":	9.00024,
				"end":	10.0006,
				"seconds":	1.00038,
				"bytes":	3129344,
				"bits_per_second":	2.50252e+07,
				"jitter_ms":	0.580073,
				"lost_packets":	0,
				"packets":	382,
				"lost_percent":	0,
				"omitted":	false
			}
		}, {
			"streams":	[{
					"socket":	5,
					"start":	10.0006,
					"end":	11.0002,
					"seconds":	0.999576,
					"bytes":	3121152,
					"bits_per_second":	2.49798e+07,
					"jitter_ms":	0.594576,
					"lost_packets":	0,
					"packets":	381,
					"lost_percent":	0,
					"omitted":	false
				}],
			"sum":	{
				"start":	10.0006,
				"end":	11.0002,
				"seconds":	0.999576,
				"bytes":	3121152,
				"bits_per_second":	2.49798e+07,
				"jitter_ms":	0.594576,
				"lost_packets":	0,
				"packets":	381,
				"lost_percent":	0,
				"omitted":	false
			}
		}, {
			"streams":	[{
					"socket":	5,
					"start":	11.0002,
					"end":	12.0001,
					"seconds":	0.999886,
					"bytes":	3121152,
					"bits_per_second":	2.49721e+07,
					"jitter_ms":	0.665615,
					"lost_packets":	0,
					"packets":	381,
					"lost_percent":	0,
					"omitted":	false
				}],
			"sum":	{
				"start":	11.0002,
				"end":	12.0001,
				"seconds":	0.999886,
				"bytes":	3121152,
				"bits_per_second":	2.49721e+07,
				"jitter_ms":	0.665615,
				"lost_packets":	0,
				"packets":	381,
				"lost_percent":	0,
				"omitted":	false
			}
		}, {
			"streams":	[{
					"socket":	5,
					"start":	12.0001,
					"end":	13.0001,
					"seconds":	1.00003,
					"bytes":	3129344,
					"bits_per_second":	2.5034e+07,
					"jitter_ms":	0.598396,
					"lost_packets":	0,
					"packets":	382,
					"lost_percent":	0,
					"omitted":	false
				}],
			"sum":	{
				"start":	12.0001,
				"end":	13.0001,
				"seconds":	1.00003,
				"bytes":	3129344,
				"bits_per_second":	2.5034e+07,
				"jitter_ms":	0.598396,
				"lost_packets":	0,
				"packets":	382,
				"lost_percent":	0,
				"omitted":	false
			}
		}, {
			"streams":	[{
					"socket":	5,
					"start":	13.0001,
					"end":	14.0003,
					"seconds":	1.00017,
					"bytes":	3121152,
					"bits_per_second":	2.49649e+07,
					"jitter_ms":	0.647852,
					"lost_packets":	0,
					"packets":	381,
					"lost_percent":	0,
					"omitted":	false
				}],
			"sum":	{
				"start":	13.0001,
				"end":	14.0003,
				"seconds":	1.00017,
				"bytes":	3121152,
				"bits_per_second":	2.49649e+07,
				"jitter_ms":	0.647852,
				"lost_packets":	0,
				"packets":	381,
				"lost_percent":	0,
				"omitted":	false
			}
		}, {
			"streams":	[{
					"socket":	5,
					"start":	14.0003,
					"end":	15.0004,
					"seconds":	1.00007,
					"bytes":	3129344,
					"bits_per_second":	2.5033e+07,
					"jitter_ms":	0.490175,
					"lost_packets":	0,
					"packets":	382,
					"lost_percent":	0,
					"omitted":	false
				}],
			"sum":	{
				"start":	14.0003,
				"end":	15.0004,
				"seconds":	1.00007,
				"bytes":	3129344,
				"bits_per_second":	2.5033e+07,
				"jitter_ms":	0.490175,
				"lost_packets":	0,
				"packets":	382,
				"lost_percent":	0,
				"omitted":	false
			}
		}, {
			"streams":	[{
					"socket":	5,
					"start":	15.0004,
					"end":	16.0003,
					"seconds":	0.999976,
					"bytes":	3129344,
					"bits_per_second":	2.50353e+07,
					"jitter_ms":	0.638715,
					"lost_packets":	0,
					"packets":	382,
					"lost_percent":	0,
					"omitted":	false
				}],
			"sum":	{
				"start":	15.0004,
				"end":	16.0003,
				"seconds":	0.999976,
				"bytes":	3129344,
				"bits_per_second":	2.50353e+07,
				"jitter_ms":	0.638715,
				"lost_packets":	0,
				"packets":	382,
				"lost_percent":	0,
				"omitted":	false
			}
		}, {
			"streams":	[{
					"socket":	5,
					"start":	16.0003,
					"end":	17.0003,
					"seconds":	0.999927,
					"bytes":	3121152,
					"bits_per_second":	2.4971e+07,
					"jitter_ms":	0.626376,
					"lost_packets":	0,
					"packets":	381,
					"lost_percent":	0,
					"omitted":	false
				}],
			"sum":	{
				"start":	16.0003,
				"end":	17.0003,
				"seconds":	0.999927,
				"bytes":	3121152,
				"bits_per_second":	2.4971e+07,
				"jitter_ms":	0.626376,
				"lost_packets":	0,
				"packets":	381,
				"lost_percent":	0,
				"omitted":	false
			}
		}, {
			"streams":	[{
					"socket":	5,
					"start":	17.0003,
					"end":	18.0003,
					"seconds":	1.00004,
					"bytes":	3121152,
					"bits_per_second":	2.49681e+07,
					"jitter_ms":	0.668331,
					"lost_packets":	0,
					"packets":	381,
					"lost_percent":	0,
					"omitted":	false
				}],
			"sum":	{
				"start":	17.0003,
				"end":	18.0003,
				"seconds":	1.00004,
				"bytes":	3121152,
				"bits_per_second":	2.49681e+07,
				"jitter_ms":	0.668331,
				"lost_packets":	0,
				"packets":	381,
				"lost_percent":	0,
				"omitted":	false
			}
		}, {
			"streams":	[{
					"socket":	5,
					"start":	18.0003,
					"end":	19.0001,
					"seconds":	0.999833,
					"bytes":	3129344,
					"bits_per_second":	2.50389e+07,
					"jitter_ms":	0.507886,
					"lost_packets":	0,
					"packets":	382,
					"lost_percent":	0,
					"omitted":	false
				}],
			"sum":	{
				"start":	18.0003,
				"end":	19.0001,
				"seconds":	0.999833,
				"bytes":	3129344,
				"bits_per_second":	2.50389e+07,
				"jitter_ms":	0.507886,
				"lost_packets":	0,
				"packets":	382,
				"lost_percent":	0,
				"omitted":	false
			}
		}, {
			"streams":	[{
					"socket":	5,
					"start":	19.0001,
					"end":	20.0005,
					"seconds":	1.00036,
					"bytes":	3121152,
					"bits_per_second":	2.49602e+07,
					"jitter_ms":	0.538127,
					"lost_packets":	0,
					"packets":	381,
					"lost_percent":	0,
					"omitted":	false
				}],
			"sum":	{
				"start":	19.0001,
				"end":	20.0005,
				"seconds":	1.00036,
				"bytes":	3121152,
				"bits_per_second":	2.49602e+07,
				"jitter_ms":	0.538127,
				"lost_packets":	0,
				"packets":	381,
				"lost_percent":	0,
				"omitted":	false
			}
		}, {
			"streams":	[{
					"socket":	5,
					"start":	20.0005,
					"end":	21.0004,
					"seconds":	0.999921,
					"bytes":	3129344,
					"bits_per_second":	2.50367e+07,
					"jitter_ms":	0.535271,
					"lost_packets":	0,
					"packets":	382,
					"lost_percent":	0,
					"omitted":	false
				}],
			"sum":	{
				"start":	20.0005,
				"end":	21.0004,
				"seconds":	0.999921,
				"bytes":	3129344,
				"bits_per_second":	2.50367e+07,
				"jitter_ms":	0.535271,
				"lost_packets":	0,
				"packets":	382,
				"lost_percent":	0,
				"omitted":	false
			}
		}, {
			"streams":	[{
					"socket":	5,
					"start":	21.0004,
					"end":	22.0004,
					"seconds":	0.999932,
					"bytes":	3121152,
					"bits_per_second":	2.49709e+07,
					"jitter_ms":	0.599105,
					"lost_packets":	0,
					"packets":	381,
					"lost_percent":	0,
					"omitted":	false
				}],
			"sum":	{
				"start":	21.0004,
				"end":	22.0004,
				"seconds":	0.999932,
				"bytes":	3121152,
				"bits_per_second":	2.49709e+07,
				"jitter_ms":	0.599105,
				"lost_packets":	0,
				"packets":	381,
				"lost_percent":	0,
				"omitted":	false
			}
		}, {
			"streams":	[{
					"socket":	5,
					"start":	22.0004,
					"end":	23.0005,
					"seconds":	1.00019,
					"bytes":	3129344,
					"bits_per_second":	2.503e+07,
					"jitter_ms":	0.689059,
					"lost_packets":	0,
					"packets":	382,
					"lost_percent":	0,
					"omitted":	false
				}],
			"sum":	{
				"start":	22.0004,
				"end":	23.0005,
				"seconds":	1.00019,
				"bytes":	3129344,
				"bits_per_second":	2.503e+07,
				"jitter_ms":	0.689059,
				"lost_packets":	0,
				"packets":	382,
				"lost_percent":	0,
				"omitted":	false
			}
		}, {
			"streams":	[{
					"socket":	5,
					"start":	23.0005,
					"end":	24.0005,
					"seconds":	0.999945,
					"bytes":	3121152,
					"bits_per_second":	2.49706e+07,
					"jitter_ms":	0.508923,
					"lost_packets":	0,
					"packets":	381,
					"lost_percent":	0,
					"omitted":	false
				}],
			"sum":	{
				"start":	23.0005,
				"end":	24.0005,
				"seconds":	0.999945,
				"bytes":	3121152,
				"bits_per_second":	2.49706e+07,
				"jitter_ms":	0.508923,
				"lost_packets":	0,
				"packets":	381,
				"lost_percent":	0,
				"omitted":	false
			}
		}, {
			"streams":	[{
					"socket":	5,
					"start":	24.0005,
					"end":	25.001,
					"seconds":	1.00056,
					"bytes":	3129344,
					"bits_per_second":	2.50207e+07,
					"jitter_ms":	0.576732,
					"lost_packets":	0,
					"packets":	382,
					"lost_percent":	0,
					"omitted":	false
				}],
			"sum":	{
				"start":	24.0005,
				"end":	25.001,
				"seconds":	1.00056,
				"bytes":	3129344,
				"bits_per_second":	2.50207e+07,
				"jitter_ms":	0.576732,
				"lost_packets":	0,
				"packets":	382,
				"lost_percent":	0,
				"omitted":	false
			}
		}, {
			"streams":	[{
					"socket":	5,
					"start":	25.001,
					"end":	26.0004,
					"seconds":	0.999305,
					"bytes":	3121152,
					"bits_per_second":	2.49866e+07,
					"jitter_ms":	0.737317,
					"lost_packets":	0,
					"packets":	381,
					"lost_percent":	0,
					"omitted":	false
				}],
			"sum":	{
				"start":	25.001,
				"end":	26.0004,
				"seconds":	0.999305,
				"bytes":	3121152,
				"bits_per_second":	2.49866e+07,
				"jitter_ms":	0.737317,
				"lost_packets":	0,
				"packets":	381,
				"lost_percent":	0,
				"omitted":	false
			}
		}, {
			"streams":	[{
					"socket":	5,
					"start":	26.0004,
					"end":	27.0003,
					"seconds":	0.999943,
					"bytes":	3121152,
					"bits_per_second":	2.49706e+07,
					"jitter_ms":	0.637648,
					"lost_packets":	0,
					"packets":	381,
					"lost_percent":	0,
					"omitted":	false
				}],
			"sum":	{
				"start":	26.0004,
				"end":	27.0003,
				"seconds":	0.999943,
				"bytes":	3121152,
				"bits_per_second":	2.49706e+07,
				"jitter_ms":	0.637648,
				"lost_packets":	0,
				"packets":	381,
				"lost_percent":	0,
				"omitted":	false
			}
		}, {
			"streams":	[{
					"socket":	5,
					"start":	27.0003,
					"end":	27.0308,
					"seconds":	0.0304708,
					"bytes":	0,
					"bits_per_second":	0,
					"jitter_ms":	0.637648,
					"lost_packets":	0,
					"packets":	0,
					"lost_percent":	-nan,
					"omitted":	false
				}],
			"sum":	{
				"start":	27.0003,
				"end":	27.0308,
				"seconds":	0.0304708,
				"bytes":	0,
				"bits_per_second":	0,
				"jitter_ms":	0.637648,
				"lost_packets":	0,
				"packets":	0,
				"lost_percent":	-nan,
				"omitted":	false
			}
		}],
	"end":	{
		"streams":	[{
				"udp":	{
					"socket":	5,
					"start":	0,
					"end":	27.0308,
					"seconds":	27.0308,
					"bytes":	84066304,
					"bits_per_second":	2.48802e+07,
					"jitter_ms":	0.637648,
					"lost_packets":	0,
					"packets":	10262,
					"lost_percent":	0
				}
			}],
		"sum":	{
			"start":	0,
			"end":	27.0308,
			"seconds":	27.0308,
			"bytes":	84066304,
			"bits_per_second":	2.48802e+07,
			"jitter_ms":	0.637648,
			"lost_packets":	0,
			"packets":	10262,
			"lost_percent":	0
		},
		"cpu_utilization_percent":	{
			"host_total":	1.94007,
			"host_user":	0.244275,
			"host_system":	1.6958,
			"remote_total":	1.00401,
			"remote_user":	0.193555,
			"remote_system":	0.810456
		}
	}
}
