{
	"start":	{
		"connected":	[{
				"socket":	5,
				"local_host":	"10.0.0.9",
				"local_port":	1118,
				"remote_host":	"10.0.0.2",
				"remote_port":	55934
			}],
		"version":	"iperf 3.0.7",
		"system_info":	"Linux MECS2 5.4.197-0504197-generic #202206060747 SMP Mon Jun 6 09:27:47 UTC 2022 x86_64 x86_64 x86_64 GNU/Linux\n",
		"timestamp":	{
			"time":	"Mon, 25 Jul 2022 21:46:34 GMT",
			"timesecs":	1658785594
		},
		"accepted_connection":	{
			"host":	"10.0.0.2",
			"port":	55932
		},
		"cookie":	"BS2.1658785594.648137.2b2d1eda7cfc12",
		"tcp_mss_default":	1448,
		"test_start":	{
			"protocol":	"TCP",
			"num_streams":	1,
			"blksize":	131072,
			"omit":	0,
			"duration":	49,
			"bytes":	0,
			"blocks":	0,
			"reverse":	0
		}
	},
	"intervals":	[{
			"streams":	[{
					"socket":	5,
					"start":	0,
					"end":	1.00661,
					"seconds":	1.00661,
					"bytes":	5715736,
					"bits_per_second":	4.54257e+07,
					"omitted":	false
				}],
			"sum":	{
				"start":	0,
				"end":	1.00661,
				"seconds":	1.00661,
				"bytes":	5715736,
				"bits_per_second":	4.54257e+07,
				"omitted":	false
			}
		}, {
			"streams":	[{
					"socket":	5,
					"start":	1.00661,
					"end":	2.00061,
					"seconds":	0.994005,
					"bytes":	6291456,
					"bits_per_second":	5.06352e+07,
					"omitted":	false
				}],
			"sum":	{
				"start":	1.00661,
				"end":	2.00061,
				"seconds":	0.994005,
				"bytes":	6291456,
				"bits_per_second":	5.06352e+07,
				"omitted":	false
			}
		}, {
			"streams":	[{
					"socket":	5,
					"start":	2.00061,
					"end":	3.00036,
					"seconds":	0.999744,
					"bytes":	6160384,
					"bits_per_second":	4.92957e+07,
					"omitted":	false
				}],
			"sum":	{
				"start":	2.00061,
				"end":	3.00036,
				"seconds":	0.999744,
				"bytes":	6160384,
				"bits_per_second":	4.92957e+07,
				"omitted":	false
			}
		}, {
			"streams":	[{
					"socket":	5,
					"start":	3.00036,
					"end":	4.00014,
					"seconds":	0.999783,
					"bytes":	6291456,
					"bits_per_second":	5.03426e+07,
					"omitted":	false
				}],
			"sum":	{
				"start":	3.00036,
				"end":	4.00014,
				"seconds":	0.999783,
				"bytes":	6291456,
				"bits_per_second":	5.03426e+07,
				"omitted":	false
			}
		}, {
			"streams":	[{
					"socket":	5,
					"start":	4.00014,
					"end":	5.0005,
					"seconds":	1.00036,
					"bytes":	6291456,
					"bits_per_second":	5.03135e+07,
					"omitted":	false
				}],
			"sum":	{
				"start":	4.00014,
				"end":	5.0005,
				"seconds":	1.00036,
				"bytes":	6291456,
				"bits_per_second":	5.03135e+07,
				"omitted":	false
			}
		}, {
			"streams":	[{
					"socket":	5,
					"start":	5.0005,
					"end":	6.00026,
					"seconds":	0.999759,
					"bytes":	6160384,
					"bits_per_second":	4.9295e+07,
					"omitted":	false
				}],
			"sum":	{
				"start":	5.0005,
				"end":	6.00026,
				"seconds":	0.999759,
				"bytes":	6160384,
				"bits_per_second":	4.9295e+07,
				"omitted":	false
			}
		}, {
			"streams":	[{
					"socket":	5,
					"start":	6.00026,
					"end":	7.00034,
					"seconds":	1.00008,
					"bytes":	6291456,
					"bits_per_second":	5.03275e+07,
					"omitted":	false
				}],
			"sum":	{
				"start":	6.00026,
				"end":	7.00034,
				"seconds":	1.00008,
				"bytes":	6291456,
				"bits_per_second":	5.03275e+07,
				"omitted":	false
			}
		}, {
			"streams":	[{
					"socket":	5,
					"start":	7.00034,
					"end":	8.01116,
					"seconds":	1.01082,
					"bytes":	6291456,
					"bits_per_second":	4.97928e+07,
					"omitted":	false
				}],
			"sum":	{
				"start":	7.00034,
				"end":	8.01116,
				"seconds":	1.01082,
				"bytes":	6291456,
				"bits_per_second":	4.97928e+07,
				"omitted":	false
			}
		}, {
			"streams":	[{
					"socket":	5,
					"start":	8.01116,
					"end":	9.0003,
					"seconds":	0.989133,
					"bytes":	6160384,
					"bits_per_second":	4.98245e+07,
					"omitted":	false
				}],
			"sum":	{
				"start":	8.01116,
				"end":	9.0003,
				"seconds":	0.989133,
				"bytes":	6160384,
				"bits_per_second":	4.98245e+07,
				"omitted":	false
			}
		}, {
			"streams":	[{
					"socket":	5,
					"start":	9.0003,
					"end":	10.0006,
					"seconds":	1.00027,
					"bytes":	6291456,
					"bits_per_second":	5.03179e+07,
					"omitted":	false
				}],
			"sum":	{
				"start":	9.0003,
				"end":	10.0006,
				"seconds":	1.00027,
				"bytes":	6291456,
				"bits_per_second":	5.03179e+07,
				"omitted":	false
			}
		}, {
			"streams":	[{
					"socket":	5,
					"start":	10.0006,
					"end":	11.0005,
					"seconds":	0.999889,
					"bytes":	6291456,
					"bits_per_second":	5.03372e+07,
					"omitted":	false
				}],
			"sum":	{
				"start":	10.0006,
				"end":	11.0005,
				"seconds":	0.999889,
				"bytes":	6291456,
				"bits_per_second":	5.03372e+07,
				"omitted":	false
			}
		}, {
			"streams":	[{
					"socket":	5,
					"start":	11.0005,
					"end":	12.0042,
					"seconds":	1.00371,
					"bytes":	6291456,
					"bits_per_second":	5.01458e+07,
					"omitted":	false
				}],
			"sum":	{
				"start":	11.0005,
				"end":	12.0042,
				"seconds":	1.00371,
				"bytes":	6291456,
				"bits_per_second":	5.01458e+07,
				"omitted":	false
			}
		}, {
			"streams":	[{
					"socket":	5,
					"start":	12.0042,
					"end":	13.0005,
					"seconds":	0.996298,
					"bytes":	6160384,
					"bits_per_second":	4.94662e+07,
					"omitted":	false
				}],
			"sum":	{
				"start":	12.0042,
				"end":	13.0005,
				"seconds":	0.996298,
				"bytes":	6160384,
				"bits_per_second":	4.94662e+07,
				"omitted":	false
			}
		}, {
			"streams":	[{
					"socket":	5,
					"start":	13.0005,
					"end":	14.0101,
					"seconds":	1.00963,
					"bytes":	6291456,
					"bits_per_second":	4.98517e+07,
					"omitted":	false
				}],
			"sum":	{
				"start":	13.0005,
				"end":	14.0101,
				"seconds":	1.00963,
				"bytes":	6291456,
				"bits_per_second":	4.98517e+07,
				"omitted":	false
			}
		}, {
			"streams":	[{
					"socket":	5,
					"start":	14.0101,
					"end":	15.0079,
					"seconds":	0.997832,
					"bytes":	6160384,
					"bits_per_second":	4.93901e+07,
					"omitted":	false
				}],
			"sum":	{
				"start":	14.0101,
				"end":	15.0079,
				"seconds":	0.997832,
				"bytes":	6160384,
				"bits_per_second":	4.93901e+07,
				"omitted":	false
			}
		}, {
			"streams":	[{
					"socket":	5,
					"start":	15.0079,
					"end":	16.0004,
					"seconds":	0.992481,
					"bytes":	6291456,
					"bits_per_second":	5.0713e+07,
					"omitted":	false
				}],
			"sum":	{
				"start":	15.0079,
				"end":	16.0004,
				"seconds":	0.992481,
				"bytes":	6291456,
				"bits_per_second":	5.0713e+07,
				"omitted":	false
			}
		}, {
			"streams":	[{
					"socket":	5,
					"start":	16.0004,
					"end":	17.0007,
					"seconds":	1.00027,
					"bytes":	6291456,
					"bits_per_second":	5.03182e+07,
					"omitted":	false
				}],
			"sum":	{
				"start":	16.0004,
				"end":	17.0007,
				"seconds":	1.00027,
				"bytes":	6291456,
				"bits_per_second":	5.03182e+07,
				"omitted":	false
			}
		}, {
			"streams":	[{
					"socket":	5,
					"start":	17.0007,
					"end":	18.0008,
					"seconds":	1.00008,
					"bytes":	6291456,
					"bits_per_second":	5.03275e+07,
					"omitted":	false
				}],
			"sum":	{
				"start":	17.0007,
				"end":	18.0008,
				"seconds":	1.00008,
				"bytes":	6291456,
				"bits_per_second":	5.03275e+07,
				"omitted":	false
			}
		}, {
			"streams":	[{
					"socket":	5,
					"start":	18.0008,
					"end":	19.0002,
					"seconds":	0.999452,
					"bytes":	6160384,
					"bits_per_second":	4.93101e+07,
					"omitted":	false
				}],
			"sum":	{
				"start":	18.0008,
				"end":	19.0002,
				"seconds":	0.999452,
				"bytes":	6160384,
				"bits_per_second":	4.93101e+07,
				"omitted":	false
			}
		}, {
			"streams":	[{
					"socket":	5,
					"start":	19.0002,
					"end":	20.0005,
					"seconds":	1.00031,
					"bytes":	6291456,
					"bits_per_second":	5.03161e+07,
					"omitted":	false
				}],
			"sum":	{
				"start":	19.0002,
				"end":	20.0005,
				"seconds":	1.00031,
				"bytes":	6291456,
				"bits_per_second":	5.03161e+07,
				"omitted":	false
			}
		}, {
			"streams":	[{
					"socket":	5,
					"start":	20.0005,
					"end":	21.0003,
					"seconds":	0.999806,
					"bytes":	6291456,
					"bits_per_second":	5.03414e+07,
					"omitted":	false
				}],
			"sum":	{
				"start":	20.0005,
				"end":	21.0003,
				"seconds":	0.999806,
				"bytes":	6291456,
				"bits_per_second":	5.03414e+07,
				"omitted":	false
			}
		}, {
			"streams":	[{
					"socket":	5,
					"start":	21.0003,
					"end":	22.0003,
					"seconds":	1.00001,
					"bytes":	6160384,
					"bits_per_second":	4.92824e+07,
					"omitted":	false
				}],
			"sum":	{
				"start":	21.0003,
				"end":	22.0003,
				"seconds":	1.00001,
				"bytes":	6160384,
				"bits_per_second":	4.92824e+07,
				"omitted":	false
			}
		}, {
			"streams":	[{
					"socket":	5,
					"start":	22.0003,
					"end":	23.0001,
					"seconds":	0.999774,
					"bytes":	6291456,
					"bits_per_second":	5.0343e+07,
					"omitted":	false
				}],
			"sum":	{
				"start":	22.0003,
				"end":	23.0001,
				"seconds":	0.999774,
				"bytes":	6291456,
				"bits_per_second":	5.0343e+07,
				"omitted":	false
			}
		}, {
			"streams":	[{
					"socket":	5,
					"start":	23.0001,
					"end":	24.0013,
					"seconds":	1.00116,
					"bytes":	6291456,
					"bits_per_second":	5.02733e+07,
					"omitted":	false
				}],
			"sum":	{
				"start":	23.0001,
				"end":	24.0013,
				"seconds":	1.00116,
				"bytes":	6291456,
				"bits_per_second":	5.02733e+07,
				"omitted":	false
			}
		}, {
			"streams":	[{
					"socket":	5,
					"start":	24.0013,
					"end":	25.0048,
					"seconds":	1.00351,
					"bytes":	6422528,
					"bits_per_second":	5.12003e+07,
					"omitted":	false
				}],
			"sum":	{
				"start":	24.0013,
				"end":	25.0048,
				"seconds":	1.00351,
				"bytes":	6422528,
				"bits_per_second":	5.12003e+07,
				"omitted":	false
			}
		}, {
			"streams":	[{
					"socket":	5,
					"start":	25.0048,
					"end":	26.0008,
					"seconds":	0.995977,
					"bytes":	6029312,
					"bits_per_second":	4.84293e+07,
					"omitted":	false
				}],
			"sum":	{
				"start":	25.0048,
				"end":	26.0008,
				"seconds":	0.995977,
				"bytes":	6029312,
				"bits_per_second":	4.84293e+07,
				"omitted":	false
			}
		}, {
			"streams":	[{
					"socket":	5,
					"start":	26.0008,
					"end":	27.0006,
					"seconds":	0.999871,
					"bytes":	6291456,
					"bits_per_second":	5.03381e+07,
					"omitted":	false
				}],
			"sum":	{
				"start":	26.0008,
				"end":	27.0006,
				"seconds":	0.999871,
				"bytes":	6291456,
				"bits_per_second":	5.03381e+07,
				"omitted":	false
			}
		}, {
			"streams":	[{
					"socket":	5,
					"start":	27.0006,
					"end":	28.0004,
					"seconds":	0.999782,
					"bytes":	6291456,
					"bits_per_second":	5.03426e+07,
					"omitted":	false
				}],
			"sum":	{
				"start":	27.0006,
				"end":	28.0004,
				"seconds":	0.999782,
				"bytes":	6291456,
				"bits_per_second":	5.03426e+07,
				"omitted":	false
			}
		}, {
			"streams":	[{
					"socket":	5,
					"start":	28.0004,
					"end":	29.0006,
					"seconds":	1.00018,
					"bytes":	6160384,
					"bits_per_second":	4.92744e+07,
					"omitted":	false
				}],
			"sum":	{
				"start":	28.0004,
				"end":	29.0006,
				"seconds":	1.00018,
				"bytes":	6160384,
				"bits_per_second":	4.92744e+07,
				"omitted":	false
			}
		}, {
			"streams":	[{
					"socket":	5,
					"start":	29.0006,
					"end":	30.0033,
					"seconds":	1.00272,
					"bytes":	5649128,
					"bits_per_second":	4.50706e+07,
					"omitted":	false
				}],
			"sum":	{
				"start":	29.0006,
				"end":	30.0033,
				"seconds":	1.00272,
				"bytes":	5649128,
				"bits_per_second":	4.50706e+07,
				"omitted":	false
			}
		}, {
			"streams":	[{
					"socket":	5,
					"start":	30.0033,
					"end":	31.0027,
					"seconds":	0.999429,
					"bytes":	3885736,
					"bits_per_second":	3.11036e+07,
					"omitted":	false
				}],
			"sum":	{
				"start":	30.0033,
				"end":	31.0027,
				"seconds":	0.999429,
				"bytes":	3885736,
				"bits_per_second":	3.11036e+07,
				"omitted":	false
			}
		}, {
			"streams":	[{
					"socket":	5,
					"start":	31.0027,
					"end":	32.001,
					"seconds":	0.99824,
					"bytes":	2825048,
					"bits_per_second":	2.26402e+07,
					"omitted":	false
				}],
			"sum":	{
				"start":	31.0027,
				"end":	32.001,
				"seconds":	0.99824,
				"bytes":	2825048,
				"bits_per_second":	2.26402e+07,
				"omitted":	false
			}
		}, {
			"streams":	[{
					"socket":	5,
					"start":	32.001,
					"end":	33.0005,
					"seconds":	0.99952,
					"bytes":	2209648,
					"bits_per_second":	1.76857e+07,
					"omitted":	false
				}],
			"sum":	{
				"start":	32.001,
				"end":	33.0005,
				"seconds":	0.99952,
				"bytes":	2209648,
				"bits_per_second":	1.76857e+07,
				"omitted":	false
			}
		}, {
			"streams":	[{
					"socket":	5,
					"start":	33.0005,
					"end":	34.0089,
					"seconds":	1.00837,
					"bytes":	3000256,
					"bits_per_second":	2.38028e+07,
					"omitted":	false
				}],
			"sum":	{
				"start":	33.0005,
				"end":	34.0089,
				"seconds":	1.00837,
				"bytes":	3000256,
				"bits_per_second":	2.38028e+07,
				"omitted":	false
			}
		}, {
			"streams":	[{
					"socket":	5,
					"start":	34.0089,
					"end":	35.0034,
					"seconds":	0.994528,
					"bytes":	2898896,
					"bits_per_second":	2.33188e+07,
					"omitted":	false
				}],
			"sum":	{
				"start":	34.0089,
				"end":	35.0034,
				"seconds":	0.994528,
				"bytes":	2898896,
				"bits_per_second":	2.33188e+07,
				"omitted":	false
			}
		}, {
			"streams":	[{
					"socket":	5,
					"start":	35.0034,
					"end":	36.0068,
					"seconds":	1.00336,
					"bytes":	4297664,
					"bits_per_second":	3.42661e+07,
					"omitted":	false
				}],
			"sum":	{
				"start":	35.0034,
				"end":	36.0068,
				"seconds":	1.00336,
				"bytes":	4297664,
				"bits_per_second":	3.42661e+07,
				"omitted":	false
			}
		}, {
			"streams":	[{
					"socket":	5,
					"start":	36.0068,
					"end":	37.0305,
					"seconds":	1.02373,
					"bytes":	4730616,
					"bits_per_second":	3.69678e+07,
					"omitted":	false
				}],
			"sum":	{
				"start":	36.0068,
				"end":	37.0305,
				"seconds":	1.02373,
				"bytes":	4730616,
				"bits_per_second":	3.69678e+07,
				"omitted":	false
			}
		}, {
			"streams":	[{
					"socket":	5,
					"start":	37.0305,
					"end":	38.0004,
					"seconds":	0.969959,
					"bytes":	5357600,
					"bits_per_second":	4.41883e+07,
					"omitted":	false
				}],
			"sum":	{
				"start":	37.0305,
				"end":	38.0004,
				"seconds":	0.969959,
				"bytes":	5357600,
				"bits_per_second":	4.41883e+07,
				"omitted":	false
			}
		}, {
			"streams":	[{
					"socket":	5,
					"start":	38.0004,
					"end":	39.0003,
					"seconds":	0.999896,
					"bytes":	4074672,
					"bits_per_second":	3.26008e+07,
					"omitted":	false
				}],
			"sum":	{
				"start":	38.0004,
				"end":	39.0003,
				"seconds":	0.999896,
				"bytes":	4074672,
				"bits_per_second":	3.26008e+07,
				"omitted":	false
			}
		}, {
			"streams":	[{
					"socket":	5,
					"start":	39.0003,
					"end":	40.0138,
					"seconds":	1.01341,
					"bytes":	2209648,
					"bits_per_second":	1.74432e+07,
					"omitted":	false
				}],
			"sum":	{
				"start":	39.0003,
				"end":	40.0138,
				"seconds":	1.01341,
				"bytes":	2209648,
				"bits_per_second":	1.74432e+07,
				"omitted":	false
			}
		}, {
			"streams":	[{
					"socket":	5,
					"start":	40.0138,
					"end":	41.0113,
					"seconds":	0.997527,
					"bytes":	4229608,
					"bits_per_second":	3.39207e+07,
					"omitted":	false
				}],
			"sum":	{
				"start":	40.0138,
				"end":	41.0113,
				"seconds":	0.997527,
				"bytes":	4229608,
				"bits_per_second":	3.39207e+07,
				"omitted":	false
			}
		}, {
			"streams":	[{
					"socket":	5,
					"start":	41.0113,
					"end":	42.0003,
					"seconds":	0.989028,
					"bytes":	3615656,
					"bits_per_second":	2.92461e+07,
					"omitted":	false
				}],
			"sum":	{
				"start":	41.0113,
				"end":	42.0003,
				"seconds":	0.989028,
				"bytes":	3615656,
				"bits_per_second":	2.92461e+07,
				"omitted":	false
			}
		}, {
			"streams":	[{
					"socket":	5,
					"start":	42.0003,
					"end":	43.0066,
					"seconds":	1.00634,
					"bytes":	1846200,
					"bits_per_second":	1.46765e+07,
					"omitted":	false
				}],
			"sum":	{
				"start":	42.0003,
				"end":	43.0066,
				"seconds":	1.00634,
				"bytes":	1846200,
				"bits_per_second":	1.46765e+07,
				"omitted":	false
			}
		}, {
			"streams":	[{
					"socket":	5,
					"start":	43.0066,
					"end":	44.0025,
					"seconds":	0.995849,
					"bytes":	5606656,
					"bits_per_second":	4.50402e+07,
					"omitted":	false
				}],
			"sum":	{
				"start":	43.0066,
				"end":	44.0025,
				"seconds":	0.995849,
				"bytes":	5606656,
				"bits_per_second":	4.50402e+07,
				"omitted":	false
			}
		}, {
			"streams":	[{
					"socket":	5,
					"start":	44.0025,
					"end":	45.0059,
					"seconds":	1.00337,
					"bytes":	5922320,
					"bits_per_second":	4.72194e+07,
					"omitted":	false
				}],
			"sum":	{
				"start":	44.0025,
				"end":	45.0059,
				"seconds":	1.00337,
				"bytes":	5922320,
				"bits_per_second":	4.72194e+07,
				"omitted":	false
			}
		}, {
			"streams":	[{
					"socket":	5,
					"start":	45.0059,
					"end":	46.001,
					"seconds":	0.995153,
					"bytes":	7316744,
					"bits_per_second":	5.88191e+07,
					"omitted":	false
				}],
			"sum":	{
				"start":	45.0059,
				"end":	46.001,
				"seconds":	0.995153,
				"bytes":	7316744,
				"bits_per_second":	5.88191e+07,
				"omitted":	false
			}
		}, {
			"streams":	[{
					"socket":	5,
					"start":	46.001,
					"end":	47.002,
					"seconds":	1.00098,
					"bytes":	7600552,
					"bits_per_second":	6.07451e+07,
					"omitted":	false
				}],
			"sum":	{
				"start":	46.001,
				"end":	47.002,
				"seconds":	1.00098,
				"bytes":	7600552,
				"bits_per_second":	6.07451e+07,
				"omitted":	false
			}
		}, {
			"streams":	[{
					"socket":	5,
					"start":	47.002,
					"end":	48.0006,
					"seconds":	0.998566,
					"bytes":	7280544,
					"bits_per_second":	5.8328e+07,
					"omitted":	false
				}],
			"sum":	{
				"start":	47.002,
				"end":	48.0006,
				"seconds":	0.998566,
				"bytes":	7280544,
				"bits_per_second":	5.8328e+07,
				"omitted":	false
			}
		}, {
			"streams":	[{
					"socket":	5,
					"start":	48.0006,
					"end":	49.0022,
					"seconds":	1.0016,
					"bytes":	21922024,
					"bits_per_second":	1.75096e+08,
					"omitted":	false
				}],
			"sum":	{
				"start":	48.0006,
				"end":	49.0022,
				"seconds":	1.0016,
				"bytes":	21922024,
				"bits_per_second":	1.75096e+08,
				"omitted":	false
			}
		}, {
			"streams":	[{
					"socket":	5,
					"start":	49.0022,
					"end":	49.0181,
					"seconds":	0.0159369,
					"bytes":	461160,
					"bits_per_second":	2.31494e+08,
					"omitted":	false
				}],
			"sum":	{
				"start":	49.0022,
				"end":	49.0181,
				"seconds":	0.0159369,
				"bytes":	461160,
				"bits_per_second":	2.31494e+08,
				"omitted":	false
			}
		}],
	"end":	{
		"streams":	[{
				"sender":	{
					"socket":	5,
					"start":	0,
					"end":	49.0181,
					"seconds":	49.0181,
					"bytes":	289093400,
					"bits_per_second":	4.71815e+07,
					"retransmits":	130
				},
				"receiver":	{
					"socket":	5,
					"start":	0,
					"end":	49.0181,
					"seconds":	49.0181,
					"bytes":	287637232,
					"bits_per_second":	4.69438e+07
				}
			}],
		"sum_sent":	{
			"start":	0,
			"end":	49.0181,
			"seconds":	49.0181,
			"bytes":	289093400,
			"bits_per_second":	4.71815e+07,
			"retransmits":	130
		},
		"sum_received":	{
			"start":	0,
			"end":	49.0181,
			"seconds":	49.0181,
			"bytes":	287637232,
			"bits_per_second":	4.69438e+07
		},
		"cpu_utilization_percent":	{
			"host_total":	3.59973,
			"host_user":	0.214533,
			"host_system":	3.3852,
			"remote_total":	2.11414,
			"remote_user":	0.0718511,
			"remote_system":	2.04229
		}
	}
}
