{
	"start":	{
		"connected":	[{
				"socket":	5,
				"local_host":	"10.0.0.11",
				"local_port":	3741,
				"remote_host":	"10.0.0.3",
				"remote_port":	58052
			}],
		"version":	"iperf 3.0.7",
		"system_info":	"Linux H11 5.4.197-0504197-generic #202206060747 SMP Mon Jun 6 09:27:47 UTC 2022 x86_64 x86_64 x86_64 GNU/Linux\n",
		"timestamp":	{
			"time":	"Fri, 22 Jul 2022 16:22:34 GMT",
			"timesecs":	1658506954
		},
		"accepted_connection":	{
			"host":	"10.0.0.3",
			"port":	58050
		},
		"cookie":	"H3.1658506954.032065.4c3b78e66b7e111",
		"tcp_mss_default":	1448,
		"test_start":	{
			"protocol":	"TCP",
			"num_streams":	1,
			"blksize":	131072,
			"omit":	0,
			"duration":	5,
			"bytes":	0,
			"blocks":	0,
			"reverse":	0
		}
	},
	"intervals":	[{
			"streams":	[{
					"socket":	5,
					"start":	0,
					"end":	1.00029,
					"seconds":	1.00029,
					"bytes":	1689400,
					"bits_per_second":	1.35112e+07,
					"omitted":	false
				}],
			"sum":	{
				"start":	0,
				"end":	1.00029,
				"seconds":	1.00029,
				"bytes":	1689400,
				"bits_per_second":	1.35112e+07,
				"omitted":	false
			}
		}, {
			"streams":	[{
					"socket":	5,
					"start":	1.00029,
					"end":	2.0006,
					"seconds":	1.0003,
					"bytes":	1966080,
					"bits_per_second":	1.57239e+07,
					"omitted":	false
				}],
			"sum":	{
				"start":	1.00029,
				"end":	2.0006,
				"seconds":	1.0003,
				"bytes":	1966080,
				"bits_per_second":	1.57239e+07,
				"omitted":	false
			}
		}, {
			"streams":	[{
					"socket":	5,
					"start":	2.0006,
					"end":	3.00054,
					"seconds":	0.99994,
					"bytes":	1858176,
					"bits_per_second":	1.48663e+07,
					"omitted":	false
				}],
			"sum":	{
				"start":	2.0006,
				"end":	3.00054,
				"seconds":	0.99994,
				"bytes":	1858176,
				"bits_per_second":	1.48663e+07,
				"omitted":	false
			}
		}, {
			"streams":	[{
					"socket":	5,
					"start":	3.00054,
					"end":	4.00135,
					"seconds":	1.00081,
					"bytes":	1836456,
					"bits_per_second":	1.46797e+07,
					"omitted":	false
				}],
			"sum":	{
				"start":	3.00054,
				"end":	4.00135,
				"seconds":	1.00081,
				"bytes":	1836456,
				"bits_per_second":	1.46797e+07,
				"omitted":	false
			}
		}, {
			"streams":	[{
					"socket":	5,
					"start":	4.00135,
					"end":	5.00115,
					"seconds":	0.999805,
					"bytes":	1941464,
					"bits_per_second":	1.55347e+07,
					"omitted":	false
				}],
			"sum":	{
				"start":	4.00135,
				"end":	5.00115,
				"seconds":	0.999805,
				"bytes":	1941464,
				"bits_per_second":	1.55347e+07,
				"omitted":	false
			}
		}, {
			"streams":	[{
					"socket":	5,
					"start":	5.00115,
					"end":	5.00153,
					"seconds":	0.000372171,
					"bytes":	0,
					"bits_per_second":	0,
					"omitted":	false
				}],
			"sum":	{
				"start":	5.00115,
				"end":	5.00153,
				"seconds":	0.000372171,
				"bytes":	0,
				"bits_per_second":	0,
				"omitted":	false
			}
		}],
	"end":	{
		"streams":	[{
				"sender":	{
					"socket":	5,
					"start":	0,
					"end":	5.00153,
					"seconds":	5.00153,
					"bytes":	9291576,
					"bits_per_second":	1.4862e+07,
					"retransmits":	1
				},
				"receiver":	{
					"socket":	5,
					"start":	0,
					"end":	5.00153,
					"seconds":	5.00153,
					"bytes":	9291576,
					"bits_per_second":	1.4862e+07
				}
			}],
		"sum_sent":	{
			"start":	0,
			"end":	5.00153,
			"seconds":	5.00153,
			"bytes":	9291576,
			"bits_per_second":	1.4862e+07,
			"retransmits":	1
		},
		"sum_received":	{
			"start":	0,
			"end":	5.00153,
			"seconds":	5.00153,
			"bytes":	9291576,
			"bits_per_second":	1.4862e+07
		},
		"cpu_utilization_percent":	{
			"host_total":	1.62113,
			"host_user":	0.790319,
			"host_system":	0.830833,
			"remote_total":	0.540509,
			"remote_user":	0.0982143,
			"remote_system":	0.442354
		}
	}
}
{
	"start":	{
		"connected":	[],
		"version":	"iperf 3.0.7",
		"system_info":	"Linux H11 5.4.197-0504197-generic #202206060747 SMP Mon Jun 6 09:27:47 UTC 2022 x86_64 x86_64 x86_64 GNU/Linux\n"
	},
	"intervals":	[],
	"end":	{
	},
	"error":	"interrupt - the server has terminated"
}
