{
	"start":	{
		"connected":	[{
				"socket":	5,
				"local_host":	"10.0.0.7",
				"local_port":	3619,
				"remote_host":	"10.0.0.2",
				"remote_port":	46106
			}],
		"version":	"iperf 3.0.7",
		"system_info":	"Linux H7 5.4.197-0504197-generic #202206060747 SMP Mon Jun 6 09:27:47 UTC 2022 x86_64 x86_64 x86_64 GNU/Linux\n",
		"timestamp":	{
			"time":	"Fri, 22 Jul 2022 16:22:12 GMT",
			"timesecs":	1658506932
		},
		"accepted_connection":	{
			"host":	"10.0.0.2",
			"port":	46104
		},
		"cookie":	"H2.1658506932.884894.40dd7e587e42197",
		"tcp_mss_default":	1448,
		"test_start":	{
			"protocol":	"TCP",
			"num_streams":	1,
			"blksize":	131072,
			"omit":	0,
			"duration":	5,
			"bytes":	0,
			"blocks":	0,
			"reverse":	0
		}
	},
	"intervals":	[{
			"streams":	[{
					"socket":	5,
					"start":	0,
					"end":	1.00092,
					"seconds":	1.00092,
					"bytes":	1690848,
					"bits_per_second":	1.35143e+07,
					"omitted":	false
				}],
			"sum":	{
				"start":	0,
				"end":	1.00092,
				"seconds":	1.00092,
				"bytes":	1690848,
				"bits_per_second":	1.35143e+07,
				"omitted":	false
			}
		}, {
			"streams":	[{
					"socket":	5,
					"start":	1.00092,
					"end":	2.00048,
					"seconds":	0.999551,
					"bytes":	1966080,
					"bits_per_second":	1.57357e+07,
					"omitted":	false
				}],
			"sum":	{
				"start":	1.00092,
				"end":	2.00048,
				"seconds":	0.999551,
				"bytes":	1966080,
				"bits_per_second":	1.57357e+07,
				"omitted":	false
			}
		}, {
			"streams":	[{
					"socket":	5,
					"start":	2.00048,
					"end":	3.0002,
					"seconds":	0.999722,
					"bytes":	1835008,
					"bits_per_second":	1.46841e+07,
					"omitted":	false
				}],
			"sum":	{
				"start":	2.00048,
				"end":	3.0002,
				"seconds":	0.999722,
				"bytes":	1835008,
				"bits_per_second":	1.46841e+07,
				"omitted":	false
			}
		}, {
			"streams":	[{
					"socket":	5,
					"start":	3.0002,
					"end":	4.00047,
					"seconds":	1.00027,
					"bytes":	1835008,
					"bits_per_second":	1.46761e+07,
					"omitted":	false
				}],
			"sum":	{
				"start":	3.0002,
				"end":	4.00047,
				"seconds":	1.00027,
				"bytes":	1835008,
				"bits_per_second":	1.46761e+07,
				"omitted":	false
			}
		}, {
			"streams":	[{
					"socket":	5,
					"start":	4.00047,
					"end":	5.00066,
					"seconds":	1.00019,
					"bytes":	1966080,
					"bits_per_second":	1.57257e+07,
					"omitted":	false
				}],
			"sum":	{
				"start":	4.00047,
				"end":	5.00066,
				"seconds":	1.00019,
				"bytes":	1966080,
				"bits_per_second":	1.57257e+07,
				"omitted":	false
			}
		}, {
			"streams":	[{
					"socket":	5,
					"start":	5.00066,
					"end":	5.00072,
					"seconds":	6.10352e-05,
					"bytes":	0,
					"bits_per_second":	0,
					"omitted":	false
				}],
			"sum":	{
				"start":	5.00066,
				"end":	5.00072,
				"seconds":	6.10352e-05,
				"bytes":	0,
				"bits_per_second":	0,
				"omitted":	false
			}
		}],
	"end":	{
		"streams":	[{
				"sender":	{
					"socket":	5,
					"start":	0,
					"end":	5.00072,
					"seconds":	5.00072,
					"bytes":	9293024,
					"bits_per_second":	1.48667e+07,
					"retransmits":	0
				},
				"receiver":	{
					"socket":	5,
					"start":	0,
					"end":	5.00072,
					"seconds":	5.00072,
					"bytes":	9293024,
					"bits_per_second":	1.48667e+07
				}
			}],
		"sum_sent":	{
			"start":	0,
			"end":	5.00072,
			"seconds":	5.00072,
			"bytes":	9293024,
			"bits_per_second":	1.48667e+07,
			"retransmits":	0
		},
		"sum_received":	{
			"start":	0,
			"end":	5.00072,
			"seconds":	5.00072,
			"bytes":	9293024,
			"bits_per_second":	1.48667e+07
		},
		"cpu_utilization_percent":	{
			"host_total":	1.46613,
			"host_user":	1.46599,
			"host_system":	0,
			"remote_total":	0.529056,
			"remote_user":	0.025642,
			"remote_system":	0.503374
		}
	}
}
{
	"start":	{
		"connected":	[],
		"version":	"iperf 3.0.7",
		"system_info":	"Linux H7 5.4.197-0504197-generic #202206060747 SMP Mon Jun 6 09:27:47 UTC 2022 x86_64 x86_64 x86_64 GNU/Linux\n"
	},
	"intervals":	[],
	"end":	{
	},
	"error":	"interrupt - the server has terminated"
}
