{
	"start":	{
		"connected":	[{
				"socket":	5,
				"local_host":	"10.0.0.8",
				"local_port":	2391,
				"remote_host":	"10.0.0.4",
				"remote_port":	54630
			}],
		"version":	"iperf 3.0.7",
		"system_info":	"Linux H8 5.4.197-0504197-generic #202206060747 SMP Mon Jun 6 09:27:47 UTC 2022 x86_64 x86_64 x86_64 GNU/Linux\n",
		"timestamp":	{
			"time":	"Fri, 22 Jul 2022 09:29:53 GMT",
			"timesecs":	1658482193
		},
		"accepted_connection":	{
			"host":	"10.0.0.4",
			"port":	54628
		},
		"cookie":	"H4.1658482193.424214.17758ae875e359c",
		"tcp_mss_default":	1448,
		"test_start":	{
			"protocol":	"TCP",
			"num_streams":	1,
			"blksize":	131072,
			"omit":	0,
			"duration":	5,
			"bytes":	0,
			"blocks":	0,
			"reverse":	0
		}
	},
	"intervals":	[{
			"streams":	[{
					"socket":	5,
					"start":	0,
					"end":	1.00092,
					"seconds":	1.00092,
					"bytes":	1689400,
					"bits_per_second":	1.35028e+07,
					"omitted":	false
				}],
			"sum":	{
				"start":	0,
				"end":	1.00092,
				"seconds":	1.00092,
				"bytes":	1689400,
				"bits_per_second":	1.35028e+07,
				"omitted":	false
			}
		}, {
			"streams":	[{
					"socket":	5,
					"start":	1.00092,
					"end":	2.00087,
					"seconds":	0.999947,
					"bytes":	1966080,
					"bits_per_second":	1.57295e+07,
					"omitted":	false
				}],
			"sum":	{
				"start":	1.00092,
				"end":	2.00087,
				"seconds":	0.999947,
				"bytes":	1966080,
				"bits_per_second":	1.57295e+07,
				"omitted":	false
			}
		}, {
			"streams":	[{
					"socket":	5,
					"start":	2.00087,
					"end":	3.00025,
					"seconds":	0.999381,
					"bytes":	1835008,
					"bits_per_second":	1.46892e+07,
					"omitted":	false
				}],
			"sum":	{
				"start":	2.00087,
				"end":	3.00025,
				"seconds":	0.999381,
				"bytes":	1835008,
				"bits_per_second":	1.46892e+07,
				"omitted":	false
			}
		}, {
			"streams":	[{
					"socket":	5,
					"start":	3.00025,
					"end":	4.00087,
					"seconds":	1.00062,
					"bytes":	1835008,
					"bits_per_second":	1.46709e+07,
					"omitted":	false
				}],
			"sum":	{
				"start":	3.00025,
				"end":	4.00087,
				"seconds":	1.00062,
				"bytes":	1835008,
				"bits_per_second":	1.46709e+07,
				"omitted":	false
			}
		}, {
			"streams":	[{
					"socket":	5,
					"start":	4.00087,
					"end":	5.00067,
					"seconds":	0.999798,
					"bytes":	1966080,
					"bits_per_second":	1.57318e+07,
					"omitted":	false
				}],
			"sum":	{
				"start":	4.00087,
				"end":	5.00067,
				"seconds":	0.999798,
				"bytes":	1966080,
				"bits_per_second":	1.57318e+07,
				"omitted":	false
			}
		}],
	"end":	{
		"streams":	[{
				"sender":	{
					"socket":	5,
					"start":	0,
					"end":	5.00067,
					"seconds":	5.00067,
					"bytes":	9291576,
					"bits_per_second":	1.48645e+07,
					"retransmits":	0
				},
				"receiver":	{
					"socket":	5,
					"start":	0,
					"end":	5.00067,
					"seconds":	5.00067,
					"bytes":	9291576,
					"bits_per_second":	1.48645e+07
				}
			}],
		"sum_sent":	{
			"start":	0,
			"end":	5.00067,
			"seconds":	5.00067,
			"bytes":	9291576,
			"bits_per_second":	1.48645e+07,
			"retransmits":	0
		},
		"sum_received":	{
			"start":	0,
			"end":	5.00067,
			"seconds":	5.00067,
			"bytes":	9291576,
			"bits_per_second":	1.48645e+07
		},
		"cpu_utilization_percent":	{
			"host_total":	1.21578,
			"host_user":	0.285137,
			"host_system":	0.930646,
			"remote_total":	0.643403,
			"remote_user":	0,
			"remote_system":	0.643363
		}
	}
}
