{
	"start":	{
		"connected":	[{
				"socket":	5,
				"local_host":	"10.0.0.16",
				"local_port":	1676,
				"remote_host":	"10.0.0.5",
				"remote_port":	60886
			}],
		"version":	"iperf 3.0.7",
		"system_info":	"Linux CS2 5.4.197-0504197-generic #202206060747 SMP Mon Jun 6 09:27:47 UTC 2022 x86_64 x86_64 x86_64 GNU/Linux\n",
		"timestamp":	{
			"time":	"Mon, 25 Jul 2022 21:50:47 GMT",
			"timesecs":	1658785847
		},
		"accepted_connection":	{
			"host":	"10.0.0.5",
			"port":	60884
		},
		"cookie":	"BS5.1658785847.667762.6996a6576820ec",
		"tcp_mss_default":	1448,
		"test_start":	{
			"protocol":	"TCP",
			"num_streams":	1,
			"blksize":	131072,
			"omit":	0,
			"duration":	30,
			"bytes":	0,
			"blocks":	0,
			"reverse":	0
		}
	},
	"intervals":	[{
			"streams":	[{
					"socket":	5,
					"start":	0,
					"end":	1.00014,
					"seconds":	1.00014,
					"bytes":	11416240,
					"bits_per_second":	9.13174e+07,
					"omitted":	false
				}],
			"sum":	{
				"start":	0,
				"end":	1.00014,
				"seconds":	1.00014,
				"bytes":	11416240,
				"bits_per_second":	9.13174e+07,
				"omitted":	false
			}
		}, {
			"streams":	[{
					"socket":	5,
					"start":	1.00014,
					"end":	2.00352,
					"seconds":	1.00339,
					"bytes":	12451840,
					"bits_per_second":	9.92787e+07,
					"omitted":	false
				}],
			"sum":	{
				"start":	1.00014,
				"end":	2.00352,
				"seconds":	1.00339,
				"bytes":	12451840,
				"bits_per_second":	9.92787e+07,
				"omitted":	false
			}
		}, {
			"streams":	[{
					"socket":	5,
					"start":	2.00352,
					"end":	3.00041,
					"seconds":	0.996885,
					"bytes":	12451840,
					"bits_per_second":	9.9926e+07,
					"omitted":	false
				}],
			"sum":	{
				"start":	2.00352,
				"end":	3.00041,
				"seconds":	0.996885,
				"bytes":	12451840,
				"bits_per_second":	9.9926e+07,
				"omitted":	false
			}
		}, {
			"streams":	[{
					"socket":	5,
					"start":	3.00041,
					"end":	4.00304,
					"seconds":	1.00263,
					"bytes":	12582912,
					"bits_per_second":	1.00399e+08,
					"omitted":	false
				}],
			"sum":	{
				"start":	3.00041,
				"end":	4.00304,
				"seconds":	1.00263,
				"bytes":	12582912,
				"bits_per_second":	1.00399e+08,
				"omitted":	false
			}
		}, {
			"streams":	[{
					"socket":	5,
					"start":	4.00304,
					"end":	5.00025,
					"seconds":	0.997215,
					"bytes":	12451840,
					"bits_per_second":	9.98929e+07,
					"omitted":	false
				}],
			"sum":	{
				"start":	4.00304,
				"end":	5.00025,
				"seconds":	0.997215,
				"bytes":	12451840,
				"bits_per_second":	9.98929e+07,
				"omitted":	false
			}
		}, {
			"streams":	[{
					"socket":	5,
					"start":	5.00025,
					"end":	6.00078,
					"seconds":	1.00052,
					"bytes":	12451840,
					"bits_per_second":	9.95624e+07,
					"omitted":	false
				}],
			"sum":	{
				"start":	5.00025,
				"end":	6.00078,
				"seconds":	1.00052,
				"bytes":	12451840,
				"bits_per_second":	9.95624e+07,
				"omitted":	false
			}
		}, {
			"streams":	[{
					"socket":	5,
					"start":	6.00078,
					"end":	7.00013,
					"seconds":	0.99935,
					"bytes":	12582912,
					"bits_per_second":	1.00729e+08,
					"omitted":	false
				}],
			"sum":	{
				"start":	6.00078,
				"end":	7.00013,
				"seconds":	0.99935,
				"bytes":	12582912,
				"bits_per_second":	1.00729e+08,
				"omitted":	false
			}
		}, {
			"streams":	[{
					"socket":	5,
					"start":	7.00013,
					"end":	8.00052,
					"seconds":	1.0004,
					"bytes":	12451840,
					"bits_per_second":	9.95753e+07,
					"omitted":	false
				}],
			"sum":	{
				"start":	7.00013,
				"end":	8.00052,
				"seconds":	1.0004,
				"bytes":	12451840,
				"bits_per_second":	9.95753e+07,
				"omitted":	false
			}
		}, {
			"streams":	[{
					"socket":	5,
					"start":	8.00052,
					"end":	9.00131,
					"seconds":	1.00079,
					"bytes":	12451840,
					"bits_per_second":	9.95362e+07,
					"omitted":	false
				}],
			"sum":	{
				"start":	8.00052,
				"end":	9.00131,
				"seconds":	1.00079,
				"bytes":	12451840,
				"bits_per_second":	9.95362e+07,
				"omitted":	false
			}
		}, {
			"streams":	[{
					"socket":	5,
					"start":	9.00131,
					"end":	10.0002,
					"seconds":	0.998902,
					"bytes":	12582912,
					"bits_per_second":	1.00774e+08,
					"omitted":	false
				}],
			"sum":	{
				"start":	9.00131,
				"end":	10.0002,
				"seconds":	0.998902,
				"bytes":	12582912,
				"bits_per_second":	1.00774e+08,
				"omitted":	false
			}
		}, {
			"streams":	[{
					"socket":	5,
					"start":	10.0002,
					"end":	11.0004,
					"seconds":	1.00017,
					"bytes":	12243800,
					"bits_per_second":	9.79337e+07,
					"omitted":	false
				}],
			"sum":	{
				"start":	10.0002,
				"end":	11.0004,
				"seconds":	1.00017,
				"bytes":	12243800,
				"bits_per_second":	9.79337e+07,
				"omitted":	false
			}
		}, {
			"streams":	[{
					"socket":	5,
					"start":	11.0004,
					"end":	12.0002,
					"seconds":	0.999809,
					"bytes":	12659880,
					"bits_per_second":	1.01298e+08,
					"omitted":	false
				}],
			"sum":	{
				"start":	11.0004,
				"end":	12.0002,
				"seconds":	0.999809,
				"bytes":	12659880,
				"bits_per_second":	1.01298e+08,
				"omitted":	false
			}
		}, {
			"streams":	[{
					"socket":	5,
					"start":	12.0002,
					"end":	13.0001,
					"seconds":	0.999935,
					"bytes":	12582912,
					"bits_per_second":	1.0067e+08,
					"omitted":	false
				}],
			"sum":	{
				"start":	12.0002,
				"end":	13.0001,
				"seconds":	0.999935,
				"bytes":	12582912,
				"bits_per_second":	1.0067e+08,
				"omitted":	false
			}
		}, {
			"streams":	[{
					"socket":	5,
					"start":	13.0001,
					"end":	14.0001,
					"seconds":	0.999987,
					"bytes":	12451840,
					"bits_per_second":	9.9616e+07,
					"omitted":	false
				}],
			"sum":	{
				"start":	13.0001,
				"end":	14.0001,
				"seconds":	0.999987,
				"bytes":	12451840,
				"bits_per_second":	9.9616e+07,
				"omitted":	false
			}
		}, {
			"streams":	[{
					"socket":	5,
					"start":	14.0001,
					"end":	15.0006,
					"seconds":	1.00047,
					"bytes":	12582912,
					"bits_per_second":	1.00616e+08,
					"omitted":	false
				}],
			"sum":	{
				"start":	14.0001,
				"end":	15.0006,
				"seconds":	1.00047,
				"bytes":	12582912,
				"bits_per_second":	1.00616e+08,
				"omitted":	false
			}
		}, {
			"streams":	[{
					"socket":	5,
					"start":	15.0006,
					"end":	16.0002,
					"seconds":	0.999654,
					"bytes":	12582912,
					"bits_per_second":	1.00698e+08,
					"omitted":	false
				}],
			"sum":	{
				"start":	15.0006,
				"end":	16.0002,
				"seconds":	0.999654,
				"bytes":	12582912,
				"bits_per_second":	1.00698e+08,
				"omitted":	false
			}
		}, {
			"streams":	[{
					"socket":	5,
					"start":	16.0002,
					"end":	17.0005,
					"seconds":	1.00028,
					"bytes":	12320768,
					"bits_per_second":	9.85382e+07,
					"omitted":	false
				}],
			"sum":	{
				"start":	16.0002,
				"end":	17.0005,
				"seconds":	1.00028,
				"bytes":	12320768,
				"bits_per_second":	9.85382e+07,
				"omitted":	false
			}
		}, {
			"streams":	[{
					"socket":	5,
					"start":	17.0005,
					"end":	18.0004,
					"seconds":	0.999874,
					"bytes":	12582912,
					"bits_per_second":	1.00676e+08,
					"omitted":	false
				}],
			"sum":	{
				"start":	17.0005,
				"end":	18.0004,
				"seconds":	0.999874,
				"bytes":	12582912,
				"bits_per_second":	1.00676e+08,
				"omitted":	false
			}
		}, {
			"streams":	[{
					"socket":	5,
					"start":	18.0004,
					"end":	19.0005,
					"seconds":	1.00007,
					"bytes":	12451840,
					"bits_per_second":	9.96075e+07,
					"omitted":	false
				}],
			"sum":	{
				"start":	18.0004,
				"end":	19.0005,
				"seconds":	1.00007,
				"bytes":	12451840,
				"bits_per_second":	9.96075e+07,
				"omitted":	false
			}
		}, {
			"streams":	[{
					"socket":	5,
					"start":	19.0005,
					"end":	20.0001,
					"seconds":	0.999665,
					"bytes":	12451840,
					"bits_per_second":	9.96481e+07,
					"omitted":	false
				}],
			"sum":	{
				"start":	19.0005,
				"end":	20.0001,
				"seconds":	0.999665,
				"bytes":	12451840,
				"bits_per_second":	9.96481e+07,
				"omitted":	false
			}
		}, {
			"streams":	[{
					"socket":	5,
					"start":	20.0001,
					"end":	21.0006,
					"seconds":	1.00049,
					"bytes":	12582912,
					"bits_per_second":	1.00614e+08,
					"omitted":	false
				}],
			"sum":	{
				"start":	20.0001,
				"end":	21.0006,
				"seconds":	1.00049,
				"bytes":	12582912,
				"bits_per_second":	1.00614e+08,
				"omitted":	false
			}
		}, {
			"streams":	[{
					"socket":	5,
					"start":	21.0006,
					"end":	22.0008,
					"seconds":	1.00021,
					"bytes":	12451840,
					"bits_per_second":	9.95943e+07,
					"omitted":	false
				}],
			"sum":	{
				"start":	21.0006,
				"end":	22.0008,
				"seconds":	1.00021,
				"bytes":	12451840,
				"bits_per_second":	9.95943e+07,
				"omitted":	false
			}
		}, {
			"streams":	[{
					"socket":	5,
					"start":	22.0008,
					"end":	23.0003,
					"seconds":	0.999446,
					"bytes":	12451840,
					"bits_per_second":	9.96699e+07,
					"omitted":	false
				}],
			"sum":	{
				"start":	22.0008,
				"end":	23.0003,
				"seconds":	0.999446,
				"bytes":	12451840,
				"bits_per_second":	9.96699e+07,
				"omitted":	false
			}
		}, {
			"streams":	[{
					"socket":	5,
					"start":	23.0003,
					"end":	24.0004,
					"seconds":	1.00011,
					"bytes":	12582912,
					"bits_per_second":	1.00652e+08,
					"omitted":	false
				}],
			"sum":	{
				"start":	23.0003,
				"end":	24.0004,
				"seconds":	1.00011,
				"bytes":	12582912,
				"bits_per_second":	1.00652e+08,
				"omitted":	false
			}
		}, {
			"streams":	[{
					"socket":	5,
					"start":	24.0004,
					"end":	25.0004,
					"seconds":	0.999999,
					"bytes":	12451840,
					"bits_per_second":	9.96148e+07,
					"omitted":	false
				}],
			"sum":	{
				"start":	24.0004,
				"end":	25.0004,
				"seconds":	0.999999,
				"bytes":	12451840,
				"bits_per_second":	9.96148e+07,
				"omitted":	false
			}
		}, {
			"streams":	[{
					"socket":	5,
					"start":	25.0004,
					"end":	26.0001,
					"seconds":	0.999748,
					"bytes":	12582912,
					"bits_per_second":	1.00689e+08,
					"omitted":	false
				}],
			"sum":	{
				"start":	25.0004,
				"end":	26.0001,
				"seconds":	0.999748,
				"bytes":	12582912,
				"bits_per_second":	1.00689e+08,
				"omitted":	false
			}
		}, {
			"streams":	[{
					"socket":	5,
					"start":	26.0001,
					"end":	27.0003,
					"seconds":	1.00013,
					"bytes":	12451840,
					"bits_per_second":	9.96015e+07,
					"omitted":	false
				}],
			"sum":	{
				"start":	26.0001,
				"end":	27.0003,
				"seconds":	1.00013,
				"bytes":	12451840,
				"bits_per_second":	9.96015e+07,
				"omitted":	false
			}
		}, {
			"streams":	[{
					"socket":	5,
					"start":	27.0003,
					"end":	28.0015,
					"seconds":	1.00123,
					"bytes":	12451840,
					"bits_per_second":	9.94921e+07,
					"omitted":	false
				}],
			"sum":	{
				"start":	27.0003,
				"end":	28.0015,
				"seconds":	1.00123,
				"bytes":	12451840,
				"bits_per_second":	9.94921e+07,
				"omitted":	false
			}
		}, {
			"streams":	[{
					"socket":	5,
					"start":	28.0015,
					"end":	29.0018,
					"seconds":	1.00025,
					"bytes":	12582912,
					"bits_per_second":	1.00638e+08,
					"omitted":	false
				}],
			"sum":	{
				"start":	28.0015,
				"end":	29.0018,
				"seconds":	1.00025,
				"bytes":	12582912,
				"bits_per_second":	1.00638e+08,
				"omitted":	false
			}
		}, {
			"streams":	[{
					"socket":	5,
					"start":	29.0018,
					"end":	30.0002,
					"seconds":	0.998486,
					"bytes":	12451840,
					"bits_per_second":	9.97658e+07,
					"omitted":	false
				}],
			"sum":	{
				"start":	29.0018,
				"end":	30.0002,
				"seconds":	0.998486,
				"bytes":	12451840,
				"bits_per_second":	9.97658e+07,
				"omitted":	false
			}
		}, {
			"streams":	[{
					"socket":	5,
					"start":	30.0002,
					"end":	30.0314,
					"seconds":	0.0311961,
					"bytes":	0,
					"bits_per_second":	0,
					"omitted":	false
				}],
			"sum":	{
				"start":	30.0002,
				"end":	30.0314,
				"seconds":	0.0311961,
				"bytes":	0,
				"bits_per_second":	0,
				"omitted":	false
			}
		}],
	"end":	{
		"streams":	[{
				"sender":	{
					"socket":	5,
					"start":	0,
					"end":	30.0314,
					"seconds":	30.0314,
					"bytes":	373830320,
					"bits_per_second":	9.95837e+07,
					"retransmits":	0
				},
				"receiver":	{
					"socket":	5,
					"start":	0,
					"end":	30.0314,
					"seconds":	30.0314,
					"bytes":	373830320,
					"bits_per_second":	9.95837e+07
				}
			}],
		"sum_sent":	{
			"start":	0,
			"end":	30.0314,
			"seconds":	30.0314,
			"bytes":	373830320,
			"bits_per_second":	9.95837e+07,
			"retransmits":	0
		},
		"sum_received":	{
			"start":	0,
			"end":	30.0314,
			"seconds":	30.0314,
			"bytes":	373830320,
			"bits_per_second":	9.95837e+07
		},
		"cpu_utilization_percent":	{
			"host_total":	4.90955,
			"host_user":	0.321345,
			"host_system":	4.58821,
			"remote_total":	2.17953,
			"remote_user":	0.13036,
			"remote_system":	2.04916
		}
	}
}
