{
	"start":	{
		"connected":	[{
				"socket":	5,
				"local_host":	"10.0.0.9",
				"local_port":	3343,
				"remote_host":	"10.0.0.3",
				"remote_port":	60976
			}],
		"version":	"iperf 3.0.7",
		"system_info":	"Linux H9 5.4.197-0504197-generic #202206060747 SMP Mon Jun 6 09:27:47 UTC 2022 x86_64 x86_64 x86_64 GNU/Linux\n",
		"timestamp":	{
			"time":	"Fri, 22 Jul 2022 09:32:14 GMT",
			"timesecs":	1658482334
		},
		"accepted_connection":	{
			"host":	"10.0.0.3",
			"port":	60974
		},
		"cookie":	"H3.1658482334.665971.70f456b1623bebc",
		"tcp_mss_default":	1448,
		"test_start":	{
			"protocol":	"TCP",
			"num_streams":	1,
			"blksize":	131072,
			"omit":	0,
			"duration":	5,
			"bytes":	0,
			"blocks":	0,
			"reverse":	0
		}
	},
	"intervals":	[{
			"streams":	[{
					"socket":	5,
					"start":	0,
					"end":	1.00082,
					"seconds":	1.00082,
					"bytes":	1690848,
					"bits_per_second":	1.35158e+07,
					"omitted":	false
				}],
			"sum":	{
				"start":	0,
				"end":	1.00082,
				"seconds":	1.00082,
				"bytes":	1690848,
				"bits_per_second":	1.35158e+07,
				"omitted":	false
			}
		}, {
			"streams":	[{
					"socket":	5,
					"start":	1.00082,
					"end":	2.00028,
					"seconds":	0.999467,
					"bytes":	1966080,
					"bits_per_second":	1.5737e+07,
					"omitted":	false
				}],
			"sum":	{
				"start":	1.00082,
				"end":	2.00028,
				"seconds":	0.999467,
				"bytes":	1966080,
				"bits_per_second":	1.5737e+07,
				"omitted":	false
			}
		}, {
			"streams":	[{
					"socket":	5,
					"start":	2.00028,
					"end":	3.00065,
					"seconds":	1.00036,
					"bytes":	1835008,
					"bits_per_second":	1.46747e+07,
					"omitted":	false
				}],
			"sum":	{
				"start":	2.00028,
				"end":	3.00065,
				"seconds":	1.00036,
				"bytes":	1835008,
				"bits_per_second":	1.46747e+07,
				"omitted":	false
			}
		}, {
			"streams":	[{
					"socket":	5,
					"start":	3.00065,
					"end":	4.0008,
					"seconds":	1.00016,
					"bytes":	1835008,
					"bits_per_second":	1.46777e+07,
					"omitted":	false
				}],
			"sum":	{
				"start":	3.00065,
				"end":	4.0008,
				"seconds":	1.00016,
				"bytes":	1835008,
				"bits_per_second":	1.46777e+07,
				"omitted":	false
			}
		}, {
			"streams":	[{
					"socket":	5,
					"start":	4.0008,
					"end":	5.00105,
					"seconds":	1.00025,
					"bytes":	1966080,
					"bits_per_second":	1.57247e+07,
					"omitted":	false
				}],
			"sum":	{
				"start":	4.0008,
				"end":	5.00105,
				"seconds":	1.00025,
				"bytes":	1966080,
				"bits_per_second":	1.57247e+07,
				"omitted":	false
			}
		}, {
			"streams":	[{
					"socket":	5,
					"start":	5.00105,
					"end":	5.00136,
					"seconds":	0.000304937,
					"bytes":	0,
					"bits_per_second":	0,
					"omitted":	false
				}],
			"sum":	{
				"start":	5.00105,
				"end":	5.00136,
				"seconds":	0.000304937,
				"bytes":	0,
				"bits_per_second":	0,
				"omitted":	false
			}
		}],
	"end":	{
		"streams":	[{
				"sender":	{
					"socket":	5,
					"start":	0,
					"end":	5.00136,
					"seconds":	5.00136,
					"bytes":	9293024,
					"bits_per_second":	1.48648e+07,
					"retransmits":	0
				},
				"receiver":	{
					"socket":	5,
					"start":	0,
					"end":	5.00136,
					"seconds":	5.00136,
					"bytes":	9293024,
					"bits_per_second":	1.48648e+07
				}
			}],
		"sum_sent":	{
			"start":	0,
			"end":	5.00136,
			"seconds":	5.00136,
			"bytes":	9293024,
			"bits_per_second":	1.48648e+07,
			"retransmits":	0
		},
		"sum_received":	{
			"start":	0,
			"end":	5.00136,
			"seconds":	5.00136,
			"bytes":	9293024,
			"bits_per_second":	1.48648e+07
		},
		"cpu_utilization_percent":	{
			"host_total":	1.01014,
			"host_user":	1.01014,
			"host_system":	0,
			"remote_total":	0.527061,
			"remote_user":	0,
			"remote_system":	0.527001
		}
	}
}
