{
	"start":	{
		"connected":	[{
				"socket":	5,
				"local_host":	"10.0.0.8",
				"local_port":	2597,
				"remote_host":	"10.0.0.1",
				"remote_port":	43440
			}],
		"version":	"iperf 3.0.7",
		"system_info":	"Linux H8 5.4.197-0504197-generic #202206060747 SMP Mon Jun 6 09:27:47 UTC 2022 x86_64 x86_64 x86_64 GNU/Linux\n",
		"timestamp":	{
			"time":	"Fri, 22 Jul 2022 16:22:19 GMT",
			"timesecs":	1658506939
		},
		"accepted_connection":	{
			"host":	"10.0.0.1",
			"port":	43438
		},
		"cookie":	"H1.1658506939.940280.40dd7e587e42197",
		"tcp_mss_default":	1448,
		"test_start":	{
			"protocol":	"TCP",
			"num_streams":	1,
			"blksize":	131072,
			"omit":	0,
			"duration":	5,
			"bytes":	0,
			"blocks":	0,
			"reverse":	0
		}
	},
	"intervals":	[{
			"streams":	[{
					"socket":	5,
					"start":	0,
					"end":	1.00017,
					"seconds":	1.00017,
					"bytes":	1819024,
					"bits_per_second":	1.45497e+07,
					"omitted":	false
				}],
			"sum":	{
				"start":	0,
				"end":	1.00017,
				"seconds":	1.00017,
				"bytes":	1819024,
				"bits_per_second":	1.45497e+07,
				"omitted":	false
			}
		}, {
			"streams":	[{
					"socket":	5,
					"start":	1.00017,
					"end":	2.00074,
					"seconds":	1.00057,
					"bytes":	1835008,
					"bits_per_second":	1.46718e+07,
					"omitted":	false
				}],
			"sum":	{
				"start":	1.00017,
				"end":	2.00074,
				"seconds":	1.00057,
				"bytes":	1835008,
				"bits_per_second":	1.46718e+07,
				"omitted":	false
			}
		}, {
			"streams":	[{
					"socket":	5,
					"start":	2.00074,
					"end":	3.00093,
					"seconds":	1.00019,
					"bytes":	1835008,
					"bits_per_second":	1.46773e+07,
					"omitted":	false
				}],
			"sum":	{
				"start":	2.00074,
				"end":	3.00093,
				"seconds":	1.00019,
				"bytes":	1835008,
				"bits_per_second":	1.46773e+07,
				"omitted":	false
			}
		}, {
			"streams":	[{
					"socket":	5,
					"start":	3.00093,
					"end":	4.00058,
					"seconds":	0.999655,
					"bytes":	1835008,
					"bits_per_second":	1.46851e+07,
					"omitted":	false
				}],
			"sum":	{
				"start":	3.00093,
				"end":	4.00058,
				"seconds":	0.999655,
				"bytes":	1835008,
				"bits_per_second":	1.46851e+07,
				"omitted":	false
			}
		}, {
			"streams":	[{
					"socket":	5,
					"start":	4.00058,
					"end":	5.00109,
					"seconds":	1.0005,
					"bytes":	1966080,
					"bits_per_second":	1.57207e+07,
					"omitted":	false
				}],
			"sum":	{
				"start":	4.00058,
				"end":	5.00109,
				"seconds":	1.0005,
				"bytes":	1966080,
				"bits_per_second":	1.57207e+07,
				"omitted":	false
			}
		}, {
			"streams":	[{
					"socket":	5,
					"start":	5.00109,
					"end":	5.00167,
					"seconds":	0.00058198,
					"bytes":	0,
					"bits_per_second":	0,
					"omitted":	false
				}],
			"sum":	{
				"start":	5.00109,
				"end":	5.00167,
				"seconds":	0.00058198,
				"bytes":	0,
				"bits_per_second":	0,
				"omitted":	false
			}
		}],
	"end":	{
		"streams":	[{
				"sender":	{
					"socket":	5,
					"start":	0,
					"end":	5.00167,
					"seconds":	5.00167,
					"bytes":	9290128,
					"bits_per_second":	1.48592e+07,
					"retransmits":	0
				},
				"receiver":	{
					"socket":	5,
					"start":	0,
					"end":	5.00167,
					"seconds":	5.00167,
					"bytes":	9290128,
					"bits_per_second":	1.48592e+07
				}
			}],
		"sum_sent":	{
			"start":	0,
			"end":	5.00167,
			"seconds":	5.00167,
			"bytes":	9290128,
			"bits_per_second":	1.48592e+07,
			"retransmits":	0
		},
		"sum_received":	{
			"start":	0,
			"end":	5.00167,
			"seconds":	5.00167,
			"bytes":	9290128,
			"bits_per_second":	1.48592e+07
		},
		"cpu_utilization_percent":	{
			"host_total":	1.4206,
			"host_user":	0.385537,
			"host_system":	1.03502,
			"remote_total":	0.558405,
			"remote_user":	0,
			"remote_system":	0.558405
		}
	}
}
{
	"start":	{
		"connected":	[],
		"version":	"iperf 3.0.7",
		"system_info":	"Linux H8 5.4.197-0504197-generic #202206060747 SMP Mon Jun 6 09:27:47 UTC 2022 x86_64 x86_64 x86_64 GNU/Linux\n"
	},
	"intervals":	[],
	"end":	{
	},
	"error":	"interrupt - the server has terminated"
}
