{
	"start":	{
		"connected":	[{
				"socket":	5,
				"local_host":	"10.0.0.9",
				"local_port":	3283,
				"remote_host":	"10.0.0.4",
				"remote_port":	37184
			}],
		"version":	"iperf 3.0.7",
		"system_info":	"Linux H9 5.4.197-0504197-generic #202206060747 SMP Mon Jun 6 09:27:47 UTC 2022 x86_64 x86_64 x86_64 GNU/Linux\n",
		"timestamp":	{
			"time":	"Fri, 22 Jul 2022 16:27:56 GMT",
			"timesecs":	1658507276
		},
		"accepted_connection":	{
			"host":	"10.0.0.4",
			"port":	37182
		},
		"cookie":	"H4.1658507276.235500.6b99702f27a7436",
		"tcp_mss_default":	1448,
		"test_start":	{
			"protocol":	"TCP",
			"num_streams":	1,
			"blksize":	131072,
			"omit":	0,
			"duration":	5,
			"bytes":	0,
			"blocks":	0,
			"reverse":	0
		}
	},
	"intervals":	[{
			"streams":	[{
					"socket":	5,
					"start":	0,
					"end":	1.00115,
					"seconds":	1.00115,
					"bytes":	1703936,
					"bits_per_second":	1.36158e+07,
					"omitted":	false
				}],
			"sum":	{
				"start":	0,
				"end":	1.00115,
				"seconds":	1.00115,
				"bytes":	1703936,
				"bits_per_second":	1.36158e+07,
				"omitted":	false
			}
		}, {
			"streams":	[{
					"socket":	5,
					"start":	1.00115,
					"end":	2.00018,
					"seconds":	0.999034,
					"bytes":	1966080,
					"bits_per_second":	1.57438e+07,
					"omitted":	false
				}],
			"sum":	{
				"start":	1.00115,
				"end":	2.00018,
				"seconds":	0.999034,
				"bytes":	1966080,
				"bits_per_second":	1.57438e+07,
				"omitted":	false
			}
		}, {
			"streams":	[{
					"socket":	5,
					"start":	2.00018,
					"end":	3.00036,
					"seconds":	1.00017,
					"bytes":	1835008,
					"bits_per_second":	1.46775e+07,
					"omitted":	false
				}],
			"sum":	{
				"start":	2.00018,
				"end":	3.00036,
				"seconds":	1.00017,
				"bytes":	1835008,
				"bits_per_second":	1.46775e+07,
				"omitted":	false
			}
		}, {
			"streams":	[{
					"socket":	5,
					"start":	3.00036,
					"end":	4.00044,
					"seconds":	1.00008,
					"bytes":	1835008,
					"bits_per_second":	1.46789e+07,
					"omitted":	false
				}],
			"sum":	{
				"start":	3.00036,
				"end":	4.00044,
				"seconds":	1.00008,
				"bytes":	1835008,
				"bits_per_second":	1.46789e+07,
				"omitted":	false
			}
		}, {
			"streams":	[{
					"socket":	5,
					"start":	4.00044,
					"end":	5.00024,
					"seconds":	0.999803,
					"bytes":	1966080,
					"bits_per_second":	1.57317e+07,
					"omitted":	false
				}],
			"sum":	{
				"start":	4.00044,
				"end":	5.00024,
				"seconds":	0.999803,
				"bytes":	1966080,
				"bits_per_second":	1.57317e+07,
				"omitted":	false
			}
		}, {
			"streams":	[{
					"socket":	5,
					"start":	5.00024,
					"end":	5.00099,
					"seconds":	0.000751972,
					"bytes":	0,
					"bits_per_second":	0,
					"omitted":	false
				}],
			"sum":	{
				"start":	5.00024,
				"end":	5.00099,
				"seconds":	0.000751972,
				"bytes":	0,
				"bits_per_second":	0,
				"omitted":	false
			}
		}],
	"end":	{
		"streams":	[{
				"sender":	{
					"socket":	5,
					"start":	0,
					"end":	5.00099,
					"seconds":	5.00099,
					"bytes":	9306112,
					"bits_per_second":	1.48868e+07,
					"retransmits":	0
				},
				"receiver":	{
					"socket":	5,
					"start":	0,
					"end":	5.00099,
					"seconds":	5.00099,
					"bytes":	9306112,
					"bits_per_second":	1.48868e+07
				}
			}],
		"sum_sent":	{
			"start":	0,
			"end":	5.00099,
			"seconds":	5.00099,
			"bytes":	9306112,
			"bits_per_second":	1.48868e+07,
			"retransmits":	0
		},
		"sum_received":	{
			"start":	0,
			"end":	5.00099,
			"seconds":	5.00099,
			"bytes":	9306112,
			"bits_per_second":	1.48868e+07
		},
		"cpu_utilization_percent":	{
			"host_total":	1.2587,
			"host_user":	1.25866,
			"host_system":	0,
			"remote_total":	0.511384,
			"remote_user":	0.170461,
			"remote_system":	0.340943
		}
	}
}
{
	"start":	{
		"connected":	[],
		"version":	"iperf 3.0.7",
		"system_info":	"Linux H9 5.4.197-0504197-generic #202206060747 SMP Mon Jun 6 09:27:47 UTC 2022 x86_64 x86_64 x86_64 GNU/Linux\n"
	},
	"intervals":	[],
	"end":	{
	},
	"error":	"interrupt - the server has terminated"
}
