{
	"start":	{
		"connected":	[{
				"socket":	5,
				"local_host":	"10.0.0.18",
				"local_port":	3928,
				"remote_host":	"10.0.0.1",
				"remote_port":	50982
			}],
		"version":	"iperf 3.0.7",
		"system_info":	"Linux CS4 5.4.197-0504197-generic #202206060747 SMP Mon Jun 6 09:27:47 UTC 2022 x86_64 x86_64 x86_64 GNU/Linux\n",
		"timestamp":	{
			"time":	"Mon, 25 Jul 2022 21:45:56 GMT",
			"timesecs":	1658785556
		},
		"accepted_connection":	{
			"host":	"10.0.0.1",
			"port":	50980
		},
		"cookie":	"BS1.1658785556.578858.06c1eec45ba3af",
		"tcp_mss_default":	1448,
		"test_start":	{
			"protocol":	"TCP",
			"num_streams":	1,
			"blksize":	131072,
			"omit":	0,
			"duration":	10,
			"bytes":	0,
			"blocks":	0,
			"reverse":	0
		}
	},
	"intervals":	[{
			"streams":	[{
					"socket":	5,
					"start":	0,
					"end":	1.00012,
					"seconds":	1.00012,
					"bytes":	5735952,
					"bits_per_second":	4.58821e+07,
					"omitted":	false
				}],
			"sum":	{
				"start":	0,
				"end":	1.00012,
				"seconds":	1.00012,
				"bytes":	5735952,
				"bits_per_second":	4.58821e+07,
				"omitted":	false
			}
		}, {
			"streams":	[{
					"socket":	5,
					"start":	1.00012,
					"end":	2.00042,
					"seconds":	1.0003,
					"bytes":	6160384,
					"bits_per_second":	4.92684e+07,
					"omitted":	false
				}],
			"sum":	{
				"start":	1.00012,
				"end":	2.00042,
				"seconds":	1.0003,
				"bytes":	6160384,
				"bits_per_second":	4.92684e+07,
				"omitted":	false
			}
		}, {
			"streams":	[{
					"socket":	5,
					"start":	2.00042,
					"end":	3.0005,
					"seconds":	1.00008,
					"bytes":	6291456,
					"bits_per_second":	5.03276e+07,
					"omitted":	false
				}],
			"sum":	{
				"start":	2.00042,
				"end":	3.0005,
				"seconds":	1.00008,
				"bytes":	6291456,
				"bits_per_second":	5.03276e+07,
				"omitted":	false
			}
		}, {
			"streams":	[{
					"socket":	5,
					"start":	3.0005,
					"end":	4.00007,
					"seconds":	0.99957,
					"bytes":	6291456,
					"bits_per_second":	5.03533e+07,
					"omitted":	false
				}],
			"sum":	{
				"start":	3.0005,
				"end":	4.00007,
				"seconds":	0.99957,
				"bytes":	6291456,
				"bits_per_second":	5.03533e+07,
				"omitted":	false
			}
		}, {
			"streams":	[{
					"socket":	5,
					"start":	4.00007,
					"end":	5.00056,
					"seconds":	1.00049,
					"bytes":	6160384,
					"bits_per_second":	4.9259e+07,
					"omitted":	false
				}],
			"sum":	{
				"start":	4.00007,
				"end":	5.00056,
				"seconds":	1.00049,
				"bytes":	6160384,
				"bits_per_second":	4.9259e+07,
				"omitted":	false
			}
		}, {
			"streams":	[{
					"socket":	5,
					"start":	5.00056,
					"end":	6.00015,
					"seconds":	0.999588,
					"bytes":	6291456,
					"bits_per_second":	5.03524e+07,
					"omitted":	false
				}],
			"sum":	{
				"start":	5.00056,
				"end":	6.00015,
				"seconds":	0.999588,
				"bytes":	6291456,
				"bits_per_second":	5.03524e+07,
				"omitted":	false
			}
		}, {
			"streams":	[{
					"socket":	5,
					"start":	6.00015,
					"end":	7.00042,
					"seconds":	1.00027,
					"bytes":	6291456,
					"bits_per_second":	5.0318e+07,
					"omitted":	false
				}],
			"sum":	{
				"start":	6.00015,
				"end":	7.00042,
				"seconds":	1.00027,
				"bytes":	6291456,
				"bits_per_second":	5.0318e+07,
				"omitted":	false
			}
		}, {
			"streams":	[{
					"socket":	5,
					"start":	7.00042,
					"end":	8.00016,
					"seconds":	0.999745,
					"bytes":	6160384,
					"bits_per_second":	4.92956e+07,
					"omitted":	false
				}],
			"sum":	{
				"start":	7.00042,
				"end":	8.00016,
				"seconds":	0.999745,
				"bytes":	6160384,
				"bits_per_second":	4.92956e+07,
				"omitted":	false
			}
		}, {
			"streams":	[{
					"socket":	5,
					"start":	8.00016,
					"end":	9.00057,
					"seconds":	1.00041,
					"bytes":	6291456,
					"bits_per_second":	5.03111e+07,
					"omitted":	false
				}],
			"sum":	{
				"start":	8.00016,
				"end":	9.00057,
				"seconds":	1.00041,
				"bytes":	6291456,
				"bits_per_second":	5.03111e+07,
				"omitted":	false
			}
		}, {
			"streams":	[{
					"socket":	5,
					"start":	9.00057,
					"end":	10.0006,
					"seconds":	0.999989,
					"bytes":	6291456,
					"bits_per_second":	5.03322e+07,
					"omitted":	false
				}],
			"sum":	{
				"start":	9.00057,
				"end":	10.0006,
				"seconds":	0.999989,
				"bytes":	6291456,
				"bits_per_second":	5.03322e+07,
				"omitted":	false
			}
		}, {
			"streams":	[{
					"socket":	5,
					"start":	10.0006,
					"end":	10.0328,
					"seconds":	0.0322239,
					"bytes":	0,
					"bits_per_second":	0,
					"omitted":	false
				}],
			"sum":	{
				"start":	10.0006,
				"end":	10.0328,
				"seconds":	0.0322239,
				"bytes":	0,
				"bits_per_second":	0,
				"omitted":	false
			}
		}],
	"end":	{
		"streams":	[{
				"sender":	{
					"socket":	5,
					"start":	0,
					"end":	10.0328,
					"seconds":	10.0328,
					"bytes":	61965840,
					"bits_per_second":	4.94107e+07,
					"retransmits":	0
				},
				"receiver":	{
					"socket":	5,
					"start":	0,
					"end":	10.0328,
					"seconds":	10.0328,
					"bytes":	61965840,
					"bits_per_second":	4.94107e+07
				}
			}],
		"sum_sent":	{
			"start":	0,
			"end":	10.0328,
			"seconds":	10.0328,
			"bytes":	61965840,
			"bits_per_second":	4.94107e+07,
			"retransmits":	0
		},
		"sum_received":	{
			"start":	0,
			"end":	10.0328,
			"seconds":	10.0328,
			"bytes":	61965840,
			"bits_per_second":	4.94107e+07
		},
		"cpu_utilization_percent":	{
			"host_total":	2.39693,
			"host_user":	0.109163,
			"host_system":	2.28775,
			"remote_total":	1.3512,
			"remote_user":	0.211759,
			"remote_system":	1.13942
		}
	}
}
