{
	"start":	{
		"connected":	[{
				"socket":	5,
				"local_host":	"10.0.0.18",
				"local_port":	3108,
				"remote_host":	"10.0.0.6",
				"remote_port":	41668
			}],
		"version":	"iperf 3.0.7",
		"system_info":	"Linux CS4 5.4.197-0504197-generic #202206060747 SMP Mon Jun 6 09:27:47 UTC 2022 x86_64 x86_64 x86_64 GNU/Linux\n",
		"timestamp":	{
			"time":	"Mon, 25 Jul 2022 21:51:30 GMT",
			"timesecs":	1658785890
		},
		"accepted_connection":	{
			"host":	"10.0.0.6",
			"port":	41666
		},
		"cookie":	"BS6.1658785890.683717.673528e554b497",
		"tcp_mss_default":	1448,
		"test_start":	{
			"protocol":	"TCP",
			"num_streams":	1,
			"blksize":	131072,
			"omit":	0,
			"duration":	25,
			"bytes":	0,
			"blocks":	0,
			"reverse":	0
		}
	},
	"intervals":	[{
			"streams":	[{
					"socket":	5,
					"start":	0,
					"end":	1.00109,
					"seconds":	1.00109,
					"bytes":	2964056,
					"bits_per_second":	2.36867e+07,
					"omitted":	false
				}],
			"sum":	{
				"start":	0,
				"end":	1.00109,
				"seconds":	1.00109,
				"bytes":	2964056,
				"bits_per_second":	2.36867e+07,
				"omitted":	false
			}
		}, {
			"streams":	[{
					"socket":	5,
					"start":	1.00109,
					"end":	2.00011,
					"seconds":	0.99902,
					"bytes":	4614776,
					"bits_per_second":	3.69544e+07,
					"omitted":	false
				}],
			"sum":	{
				"start":	1.00109,
				"end":	2.00011,
				"seconds":	0.99902,
				"bytes":	4614776,
				"bits_per_second":	3.69544e+07,
				"omitted":	false
			}
		}, {
			"streams":	[{
					"socket":	5,
					"start":	2.00011,
					"end":	3.00078,
					"seconds":	1.00067,
					"bytes":	5069448,
					"bits_per_second":	4.05283e+07,
					"omitted":	false
				}],
			"sum":	{
				"start":	2.00011,
				"end":	3.00078,
				"seconds":	1.00067,
				"bytes":	5069448,
				"bits_per_second":	4.05283e+07,
				"omitted":	false
			}
		}, {
			"streams":	[{
					"socket":	5,
					"start":	3.00078,
					"end":	4.00019,
					"seconds":	0.999415,
					"bytes":	6856280,
					"bits_per_second":	5.48824e+07,
					"omitted":	false
				}],
			"sum":	{
				"start":	3.00078,
				"end":	4.00019,
				"seconds":	0.999415,
				"bytes":	6856280,
				"bits_per_second":	5.48824e+07,
				"omitted":	false
			}
		}, {
			"streams":	[{
					"socket":	5,
					"start":	4.00019,
					"end":	5.00005,
					"seconds":	0.999853,
					"bytes":	8438944,
					"bits_per_second":	6.75215e+07,
					"omitted":	false
				}],
			"sum":	{
				"start":	4.00019,
				"end":	5.00005,
				"seconds":	0.999853,
				"bytes":	8438944,
				"bits_per_second":	6.75215e+07,
				"omitted":	false
			}
		}, {
			"streams":	[{
					"socket":	5,
					"start":	5.00005,
					"end":	6.00013,
					"seconds":	1.00008,
					"bytes":	8841488,
					"bits_per_second":	7.0726e+07,
					"omitted":	false
				}],
			"sum":	{
				"start":	5.00005,
				"end":	6.00013,
				"seconds":	1.00008,
				"bytes":	8841488,
				"bits_per_second":	7.0726e+07,
				"omitted":	false
			}
		}, {
			"streams":	[{
					"socket":	5,
					"start":	6.00013,
					"end":	7.00044,
					"seconds":	1.00031,
					"bytes":	10884616,
					"bits_per_second":	8.70502e+07,
					"omitted":	false
				}],
			"sum":	{
				"start":	6.00013,
				"end":	7.00044,
				"seconds":	1.00031,
				"bytes":	10884616,
				"bits_per_second":	8.70502e+07,
				"omitted":	false
			}
		}, {
			"streams":	[{
					"socket":	5,
					"start":	7.00044,
					"end":	8.00069,
					"seconds":	1.00025,
					"bytes":	11930072,
					"bits_per_second":	9.5417e+07,
					"omitted":	false
				}],
			"sum":	{
				"start":	7.00044,
				"end":	8.00069,
				"seconds":	1.00025,
				"bytes":	11930072,
				"bits_per_second":	9.5417e+07,
				"omitted":	false
			}
		}, {
			"streams":	[{
					"socket":	5,
					"start":	8.00069,
					"end":	9.00039,
					"seconds":	0.999709,
					"bytes":	13738624,
					"bits_per_second":	1.09941e+08,
					"omitted":	false
				}],
			"sum":	{
				"start":	8.00069,
				"end":	9.00039,
				"seconds":	0.999709,
				"bytes":	13738624,
				"bits_per_second":	1.09941e+08,
				"omitted":	false
			}
		}, {
			"streams":	[{
					"socket":	5,
					"start":	9.00039,
					"end":	10.0005,
					"seconds":	1.00009,
					"bytes":	18641552,
					"bits_per_second":	1.49119e+08,
					"omitted":	false
				}],
			"sum":	{
				"start":	9.00039,
				"end":	10.0005,
				"seconds":	1.00009,
				"bytes":	18641552,
				"bits_per_second":	1.49119e+08,
				"omitted":	false
			}
		}, {
			"streams":	[{
					"socket":	5,
					"start":	10.0005,
					"end":	11.0048,
					"seconds":	1.00435,
					"bytes":	23918816,
					"bits_per_second":	1.90522e+08,
					"omitted":	false
				}],
			"sum":	{
				"start":	10.0005,
				"end":	11.0048,
				"seconds":	1.00435,
				"bytes":	23918816,
				"bits_per_second":	1.90522e+08,
				"omitted":	false
			}
		}, {
			"streams":	[{
					"socket":	5,
					"start":	11.0048,
					"end":	12.0068,
					"seconds":	1.002,
					"bytes":	21982088,
					"bits_per_second":	1.75506e+08,
					"omitted":	false
				}],
			"sum":	{
				"start":	11.0048,
				"end":	12.0068,
				"seconds":	1.002,
				"bytes":	21982088,
				"bits_per_second":	1.75506e+08,
				"omitted":	false
			}
		}, {
			"streams":	[{
					"socket":	5,
					"start":	12.0068,
					"end":	13.0029,
					"seconds":	0.996111,
					"bytes":	24448032,
					"bits_per_second":	1.96348e+08,
					"omitted":	false
				}],
			"sum":	{
				"start":	12.0068,
				"end":	13.0029,
				"seconds":	0.996111,
				"bytes":	24448032,
				"bits_per_second":	1.96348e+08,
				"omitted":	false
			}
		}, {
			"streams":	[{
					"socket":	5,
					"start":	13.0029,
					"end":	14.0001,
					"seconds":	0.997169,
					"bytes":	28768112,
					"bits_per_second":	2.30798e+08,
					"omitted":	false
				}],
			"sum":	{
				"start":	13.0029,
				"end":	14.0001,
				"seconds":	0.997169,
				"bytes":	28768112,
				"bits_per_second":	2.30798e+08,
				"omitted":	false
			}
		}, {
			"streams":	[{
					"socket":	5,
					"start":	14.0001,
					"end":	15.0006,
					"seconds":	1.00047,
					"bytes":	29059912,
					"bits_per_second":	2.3237e+08,
					"omitted":	false
				}],
			"sum":	{
				"start":	14.0001,
				"end":	15.0006,
				"seconds":	1.00047,
				"bytes":	29059912,
				"bits_per_second":	2.3237e+08,
				"omitted":	false
			}
		}, {
			"streams":	[{
					"socket":	5,
					"start":	15.0006,
					"end":	16.0002,
					"seconds":	0.999593,
					"bytes":	29615944,
					"bits_per_second":	2.37024e+08,
					"omitted":	false
				}],
			"sum":	{
				"start":	15.0006,
				"end":	16.0002,
				"seconds":	0.999593,
				"bytes":	29615944,
				"bits_per_second":	2.37024e+08,
				"omitted":	false
			}
		}, {
			"streams":	[{
					"socket":	5,
					"start":	16.0002,
					"end":	17.0004,
					"seconds":	1.00018,
					"bytes":	30140120,
					"bits_per_second":	2.41077e+08,
					"omitted":	false
				}],
			"sum":	{
				"start":	16.0002,
				"end":	17.0004,
				"seconds":	1.00018,
				"bytes":	30140120,
				"bits_per_second":	2.41077e+08,
				"omitted":	false
			}
		}, {
			"streams":	[{
					"socket":	5,
					"start":	17.0004,
					"end":	18.0011,
					"seconds":	1.0007,
					"bytes":	25732408,
					"bits_per_second":	2.05715e+08,
					"omitted":	false
				}],
			"sum":	{
				"start":	17.0004,
				"end":	18.0011,
				"seconds":	1.0007,
				"bytes":	25732408,
				"bits_per_second":	2.05715e+08,
				"omitted":	false
			}
		}, {
			"streams":	[{
					"socket":	5,
					"start":	18.0011,
					"end":	19.0002,
					"seconds":	0.99911,
					"bytes":	26916872,
					"bits_per_second":	2.15527e+08,
					"omitted":	false
				}],
			"sum":	{
				"start":	18.0011,
				"end":	19.0002,
				"seconds":	0.99911,
				"bytes":	26916872,
				"bits_per_second":	2.15527e+08,
				"omitted":	false
			}
		}, {
			"streams":	[{
					"socket":	5,
					"start":	19.0002,
					"end":	20.0001,
					"seconds":	0.999944,
					"bytes":	29908440,
					"bits_per_second":	2.39281e+08,
					"omitted":	false
				}],
			"sum":	{
				"start":	19.0002,
				"end":	20.0001,
				"seconds":	0.999944,
				"bytes":	29908440,
				"bits_per_second":	2.39281e+08,
				"omitted":	false
			}
		}, {
			"streams":	[{
					"socket":	5,
					"start":	20.0001,
					"end":	21.0088,
					"seconds":	1.00867,
					"bytes":	28504632,
					"bits_per_second":	2.26078e+08,
					"omitted":	false
				}],
			"sum":	{
				"start":	20.0001,
				"end":	21.0088,
				"seconds":	1.00867,
				"bytes":	28504632,
				"bits_per_second":	2.26078e+08,
				"omitted":	false
			}
		}, {
			"streams":	[{
					"socket":	5,
					"start":	21.0088,
					"end":	22.0018,
					"seconds":	0.993013,
					"bytes":	24303928,
					"bits_per_second":	1.95799e+08,
					"omitted":	false
				}],
			"sum":	{
				"start":	21.0088,
				"end":	22.0018,
				"seconds":	0.993013,
				"bytes":	24303928,
				"bits_per_second":	1.95799e+08,
				"omitted":	false
			}
		}, {
			"streams":	[{
					"socket":	5,
					"start":	22.0018,
					"end":	23.0005,
					"seconds":	0.998754,
					"bytes":	29030952,
					"bits_per_second":	2.32537e+08,
					"omitted":	false
				}],
			"sum":	{
				"start":	22.0018,
				"end":	23.0005,
				"seconds":	0.998754,
				"bytes":	29030952,
				"bits_per_second":	2.32537e+08,
				"omitted":	false
			}
		}, {
			"streams":	[{
					"socket":	5,
					"start":	23.0005,
					"end":	24.0007,
					"seconds":	1.00011,
					"bytes":	30329808,
					"bits_per_second":	2.42612e+08,
					"omitted":	false
				}],
			"sum":	{
				"start":	23.0005,
				"end":	24.0007,
				"seconds":	1.00011,
				"bytes":	30329808,
				"bits_per_second":	2.42612e+08,
				"omitted":	false
			}
		}, {
			"streams":	[{
					"socket":	5,
					"start":	24.0007,
					"end":	25.0001,
					"seconds":	0.999478,
					"bytes":	31016160,
					"bits_per_second":	2.48259e+08,
					"omitted":	false
				}],
			"sum":	{
				"start":	24.0007,
				"end":	25.0001,
				"seconds":	0.999478,
				"bytes":	31016160,
				"bits_per_second":	2.48259e+08,
				"omitted":	false
			}
		}, {
			"streams":	[{
					"socket":	5,
					"start":	25.0001,
					"end":	25.1176,
					"seconds":	0.117489,
					"bytes":	3323160,
					"bits_per_second":	2.26279e+08,
					"omitted":	false
				}],
			"sum":	{
				"start":	25.0001,
				"end":	25.1176,
				"seconds":	0.117489,
				"bytes":	3323160,
				"bits_per_second":	2.26279e+08,
				"omitted":	false
			}
		}],
	"end":	{
		"streams":	[{
				"sender":	{
					"socket":	5,
					"start":	0,
					"end":	25.1176,
					"seconds":	25.1176,
					"bytes":	516654608,
					"bits_per_second":	1.64555e+08,
					"retransmits":	20
				},
				"receiver":	{
					"socket":	5,
					"start":	0,
					"end":	25.1176,
					"seconds":	25.1176,
					"bytes":	508979240,
					"bits_per_second":	1.62111e+08
				}
			}],
		"sum_sent":	{
			"start":	0,
			"end":	25.1176,
			"seconds":	25.1176,
			"bytes":	516654608,
			"bits_per_second":	1.64555e+08,
			"retransmits":	20
		},
		"sum_received":	{
			"start":	0,
			"end":	25.1176,
			"seconds":	25.1176,
			"bytes":	508979240,
			"bits_per_second":	1.62111e+08
		},
		"cpu_utilization_percent":	{
			"host_total":	10.3241,
			"host_user":	0.684997,
			"host_system":	9.63914,
			"remote_total":	4.68058,
			"remote_user":	0.515614,
			"remote_system":	4.16493
		}
	}
}
