{
	"start":	{
		"connected":	[{
				"socket":	5,
				"local_host":	"10.0.0.11",
				"local_port":	2952,
				"remote_host":	"10.0.0.2",
				"remote_port":	45730
			}],
		"version":	"iperf 3.0.7",
		"system_info":	"Linux H11 5.4.197-0504197-generic #202206060747 SMP Mon Jun 6 09:27:47 UTC 2022 x86_64 x86_64 x86_64 GNU/Linux\n",
		"timestamp":	{
			"time":	"Fri, 22 Jul 2022 09:30:00 GMT",
			"timesecs":	1658482200
		},
		"accepted_connection":	{
			"host":	"10.0.0.2",
			"port":	45728
		},
		"cookie":	"H2.1658482200.496405.7bd63d4a591946c",
		"tcp_mss_default":	1448,
		"test_start":	{
			"protocol":	"TCP",
			"num_streams":	1,
			"blksize":	131072,
			"omit":	0,
			"duration":	5,
			"bytes":	0,
			"blocks":	0,
			"reverse":	0
		}
	},
	"intervals":	[{
			"streams":	[{
					"socket":	5,
					"start":	0,
					"end":	1.0007,
					"seconds":	1.0007,
					"bytes":	1703936,
					"bits_per_second":	1.36219e+07,
					"omitted":	false
				}],
			"sum":	{
				"start":	0,
				"end":	1.0007,
				"seconds":	1.0007,
				"bytes":	1703936,
				"bits_per_second":	1.36219e+07,
				"omitted":	false
			}
		}, {
			"streams":	[{
					"socket":	5,
					"start":	1.0007,
					"end":	2.00057,
					"seconds":	0.999873,
					"bytes":	1966080,
					"bits_per_second":	1.57306e+07,
					"omitted":	false
				}],
			"sum":	{
				"start":	1.0007,
				"end":	2.00057,
				"seconds":	0.999873,
				"bytes":	1966080,
				"bits_per_second":	1.57306e+07,
				"omitted":	false
			}
		}, {
			"streams":	[{
					"socket":	5,
					"start":	2.00057,
					"end":	3.00087,
					"seconds":	1.0003,
					"bytes":	1835008,
					"bits_per_second":	1.46757e+07,
					"omitted":	false
				}],
			"sum":	{
				"start":	2.00057,
				"end":	3.00087,
				"seconds":	1.0003,
				"bytes":	1835008,
				"bits_per_second":	1.46757e+07,
				"omitted":	false
			}
		}, {
			"streams":	[{
					"socket":	5,
					"start":	3.00087,
					"end":	4.00087,
					"seconds":	0.999997,
					"bytes":	1835008,
					"bits_per_second":	1.46801e+07,
					"omitted":	false
				}],
			"sum":	{
				"start":	3.00087,
				"end":	4.00087,
				"seconds":	0.999997,
				"bytes":	1835008,
				"bits_per_second":	1.46801e+07,
				"omitted":	false
			}
		}, {
			"streams":	[{
					"socket":	5,
					"start":	4.00087,
					"end":	5.00023,
					"seconds":	0.999361,
					"bytes":	1966080,
					"bits_per_second":	1.57387e+07,
					"omitted":	false
				}],
			"sum":	{
				"start":	4.00087,
				"end":	5.00023,
				"seconds":	0.999361,
				"bytes":	1966080,
				"bits_per_second":	1.57387e+07,
				"omitted":	false
			}
		}, {
			"streams":	[{
					"socket":	5,
					"start":	5.00023,
					"end":	5.00035,
					"seconds":	0.000119209,
					"bytes":	0,
					"bits_per_second":	0,
					"omitted":	false
				}],
			"sum":	{
				"start":	5.00023,
				"end":	5.00035,
				"seconds":	0.000119209,
				"bytes":	0,
				"bits_per_second":	0,
				"omitted":	false
			}
		}],
	"end":	{
		"streams":	[{
				"sender":	{
					"socket":	5,
					"start":	0,
					"end":	5.00035,
					"seconds":	5.00035,
					"bytes":	9306112,
					"bits_per_second":	1.48887e+07,
					"retransmits":	0
				},
				"receiver":	{
					"socket":	5,
					"start":	0,
					"end":	5.00035,
					"seconds":	5.00035,
					"bytes":	9306112,
					"bits_per_second":	1.48887e+07
				}
			}],
		"sum_sent":	{
			"start":	0,
			"end":	5.00035,
			"seconds":	5.00035,
			"bytes":	9306112,
			"bits_per_second":	1.48887e+07,
			"retransmits":	0
		},
		"sum_received":	{
			"start":	0,
			"end":	5.00035,
			"seconds":	5.00035,
			"bytes":	9306112,
			"bits_per_second":	1.48887e+07
		},
		"cpu_utilization_percent":	{
			"host_total":	1.1064,
			"host_user":	0.290228,
			"host_system":	0.816129,
			"remote_total":	0.524727,
			"remote_user":	0.0921159,
			"remote_system":	0.432571
		}
	}
}
