{
	"start":	{
		"connected":	[{
				"socket":	5,
				"local_host":	"10.0.0.21",
				"local_port":	3655,
				"remote_host":	"10.0.0.1",
				"remote_port":	49676
			}],
		"version":	"iperf 3.0.7",
		"system_info":	"Linux CS7 5.4.197-0504197-generic #202206060747 SMP Mon Jun 6 09:27:47 UTC 2022 x86_64 x86_64 x86_64 GNU/Linux\n",
		"timestamp":	{
			"time":	"Mon, 25 Jul 2022 21:46:53 GMT",
			"timesecs":	1658785613
		},
		"accepted_connection":	{
			"host":	"10.0.0.1",
			"port":	37436
		},
		"cookie":	"BS1.1658785613.514119.6b0ee77e60062c",
		"test_start":	{
			"protocol":	"UDP",
			"num_streams":	1,
			"blksize":	8192,
			"omit":	0,
			"duration":	3,
			"bytes":	0,
			"blocks":	0,
			"reverse":	0
		}
	},
	"intervals":	[{
			"streams":	[{
					"socket":	5,
					"start":	0,
					"end":	1.00014,
					"seconds":	1.00014,
					"bytes":	7946240,
					"bits_per_second":	6.35612e+07,
					"jitter_ms":	1.33863,
					"lost_packets":	282,
					"packets":	1206,
					"lost_percent":	23.3831,
					"omitted":	false
				}],
			"sum":	{
				"start":	0,
				"end":	1.00014,
				"seconds":	1.00014,
				"bytes":	7946240,
				"bits_per_second":	6.35612e+07,
				"jitter_ms":	1.33863,
				"lost_packets":	282,
				"packets":	1206,
				"lost_percent":	23.3831,
				"omitted":	false
			}
		}, {
			"streams":	[{
					"socket":	5,
					"start":	1.00014,
					"end":	2.00531,
					"seconds":	1.00517,
					"bytes":	8953856,
					"bits_per_second":	7.12622e+07,
					"jitter_ms":	1.68069,
					"lost_packets":	570,
					"packets":	1558,
					"lost_percent":	36.5854,
					"omitted":	false
				}],
			"sum":	{
				"start":	1.00014,
				"end":	2.00531,
				"seconds":	1.00517,
				"bytes":	8953856,
				"bits_per_second":	7.12622e+07,
				"jitter_ms":	1.68069,
				"lost_packets":	570,
				"packets":	1558,
				"lost_percent":	36.5854,
				"omitted":	false
			}
		}, {
			"streams":	[{
					"socket":	5,
					"start":	2.00531,
					"end":	3.01858,
					"seconds":	1.01327,
					"bytes":	9519104,
					"bits_per_second":	7.51553e+07,
					"jitter_ms":	3.11232,
					"lost_packets":	282,
					"packets":	1340,
					"lost_percent":	21.0448,
					"omitted":	false
				}],
			"sum":	{
				"start":	2.00531,
				"end":	3.01858,
				"seconds":	1.01327,
				"bytes":	9519104,
				"bits_per_second":	7.51553e+07,
				"jitter_ms":	3.11232,
				"lost_packets":	282,
				"packets":	1340,
				"lost_percent":	21.0448,
				"omitted":	false
			}
		}, {
			"streams":	[{
					"socket":	5,
					"start":	3.01858,
					"end":	3.17232,
					"seconds":	0.153737,
					"bytes":	1015808,
					"bits_per_second":	5.28595e+07,
					"jitter_ms":	2.11049,
					"lost_packets":	25,
					"packets":	139,
					"lost_percent":	17.9856,
					"omitted":	false
				}],
			"sum":	{
				"start":	3.01858,
				"end":	3.17232,
				"seconds":	0.153737,
				"bytes":	1015808,
				"bits_per_second":	5.28595e+07,
				"jitter_ms":	2.11049,
				"lost_packets":	25,
				"packets":	139,
				"lost_percent":	17.9856,
				"omitted":	false
			}
		}],
	"end":	{
		"streams":	[{
				"udp":	{
					"socket":	5,
					"start":	0,
					"end":	3.17232,
					"seconds":	3.17232,
					"bytes":	34758656,
					"bits_per_second":	8.76549e+07,
					"jitter_ms":	2.11049,
					"lost_packets":	1159,
					"packets":	4243,
					"lost_percent":	27.3156
				}
			}],
		"sum":	{
			"start":	0,
			"end":	3.17232,
			"seconds":	3.17232,
			"bytes":	34758656,
			"bits_per_second":	8.76549e+07,
			"jitter_ms":	2.11049,
			"lost_packets":	1159,
			"packets":	4243,
			"lost_percent":	27.3156
		},
		"cpu_utilization_percent":	{
			"host_total":	7.41586,
			"host_user":	1.1621,
			"host_system":	6.25379,
			"remote_total":	26.694,
			"remote_user":	0.442854,
			"remote_system":	26.2509
		}
	},
	"error":	"OUT OF ORDER - incoming packet = 8 and received packet = 9 AND SP = 5",
	"error":	"OUT OF ORDER - incoming packet = 1 and received packet = 9 AND SP = 5",
	"error":	"OUT OF ORDER - incoming packet = 2 and received packet = 10 AND SP = 5",
	"error":	"OUT OF ORDER - incoming packet = 3 and received packet = 10 AND SP = 5",
	"error":	"OUT OF ORDER - incoming packet = 4 and received packet = 10 AND SP = 5",
	"error":	"OUT OF ORDER - incoming packet = 5 and received packet = 10 AND SP = 5",
	"error":	"OUT OF ORDER - incoming packet = 67 and received packet = 68 AND SP = 5",
	"error":	"OUT OF ORDER - incoming packet = 113 and received packet = 114 AND SP = 5",
	"error":	"OUT OF ORDER - incoming packet = 239 and received packet = 240 AND SP = 5",
	"error":	"OUT OF ORDER - incoming packet = 242 and received packet = 244 AND SP = 5",
	"error":	"OUT OF ORDER - incoming packet = 249 and received packet = 250 AND SP = 5",
	"error":	"OUT OF ORDER - incoming packet = 252 and received packet = 253 AND SP = 5",
	"error":	"OUT OF ORDER - incoming packet = 275 and received packet = 276 AND SP = 5",
	"error":	"OUT OF ORDER - incoming packet = 282 and received packet = 283 AND SP = 5",
	"error":	"OUT OF ORDER - incoming packet = 294 and received packet = 295 AND SP = 5",
	"error":	"OUT OF ORDER - incoming packet = 313 and received packet = 314 AND SP = 5",
	"error":	"OUT OF ORDER - incoming packet = 359 and received packet = 360 AND SP = 5",
	"error":	"OUT OF ORDER - incoming packet = 361 and received packet = 362 AND SP = 5",
	"error":	"OUT OF ORDER - incoming packet = 440 and received packet = 441 AND SP = 5",
	"error":	"OUT OF ORDER - incoming packet = 446 and received packet = 447 AND SP = 5",
	"error":	"OUT OF ORDER - incoming packet = 448 and received packet = 449 AND SP = 5",
	"error":	"OUT OF ORDER - incoming packet = 511 and received packet = 514 AND SP = 5",
	"error":	"OUT OF ORDER - incoming packet = 521 and received packet = 522 AND SP = 5",
	"error":	"OUT OF ORDER - incoming packet = 524 and received packet = 525 AND SP = 5",
	"error":	"OUT OF ORDER - incoming packet = 610 and received packet = 611 AND SP = 5",
	"error":	"OUT OF ORDER - incoming packet = 612 and received packet = 613 AND SP = 5",
	"error":	"OUT OF ORDER - incoming packet = 760 and received packet = 761 AND SP = 5",
	"error":	"OUT OF ORDER - incoming packet = 787 and received packet = 788 AND SP = 5",
	"error":	"OUT OF ORDER - incoming packet = 792 and received packet = 793 AND SP = 5",
	"error":	"OUT OF ORDER - incoming packet = 794 and received packet = 796 AND SP = 5",
	"error":	"OUT OF ORDER - incoming packet = 808 and received packet = 809 AND SP = 5",
	"error":	"OUT OF ORDER - incoming packet = 834 and received packet = 836 AND SP = 5",
	"error":	"OUT OF ORDER - incoming packet = 835 and received packet = 836 AND SP = 5",
	"error":	"OUT OF ORDER - incoming packet = 899 and received packet = 906 AND SP = 5",
	"error":	"OUT OF ORDER - incoming packet = 902 and received packet = 908 AND SP = 5",
	"error":	"OUT OF ORDER - incoming packet = 921 and received packet = 922 AND SP = 5",
	"error":	"OUT OF ORDER - incoming packet = 933 and received packet = 936 AND SP = 5",
	"error":	"OUT OF ORDER - incoming packet = 937 and received packet = 939 AND SP = 5",
	"error":	"OUT OF ORDER - incoming packet = 938 and received packet = 941 AND SP = 5",
	"error":	"OUT OF ORDER - incoming packet = 968 and received packet = 969 AND SP = 5",
	"error":	"OUT OF ORDER - incoming packet = 970 and received packet = 971 AND SP = 5",
	"error":	"OUT OF ORDER - incoming packet = 1093 and received packet = 1094 AND SP = 5",
	"error":	"OUT OF ORDER - incoming packet = 1120 and received packet = 1121 AND SP = 5",
	"error":	"OUT OF ORDER - incoming packet = 1135 and received packet = 1136 AND SP = 5",
	"error":	"OUT OF ORDER - incoming packet = 1156 and received packet = 1157 AND SP = 5",
	"error":	"OUT OF ORDER - incoming packet = 1158 and received packet = 1159 AND SP = 5",
	"error":	"OUT OF ORDER - incoming packet = 1226 and received packet = 1227 AND SP = 5",
	"error":	"OUT OF ORDER - incoming packet = 1259 and received packet = 1262 AND SP = 5",
	"error":	"OUT OF ORDER - incoming packet = 1260 and received packet = 1262 AND SP = 5",
	"error":	"OUT OF ORDER - incoming packet = 1261 and received packet = 1262 AND SP = 5",
	"error":	"OUT OF ORDER - incoming packet = 1355 and received packet = 1357 AND SP = 5",
	"error":	"OUT OF ORDER - incoming packet = 1358 and received packet = 1361 AND SP = 5",
	"error":	"OUT OF ORDER - incoming packet = 1418 and received packet = 1420 AND SP = 5",
	"error":	"OUT OF ORDER - incoming packet = 1582 and received packet = 1584 AND SP = 5",
	"error":	"OUT OF ORDER - incoming packet = 1585 and received packet = 1587 AND SP = 5",
	"error":	"OUT OF ORDER - incoming packet = 1586 and received packet = 1588 AND SP = 5",
	"error":	"OUT OF ORDER - incoming packet = 1603 and received packet = 1604 AND SP = 5",
	"error":	"OUT OF ORDER - incoming packet = 1719 and received packet = 1720 AND SP = 5",
	"error":	"OUT OF ORDER - incoming packet = 1742 and received packet = 1744 AND SP = 5",
	"error":	"OUT OF ORDER - incoming packet = 1743 and received packet = 1744 AND SP = 5",
	"error":	"OUT OF ORDER - incoming packet = 1748 and received packet = 1749 AND SP = 5",
	"error":	"OUT OF ORDER - incoming packet = 1751 and received packet = 1753 AND SP = 5",
	"error":	"OUT OF ORDER - incoming packet = 1750 and received packet = 1753 AND SP = 5",
	"error":	"OUT OF ORDER - incoming packet = 1770 and received packet = 1771 AND SP = 5",
	"error":	"OUT OF ORDER - incoming packet = 1772 and received packet = 1773 AND SP = 5",
	"error":	"OUT OF ORDER - incoming packet = 1774 and received packet = 1776 AND SP = 5",
	"error":	"OUT OF ORDER - incoming packet = 1775 and received packet = 1776 AND SP = 5",
	"error":	"OUT OF ORDER - incoming packet = 1779 and received packet = 1781 AND SP = 5",
	"error":	"OUT OF ORDER - incoming packet = 1780 and received packet = 1785 AND SP = 5",
	"error":	"OUT OF ORDER - incoming packet = 1786 and received packet = 1787 AND SP = 5",
	"error":	"OUT OF ORDER - incoming packet = 1783 and received packet = 1787 AND SP = 5",
	"error":	"OUT OF ORDER - incoming packet = 1784 and received packet = 1787 AND SP = 5",
	"error":	"OUT OF ORDER - incoming packet = 1815 and received packet = 1816 AND SP = 5",
	"error":	"OUT OF ORDER - incoming packet = 1817 and received packet = 1818 AND SP = 5",
	"error":	"OUT OF ORDER - incoming packet = 1819 and received packet = 1821 AND SP = 5",
	"error":	"OUT OF ORDER - incoming packet = 1846 and received packet = 1847 AND SP = 5",
	"error":	"OUT OF ORDER - incoming packet = 1853 and received packet = 1858 AND SP = 5",
	"error":	"OUT OF ORDER - incoming packet = 1854 and received packet = 1858 AND SP = 5",
	"error":	"OUT OF ORDER - incoming packet = 1855 and received packet = 1858 AND SP = 5",
	"error":	"OUT OF ORDER - incoming packet = 1856 and received packet = 1858 AND SP = 5",
	"error":	"OUT OF ORDER - incoming packet = 1857 and received packet = 1858 AND SP = 5",
	"error":	"OUT OF ORDER - incoming packet = 1864 and received packet = 1865 AND SP = 5",
	"error":	"OUT OF ORDER - incoming packet = 1866 and received packet = 1867 AND SP = 5",
	"error":	"OUT OF ORDER - incoming packet = 1869 and received packet = 1870 AND SP = 5",
	"error":	"OUT OF ORDER - incoming packet = 1871 and received packet = 1873 AND SP = 5",
	"error":	"OUT OF ORDER - incoming packet = 1872 and received packet = 1873 AND SP = 5",
	"error":	"OUT OF ORDER - incoming packet = 1874 and received packet = 1877 AND SP = 5",
	"error":	"OUT OF ORDER - incoming packet = 1875 and received packet = 1877 AND SP = 5",
	"error":	"OUT OF ORDER - incoming packet = 1878 and received packet = 1879 AND SP = 5",
	"error":	"OUT OF ORDER - incoming packet = 1916 and received packet = 1917 AND SP = 5",
	"error":	"OUT OF ORDER - incoming packet = 1924 and received packet = 1925 AND SP = 5",
	"error":	"OUT OF ORDER - incoming packet = 1921 and received packet = 1926 AND SP = 5",
	"error":	"OUT OF ORDER - incoming packet = 1928 and received packet = 1932 AND SP = 5",
	"error":	"OUT OF ORDER - incoming packet = 1931 and received packet = 1935 AND SP = 5",
	"error":	"OUT OF ORDER - incoming packet = 1949 and received packet = 1951 AND SP = 5",
	"error":	"OUT OF ORDER - incoming packet = 1950 and received packet = 1951 AND SP = 5",
	"error":	"OUT OF ORDER - incoming packet = 1964 and received packet = 1966 AND SP = 5",
	"error":	"OUT OF ORDER - incoming packet = 1963 and received packet = 1967 AND SP = 5",
	"error":	"OUT OF ORDER - incoming packet = 2058 and received packet = 2059 AND SP = 5",
	"error":	"OUT OF ORDER - incoming packet = 2060 and received packet = 2062 AND SP = 5",
	"error":	"OUT OF ORDER - incoming packet = 2061 and received packet = 2062 AND SP = 5",
	"error":	"OUT OF ORDER - incoming packet = 2087 and received packet = 2091 AND SP = 5",
	"error":	"OUT OF ORDER - incoming packet = 2088 and received packet = 2091 AND SP = 5",
	"error":	"OUT OF ORDER - incoming packet = 2089 and received packet = 2091 AND SP = 5",
	"error":	"OUT OF ORDER - incoming packet = 2090 and received packet = 2091 AND SP = 5",
	"error":	"OUT OF ORDER - incoming packet = 2096 and received packet = 2101 AND SP = 5",
	"error":	"OUT OF ORDER - incoming packet = 2097 and received packet = 2101 AND SP = 5",
	"error":	"OUT OF ORDER - incoming packet = 2098 and received packet = 2103 AND SP = 5",
	"error":	"OUT OF ORDER - incoming packet = 2099 and received packet = 2103 AND SP = 5",
	"error":	"OUT OF ORDER - incoming packet = 2136 and received packet = 2140 AND SP = 5",
	"error":	"OUT OF ORDER - incoming packet = 2143 and received packet = 2145 AND SP = 5",
	"error":	"OUT OF ORDER - incoming packet = 2155 and received packet = 2159 AND SP = 5",
	"error":	"OUT OF ORDER - incoming packet = 2152 and received packet = 2159 AND SP = 5",
	"error":	"OUT OF ORDER - incoming packet = 2148 and received packet = 2159 AND SP = 5",
	"error":	"OUT OF ORDER - incoming packet = 2158 and received packet = 2159 AND SP = 5",
	"error":	"OUT OF ORDER - incoming packet = 2149 and received packet = 2161 AND SP = 5",
	"error":	"OUT OF ORDER - incoming packet = 2153 and received packet = 2161 AND SP = 5",
	"error":	"OUT OF ORDER - incoming packet = 2154 and received packet = 2161 AND SP = 5",
	"error":	"OUT OF ORDER - incoming packet = 2156 and received packet = 2163 AND SP = 5",
	"error":	"OUT OF ORDER - incoming packet = 2170 and received packet = 2173 AND SP = 5",
	"error":	"OUT OF ORDER - incoming packet = 2171 and received packet = 2173 AND SP = 5",
	"error":	"OUT OF ORDER - incoming packet = 2174 and received packet = 2176 AND SP = 5",
	"error":	"OUT OF ORDER - incoming packet = 2180 and received packet = 2183 AND SP = 5",
	"error":	"OUT OF ORDER - incoming packet = 2179 and received packet = 2183 AND SP = 5",
	"error":	"OUT OF ORDER - incoming packet = 2181 and received packet = 2185 AND SP = 5",
	"error":	"OUT OF ORDER - incoming packet = 2182 and received packet = 2185 AND SP = 5",
	"error":	"OUT OF ORDER - incoming packet = 2184 and received packet = 2186 AND SP = 5",
	"error":	"OUT OF ORDER - incoming packet = 2247 and received packet = 2256 AND SP = 5",
	"error":	"OUT OF ORDER - incoming packet = 2319 and received packet = 2321 AND SP = 5",
	"error":	"OUT OF ORDER - incoming packet = 2327 and received packet = 2328 AND SP = 5",
	"error":	"OUT OF ORDER - incoming packet = 2326 and received packet = 2328 AND SP = 5",
	"error":	"OUT OF ORDER - incoming packet = 2334 and received packet = 2335 AND SP = 5",
	"error":	"OUT OF ORDER - incoming packet = 2333 and received packet = 2335 AND SP = 5",
	"error":	"OUT OF ORDER - incoming packet = 2337 and received packet = 2342 AND SP = 5",
	"error":	"OUT OF ORDER - incoming packet = 2339 and received packet = 2342 AND SP = 5",
	"error":	"OUT OF ORDER - incoming packet = 2341 and received packet = 2342 AND SP = 5",
	"error":	"OUT OF ORDER - incoming packet = 2343 and received packet = 2344 AND SP = 5",
	"error":	"OUT OF ORDER - incoming packet = 2345 and received packet = 2346 AND SP = 5",
	"error":	"OUT OF ORDER - incoming packet = 2353 and received packet = 2356 AND SP = 5",
	"error":	"OUT OF ORDER - incoming packet = 2354 and received packet = 2360 AND SP = 5",
	"error":	"OUT OF ORDER - incoming packet = 2355 and received packet = 2360 AND SP = 5",
	"error":	"OUT OF ORDER - incoming packet = 2358 and received packet = 2363 AND SP = 5",
	"error":	"OUT OF ORDER - incoming packet = 2361 and received packet = 2366 AND SP = 5",
	"error":	"OUT OF ORDER - incoming packet = 2364 and received packet = 2366 AND SP = 5",
	"error":	"OUT OF ORDER - incoming packet = 2515 and received packet = 2516 AND SP = 5",
	"error":	"OUT OF ORDER - incoming packet = 2544 and received packet = 2545 AND SP = 5",
	"error":	"OUT OF ORDER - incoming packet = 2693 and received packet = 2695 AND SP = 5",
	"error":	"OUT OF ORDER - incoming packet = 2721 and received packet = 2724 AND SP = 5",
	"error":	"OUT OF ORDER - incoming packet = 2750 and received packet = 2751 AND SP = 5",
	"error":	"OUT OF ORDER - incoming packet = 2756 and received packet = 2758 AND SP = 5",
	"error":	"OUT OF ORDER - incoming packet = 2757 and received packet = 2758 AND SP = 5",
	"error":	"OUT OF ORDER - incoming packet = 2799 and received packet = 2800 AND SP = 5",
	"error":	"OUT OF ORDER - incoming packet = 2805 and received packet = 2808 AND SP = 5",
	"error":	"OUT OF ORDER - incoming packet = 2807 and received packet = 2808 AND SP = 5",
	"error":	"OUT OF ORDER - incoming packet = 2810 and received packet = 2811 AND SP = 5",
	"error":	"OUT OF ORDER - incoming packet = 2816 and received packet = 2817 AND SP = 5",
	"error":	"OUT OF ORDER - incoming packet = 2815 and received packet = 2817 AND SP = 5",
	"error":	"OUT OF ORDER - incoming packet = 2820 and received packet = 2821 AND SP = 5",
	"error":	"OUT OF ORDER - incoming packet = 2823 and received packet = 2824 AND SP = 5",
	"error":	"OUT OF ORDER - incoming packet = 2825 and received packet = 2828 AND SP = 5",
	"error":	"OUT OF ORDER - incoming packet = 2827 and received packet = 2831 AND SP = 5",
	"error":	"OUT OF ORDER - incoming packet = 2829 and received packet = 2831 AND SP = 5",
	"error":	"OUT OF ORDER - incoming packet = 2826 and received packet = 2831 AND SP = 5",
	"error":	"OUT OF ORDER - incoming packet = 2832 and received packet = 2834 AND SP = 5",
	"error":	"OUT OF ORDER - incoming packet = 2854 and received packet = 2855 AND SP = 5",
	"error":	"OUT OF ORDER - incoming packet = 2859 and received packet = 2860 AND SP = 5",
	"error":	"OUT OF ORDER - incoming packet = 2867 and received packet = 2868 AND SP = 5",
	"error":	"OUT OF ORDER - incoming packet = 2891 and received packet = 2893 AND SP = 5",
	"error":	"OUT OF ORDER - incoming packet = 2892 and received packet = 2894 AND SP = 5",
	"error":	"OUT OF ORDER - incoming packet = 2901 and received packet = 2902 AND SP = 5",
	"error":	"OUT OF ORDER - incoming packet = 2899 and received packet = 2903 AND SP = 5",
	"error":	"OUT OF ORDER - incoming packet = 2900 and received packet = 2903 AND SP = 5",
	"error":	"OUT OF ORDER - incoming packet = 2920 and received packet = 2921 AND SP = 5",
	"error":	"OUT OF ORDER - incoming packet = 2944 and received packet = 2945 AND SP = 5",
	"error":	"OUT OF ORDER - incoming packet = 2951 and received packet = 2952 AND SP = 5",
	"error":	"OUT OF ORDER - incoming packet = 2963 and received packet = 2965 AND SP = 5",
	"error":	"OUT OF ORDER - incoming packet = 2964 and received packet = 2965 AND SP = 5",
	"error":	"OUT OF ORDER - incoming packet = 2980 and received packet = 2981 AND SP = 5",
	"error":	"OUT OF ORDER - incoming packet = 2983 and received packet = 2984 AND SP = 5",
	"error":	"OUT OF ORDER - incoming packet = 2985 and received packet = 2986 AND SP = 5",
	"error":	"OUT OF ORDER - incoming packet = 2976 and received packet = 2987 AND SP = 5",
	"error":	"OUT OF ORDER - incoming packet = 2979 and received packet = 2990 AND SP = 5",
	"error":	"OUT OF ORDER - incoming packet = 2992 and received packet = 2993 AND SP = 5",
	"error":	"OUT OF ORDER - incoming packet = 3024 and received packet = 3025 AND SP = 5",
	"error":	"OUT OF ORDER - incoming packet = 3051 and received packet = 3052 AND SP = 5",
	"error":	"OUT OF ORDER - incoming packet = 3081 and received packet = 3084 AND SP = 5",
	"error":	"OUT OF ORDER - incoming packet = 3120 and received packet = 3122 AND SP = 5",
	"error":	"OUT OF ORDER - incoming packet = 3149 and received packet = 3151 AND SP = 5",
	"error":	"OUT OF ORDER - incoming packet = 3150 and received packet = 3151 AND SP = 5",
	"error":	"OUT OF ORDER - incoming packet = 3208 and received packet = 3210 AND SP = 5",
	"error":	"OUT OF ORDER - incoming packet = 3211 and received packet = 3212 AND SP = 5",
	"error":	"OUT OF ORDER - incoming packet = 3267 and received packet = 3268 AND SP = 5",
	"error":	"OUT OF ORDER - incoming packet = 3269 and received packet = 3270 AND SP = 5",
	"error":	"OUT OF ORDER - incoming packet = 3332 and received packet = 3333 AND SP = 5",
	"error":	"OUT OF ORDER - incoming packet = 3368 and received packet = 3371 AND SP = 5",
	"error":	"OUT OF ORDER - incoming packet = 3392 and received packet = 3393 AND SP = 5",
	"error":	"OUT OF ORDER - incoming packet = 3438 and received packet = 3439 AND SP = 5",
	"error":	"OUT OF ORDER - incoming packet = 3442 and received packet = 3443 AND SP = 5",
	"error":	"OUT OF ORDER - incoming packet = 3456 and received packet = 3457 AND SP = 5",
	"error":	"OUT OF ORDER - incoming packet = 3481 and received packet = 3482 AND SP = 5",
	"error":	"OUT OF ORDER - incoming packet = 3492 and received packet = 3494 AND SP = 5",
	"error":	"OUT OF ORDER - incoming packet = 3535 and received packet = 3536 AND SP = 5",
	"error":	"OUT OF ORDER - incoming packet = 3542 and received packet = 3544 AND SP = 5",
	"error":	"OUT OF ORDER - incoming packet = 3546 and received packet = 3547 AND SP = 5",
	"error":	"OUT OF ORDER - incoming packet = 3560 and received packet = 3561 AND SP = 5",
	"error":	"OUT OF ORDER - incoming packet = 3567 and received packet = 3568 AND SP = 5",
	"error":	"OUT OF ORDER - incoming packet = 3570 and received packet = 3571 AND SP = 5",
	"error":	"OUT OF ORDER - incoming packet = 3575 and received packet = 3576 AND SP = 5",
	"error":	"OUT OF ORDER - incoming packet = 3578 and received packet = 3579 AND SP = 5",
	"error":	"OUT OF ORDER - incoming packet = 3582 and received packet = 3584 AND SP = 5",
	"error":	"OUT OF ORDER - incoming packet = 3586 and received packet = 3587 AND SP = 5",
	"error":	"OUT OF ORDER - incoming packet = 3593 and received packet = 3594 AND SP = 5",
	"error":	"OUT OF ORDER - incoming packet = 3600 and received packet = 3601 AND SP = 5",
	"error":	"OUT OF ORDER - incoming packet = 3602 and received packet = 3603 AND SP = 5",
	"error":	"OUT OF ORDER - incoming packet = 3650 and received packet = 3652 AND SP = 5",
	"error":	"OUT OF ORDER - incoming packet = 3653 and received packet = 3655 AND SP = 5",
	"error":	"OUT OF ORDER - incoming packet = 3673 and received packet = 3675 AND SP = 5",
	"error":	"OUT OF ORDER - incoming packet = 3686 and received packet = 3687 AND SP = 5",
	"error":	"OUT OF ORDER - incoming packet = 3689 and received packet = 3694 AND SP = 5",
	"error":	"OUT OF ORDER - incoming packet = 3690 and received packet = 3694 AND SP = 5",
	"error":	"OUT OF ORDER - incoming packet = 3691 and received packet = 3695 AND SP = 5",
	"error":	"OUT OF ORDER - incoming packet = 3692 and received packet = 3695 AND SP = 5",
	"error":	"OUT OF ORDER - incoming packet = 3693 and received packet = 3695 AND SP = 5",
	"error":	"OUT OF ORDER - incoming packet = 3698 and received packet = 3699 AND SP = 5",
	"error":	"OUT OF ORDER - incoming packet = 3716 and received packet = 3720 AND SP = 5",
	"error":	"OUT OF ORDER - incoming packet = 3717 and received packet = 3720 AND SP = 5",
	"error":	"OUT OF ORDER - incoming packet = 3723 and received packet = 3724 AND SP = 5",
	"error":	"OUT OF ORDER - incoming packet = 3729 and received packet = 3731 AND SP = 5",
	"error":	"OUT OF ORDER - incoming packet = 3730 and received packet = 3731 AND SP = 5",
	"error":	"OUT OF ORDER - incoming packet = 3752 and received packet = 3753 AND SP = 5",
	"error":	"OUT OF ORDER - incoming packet = 3781 and received packet = 3782 AND SP = 5",
	"error":	"OUT OF ORDER - incoming packet = 3783 and received packet = 3784 AND SP = 5",
	"error":	"OUT OF ORDER - incoming packet = 3793 and received packet = 3794 AND SP = 5",
	"error":	"OUT OF ORDER - incoming packet = 3798 and received packet = 3800 AND SP = 5",
	"error":	"OUT OF ORDER - incoming packet = 3799 and received packet = 3800 AND SP = 5",
	"error":	"OUT OF ORDER - incoming packet = 3801 and received packet = 3804 AND SP = 5",
	"error":	"OUT OF ORDER - incoming packet = 3811 and received packet = 3812 AND SP = 5",
	"error":	"OUT OF ORDER - incoming packet = 3816 and received packet = 3817 AND SP = 5",
	"error":	"OUT OF ORDER - incoming packet = 3818 and received packet = 3819 AND SP = 5",
	"error":	"OUT OF ORDER - incoming packet = 3872 and received packet = 3873 AND SP = 5",
	"error":	"OUT OF ORDER - incoming packet = 3903 and received packet = 3904 AND SP = 5",
	"error":	"OUT OF ORDER - incoming packet = 3916 and received packet = 3918 AND SP = 5",
	"error":	"OUT OF ORDER - incoming packet = 3917 and received packet = 3918 AND SP = 5",
	"error":	"OUT OF ORDER - incoming packet = 3927 and received packet = 3928 AND SP = 5",
	"error":	"OUT OF ORDER - incoming packet = 3929 and received packet = 3930 AND SP = 5",
	"error":	"OUT OF ORDER - incoming packet = 3941 and received packet = 3942 AND SP = 5",
	"error":	"OUT OF ORDER - incoming packet = 3949 and received packet = 3951 AND SP = 5",
	"error":	"OUT OF ORDER - incoming packet = 3961 and received packet = 3962 AND SP = 5",
	"error":	"OUT OF ORDER - incoming packet = 3967 and received packet = 3968 AND SP = 5",
	"error":	"OUT OF ORDER - incoming packet = 3971 and received packet = 3973 AND SP = 5",
	"error":	"OUT OF ORDER - incoming packet = 3975 and received packet = 3976 AND SP = 5",
	"error":	"OUT OF ORDER - incoming packet = 4018 and received packet = 4020 AND SP = 5",
	"error":	"OUT OF ORDER - incoming packet = 4039 and received packet = 4040 AND SP = 5",
	"error":	"OUT OF ORDER - incoming packet = 4047 and received packet = 4048 AND SP = 5",
	"error":	"OUT OF ORDER - incoming packet = 4094 and received packet = 4095 AND SP = 5",
	"error":	"OUT OF ORDER - incoming packet = 4141 and received packet = 4142 AND SP = 5",
	"error":	"OUT OF ORDER - incoming packet = 4140 and received packet = 4142 AND SP = 5",
	"error":	"OUT OF ORDER - incoming packet = 4146 and received packet = 4148 AND SP = 5",
	"error":	"OUT OF ORDER - incoming packet = 4147 and received packet = 4148 AND SP = 5",
	"error":	"OUT OF ORDER - incoming packet = 4152 and received packet = 4153 AND SP = 5",
	"error":	"OUT OF ORDER - incoming packet = 4154 and received packet = 4155 AND SP = 5",
	"error":	"OUT OF ORDER - incoming packet = 4161 and received packet = 4162 AND SP = 5",
	"error":	"OUT OF ORDER - incoming packet = 4167 and received packet = 4168 AND SP = 5",
	"error":	"OUT OF ORDER - incoming packet = 4181 and received packet = 4183 AND SP = 5",
	"error":	"OUT OF ORDER - incoming packet = 4182 and received packet = 4183 AND SP = 5"
}
