{
	"start":	{
		"connected":	[{
				"socket":	5,
				"local_host":	"10.0.0.13",
				"local_port":	1306,
				"remote_host":	"10.0.0.4",
				"remote_port":	53930
			}],
		"version":	"iperf 3.0.7",
		"system_info":	"Linux MECS6 5.4.197-0504197-generic #202206060747 SMP Mon Jun 6 09:27:47 UTC 2022 x86_64 x86_64 x86_64 GNU/Linux\n",
		"timestamp":	{
			"time":	"Mon, 25 Jul 2022 21:48:13 GMT",
			"timesecs":	1658785693
		},
		"accepted_connection":	{
			"host":	"10.0.0.4",
			"port":	53928
		},
		"cookie":	"BS4.1658785693.165642.716868a7110dde",
		"tcp_mss_default":	1448,
		"test_start":	{
			"protocol":	"TCP",
			"num_streams":	1,
			"blksize":	131072,
			"omit":	0,
			"duration":	30,
			"bytes":	0,
			"blocks":	0,
			"reverse":	0
		}
	},
	"intervals":	[{
			"streams":	[{
					"socket":	5,
					"start":	0,
					"end":	1.0011,
					"seconds":	1.0011,
					"bytes":	1117856,
					"bits_per_second":	8.93304e+06,
					"omitted":	false
				}],
			"sum":	{
				"start":	0,
				"end":	1.0011,
				"seconds":	1.0011,
				"bytes":	1117856,
				"bits_per_second":	8.93304e+06,
				"omitted":	false
			}
		}, {
			"streams":	[{
					"socket":	5,
					"start":	1.0011,
					"end":	2.01084,
					"seconds":	1.00974,
					"bytes":	3150848,
					"bits_per_second":	2.49636e+07,
					"omitted":	false
				}],
			"sum":	{
				"start":	1.0011,
				"end":	2.01084,
				"seconds":	1.00974,
				"bytes":	3150848,
				"bits_per_second":	2.49636e+07,
				"omitted":	false
			}
		}, {
			"streams":	[{
					"socket":	5,
					"start":	2.01084,
					"end":	3.00036,
					"seconds":	0.989518,
					"bytes":	2869936,
					"bits_per_second":	2.32027e+07,
					"omitted":	false
				}],
			"sum":	{
				"start":	2.01084,
				"end":	3.00036,
				"seconds":	0.989518,
				"bytes":	2869936,
				"bits_per_second":	2.32027e+07,
				"omitted":	false
			}
		}, {
			"streams":	[{
					"socket":	5,
					"start":	3.00036,
					"end":	4.00025,
					"seconds":	0.999895,
					"bytes":	3213112,
					"bits_per_second":	2.57076e+07,
					"omitted":	false
				}],
			"sum":	{
				"start":	3.00036,
				"end":	4.00025,
				"seconds":	0.999895,
				"bytes":	3213112,
				"bits_per_second":	2.57076e+07,
				"omitted":	false
			}
		}, {
			"streams":	[{
					"socket":	5,
					"start":	4.00025,
					"end":	5.00255,
					"seconds":	1.00229,
					"bytes":	2350104,
					"bits_per_second":	1.87578e+07,
					"omitted":	false
				}],
			"sum":	{
				"start":	4.00025,
				"end":	5.00255,
				"seconds":	1.00229,
				"bytes":	2350104,
				"bits_per_second":	1.87578e+07,
				"omitted":	false
			}
		}, {
			"streams":	[{
					"socket":	5,
					"start":	5.00255,
					"end":	6.01131,
					"seconds":	1.00876,
					"bytes":	2822904,
					"bits_per_second":	2.23871e+07,
					"omitted":	false
				}],
			"sum":	{
				"start":	5.00255,
				"end":	6.01131,
				"seconds":	1.00876,
				"bytes":	2822904,
				"bits_per_second":	2.23871e+07,
				"omitted":	false
			}
		}, {
			"streams":	[{
					"socket":	5,
					"start":	6.01131,
					"end":	7.00075,
					"seconds":	0.989444,
					"bytes":	2691080,
					"bits_per_second":	2.17583e+07,
					"omitted":	false
				}],
			"sum":	{
				"start":	6.01131,
				"end":	7.00075,
				"seconds":	0.989444,
				"bytes":	2691080,
				"bits_per_second":	2.17583e+07,
				"omitted":	false
			}
		}, {
			"streams":	[{
					"socket":	5,
					"start":	7.00075,
					"end":	8.00197,
					"seconds":	1.00122,
					"bytes":	2354448,
					"bits_per_second":	1.88126e+07,
					"omitted":	false
				}],
			"sum":	{
				"start":	7.00075,
				"end":	8.00197,
				"seconds":	1.00122,
				"bytes":	2354448,
				"bits_per_second":	1.88126e+07,
				"omitted":	false
			}
		}, {
			"streams":	[{
					"socket":	5,
					"start":	8.00197,
					"end":	9.00045,
					"seconds":	0.998476,
					"bytes":	2784504,
					"bits_per_second":	2.231e+07,
					"omitted":	false
				}],
			"sum":	{
				"start":	8.00197,
				"end":	9.00045,
				"seconds":	0.998476,
				"bytes":	2784504,
				"bits_per_second":	2.231e+07,
				"omitted":	false
			}
		}, {
			"streams":	[{
					"socket":	5,
					"start":	9.00045,
					"end":	10.0004,
					"seconds":	0.999904,
					"bytes":	2004032,
					"bits_per_second":	1.60338e+07,
					"omitted":	false
				}],
			"sum":	{
				"start":	9.00045,
				"end":	10.0004,
				"seconds":	0.999904,
				"bytes":	2004032,
				"bits_per_second":	1.60338e+07,
				"omitted":	false
			}
		}, {
			"streams":	[{
					"socket":	5,
					"start":	10.0004,
					"end":	11.0014,
					"seconds":	1.00105,
					"bytes":	2652736,
					"bits_per_second":	2.11996e+07,
					"omitted":	false
				}],
			"sum":	{
				"start":	10.0004,
				"end":	11.0014,
				"seconds":	1.00105,
				"bytes":	2652736,
				"bits_per_second":	2.11996e+07,
				"omitted":	false
			}
		}, {
			"streams":	[{
					"socket":	5,
					"start":	11.0014,
					"end":	12.0007,
					"seconds":	0.999248,
					"bytes":	1705744,
					"bits_per_second":	1.36562e+07,
					"omitted":	false
				}],
			"sum":	{
				"start":	11.0014,
				"end":	12.0007,
				"seconds":	0.999248,
				"bytes":	1705744,
				"bits_per_second":	1.36562e+07,
				"omitted":	false
			}
		}, {
			"streams":	[{
					"socket":	5,
					"start":	12.0007,
					"end":	13.0001,
					"seconds":	0.999443,
					"bytes":	1743392,
					"bits_per_second":	1.39549e+07,
					"omitted":	false
				}],
			"sum":	{
				"start":	12.0007,
				"end":	13.0001,
				"seconds":	0.999443,
				"bytes":	1743392,
				"bits_per_second":	1.39549e+07,
				"omitted":	false
			}
		}, {
			"streams":	[{
					"socket":	5,
					"start":	13.0001,
					"end":	14.0013,
					"seconds":	1.00116,
					"bytes":	1282928,
					"bits_per_second":	1.02515e+07,
					"omitted":	false
				}],
			"sum":	{
				"start":	13.0001,
				"end":	14.0013,
				"seconds":	1.00116,
				"bytes":	1282928,
				"bits_per_second":	1.02515e+07,
				"omitted":	false
			}
		}, {
			"streams":	[{
					"socket":	5,
					"start":	14.0013,
					"end":	15.0001,
					"seconds":	0.998886,
					"bytes":	787712,
					"bits_per_second":	6.30872e+06,
					"omitted":	false
				}],
			"sum":	{
				"start":	14.0013,
				"end":	15.0001,
				"seconds":	0.998886,
				"bytes":	787712,
				"bits_per_second":	6.30872e+06,
				"omitted":	false
			}
		}, {
			"streams":	[{
					"socket":	5,
					"start":	15.0001,
					"end":	16.0003,
					"seconds":	1.00018,
					"bytes":	1051248,
					"bits_per_second":	8.40844e+06,
					"omitted":	false
				}],
			"sum":	{
				"start":	15.0001,
				"end":	16.0003,
				"seconds":	1.00018,
				"bytes":	1051248,
				"bits_per_second":	8.40844e+06,
				"omitted":	false
			}
		}, {
			"streams":	[{
					"socket":	5,
					"start":	16.0003,
					"end":	17.0027,
					"seconds":	1.00236,
					"bytes":	486528,
					"bits_per_second":	3.88308e+06,
					"omitted":	false
				}],
			"sum":	{
				"start":	16.0003,
				"end":	17.0027,
				"seconds":	1.00236,
				"bytes":	486528,
				"bits_per_second":	3.88308e+06,
				"omitted":	false
			}
		}, {
			"streams":	[{
					"socket":	5,
					"start":	17.0027,
					"end":	18.0008,
					"seconds":	0.998099,
					"bytes":	466256,
					"bits_per_second":	3.73715e+06,
					"omitted":	false
				}],
			"sum":	{
				"start":	17.0027,
				"end":	18.0008,
				"seconds":	0.998099,
				"bytes":	466256,
				"bits_per_second":	3.73715e+06,
				"omitted":	false
			}
		}, {
			"streams":	[{
					"socket":	5,
					"start":	18.0008,
					"end":	19.0017,
					"seconds":	1.00092,
					"bytes":	415576,
					"bits_per_second":	3.32154e+06,
					"omitted":	false
				}],
			"sum":	{
				"start":	18.0008,
				"end":	19.0017,
				"seconds":	1.00092,
				"bytes":	415576,
				"bits_per_second":	3.32154e+06,
				"omitted":	false
			}
		}, {
			"streams":	[{
					"socket":	5,
					"start":	19.0017,
					"end":	20.0017,
					"seconds":	0.999972,
					"bytes":	527072,
					"bits_per_second":	4.21669e+06,
					"omitted":	false
				}],
			"sum":	{
				"start":	19.0017,
				"end":	20.0017,
				"seconds":	0.999972,
				"bytes":	527072,
				"bits_per_second":	4.21669e+06,
				"omitted":	false
			}
		}, {
			"streams":	[{
					"socket":	5,
					"start":	20.0017,
					"end":	21.0004,
					"seconds":	0.998693,
					"bytes":	456120,
					"bits_per_second":	3.65374e+06,
					"omitted":	false
				}],
			"sum":	{
				"start":	20.0017,
				"end":	21.0004,
				"seconds":	0.998693,
				"bytes":	456120,
				"bits_per_second":	3.65374e+06,
				"omitted":	false
			}
		}, {
			"streams":	[{
					"socket":	5,
					"start":	21.0004,
					"end":	22.0016,
					"seconds":	1.00124,
					"bytes":	839840,
					"bits_per_second":	6.71037e+06,
					"omitted":	false
				}],
			"sum":	{
				"start":	21.0004,
				"end":	22.0016,
				"seconds":	1.00124,
				"bytes":	839840,
				"bits_per_second":	6.71037e+06,
				"omitted":	false
			}
		}, {
			"streams":	[{
					"socket":	5,
					"start":	22.0016,
					"end":	23.0011,
					"seconds":	0.999447,
					"bytes":	406888,
					"bits_per_second":	3.25691e+06,
					"omitted":	false
				}],
			"sum":	{
				"start":	22.0016,
				"end":	23.0011,
				"seconds":	0.999447,
				"bytes":	406888,
				"bits_per_second":	3.25691e+06,
				"omitted":	false
			}
		}, {
			"streams":	[{
					"socket":	5,
					"start":	23.0011,
					"end":	24.0036,
					"seconds":	1.00258,
					"bytes":	710968,
					"bits_per_second":	5.67312e+06,
					"omitted":	false
				}],
			"sum":	{
				"start":	23.0011,
				"end":	24.0036,
				"seconds":	1.00258,
				"bytes":	710968,
				"bits_per_second":	5.67312e+06,
				"omitted":	false
			}
		}, {
			"streams":	[{
					"socket":	5,
					"start":	24.0036,
					"end":	25.001,
					"seconds":	0.997397,
					"bytes":	1807104,
					"bits_per_second":	1.44946e+07,
					"omitted":	false
				}],
			"sum":	{
				"start":	24.0036,
				"end":	25.001,
				"seconds":	0.997397,
				"bytes":	1807104,
				"bits_per_second":	1.44946e+07,
				"omitted":	false
			}
		}, {
			"streams":	[{
					"socket":	5,
					"start":	25.001,
					"end":	26.0012,
					"seconds":	1.00012,
					"bytes":	2053264,
					"bits_per_second":	1.64242e+07,
					"omitted":	false
				}],
			"sum":	{
				"start":	25.001,
				"end":	26.0012,
				"seconds":	1.00012,
				"bytes":	2053264,
				"bits_per_second":	1.64242e+07,
				"omitted":	false
			}
		}, {
			"streams":	[{
					"socket":	5,
					"start":	26.0012,
					"end":	27.0002,
					"seconds":	0.999071,
					"bytes":	3569320,
					"bits_per_second":	2.85811e+07,
					"omitted":	false
				}],
			"sum":	{
				"start":	26.0012,
				"end":	27.0002,
				"seconds":	0.999071,
				"bytes":	3569320,
				"bits_per_second":	2.85811e+07,
				"omitted":	false
			}
		}, {
			"streams":	[{
					"socket":	5,
					"start":	27.0002,
					"end":	28.0001,
					"seconds":	0.999892,
					"bytes":	5626928,
					"bits_per_second":	4.50203e+07,
					"omitted":	false
				}],
			"sum":	{
				"start":	27.0002,
				"end":	28.0001,
				"seconds":	0.999892,
				"bytes":	5626928,
				"bits_per_second":	4.50203e+07,
				"omitted":	false
			}
		}, {
			"streams":	[{
					"socket":	5,
					"start":	28.0001,
					"end":	29.0005,
					"seconds":	1.00043,
					"bytes":	5443032,
					"bits_per_second":	4.35258e+07,
					"omitted":	false
				}],
			"sum":	{
				"start":	28.0001,
				"end":	29.0005,
				"seconds":	1.00043,
				"bytes":	5443032,
				"bits_per_second":	4.35258e+07,
				"omitted":	false
			}
		}, {
			"streams":	[{
					"socket":	5,
					"start":	29.0005,
					"end":	30.0004,
					"seconds":	0.999883,
					"bytes":	7445616,
					"bits_per_second":	5.95719e+07,
					"omitted":	false
				}],
			"sum":	{
				"start":	29.0005,
				"end":	30.0004,
				"seconds":	0.999883,
				"bytes":	7445616,
				"bits_per_second":	5.95719e+07,
				"omitted":	false
			}
		}, {
			"streams":	[{
					"socket":	5,
					"start":	30.0004,
					"end":	30.0243,
					"seconds":	0.0238922,
					"bytes":	220096,
					"bits_per_second":	7.36965e+07,
					"omitted":	false
				}],
			"sum":	{
				"start":	30.0004,
				"end":	30.0243,
				"seconds":	0.0238922,
				"bytes":	220096,
				"bits_per_second":	7.36965e+07,
				"omitted":	false
			}
		}],
	"end":	{
		"streams":	[{
				"sender":	{
					"socket":	5,
					"start":	0,
					"end":	30.0243,
					"seconds":	30.0243,
					"bytes":	66400568,
					"bits_per_second":	1.76925e+07,
					"retransmits":	106
				},
				"receiver":	{
					"socket":	5,
					"start":	0,
					"end":	30.0243,
					"seconds":	30.0243,
					"bytes":	65057192,
					"bits_per_second":	1.73345e+07
				}
			}],
		"sum_sent":	{
			"start":	0,
			"end":	30.0243,
			"seconds":	30.0243,
			"bytes":	66400568,
			"bits_per_second":	1.76925e+07,
			"retransmits":	106
		},
		"sum_received":	{
			"start":	0,
			"end":	30.0243,
			"seconds":	30.0243,
			"bytes":	65057192,
			"bits_per_second":	1.73345e+07
		},
		"cpu_utilization_percent":	{
			"host_total":	5.34383,
			"host_user":	0.261334,
			"host_system":	5.08249,
			"remote_total":	0.984346,
			"remote_user":	0.0795851,
			"remote_system":	0.904758
		}
	}
}
