{
	"start":	{
		"connected":	[{
				"socket":	5,
				"local_host":	"10.0.0.21",
				"local_port":	3527,
				"remote_host":	"10.0.0.7",
				"remote_port":	48326
			}],
		"version":	"iperf 3.0.7",
		"system_info":	"Linux CS7 5.4.197-0504197-generic #202206060747 SMP Mon Jun 6 09:27:47 UTC 2022 x86_64 x86_64 x86_64 GNU/Linux\n",
		"timestamp":	{
			"time":	"Mon, 25 Jul 2022 21:50:04 GMT",
			"timesecs":	1658785804
		},
		"accepted_connection":	{
			"host":	"10.0.0.7",
			"port":	48324
		},
		"cookie":	"BS7.1658785804.042555.3d3e3b583cb365",
		"tcp_mss_default":	1448,
		"test_start":	{
			"protocol":	"TCP",
			"num_streams":	1,
			"blksize":	131072,
			"omit":	0,
			"duration":	5,
			"bytes":	0,
			"blocks":	0,
			"reverse":	0
		}
	},
	"intervals":	[{
			"streams":	[{
					"socket":	5,
					"start":	0,
					"end":	1.001,
					"seconds":	1.001,
					"bytes":	11372048,
					"bits_per_second":	9.08859e+07,
					"omitted":	false
				}],
			"sum":	{
				"start":	0,
				"end":	1.001,
				"seconds":	1.001,
				"bytes":	11372048,
				"bits_per_second":	9.08859e+07,
				"omitted":	false
			}
		}, {
			"streams":	[{
					"socket":	5,
					"start":	1.001,
					"end":	2.00073,
					"seconds":	0.999732,
					"bytes":	12451840,
					"bits_per_second":	9.96414e+07,
					"omitted":	false
				}],
			"sum":	{
				"start":	1.001,
				"end":	2.00073,
				"seconds":	0.999732,
				"bytes":	12451840,
				"bits_per_second":	9.96414e+07,
				"omitted":	false
			}
		}, {
			"streams":	[{
					"socket":	5,
					"start":	2.00073,
					"end":	3.00034,
					"seconds":	0.999613,
					"bytes":	12451840,
					"bits_per_second":	9.96533e+07,
					"omitted":	false
				}],
			"sum":	{
				"start":	2.00073,
				"end":	3.00034,
				"seconds":	0.999613,
				"bytes":	12451840,
				"bits_per_second":	9.96533e+07,
				"omitted":	false
			}
		}, {
			"streams":	[{
					"socket":	5,
					"start":	3.00034,
					"end":	4.00036,
					"seconds":	1.00002,
					"bytes":	12582912,
					"bits_per_second":	1.00661e+08,
					"omitted":	false
				}],
			"sum":	{
				"start":	3.00034,
				"end":	4.00036,
				"seconds":	1.00002,
				"bytes":	12582912,
				"bits_per_second":	1.00661e+08,
				"omitted":	false
			}
		}, {
			"streams":	[{
					"socket":	5,
					"start":	4.00036,
					"end":	5.00031,
					"seconds":	0.999953,
					"bytes":	12451840,
					"bits_per_second":	9.96194e+07,
					"omitted":	false
				}],
			"sum":	{
				"start":	4.00036,
				"end":	5.00031,
				"seconds":	0.999953,
				"bytes":	12451840,
				"bits_per_second":	9.96194e+07,
				"omitted":	false
			}
		}, {
			"streams":	[{
					"socket":	5,
					"start":	5.00031,
					"end":	5.02218,
					"seconds":	0.0218709,
					"bytes":	0,
					"bits_per_second":	0,
					"omitted":	false
				}],
			"sum":	{
				"start":	5.00031,
				"end":	5.02218,
				"seconds":	0.0218709,
				"bytes":	0,
				"bits_per_second":	0,
				"omitted":	false
			}
		}],
	"end":	{
		"streams":	[{
				"sender":	{
					"socket":	5,
					"start":	0,
					"end":	5.02218,
					"seconds":	5.02218,
					"bytes":	61310480,
					"bits_per_second":	9.76635e+07,
					"retransmits":	17
				},
				"receiver":	{
					"socket":	5,
					"start":	0,
					"end":	5.02218,
					"seconds":	5.02218,
					"bytes":	61310480,
					"bits_per_second":	9.76635e+07
				}
			}],
		"sum_sent":	{
			"start":	0,
			"end":	5.02218,
			"seconds":	5.02218,
			"bytes":	61310480,
			"bits_per_second":	9.76635e+07,
			"retransmits":	17
		},
		"sum_received":	{
			"start":	0,
			"end":	5.02218,
			"seconds":	5.02218,
			"bytes":	61310480,
			"bits_per_second":	9.76635e+07
		},
		"cpu_utilization_percent":	{
			"host_total":	3.60672,
			"host_user":	0.61101,
			"host_system":	2.99575,
			"remote_total":	1.72419,
			"remote_user":	0.240201,
			"remote_system":	1.48391
		}
	}
}
