{
	"start":	{
		"connected":	[{
				"socket":	5,
				"local_host":	"10.0.0.11",
				"local_port":	1271,
				"remote_host":	"10.0.0.5",
				"remote_port":	47442
			}],
		"version":	"iperf 3.0.7",
		"system_info":	"Linux H11 5.4.197-0504197-generic #202206060747 SMP Mon Jun 6 09:27:47 UTC 2022 x86_64 x86_64 x86_64 GNU/Linux\n",
		"timestamp":	{
			"time":	"Fri, 22 Jul 2022 16:30:45 GMT",
			"timesecs":	1658507445
		},
		"accepted_connection":	{
			"host":	"10.0.0.5",
			"port":	47440
		},
		"cookie":	"H5.1658507445.856306.3d5e5bd4102518b",
		"tcp_mss_default":	1448,
		"test_start":	{
			"protocol":	"TCP",
			"num_streams":	1,
			"blksize":	131072,
			"omit":	0,
			"duration":	5,
			"bytes":	0,
			"blocks":	0,
			"reverse":	0
		}
	},
	"intervals":	[{
			"streams":	[{
					"socket":	5,
					"start":	0,
					"end":	1.00081,
					"seconds":	1.00081,
					"bytes":	1689400,
					"bits_per_second":	1.35042e+07,
					"omitted":	false
				}],
			"sum":	{
				"start":	0,
				"end":	1.00081,
				"seconds":	1.00081,
				"bytes":	1689400,
				"bits_per_second":	1.35042e+07,
				"omitted":	false
			}
		}, {
			"streams":	[{
					"socket":	5,
					"start":	1.00081,
					"end":	2.00015,
					"seconds":	0.999336,
					"bytes":	1966080,
					"bits_per_second":	1.57391e+07,
					"omitted":	false
				}],
			"sum":	{
				"start":	1.00081,
				"end":	2.00015,
				"seconds":	0.999336,
				"bytes":	1966080,
				"bits_per_second":	1.57391e+07,
				"omitted":	false
			}
		}, {
			"streams":	[{
					"socket":	5,
					"start":	2.00015,
					"end":	3.00034,
					"seconds":	1.00019,
					"bytes":	1835008,
					"bits_per_second":	1.46772e+07,
					"omitted":	false
				}],
			"sum":	{
				"start":	2.00015,
				"end":	3.00034,
				"seconds":	1.00019,
				"bytes":	1835008,
				"bits_per_second":	1.46772e+07,
				"omitted":	false
			}
		}, {
			"streams":	[{
					"socket":	5,
					"start":	3.00034,
					"end":	4.00044,
					"seconds":	1.00009,
					"bytes":	1835008,
					"bits_per_second":	1.46787e+07,
					"omitted":	false
				}],
			"sum":	{
				"start":	3.00034,
				"end":	4.00044,
				"seconds":	1.00009,
				"bytes":	1835008,
				"bits_per_second":	1.46787e+07,
				"omitted":	false
			}
		}, {
			"streams":	[{
					"socket":	5,
					"start":	4.00044,
					"end":	5.00042,
					"seconds":	0.999981,
					"bytes":	1966080,
					"bits_per_second":	1.57289e+07,
					"omitted":	false
				}],
			"sum":	{
				"start":	4.00044,
				"end":	5.00042,
				"seconds":	0.999981,
				"bytes":	1966080,
				"bits_per_second":	1.57289e+07,
				"omitted":	false
			}
		}, {
			"streams":	[{
					"socket":	5,
					"start":	5.00042,
					"end":	5.00952,
					"seconds":	0.00909901,
					"bytes":	0,
					"bits_per_second":	0,
					"omitted":	false
				}],
			"sum":	{
				"start":	5.00042,
				"end":	5.00952,
				"seconds":	0.00909901,
				"bytes":	0,
				"bits_per_second":	0,
				"omitted":	false
			}
		}],
	"end":	{
		"streams":	[{
				"sender":	{
					"socket":	5,
					"start":	0,
					"end":	5.00952,
					"seconds":	5.00952,
					"bytes":	9291576,
					"bits_per_second":	1.48383e+07,
					"retransmits":	0
				},
				"receiver":	{
					"socket":	5,
					"start":	0,
					"end":	5.00952,
					"seconds":	5.00952,
					"bytes":	9291576,
					"bits_per_second":	1.48383e+07
				}
			}],
		"sum_sent":	{
			"start":	0,
			"end":	5.00952,
			"seconds":	5.00952,
			"bytes":	9291576,
			"bits_per_second":	1.48383e+07,
			"retransmits":	0
		},
		"sum_received":	{
			"start":	0,
			"end":	5.00952,
			"seconds":	5.00952,
			"bytes":	9291576,
			"bits_per_second":	1.48383e+07
		},
		"cpu_utilization_percent":	{
			"host_total":	1.24043,
			"host_user":	1.24045,
			"host_system":	0,
			"remote_total":	0.531796,
			"remote_user":	0,
			"remote_system":	0.531816
		}
	}
}
{
	"start":	{
		"connected":	[],
		"version":	"iperf 3.0.7",
		"system_info":	"Linux H11 5.4.197-0504197-generic #202206060747 SMP Mon Jun 6 09:27:47 UTC 2022 x86_64 x86_64 x86_64 GNU/Linux\n"
	},
	"intervals":	[],
	"end":	{
	},
	"error":	"interrupt - the server has terminated"
}
