{
	"start":	{
		"connected":	[{
				"socket":	5,
				"local_host":	"10.0.0.10",
				"local_port":	2812,
				"remote_host":	"10.0.0.1",
				"remote_port":	41992
			}],
		"version":	"iperf 3.0.7",
		"system_info":	"Linux MECS3 5.4.197-0504197-generic #202206060747 SMP Mon Jun 6 09:27:47 UTC 2022 x86_64 x86_64 x86_64 GNU/Linux\n",
		"timestamp":	{
			"time":	"Mon, 25 Jul 2022 21:49:20 GMT",
			"timesecs":	1658785760
		},
		"accepted_connection":	{
			"host":	"10.0.0.1",
			"port":	41990
		},
		"cookie":	"BS1.1658785760.449945.1ad41ba272791f",
		"tcp_mss_default":	1448,
		"test_start":	{
			"protocol":	"TCP",
			"num_streams":	1,
			"blksize":	131072,
			"omit":	0,
			"duration":	11,
			"bytes":	0,
			"blocks":	0,
			"reverse":	0
		}
	},
	"intervals":	[{
			"streams":	[{
					"socket":	5,
					"start":	0,
					"end":	1.0005,
					"seconds":	1.0005,
					"bytes":	5715736,
					"bits_per_second":	4.57031e+07,
					"omitted":	false
				}],
			"sum":	{
				"start":	0,
				"end":	1.0005,
				"seconds":	1.0005,
				"bytes":	5715736,
				"bits_per_second":	4.57031e+07,
				"omitted":	false
			}
		}, {
			"streams":	[{
					"socket":	5,
					"start":	1.0005,
					"end":	2.00024,
					"seconds":	0.999738,
					"bytes":	6291456,
					"bits_per_second":	5.03448e+07,
					"omitted":	false
				}],
			"sum":	{
				"start":	1.0005,
				"end":	2.00024,
				"seconds":	0.999738,
				"bytes":	6291456,
				"bits_per_second":	5.03448e+07,
				"omitted":	false
			}
		}, {
			"streams":	[{
					"socket":	5,
					"start":	2.00024,
					"end":	3.00033,
					"seconds":	1.00009,
					"bytes":	6160384,
					"bits_per_second":	4.92784e+07,
					"omitted":	false
				}],
			"sum":	{
				"start":	2.00024,
				"end":	3.00033,
				"seconds":	1.00009,
				"bytes":	6160384,
				"bits_per_second":	4.92784e+07,
				"omitted":	false
			}
		}, {
			"streams":	[{
					"socket":	5,
					"start":	3.00033,
					"end":	4.00038,
					"seconds":	1.00005,
					"bytes":	6291456,
					"bits_per_second":	5.0329e+07,
					"omitted":	false
				}],
			"sum":	{
				"start":	3.00033,
				"end":	4.00038,
				"seconds":	1.00005,
				"bytes":	6291456,
				"bits_per_second":	5.0329e+07,
				"omitted":	false
			}
		}, {
			"streams":	[{
					"socket":	5,
					"start":	4.00038,
					"end":	5.00028,
					"seconds":	0.999892,
					"bytes":	6291456,
					"bits_per_second":	5.03371e+07,
					"omitted":	false
				}],
			"sum":	{
				"start":	4.00038,
				"end":	5.00028,
				"seconds":	0.999892,
				"bytes":	6291456,
				"bits_per_second":	5.03371e+07,
				"omitted":	false
			}
		}, {
			"streams":	[{
					"socket":	5,
					"start":	5.00028,
					"end":	6.00077,
					"seconds":	1.00049,
					"bytes":	6160384,
					"bits_per_second":	4.92587e+07,
					"omitted":	false
				}],
			"sum":	{
				"start":	5.00028,
				"end":	6.00077,
				"seconds":	1.00049,
				"bytes":	6160384,
				"bits_per_second":	4.92587e+07,
				"omitted":	false
			}
		}, {
			"streams":	[{
					"socket":	5,
					"start":	6.00077,
					"end":	7.00558,
					"seconds":	1.00481,
					"bytes":	6291456,
					"bits_per_second":	5.00906e+07,
					"omitted":	false
				}],
			"sum":	{
				"start":	6.00077,
				"end":	7.00558,
				"seconds":	1.00481,
				"bytes":	6291456,
				"bits_per_second":	5.00906e+07,
				"omitted":	false
			}
		}, {
			"streams":	[{
					"socket":	5,
					"start":	7.00558,
					"end":	8.00055,
					"seconds":	0.994965,
					"bytes":	6291456,
					"bits_per_second":	5.05864e+07,
					"omitted":	false
				}],
			"sum":	{
				"start":	7.00558,
				"end":	8.00055,
				"seconds":	0.994965,
				"bytes":	6291456,
				"bits_per_second":	5.05864e+07,
				"omitted":	false
			}
		}, {
			"streams":	[{
					"socket":	5,
					"start":	8.00055,
					"end":	9.00054,
					"seconds":	0.999993,
					"bytes":	6160384,
					"bits_per_second":	4.92834e+07,
					"omitted":	false
				}],
			"sum":	{
				"start":	8.00055,
				"end":	9.00054,
				"seconds":	0.999993,
				"bytes":	6160384,
				"bits_per_second":	4.92834e+07,
				"omitted":	false
			}
		}, {
			"streams":	[{
					"socket":	5,
					"start":	9.00054,
					"end":	10.0004,
					"seconds":	0.999881,
					"bytes":	6291456,
					"bits_per_second":	5.03376e+07,
					"omitted":	false
				}],
			"sum":	{
				"start":	9.00054,
				"end":	10.0004,
				"seconds":	0.999881,
				"bytes":	6291456,
				"bits_per_second":	5.03376e+07,
				"omitted":	false
			}
		}, {
			"streams":	[{
					"socket":	5,
					"start":	10.0004,
					"end":	11.0006,
					"seconds":	1.00018,
					"bytes":	6291456,
					"bits_per_second":	5.03227e+07,
					"omitted":	false
				}],
			"sum":	{
				"start":	10.0004,
				"end":	11.0006,
				"seconds":	1.00018,
				"bytes":	6291456,
				"bits_per_second":	5.03227e+07,
				"omitted":	false
			}
		}, {
			"streams":	[{
					"socket":	5,
					"start":	11.0006,
					"end":	11.0098,
					"seconds":	0.00923705,
					"bytes":	0,
					"bits_per_second":	0,
					"omitted":	false
				}],
			"sum":	{
				"start":	11.0006,
				"end":	11.0098,
				"seconds":	0.00923705,
				"bytes":	0,
				"bits_per_second":	0,
				"omitted":	false
			}
		}],
	"end":	{
		"streams":	[{
				"sender":	{
					"socket":	5,
					"start":	0,
					"end":	11.0098,
					"seconds":	11.0098,
					"bytes":	68237080,
					"bits_per_second":	4.95826e+07,
					"retransmits":	18
				},
				"receiver":	{
					"socket":	5,
					"start":	0,
					"end":	11.0098,
					"seconds":	11.0098,
					"bytes":	68237080,
					"bits_per_second":	4.95826e+07
				}
			}],
		"sum_sent":	{
			"start":	0,
			"end":	11.0098,
			"seconds":	11.0098,
			"bytes":	68237080,
			"bits_per_second":	4.95826e+07,
			"retransmits":	18
		},
		"sum_received":	{
			"start":	0,
			"end":	11.0098,
			"seconds":	11.0098,
			"bytes":	68237080,
			"bits_per_second":	4.95826e+07
		},
		"cpu_utilization_percent":	{
			"host_total":	2.66046,
			"host_user":	0.566929,
			"host_system":	2.09354,
			"remote_total":	1.16752,
			"remote_user":	0.20433,
			"remote_system":	0.963216
		}
	}
}
