{
	"start":	{
		"connected":	[{
				"socket":	5,
				"local_host":	"10.0.0.12",
				"local_port":	2827,
				"remote_host":	"10.0.0.1",
				"remote_port":	53812
			}],
		"version":	"iperf 3.0.7",
		"system_info":	"Linux H12 5.4.197-0504197-generic #202206060747 SMP Mon Jun 6 09:27:47 UTC 2022 x86_64 x86_64 x86_64 GNU/Linux\n",
		"timestamp":	{
			"time":	"Fri, 22 Jul 2022 16:29:49 GMT",
			"timesecs":	1658507389
		},
		"accepted_connection":	{
			"host":	"10.0.0.1",
			"port":	53810
		},
		"cookie":	"H1.1658507389.253806.106eee1e4b7bb37",
		"tcp_mss_default":	1448,
		"test_start":	{
			"protocol":	"TCP",
			"num_streams":	1,
			"blksize":	131072,
			"omit":	0,
			"duration":	5,
			"bytes":	0,
			"blocks":	0,
			"reverse":	0
		}
	},
	"intervals":	[{
			"streams":	[{
					"socket":	5,
					"start":	0,
					"end":	1.00051,
					"seconds":	1.00051,
					"bytes":	1819024,
					"bits_per_second":	1.45447e+07,
					"omitted":	false
				}],
			"sum":	{
				"start":	0,
				"end":	1.00051,
				"seconds":	1.00051,
				"bytes":	1819024,
				"bits_per_second":	1.45447e+07,
				"omitted":	false
			}
		}, {
			"streams":	[{
					"socket":	5,
					"start":	1.00051,
					"end":	2.00045,
					"seconds":	0.999937,
					"bytes":	1835008,
					"bits_per_second":	1.4681e+07,
					"omitted":	false
				}],
			"sum":	{
				"start":	1.00051,
				"end":	2.00045,
				"seconds":	0.999937,
				"bytes":	1835008,
				"bits_per_second":	1.4681e+07,
				"omitted":	false
			}
		}, {
			"streams":	[{
					"socket":	5,
					"start":	2.00045,
					"end":	3.0005,
					"seconds":	1.00005,
					"bytes":	1835008,
					"bits_per_second":	1.46794e+07,
					"omitted":	false
				}],
			"sum":	{
				"start":	2.00045,
				"end":	3.0005,
				"seconds":	1.00005,
				"bytes":	1835008,
				"bits_per_second":	1.46794e+07,
				"omitted":	false
			}
		}, {
			"streams":	[{
					"socket":	5,
					"start":	3.0005,
					"end":	4.00214,
					"seconds":	1.00164,
					"bytes":	1871208,
					"bits_per_second":	1.49451e+07,
					"omitted":	false
				}],
			"sum":	{
				"start":	3.0005,
				"end":	4.00214,
				"seconds":	1.00164,
				"bytes":	1871208,
				"bits_per_second":	1.49451e+07,
				"omitted":	false
			}
		}, {
			"streams":	[{
					"socket":	5,
					"start":	4.00214,
					"end":	5.00087,
					"seconds":	0.998731,
					"bytes":	1929880,
					"bits_per_second":	1.54587e+07,
					"omitted":	false
				}],
			"sum":	{
				"start":	4.00214,
				"end":	5.00087,
				"seconds":	0.998731,
				"bytes":	1929880,
				"bits_per_second":	1.54587e+07,
				"omitted":	false
			}
		}, {
			"streams":	[{
					"socket":	5,
					"start":	5.00087,
					"end":	5.0018,
					"seconds":	0.000935078,
					"bytes":	0,
					"bits_per_second":	0,
					"omitted":	false
				}],
			"sum":	{
				"start":	5.00087,
				"end":	5.0018,
				"seconds":	0.000935078,
				"bytes":	0,
				"bits_per_second":	0,
				"omitted":	false
			}
		}],
	"end":	{
		"streams":	[{
				"sender":	{
					"socket":	5,
					"start":	0,
					"end":	5.0018,
					"seconds":	5.0018,
					"bytes":	9290128,
					"bits_per_second":	1.48588e+07,
					"retransmits":	0
				},
				"receiver":	{
					"socket":	5,
					"start":	0,
					"end":	5.0018,
					"seconds":	5.0018,
					"bytes":	9290128,
					"bits_per_second":	1.48588e+07
				}
			}],
		"sum_sent":	{
			"start":	0,
			"end":	5.0018,
			"seconds":	5.0018,
			"bytes":	9290128,
			"bits_per_second":	1.48588e+07,
			"retransmits":	0
		},
		"sum_received":	{
			"start":	0,
			"end":	5.0018,
			"seconds":	5.0018,
			"bytes":	9290128,
			"bits_per_second":	1.48588e+07
		},
		"cpu_utilization_percent":	{
			"host_total":	1.68069,
			"host_user":	0.349063,
			"host_system":	1.3318,
			"remote_total":	0.731201,
			"remote_user":	0.109632,
			"remote_system":	0.621749
		}
	}
}
{
	"start":	{
		"connected":	[],
		"version":	"iperf 3.0.7",
		"system_info":	"Linux H12 5.4.197-0504197-generic #202206060747 SMP Mon Jun 6 09:27:47 UTC 2022 x86_64 x86_64 x86_64 GNU/Linux\n"
	},
	"intervals":	[],
	"end":	{
	},
	"error":	"interrupt - the server has terminated"
}
