{
	"start":	{
		"connected":	[{
				"socket":	5,
				"local_host":	"10.0.0.11",
				"local_port":	3089,
				"remote_host":	"10.0.0.4",
				"remote_port":	50928
			}],
		"version":	"iperf 3.0.7",
		"system_info":	"Linux MECS4 5.4.197-0504197-generic #202206060747 SMP Mon Jun 6 09:27:47 UTC 2022 x86_64 x86_64 x86_64 GNU/Linux\n",
		"timestamp":	{
			"time":	"Mon, 25 Jul 2022 21:46:13 GMT",
			"timesecs":	1658785573
		},
		"accepted_connection":	{
			"host":	"10.0.0.4",
			"port":	50926
		},
		"cookie":	"BS4.1658785573.077177.553fa5195aef8c",
		"tcp_mss_default":	1448,
		"test_start":	{
			"protocol":	"TCP",
			"num_streams":	1,
			"blksize":	131072,
			"omit":	0,
			"duration":	7,
			"bytes":	0,
			"blocks":	0,
			"reverse":	0
		}
	},
	"intervals":	[{
			"streams":	[{
					"socket":	5,
					"start":	0,
					"end":	1.00125,
					"seconds":	1.00125,
					"bytes":	22644992,
					"bits_per_second":	1.80933e+08,
					"omitted":	false
				}],
			"sum":	{
				"start":	0,
				"end":	1.00125,
				"seconds":	1.00125,
				"bytes":	22644992,
				"bits_per_second":	1.80933e+08,
				"omitted":	false
			}
		}, {
			"streams":	[{
					"socket":	5,
					"start":	1.00125,
					"end":	2.00069,
					"seconds":	0.999434,
					"bytes":	25034752,
					"bits_per_second":	2.00391e+08,
					"omitted":	false
				}],
			"sum":	{
				"start":	1.00125,
				"end":	2.00069,
				"seconds":	0.999434,
				"bytes":	25034752,
				"bits_per_second":	2.00391e+08,
				"omitted":	false
			}
		}, {
			"streams":	[{
					"socket":	5,
					"start":	2.00069,
					"end":	3.00179,
					"seconds":	1.00111,
					"bytes":	24903680,
					"bits_per_second":	1.99009e+08,
					"omitted":	false
				}],
			"sum":	{
				"start":	2.00069,
				"end":	3.00179,
				"seconds":	1.00111,
				"bytes":	24903680,
				"bits_per_second":	1.99009e+08,
				"omitted":	false
			}
		}, {
			"streams":	[{
					"socket":	5,
					"start":	3.00179,
					"end":	4.00021,
					"seconds":	0.998418,
					"bytes":	25034752,
					"bits_per_second":	2.00595e+08,
					"omitted":	false
				}],
			"sum":	{
				"start":	3.00179,
				"end":	4.00021,
				"seconds":	0.998418,
				"bytes":	25034752,
				"bits_per_second":	2.00595e+08,
				"omitted":	false
			}
		}, {
			"streams":	[{
					"socket":	5,
					"start":	4.00021,
					"end":	5.00018,
					"seconds":	0.999968,
					"bytes":	25034752,
					"bits_per_second":	2.00284e+08,
					"omitted":	false
				}],
			"sum":	{
				"start":	4.00021,
				"end":	5.00018,
				"seconds":	0.999968,
				"bytes":	25034752,
				"bits_per_second":	2.00284e+08,
				"omitted":	false
			}
		}, {
			"streams":	[{
					"socket":	5,
					"start":	5.00018,
					"end":	6.00015,
					"seconds":	0.999974,
					"bytes":	24903680,
					"bits_per_second":	1.99235e+08,
					"omitted":	false
				}],
			"sum":	{
				"start":	5.00018,
				"end":	6.00015,
				"seconds":	0.999974,
				"bytes":	24903680,
				"bits_per_second":	1.99235e+08,
				"omitted":	false
			}
		}, {
			"streams":	[{
					"socket":	5,
					"start":	6.00015,
					"end":	7.00058,
					"seconds":	1.00043,
					"bytes":	25165824,
					"bits_per_second":	2.0124e+08,
					"omitted":	false
				}],
			"sum":	{
				"start":	6.00015,
				"end":	7.00058,
				"seconds":	1.00043,
				"bytes":	25165824,
				"bits_per_second":	2.0124e+08,
				"omitted":	false
			}
		}, {
			"streams":	[{
					"socket":	5,
					"start":	7.00058,
					"end":	7.00617,
					"seconds":	0.00558496,
					"bytes":	0,
					"bits_per_second":	0,
					"omitted":	false
				}],
			"sum":	{
				"start":	7.00058,
				"end":	7.00617,
				"seconds":	0.00558496,
				"bytes":	0,
				"bits_per_second":	0,
				"omitted":	false
			}
		}],
	"end":	{
		"streams":	[{
				"sender":	{
					"socket":	5,
					"start":	0,
					"end":	7.00617,
					"seconds":	7.00617,
					"bytes":	172722432,
					"bits_per_second":	1.97223e+08,
					"retransmits":	1
				},
				"receiver":	{
					"socket":	5,
					"start":	0,
					"end":	7.00617,
					"seconds":	7.00617,
					"bytes":	172722432,
					"bits_per_second":	1.97223e+08
				}
			}],
		"sum_sent":	{
			"start":	0,
			"end":	7.00617,
			"seconds":	7.00617,
			"bytes":	172722432,
			"bits_per_second":	1.97223e+08,
			"retransmits":	1
		},
		"sum_received":	{
			"start":	0,
			"end":	7.00617,
			"seconds":	7.00617,
			"bytes":	172722432,
			"bits_per_second":	1.97223e+08
		},
		"cpu_utilization_percent":	{
			"host_total":	3.81918,
			"host_user":	0.550318,
			"host_system":	3.26889,
			"remote_total":	2.01619,
			"remote_user":	0.242739,
			"remote_system":	1.77345
		}
	}
}
