{
	"start":	{
		"connected":	[{
				"socket":	5,
				"local_host":	"10.0.0.6",
				"local_port":	2614,
				"remote_host":	"10.0.0.4",
				"remote_port":	33562
			}],
		"version":	"iperf 3.0.7",
		"system_info":	"Linux H6 5.4.197-0504197-generic #202206060747 SMP Mon Jun 6 09:27:47 UTC 2022 x86_64 x86_64 x86_64 GNU/Linux\n",
		"timestamp":	{
			"time":	"Fri, 22 Jul 2022 16:30:03 GMT",
			"timesecs":	1658507403
		},
		"accepted_connection":	{
			"host":	"10.0.0.4",
			"port":	33560
		},
		"cookie":	"H4.1658507403.508946.2a066e3335c0f43",
		"tcp_mss_default":	1448,
		"test_start":	{
			"protocol":	"TCP",
			"num_streams":	1,
			"blksize":	131072,
			"omit":	0,
			"duration":	5,
			"bytes":	0,
			"blocks":	0,
			"reverse":	0
		}
	},
	"intervals":	[{
			"streams":	[{
					"socket":	5,
					"start":	0,
					"end":	1.0003,
					"seconds":	1.0003,
					"bytes":	1695192,
					"bits_per_second":	1.35574e+07,
					"omitted":	false
				}],
			"sum":	{
				"start":	0,
				"end":	1.0003,
				"seconds":	1.0003,
				"bytes":	1695192,
				"bits_per_second":	1.35574e+07,
				"omitted":	false
			}
		}, {
			"streams":	[{
					"socket":	5,
					"start":	1.0003,
					"end":	2.0009,
					"seconds":	1.0006,
					"bytes":	1966080,
					"bits_per_second":	1.57192e+07,
					"omitted":	false
				}],
			"sum":	{
				"start":	1.0003,
				"end":	2.0009,
				"seconds":	1.0006,
				"bytes":	1966080,
				"bits_per_second":	1.57192e+07,
				"omitted":	false
			}
		}, {
			"streams":	[{
					"socket":	5,
					"start":	2.0009,
					"end":	3.00104,
					"seconds":	1.00013,
					"bytes":	1835008,
					"bits_per_second":	1.46781e+07,
					"omitted":	false
				}],
			"sum":	{
				"start":	2.0009,
				"end":	3.00104,
				"seconds":	1.00013,
				"bytes":	1835008,
				"bits_per_second":	1.46781e+07,
				"omitted":	false
			}
		}, {
			"streams":	[{
					"socket":	5,
					"start":	3.00104,
					"end":	4.00066,
					"seconds":	0.999625,
					"bytes":	1835008,
					"bits_per_second":	1.46856e+07,
					"omitted":	false
				}],
			"sum":	{
				"start":	3.00104,
				"end":	4.00066,
				"seconds":	0.999625,
				"bytes":	1835008,
				"bits_per_second":	1.46856e+07,
				"omitted":	false
			}
		}, {
			"streams":	[{
					"socket":	5,
					"start":	4.00066,
					"end":	5.0012,
					"seconds":	1.00054,
					"bytes":	1966080,
					"bits_per_second":	1.57202e+07,
					"omitted":	false
				}],
			"sum":	{
				"start":	4.00066,
				"end":	5.0012,
				"seconds":	1.00054,
				"bytes":	1966080,
				"bits_per_second":	1.57202e+07,
				"omitted":	false
			}
		}, {
			"streams":	[{
					"socket":	5,
					"start":	5.0012,
					"end":	5.00126,
					"seconds":	5.60284e-05,
					"bytes":	0,
					"bits_per_second":	0,
					"omitted":	false
				}],
			"sum":	{
				"start":	5.0012,
				"end":	5.00126,
				"seconds":	5.60284e-05,
				"bytes":	0,
				"bits_per_second":	0,
				"omitted":	false
			}
		}],
	"end":	{
		"streams":	[{
				"sender":	{
					"socket":	5,
					"start":	0,
					"end":	5.00126,
					"seconds":	5.00126,
					"bytes":	9297368,
					"bits_per_second":	1.4872e+07,
					"retransmits":	1
				},
				"receiver":	{
					"socket":	5,
					"start":	0,
					"end":	5.00126,
					"seconds":	5.00126,
					"bytes":	9297368,
					"bits_per_second":	1.4872e+07
				}
			}],
		"sum_sent":	{
			"start":	0,
			"end":	5.00126,
			"seconds":	5.00126,
			"bytes":	9297368,
			"bits_per_second":	1.4872e+07,
			"retransmits":	1
		},
		"sum_received":	{
			"start":	0,
			"end":	5.00126,
			"seconds":	5.00126,
			"bytes":	9297368,
			"bits_per_second":	1.4872e+07
		},
		"cpu_utilization_percent":	{
			"host_total":	1.71579,
			"host_user":	0,
			"host_system":	1.7157,
			"remote_total":	0.866771,
			"remote_user":	0.125733,
			"remote_system":	0.740918
		}
	}
}
{
	"start":	{
		"connected":	[],
		"version":	"iperf 3.0.7",
		"system_info":	"Linux H6 5.4.197-0504197-generic #202206060747 SMP Mon Jun 6 09:27:47 UTC 2022 x86_64 x86_64 x86_64 GNU/Linux\n"
	},
	"intervals":	[],
	"end":	{
	},
	"error":	"interrupt - the server has terminated"
}
