{
	"start":	{
		"connected":	[{
				"socket":	5,
				"local_host":	"10.0.0.20",
				"local_port":	1063,
				"remote_host":	"10.0.0.2",
				"remote_port":	46458
			}],
		"version":	"iperf 3.0.7",
		"system_info":	"Linux CS6 5.4.197-0504197-generic #202206060747 SMP Mon Jun 6 09:27:47 UTC 2022 x86_64 x86_64 x86_64 GNU/Linux\n",
		"timestamp":	{
			"time":	"Mon, 25 Jul 2022 21:43:33 GMT",
			"timesecs":	1658785413
		},
		"accepted_connection":	{
			"host":	"10.0.0.2",
			"port":	46456
		},
		"cookie":	"BS2.1658785413.562376.5fb328fe11be40",
		"tcp_mss_default":	1448,
		"test_start":	{
			"protocol":	"TCP",
			"num_streams":	1,
			"blksize":	131072,
			"omit":	0,
			"duration":	51,
			"bytes":	0,
			"blocks":	0,
			"reverse":	0
		}
	},
	"intervals":	[{
			"streams":	[{
					"socket":	5,
					"start":	0,
					"end":	1.00021,
					"seconds":	1.00021,
					"bytes":	2952472,
					"bits_per_second":	2.36148e+07,
					"omitted":	false
				}],
			"sum":	{
				"start":	0,
				"end":	1.00021,
				"seconds":	1.00021,
				"bytes":	2952472,
				"bits_per_second":	2.36148e+07,
				"omitted":	false
			}
		}, {
			"streams":	[{
					"socket":	5,
					"start":	1.00021,
					"end":	2.00063,
					"seconds":	1.00042,
					"bytes":	3992136,
					"bits_per_second":	3.19238e+07,
					"omitted":	false
				}],
			"sum":	{
				"start":	1.00021,
				"end":	2.00063,
				"seconds":	1.00042,
				"bytes":	3992136,
				"bits_per_second":	3.19238e+07,
				"omitted":	false
			}
		}, {
			"streams":	[{
					"socket":	5,
					"start":	2.00063,
					"end":	3.00144,
					"seconds":	1.00082,
					"bytes":	4416400,
					"bits_per_second":	3.53024e+07,
					"omitted":	false
				}],
			"sum":	{
				"start":	2.00063,
				"end":	3.00144,
				"seconds":	1.00082,
				"bytes":	4416400,
				"bits_per_second":	3.53024e+07,
				"omitted":	false
			}
		}, {
			"streams":	[{
					"socket":	5,
					"start":	3.00144,
					"end":	4.00012,
					"seconds":	0.998673,
					"bytes":	6445048,
					"bits_per_second":	5.16289e+07,
					"omitted":	false
				}],
			"sum":	{
				"start":	3.00144,
				"end":	4.00012,
				"seconds":	0.998673,
				"bytes":	6445048,
				"bits_per_second":	5.16289e+07,
				"omitted":	false
			}
		}, {
			"streams":	[{
					"socket":	5,
					"start":	4.00012,
					"end":	5.0001,
					"seconds":	0.999979,
					"bytes":	7357288,
					"bits_per_second":	5.88595e+07,
					"omitted":	false
				}],
			"sum":	{
				"start":	4.00012,
				"end":	5.0001,
				"seconds":	0.999979,
				"bytes":	7357288,
				"bits_per_second":	5.88595e+07,
				"omitted":	false
			}
		}, {
			"streams":	[{
					"socket":	5,
					"start":	5.0001,
					"end":	6.00058,
					"seconds":	1.00049,
					"bytes":	7998752,
					"bits_per_second":	6.39589e+07,
					"omitted":	false
				}],
			"sum":	{
				"start":	5.0001,
				"end":	6.00058,
				"seconds":	1.00049,
				"bytes":	7998752,
				"bits_per_second":	6.39589e+07,
				"omitted":	false
			}
		}, {
			"streams":	[{
					"socket":	5,
					"start":	6.00058,
					"end":	7.00147,
					"seconds":	1.00088,
					"bytes":	8847280,
					"bits_per_second":	7.07159e+07,
					"omitted":	false
				}],
			"sum":	{
				"start":	6.00058,
				"end":	7.00147,
				"seconds":	1.00088,
				"bytes":	8847280,
				"bits_per_second":	7.07159e+07,
				"omitted":	false
			}
		}, {
			"streams":	[{
					"socket":	5,
					"start":	7.00147,
					"end":	8.00026,
					"seconds":	0.99879,
					"bytes":	10043328,
					"bits_per_second":	8.0444e+07,
					"omitted":	false
				}],
			"sum":	{
				"start":	7.00147,
				"end":	8.00026,
				"seconds":	0.99879,
				"bytes":	10043328,
				"bits_per_second":	8.0444e+07,
				"omitted":	false
			}
		}, {
			"streams":	[{
					"socket":	5,
					"start":	8.00026,
					"end":	9.00038,
					"seconds":	1.00013,
					"bytes":	10613840,
					"bits_per_second":	8.49e+07,
					"omitted":	false
				}],
			"sum":	{
				"start":	8.00026,
				"end":	9.00038,
				"seconds":	1.00013,
				"bytes":	10613840,
				"bits_per_second":	8.49e+07,
				"omitted":	false
			}
		}, {
			"streams":	[{
					"socket":	5,
					"start":	9.00038,
					"end":	10.0015,
					"seconds":	1.00114,
					"bytes":	11510152,
					"bits_per_second":	9.19765e+07,
					"omitted":	false
				}],
			"sum":	{
				"start":	9.00038,
				"end":	10.0015,
				"seconds":	1.00114,
				"bytes":	11510152,
				"bits_per_second":	9.19765e+07,
				"omitted":	false
			}
		}, {
			"streams":	[{
					"socket":	5,
					"start":	10.0015,
					"end":	11.0008,
					"seconds":	0.999264,
					"bytes":	11479744,
					"bits_per_second":	9.19056e+07,
					"omitted":	false
				}],
			"sum":	{
				"start":	10.0015,
				"end":	11.0008,
				"seconds":	0.999264,
				"bytes":	11479744,
				"bits_per_second":	9.19056e+07,
				"omitted":	false
			}
		}, {
			"streams":	[{
					"socket":	5,
					"start":	11.0008,
					"end":	12.0004,
					"seconds":	0.999626,
					"bytes":	13046480,
					"bits_per_second":	1.04411e+08,
					"omitted":	false
				}],
			"sum":	{
				"start":	11.0008,
				"end":	12.0004,
				"seconds":	0.999626,
				"bytes":	13046480,
				"bits_per_second":	1.04411e+08,
				"omitted":	false
			}
		}, {
			"streams":	[{
					"socket":	5,
					"start":	12.0004,
					"end":	13.0007,
					"seconds":	1.00025,
					"bytes":	13787856,
					"bits_per_second":	1.10275e+08,
					"omitted":	false
				}],
			"sum":	{
				"start":	12.0004,
				"end":	13.0007,
				"seconds":	1.00025,
				"bytes":	13787856,
				"bits_per_second":	1.10275e+08,
				"omitted":	false
			}
		}, {
			"streams":	[{
					"socket":	5,
					"start":	13.0007,
					"end":	14.0002,
					"seconds":	0.999564,
					"bytes":	14959288,
					"bits_per_second":	1.19726e+08,
					"omitted":	false
				}],
			"sum":	{
				"start":	13.0007,
				"end":	14.0002,
				"seconds":	0.999564,
				"bytes":	14959288,
				"bits_per_second":	1.19726e+08,
				"omitted":	false
			}
		}, {
			"streams":	[{
					"socket":	5,
					"start":	14.0002,
					"end":	15.0001,
					"seconds":	0.999925,
					"bytes":	17009656,
					"bits_per_second":	1.36087e+08,
					"omitted":	false
				}],
			"sum":	{
				"start":	14.0002,
				"end":	15.0001,
				"seconds":	0.999925,
				"bytes":	17009656,
				"bits_per_second":	1.36087e+08,
				"omitted":	false
			}
		}, {
			"streams":	[{
					"socket":	5,
					"start":	15.0001,
					"end":	16.0002,
					"seconds":	1.00006,
					"bytes":	18050768,
					"bits_per_second":	1.44397e+08,
					"omitted":	false
				}],
			"sum":	{
				"start":	15.0001,
				"end":	16.0002,
				"seconds":	1.00006,
				"bytes":	18050768,
				"bits_per_second":	1.44397e+08,
				"omitted":	false
			}
		}, {
			"streams":	[{
					"socket":	5,
					"start":	16.0002,
					"end":	17.0007,
					"seconds":	1.0005,
					"bytes":	18593768,
					"bits_per_second":	1.48676e+08,
					"omitted":	false
				}],
			"sum":	{
				"start":	16.0002,
				"end":	17.0007,
				"seconds":	1.0005,
				"bytes":	18593768,
				"bits_per_second":	1.48676e+08,
				"omitted":	false
			}
		}, {
			"streams":	[{
					"socket":	5,
					"start":	17.0007,
					"end":	18.0004,
					"seconds":	0.999725,
					"bytes":	19743480,
					"bits_per_second":	1.57991e+08,
					"omitted":	false
				}],
			"sum":	{
				"start":	17.0007,
				"end":	18.0004,
				"seconds":	0.999725,
				"bytes":	19743480,
				"bits_per_second":	1.57991e+08,
				"omitted":	false
			}
		}, {
			"streams":	[{
					"socket":	5,
					"start":	18.0004,
					"end":	19.0005,
					"seconds":	1.00011,
					"bytes":	22923288,
					"bits_per_second":	1.83366e+08,
					"omitted":	false
				}],
			"sum":	{
				"start":	18.0004,
				"end":	19.0005,
				"seconds":	1.00011,
				"bytes":	22923288,
				"bits_per_second":	1.83366e+08,
				"omitted":	false
			}
		}, {
			"streams":	[{
					"socket":	5,
					"start":	19.0005,
					"end":	20.0003,
					"seconds":	0.999796,
					"bytes":	25125960,
					"bits_per_second":	2.01049e+08,
					"omitted":	false
				}],
			"sum":	{
				"start":	19.0005,
				"end":	20.0003,
				"seconds":	0.999796,
				"bytes":	25125960,
				"bits_per_second":	2.01049e+08,
				"omitted":	false
			}
		}, {
			"streams":	[{
					"socket":	5,
					"start":	20.0003,
					"end":	21.0013,
					"seconds":	1.00096,
					"bytes":	12451840,
					"bits_per_second":	9.95196e+07,
					"omitted":	false
				}],
			"sum":	{
				"start":	20.0003,
				"end":	21.0013,
				"seconds":	1.00096,
				"bytes":	12451840,
				"bits_per_second":	9.95196e+07,
				"omitted":	false
			}
		}, {
			"streams":	[{
					"socket":	5,
					"start":	21.0013,
					"end":	22.0004,
					"seconds":	0.999145,
					"bytes":	12451840,
					"bits_per_second":	9.97e+07,
					"omitted":	false
				}],
			"sum":	{
				"start":	21.0013,
				"end":	22.0004,
				"seconds":	0.999145,
				"bytes":	12451840,
				"bits_per_second":	9.97e+07,
				"omitted":	false
			}
		}, {
			"streams":	[{
					"socket":	5,
					"start":	22.0004,
					"end":	23.0002,
					"seconds":	0.999788,
					"bytes":	12582912,
					"bits_per_second":	1.00685e+08,
					"omitted":	false
				}],
			"sum":	{
				"start":	22.0004,
				"end":	23.0002,
				"seconds":	0.999788,
				"bytes":	12582912,
				"bits_per_second":	1.00685e+08,
				"omitted":	false
			}
		}, {
			"streams":	[{
					"socket":	5,
					"start":	23.0002,
					"end":	24.0002,
					"seconds":	0.999976,
					"bytes":	12451840,
					"bits_per_second":	9.96171e+07,
					"omitted":	false
				}],
			"sum":	{
				"start":	23.0002,
				"end":	24.0002,
				"seconds":	0.999976,
				"bytes":	12451840,
				"bits_per_second":	9.96171e+07,
				"omitted":	false
			}
		}, {
			"streams":	[{
					"socket":	5,
					"start":	24.0002,
					"end":	25.0002,
					"seconds":	0.999968,
					"bytes":	12451840,
					"bits_per_second":	9.96179e+07,
					"omitted":	false
				}],
			"sum":	{
				"start":	24.0002,
				"end":	25.0002,
				"seconds":	0.999968,
				"bytes":	12451840,
				"bits_per_second":	9.96179e+07,
				"omitted":	false
			}
		}, {
			"streams":	[{
					"socket":	5,
					"start":	25.0002,
					"end":	26.0002,
					"seconds":	1.00003,
					"bytes":	12582912,
					"bits_per_second":	1.0066e+08,
					"omitted":	false
				}],
			"sum":	{
				"start":	25.0002,
				"end":	26.0002,
				"seconds":	1.00003,
				"bytes":	12582912,
				"bits_per_second":	1.0066e+08,
				"omitted":	false
			}
		}, {
			"streams":	[{
					"socket":	5,
					"start":	26.0002,
					"end":	27.0006,
					"seconds":	1.00038,
					"bytes":	12451840,
					"bits_per_second":	9.95768e+07,
					"omitted":	false
				}],
			"sum":	{
				"start":	26.0002,
				"end":	27.0006,
				"seconds":	1.00038,
				"bytes":	12451840,
				"bits_per_second":	9.95768e+07,
				"omitted":	false
			}
		}, {
			"streams":	[{
					"socket":	5,
					"start":	27.0006,
					"end":	28.0003,
					"seconds":	0.999731,
					"bytes":	12451840,
					"bits_per_second":	9.96415e+07,
					"omitted":	false
				}],
			"sum":	{
				"start":	27.0006,
				"end":	28.0003,
				"seconds":	0.999731,
				"bytes":	12451840,
				"bits_per_second":	9.96415e+07,
				"omitted":	false
			}
		}, {
			"streams":	[{
					"socket":	5,
					"start":	28.0003,
					"end":	29.0003,
					"seconds":	0.999962,
					"bytes":	12582912,
					"bits_per_second":	1.00667e+08,
					"omitted":	false
				}],
			"sum":	{
				"start":	28.0003,
				"end":	29.0003,
				"seconds":	0.999962,
				"bytes":	12582912,
				"bits_per_second":	1.00667e+08,
				"omitted":	false
			}
		}, {
			"streams":	[{
					"socket":	5,
					"start":	29.0003,
					"end":	30.0005,
					"seconds":	1.00021,
					"bytes":	12451840,
					"bits_per_second":	9.95939e+07,
					"omitted":	false
				}],
			"sum":	{
				"start":	29.0003,
				"end":	30.0005,
				"seconds":	1.00021,
				"bytes":	12451840,
				"bits_per_second":	9.95939e+07,
				"omitted":	false
			}
		}, {
			"streams":	[{
					"socket":	5,
					"start":	30.0005,
					"end":	31.0004,
					"seconds":	0.999857,
					"bytes":	12451840,
					"bits_per_second":	9.9629e+07,
					"omitted":	false
				}],
			"sum":	{
				"start":	30.0005,
				"end":	31.0004,
				"seconds":	0.999857,
				"bytes":	12451840,
				"bits_per_second":	9.9629e+07,
				"omitted":	false
			}
		}, {
			"streams":	[{
					"socket":	5,
					"start":	31.0004,
					"end":	32.0004,
					"seconds":	1.00001,
					"bytes":	12582912,
					"bits_per_second":	1.00663e+08,
					"omitted":	false
				}],
			"sum":	{
				"start":	31.0004,
				"end":	32.0004,
				"seconds":	1.00001,
				"bytes":	12582912,
				"bits_per_second":	1.00663e+08,
				"omitted":	false
			}
		}, {
			"streams":	[{
					"socket":	5,
					"start":	32.0004,
					"end":	33.0003,
					"seconds":	0.999926,
					"bytes":	12451840,
					"bits_per_second":	9.96221e+07,
					"omitted":	false
				}],
			"sum":	{
				"start":	32.0004,
				"end":	33.0003,
				"seconds":	0.999926,
				"bytes":	12451840,
				"bits_per_second":	9.96221e+07,
				"omitted":	false
			}
		}, {
			"streams":	[{
					"socket":	5,
					"start":	33.0003,
					"end":	34.0004,
					"seconds":	1.00008,
					"bytes":	10036456,
					"bits_per_second":	8.02855e+07,
					"omitted":	false
				}],
			"sum":	{
				"start":	33.0003,
				"end":	34.0004,
				"seconds":	1.00008,
				"bytes":	10036456,
				"bits_per_second":	8.02855e+07,
				"omitted":	false
			}
		}, {
			"streams":	[{
					"socket":	5,
					"start":	34.0004,
					"end":	35.0027,
					"seconds":	1.00238,
					"bytes":	10837584,
					"bits_per_second":	8.64947e+07,
					"omitted":	false
				}],
			"sum":	{
				"start":	34.0004,
				"end":	35.0027,
				"seconds":	1.00238,
				"bytes":	10837584,
				"bits_per_second":	8.64947e+07,
				"omitted":	false
			}
		}, {
			"streams":	[{
					"socket":	5,
					"start":	35.0027,
					"end":	36.0001,
					"seconds":	0.997391,
					"bytes":	16612552,
					"bits_per_second":	1.33248e+08,
					"omitted":	false
				}],
			"sum":	{
				"start":	35.0027,
				"end":	36.0001,
				"seconds":	0.997391,
				"bytes":	16612552,
				"bits_per_second":	1.33248e+08,
				"omitted":	false
			}
		}, {
			"streams":	[{
					"socket":	5,
					"start":	36.0001,
					"end":	37.0003,
					"seconds":	1.00016,
					"bytes":	12521120,
					"bits_per_second":	1.00153e+08,
					"omitted":	false
				}],
			"sum":	{
				"start":	36.0001,
				"end":	37.0003,
				"seconds":	1.00016,
				"bytes":	12521120,
				"bits_per_second":	1.00153e+08,
				"omitted":	false
			}
		}, {
			"streams":	[{
					"socket":	5,
					"start":	37.0003,
					"end":	38.0006,
					"seconds":	1.00027,
					"bytes":	12513632,
					"bits_per_second":	1.00082e+08,
					"omitted":	false
				}],
			"sum":	{
				"start":	37.0003,
				"end":	38.0006,
				"seconds":	1.00027,
				"bytes":	12513632,
				"bits_per_second":	1.00082e+08,
				"omitted":	false
			}
		}, {
			"streams":	[{
					"socket":	5,
					"start":	38.0006,
					"end":	39.014,
					"seconds":	1.01344,
					"bytes":	12451840,
					"bits_per_second":	9.82932e+07,
					"omitted":	false
				}],
			"sum":	{
				"start":	38.0006,
				"end":	39.014,
				"seconds":	1.01344,
				"bytes":	12451840,
				"bits_per_second":	9.82932e+07,
				"omitted":	false
			}
		}, {
			"streams":	[{
					"socket":	5,
					"start":	39.014,
					"end":	40.0006,
					"seconds":	0.986597,
					"bytes":	12582912,
					"bits_per_second":	1.02031e+08,
					"omitted":	false
				}],
			"sum":	{
				"start":	39.014,
				"end":	40.0006,
				"seconds":	0.986597,
				"bytes":	12582912,
				"bits_per_second":	1.02031e+08,
				"omitted":	false
			}
		}, {
			"streams":	[{
					"socket":	5,
					"start":	40.0006,
					"end":	41.0001,
					"seconds":	0.999499,
					"bytes":	12451840,
					"bits_per_second":	9.96646e+07,
					"omitted":	false
				}],
			"sum":	{
				"start":	40.0006,
				"end":	41.0001,
				"seconds":	0.999499,
				"bytes":	12451840,
				"bits_per_second":	9.96646e+07,
				"omitted":	false
			}
		}, {
			"streams":	[{
					"socket":	5,
					"start":	41.0001,
					"end":	42.0002,
					"seconds":	1.00009,
					"bytes":	12582912,
					"bits_per_second":	1.00655e+08,
					"omitted":	false
				}],
			"sum":	{
				"start":	41.0001,
				"end":	42.0002,
				"seconds":	1.00009,
				"bytes":	12582912,
				"bits_per_second":	1.00655e+08,
				"omitted":	false
			}
		}, {
			"streams":	[{
					"socket":	5,
					"start":	42.0002,
					"end":	43.0002,
					"seconds":	1.00005,
					"bytes":	12451840,
					"bits_per_second":	9.96101e+07,
					"omitted":	false
				}],
			"sum":	{
				"start":	42.0002,
				"end":	43.0002,
				"seconds":	1.00005,
				"bytes":	12451840,
				"bits_per_second":	9.96101e+07,
				"omitted":	false
			}
		}, {
			"streams":	[{
					"socket":	5,
					"start":	43.0002,
					"end":	44.0003,
					"seconds":	1.00005,
					"bytes":	12451840,
					"bits_per_second":	9.96099e+07,
					"omitted":	false
				}],
			"sum":	{
				"start":	43.0002,
				"end":	44.0003,
				"seconds":	1.00005,
				"bytes":	12451840,
				"bits_per_second":	9.96099e+07,
				"omitted":	false
			}
		}, {
			"streams":	[{
					"socket":	5,
					"start":	44.0003,
					"end":	45.0003,
					"seconds":	1.00005,
					"bytes":	12582912,
					"bits_per_second":	1.00658e+08,
					"omitted":	false
				}],
			"sum":	{
				"start":	44.0003,
				"end":	45.0003,
				"seconds":	1.00005,
				"bytes":	12582912,
				"bits_per_second":	1.00658e+08,
				"omitted":	false
			}
		}, {
			"streams":	[{
					"socket":	5,
					"start":	45.0003,
					"end":	46.0004,
					"seconds":	1.00011,
					"bytes":	12451840,
					"bits_per_second":	9.96034e+07,
					"omitted":	false
				}],
			"sum":	{
				"start":	45.0003,
				"end":	46.0004,
				"seconds":	1.00011,
				"bytes":	12451840,
				"bits_per_second":	9.96034e+07,
				"omitted":	false
			}
		}, {
			"streams":	[{
					"socket":	5,
					"start":	46.0004,
					"end":	47.0003,
					"seconds":	0.999863,
					"bytes":	12451840,
					"bits_per_second":	9.96284e+07,
					"omitted":	false
				}],
			"sum":	{
				"start":	46.0004,
				"end":	47.0003,
				"seconds":	0.999863,
				"bytes":	12451840,
				"bits_per_second":	9.96284e+07,
				"omitted":	false
			}
		}, {
			"streams":	[{
					"socket":	5,
					"start":	47.0003,
					"end":	48.0002,
					"seconds":	0.99991,
					"bytes":	12582912,
					"bits_per_second":	1.00672e+08,
					"omitted":	false
				}],
			"sum":	{
				"start":	47.0003,
				"end":	48.0002,
				"seconds":	0.99991,
				"bytes":	12582912,
				"bits_per_second":	1.00672e+08,
				"omitted":	false
			}
		}, {
			"streams":	[{
					"socket":	5,
					"start":	48.0002,
					"end":	49.0003,
					"seconds":	1.00005,
					"bytes":	12451840,
					"bits_per_second":	9.96096e+07,
					"omitted":	false
				}],
			"sum":	{
				"start":	48.0002,
				"end":	49.0003,
				"seconds":	1.00005,
				"bytes":	12451840,
				"bits_per_second":	9.96096e+07,
				"omitted":	false
			}
		}, {
			"streams":	[{
					"socket":	5,
					"start":	49.0003,
					"end":	50.0006,
					"seconds":	1.00033,
					"bytes":	12582912,
					"bits_per_second":	1.0063e+08,
					"omitted":	false
				}],
			"sum":	{
				"start":	49.0003,
				"end":	50.0006,
				"seconds":	1.00033,
				"bytes":	12582912,
				"bits_per_second":	1.0063e+08,
				"omitted":	false
			}
		}, {
			"streams":	[{
					"socket":	5,
					"start":	50.0006,
					"end":	51.0005,
					"seconds":	0.999947,
					"bytes":	12451840,
					"bits_per_second":	9.962e+07,
					"omitted":	false
				}],
			"sum":	{
				"start":	50.0006,
				"end":	51.0005,
				"seconds":	0.999947,
				"bytes":	12451840,
				"bits_per_second":	9.962e+07,
				"omitted":	false
			}
		}, {
			"streams":	[{
					"socket":	5,
					"start":	51.0005,
					"end":	51.0275,
					"seconds":	0.0269411,
					"bytes":	0,
					"bits_per_second":	0,
					"omitted":	false
				}],
			"sum":	{
				"start":	51.0005,
				"end":	51.0275,
				"seconds":	0.0269411,
				"bytes":	0,
				"bits_per_second":	0,
				"omitted":	false
			}
		}],
	"end":	{
		"streams":	[{
				"sender":	{
					"socket":	5,
					"start":	0,
					"end":	51.0275,
					"seconds":	51.0275,
					"bytes":	636345816,
					"bits_per_second":	9.97652e+07,
					"retransmits":	16
				},
				"receiver":	{
					"socket":	5,
					"start":	0,
					"end":	51.0275,
					"seconds":	51.0275,
					"bytes":	636345816,
					"bits_per_second":	9.97652e+07
				}
			}],
		"sum_sent":	{
			"start":	0,
			"end":	51.0275,
			"seconds":	51.0275,
			"bytes":	636345816,
			"bits_per_second":	9.97652e+07,
			"retransmits":	16
		},
		"sum_received":	{
			"start":	0,
			"end":	51.0275,
			"seconds":	51.0275,
			"bytes":	636345816,
			"bits_per_second":	9.97652e+07
		},
		"cpu_utilization_percent":	{
			"host_total":	5.78235,
			"host_user":	0.422552,
			"host_system":	5.36021,
			"remote_total":	1.67027,
			"remote_user":	0.14577,
			"remote_system":	1.5245
		}
	}
}
