{
	"start":	{
		"connected":	[{
				"socket":	5,
				"local_host":	"10.0.0.7",
				"local_port":	4083,
				"remote_host":	"10.0.0.3",
				"remote_port":	50590
			}],
		"version":	"iperf 3.0.7",
		"system_info":	"Linux H7 5.4.197-0504197-generic #202206060747 SMP Mon Jun 6 09:27:47 UTC 2022 x86_64 x86_64 x86_64 GNU/Linux\n",
		"timestamp":	{
			"time":	"Fri, 22 Jul 2022 16:30:31 GMT",
			"timesecs":	1658507431
		},
		"accepted_connection":	{
			"host":	"10.0.0.3",
			"port":	50588
		},
		"cookie":	"H3.1658507431.729980.0e1ba29316d791e",
		"tcp_mss_default":	1448,
		"test_start":	{
			"protocol":	"TCP",
			"num_streams":	1,
			"blksize":	131072,
			"omit":	0,
			"duration":	5,
			"bytes":	0,
			"blocks":	0,
			"reverse":	0
		}
	},
	"intervals":	[{
			"streams":	[{
					"socket":	5,
					"start":	0,
					"end":	1.00092,
					"seconds":	1.00092,
					"bytes":	1690848,
					"bits_per_second":	1.35144e+07,
					"omitted":	false
				}],
			"sum":	{
				"start":	0,
				"end":	1.00092,
				"seconds":	1.00092,
				"bytes":	1690848,
				"bits_per_second":	1.35144e+07,
				"omitted":	false
			}
		}, {
			"streams":	[{
					"socket":	5,
					"start":	1.00092,
					"end":	2.00044,
					"seconds":	0.999524,
					"bytes":	1966080,
					"bits_per_second":	1.57361e+07,
					"omitted":	false
				}],
			"sum":	{
				"start":	1.00092,
				"end":	2.00044,
				"seconds":	0.999524,
				"bytes":	1966080,
				"bits_per_second":	1.57361e+07,
				"omitted":	false
			}
		}, {
			"streams":	[{
					"socket":	5,
					"start":	2.00044,
					"end":	3.00041,
					"seconds":	0.999964,
					"bytes":	1835008,
					"bits_per_second":	1.46806e+07,
					"omitted":	false
				}],
			"sum":	{
				"start":	2.00044,
				"end":	3.00041,
				"seconds":	0.999964,
				"bytes":	1835008,
				"bits_per_second":	1.46806e+07,
				"omitted":	false
			}
		}, {
			"streams":	[{
					"socket":	5,
					"start":	3.00041,
					"end":	4.0009,
					"seconds":	1.00049,
					"bytes":	1835008,
					"bits_per_second":	1.46728e+07,
					"omitted":	false
				}],
			"sum":	{
				"start":	3.00041,
				"end":	4.0009,
				"seconds":	1.00049,
				"bytes":	1835008,
				"bits_per_second":	1.46728e+07,
				"omitted":	false
			}
		}, {
			"streams":	[{
					"socket":	5,
					"start":	4.0009,
					"end":	5.00106,
					"seconds":	1.00016,
					"bytes":	1966080,
					"bits_per_second":	1.57261e+07,
					"omitted":	false
				}],
			"sum":	{
				"start":	4.0009,
				"end":	5.00106,
				"seconds":	1.00016,
				"bytes":	1966080,
				"bits_per_second":	1.57261e+07,
				"omitted":	false
			}
		}, {
			"streams":	[{
					"socket":	5,
					"start":	5.00106,
					"end":	5.00142,
					"seconds":	0.000360012,
					"bytes":	0,
					"bits_per_second":	0,
					"omitted":	false
				}],
			"sum":	{
				"start":	5.00106,
				"end":	5.00142,
				"seconds":	0.000360012,
				"bytes":	0,
				"bits_per_second":	0,
				"omitted":	false
			}
		}],
	"end":	{
		"streams":	[{
				"sender":	{
					"socket":	5,
					"start":	0,
					"end":	5.00142,
					"seconds":	5.00142,
					"bytes":	9293024,
					"bits_per_second":	1.48646e+07,
					"retransmits":	0
				},
				"receiver":	{
					"socket":	5,
					"start":	0,
					"end":	5.00142,
					"seconds":	5.00142,
					"bytes":	9293024,
					"bits_per_second":	1.48646e+07
				}
			}],
		"sum_sent":	{
			"start":	0,
			"end":	5.00142,
			"seconds":	5.00142,
			"bytes":	9293024,
			"bits_per_second":	1.48646e+07,
			"retransmits":	0
		},
		"sum_received":	{
			"start":	0,
			"end":	5.00142,
			"seconds":	5.00142,
			"bytes":	9293024,
			"bits_per_second":	1.48646e+07
		},
		"cpu_utilization_percent":	{
			"host_total":	1.4308,
			"host_user":	0,
			"host_system":	1.43088,
			"remote_total":	0.83066,
			"remote_user":	0,
			"remote_system":	0.83074
		}
	}
}
{
	"start":	{
		"connected":	[],
		"version":	"iperf 3.0.7",
		"system_info":	"Linux H7 5.4.197-0504197-generic #202206060747 SMP Mon Jun 6 09:27:47 UTC 2022 x86_64 x86_64 x86_64 GNU/Linux\n"
	},
	"intervals":	[],
	"end":	{
	},
	"error":	"interrupt - the server has terminated"
}
