{
	"start":	{
		"connected":	[{
				"socket":	5,
				"local_host":	"10.0.0.9",
				"local_port":	2157,
				"remote_host":	"10.0.0.1",
				"remote_port":	60962
			}],
		"version":	"iperf 3.0.7",
		"system_info":	"Linux MECS2 5.4.197-0504197-generic #202206060747 SMP Mon Jun 6 09:27:47 UTC 2022 x86_64 x86_64 x86_64 GNU/Linux\n",
		"timestamp":	{
			"time":	"Mon, 25 Jul 2022 21:47:28 GMT",
			"timesecs":	1658785648
		},
		"accepted_connection":	{
			"host":	"10.0.0.1",
			"port":	60960
		},
		"cookie":	"BS1.1658785648.355942.5a4eb79a55686a",
		"tcp_mss_default":	1448,
		"test_start":	{
			"protocol":	"TCP",
			"num_streams":	1,
			"blksize":	131072,
			"omit":	0,
			"duration":	37,
			"bytes":	0,
			"blocks":	0,
			"reverse":	0
		}
	},
	"intervals":	[{
			"streams":	[{
					"socket":	5,
					"start":	0,
					"end":	1.00191,
					"seconds":	1.00191,
					"bytes":	2832152,
					"bits_per_second":	2.26139e+07,
					"omitted":	false
				}],
			"sum":	{
				"start":	0,
				"end":	1.00191,
				"seconds":	1.00191,
				"bytes":	2832152,
				"bits_per_second":	2.26139e+07,
				"omitted":	false
			}
		}, {
			"streams":	[{
					"socket":	5,
					"start":	1.00191,
					"end":	2.00057,
					"seconds":	0.998661,
					"bytes":	3145728,
					"bits_per_second":	2.51996e+07,
					"omitted":	false
				}],
			"sum":	{
				"start":	1.00191,
				"end":	2.00057,
				"seconds":	0.998661,
				"bytes":	3145728,
				"bits_per_second":	2.51996e+07,
				"omitted":	false
			}
		}, {
			"streams":	[{
					"socket":	5,
					"start":	2.00057,
					"end":	3.0004,
					"seconds":	0.999821,
					"bytes":	3145728,
					"bits_per_second":	2.51703e+07,
					"omitted":	false
				}],
			"sum":	{
				"start":	2.00057,
				"end":	3.0004,
				"seconds":	0.999821,
				"bytes":	3145728,
				"bits_per_second":	2.51703e+07,
				"omitted":	false
			}
		}, {
			"streams":	[{
					"socket":	5,
					"start":	3.0004,
					"end":	4.00009,
					"seconds":	0.999697,
					"bytes":	3145728,
					"bits_per_second":	2.51735e+07,
					"omitted":	false
				}],
			"sum":	{
				"start":	3.0004,
				"end":	4.00009,
				"seconds":	0.999697,
				"bytes":	3145728,
				"bits_per_second":	2.51735e+07,
				"omitted":	false
			}
		}, {
			"streams":	[{
					"socket":	5,
					"start":	4.00009,
					"end":	5.00026,
					"seconds":	1.00017,
					"bytes":	3145728,
					"bits_per_second":	2.51615e+07,
					"omitted":	false
				}],
			"sum":	{
				"start":	4.00009,
				"end":	5.00026,
				"seconds":	1.00017,
				"bytes":	3145728,
				"bits_per_second":	2.51615e+07,
				"omitted":	false
			}
		}, {
			"streams":	[{
					"socket":	5,
					"start":	5.00026,
					"end":	6.00026,
					"seconds":	0.999992,
					"bytes":	3145728,
					"bits_per_second":	2.5166e+07,
					"omitted":	false
				}],
			"sum":	{
				"start":	5.00026,
				"end":	6.00026,
				"seconds":	0.999992,
				"bytes":	3145728,
				"bits_per_second":	2.5166e+07,
				"omitted":	false
			}
		}, {
			"streams":	[{
					"socket":	5,
					"start":	6.00026,
					"end":	7.00016,
					"seconds":	0.999909,
					"bytes":	3014656,
					"bits_per_second":	2.41194e+07,
					"omitted":	false
				}],
			"sum":	{
				"start":	6.00026,
				"end":	7.00016,
				"seconds":	0.999909,
				"bytes":	3014656,
				"bits_per_second":	2.41194e+07,
				"omitted":	false
			}
		}, {
			"streams":	[{
					"socket":	5,
					"start":	7.00016,
					"end":	8.00288,
					"seconds":	1.00272,
					"bytes":	3145728,
					"bits_per_second":	2.50976e+07,
					"omitted":	false
				}],
			"sum":	{
				"start":	7.00016,
				"end":	8.00288,
				"seconds":	1.00272,
				"bytes":	3145728,
				"bits_per_second":	2.50976e+07,
				"omitted":	false
			}
		}, {
			"streams":	[{
					"socket":	5,
					"start":	8.00288,
					"end":	9.00022,
					"seconds":	0.997336,
					"bytes":	3145728,
					"bits_per_second":	2.5233e+07,
					"omitted":	false
				}],
			"sum":	{
				"start":	8.00288,
				"end":	9.00022,
				"seconds":	0.997336,
				"bytes":	3145728,
				"bits_per_second":	2.5233e+07,
				"omitted":	false
			}
		}, {
			"streams":	[{
					"socket":	5,
					"start":	9.00022,
					"end":	10.0002,
					"seconds":	1.00002,
					"bytes":	3145728,
					"bits_per_second":	2.51652e+07,
					"omitted":	false
				}],
			"sum":	{
				"start":	9.00022,
				"end":	10.0002,
				"seconds":	1.00002,
				"bytes":	3145728,
				"bits_per_second":	2.51652e+07,
				"omitted":	false
			}
		}, {
			"streams":	[{
					"socket":	5,
					"start":	10.0002,
					"end":	11.0003,
					"seconds":	1.00001,
					"bytes":	3145728,
					"bits_per_second":	2.51656e+07,
					"omitted":	false
				}],
			"sum":	{
				"start":	10.0002,
				"end":	11.0003,
				"seconds":	1.00001,
				"bytes":	3145728,
				"bits_per_second":	2.51656e+07,
				"omitted":	false
			}
		}, {
			"streams":	[{
					"socket":	5,
					"start":	11.0003,
					"end":	12.0007,
					"seconds":	1.00042,
					"bytes":	3145728,
					"bits_per_second":	2.51553e+07,
					"omitted":	false
				}],
			"sum":	{
				"start":	11.0003,
				"end":	12.0007,
				"seconds":	1.00042,
				"bytes":	3145728,
				"bits_per_second":	2.51553e+07,
				"omitted":	false
			}
		}, {
			"streams":	[{
					"socket":	5,
					"start":	12.0007,
					"end":	13.0006,
					"seconds":	0.999956,
					"bytes":	3014656,
					"bits_per_second":	2.41183e+07,
					"omitted":	false
				}],
			"sum":	{
				"start":	12.0007,
				"end":	13.0006,
				"seconds":	0.999956,
				"bytes":	3014656,
				"bits_per_second":	2.41183e+07,
				"omitted":	false
			}
		}, {
			"streams":	[{
					"socket":	5,
					"start":	13.0006,
					"end":	14.0002,
					"seconds":	0.999561,
					"bytes":	3145728,
					"bits_per_second":	2.51769e+07,
					"omitted":	false
				}],
			"sum":	{
				"start":	13.0006,
				"end":	14.0002,
				"seconds":	0.999561,
				"bytes":	3145728,
				"bits_per_second":	2.51769e+07,
				"omitted":	false
			}
		}, {
			"streams":	[{
					"socket":	5,
					"start":	14.0002,
					"end":	15.0003,
					"seconds":	1.00008,
					"bytes":	3145728,
					"bits_per_second":	2.51639e+07,
					"omitted":	false
				}],
			"sum":	{
				"start":	14.0002,
				"end":	15.0003,
				"seconds":	1.00008,
				"bytes":	3145728,
				"bits_per_second":	2.51639e+07,
				"omitted":	false
			}
		}, {
			"streams":	[{
					"socket":	5,
					"start":	15.0003,
					"end":	16.0099,
					"seconds":	1.00963,
					"bytes":	3145728,
					"bits_per_second":	2.49257e+07,
					"omitted":	false
				}],
			"sum":	{
				"start":	15.0003,
				"end":	16.0099,
				"seconds":	1.00963,
				"bytes":	3145728,
				"bits_per_second":	2.49257e+07,
				"omitted":	false
			}
		}, {
			"streams":	[{
					"socket":	5,
					"start":	16.0099,
					"end":	17.0019,
					"seconds":	0.992003,
					"bytes":	3145728,
					"bits_per_second":	2.53687e+07,
					"omitted":	false
				}],
			"sum":	{
				"start":	16.0099,
				"end":	17.0019,
				"seconds":	0.992003,
				"bytes":	3145728,
				"bits_per_second":	2.53687e+07,
				"omitted":	false
			}
		}, {
			"streams":	[{
					"socket":	5,
					"start":	17.0019,
					"end":	18.0096,
					"seconds":	1.00767,
					"bytes":	3145728,
					"bits_per_second":	2.49742e+07,
					"omitted":	false
				}],
			"sum":	{
				"start":	17.0019,
				"end":	18.0096,
				"seconds":	1.00767,
				"bytes":	3145728,
				"bits_per_second":	2.49742e+07,
				"omitted":	false
			}
		}, {
			"streams":	[{
					"socket":	5,
					"start":	18.0096,
					"end":	19.0008,
					"seconds":	0.991269,
					"bytes":	3145728,
					"bits_per_second":	2.53875e+07,
					"omitted":	false
				}],
			"sum":	{
				"start":	18.0096,
				"end":	19.0008,
				"seconds":	0.991269,
				"bytes":	3145728,
				"bits_per_second":	2.53875e+07,
				"omitted":	false
			}
		}, {
			"streams":	[{
					"socket":	5,
					"start":	19.0008,
					"end":	20.01,
					"seconds":	1.0092,
					"bytes":	3145728,
					"bits_per_second":	2.49364e+07,
					"omitted":	false
				}],
			"sum":	{
				"start":	19.0008,
				"end":	20.01,
				"seconds":	1.0092,
				"bytes":	3145728,
				"bits_per_second":	2.49364e+07,
				"omitted":	false
			}
		}, {
			"streams":	[{
					"socket":	5,
					"start":	20.01,
					"end":	21.0004,
					"seconds":	0.990356,
					"bytes":	3014656,
					"bits_per_second":	2.43521e+07,
					"omitted":	false
				}],
			"sum":	{
				"start":	20.01,
				"end":	21.0004,
				"seconds":	0.990356,
				"bytes":	3014656,
				"bits_per_second":	2.43521e+07,
				"omitted":	false
			}
		}, {
			"streams":	[{
					"socket":	5,
					"start":	21.0004,
					"end":	22.002,
					"seconds":	1.00163,
					"bytes":	3145728,
					"bits_per_second":	2.51249e+07,
					"omitted":	false
				}],
			"sum":	{
				"start":	21.0004,
				"end":	22.002,
				"seconds":	1.00163,
				"bytes":	3145728,
				"bits_per_second":	2.51249e+07,
				"omitted":	false
			}
		}, {
			"streams":	[{
					"socket":	5,
					"start":	22.002,
					"end":	23.0032,
					"seconds":	1.00118,
					"bytes":	3145728,
					"bits_per_second":	2.51362e+07,
					"omitted":	false
				}],
			"sum":	{
				"start":	22.002,
				"end":	23.0032,
				"seconds":	1.00118,
				"bytes":	3145728,
				"bits_per_second":	2.51362e+07,
				"omitted":	false
			}
		}, {
			"streams":	[{
					"socket":	5,
					"start":	23.0032,
					"end":	24.0012,
					"seconds":	0.997997,
					"bytes":	3145728,
					"bits_per_second":	2.52163e+07,
					"omitted":	false
				}],
			"sum":	{
				"start":	23.0032,
				"end":	24.0012,
				"seconds":	0.997997,
				"bytes":	3145728,
				"bits_per_second":	2.52163e+07,
				"omitted":	false
			}
		}, {
			"streams":	[{
					"socket":	5,
					"start":	24.0012,
					"end":	25.0018,
					"seconds":	1.00055,
					"bytes":	3145728,
					"bits_per_second":	2.5152e+07,
					"omitted":	false
				}],
			"sum":	{
				"start":	24.0012,
				"end":	25.0018,
				"seconds":	1.00055,
				"bytes":	3145728,
				"bits_per_second":	2.5152e+07,
				"omitted":	false
			}
		}, {
			"streams":	[{
					"socket":	5,
					"start":	25.0018,
					"end":	26.0002,
					"seconds":	0.998483,
					"bytes":	3014656,
					"bits_per_second":	2.41539e+07,
					"omitted":	false
				}],
			"sum":	{
				"start":	25.0018,
				"end":	26.0002,
				"seconds":	0.998483,
				"bytes":	3014656,
				"bits_per_second":	2.41539e+07,
				"omitted":	false
			}
		}, {
			"streams":	[{
					"socket":	5,
					"start":	26.0002,
					"end":	27.0005,
					"seconds":	1.00022,
					"bytes":	3145728,
					"bits_per_second":	2.51604e+07,
					"omitted":	false
				}],
			"sum":	{
				"start":	26.0002,
				"end":	27.0005,
				"seconds":	1.00022,
				"bytes":	3145728,
				"bits_per_second":	2.51604e+07,
				"omitted":	false
			}
		}, {
			"streams":	[{
					"socket":	5,
					"start":	27.0005,
					"end":	28.0005,
					"seconds":	1.00005,
					"bytes":	3145728,
					"bits_per_second":	2.51645e+07,
					"omitted":	false
				}],
			"sum":	{
				"start":	27.0005,
				"end":	28.0005,
				"seconds":	1.00005,
				"bytes":	3145728,
				"bits_per_second":	2.51645e+07,
				"omitted":	false
			}
		}, {
			"streams":	[{
					"socket":	5,
					"start":	28.0005,
					"end":	29.0006,
					"seconds":	1.0001,
					"bytes":	3145728,
					"bits_per_second":	2.51633e+07,
					"omitted":	false
				}],
			"sum":	{
				"start":	28.0005,
				"end":	29.0006,
				"seconds":	1.0001,
				"bytes":	3145728,
				"bits_per_second":	2.51633e+07,
				"omitted":	false
			}
		}, {
			"streams":	[{
					"socket":	5,
					"start":	29.0006,
					"end":	30.0012,
					"seconds":	1.00055,
					"bytes":	3145728,
					"bits_per_second":	2.51519e+07,
					"omitted":	false
				}],
			"sum":	{
				"start":	29.0006,
				"end":	30.0012,
				"seconds":	1.00055,
				"bytes":	3145728,
				"bits_per_second":	2.51519e+07,
				"omitted":	false
			}
		}, {
			"streams":	[{
					"socket":	5,
					"start":	30.0012,
					"end":	31.0003,
					"seconds":	0.999186,
					"bytes":	3145728,
					"bits_per_second":	2.51863e+07,
					"omitted":	false
				}],
			"sum":	{
				"start":	30.0012,
				"end":	31.0003,
				"seconds":	0.999186,
				"bytes":	3145728,
				"bits_per_second":	2.51863e+07,
				"omitted":	false
			}
		}, {
			"streams":	[{
					"socket":	5,
					"start":	31.0003,
					"end":	32.0003,
					"seconds":	0.999976,
					"bytes":	3014656,
					"bits_per_second":	2.41178e+07,
					"omitted":	false
				}],
			"sum":	{
				"start":	31.0003,
				"end":	32.0003,
				"seconds":	0.999976,
				"bytes":	3014656,
				"bits_per_second":	2.41178e+07,
				"omitted":	false
			}
		}, {
			"streams":	[{
					"socket":	5,
					"start":	32.0003,
					"end":	33.0004,
					"seconds":	1.00005,
					"bytes":	3145728,
					"bits_per_second":	2.51646e+07,
					"omitted":	false
				}],
			"sum":	{
				"start":	32.0003,
				"end":	33.0004,
				"seconds":	1.00005,
				"bytes":	3145728,
				"bits_per_second":	2.51646e+07,
				"omitted":	false
			}
		}, {
			"streams":	[{
					"socket":	5,
					"start":	33.0004,
					"end":	34.0002,
					"seconds":	0.999869,
					"bytes":	3145728,
					"bits_per_second":	2.51691e+07,
					"omitted":	false
				}],
			"sum":	{
				"start":	33.0004,
				"end":	34.0002,
				"seconds":	0.999869,
				"bytes":	3145728,
				"bits_per_second":	2.51691e+07,
				"omitted":	false
			}
		}, {
			"streams":	[{
					"socket":	5,
					"start":	34.0002,
					"end":	35.0052,
					"seconds":	1.00499,
					"bytes":	3145728,
					"bits_per_second":	2.50409e+07,
					"omitted":	false
				}],
			"sum":	{
				"start":	34.0002,
				"end":	35.0052,
				"seconds":	1.00499,
				"bytes":	3145728,
				"bits_per_second":	2.50409e+07,
				"omitted":	false
			}
		}, {
			"streams":	[{
					"socket":	5,
					"start":	35.0052,
					"end":	36.0004,
					"seconds":	0.995138,
					"bytes":	3145728,
					"bits_per_second":	2.52888e+07,
					"omitted":	false
				}],
			"sum":	{
				"start":	35.0052,
				"end":	36.0004,
				"seconds":	0.995138,
				"bytes":	3145728,
				"bits_per_second":	2.52888e+07,
				"omitted":	false
			}
		}, {
			"streams":	[{
					"socket":	5,
					"start":	36.0004,
					"end":	37.0004,
					"seconds":	1.00008,
					"bytes":	3145728,
					"bits_per_second":	2.51638e+07,
					"omitted":	false
				}],
			"sum":	{
				"start":	36.0004,
				"end":	37.0004,
				"seconds":	1.00008,
				"bytes":	3145728,
				"bits_per_second":	2.51638e+07,
				"omitted":	false
			}
		}, {
			"streams":	[{
					"socket":	5,
					"start":	37.0004,
					"end":	37.0164,
					"seconds":	0.0159431,
					"bytes":	0,
					"bits_per_second":	0,
					"omitted":	false
				}],
			"sum":	{
				"start":	37.0004,
				"end":	37.0164,
				"seconds":	0.0159431,
				"bytes":	0,
				"bits_per_second":	0,
				"omitted":	false
			}
		}],
	"end":	{
		"streams":	[{
				"sender":	{
					"socket":	5,
					"start":	0,
					"end":	37.0164,
					"seconds":	37.0164,
					"bytes":	115423000,
					"bits_per_second":	2.49453e+07,
					"retransmits":	8
				},
				"receiver":	{
					"socket":	5,
					"start":	0,
					"end":	37.0164,
					"seconds":	37.0164,
					"bytes":	115423000,
					"bits_per_second":	2.49453e+07
				}
			}],
		"sum_sent":	{
			"start":	0,
			"end":	37.0164,
			"seconds":	37.0164,
			"bytes":	115423000,
			"bits_per_second":	2.49453e+07,
			"retransmits":	8
		},
		"sum_received":	{
			"start":	0,
			"end":	37.0164,
			"seconds":	37.0164,
			"bytes":	115423000,
			"bits_per_second":	2.49453e+07
		},
		"cpu_utilization_percent":	{
			"host_total":	1.71125,
			"host_user":	0.130637,
			"host_system":	1.58061,
			"remote_total":	1.12249,
			"remote_user":	0.075931,
			"remote_system":	1.04655
		}
	}
}
