{
	"start":	{
		"connected":	[{
				"socket":	5,
				"local_host":	"10.0.0.19",
				"local_port":	3043,
				"remote_host":	"10.0.0.6",
				"remote_port":	34364
			}],
		"version":	"iperf 3.0.7",
		"system_info":	"Linux CS5 5.4.197-0504197-generic #202206060747 SMP Mon Jun 6 09:27:47 UTC 2022 x86_64 x86_64 x86_64 GNU/Linux\n",
		"timestamp":	{
			"time":	"Mon, 25 Jul 2022 21:44:37 GMT",
			"timesecs":	1658785477
		},
		"accepted_connection":	{
			"host":	"10.0.0.6",
			"port":	47444
		},
		"cookie":	"BS6.1658785477.126007.783d01402483ac",
		"test_start":	{
			"protocol":	"UDP",
			"num_streams":	1,
			"blksize":	8192,
			"omit":	0,
			"duration":	8,
			"bytes":	0,
			"blocks":	0,
			"reverse":	0
		}
	},
	"intervals":	[{
			"streams":	[{
					"socket":	5,
					"start":	0,
					"end":	1.00283,
					"seconds":	1.00283,
					"bytes":	2850816,
					"bits_per_second":	2.27423e+07,
					"jitter_ms":	0.939845,
					"lost_packets":	1,
					"packets":	348,
					"lost_percent":	0.287356,
					"omitted":	false
				}],
			"sum":	{
				"start":	0,
				"end":	1.00283,
				"seconds":	1.00283,
				"bytes":	2850816,
				"bits_per_second":	2.27423e+07,
				"jitter_ms":	0.939845,
				"lost_packets":	1,
				"packets":	348,
				"lost_percent":	0.287356,
				"omitted":	false
			}
		}, {
			"streams":	[{
					"socket":	5,
					"start":	1.00283,
					"end":	2.00033,
					"seconds":	0.997502,
					"bytes":	3096576,
					"bits_per_second":	2.48346e+07,
					"jitter_ms":	0.842588,
					"lost_packets":	0,
					"packets":	378,
					"lost_percent":	0,
					"omitted":	false
				}],
			"sum":	{
				"start":	1.00283,
				"end":	2.00033,
				"seconds":	0.997502,
				"bytes":	3096576,
				"bits_per_second":	2.48346e+07,
				"jitter_ms":	0.842588,
				"lost_packets":	0,
				"packets":	378,
				"lost_percent":	0,
				"omitted":	false
			}
		}, {
			"streams":	[{
					"socket":	5,
					"start":	2.00033,
					"end":	3.00018,
					"seconds":	0.999849,
					"bytes":	3121152,
					"bits_per_second":	2.4973e+07,
					"jitter_ms":	0.539988,
					"lost_packets":	0,
					"packets":	381,
					"lost_percent":	0,
					"omitted":	false
				}],
			"sum":	{
				"start":	2.00033,
				"end":	3.00018,
				"seconds":	0.999849,
				"bytes":	3121152,
				"bits_per_second":	2.4973e+07,
				"jitter_ms":	0.539988,
				"lost_packets":	0,
				"packets":	381,
				"lost_percent":	0,
				"omitted":	false
			}
		}, {
			"streams":	[{
					"socket":	5,
					"start":	3.00018,
					"end":	4.00048,
					"seconds":	1.0003,
					"bytes":	3211264,
					"bits_per_second":	2.56824e+07,
					"jitter_ms":	1.89491,
					"lost_packets":	0,
					"packets":	392,
					"lost_percent":	0,
					"omitted":	false
				}],
			"sum":	{
				"start":	3.00018,
				"end":	4.00048,
				"seconds":	1.0003,
				"bytes":	3211264,
				"bits_per_second":	2.56824e+07,
				"jitter_ms":	1.89491,
				"lost_packets":	0,
				"packets":	392,
				"lost_percent":	0,
				"omitted":	false
			}
		}, {
			"streams":	[{
					"socket":	5,
					"start":	4.00048,
					"end":	5.00175,
					"seconds":	1.00127,
					"bytes":	3039232,
					"bits_per_second":	2.4283e+07,
					"jitter_ms":	0.79131,
					"lost_packets":	0,
					"packets":	371,
					"lost_percent":	0,
					"omitted":	false
				}],
			"sum":	{
				"start":	4.00048,
				"end":	5.00175,
				"seconds":	1.00127,
				"bytes":	3039232,
				"bits_per_second":	2.4283e+07,
				"jitter_ms":	0.79131,
				"lost_packets":	0,
				"packets":	371,
				"lost_percent":	0,
				"omitted":	false
			}
		}, {
			"streams":	[{
					"socket":	5,
					"start":	5.00175,
					"end":	6.00074,
					"seconds":	0.998992,
					"bytes":	3129344,
					"bits_per_second":	2.506e+07,
					"jitter_ms":	0.619692,
					"lost_packets":	0,
					"packets":	382,
					"lost_percent":	0,
					"omitted":	false
				}],
			"sum":	{
				"start":	5.00175,
				"end":	6.00074,
				"seconds":	0.998992,
				"bytes":	3129344,
				"bits_per_second":	2.506e+07,
				"jitter_ms":	0.619692,
				"lost_packets":	0,
				"packets":	382,
				"lost_percent":	0,
				"omitted":	false
			}
		}, {
			"streams":	[{
					"socket":	5,
					"start":	6.00074,
					"end":	7.00034,
					"seconds":	0.999601,
					"bytes":	3121152,
					"bits_per_second":	2.49792e+07,
					"jitter_ms":	0.61412,
					"lost_packets":	0,
					"packets":	381,
					"lost_percent":	0,
					"omitted":	false
				}],
			"sum":	{
				"start":	6.00074,
				"end":	7.00034,
				"seconds":	0.999601,
				"bytes":	3121152,
				"bits_per_second":	2.49792e+07,
				"jitter_ms":	0.61412,
				"lost_packets":	0,
				"packets":	381,
				"lost_percent":	0,
				"omitted":	false
			}
		}, {
			"streams":	[{
					"socket":	5,
					"start":	7.00034,
					"end":	8.00049,
					"seconds":	1.00015,
					"bytes":	3129344,
					"bits_per_second":	2.5031e+07,
					"jitter_ms":	0.836784,
					"lost_packets":	0,
					"packets":	382,
					"lost_percent":	0,
					"omitted":	false
				}],
			"sum":	{
				"start":	7.00034,
				"end":	8.00049,
				"seconds":	1.00015,
				"bytes":	3129344,
				"bits_per_second":	2.5031e+07,
				"jitter_ms":	0.836784,
				"lost_packets":	0,
				"packets":	382,
				"lost_percent":	0,
				"omitted":	false
			}
		}, {
			"streams":	[{
					"socket":	5,
					"start":	8.00049,
					"end":	8.02878,
					"seconds":	0.0282912,
					"bytes":	0,
					"bits_per_second":	0,
					"jitter_ms":	0.836784,
					"lost_packets":	0,
					"packets":	0,
					"lost_percent":	-nan,
					"omitted":	false
				}],
			"sum":	{
				"start":	8.00049,
				"end":	8.02878,
				"seconds":	0.0282912,
				"bytes":	0,
				"bits_per_second":	0,
				"jitter_ms":	0.836784,
				"lost_packets":	0,
				"packets":	0,
				"lost_percent":	-nan,
				"omitted":	false
			}
		}],
	"end":	{
		"streams":	[{
				"udp":	{
					"socket":	5,
					"start":	0,
					"end":	8.02878,
					"seconds":	8.02878,
					"bytes":	24698880,
					"bits_per_second":	2.46103e+07,
					"jitter_ms":	0.836784,
					"lost_packets":	1,
					"packets":	3015,
					"lost_percent":	0.0331675
				}
			}],
		"sum":	{
			"start":	0,
			"end":	8.02878,
			"seconds":	8.02878,
			"bytes":	24698880,
			"bits_per_second":	2.46103e+07,
			"jitter_ms":	0.836784,
			"lost_packets":	1,
			"packets":	3015,
			"lost_percent":	0.0331675
		},
		"cpu_utilization_percent":	{
			"host_total":	2.6784,
			"host_user":	0.211966,
			"host_system":	2.46642,
			"remote_total":	2.87096,
			"remote_user":	0.299894,
			"remote_system":	2.57105
		}
	},
	"error":	"OUT OF ORDER - incoming packet = 1 and received packet = 2 AND SP = 5"
}
