{
	"start":	{
		"connected":	[{
				"socket":	5,
				"local_host":	"10.0.0.20",
				"local_port":	3678,
				"remote_host":	"10.0.0.3",
				"remote_port":	57058
			}],
		"version":	"iperf 3.0.7",
		"system_info":	"Linux CS6 5.4.197-0504197-generic #202206060747 SMP Mon Jun 6 09:27:47 UTC 2022 x86_64 x86_64 x86_64 GNU/Linux\n",
		"timestamp":	{
			"time":	"Mon, 25 Jul 2022 21:46:23 GMT",
			"timesecs":	1658785583
		},
		"accepted_connection":	{
			"host":	"10.0.0.3",
			"port":	58064
		},
		"cookie":	"BS3.1658785583.754827.711e63e775fb65",
		"tcp_mss_default":	1448,
		"test_start":	{
			"protocol":	"TCP",
			"num_streams":	1,
			"blksize":	131072,
			"omit":	0,
			"duration":	55,
			"bytes":	0,
			"blocks":	0,
			"reverse":	0
		}
	},
	"intervals":	[{
			"streams":	[{
					"socket":	5,
					"start":	0,
					"end":	1.00014,
					"seconds":	1.00014,
					"bytes":	4960848,
					"bits_per_second":	3.96812e+07,
					"omitted":	false
				}],
			"sum":	{
				"start":	0,
				"end":	1.00014,
				"seconds":	1.00014,
				"bytes":	4960848,
				"bits_per_second":	3.96812e+07,
				"omitted":	false
			}
		}, {
			"streams":	[{
					"socket":	5,
					"start":	1.00014,
					"end":	2.00095,
					"seconds":	1.00081,
					"bytes":	9074616,
					"bits_per_second":	7.25382e+07,
					"omitted":	false
				}],
			"sum":	{
				"start":	1.00014,
				"end":	2.00095,
				"seconds":	1.00081,
				"bytes":	9074616,
				"bits_per_second":	7.25382e+07,
				"omitted":	false
			}
		}, {
			"streams":	[{
					"socket":	5,
					"start":	2.00095,
					"end":	3.00029,
					"seconds":	0.999336,
					"bytes":	9717528,
					"bits_per_second":	7.77919e+07,
					"omitted":	false
				}],
			"sum":	{
				"start":	2.00095,
				"end":	3.00029,
				"seconds":	0.999336,
				"bytes":	9717528,
				"bits_per_second":	7.77919e+07,
				"omitted":	false
			}
		}, {
			"streams":	[{
					"socket":	5,
					"start":	3.00029,
					"end":	4.00055,
					"seconds":	1.00026,
					"bytes":	10961360,
					"bits_per_second":	8.76679e+07,
					"omitted":	false
				}],
			"sum":	{
				"start":	3.00029,
				"end":	4.00055,
				"seconds":	1.00026,
				"bytes":	10961360,
				"bits_per_second":	8.76679e+07,
				"omitted":	false
			}
		}, {
			"streams":	[{
					"socket":	5,
					"start":	4.00055,
					"end":	5.00064,
					"seconds":	1.00009,
					"bytes":	12258768,
					"bits_per_second":	9.80615e+07,
					"omitted":	false
				}],
			"sum":	{
				"start":	4.00055,
				"end":	5.00064,
				"seconds":	1.00009,
				"bytes":	12258768,
				"bits_per_second":	9.80615e+07,
				"omitted":	false
			}
		}, {
			"streams":	[{
					"socket":	5,
					"start":	5.00064,
					"end":	6.00037,
					"seconds":	0.999734,
					"bytes":	12726472,
					"bits_per_second":	1.01839e+08,
					"omitted":	false
				}],
			"sum":	{
				"start":	5.00064,
				"end":	6.00037,
				"seconds":	0.999734,
				"bytes":	12726472,
				"bits_per_second":	1.01839e+08,
				"omitted":	false
			}
		}, {
			"streams":	[{
					"socket":	5,
					"start":	6.00037,
					"end":	7.00034,
					"seconds":	0.999969,
					"bytes":	13570656,
					"bits_per_second":	1.08569e+08,
					"omitted":	false
				}],
			"sum":	{
				"start":	6.00037,
				"end":	7.00034,
				"seconds":	0.999969,
				"bytes":	13570656,
				"bits_per_second":	1.08569e+08,
				"omitted":	false
			}
		}, {
			"streams":	[{
					"socket":	5,
					"start":	7.00034,
					"end":	8.0003,
					"seconds":	0.999957,
					"bytes":	15011416,
					"bits_per_second":	1.20097e+08,
					"omitted":	false
				}],
			"sum":	{
				"start":	7.00034,
				"end":	8.0003,
				"seconds":	0.999957,
				"bytes":	15011416,
				"bits_per_second":	1.20097e+08,
				"omitted":	false
			}
		}, {
			"streams":	[{
					"socket":	5,
					"start":	8.0003,
					"end":	9.00586,
					"seconds":	1.00557,
					"bytes":	14071664,
					"bits_per_second":	1.1195e+08,
					"omitted":	false
				}],
			"sum":	{
				"start":	8.0003,
				"end":	9.00586,
				"seconds":	1.00557,
				"bytes":	14071664,
				"bits_per_second":	1.1195e+08,
				"omitted":	false
			}
		}, {
			"streams":	[{
					"socket":	5,
					"start":	9.00586,
					"end":	10.0004,
					"seconds":	0.994574,
					"bytes":	18037736,
					"bits_per_second":	1.45089e+08,
					"omitted":	false
				}],
			"sum":	{
				"start":	9.00586,
				"end":	10.0004,
				"seconds":	0.994574,
				"bytes":	18037736,
				"bits_per_second":	1.45089e+08,
				"omitted":	false
			}
		}, {
			"streams":	[{
					"socket":	5,
					"start":	10.0004,
					"end":	11.0005,
					"seconds":	1.00004,
					"bytes":	15892600,
					"bits_per_second":	1.27135e+08,
					"omitted":	false
				}],
			"sum":	{
				"start":	10.0004,
				"end":	11.0005,
				"seconds":	1.00004,
				"bytes":	15892600,
				"bits_per_second":	1.27135e+08,
				"omitted":	false
			}
		}, {
			"streams":	[{
					"socket":	5,
					"start":	11.0005,
					"end":	12.001,
					"seconds":	1.00047,
					"bytes":	12582912,
					"bits_per_second":	1.00616e+08,
					"omitted":	false
				}],
			"sum":	{
				"start":	11.0005,
				"end":	12.001,
				"seconds":	1.00047,
				"bytes":	12582912,
				"bits_per_second":	1.00616e+08,
				"omitted":	false
			}
		}, {
			"streams":	[{
					"socket":	5,
					"start":	12.001,
					"end":	13.0002,
					"seconds":	0.999259,
					"bytes":	12451840,
					"bits_per_second":	9.96886e+07,
					"omitted":	false
				}],
			"sum":	{
				"start":	12.001,
				"end":	13.0002,
				"seconds":	0.999259,
				"bytes":	12451840,
				"bits_per_second":	9.96886e+07,
				"omitted":	false
			}
		}, {
			"streams":	[{
					"socket":	5,
					"start":	13.0002,
					"end":	14.0009,
					"seconds":	1.00066,
					"bytes":	12582912,
					"bits_per_second":	1.00597e+08,
					"omitted":	false
				}],
			"sum":	{
				"start":	13.0002,
				"end":	14.0009,
				"seconds":	1.00066,
				"bytes":	12582912,
				"bits_per_second":	1.00597e+08,
				"omitted":	false
			}
		}, {
			"streams":	[{
					"socket":	5,
					"start":	14.0009,
					"end":	15.0002,
					"seconds":	0.999348,
					"bytes":	12451840,
					"bits_per_second":	9.96797e+07,
					"omitted":	false
				}],
			"sum":	{
				"start":	14.0009,
				"end":	15.0002,
				"seconds":	0.999348,
				"bytes":	12451840,
				"bits_per_second":	9.96797e+07,
				"omitted":	false
			}
		}, {
			"streams":	[{
					"socket":	5,
					"start":	15.0002,
					"end":	16.0051,
					"seconds":	1.00484,
					"bytes":	12451840,
					"bits_per_second":	9.91347e+07,
					"omitted":	false
				}],
			"sum":	{
				"start":	15.0002,
				"end":	16.0051,
				"seconds":	1.00484,
				"bytes":	12451840,
				"bits_per_second":	9.91347e+07,
				"omitted":	false
			}
		}, {
			"streams":	[{
					"socket":	5,
					"start":	16.0051,
					"end":	17.0007,
					"seconds":	0.995683,
					"bytes":	12582912,
					"bits_per_second":	1.011e+08,
					"omitted":	false
				}],
			"sum":	{
				"start":	16.0051,
				"end":	17.0007,
				"seconds":	0.995683,
				"bytes":	12582912,
				"bits_per_second":	1.011e+08,
				"omitted":	false
			}
		}, {
			"streams":	[{
					"socket":	5,
					"start":	17.0007,
					"end":	18.0041,
					"seconds":	1.00336,
					"bytes":	12451840,
					"bits_per_second":	9.92812e+07,
					"omitted":	false
				}],
			"sum":	{
				"start":	17.0007,
				"end":	18.0041,
				"seconds":	1.00336,
				"bytes":	12451840,
				"bits_per_second":	9.92812e+07,
				"omitted":	false
			}
		}, {
			"streams":	[{
					"socket":	5,
					"start":	18.0041,
					"end":	19.0015,
					"seconds":	0.997355,
					"bytes":	12451840,
					"bits_per_second":	9.98789e+07,
					"omitted":	false
				}],
			"sum":	{
				"start":	18.0041,
				"end":	19.0015,
				"seconds":	0.997355,
				"bytes":	12451840,
				"bits_per_second":	9.98789e+07,
				"omitted":	false
			}
		}, {
			"streams":	[{
					"socket":	5,
					"start":	19.0015,
					"end":	20.0007,
					"seconds":	0.999241,
					"bytes":	12582912,
					"bits_per_second":	1.0074e+08,
					"omitted":	false
				}],
			"sum":	{
				"start":	19.0015,
				"end":	20.0007,
				"seconds":	0.999241,
				"bytes":	12582912,
				"bits_per_second":	1.0074e+08,
				"omitted":	false
			}
		}, {
			"streams":	[{
					"socket":	5,
					"start":	20.0007,
					"end":	21.0005,
					"seconds":	0.999827,
					"bytes":	12451840,
					"bits_per_second":	9.96319e+07,
					"omitted":	false
				}],
			"sum":	{
				"start":	20.0007,
				"end":	21.0005,
				"seconds":	0.999827,
				"bytes":	12451840,
				"bits_per_second":	9.96319e+07,
				"omitted":	false
			}
		}, {
			"streams":	[{
					"socket":	5,
					"start":	21.0005,
					"end":	22.0029,
					"seconds":	1.0024,
					"bytes":	12451840,
					"bits_per_second":	9.93761e+07,
					"omitted":	false
				}],
			"sum":	{
				"start":	21.0005,
				"end":	22.0029,
				"seconds":	1.0024,
				"bytes":	12451840,
				"bits_per_second":	9.93761e+07,
				"omitted":	false
			}
		}, {
			"streams":	[{
					"socket":	5,
					"start":	22.0029,
					"end":	23.0005,
					"seconds":	0.997538,
					"bytes":	12582912,
					"bits_per_second":	1.00912e+08,
					"omitted":	false
				}],
			"sum":	{
				"start":	22.0029,
				"end":	23.0005,
				"seconds":	0.997538,
				"bytes":	12582912,
				"bits_per_second":	1.00912e+08,
				"omitted":	false
			}
		}, {
			"streams":	[{
					"socket":	5,
					"start":	23.0005,
					"end":	24.0003,
					"seconds":	0.999858,
					"bytes":	12451840,
					"bits_per_second":	9.96289e+07,
					"omitted":	false
				}],
			"sum":	{
				"start":	23.0005,
				"end":	24.0003,
				"seconds":	0.999858,
				"bytes":	12451840,
				"bits_per_second":	9.96289e+07,
				"omitted":	false
			}
		}, {
			"streams":	[{
					"socket":	5,
					"start":	24.0003,
					"end":	25.0002,
					"seconds":	0.99988,
					"bytes":	12582912,
					"bits_per_second":	1.00675e+08,
					"omitted":	false
				}],
			"sum":	{
				"start":	24.0003,
				"end":	25.0002,
				"seconds":	0.99988,
				"bytes":	12582912,
				"bits_per_second":	1.00675e+08,
				"omitted":	false
			}
		}, {
			"streams":	[{
					"socket":	5,
					"start":	25.0002,
					"end":	26.0007,
					"seconds":	1.0005,
					"bytes":	12451840,
					"bits_per_second":	9.95649e+07,
					"omitted":	false
				}],
			"sum":	{
				"start":	25.0002,
				"end":	26.0007,
				"seconds":	1.0005,
				"bytes":	12451840,
				"bits_per_second":	9.95649e+07,
				"omitted":	false
			}
		}, {
			"streams":	[{
					"socket":	5,
					"start":	26.0007,
					"end":	27.003,
					"seconds":	1.00231,
					"bytes":	12451840,
					"bits_per_second":	9.9385e+07,
					"omitted":	false
				}],
			"sum":	{
				"start":	26.0007,
				"end":	27.003,
				"seconds":	1.00231,
				"bytes":	12451840,
				"bits_per_second":	9.9385e+07,
				"omitted":	false
			}
		}, {
			"streams":	[{
					"socket":	5,
					"start":	27.003,
					"end":	28.0023,
					"seconds":	0.999318,
					"bytes":	12582912,
					"bits_per_second":	1.00732e+08,
					"omitted":	false
				}],
			"sum":	{
				"start":	27.003,
				"end":	28.0023,
				"seconds":	0.999318,
				"bytes":	12582912,
				"bits_per_second":	1.00732e+08,
				"omitted":	false
			}
		}, {
			"streams":	[{
					"socket":	5,
					"start":	28.0023,
					"end":	29.0006,
					"seconds":	0.998241,
					"bytes":	12451840,
					"bits_per_second":	9.97903e+07,
					"omitted":	false
				}],
			"sum":	{
				"start":	28.0023,
				"end":	29.0006,
				"seconds":	0.998241,
				"bytes":	12451840,
				"bits_per_second":	9.97903e+07,
				"omitted":	false
			}
		}, {
			"streams":	[{
					"socket":	5,
					"start":	29.0006,
					"end":	30.0012,
					"seconds":	1.00061,
					"bytes":	12451840,
					"bits_per_second":	9.95537e+07,
					"omitted":	false
				}],
			"sum":	{
				"start":	29.0006,
				"end":	30.0012,
				"seconds":	1.00061,
				"bytes":	12451840,
				"bits_per_second":	9.95537e+07,
				"omitted":	false
			}
		}, {
			"streams":	[{
					"socket":	5,
					"start":	30.0012,
					"end":	31.0006,
					"seconds":	0.999458,
					"bytes":	12582912,
					"bits_per_second":	1.00718e+08,
					"omitted":	false
				}],
			"sum":	{
				"start":	30.0012,
				"end":	31.0006,
				"seconds":	0.999458,
				"bytes":	12582912,
				"bits_per_second":	1.00718e+08,
				"omitted":	false
			}
		}, {
			"streams":	[{
					"socket":	5,
					"start":	31.0006,
					"end":	32.0075,
					"seconds":	1.00686,
					"bytes":	12451840,
					"bits_per_second":	9.89365e+07,
					"omitted":	false
				}],
			"sum":	{
				"start":	31.0006,
				"end":	32.0075,
				"seconds":	1.00686,
				"bytes":	12451840,
				"bits_per_second":	9.89365e+07,
				"omitted":	false
			}
		}, {
			"streams":	[{
					"socket":	5,
					"start":	32.0075,
					"end":	33.0009,
					"seconds":	0.993432,
					"bytes":	12582912,
					"bits_per_second":	1.01329e+08,
					"omitted":	false
				}],
			"sum":	{
				"start":	32.0075,
				"end":	33.0009,
				"seconds":	0.993432,
				"bytes":	12582912,
				"bits_per_second":	1.01329e+08,
				"omitted":	false
			}
		}, {
			"streams":	[{
					"socket":	5,
					"start":	33.0009,
					"end":	34.0033,
					"seconds":	1.0024,
					"bytes":	12451840,
					"bits_per_second":	9.93764e+07,
					"omitted":	false
				}],
			"sum":	{
				"start":	33.0009,
				"end":	34.0033,
				"seconds":	1.0024,
				"bytes":	12451840,
				"bits_per_second":	9.93764e+07,
				"omitted":	false
			}
		}, {
			"streams":	[{
					"socket":	5,
					"start":	34.0033,
					"end":	35.0051,
					"seconds":	1.00177,
					"bytes":	12451840,
					"bits_per_second":	9.94392e+07,
					"omitted":	false
				}],
			"sum":	{
				"start":	34.0033,
				"end":	35.0051,
				"seconds":	1.00177,
				"bytes":	12451840,
				"bits_per_second":	9.94392e+07,
				"omitted":	false
			}
		}, {
			"streams":	[{
					"socket":	5,
					"start":	35.0051,
					"end":	36.0041,
					"seconds":	0.999016,
					"bytes":	12582912,
					"bits_per_second":	1.00762e+08,
					"omitted":	false
				}],
			"sum":	{
				"start":	35.0051,
				"end":	36.0041,
				"seconds":	0.999016,
				"bytes":	12582912,
				"bits_per_second":	1.00762e+08,
				"omitted":	false
			}
		}, {
			"streams":	[{
					"socket":	5,
					"start":	36.0041,
					"end":	37.0151,
					"seconds":	1.01095,
					"bytes":	12451840,
					"bits_per_second":	9.85353e+07,
					"omitted":	false
				}],
			"sum":	{
				"start":	36.0041,
				"end":	37.0151,
				"seconds":	1.01095,
				"bytes":	12451840,
				"bits_per_second":	9.85353e+07,
				"omitted":	false
			}
		}, {
			"streams":	[{
					"socket":	5,
					"start":	37.0151,
					"end":	38.0007,
					"seconds":	0.985604,
					"bytes":	12582912,
					"bits_per_second":	1.02134e+08,
					"omitted":	false
				}],
			"sum":	{
				"start":	37.0151,
				"end":	38.0007,
				"seconds":	0.985604,
				"bytes":	12582912,
				"bits_per_second":	1.02134e+08,
				"omitted":	false
			}
		}, {
			"streams":	[{
					"socket":	5,
					"start":	38.0007,
					"end":	39.0007,
					"seconds":	1.00002,
					"bytes":	12451840,
					"bits_per_second":	9.9613e+07,
					"omitted":	false
				}],
			"sum":	{
				"start":	38.0007,
				"end":	39.0007,
				"seconds":	1.00002,
				"bytes":	12451840,
				"bits_per_second":	9.9613e+07,
				"omitted":	false
			}
		}, {
			"streams":	[{
					"socket":	5,
					"start":	39.0007,
					"end":	40.0005,
					"seconds":	0.99978,
					"bytes":	12451840,
					"bits_per_second":	9.96366e+07,
					"omitted":	false
				}],
			"sum":	{
				"start":	39.0007,
				"end":	40.0005,
				"seconds":	0.99978,
				"bytes":	12451840,
				"bits_per_second":	9.96366e+07,
				"omitted":	false
			}
		}, {
			"streams":	[{
					"socket":	5,
					"start":	40.0005,
					"end":	41.0045,
					"seconds":	1.00404,
					"bytes":	12497256,
					"bits_per_second":	9.95758e+07,
					"omitted":	false
				}],
			"sum":	{
				"start":	40.0005,
				"end":	41.0045,
				"seconds":	1.00404,
				"bytes":	12497256,
				"bits_per_second":	9.95758e+07,
				"omitted":	false
			}
		}, {
			"streams":	[{
					"socket":	5,
					"start":	41.0045,
					"end":	42.0039,
					"seconds":	0.999383,
					"bytes":	12537496,
					"bits_per_second":	1.00362e+08,
					"omitted":	false
				}],
			"sum":	{
				"start":	41.0045,
				"end":	42.0039,
				"seconds":	0.999383,
				"bytes":	12537496,
				"bits_per_second":	1.00362e+08,
				"omitted":	false
			}
		}, {
			"streams":	[{
					"socket":	5,
					"start":	42.0039,
					"end":	43.0031,
					"seconds":	0.999228,
					"bytes":	12451840,
					"bits_per_second":	9.96917e+07,
					"omitted":	false
				}],
			"sum":	{
				"start":	42.0039,
				"end":	43.0031,
				"seconds":	0.999228,
				"bytes":	12451840,
				"bits_per_second":	9.96917e+07,
				"omitted":	false
			}
		}, {
			"streams":	[{
					"socket":	5,
					"start":	43.0031,
					"end":	44.0023,
					"seconds":	0.999184,
					"bytes":	11419888,
					"bits_per_second":	9.14337e+07,
					"omitted":	false
				}],
			"sum":	{
				"start":	43.0031,
				"end":	44.0023,
				"seconds":	0.999184,
				"bytes":	11419888,
				"bits_per_second":	9.14337e+07,
				"omitted":	false
			}
		}, {
			"streams":	[{
					"socket":	5,
					"start":	44.0023,
					"end":	45.0002,
					"seconds":	0.997906,
					"bytes":	13531408,
					"bits_per_second":	1.08478e+08,
					"omitted":	false
				}],
			"sum":	{
				"start":	44.0023,
				"end":	45.0002,
				"seconds":	0.997906,
				"bytes":	13531408,
				"bits_per_second":	1.08478e+08,
				"omitted":	false
			}
		}, {
			"streams":	[{
					"socket":	5,
					"start":	45.0002,
					"end":	46.0007,
					"seconds":	1.00047,
					"bytes":	12666368,
					"bits_per_second":	1.01284e+08,
					"omitted":	false
				}],
			"sum":	{
				"start":	45.0002,
				"end":	46.0007,
				"seconds":	1.00047,
				"bytes":	12666368,
				"bits_per_second":	1.01284e+08,
				"omitted":	false
			}
		}, {
			"streams":	[{
					"socket":	5,
					"start":	46.0007,
					"end":	47.0006,
					"seconds":	0.999963,
					"bytes":	12451840,
					"bits_per_second":	9.96184e+07,
					"omitted":	false
				}],
			"sum":	{
				"start":	46.0007,
				"end":	47.0006,
				"seconds":	0.999963,
				"bytes":	12451840,
				"bits_per_second":	9.96184e+07,
				"omitted":	false
			}
		}, {
			"streams":	[{
					"socket":	5,
					"start":	47.0006,
					"end":	48.0017,
					"seconds":	1.00104,
					"bytes":	12451840,
					"bits_per_second":	9.95109e+07,
					"omitted":	false
				}],
			"sum":	{
				"start":	47.0006,
				"end":	48.0017,
				"seconds":	1.00104,
				"bytes":	12451840,
				"bits_per_second":	9.95109e+07,
				"omitted":	false
			}
		}, {
			"streams":	[{
					"socket":	5,
					"start":	48.0017,
					"end":	49.0037,
					"seconds":	1.00205,
					"bytes":	12819464,
					"bits_per_second":	1.02346e+08,
					"omitted":	false
				}],
			"sum":	{
				"start":	48.0017,
				"end":	49.0037,
				"seconds":	1.00205,
				"bytes":	12819464,
				"bits_per_second":	1.02346e+08,
				"omitted":	false
			}
		}, {
			"streams":	[{
					"socket":	5,
					"start":	49.0037,
					"end":	50.0204,
					"seconds":	1.01665,
					"bytes":	11727840,
					"bits_per_second":	9.22858e+07,
					"omitted":	false
				}],
			"sum":	{
				"start":	49.0037,
				"end":	50.0204,
				"seconds":	1.01665,
				"bytes":	11727840,
				"bits_per_second":	9.22858e+07,
				"omitted":	false
			}
		}, {
			"streams":	[{
					"socket":	5,
					"start":	50.0204,
					"end":	51.0601,
					"seconds":	1.03974,
					"bytes":	11796088,
					"bits_per_second":	9.07615e+07,
					"omitted":	false
				}],
			"sum":	{
				"start":	50.0204,
				"end":	51.0601,
				"seconds":	1.03974,
				"bytes":	11796088,
				"bits_per_second":	9.07615e+07,
				"omitted":	false
			}
		}, {
			"streams":	[{
					"socket":	5,
					"start":	51.0601,
					"end":	52.002,
					"seconds":	0.941832,
					"bytes":	12025680,
					"bits_per_second":	1.02147e+08,
					"omitted":	false
				}],
			"sum":	{
				"start":	51.0601,
				"end":	52.002,
				"seconds":	0.941832,
				"bytes":	12025680,
				"bits_per_second":	1.02147e+08,
				"omitted":	false
			}
		}, {
			"streams":	[{
					"socket":	5,
					"start":	52.002,
					"end":	53.0162,
					"seconds":	1.01429,
					"bytes":	9201344,
					"bits_per_second":	7.25738e+07,
					"omitted":	false
				}],
			"sum":	{
				"start":	52.002,
				"end":	53.0162,
				"seconds":	1.01429,
				"bytes":	9201344,
				"bits_per_second":	7.25738e+07,
				"omitted":	false
			}
		}, {
			"streams":	[{
					"socket":	5,
					"start":	53.0162,
					"end":	54.0007,
					"seconds":	0.984446,
					"bytes":	7402872,
					"bits_per_second":	6.01587e+07,
					"omitted":	false
				}],
			"sum":	{
				"start":	53.0162,
				"end":	54.0007,
				"seconds":	0.984446,
				"bytes":	7402872,
				"bits_per_second":	6.01587e+07,
				"omitted":	false
			}
		}, {
			"streams":	[{
					"socket":	5,
					"start":	54.0007,
					"end":	55.0107,
					"seconds":	1.01001,
					"bytes":	7648336,
					"bits_per_second":	6.05804e+07,
					"omitted":	false
				}],
			"sum":	{
				"start":	54.0007,
				"end":	55.0107,
				"seconds":	1.01001,
				"bytes":	7648336,
				"bits_per_second":	6.05804e+07,
				"omitted":	false
			}
		}, {
			"streams":	[{
					"socket":	5,
					"start":	55.0107,
					"end":	55.1695,
					"seconds":	0.158761,
					"bytes":	1335056,
					"bits_per_second":	6.72737e+07,
					"omitted":	false
				}],
			"sum":	{
				"start":	55.0107,
				"end":	55.1695,
				"seconds":	0.158761,
				"bytes":	1335056,
				"bits_per_second":	6.72737e+07,
				"omitted":	false
			}
		}],
	"end":	{
		"streams":	[{
				"sender":	{
					"socket":	5,
					"start":	0,
					"end":	55.1695,
					"seconds":	55.1695,
					"bytes":	676431376,
					"bits_per_second":	9.80878e+07,
					"retransmits":	100
				},
				"receiver":	{
					"socket":	5,
					"start":	0,
					"end":	55.1695,
					"seconds":	55.1695,
					"bytes":	672793432,
					"bits_per_second":	9.75603e+07
				}
			}],
		"sum_sent":	{
			"start":	0,
			"end":	55.1695,
			"seconds":	55.1695,
			"bytes":	676431376,
			"bits_per_second":	9.80878e+07,
			"retransmits":	100
		},
		"sum_received":	{
			"start":	0,
			"end":	55.1695,
			"seconds":	55.1695,
			"bytes":	672793432,
			"bits_per_second":	9.75603e+07
		},
		"cpu_utilization_percent":	{
			"host_total":	5.99547,
			"host_user":	0.421656,
			"host_system":	5.57382,
			"remote_total":	2.61015,
			"remote_user":	0.0854285,
			"remote_system":	2.52472
		}
	}
}
