{
	"start":	{
		"connected":	[{
				"socket":	5,
				"local_host":	"10.0.0.15",
				"local_port":	2779,
				"remote_host":	"10.0.0.4",
				"remote_port":	49892
			}],
		"version":	"iperf 3.0.7",
		"system_info":	"Linux CS1 5.4.197-0504197-generic #202206060747 SMP Mon Jun 6 09:27:47 UTC 2022 x86_64 x86_64 x86_64 GNU/Linux\n",
		"timestamp":	{
			"time":	"Mon, 25 Jul 2022 21:49:23 GMT",
			"timesecs":	1658785763
		},
		"accepted_connection":	{
			"host":	"10.0.0.4",
			"port":	49890
		},
		"cookie":	"BS4.1658785763.636023.7fa1b60d734890",
		"tcp_mss_default":	1448,
		"test_start":	{
			"protocol":	"TCP",
			"num_streams":	1,
			"blksize":	131072,
			"omit":	0,
			"duration":	11,
			"bytes":	0,
			"blocks":	0,
			"reverse":	0
		}
	},
	"intervals":	[{
			"streams":	[{
					"socket":	5,
					"start":	0,
					"end":	1.00037,
					"seconds":	1.00037,
					"bytes":	5735952,
					"bits_per_second":	4.58705e+07,
					"omitted":	false
				}],
			"sum":	{
				"start":	0,
				"end":	1.00037,
				"seconds":	1.00037,
				"bytes":	5735952,
				"bits_per_second":	4.58705e+07,
				"omitted":	false
			}
		}, {
			"streams":	[{
					"socket":	5,
					"start":	1.00037,
					"end":	2.00031,
					"seconds":	0.999932,
					"bytes":	6291456,
					"bits_per_second":	5.03351e+07,
					"omitted":	false
				}],
			"sum":	{
				"start":	1.00037,
				"end":	2.00031,
				"seconds":	0.999932,
				"bytes":	6291456,
				"bits_per_second":	5.03351e+07,
				"omitted":	false
			}
		}, {
			"streams":	[{
					"socket":	5,
					"start":	2.00031,
					"end":	3.00479,
					"seconds":	1.00448,
					"bytes":	6160384,
					"bits_per_second":	4.90631e+07,
					"omitted":	false
				}],
			"sum":	{
				"start":	2.00031,
				"end":	3.00479,
				"seconds":	1.00448,
				"bytes":	6160384,
				"bits_per_second":	4.90631e+07,
				"omitted":	false
			}
		}, {
			"streams":	[{
					"socket":	5,
					"start":	3.00479,
					"end":	4.00039,
					"seconds":	0.995605,
					"bytes":	6291456,
					"bits_per_second":	5.05538e+07,
					"omitted":	false
				}],
			"sum":	{
				"start":	3.00479,
				"end":	4.00039,
				"seconds":	0.995605,
				"bytes":	6291456,
				"bits_per_second":	5.05538e+07,
				"omitted":	false
			}
		}, {
			"streams":	[{
					"socket":	5,
					"start":	4.00039,
					"end":	5.00044,
					"seconds":	1.00005,
					"bytes":	6160384,
					"bits_per_second":	4.92808e+07,
					"omitted":	false
				}],
			"sum":	{
				"start":	4.00039,
				"end":	5.00044,
				"seconds":	1.00005,
				"bytes":	6160384,
				"bits_per_second":	4.92808e+07,
				"omitted":	false
			}
		}, {
			"streams":	[{
					"socket":	5,
					"start":	5.00044,
					"end":	6.00102,
					"seconds":	1.00058,
					"bytes":	6291344,
					"bits_per_second":	5.03015e+07,
					"omitted":	false
				}],
			"sum":	{
				"start":	5.00044,
				"end":	6.00102,
				"seconds":	1.00058,
				"bytes":	6291344,
				"bits_per_second":	5.03015e+07,
				"omitted":	false
			}
		}, {
			"streams":	[{
					"socket":	5,
					"start":	6.00102,
					"end":	7.00316,
					"seconds":	1.00214,
					"bytes":	6291456,
					"bits_per_second":	5.02244e+07,
					"omitted":	false
				}],
			"sum":	{
				"start":	6.00102,
				"end":	7.00316,
				"seconds":	1.00214,
				"bytes":	6291456,
				"bits_per_second":	5.02244e+07,
				"omitted":	false
			}
		}, {
			"streams":	[{
					"socket":	5,
					"start":	7.00316,
					"end":	8.00062,
					"seconds":	0.997463,
					"bytes":	6160496,
					"bits_per_second":	4.94093e+07,
					"omitted":	false
				}],
			"sum":	{
				"start":	7.00316,
				"end":	8.00062,
				"seconds":	0.997463,
				"bytes":	6160496,
				"bits_per_second":	4.94093e+07,
				"omitted":	false
			}
		}, {
			"streams":	[{
					"socket":	5,
					"start":	8.00062,
					"end":	9.00026,
					"seconds":	0.999643,
					"bytes":	6291456,
					"bits_per_second":	5.03496e+07,
					"omitted":	false
				}],
			"sum":	{
				"start":	8.00062,
				"end":	9.00026,
				"seconds":	0.999643,
				"bytes":	6291456,
				"bits_per_second":	5.03496e+07,
				"omitted":	false
			}
		}, {
			"streams":	[{
					"socket":	5,
					"start":	9.00026,
					"end":	10.0005,
					"seconds":	1.00025,
					"bytes":	6291456,
					"bits_per_second":	5.03189e+07,
					"omitted":	false
				}],
			"sum":	{
				"start":	9.00026,
				"end":	10.0005,
				"seconds":	1.00025,
				"bytes":	6291456,
				"bits_per_second":	5.03189e+07,
				"omitted":	false
			}
		}, {
			"streams":	[{
					"socket":	5,
					"start":	10.0005,
					"end":	11.0008,
					"seconds":	1.00031,
					"bytes":	6291456,
					"bits_per_second":	5.03162e+07,
					"omitted":	false
				}],
			"sum":	{
				"start":	10.0005,
				"end":	11.0008,
				"seconds":	1.00031,
				"bytes":	6291456,
				"bits_per_second":	5.03162e+07,
				"omitted":	false
			}
		}, {
			"streams":	[{
					"socket":	5,
					"start":	11.0008,
					"end":	11.0286,
					"seconds":	0.0277889,
					"bytes":	0,
					"bits_per_second":	0,
					"omitted":	false
				}],
			"sum":	{
				"start":	11.0008,
				"end":	11.0286,
				"seconds":	0.0277889,
				"bytes":	0,
				"bits_per_second":	0,
				"omitted":	false
			}
		}],
	"end":	{
		"streams":	[{
				"sender":	{
					"socket":	5,
					"start":	0,
					"end":	11.0286,
					"seconds":	11.0286,
					"bytes":	68257296,
					"bits_per_second":	4.95129e+07,
					"retransmits":	13
				},
				"receiver":	{
					"socket":	5,
					"start":	0,
					"end":	11.0286,
					"seconds":	11.0286,
					"bytes":	68257296,
					"bits_per_second":	4.95129e+07
				}
			}],
		"sum_sent":	{
			"start":	0,
			"end":	11.0286,
			"seconds":	11.0286,
			"bytes":	68257296,
			"bits_per_second":	4.95129e+07,
			"retransmits":	13
		},
		"sum_received":	{
			"start":	0,
			"end":	11.0286,
			"seconds":	11.0286,
			"bytes":	68257296,
			"bits_per_second":	4.95129e+07
		},
		"cpu_utilization_percent":	{
			"host_total":	3.48586,
			"host_user":	0.411831,
			"host_system":	3.07403,
			"remote_total":	1.4957,
			"remote_user":	0.351547,
			"remote_system":	1.14411
		}
	}
}
