{
	"start":	{
		"connected":	[{
				"socket":	5,
				"local_host":	"10.0.0.11",
				"local_port":	2918,
				"remote_host":	"10.0.0.5",
				"remote_port":	56020
			}],
		"version":	"iperf 3.7",
		"system_info":	"Linux H11 5.4.197-0504197-generic #202206060747 SMP Mon Jun 6 09:27:47 UTC 2022 x86_64",
		"target_bitrate":	15000000,
		"sock_bufsize":	0,
		"sndbuf_actual":	87380,
		"rcvbuf_actual":	87380,
		"timestamp":	{
			"time":	"Mon, 01 Aug 2022 00:26:32 GMT",
			"timesecs":	1659313592
		},
		"accepted_connection":	{
			"host":	"10.0.0.5",
			"port":	56018
		},
		"cookie":	"jhkbsfbn2hhnkucxoqyhlsw6sluh3rkhfm47",
		"tcp_mss_default":	0,
		"target_bitrate":	15000000,
		"test_start":	{
			"protocol":	"TCP",
			"num_streams":	1,
			"blksize":	131072,
			"omit":	0,
			"duration":	5,
			"bytes":	0,
			"blocks":	0,
			"reverse":	0,
			"tos":	0
		}
	},
	"intervals":	[{
			"streams":	[{
					"socket":	5,
					"start":	0,
					"end":	1.000159,
					"seconds":	1.0001590251922607,
					"bytes":	1966080,
					"bits_per_second":	15726139.147698518,
					"omitted":	false,
					"sender":	false
				}],
			"sum":	{
				"start":	0,
				"end":	1.000159,
				"seconds":	1.0001590251922607,
				"bytes":	1966080,
				"bits_per_second":	15726139.147698518,
				"omitted":	false,
				"sender":	false
			}
		}, {
			"streams":	[{
					"socket":	5,
					"start":	1.000159,
					"end":	2.000921,
					"seconds":	1.0007619857788086,
					"bytes":	1835008,
					"bits_per_second":	14668886.517083026,
					"omitted":	false,
					"sender":	false
				}],
			"sum":	{
				"start":	1.000159,
				"end":	2.000921,
				"seconds":	1.0007619857788086,
				"bytes":	1835008,
				"bits_per_second":	14668886.517083026,
				"omitted":	false,
				"sender":	false
			}
		}, {
			"streams":	[{
					"socket":	5,
					"start":	2.000921,
					"end":	3.000559,
					"seconds":	0.999638020992279,
					"bytes":	1835008,
					"bits_per_second":	14685379.799207723,
					"omitted":	false,
					"sender":	false
				}],
			"sum":	{
				"start":	2.000921,
				"end":	3.000559,
				"seconds":	0.999638020992279,
				"bytes":	1835008,
				"bits_per_second":	14685379.799207723,
				"omitted":	false,
				"sender":	false
			}
		}, {
			"streams":	[{
					"socket":	5,
					"start":	3.000559,
					"end":	4.000303,
					"seconds":	0.9997439980506897,
					"bytes":	1966080,
					"bits_per_second":	15732667.593571806,
					"omitted":	false,
					"sender":	false
				}],
			"sum":	{
				"start":	3.000559,
				"end":	4.000303,
				"seconds":	0.9997439980506897,
				"bytes":	1966080,
				"bits_per_second":	15732667.593571806,
				"omitted":	false,
				"sender":	false
			}
		}, {
			"streams":	[{
					"socket":	5,
					"start":	4.000303,
					"end":	5.00098,
					"seconds":	1.0006769895553589,
					"bytes":	1835008,
					"bits_per_second":	14670132.473539682,
					"omitted":	false,
					"sender":	false
				}],
			"sum":	{
				"start":	4.000303,
				"end":	5.00098,
				"seconds":	1.0006769895553589,
				"bytes":	1835008,
				"bits_per_second":	14670132.473539682,
				"omitted":	false,
				"sender":	false
			}
		}],
	"end":	{
		"streams":	[{
				"sender":	{
					"socket":	5,
					"start":	0,
					"end":	5.00134,
					"seconds":	5.00134,
					"bytes":	0,
					"bits_per_second":	0,
					"sender":	false
				},
				"receiver":	{
					"socket":	5,
					"start":	0,
					"end":	5.00134,
					"seconds":	5.00134,
					"bytes":	9437184,
					"bits_per_second":	15095448.819716316,
					"sender":	false
				}
			}],
		"sum_sent":	{
			"start":	0,
			"end":	5.00134,
			"seconds":	5.00134,
			"bytes":	0,
			"bits_per_second":	0,
			"sender":	false
		},
		"sum_received":	{
			"start":	0,
			"end":	5.00134,
			"seconds":	5.00134,
			"bytes":	9437184,
			"bits_per_second":	15095448.819716316,
			"sender":	false
		},
		"cpu_utilization_percent":	{
			"host_total":	2.1110780904495132,
			"host_user":	2.111137966733136,
			"host_system":	0,
			"remote_total":	0,
			"remote_user":	0,
			"remote_system":	0
		},
		"receiver_tcp_congestion":	"cubic"
	}
}
