{
	"start":	{
		"connected":	[{
				"socket":	5,
				"local_host":	"10.0.0.13",
				"local_port":	4022,
				"remote_host":	"10.0.0.4",
				"remote_port":	57071
			}],
		"version":	"iperf 3.0.7",
		"system_info":	"Linux MECS6 5.4.197-0504197-generic #202206060747 SMP Mon Jun 6 09:27:47 UTC 2022 x86_64 x86_64 x86_64 GNU/Linux\n",
		"timestamp":	{
			"time":	"Mon, 25 Jul 2022 21:42:41 GMT",
			"timesecs":	1658785361
		},
		"accepted_connection":	{
			"host":	"10.0.0.4",
			"port":	55924
		},
		"cookie":	"BS4.1658785361.207778.16e0b9c33015be",
		"test_start":	{
			"protocol":	"UDP",
			"num_streams":	1,
			"blksize":	8192,
			"omit":	0,
			"duration":	9,
			"bytes":	0,
			"blocks":	0,
			"reverse":	0
		}
	},
	"intervals":	[{
			"streams":	[{
					"socket":	5,
					"start":	0,
					"end":	1.00075,
					"seconds":	1.00075,
					"bytes":	5652480,
					"bits_per_second":	4.51861e+07,
					"jitter_ms":	0.38353,
					"lost_packets":	0,
					"packets":	690,
					"lost_percent":	0,
					"omitted":	false
				}],
			"sum":	{
				"start":	0,
				"end":	1.00075,
				"seconds":	1.00075,
				"bytes":	5652480,
				"bits_per_second":	4.51861e+07,
				"jitter_ms":	0.38353,
				"lost_packets":	0,
				"packets":	690,
				"lost_percent":	0,
				"omitted":	false
			}
		}, {
			"streams":	[{
					"socket":	5,
					"start":	1.00075,
					"end":	2.00231,
					"seconds":	1.00156,
					"bytes":	6258688,
					"bits_per_second":	4.99916e+07,
					"jitter_ms":	0.477957,
					"lost_packets":	0,
					"packets":	764,
					"lost_percent":	0,
					"omitted":	false
				}],
			"sum":	{
				"start":	1.00075,
				"end":	2.00231,
				"seconds":	1.00156,
				"bytes":	6258688,
				"bits_per_second":	4.99916e+07,
				"jitter_ms":	0.477957,
				"lost_packets":	0,
				"packets":	764,
				"lost_percent":	0,
				"omitted":	false
			}
		}, {
			"streams":	[{
					"socket":	5,
					"start":	2.00231,
					"end":	3.0003,
					"seconds":	0.997995,
					"bytes":	6160384,
					"bits_per_second":	4.93821e+07,
					"jitter_ms":	0.655411,
					"lost_packets":	30,
					"packets":	765,
					"lost_percent":	3.92157,
					"omitted":	false
				}],
			"sum":	{
				"start":	2.00231,
				"end":	3.0003,
				"seconds":	0.997995,
				"bytes":	6160384,
				"bits_per_second":	4.93821e+07,
				"jitter_ms":	0.655411,
				"lost_packets":	30,
				"packets":	765,
				"lost_percent":	3.92157,
				"omitted":	false
			}
		}, {
			"streams":	[{
					"socket":	5,
					"start":	3.0003,
					"end":	4.00011,
					"seconds":	0.999807,
					"bytes":	6242304,
					"bits_per_second":	4.99481e+07,
					"jitter_ms":	0.526425,
					"lost_packets":	3,
					"packets":	762,
					"lost_percent":	0.393701,
					"omitted":	false
				}],
			"sum":	{
				"start":	3.0003,
				"end":	4.00011,
				"seconds":	0.999807,
				"bytes":	6242304,
				"bits_per_second":	4.99481e+07,
				"jitter_ms":	0.526425,
				"lost_packets":	3,
				"packets":	762,
				"lost_percent":	0.393701,
				"omitted":	false
			}
		}, {
			"streams":	[{
					"socket":	5,
					"start":	4.00011,
					"end":	5.00035,
					"seconds":	1.00025,
					"bytes":	6291456,
					"bits_per_second":	5.03192e+07,
					"jitter_ms":	0.238637,
					"lost_packets":	4,
					"packets":	768,
					"lost_percent":	0.520833,
					"omitted":	false
				}],
			"sum":	{
				"start":	4.00011,
				"end":	5.00035,
				"seconds":	1.00025,
				"bytes":	6291456,
				"bits_per_second":	5.03192e+07,
				"jitter_ms":	0.238637,
				"lost_packets":	4,
				"packets":	768,
				"lost_percent":	0.520833,
				"omitted":	false
			}
		}, {
			"streams":	[{
					"socket":	5,
					"start":	5.00035,
					"end":	6.00059,
					"seconds":	1.00023,
					"bytes":	6193152,
					"bits_per_second":	4.95337e+07,
					"jitter_ms":	0.666711,
					"lost_packets":	33,
					"packets":	780,
					"lost_percent":	4.23077,
					"omitted":	false
				}],
			"sum":	{
				"start":	5.00035,
				"end":	6.00059,
				"seconds":	1.00023,
				"bytes":	6193152,
				"bits_per_second":	4.95337e+07,
				"jitter_ms":	0.666711,
				"lost_packets":	33,
				"packets":	780,
				"lost_percent":	4.23077,
				"omitted":	false
			}
		}, {
			"streams":	[{
					"socket":	5,
					"start":	6.00059,
					"end":	7.00015,
					"seconds":	0.999559,
					"bytes":	6144000,
					"bits_per_second":	4.91737e+07,
					"jitter_ms":	0.847706,
					"lost_packets":	7,
					"packets":	750,
					"lost_percent":	0.933333,
					"omitted":	false
				}],
			"sum":	{
				"start":	6.00059,
				"end":	7.00015,
				"seconds":	0.999559,
				"bytes":	6144000,
				"bits_per_second":	4.91737e+07,
				"jitter_ms":	0.847706,
				"lost_packets":	7,
				"packets":	750,
				"lost_percent":	0.933333,
				"omitted":	false
			}
		}, {
			"streams":	[{
					"socket":	5,
					"start":	7.00015,
					"end":	8.00367,
					"seconds":	1.00353,
					"bytes":	6037504,
					"bits_per_second":	4.81302e+07,
					"jitter_ms":	0.467599,
					"lost_packets":	59,
					"packets":	751,
					"lost_percent":	7.85619,
					"omitted":	false
				}],
			"sum":	{
				"start":	7.00015,
				"end":	8.00367,
				"seconds":	1.00353,
				"bytes":	6037504,
				"bits_per_second":	4.81302e+07,
				"jitter_ms":	0.467599,
				"lost_packets":	59,
				"packets":	751,
				"lost_percent":	7.85619,
				"omitted":	false
			}
		}, {
			"streams":	[{
					"socket":	5,
					"start":	8.00367,
					"end":	9.00038,
					"seconds":	0.99671,
					"bytes":	6258688,
					"bits_per_second":	5.02348e+07,
					"jitter_ms":	0.655992,
					"lost_packets":	18,
					"packets":	776,
					"lost_percent":	2.31959,
					"omitted":	false
				}],
			"sum":	{
				"start":	8.00367,
				"end":	9.00038,
				"seconds":	0.99671,
				"bytes":	6258688,
				"bits_per_second":	5.02348e+07,
				"jitter_ms":	0.655992,
				"lost_packets":	18,
				"packets":	776,
				"lost_percent":	2.31959,
				"omitted":	false
			}
		}, {
			"streams":	[{
					"socket":	5,
					"start":	9.00038,
					"end":	9.0083,
					"seconds":	0.00791097,
					"bytes":	0,
					"bits_per_second":	0,
					"jitter_ms":	0.655992,
					"lost_packets":	0,
					"packets":	0,
					"lost_percent":	-nan,
					"omitted":	false
				}],
			"sum":	{
				"start":	9.00038,
				"end":	9.0083,
				"seconds":	0.00791097,
				"bytes":	0,
				"bits_per_second":	0,
				"jitter_ms":	0.655992,
				"lost_packets":	0,
				"packets":	0,
				"lost_percent":	-nan,
				"omitted":	false
			}
		}],
	"end":	{
		"streams":	[{
				"udp":	{
					"socket":	5,
					"start":	0,
					"end":	9.0083,
					"seconds":	9.0083,
					"bytes":	55754752,
					"bits_per_second":	4.95141e+07,
					"jitter_ms":	0.655992,
					"lost_packets":	154,
					"packets":	6806,
					"lost_percent":	2.26271
				}
			}],
		"sum":	{
			"start":	0,
			"end":	9.0083,
			"seconds":	9.0083,
			"bytes":	55754752,
			"bits_per_second":	4.95141e+07,
			"jitter_ms":	0.655992,
			"lost_packets":	154,
			"packets":	6806,
			"lost_percent":	2.26271
		},
		"cpu_utilization_percent":	{
			"host_total":	5.45763,
			"host_user":	1.01029,
			"host_system":	4.44736,
			"remote_total":	9.94481,
			"remote_user":	0.460995,
			"remote_system":	9.48384
		}
	},
	"error":	"OUT OF ORDER - incoming packet = 1483 and received packet = 1484 AND SP = 5",
	"error":	"OUT OF ORDER - incoming packet = 1556 and received packet = 1557 AND SP = 5",
	"error":	"OUT OF ORDER - incoming packet = 1572 and received packet = 1573 AND SP = 5",
	"error":	"OUT OF ORDER - incoming packet = 1589 and received packet = 1591 AND SP = 5",
	"error":	"OUT OF ORDER - incoming packet = 1590 and received packet = 1591 AND SP = 5",
	"error":	"OUT OF ORDER - incoming packet = 1892 and received packet = 1893 AND SP = 5",
	"error":	"OUT OF ORDER - incoming packet = 2003 and received packet = 2004 AND SP = 5",
	"error":	"OUT OF ORDER - incoming packet = 2012 and received packet = 2013 AND SP = 5",
	"error":	"OUT OF ORDER - incoming packet = 2085 and received packet = 2087 AND SP = 5",
	"error":	"OUT OF ORDER - incoming packet = 2086 and received packet = 2087 AND SP = 5",
	"error":	"OUT OF ORDER - incoming packet = 2088 and received packet = 2090 AND SP = 5",
	"error":	"OUT OF ORDER - incoming packet = 2089 and received packet = 2090 AND SP = 5",
	"error":	"OUT OF ORDER - incoming packet = 2105 and received packet = 2106 AND SP = 5",
	"error":	"OUT OF ORDER - incoming packet = 2109 and received packet = 2110 AND SP = 5",
	"error":	"OUT OF ORDER - incoming packet = 2127 and received packet = 2134 AND SP = 5",
	"error":	"OUT OF ORDER - incoming packet = 2128 and received packet = 2134 AND SP = 5",
	"error":	"OUT OF ORDER - incoming packet = 2184 and received packet = 2186 AND SP = 5",
	"error":	"OUT OF ORDER - incoming packet = 2289 and received packet = 2290 AND SP = 5",
	"error":	"OUT OF ORDER - incoming packet = 2875 and received packet = 2876 AND SP = 5",
	"error":	"OUT OF ORDER - incoming packet = 2878 and received packet = 2879 AND SP = 5",
	"error":	"OUT OF ORDER - incoming packet = 3071 and received packet = 3072 AND SP = 5",
	"error":	"OUT OF ORDER - incoming packet = 3076 and received packet = 3077 AND SP = 5",
	"error":	"OUT OF ORDER - incoming packet = 3138 and received packet = 3139 AND SP = 5",
	"error":	"OUT OF ORDER - incoming packet = 3476 and received packet = 3477 AND SP = 5",
	"error":	"OUT OF ORDER - incoming packet = 4099 and received packet = 4100 AND SP = 5",
	"error":	"OUT OF ORDER - incoming packet = 4108 and received packet = 4111 AND SP = 5",
	"error":	"OUT OF ORDER - incoming packet = 4115 and received packet = 4116 AND SP = 5",
	"error":	"OUT OF ORDER - incoming packet = 4255 and received packet = 4257 AND SP = 5",
	"error":	"OUT OF ORDER - incoming packet = 4256 and received packet = 4257 AND SP = 5",
	"error":	"OUT OF ORDER - incoming packet = 4258 and received packet = 4259 AND SP = 5",
	"error":	"OUT OF ORDER - incoming packet = 4331 and received packet = 4332 AND SP = 5",
	"error":	"OUT OF ORDER - incoming packet = 4450 and received packet = 4451 AND SP = 5",
	"error":	"OUT OF ORDER - incoming packet = 4472 and received packet = 4473 AND SP = 5",
	"error":	"OUT OF ORDER - incoming packet = 4570 and received packet = 4573 AND SP = 5",
	"error":	"OUT OF ORDER - incoming packet = 4593 and received packet = 4594 AND SP = 5",
	"error":	"OUT OF ORDER - incoming packet = 5048 and received packet = 5049 AND SP = 5",
	"error":	"OUT OF ORDER - incoming packet = 5054 and received packet = 5057 AND SP = 5",
	"error":	"OUT OF ORDER - incoming packet = 5058 and received packet = 5060 AND SP = 5",
	"error":	"OUT OF ORDER - incoming packet = 5061 and received packet = 5064 AND SP = 5",
	"error":	"OUT OF ORDER - incoming packet = 5234 and received packet = 5235 AND SP = 5",
	"error":	"OUT OF ORDER - incoming packet = 5294 and received packet = 5295 AND SP = 5",
	"error":	"OUT OF ORDER - incoming packet = 5305 and received packet = 5307 AND SP = 5",
	"error":	"OUT OF ORDER - incoming packet = 5306 and received packet = 5307 AND SP = 5",
	"error":	"OUT OF ORDER - incoming packet = 5320 and received packet = 5322 AND SP = 5",
	"error":	"OUT OF ORDER - incoming packet = 5321 and received packet = 5323 AND SP = 5",
	"error":	"OUT OF ORDER - incoming packet = 5325 and received packet = 5326 AND SP = 5",
	"error":	"OUT OF ORDER - incoming packet = 5370 and received packet = 5376 AND SP = 5",
	"error":	"OUT OF ORDER - incoming packet = 5371 and received packet = 5376 AND SP = 5",
	"error":	"OUT OF ORDER - incoming packet = 5372 and received packet = 5377 AND SP = 5",
	"error":	"OUT OF ORDER - incoming packet = 5373 and received packet = 5377 AND SP = 5",
	"error":	"OUT OF ORDER - incoming packet = 5379 and received packet = 5383 AND SP = 5",
	"error":	"OUT OF ORDER - incoming packet = 5381 and received packet = 5389 AND SP = 5",
	"error":	"OUT OF ORDER - incoming packet = 5384 and received packet = 5392 AND SP = 5",
	"error":	"OUT OF ORDER - incoming packet = 5385 and received packet = 5393 AND SP = 5",
	"error":	"OUT OF ORDER - incoming packet = 5386 and received packet = 5393 AND SP = 5",
	"error":	"OUT OF ORDER - incoming packet = 5394 and received packet = 5396 AND SP = 5",
	"error":	"OUT OF ORDER - incoming packet = 5387 and received packet = 5397 AND SP = 5",
	"error":	"OUT OF ORDER - incoming packet = 5388 and received packet = 5397 AND SP = 5",
	"error":	"OUT OF ORDER - incoming packet = 5395 and received packet = 5397 AND SP = 5",
	"error":	"OUT OF ORDER - incoming packet = 5398 and received packet = 5401 AND SP = 5",
	"error":	"OUT OF ORDER - incoming packet = 5403 and received packet = 5409 AND SP = 5",
	"error":	"OUT OF ORDER - incoming packet = 5405 and received packet = 5409 AND SP = 5",
	"error":	"OUT OF ORDER - incoming packet = 5406 and received packet = 5409 AND SP = 5",
	"error":	"OUT OF ORDER - incoming packet = 5407 and received packet = 5409 AND SP = 5",
	"error":	"OUT OF ORDER - incoming packet = 5414 and received packet = 5416 AND SP = 5",
	"error":	"OUT OF ORDER - incoming packet = 5471 and received packet = 5473 AND SP = 5",
	"error":	"OUT OF ORDER - incoming packet = 5474 and received packet = 5478 AND SP = 5",
	"error":	"OUT OF ORDER - incoming packet = 5490 and received packet = 5491 AND SP = 5",
	"error":	"OUT OF ORDER - incoming packet = 5542 and received packet = 5547 AND SP = 5",
	"error":	"OUT OF ORDER - incoming packet = 5543 and received packet = 5547 AND SP = 5",
	"error":	"OUT OF ORDER - incoming packet = 5581 and received packet = 5583 AND SP = 5",
	"error":	"OUT OF ORDER - incoming packet = 5613 and received packet = 5615 AND SP = 5",
	"error":	"OUT OF ORDER - incoming packet = 5614 and received packet = 5615 AND SP = 5",
	"error":	"OUT OF ORDER - incoming packet = 5657 and received packet = 5658 AND SP = 5",
	"error":	"OUT OF ORDER - incoming packet = 5670 and received packet = 5672 AND SP = 5",
	"error":	"OUT OF ORDER - incoming packet = 5671 and received packet = 5672 AND SP = 5",
	"error":	"OUT OF ORDER - incoming packet = 5700 and received packet = 5701 AND SP = 5",
	"error":	"OUT OF ORDER - incoming packet = 5832 and received packet = 5834 AND SP = 5",
	"error":	"OUT OF ORDER - incoming packet = 5835 and received packet = 5837 AND SP = 5",
	"error":	"OUT OF ORDER - incoming packet = 5857 and received packet = 5858 AND SP = 5",
	"error":	"OUT OF ORDER - incoming packet = 5861 and received packet = 5862 AND SP = 5",
	"error":	"OUT OF ORDER - incoming packet = 5864 and received packet = 5866 AND SP = 5",
	"error":	"OUT OF ORDER - incoming packet = 5875 and received packet = 5876 AND SP = 5",
	"error":	"OUT OF ORDER - incoming packet = 5933 and received packet = 5934 AND SP = 5",
	"error":	"OUT OF ORDER - incoming packet = 5951 and received packet = 5952 AND SP = 5",
	"error":	"OUT OF ORDER - incoming packet = 6428 and received packet = 6429 AND SP = 5",
	"error":	"OUT OF ORDER - incoming packet = 6436 and received packet = 6437 AND SP = 5",
	"error":	"OUT OF ORDER - incoming packet = 6469 and received packet = 6471 AND SP = 5",
	"error":	"OUT OF ORDER - incoming packet = 6470 and received packet = 6471 AND SP = 5",
	"error":	"OUT OF ORDER - incoming packet = 6473 and received packet = 6474 AND SP = 5",
	"error":	"OUT OF ORDER - incoming packet = 6586 and received packet = 6587 AND SP = 5"
}
