{
	"start":	{
		"connected":	[{
				"socket":	5,
				"local_host":	"10.0.0.17",
				"local_port":	2173,
				"remote_host":	"10.0.0.6",
				"remote_port":	59744
			}],
		"version":	"iperf 3.0.7",
		"system_info":	"Linux CS3 5.4.197-0504197-generic #202206060747 SMP Mon Jun 6 09:27:47 UTC 2022 x86_64 x86_64 x86_64 GNU/Linux\n",
		"timestamp":	{
			"time":	"Mon, 25 Jul 2022 21:47:39 GMT",
			"timesecs":	1658785659
		},
		"accepted_connection":	{
			"host":	"10.0.0.6",
			"port":	59742
		},
		"cookie":	"BS6.1658785659.795972.2b01344740fb3f",
		"tcp_mss_default":	1448,
		"test_start":	{
			"protocol":	"TCP",
			"num_streams":	1,
			"blksize":	131072,
			"omit":	0,
			"duration":	16,
			"bytes":	0,
			"blocks":	0,
			"reverse":	0
		}
	},
	"intervals":	[{
			"streams":	[{
					"socket":	5,
					"start":	0,
					"end":	1.00027,
					"seconds":	1.00027,
					"bytes":	2852368,
					"bits_per_second":	2.28128e+07,
					"omitted":	false
				}],
			"sum":	{
				"start":	0,
				"end":	1.00027,
				"seconds":	1.00027,
				"bytes":	2852368,
				"bits_per_second":	2.28128e+07,
				"omitted":	false
			}
		}, {
			"streams":	[{
					"socket":	5,
					"start":	1.00027,
					"end":	2.00073,
					"seconds":	1.00046,
					"bytes":	3145728,
					"bits_per_second":	2.51542e+07,
					"omitted":	false
				}],
			"sum":	{
				"start":	1.00027,
				"end":	2.00073,
				"seconds":	1.00046,
				"bytes":	3145728,
				"bits_per_second":	2.51542e+07,
				"omitted":	false
			}
		}, {
			"streams":	[{
					"socket":	5,
					"start":	2.00073,
					"end":	3.00311,
					"seconds":	1.00238,
					"bytes":	3145728,
					"bits_per_second":	2.51061e+07,
					"omitted":	false
				}],
			"sum":	{
				"start":	2.00073,
				"end":	3.00311,
				"seconds":	1.00238,
				"bytes":	3145728,
				"bits_per_second":	2.51061e+07,
				"omitted":	false
			}
		}, {
			"streams":	[{
					"socket":	5,
					"start":	3.00311,
					"end":	4.00012,
					"seconds":	0.997007,
					"bytes":	3145728,
					"bits_per_second":	2.52414e+07,
					"omitted":	false
				}],
			"sum":	{
				"start":	3.00311,
				"end":	4.00012,
				"seconds":	0.997007,
				"bytes":	3145728,
				"bits_per_second":	2.52414e+07,
				"omitted":	false
			}
		}, {
			"streams":	[{
					"socket":	5,
					"start":	4.00012,
					"end":	5.00595,
					"seconds":	1.00583,
					"bytes":	3145728,
					"bits_per_second":	2.50199e+07,
					"omitted":	false
				}],
			"sum":	{
				"start":	4.00012,
				"end":	5.00595,
				"seconds":	1.00583,
				"bytes":	3145728,
				"bits_per_second":	2.50199e+07,
				"omitted":	false
			}
		}, {
			"streams":	[{
					"socket":	5,
					"start":	5.00595,
					"end":	6.00771,
					"seconds":	1.00176,
					"bytes":	3014656,
					"bits_per_second":	2.40749e+07,
					"omitted":	false
				}],
			"sum":	{
				"start":	5.00595,
				"end":	6.00771,
				"seconds":	1.00176,
				"bytes":	3014656,
				"bits_per_second":	2.40749e+07,
				"omitted":	false
			}
		}, {
			"streams":	[{
					"socket":	5,
					"start":	6.00771,
					"end":	7.00013,
					"seconds":	0.992421,
					"bytes":	3145728,
					"bits_per_second":	2.5358e+07,
					"omitted":	false
				}],
			"sum":	{
				"start":	6.00771,
				"end":	7.00013,
				"seconds":	0.992421,
				"bytes":	3145728,
				"bits_per_second":	2.5358e+07,
				"omitted":	false
			}
		}, {
			"streams":	[{
					"socket":	5,
					"start":	7.00013,
					"end":	8.00016,
					"seconds":	1.00003,
					"bytes":	3145728,
					"bits_per_second":	2.51651e+07,
					"omitted":	false
				}],
			"sum":	{
				"start":	7.00013,
				"end":	8.00016,
				"seconds":	1.00003,
				"bytes":	3145728,
				"bits_per_second":	2.51651e+07,
				"omitted":	false
			}
		}, {
			"streams":	[{
					"socket":	5,
					"start":	8.00016,
					"end":	9.00039,
					"seconds":	1.00023,
					"bytes":	3145728,
					"bits_per_second":	2.51601e+07,
					"omitted":	false
				}],
			"sum":	{
				"start":	8.00016,
				"end":	9.00039,
				"seconds":	1.00023,
				"bytes":	3145728,
				"bits_per_second":	2.51601e+07,
				"omitted":	false
			}
		}, {
			"streams":	[{
					"socket":	5,
					"start":	9.00039,
					"end":	10.0035,
					"seconds":	1.00312,
					"bytes":	3145728,
					"bits_per_second":	2.50877e+07,
					"omitted":	false
				}],
			"sum":	{
				"start":	9.00039,
				"end":	10.0035,
				"seconds":	1.00312,
				"bytes":	3145728,
				"bits_per_second":	2.50877e+07,
				"omitted":	false
			}
		}, {
			"streams":	[{
					"socket":	5,
					"start":	10.0035,
					"end":	11.0004,
					"seconds":	0.99687,
					"bytes":	3145728,
					"bits_per_second":	2.52448e+07,
					"omitted":	false
				}],
			"sum":	{
				"start":	10.0035,
				"end":	11.0004,
				"seconds":	0.99687,
				"bytes":	3145728,
				"bits_per_second":	2.52448e+07,
				"omitted":	false
			}
		}, {
			"streams":	[{
					"socket":	5,
					"start":	11.0004,
					"end":	12.0004,
					"seconds":	1.00005,
					"bytes":	3014656,
					"bits_per_second":	2.41161e+07,
					"omitted":	false
				}],
			"sum":	{
				"start":	11.0004,
				"end":	12.0004,
				"seconds":	1.00005,
				"bytes":	3014656,
				"bits_per_second":	2.41161e+07,
				"omitted":	false
			}
		}, {
			"streams":	[{
					"socket":	5,
					"start":	12.0004,
					"end":	13.0005,
					"seconds":	1.00012,
					"bytes":	3145728,
					"bits_per_second":	2.51628e+07,
					"omitted":	false
				}],
			"sum":	{
				"start":	12.0004,
				"end":	13.0005,
				"seconds":	1.00012,
				"bytes":	3145728,
				"bits_per_second":	2.51628e+07,
				"omitted":	false
			}
		}, {
			"streams":	[{
					"socket":	5,
					"start":	13.0005,
					"end":	14.0011,
					"seconds":	1.00051,
					"bytes":	2883584,
					"bits_per_second":	2.30568e+07,
					"omitted":	false
				}],
			"sum":	{
				"start":	13.0005,
				"end":	14.0011,
				"seconds":	1.00051,
				"bytes":	2883584,
				"bits_per_second":	2.30568e+07,
				"omitted":	false
			}
		}, {
			"streams":	[{
					"socket":	5,
					"start":	14.0011,
					"end":	15.0009,
					"seconds":	0.999843,
					"bytes":	3407872,
					"bits_per_second":	2.72673e+07,
					"omitted":	false
				}],
			"sum":	{
				"start":	14.0011,
				"end":	15.0009,
				"seconds":	0.999843,
				"bytes":	3407872,
				"bits_per_second":	2.72673e+07,
				"omitted":	false
			}
		}, {
			"streams":	[{
					"socket":	5,
					"start":	15.0009,
					"end":	16.0014,
					"seconds":	1.00055,
					"bytes":	3145728,
					"bits_per_second":	2.5152e+07,
					"omitted":	false
				}],
			"sum":	{
				"start":	15.0009,
				"end":	16.0014,
				"seconds":	1.00055,
				"bytes":	3145728,
				"bits_per_second":	2.5152e+07,
				"omitted":	false
			}
		}, {
			"streams":	[{
					"socket":	5,
					"start":	16.0014,
					"end":	16.0361,
					"seconds":	0.0346711,
					"bytes":	0,
					"bits_per_second":	0,
					"omitted":	false
				}],
			"sum":	{
				"start":	16.0014,
				"end":	16.0361,
				"seconds":	0.0346711,
				"bytes":	0,
				"bits_per_second":	0,
				"omitted":	false
			}
		}],
	"end":	{
		"streams":	[{
				"sender":	{
					"socket":	5,
					"start":	0,
					"end":	16.0361,
					"seconds":	16.0361,
					"bytes":	49776144,
					"bits_per_second":	2.4832e+07,
					"retransmits":	120
				},
				"receiver":	{
					"socket":	5,
					"start":	0,
					"end":	16.0361,
					"seconds":	16.0361,
					"bytes":	49776144,
					"bits_per_second":	2.4832e+07
				}
			}],
		"sum_sent":	{
			"start":	0,
			"end":	16.0361,
			"seconds":	16.0361,
			"bytes":	49776144,
			"bits_per_second":	2.4832e+07,
			"retransmits":	120
		},
		"sum_received":	{
			"start":	0,
			"end":	16.0361,
			"seconds":	16.0361,
			"bytes":	49776144,
			"bits_per_second":	2.4832e+07
		},
		"cpu_utilization_percent":	{
			"host_total":	2.50138,
			"host_user":	0.180347,
			"host_system":	2.32103,
			"remote_total":	1.88726,
			"remote_user":	0.100956,
			"remote_system":	1.7863
		}
	}
}
