{
	"start":	{
		"connected":	[{
				"socket":	5,
				"local_host":	"10.0.0.8",
				"local_port":	3729,
				"remote_host":	"10.0.0.6",
				"remote_port":	40842
			}],
		"version":	"iperf 3.0.7",
		"system_info":	"Linux MECS1 5.4.197-0504197-generic #202206060747 SMP Mon Jun 6 09:27:47 UTC 2022 x86_64 x86_64 x86_64 GNU/Linux\n",
		"timestamp":	{
			"time":	"Mon, 25 Jul 2022 21:46:25 GMT",
			"timesecs":	1658785585
		},
		"accepted_connection":	{
			"host":	"10.0.0.6",
			"port":	40840
		},
		"cookie":	"BS6.1658785585.831090.5818d31f45bab9",
		"tcp_mss_default":	1448,
		"test_start":	{
			"protocol":	"TCP",
			"num_streams":	1,
			"blksize":	131072,
			"omit":	0,
			"duration":	55,
			"bytes":	0,
			"blocks":	0,
			"reverse":	0
		}
	},
	"intervals":	[{
			"streams":	[{
					"socket":	5,
					"start":	0,
					"end":	1.00059,
					"seconds":	1.00059,
					"bytes":	11306888,
					"bits_per_second":	9.04015e+07,
					"omitted":	false
				}],
			"sum":	{
				"start":	0,
				"end":	1.00059,
				"seconds":	1.00059,
				"bytes":	11306888,
				"bits_per_second":	9.04015e+07,
				"omitted":	false
			}
		}, {
			"streams":	[{
					"socket":	5,
					"start":	1.00059,
					"end":	2.00082,
					"seconds":	1.00022,
					"bytes":	12582912,
					"bits_per_second":	1.00641e+08,
					"omitted":	false
				}],
			"sum":	{
				"start":	1.00059,
				"end":	2.00082,
				"seconds":	1.00022,
				"bytes":	12582912,
				"bits_per_second":	1.00641e+08,
				"omitted":	false
			}
		}, {
			"streams":	[{
					"socket":	5,
					"start":	2.00082,
					"end":	3.00065,
					"seconds":	0.999833,
					"bytes":	12451840,
					"bits_per_second":	9.96313e+07,
					"omitted":	false
				}],
			"sum":	{
				"start":	2.00082,
				"end":	3.00065,
				"seconds":	0.999833,
				"bytes":	12451840,
				"bits_per_second":	9.96313e+07,
				"omitted":	false
			}
		}, {
			"streams":	[{
					"socket":	5,
					"start":	3.00065,
					"end":	4.00019,
					"seconds":	0.999543,
					"bytes":	12451840,
					"bits_per_second":	9.96603e+07,
					"omitted":	false
				}],
			"sum":	{
				"start":	3.00065,
				"end":	4.00019,
				"seconds":	0.999543,
				"bytes":	12451840,
				"bits_per_second":	9.96603e+07,
				"omitted":	false
			}
		}, {
			"streams":	[{
					"socket":	5,
					"start":	4.00019,
					"end":	5.0002,
					"seconds":	1.00001,
					"bytes":	12582912,
					"bits_per_second":	1.00662e+08,
					"omitted":	false
				}],
			"sum":	{
				"start":	4.00019,
				"end":	5.0002,
				"seconds":	1.00001,
				"bytes":	12582912,
				"bits_per_second":	1.00662e+08,
				"omitted":	false
			}
		}, {
			"streams":	[{
					"socket":	5,
					"start":	5.0002,
					"end":	6.00018,
					"seconds":	0.999978,
					"bytes":	12582912,
					"bits_per_second":	1.00666e+08,
					"omitted":	false
				}],
			"sum":	{
				"start":	5.0002,
				"end":	6.00018,
				"seconds":	0.999978,
				"bytes":	12582912,
				"bits_per_second":	1.00666e+08,
				"omitted":	false
			}
		}, {
			"streams":	[{
					"socket":	5,
					"start":	6.00018,
					"end":	7.00037,
					"seconds":	1.00019,
					"bytes":	12451840,
					"bits_per_second":	9.9596e+07,
					"omitted":	false
				}],
			"sum":	{
				"start":	6.00018,
				"end":	7.00037,
				"seconds":	1.00019,
				"bytes":	12451840,
				"bits_per_second":	9.9596e+07,
				"omitted":	false
			}
		}, {
			"streams":	[{
					"socket":	5,
					"start":	7.00037,
					"end":	8.00027,
					"seconds":	0.999905,
					"bytes":	12451840,
					"bits_per_second":	9.96242e+07,
					"omitted":	false
				}],
			"sum":	{
				"start":	7.00037,
				"end":	8.00027,
				"seconds":	0.999905,
				"bytes":	12451840,
				"bits_per_second":	9.96242e+07,
				"omitted":	false
			}
		}, {
			"streams":	[{
					"socket":	5,
					"start":	8.00027,
					"end":	9.00073,
					"seconds":	1.00045,
					"bytes":	12451840,
					"bits_per_second":	9.95694e+07,
					"omitted":	false
				}],
			"sum":	{
				"start":	8.00027,
				"end":	9.00073,
				"seconds":	1.00045,
				"bytes":	12451840,
				"bits_per_second":	9.95694e+07,
				"omitted":	false
			}
		}, {
			"streams":	[{
					"socket":	5,
					"start":	9.00073,
					"end":	10.0003,
					"seconds":	0.999574,
					"bytes":	12582912,
					"bits_per_second":	1.00706e+08,
					"omitted":	false
				}],
			"sum":	{
				"start":	9.00073,
				"end":	10.0003,
				"seconds":	0.999574,
				"bytes":	12582912,
				"bits_per_second":	1.00706e+08,
				"omitted":	false
			}
		}, {
			"streams":	[{
					"socket":	5,
					"start":	10.0003,
					"end":	11.0004,
					"seconds":	1.00013,
					"bytes":	12451840,
					"bits_per_second":	9.96023e+07,
					"omitted":	false
				}],
			"sum":	{
				"start":	10.0003,
				"end":	11.0004,
				"seconds":	1.00013,
				"bytes":	12451840,
				"bits_per_second":	9.96023e+07,
				"omitted":	false
			}
		}, {
			"streams":	[{
					"socket":	5,
					"start":	11.0004,
					"end":	12.0002,
					"seconds":	0.99977,
					"bytes":	12582912,
					"bits_per_second":	1.00686e+08,
					"omitted":	false
				}],
			"sum":	{
				"start":	11.0004,
				"end":	12.0002,
				"seconds":	0.99977,
				"bytes":	12582912,
				"bits_per_second":	1.00686e+08,
				"omitted":	false
			}
		}, {
			"streams":	[{
					"socket":	5,
					"start":	12.0002,
					"end":	13.0004,
					"seconds":	1.00023,
					"bytes":	12451840,
					"bits_per_second":	9.95915e+07,
					"omitted":	false
				}],
			"sum":	{
				"start":	12.0002,
				"end":	13.0004,
				"seconds":	1.00023,
				"bytes":	12451840,
				"bits_per_second":	9.95915e+07,
				"omitted":	false
			}
		}, {
			"streams":	[{
					"socket":	5,
					"start":	13.0004,
					"end":	14.0006,
					"seconds":	1.00021,
					"bytes":	12451840,
					"bits_per_second":	9.95938e+07,
					"omitted":	false
				}],
			"sum":	{
				"start":	13.0004,
				"end":	14.0006,
				"seconds":	1.00021,
				"bytes":	12451840,
				"bits_per_second":	9.95938e+07,
				"omitted":	false
			}
		}, {
			"streams":	[{
					"socket":	5,
					"start":	14.0006,
					"end":	15.0033,
					"seconds":	1.00268,
					"bytes":	12582912,
					"bits_per_second":	1.00394e+08,
					"omitted":	false
				}],
			"sum":	{
				"start":	14.0006,
				"end":	15.0033,
				"seconds":	1.00268,
				"bytes":	12582912,
				"bits_per_second":	1.00394e+08,
				"omitted":	false
			}
		}, {
			"streams":	[{
					"socket":	5,
					"start":	15.0033,
					"end":	16.0002,
					"seconds":	0.996911,
					"bytes":	12451840,
					"bits_per_second":	9.99234e+07,
					"omitted":	false
				}],
			"sum":	{
				"start":	15.0033,
				"end":	16.0002,
				"seconds":	0.996911,
				"bytes":	12451840,
				"bits_per_second":	9.99234e+07,
				"omitted":	false
			}
		}, {
			"streams":	[{
					"socket":	5,
					"start":	16.0002,
					"end":	17.0002,
					"seconds":	1,
					"bytes":	12451840,
					"bits_per_second":	9.96146e+07,
					"omitted":	false
				}],
			"sum":	{
				"start":	16.0002,
				"end":	17.0002,
				"seconds":	1,
				"bytes":	12451840,
				"bits_per_second":	9.96146e+07,
				"omitted":	false
			}
		}, {
			"streams":	[{
					"socket":	5,
					"start":	17.0002,
					"end":	18.0004,
					"seconds":	1.00012,
					"bytes":	12582912,
					"bits_per_second":	1.00651e+08,
					"omitted":	false
				}],
			"sum":	{
				"start":	17.0002,
				"end":	18.0004,
				"seconds":	1.00012,
				"bytes":	12582912,
				"bits_per_second":	1.00651e+08,
				"omitted":	false
			}
		}, {
			"streams":	[{
					"socket":	5,
					"start":	18.0004,
					"end":	19.0004,
					"seconds":	1.00003,
					"bytes":	12451840,
					"bits_per_second":	9.9612e+07,
					"omitted":	false
				}],
			"sum":	{
				"start":	18.0004,
				"end":	19.0004,
				"seconds":	1.00003,
				"bytes":	12451840,
				"bits_per_second":	9.9612e+07,
				"omitted":	false
			}
		}, {
			"streams":	[{
					"socket":	5,
					"start":	19.0004,
					"end":	20.0002,
					"seconds":	0.999778,
					"bytes":	8763192,
					"bits_per_second":	7.01211e+07,
					"omitted":	false
				}],
			"sum":	{
				"start":	19.0004,
				"end":	20.0002,
				"seconds":	0.999778,
				"bytes":	8763192,
				"bits_per_second":	7.01211e+07,
				"omitted":	false
			}
		}, {
			"streams":	[{
					"socket":	5,
					"start":	20.0002,
					"end":	21.0004,
					"seconds":	1.00028,
					"bytes":	6591296,
					"bits_per_second":	5.27158e+07,
					"omitted":	false
				}],
			"sum":	{
				"start":	20.0002,
				"end":	21.0004,
				"seconds":	1.00028,
				"bytes":	6591296,
				"bits_per_second":	5.27158e+07,
				"omitted":	false
			}
		}, {
			"streams":	[{
					"socket":	5,
					"start":	21.0004,
					"end":	22.0006,
					"seconds":	1.00013,
					"bytes":	5141848,
					"bits_per_second":	4.11294e+07,
					"omitted":	false
				}],
			"sum":	{
				"start":	21.0004,
				"end":	22.0006,
				"seconds":	1.00013,
				"bytes":	5141848,
				"bits_per_second":	4.11294e+07,
				"omitted":	false
			}
		}, {
			"streams":	[{
					"socket":	5,
					"start":	22.0006,
					"end":	23.0001,
					"seconds":	0.999551,
					"bytes":	5091168,
					"bits_per_second":	4.07476e+07,
					"omitted":	false
				}],
			"sum":	{
				"start":	22.0006,
				"end":	23.0001,
				"seconds":	0.999551,
				"bytes":	5091168,
				"bits_per_second":	4.07476e+07,
				"omitted":	false
			}
		}, {
			"streams":	[{
					"socket":	5,
					"start":	23.0001,
					"end":	24.0001,
					"seconds":	1.00003,
					"bytes":	7853952,
					"bits_per_second":	6.28297e+07,
					"omitted":	false
				}],
			"sum":	{
				"start":	23.0001,
				"end":	24.0001,
				"seconds":	1.00003,
				"bytes":	7853952,
				"bits_per_second":	6.28297e+07,
				"omitted":	false
			}
		}, {
			"streams":	[{
					"socket":	5,
					"start":	24.0001,
					"end":	25.0033,
					"seconds":	1.0032,
					"bytes":	8023368,
					"bits_per_second":	6.39823e+07,
					"omitted":	false
				}],
			"sum":	{
				"start":	24.0001,
				"end":	25.0033,
				"seconds":	1.0032,
				"bytes":	8023368,
				"bits_per_second":	6.39823e+07,
				"omitted":	false
			}
		}, {
			"streams":	[{
					"socket":	5,
					"start":	25.0033,
					"end":	26.0037,
					"seconds":	1.00031,
					"bytes":	10748504,
					"bits_per_second":	8.5961e+07,
					"omitted":	false
				}],
			"sum":	{
				"start":	25.0033,
				"end":	26.0037,
				"seconds":	1.00031,
				"bytes":	10748504,
				"bits_per_second":	8.5961e+07,
				"omitted":	false
			}
		}, {
			"streams":	[{
					"socket":	5,
					"start":	26.0037,
					"end":	27.0011,
					"seconds":	0.997435,
					"bytes":	7617928,
					"bits_per_second":	6.11001e+07,
					"omitted":	false
				}],
			"sum":	{
				"start":	26.0037,
				"end":	27.0011,
				"seconds":	0.997435,
				"bytes":	7617928,
				"bits_per_second":	6.11001e+07,
				"omitted":	false
			}
		}, {
			"streams":	[{
					"socket":	5,
					"start":	27.0011,
					"end":	28.0008,
					"seconds":	0.999686,
					"bytes":	8818320,
					"bits_per_second":	7.05687e+07,
					"omitted":	false
				}],
			"sum":	{
				"start":	27.0011,
				"end":	28.0008,
				"seconds":	0.999686,
				"bytes":	8818320,
				"bits_per_second":	7.05687e+07,
				"omitted":	false
			}
		}, {
			"streams":	[{
					"socket":	5,
					"start":	28.0008,
					"end":	29.0009,
					"seconds":	1.00016,
					"bytes":	9593000,
					"bits_per_second":	7.67318e+07,
					"omitted":	false
				}],
			"sum":	{
				"start":	28.0008,
				"end":	29.0009,
				"seconds":	1.00016,
				"bytes":	9593000,
				"bits_per_second":	7.67318e+07,
				"omitted":	false
			}
		}, {
			"streams":	[{
					"socket":	5,
					"start":	29.0009,
					"end":	30.0034,
					"seconds":	1.00248,
					"bytes":	11337840,
					"bits_per_second":	9.04781e+07,
					"omitted":	false
				}],
			"sum":	{
				"start":	29.0009,
				"end":	30.0034,
				"seconds":	1.00248,
				"bytes":	11337840,
				"bits_per_second":	9.04781e+07,
				"omitted":	false
			}
		}, {
			"streams":	[{
					"socket":	5,
					"start":	30.0034,
					"end":	31.0002,
					"seconds":	0.996792,
					"bytes":	9229552,
					"bits_per_second":	7.4074e+07,
					"omitted":	false
				}],
			"sum":	{
				"start":	30.0034,
				"end":	31.0002,
				"seconds":	0.996792,
				"bytes":	9229552,
				"bits_per_second":	7.4074e+07,
				"omitted":	false
			}
		}, {
			"streams":	[{
					"socket":	5,
					"start":	31.0002,
					"end":	32.0008,
					"seconds":	1.00063,
					"bytes":	12845208,
					"bits_per_second":	1.02697e+08,
					"omitted":	false
				}],
			"sum":	{
				"start":	31.0002,
				"end":	32.0008,
				"seconds":	1.00063,
				"bytes":	12845208,
				"bits_per_second":	1.02697e+08,
				"omitted":	false
			}
		}, {
			"streams":	[{
					"socket":	5,
					"start":	32.0008,
					"end":	33.0039,
					"seconds":	1.00301,
					"bytes":	11385624,
					"bits_per_second":	9.08118e+07,
					"omitted":	false
				}],
			"sum":	{
				"start":	32.0008,
				"end":	33.0039,
				"seconds":	1.00301,
				"bytes":	11385624,
				"bits_per_second":	9.08118e+07,
				"omitted":	false
			}
		}, {
			"streams":	[{
					"socket":	5,
					"start":	33.0039,
					"end":	34.0003,
					"seconds":	0.996452,
					"bytes":	6791120,
					"bits_per_second":	5.45224e+07,
					"omitted":	false
				}],
			"sum":	{
				"start":	33.0039,
				"end":	34.0003,
				"seconds":	0.996452,
				"bytes":	6791120,
				"bits_per_second":	5.45224e+07,
				"omitted":	false
			}
		}, {
			"streams":	[{
					"socket":	5,
					"start":	34.0003,
					"end":	35.0015,
					"seconds":	1.0012,
					"bytes":	6330656,
					"bits_per_second":	5.05845e+07,
					"omitted":	false
				}],
			"sum":	{
				"start":	34.0003,
				"end":	35.0015,
				"seconds":	1.0012,
				"bytes":	6330656,
				"bits_per_second":	5.05845e+07,
				"omitted":	false
			}
		}, {
			"streams":	[{
					"socket":	5,
					"start":	35.0015,
					"end":	36.0002,
					"seconds":	0.998699,
					"bytes":	5770280,
					"bits_per_second":	4.62224e+07,
					"omitted":	false
				}],
			"sum":	{
				"start":	35.0015,
				"end":	36.0002,
				"seconds":	0.998699,
				"bytes":	5770280,
				"bits_per_second":	4.62224e+07,
				"omitted":	false
			}
		}, {
			"streams":	[{
					"socket":	5,
					"start":	36.0002,
					"end":	37.0026,
					"seconds":	1.00243,
					"bytes":	5792000,
					"bits_per_second":	4.62237e+07,
					"omitted":	false
				}],
			"sum":	{
				"start":	36.0002,
				"end":	37.0026,
				"seconds":	1.00243,
				"bytes":	5792000,
				"bits_per_second":	4.62237e+07,
				"omitted":	false
			}
		}, {
			"streams":	[{
					"socket":	5,
					"start":	37.0026,
					"end":	38.0021,
					"seconds":	0.999465,
					"bytes":	7138640,
					"bits_per_second":	5.71397e+07,
					"omitted":	false
				}],
			"sum":	{
				"start":	37.0026,
				"end":	38.0021,
				"seconds":	0.999465,
				"bytes":	7138640,
				"bits_per_second":	5.71397e+07,
				"omitted":	false
			}
		}, {
			"streams":	[{
					"socket":	5,
					"start":	38.0021,
					"end":	39.0046,
					"seconds":	1.00247,
					"bytes":	7898840,
					"bits_per_second":	6.30352e+07,
					"omitted":	false
				}],
			"sum":	{
				"start":	38.0021,
				"end":	39.0046,
				"seconds":	1.00247,
				"bytes":	7898840,
				"bits_per_second":	6.30352e+07,
				"omitted":	false
			}
		}, {
			"streams":	[{
					"socket":	5,
					"start":	39.0046,
					"end":	40.0102,
					"seconds":	1.00561,
					"bytes":	5742768,
					"bits_per_second":	4.56857e+07,
					"omitted":	false
				}],
			"sum":	{
				"start":	39.0046,
				"end":	40.0102,
				"seconds":	1.00561,
				"bytes":	5742768,
				"bits_per_second":	4.56857e+07,
				"omitted":	false
			}
		}, {
			"streams":	[{
					"socket":	5,
					"start":	40.0102,
					"end":	41,
					"seconds":	0.989863,
					"bytes":	4808808,
					"bits_per_second":	3.88644e+07,
					"omitted":	false
				}],
			"sum":	{
				"start":	40.0102,
				"end":	41,
				"seconds":	0.989863,
				"bytes":	4808808,
				"bits_per_second":	3.88644e+07,
				"omitted":	false
			}
		}, {
			"streams":	[{
					"socket":	5,
					"start":	41,
					"end":	42.0012,
					"seconds":	1.0012,
					"bytes":	3740184,
					"bits_per_second":	2.98855e+07,
					"omitted":	false
				}],
			"sum":	{
				"start":	41,
				"end":	42.0012,
				"seconds":	1.0012,
				"bytes":	3740184,
				"bits_per_second":	2.98855e+07,
				"omitted":	false
			}
		}, {
			"streams":	[{
					"socket":	5,
					"start":	42.0012,
					"end":	43.0005,
					"seconds":	0.99926,
					"bytes":	4019648,
					"bits_per_second":	3.2181e+07,
					"omitted":	false
				}],
			"sum":	{
				"start":	42.0012,
				"end":	43.0005,
				"seconds":	0.99926,
				"bytes":	4019648,
				"bits_per_second":	3.2181e+07,
				"omitted":	false
			}
		}, {
			"streams":	[{
					"socket":	5,
					"start":	43.0005,
					"end":	44.0006,
					"seconds":	1.00012,
					"bytes":	4785640,
					"bits_per_second":	3.82803e+07,
					"omitted":	false
				}],
			"sum":	{
				"start":	43.0005,
				"end":	44.0006,
				"seconds":	1.00012,
				"bytes":	4785640,
				"bits_per_second":	3.82803e+07,
				"omitted":	false
			}
		}, {
			"streams":	[{
					"socket":	5,
					"start":	44.0006,
					"end":	45.0007,
					"seconds":	1.00011,
					"bytes":	5147640,
					"bits_per_second":	4.11766e+07,
					"omitted":	false
				}],
			"sum":	{
				"start":	44.0006,
				"end":	45.0007,
				"seconds":	1.00011,
				"bytes":	5147640,
				"bits_per_second":	4.11766e+07,
				"omitted":	false
			}
		}, {
			"streams":	[{
					"socket":	5,
					"start":	45.0007,
					"end":	46.0018,
					"seconds":	1.00108,
					"bytes":	5041936,
					"bits_per_second":	4.0292e+07,
					"omitted":	false
				}],
			"sum":	{
				"start":	45.0007,
				"end":	46.0018,
				"seconds":	1.00108,
				"bytes":	5041936,
				"bits_per_second":	4.0292e+07,
				"omitted":	false
			}
		}, {
			"streams":	[{
					"socket":	5,
					"start":	46.0018,
					"end":	47.0005,
					"seconds":	0.998728,
					"bytes":	4406264,
					"bits_per_second":	3.5295e+07,
					"omitted":	false
				}],
			"sum":	{
				"start":	46.0018,
				"end":	47.0005,
				"seconds":	0.998728,
				"bytes":	4406264,
				"bits_per_second":	3.5295e+07,
				"omitted":	false
			}
		}, {
			"streams":	[{
					"socket":	5,
					"start":	47.0005,
					"end":	48.0164,
					"seconds":	1.01588,
					"bytes":	5017320,
					"bits_per_second":	3.95112e+07,
					"omitted":	false
				}],
			"sum":	{
				"start":	47.0005,
				"end":	48.0164,
				"seconds":	1.01588,
				"bytes":	5017320,
				"bits_per_second":	3.95112e+07,
				"omitted":	false
			}
		}, {
			"streams":	[{
					"socket":	5,
					"start":	48.0164,
					"end":	49.0154,
					"seconds":	0.999001,
					"bytes":	4008064,
					"bits_per_second":	3.20966e+07,
					"omitted":	false
				}],
			"sum":	{
				"start":	48.0164,
				"end":	49.0154,
				"seconds":	0.999001,
				"bytes":	4008064,
				"bits_per_second":	3.20966e+07,
				"omitted":	false
			}
		}, {
			"streams":	[{
					"socket":	5,
					"start":	49.0154,
					"end":	50.0041,
					"seconds":	0.988645,
					"bytes":	8059568,
					"bits_per_second":	6.52171e+07,
					"omitted":	false
				}],
			"sum":	{
				"start":	49.0154,
				"end":	50.0041,
				"seconds":	0.988645,
				"bytes":	8059568,
				"bits_per_second":	6.52171e+07,
				"omitted":	false
			}
		}, {
			"streams":	[{
					"socket":	5,
					"start":	50.0041,
					"end":	51.0029,
					"seconds":	0.998805,
					"bytes":	10230120,
					"bits_per_second":	8.19389e+07,
					"omitted":	false
				}],
			"sum":	{
				"start":	50.0041,
				"end":	51.0029,
				"seconds":	0.998805,
				"bytes":	10230120,
				"bits_per_second":	8.19389e+07,
				"omitted":	false
			}
		}, {
			"streams":	[{
					"socket":	5,
					"start":	51.0029,
					"end":	52.0003,
					"seconds":	0.997458,
					"bytes":	4986912,
					"bits_per_second":	3.9997e+07,
					"omitted":	false
				}],
			"sum":	{
				"start":	51.0029,
				"end":	52.0003,
				"seconds":	0.997458,
				"bytes":	4986912,
				"bits_per_second":	3.9997e+07,
				"omitted":	false
			}
		}, {
			"streams":	[{
					"socket":	5,
					"start":	52.0003,
					"end":	53.0128,
					"seconds":	1.01244,
					"bytes":	4459840,
					"bits_per_second":	3.52402e+07,
					"omitted":	false
				}],
			"sum":	{
				"start":	52.0003,
				"end":	53.0128,
				"seconds":	1.01244,
				"bytes":	4459840,
				"bits_per_second":	3.52402e+07,
				"omitted":	false
			}
		}, {
			"streams":	[{
					"socket":	5,
					"start":	53.0128,
					"end":	54.0031,
					"seconds":	0.990369,
					"bytes":	2736720,
					"bits_per_second":	2.21067e+07,
					"omitted":	false
				}],
			"sum":	{
				"start":	53.0128,
				"end":	54.0031,
				"seconds":	0.990369,
				"bytes":	2736720,
				"bits_per_second":	2.21067e+07,
				"omitted":	false
			}
		}, {
			"streams":	[{
					"socket":	5,
					"start":	54.0031,
					"end":	55.0015,
					"seconds":	0.998316,
					"bytes":	2645496,
					"bits_per_second":	2.11997e+07,
					"omitted":	false
				}],
			"sum":	{
				"start":	54.0031,
				"end":	55.0015,
				"seconds":	0.998316,
				"bytes":	2645496,
				"bits_per_second":	2.11997e+07,
				"omitted":	false
			}
		}, {
			"streams":	[{
					"socket":	5,
					"start":	55.0015,
					"end":	55.1214,
					"seconds":	0.119967,
					"bytes":	341728,
					"bits_per_second":	2.27881e+07,
					"omitted":	false
				}],
			"sum":	{
				"start":	55.0015,
				"end":	55.1214,
				"seconds":	0.119967,
				"bytes":	341728,
				"bits_per_second":	2.27881e+07,
				"omitted":	false
			}
		}],
	"end":	{
		"streams":	[{
				"sender":	{
					"socket":	5,
					"start":	0,
					"end":	55.1214,
					"seconds":	55.1214,
					"bytes":	482379656,
					"bits_per_second":	7.00097e+07,
					"retransmits":	1037
				},
				"receiver":	{
					"socket":	5,
					"start":	0,
					"end":	55.1214,
					"seconds":	55.1214,
					"bytes":	479298504,
					"bits_per_second":	6.95626e+07
				}
			}],
		"sum_sent":	{
			"start":	0,
			"end":	55.1214,
			"seconds":	55.1214,
			"bytes":	482379656,
			"bits_per_second":	7.00097e+07,
			"retransmits":	1037
		},
		"sum_received":	{
			"start":	0,
			"end":	55.1214,
			"seconds":	55.1214,
			"bytes":	479298504,
			"bits_per_second":	6.95626e+07
		},
		"cpu_utilization_percent":	{
			"host_total":	5.87707,
			"host_user":	0.484217,
			"host_system":	5.39286,
			"remote_total":	2.53698,
			"remote_user":	0.11616,
			"remote_system":	2.42082
		}
	}
}
