{
	"start":	{
		"connected":	[{
				"socket":	5,
				"local_host":	"10.0.0.12",
				"local_port":	2101,
				"remote_host":	"10.0.0.2",
				"remote_port":	46352
			}],
		"version":	"iperf 3.0.7",
		"system_info":	"Linux H12 5.4.197-0504197-generic #202206060747 SMP Mon Jun 6 09:27:47 UTC 2022 x86_64 x86_64 x86_64 GNU/Linux\n",
		"timestamp":	{
			"time":	"Fri, 22 Jul 2022 09:32:00 GMT",
			"timesecs":	1658482320
		},
		"accepted_connection":	{
			"host":	"10.0.0.2",
			"port":	46350
		},
		"cookie":	"H2.1658482320.573269.0b12e069323ae8d",
		"tcp_mss_default":	1448,
		"test_start":	{
			"protocol":	"TCP",
			"num_streams":	1,
			"blksize":	131072,
			"omit":	0,
			"duration":	5,
			"bytes":	0,
			"blocks":	0,
			"reverse":	0
		}
	},
	"intervals":	[{
			"streams":	[{
					"socket":	5,
					"start":	0,
					"end":	1.00109,
					"seconds":	1.00109,
					"bytes":	1700984,
					"bits_per_second":	1.3593e+07,
					"omitted":	false
				}],
			"sum":	{
				"start":	0,
				"end":	1.00109,
				"seconds":	1.00109,
				"bytes":	1700984,
				"bits_per_second":	1.3593e+07,
				"omitted":	false
			}
		}, {
			"streams":	[{
					"socket":	5,
					"start":	1.00109,
					"end":	2.0004,
					"seconds":	0.999307,
					"bytes":	1966080,
					"bits_per_second":	1.57395e+07,
					"omitted":	false
				}],
			"sum":	{
				"start":	1.00109,
				"end":	2.0004,
				"seconds":	0.999307,
				"bytes":	1966080,
				"bits_per_second":	1.57395e+07,
				"omitted":	false
			}
		}, {
			"streams":	[{
					"socket":	5,
					"start":	2.0004,
					"end":	3.00091,
					"seconds":	1.00051,
					"bytes":	1835008,
					"bits_per_second":	1.46726e+07,
					"omitted":	false
				}],
			"sum":	{
				"start":	2.0004,
				"end":	3.00091,
				"seconds":	1.00051,
				"bytes":	1835008,
				"bits_per_second":	1.46726e+07,
				"omitted":	false
			}
		}, {
			"streams":	[{
					"socket":	5,
					"start":	3.00091,
					"end":	4.00042,
					"seconds":	0.99951,
					"bytes":	1835008,
					"bits_per_second":	1.46873e+07,
					"omitted":	false
				}],
			"sum":	{
				"start":	3.00091,
				"end":	4.00042,
				"seconds":	0.99951,
				"bytes":	1835008,
				"bits_per_second":	1.46873e+07,
				"omitted":	false
			}
		}, {
			"streams":	[{
					"socket":	5,
					"start":	4.00042,
					"end":	5.00074,
					"seconds":	1.00032,
					"bytes":	1966080,
					"bits_per_second":	1.57236e+07,
					"omitted":	false
				}],
			"sum":	{
				"start":	4.00042,
				"end":	5.00074,
				"seconds":	1.00032,
				"bytes":	1966080,
				"bits_per_second":	1.57236e+07,
				"omitted":	false
			}
		}, {
			"streams":	[{
					"socket":	5,
					"start":	5.00074,
					"end":	5.00098,
					"seconds":	0.000240088,
					"bytes":	0,
					"bits_per_second":	0,
					"omitted":	false
				}],
			"sum":	{
				"start":	5.00074,
				"end":	5.00098,
				"seconds":	0.000240088,
				"bytes":	0,
				"bits_per_second":	0,
				"omitted":	false
			}
		}],
	"end":	{
		"streams":	[{
				"sender":	{
					"socket":	5,
					"start":	0,
					"end":	5.00098,
					"seconds":	5.00098,
					"bytes":	9303160,
					"bits_per_second":	1.48821e+07,
					"retransmits":	0
				},
				"receiver":	{
					"socket":	5,
					"start":	0,
					"end":	5.00098,
					"seconds":	5.00098,
					"bytes":	9303160,
					"bits_per_second":	1.48821e+07
				}
			}],
		"sum_sent":	{
			"start":	0,
			"end":	5.00098,
			"seconds":	5.00098,
			"bytes":	9303160,
			"bits_per_second":	1.48821e+07,
			"retransmits":	0
		},
		"sum_received":	{
			"start":	0,
			"end":	5.00098,
			"seconds":	5.00098,
			"bytes":	9303160,
			"bits_per_second":	1.48821e+07
		},
		"cpu_utilization_percent":	{
			"host_total":	1.28104,
			"host_user":	1.28104,
			"host_system":	0,
			"remote_total":	0.353756,
			"remote_user":	0.0480641,
			"remote_system":	0.305692
		}
	}
}
