{
	"start":	{
		"connected":	[{
				"socket":	5,
				"local_host":	"10.0.0.14",
				"local_port":	3066,
				"remote_host":	"10.0.0.1",
				"remote_port":	52578
			}],
		"version":	"iperf 3.0.7",
		"system_info":	"Linux MECS7 5.4.197-0504197-generic #202206060747 SMP Mon Jun 6 09:27:47 UTC 2022 x86_64 x86_64 x86_64 GNU/Linux\n",
		"timestamp":	{
			"time":	"Mon, 25 Jul 2022 21:44:27 GMT",
			"timesecs":	1658785467
		},
		"accepted_connection":	{
			"host":	"10.0.0.1",
			"port":	52576
		},
		"cookie":	"BS1.1658785467.374980.7bf3a3ac4dd5c2",
		"tcp_mss_default":	1448,
		"test_start":	{
			"protocol":	"TCP",
			"num_streams":	1,
			"blksize":	131072,
			"omit":	0,
			"duration":	3,
			"bytes":	0,
			"blocks":	0,
			"reverse":	0
		}
	},
	"intervals":	[{
			"streams":	[{
					"socket":	5,
					"start":	0,
					"end":	1.00285,
					"seconds":	1.00285,
					"bytes":	11372048,
					"bits_per_second":	9.07179e+07,
					"omitted":	false
				}],
			"sum":	{
				"start":	0,
				"end":	1.00285,
				"seconds":	1.00285,
				"bytes":	11372048,
				"bits_per_second":	9.07179e+07,
				"omitted":	false
			}
		}, {
			"streams":	[{
					"socket":	5,
					"start":	1.00285,
					"end":	2.00026,
					"seconds":	0.997414,
					"bytes":	12451840,
					"bits_per_second":	9.9873e+07,
					"omitted":	false
				}],
			"sum":	{
				"start":	1.00285,
				"end":	2.00026,
				"seconds":	0.997414,
				"bytes":	12451840,
				"bits_per_second":	9.9873e+07,
				"omitted":	false
			}
		}, {
			"streams":	[{
					"socket":	5,
					"start":	2.00026,
					"end":	3.00019,
					"seconds":	0.999924,
					"bytes":	12451840,
					"bits_per_second":	9.96223e+07,
					"omitted":	false
				}],
			"sum":	{
				"start":	2.00026,
				"end":	3.00019,
				"seconds":	0.999924,
				"bytes":	12451840,
				"bits_per_second":	9.96223e+07,
				"omitted":	false
			}
		}, {
			"streams":	[{
					"socket":	5,
					"start":	3.00019,
					"end":	3.02341,
					"seconds":	0.0232279,
					"bytes":	0,
					"bits_per_second":	0,
					"omitted":	false
				}],
			"sum":	{
				"start":	3.00019,
				"end":	3.02341,
				"seconds":	0.0232279,
				"bytes":	0,
				"bits_per_second":	0,
				"omitted":	false
			}
		}],
	"end":	{
		"streams":	[{
				"sender":	{
					"socket":	5,
					"start":	0,
					"end":	3.02341,
					"seconds":	3.02341,
					"bytes":	36275728,
					"bits_per_second":	9.59861e+07,
					"retransmits":	11
				},
				"receiver":	{
					"socket":	5,
					"start":	0,
					"end":	3.02341,
					"seconds":	3.02341,
					"bytes":	36275728,
					"bits_per_second":	9.59861e+07
				}
			}],
		"sum_sent":	{
			"start":	0,
			"end":	3.02341,
			"seconds":	3.02341,
			"bytes":	36275728,
			"bits_per_second":	9.59861e+07,
			"retransmits":	11
		},
		"sum_received":	{
			"start":	0,
			"end":	3.02341,
			"seconds":	3.02341,
			"bytes":	36275728,
			"bits_per_second":	9.59861e+07
		},
		"cpu_utilization_percent":	{
			"host_total":	4.8568,
			"host_user":	1.2361,
			"host_system":	3.62073,
			"remote_total":	4.18398,
			"remote_user":	0.444729,
			"remote_system":	3.7388
		}
	}
}
