{
	"start":	{
		"connected":	[{
				"socket":	5,
				"local_host":	"10.0.0.19",
				"local_port":	1595,
				"remote_host":	"10.0.0.6",
				"remote_port":	38758
			}],
		"version":	"iperf 3.0.7",
		"system_info":	"Linux CS5 5.4.197-0504197-generic #202206060747 SMP Mon Jun 6 09:27:47 UTC 2022 x86_64 x86_64 x86_64 GNU/Linux\n",
		"timestamp":	{
			"time":	"Mon, 25 Jul 2022 21:49:24 GMT",
			"timesecs":	1658785764
		},
		"accepted_connection":	{
			"host":	"10.0.0.6",
			"port":	38756
		},
		"cookie":	"BS6.1658785764.672705.55e25f50179a3a",
		"tcp_mss_default":	1448,
		"test_start":	{
			"protocol":	"TCP",
			"num_streams":	1,
			"blksize":	131072,
			"omit":	0,
			"duration":	11,
			"bytes":	0,
			"blocks":	0,
			"reverse":	0
		}
	},
	"intervals":	[{
			"streams":	[{
					"socket":	5,
					"start":	0,
					"end":	1.00041,
					"seconds":	1.00041,
					"bytes":	5735952,
					"bits_per_second":	4.58688e+07,
					"omitted":	false
				}],
			"sum":	{
				"start":	0,
				"end":	1.00041,
				"seconds":	1.00041,
				"bytes":	5735952,
				"bits_per_second":	4.58688e+07,
				"omitted":	false
			}
		}, {
			"streams":	[{
					"socket":	5,
					"start":	1.00041,
					"end":	2.00397,
					"seconds":	1.00356,
					"bytes":	6160384,
					"bits_per_second":	4.91082e+07,
					"omitted":	false
				}],
			"sum":	{
				"start":	1.00041,
				"end":	2.00397,
				"seconds":	1.00356,
				"bytes":	6160384,
				"bits_per_second":	4.91082e+07,
				"omitted":	false
			}
		}, {
			"streams":	[{
					"socket":	5,
					"start":	2.00397,
					"end":	3.00143,
					"seconds":	0.997456,
					"bytes":	6291456,
					"bits_per_second":	5.046e+07,
					"omitted":	false
				}],
			"sum":	{
				"start":	2.00397,
				"end":	3.00143,
				"seconds":	0.997456,
				"bytes":	6291456,
				"bits_per_second":	5.046e+07,
				"omitted":	false
			}
		}, {
			"streams":	[{
					"socket":	5,
					"start":	3.00143,
					"end":	4.00013,
					"seconds":	0.998701,
					"bytes":	6291456,
					"bits_per_second":	5.03971e+07,
					"omitted":	false
				}],
			"sum":	{
				"start":	3.00143,
				"end":	4.00013,
				"seconds":	0.998701,
				"bytes":	6291456,
				"bits_per_second":	5.03971e+07,
				"omitted":	false
			}
		}, {
			"streams":	[{
					"socket":	5,
					"start":	4.00013,
					"end":	5.00101,
					"seconds":	1.00088,
					"bytes":	6291456,
					"bits_per_second":	5.02875e+07,
					"omitted":	false
				}],
			"sum":	{
				"start":	4.00013,
				"end":	5.00101,
				"seconds":	1.00088,
				"bytes":	6291456,
				"bits_per_second":	5.02875e+07,
				"omitted":	false
			}
		}, {
			"streams":	[{
					"socket":	5,
					"start":	5.00101,
					"end":	6.00516,
					"seconds":	1.00416,
					"bytes":	6160384,
					"bits_per_second":	4.90791e+07,
					"omitted":	false
				}],
			"sum":	{
				"start":	5.00101,
				"end":	6.00516,
				"seconds":	1.00416,
				"bytes":	6160384,
				"bits_per_second":	4.90791e+07,
				"omitted":	false
			}
		}, {
			"streams":	[{
					"socket":	5,
					"start":	6.00516,
					"end":	7.00046,
					"seconds":	0.995293,
					"bytes":	6291456,
					"bits_per_second":	5.05697e+07,
					"omitted":	false
				}],
			"sum":	{
				"start":	6.00516,
				"end":	7.00046,
				"seconds":	0.995293,
				"bytes":	6291456,
				"bits_per_second":	5.05697e+07,
				"omitted":	false
			}
		}, {
			"streams":	[{
					"socket":	5,
					"start":	7.00046,
					"end":	8.00022,
					"seconds":	0.999762,
					"bytes":	6160384,
					"bits_per_second":	4.92948e+07,
					"omitted":	false
				}],
			"sum":	{
				"start":	7.00046,
				"end":	8.00022,
				"seconds":	0.999762,
				"bytes":	6160384,
				"bits_per_second":	4.92948e+07,
				"omitted":	false
			}
		}, {
			"streams":	[{
					"socket":	5,
					"start":	8.00022,
					"end":	9.00184,
					"seconds":	1.00162,
					"bytes":	6291456,
					"bits_per_second":	5.02504e+07,
					"omitted":	false
				}],
			"sum":	{
				"start":	8.00022,
				"end":	9.00184,
				"seconds":	1.00162,
				"bytes":	6291456,
				"bits_per_second":	5.02504e+07,
				"omitted":	false
			}
		}, {
			"streams":	[{
					"socket":	5,
					"start":	9.00184,
					"end":	10.0002,
					"seconds":	0.998354,
					"bytes":	6291456,
					"bits_per_second":	5.04146e+07,
					"omitted":	false
				}],
			"sum":	{
				"start":	9.00184,
				"end":	10.0002,
				"seconds":	0.998354,
				"bytes":	6291456,
				"bits_per_second":	5.04146e+07,
				"omitted":	false
			}
		}, {
			"streams":	[{
					"socket":	5,
					"start":	10.0002,
					"end":	11.0028,
					"seconds":	1.00259,
					"bytes":	6291456,
					"bits_per_second":	5.02017e+07,
					"omitted":	false
				}],
			"sum":	{
				"start":	10.0002,
				"end":	11.0028,
				"seconds":	1.00259,
				"bytes":	6291456,
				"bits_per_second":	5.02017e+07,
				"omitted":	false
			}
		}, {
			"streams":	[{
					"socket":	5,
					"start":	11.0028,
					"end":	11.0258,
					"seconds":	0.0229759,
					"bytes":	0,
					"bits_per_second":	0,
					"omitted":	false
				}],
			"sum":	{
				"start":	11.0028,
				"end":	11.0258,
				"seconds":	0.0229759,
				"bytes":	0,
				"bits_per_second":	0,
				"omitted":	false
			}
		}],
	"end":	{
		"streams":	[{
				"sender":	{
					"socket":	5,
					"start":	0,
					"end":	11.0258,
					"seconds":	11.0258,
					"bytes":	68257296,
					"bits_per_second":	4.95257e+07,
					"retransmits":	12
				},
				"receiver":	{
					"socket":	5,
					"start":	0,
					"end":	11.0258,
					"seconds":	11.0258,
					"bytes":	68257296,
					"bits_per_second":	4.95257e+07
				}
			}],
		"sum_sent":	{
			"start":	0,
			"end":	11.0258,
			"seconds":	11.0258,
			"bytes":	68257296,
			"bits_per_second":	4.95257e+07,
			"retransmits":	12
		},
		"sum_received":	{
			"start":	0,
			"end":	11.0258,
			"seconds":	11.0258,
			"bytes":	68257296,
			"bits_per_second":	4.95257e+07
		},
		"cpu_utilization_percent":	{
			"host_total":	4.41121,
			"host_user":	0.193808,
			"host_system":	4.2174,
			"remote_total":	1.59346,
			"remote_user":	0.0578371,
			"remote_system":	1.53559
		}
	}
}
