{
	"start":	{
		"connected":	[{
				"socket":	5,
				"local_host":	"10.0.0.11",
				"local_port":	1718,
				"remote_host":	"10.0.0.1",
				"remote_port":	51078
			}],
		"version":	"iperf 3.0.7",
		"system_info":	"Linux MECS4 5.4.197-0504197-generic #202206060747 SMP Mon Jun 6 09:27:47 UTC 2022 x86_64 x86_64 x86_64 GNU/Linux\n",
		"timestamp":	{
			"time":	"Mon, 25 Jul 2022 21:51:14 GMT",
			"timesecs":	1658785874
		},
		"accepted_connection":	{
			"host":	"10.0.0.1",
			"port":	60342
		},
		"cookie":	"BS1.1658785874.895043.6f8eaeea3bd50f",
		"test_start":	{
			"protocol":	"UDP",
			"num_streams":	1,
			"blksize":	8192,
			"omit":	0,
			"duration":	8,
			"bytes":	0,
			"blocks":	0,
			"reverse":	0
		}
	},
	"intervals":	[{
			"streams":	[{
					"socket":	5,
					"start":	0,
					"end":	1.00235,
					"seconds":	1.00235,
					"bytes":	14049280,
					"bits_per_second":	1.12131e+08,
					"jitter_ms":	0.998199,
					"lost_packets":	168,
					"packets":	1876,
					"lost_percent":	8.95522,
					"omitted":	false
				}],
			"sum":	{
				"start":	0,
				"end":	1.00235,
				"seconds":	1.00235,
				"bytes":	14049280,
				"bits_per_second":	1.12131e+08,
				"jitter_ms":	0.998199,
				"lost_packets":	168,
				"packets":	1876,
				"lost_percent":	8.95522,
				"omitted":	false
			}
		}, {
			"streams":	[{
					"socket":	5,
					"start":	1.00235,
					"end":	2.00031,
					"seconds":	0.997961,
					"bytes":	18497536,
					"bits_per_second":	1.48283e+08,
					"jitter_ms":	1.30614,
					"lost_packets":	27,
					"packets":	2275,
					"lost_percent":	1.18681,
					"omitted":	false
				}],
			"sum":	{
				"start":	1.00235,
				"end":	2.00031,
				"seconds":	0.997961,
				"bytes":	18497536,
				"bits_per_second":	1.48283e+08,
				"jitter_ms":	1.30614,
				"lost_packets":	27,
				"packets":	2275,
				"lost_percent":	1.18681,
				"omitted":	false
			}
		}, {
			"streams":	[{
					"socket":	5,
					"start":	2.00031,
					"end":	3.00191,
					"seconds":	1.0016,
					"bytes":	12877824,
					"bits_per_second":	1.02859e+08,
					"jitter_ms":	0.795225,
					"lost_packets":	479,
					"packets":	2044,
					"lost_percent":	23.4344,
					"omitted":	false
				}],
			"sum":	{
				"start":	2.00031,
				"end":	3.00191,
				"seconds":	1.0016,
				"bytes":	12877824,
				"bits_per_second":	1.02859e+08,
				"jitter_ms":	0.795225,
				"lost_packets":	479,
				"packets":	2044,
				"lost_percent":	23.4344,
				"omitted":	false
			}
		}, {
			"streams":	[{
					"socket":	5,
					"start":	3.00191,
					"end":	4.00129,
					"seconds":	0.999388,
					"bytes":	0,
					"bits_per_second":	0,
					"jitter_ms":	0.795225,
					"lost_packets":	0,
					"packets":	0,
					"lost_percent":	-nan,
					"omitted":	false
				}],
			"sum":	{
				"start":	3.00191,
				"end":	4.00129,
				"seconds":	0.999388,
				"bytes":	0,
				"bits_per_second":	0,
				"jitter_ms":	0.795225,
				"lost_packets":	0,
				"packets":	0,
				"lost_percent":	-nan,
				"omitted":	false
			}
		}, {
			"streams":	[{
					"socket":	5,
					"start":	4.00129,
					"end":	5.00126,
					"seconds":	0.999965,
					"bytes":	0,
					"bits_per_second":	0,
					"jitter_ms":	0.795225,
					"lost_packets":	0,
					"packets":	0,
					"lost_percent":	-nan,
					"omitted":	false
				}],
			"sum":	{
				"start":	4.00129,
				"end":	5.00126,
				"seconds":	0.999965,
				"bytes":	0,
				"bits_per_second":	0,
				"jitter_ms":	0.795225,
				"lost_packets":	0,
				"packets":	0,
				"lost_percent":	-nan,
				"omitted":	false
			}
		}, {
			"streams":	[{
					"socket":	5,
					"start":	5.00126,
					"end":	6.00096,
					"seconds":	0.999698,
					"bytes":	0,
					"bits_per_second":	0,
					"jitter_ms":	0.795225,
					"lost_packets":	0,
					"packets":	0,
					"lost_percent":	-nan,
					"omitted":	false
				}],
			"sum":	{
				"start":	5.00126,
				"end":	6.00096,
				"seconds":	0.999698,
				"bytes":	0,
				"bits_per_second":	0,
				"jitter_ms":	0.795225,
				"lost_packets":	0,
				"packets":	0,
				"lost_percent":	-nan,
				"omitted":	false
			}
		}, {
			"streams":	[{
					"socket":	5,
					"start":	6.00096,
					"end":	7.00239,
					"seconds":	1.00144,
					"bytes":	0,
					"bits_per_second":	0,
					"jitter_ms":	0.795225,
					"lost_packets":	0,
					"packets":	0,
					"lost_percent":	-nan,
					"omitted":	false
				}],
			"sum":	{
				"start":	6.00096,
				"end":	7.00239,
				"seconds":	1.00144,
				"bytes":	0,
				"bits_per_second":	0,
				"jitter_ms":	0.795225,
				"lost_packets":	0,
				"packets":	0,
				"lost_percent":	-nan,
				"omitted":	false
			}
		}, {
			"streams":	[{
					"socket":	5,
					"start":	7.00239,
					"end":	8.00131,
					"seconds":	0.998918,
					"bytes":	0,
					"bits_per_second":	0,
					"jitter_ms":	0.795225,
					"lost_packets":	0,
					"packets":	0,
					"lost_percent":	-nan,
					"omitted":	false
				}],
			"sum":	{
				"start":	7.00239,
				"end":	8.00131,
				"seconds":	0.998918,
				"bytes":	0,
				"bits_per_second":	0,
				"jitter_ms":	0.795225,
				"lost_packets":	0,
				"packets":	0,
				"lost_percent":	-nan,
				"omitted":	false
			}
		}, {
			"streams":	[{
					"socket":	5,
					"start":	8.00131,
					"end":	8.01726,
					"seconds":	0.015945,
					"bytes":	0,
					"bits_per_second":	0,
					"jitter_ms":	0.795225,
					"lost_packets":	0,
					"packets":	0,
					"lost_percent":	-nan,
					"omitted":	false
				}],
			"sum":	{
				"start":	8.00131,
				"end":	8.01726,
				"seconds":	0.015945,
				"bytes":	0,
				"bits_per_second":	0,
				"jitter_ms":	0.795225,
				"lost_packets":	0,
				"packets":	0,
				"lost_percent":	-nan,
				"omitted":	false
			}
		}],
	"end":	{
		"streams":	[{
				"udp":	{
					"socket":	5,
					"start":	0,
					"end":	8.01726,
					"seconds":	8.01726,
					"bytes":	198492160,
					"bits_per_second":	1.98065e+08,
					"jitter_ms":	0.795225,
					"lost_packets":	674,
					"packets":	6195,
					"lost_percent":	10.8797
				}
			}],
		"sum":	{
			"start":	0,
			"end":	8.01726,
			"seconds":	8.01726,
			"bytes":	198492160,
			"bits_per_second":	1.98065e+08,
			"jitter_ms":	0.795225,
			"lost_packets":	674,
			"packets":	6195,
			"lost_percent":	10.8797
		},
		"cpu_utilization_percent":	{
			"host_total":	4.55085,
			"host_user":	0.557546,
			"host_system":	3.99328,
			"remote_total":	59.8664,
			"remote_user":	1.10826,
			"remote_system":	58.7581
		}
	},
	"error":	"OUT OF ORDER - incoming packet = 2 and received packet = 4 AND SP = 5",
	"error":	"OUT OF ORDER - incoming packet = 3 and received packet = 4 AND SP = 5",
	"error":	"OUT OF ORDER - incoming packet = 176 and received packet = 178 AND SP = 5",
	"error":	"OUT OF ORDER - incoming packet = 177 and received packet = 178 AND SP = 5",
	"error":	"OUT OF ORDER - incoming packet = 239 and received packet = 240 AND SP = 5",
	"error":	"OUT OF ORDER - incoming packet = 1517 and received packet = 1518 AND SP = 5",
	"error":	"OUT OF ORDER - incoming packet = 1611 and received packet = 1612 AND SP = 5",
	"error":	"OUT OF ORDER - incoming packet = 2403 and received packet = 2410 AND SP = 5",
	"error":	"OUT OF ORDER - incoming packet = 2406 and received packet = 2413 AND SP = 5",
	"error":	"OUT OF ORDER - incoming packet = 2409 and received packet = 2416 AND SP = 5",
	"error":	"OUT OF ORDER - incoming packet = 2411 and received packet = 2421 AND SP = 5",
	"error":	"OUT OF ORDER - incoming packet = 2415 and received packet = 2425 AND SP = 5",
	"error":	"OUT OF ORDER - incoming packet = 2847 and received packet = 2855 AND SP = 5",
	"error":	"OUT OF ORDER - incoming packet = 3062 and received packet = 3063 AND SP = 5",
	"error":	"OUT OF ORDER - incoming packet = 4142 and received packet = 4144 AND SP = 5",
	"error":	"OUT OF ORDER - incoming packet = 4143 and received packet = 4144 AND SP = 5",
	"error":	"OUT OF ORDER - incoming packet = 4148 and received packet = 4149 AND SP = 5",
	"error":	"OUT OF ORDER - incoming packet = 4153 and received packet = 4154 AND SP = 5",
	"error":	"OUT OF ORDER - incoming packet = 4615 and received packet = 4619 AND SP = 5",
	"error":	"OUT OF ORDER - incoming packet = 4617 and received packet = 4621 AND SP = 5",
	"error":	"OUT OF ORDER - incoming packet = 4716 and received packet = 4717 AND SP = 5",
	"error":	"OUT OF ORDER - incoming packet = 4762 and received packet = 4767 AND SP = 5",
	"error":	"OUT OF ORDER - incoming packet = 5809 and received packet = 5811 AND SP = 5",
	"error":	"OUT OF ORDER - incoming packet = 6019 and received packet = 6021 AND SP = 5"
}
