{
	"start":	{
		"connected":	[{
				"socket":	5,
				"local_host":	"10.0.0.11",
				"local_port":	2420,
				"remote_host":	"10.0.0.4",
				"remote_port":	43840
			}],
		"version":	"iperf 3.0.7",
		"system_info":	"Linux MECS4 5.4.197-0504197-generic #202206060747 SMP Mon Jun 6 09:27:47 UTC 2022 x86_64 x86_64 x86_64 GNU/Linux\n",
		"timestamp":	{
			"time":	"Mon, 25 Jul 2022 21:46:08 GMT",
			"timesecs":	1658785568
		},
		"accepted_connection":	{
			"host":	"10.0.0.4",
			"port":	43838
		},
		"cookie":	"BS4.1658785568.905661.553fa5195aef8c",
		"tcp_mss_default":	1448,
		"test_start":	{
			"protocol":	"TCP",
			"num_streams":	1,
			"blksize":	131072,
			"omit":	0,
			"duration":	3,
			"bytes":	0,
			"blocks":	0,
			"reverse":	0
		}
	},
	"intervals":	[{
			"streams":	[{
					"socket":	5,
					"start":	0,
					"end":	1.00027,
					"seconds":	1.00027,
					"bytes":	11351832,
					"bits_per_second":	9.07904e+07,
					"omitted":	false
				}],
			"sum":	{
				"start":	0,
				"end":	1.00027,
				"seconds":	1.00027,
				"bytes":	11351832,
				"bits_per_second":	9.07904e+07,
				"omitted":	false
			}
		}, {
			"streams":	[{
					"socket":	5,
					"start":	1.00027,
					"end":	2.00028,
					"seconds":	1.00001,
					"bytes":	12451840,
					"bits_per_second":	9.96138e+07,
					"omitted":	false
				}],
			"sum":	{
				"start":	1.00027,
				"end":	2.00028,
				"seconds":	1.00001,
				"bytes":	12451840,
				"bits_per_second":	9.96138e+07,
				"omitted":	false
			}
		}, {
			"streams":	[{
					"socket":	5,
					"start":	2.00028,
					"end":	3.00016,
					"seconds":	0.999888,
					"bytes":	12582912,
					"bits_per_second":	1.00675e+08,
					"omitted":	false
				}],
			"sum":	{
				"start":	2.00028,
				"end":	3.00016,
				"seconds":	0.999888,
				"bytes":	12582912,
				"bits_per_second":	1.00675e+08,
				"omitted":	false
			}
		}, {
			"streams":	[{
					"socket":	5,
					"start":	3.00016,
					"end":	3.00558,
					"seconds":	0.00541592,
					"bytes":	0,
					"bits_per_second":	0,
					"omitted":	false
				}],
			"sum":	{
				"start":	3.00016,
				"end":	3.00558,
				"seconds":	0.00541592,
				"bytes":	0,
				"bits_per_second":	0,
				"omitted":	false
			}
		}],
	"end":	{
		"streams":	[{
				"sender":	{
					"socket":	5,
					"start":	0,
					"end":	3.00558,
					"seconds":	3.00558,
					"bytes":	36386584,
					"bits_per_second":	9.68507e+07,
					"retransmits":	1
				},
				"receiver":	{
					"socket":	5,
					"start":	0,
					"end":	3.00558,
					"seconds":	3.00558,
					"bytes":	36386584,
					"bits_per_second":	9.68507e+07
				}
			}],
		"sum_sent":	{
			"start":	0,
			"end":	3.00558,
			"seconds":	3.00558,
			"bytes":	36386584,
			"bits_per_second":	9.68507e+07,
			"retransmits":	1
		},
		"sum_received":	{
			"start":	0,
			"end":	3.00558,
			"seconds":	3.00558,
			"bytes":	36386584,
			"bits_per_second":	9.68507e+07
		},
		"cpu_utilization_percent":	{
			"host_total":	1.96479,
			"host_user":	0.305991,
			"host_system":	1.6588,
			"remote_total":	1.59706,
			"remote_user":	0.54952,
			"remote_system":	1.04718
		}
	}
}
