{
	"start":	{
		"connected":	[{
				"socket":	5,
				"local_host":	"10.0.0.15",
				"local_port":	2847,
				"remote_host":	"10.0.0.3",
				"remote_port":	47144
			}],
		"version":	"iperf 3.0.7",
		"system_info":	"Linux CS1 5.4.197-0504197-generic #202206060747 SMP Mon Jun 6 09:27:47 UTC 2022 x86_64 x86_64 x86_64 GNU/Linux\n",
		"timestamp":	{
			"time":	"Mon, 25 Jul 2022 21:50:54 GMT",
			"timesecs":	1658785854
		},
		"accepted_connection":	{
			"host":	"10.0.0.3",
			"port":	47142
		},
		"cookie":	"BS3.1658785854.352677.3715103105dcce",
		"tcp_mss_default":	1448,
		"test_start":	{
			"protocol":	"TCP",
			"num_streams":	1,
			"blksize":	131072,
			"omit":	0,
			"duration":	10,
			"bytes":	0,
			"blocks":	0,
			"reverse":	0
		}
	},
	"intervals":	[{
			"streams":	[{
					"socket":	5,
					"start":	0,
					"end":	1.00015,
					"seconds":	1.00015,
					"bytes":	1087448,
					"bits_per_second":	8.69831e+06,
					"omitted":	false
				}],
			"sum":	{
				"start":	0,
				"end":	1.00015,
				"seconds":	1.00015,
				"bytes":	1087448,
				"bits_per_second":	8.69831e+06,
				"omitted":	false
			}
		}, {
			"streams":	[{
					"socket":	5,
					"start":	1.00015,
					"end":	2.00378,
					"seconds":	1.00363,
					"bytes":	2439880,
					"bits_per_second":	1.94485e+07,
					"omitted":	false
				}],
			"sum":	{
				"start":	1.00015,
				"end":	2.00378,
				"seconds":	1.00363,
				"bytes":	2439880,
				"bits_per_second":	1.94485e+07,
				"omitted":	false
			}
		}, {
			"streams":	[{
					"socket":	5,
					"start":	2.00378,
					"end":	3.01265,
					"seconds":	1.00887,
					"bytes":	3492576,
					"bits_per_second":	2.7695e+07,
					"omitted":	false
				}],
			"sum":	{
				"start":	2.00378,
				"end":	3.01265,
				"seconds":	1.00887,
				"bytes":	3492576,
				"bits_per_second":	2.7695e+07,
				"omitted":	false
			}
		}, {
			"streams":	[{
					"socket":	5,
					"start":	3.01265,
					"end":	4.00021,
					"seconds":	0.987567,
					"bytes":	4703104,
					"bits_per_second":	3.80985e+07,
					"omitted":	false
				}],
			"sum":	{
				"start":	3.01265,
				"end":	4.00021,
				"seconds":	0.987567,
				"bytes":	4703104,
				"bits_per_second":	3.80985e+07,
				"omitted":	false
			}
		}, {
			"streams":	[{
					"socket":	5,
					"start":	4.00021,
					"end":	5.00047,
					"seconds":	1.00026,
					"bytes":	3615448,
					"bits_per_second":	2.89162e+07,
					"omitted":	false
				}],
			"sum":	{
				"start":	4.00021,
				"end":	5.00047,
				"seconds":	1.00026,
				"bytes":	3615448,
				"bits_per_second":	2.89162e+07,
				"omitted":	false
			}
		}, {
			"streams":	[{
					"socket":	5,
					"start":	5.00047,
					"end":	6.00112,
					"seconds":	1.00065,
					"bytes":	3145728,
					"bits_per_second":	2.51496e+07,
					"omitted":	false
				}],
			"sum":	{
				"start":	5.00047,
				"end":	6.00112,
				"seconds":	1.00065,
				"bytes":	3145728,
				"bits_per_second":	2.51496e+07,
				"omitted":	false
			}
		}, {
			"streams":	[{
					"socket":	5,
					"start":	6.00112,
					"end":	7.00028,
					"seconds":	0.999164,
					"bytes":	3145728,
					"bits_per_second":	2.51869e+07,
					"omitted":	false
				}],
			"sum":	{
				"start":	6.00112,
				"end":	7.00028,
				"seconds":	0.999164,
				"bytes":	3145728,
				"bits_per_second":	2.51869e+07,
				"omitted":	false
			}
		}, {
			"streams":	[{
					"socket":	5,
					"start":	7.00028,
					"end":	8.00048,
					"seconds":	1.0002,
					"bytes":	3145728,
					"bits_per_second":	2.51607e+07,
					"omitted":	false
				}],
			"sum":	{
				"start":	7.00028,
				"end":	8.00048,
				"seconds":	1.0002,
				"bytes":	3145728,
				"bits_per_second":	2.51607e+07,
				"omitted":	false
			}
		}, {
			"streams":	[{
					"socket":	5,
					"start":	8.00048,
					"end":	9.00108,
					"seconds":	1.0006,
					"bytes":	3145728,
					"bits_per_second":	2.51508e+07,
					"omitted":	false
				}],
			"sum":	{
				"start":	8.00048,
				"end":	9.00108,
				"seconds":	1.0006,
				"bytes":	3145728,
				"bits_per_second":	2.51508e+07,
				"omitted":	false
			}
		}, {
			"streams":	[{
					"socket":	5,
					"start":	9.00108,
					"end":	10.001,
					"seconds":	0.999923,
					"bytes":	3145728,
					"bits_per_second":	2.51678e+07,
					"omitted":	false
				}],
			"sum":	{
				"start":	9.00108,
				"end":	10.001,
				"seconds":	0.999923,
				"bytes":	3145728,
				"bits_per_second":	2.51678e+07,
				"omitted":	false
			}
		}, {
			"streams":	[{
					"socket":	5,
					"start":	10.001,
					"end":	10.0276,
					"seconds":	0.026644,
					"bytes":	0,
					"bits_per_second":	0,
					"omitted":	false
				}],
			"sum":	{
				"start":	10.001,
				"end":	10.0276,
				"seconds":	0.026644,
				"bytes":	0,
				"bits_per_second":	0,
				"omitted":	false
			}
		}],
	"end":	{
		"streams":	[{
				"sender":	{
					"socket":	5,
					"start":	0,
					"end":	10.0276,
					"seconds":	10.0276,
					"bytes":	31067096,
					"bits_per_second":	2.47851e+07,
					"retransmits":	2
				},
				"receiver":	{
					"socket":	5,
					"start":	0,
					"end":	10.0276,
					"seconds":	10.0276,
					"bytes":	31067096,
					"bits_per_second":	2.47851e+07
				}
			}],
		"sum_sent":	{
			"start":	0,
			"end":	10.0276,
			"seconds":	10.0276,
			"bytes":	31067096,
			"bits_per_second":	2.47851e+07,
			"retransmits":	2
		},
		"sum_received":	{
			"start":	0,
			"end":	10.0276,
			"seconds":	10.0276,
			"bytes":	31067096,
			"bits_per_second":	2.47851e+07
		},
		"cpu_utilization_percent":	{
			"host_total":	4.04917,
			"host_user":	0.272822,
			"host_system":	3.77632,
			"remote_total":	1.1217,
			"remote_user":	0.151993,
			"remote_system":	0.969672
		}
	}
}
