{
	"start":	{
		"connected":	[{
				"socket":	5,
				"local_host":	"10.0.0.21",
				"local_port":	1899,
				"remote_host":	"10.0.0.7",
				"remote_port":	40506
			}],
		"version":	"iperf 3.0.7",
		"system_info":	"Linux CS7 5.4.197-0504197-generic #202206060747 SMP Mon Jun 6 09:27:47 UTC 2022 x86_64 x86_64 x86_64 GNU/Linux\n",
		"timestamp":	{
			"time":	"Mon, 25 Jul 2022 21:42:52 GMT",
			"timesecs":	1658785372
		},
		"accepted_connection":	{
			"host":	"10.0.0.7",
			"port":	40504
		},
		"cookie":	"BS7.1658785372.143711.3b36c77e7635ce",
		"tcp_mss_default":	1448,
		"test_start":	{
			"protocol":	"TCP",
			"num_streams":	1,
			"blksize":	131072,
			"omit":	0,
			"duration":	17,
			"bytes":	0,
			"blocks":	0,
			"reverse":	0
		}
	},
	"intervals":	[{
			"streams":	[{
					"socket":	5,
					"start":	0,
					"end":	1.00038,
					"seconds":	1.00038,
					"bytes":	5735952,
					"bits_per_second":	4.58704e+07,
					"omitted":	false
				}],
			"sum":	{
				"start":	0,
				"end":	1.00038,
				"seconds":	1.00038,
				"bytes":	5735952,
				"bits_per_second":	4.58704e+07,
				"omitted":	false
			}
		}, {
			"streams":	[{
					"socket":	5,
					"start":	1.00038,
					"end":	2.00037,
					"seconds":	0.999996,
					"bytes":	6160384,
					"bits_per_second":	4.92833e+07,
					"omitted":	false
				}],
			"sum":	{
				"start":	1.00038,
				"end":	2.00037,
				"seconds":	0.999996,
				"bytes":	6160384,
				"bits_per_second":	4.92833e+07,
				"omitted":	false
			}
		}, {
			"streams":	[{
					"socket":	5,
					"start":	2.00037,
					"end":	3.00027,
					"seconds":	0.999897,
					"bytes":	6291456,
					"bits_per_second":	5.03368e+07,
					"omitted":	false
				}],
			"sum":	{
				"start":	2.00037,
				"end":	3.00027,
				"seconds":	0.999897,
				"bytes":	6291456,
				"bits_per_second":	5.03368e+07,
				"omitted":	false
			}
		}, {
			"streams":	[{
					"socket":	5,
					"start":	3.00027,
					"end":	4.0002,
					"seconds":	0.99993,
					"bytes":	6291456,
					"bits_per_second":	5.03352e+07,
					"omitted":	false
				}],
			"sum":	{
				"start":	3.00027,
				"end":	4.0002,
				"seconds":	0.99993,
				"bytes":	6291456,
				"bits_per_second":	5.03352e+07,
				"omitted":	false
			}
		}, {
			"streams":	[{
					"socket":	5,
					"start":	4.0002,
					"end":	5.00037,
					"seconds":	1.00017,
					"bytes":	6160384,
					"bits_per_second":	4.92746e+07,
					"omitted":	false
				}],
			"sum":	{
				"start":	4.0002,
				"end":	5.00037,
				"seconds":	1.00017,
				"bytes":	6160384,
				"bits_per_second":	4.92746e+07,
				"omitted":	false
			}
		}, {
			"streams":	[{
					"socket":	5,
					"start":	5.00037,
					"end":	6.00014,
					"seconds":	0.999766,
					"bytes":	6291456,
					"bits_per_second":	5.03434e+07,
					"omitted":	false
				}],
			"sum":	{
				"start":	5.00037,
				"end":	6.00014,
				"seconds":	0.999766,
				"bytes":	6291456,
				"bits_per_second":	5.03434e+07,
				"omitted":	false
			}
		}, {
			"streams":	[{
					"socket":	5,
					"start":	6.00014,
					"end":	7.00024,
					"seconds":	1.0001,
					"bytes":	6291456,
					"bits_per_second":	5.03264e+07,
					"omitted":	false
				}],
			"sum":	{
				"start":	6.00014,
				"end":	7.00024,
				"seconds":	1.0001,
				"bytes":	6291456,
				"bits_per_second":	5.03264e+07,
				"omitted":	false
			}
		}, {
			"streams":	[{
					"socket":	5,
					"start":	7.00024,
					"end":	8.00032,
					"seconds":	1.00008,
					"bytes":	6160384,
					"bits_per_second":	4.92789e+07,
					"omitted":	false
				}],
			"sum":	{
				"start":	7.00024,
				"end":	8.00032,
				"seconds":	1.00008,
				"bytes":	6160384,
				"bits_per_second":	4.92789e+07,
				"omitted":	false
			}
		}, {
			"streams":	[{
					"socket":	5,
					"start":	8.00032,
					"end":	9.00031,
					"seconds":	0.999984,
					"bytes":	6291456,
					"bits_per_second":	5.03325e+07,
					"omitted":	false
				}],
			"sum":	{
				"start":	8.00032,
				"end":	9.00031,
				"seconds":	0.999984,
				"bytes":	6291456,
				"bits_per_second":	5.03325e+07,
				"omitted":	false
			}
		}, {
			"streams":	[{
					"socket":	5,
					"start":	9.00031,
					"end":	10.0017,
					"seconds":	1.0014,
					"bytes":	6291456,
					"bits_per_second":	5.02613e+07,
					"omitted":	false
				}],
			"sum":	{
				"start":	9.00031,
				"end":	10.0017,
				"seconds":	1.0014,
				"bytes":	6291456,
				"bits_per_second":	5.02613e+07,
				"omitted":	false
			}
		}, {
			"streams":	[{
					"socket":	5,
					"start":	10.0017,
					"end":	11.0005,
					"seconds":	0.998785,
					"bytes":	6291456,
					"bits_per_second":	5.03929e+07,
					"omitted":	false
				}],
			"sum":	{
				"start":	10.0017,
				"end":	11.0005,
				"seconds":	0.998785,
				"bytes":	6291456,
				"bits_per_second":	5.03929e+07,
				"omitted":	false
			}
		}, {
			"streams":	[{
					"socket":	5,
					"start":	11.0005,
					"end":	12.0001,
					"seconds":	0.99959,
					"bytes":	6160384,
					"bits_per_second":	4.93033e+07,
					"omitted":	false
				}],
			"sum":	{
				"start":	11.0005,
				"end":	12.0001,
				"seconds":	0.99959,
				"bytes":	6160384,
				"bits_per_second":	4.93033e+07,
				"omitted":	false
			}
		}, {
			"streams":	[{
					"socket":	5,
					"start":	12.0001,
					"end":	13.0002,
					"seconds":	1.00015,
					"bytes":	6291456,
					"bits_per_second":	5.03242e+07,
					"omitted":	false
				}],
			"sum":	{
				"start":	12.0001,
				"end":	13.0002,
				"seconds":	1.00015,
				"bytes":	6291456,
				"bits_per_second":	5.03242e+07,
				"omitted":	false
			}
		}, {
			"streams":	[{
					"socket":	5,
					"start":	13.0002,
					"end":	14.0004,
					"seconds":	1.00014,
					"bytes":	6291456,
					"bits_per_second":	5.03244e+07,
					"omitted":	false
				}],
			"sum":	{
				"start":	13.0002,
				"end":	14.0004,
				"seconds":	1.00014,
				"bytes":	6291456,
				"bits_per_second":	5.03244e+07,
				"omitted":	false
			}
		}, {
			"streams":	[{
					"socket":	5,
					"start":	14.0004,
					"end":	15.0006,
					"seconds":	1.00022,
					"bytes":	6160384,
					"bits_per_second":	4.92722e+07,
					"omitted":	false
				}],
			"sum":	{
				"start":	14.0004,
				"end":	15.0006,
				"seconds":	1.00022,
				"bytes":	6160384,
				"bits_per_second":	4.92722e+07,
				"omitted":	false
			}
		}, {
			"streams":	[{
					"socket":	5,
					"start":	15.0006,
					"end":	16.0013,
					"seconds":	1.00069,
					"bytes":	6291456,
					"bits_per_second":	5.02968e+07,
					"omitted":	false
				}],
			"sum":	{
				"start":	15.0006,
				"end":	16.0013,
				"seconds":	1.00069,
				"bytes":	6291456,
				"bits_per_second":	5.02968e+07,
				"omitted":	false
			}
		}, {
			"streams":	[{
					"socket":	5,
					"start":	16.0013,
					"end":	17.0004,
					"seconds":	0.999068,
					"bytes":	6291456,
					"bits_per_second":	5.03786e+07,
					"omitted":	false
				}],
			"sum":	{
				"start":	16.0013,
				"end":	17.0004,
				"seconds":	0.999068,
				"bytes":	6291456,
				"bits_per_second":	5.03786e+07,
				"omitted":	false
			}
		}, {
			"streams":	[{
					"socket":	5,
					"start":	17.0004,
					"end":	17.0245,
					"seconds":	0.0241709,
					"bytes":	0,
					"bits_per_second":	0,
					"omitted":	false
				}],
			"sum":	{
				"start":	17.0004,
				"end":	17.0245,
				"seconds":	0.0241709,
				"bytes":	0,
				"bits_per_second":	0,
				"omitted":	false
			}
		}],
	"end":	{
		"streams":	[{
				"sender":	{
					"socket":	5,
					"start":	0,
					"end":	17.0245,
					"seconds":	17.0245,
					"bytes":	105743888,
					"bits_per_second":	4.96901e+07,
					"retransmits":	13
				},
				"receiver":	{
					"socket":	5,
					"start":	0,
					"end":	17.0245,
					"seconds":	17.0245,
					"bytes":	105743888,
					"bits_per_second":	4.96901e+07
				}
			}],
		"sum_sent":	{
			"start":	0,
			"end":	17.0245,
			"seconds":	17.0245,
			"bytes":	105743888,
			"bits_per_second":	4.96901e+07,
			"retransmits":	13
		},
		"sum_received":	{
			"start":	0,
			"end":	17.0245,
			"seconds":	17.0245,
			"bytes":	105743888,
			"bits_per_second":	4.96901e+07
		},
		"cpu_utilization_percent":	{
			"host_total":	2.61508,
			"host_user":	0.394348,
			"host_system":	2.22074,
			"remote_total":	0.98139,
			"remote_user":	0.282787,
			"remote_system":	0.698621
		}
	}
}
