{
	"start":	{
		"connected":	[{
				"socket":	5,
				"local_host":	"10.0.0.12",
				"local_port":	2306,
				"remote_host":	"10.0.0.1",
				"remote_port":	44566
			}],
		"version":	"iperf 3.7",
		"system_info":	"Linux H12 5.4.197-0504197-generic #202206060747 SMP Mon Jun 6 09:27:47 UTC 2022 x86_64",
		"target_bitrate":	15000000,
		"sock_bufsize":	0,
		"sndbuf_actual":	87380,
		"rcvbuf_actual":	87380,
		"timestamp":	{
			"time":	"Mon, 01 Aug 2022 00:25:36 GMT",
			"timesecs":	1659313536
		},
		"accepted_connection":	{
			"host":	"10.0.0.1",
			"port":	44564
		},
		"cookie":	"6x4s5t27b3kzcsjdcw3rjtaal4u42rw3cxmh",
		"tcp_mss_default":	0,
		"target_bitrate":	15000000,
		"test_start":	{
			"protocol":	"TCP",
			"num_streams":	1,
			"blksize":	131072,
			"omit":	0,
			"duration":	5,
			"bytes":	0,
			"blocks":	0,
			"reverse":	0,
			"tos":	0
		}
	},
	"intervals":	[{
			"streams":	[{
					"socket":	5,
					"start":	0,
					"end":	1.000961,
					"seconds":	1.0009609460830688,
					"bytes":	1966080,
					"bits_per_second":	15713540.135155976,
					"omitted":	false,
					"sender":	false
				}],
			"sum":	{
				"start":	0,
				"end":	1.000961,
				"seconds":	1.0009609460830688,
				"bytes":	1966080,
				"bits_per_second":	15713540.135155976,
				"omitted":	false,
				"sender":	false
			}
		}, {
			"streams":	[{
					"socket":	5,
					"start":	1.000961,
					"end":	2.000793,
					"seconds":	0.99983197450637817,
					"bytes":	1835008,
					"bits_per_second":	14682531.039525535,
					"omitted":	false,
					"sender":	false
				}],
			"sum":	{
				"start":	1.000961,
				"end":	2.000793,
				"seconds":	0.99983197450637817,
				"bytes":	1835008,
				"bits_per_second":	14682531.039525535,
				"omitted":	false,
				"sender":	false
			}
		}, {
			"streams":	[{
					"socket":	5,
					"start":	2.000793,
					"end":	3.000507,
					"seconds":	0.99971401691436768,
					"bytes":	1835008,
					"bits_per_second":	14684263.450971946,
					"omitted":	false,
					"sender":	false
				}],
			"sum":	{
				"start":	2.000793,
				"end":	3.000507,
				"seconds":	0.99971401691436768,
				"bytes":	1835008,
				"bits_per_second":	14684263.450971946,
				"omitted":	false,
				"sender":	false
			}
		}, {
			"streams":	[{
					"socket":	5,
					"start":	3.000507,
					"end":	4.000756,
					"seconds":	1.0002490282058716,
					"bytes":	1966080,
					"bits_per_second":	15724724.10016951,
					"omitted":	false,
					"sender":	false
				}],
			"sum":	{
				"start":	3.000507,
				"end":	4.000756,
				"seconds":	1.0002490282058716,
				"bytes":	1966080,
				"bits_per_second":	15724724.10016951,
				"omitted":	false,
				"sender":	false
			}
		}, {
			"streams":	[{
					"socket":	5,
					"start":	4.000756,
					"end":	5.000845,
					"seconds":	1.0000890493392944,
					"bytes":	1835008,
					"bits_per_second":	14678756.866399383,
					"omitted":	false,
					"sender":	false
				}],
			"sum":	{
				"start":	4.000756,
				"end":	5.000845,
				"seconds":	1.0000890493392944,
				"bytes":	1835008,
				"bits_per_second":	14678756.866399383,
				"omitted":	false,
				"sender":	false
			}
		}],
	"end":	{
		"streams":	[{
				"sender":	{
					"socket":	5,
					"start":	0,
					"end":	5.000845,
					"seconds":	5.000845,
					"bytes":	0,
					"bits_per_second":	0,
					"sender":	false
				},
				"receiver":	{
					"socket":	5,
					"start":	0,
					"end":	5.000845,
					"seconds":	5.000845,
					"bytes":	9437184,
					"bits_per_second":	15096943.016630189,
					"sender":	false
				}
			}],
		"sum_sent":	{
			"start":	0,
			"end":	5.000845,
			"seconds":	5.000845,
			"bytes":	0,
			"bits_per_second":	0,
			"sender":	false
		},
		"sum_received":	{
			"start":	0,
			"end":	5.000845,
			"seconds":	5.000845,
			"bytes":	9437184,
			"bits_per_second":	15096943.016630189,
			"sender":	false
		},
		"cpu_utilization_percent":	{
			"host_total":	2.364146858855364,
			"host_user":	2.364146858855364,
			"host_system":	0,
			"remote_total":	0,
			"remote_user":	0,
			"remote_system":	0
		},
		"receiver_tcp_congestion":	"cubic"
	}
}
