{
	"start":	{
		"connected":	[{
				"socket":	5,
				"local_host":	"10.0.0.12",
				"local_port":	4045,
				"remote_host":	"10.0.0.4",
				"remote_port":	46684
			}],
		"version":	"iperf 3.0.7",
		"system_info":	"Linux H12 5.4.197-0504197-generic #202206060747 SMP Mon Jun 6 09:27:47 UTC 2022 x86_64 x86_64 x86_64 GNU/Linux\n",
		"timestamp":	{
			"time":	"Fri, 22 Jul 2022 09:31:46 GMT",
			"timesecs":	1658482306
		},
		"accepted_connection":	{
			"host":	"10.0.0.4",
			"port":	46682
		},
		"cookie":	"H4.1658482306.458244.660ef37c2f693cd",
		"tcp_mss_default":	1448,
		"test_start":	{
			"protocol":	"TCP",
			"num_streams":	1,
			"blksize":	131072,
			"omit":	0,
			"duration":	5,
			"bytes":	0,
			"blocks":	0,
			"reverse":	0
		}
	},
	"intervals":	[{
			"streams":	[{
					"socket":	5,
					"start":	0,
					"end":	1.00067,
					"seconds":	1.00067,
					"bytes":	1690848,
					"bits_per_second":	1.35177e+07,
					"omitted":	false
				}],
			"sum":	{
				"start":	0,
				"end":	1.00067,
				"seconds":	1.00067,
				"bytes":	1690848,
				"bits_per_second":	1.35177e+07,
				"omitted":	false
			}
		}, {
			"streams":	[{
					"socket":	5,
					"start":	1.00067,
					"end":	2.00037,
					"seconds":	0.999705,
					"bytes":	1966080,
					"bits_per_second":	1.57333e+07,
					"omitted":	false
				}],
			"sum":	{
				"start":	1.00067,
				"end":	2.00037,
				"seconds":	0.999705,
				"bytes":	1966080,
				"bits_per_second":	1.57333e+07,
				"omitted":	false
			}
		}, {
			"streams":	[{
					"socket":	5,
					"start":	2.00037,
					"end":	3.00079,
					"seconds":	1.00041,
					"bytes":	1863968,
					"bits_per_second":	1.49056e+07,
					"omitted":	false
				}],
			"sum":	{
				"start":	2.00037,
				"end":	3.00079,
				"seconds":	1.00041,
				"bytes":	1863968,
				"bits_per_second":	1.49056e+07,
				"omitted":	false
			}
		}, {
			"streams":	[{
					"socket":	5,
					"start":	3.00079,
					"end":	4.00013,
					"seconds":	0.999346,
					"bytes":	1806048,
					"bits_per_second":	1.44578e+07,
					"omitted":	false
				}],
			"sum":	{
				"start":	3.00079,
				"end":	4.00013,
				"seconds":	0.999346,
				"bytes":	1806048,
				"bits_per_second":	1.44578e+07,
				"omitted":	false
			}
		}, {
			"streams":	[{
					"socket":	5,
					"start":	4.00013,
					"end":	5.00021,
					"seconds":	1.00008,
					"bytes":	1966080,
					"bits_per_second":	1.57274e+07,
					"omitted":	false
				}],
			"sum":	{
				"start":	4.00013,
				"end":	5.00021,
				"seconds":	1.00008,
				"bytes":	1966080,
				"bits_per_second":	1.57274e+07,
				"omitted":	false
			}
		}, {
			"streams":	[{
					"socket":	5,
					"start":	5.00021,
					"end":	5.00049,
					"seconds":	0.000276089,
					"bytes":	0,
					"bits_per_second":	0,
					"omitted":	false
				}],
			"sum":	{
				"start":	5.00021,
				"end":	5.00049,
				"seconds":	0.000276089,
				"bytes":	0,
				"bits_per_second":	0,
				"omitted":	false
			}
		}],
	"end":	{
		"streams":	[{
				"sender":	{
					"socket":	5,
					"start":	0,
					"end":	5.00049,
					"seconds":	5.00049,
					"bytes":	9293024,
					"bits_per_second":	1.48674e+07,
					"retransmits":	0
				},
				"receiver":	{
					"socket":	5,
					"start":	0,
					"end":	5.00049,
					"seconds":	5.00049,
					"bytes":	9293024,
					"bits_per_second":	1.48674e+07
				}
			}],
		"sum_sent":	{
			"start":	0,
			"end":	5.00049,
			"seconds":	5.00049,
			"bytes":	9293024,
			"bits_per_second":	1.48674e+07,
			"retransmits":	0
		},
		"sum_received":	{
			"start":	0,
			"end":	5.00049,
			"seconds":	5.00049,
			"bytes":	9293024,
			"bits_per_second":	1.48674e+07
		},
		"cpu_utilization_percent":	{
			"host_total":	1.44924,
			"host_user":	0,
			"host_system":	1.44926,
			"remote_total":	0.522224,
			"remote_user":	0,
			"remote_system":	0.522264
		}
	}
}
