{
	"start":	{
		"connected":	[{
				"socket":	5,
				"local_host":	"10.0.0.13",
				"local_port":	2918,
				"remote_host":	"10.0.0.1",
				"remote_port":	52692
			}],
		"version":	"iperf 3.7",
		"system_info":	"Linux H13 5.4.197-0504197-generic #202206060747 SMP Mon Jun 6 09:27:47 UTC 2022 x86_64",
		"target_bitrate":	15000000,
		"sock_bufsize":	0,
		"sndbuf_actual":	87380,
		"rcvbuf_actual":	87380,
		"timestamp":	{
			"time":	"Mon, 01 Aug 2022 00:25:22 GMT",
			"timesecs":	1659313522
		},
		"accepted_connection":	{
			"host":	"10.0.0.1",
			"port":	52690
		},
		"cookie":	"knf2xkqqvch4sj5d73ik2ic4bkd6fmhtwgmn",
		"tcp_mss_default":	0,
		"target_bitrate":	15000000,
		"test_start":	{
			"protocol":	"TCP",
			"num_streams":	1,
			"blksize":	131072,
			"omit":	0,
			"duration":	5,
			"bytes":	0,
			"blocks":	0,
			"reverse":	0,
			"tos":	0
		}
	},
	"intervals":	[{
			"streams":	[{
					"socket":	5,
					"start":	0,
					"end":	1.001008,
					"seconds":	1.0010080337524414,
					"bytes":	1966080,
					"bits_per_second":	15712800.966280594,
					"omitted":	false,
					"sender":	false
				}],
			"sum":	{
				"start":	0,
				"end":	1.001008,
				"seconds":	1.0010080337524414,
				"bytes":	1966080,
				"bits_per_second":	15712800.966280594,
				"omitted":	false,
				"sender":	false
			}
		}, {
			"streams":	[{
					"socket":	5,
					"start":	1.001008,
					"end":	2.000961,
					"seconds":	0.99995297193527222,
					"bytes":	1835008,
					"bits_per_second":	14680754.407468528,
					"omitted":	false,
					"sender":	false
				}],
			"sum":	{
				"start":	1.001008,
				"end":	2.000961,
				"seconds":	0.99995297193527222,
				"bytes":	1835008,
				"bits_per_second":	14680754.407468528,
				"omitted":	false,
				"sender":	false
			}
		}, {
			"streams":	[{
					"socket":	5,
					"start":	2.000961,
					"end":	3.000605,
					"seconds":	0.99964398145675659,
					"bytes":	1835008,
					"bits_per_second":	14685292.236349089,
					"omitted":	false,
					"sender":	false
				}],
			"sum":	{
				"start":	2.000961,
				"end":	3.000605,
				"seconds":	0.99964398145675659,
				"bytes":	1835008,
				"bits_per_second":	14685292.236349089,
				"omitted":	false,
				"sender":	false
			}
		}, {
			"streams":	[{
					"socket":	5,
					"start":	3.000605,
					"end":	4.000436,
					"seconds":	0.99983102083206177,
					"bytes":	1966080,
					"bits_per_second":	15731298.261690849,
					"omitted":	false,
					"sender":	false
				}],
			"sum":	{
				"start":	3.000605,
				"end":	4.000436,
				"seconds":	0.99983102083206177,
				"bytes":	1966080,
				"bits_per_second":	15731298.261690849,
				"omitted":	false,
				"sender":	false
			}
		}, {
			"streams":	[{
					"socket":	5,
					"start":	4.000436,
					"end":	5.000995,
					"seconds":	1.0005589723587036,
					"bytes":	1835008,
					"bits_per_second":	14671862.834224977,
					"omitted":	false,
					"sender":	false
				}],
			"sum":	{
				"start":	4.000436,
				"end":	5.000995,
				"seconds":	1.0005589723587036,
				"bytes":	1835008,
				"bits_per_second":	14671862.834224977,
				"omitted":	false,
				"sender":	false
			}
		}],
	"end":	{
		"streams":	[{
				"sender":	{
					"socket":	5,
					"start":	0,
					"end":	5.00127,
					"seconds":	5.00127,
					"bytes":	0,
					"bits_per_second":	0,
					"sender":	false
				},
				"receiver":	{
					"socket":	5,
					"start":	0,
					"end":	5.00127,
					"seconds":	5.00127,
					"bytes":	9437184,
					"bits_per_second":	15095660.102334008,
					"sender":	false
				}
			}],
		"sum_sent":	{
			"start":	0,
			"end":	5.00127,
			"seconds":	5.00127,
			"bytes":	0,
			"bits_per_second":	0,
			"sender":	false
		},
		"sum_received":	{
			"start":	0,
			"end":	5.00127,
			"seconds":	5.00127,
			"bytes":	9437184,
			"bits_per_second":	15095660.102334008,
			"sender":	false
		},
		"cpu_utilization_percent":	{
			"host_total":	2.421389764136876,
			"host_user":	2.4214097128089427,
			"host_system":	0,
			"remote_total":	0,
			"remote_user":	0,
			"remote_system":	0
		},
		"receiver_tcp_congestion":	"cubic"
	}
}
