{
	"start":	{
		"connected":	[{
				"socket":	5,
				"local_host":	"10.0.0.18",
				"local_port":	3639,
				"remote_host":	"10.0.0.6",
				"remote_port":	33010
			}],
		"version":	"iperf 3.0.7",
		"system_info":	"Linux CS4 5.4.197-0504197-generic #202206060747 SMP Mon Jun 6 09:27:47 UTC 2022 x86_64 x86_64 x86_64 GNU/Linux\n",
		"timestamp":	{
			"time":	"Mon, 25 Jul 2022 21:48:47 GMT",
			"timesecs":	1658785727
		},
		"accepted_connection":	{
			"host":	"10.0.0.6",
			"port":	36250
		},
		"cookie":	"BS6.1658785727.044766.2befd88f79c0ce",
		"test_start":	{
			"protocol":	"UDP",
			"num_streams":	1,
			"blksize":	8192,
			"omit":	0,
			"duration":	9,
			"bytes":	0,
			"blocks":	0,
			"reverse":	0
		}
	},
	"intervals":	[{
			"streams":	[{
					"socket":	5,
					"start":	0,
					"end":	1.00019,
					"seconds":	1.00019,
					"bytes":	2850816,
					"bits_per_second":	2.28021e+07,
					"jitter_ms":	1.24783,
					"lost_packets":	11,
					"packets":	348,
					"lost_percent":	3.16092,
					"omitted":	false
				}],
			"sum":	{
				"start":	0,
				"end":	1.00019,
				"seconds":	1.00019,
				"bytes":	2850816,
				"bits_per_second":	2.28021e+07,
				"jitter_ms":	1.24783,
				"lost_packets":	11,
				"packets":	348,
				"lost_percent":	3.16092,
				"omitted":	false
			}
		}, {
			"streams":	[{
					"socket":	5,
					"start":	1.00019,
					"end":	2.00128,
					"seconds":	1.00108,
					"bytes":	3055616,
					"bits_per_second":	2.44185e+07,
					"jitter_ms":	0.787808,
					"lost_packets":	18,
					"packets":	378,
					"lost_percent":	4.7619,
					"omitted":	false
				}],
			"sum":	{
				"start":	1.00019,
				"end":	2.00128,
				"seconds":	1.00108,
				"bytes":	3055616,
				"bits_per_second":	2.44185e+07,
				"jitter_ms":	0.787808,
				"lost_packets":	18,
				"packets":	378,
				"lost_percent":	4.7619,
				"omitted":	false
			}
		}, {
			"streams":	[{
					"socket":	5,
					"start":	2.00128,
					"end":	3.00039,
					"seconds":	0.999108,
					"bytes":	3121152,
					"bits_per_second":	2.49915e+07,
					"jitter_ms":	0.537878,
					"lost_packets":	0,
					"packets":	381,
					"lost_percent":	0,
					"omitted":	false
				}],
			"sum":	{
				"start":	2.00128,
				"end":	3.00039,
				"seconds":	0.999108,
				"bytes":	3121152,
				"bits_per_second":	2.49915e+07,
				"jitter_ms":	0.537878,
				"lost_packets":	0,
				"packets":	381,
				"lost_percent":	0,
				"omitted":	false
			}
		}, {
			"streams":	[{
					"socket":	5,
					"start":	3.00039,
					"end":	4.00191,
					"seconds":	1.00153,
					"bytes":	3137536,
					"bits_per_second":	2.5062e+07,
					"jitter_ms":	1.38483,
					"lost_packets":	1,
					"packets":	383,
					"lost_percent":	0.261097,
					"omitted":	false
				}],
			"sum":	{
				"start":	3.00039,
				"end":	4.00191,
				"seconds":	1.00153,
				"bytes":	3137536,
				"bits_per_second":	2.5062e+07,
				"jitter_ms":	1.38483,
				"lost_packets":	1,
				"packets":	383,
				"lost_percent":	0.261097,
				"omitted":	false
			}
		}, {
			"streams":	[{
					"socket":	5,
					"start":	4.00191,
					"end":	5.00045,
					"seconds":	0.998538,
					"bytes":	3121152,
					"bits_per_second":	2.50058e+07,
					"jitter_ms":	0.558506,
					"lost_packets":	0,
					"packets":	381,
					"lost_percent":	0,
					"omitted":	false
				}],
			"sum":	{
				"start":	4.00191,
				"end":	5.00045,
				"seconds":	0.998538,
				"bytes":	3121152,
				"bits_per_second":	2.50058e+07,
				"jitter_ms":	0.558506,
				"lost_packets":	0,
				"packets":	381,
				"lost_percent":	0,
				"omitted":	false
			}
		}, {
			"streams":	[{
					"socket":	5,
					"start":	5.00045,
					"end":	6.00038,
					"seconds":	0.999934,
					"bytes":	3121152,
					"bits_per_second":	2.49709e+07,
					"jitter_ms":	0.511215,
					"lost_packets":	0,
					"packets":	381,
					"lost_percent":	0,
					"omitted":	false
				}],
			"sum":	{
				"start":	5.00045,
				"end":	6.00038,
				"seconds":	0.999934,
				"bytes":	3121152,
				"bits_per_second":	2.49709e+07,
				"jitter_ms":	0.511215,
				"lost_packets":	0,
				"packets":	381,
				"lost_percent":	0,
				"omitted":	false
			}
		}, {
			"streams":	[{
					"socket":	5,
					"start":	6.00038,
					"end":	7.00019,
					"seconds":	0.999811,
					"bytes":	3121152,
					"bits_per_second":	2.49739e+07,
					"jitter_ms":	0.704996,
					"lost_packets":	0,
					"packets":	381,
					"lost_percent":	0,
					"omitted":	false
				}],
			"sum":	{
				"start":	6.00038,
				"end":	7.00019,
				"seconds":	0.999811,
				"bytes":	3121152,
				"bits_per_second":	2.49739e+07,
				"jitter_ms":	0.704996,
				"lost_packets":	0,
				"packets":	381,
				"lost_percent":	0,
				"omitted":	false
			}
		}, {
			"streams":	[{
					"socket":	5,
					"start":	7.00019,
					"end":	8.00017,
					"seconds":	0.99998,
					"bytes":	3121152,
					"bits_per_second":	2.49697e+07,
					"jitter_ms":	0.610535,
					"lost_packets":	0,
					"packets":	381,
					"lost_percent":	0,
					"omitted":	false
				}],
			"sum":	{
				"start":	7.00019,
				"end":	8.00017,
				"seconds":	0.99998,
				"bytes":	3121152,
				"bits_per_second":	2.49697e+07,
				"jitter_ms":	0.610535,
				"lost_packets":	0,
				"packets":	381,
				"lost_percent":	0,
				"omitted":	false
			}
		}, {
			"streams":	[{
					"socket":	5,
					"start":	8.00017,
					"end":	9.00033,
					"seconds":	1.00016,
					"bytes":	3129344,
					"bits_per_second":	2.50307e+07,
					"jitter_ms":	0.651672,
					"lost_packets":	0,
					"packets":	382,
					"lost_percent":	0,
					"omitted":	false
				}],
			"sum":	{
				"start":	8.00017,
				"end":	9.00033,
				"seconds":	1.00016,
				"bytes":	3129344,
				"bits_per_second":	2.50307e+07,
				"jitter_ms":	0.651672,
				"lost_packets":	0,
				"packets":	382,
				"lost_percent":	0,
				"omitted":	false
			}
		}, {
			"streams":	[{
					"socket":	5,
					"start":	9.00033,
					"end":	9.02628,
					"seconds":	0.025943,
					"bytes":	0,
					"bits_per_second":	0,
					"jitter_ms":	0.651672,
					"lost_packets":	0,
					"packets":	0,
					"lost_percent":	-nan,
					"omitted":	false
				}],
			"sum":	{
				"start":	9.00033,
				"end":	9.02628,
				"seconds":	0.025943,
				"bytes":	0,
				"bits_per_second":	0,
				"jitter_ms":	0.651672,
				"lost_packets":	0,
				"packets":	0,
				"lost_percent":	-nan,
				"omitted":	false
			}
		}],
	"end":	{
		"streams":	[{
				"udp":	{
					"socket":	5,
					"start":	0,
					"end":	9.02628,
					"seconds":	9.02628,
					"bytes":	27820032,
					"bits_per_second":	2.46569e+07,
					"jitter_ms":	0.651672,
					"lost_packets":	30,
					"packets":	3396,
					"lost_percent":	0.883392
				}
			}],
		"sum":	{
			"start":	0,
			"end":	9.02628,
			"seconds":	9.02628,
			"bytes":	27820032,
			"bits_per_second":	2.46569e+07,
			"jitter_ms":	0.651672,
			"lost_packets":	30,
			"packets":	3396,
			"lost_percent":	0.883392
		},
		"cpu_utilization_percent":	{
			"host_total":	2.36811,
			"host_user":	0,
			"host_system":	2.36811,
			"remote_total":	2.43644,
			"remote_user":	0.144131,
			"remote_system":	2.29228
		}
	},
	"error":	"OUT OF ORDER - incoming packet = 1 and received packet = 4 AND SP = 5",
	"error":	"OUT OF ORDER - incoming packet = 3 and received packet = 5 AND SP = 5",
	"error":	"OUT OF ORDER - incoming packet = 2 and received packet = 5 AND SP = 5",
	"error":	"OUT OF ORDER - incoming packet = 288 and received packet = 289 AND SP = 5",
	"error":	"OUT OF ORDER - incoming packet = 295 and received packet = 299 AND SP = 5",
	"error":	"OUT OF ORDER - incoming packet = 296 and received packet = 299 AND SP = 5",
	"error":	"OUT OF ORDER - incoming packet = 298 and received packet = 299 AND SP = 5",
	"error":	"OUT OF ORDER - incoming packet = 305 and received packet = 306 AND SP = 5",
	"error":	"OUT OF ORDER - incoming packet = 307 and received packet = 309 AND SP = 5",
	"error":	"OUT OF ORDER - incoming packet = 308 and received packet = 309 AND SP = 5",
	"error":	"OUT OF ORDER - incoming packet = 338 and received packet = 339 AND SP = 5",
	"error":	"OUT OF ORDER - incoming packet = 528 and received packet = 529 AND SP = 5",
	"error":	"OUT OF ORDER - incoming packet = 530 and received packet = 532 AND SP = 5",
	"error":	"OUT OF ORDER - incoming packet = 538 and received packet = 539 AND SP = 5",
	"error":	"OUT OF ORDER - incoming packet = 543 and received packet = 545 AND SP = 5",
	"error":	"OUT OF ORDER - incoming packet = 546 and received packet = 549 AND SP = 5",
	"error":	"OUT OF ORDER - incoming packet = 547 and received packet = 549 AND SP = 5",
	"error":	"OUT OF ORDER - incoming packet = 553 and received packet = 554 AND SP = 5",
	"error":	"OUT OF ORDER - incoming packet = 557 and received packet = 558 AND SP = 5",
	"error":	"OUT OF ORDER - incoming packet = 678 and received packet = 685 AND SP = 5",
	"error":	"OUT OF ORDER - incoming packet = 679 and received packet = 687 AND SP = 5",
	"error":	"OUT OF ORDER - incoming packet = 681 and received packet = 688 AND SP = 5",
	"error":	"OUT OF ORDER - incoming packet = 684 and received packet = 688 AND SP = 5",
	"error":	"OUT OF ORDER - incoming packet = 686 and received packet = 688 AND SP = 5",
	"error":	"OUT OF ORDER - incoming packet = 1481 and received packet = 1482 AND SP = 5"
}
