{
	"start":	{
		"connected":	[{
				"socket":	5,
				"local_host":	"10.0.0.11",
				"local_port":	3713,
				"remote_host":	"10.0.0.1",
				"remote_port":	49906
			}],
		"version":	"iperf 3.0.7",
		"system_info":	"Linux H11 5.4.197-0504197-generic #202206060747 SMP Mon Jun 6 09:27:47 UTC 2022 x86_64 x86_64 x86_64 GNU/Linux\n",
		"timestamp":	{
			"time":	"Fri, 22 Jul 2022 15:01:23 GMT",
			"timesecs":	1658502083
		},
		"accepted_connection":	{
			"host":	"10.0.0.1",
			"port":	49904
		},
		"cookie":	"H1.1658502083.972404.0e2fef1114c8211",
		"tcp_mss_default":	1448,
		"test_start":	{
			"protocol":	"TCP",
			"num_streams":	1,
			"blksize":	131072,
			"omit":	0,
			"duration":	5,
			"bytes":	0,
			"blocks":	0,
			"reverse":	0
		}
	},
	"intervals":	[{
			"streams":	[{
					"socket":	5,
					"start":	0,
					"end":	1.00048,
					"seconds":	1.00048,
					"bytes":	1703936,
					"bits_per_second":	1.36249e+07,
					"omitted":	false
				}],
			"sum":	{
				"start":	0,
				"end":	1.00048,
				"seconds":	1.00048,
				"bytes":	1703936,
				"bits_per_second":	1.36249e+07,
				"omitted":	false
			}
		}, {
			"streams":	[{
					"socket":	5,
					"start":	1.00048,
					"end":	2.00081,
					"seconds":	1.00033,
					"bytes":	1966080,
					"bits_per_second":	1.57235e+07,
					"omitted":	false
				}],
			"sum":	{
				"start":	1.00048,
				"end":	2.00081,
				"seconds":	1.00033,
				"bytes":	1966080,
				"bits_per_second":	1.57235e+07,
				"omitted":	false
			}
		}, {
			"streams":	[{
					"socket":	5,
					"start":	2.00081,
					"end":	3.0006,
					"seconds":	0.999783,
					"bytes":	1835008,
					"bits_per_second":	1.46832e+07,
					"omitted":	false
				}],
			"sum":	{
				"start":	2.00081,
				"end":	3.0006,
				"seconds":	0.999783,
				"bytes":	1835008,
				"bits_per_second":	1.46832e+07,
				"omitted":	false
			}
		}, {
			"streams":	[{
					"socket":	5,
					"start":	3.0006,
					"end":	4.00042,
					"seconds":	0.999821,
					"bytes":	1835008,
					"bits_per_second":	1.46827e+07,
					"omitted":	false
				}],
			"sum":	{
				"start":	3.0006,
				"end":	4.00042,
				"seconds":	0.999821,
				"bytes":	1835008,
				"bits_per_second":	1.46827e+07,
				"omitted":	false
			}
		}, {
			"streams":	[{
					"socket":	5,
					"start":	4.00042,
					"end":	5.00069,
					"seconds":	1.00027,
					"bytes":	1966080,
					"bits_per_second":	1.57244e+07,
					"omitted":	false
				}],
			"sum":	{
				"start":	4.00042,
				"end":	5.00069,
				"seconds":	1.00027,
				"bytes":	1966080,
				"bits_per_second":	1.57244e+07,
				"omitted":	false
			}
		}, {
			"streams":	[{
					"socket":	5,
					"start":	5.00069,
					"end":	5.00307,
					"seconds":	0.00238895,
					"bytes":	0,
					"bits_per_second":	0,
					"omitted":	false
				}],
			"sum":	{
				"start":	5.00069,
				"end":	5.00307,
				"seconds":	0.00238895,
				"bytes":	0,
				"bits_per_second":	0,
				"omitted":	false
			}
		}],
	"end":	{
		"streams":	[{
				"sender":	{
					"socket":	5,
					"start":	0,
					"end":	5.00307,
					"seconds":	5.00307,
					"bytes":	9306112,
					"bits_per_second":	1.48806e+07,
					"retransmits":	0
				},
				"receiver":	{
					"socket":	5,
					"start":	0,
					"end":	5.00307,
					"seconds":	5.00307,
					"bytes":	9306112,
					"bits_per_second":	1.48806e+07
				}
			}],
		"sum_sent":	{
			"start":	0,
			"end":	5.00307,
			"seconds":	5.00307,
			"bytes":	9306112,
			"bits_per_second":	1.48806e+07,
			"retransmits":	0
		},
		"sum_received":	{
			"start":	0,
			"end":	5.00307,
			"seconds":	5.00307,
			"bytes":	9306112,
			"bits_per_second":	1.48806e+07
		},
		"cpu_utilization_percent":	{
			"host_total":	1.66783,
			"host_user":	0.344149,
			"host_system":	1.32372,
			"remote_total":	0.44718,
			"remote_user":	0,
			"remote_system":	0.44716
		}
	}
}
