{
	"start":	{
		"connected":	[{
				"socket":	5,
				"local_host":	"10.0.0.16",
				"local_port":	3824,
				"remote_host":	"10.0.0.6",
				"remote_port":	54689
			}],
		"version":	"iperf 3.0.7",
		"system_info":	"Linux CS2 5.4.197-0504197-generic #202206060747 SMP Mon Jun 6 09:27:47 UTC 2022 x86_64 x86_64 x86_64 GNU/Linux\n",
		"timestamp":	{
			"time":	"Mon, 25 Jul 2022 21:42:42 GMT",
			"timesecs":	1658785362
		},
		"accepted_connection":	{
			"host":	"10.0.0.6",
			"port":	58826
		},
		"cookie":	"BS6.1658785362.243536.4337717e384a67",
		"test_start":	{
			"protocol":	"UDP",
			"num_streams":	1,
			"blksize":	8192,
			"omit":	0,
			"duration":	9,
			"bytes":	0,
			"blocks":	0,
			"reverse":	0
		}
	},
	"intervals":	[{
			"streams":	[{
					"socket":	5,
					"start":	0,
					"end":	1.0003,
					"seconds":	1.0003,
					"bytes":	5660672,
					"bits_per_second":	4.5272e+07,
					"jitter_ms":	0.863549,
					"lost_packets":	3,
					"packets":	691,
					"lost_percent":	0.434153,
					"omitted":	false
				}],
			"sum":	{
				"start":	0,
				"end":	1.0003,
				"seconds":	1.0003,
				"bytes":	5660672,
				"bits_per_second":	4.5272e+07,
				"jitter_ms":	0.863549,
				"lost_packets":	3,
				"packets":	691,
				"lost_percent":	0.434153,
				"omitted":	false
			}
		}, {
			"streams":	[{
					"socket":	5,
					"start":	1.0003,
					"end":	2.00089,
					"seconds":	1.00059,
					"bytes":	6209536,
					"bits_per_second":	4.96471e+07,
					"jitter_ms":	0.762042,
					"lost_packets":	49,
					"packets":	766,
					"lost_percent":	6.39687,
					"omitted":	false
				}],
			"sum":	{
				"start":	1.0003,
				"end":	2.00089,
				"seconds":	1.00059,
				"bytes":	6209536,
				"bits_per_second":	4.96471e+07,
				"jitter_ms":	0.762042,
				"lost_packets":	49,
				"packets":	766,
				"lost_percent":	6.39687,
				"omitted":	false
			}
		}, {
			"streams":	[{
					"socket":	5,
					"start":	2.00089,
					"end":	3.00143,
					"seconds":	1.00055,
					"bytes":	6324224,
					"bits_per_second":	5.0566e+07,
					"jitter_ms":	0.766375,
					"lost_packets":	7,
					"packets":	772,
					"lost_percent":	0.906736,
					"omitted":	false
				}],
			"sum":	{
				"start":	2.00089,
				"end":	3.00143,
				"seconds":	1.00055,
				"bytes":	6324224,
				"bits_per_second":	5.0566e+07,
				"jitter_ms":	0.766375,
				"lost_packets":	7,
				"packets":	772,
				"lost_percent":	0.906736,
				"omitted":	false
			}
		}, {
			"streams":	[{
					"socket":	5,
					"start":	3.00143,
					"end":	4.00033,
					"seconds":	0.998895,
					"bytes":	6160384,
					"bits_per_second":	4.93376e+07,
					"jitter_ms":	0.645671,
					"lost_packets":	13,
					"packets":	752,
					"lost_percent":	1.72872,
					"omitted":	false
				}],
			"sum":	{
				"start":	3.00143,
				"end":	4.00033,
				"seconds":	0.998895,
				"bytes":	6160384,
				"bits_per_second":	4.93376e+07,
				"jitter_ms":	0.645671,
				"lost_packets":	13,
				"packets":	752,
				"lost_percent":	1.72872,
				"omitted":	false
			}
		}, {
			"streams":	[{
					"socket":	5,
					"start":	4.00033,
					"end":	5.00059,
					"seconds":	1.00026,
					"bytes":	6225920,
					"bits_per_second":	4.97945e+07,
					"jitter_ms":	0.929485,
					"lost_packets":	16,
					"packets":	760,
					"lost_percent":	2.10526,
					"omitted":	false
				}],
			"sum":	{
				"start":	4.00033,
				"end":	5.00059,
				"seconds":	1.00026,
				"bytes":	6225920,
				"bits_per_second":	4.97945e+07,
				"jitter_ms":	0.929485,
				"lost_packets":	16,
				"packets":	760,
				"lost_percent":	2.10526,
				"omitted":	false
			}
		}, {
			"streams":	[{
					"socket":	5,
					"start":	5.00059,
					"end":	6.00079,
					"seconds":	1.00021,
					"bytes":	6365184,
					"bits_per_second":	5.0911e+07,
					"jitter_ms":	2.02034,
					"lost_packets":	35,
					"packets":	777,
					"lost_percent":	4.5045,
					"omitted":	false
				}],
			"sum":	{
				"start":	5.00059,
				"end":	6.00079,
				"seconds":	1.00021,
				"bytes":	6365184,
				"bits_per_second":	5.0911e+07,
				"jitter_ms":	2.02034,
				"lost_packets":	35,
				"packets":	777,
				"lost_percent":	4.5045,
				"omitted":	false
			}
		}, {
			"streams":	[{
					"socket":	5,
					"start":	6.00079,
					"end":	7.0003,
					"seconds":	0.999511,
					"bytes":	6193152,
					"bits_per_second":	4.95695e+07,
					"jitter_ms":	1.08266,
					"lost_packets":	34,
					"packets":	763,
					"lost_percent":	4.45609,
					"omitted":	false
				}],
			"sum":	{
				"start":	6.00079,
				"end":	7.0003,
				"seconds":	0.999511,
				"bytes":	6193152,
				"bits_per_second":	4.95695e+07,
				"jitter_ms":	1.08266,
				"lost_packets":	34,
				"packets":	763,
				"lost_percent":	4.45609,
				"omitted":	false
			}
		}, {
			"streams":	[{
					"socket":	5,
					"start":	7.0003,
					"end":	8.00015,
					"seconds":	0.999846,
					"bytes":	6307840,
					"bits_per_second":	5.04705e+07,
					"jitter_ms":	1.43677,
					"lost_packets":	21,
					"packets":	770,
					"lost_percent":	2.72727,
					"omitted":	false
				}],
			"sum":	{
				"start":	7.0003,
				"end":	8.00015,
				"seconds":	0.999846,
				"bytes":	6307840,
				"bits_per_second":	5.04705e+07,
				"jitter_ms":	1.43677,
				"lost_packets":	21,
				"packets":	770,
				"lost_percent":	2.72727,
				"omitted":	false
			}
		}, {
			"streams":	[{
					"socket":	5,
					"start":	8.00015,
					"end":	9.00042,
					"seconds":	1.00027,
					"bytes":	6168576,
					"bits_per_second":	4.93351e+07,
					"jitter_ms":	0.818525,
					"lost_packets":	9,
					"packets":	753,
					"lost_percent":	1.19522,
					"omitted":	false
				}],
			"sum":	{
				"start":	8.00015,
				"end":	9.00042,
				"seconds":	1.00027,
				"bytes":	6168576,
				"bits_per_second":	4.93351e+07,
				"jitter_ms":	0.818525,
				"lost_packets":	9,
				"packets":	753,
				"lost_percent":	1.19522,
				"omitted":	false
			}
		}, {
			"streams":	[{
					"socket":	5,
					"start":	9.00042,
					"end":	9.02742,
					"seconds":	0.0269971,
					"bytes":	0,
					"bits_per_second":	0,
					"jitter_ms":	0.818525,
					"lost_packets":	0,
					"packets":	0,
					"lost_percent":	-nan,
					"omitted":	false
				}],
			"sum":	{
				"start":	9.00042,
				"end":	9.02742,
				"seconds":	0.0269971,
				"bytes":	0,
				"bits_per_second":	0,
				"jitter_ms":	0.818525,
				"lost_packets":	0,
				"packets":	0,
				"lost_percent":	-nan,
				"omitted":	false
			}
		}],
	"end":	{
		"streams":	[{
				"udp":	{
					"socket":	5,
					"start":	0,
					"end":	9.02742,
					"seconds":	9.02742,
					"bytes":	55738368,
					"bits_per_second":	4.93947e+07,
					"jitter_ms":	0.818525,
					"lost_packets":	187,
					"packets":	6804,
					"lost_percent":	2.74838
				}
			}],
		"sum":	{
			"start":	0,
			"end":	9.02742,
			"seconds":	9.02742,
			"bytes":	55738368,
			"bits_per_second":	4.93947e+07,
			"jitter_ms":	0.818525,
			"lost_packets":	187,
			"packets":	6804,
			"lost_percent":	2.74838
		},
		"cpu_utilization_percent":	{
			"host_total":	5.81299,
			"host_user":	0.873807,
			"host_system":	4.9392,
			"remote_total":	12.9142,
			"remote_user":	0.304322,
			"remote_system":	12.6099
		}
	},
	"error":	"OUT OF ORDER - incoming packet = 136 and received packet = 137 AND SP = 5",
	"error":	"OUT OF ORDER - incoming packet = 204 and received packet = 205 AND SP = 5",
	"error":	"OUT OF ORDER - incoming packet = 447 and received packet = 448 AND SP = 5",
	"error":	"OUT OF ORDER - incoming packet = 950 and received packet = 951 AND SP = 5",
	"error":	"OUT OF ORDER - incoming packet = 1020 and received packet = 1021 AND SP = 5",
	"error":	"OUT OF ORDER - incoming packet = 1024 and received packet = 1025 AND SP = 5",
	"error":	"OUT OF ORDER - incoming packet = 1026 and received packet = 1027 AND SP = 5",
	"error":	"OUT OF ORDER - incoming packet = 1029 and received packet = 1030 AND SP = 5",
	"error":	"OUT OF ORDER - incoming packet = 1159 and received packet = 1160 AND SP = 5",
	"error":	"OUT OF ORDER - incoming packet = 1167 and received packet = 1168 AND SP = 5",
	"error":	"OUT OF ORDER - incoming packet = 1169 and received packet = 1171 AND SP = 5",
	"error":	"OUT OF ORDER - incoming packet = 1170 and received packet = 1171 AND SP = 5",
	"error":	"OUT OF ORDER - incoming packet = 1180 and received packet = 1181 AND SP = 5",
	"error":	"OUT OF ORDER - incoming packet = 1174 and received packet = 1181 AND SP = 5",
	"error":	"OUT OF ORDER - incoming packet = 1178 and received packet = 1181 AND SP = 5",
	"error":	"OUT OF ORDER - incoming packet = 1179 and received packet = 1181 AND SP = 5",
	"error":	"OUT OF ORDER - incoming packet = 1182 and received packet = 1185 AND SP = 5",
	"error":	"OUT OF ORDER - incoming packet = 1189 and received packet = 1191 AND SP = 5",
	"error":	"OUT OF ORDER - incoming packet = 1190 and received packet = 1191 AND SP = 5",
	"error":	"OUT OF ORDER - incoming packet = 1198 and received packet = 1202 AND SP = 5",
	"error":	"OUT OF ORDER - incoming packet = 1199 and received packet = 1202 AND SP = 5",
	"error":	"OUT OF ORDER - incoming packet = 1204 and received packet = 1206 AND SP = 5",
	"error":	"OUT OF ORDER - incoming packet = 1203 and received packet = 1206 AND SP = 5",
	"error":	"OUT OF ORDER - incoming packet = 1210 and received packet = 1214 AND SP = 5",
	"error":	"OUT OF ORDER - incoming packet = 1213 and received packet = 1214 AND SP = 5",
	"error":	"OUT OF ORDER - incoming packet = 1217 and received packet = 1219 AND SP = 5",
	"error":	"OUT OF ORDER - incoming packet = 1218 and received packet = 1220 AND SP = 5",
	"error":	"OUT OF ORDER - incoming packet = 1222 and received packet = 1226 AND SP = 5",
	"error":	"OUT OF ORDER - incoming packet = 1221 and received packet = 1227 AND SP = 5",
	"error":	"OUT OF ORDER - incoming packet = 1224 and received packet = 1227 AND SP = 5",
	"error":	"OUT OF ORDER - incoming packet = 1225 and received packet = 1227 AND SP = 5",
	"error":	"OUT OF ORDER - incoming packet = 1229 and received packet = 1231 AND SP = 5",
	"error":	"OUT OF ORDER - incoming packet = 1230 and received packet = 1238 AND SP = 5",
	"error":	"OUT OF ORDER - incoming packet = 1233 and received packet = 1238 AND SP = 5",
	"error":	"OUT OF ORDER - incoming packet = 1236 and received packet = 1238 AND SP = 5",
	"error":	"OUT OF ORDER - incoming packet = 1242 and received packet = 1244 AND SP = 5",
	"error":	"OUT OF ORDER - incoming packet = 1243 and received packet = 1244 AND SP = 5",
	"error":	"OUT OF ORDER - incoming packet = 1240 and received packet = 1244 AND SP = 5",
	"error":	"OUT OF ORDER - incoming packet = 1245 and received packet = 1248 AND SP = 5",
	"error":	"OUT OF ORDER - incoming packet = 1258 and received packet = 1260 AND SP = 5",
	"error":	"OUT OF ORDER - incoming packet = 1259 and received packet = 1260 AND SP = 5",
	"error":	"OUT OF ORDER - incoming packet = 1263 and received packet = 1264 AND SP = 5",
	"error":	"OUT OF ORDER - incoming packet = 1271 and received packet = 1273 AND SP = 5",
	"error":	"OUT OF ORDER - incoming packet = 1274 and received packet = 1275 AND SP = 5",
	"error":	"OUT OF ORDER - incoming packet = 1616 and received packet = 1617 AND SP = 5",
	"error":	"OUT OF ORDER - incoming packet = 1923 and received packet = 1924 AND SP = 5",
	"error":	"OUT OF ORDER - incoming packet = 1932 and received packet = 1933 AND SP = 5",
	"error":	"OUT OF ORDER - incoming packet = 1948 and received packet = 1949 AND SP = 5",
	"error":	"OUT OF ORDER - incoming packet = 2086 and received packet = 2087 AND SP = 5",
	"error":	"OUT OF ORDER - incoming packet = 2189 and received packet = 2190 AND SP = 5",
	"error":	"OUT OF ORDER - incoming packet = 2205 and received packet = 2206 AND SP = 5",
	"error":	"OUT OF ORDER - incoming packet = 2253 and received packet = 2254 AND SP = 5",
	"error":	"OUT OF ORDER - incoming packet = 2328 and received packet = 2329 AND SP = 5",
	"error":	"OUT OF ORDER - incoming packet = 2447 and received packet = 2448 AND SP = 5",
	"error":	"OUT OF ORDER - incoming packet = 2458 and received packet = 2459 AND SP = 5",
	"error":	"OUT OF ORDER - incoming packet = 2464 and received packet = 2466 AND SP = 5",
	"error":	"OUT OF ORDER - incoming packet = 2475 and received packet = 2476 AND SP = 5",
	"error":	"OUT OF ORDER - incoming packet = 2479 and received packet = 2480 AND SP = 5",
	"error":	"OUT OF ORDER - incoming packet = 2493 and received packet = 2494 AND SP = 5",
	"error":	"OUT OF ORDER - incoming packet = 2495 and received packet = 2497 AND SP = 5",
	"error":	"OUT OF ORDER - incoming packet = 2496 and received packet = 2497 AND SP = 5",
	"error":	"OUT OF ORDER - incoming packet = 2502 and received packet = 2503 AND SP = 5",
	"error":	"OUT OF ORDER - incoming packet = 2540 and received packet = 2541 AND SP = 5",
	"error":	"OUT OF ORDER - incoming packet = 2697 and received packet = 2698 AND SP = 5",
	"error":	"OUT OF ORDER - incoming packet = 3182 and received packet = 3183 AND SP = 5",
	"error":	"OUT OF ORDER - incoming packet = 3271 and received packet = 3272 AND SP = 5",
	"error":	"OUT OF ORDER - incoming packet = 3365 and received packet = 3366 AND SP = 5",
	"error":	"OUT OF ORDER - incoming packet = 3432 and received packet = 3434 AND SP = 5",
	"error":	"OUT OF ORDER - incoming packet = 3445 and received packet = 3446 AND SP = 5",
	"error":	"OUT OF ORDER - incoming packet = 3518 and received packet = 3519 AND SP = 5",
	"error":	"OUT OF ORDER - incoming packet = 3529 and received packet = 3538 AND SP = 5",
	"error":	"OUT OF ORDER - incoming packet = 3607 and received packet = 3610 AND SP = 5",
	"error":	"OUT OF ORDER - incoming packet = 3608 and received packet = 3610 AND SP = 5",
	"error":	"OUT OF ORDER - incoming packet = 3612 and received packet = 3613 AND SP = 5",
	"error":	"OUT OF ORDER - incoming packet = 3614 and received packet = 3615 AND SP = 5",
	"error":	"OUT OF ORDER - incoming packet = 3616 and received packet = 3618 AND SP = 5",
	"error":	"OUT OF ORDER - incoming packet = 3617 and received packet = 3619 AND SP = 5",
	"error":	"OUT OF ORDER - incoming packet = 3646 and received packet = 3647 AND SP = 5",
	"error":	"OUT OF ORDER - incoming packet = 3650 and received packet = 3652 AND SP = 5",
	"error":	"OUT OF ORDER - incoming packet = 3651 and received packet = 3652 AND SP = 5",
	"error":	"OUT OF ORDER - incoming packet = 3835 and received packet = 3840 AND SP = 5",
	"error":	"OUT OF ORDER - incoming packet = 3839 and received packet = 3843 AND SP = 5",
	"error":	"OUT OF ORDER - incoming packet = 3845 and received packet = 3846 AND SP = 5",
	"error":	"OUT OF ORDER - incoming packet = 3848 and received packet = 3850 AND SP = 5",
	"error":	"OUT OF ORDER - incoming packet = 3852 and received packet = 3853 AND SP = 5",
	"error":	"OUT OF ORDER - incoming packet = 3855 and received packet = 3856 AND SP = 5",
	"error":	"OUT OF ORDER - incoming packet = 3973 and received packet = 3974 AND SP = 5",
	"error":	"OUT OF ORDER - incoming packet = 3978 and received packet = 3980 AND SP = 5",
	"error":	"OUT OF ORDER - incoming packet = 3987 and received packet = 3988 AND SP = 5",
	"error":	"OUT OF ORDER - incoming packet = 3995 and received packet = 3996 AND SP = 5",
	"error":	"OUT OF ORDER - incoming packet = 4003 and received packet = 4004 AND SP = 5",
	"error":	"OUT OF ORDER - incoming packet = 4126 and received packet = 4127 AND SP = 5",
	"error":	"OUT OF ORDER - incoming packet = 4135 and received packet = 4139 AND SP = 5",
	"error":	"OUT OF ORDER - incoming packet = 4138 and received packet = 4142 AND SP = 5",
	"error":	"OUT OF ORDER - incoming packet = 4151 and received packet = 4152 AND SP = 5",
	"error":	"OUT OF ORDER - incoming packet = 4153 and received packet = 4154 AND SP = 5",
	"error":	"OUT OF ORDER - incoming packet = 4217 and received packet = 4218 AND SP = 5",
	"error":	"OUT OF ORDER - incoming packet = 4219 and received packet = 4221 AND SP = 5",
	"error":	"OUT OF ORDER - incoming packet = 4224 and received packet = 4225 AND SP = 5",
	"error":	"OUT OF ORDER - incoming packet = 4243 and received packet = 4249 AND SP = 5",
	"error":	"OUT OF ORDER - incoming packet = 4265 and received packet = 4266 AND SP = 5",
	"error":	"OUT OF ORDER - incoming packet = 4346 and received packet = 4349 AND SP = 5",
	"error":	"OUT OF ORDER - incoming packet = 4350 and received packet = 4351 AND SP = 5",
	"error":	"OUT OF ORDER - incoming packet = 4373 and received packet = 4375 AND SP = 5",
	"error":	"OUT OF ORDER - incoming packet = 4411 and received packet = 4412 AND SP = 5",
	"error":	"OUT OF ORDER - incoming packet = 4425 and received packet = 4426 AND SP = 5",
	"error":	"OUT OF ORDER - incoming packet = 4431 and received packet = 4432 AND SP = 5",
	"error":	"OUT OF ORDER - incoming packet = 4444 and received packet = 4445 AND SP = 5",
	"error":	"OUT OF ORDER - incoming packet = 4450 and received packet = 4451 AND SP = 5",
	"error":	"OUT OF ORDER - incoming packet = 4458 and received packet = 4459 AND SP = 5",
	"error":	"OUT OF ORDER - incoming packet = 4463 and received packet = 4464 AND SP = 5",
	"error":	"OUT OF ORDER - incoming packet = 4490 and received packet = 4491 AND SP = 5",
	"error":	"OUT OF ORDER - incoming packet = 4499 and received packet = 4500 AND SP = 5",
	"error":	"OUT OF ORDER - incoming packet = 4502 and received packet = 4503 AND SP = 5",
	"error":	"OUT OF ORDER - incoming packet = 4516 and received packet = 4517 AND SP = 5",
	"error":	"OUT OF ORDER - incoming packet = 4572 and received packet = 4573 AND SP = 5",
	"error":	"OUT OF ORDER - incoming packet = 4579 and received packet = 4580 AND SP = 5",
	"error":	"OUT OF ORDER - incoming packet = 4599 and received packet = 4600 AND SP = 5",
	"error":	"OUT OF ORDER - incoming packet = 4629 and received packet = 4631 AND SP = 5",
	"error":	"OUT OF ORDER - incoming packet = 4630 and received packet = 4631 AND SP = 5",
	"error":	"OUT OF ORDER - incoming packet = 4632 and received packet = 4633 AND SP = 5",
	"error":	"OUT OF ORDER - incoming packet = 4686 and received packet = 4687 AND SP = 5",
	"error":	"OUT OF ORDER - incoming packet = 4700 and received packet = 4701 AND SP = 5",
	"error":	"OUT OF ORDER - incoming packet = 4702 and received packet = 4703 AND SP = 5",
	"error":	"OUT OF ORDER - incoming packet = 4750 and received packet = 4752 AND SP = 5",
	"error":	"OUT OF ORDER - incoming packet = 4758 and received packet = 4760 AND SP = 5",
	"error":	"OUT OF ORDER - incoming packet = 4761 and received packet = 4766 AND SP = 5",
	"error":	"OUT OF ORDER - incoming packet = 4762 and received packet = 4766 AND SP = 5",
	"error":	"OUT OF ORDER - incoming packet = 4764 and received packet = 4769 AND SP = 5",
	"error":	"OUT OF ORDER - incoming packet = 4779 and received packet = 4780 AND SP = 5",
	"error":	"OUT OF ORDER - incoming packet = 4781 and received packet = 4782 AND SP = 5",
	"error":	"OUT OF ORDER - incoming packet = 4793 and received packet = 4794 AND SP = 5",
	"error":	"OUT OF ORDER - incoming packet = 4800 and received packet = 4801 AND SP = 5",
	"error":	"OUT OF ORDER - incoming packet = 4802 and received packet = 4803 AND SP = 5",
	"error":	"OUT OF ORDER - incoming packet = 4856 and received packet = 4857 AND SP = 5",
	"error":	"OUT OF ORDER - incoming packet = 4988 and received packet = 4990 AND SP = 5",
	"error":	"OUT OF ORDER - incoming packet = 4989 and received packet = 4990 AND SP = 5",
	"error":	"OUT OF ORDER - incoming packet = 4991 and received packet = 4992 AND SP = 5",
	"error":	"OUT OF ORDER - incoming packet = 5022 and received packet = 5023 AND SP = 5",
	"error":	"OUT OF ORDER - incoming packet = 5044 and received packet = 5046 AND SP = 5",
	"error":	"OUT OF ORDER - incoming packet = 5092 and received packet = 5093 AND SP = 5",
	"error":	"OUT OF ORDER - incoming packet = 5154 and received packet = 5155 AND SP = 5",
	"error":	"OUT OF ORDER - incoming packet = 5295 and received packet = 5296 AND SP = 5",
	"error":	"OUT OF ORDER - incoming packet = 5482 and received packet = 5483 AND SP = 5",
	"error":	"OUT OF ORDER - incoming packet = 5542 and received packet = 5548 AND SP = 5",
	"error":	"OUT OF ORDER - incoming packet = 5603 and received packet = 5604 AND SP = 5",
	"error":	"OUT OF ORDER - incoming packet = 5605 and received packet = 5607 AND SP = 5",
	"error":	"OUT OF ORDER - incoming packet = 5606 and received packet = 5607 AND SP = 5",
	"error":	"OUT OF ORDER - incoming packet = 5608 and received packet = 5610 AND SP = 5",
	"error":	"OUT OF ORDER - incoming packet = 5609 and received packet = 5610 AND SP = 5",
	"error":	"OUT OF ORDER - incoming packet = 5612 and received packet = 5614 AND SP = 5",
	"error":	"OUT OF ORDER - incoming packet = 5615 and received packet = 5617 AND SP = 5",
	"error":	"OUT OF ORDER - incoming packet = 5640 and received packet = 5641 AND SP = 5",
	"error":	"OUT OF ORDER - incoming packet = 5679 and received packet = 5681 AND SP = 5",
	"error":	"OUT OF ORDER - incoming packet = 5680 and received packet = 5683 AND SP = 5",
	"error":	"OUT OF ORDER - incoming packet = 5682 and received packet = 5683 AND SP = 5",
	"error":	"OUT OF ORDER - incoming packet = 5692 and received packet = 5693 AND SP = 5",
	"error":	"OUT OF ORDER - incoming packet = 5704 and received packet = 5706 AND SP = 5",
	"error":	"OUT OF ORDER - incoming packet = 5811 and received packet = 5812 AND SP = 5",
	"error":	"OUT OF ORDER - incoming packet = 5815 and received packet = 5816 AND SP = 5",
	"error":	"OUT OF ORDER - incoming packet = 5824 and received packet = 5825 AND SP = 5",
	"error":	"OUT OF ORDER - incoming packet = 5827 and received packet = 5828 AND SP = 5",
	"error":	"OUT OF ORDER - incoming packet = 6041 and received packet = 6042 AND SP = 5",
	"error":	"OUT OF ORDER - incoming packet = 6103 and received packet = 6106 AND SP = 5",
	"error":	"OUT OF ORDER - incoming packet = 6134 and received packet = 6137 AND SP = 5",
	"error":	"OUT OF ORDER - incoming packet = 6219 and received packet = 6220 AND SP = 5",
	"error":	"OUT OF ORDER - incoming packet = 6263 and received packet = 6267 AND SP = 5",
	"error":	"OUT OF ORDER - incoming packet = 6273 and received packet = 6276 AND SP = 5",
	"error":	"OUT OF ORDER - incoming packet = 6387 and received packet = 6388 AND SP = 5",
	"error":	"OUT OF ORDER - incoming packet = 6394 and received packet = 6395 AND SP = 5",
	"error":	"OUT OF ORDER - incoming packet = 6459 and received packet = 6461 AND SP = 5",
	"error":	"OUT OF ORDER - incoming packet = 6463 and received packet = 6464 AND SP = 5"
}
