{
	"start":	{
		"connected":	[{
				"socket":	5,
				"local_host":	"10.0.0.9",
				"local_port":	4096,
				"remote_host":	"10.0.0.2",
				"remote_port":	53054
			}],
		"version":	"iperf 3.0.7",
		"system_info":	"Linux H9 5.4.197-0504197-generic #202206060747 SMP Mon Jun 6 09:27:47 UTC 2022 x86_64 x86_64 x86_64 GNU/Linux\n",
		"timestamp":	{
			"time":	"Fri, 22 Jul 2022 16:20:55 GMT",
			"timesecs":	1658506855
		},
		"accepted_connection":	{
			"host":	"10.0.0.2",
			"port":	53052
		},
		"cookie":	"H2.1658506855.340625.5935635b1115c94",
		"tcp_mss_default":	1448,
		"test_start":	{
			"protocol":	"TCP",
			"num_streams":	1,
			"blksize":	131072,
			"omit":	0,
			"duration":	5,
			"bytes":	0,
			"blocks":	0,
			"reverse":	0
		}
	},
	"intervals":	[{
			"streams":	[{
					"socket":	5,
					"start":	0,
					"end":	1.00077,
					"seconds":	1.00077,
					"bytes":	1703936,
					"bits_per_second":	1.36211e+07,
					"omitted":	false
				}],
			"sum":	{
				"start":	0,
				"end":	1.00077,
				"seconds":	1.00077,
				"bytes":	1703936,
				"bits_per_second":	1.36211e+07,
				"omitted":	false
			}
		}, {
			"streams":	[{
					"socket":	5,
					"start":	1.00077,
					"end":	2.0007,
					"seconds":	0.999937,
					"bytes":	1995040,
					"bits_per_second":	1.59613e+07,
					"omitted":	false
				}],
			"sum":	{
				"start":	1.00077,
				"end":	2.0007,
				"seconds":	0.999937,
				"bytes":	1995040,
				"bits_per_second":	1.59613e+07,
				"omitted":	false
			}
		}, {
			"streams":	[{
					"socket":	5,
					"start":	2.0007,
					"end":	3.00099,
					"seconds":	1.00029,
					"bytes":	1806048,
					"bits_per_second":	1.44442e+07,
					"omitted":	false
				}],
			"sum":	{
				"start":	2.0007,
				"end":	3.00099,
				"seconds":	1.00029,
				"bytes":	1806048,
				"bits_per_second":	1.44442e+07,
				"omitted":	false
			}
		}, {
			"streams":	[{
					"socket":	5,
					"start":	3.00099,
					"end":	4.00127,
					"seconds":	1.00028,
					"bytes":	1835008,
					"bits_per_second":	1.4676e+07,
					"omitted":	false
				}],
			"sum":	{
				"start":	3.00099,
				"end":	4.00127,
				"seconds":	1.00028,
				"bytes":	1835008,
				"bits_per_second":	1.4676e+07,
				"omitted":	false
			}
		}, {
			"streams":	[{
					"socket":	5,
					"start":	4.00127,
					"end":	5.00044,
					"seconds":	0.999176,
					"bytes":	1966080,
					"bits_per_second":	1.57416e+07,
					"omitted":	false
				}],
			"sum":	{
				"start":	4.00127,
				"end":	5.00044,
				"seconds":	0.999176,
				"bytes":	1966080,
				"bits_per_second":	1.57416e+07,
				"omitted":	false
			}
		}, {
			"streams":	[{
					"socket":	5,
					"start":	5.00044,
					"end":	5.0007,
					"seconds":	0.000262976,
					"bytes":	0,
					"bits_per_second":	0,
					"omitted":	false
				}],
			"sum":	{
				"start":	5.00044,
				"end":	5.0007,
				"seconds":	0.000262976,
				"bytes":	0,
				"bits_per_second":	0,
				"omitted":	false
			}
		}],
	"end":	{
		"streams":	[{
				"sender":	{
					"socket":	5,
					"start":	0,
					"end":	5.0007,
					"seconds":	5.0007,
					"bytes":	9306112,
					"bits_per_second":	1.48877e+07,
					"retransmits":	0
				},
				"receiver":	{
					"socket":	5,
					"start":	0,
					"end":	5.0007,
					"seconds":	5.0007,
					"bytes":	9306112,
					"bits_per_second":	1.48877e+07
				}
			}],
		"sum_sent":	{
			"start":	0,
			"end":	5.0007,
			"seconds":	5.0007,
			"bytes":	9306112,
			"bits_per_second":	1.48877e+07,
			"retransmits":	0
		},
		"sum_received":	{
			"start":	0,
			"end":	5.0007,
			"seconds":	5.0007,
			"bytes":	9306112,
			"bits_per_second":	1.48877e+07
		},
		"cpu_utilization_percent":	{
			"host_total":	1.66526,
			"host_user":	0.808719,
			"host_system":	0.856439,
			"remote_total":	0.60751,
			"remote_user":	0.268588,
			"remote_system":	0.338762
		}
	}
}
{
	"start":	{
		"connected":	[],
		"version":	"iperf 3.0.7",
		"system_info":	"Linux H9 5.4.197-0504197-generic #202206060747 SMP Mon Jun 6 09:27:47 UTC 2022 x86_64 x86_64 x86_64 GNU/Linux\n"
	},
	"intervals":	[],
	"end":	{
	},
	"error":	"interrupt - the server has terminated"
}
