{
	"start":	{
		"connected":	[{
				"socket":	5,
				"local_host":	"10.0.0.8",
				"local_port":	3350,
				"remote_host":	"10.0.0.4",
				"remote_port":	56024
			}],
		"version":	"iperf 3.7",
		"system_info":	"Linux H8 5.4.197-0504197-generic #202206060747 SMP Mon Jun 6 09:27:47 UTC 2022 x86_64",
		"target_bitrate":	15000000,
		"sock_bufsize":	0,
		"sndbuf_actual":	87380,
		"rcvbuf_actual":	87380,
		"timestamp":	{
			"time":	"Mon, 01 Aug 2022 00:23:11 GMT",
			"timesecs":	1659313391
		},
		"accepted_connection":	{
			"host":	"10.0.0.4",
			"port":	56022
		},
		"cookie":	"7vhsejpntv7fyiiy3i6ikp7caryjq2gpyhsc",
		"tcp_mss_default":	0,
		"target_bitrate":	15000000,
		"test_start":	{
			"protocol":	"TCP",
			"num_streams":	1,
			"blksize":	131072,
			"omit":	0,
			"duration":	5,
			"bytes":	0,
			"blocks":	0,
			"reverse":	0,
			"tos":	0
		}
	},
	"intervals":	[{
			"streams":	[{
					"socket":	5,
					"start":	0,
					"end":	1.001006,
					"seconds":	1.001006007194519,
					"bytes":	1966080,
					"bits_per_second":	15712832.777179882,
					"omitted":	false,
					"sender":	false
				}],
			"sum":	{
				"start":	0,
				"end":	1.001006,
				"seconds":	1.001006007194519,
				"bytes":	1966080,
				"bits_per_second":	15712832.777179882,
				"omitted":	false,
				"sender":	false
			}
		}, {
			"streams":	[{
					"socket":	5,
					"start":	1.001006,
					"end":	2.00034,
					"seconds":	0.99933397769927979,
					"bytes":	1835008,
					"bits_per_second":	14689847.766206479,
					"omitted":	false,
					"sender":	false
				}],
			"sum":	{
				"start":	1.001006,
				"end":	2.00034,
				"seconds":	0.99933397769927979,
				"bytes":	1835008,
				"bits_per_second":	14689847.766206479,
				"omitted":	false,
				"sender":	false
			}
		}, {
			"streams":	[{
					"socket":	5,
					"start":	2.00034,
					"end":	3.000296,
					"seconds":	0.99995601177215576,
					"bytes":	1835008,
					"bits_per_second":	14680709.778406648,
					"omitted":	false,
					"sender":	false
				}],
			"sum":	{
				"start":	2.00034,
				"end":	3.000296,
				"seconds":	0.99995601177215576,
				"bytes":	1835008,
				"bits_per_second":	14680709.778406648,
				"omitted":	false,
				"sender":	false
			}
		}, {
			"streams":	[{
					"socket":	5,
					"start":	3.000296,
					"end":	4.000115,
					"seconds":	0.99981898069381714,
					"bytes":	1966080,
					"bits_per_second":	15731487.702989219,
					"omitted":	false,
					"sender":	false
				}],
			"sum":	{
				"start":	3.000296,
				"end":	4.000115,
				"seconds":	0.99981898069381714,
				"bytes":	1966080,
				"bits_per_second":	15731487.702989219,
				"omitted":	false,
				"sender":	false
			}
		}, {
			"streams":	[{
					"socket":	5,
					"start":	4.000115,
					"end":	5.000296,
					"seconds":	1.0001809597015381,
					"bytes":	1835008,
					"bits_per_second":	14677407.980632473,
					"omitted":	false,
					"sender":	false
				}],
			"sum":	{
				"start":	4.000115,
				"end":	5.000296,
				"seconds":	1.0001809597015381,
				"bytes":	1835008,
				"bits_per_second":	14677407.980632473,
				"omitted":	false,
				"sender":	false
			}
		}],
	"end":	{
		"streams":	[{
				"sender":	{
					"socket":	5,
					"start":	0,
					"end":	5.00179,
					"seconds":	5.00179,
					"bytes":	0,
					"bits_per_second":	0,
					"sender":	false
				},
				"receiver":	{
					"socket":	5,
					"start":	0,
					"end":	5.00179,
					"seconds":	5.00179,
					"bytes":	9437184,
					"bits_per_second":	15094090.715523843,
					"sender":	false
				}
			}],
		"sum_sent":	{
			"start":	0,
			"end":	5.00179,
			"seconds":	5.00179,
			"bytes":	0,
			"bits_per_second":	0,
			"sender":	false
		},
		"sum_received":	{
			"start":	0,
			"end":	5.00179,
			"seconds":	5.00179,
			"bytes":	9437184,
			"bits_per_second":	15094090.715523843,
			"sender":	false
		},
		"cpu_utilization_percent":	{
			"host_total":	1.2185785732885386,
			"host_user":	0,
			"host_system":	1.2185785732885386,
			"remote_total":	0,
			"remote_user":	0,
			"remote_system":	0
		},
		"receiver_tcp_congestion":	"cubic"
	}
}
