{
	"start":	{
		"connected":	[{
				"socket":	5,
				"local_host":	"10.0.0.11",
				"local_port":	3074,
				"remote_host":	"10.0.0.5",
				"remote_port":	42983
			}],
		"version":	"iperf 3.0.7",
		"system_info":	"Linux MECS4 5.4.197-0504197-generic #202206060747 SMP Mon Jun 6 09:27:47 UTC 2022 x86_64 x86_64 x86_64 GNU/Linux\n",
		"timestamp":	{
			"time":	"Mon, 25 Jul 2022 21:44:09 GMT",
			"timesecs":	1658785449
		},
		"accepted_connection":	{
			"host":	"10.0.0.5",
			"port":	55638
		},
		"cookie":	"BS5.1658785449.424762.75f1a9b454fc1b",
		"test_start":	{
			"protocol":	"UDP",
			"num_streams":	1,
			"blksize":	8192,
			"omit":	0,
			"duration":	2,
			"bytes":	0,
			"blocks":	0,
			"reverse":	0
		}
	},
	"intervals":	[{
			"streams":	[{
					"socket":	5,
					"start":	0,
					"end":	1.00215,
					"seconds":	1.00215,
					"bytes":	16916480,
					"bits_per_second":	1.35042e+08,
					"jitter_ms":	0.746619,
					"lost_packets":	484,
					"packets":	2514,
					"lost_percent":	19.2522,
					"omitted":	false
				}],
			"sum":	{
				"start":	0,
				"end":	1.00215,
				"seconds":	1.00215,
				"bytes":	16916480,
				"bits_per_second":	1.35042e+08,
				"jitter_ms":	0.746619,
				"lost_packets":	484,
				"packets":	2514,
				"lost_percent":	19.2522,
				"omitted":	false
			}
		}, {
			"streams":	[{
					"socket":	5,
					"start":	1.00215,
					"end":	2.00145,
					"seconds":	0.999307,
					"bytes":	13991936,
					"bits_per_second":	1.12013e+08,
					"jitter_ms":	0.937663,
					"lost_packets":	183,
					"packets":	1865,
					"lost_percent":	9.81233,
					"omitted":	false
				}],
			"sum":	{
				"start":	1.00215,
				"end":	2.00145,
				"seconds":	0.999307,
				"bytes":	13991936,
				"bits_per_second":	1.12013e+08,
				"jitter_ms":	0.937663,
				"lost_packets":	183,
				"packets":	1865,
				"lost_percent":	9.81233,
				"omitted":	false
			}
		}, {
			"streams":	[{
					"socket":	5,
					"start":	2.00145,
					"end":	2.11386,
					"seconds":	0.112401,
					"bytes":	933888,
					"bits_per_second":	6.64683e+07,
					"jitter_ms":	1.16461,
					"lost_packets":	0,
					"packets":	114,
					"lost_percent":	0,
					"omitted":	false
				}],
			"sum":	{
				"start":	2.00145,
				"end":	2.11386,
				"seconds":	0.112401,
				"bytes":	933888,
				"bits_per_second":	6.64683e+07,
				"jitter_ms":	1.16461,
				"lost_packets":	0,
				"packets":	114,
				"lost_percent":	0,
				"omitted":	false
			}
		}],
	"end":	{
		"streams":	[{
				"udp":	{
					"socket":	5,
					"start":	0,
					"end":	2.11386,
					"seconds":	2.11386,
					"bytes":	36814848,
					"bits_per_second":	1.39328e+08,
					"jitter_ms":	1.16461,
					"lost_packets":	667,
					"packets":	4493,
					"lost_percent":	14.8453
				}
			}],
		"sum":	{
			"start":	0,
			"end":	2.11386,
			"seconds":	2.11386,
			"bytes":	36814848,
			"bits_per_second":	1.39328e+08,
			"jitter_ms":	1.16461,
			"lost_packets":	667,
			"packets":	4493,
			"lost_percent":	14.8453
		},
		"cpu_utilization_percent":	{
			"host_total":	11.9551,
			"host_user":	1.23085,
			"host_system":	10.7242,
			"remote_total":	57.4119,
			"remote_user":	2.66215,
			"remote_system":	54.7497
		}
	},
	"error":	"OUT OF ORDER - incoming packet = 2 and received packet = 14 AND SP = 5",
	"error":	"OUT OF ORDER - incoming packet = 12 and received packet = 21 AND SP = 5",
	"error":	"OUT OF ORDER - incoming packet = 4 and received packet = 23 AND SP = 5",
	"error":	"OUT OF ORDER - incoming packet = 5 and received packet = 23 AND SP = 5",
	"error":	"OUT OF ORDER - incoming packet = 6 and received packet = 23 AND SP = 5",
	"error":	"OUT OF ORDER - incoming packet = 7 and received packet = 23 AND SP = 5",
	"error":	"OUT OF ORDER - incoming packet = 8 and received packet = 23 AND SP = 5",
	"error":	"OUT OF ORDER - incoming packet = 9 and received packet = 23 AND SP = 5",
	"error":	"OUT OF ORDER - incoming packet = 10 and received packet = 23 AND SP = 5",
	"error":	"OUT OF ORDER - incoming packet = 203 and received packet = 204 AND SP = 5",
	"error":	"OUT OF ORDER - incoming packet = 207 and received packet = 209 AND SP = 5",
	"error":	"OUT OF ORDER - incoming packet = 208 and received packet = 209 AND SP = 5",
	"error":	"OUT OF ORDER - incoming packet = 236 and received packet = 237 AND SP = 5",
	"error":	"OUT OF ORDER - incoming packet = 242 and received packet = 243 AND SP = 5",
	"error":	"OUT OF ORDER - incoming packet = 244 and received packet = 245 AND SP = 5",
	"error":	"OUT OF ORDER - incoming packet = 271 and received packet = 274 AND SP = 5",
	"error":	"OUT OF ORDER - incoming packet = 279 and received packet = 282 AND SP = 5",
	"error":	"OUT OF ORDER - incoming packet = 280 and received packet = 282 AND SP = 5",
	"error":	"OUT OF ORDER - incoming packet = 323 and received packet = 324 AND SP = 5",
	"error":	"OUT OF ORDER - incoming packet = 338 and received packet = 340 AND SP = 5",
	"error":	"OUT OF ORDER - incoming packet = 339 and received packet = 341 AND SP = 5",
	"error":	"OUT OF ORDER - incoming packet = 381 and received packet = 383 AND SP = 5",
	"error":	"OUT OF ORDER - incoming packet = 479 and received packet = 480 AND SP = 5",
	"error":	"OUT OF ORDER - incoming packet = 513 and received packet = 514 AND SP = 5",
	"error":	"OUT OF ORDER - incoming packet = 551 and received packet = 552 AND SP = 5",
	"error":	"OUT OF ORDER - incoming packet = 781 and received packet = 782 AND SP = 5",
	"error":	"OUT OF ORDER - incoming packet = 907 and received packet = 909 AND SP = 5",
	"error":	"OUT OF ORDER - incoming packet = 908 and received packet = 909 AND SP = 5",
	"error":	"OUT OF ORDER - incoming packet = 910 and received packet = 911 AND SP = 5",
	"error":	"OUT OF ORDER - incoming packet = 1609 and received packet = 1611 AND SP = 5",
	"error":	"OUT OF ORDER - incoming packet = 1751 and received packet = 1752 AND SP = 5",
	"error":	"OUT OF ORDER - incoming packet = 2075 and received packet = 2076 AND SP = 5",
	"error":	"OUT OF ORDER - incoming packet = 2229 and received packet = 2232 AND SP = 5",
	"error":	"OUT OF ORDER - incoming packet = 2359 and received packet = 2360 AND SP = 5",
	"error":	"OUT OF ORDER - incoming packet = 2364 and received packet = 2367 AND SP = 5",
	"error":	"OUT OF ORDER - incoming packet = 2767 and received packet = 2771 AND SP = 5",
	"error":	"OUT OF ORDER - incoming packet = 2768 and received packet = 2771 AND SP = 5",
	"error":	"OUT OF ORDER - incoming packet = 2815 and received packet = 2817 AND SP = 5",
	"error":	"OUT OF ORDER - incoming packet = 2816 and received packet = 2817 AND SP = 5",
	"error":	"OUT OF ORDER - incoming packet = 2818 and received packet = 2819 AND SP = 5",
	"error":	"OUT OF ORDER - incoming packet = 2826 and received packet = 2827 AND SP = 5",
	"error":	"OUT OF ORDER - incoming packet = 3130 and received packet = 3131 AND SP = 5",
	"error":	"OUT OF ORDER - incoming packet = 3198 and received packet = 3202 AND SP = 5",
	"error":	"OUT OF ORDER - incoming packet = 3222 and received packet = 3225 AND SP = 5",
	"error":	"OUT OF ORDER - incoming packet = 3226 and received packet = 3229 AND SP = 5",
	"error":	"OUT OF ORDER - incoming packet = 3283 and received packet = 3284 AND SP = 5",
	"error":	"OUT OF ORDER - incoming packet = 3291 and received packet = 3293 AND SP = 5",
	"error":	"OUT OF ORDER - incoming packet = 3292 and received packet = 3293 AND SP = 5",
	"error":	"OUT OF ORDER - incoming packet = 3304 and received packet = 3307 AND SP = 5",
	"error":	"OUT OF ORDER - incoming packet = 3306 and received packet = 3309 AND SP = 5",
	"error":	"OUT OF ORDER - incoming packet = 3308 and received packet = 3312 AND SP = 5",
	"error":	"OUT OF ORDER - incoming packet = 3310 and received packet = 3314 AND SP = 5",
	"error":	"OUT OF ORDER - incoming packet = 3491 and received packet = 3492 AND SP = 5",
	"error":	"OUT OF ORDER - incoming packet = 3512 and received packet = 3513 AND SP = 5",
	"error":	"OUT OF ORDER - incoming packet = 3714 and received packet = 3716 AND SP = 5",
	"error":	"OUT OF ORDER - incoming packet = 4072 and received packet = 4073 AND SP = 5",
	"error":	"OUT OF ORDER - incoming packet = 4075 and received packet = 4076 AND SP = 5",
	"error":	"OUT OF ORDER - incoming packet = 4172 and received packet = 4173 AND SP = 5",
	"error":	"OUT OF ORDER - incoming packet = 4171 and received packet = 4173 AND SP = 5",
	"error":	"OUT OF ORDER - incoming packet = 4176 and received packet = 4177 AND SP = 5",
	"error":	"OUT OF ORDER - incoming packet = 4291 and received packet = 4296 AND SP = 5"
}
