{
	"start":	{
		"connected":	[{
				"socket":	5,
				"local_host":	"10.0.0.10",
				"local_port":	3212,
				"remote_host":	"10.0.0.7",
				"remote_port":	44296
			}],
		"version":	"iperf 3.0.7",
		"system_info":	"Linux MECS3 5.4.197-0504197-generic #202206060747 SMP Mon Jun 6 09:27:47 UTC 2022 x86_64 x86_64 x86_64 GNU/Linux\n",
		"timestamp":	{
			"time":	"Mon, 25 Jul 2022 21:50:41 GMT",
			"timesecs":	1658785841
		},
		"accepted_connection":	{
			"host":	"10.0.0.7",
			"port":	44294
		},
		"cookie":	"BS7.1658785841.046962.5bb1a187041b9a",
		"tcp_mss_default":	1448,
		"test_start":	{
			"protocol":	"TCP",
			"num_streams":	1,
			"blksize":	131072,
			"omit":	0,
			"duration":	25,
			"bytes":	0,
			"blocks":	0,
			"reverse":	0
		}
	},
	"intervals":	[{
			"streams":	[{
					"socket":	5,
					"start":	0,
					"end":	1.00206,
					"seconds":	1.00206,
					"bytes":	11372048,
					"bits_per_second":	9.07891e+07,
					"omitted":	false
				}],
			"sum":	{
				"start":	0,
				"end":	1.00206,
				"seconds":	1.00206,
				"bytes":	11372048,
				"bits_per_second":	9.07891e+07,
				"omitted":	false
			}
		}, {
			"streams":	[{
					"socket":	5,
					"start":	1.00206,
					"end":	2.00061,
					"seconds":	0.998552,
					"bytes":	12451840,
					"bits_per_second":	9.97592e+07,
					"omitted":	false
				}],
			"sum":	{
				"start":	1.00206,
				"end":	2.00061,
				"seconds":	0.998552,
				"bytes":	12451840,
				"bits_per_second":	9.97592e+07,
				"omitted":	false
			}
		}, {
			"streams":	[{
					"socket":	5,
					"start":	2.00061,
					"end":	3.00049,
					"seconds":	0.999871,
					"bytes":	12451840,
					"bits_per_second":	9.96276e+07,
					"omitted":	false
				}],
			"sum":	{
				"start":	2.00061,
				"end":	3.00049,
				"seconds":	0.999871,
				"bytes":	12451840,
				"bits_per_second":	9.96276e+07,
				"omitted":	false
			}
		}, {
			"streams":	[{
					"socket":	5,
					"start":	3.00049,
					"end":	4.0004,
					"seconds":	0.999913,
					"bytes":	12582912,
					"bits_per_second":	1.00672e+08,
					"omitted":	false
				}],
			"sum":	{
				"start":	3.00049,
				"end":	4.0004,
				"seconds":	0.999913,
				"bytes":	12582912,
				"bits_per_second":	1.00672e+08,
				"omitted":	false
			}
		}, {
			"streams":	[{
					"socket":	5,
					"start":	4.0004,
					"end":	5.00059,
					"seconds":	1.00019,
					"bytes":	12451840,
					"bits_per_second":	9.95955e+07,
					"omitted":	false
				}],
			"sum":	{
				"start":	4.0004,
				"end":	5.00059,
				"seconds":	1.00019,
				"bytes":	12451840,
				"bits_per_second":	9.95955e+07,
				"omitted":	false
			}
		}, {
			"streams":	[{
					"socket":	5,
					"start":	5.00059,
					"end":	6.00052,
					"seconds":	0.999932,
					"bytes":	12582912,
					"bits_per_second":	1.0067e+08,
					"omitted":	false
				}],
			"sum":	{
				"start":	5.00059,
				"end":	6.00052,
				"seconds":	0.999932,
				"bytes":	12582912,
				"bits_per_second":	1.0067e+08,
				"omitted":	false
			}
		}, {
			"streams":	[{
					"socket":	5,
					"start":	6.00052,
					"end":	7.00035,
					"seconds":	0.999823,
					"bytes":	12451840,
					"bits_per_second":	9.96324e+07,
					"omitted":	false
				}],
			"sum":	{
				"start":	6.00052,
				"end":	7.00035,
				"seconds":	0.999823,
				"bytes":	12451840,
				"bits_per_second":	9.96324e+07,
				"omitted":	false
			}
		}, {
			"streams":	[{
					"socket":	5,
					"start":	7.00035,
					"end":	8.00042,
					"seconds":	1.00008,
					"bytes":	12451840,
					"bits_per_second":	9.96072e+07,
					"omitted":	false
				}],
			"sum":	{
				"start":	7.00035,
				"end":	8.00042,
				"seconds":	1.00008,
				"bytes":	12451840,
				"bits_per_second":	9.96072e+07,
				"omitted":	false
			}
		}, {
			"streams":	[{
					"socket":	5,
					"start":	8.00042,
					"end":	9.00018,
					"seconds":	0.999761,
					"bytes":	12582912,
					"bits_per_second":	1.00687e+08,
					"omitted":	false
				}],
			"sum":	{
				"start":	8.00042,
				"end":	9.00018,
				"seconds":	0.999761,
				"bytes":	12582912,
				"bits_per_second":	1.00687e+08,
				"omitted":	false
			}
		}, {
			"streams":	[{
					"socket":	5,
					"start":	9.00018,
					"end":	10.0004,
					"seconds":	1.0002,
					"bytes":	12451840,
					"bits_per_second":	9.95947e+07,
					"omitted":	false
				}],
			"sum":	{
				"start":	9.00018,
				"end":	10.0004,
				"seconds":	1.0002,
				"bytes":	12451840,
				"bits_per_second":	9.95947e+07,
				"omitted":	false
			}
		}, {
			"streams":	[{
					"socket":	5,
					"start":	10.0004,
					"end":	11.0002,
					"seconds":	0.999769,
					"bytes":	12451840,
					"bits_per_second":	9.96377e+07,
					"omitted":	false
				}],
			"sum":	{
				"start":	10.0004,
				"end":	11.0002,
				"seconds":	0.999769,
				"bytes":	12451840,
				"bits_per_second":	9.96377e+07,
				"omitted":	false
			}
		}, {
			"streams":	[{
					"socket":	5,
					"start":	11.0002,
					"end":	12.007,
					"seconds":	1.00689,
					"bytes":	12582912,
					"bits_per_second":	9.99741e+07,
					"omitted":	false
				}],
			"sum":	{
				"start":	11.0002,
				"end":	12.007,
				"seconds":	1.00689,
				"bytes":	12582912,
				"bits_per_second":	9.99741e+07,
				"omitted":	false
			}
		}, {
			"streams":	[{
					"socket":	5,
					"start":	12.007,
					"end":	13.0005,
					"seconds":	0.99343,
					"bytes":	12451840,
					"bits_per_second":	1.00274e+08,
					"omitted":	false
				}],
			"sum":	{
				"start":	12.007,
				"end":	13.0005,
				"seconds":	0.99343,
				"bytes":	12451840,
				"bits_per_second":	1.00274e+08,
				"omitted":	false
			}
		}, {
			"streams":	[{
					"socket":	5,
					"start":	13.0005,
					"end":	14.0002,
					"seconds":	0.999675,
					"bytes":	12582912,
					"bits_per_second":	1.00696e+08,
					"omitted":	false
				}],
			"sum":	{
				"start":	13.0005,
				"end":	14.0002,
				"seconds":	0.999675,
				"bytes":	12582912,
				"bits_per_second":	1.00696e+08,
				"omitted":	false
			}
		}, {
			"streams":	[{
					"socket":	5,
					"start":	14.0002,
					"end":	15.0006,
					"seconds":	1.00042,
					"bytes":	12451840,
					"bits_per_second":	9.95725e+07,
					"omitted":	false
				}],
			"sum":	{
				"start":	14.0002,
				"end":	15.0006,
				"seconds":	1.00042,
				"bytes":	12451840,
				"bits_per_second":	9.95725e+07,
				"omitted":	false
			}
		}, {
			"streams":	[{
					"socket":	5,
					"start":	15.0006,
					"end":	16.0013,
					"seconds":	1.00071,
					"bytes":	12451840,
					"bits_per_second":	9.95439e+07,
					"omitted":	false
				}],
			"sum":	{
				"start":	15.0006,
				"end":	16.0013,
				"seconds":	1.00071,
				"bytes":	12451840,
				"bits_per_second":	9.95439e+07,
				"omitted":	false
			}
		}, {
			"streams":	[{
					"socket":	5,
					"start":	16.0013,
					"end":	17.0006,
					"seconds":	0.999294,
					"bytes":	12582912,
					"bits_per_second":	1.00734e+08,
					"omitted":	false
				}],
			"sum":	{
				"start":	16.0013,
				"end":	17.0006,
				"seconds":	0.999294,
				"bytes":	12582912,
				"bits_per_second":	1.00734e+08,
				"omitted":	false
			}
		}, {
			"streams":	[{
					"socket":	5,
					"start":	17.0006,
					"end":	18.0002,
					"seconds":	0.99962,
					"bytes":	12451840,
					"bits_per_second":	9.96526e+07,
					"omitted":	false
				}],
			"sum":	{
				"start":	17.0006,
				"end":	18.0002,
				"seconds":	0.99962,
				"bytes":	12451840,
				"bits_per_second":	9.96526e+07,
				"omitted":	false
			}
		}, {
			"streams":	[{
					"socket":	5,
					"start":	18.0002,
					"end":	19.0002,
					"seconds":	1.00005,
					"bytes":	12451840,
					"bits_per_second":	9.96099e+07,
					"omitted":	false
				}],
			"sum":	{
				"start":	18.0002,
				"end":	19.0002,
				"seconds":	1.00005,
				"bytes":	12451840,
				"bits_per_second":	9.96099e+07,
				"omitted":	false
			}
		}, {
			"streams":	[{
					"socket":	5,
					"start":	19.0002,
					"end":	20.0002,
					"seconds":	0.999934,
					"bytes":	12582912,
					"bits_per_second":	1.0067e+08,
					"omitted":	false
				}],
			"sum":	{
				"start":	19.0002,
				"end":	20.0002,
				"seconds":	0.999934,
				"bytes":	12582912,
				"bits_per_second":	1.0067e+08,
				"omitted":	false
			}
		}, {
			"streams":	[{
					"socket":	5,
					"start":	20.0002,
					"end":	21.005,
					"seconds":	1.00478,
					"bytes":	12451840,
					"bits_per_second":	9.91409e+07,
					"omitted":	false
				}],
			"sum":	{
				"start":	20.0002,
				"end":	21.005,
				"seconds":	1.00478,
				"bytes":	12451840,
				"bits_per_second":	9.91409e+07,
				"omitted":	false
			}
		}, {
			"streams":	[{
					"socket":	5,
					"start":	21.005,
					"end":	22.0001,
					"seconds":	0.995182,
					"bytes":	12582912,
					"bits_per_second":	1.01151e+08,
					"omitted":	false
				}],
			"sum":	{
				"start":	21.005,
				"end":	22.0001,
				"seconds":	0.995182,
				"bytes":	12582912,
				"bits_per_second":	1.01151e+08,
				"omitted":	false
			}
		}, {
			"streams":	[{
					"socket":	5,
					"start":	22.0001,
					"end":	23.0007,
					"seconds":	1.0006,
					"bytes":	12451840,
					"bits_per_second":	9.95547e+07,
					"omitted":	false
				}],
			"sum":	{
				"start":	22.0001,
				"end":	23.0007,
				"seconds":	1.0006,
				"bytes":	12451840,
				"bits_per_second":	9.95547e+07,
				"omitted":	false
			}
		}, {
			"streams":	[{
					"socket":	5,
					"start":	23.0007,
					"end":	24.0001,
					"seconds":	0.999353,
					"bytes":	12451840,
					"bits_per_second":	9.96792e+07,
					"omitted":	false
				}],
			"sum":	{
				"start":	23.0007,
				"end":	24.0001,
				"seconds":	0.999353,
				"bytes":	12451840,
				"bits_per_second":	9.96792e+07,
				"omitted":	false
			}
		}, {
			"streams":	[{
					"socket":	5,
					"start":	24.0001,
					"end":	25.0005,
					"seconds":	1.00039,
					"bytes":	12582912,
					"bits_per_second":	1.00624e+08,
					"omitted":	false
				}],
			"sum":	{
				"start":	24.0001,
				"end":	25.0005,
				"seconds":	1.00039,
				"bytes":	12582912,
				"bits_per_second":	1.00624e+08,
				"omitted":	false
			}
		}, {
			"streams":	[{
					"socket":	5,
					"start":	25.0005,
					"end":	25.0158,
					"seconds":	0.0152631,
					"bytes":	0,
					"bits_per_second":	0,
					"omitted":	false
				}],
			"sum":	{
				"start":	25.0005,
				"end":	25.0158,
				"seconds":	0.0152631,
				"bytes":	0,
				"bits_per_second":	0,
				"omitted":	false
			}
		}],
	"end":	{
		"streams":	[{
				"sender":	{
					"socket":	5,
					"start":	0,
					"end":	25.0158,
					"seconds":	25.0158,
					"bytes":	311395856,
					"bits_per_second":	9.95839e+07,
					"retransmits":	16
				},
				"receiver":	{
					"socket":	5,
					"start":	0,
					"end":	25.0158,
					"seconds":	25.0158,
					"bytes":	311395856,
					"bits_per_second":	9.95839e+07
				}
			}],
		"sum_sent":	{
			"start":	0,
			"end":	25.0158,
			"seconds":	25.0158,
			"bytes":	311395856,
			"bits_per_second":	9.95839e+07,
			"retransmits":	16
		},
		"sum_received":	{
			"start":	0,
			"end":	25.0158,
			"seconds":	25.0158,
			"bytes":	311395856,
			"bits_per_second":	9.95839e+07
		},
		"cpu_utilization_percent":	{
			"host_total":	4.44004,
			"host_user":	0.398773,
			"host_system":	4.04128,
			"remote_total":	1.78354,
			"remote_user":	0.122737,
			"remote_system":	1.66079
		}
	}
}
