{
	"start":	{
		"connected":	[{
				"socket":	5,
				"local_host":	"10.0.0.12",
				"local_port":	3044,
				"remote_host":	"10.0.0.7",
				"remote_port":	50624
			}],
		"version":	"iperf 3.0.7",
		"system_info":	"Linux MECS5 5.4.197-0504197-generic #202206060747 SMP Mon Jun 6 09:27:47 UTC 2022 x86_64 x86_64 x86_64 GNU/Linux\n",
		"timestamp":	{
			"time":	"Mon, 25 Jul 2022 21:51:12 GMT",
			"timesecs":	1658785872
		},
		"accepted_connection":	{
			"host":	"10.0.0.7",
			"port":	50622
		},
		"cookie":	"BS7.1658785872.590870.6f8eaeea3bd50f",
		"tcp_mss_default":	1448,
		"test_start":	{
			"protocol":	"TCP",
			"num_streams":	1,
			"blksize":	131072,
			"omit":	0,
			"duration":	1,
			"bytes":	0,
			"blocks":	0,
			"reverse":	0
		}
	},
	"intervals":	[{
			"streams":	[{
					"socket":	5,
					"start":	0,
					"end":	1.00068,
					"seconds":	1.00068,
					"bytes":	5715736,
					"bits_per_second":	4.56949e+07,
					"omitted":	false
				}],
			"sum":	{
				"start":	0,
				"end":	1.00068,
				"seconds":	1.00068,
				"bytes":	5715736,
				"bits_per_second":	4.56949e+07,
				"omitted":	false
			}
		}, {
			"streams":	[{
					"socket":	5,
					"start":	1.00068,
					"end":	1.01771,
					"seconds":	0.01703,
					"bytes":	0,
					"bits_per_second":	0,
					"omitted":	false
				}],
			"sum":	{
				"start":	1.00068,
				"end":	1.01771,
				"seconds":	0.01703,
				"bytes":	0,
				"bits_per_second":	0,
				"omitted":	false
			}
		}],
	"end":	{
		"streams":	[{
				"sender":	{
					"socket":	5,
					"start":	0,
					"end":	1.01771,
					"seconds":	1.01771,
					"bytes":	5715736,
					"bits_per_second":	4.49303e+07,
					"retransmits":	0
				},
				"receiver":	{
					"socket":	5,
					"start":	0,
					"end":	1.01771,
					"seconds":	1.01771,
					"bytes":	5715736,
					"bits_per_second":	4.49303e+07
				}
			}],
		"sum_sent":	{
			"start":	0,
			"end":	1.01771,
			"seconds":	1.01771,
			"bytes":	5715736,
			"bits_per_second":	4.49303e+07,
			"retransmits":	0
		},
		"sum_received":	{
			"start":	0,
			"end":	1.01771,
			"seconds":	1.01771,
			"bytes":	5715736,
			"bits_per_second":	4.49303e+07
		},
		"cpu_utilization_percent":	{
			"host_total":	2.69857,
			"host_user":	0.648682,
			"host_system":	2.04962,
			"remote_total":	3.07547,
			"remote_user":	0.733735,
			"remote_system":	2.34453
		}
	}
}
