{
	"start":	{
		"connected":	[{
				"socket":	5,
				"local_host":	"10.0.0.11",
				"local_port":	2902,
				"remote_host":	"10.0.0.1",
				"remote_port":	59460
			}],
		"version":	"iperf 3.0.7",
		"system_info":	"Linux H11 5.4.197-0504197-generic #202206060747 SMP Mon Jun 6 09:27:47 UTC 2022 x86_64 x86_64 x86_64 GNU/Linux\n",
		"timestamp":	{
			"time":	"Fri, 22 Jul 2022 16:21:23 GMT",
			"timesecs":	1658506883
		},
		"accepted_connection":	{
			"host":	"10.0.0.1",
			"port":	59458
		},
		"cookie":	"H1.1658506883.548841.593a0ab84cc4ba9",
		"tcp_mss_default":	1448,
		"test_start":	{
			"protocol":	"TCP",
			"num_streams":	1,
			"blksize":	131072,
			"omit":	0,
			"duration":	5,
			"bytes":	0,
			"blocks":	0,
			"reverse":	0
		}
	},
	"intervals":	[{
			"streams":	[{
					"socket":	5,
					"start":	0,
					"end":	1.0007,
					"seconds":	1.0007,
					"bytes":	1689400,
					"bits_per_second":	1.35058e+07,
					"omitted":	false
				}],
			"sum":	{
				"start":	0,
				"end":	1.0007,
				"seconds":	1.0007,
				"bytes":	1689400,
				"bits_per_second":	1.35058e+07,
				"omitted":	false
			}
		}, {
			"streams":	[{
					"socket":	5,
					"start":	1.0007,
					"end":	2.00057,
					"seconds":	0.999873,
					"bytes":	1995040,
					"bits_per_second":	1.59623e+07,
					"omitted":	false
				}],
			"sum":	{
				"start":	1.0007,
				"end":	2.00057,
				"seconds":	0.999873,
				"bytes":	1995040,
				"bits_per_second":	1.59623e+07,
				"omitted":	false
			}
		}, {
			"streams":	[{
					"socket":	5,
					"start":	2.00057,
					"end":	3.00057,
					"seconds":	1,
					"bytes":	1806048,
					"bits_per_second":	1.44484e+07,
					"omitted":	false
				}],
			"sum":	{
				"start":	2.00057,
				"end":	3.00057,
				"seconds":	1,
				"bytes":	1806048,
				"bits_per_second":	1.44484e+07,
				"omitted":	false
			}
		}, {
			"streams":	[{
					"socket":	5,
					"start":	3.00057,
					"end":	4.00139,
					"seconds":	1.00082,
					"bytes":	1835008,
					"bits_per_second":	1.46681e+07,
					"omitted":	false
				}],
			"sum":	{
				"start":	3.00057,
				"end":	4.00139,
				"seconds":	1.00082,
				"bytes":	1835008,
				"bits_per_second":	1.46681e+07,
				"omitted":	false
			}
		}, {
			"streams":	[{
					"socket":	5,
					"start":	4.00139,
					"end":	5.00127,
					"seconds":	0.999874,
					"bytes":	1966080,
					"bits_per_second":	1.57306e+07,
					"omitted":	false
				}],
			"sum":	{
				"start":	4.00139,
				"end":	5.00127,
				"seconds":	0.999874,
				"bytes":	1966080,
				"bits_per_second":	1.57306e+07,
				"omitted":	false
			}
		}],
	"end":	{
		"streams":	[{
				"sender":	{
					"socket":	5,
					"start":	0,
					"end":	5.00127,
					"seconds":	5.00127,
					"bytes":	9291576,
					"bits_per_second":	1.48628e+07,
					"retransmits":	0
				},
				"receiver":	{
					"socket":	5,
					"start":	0,
					"end":	5.00127,
					"seconds":	5.00127,
					"bytes":	9291576,
					"bits_per_second":	1.48628e+07
				}
			}],
		"sum_sent":	{
			"start":	0,
			"end":	5.00127,
			"seconds":	5.00127,
			"bytes":	9291576,
			"bits_per_second":	1.48628e+07,
			"retransmits":	0
		},
		"sum_received":	{
			"start":	0,
			"end":	5.00127,
			"seconds":	5.00127,
			"bytes":	9291576,
			"bits_per_second":	1.48628e+07
		},
		"cpu_utilization_percent":	{
			"host_total":	1.07667,
			"host_user":	0.501741,
			"host_system":	0.574865,
			"remote_total":	0.339666,
			"remote_user":	0.339606,
			"remote_system":	0
		}
	}
}
{
	"start":	{
		"connected":	[],
		"version":	"iperf 3.0.7",
		"system_info":	"Linux H11 5.4.197-0504197-generic #202206060747 SMP Mon Jun 6 09:27:47 UTC 2022 x86_64 x86_64 x86_64 GNU/Linux\n"
	},
	"intervals":	[],
	"end":	{
	},
	"error":	"interrupt - the server has terminated"
}
