{
	"start":	{
		"connected":	[{
				"socket":	5,
				"local_host":	"10.0.0.21",
				"local_port":	1256,
				"remote_host":	"10.0.0.5",
				"remote_port":	44656
			}],
		"version":	"iperf 3.0.7",
		"system_info":	"Linux CS7 5.4.197-0504197-generic #202206060747 SMP Mon Jun 6 09:27:47 UTC 2022 x86_64 x86_64 x86_64 GNU/Linux\n",
		"timestamp":	{
			"time":	"Mon, 25 Jul 2022 21:46:24 GMT",
			"timesecs":	1658785584
		},
		"accepted_connection":	{
			"host":	"10.0.0.5",
			"port":	44654
		},
		"cookie":	"BS5.1658785584.793545.4f8048d820563a",
		"tcp_mss_default":	1448,
		"test_start":	{
			"protocol":	"TCP",
			"num_streams":	1,
			"blksize":	131072,
			"omit":	0,
			"duration":	55,
			"bytes":	0,
			"blocks":	0,
			"reverse":	0
		}
	},
	"intervals":	[{
			"streams":	[{
					"socket":	5,
					"start":	0,
					"end":	1.00024,
					"seconds":	1.00024,
					"bytes":	11372048,
					"bits_per_second":	9.09545e+07,
					"omitted":	false
				}],
			"sum":	{
				"start":	0,
				"end":	1.00024,
				"seconds":	1.00024,
				"bytes":	11372048,
				"bits_per_second":	9.09545e+07,
				"omitted":	false
			}
		}, {
			"streams":	[{
					"socket":	5,
					"start":	1.00024,
					"end":	2.00031,
					"seconds":	1.00007,
					"bytes":	12451840,
					"bits_per_second":	9.9608e+07,
					"omitted":	false
				}],
			"sum":	{
				"start":	1.00024,
				"end":	2.00031,
				"seconds":	1.00007,
				"bytes":	12451840,
				"bits_per_second":	9.9608e+07,
				"omitted":	false
			}
		}, {
			"streams":	[{
					"socket":	5,
					"start":	2.00031,
					"end":	3.00021,
					"seconds":	0.999902,
					"bytes":	12451840,
					"bits_per_second":	9.96245e+07,
					"omitted":	false
				}],
			"sum":	{
				"start":	2.00031,
				"end":	3.00021,
				"seconds":	0.999902,
				"bytes":	12451840,
				"bits_per_second":	9.96245e+07,
				"omitted":	false
			}
		}, {
			"streams":	[{
					"socket":	5,
					"start":	3.00021,
					"end":	4.00014,
					"seconds":	0.999928,
					"bytes":	12582912,
					"bits_per_second":	1.00671e+08,
					"omitted":	false
				}],
			"sum":	{
				"start":	3.00021,
				"end":	4.00014,
				"seconds":	0.999928,
				"bytes":	12582912,
				"bits_per_second":	1.00671e+08,
				"omitted":	false
			}
		}, {
			"streams":	[{
					"socket":	5,
					"start":	4.00014,
					"end":	5.00057,
					"seconds":	1.00044,
					"bytes":	12451840,
					"bits_per_second":	9.95714e+07,
					"omitted":	false
				}],
			"sum":	{
				"start":	4.00014,
				"end":	5.00057,
				"seconds":	1.00044,
				"bytes":	12451840,
				"bits_per_second":	9.95714e+07,
				"omitted":	false
			}
		}, {
			"streams":	[{
					"socket":	5,
					"start":	5.00057,
					"end":	6.00025,
					"seconds":	0.999672,
					"bytes":	12582912,
					"bits_per_second":	1.00696e+08,
					"omitted":	false
				}],
			"sum":	{
				"start":	5.00057,
				"end":	6.00025,
				"seconds":	0.999672,
				"bytes":	12582912,
				"bits_per_second":	1.00696e+08,
				"omitted":	false
			}
		}, {
			"streams":	[{
					"socket":	5,
					"start":	6.00025,
					"end":	7.0004,
					"seconds":	1.00016,
					"bytes":	12451840,
					"bits_per_second":	9.95991e+07,
					"omitted":	false
				}],
			"sum":	{
				"start":	6.00025,
				"end":	7.0004,
				"seconds":	1.00016,
				"bytes":	12451840,
				"bits_per_second":	9.95991e+07,
				"omitted":	false
			}
		}, {
			"streams":	[{
					"socket":	5,
					"start":	7.0004,
					"end":	8.00036,
					"seconds":	0.999962,
					"bytes":	12574696,
					"bits_per_second":	1.00601e+08,
					"omitted":	false
				}],
			"sum":	{
				"start":	7.0004,
				"end":	8.00036,
				"seconds":	0.999962,
				"bytes":	12574696,
				"bits_per_second":	1.00601e+08,
				"omitted":	false
			}
		}, {
			"streams":	[{
					"socket":	5,
					"start":	8.00036,
					"end":	9.0002,
					"seconds":	0.999834,
					"bytes":	12460056,
					"bits_per_second":	9.9697e+07,
					"omitted":	false
				}],
			"sum":	{
				"start":	8.00036,
				"end":	9.0002,
				"seconds":	0.999834,
				"bytes":	12460056,
				"bits_per_second":	9.9697e+07,
				"omitted":	false
			}
		}, {
			"streams":	[{
					"socket":	5,
					"start":	9.0002,
					"end":	10.0001,
					"seconds":	0.999942,
					"bytes":	12451840,
					"bits_per_second":	9.96205e+07,
					"omitted":	false
				}],
			"sum":	{
				"start":	9.0002,
				"end":	10.0001,
				"seconds":	0.999942,
				"bytes":	12451840,
				"bits_per_second":	9.96205e+07,
				"omitted":	false
			}
		}, {
			"streams":	[{
					"socket":	5,
					"start":	10.0001,
					"end":	11.0026,
					"seconds":	1.00247,
					"bytes":	12451840,
					"bits_per_second":	9.9369e+07,
					"omitted":	false
				}],
			"sum":	{
				"start":	10.0001,
				"end":	11.0026,
				"seconds":	1.00247,
				"bytes":	12451840,
				"bits_per_second":	9.9369e+07,
				"omitted":	false
			}
		}, {
			"streams":	[{
					"socket":	5,
					"start":	11.0026,
					"end":	12.0006,
					"seconds":	0.998023,
					"bytes":	12582912,
					"bits_per_second":	1.00863e+08,
					"omitted":	false
				}],
			"sum":	{
				"start":	11.0026,
				"end":	12.0006,
				"seconds":	0.998023,
				"bytes":	12582912,
				"bits_per_second":	1.00863e+08,
				"omitted":	false
			}
		}, {
			"streams":	[{
					"socket":	5,
					"start":	12.0006,
					"end":	13.0003,
					"seconds":	0.999709,
					"bytes":	12451840,
					"bits_per_second":	9.96437e+07,
					"omitted":	false
				}],
			"sum":	{
				"start":	12.0006,
				"end":	13.0003,
				"seconds":	0.999709,
				"bytes":	12451840,
				"bits_per_second":	9.96437e+07,
				"omitted":	false
			}
		}, {
			"streams":	[{
					"socket":	5,
					"start":	13.0003,
					"end":	14.0004,
					"seconds":	1.0001,
					"bytes":	12582912,
					"bits_per_second":	1.00653e+08,
					"omitted":	false
				}],
			"sum":	{
				"start":	13.0003,
				"end":	14.0004,
				"seconds":	1.0001,
				"bytes":	12582912,
				"bits_per_second":	1.00653e+08,
				"omitted":	false
			}
		}, {
			"streams":	[{
					"socket":	5,
					"start":	14.0004,
					"end":	15.0005,
					"seconds":	1.00006,
					"bytes":	12451840,
					"bits_per_second":	9.96085e+07,
					"omitted":	false
				}],
			"sum":	{
				"start":	14.0004,
				"end":	15.0005,
				"seconds":	1.00006,
				"bytes":	12451840,
				"bits_per_second":	9.96085e+07,
				"omitted":	false
			}
		}, {
			"streams":	[{
					"socket":	5,
					"start":	15.0005,
					"end":	16.0006,
					"seconds":	1.00007,
					"bytes":	12451840,
					"bits_per_second":	9.9608e+07,
					"omitted":	false
				}],
			"sum":	{
				"start":	15.0005,
				"end":	16.0006,
				"seconds":	1.00007,
				"bytes":	12451840,
				"bits_per_second":	9.9608e+07,
				"omitted":	false
			}
		}, {
			"streams":	[{
					"socket":	5,
					"start":	16.0006,
					"end":	17.0006,
					"seconds":	1.00002,
					"bytes":	12582912,
					"bits_per_second":	1.00662e+08,
					"omitted":	false
				}],
			"sum":	{
				"start":	16.0006,
				"end":	17.0006,
				"seconds":	1.00002,
				"bytes":	12582912,
				"bits_per_second":	1.00662e+08,
				"omitted":	false
			}
		}, {
			"streams":	[{
					"socket":	5,
					"start":	17.0006,
					"end":	18.0002,
					"seconds":	0.999579,
					"bytes":	12451840,
					"bits_per_second":	9.96567e+07,
					"omitted":	false
				}],
			"sum":	{
				"start":	17.0006,
				"end":	18.0002,
				"seconds":	0.999579,
				"bytes":	12451840,
				"bits_per_second":	9.96567e+07,
				"omitted":	false
			}
		}, {
			"streams":	[{
					"socket":	5,
					"start":	18.0002,
					"end":	19.0013,
					"seconds":	1.00114,
					"bytes":	12451840,
					"bits_per_second":	9.95014e+07,
					"omitted":	false
				}],
			"sum":	{
				"start":	18.0002,
				"end":	19.0013,
				"seconds":	1.00114,
				"bytes":	12451840,
				"bits_per_second":	9.95014e+07,
				"omitted":	false
			}
		}, {
			"streams":	[{
					"socket":	5,
					"start":	19.0013,
					"end":	20.0002,
					"seconds":	0.998856,
					"bytes":	12582912,
					"bits_per_second":	1.00779e+08,
					"omitted":	false
				}],
			"sum":	{
				"start":	19.0013,
				"end":	20.0002,
				"seconds":	0.998856,
				"bytes":	12582912,
				"bits_per_second":	1.00779e+08,
				"omitted":	false
			}
		}, {
			"streams":	[{
					"socket":	5,
					"start":	20.0002,
					"end":	21.0035,
					"seconds":	1.00338,
					"bytes":	12451840,
					"bits_per_second":	9.92793e+07,
					"omitted":	false
				}],
			"sum":	{
				"start":	20.0002,
				"end":	21.0035,
				"seconds":	1.00338,
				"bytes":	12451840,
				"bits_per_second":	9.92793e+07,
				"omitted":	false
			}
		}, {
			"streams":	[{
					"socket":	5,
					"start":	21.0035,
					"end":	22.0003,
					"seconds":	0.996804,
					"bytes":	12451840,
					"bits_per_second":	9.99341e+07,
					"omitted":	false
				}],
			"sum":	{
				"start":	21.0035,
				"end":	22.0003,
				"seconds":	0.996804,
				"bytes":	12451840,
				"bits_per_second":	9.99341e+07,
				"omitted":	false
			}
		}, {
			"streams":	[{
					"socket":	5,
					"start":	22.0003,
					"end":	23.0003,
					"seconds":	0.999928,
					"bytes":	12582912,
					"bits_per_second":	1.00671e+08,
					"omitted":	false
				}],
			"sum":	{
				"start":	22.0003,
				"end":	23.0003,
				"seconds":	0.999928,
				"bytes":	12582912,
				"bits_per_second":	1.00671e+08,
				"omitted":	false
			}
		}, {
			"streams":	[{
					"socket":	5,
					"start":	23.0003,
					"end":	24.0002,
					"seconds":	0.999941,
					"bytes":	12451840,
					"bits_per_second":	9.96206e+07,
					"omitted":	false
				}],
			"sum":	{
				"start":	23.0003,
				"end":	24.0002,
				"seconds":	0.999941,
				"bytes":	12451840,
				"bits_per_second":	9.96206e+07,
				"omitted":	false
			}
		}, {
			"streams":	[{
					"socket":	5,
					"start":	24.0002,
					"end":	25.0006,
					"seconds":	1.00034,
					"bytes":	12582912,
					"bits_per_second":	1.00629e+08,
					"omitted":	false
				}],
			"sum":	{
				"start":	24.0002,
				"end":	25.0006,
				"seconds":	1.00034,
				"bytes":	12582912,
				"bits_per_second":	1.00629e+08,
				"omitted":	false
			}
		}, {
			"streams":	[{
					"socket":	5,
					"start":	25.0006,
					"end":	26.0015,
					"seconds":	1.00093,
					"bytes":	12451840,
					"bits_per_second":	9.95225e+07,
					"omitted":	false
				}],
			"sum":	{
				"start":	25.0006,
				"end":	26.0015,
				"seconds":	1.00093,
				"bytes":	12451840,
				"bits_per_second":	9.95225e+07,
				"omitted":	false
			}
		}, {
			"streams":	[{
					"socket":	5,
					"start":	26.0015,
					"end":	27.0001,
					"seconds":	0.998669,
					"bytes":	12582912,
					"bits_per_second":	1.00797e+08,
					"omitted":	false
				}],
			"sum":	{
				"start":	26.0015,
				"end":	27.0001,
				"seconds":	0.998669,
				"bytes":	12582912,
				"bits_per_second":	1.00797e+08,
				"omitted":	false
			}
		}, {
			"streams":	[{
					"socket":	5,
					"start":	27.0001,
					"end":	28.001,
					"seconds":	1.00086,
					"bytes":	12451840,
					"bits_per_second":	9.95294e+07,
					"omitted":	false
				}],
			"sum":	{
				"start":	27.0001,
				"end":	28.001,
				"seconds":	1.00086,
				"bytes":	12451840,
				"bits_per_second":	9.95294e+07,
				"omitted":	false
			}
		}, {
			"streams":	[{
					"socket":	5,
					"start":	28.001,
					"end":	29.0002,
					"seconds":	0.999188,
					"bytes":	12451840,
					"bits_per_second":	9.96957e+07,
					"omitted":	false
				}],
			"sum":	{
				"start":	28.001,
				"end":	29.0002,
				"seconds":	0.999188,
				"bytes":	12451840,
				"bits_per_second":	9.96957e+07,
				"omitted":	false
			}
		}, {
			"streams":	[{
					"socket":	5,
					"start":	29.0002,
					"end":	30.0004,
					"seconds":	1.0002,
					"bytes":	12582912,
					"bits_per_second":	1.00643e+08,
					"omitted":	false
				}],
			"sum":	{
				"start":	29.0002,
				"end":	30.0004,
				"seconds":	1.0002,
				"bytes":	12582912,
				"bits_per_second":	1.00643e+08,
				"omitted":	false
			}
		}, {
			"streams":	[{
					"socket":	5,
					"start":	30.0004,
					"end":	31.0005,
					"seconds":	1.00013,
					"bytes":	12451840,
					"bits_per_second":	9.96021e+07,
					"omitted":	false
				}],
			"sum":	{
				"start":	30.0004,
				"end":	31.0005,
				"seconds":	1.00013,
				"bytes":	12451840,
				"bits_per_second":	9.96021e+07,
				"omitted":	false
			}
		}, {
			"streams":	[{
					"socket":	5,
					"start":	31.0005,
					"end":	32.014,
					"seconds":	1.01348,
					"bytes":	12451840,
					"bits_per_second":	9.82893e+07,
					"omitted":	false
				}],
			"sum":	{
				"start":	31.0005,
				"end":	32.014,
				"seconds":	1.01348,
				"bytes":	12451840,
				"bits_per_second":	9.82893e+07,
				"omitted":	false
			}
		}, {
			"streams":	[{
					"socket":	5,
					"start":	32.014,
					"end":	33.0002,
					"seconds":	0.986161,
					"bytes":	12451840,
					"bits_per_second":	1.01013e+08,
					"omitted":	false
				}],
			"sum":	{
				"start":	32.014,
				"end":	33.0002,
				"seconds":	0.986161,
				"bytes":	12451840,
				"bits_per_second":	1.01013e+08,
				"omitted":	false
			}
		}, {
			"streams":	[{
					"socket":	5,
					"start":	33.0002,
					"end":	34.0002,
					"seconds":	1.00003,
					"bytes":	12582912,
					"bits_per_second":	1.00661e+08,
					"omitted":	false
				}],
			"sum":	{
				"start":	33.0002,
				"end":	34.0002,
				"seconds":	1.00003,
				"bytes":	12582912,
				"bits_per_second":	1.00661e+08,
				"omitted":	false
			}
		}, {
			"streams":	[{
					"socket":	5,
					"start":	34.0002,
					"end":	35.0009,
					"seconds":	1.00066,
					"bytes":	12451840,
					"bits_per_second":	9.95488e+07,
					"omitted":	false
				}],
			"sum":	{
				"start":	34.0002,
				"end":	35.0009,
				"seconds":	1.00066,
				"bytes":	12451840,
				"bits_per_second":	9.95488e+07,
				"omitted":	false
			}
		}, {
			"streams":	[{
					"socket":	5,
					"start":	35.0009,
					"end":	36.0047,
					"seconds":	1.00383,
					"bytes":	12817264,
					"bits_per_second":	1.02147e+08,
					"omitted":	false
				}],
			"sum":	{
				"start":	35.0009,
				"end":	36.0047,
				"seconds":	1.00383,
				"bytes":	12817264,
				"bits_per_second":	1.02147e+08,
				"omitted":	false
			}
		}, {
			"streams":	[{
					"socket":	5,
					"start":	36.0047,
					"end":	37.003,
					"seconds":	0.998298,
					"bytes":	12217488,
					"bits_per_second":	9.79065e+07,
					"omitted":	false
				}],
			"sum":	{
				"start":	36.0047,
				"end":	37.003,
				"seconds":	0.998298,
				"bytes":	12217488,
				"bits_per_second":	9.79065e+07,
				"omitted":	false
			}
		}, {
			"streams":	[{
					"socket":	5,
					"start":	37.003,
					"end":	38.001,
					"seconds":	0.998053,
					"bytes":	12582912,
					"bits_per_second":	1.0086e+08,
					"omitted":	false
				}],
			"sum":	{
				"start":	37.003,
				"end":	38.001,
				"seconds":	0.998053,
				"bytes":	12582912,
				"bits_per_second":	1.0086e+08,
				"omitted":	false
			}
		}, {
			"streams":	[{
					"socket":	5,
					"start":	38.001,
					"end":	39.0001,
					"seconds":	0.999109,
					"bytes":	12451840,
					"bits_per_second":	9.97036e+07,
					"omitted":	false
				}],
			"sum":	{
				"start":	38.001,
				"end":	39.0001,
				"seconds":	0.999109,
				"bytes":	12451840,
				"bits_per_second":	9.97036e+07,
				"omitted":	false
			}
		}, {
			"streams":	[{
					"socket":	5,
					"start":	39.0001,
					"end":	40.0031,
					"seconds":	1.00299,
					"bytes":	11037224,
					"bits_per_second":	8.80348e+07,
					"omitted":	false
				}],
			"sum":	{
				"start":	39.0001,
				"end":	40.0031,
				"seconds":	1.00299,
				"bytes":	11037224,
				"bits_per_second":	8.80348e+07,
				"omitted":	false
			}
		}, {
			"streams":	[{
					"socket":	5,
					"start":	40.0031,
					"end":	41.0272,
					"seconds":	1.02406,
					"bytes":	10095400,
					"bits_per_second":	7.88655e+07,
					"omitted":	false
				}],
			"sum":	{
				"start":	40.0031,
				"end":	41.0272,
				"seconds":	1.02406,
				"bytes":	10095400,
				"bits_per_second":	7.88655e+07,
				"omitted":	false
			}
		}, {
			"streams":	[{
					"socket":	5,
					"start":	41.0272,
					"end":	42.0015,
					"seconds":	0.974312,
					"bytes":	6243776,
					"bits_per_second":	5.12672e+07,
					"omitted":	false
				}],
			"sum":	{
				"start":	41.0272,
				"end":	42.0015,
				"seconds":	0.974312,
				"bytes":	6243776,
				"bits_per_second":	5.12672e+07,
				"omitted":	false
			}
		}, {
			"streams":	[{
					"socket":	5,
					"start":	42.0015,
					"end":	43.0002,
					"seconds":	0.998677,
					"bytes":	5063656,
					"bits_per_second":	4.05629e+07,
					"omitted":	false
				}],
			"sum":	{
				"start":	42.0015,
				"end":	43.0002,
				"seconds":	0.998677,
				"bytes":	5063656,
				"bits_per_second":	4.05629e+07,
				"omitted":	false
			}
		}, {
			"streams":	[{
					"socket":	5,
					"start":	43.0002,
					"end":	44.0177,
					"seconds":	1.01747,
					"bytes":	7990816,
					"bits_per_second":	6.28292e+07,
					"omitted":	false
				}],
			"sum":	{
				"start":	43.0002,
				"end":	44.0177,
				"seconds":	1.01747,
				"bytes":	7990816,
				"bits_per_second":	6.28292e+07,
				"omitted":	false
			}
		}, {
			"streams":	[{
					"socket":	5,
					"start":	44.0177,
					"end":	45.0018,
					"seconds":	0.984196,
					"bytes":	11005840,
					"bits_per_second":	8.94606e+07,
					"omitted":	false
				}],
			"sum":	{
				"start":	44.0177,
				"end":	45.0018,
				"seconds":	0.984196,
				"bytes":	11005840,
				"bits_per_second":	8.94606e+07,
				"omitted":	false
			}
		}, {
			"streams":	[{
					"socket":	5,
					"start":	45.0018,
					"end":	46.0181,
					"seconds":	1.0163,
					"bytes":	8152296,
					"bits_per_second":	6.41722e+07,
					"omitted":	false
				}],
			"sum":	{
				"start":	45.0018,
				"end":	46.0181,
				"seconds":	1.0163,
				"bytes":	8152296,
				"bits_per_second":	6.41722e+07,
				"omitted":	false
			}
		}, {
			"streams":	[{
					"socket":	5,
					"start":	46.0181,
					"end":	47.0054,
					"seconds":	0.987249,
					"bytes":	10973640,
					"bits_per_second":	8.8923e+07,
					"omitted":	false
				}],
			"sum":	{
				"start":	46.0181,
				"end":	47.0054,
				"seconds":	0.987249,
				"bytes":	10973640,
				"bits_per_second":	8.8923e+07,
				"omitted":	false
			}
		}, {
			"streams":	[{
					"socket":	5,
					"start":	47.0054,
					"end":	48.0024,
					"seconds":	0.996985,
					"bytes":	8619192,
					"bits_per_second":	6.91621e+07,
					"omitted":	false
				}],
			"sum":	{
				"start":	47.0054,
				"end":	48.0024,
				"seconds":	0.996985,
				"bytes":	8619192,
				"bits_per_second":	6.91621e+07,
				"omitted":	false
			}
		}, {
			"streams":	[{
					"socket":	5,
					"start":	48.0024,
					"end":	49.0062,
					"seconds":	1.00381,
					"bytes":	7736664,
					"bits_per_second":	6.16582e+07,
					"omitted":	false
				}],
			"sum":	{
				"start":	48.0024,
				"end":	49.0062,
				"seconds":	1.00381,
				"bytes":	7736664,
				"bits_per_second":	6.16582e+07,
				"omitted":	false
			}
		}, {
			"streams":	[{
					"socket":	5,
					"start":	49.0062,
					"end":	50.0038,
					"seconds":	0.997595,
					"bytes":	5855712,
					"bits_per_second":	4.69586e+07,
					"omitted":	false
				}],
			"sum":	{
				"start":	49.0062,
				"end":	50.0038,
				"seconds":	0.997595,
				"bytes":	5855712,
				"bits_per_second":	4.69586e+07,
				"omitted":	false
			}
		}, {
			"streams":	[{
					"socket":	5,
					"start":	50.0038,
					"end":	51.0003,
					"seconds":	0.996518,
					"bytes":	7670056,
					"bits_per_second":	6.15749e+07,
					"omitted":	false
				}],
			"sum":	{
				"start":	50.0038,
				"end":	51.0003,
				"seconds":	0.996518,
				"bytes":	7670056,
				"bits_per_second":	6.15749e+07,
				"omitted":	false
			}
		}, {
			"streams":	[{
					"socket":	5,
					"start":	51.0003,
					"end":	52.0002,
					"seconds":	0.999924,
					"bytes":	8906648,
					"bits_per_second":	7.12586e+07,
					"omitted":	false
				}],
			"sum":	{
				"start":	51.0003,
				"end":	52.0002,
				"seconds":	0.999924,
				"bytes":	8906648,
				"bits_per_second":	7.12586e+07,
				"omitted":	false
			}
		}, {
			"streams":	[{
					"socket":	5,
					"start":	52.0002,
					"end":	53.0235,
					"seconds":	1.02323,
					"bytes":	3803200,
					"bits_per_second":	2.97349e+07,
					"omitted":	false
				}],
			"sum":	{
				"start":	52.0002,
				"end":	53.0235,
				"seconds":	1.02323,
				"bytes":	3803200,
				"bits_per_second":	2.97349e+07,
				"omitted":	false
			}
		}, {
			"streams":	[{
					"socket":	5,
					"start":	53.0235,
					"end":	54.0012,
					"seconds":	0.977693,
					"bytes":	6114152,
					"bits_per_second":	5.00292e+07,
					"omitted":	false
				}],
			"sum":	{
				"start":	53.0235,
				"end":	54.0012,
				"seconds":	0.977693,
				"bytes":	6114152,
				"bits_per_second":	5.00292e+07,
				"omitted":	false
			}
		}, {
			"streams":	[{
					"socket":	5,
					"start":	54.0012,
					"end":	55.0002,
					"seconds":	0.999085,
					"bytes":	3439000,
					"bits_per_second":	2.75372e+07,
					"omitted":	false
				}],
			"sum":	{
				"start":	54.0012,
				"end":	55.0002,
				"seconds":	0.999085,
				"bytes":	3439000,
				"bits_per_second":	2.75372e+07,
				"omitted":	false
			}
		}, {
			"streams":	[{
					"socket":	5,
					"start":	55.0002,
					"end":	55.1534,
					"seconds":	0.153206,
					"bytes":	240368,
					"bits_per_second":	1.25514e+07,
					"omitted":	false
				}],
			"sum":	{
				"start":	55.0002,
				"end":	55.1534,
				"seconds":	0.153206,
				"bytes":	240368,
				"bits_per_second":	1.25514e+07,
				"omitted":	false
			}
		}],
	"end":	{
		"streams":	[{
				"sender":	{
					"socket":	5,
					"start":	0,
					"end":	55.1534,
					"seconds":	55.1534,
					"bytes":	615220752,
					"bits_per_second":	8.92377e+07,
					"retransmits":	230
				},
				"receiver":	{
					"socket":	5,
					"start":	0,
					"end":	55.1534,
					"seconds":	55.1534,
					"bytes":	609324616,
					"bits_per_second":	8.83825e+07
				}
			}],
		"sum_sent":	{
			"start":	0,
			"end":	55.1534,
			"seconds":	55.1534,
			"bytes":	615220752,
			"bits_per_second":	8.92377e+07,
			"retransmits":	230
		},
		"sum_received":	{
			"start":	0,
			"end":	55.1534,
			"seconds":	55.1534,
			"bytes":	609324616,
			"bits_per_second":	8.83825e+07
		},
		"cpu_utilization_percent":	{
			"host_total":	5.4597,
			"host_user":	0.375087,
			"host_system":	5.08481,
			"remote_total":	2.78471,
			"remote_user":	0.107733,
			"remote_system":	2.67698
		}
	}
}
