{
	"start":	{
		"connected":	[{
				"socket":	5,
				"local_host":	"10.0.0.15",
				"local_port":	3937,
				"remote_host":	"10.0.0.5",
				"remote_port":	58890
			}],
		"version":	"iperf 3.0.7",
		"system_info":	"Linux CS1 5.4.197-0504197-generic #202206060747 SMP Mon Jun 6 09:27:47 UTC 2022 x86_64 x86_64 x86_64 GNU/Linux\n",
		"timestamp":	{
			"time":	"Mon, 25 Jul 2022 21:43:41 GMT",
			"timesecs":	1658785421
		},
		"accepted_connection":	{
			"host":	"10.0.0.5",
			"port":	58888
		},
		"cookie":	"BS5.1658785421.015879.493ef47e6d602c",
		"tcp_mss_default":	1448,
		"test_start":	{
			"protocol":	"TCP",
			"num_streams":	1,
			"blksize":	131072,
			"omit":	0,
			"duration":	6,
			"bytes":	0,
			"blocks":	0,
			"reverse":	0
		}
	},
	"intervals":	[{
			"streams":	[{
					"socket":	5,
					"start":	0,
					"end":	1.00022,
					"seconds":	1.00022,
					"bytes":	11372048,
					"bits_per_second":	9.09566e+07,
					"omitted":	false
				}],
			"sum":	{
				"start":	0,
				"end":	1.00022,
				"seconds":	1.00022,
				"bytes":	11372048,
				"bits_per_second":	9.09566e+07,
				"omitted":	false
			}
		}, {
			"streams":	[{
					"socket":	5,
					"start":	1.00022,
					"end":	2.00023,
					"seconds":	1.00001,
					"bytes":	12451840,
					"bits_per_second":	9.9614e+07,
					"omitted":	false
				}],
			"sum":	{
				"start":	1.00022,
				"end":	2.00023,
				"seconds":	1.00001,
				"bytes":	12451840,
				"bits_per_second":	9.9614e+07,
				"omitted":	false
			}
		}, {
			"streams":	[{
					"socket":	5,
					"start":	2.00023,
					"end":	3.00046,
					"seconds":	1.00023,
					"bytes":	12451840,
					"bits_per_second":	9.95913e+07,
					"omitted":	false
				}],
			"sum":	{
				"start":	2.00023,
				"end":	3.00046,
				"seconds":	1.00023,
				"bytes":	12451840,
				"bits_per_second":	9.95913e+07,
				"omitted":	false
			}
		}, {
			"streams":	[{
					"socket":	5,
					"start":	3.00046,
					"end":	4.00042,
					"seconds":	0.999962,
					"bytes":	12582912,
					"bits_per_second":	1.00667e+08,
					"omitted":	false
				}],
			"sum":	{
				"start":	3.00046,
				"end":	4.00042,
				"seconds":	0.999962,
				"bytes":	12582912,
				"bits_per_second":	1.00667e+08,
				"omitted":	false
			}
		}, {
			"streams":	[{
					"socket":	5,
					"start":	4.00042,
					"end":	5.00046,
					"seconds":	1.00004,
					"bytes":	12451840,
					"bits_per_second":	9.9611e+07,
					"omitted":	false
				}],
			"sum":	{
				"start":	4.00042,
				"end":	5.00046,
				"seconds":	1.00004,
				"bytes":	12451840,
				"bits_per_second":	9.9611e+07,
				"omitted":	false
			}
		}, {
			"streams":	[{
					"socket":	5,
					"start":	5.00046,
					"end":	6.00023,
					"seconds":	0.999767,
					"bytes":	12582912,
					"bits_per_second":	1.00687e+08,
					"omitted":	false
				}],
			"sum":	{
				"start":	5.00046,
				"end":	6.00023,
				"seconds":	0.999767,
				"bytes":	12582912,
				"bits_per_second":	1.00687e+08,
				"omitted":	false
			}
		}, {
			"streams":	[{
					"socket":	5,
					"start":	6.00023,
					"end":	6.02635,
					"seconds":	0.026123,
					"bytes":	0,
					"bits_per_second":	0,
					"omitted":	false
				}],
			"sum":	{
				"start":	6.00023,
				"end":	6.02635,
				"seconds":	0.026123,
				"bytes":	0,
				"bits_per_second":	0,
				"omitted":	false
			}
		}],
	"end":	{
		"streams":	[{
				"sender":	{
					"socket":	5,
					"start":	0,
					"end":	6.02635,
					"seconds":	6.02635,
					"bytes":	73893392,
					"bits_per_second":	9.80937e+07,
					"retransmits":	21
				},
				"receiver":	{
					"socket":	5,
					"start":	0,
					"end":	6.02635,
					"seconds":	6.02635,
					"bytes":	73893392,
					"bits_per_second":	9.80937e+07
				}
			}],
		"sum_sent":	{
			"start":	0,
			"end":	6.02635,
			"seconds":	6.02635,
			"bytes":	73893392,
			"bits_per_second":	9.80937e+07,
			"retransmits":	21
		},
		"sum_received":	{
			"start":	0,
			"end":	6.02635,
			"seconds":	6.02635,
			"bytes":	73893392,
			"bits_per_second":	9.80937e+07
		},
		"cpu_utilization_percent":	{
			"host_total":	3.95447,
			"host_user":	0.168335,
			"host_system":	3.78612,
			"remote_total":	1.92554,
			"remote_user":	0.862846,
			"remote_system":	1.06265
		}
	}
}
