{
	"start":	{
		"connected":	[{
				"socket":	5,
				"local_host":	"10.0.0.6",
				"local_port":	2405,
				"remote_host":	"10.0.0.7",
				"remote_port":	39546
			}],
		"version":	"iperf 3.0.7",
		"system_info":	"Linux H6 5.4.197-0504197-generic #202206060747 SMP Mon Jun 6 09:27:47 UTC 2022 x86_64 x86_64 x86_64 GNU/Linux\n",
		"timestamp":	{
			"time":	"Fri, 22 Jul 2022 16:23:51 GMT",
			"timesecs":	1658507031
		},
		"accepted_connection":	{
			"host":	"10.0.0.7",
			"port":	39544
		},
		"cookie":	"H7.1658507031.674960.22f497f54c1aef7",
		"tcp_mss_default":	1448,
		"test_start":	{
			"protocol":	"TCP",
			"num_streams":	1,
			"blksize":	131072,
			"omit":	0,
			"duration":	5,
			"bytes":	0,
			"blocks":	0,
			"reverse":	0
		}
	},
	"intervals":	[{
			"streams":	[{
					"socket":	5,
					"start":	0,
					"end":	1.00088,
					"seconds":	1.00088,
					"bytes":	1703936,
					"bits_per_second":	1.36195e+07,
					"omitted":	false
				}],
			"sum":	{
				"start":	0,
				"end":	1.00088,
				"seconds":	1.00088,
				"bytes":	1703936,
				"bits_per_second":	1.36195e+07,
				"omitted":	false
			}
		}, {
			"streams":	[{
					"socket":	5,
					"start":	1.00088,
					"end":	2.00047,
					"seconds":	0.999589,
					"bytes":	1966080,
					"bits_per_second":	1.57351e+07,
					"omitted":	false
				}],
			"sum":	{
				"start":	1.00088,
				"end":	2.00047,
				"seconds":	0.999589,
				"bytes":	1966080,
				"bits_per_second":	1.57351e+07,
				"omitted":	false
			}
		}, {
			"streams":	[{
					"socket":	5,
					"start":	2.00047,
					"end":	3.00064,
					"seconds":	1.00017,
					"bytes":	1835008,
					"bits_per_second":	1.46776e+07,
					"omitted":	false
				}],
			"sum":	{
				"start":	2.00047,
				"end":	3.00064,
				"seconds":	1.00017,
				"bytes":	1835008,
				"bits_per_second":	1.46776e+07,
				"omitted":	false
			}
		}, {
			"streams":	[{
					"socket":	5,
					"start":	3.00064,
					"end":	4.00038,
					"seconds":	0.999742,
					"bytes":	1835008,
					"bits_per_second":	1.46839e+07,
					"omitted":	false
				}],
			"sum":	{
				"start":	3.00064,
				"end":	4.00038,
				"seconds":	0.999742,
				"bytes":	1835008,
				"bits_per_second":	1.46839e+07,
				"omitted":	false
			}
		}, {
			"streams":	[{
					"socket":	5,
					"start":	4.00038,
					"end":	5.0004,
					"seconds":	1.00003,
					"bytes":	1966080,
					"bits_per_second":	1.57282e+07,
					"omitted":	false
				}],
			"sum":	{
				"start":	4.00038,
				"end":	5.0004,
				"seconds":	1.00003,
				"bytes":	1966080,
				"bits_per_second":	1.57282e+07,
				"omitted":	false
			}
		}, {
			"streams":	[{
					"socket":	5,
					"start":	5.0004,
					"end":	5.00067,
					"seconds":	0.000266075,
					"bytes":	0,
					"bits_per_second":	0,
					"omitted":	false
				}],
			"sum":	{
				"start":	5.0004,
				"end":	5.00067,
				"seconds":	0.000266075,
				"bytes":	0,
				"bits_per_second":	0,
				"omitted":	false
			}
		}],
	"end":	{
		"streams":	[{
				"sender":	{
					"socket":	5,
					"start":	0,
					"end":	5.00067,
					"seconds":	5.00067,
					"bytes":	9306112,
					"bits_per_second":	1.48878e+07,
					"retransmits":	0
				},
				"receiver":	{
					"socket":	5,
					"start":	0,
					"end":	5.00067,
					"seconds":	5.00067,
					"bytes":	9306112,
					"bits_per_second":	1.48878e+07
				}
			}],
		"sum_sent":	{
			"start":	0,
			"end":	5.00067,
			"seconds":	5.00067,
			"bytes":	9306112,
			"bits_per_second":	1.48878e+07,
			"retransmits":	0
		},
		"sum_received":	{
			"start":	0,
			"end":	5.00067,
			"seconds":	5.00067,
			"bytes":	9306112,
			"bits_per_second":	1.48878e+07
		},
		"cpu_utilization_percent":	{
			"host_total":	1.3876,
			"host_user":	0.384294,
			"host_system":	1.00333,
			"remote_total":	0.549411,
			"remote_user":	0.159689,
			"remote_system":	0.389722
		}
	}
}
{
	"start":	{
		"connected":	[],
		"version":	"iperf 3.0.7",
		"system_info":	"Linux H6 5.4.197-0504197-generic #202206060747 SMP Mon Jun 6 09:27:47 UTC 2022 x86_64 x86_64 x86_64 GNU/Linux\n"
	},
	"intervals":	[],
	"end":	{
	},
	"error":	"interrupt - the server has terminated"
}
