{
	"start":	{
		"connected":	[{
				"socket":	5,
				"local_host":	"10.0.0.13",
				"local_port":	3042,
				"remote_host":	"10.0.0.1",
				"remote_port":	59646
			}],
		"version":	"iperf 3.0.7",
		"system_info":	"Linux MECS6 5.4.197-0504197-generic #202206060747 SMP Mon Jun 6 09:27:47 UTC 2022 x86_64 x86_64 x86_64 GNU/Linux\n",
		"timestamp":	{
			"time":	"Mon, 25 Jul 2022 21:48:26 GMT",
			"timesecs":	1658785706
		},
		"accepted_connection":	{
			"host":	"10.0.0.1",
			"port":	33152
		},
		"cookie":	"BS1.1658785706.239222.5068b8697bd912",
		"test_start":	{
			"protocol":	"UDP",
			"num_streams":	1,
			"blksize":	8192,
			"omit":	0,
			"duration":	10,
			"bytes":	0,
			"blocks":	0,
			"reverse":	0
		}
	},
	"intervals":	[{
			"streams":	[{
					"socket":	5,
					"start":	0,
					"end":	1.00009,
					"seconds":	1.00009,
					"bytes":	2809856,
					"bits_per_second":	2.24768e+07,
					"jitter_ms":	0.866828,
					"lost_packets":	11,
					"packets":	343,
					"lost_percent":	3.207,
					"omitted":	false
				}],
			"sum":	{
				"start":	0,
				"end":	1.00009,
				"seconds":	1.00009,
				"bytes":	2809856,
				"bits_per_second":	2.24768e+07,
				"jitter_ms":	0.866828,
				"lost_packets":	11,
				"packets":	343,
				"lost_percent":	3.207,
				"omitted":	false
			}
		}, {
			"streams":	[{
					"socket":	5,
					"start":	1.00009,
					"end":	2.0042,
					"seconds":	1.00411,
					"bytes":	2916352,
					"bits_per_second":	2.32353e+07,
					"jitter_ms":	3.05673,
					"lost_packets":	11,
					"packets":	357,
					"lost_percent":	3.08123,
					"omitted":	false
				}],
			"sum":	{
				"start":	1.00009,
				"end":	2.0042,
				"seconds":	1.00411,
				"bytes":	2916352,
				"bits_per_second":	2.32353e+07,
				"jitter_ms":	3.05673,
				"lost_packets":	11,
				"packets":	357,
				"lost_percent":	3.08123,
				"omitted":	false
			}
		}, {
			"streams":	[{
					"socket":	5,
					"start":	2.0042,
					"end":	3.00079,
					"seconds":	0.996587,
					"bytes":	3121152,
					"bits_per_second":	2.50547e+07,
					"jitter_ms":	5.75311,
					"lost_packets":	12,
					"packets":	382,
					"lost_percent":	3.14136,
					"omitted":	false
				}],
			"sum":	{
				"start":	2.0042,
				"end":	3.00079,
				"seconds":	0.996587,
				"bytes":	3121152,
				"bits_per_second":	2.50547e+07,
				"jitter_ms":	5.75311,
				"lost_packets":	12,
				"packets":	382,
				"lost_percent":	3.14136,
				"omitted":	false
			}
		}, {
			"streams":	[{
					"socket":	5,
					"start":	3.00079,
					"end":	4.00079,
					"seconds":	0.999998,
					"bytes":	3178496,
					"bits_per_second":	2.5428e+07,
					"jitter_ms":	1.77421,
					"lost_packets":	34,
					"packets":	400,
					"lost_percent":	8.5,
					"omitted":	false
				}],
			"sum":	{
				"start":	3.00079,
				"end":	4.00079,
				"seconds":	0.999998,
				"bytes":	3178496,
				"bits_per_second":	2.5428e+07,
				"jitter_ms":	1.77421,
				"lost_packets":	34,
				"packets":	400,
				"lost_percent":	8.5,
				"omitted":	false
			}
		}, {
			"streams":	[{
					"socket":	5,
					"start":	4.00079,
					"end":	5.00312,
					"seconds":	1.00234,
					"bytes":	2990080,
					"bits_per_second":	2.38648e+07,
					"jitter_ms":	2.36862,
					"lost_packets":	9,
					"packets":	365,
					"lost_percent":	2.46575,
					"omitted":	false
				}],
			"sum":	{
				"start":	4.00079,
				"end":	5.00312,
				"seconds":	1.00234,
				"bytes":	2990080,
				"bits_per_second":	2.38648e+07,
				"jitter_ms":	2.36862,
				"lost_packets":	9,
				"packets":	365,
				"lost_percent":	2.46575,
				"omitted":	false
			}
		}, {
			"streams":	[{
					"socket":	5,
					"start":	5.00312,
					"end":	6.00104,
					"seconds":	0.997916,
					"bytes":	2965504,
					"bits_per_second":	2.37736e+07,
					"jitter_ms":	1.31815,
					"lost_packets":	27,
					"packets":	368,
					"lost_percent":	7.33696,
					"omitted":	false
				}],
			"sum":	{
				"start":	5.00312,
				"end":	6.00104,
				"seconds":	0.997916,
				"bytes":	2965504,
				"bits_per_second":	2.37736e+07,
				"jitter_ms":	1.31815,
				"lost_packets":	27,
				"packets":	368,
				"lost_percent":	7.33696,
				"omitted":	false
			}
		}, {
			"streams":	[{
					"socket":	5,
					"start":	6.00104,
					"end":	7.00049,
					"seconds":	0.999446,
					"bytes":	2498560,
					"bits_per_second":	1.99996e+07,
					"jitter_ms":	1.88657,
					"lost_packets":	8,
					"packets":	305,
					"lost_percent":	2.62295,
					"omitted":	false
				}],
			"sum":	{
				"start":	6.00104,
				"end":	7.00049,
				"seconds":	0.999446,
				"bytes":	2498560,
				"bits_per_second":	1.99996e+07,
				"jitter_ms":	1.88657,
				"lost_packets":	8,
				"packets":	305,
				"lost_percent":	2.62295,
				"omitted":	false
			}
		}, {
			"streams":	[{
					"socket":	5,
					"start":	7.00049,
					"end":	8.00004,
					"seconds":	0.999554,
					"bytes":	3833856,
					"bits_per_second":	3.06845e+07,
					"jitter_ms":	1.22689,
					"lost_packets":	32,
					"packets":	488,
					"lost_percent":	6.55738,
					"omitted":	false
				}],
			"sum":	{
				"start":	7.00049,
				"end":	8.00004,
				"seconds":	0.999554,
				"bytes":	3833856,
				"bits_per_second":	3.06845e+07,
				"jitter_ms":	1.22689,
				"lost_packets":	32,
				"packets":	488,
				"lost_percent":	6.55738,
				"omitted":	false
			}
		}, {
			"streams":	[{
					"socket":	5,
					"start":	8.00004,
					"end":	9.0004,
					"seconds":	1.00036,
					"bytes":	3014656,
					"bits_per_second":	2.41087e+07,
					"jitter_ms":	1.53956,
					"lost_packets":	16,
					"packets":	382,
					"lost_percent":	4.18848,
					"omitted":	false
				}],
			"sum":	{
				"start":	8.00004,
				"end":	9.0004,
				"seconds":	1.00036,
				"bytes":	3014656,
				"bits_per_second":	2.41087e+07,
				"jitter_ms":	1.53956,
				"lost_packets":	16,
				"packets":	382,
				"lost_percent":	4.18848,
				"omitted":	false
			}
		}, {
			"streams":	[{
					"socket":	5,
					"start":	9.0004,
					"end":	10.0008,
					"seconds":	1.00043,
					"bytes":	3088384,
					"bits_per_second":	2.46965e+07,
					"jitter_ms":	2.20951,
					"lost_packets":	62,
					"packets":	384,
					"lost_percent":	16.1458,
					"omitted":	false
				}],
			"sum":	{
				"start":	9.0004,
				"end":	10.0008,
				"seconds":	1.00043,
				"bytes":	3088384,
				"bits_per_second":	2.46965e+07,
				"jitter_ms":	2.20951,
				"lost_packets":	62,
				"packets":	384,
				"lost_percent":	16.1458,
				"omitted":	false
			}
		}, {
			"streams":	[{
					"socket":	5,
					"start":	10.0008,
					"end":	10.0785,
					"seconds":	0.0776498,
					"bytes":	139264,
					"bits_per_second":	1.43479e+07,
					"jitter_ms":	1.84879,
					"lost_packets":	1,
					"packets":	16,
					"lost_percent":	6.25,
					"omitted":	false
				}],
			"sum":	{
				"start":	10.0008,
				"end":	10.0785,
				"seconds":	0.0776498,
				"bytes":	139264,
				"bits_per_second":	1.43479e+07,
				"jitter_ms":	1.84879,
				"lost_packets":	1,
				"packets":	16,
				"lost_percent":	6.25,
				"omitted":	false
			}
		}],
	"end":	{
		"streams":	[{
				"udp":	{
					"socket":	5,
					"start":	0,
					"end":	10.0785,
					"seconds":	10.0785,
					"bytes":	31047680,
					"bits_per_second":	2.46448e+07,
					"jitter_ms":	1.84879,
					"lost_packets":	223,
					"packets":	3790,
					"lost_percent":	5.88391
				}
			}],
		"sum":	{
			"start":	0,
			"end":	10.0785,
			"seconds":	10.0785,
			"bytes":	31047680,
			"bits_per_second":	2.46448e+07,
			"jitter_ms":	1.84879,
			"lost_packets":	223,
			"packets":	3790,
			"lost_percent":	5.88391
		},
		"cpu_utilization_percent":	{
			"host_total":	3.76069,
			"host_user":	0.245503,
			"host_system":	3.51517,
			"remote_total":	8.6601,
			"remote_user":	0.202021,
			"remote_system":	8.45807
		}
	},
	"error":	"OUT OF ORDER - incoming packet = 79 and received packet = 80 AND SP = 5",
	"error":	"OUT OF ORDER - incoming packet = 81 and received packet = 82 AND SP = 5",
	"error":	"OUT OF ORDER - incoming packet = 83 and received packet = 84 AND SP = 5",
	"error":	"OUT OF ORDER - incoming packet = 85 and received packet = 86 AND SP = 5",
	"error":	"OUT OF ORDER - incoming packet = 87 and received packet = 90 AND SP = 5",
	"error":	"OUT OF ORDER - incoming packet = 88 and received packet = 90 AND SP = 5",
	"error":	"OUT OF ORDER - incoming packet = 118 and received packet = 124 AND SP = 5",
	"error":	"OUT OF ORDER - incoming packet = 177 and received packet = 178 AND SP = 5",
	"error":	"OUT OF ORDER - incoming packet = 193 and received packet = 195 AND SP = 5",
	"error":	"OUT OF ORDER - incoming packet = 199 and received packet = 200 AND SP = 5",
	"error":	"OUT OF ORDER - incoming packet = 210 and received packet = 211 AND SP = 5",
	"error":	"OUT OF ORDER - incoming packet = 350 and received packet = 351 AND SP = 5",
	"error":	"OUT OF ORDER - incoming packet = 363 and received packet = 364 AND SP = 5",
	"error":	"OUT OF ORDER - incoming packet = 402 and received packet = 403 AND SP = 5",
	"error":	"OUT OF ORDER - incoming packet = 465 and received packet = 466 AND SP = 5",
	"error":	"OUT OF ORDER - incoming packet = 633 and received packet = 634 AND SP = 5",
	"error":	"OUT OF ORDER - incoming packet = 636 and received packet = 637 AND SP = 5",
	"error":	"OUT OF ORDER - incoming packet = 665 and received packet = 667 AND SP = 5",
	"error":	"OUT OF ORDER - incoming packet = 666 and received packet = 667 AND SP = 5",
	"error":	"OUT OF ORDER - incoming packet = 661 and received packet = 668 AND SP = 5",
	"error":	"OUT OF ORDER - incoming packet = 695 and received packet = 696 AND SP = 5",
	"error":	"OUT OF ORDER - incoming packet = 756 and received packet = 757 AND SP = 5",
	"error":	"OUT OF ORDER - incoming packet = 758 and received packet = 759 AND SP = 5",
	"error":	"OUT OF ORDER - incoming packet = 771 and received packet = 772 AND SP = 5",
	"error":	"OUT OF ORDER - incoming packet = 831 and received packet = 832 AND SP = 5",
	"error":	"OUT OF ORDER - incoming packet = 921 and received packet = 922 AND SP = 5",
	"error":	"OUT OF ORDER - incoming packet = 926 and received packet = 927 AND SP = 5",
	"error":	"OUT OF ORDER - incoming packet = 939 and received packet = 940 AND SP = 5",
	"error":	"OUT OF ORDER - incoming packet = 969 and received packet = 970 AND SP = 5",
	"error":	"OUT OF ORDER - incoming packet = 973 and received packet = 974 AND SP = 5",
	"error":	"OUT OF ORDER - incoming packet = 982 and received packet = 984 AND SP = 5",
	"error":	"OUT OF ORDER - incoming packet = 1039 and received packet = 1040 AND SP = 5",
	"error":	"OUT OF ORDER - incoming packet = 1164 and received packet = 1165 AND SP = 5",
	"error":	"OUT OF ORDER - incoming packet = 1220 and received packet = 1221 AND SP = 5",
	"error":	"OUT OF ORDER - incoming packet = 1300 and received packet = 1303 AND SP = 5",
	"error":	"OUT OF ORDER - incoming packet = 1309 and received packet = 1311 AND SP = 5",
	"error":	"OUT OF ORDER - incoming packet = 1312 and received packet = 1314 AND SP = 5",
	"error":	"OUT OF ORDER - incoming packet = 1316 and received packet = 1317 AND SP = 5",
	"error":	"OUT OF ORDER - incoming packet = 1319 and received packet = 1321 AND SP = 5",
	"error":	"OUT OF ORDER - incoming packet = 1320 and received packet = 1321 AND SP = 5",
	"error":	"OUT OF ORDER - incoming packet = 1347 and received packet = 1350 AND SP = 5",
	"error":	"OUT OF ORDER - incoming packet = 1344 and received packet = 1350 AND SP = 5",
	"error":	"OUT OF ORDER - incoming packet = 1378 and received packet = 1379 AND SP = 5",
	"error":	"OUT OF ORDER - incoming packet = 1384 and received packet = 1397 AND SP = 5",
	"error":	"OUT OF ORDER - incoming packet = 1385 and received packet = 1397 AND SP = 5",
	"error":	"OUT OF ORDER - incoming packet = 1386 and received packet = 1397 AND SP = 5",
	"error":	"OUT OF ORDER - incoming packet = 1387 and received packet = 1397 AND SP = 5",
	"error":	"OUT OF ORDER - incoming packet = 1388 and received packet = 1397 AND SP = 5",
	"error":	"OUT OF ORDER - incoming packet = 1389 and received packet = 1397 AND SP = 5",
	"error":	"OUT OF ORDER - incoming packet = 1390 and received packet = 1397 AND SP = 5",
	"error":	"OUT OF ORDER - incoming packet = 1391 and received packet = 1397 AND SP = 5",
	"error":	"OUT OF ORDER - incoming packet = 1392 and received packet = 1397 AND SP = 5",
	"error":	"OUT OF ORDER - incoming packet = 1393 and received packet = 1397 AND SP = 5",
	"error":	"OUT OF ORDER - incoming packet = 1467 and received packet = 1469 AND SP = 5",
	"error":	"OUT OF ORDER - incoming packet = 1529 and received packet = 1530 AND SP = 5",
	"error":	"OUT OF ORDER - incoming packet = 1568 and received packet = 1572 AND SP = 5",
	"error":	"OUT OF ORDER - incoming packet = 1569 and received packet = 1572 AND SP = 5",
	"error":	"OUT OF ORDER - incoming packet = 1570 and received packet = 1572 AND SP = 5",
	"error":	"OUT OF ORDER - incoming packet = 1573 and received packet = 1574 AND SP = 5",
	"error":	"OUT OF ORDER - incoming packet = 1611 and received packet = 1613 AND SP = 5",
	"error":	"OUT OF ORDER - incoming packet = 1659 and received packet = 1660 AND SP = 5",
	"error":	"OUT OF ORDER - incoming packet = 1811 and received packet = 1812 AND SP = 5",
	"error":	"OUT OF ORDER - incoming packet = 1822 and received packet = 1824 AND SP = 5",
	"error":	"OUT OF ORDER - incoming packet = 1884 and received packet = 1886 AND SP = 5",
	"error":	"OUT OF ORDER - incoming packet = 1885 and received packet = 1886 AND SP = 5",
	"error":	"OUT OF ORDER - incoming packet = 1887 and received packet = 1890 AND SP = 5",
	"error":	"OUT OF ORDER - incoming packet = 1889 and received packet = 1891 AND SP = 5",
	"error":	"OUT OF ORDER - incoming packet = 1888 and received packet = 1891 AND SP = 5",
	"error":	"OUT OF ORDER - incoming packet = 1939 and received packet = 1940 AND SP = 5",
	"error":	"OUT OF ORDER - incoming packet = 1944 and received packet = 1946 AND SP = 5",
	"error":	"OUT OF ORDER - incoming packet = 1945 and received packet = 1946 AND SP = 5",
	"error":	"OUT OF ORDER - incoming packet = 2019 and received packet = 2020 AND SP = 5",
	"error":	"OUT OF ORDER - incoming packet = 2030 and received packet = 2033 AND SP = 5",
	"error":	"OUT OF ORDER - incoming packet = 2032 and received packet = 2034 AND SP = 5",
	"error":	"OUT OF ORDER - incoming packet = 2041 and received packet = 2042 AND SP = 5",
	"error":	"OUT OF ORDER - incoming packet = 2070 and received packet = 2072 AND SP = 5",
	"error":	"OUT OF ORDER - incoming packet = 2071 and received packet = 2072 AND SP = 5",
	"error":	"OUT OF ORDER - incoming packet = 2073 and received packet = 2074 AND SP = 5",
	"error":	"OUT OF ORDER - incoming packet = 2126 and received packet = 2130 AND SP = 5",
	"error":	"OUT OF ORDER - incoming packet = 2128 and received packet = 2130 AND SP = 5",
	"error":	"OUT OF ORDER - incoming packet = 2129 and received packet = 2130 AND SP = 5",
	"error":	"OUT OF ORDER - incoming packet = 2131 and received packet = 2133 AND SP = 5",
	"error":	"OUT OF ORDER - incoming packet = 2165 and received packet = 2166 AND SP = 5",
	"error":	"OUT OF ORDER - incoming packet = 2180 and received packet = 2183 AND SP = 5",
	"error":	"OUT OF ORDER - incoming packet = 2304 and received packet = 2306 AND SP = 5",
	"error":	"OUT OF ORDER - incoming packet = 2305 and received packet = 2306 AND SP = 5",
	"error":	"OUT OF ORDER - incoming packet = 2318 and received packet = 2319 AND SP = 5",
	"error":	"OUT OF ORDER - incoming packet = 2391 and received packet = 2392 AND SP = 5",
	"error":	"OUT OF ORDER - incoming packet = 2510 and received packet = 2513 AND SP = 5",
	"error":	"OUT OF ORDER - incoming packet = 2511 and received packet = 2513 AND SP = 5",
	"error":	"OUT OF ORDER - incoming packet = 2512 and received packet = 2513 AND SP = 5",
	"error":	"OUT OF ORDER - incoming packet = 2514 and received packet = 2515 AND SP = 5",
	"error":	"OUT OF ORDER - incoming packet = 2525 and received packet = 2526 AND SP = 5",
	"error":	"OUT OF ORDER - incoming packet = 2530 and received packet = 2532 AND SP = 5",
	"error":	"OUT OF ORDER - incoming packet = 2593 and received packet = 2594 AND SP = 5",
	"error":	"OUT OF ORDER - incoming packet = 2601 and received packet = 2602 AND SP = 5",
	"error":	"OUT OF ORDER - incoming packet = 2631 and received packet = 2632 AND SP = 5",
	"error":	"OUT OF ORDER - incoming packet = 2823 and received packet = 2824 AND SP = 5",
	"error":	"OUT OF ORDER - incoming packet = 2904 and received packet = 2905 AND SP = 5",
	"error":	"OUT OF ORDER - incoming packet = 2906 and received packet = 2907 AND SP = 5",
	"error":	"OUT OF ORDER - incoming packet = 2965 and received packet = 2966 AND SP = 5",
	"error":	"OUT OF ORDER - incoming packet = 2992 and received packet = 2993 AND SP = 5",
	"error":	"OUT OF ORDER - incoming packet = 2999 and received packet = 3000 AND SP = 5",
	"error":	"OUT OF ORDER - incoming packet = 3001 and received packet = 3003 AND SP = 5",
	"error":	"OUT OF ORDER - incoming packet = 3294 and received packet = 3295 AND SP = 5",
	"error":	"OUT OF ORDER - incoming packet = 3310 and received packet = 3311 AND SP = 5",
	"error":	"OUT OF ORDER - incoming packet = 3443 and received packet = 3444 AND SP = 5",
	"error":	"OUT OF ORDER - incoming packet = 3455 and received packet = 3457 AND SP = 5",
	"error":	"OUT OF ORDER - incoming packet = 3456 and received packet = 3457 AND SP = 5",
	"error":	"OUT OF ORDER - incoming packet = 3459 and received packet = 3460 AND SP = 5",
	"error":	"OUT OF ORDER - incoming packet = 3461 and received packet = 3464 AND SP = 5",
	"error":	"OUT OF ORDER - incoming packet = 3462 and received packet = 3464 AND SP = 5",
	"error":	"OUT OF ORDER - incoming packet = 3463 and received packet = 3464 AND SP = 5",
	"error":	"OUT OF ORDER - incoming packet = 3465 and received packet = 3466 AND SP = 5",
	"error":	"OUT OF ORDER - incoming packet = 3468 and received packet = 3469 AND SP = 5",
	"error":	"OUT OF ORDER - incoming packet = 3470 and received packet = 3471 AND SP = 5",
	"error":	"OUT OF ORDER - incoming packet = 3476 and received packet = 3477 AND SP = 5",
	"error":	"OUT OF ORDER - incoming packet = 3475 and received packet = 3477 AND SP = 5",
	"error":	"OUT OF ORDER - incoming packet = 3473 and received packet = 3479 AND SP = 5",
	"error":	"OUT OF ORDER - incoming packet = 3474 and received packet = 3480 AND SP = 5",
	"error":	"OUT OF ORDER - incoming packet = 3488 and received packet = 3494 AND SP = 5",
	"error":	"OUT OF ORDER - incoming packet = 3493 and received packet = 3497 AND SP = 5",
	"error":	"OUT OF ORDER - incoming packet = 3490 and received packet = 3499 AND SP = 5",
	"error":	"OUT OF ORDER - incoming packet = 3498 and received packet = 3499 AND SP = 5",
	"error":	"OUT OF ORDER - incoming packet = 3500 and received packet = 3502 AND SP = 5",
	"error":	"OUT OF ORDER - incoming packet = 3503 and received packet = 3504 AND SP = 5",
	"error":	"OUT OF ORDER - incoming packet = 3495 and received packet = 3504 AND SP = 5",
	"error":	"OUT OF ORDER - incoming packet = 3513 and received packet = 3519 AND SP = 5",
	"error":	"OUT OF ORDER - incoming packet = 3516 and received packet = 3519 AND SP = 5",
	"error":	"OUT OF ORDER - incoming packet = 3517 and received packet = 3519 AND SP = 5",
	"error":	"OUT OF ORDER - incoming packet = 3518 and received packet = 3523 AND SP = 5",
	"error":	"OUT OF ORDER - incoming packet = 3521 and received packet = 3523 AND SP = 5",
	"error":	"OUT OF ORDER - incoming packet = 3520 and received packet = 3523 AND SP = 5",
	"error":	"OUT OF ORDER - incoming packet = 3524 and received packet = 3527 AND SP = 5",
	"error":	"OUT OF ORDER - incoming packet = 3525 and received packet = 3527 AND SP = 5",
	"error":	"OUT OF ORDER - incoming packet = 3537 and received packet = 3539 AND SP = 5",
	"error":	"OUT OF ORDER - incoming packet = 3543 and received packet = 3547 AND SP = 5",
	"error":	"OUT OF ORDER - incoming packet = 3544 and received packet = 3547 AND SP = 5",
	"error":	"OUT OF ORDER - incoming packet = 3546 and received packet = 3551 AND SP = 5",
	"error":	"OUT OF ORDER - incoming packet = 3548 and received packet = 3552 AND SP = 5",
	"error":	"OUT OF ORDER - incoming packet = 3549 and received packet = 3556 AND SP = 5",
	"error":	"OUT OF ORDER - incoming packet = 3550 and received packet = 3556 AND SP = 5",
	"error":	"OUT OF ORDER - incoming packet = 3553 and received packet = 3557 AND SP = 5",
	"error":	"OUT OF ORDER - incoming packet = 3554 and received packet = 3557 AND SP = 5",
	"error":	"OUT OF ORDER - incoming packet = 3605 and received packet = 3606 AND SP = 5",
	"error":	"OUT OF ORDER - incoming packet = 3634 and received packet = 3638 AND SP = 5",
	"error":	"OUT OF ORDER - incoming packet = 3636 and received packet = 3638 AND SP = 5",
	"error":	"OUT OF ORDER - incoming packet = 3641 and received packet = 3643 AND SP = 5",
	"error":	"OUT OF ORDER - incoming packet = 3642 and received packet = 3643 AND SP = 5",
	"error":	"OUT OF ORDER - incoming packet = 3639 and received packet = 3643 AND SP = 5",
	"error":	"OUT OF ORDER - incoming packet = 3640 and received packet = 3643 AND SP = 5",
	"error":	"OUT OF ORDER - incoming packet = 3650 and received packet = 3654 AND SP = 5",
	"error":	"OUT OF ORDER - incoming packet = 3651 and received packet = 3654 AND SP = 5",
	"error":	"OUT OF ORDER - incoming packet = 3665 and received packet = 3666 AND SP = 5",
	"error":	"OUT OF ORDER - incoming packet = 3672 and received packet = 3673 AND SP = 5",
	"error":	"OUT OF ORDER - incoming packet = 3670 and received packet = 3673 AND SP = 5",
	"error":	"OUT OF ORDER - incoming packet = 3671 and received packet = 3673 AND SP = 5",
	"error":	"OUT OF ORDER - incoming packet = 3696 and received packet = 3698 AND SP = 5",
	"error":	"OUT OF ORDER - incoming packet = 3702 and received packet = 3704 AND SP = 5",
	"error":	"OUT OF ORDER - incoming packet = 3766 and received packet = 3767 AND SP = 5",
	"error":	"OUT OF ORDER - incoming packet = 3769 and received packet = 3770 AND SP = 5",
	"error":	"OUT OF ORDER - incoming packet = 3773 and received packet = 3774 AND SP = 5",
	"error":	"OUT OF ORDER - incoming packet = 3778 and received packet = 3779 AND SP = 5"
}
