{
	"start":	{
		"connected":	[{
				"socket":	5,
				"local_host":	"10.0.0.13",
				"local_port":	2517,
				"remote_host":	"10.0.0.2",
				"remote_port":	42284
			}],
		"version":	"iperf 3.0.7",
		"system_info":	"Linux MECS6 5.4.197-0504197-generic #202206060747 SMP Mon Jun 6 09:27:47 UTC 2022 x86_64 x86_64 x86_64 GNU/Linux\n",
		"timestamp":	{
			"time":	"Mon, 25 Jul 2022 21:50:02 GMT",
			"timesecs":	1658785802
		},
		"accepted_connection":	{
			"host":	"10.0.0.2",
			"port":	42282
		},
		"cookie":	"BS2.1658785801.971366.13c5d649420c94",
		"tcp_mss_default":	1448,
		"test_start":	{
			"protocol":	"TCP",
			"num_streams":	1,
			"blksize":	131072,
			"omit":	0,
			"duration":	5,
			"bytes":	0,
			"blocks":	0,
			"reverse":	0
		}
	},
	"intervals":	[{
			"streams":	[{
					"socket":	5,
					"start":	0,
					"end":	1.00064,
					"seconds":	1.00064,
					"bytes":	11394520,
					"bits_per_second":	9.10979e+07,
					"omitted":	false
				}],
			"sum":	{
				"start":	0,
				"end":	1.00064,
				"seconds":	1.00064,
				"bytes":	11394520,
				"bits_per_second":	9.10979e+07,
				"omitted":	false
			}
		}, {
			"streams":	[{
					"socket":	5,
					"start":	1.00064,
					"end":	2.00088,
					"seconds":	1.00024,
					"bytes":	12451840,
					"bits_per_second":	9.95911e+07,
					"omitted":	false
				}],
			"sum":	{
				"start":	1.00064,
				"end":	2.00088,
				"seconds":	1.00024,
				"bytes":	12451840,
				"bits_per_second":	9.95911e+07,
				"omitted":	false
			}
		}, {
			"streams":	[{
					"socket":	5,
					"start":	2.00088,
					"end":	3.00294,
					"seconds":	1.00206,
					"bytes":	12451840,
					"bits_per_second":	9.94098e+07,
					"omitted":	false
				}],
			"sum":	{
				"start":	2.00088,
				"end":	3.00294,
				"seconds":	1.00206,
				"bytes":	12451840,
				"bits_per_second":	9.94098e+07,
				"omitted":	false
			}
		}, {
			"streams":	[{
					"socket":	5,
					"start":	3.00294,
					"end":	4.00067,
					"seconds":	0.997736,
					"bytes":	12582912,
					"bits_per_second":	1.00892e+08,
					"omitted":	false
				}],
			"sum":	{
				"start":	3.00294,
				"end":	4.00067,
				"seconds":	0.997736,
				"bytes":	12582912,
				"bits_per_second":	1.00892e+08,
				"omitted":	false
			}
		}, {
			"streams":	[{
					"socket":	5,
					"start":	4.00067,
					"end":	5.00012,
					"seconds":	0.999447,
					"bytes":	12451840,
					"bits_per_second":	9.96698e+07,
					"omitted":	false
				}],
			"sum":	{
				"start":	4.00067,
				"end":	5.00012,
				"seconds":	0.999447,
				"bytes":	12451840,
				"bits_per_second":	9.96698e+07,
				"omitted":	false
			}
		}, {
			"streams":	[{
					"socket":	5,
					"start":	5.00012,
					"end":	5.01226,
					"seconds":	0.012136,
					"bytes":	0,
					"bits_per_second":	0,
					"omitted":	false
				}],
			"sum":	{
				"start":	5.00012,
				"end":	5.01226,
				"seconds":	0.012136,
				"bytes":	0,
				"bits_per_second":	0,
				"omitted":	false
			}
		}],
	"end":	{
		"streams":	[{
				"sender":	{
					"socket":	5,
					"start":	0,
					"end":	5.01226,
					"seconds":	5.01226,
					"bytes":	61332952,
					"bits_per_second":	9.78928e+07,
					"retransmits":	10
				},
				"receiver":	{
					"socket":	5,
					"start":	0,
					"end":	5.01226,
					"seconds":	5.01226,
					"bytes":	61332952,
					"bits_per_second":	9.78928e+07
				}
			}],
		"sum_sent":	{
			"start":	0,
			"end":	5.01226,
			"seconds":	5.01226,
			"bytes":	61332952,
			"bits_per_second":	9.78928e+07,
			"retransmits":	10
		},
		"sum_received":	{
			"start":	0,
			"end":	5.01226,
			"seconds":	5.01226,
			"bytes":	61332952,
			"bits_per_second":	9.78928e+07
		},
		"cpu_utilization_percent":	{
			"host_total":	3.43466,
			"host_user":	0.206293,
			"host_system":	3.22841,
			"remote_total":	1.62887,
			"remote_user":	0.502952,
			"remote_system":	1.12586
		}
	}
}
