{
	"start":	{
		"connected":	[{
				"socket":	5,
				"local_host":	"10.0.0.15",
				"local_port":	2083,
				"remote_host":	"10.0.0.1",
				"remote_port":	49864
			}],
		"version":	"iperf 3.0.7",
		"system_info":	"Linux CS1 5.4.197-0504197-generic #202206060747 SMP Mon Jun 6 09:27:47 UTC 2022 x86_64 x86_64 x86_64 GNU/Linux\n",
		"timestamp":	{
			"time":	"Mon, 25 Jul 2022 21:44:05 GMT",
			"timesecs":	1658785445
		},
		"accepted_connection":	{
			"host":	"10.0.0.1",
			"port":	41356
		},
		"cookie":	"BS1.1658785445.197077.2249c4107c739c",
		"test_start":	{
			"protocol":	"UDP",
			"num_streams":	1,
			"blksize":	8192,
			"omit":	0,
			"duration":	2,
			"bytes":	0,
			"blocks":	0,
			"reverse":	0
		}
	},
	"intervals":	[{
			"streams":	[{
					"socket":	5,
					"start":	0,
					"end":	1.00066,
					"seconds":	1.00066,
					"bytes":	12591104,
					"bits_per_second":	1.00662e+08,
					"jitter_ms":	0.475459,
					"lost_packets":	546,
					"packets":	2069,
					"lost_percent":	26.3896,
					"omitted":	false
				}],
			"sum":	{
				"start":	0,
				"end":	1.00066,
				"seconds":	1.00066,
				"bytes":	12591104,
				"bits_per_second":	1.00662e+08,
				"jitter_ms":	0.475459,
				"lost_packets":	546,
				"packets":	2069,
				"lost_percent":	26.3896,
				"omitted":	false
			}
		}, {
			"streams":	[{
					"socket":	5,
					"start":	1.00066,
					"end":	2.00035,
					"seconds":	0.999688,
					"bytes":	0,
					"bits_per_second":	0,
					"jitter_ms":	0.475459,
					"lost_packets":	0,
					"packets":	0,
					"lost_percent":	-nan,
					"omitted":	false
				}],
			"sum":	{
				"start":	1.00066,
				"end":	2.00035,
				"seconds":	0.999688,
				"bytes":	0,
				"bits_per_second":	0,
				"jitter_ms":	0.475459,
				"lost_packets":	0,
				"packets":	0,
				"lost_percent":	-nan,
				"omitted":	false
			}
		}, {
			"streams":	[{
					"socket":	5,
					"start":	2.00035,
					"end":	2.11846,
					"seconds":	0.118108,
					"bytes":	0,
					"bits_per_second":	0,
					"jitter_ms":	0.475459,
					"lost_packets":	0,
					"packets":	0,
					"lost_percent":	-nan,
					"omitted":	false
				}],
			"sum":	{
				"start":	2.00035,
				"end":	2.11846,
				"seconds":	0.118108,
				"bytes":	0,
				"bits_per_second":	0,
				"jitter_ms":	0.475459,
				"lost_packets":	0,
				"packets":	0,
				"lost_percent":	-nan,
				"omitted":	false
			}
		}],
	"end":	{
		"streams":	[{
				"udp":	{
					"socket":	5,
					"start":	0,
					"end":	2.11846,
					"seconds":	2.11846,
					"bytes":	49618944,
					"bits_per_second":	1.87378e+08,
					"jitter_ms":	0.475459,
					"lost_packets":	546,
					"packets":	2069,
					"lost_percent":	26.3896
				}
			}],
		"sum":	{
			"start":	0,
			"end":	2.11846,
			"seconds":	2.11846,
			"bytes":	49618944,
			"bits_per_second":	1.87378e+08,
			"jitter_ms":	0.475459,
			"lost_packets":	546,
			"packets":	2069,
			"lost_percent":	26.3896
		},
		"cpu_utilization_percent":	{
			"host_total":	3.72486,
			"host_user":	1.46886,
			"host_system":	2.25605,
			"remote_total":	62.8694,
			"remote_user":	1.797,
			"remote_system":	61.0724
		}
	},
	"error":	"OUT OF ORDER - incoming packet = 1 and received packet = 6 AND SP = 5",
	"error":	"OUT OF ORDER - incoming packet = 2 and received packet = 6 AND SP = 5",
	"error":	"OUT OF ORDER - incoming packet = 3 and received packet = 7 AND SP = 5",
	"error":	"OUT OF ORDER - incoming packet = 4 and received packet = 7 AND SP = 5",
	"error":	"OUT OF ORDER - incoming packet = 5 and received packet = 7 AND SP = 5",
	"error":	"OUT OF ORDER - incoming packet = 47 and received packet = 48 AND SP = 5",
	"error":	"OUT OF ORDER - incoming packet = 496 and received packet = 497 AND SP = 5",
	"error":	"OUT OF ORDER - incoming packet = 705 and received packet = 707 AND SP = 5",
	"error":	"OUT OF ORDER - incoming packet = 808 and received packet = 809 AND SP = 5",
	"error":	"OUT OF ORDER - incoming packet = 824 and received packet = 825 AND SP = 5",
	"error":	"OUT OF ORDER - incoming packet = 1120 and received packet = 1121 AND SP = 5",
	"error":	"OUT OF ORDER - incoming packet = 1555 and received packet = 1556 AND SP = 5",
	"error":	"OUT OF ORDER - incoming packet = 1554 and received packet = 1556 AND SP = 5",
	"error":	"OUT OF ORDER - incoming packet = 1557 and received packet = 1558 AND SP = 5"
}
