{
	"start":	{
		"connected":	[{
				"socket":	5,
				"local_host":	"10.0.0.8",
				"local_port":	2533,
				"remote_host":	"10.0.0.2",
				"remote_port":	57676
			}],
		"version":	"iperf 3.0.7",
		"system_info":	"Linux H8 5.4.197-0504197-generic #202206060747 SMP Mon Jun 6 09:27:47 UTC 2022 x86_64 x86_64 x86_64 GNU/Linux\n",
		"timestamp":	{
			"time":	"Fri, 22 Jul 2022 16:21:16 GMT",
			"timesecs":	1658506876
		},
		"accepted_connection":	{
			"host":	"10.0.0.2",
			"port":	57674
		},
		"cookie":	"H2.1658506876.489735.326f0fb461fecbf",
		"tcp_mss_default":	1448,
		"test_start":	{
			"protocol":	"TCP",
			"num_streams":	1,
			"blksize":	131072,
			"omit":	0,
			"duration":	5,
			"bytes":	0,
			"blocks":	0,
			"reverse":	0
		}
	},
	"intervals":	[{
			"streams":	[{
					"socket":	5,
					"start":	0,
					"end":	1.00053,
					"seconds":	1.00053,
					"bytes":	1703936,
					"bits_per_second":	1.36243e+07,
					"omitted":	false
				}],
			"sum":	{
				"start":	0,
				"end":	1.00053,
				"seconds":	1.00053,
				"bytes":	1703936,
				"bits_per_second":	1.36243e+07,
				"omitted":	false
			}
		}, {
			"streams":	[{
					"socket":	5,
					"start":	1.00053,
					"end":	2.0002,
					"seconds":	0.999674,
					"bytes":	1966080,
					"bits_per_second":	1.57338e+07,
					"omitted":	false
				}],
			"sum":	{
				"start":	1.00053,
				"end":	2.0002,
				"seconds":	0.999674,
				"bytes":	1966080,
				"bits_per_second":	1.57338e+07,
				"omitted":	false
			}
		}, {
			"streams":	[{
					"socket":	5,
					"start":	2.0002,
					"end":	3.00076,
					"seconds":	1.00056,
					"bytes":	1865416,
					"bits_per_second":	1.49149e+07,
					"omitted":	false
				}],
			"sum":	{
				"start":	2.0002,
				"end":	3.00076,
				"seconds":	1.00056,
				"bytes":	1865416,
				"bits_per_second":	1.49149e+07,
				"omitted":	false
			}
		}, {
			"streams":	[{
					"socket":	5,
					"start":	3.00076,
					"end":	4.0002,
					"seconds":	0.999431,
					"bytes":	1804600,
					"bits_per_second":	1.4445e+07,
					"omitted":	false
				}],
			"sum":	{
				"start":	3.00076,
				"end":	4.0002,
				"seconds":	0.999431,
				"bytes":	1804600,
				"bits_per_second":	1.4445e+07,
				"omitted":	false
			}
		}, {
			"streams":	[{
					"socket":	5,
					"start":	4.0002,
					"end":	5.00079,
					"seconds":	1.0006,
					"bytes":	1966080,
					"bits_per_second":	1.57193e+07,
					"omitted":	false
				}],
			"sum":	{
				"start":	4.0002,
				"end":	5.00079,
				"seconds":	1.0006,
				"bytes":	1966080,
				"bits_per_second":	1.57193e+07,
				"omitted":	false
			}
		}],
	"end":	{
		"streams":	[{
				"sender":	{
					"socket":	5,
					"start":	0,
					"end":	5.00079,
					"seconds":	5.00079,
					"bytes":	9306112,
					"bits_per_second":	1.48874e+07,
					"retransmits":	0
				},
				"receiver":	{
					"socket":	5,
					"start":	0,
					"end":	5.00079,
					"seconds":	5.00079,
					"bytes":	9306112,
					"bits_per_second":	1.48874e+07
				}
			}],
		"sum_sent":	{
			"start":	0,
			"end":	5.00079,
			"seconds":	5.00079,
			"bytes":	9306112,
			"bits_per_second":	1.48874e+07,
			"retransmits":	0
		},
		"sum_received":	{
			"start":	0,
			"end":	5.00079,
			"seconds":	5.00079,
			"bytes":	9306112,
			"bits_per_second":	1.48874e+07
		},
		"cpu_utilization_percent":	{
			"host_total":	1.3744,
			"host_user":	1.37436,
			"host_system":	0,
			"remote_total":	0.873313,
			"remote_user":	0.184235,
			"remote_system":	0.689038
		}
	}
}
{
	"start":	{
		"connected":	[],
		"version":	"iperf 3.0.7",
		"system_info":	"Linux H8 5.4.197-0504197-generic #202206060747 SMP Mon Jun 6 09:27:47 UTC 2022 x86_64 x86_64 x86_64 GNU/Linux\n"
	},
	"intervals":	[],
	"end":	{
	},
	"error":	"interrupt - the server has terminated"
}
