{
	"start":	{
		"connected":	[{
				"socket":	5,
				"local_host":	"10.0.0.9",
				"local_port":	3284,
				"remote_host":	"10.0.0.2",
				"remote_port":	51468
			}],
		"version":	"iperf 3.0.7",
		"system_info":	"Linux H9 5.4.197-0504197-generic #202206060747 SMP Mon Jun 6 09:27:47 UTC 2022 x86_64 x86_64 x86_64 GNU/Linux\n",
		"timestamp":	{
			"time":	"Fri, 22 Jul 2022 15:00:55 GMT",
			"timesecs":	1658502055
		},
		"accepted_connection":	{
			"host":	"10.0.0.2",
			"port":	51466
		},
		"cookie":	"H2.1658502055.684784.6c766ee22245860",
		"tcp_mss_default":	1448,
		"test_start":	{
			"protocol":	"TCP",
			"num_streams":	1,
			"blksize":	131072,
			"omit":	0,
			"duration":	5,
			"bytes":	0,
			"blocks":	0,
			"reverse":	0
		}
	},
	"intervals":	[{
			"streams":	[{
					"socket":	5,
					"start":	0,
					"end":	1.00038,
					"seconds":	1.00038,
					"bytes":	1693744,
					"bits_per_second":	1.35448e+07,
					"omitted":	false
				}],
			"sum":	{
				"start":	0,
				"end":	1.00038,
				"seconds":	1.00038,
				"bytes":	1693744,
				"bits_per_second":	1.35448e+07,
				"omitted":	false
			}
		}, {
			"streams":	[{
					"socket":	5,
					"start":	1.00038,
					"end":	2.00377,
					"seconds":	1.0034,
					"bytes":	2003728,
					"bits_per_second":	1.59756e+07,
					"omitted":	false
				}],
			"sum":	{
				"start":	1.00038,
				"end":	2.00377,
				"seconds":	1.0034,
				"bytes":	2003728,
				"bits_per_second":	1.59756e+07,
				"omitted":	false
			}
		}, {
			"streams":	[{
					"socket":	5,
					"start":	2.00377,
					"end":	3.00068,
					"seconds":	0.996908,
					"bytes":	1797360,
					"bits_per_second":	1.44235e+07,
					"omitted":	false
				}],
			"sum":	{
				"start":	2.00377,
				"end":	3.00068,
				"seconds":	0.996908,
				"bytes":	1797360,
				"bits_per_second":	1.44235e+07,
				"omitted":	false
			}
		}, {
			"streams":	[{
					"socket":	5,
					"start":	3.00068,
					"end":	4.00026,
					"seconds":	0.999582,
					"bytes":	1835008,
					"bits_per_second":	1.46862e+07,
					"omitted":	false
				}],
			"sum":	{
				"start":	3.00068,
				"end":	4.00026,
				"seconds":	0.999582,
				"bytes":	1835008,
				"bits_per_second":	1.46862e+07,
				"omitted":	false
			}
		}, {
			"streams":	[{
					"socket":	5,
					"start":	4.00026,
					"end":	5.00048,
					"seconds":	1.00022,
					"bytes":	1966080,
					"bits_per_second":	1.57252e+07,
					"omitted":	false
				}],
			"sum":	{
				"start":	4.00026,
				"end":	5.00048,
				"seconds":	1.00022,
				"bytes":	1966080,
				"bits_per_second":	1.57252e+07,
				"omitted":	false
			}
		}, {
			"streams":	[{
					"socket":	5,
					"start":	5.00048,
					"end":	5.00076,
					"seconds":	0.000276089,
					"bytes":	0,
					"bits_per_second":	0,
					"omitted":	false
				}],
			"sum":	{
				"start":	5.00048,
				"end":	5.00076,
				"seconds":	0.000276089,
				"bytes":	0,
				"bits_per_second":	0,
				"omitted":	false
			}
		}],
	"end":	{
		"streams":	[{
				"sender":	{
					"socket":	5,
					"start":	0,
					"end":	5.00076,
					"seconds":	5.00076,
					"bytes":	9295920,
					"bits_per_second":	1.48712e+07,
					"retransmits":	24
				},
				"receiver":	{
					"socket":	5,
					"start":	0,
					"end":	5.00076,
					"seconds":	5.00076,
					"bytes":	9295920,
					"bits_per_second":	1.48712e+07
				}
			}],
		"sum_sent":	{
			"start":	0,
			"end":	5.00076,
			"seconds":	5.00076,
			"bytes":	9295920,
			"bits_per_second":	1.48712e+07,
			"retransmits":	24
		},
		"sum_received":	{
			"start":	0,
			"end":	5.00076,
			"seconds":	5.00076,
			"bytes":	9295920,
			"bits_per_second":	1.48712e+07
		},
		"cpu_utilization_percent":	{
			"host_total":	2.50021,
			"host_user":	0.697935,
			"host_system":	1.80219,
			"remote_total":	0.74287,
			"remote_user":	0.164441,
			"remote_system":	0.578389
		}
	}
}
