{
	"start":	{
		"connected":	[{
				"socket":	5,
				"local_host":	"10.0.0.12",
				"local_port":	1683,
				"remote_host":	"10.0.0.2",
				"remote_port":	58674
			}],
		"version":	"iperf 3.0.7",
		"system_info":	"Linux MECS5 5.4.197-0504197-generic #202206060747 SMP Mon Jun 6 09:27:47 UTC 2022 x86_64 x86_64 x86_64 GNU/Linux\n",
		"timestamp":	{
			"time":	"Mon, 25 Jul 2022 21:47:37 GMT",
			"timesecs":	1658785657
		},
		"accepted_connection":	{
			"host":	"10.0.0.2",
			"port":	58672
		},
		"cookie":	"BS2.1658785657.513231.46a6e6b41da4ae",
		"tcp_mss_default":	1448,
		"test_start":	{
			"protocol":	"TCP",
			"num_streams":	1,
			"blksize":	131072,
			"omit":	0,
			"duration":	18,
			"bytes":	0,
			"blocks":	0,
			"reverse":	0
		}
	},
	"intervals":	[{
			"streams":	[{
					"socket":	5,
					"start":	0,
					"end":	1.00116,
					"seconds":	1.00116,
					"bytes":	5735952,
					"bits_per_second":	4.58343e+07,
					"omitted":	false
				}],
			"sum":	{
				"start":	0,
				"end":	1.00116,
				"seconds":	1.00116,
				"bytes":	5735952,
				"bits_per_second":	4.58343e+07,
				"omitted":	false
			}
		}, {
			"streams":	[{
					"socket":	5,
					"start":	1.00116,
					"end":	2.00098,
					"seconds":	0.999812,
					"bytes":	6160384,
					"bits_per_second":	4.92923e+07,
					"omitted":	false
				}],
			"sum":	{
				"start":	1.00116,
				"end":	2.00098,
				"seconds":	0.999812,
				"bytes":	6160384,
				"bits_per_second":	4.92923e+07,
				"omitted":	false
			}
		}, {
			"streams":	[{
					"socket":	5,
					"start":	2.00098,
					"end":	3.00098,
					"seconds":	1,
					"bytes":	6291456,
					"bits_per_second":	5.03314e+07,
					"omitted":	false
				}],
			"sum":	{
				"start":	2.00098,
				"end":	3.00098,
				"seconds":	1,
				"bytes":	6291456,
				"bits_per_second":	5.03314e+07,
				"omitted":	false
			}
		}, {
			"streams":	[{
					"socket":	5,
					"start":	3.00098,
					"end":	4.00044,
					"seconds":	0.999462,
					"bytes":	6291456,
					"bits_per_second":	5.03587e+07,
					"omitted":	false
				}],
			"sum":	{
				"start":	3.00098,
				"end":	4.00044,
				"seconds":	0.999462,
				"bytes":	6291456,
				"bits_per_second":	5.03587e+07,
				"omitted":	false
			}
		}, {
			"streams":	[{
					"socket":	5,
					"start":	4.00044,
					"end":	5.00045,
					"seconds":	1.00001,
					"bytes":	6160384,
					"bits_per_second":	4.92824e+07,
					"omitted":	false
				}],
			"sum":	{
				"start":	4.00044,
				"end":	5.00045,
				"seconds":	1.00001,
				"bytes":	6160384,
				"bits_per_second":	4.92824e+07,
				"omitted":	false
			}
		}, {
			"streams":	[{
					"socket":	5,
					"start":	5.00045,
					"end":	6.00092,
					"seconds":	1.00046,
					"bytes":	6291456,
					"bits_per_second":	5.03083e+07,
					"omitted":	false
				}],
			"sum":	{
				"start":	5.00045,
				"end":	6.00092,
				"seconds":	1.00046,
				"bytes":	6291456,
				"bits_per_second":	5.03083e+07,
				"omitted":	false
			}
		}, {
			"streams":	[{
					"socket":	5,
					"start":	6.00092,
					"end":	7.00107,
					"seconds":	1.00015,
					"bytes":	6291456,
					"bits_per_second":	5.03243e+07,
					"omitted":	false
				}],
			"sum":	{
				"start":	6.00092,
				"end":	7.00107,
				"seconds":	1.00015,
				"bytes":	6291456,
				"bits_per_second":	5.03243e+07,
				"omitted":	false
			}
		}, {
			"streams":	[{
					"socket":	5,
					"start":	7.00107,
					"end":	8.00082,
					"seconds":	0.999758,
					"bytes":	6291456,
					"bits_per_second":	5.03438e+07,
					"omitted":	false
				}],
			"sum":	{
				"start":	7.00107,
				"end":	8.00082,
				"seconds":	0.999758,
				"bytes":	6291456,
				"bits_per_second":	5.03438e+07,
				"omitted":	false
			}
		}, {
			"streams":	[{
					"socket":	5,
					"start":	8.00082,
					"end":	9.00022,
					"seconds":	0.999397,
					"bytes":	6160384,
					"bits_per_second":	4.93128e+07,
					"omitted":	false
				}],
			"sum":	{
				"start":	8.00082,
				"end":	9.00022,
				"seconds":	0.999397,
				"bytes":	6160384,
				"bits_per_second":	4.93128e+07,
				"omitted":	false
			}
		}, {
			"streams":	[{
					"socket":	5,
					"start":	9.00022,
					"end":	10.0002,
					"seconds":	0.999956,
					"bytes":	6291456,
					"bits_per_second":	5.03339e+07,
					"omitted":	false
				}],
			"sum":	{
				"start":	9.00022,
				"end":	10.0002,
				"seconds":	0.999956,
				"bytes":	6291456,
				"bits_per_second":	5.03339e+07,
				"omitted":	false
			}
		}, {
			"streams":	[{
					"socket":	5,
					"start":	10.0002,
					"end":	11.0036,
					"seconds":	1.00338,
					"bytes":	6217552,
					"bits_per_second":	4.95727e+07,
					"omitted":	false
				}],
			"sum":	{
				"start":	10.0002,
				"end":	11.0036,
				"seconds":	1.00338,
				"bytes":	6217552,
				"bits_per_second":	4.95727e+07,
				"omitted":	false
			}
		}, {
			"streams":	[{
					"socket":	5,
					"start":	11.0036,
					"end":	12.0004,
					"seconds":	0.996808,
					"bytes":	6234288,
					"bits_per_second":	5.0034e+07,
					"omitted":	false
				}],
			"sum":	{
				"start":	11.0036,
				"end":	12.0004,
				"seconds":	0.996808,
				"bytes":	6234288,
				"bits_per_second":	5.0034e+07,
				"omitted":	false
			}
		}, {
			"streams":	[{
					"socket":	5,
					"start":	12.0004,
					"end":	13.0004,
					"seconds":	1.00004,
					"bytes":	6291456,
					"bits_per_second":	5.03297e+07,
					"omitted":	false
				}],
			"sum":	{
				"start":	12.0004,
				"end":	13.0004,
				"seconds":	1.00004,
				"bytes":	6291456,
				"bits_per_second":	5.03297e+07,
				"omitted":	false
			}
		}, {
			"streams":	[{
					"socket":	5,
					"start":	13.0004,
					"end":	14.0008,
					"seconds":	1.00038,
					"bytes":	6291344,
					"bits_per_second":	5.03116e+07,
					"omitted":	false
				}],
			"sum":	{
				"start":	13.0004,
				"end":	14.0008,
				"seconds":	1.00038,
				"bytes":	6291344,
				"bits_per_second":	5.03116e+07,
				"omitted":	false
			}
		}, {
			"streams":	[{
					"socket":	5,
					"start":	14.0008,
					"end":	15.0007,
					"seconds":	0.999894,
					"bytes":	6160496,
					"bits_per_second":	4.92892e+07,
					"omitted":	false
				}],
			"sum":	{
				"start":	14.0008,
				"end":	15.0007,
				"seconds":	0.999894,
				"bytes":	6160496,
				"bits_per_second":	4.92892e+07,
				"omitted":	false
			}
		}, {
			"streams":	[{
					"socket":	5,
					"start":	15.0007,
					"end":	16.0004,
					"seconds":	0.99968,
					"bytes":	6291456,
					"bits_per_second":	5.03478e+07,
					"omitted":	false
				}],
			"sum":	{
				"start":	15.0007,
				"end":	16.0004,
				"seconds":	0.99968,
				"bytes":	6291456,
				"bits_per_second":	5.03478e+07,
				"omitted":	false
			}
		}, {
			"streams":	[{
					"socket":	5,
					"start":	16.0004,
					"end":	17.0005,
					"seconds":	1.0001,
					"bytes":	6291456,
					"bits_per_second":	5.03267e+07,
					"omitted":	false
				}],
			"sum":	{
				"start":	16.0004,
				"end":	17.0005,
				"seconds":	1.0001,
				"bytes":	6291456,
				"bits_per_second":	5.03267e+07,
				"omitted":	false
			}
		}, {
			"streams":	[{
					"socket":	5,
					"start":	17.0005,
					"end":	18.0029,
					"seconds":	1.00244,
					"bytes":	6160384,
					"bits_per_second":	4.91631e+07,
					"omitted":	false
				}],
			"sum":	{
				"start":	17.0005,
				"end":	18.0029,
				"seconds":	1.00244,
				"bytes":	6160384,
				"bits_per_second":	4.91631e+07,
				"omitted":	false
			}
		}, {
			"streams":	[{
					"socket":	5,
					"start":	18.0029,
					"end":	18.0275,
					"seconds":	0.024636,
					"bytes":	0,
					"bits_per_second":	0,
					"omitted":	false
				}],
			"sum":	{
				"start":	18.0029,
				"end":	18.0275,
				"seconds":	0.024636,
				"bytes":	0,
				"bits_per_second":	0,
				"omitted":	false
			}
		}],
	"end":	{
		"streams":	[{
				"sender":	{
					"socket":	5,
					"start":	0,
					"end":	18.0275,
					"seconds":	18.0275,
					"bytes":	111904272,
					"bits_per_second":	4.96593e+07,
					"retransmits":	5
				},
				"receiver":	{
					"socket":	5,
					"start":	0,
					"end":	18.0275,
					"seconds":	18.0275,
					"bytes":	111904272,
					"bits_per_second":	4.96593e+07
				}
			}],
		"sum_sent":	{
			"start":	0,
			"end":	18.0275,
			"seconds":	18.0275,
			"bytes":	111904272,
			"bits_per_second":	4.96593e+07,
			"retransmits":	5
		},
		"sum_received":	{
			"start":	0,
			"end":	18.0275,
			"seconds":	18.0275,
			"bytes":	111904272,
			"bits_per_second":	4.96593e+07
		},
		"cpu_utilization_percent":	{
			"host_total":	4.08171,
			"host_user":	0.196088,
			"host_system":	3.88563,
			"remote_total":	1.59871,
			"remote_user":	0.114231,
			"remote_system":	1.48446
		}
	}
}
