{
	"start":	{
		"connected":	[{
				"socket":	5,
				"local_host":	"10.0.0.18",
				"local_port":	1994,
				"remote_host":	"10.0.0.2",
				"remote_port":	47526
			}],
		"version":	"iperf 3.0.7",
		"system_info":	"Linux CS4 5.4.197-0504197-generic #202206060747 SMP Mon Jun 6 09:27:47 UTC 2022 x86_64 x86_64 x86_64 GNU/Linux\n",
		"timestamp":	{
			"time":	"Mon, 25 Jul 2022 21:49:21 GMT",
			"timesecs":	1658785761
		},
		"accepted_connection":	{
			"host":	"10.0.0.2",
			"port":	47524
		},
		"cookie":	"BS2.1658785761.506987.4226206b1fbb1f",
		"tcp_mss_default":	1448,
		"test_start":	{
			"protocol":	"TCP",
			"num_streams":	1,
			"blksize":	131072,
			"omit":	0,
			"duration":	11,
			"bytes":	0,
			"blocks":	0,
			"reverse":	0
		}
	},
	"intervals":	[{
			"streams":	[{
					"socket":	5,
					"start":	0,
					"end":	1.00044,
					"seconds":	1.00044,
					"bytes":	5735952,
					"bits_per_second":	4.58672e+07,
					"omitted":	false
				}],
			"sum":	{
				"start":	0,
				"end":	1.00044,
				"seconds":	1.00044,
				"bytes":	5735952,
				"bits_per_second":	4.58672e+07,
				"omitted":	false
			}
		}, {
			"streams":	[{
					"socket":	5,
					"start":	1.00044,
					"end":	2.00042,
					"seconds":	0.999977,
					"bytes":	6160384,
					"bits_per_second":	4.92842e+07,
					"omitted":	false
				}],
			"sum":	{
				"start":	1.00044,
				"end":	2.00042,
				"seconds":	0.999977,
				"bytes":	6160384,
				"bits_per_second":	4.92842e+07,
				"omitted":	false
			}
		}, {
			"streams":	[{
					"socket":	5,
					"start":	2.00042,
					"end":	3.00023,
					"seconds":	0.999812,
					"bytes":	6291456,
					"bits_per_second":	5.03411e+07,
					"omitted":	false
				}],
			"sum":	{
				"start":	2.00042,
				"end":	3.00023,
				"seconds":	0.999812,
				"bytes":	6291456,
				"bits_per_second":	5.03411e+07,
				"omitted":	false
			}
		}, {
			"streams":	[{
					"socket":	5,
					"start":	3.00023,
					"end":	4.00024,
					"seconds":	1,
					"bytes":	6291456,
					"bits_per_second":	5.03314e+07,
					"omitted":	false
				}],
			"sum":	{
				"start":	3.00023,
				"end":	4.00024,
				"seconds":	1,
				"bytes":	6291456,
				"bits_per_second":	5.03314e+07,
				"omitted":	false
			}
		}, {
			"streams":	[{
					"socket":	5,
					"start":	4.00024,
					"end":	5.00289,
					"seconds":	1.00266,
					"bytes":	6160384,
					"bits_per_second":	4.91526e+07,
					"omitted":	false
				}],
			"sum":	{
				"start":	4.00024,
				"end":	5.00289,
				"seconds":	1.00266,
				"bytes":	6160384,
				"bits_per_second":	4.91526e+07,
				"omitted":	false
			}
		}, {
			"streams":	[{
					"socket":	5,
					"start":	5.00289,
					"end":	6.00226,
					"seconds":	0.999369,
					"bytes":	6291456,
					"bits_per_second":	5.03634e+07,
					"omitted":	false
				}],
			"sum":	{
				"start":	5.00289,
				"end":	6.00226,
				"seconds":	0.999369,
				"bytes":	6291456,
				"bits_per_second":	5.03634e+07,
				"omitted":	false
			}
		}, {
			"streams":	[{
					"socket":	5,
					"start":	6.00226,
					"end":	7.0004,
					"seconds":	0.998138,
					"bytes":	6291456,
					"bits_per_second":	5.04255e+07,
					"omitted":	false
				}],
			"sum":	{
				"start":	6.00226,
				"end":	7.0004,
				"seconds":	0.998138,
				"bytes":	6291456,
				"bits_per_second":	5.04255e+07,
				"omitted":	false
			}
		}, {
			"streams":	[{
					"socket":	5,
					"start":	7.0004,
					"end":	8.00011,
					"seconds":	0.99971,
					"bytes":	6160384,
					"bits_per_second":	4.92974e+07,
					"omitted":	false
				}],
			"sum":	{
				"start":	7.0004,
				"end":	8.00011,
				"seconds":	0.99971,
				"bytes":	6160384,
				"bits_per_second":	4.92974e+07,
				"omitted":	false
			}
		}, {
			"streams":	[{
					"socket":	5,
					"start":	8.00011,
					"end":	9.00121,
					"seconds":	1.0011,
					"bytes":	6291456,
					"bits_per_second":	5.02765e+07,
					"omitted":	false
				}],
			"sum":	{
				"start":	8.00011,
				"end":	9.00121,
				"seconds":	1.0011,
				"bytes":	6291456,
				"bits_per_second":	5.02765e+07,
				"omitted":	false
			}
		}, {
			"streams":	[{
					"socket":	5,
					"start":	9.00121,
					"end":	10.0003,
					"seconds":	0.999124,
					"bytes":	6291456,
					"bits_per_second":	5.03758e+07,
					"omitted":	false
				}],
			"sum":	{
				"start":	9.00121,
				"end":	10.0003,
				"seconds":	0.999124,
				"bytes":	6291456,
				"bits_per_second":	5.03758e+07,
				"omitted":	false
			}
		}, {
			"streams":	[{
					"socket":	5,
					"start":	10.0003,
					"end":	11.0003,
					"seconds":	0.999958,
					"bytes":	6291456,
					"bits_per_second":	5.03338e+07,
					"omitted":	false
				}],
			"sum":	{
				"start":	10.0003,
				"end":	11.0003,
				"seconds":	0.999958,
				"bytes":	6291456,
				"bits_per_second":	5.03338e+07,
				"omitted":	false
			}
		}, {
			"streams":	[{
					"socket":	5,
					"start":	11.0003,
					"end":	11.0276,
					"seconds":	0.027271,
					"bytes":	0,
					"bits_per_second":	0,
					"omitted":	false
				}],
			"sum":	{
				"start":	11.0003,
				"end":	11.0276,
				"seconds":	0.027271,
				"bytes":	0,
				"bits_per_second":	0,
				"omitted":	false
			}
		}],
	"end":	{
		"streams":	[{
				"sender":	{
					"socket":	5,
					"start":	0,
					"end":	11.0276,
					"seconds":	11.0276,
					"bytes":	68257296,
					"bits_per_second":	4.95176e+07,
					"retransmits":	0
				},
				"receiver":	{
					"socket":	5,
					"start":	0,
					"end":	11.0276,
					"seconds":	11.0276,
					"bytes":	68257296,
					"bits_per_second":	4.95176e+07
				}
			}],
		"sum_sent":	{
			"start":	0,
			"end":	11.0276,
			"seconds":	11.0276,
			"bytes":	68257296,
			"bits_per_second":	4.95176e+07,
			"retransmits":	0
		},
		"sum_received":	{
			"start":	0,
			"end":	11.0276,
			"seconds":	11.0276,
			"bytes":	68257296,
			"bits_per_second":	4.95176e+07
		},
		"cpu_utilization_percent":	{
			"host_total":	2.62879,
			"host_user":	0.299275,
			"host_system":	2.3295,
			"remote_total":	1.25845,
			"remote_user":	0.36175,
			"remote_system":	0.896661
		}
	}
}
