{
	"start":	{
		"connected":	[{
				"socket":	5,
				"local_host":	"10.0.0.9",
				"local_port":	2012,
				"remote_host":	"10.0.0.3",
				"remote_port":	35946
			}],
		"version":	"iperf 3.0.7",
		"system_info":	"Linux H9 5.4.197-0504197-generic #202206060747 SMP Mon Jun 6 09:27:47 UTC 2022 x86_64 x86_64 x86_64 GNU/Linux\n",
		"timestamp":	{
			"time":	"Fri, 22 Jul 2022 16:29:42 GMT",
			"timesecs":	1658507382
		},
		"accepted_connection":	{
			"host":	"10.0.0.3",
			"port":	35944
		},
		"cookie":	"H3.1658507382.193620.773fb7db3a48ca3",
		"tcp_mss_default":	1448,
		"test_start":	{
			"protocol":	"TCP",
			"num_streams":	1,
			"blksize":	131072,
			"omit":	0,
			"duration":	5,
			"bytes":	0,
			"blocks":	0,
			"reverse":	0
		}
	},
	"intervals":	[{
			"streams":	[{
					"socket":	5,
					"start":	0,
					"end":	1.00024,
					"seconds":	1.00024,
					"bytes":	1689400,
					"bits_per_second":	1.3512e+07,
					"omitted":	false
				}],
			"sum":	{
				"start":	0,
				"end":	1.00024,
				"seconds":	1.00024,
				"bytes":	1689400,
				"bits_per_second":	1.3512e+07,
				"omitted":	false
			}
		}, {
			"streams":	[{
					"socket":	5,
					"start":	1.00024,
					"end":	2.00063,
					"seconds":	1.00039,
					"bytes":	1966080,
					"bits_per_second":	1.57225e+07,
					"omitted":	false
				}],
			"sum":	{
				"start":	1.00024,
				"end":	2.00063,
				"seconds":	1.00039,
				"bytes":	1966080,
				"bits_per_second":	1.57225e+07,
				"omitted":	false
			}
		}, {
			"streams":	[{
					"socket":	5,
					"start":	2.00063,
					"end":	3.0005,
					"seconds":	0.999876,
					"bytes":	1835008,
					"bits_per_second":	1.46819e+07,
					"omitted":	false
				}],
			"sum":	{
				"start":	2.00063,
				"end":	3.0005,
				"seconds":	0.999876,
				"bytes":	1835008,
				"bits_per_second":	1.46819e+07,
				"omitted":	false
			}
		}, {
			"streams":	[{
					"socket":	5,
					"start":	3.0005,
					"end":	4.00017,
					"seconds":	0.999663,
					"bytes":	1835008,
					"bits_per_second":	1.4685e+07,
					"omitted":	false
				}],
			"sum":	{
				"start":	3.0005,
				"end":	4.00017,
				"seconds":	0.999663,
				"bytes":	1835008,
				"bits_per_second":	1.4685e+07,
				"omitted":	false
			}
		}, {
			"streams":	[{
					"socket":	5,
					"start":	4.00017,
					"end":	5.00014,
					"seconds":	0.99997,
					"bytes":	1966080,
					"bits_per_second":	1.57291e+07,
					"omitted":	false
				}],
			"sum":	{
				"start":	4.00017,
				"end":	5.00014,
				"seconds":	0.99997,
				"bytes":	1966080,
				"bits_per_second":	1.57291e+07,
				"omitted":	false
			}
		}, {
			"streams":	[{
					"socket":	5,
					"start":	5.00014,
					"end":	5.00061,
					"seconds":	0.000472069,
					"bytes":	0,
					"bits_per_second":	0,
					"omitted":	false
				}],
			"sum":	{
				"start":	5.00014,
				"end":	5.00061,
				"seconds":	0.000472069,
				"bytes":	0,
				"bits_per_second":	0,
				"omitted":	false
			}
		}],
	"end":	{
		"streams":	[{
				"sender":	{
					"socket":	5,
					"start":	0,
					"end":	5.00061,
					"seconds":	5.00061,
					"bytes":	9291576,
					"bits_per_second":	1.48647e+07,
					"retransmits":	0
				},
				"receiver":	{
					"socket":	5,
					"start":	0,
					"end":	5.00061,
					"seconds":	5.00061,
					"bytes":	9291576,
					"bits_per_second":	1.48647e+07
				}
			}],
		"sum_sent":	{
			"start":	0,
			"end":	5.00061,
			"seconds":	5.00061,
			"bytes":	9291576,
			"bits_per_second":	1.48647e+07,
			"retransmits":	0
		},
		"sum_received":	{
			"start":	0,
			"end":	5.00061,
			"seconds":	5.00061,
			"bytes":	9291576,
			"bits_per_second":	1.48647e+07
		},
		"cpu_utilization_percent":	{
			"host_total":	1.37699,
			"host_user":	0.80273,
			"host_system":	0.57424,
			"remote_total":	0.396186,
			"remote_user":	0,
			"remote_system":	0.396026
		}
	}
}
{
	"start":	{
		"connected":	[],
		"version":	"iperf 3.0.7",
		"system_info":	"Linux H9 5.4.197-0504197-generic #202206060747 SMP Mon Jun 6 09:27:47 UTC 2022 x86_64 x86_64 x86_64 GNU/Linux\n"
	},
	"intervals":	[],
	"end":	{
	},
	"error":	"interrupt - the server has terminated"
}
