{
	"start":	{
		"connected":	[{
				"socket":	5,
				"local_host":	"10.0.0.13",
				"local_port":	4033,
				"remote_host":	"10.0.0.3",
				"remote_port":	59466
			}],
		"version":	"iperf 3.0.7",
		"system_info":	"Linux MECS6 5.4.197-0504197-generic #202206060747 SMP Mon Jun 6 09:27:47 UTC 2022 x86_64 x86_64 x86_64 GNU/Linux\n",
		"timestamp":	{
			"time":	"Mon, 25 Jul 2022 21:48:44 GMT",
			"timesecs":	1658785724
		},
		"accepted_connection":	{
			"host":	"10.0.0.3",
			"port":	58490
		},
		"cookie":	"BS3.1658785723.884346.6429dffb33ab1d",
		"test_start":	{
			"protocol":	"UDP",
			"num_streams":	1,
			"blksize":	8192,
			"omit":	0,
			"duration":	9,
			"bytes":	0,
			"blocks":	0,
			"reverse":	0
		}
	},
	"intervals":	[{
			"streams":	[{
					"socket":	5,
					"start":	0,
					"end":	1.00015,
					"seconds":	1.00015,
					"bytes":	2818048,
					"bits_per_second":	2.25411e+07,
					"jitter_ms":	1.16537,
					"lost_packets":	7,
					"packets":	344,
					"lost_percent":	2.03488,
					"omitted":	false
				}],
			"sum":	{
				"start":	0,
				"end":	1.00015,
				"seconds":	1.00015,
				"bytes":	2818048,
				"bits_per_second":	2.25411e+07,
				"jitter_ms":	1.16537,
				"lost_packets":	7,
				"packets":	344,
				"lost_percent":	2.03488,
				"omitted":	false
			}
		}, {
			"streams":	[{
					"socket":	5,
					"start":	1.00015,
					"end":	2.00057,
					"seconds":	1.00043,
					"bytes":	3129344,
					"bits_per_second":	2.5024e+07,
					"jitter_ms":	0.893299,
					"lost_packets":	17,
					"packets":	382,
					"lost_percent":	4.45026,
					"omitted":	false
				}],
			"sum":	{
				"start":	1.00015,
				"end":	2.00057,
				"seconds":	1.00043,
				"bytes":	3129344,
				"bits_per_second":	2.5024e+07,
				"jitter_ms":	0.893299,
				"lost_packets":	17,
				"packets":	382,
				"lost_percent":	4.45026,
				"omitted":	false
			}
		}, {
			"streams":	[{
					"socket":	5,
					"start":	2.00057,
					"end":	3.0006,
					"seconds":	1.00003,
					"bytes":	3145728,
					"bits_per_second":	2.51651e+07,
					"jitter_ms":	1.21536,
					"lost_packets":	7,
					"packets":	385,
					"lost_percent":	1.81818,
					"omitted":	false
				}],
			"sum":	{
				"start":	2.00057,
				"end":	3.0006,
				"seconds":	1.00003,
				"bytes":	3145728,
				"bits_per_second":	2.51651e+07,
				"jitter_ms":	1.21536,
				"lost_packets":	7,
				"packets":	385,
				"lost_percent":	1.81818,
				"omitted":	false
			}
		}, {
			"streams":	[{
					"socket":	5,
					"start":	3.0006,
					"end":	4.00812,
					"seconds":	1.00751,
					"bytes":	2973696,
					"bits_per_second":	2.36122e+07,
					"jitter_ms":	1.23557,
					"lost_packets":	15,
					"packets":	378,
					"lost_percent":	3.96825,
					"omitted":	false
				}],
			"sum":	{
				"start":	3.0006,
				"end":	4.00812,
				"seconds":	1.00751,
				"bytes":	2973696,
				"bits_per_second":	2.36122e+07,
				"jitter_ms":	1.23557,
				"lost_packets":	15,
				"packets":	378,
				"lost_percent":	3.96825,
				"omitted":	false
			}
		}, {
			"streams":	[{
					"socket":	5,
					"start":	4.00812,
					"end":	5.00011,
					"seconds":	0.991996,
					"bytes":	3186688,
					"bits_per_second":	2.56992e+07,
					"jitter_ms":	1.21877,
					"lost_packets":	5,
					"packets":	391,
					"lost_percent":	1.27877,
					"omitted":	false
				}],
			"sum":	{
				"start":	4.00812,
				"end":	5.00011,
				"seconds":	0.991996,
				"bytes":	3186688,
				"bits_per_second":	2.56992e+07,
				"jitter_ms":	1.21877,
				"lost_packets":	5,
				"packets":	391,
				"lost_percent":	1.27877,
				"omitted":	false
			}
		}, {
			"streams":	[{
					"socket":	5,
					"start":	5.00011,
					"end":	6.00052,
					"seconds":	1.00041,
					"bytes":	3047424,
					"bits_per_second":	2.43693e+07,
					"jitter_ms":	0.873006,
					"lost_packets":	0,
					"packets":	372,
					"lost_percent":	0,
					"omitted":	false
				}],
			"sum":	{
				"start":	5.00011,
				"end":	6.00052,
				"seconds":	1.00041,
				"bytes":	3047424,
				"bits_per_second":	2.43693e+07,
				"jitter_ms":	0.873006,
				"lost_packets":	0,
				"packets":	372,
				"lost_percent":	0,
				"omitted":	false
			}
		}, {
			"streams":	[{
					"socket":	5,
					"start":	6.00052,
					"end":	7.00066,
					"seconds":	1.00013,
					"bytes":	3137536,
					"bits_per_second":	2.50969e+07,
					"jitter_ms":	1.3445,
					"lost_packets":	0,
					"packets":	383,
					"lost_percent":	0,
					"omitted":	false
				}],
			"sum":	{
				"start":	6.00052,
				"end":	7.00066,
				"seconds":	1.00013,
				"bytes":	3137536,
				"bits_per_second":	2.50969e+07,
				"jitter_ms":	1.3445,
				"lost_packets":	0,
				"packets":	383,
				"lost_percent":	0,
				"omitted":	false
			}
		}, {
			"streams":	[{
					"socket":	5,
					"start":	7.00066,
					"end":	8.00062,
					"seconds":	0.999962,
					"bytes":	3088384,
					"bits_per_second":	2.4708e+07,
					"jitter_ms":	1.03988,
					"lost_packets":	9,
					"packets":	386,
					"lost_percent":	2.33161,
					"omitted":	false
				}],
			"sum":	{
				"start":	7.00066,
				"end":	8.00062,
				"seconds":	0.999962,
				"bytes":	3088384,
				"bits_per_second":	2.4708e+07,
				"jitter_ms":	1.03988,
				"lost_packets":	9,
				"packets":	386,
				"lost_percent":	2.33161,
				"omitted":	false
			}
		}, {
			"streams":	[{
					"socket":	5,
					"start":	8.00062,
					"end":	9.00056,
					"seconds":	0.999941,
					"bytes":	3072000,
					"bits_per_second":	2.45774e+07,
					"jitter_ms":	0.491372,
					"lost_packets":	0,
					"packets":	375,
					"lost_percent":	0,
					"omitted":	false
				}],
			"sum":	{
				"start":	8.00062,
				"end":	9.00056,
				"seconds":	0.999941,
				"bytes":	3072000,
				"bits_per_second":	2.45774e+07,
				"jitter_ms":	0.491372,
				"lost_packets":	0,
				"packets":	375,
				"lost_percent":	0,
				"omitted":	false
			}
		}, {
			"streams":	[{
					"socket":	5,
					"start":	9.00056,
					"end":	9.0433,
					"seconds":	0.0427399,
					"bytes":	0,
					"bits_per_second":	0,
					"jitter_ms":	0.491372,
					"lost_packets":	0,
					"packets":	0,
					"lost_percent":	-nan,
					"omitted":	false
				}],
			"sum":	{
				"start":	9.00056,
				"end":	9.0433,
				"seconds":	0.0427399,
				"bytes":	0,
				"bits_per_second":	0,
				"jitter_ms":	0.491372,
				"lost_packets":	0,
				"packets":	0,
				"lost_percent":	-nan,
				"omitted":	false
			}
		}],
	"end":	{
		"streams":	[{
				"udp":	{
					"socket":	5,
					"start":	0,
					"end":	9.0433,
					"seconds":	9.0433,
					"bytes":	27820032,
					"bits_per_second":	2.46105e+07,
					"jitter_ms":	0.491372,
					"lost_packets":	60,
					"packets":	3396,
					"lost_percent":	1.76678
				}
			}],
		"sum":	{
			"start":	0,
			"end":	9.0433,
			"seconds":	9.0433,
			"bytes":	27820032,
			"bits_per_second":	2.46105e+07,
			"jitter_ms":	0.491372,
			"lost_packets":	60,
			"packets":	3396,
			"lost_percent":	1.76678
		},
		"cpu_utilization_percent":	{
			"host_total":	2.7808,
			"host_user":	0.076572,
			"host_system":	2.70421,
			"remote_total":	3.1491,
			"remote_user":	0.385206,
			"remote_system":	2.76385
		}
	},
	"error":	"OUT OF ORDER - incoming packet = 1 and received packet = 2 AND SP = 5",
	"error":	"OUT OF ORDER - incoming packet = 6 and received packet = 9 AND SP = 5",
	"error":	"OUT OF ORDER - incoming packet = 7 and received packet = 10 AND SP = 5",
	"error":	"OUT OF ORDER - incoming packet = 8 and received packet = 10 AND SP = 5",
	"error":	"OUT OF ORDER - incoming packet = 11 and received packet = 14 AND SP = 5",
	"error":	"OUT OF ORDER - incoming packet = 12 and received packet = 15 AND SP = 5",
	"error":	"OUT OF ORDER - incoming packet = 161 and received packet = 162 AND SP = 5",
	"error":	"OUT OF ORDER - incoming packet = 405 and received packet = 407 AND SP = 5",
	"error":	"OUT OF ORDER - incoming packet = 408 and received packet = 409 AND SP = 5",
	"error":	"OUT OF ORDER - incoming packet = 410 and received packet = 411 AND SP = 5",
	"error":	"OUT OF ORDER - incoming packet = 434 and received packet = 435 AND SP = 5",
	"error":	"OUT OF ORDER - incoming packet = 440 and received packet = 441 AND SP = 5",
	"error":	"OUT OF ORDER - incoming packet = 449 and received packet = 450 AND SP = 5",
	"error":	"OUT OF ORDER - incoming packet = 485 and received packet = 486 AND SP = 5",
	"error":	"OUT OF ORDER - incoming packet = 491 and received packet = 492 AND SP = 5",
	"error":	"OUT OF ORDER - incoming packet = 489 and received packet = 492 AND SP = 5",
	"error":	"OUT OF ORDER - incoming packet = 494 and received packet = 495 AND SP = 5",
	"error":	"OUT OF ORDER - incoming packet = 524 and received packet = 525 AND SP = 5",
	"error":	"OUT OF ORDER - incoming packet = 531 and received packet = 533 AND SP = 5",
	"error":	"OUT OF ORDER - incoming packet = 577 and received packet = 580 AND SP = 5",
	"error":	"OUT OF ORDER - incoming packet = 579 and received packet = 583 AND SP = 5",
	"error":	"OUT OF ORDER - incoming packet = 581 and received packet = 585 AND SP = 5",
	"error":	"OUT OF ORDER - incoming packet = 582 and received packet = 585 AND SP = 5",
	"error":	"OUT OF ORDER - incoming packet = 584 and received packet = 587 AND SP = 5",
	"error":	"OUT OF ORDER - incoming packet = 1070 and received packet = 1073 AND SP = 5",
	"error":	"OUT OF ORDER - incoming packet = 1074 and received packet = 1077 AND SP = 5",
	"error":	"OUT OF ORDER - incoming packet = 1078 and received packet = 1080 AND SP = 5",
	"error":	"OUT OF ORDER - incoming packet = 1072 and received packet = 1080 AND SP = 5",
	"error":	"OUT OF ORDER - incoming packet = 1076 and received packet = 1081 AND SP = 5",
	"error":	"OUT OF ORDER - incoming packet = 1083 and received packet = 1084 AND SP = 5",
	"error":	"OUT OF ORDER - incoming packet = 1644 and received packet = 1646 AND SP = 5",
	"error":	"OUT OF ORDER - incoming packet = 1861 and received packet = 1863 AND SP = 5",
	"error":	"OUT OF ORDER - incoming packet = 1862 and received packet = 1863 AND SP = 5"
}
