{
	"start":	{
		"connected":	[{
				"socket":	5,
				"local_host":	"10.0.0.14",
				"local_port":	3421,
				"remote_host":	"10.0.0.5",
				"remote_port":	44068
			}],
		"version":	"iperf 3.0.7",
		"system_info":	"Linux MECS7 5.4.197-0504197-generic #202206060747 SMP Mon Jun 6 09:27:47 UTC 2022 x86_64 x86_64 x86_64 GNU/Linux\n",
		"timestamp":	{
			"time":	"Mon, 25 Jul 2022 21:49:34 GMT",
			"timesecs":	1658785774
		},
		"accepted_connection":	{
			"host":	"10.0.0.5",
			"port":	44066
		},
		"cookie":	"BS5.1658785774.365117.0a0d9eec65f333",
		"tcp_mss_default":	1448,
		"test_start":	{
			"protocol":	"TCP",
			"num_streams":	1,
			"blksize":	131072,
			"omit":	0,
			"duration":	1,
			"bytes":	0,
			"blocks":	0,
			"reverse":	0
		}
	},
	"intervals":	[{
			"streams":	[{
					"socket":	5,
					"start":	0,
					"end":	1.00064,
					"seconds":	1.00064,
					"bytes":	2852368,
					"bits_per_second":	2.28043e+07,
					"omitted":	false
				}],
			"sum":	{
				"start":	0,
				"end":	1.00064,
				"seconds":	1.00064,
				"bytes":	2852368,
				"bits_per_second":	2.28043e+07,
				"omitted":	false
			}
		}, {
			"streams":	[{
					"socket":	5,
					"start":	1.00064,
					"end":	1.04379,
					"seconds":	0.043149,
					"bytes":	0,
					"bits_per_second":	0,
					"omitted":	false
				}],
			"sum":	{
				"start":	1.00064,
				"end":	1.04379,
				"seconds":	0.043149,
				"bytes":	0,
				"bits_per_second":	0,
				"omitted":	false
			}
		}],
	"end":	{
		"streams":	[{
				"sender":	{
					"socket":	5,
					"start":	0,
					"end":	1.04379,
					"seconds":	1.04379,
					"bytes":	2852368,
					"bits_per_second":	2.18616e+07,
					"retransmits":	0
				},
				"receiver":	{
					"socket":	5,
					"start":	0,
					"end":	1.04379,
					"seconds":	1.04379,
					"bytes":	2852368,
					"bits_per_second":	2.18616e+07
				}
			}],
		"sum_sent":	{
			"start":	0,
			"end":	1.04379,
			"seconds":	1.04379,
			"bytes":	2852368,
			"bits_per_second":	2.18616e+07,
			"retransmits":	0
		},
		"sum_received":	{
			"start":	0,
			"end":	1.04379,
			"seconds":	1.04379,
			"bytes":	2852368,
			"bits_per_second":	2.18616e+07
		},
		"cpu_utilization_percent":	{
			"host_total":	2.18462,
			"host_user":	0.367474,
			"host_system":	1.81707,
			"remote_total":	7.4645,
			"remote_user":	0.268383,
			"remote_system":	7.19595
		}
	}
}
