{
	"start":	{
		"connected":	[{
				"socket":	5,
				"local_host":	"10.0.0.21",
				"local_port":	1824,
				"remote_host":	"10.0.0.4",
				"remote_port":	38715
			}],
		"version":	"iperf 3.0.7",
		"system_info":	"Linux CS7 5.4.197-0504197-generic #202206060747 SMP Mon Jun 6 09:27:47 UTC 2022 x86_64 x86_64 x86_64 GNU/Linux\n",
		"timestamp":	{
			"time":	"Mon, 25 Jul 2022 21:44:08 GMT",
			"timesecs":	1658785448
		},
		"accepted_connection":	{
			"host":	"10.0.0.4",
			"port":	42810
		},
		"cookie":	"BS4.1658785448.376293.497c29bb6b5b9c",
		"test_start":	{
			"protocol":	"UDP",
			"num_streams":	1,
			"blksize":	8192,
			"omit":	0,
			"duration":	2,
			"bytes":	0,
			"blocks":	0,
			"reverse":	0
		}
	},
	"intervals":	[{
			"streams":	[{
					"socket":	5,
					"start":	0,
					"end":	1.00027,
					"seconds":	1.00027,
					"bytes":	6430720,
					"bits_per_second":	5.1432e+07,
					"jitter_ms":	1.03828,
					"lost_packets":	1088,
					"packets":	1847,
					"lost_percent":	58.9063,
					"omitted":	false
				}],
			"sum":	{
				"start":	0,
				"end":	1.00027,
				"seconds":	1.00027,
				"bytes":	6430720,
				"bits_per_second":	5.1432e+07,
				"jitter_ms":	1.03828,
				"lost_packets":	1088,
				"packets":	1847,
				"lost_percent":	58.9063,
				"omitted":	false
			}
		}, {
			"streams":	[{
					"socket":	5,
					"start":	1.00027,
					"end":	2.00127,
					"seconds":	1.00101,
					"bytes":	0,
					"bits_per_second":	0,
					"jitter_ms":	1.03828,
					"lost_packets":	0,
					"packets":	0,
					"lost_percent":	-nan,
					"omitted":	false
				}],
			"sum":	{
				"start":	1.00027,
				"end":	2.00127,
				"seconds":	1.00101,
				"bytes":	0,
				"bits_per_second":	0,
				"jitter_ms":	1.03828,
				"lost_packets":	0,
				"packets":	0,
				"lost_percent":	-nan,
				"omitted":	false
			}
		}, {
			"streams":	[{
					"socket":	5,
					"start":	2.00127,
					"end":	2.14758,
					"seconds":	0.146306,
					"bytes":	0,
					"bits_per_second":	0,
					"jitter_ms":	1.03828,
					"lost_packets":	0,
					"packets":	0,
					"lost_percent":	-nan,
					"omitted":	false
				}],
			"sum":	{
				"start":	2.00127,
				"end":	2.14758,
				"seconds":	0.146306,
				"bytes":	0,
				"bits_per_second":	0,
				"jitter_ms":	1.03828,
				"lost_packets":	0,
				"packets":	0,
				"lost_percent":	-nan,
				"omitted":	false
			}
		}],
	"end":	{
		"streams":	[{
				"udp":	{
					"socket":	5,
					"start":	0,
					"end":	2.14758,
					"seconds":	2.14758,
					"bytes":	48586752,
					"bits_per_second":	1.80992e+08,
					"jitter_ms":	1.03828,
					"lost_packets":	1088,
					"packets":	1847,
					"lost_percent":	58.9063
				}
			}],
		"sum":	{
			"start":	0,
			"end":	2.14758,
			"seconds":	2.14758,
			"bytes":	48586752,
			"bits_per_second":	1.80992e+08,
			"jitter_ms":	1.03828,
			"lost_packets":	1088,
			"packets":	1847,
			"lost_percent":	58.9063
		},
		"cpu_utilization_percent":	{
			"host_total":	2.26708,
			"host_user":	0,
			"host_system":	2.26699,
			"remote_total":	55.3306,
			"remote_user":	1.83174,
			"remote_system":	53.4987
		}
	},
	"error":	"OUT OF ORDER - incoming packet = 184 and received packet = 185 AND SP = 5",
	"error":	"OUT OF ORDER - incoming packet = 189 and received packet = 190 AND SP = 5",
	"error":	"OUT OF ORDER - incoming packet = 220 and received packet = 221 AND SP = 5",
	"error":	"OUT OF ORDER - incoming packet = 224 and received packet = 225 AND SP = 5",
	"error":	"OUT OF ORDER - incoming packet = 242 and received packet = 243 AND SP = 5",
	"error":	"OUT OF ORDER - incoming packet = 306 and received packet = 307 AND SP = 5",
	"error":	"OUT OF ORDER - incoming packet = 407 and received packet = 409 AND SP = 5",
	"error":	"OUT OF ORDER - incoming packet = 434 and received packet = 436 AND SP = 5",
	"error":	"OUT OF ORDER - incoming packet = 752 and received packet = 754 AND SP = 5",
	"error":	"OUT OF ORDER - incoming packet = 756 and received packet = 758 AND SP = 5",
	"error":	"OUT OF ORDER - incoming packet = 755 and received packet = 759 AND SP = 5",
	"error":	"OUT OF ORDER - incoming packet = 761 and received packet = 764 AND SP = 5",
	"error":	"OUT OF ORDER - incoming packet = 760 and received packet = 764 AND SP = 5",
	"error":	"OUT OF ORDER - incoming packet = 765 and received packet = 766 AND SP = 5",
	"error":	"OUT OF ORDER - incoming packet = 767 and received packet = 768 AND SP = 5",
	"error":	"OUT OF ORDER - incoming packet = 762 and received packet = 768 AND SP = 5",
	"error":	"OUT OF ORDER - incoming packet = 763 and received packet = 768 AND SP = 5",
	"error":	"OUT OF ORDER - incoming packet = 769 and received packet = 770 AND SP = 5",
	"error":	"OUT OF ORDER - incoming packet = 1263 and received packet = 1264 AND SP = 5",
	"error":	"OUT OF ORDER - incoming packet = 1266 and received packet = 1267 AND SP = 5",
	"error":	"OUT OF ORDER - incoming packet = 1274 and received packet = 1275 AND SP = 5",
	"error":	"OUT OF ORDER - incoming packet = 1455 and received packet = 1457 AND SP = 5",
	"error":	"OUT OF ORDER - incoming packet = 1456 and received packet = 1458 AND SP = 5",
	"error":	"OUT OF ORDER - incoming packet = 1492 and received packet = 1493 AND SP = 5",
	"error":	"OUT OF ORDER - incoming packet = 1560 and received packet = 1561 AND SP = 5",
	"error":	"OUT OF ORDER - incoming packet = 1776 and received packet = 1777 AND SP = 5"
}
