{
	"start":	{
		"connected":	[{
				"socket":	5,
				"local_host":	"10.0.0.21",
				"local_port":	3032,
				"remote_host":	"10.0.0.1",
				"remote_port":	56610
			}],
		"version":	"iperf 3.0.7",
		"system_info":	"Linux CS7 5.4.197-0504197-generic #202206060747 SMP Mon Jun 6 09:27:47 UTC 2022 x86_64 x86_64 x86_64 GNU/Linux\n",
		"timestamp":	{
			"time":	"Mon, 25 Jul 2022 21:48:12 GMT",
			"timesecs":	1658785692
		},
		"accepted_connection":	{
			"host":	"10.0.0.1",
			"port":	56608
		},
		"cookie":	"BS1.1658785692.156085.291223106ba6fd",
		"tcp_mss_default":	1448,
		"test_start":	{
			"protocol":	"TCP",
			"num_streams":	1,
			"blksize":	131072,
			"omit":	0,
			"duration":	30,
			"bytes":	0,
			"blocks":	0,
			"reverse":	0
		}
	},
	"intervals":	[{
			"streams":	[{
					"socket":	5,
					"start":	0,
					"end":	1.00036,
					"seconds":	1.00036,
					"bytes":	2787400,
					"bits_per_second":	2.22913e+07,
					"omitted":	false
				}],
			"sum":	{
				"start":	0,
				"end":	1.00036,
				"seconds":	1.00036,
				"bytes":	2787400,
				"bits_per_second":	2.22913e+07,
				"omitted":	false
			}
		}, {
			"streams":	[{
					"socket":	5,
					"start":	1.00036,
					"end":	2.00689,
					"seconds":	1.00654,
					"bytes":	6159792,
					"bits_per_second":	4.89583e+07,
					"omitted":	false
				}],
			"sum":	{
				"start":	1.00036,
				"end":	2.00689,
				"seconds":	1.00654,
				"bytes":	6159792,
				"bits_per_second":	4.89583e+07,
				"omitted":	false
			}
		}, {
			"streams":	[{
					"socket":	5,
					"start":	2.00689,
					"end":	3.00742,
					"seconds":	1.00052,
					"bytes":	6365408,
					"bits_per_second":	5.08966e+07,
					"omitted":	false
				}],
			"sum":	{
				"start":	2.00689,
				"end":	3.00742,
				"seconds":	1.00052,
				"bytes":	6365408,
				"bits_per_second":	5.08966e+07,
				"omitted":	false
			}
		}, {
			"streams":	[{
					"socket":	5,
					"start":	3.00742,
					"end":	4.0038,
					"seconds":	0.996385,
					"bytes":	7079272,
					"bits_per_second":	5.68397e+07,
					"omitted":	false
				}],
			"sum":	{
				"start":	3.00742,
				"end":	4.0038,
				"seconds":	0.996385,
				"bytes":	7079272,
				"bits_per_second":	5.68397e+07,
				"omitted":	false
			}
		}, {
			"streams":	[{
					"socket":	5,
					"start":	4.0038,
					"end":	5.00024,
					"seconds":	0.996442,
					"bytes":	6976464,
					"bits_per_second":	5.6011e+07,
					"omitted":	false
				}],
			"sum":	{
				"start":	4.0038,
				"end":	5.00024,
				"seconds":	0.996442,
				"bytes":	6976464,
				"bits_per_second":	5.6011e+07,
				"omitted":	false
			}
		}, {
			"streams":	[{
					"socket":	5,
					"start":	5.00024,
					"end":	6.0015,
					"seconds":	1.00126,
					"bytes":	7442456,
					"bits_per_second":	5.94648e+07,
					"omitted":	false
				}],
			"sum":	{
				"start":	5.00024,
				"end":	6.0015,
				"seconds":	1.00126,
				"bytes":	7442456,
				"bits_per_second":	5.94648e+07,
				"omitted":	false
			}
		}, {
			"streams":	[{
					"socket":	5,
					"start":	6.0015,
					"end":	7.01062,
					"seconds":	1.00912,
					"bytes":	6257456,
					"bits_per_second":	4.96073e+07,
					"omitted":	false
				}],
			"sum":	{
				"start":	6.0015,
				"end":	7.01062,
				"seconds":	1.00912,
				"bytes":	6257456,
				"bits_per_second":	4.96073e+07,
				"omitted":	false
			}
		}, {
			"streams":	[{
					"socket":	5,
					"start":	7.01062,
					"end":	8.00052,
					"seconds":	0.989896,
					"bytes":	6234232,
					"bits_per_second":	5.03829e+07,
					"omitted":	false
				}],
			"sum":	{
				"start":	7.01062,
				"end":	8.00052,
				"seconds":	0.989896,
				"bytes":	6234232,
				"bits_per_second":	5.03829e+07,
				"omitted":	false
			}
		}, {
			"streams":	[{
					"socket":	5,
					"start":	8.00052,
					"end":	9.00445,
					"seconds":	1.00394,
					"bytes":	5801752,
					"bits_per_second":	4.6232e+07,
					"omitted":	false
				}],
			"sum":	{
				"start":	8.00052,
				"end":	9.00445,
				"seconds":	1.00394,
				"bytes":	5801752,
				"bits_per_second":	4.6232e+07,
				"omitted":	false
			}
		}, {
			"streams":	[{
					"socket":	5,
					"start":	9.00445,
					"end":	10.0009,
					"seconds":	0.996479,
					"bytes":	6739168,
					"bits_per_second":	5.41038e+07,
					"omitted":	false
				}],
			"sum":	{
				"start":	9.00445,
				"end":	10.0009,
				"seconds":	0.996479,
				"bytes":	6739168,
				"bits_per_second":	5.41038e+07,
				"omitted":	false
			}
		}, {
			"streams":	[{
					"socket":	5,
					"start":	10.0009,
					"end":	11.001,
					"seconds":	1.0001,
					"bytes":	6360208,
					"bits_per_second":	5.08767e+07,
					"omitted":	false
				}],
			"sum":	{
				"start":	10.0009,
				"end":	11.001,
				"seconds":	1.0001,
				"bytes":	6360208,
				"bits_per_second":	5.08767e+07,
				"omitted":	false
			}
		}, {
			"streams":	[{
					"socket":	5,
					"start":	11.001,
					"end":	12.0029,
					"seconds":	1.00191,
					"bytes":	6058328,
					"bits_per_second":	4.83741e+07,
					"omitted":	false
				}],
			"sum":	{
				"start":	11.001,
				"end":	12.0029,
				"seconds":	1.00191,
				"bytes":	6058328,
				"bits_per_second":	4.83741e+07,
				"omitted":	false
			}
		}, {
			"streams":	[{
					"socket":	5,
					"start":	12.0029,
					"end":	13.003,
					"seconds":	1.00002,
					"bytes":	6420328,
					"bits_per_second":	5.13617e+07,
					"omitted":	false
				}],
			"sum":	{
				"start":	12.0029,
				"end":	13.003,
				"seconds":	1.00002,
				"bytes":	6420328,
				"bits_per_second":	5.13617e+07,
				"omitted":	false
			}
		}, {
			"streams":	[{
					"socket":	5,
					"start":	13.003,
					"end":	14.0004,
					"seconds":	0.997427,
					"bytes":	6194440,
					"bits_per_second":	4.96834e+07,
					"omitted":	false
				}],
			"sum":	{
				"start":	13.003,
				"end":	14.0004,
				"seconds":	0.997427,
				"bytes":	6194440,
				"bits_per_second":	4.96834e+07,
				"omitted":	false
			}
		}, {
			"streams":	[{
					"socket":	5,
					"start":	14.0004,
					"end":	15.0007,
					"seconds":	1.00035,
					"bytes":	6173416,
					"bits_per_second":	4.93702e+07,
					"omitted":	false
				}],
			"sum":	{
				"start":	14.0004,
				"end":	15.0007,
				"seconds":	1.00035,
				"bytes":	6173416,
				"bits_per_second":	4.93702e+07,
				"omitted":	false
			}
		}, {
			"streams":	[{
					"socket":	5,
					"start":	15.0007,
					"end":	16.0118,
					"seconds":	1.01105,
					"bytes":	6260296,
					"bits_per_second":	4.95348e+07,
					"omitted":	false
				}],
			"sum":	{
				"start":	15.0007,
				"end":	16.0118,
				"seconds":	1.01105,
				"bytes":	6260296,
				"bits_per_second":	4.95348e+07,
				"omitted":	false
			}
		}, {
			"streams":	[{
					"socket":	5,
					"start":	16.0118,
					"end":	17.0027,
					"seconds":	0.990896,
					"bytes":	6455944,
					"bits_per_second":	5.21221e+07,
					"omitted":	false
				}],
			"sum":	{
				"start":	16.0118,
				"end":	17.0027,
				"seconds":	0.990896,
				"bytes":	6455944,
				"bits_per_second":	5.21221e+07,
				"omitted":	false
			}
		}, {
			"streams":	[{
					"socket":	5,
					"start":	17.0027,
					"end":	18.0021,
					"seconds":	0.999433,
					"bytes":	6159576,
					"bits_per_second":	4.93046e+07,
					"omitted":	false
				}],
			"sum":	{
				"start":	17.0027,
				"end":	18.0021,
				"seconds":	0.999433,
				"bytes":	6159576,
				"bits_per_second":	4.93046e+07,
				"omitted":	false
			}
		}, {
			"streams":	[{
					"socket":	5,
					"start":	18.0021,
					"end":	19.0003,
					"seconds":	0.998151,
					"bytes":	6292152,
					"bits_per_second":	5.04305e+07,
					"omitted":	false
				}],
			"sum":	{
				"start":	18.0021,
				"end":	19.0003,
				"seconds":	0.998151,
				"bytes":	6292152,
				"bits_per_second":	5.04305e+07,
				"omitted":	false
			}
		}, {
			"streams":	[{
					"socket":	5,
					"start":	19.0003,
					"end":	20.001,
					"seconds":	1.00076,
					"bytes":	6291456,
					"bits_per_second":	5.02935e+07,
					"omitted":	false
				}],
			"sum":	{
				"start":	19.0003,
				"end":	20.001,
				"seconds":	1.00076,
				"bytes":	6291456,
				"bits_per_second":	5.02935e+07,
				"omitted":	false
			}
		}, {
			"streams":	[{
					"socket":	5,
					"start":	20.001,
					"end":	21.001,
					"seconds":	1.00001,
					"bytes":	6372600,
					"bits_per_second":	5.09802e+07,
					"omitted":	false
				}],
			"sum":	{
				"start":	20.001,
				"end":	21.001,
				"seconds":	1.00001,
				"bytes":	6372600,
				"bits_per_second":	5.09802e+07,
				"omitted":	false
			}
		}, {
			"streams":	[{
					"socket":	5,
					"start":	21.001,
					"end":	22.0004,
					"seconds":	0.999374,
					"bytes":	5079448,
					"bits_per_second":	4.0661e+07,
					"omitted":	false
				}],
			"sum":	{
				"start":	21.001,
				"end":	22.0004,
				"seconds":	0.999374,
				"bytes":	5079448,
				"bits_per_second":	4.0661e+07,
				"omitted":	false
			}
		}, {
			"streams":	[{
					"socket":	5,
					"start":	22.0004,
					"end":	23.0003,
					"seconds":	0.999909,
					"bytes":	6317624,
					"bits_per_second":	5.05456e+07,
					"omitted":	false
				}],
			"sum":	{
				"start":	22.0004,
				"end":	23.0003,
				"seconds":	0.999909,
				"bytes":	6317624,
				"bits_per_second":	5.05456e+07,
				"omitted":	false
			}
		}, {
			"streams":	[{
					"socket":	5,
					"start":	23.0003,
					"end":	24.0002,
					"seconds":	0.999923,
					"bytes":	4079016,
					"bits_per_second":	3.26346e+07,
					"omitted":	false
				}],
			"sum":	{
				"start":	23.0003,
				"end":	24.0002,
				"seconds":	0.999923,
				"bytes":	4079016,
				"bits_per_second":	3.26346e+07,
				"omitted":	false
			}
		}, {
			"streams":	[{
					"socket":	5,
					"start":	24.0002,
					"end":	25.0012,
					"seconds":	1.001,
					"bytes":	7969792,
					"bits_per_second":	6.36944e+07,
					"omitted":	false
				}],
			"sum":	{
				"start":	24.0002,
				"end":	25.0012,
				"seconds":	1.001,
				"bytes":	7969792,
				"bits_per_second":	6.36944e+07,
				"omitted":	false
			}
		}, {
			"streams":	[{
					"socket":	5,
					"start":	25.0012,
					"end":	26.0008,
					"seconds":	0.999505,
					"bytes":	7667360,
					"bits_per_second":	6.13693e+07,
					"omitted":	false
				}],
			"sum":	{
				"start":	25.0012,
				"end":	26.0008,
				"seconds":	0.999505,
				"bytes":	7667360,
				"bits_per_second":	6.13693e+07,
				"omitted":	false
			}
		}, {
			"streams":	[{
					"socket":	5,
					"start":	26.0008,
					"end":	27.0003,
					"seconds":	0.999511,
					"bytes":	6160440,
					"bits_per_second":	4.93076e+07,
					"omitted":	false
				}],
			"sum":	{
				"start":	26.0008,
				"end":	27.0003,
				"seconds":	0.999511,
				"bytes":	6160440,
				"bits_per_second":	4.93076e+07,
				"omitted":	false
			}
		}, {
			"streams":	[{
					"socket":	5,
					"start":	27.0003,
					"end":	28.0006,
					"seconds":	1.00038,
					"bytes":	6292264,
					"bits_per_second":	5.03192e+07,
					"omitted":	false
				}],
			"sum":	{
				"start":	27.0003,
				"end":	28.0006,
				"seconds":	1.00038,
				"bytes":	6292264,
				"bits_per_second":	5.03192e+07,
				"omitted":	false
			}
		}, {
			"streams":	[{
					"socket":	5,
					"start":	28.0006,
					"end":	29.0005,
					"seconds":	0.999817,
					"bytes":	6291456,
					"bits_per_second":	5.03409e+07,
					"omitted":	false
				}],
			"sum":	{
				"start":	28.0006,
				"end":	29.0005,
				"seconds":	0.999817,
				"bytes":	6291456,
				"bits_per_second":	5.03409e+07,
				"omitted":	false
			}
		}, {
			"streams":	[{
					"socket":	5,
					"start":	29.0005,
					"end":	30.0006,
					"seconds":	1.00012,
					"bytes":	6291344,
					"bits_per_second":	5.03248e+07,
					"omitted":	false
				}],
			"sum":	{
				"start":	29.0005,
				"end":	30.0006,
				"seconds":	1.00012,
				"bytes":	6291344,
				"bits_per_second":	5.03248e+07,
				"omitted":	false
			}
		}, {
			"streams":	[{
					"socket":	5,
					"start":	30.0006,
					"end":	30.0692,
					"seconds":	0.0686262,
					"bytes":	112,
					"bits_per_second":	13056.2,
					"omitted":	false
				}],
			"sum":	{
				"start":	30.0006,
				"end":	30.0692,
				"seconds":	0.0686262,
				"bytes":	112,
				"bits_per_second":	13056.2,
				"omitted":	false
			}
		}],
	"end":	{
		"streams":	[{
				"sender":	{
					"socket":	5,
					"start":	0,
					"end":	30.0692,
					"seconds":	30.0692,
					"bytes":	187031000,
					"bits_per_second":	4.97602e+07,
					"retransmits":	110
				},
				"receiver":	{
					"socket":	5,
					"start":	0,
					"end":	30.0692,
					"seconds":	30.0692,
					"bytes":	187031000,
					"bits_per_second":	4.97602e+07
				}
			}],
		"sum_sent":	{
			"start":	0,
			"end":	30.0692,
			"seconds":	30.0692,
			"bytes":	187031000,
			"bits_per_second":	4.97602e+07,
			"retransmits":	110
		},
		"sum_received":	{
			"start":	0,
			"end":	30.0692,
			"seconds":	30.0692,
			"bytes":	187031000,
			"bits_per_second":	4.97602e+07
		},
		"cpu_utilization_percent":	{
			"host_total":	6.29962,
			"host_user":	0.356761,
			"host_system":	5.94286,
			"remote_total":	2.83169,
			"remote_user":	0.078087,
			"remote_system":	2.7536
		}
	}
}
