{
	"start":	{
		"connected":	[{
				"socket":	5,
				"local_host":	"10.0.0.13",
				"local_port":	2435,
				"remote_host":	"10.0.0.2",
				"remote_port":	52357
			}],
		"version":	"iperf 3.0.7",
		"system_info":	"Linux MECS6 5.4.197-0504197-generic #202206060747 SMP Mon Jun 6 09:27:47 UTC 2022 x86_64 x86_64 x86_64 GNU/Linux\n",
		"timestamp":	{
			"time":	"Mon, 25 Jul 2022 21:48:19 GMT",
			"timesecs":	1658785699
		},
		"accepted_connection":	{
			"host":	"10.0.0.2",
			"port":	58126
		},
		"cookie":	"BS2.1658785698.886198.3f0ab4b670ddd3",
		"test_start":	{
			"protocol":	"UDP",
			"num_streams":	1,
			"blksize":	8192,
			"omit":	0,
			"duration":	12,
			"bytes":	0,
			"blocks":	0,
			"reverse":	0
		}
	},
	"intervals":	[{
			"streams":	[{
					"socket":	5,
					"start":	0,
					"end":	1.00041,
					"seconds":	1.00041,
					"bytes":	2809856,
					"bits_per_second":	2.24697e+07,
					"jitter_ms":	1.9049,
					"lost_packets":	67,
					"packets":	346,
					"lost_percent":	19.3642,
					"omitted":	false
				}],
			"sum":	{
				"start":	0,
				"end":	1.00041,
				"seconds":	1.00041,
				"bytes":	2809856,
				"bits_per_second":	2.24697e+07,
				"jitter_ms":	1.9049,
				"lost_packets":	67,
				"packets":	346,
				"lost_percent":	19.3642,
				"omitted":	false
			}
		}, {
			"streams":	[{
					"socket":	5,
					"start":	1.00041,
					"end":	2.0009,
					"seconds":	1.0005,
					"bytes":	3129344,
					"bits_per_second":	2.50223e+07,
					"jitter_ms":	1.05182,
					"lost_packets":	9,
					"packets":	382,
					"lost_percent":	2.35602,
					"omitted":	false
				}],
			"sum":	{
				"start":	1.00041,
				"end":	2.0009,
				"seconds":	1.0005,
				"bytes":	3129344,
				"bits_per_second":	2.50223e+07,
				"jitter_ms":	1.05182,
				"lost_packets":	9,
				"packets":	382,
				"lost_percent":	2.35602,
				"omitted":	false
			}
		}, {
			"streams":	[{
					"socket":	5,
					"start":	2.0009,
					"end":	3.00023,
					"seconds":	0.999321,
					"bytes":	3055616,
					"bits_per_second":	2.44615e+07,
					"jitter_ms":	2.46053,
					"lost_packets":	22,
					"packets":	373,
					"lost_percent":	5.89812,
					"omitted":	false
				}],
			"sum":	{
				"start":	2.0009,
				"end":	3.00023,
				"seconds":	0.999321,
				"bytes":	3055616,
				"bits_per_second":	2.44615e+07,
				"jitter_ms":	2.46053,
				"lost_packets":	22,
				"packets":	373,
				"lost_percent":	5.89812,
				"omitted":	false
			}
		}, {
			"streams":	[{
					"socket":	5,
					"start":	3.00023,
					"end":	4.00627,
					"seconds":	1.00604,
					"bytes":	3194880,
					"bits_per_second":	2.54055e+07,
					"jitter_ms":	0.713586,
					"lost_packets":	22,
					"packets":	399,
					"lost_percent":	5.51378,
					"omitted":	false
				}],
			"sum":	{
				"start":	3.00023,
				"end":	4.00627,
				"seconds":	1.00604,
				"bytes":	3194880,
				"bits_per_second":	2.54055e+07,
				"jitter_ms":	0.713586,
				"lost_packets":	22,
				"packets":	399,
				"lost_percent":	5.51378,
				"omitted":	false
			}
		}, {
			"streams":	[{
					"socket":	5,
					"start":	4.00627,
					"end":	5.00021,
					"seconds":	0.993942,
					"bytes":	3006464,
					"bits_per_second":	2.41983e+07,
					"jitter_ms":	2.13466,
					"lost_packets":	32,
					"packets":	367,
					"lost_percent":	8.71935,
					"omitted":	false
				}],
			"sum":	{
				"start":	4.00627,
				"end":	5.00021,
				"seconds":	0.993942,
				"bytes":	3006464,
				"bits_per_second":	2.41983e+07,
				"jitter_ms":	2.13466,
				"lost_packets":	32,
				"packets":	367,
				"lost_percent":	8.71935,
				"omitted":	false
			}
		}, {
			"streams":	[{
					"socket":	5,
					"start":	5.00021,
					"end":	6.00101,
					"seconds":	1.00079,
					"bytes":	3186688,
					"bits_per_second":	2.54733e+07,
					"jitter_ms":	2.35945,
					"lost_packets":	25,
					"packets":	389,
					"lost_percent":	6.42674,
					"omitted":	false
				}],
			"sum":	{
				"start":	5.00021,
				"end":	6.00101,
				"seconds":	1.00079,
				"bytes":	3186688,
				"bits_per_second":	2.54733e+07,
				"jitter_ms":	2.35945,
				"lost_packets":	25,
				"packets":	389,
				"lost_percent":	6.42674,
				"omitted":	false
			}
		}, {
			"streams":	[{
					"socket":	5,
					"start":	6.00101,
					"end":	7.02301,
					"seconds":	1.022,
					"bytes":	3014656,
					"bits_per_second":	2.3598e+07,
					"jitter_ms":	3.7234,
					"lost_packets":	13,
					"packets":	368,
					"lost_percent":	3.53261,
					"omitted":	false
				}],
			"sum":	{
				"start":	6.00101,
				"end":	7.02301,
				"seconds":	1.022,
				"bytes":	3014656,
				"bits_per_second":	2.3598e+07,
				"jitter_ms":	3.7234,
				"lost_packets":	13,
				"packets":	368,
				"lost_percent":	3.53261,
				"omitted":	false
			}
		}, {
			"streams":	[{
					"socket":	5,
					"start":	7.02301,
					"end":	8.00036,
					"seconds":	0.977346,
					"bytes":	3031040,
					"bits_per_second":	2.48104e+07,
					"jitter_ms":	1.49021,
					"lost_packets":	30,
					"packets":	390,
					"lost_percent":	7.69231,
					"omitted":	false
				}],
			"sum":	{
				"start":	7.02301,
				"end":	8.00036,
				"seconds":	0.977346,
				"bytes":	3031040,
				"bits_per_second":	2.48104e+07,
				"jitter_ms":	1.49021,
				"lost_packets":	30,
				"packets":	390,
				"lost_percent":	7.69231,
				"omitted":	false
			}
		}, {
			"streams":	[{
					"socket":	5,
					"start":	8.00036,
					"end":	9.00172,
					"seconds":	1.00136,
					"bytes":	3063808,
					"bits_per_second":	2.44771e+07,
					"jitter_ms":	2.37213,
					"lost_packets":	20,
					"packets":	377,
					"lost_percent":	5.30504,
					"omitted":	false
				}],
			"sum":	{
				"start":	8.00036,
				"end":	9.00172,
				"seconds":	1.00136,
				"bytes":	3063808,
				"bits_per_second":	2.44771e+07,
				"jitter_ms":	2.37213,
				"lost_packets":	20,
				"packets":	377,
				"lost_percent":	5.30504,
				"omitted":	false
			}
		}, {
			"streams":	[{
					"socket":	5,
					"start":	9.00172,
					"end":	10.0012,
					"seconds":	0.999451,
					"bytes":	3170304,
					"bits_per_second":	2.53764e+07,
					"jitter_ms":	1.20565,
					"lost_packets":	27,
					"packets":	387,
					"lost_percent":	6.97674,
					"omitted":	false
				}],
			"sum":	{
				"start":	9.00172,
				"end":	10.0012,
				"seconds":	0.999451,
				"bytes":	3170304,
				"bits_per_second":	2.53764e+07,
				"jitter_ms":	1.20565,
				"lost_packets":	27,
				"packets":	387,
				"lost_percent":	6.97674,
				"omitted":	false
			}
		}, {
			"streams":	[{
					"socket":	5,
					"start":	10.0012,
					"end":	11.0034,
					"seconds":	1.00223,
					"bytes":	2990080,
					"bits_per_second":	2.38675e+07,
					"jitter_ms":	3.04575,
					"lost_packets":	49,
					"packets":	384,
					"lost_percent":	12.7604,
					"omitted":	false
				}],
			"sum":	{
				"start":	10.0012,
				"end":	11.0034,
				"seconds":	1.00223,
				"bytes":	2990080,
				"bits_per_second":	2.38675e+07,
				"jitter_ms":	3.04575,
				"lost_packets":	49,
				"packets":	384,
				"lost_percent":	12.7604,
				"omitted":	false
			}
		}, {
			"streams":	[{
					"socket":	5,
					"start":	11.0034,
					"end":	12.0007,
					"seconds":	0.99729,
					"bytes":	3096576,
					"bits_per_second":	2.48399e+07,
					"jitter_ms":	1.49058,
					"lost_packets":	35,
					"packets":	379,
					"lost_percent":	9.23483,
					"omitted":	false
				}],
			"sum":	{
				"start":	11.0034,
				"end":	12.0007,
				"seconds":	0.99729,
				"bytes":	3096576,
				"bits_per_second":	2.48399e+07,
				"jitter_ms":	1.49058,
				"lost_packets":	35,
				"packets":	379,
				"lost_percent":	9.23483,
				"omitted":	false
			}
		}, {
			"streams":	[{
					"socket":	5,
					"start":	12.0007,
					"end":	12.0602,
					"seconds":	0.059551,
					"bytes":	0,
					"bits_per_second":	0,
					"jitter_ms":	1.49058,
					"lost_packets":	0,
					"packets":	0,
					"lost_percent":	-nan,
					"omitted":	false
				}],
			"sum":	{
				"start":	12.0007,
				"end":	12.0602,
				"seconds":	0.059551,
				"bytes":	0,
				"bits_per_second":	0,
				"jitter_ms":	1.49058,
				"lost_packets":	0,
				"packets":	0,
				"lost_percent":	-nan,
				"omitted":	false
			}
		}],
	"end":	{
		"streams":	[{
				"udp":	{
					"socket":	5,
					"start":	0,
					"end":	12.0602,
					"seconds":	12.0602,
					"bytes":	37199872,
					"bits_per_second":	2.4676e+07,
					"jitter_ms":	1.49058,
					"lost_packets":	351,
					"packets":	4541,
					"lost_percent":	7.72957
				}
			}],
		"sum":	{
			"start":	0,
			"end":	12.0602,
			"seconds":	12.0602,
			"bytes":	37199872,
			"bits_per_second":	2.4676e+07,
			"jitter_ms":	1.49058,
			"lost_packets":	351,
			"packets":	4541,
			"lost_percent":	7.72957
		},
		"cpu_utilization_percent":	{
			"host_total":	3.85056,
			"host_user":	0.259653,
			"host_system":	3.59091,
			"remote_total":	9.02176,
			"remote_user":	0.152965,
			"remote_system":	8.86877
		}
	},
	"error":	"OUT OF ORDER - incoming packet = 17 and received packet = 18 AND SP = 5",
	"error":	"OUT OF ORDER - incoming packet = 24 and received packet = 25 AND SP = 5",
	"error":	"OUT OF ORDER - incoming packet = 43 and received packet = 44 AND SP = 5",
	"error":	"OUT OF ORDER - incoming packet = 46 and received packet = 48 AND SP = 5",
	"error":	"OUT OF ORDER - incoming packet = 47 and received packet = 48 AND SP = 5",
	"error":	"OUT OF ORDER - incoming packet = 51 and received packet = 53 AND SP = 5",
	"error":	"OUT OF ORDER - incoming packet = 52 and received packet = 53 AND SP = 5",
	"error":	"OUT OF ORDER - incoming packet = 55 and received packet = 61 AND SP = 5",
	"error":	"OUT OF ORDER - incoming packet = 56 and received packet = 61 AND SP = 5",
	"error":	"OUT OF ORDER - incoming packet = 57 and received packet = 61 AND SP = 5",
	"error":	"OUT OF ORDER - incoming packet = 58 and received packet = 61 AND SP = 5",
	"error":	"OUT OF ORDER - incoming packet = 59 and received packet = 61 AND SP = 5",
	"error":	"OUT OF ORDER - incoming packet = 63 and received packet = 64 AND SP = 5",
	"error":	"OUT OF ORDER - incoming packet = 119 and received packet = 120 AND SP = 5",
	"error":	"OUT OF ORDER - incoming packet = 159 and received packet = 160 AND SP = 5",
	"error":	"OUT OF ORDER - incoming packet = 161 and received packet = 163 AND SP = 5",
	"error":	"OUT OF ORDER - incoming packet = 165 and received packet = 167 AND SP = 5",
	"error":	"OUT OF ORDER - incoming packet = 166 and received packet = 167 AND SP = 5",
	"error":	"OUT OF ORDER - incoming packet = 172 and received packet = 173 AND SP = 5",
	"error":	"OUT OF ORDER - incoming packet = 171 and received packet = 173 AND SP = 5",
	"error":	"OUT OF ORDER - incoming packet = 175 and received packet = 178 AND SP = 5",
	"error":	"OUT OF ORDER - incoming packet = 170 and received packet = 178 AND SP = 5",
	"error":	"OUT OF ORDER - incoming packet = 174 and received packet = 178 AND SP = 5",
	"error":	"OUT OF ORDER - incoming packet = 177 and received packet = 181 AND SP = 5",
	"error":	"OUT OF ORDER - incoming packet = 176 and received packet = 181 AND SP = 5",
	"error":	"OUT OF ORDER - incoming packet = 179 and received packet = 181 AND SP = 5",
	"error":	"OUT OF ORDER - incoming packet = 180 and received packet = 184 AND SP = 5",
	"error":	"OUT OF ORDER - incoming packet = 182 and received packet = 184 AND SP = 5",
	"error":	"OUT OF ORDER - incoming packet = 185 and received packet = 192 AND SP = 5",
	"error":	"OUT OF ORDER - incoming packet = 186 and received packet = 192 AND SP = 5",
	"error":	"OUT OF ORDER - incoming packet = 190 and received packet = 192 AND SP = 5",
	"error":	"OUT OF ORDER - incoming packet = 191 and received packet = 192 AND SP = 5",
	"error":	"OUT OF ORDER - incoming packet = 187 and received packet = 192 AND SP = 5",
	"error":	"OUT OF ORDER - incoming packet = 189 and received packet = 192 AND SP = 5",
	"error":	"OUT OF ORDER - incoming packet = 188 and received packet = 192 AND SP = 5",
	"error":	"OUT OF ORDER - incoming packet = 199 and received packet = 200 AND SP = 5",
	"error":	"OUT OF ORDER - incoming packet = 197 and received packet = 200 AND SP = 5",
	"error":	"OUT OF ORDER - incoming packet = 198 and received packet = 200 AND SP = 5",
	"error":	"OUT OF ORDER - incoming packet = 202 and received packet = 203 AND SP = 5",
	"error":	"OUT OF ORDER - incoming packet = 201 and received packet = 203 AND SP = 5",
	"error":	"OUT OF ORDER - incoming packet = 205 and received packet = 207 AND SP = 5",
	"error":	"OUT OF ORDER - incoming packet = 211 and received packet = 212 AND SP = 5",
	"error":	"OUT OF ORDER - incoming packet = 213 and received packet = 215 AND SP = 5",
	"error":	"OUT OF ORDER - incoming packet = 214 and received packet = 215 AND SP = 5",
	"error":	"OUT OF ORDER - incoming packet = 217 and received packet = 218 AND SP = 5",
	"error":	"OUT OF ORDER - incoming packet = 220 and received packet = 221 AND SP = 5",
	"error":	"OUT OF ORDER - incoming packet = 223 and received packet = 224 AND SP = 5",
	"error":	"OUT OF ORDER - incoming packet = 227 and received packet = 228 AND SP = 5",
	"error":	"OUT OF ORDER - incoming packet = 230 and received packet = 232 AND SP = 5",
	"error":	"OUT OF ORDER - incoming packet = 231 and received packet = 234 AND SP = 5",
	"error":	"OUT OF ORDER - incoming packet = 233 and received packet = 234 AND SP = 5",
	"error":	"OUT OF ORDER - incoming packet = 235 and received packet = 237 AND SP = 5",
	"error":	"OUT OF ORDER - incoming packet = 236 and received packet = 237 AND SP = 5",
	"error":	"OUT OF ORDER - incoming packet = 239 and received packet = 240 AND SP = 5",
	"error":	"OUT OF ORDER - incoming packet = 238 and received packet = 240 AND SP = 5",
	"error":	"OUT OF ORDER - incoming packet = 242 and received packet = 244 AND SP = 5",
	"error":	"OUT OF ORDER - incoming packet = 241 and received packet = 244 AND SP = 5",
	"error":	"OUT OF ORDER - incoming packet = 243 and received packet = 244 AND SP = 5",
	"error":	"OUT OF ORDER - incoming packet = 245 and received packet = 247 AND SP = 5",
	"error":	"OUT OF ORDER - incoming packet = 248 and received packet = 249 AND SP = 5",
	"error":	"OUT OF ORDER - incoming packet = 250 and received packet = 251 AND SP = 5",
	"error":	"OUT OF ORDER - incoming packet = 283 and received packet = 284 AND SP = 5",
	"error":	"OUT OF ORDER - incoming packet = 301 and received packet = 302 AND SP = 5",
	"error":	"OUT OF ORDER - incoming packet = 344 and received packet = 345 AND SP = 5",
	"error":	"OUT OF ORDER - incoming packet = 398 and received packet = 399 AND SP = 5",
	"error":	"OUT OF ORDER - incoming packet = 408 and received packet = 409 AND SP = 5",
	"error":	"OUT OF ORDER - incoming packet = 411 and received packet = 412 AND SP = 5",
	"error":	"OUT OF ORDER - incoming packet = 416 and received packet = 417 AND SP = 5",
	"error":	"OUT OF ORDER - incoming packet = 588 and received packet = 589 AND SP = 5",
	"error":	"OUT OF ORDER - incoming packet = 614 and received packet = 615 AND SP = 5",
	"error":	"OUT OF ORDER - incoming packet = 613 and received packet = 615 AND SP = 5",
	"error":	"OUT OF ORDER - incoming packet = 676 and received packet = 677 AND SP = 5",
	"error":	"OUT OF ORDER - incoming packet = 680 and received packet = 681 AND SP = 5",
	"error":	"OUT OF ORDER - incoming packet = 744 and received packet = 745 AND SP = 5",
	"error":	"OUT OF ORDER - incoming packet = 749 and received packet = 754 AND SP = 5",
	"error":	"OUT OF ORDER - incoming packet = 750 and received packet = 754 AND SP = 5",
	"error":	"OUT OF ORDER - incoming packet = 753 and received packet = 754 AND SP = 5",
	"error":	"OUT OF ORDER - incoming packet = 752 and received packet = 755 AND SP = 5",
	"error":	"OUT OF ORDER - incoming packet = 756 and received packet = 760 AND SP = 5",
	"error":	"OUT OF ORDER - incoming packet = 757 and received packet = 761 AND SP = 5",
	"error":	"OUT OF ORDER - incoming packet = 758 and received packet = 762 AND SP = 5",
	"error":	"OUT OF ORDER - incoming packet = 759 and received packet = 762 AND SP = 5",
	"error":	"OUT OF ORDER - incoming packet = 772 and received packet = 773 AND SP = 5",
	"error":	"OUT OF ORDER - incoming packet = 771 and received packet = 773 AND SP = 5",
	"error":	"OUT OF ORDER - incoming packet = 801 and received packet = 802 AND SP = 5",
	"error":	"OUT OF ORDER - incoming packet = 811 and received packet = 812 AND SP = 5",
	"error":	"OUT OF ORDER - incoming packet = 810 and received packet = 812 AND SP = 5",
	"error":	"OUT OF ORDER - incoming packet = 826 and received packet = 827 AND SP = 5",
	"error":	"OUT OF ORDER - incoming packet = 825 and received packet = 827 AND SP = 5",
	"error":	"OUT OF ORDER - incoming packet = 875 and received packet = 876 AND SP = 5",
	"error":	"OUT OF ORDER - incoming packet = 897 and received packet = 898 AND SP = 5",
	"error":	"OUT OF ORDER - incoming packet = 972 and received packet = 974 AND SP = 5",
	"error":	"OUT OF ORDER - incoming packet = 973 and received packet = 977 AND SP = 5",
	"error":	"OUT OF ORDER - incoming packet = 1084 and received packet = 1085 AND SP = 5",
	"error":	"OUT OF ORDER - incoming packet = 1086 and received packet = 1087 AND SP = 5",
	"error":	"OUT OF ORDER - incoming packet = 1161 and received packet = 1163 AND SP = 5",
	"error":	"OUT OF ORDER - incoming packet = 1217 and received packet = 1219 AND SP = 5",
	"error":	"OUT OF ORDER - incoming packet = 1224 and received packet = 1225 AND SP = 5",
	"error":	"OUT OF ORDER - incoming packet = 1364 and received packet = 1365 AND SP = 5",
	"error":	"OUT OF ORDER - incoming packet = 1371 and received packet = 1372 AND SP = 5",
	"error":	"OUT OF ORDER - incoming packet = 1378 and received packet = 1380 AND SP = 5",
	"error":	"OUT OF ORDER - incoming packet = 1379 and received packet = 1381 AND SP = 5",
	"error":	"OUT OF ORDER - incoming packet = 1386 and received packet = 1388 AND SP = 5",
	"error":	"OUT OF ORDER - incoming packet = 1387 and received packet = 1389 AND SP = 5",
	"error":	"OUT OF ORDER - incoming packet = 1390 and received packet = 1391 AND SP = 5",
	"error":	"OUT OF ORDER - incoming packet = 1393 and received packet = 1394 AND SP = 5",
	"error":	"OUT OF ORDER - incoming packet = 1397 and received packet = 1398 AND SP = 5",
	"error":	"OUT OF ORDER - incoming packet = 1402 and received packet = 1404 AND SP = 5",
	"error":	"OUT OF ORDER - incoming packet = 1588 and received packet = 1590 AND SP = 5",
	"error":	"OUT OF ORDER - incoming packet = 1589 and received packet = 1590 AND SP = 5",
	"error":	"OUT OF ORDER - incoming packet = 1613 and received packet = 1614 AND SP = 5",
	"error":	"OUT OF ORDER - incoming packet = 1637 and received packet = 1638 AND SP = 5",
	"error":	"OUT OF ORDER - incoming packet = 1666 and received packet = 1667 AND SP = 5",
	"error":	"OUT OF ORDER - incoming packet = 1671 and received packet = 1674 AND SP = 5",
	"error":	"OUT OF ORDER - incoming packet = 1672 and received packet = 1674 AND SP = 5",
	"error":	"OUT OF ORDER - incoming packet = 1704 and received packet = 1706 AND SP = 5",
	"error":	"OUT OF ORDER - incoming packet = 1705 and received packet = 1706 AND SP = 5",
	"error":	"OUT OF ORDER - incoming packet = 1708 and received packet = 1709 AND SP = 5",
	"error":	"OUT OF ORDER - incoming packet = 1717 and received packet = 1718 AND SP = 5",
	"error":	"OUT OF ORDER - incoming packet = 1719 and received packet = 1721 AND SP = 5",
	"error":	"OUT OF ORDER - incoming packet = 1720 and received packet = 1721 AND SP = 5",
	"error":	"OUT OF ORDER - incoming packet = 1738 and received packet = 1739 AND SP = 5",
	"error":	"OUT OF ORDER - incoming packet = 1745 and received packet = 1747 AND SP = 5",
	"error":	"OUT OF ORDER - incoming packet = 1746 and received packet = 1749 AND SP = 5",
	"error":	"OUT OF ORDER - incoming packet = 1795 and received packet = 1796 AND SP = 5",
	"error":	"OUT OF ORDER - incoming packet = 1798 and received packet = 1799 AND SP = 5",
	"error":	"OUT OF ORDER - incoming packet = 1808 and received packet = 1809 AND SP = 5",
	"error":	"OUT OF ORDER - incoming packet = 1810 and received packet = 1811 AND SP = 5",
	"error":	"OUT OF ORDER - incoming packet = 1819 and received packet = 1820 AND SP = 5",
	"error":	"OUT OF ORDER - incoming packet = 1835 and received packet = 1836 AND SP = 5",
	"error":	"OUT OF ORDER - incoming packet = 1846 and received packet = 1848 AND SP = 5",
	"error":	"OUT OF ORDER - incoming packet = 1838 and received packet = 1849 AND SP = 5",
	"error":	"OUT OF ORDER - incoming packet = 1840 and received packet = 1849 AND SP = 5",
	"error":	"OUT OF ORDER - incoming packet = 1839 and received packet = 1849 AND SP = 5",
	"error":	"OUT OF ORDER - incoming packet = 1841 and received packet = 1849 AND SP = 5",
	"error":	"OUT OF ORDER - incoming packet = 1843 and received packet = 1849 AND SP = 5",
	"error":	"OUT OF ORDER - incoming packet = 1850 and received packet = 1851 AND SP = 5",
	"error":	"OUT OF ORDER - incoming packet = 1842 and received packet = 1851 AND SP = 5",
	"error":	"OUT OF ORDER - incoming packet = 1853 and received packet = 1854 AND SP = 5",
	"error":	"OUT OF ORDER - incoming packet = 1855 and received packet = 1856 AND SP = 5",
	"error":	"OUT OF ORDER - incoming packet = 1874 and received packet = 1875 AND SP = 5",
	"error":	"OUT OF ORDER - incoming packet = 1877 and received packet = 1878 AND SP = 5",
	"error":	"OUT OF ORDER - incoming packet = 1886 and received packet = 1887 AND SP = 5",
	"error":	"OUT OF ORDER - incoming packet = 1895 and received packet = 1896 AND SP = 5",
	"error":	"OUT OF ORDER - incoming packet = 1908 and received packet = 1910 AND SP = 5",
	"error":	"OUT OF ORDER - incoming packet = 1952 and received packet = 1953 AND SP = 5",
	"error":	"OUT OF ORDER - incoming packet = 1956 and received packet = 1957 AND SP = 5",
	"error":	"OUT OF ORDER - incoming packet = 1973 and received packet = 1974 AND SP = 5",
	"error":	"OUT OF ORDER - incoming packet = 1994 and received packet = 1995 AND SP = 5",
	"error":	"OUT OF ORDER - incoming packet = 1999 and received packet = 2002 AND SP = 5",
	"error":	"OUT OF ORDER - incoming packet = 2001 and received packet = 2002 AND SP = 5",
	"error":	"OUT OF ORDER - incoming packet = 2003 and received packet = 2004 AND SP = 5",
	"error":	"OUT OF ORDER - incoming packet = 2039 and received packet = 2040 AND SP = 5",
	"error":	"OUT OF ORDER - incoming packet = 2043 and received packet = 2046 AND SP = 5",
	"error":	"OUT OF ORDER - incoming packet = 2044 and received packet = 2046 AND SP = 5",
	"error":	"OUT OF ORDER - incoming packet = 2045 and received packet = 2046 AND SP = 5",
	"error":	"OUT OF ORDER - incoming packet = 2094 and received packet = 2095 AND SP = 5",
	"error":	"OUT OF ORDER - incoming packet = 2096 and received packet = 2098 AND SP = 5",
	"error":	"OUT OF ORDER - incoming packet = 2097 and received packet = 2098 AND SP = 5",
	"error":	"OUT OF ORDER - incoming packet = 2099 and received packet = 2100 AND SP = 5",
	"error":	"OUT OF ORDER - incoming packet = 2101 and received packet = 2103 AND SP = 5",
	"error":	"OUT OF ORDER - incoming packet = 2102 and received packet = 2103 AND SP = 5",
	"error":	"OUT OF ORDER - incoming packet = 2167 and received packet = 2171 AND SP = 5",
	"error":	"OUT OF ORDER - incoming packet = 2177 and received packet = 2178 AND SP = 5",
	"error":	"OUT OF ORDER - incoming packet = 2240 and received packet = 2241 AND SP = 5",
	"error":	"OUT OF ORDER - incoming packet = 2336 and received packet = 2337 AND SP = 5",
	"error":	"OUT OF ORDER - incoming packet = 2386 and received packet = 2387 AND SP = 5",
	"error":	"OUT OF ORDER - incoming packet = 2462 and received packet = 2464 AND SP = 5",
	"error":	"OUT OF ORDER - incoming packet = 2575 and received packet = 2576 AND SP = 5",
	"error":	"OUT OF ORDER - incoming packet = 2577 and received packet = 2578 AND SP = 5",
	"error":	"OUT OF ORDER - incoming packet = 2582 and received packet = 2585 AND SP = 5",
	"error":	"OUT OF ORDER - incoming packet = 2583 and received packet = 2585 AND SP = 5",
	"error":	"OUT OF ORDER - incoming packet = 2584 and received packet = 2585 AND SP = 5",
	"error":	"OUT OF ORDER - incoming packet = 2581 and received packet = 2588 AND SP = 5",
	"error":	"OUT OF ORDER - incoming packet = 2587 and received packet = 2590 AND SP = 5",
	"error":	"OUT OF ORDER - incoming packet = 2612 and received packet = 2613 AND SP = 5",
	"error":	"OUT OF ORDER - incoming packet = 2615 and received packet = 2616 AND SP = 5",
	"error":	"OUT OF ORDER - incoming packet = 2622 and received packet = 2623 AND SP = 5",
	"error":	"OUT OF ORDER - incoming packet = 2625 and received packet = 2626 AND SP = 5",
	"error":	"OUT OF ORDER - incoming packet = 2637 and received packet = 2639 AND SP = 5",
	"error":	"OUT OF ORDER - incoming packet = 2814 and received packet = 2815 AND SP = 5",
	"error":	"OUT OF ORDER - incoming packet = 2816 and received packet = 2817 AND SP = 5",
	"error":	"OUT OF ORDER - incoming packet = 2818 and received packet = 2819 AND SP = 5",
	"error":	"OUT OF ORDER - incoming packet = 2835 and received packet = 2836 AND SP = 5",
	"error":	"OUT OF ORDER - incoming packet = 2902 and received packet = 2903 AND SP = 5",
	"error":	"OUT OF ORDER - incoming packet = 2904 and received packet = 2905 AND SP = 5",
	"error":	"OUT OF ORDER - incoming packet = 2980 and received packet = 2981 AND SP = 5",
	"error":	"OUT OF ORDER - incoming packet = 2984 and received packet = 2985 AND SP = 5",
	"error":	"OUT OF ORDER - incoming packet = 3016 and received packet = 3018 AND SP = 5",
	"error":	"OUT OF ORDER - incoming packet = 3023 and received packet = 3024 AND SP = 5",
	"error":	"OUT OF ORDER - incoming packet = 3026 and received packet = 3028 AND SP = 5",
	"error":	"OUT OF ORDER - incoming packet = 3025 and received packet = 3029 AND SP = 5",
	"error":	"OUT OF ORDER - incoming packet = 3022 and received packet = 3029 AND SP = 5",
	"error":	"OUT OF ORDER - incoming packet = 3027 and received packet = 3031 AND SP = 5",
	"error":	"OUT OF ORDER - incoming packet = 3030 and received packet = 3031 AND SP = 5",
	"error":	"OUT OF ORDER - incoming packet = 3049 and received packet = 3051 AND SP = 5",
	"error":	"OUT OF ORDER - incoming packet = 3052 and received packet = 3053 AND SP = 5",
	"error":	"OUT OF ORDER - incoming packet = 3054 and received packet = 3057 AND SP = 5",
	"error":	"OUT OF ORDER - incoming packet = 3075 and received packet = 3076 AND SP = 5",
	"error":	"OUT OF ORDER - incoming packet = 3083 and received packet = 3084 AND SP = 5",
	"error":	"OUT OF ORDER - incoming packet = 3082 and received packet = 3084 AND SP = 5",
	"error":	"OUT OF ORDER - incoming packet = 3146 and received packet = 3148 AND SP = 5",
	"error":	"OUT OF ORDER - incoming packet = 3359 and received packet = 3360 AND SP = 5",
	"error":	"OUT OF ORDER - incoming packet = 3367 and received packet = 3368 AND SP = 5",
	"error":	"OUT OF ORDER - incoming packet = 3369 and received packet = 3370 AND SP = 5",
	"error":	"OUT OF ORDER - incoming packet = 3425 and received packet = 3426 AND SP = 5",
	"error":	"OUT OF ORDER - incoming packet = 3469 and received packet = 3470 AND SP = 5",
	"error":	"OUT OF ORDER - incoming packet = 3471 and received packet = 3472 AND SP = 5",
	"error":	"OUT OF ORDER - incoming packet = 3476 and received packet = 3478 AND SP = 5",
	"error":	"OUT OF ORDER - incoming packet = 3475 and received packet = 3480 AND SP = 5",
	"error":	"OUT OF ORDER - incoming packet = 3479 and received packet = 3480 AND SP = 5",
	"error":	"OUT OF ORDER - incoming packet = 3486 and received packet = 3490 AND SP = 5",
	"error":	"OUT OF ORDER - incoming packet = 3491 and received packet = 3496 AND SP = 5",
	"error":	"OUT OF ORDER - incoming packet = 3497 and received packet = 3499 AND SP = 5",
	"error":	"OUT OF ORDER - incoming packet = 3498 and received packet = 3499 AND SP = 5",
	"error":	"OUT OF ORDER - incoming packet = 3494 and received packet = 3499 AND SP = 5",
	"error":	"OUT OF ORDER - incoming packet = 3495 and received packet = 3499 AND SP = 5",
	"error":	"OUT OF ORDER - incoming packet = 3492 and received packet = 3499 AND SP = 5",
	"error":	"OUT OF ORDER - incoming packet = 3503 and received packet = 3504 AND SP = 5",
	"error":	"OUT OF ORDER - incoming packet = 3502 and received packet = 3504 AND SP = 5",
	"error":	"OUT OF ORDER - incoming packet = 3506 and received packet = 3507 AND SP = 5",
	"error":	"OUT OF ORDER - incoming packet = 3509 and received packet = 3511 AND SP = 5",
	"error":	"OUT OF ORDER - incoming packet = 3529 and received packet = 3530 AND SP = 5",
	"error":	"OUT OF ORDER - incoming packet = 3543 and received packet = 3544 AND SP = 5",
	"error":	"OUT OF ORDER - incoming packet = 3592 and received packet = 3593 AND SP = 5",
	"error":	"OUT OF ORDER - incoming packet = 3613 and received packet = 3615 AND SP = 5",
	"error":	"OUT OF ORDER - incoming packet = 3628 and received packet = 3629 AND SP = 5",
	"error":	"OUT OF ORDER - incoming packet = 3672 and received packet = 3673 AND SP = 5",
	"error":	"OUT OF ORDER - incoming packet = 3706 and received packet = 3707 AND SP = 5",
	"error":	"OUT OF ORDER - incoming packet = 3716 and received packet = 3718 AND SP = 5",
	"error":	"OUT OF ORDER - incoming packet = 3768 and received packet = 3769 AND SP = 5",
	"error":	"OUT OF ORDER - incoming packet = 3772 and received packet = 3773 AND SP = 5",
	"error":	"OUT OF ORDER - incoming packet = 3788 and received packet = 3789 AND SP = 5",
	"error":	"OUT OF ORDER - incoming packet = 3790 and received packet = 3791 AND SP = 5",
	"error":	"OUT OF ORDER - incoming packet = 3792 and received packet = 3793 AND SP = 5",
	"error":	"OUT OF ORDER - incoming packet = 3794 and received packet = 3795 AND SP = 5",
	"error":	"OUT OF ORDER - incoming packet = 3810 and received packet = 3811 AND SP = 5",
	"error":	"OUT OF ORDER - incoming packet = 3828 and received packet = 3829 AND SP = 5",
	"error":	"OUT OF ORDER - incoming packet = 3894 and received packet = 3895 AND SP = 5",
	"error":	"OUT OF ORDER - incoming packet = 3957 and received packet = 3958 AND SP = 5",
	"error":	"OUT OF ORDER - incoming packet = 3959 and received packet = 3960 AND SP = 5",
	"error":	"OUT OF ORDER - incoming packet = 3992 and received packet = 3994 AND SP = 5",
	"error":	"OUT OF ORDER - incoming packet = 3993 and received packet = 3994 AND SP = 5",
	"error":	"OUT OF ORDER - incoming packet = 4030 and received packet = 4031 AND SP = 5",
	"error":	"OUT OF ORDER - incoming packet = 4062 and received packet = 4063 AND SP = 5",
	"error":	"OUT OF ORDER - incoming packet = 4067 and received packet = 4068 AND SP = 5",
	"error":	"OUT OF ORDER - incoming packet = 4069 and received packet = 4074 AND SP = 5",
	"error":	"OUT OF ORDER - incoming packet = 4072 and received packet = 4074 AND SP = 5",
	"error":	"OUT OF ORDER - incoming packet = 4077 and received packet = 4078 AND SP = 5",
	"error":	"OUT OF ORDER - incoming packet = 4071 and received packet = 4078 AND SP = 5",
	"error":	"OUT OF ORDER - incoming packet = 4075 and received packet = 4078 AND SP = 5",
	"error":	"OUT OF ORDER - incoming packet = 4080 and received packet = 4083 AND SP = 5",
	"error":	"OUT OF ORDER - incoming packet = 4081 and received packet = 4083 AND SP = 5",
	"error":	"OUT OF ORDER - incoming packet = 4082 and received packet = 4084 AND SP = 5",
	"error":	"OUT OF ORDER - incoming packet = 4144 and received packet = 4148 AND SP = 5",
	"error":	"OUT OF ORDER - incoming packet = 4146 and received packet = 4149 AND SP = 5",
	"error":	"OUT OF ORDER - incoming packet = 4145 and received packet = 4149 AND SP = 5",
	"error":	"OUT OF ORDER - incoming packet = 4151 and received packet = 4152 AND SP = 5",
	"error":	"OUT OF ORDER - incoming packet = 4153 and received packet = 4156 AND SP = 5",
	"error":	"OUT OF ORDER - incoming packet = 4154 and received packet = 4156 AND SP = 5",
	"error":	"OUT OF ORDER - incoming packet = 4157 and received packet = 4158 AND SP = 5",
	"error":	"OUT OF ORDER - incoming packet = 4161 and received packet = 4162 AND SP = 5",
	"error":	"OUT OF ORDER - incoming packet = 4167 and received packet = 4168 AND SP = 5",
	"error":	"OUT OF ORDER - incoming packet = 4171 and received packet = 4172 AND SP = 5",
	"error":	"OUT OF ORDER - incoming packet = 4181 and received packet = 4183 AND SP = 5",
	"error":	"OUT OF ORDER - incoming packet = 4182 and received packet = 4183 AND SP = 5",
	"error":	"OUT OF ORDER - incoming packet = 4198 and received packet = 4199 AND SP = 5",
	"error":	"OUT OF ORDER - incoming packet = 4200 and received packet = 4204 AND SP = 5",
	"error":	"OUT OF ORDER - incoming packet = 4202 and received packet = 4204 AND SP = 5",
	"error":	"OUT OF ORDER - incoming packet = 4201 and received packet = 4205 AND SP = 5",
	"error":	"OUT OF ORDER - incoming packet = 4226 and received packet = 4227 AND SP = 5",
	"error":	"OUT OF ORDER - incoming packet = 4265 and received packet = 4266 AND SP = 5",
	"error":	"OUT OF ORDER - incoming packet = 4270 and received packet = 4271 AND SP = 5",
	"error":	"OUT OF ORDER - incoming packet = 4274 and received packet = 4275 AND SP = 5",
	"error":	"OUT OF ORDER - incoming packet = 4273 and received packet = 4275 AND SP = 5",
	"error":	"OUT OF ORDER - incoming packet = 4272 and received packet = 4275 AND SP = 5",
	"error":	"OUT OF ORDER - incoming packet = 4276 and received packet = 4277 AND SP = 5",
	"error":	"OUT OF ORDER - incoming packet = 4279 and received packet = 4280 AND SP = 5",
	"error":	"OUT OF ORDER - incoming packet = 4290 and received packet = 4295 AND SP = 5",
	"error":	"OUT OF ORDER - incoming packet = 4298 and received packet = 4299 AND SP = 5",
	"error":	"OUT OF ORDER - incoming packet = 4314 and received packet = 4315 AND SP = 5",
	"error":	"OUT OF ORDER - incoming packet = 4335 and received packet = 4336 AND SP = 5",
	"error":	"OUT OF ORDER - incoming packet = 4337 and received packet = 4339 AND SP = 5",
	"error":	"OUT OF ORDER - incoming packet = 4338 and received packet = 4340 AND SP = 5",
	"error":	"OUT OF ORDER - incoming packet = 4353 and received packet = 4355 AND SP = 5",
	"error":	"OUT OF ORDER - incoming packet = 4361 and received packet = 4362 AND SP = 5",
	"error":	"OUT OF ORDER - incoming packet = 4380 and received packet = 4382 AND SP = 5",
	"error":	"OUT OF ORDER - incoming packet = 4381 and received packet = 4384 AND SP = 5",
	"error":	"OUT OF ORDER - incoming packet = 4385 and received packet = 4386 AND SP = 5",
	"error":	"OUT OF ORDER - incoming packet = 4383 and received packet = 4386 AND SP = 5",
	"error":	"OUT OF ORDER - incoming packet = 4399 and received packet = 4402 AND SP = 5",
	"error":	"OUT OF ORDER - incoming packet = 4400 and received packet = 4403 AND SP = 5",
	"error":	"OUT OF ORDER - incoming packet = 4406 and received packet = 4408 AND SP = 5",
	"error":	"OUT OF ORDER - incoming packet = 4407 and received packet = 4408 AND SP = 5",
	"error":	"OUT OF ORDER - incoming packet = 4409 and received packet = 4410 AND SP = 5",
	"error":	"OUT OF ORDER - incoming packet = 4521 and received packet = 4522 AND SP = 5"
}
