{
	"start":	{
		"connected":	[{
				"socket":	5,
				"local_host":	"10.0.0.14",
				"local_port":	2561,
				"remote_host":	"10.0.0.4",
				"remote_port":	58144
			}],
		"version":	"iperf 3.0.7",
		"system_info":	"Linux MECS7 5.4.197-0504197-generic #202206060747 SMP Mon Jun 6 09:27:47 UTC 2022 x86_64 x86_64 x86_64 GNU/Linux\n",
		"timestamp":	{
			"time":	"Mon, 25 Jul 2022 21:43:40 GMT",
			"timesecs":	1658785420
		},
		"accepted_connection":	{
			"host":	"10.0.0.4",
			"port":	58142
		},
		"cookie":	"BS4.1658785419.963730.1a21893537e7c1",
		"tcp_mss_default":	1448,
		"test_start":	{
			"protocol":	"TCP",
			"num_streams":	1,
			"blksize":	131072,
			"omit":	0,
			"duration":	6,
			"bytes":	0,
			"blocks":	0,
			"reverse":	0
		}
	},
	"intervals":	[{
			"streams":	[{
					"socket":	5,
					"start":	0,
					"end":	1.00034,
					"seconds":	1.00034,
					"bytes":	2827944,
					"bits_per_second":	2.26158e+07,
					"omitted":	false
				}],
			"sum":	{
				"start":	0,
				"end":	1.00034,
				"seconds":	1.00034,
				"bytes":	2827944,
				"bits_per_second":	2.26158e+07,
				"omitted":	false
			}
		}, {
			"streams":	[{
					"socket":	5,
					"start":	1.00034,
					"end":	2.00019,
					"seconds":	0.99985,
					"bytes":	3844440,
					"bits_per_second":	3.07601e+07,
					"omitted":	false
				}],
			"sum":	{
				"start":	1.00034,
				"end":	2.00019,
				"seconds":	0.99985,
				"bytes":	3844440,
				"bits_per_second":	3.07601e+07,
				"omitted":	false
			}
		}, {
			"streams":	[{
					"socket":	5,
					"start":	2.00019,
					"end":	3.00017,
					"seconds":	0.999979,
					"bytes":	4106528,
					"bits_per_second":	3.28529e+07,
					"omitted":	false
				}],
			"sum":	{
				"start":	2.00019,
				"end":	3.00017,
				"seconds":	0.999979,
				"bytes":	4106528,
				"bits_per_second":	3.28529e+07,
				"omitted":	false
			}
		}, {
			"streams":	[{
					"socket":	5,
					"start":	3.00017,
					"end":	4.00023,
					"seconds":	1.00006,
					"bytes":	4504728,
					"bits_per_second":	3.60355e+07,
					"omitted":	false
				}],
			"sum":	{
				"start":	3.00017,
				"end":	4.00023,
				"seconds":	1.00006,
				"bytes":	4504728,
				"bits_per_second":	3.60355e+07,
				"omitted":	false
			}
		}, {
			"streams":	[{
					"socket":	5,
					"start":	4.00023,
					"end":	5.00015,
					"seconds":	0.999918,
					"bytes":	4222368,
					"bits_per_second":	3.37817e+07,
					"omitted":	false
				}],
			"sum":	{
				"start":	4.00023,
				"end":	5.00015,
				"seconds":	0.999918,
				"bytes":	4222368,
				"bits_per_second":	3.37817e+07,
				"omitted":	false
			}
		}, {
			"streams":	[{
					"socket":	5,
					"start":	5.00015,
					"end":	6.00017,
					"seconds":	1.00002,
					"bytes":	5308368,
					"bits_per_second":	4.24663e+07,
					"omitted":	false
				}],
			"sum":	{
				"start":	5.00015,
				"end":	6.00017,
				"seconds":	1.00002,
				"bytes":	5308368,
				"bits_per_second":	4.24663e+07,
				"omitted":	false
			}
		}, {
			"streams":	[{
					"socket":	5,
					"start":	6.00017,
					"end":	6.04548,
					"seconds":	0.0453138,
					"bytes":	272224,
					"bits_per_second":	4.80602e+07,
					"omitted":	false
				}],
			"sum":	{
				"start":	6.00017,
				"end":	6.04548,
				"seconds":	0.0453138,
				"bytes":	272224,
				"bits_per_second":	4.80602e+07,
				"omitted":	false
			}
		}],
	"end":	{
		"streams":	[{
				"sender":	{
					"socket":	5,
					"start":	0,
					"end":	6.04548,
					"seconds":	6.04548,
					"bytes":	25921040,
					"bits_per_second":	3.43014e+07,
					"retransmits":	2
				},
				"receiver":	{
					"socket":	5,
					"start":	0,
					"end":	6.04548,
					"seconds":	6.04548,
					"bytes":	25086600,
					"bits_per_second":	3.31972e+07
				}
			}],
		"sum_sent":	{
			"start":	0,
			"end":	6.04548,
			"seconds":	6.04548,
			"bytes":	25921040,
			"bits_per_second":	3.43014e+07,
			"retransmits":	2
		},
		"sum_received":	{
			"start":	0,
			"end":	6.04548,
			"seconds":	6.04548,
			"bytes":	25086600,
			"bits_per_second":	3.31972e+07
		},
		"cpu_utilization_percent":	{
			"host_total":	3.35956,
			"host_user":	0.170318,
			"host_system":	3.1919,
			"remote_total":	2.17173,
			"remote_user":	0.689067,
			"remote_system":	1.48264
		}
	}
}
