{
	"start":	{
		"connected":	[{
				"socket":	5,
				"local_host":	"10.0.0.19",
				"local_port":	3015,
				"remote_host":	"10.0.0.4",
				"remote_port":	58449
			}],
		"version":	"iperf 3.0.7",
		"system_info":	"Linux CS5 5.4.197-0504197-generic #202206060747 SMP Mon Jun 6 09:27:47 UTC 2022 x86_64 x86_64 x86_64 GNU/Linux\n",
		"timestamp":	{
			"time":	"Mon, 25 Jul 2022 21:43:08 GMT",
			"timesecs":	1658785388
		},
		"accepted_connection":	{
			"host":	"10.0.0.4",
			"port":	50434
		},
		"cookie":	"BS4.1658785388.318738.750c26ed1c1d8c",
		"test_start":	{
			"protocol":	"UDP",
			"num_streams":	1,
			"blksize":	8192,
			"omit":	0,
			"duration":	1,
			"bytes":	0,
			"blocks":	0,
			"reverse":	0
		}
	},
	"intervals":	[{
			"streams":	[{
					"socket":	5,
					"start":	0,
					"end":	1.00526,
					"seconds":	1.00526,
					"bytes":	13377536,
					"bits_per_second":	1.06461e+08,
					"jitter_ms":	1.38041,
					"lost_packets":	153,
					"packets":	1725,
					"lost_percent":	8.86957,
					"omitted":	false
				}],
			"sum":	{
				"start":	0,
				"end":	1.00526,
				"seconds":	1.00526,
				"bytes":	13377536,
				"bits_per_second":	1.06461e+08,
				"jitter_ms":	1.38041,
				"lost_packets":	153,
				"packets":	1725,
				"lost_percent":	8.86957,
				"omitted":	false
			}
		}, {
			"streams":	[{
					"socket":	5,
					"start":	1.00526,
					"end":	1.2362,
					"seconds":	0.230946,
					"bytes":	2236416,
					"bits_per_second":	7.74697e+07,
					"jitter_ms":	1.18541,
					"lost_packets":	33,
					"packets":	281,
					"lost_percent":	11.7438,
					"omitted":	false
				}],
			"sum":	{
				"start":	1.00526,
				"end":	1.2362,
				"seconds":	0.230946,
				"bytes":	2236416,
				"bits_per_second":	7.74697e+07,
				"jitter_ms":	1.18541,
				"lost_packets":	33,
				"packets":	281,
				"lost_percent":	11.7438,
				"omitted":	false
			}
		}],
	"end":	{
		"streams":	[{
				"udp":	{
					"socket":	5,
					"start":	0,
					"end":	1.2362,
					"seconds":	1.2362,
					"bytes":	16441344,
					"bits_per_second":	1.06399e+08,
					"jitter_ms":	1.18541,
					"lost_packets":	186,
					"packets":	2006,
					"lost_percent":	9.27218
				}
			}],
		"sum":	{
			"start":	0,
			"end":	1.2362,
			"seconds":	1.2362,
			"bytes":	16441344,
			"bits_per_second":	1.06399e+08,
			"jitter_ms":	1.18541,
			"lost_packets":	186,
			"packets":	2006,
			"lost_percent":	9.27218
		},
		"cpu_utilization_percent":	{
			"host_total":	9.06549,
			"host_user":	1.94912,
			"host_system":	7.11652,
			"remote_total":	55.82,
			"remote_user":	2.74177,
			"remote_system":	53.0779
		}
	},
	"error":	"OUT OF ORDER - incoming packet = 2 and received packet = 3 AND SP = 5",
	"error":	"OUT OF ORDER - incoming packet = 42 and received packet = 47 AND SP = 5",
	"error":	"OUT OF ORDER - incoming packet = 159 and received packet = 160 AND SP = 5",
	"error":	"OUT OF ORDER - incoming packet = 218 and received packet = 219 AND SP = 5",
	"error":	"OUT OF ORDER - incoming packet = 241 and received packet = 242 AND SP = 5",
	"error":	"OUT OF ORDER - incoming packet = 251 and received packet = 252 AND SP = 5",
	"error":	"OUT OF ORDER - incoming packet = 353 and received packet = 354 AND SP = 5",
	"error":	"OUT OF ORDER - incoming packet = 368 and received packet = 369 AND SP = 5",
	"error":	"OUT OF ORDER - incoming packet = 396 and received packet = 397 AND SP = 5",
	"error":	"OUT OF ORDER - incoming packet = 406 and received packet = 407 AND SP = 5",
	"error":	"OUT OF ORDER - incoming packet = 421 and received packet = 422 AND SP = 5",
	"error":	"OUT OF ORDER - incoming packet = 432 and received packet = 433 AND SP = 5",
	"error":	"OUT OF ORDER - incoming packet = 461 and received packet = 462 AND SP = 5",
	"error":	"OUT OF ORDER - incoming packet = 463 and received packet = 464 AND SP = 5",
	"error":	"OUT OF ORDER - incoming packet = 465 and received packet = 467 AND SP = 5",
	"error":	"OUT OF ORDER - incoming packet = 541 and received packet = 545 AND SP = 5",
	"error":	"OUT OF ORDER - incoming packet = 584 and received packet = 585 AND SP = 5",
	"error":	"OUT OF ORDER - incoming packet = 632 and received packet = 633 AND SP = 5",
	"error":	"OUT OF ORDER - incoming packet = 665 and received packet = 666 AND SP = 5",
	"error":	"OUT OF ORDER - incoming packet = 674 and received packet = 675 AND SP = 5",
	"error":	"OUT OF ORDER - incoming packet = 774 and received packet = 775 AND SP = 5",
	"error":	"OUT OF ORDER - incoming packet = 786 and received packet = 787 AND SP = 5",
	"error":	"OUT OF ORDER - incoming packet = 788 and received packet = 789 AND SP = 5",
	"error":	"OUT OF ORDER - incoming packet = 871 and received packet = 872 AND SP = 5",
	"error":	"OUT OF ORDER - incoming packet = 889 and received packet = 890 AND SP = 5",
	"error":	"OUT OF ORDER - incoming packet = 892 and received packet = 894 AND SP = 5",
	"error":	"OUT OF ORDER - incoming packet = 921 and received packet = 929 AND SP = 5",
	"error":	"OUT OF ORDER - incoming packet = 1020 and received packet = 1021 AND SP = 5",
	"error":	"OUT OF ORDER - incoming packet = 1068 and received packet = 1069 AND SP = 5",
	"error":	"OUT OF ORDER - incoming packet = 1077 and received packet = 1078 AND SP = 5",
	"error":	"OUT OF ORDER - incoming packet = 1142 and received packet = 1143 AND SP = 5",
	"error":	"OUT OF ORDER - incoming packet = 1203 and received packet = 1205 AND SP = 5",
	"error":	"OUT OF ORDER - incoming packet = 1266 and received packet = 1267 AND SP = 5",
	"error":	"OUT OF ORDER - incoming packet = 1305 and received packet = 1307 AND SP = 5",
	"error":	"OUT OF ORDER - incoming packet = 1311 and received packet = 1312 AND SP = 5",
	"error":	"OUT OF ORDER - incoming packet = 1327 and received packet = 1328 AND SP = 5",
	"error":	"OUT OF ORDER - incoming packet = 1360 and received packet = 1361 AND SP = 5",
	"error":	"OUT OF ORDER - incoming packet = 1364 and received packet = 1365 AND SP = 5",
	"error":	"OUT OF ORDER - incoming packet = 1363 and received packet = 1365 AND SP = 5",
	"error":	"OUT OF ORDER - incoming packet = 1375 and received packet = 1376 AND SP = 5",
	"error":	"OUT OF ORDER - incoming packet = 1393 and received packet = 1394 AND SP = 5",
	"error":	"OUT OF ORDER - incoming packet = 1397 and received packet = 1401 AND SP = 5",
	"error":	"OUT OF ORDER - incoming packet = 1405 and received packet = 1407 AND SP = 5",
	"error":	"OUT OF ORDER - incoming packet = 1446 and received packet = 1447 AND SP = 5",
	"error":	"OUT OF ORDER - incoming packet = 1474 and received packet = 1475 AND SP = 5",
	"error":	"OUT OF ORDER - incoming packet = 1504 and received packet = 1505 AND SP = 5",
	"error":	"OUT OF ORDER - incoming packet = 1547 and received packet = 1549 AND SP = 5",
	"error":	"OUT OF ORDER - incoming packet = 1552 and received packet = 1553 AND SP = 5",
	"error":	"OUT OF ORDER - incoming packet = 1551 and received packet = 1553 AND SP = 5",
	"error":	"OUT OF ORDER - incoming packet = 1583 and received packet = 1584 AND SP = 5",
	"error":	"OUT OF ORDER - incoming packet = 1587 and received packet = 1589 AND SP = 5",
	"error":	"OUT OF ORDER - incoming packet = 1638 and received packet = 1639 AND SP = 5",
	"error":	"OUT OF ORDER - incoming packet = 1658 and received packet = 1661 AND SP = 5",
	"error":	"OUT OF ORDER - incoming packet = 1663 and received packet = 1664 AND SP = 5",
	"error":	"OUT OF ORDER - incoming packet = 1669 and received packet = 1670 AND SP = 5",
	"error":	"OUT OF ORDER - incoming packet = 1693 and received packet = 1694 AND SP = 5",
	"error":	"OUT OF ORDER - incoming packet = 1697 and received packet = 1698 AND SP = 5",
	"error":	"OUT OF ORDER - incoming packet = 1700 and received packet = 1701 AND SP = 5",
	"error":	"OUT OF ORDER - incoming packet = 1705 and received packet = 1706 AND SP = 5",
	"error":	"OUT OF ORDER - incoming packet = 1710 and received packet = 1712 AND SP = 5",
	"error":	"OUT OF ORDER - incoming packet = 1711 and received packet = 1712 AND SP = 5",
	"error":	"OUT OF ORDER - incoming packet = 1729 and received packet = 1730 AND SP = 5",
	"error":	"OUT OF ORDER - incoming packet = 1739 and received packet = 1740 AND SP = 5",
	"error":	"OUT OF ORDER - incoming packet = 1750 and received packet = 1751 AND SP = 5",
	"error":	"OUT OF ORDER - incoming packet = 1763 and received packet = 1764 AND SP = 5",
	"error":	"OUT OF ORDER - incoming packet = 1803 and received packet = 1804 AND SP = 5",
	"error":	"OUT OF ORDER - incoming packet = 1810 and received packet = 1811 AND SP = 5",
	"error":	"OUT OF ORDER - incoming packet = 1813 and received packet = 1814 AND SP = 5",
	"error":	"OUT OF ORDER - incoming packet = 1815 and received packet = 1816 AND SP = 5",
	"error":	"OUT OF ORDER - incoming packet = 1835 and received packet = 1836 AND SP = 5",
	"error":	"OUT OF ORDER - incoming packet = 1837 and received packet = 1838 AND SP = 5",
	"error":	"OUT OF ORDER - incoming packet = 1851 and received packet = 1854 AND SP = 5",
	"error":	"OUT OF ORDER - incoming packet = 1852 and received packet = 1854 AND SP = 5",
	"error":	"OUT OF ORDER - incoming packet = 1853 and received packet = 1854 AND SP = 5",
	"error":	"OUT OF ORDER - incoming packet = 1855 and received packet = 1856 AND SP = 5",
	"error":	"OUT OF ORDER - incoming packet = 1857 and received packet = 1858 AND SP = 5",
	"error":	"OUT OF ORDER - incoming packet = 1859 and received packet = 1861 AND SP = 5",
	"error":	"OUT OF ORDER - incoming packet = 1868 and received packet = 1869 AND SP = 5",
	"error":	"OUT OF ORDER - incoming packet = 1871 and received packet = 1872 AND SP = 5",
	"error":	"OUT OF ORDER - incoming packet = 1874 and received packet = 1875 AND SP = 5",
	"error":	"OUT OF ORDER - incoming packet = 1876 and received packet = 1877 AND SP = 5",
	"error":	"OUT OF ORDER - incoming packet = 1879 and received packet = 1881 AND SP = 5",
	"error":	"OUT OF ORDER - incoming packet = 1880 and received packet = 1881 AND SP = 5",
	"error":	"OUT OF ORDER - incoming packet = 1895 and received packet = 1896 AND SP = 5",
	"error":	"OUT OF ORDER - incoming packet = 1942 and received packet = 1944 AND SP = 5",
	"error":	"OUT OF ORDER - incoming packet = 1955 and received packet = 1958 AND SP = 5"
}
