{
	"start":	{
		"connected":	[{
				"socket":	5,
				"local_host":	"10.0.0.19",
				"local_port":	3662,
				"remote_host":	"10.0.0.3",
				"remote_port":	42934
			}],
		"version":	"iperf 3.0.7",
		"system_info":	"Linux CS5 5.4.197-0504197-generic #202206060747 SMP Mon Jun 6 09:27:47 UTC 2022 x86_64 x86_64 x86_64 GNU/Linux\n",
		"timestamp":	{
			"time":	"Mon, 25 Jul 2022 21:43:21 GMT",
			"timesecs":	1658785401
		},
		"accepted_connection":	{
			"host":	"10.0.0.3",
			"port":	42932
		},
		"cookie":	"BS3.1658785401.394524.78256fca2842df",
		"tcp_mss_default":	1448,
		"test_start":	{
			"protocol":	"TCP",
			"num_streams":	1,
			"blksize":	131072,
			"omit":	0,
			"duration":	6,
			"bytes":	0,
			"blocks":	0,
			"reverse":	0
		}
	},
	"intervals":	[{
			"streams":	[{
					"socket":	5,
					"start":	0,
					"end":	1.00041,
					"seconds":	1.00041,
					"bytes":	11372048,
					"bits_per_second":	9.09389e+07,
					"omitted":	false
				}],
			"sum":	{
				"start":	0,
				"end":	1.00041,
				"seconds":	1.00041,
				"bytes":	11372048,
				"bits_per_second":	9.09389e+07,
				"omitted":	false
			}
		}, {
			"streams":	[{
					"socket":	5,
					"start":	1.00041,
					"end":	2.00116,
					"seconds":	1.00075,
					"bytes":	12451840,
					"bits_per_second":	9.95402e+07,
					"omitted":	false
				}],
			"sum":	{
				"start":	1.00041,
				"end":	2.00116,
				"seconds":	1.00075,
				"bytes":	12451840,
				"bits_per_second":	9.95402e+07,
				"omitted":	false
			}
		}, {
			"streams":	[{
					"socket":	5,
					"start":	2.00116,
					"end":	3.00048,
					"seconds":	0.999317,
					"bytes":	12451840,
					"bits_per_second":	9.96828e+07,
					"omitted":	false
				}],
			"sum":	{
				"start":	2.00116,
				"end":	3.00048,
				"seconds":	0.999317,
				"bytes":	12451840,
				"bits_per_second":	9.96828e+07,
				"omitted":	false
			}
		}, {
			"streams":	[{
					"socket":	5,
					"start":	3.00048,
					"end":	4.00042,
					"seconds":	0.999942,
					"bytes":	12582912,
					"bits_per_second":	1.00669e+08,
					"omitted":	false
				}],
			"sum":	{
				"start":	3.00048,
				"end":	4.00042,
				"seconds":	0.999942,
				"bytes":	12582912,
				"bits_per_second":	1.00669e+08,
				"omitted":	false
			}
		}, {
			"streams":	[{
					"socket":	5,
					"start":	4.00042,
					"end":	5.00035,
					"seconds":	0.999932,
					"bytes":	12451840,
					"bits_per_second":	9.96215e+07,
					"omitted":	false
				}],
			"sum":	{
				"start":	4.00042,
				"end":	5.00035,
				"seconds":	0.999932,
				"bytes":	12451840,
				"bits_per_second":	9.96215e+07,
				"omitted":	false
			}
		}, {
			"streams":	[{
					"socket":	5,
					"start":	5.00035,
					"end":	6.00017,
					"seconds":	0.999815,
					"bytes":	12582912,
					"bits_per_second":	1.00682e+08,
					"omitted":	false
				}],
			"sum":	{
				"start":	5.00035,
				"end":	6.00017,
				"seconds":	0.999815,
				"bytes":	12582912,
				"bits_per_second":	1.00682e+08,
				"omitted":	false
			}
		}, {
			"streams":	[{
					"socket":	5,
					"start":	6.00017,
					"end":	6.025,
					"seconds":	0.0248358,
					"bytes":	0,
					"bits_per_second":	0,
					"omitted":	false
				}],
			"sum":	{
				"start":	6.00017,
				"end":	6.025,
				"seconds":	0.0248358,
				"bytes":	0,
				"bits_per_second":	0,
				"omitted":	false
			}
		}],
	"end":	{
		"streams":	[{
				"sender":	{
					"socket":	5,
					"start":	0,
					"end":	6.025,
					"seconds":	6.025,
					"bytes":	73893392,
					"bits_per_second":	9.81157e+07,
					"retransmits":	18
				},
				"receiver":	{
					"socket":	5,
					"start":	0,
					"end":	6.025,
					"seconds":	6.025,
					"bytes":	73893392,
					"bits_per_second":	9.81157e+07
				}
			}],
		"sum_sent":	{
			"start":	0,
			"end":	6.025,
			"seconds":	6.025,
			"bytes":	73893392,
			"bits_per_second":	9.81157e+07,
			"retransmits":	18
		},
		"sum_received":	{
			"start":	0,
			"end":	6.025,
			"seconds":	6.025,
			"bytes":	73893392,
			"bits_per_second":	9.81157e+07
		},
		"cpu_utilization_percent":	{
			"host_total":	4.04095,
			"host_user":	0.186519,
			"host_system":	3.8544,
			"remote_total":	2.29164,
			"remote_user":	0.336431,
			"remote_system":	1.95519
		}
	}
}
