{
	"start":	{
		"connected":	[{
				"socket":	5,
				"local_host":	"10.0.0.20",
				"local_port":	4079,
				"remote_host":	"10.0.0.1",
				"remote_port":	49464
			}],
		"version":	"iperf 3.0.7",
		"system_info":	"Linux CS6 5.4.197-0504197-generic #202206060747 SMP Mon Jun 6 09:27:47 UTC 2022 x86_64 x86_64 x86_64 GNU/Linux\n",
		"timestamp":	{
			"time":	"Mon, 25 Jul 2022 21:42:27 GMT",
			"timesecs":	1658785347
		},
		"accepted_connection":	{
			"host":	"10.0.0.1",
			"port":	33714
		},
		"cookie":	"BS1.1658785347.542139.31d83f443132dd",
		"test_start":	{
			"protocol":	"UDP",
			"num_streams":	1,
			"blksize":	8192,
			"omit":	0,
			"duration":	6,
			"bytes":	0,
			"blocks":	0,
			"reverse":	0
		}
	},
	"intervals":	[{
			"streams":	[{
					"socket":	5,
					"start":	0,
					"end":	1.00064,
					"seconds":	1.00064,
					"bytes":	13721600,
					"bits_per_second":	1.09702e+08,
					"jitter_ms":	0.398852,
					"lost_packets":	938,
					"packets":	2603,
					"lost_percent":	36.0353,
					"omitted":	false
				}],
			"sum":	{
				"start":	0,
				"end":	1.00064,
				"seconds":	1.00064,
				"bytes":	13721600,
				"bits_per_second":	1.09702e+08,
				"jitter_ms":	0.398852,
				"lost_packets":	938,
				"packets":	2603,
				"lost_percent":	36.0353,
				"omitted":	false
			}
		}, {
			"streams":	[{
					"socket":	5,
					"start":	1.00064,
					"end":	2.00175,
					"seconds":	1.00111,
					"bytes":	2195456,
					"bits_per_second":	1.75443e+07,
					"jitter_ms":	0.736738,
					"lost_packets":	128,
					"packets":	388,
					"lost_percent":	32.9897,
					"omitted":	false
				}],
			"sum":	{
				"start":	1.00064,
				"end":	2.00175,
				"seconds":	1.00111,
				"bytes":	2195456,
				"bits_per_second":	1.75443e+07,
				"jitter_ms":	0.736738,
				"lost_packets":	128,
				"packets":	388,
				"lost_percent":	32.9897,
				"omitted":	false
			}
		}, {
			"streams":	[{
					"socket":	5,
					"start":	2.00175,
					"end":	3.00149,
					"seconds":	0.999742,
					"bytes":	0,
					"bits_per_second":	0,
					"jitter_ms":	0.736738,
					"lost_packets":	0,
					"packets":	0,
					"lost_percent":	-nan,
					"omitted":	false
				}],
			"sum":	{
				"start":	2.00175,
				"end":	3.00149,
				"seconds":	0.999742,
				"bytes":	0,
				"bits_per_second":	0,
				"jitter_ms":	0.736738,
				"lost_packets":	0,
				"packets":	0,
				"lost_percent":	-nan,
				"omitted":	false
			}
		}, {
			"streams":	[{
					"socket":	5,
					"start":	3.00149,
					"end":	4.00151,
					"seconds":	1.00002,
					"bytes":	0,
					"bits_per_second":	0,
					"jitter_ms":	0.736738,
					"lost_packets":	0,
					"packets":	0,
					"lost_percent":	-nan,
					"omitted":	false
				}],
			"sum":	{
				"start":	3.00149,
				"end":	4.00151,
				"seconds":	1.00002,
				"bytes":	0,
				"bits_per_second":	0,
				"jitter_ms":	0.736738,
				"lost_packets":	0,
				"packets":	0,
				"lost_percent":	-nan,
				"omitted":	false
			}
		}, {
			"streams":	[{
					"socket":	5,
					"start":	4.00151,
					"end":	5.00073,
					"seconds":	0.999213,
					"bytes":	0,
					"bits_per_second":	0,
					"jitter_ms":	0.736738,
					"lost_packets":	0,
					"packets":	0,
					"lost_percent":	-nan,
					"omitted":	false
				}],
			"sum":	{
				"start":	4.00151,
				"end":	5.00073,
				"seconds":	0.999213,
				"bytes":	0,
				"bits_per_second":	0,
				"jitter_ms":	0.736738,
				"lost_packets":	0,
				"packets":	0,
				"lost_percent":	-nan,
				"omitted":	false
			}
		}, {
			"streams":	[{
					"socket":	5,
					"start":	5.00073,
					"end":	6.00123,
					"seconds":	1.0005,
					"bytes":	0,
					"bits_per_second":	0,
					"jitter_ms":	0.736738,
					"lost_packets":	0,
					"packets":	0,
					"lost_percent":	-nan,
					"omitted":	false
				}],
			"sum":	{
				"start":	5.00073,
				"end":	6.00123,
				"seconds":	1.0005,
				"bytes":	0,
				"bits_per_second":	0,
				"jitter_ms":	0.736738,
				"lost_packets":	0,
				"packets":	0,
				"lost_percent":	-nan,
				"omitted":	false
			}
		}, {
			"streams":	[{
					"socket":	5,
					"start":	6.00123,
					"end":	6.06719,
					"seconds":	0.065959,
					"bytes":	0,
					"bits_per_second":	0,
					"jitter_ms":	0.736738,
					"lost_packets":	0,
					"packets":	0,
					"lost_percent":	-nan,
					"omitted":	false
				}],
			"sum":	{
				"start":	6.00123,
				"end":	6.06719,
				"seconds":	0.065959,
				"bytes":	0,
				"bits_per_second":	0,
				"jitter_ms":	0.736738,
				"lost_packets":	0,
				"packets":	0,
				"lost_percent":	-nan,
				"omitted":	false
			}
		}],
	"end":	{
		"streams":	[{
				"udp":	{
					"socket":	5,
					"start":	0,
					"end":	6.06719,
					"seconds":	6.06719,
					"bytes":	148275200,
					"bits_per_second":	1.95511e+08,
					"jitter_ms":	0.736738,
					"lost_packets":	1066,
					"packets":	2991,
					"lost_percent":	35.6403
				}
			}],
		"sum":	{
			"start":	0,
			"end":	6.06719,
			"seconds":	6.06719,
			"bytes":	148275200,
			"bits_per_second":	1.95511e+08,
			"jitter_ms":	0.736738,
			"lost_packets":	1066,
			"packets":	2991,
			"lost_percent":	35.6403
		},
		"cpu_utilization_percent":	{
			"host_total":	1.78713,
			"host_user":	0.618251,
			"host_system":	1.16888,
			"remote_total":	38.1367,
			"remote_user":	0.709367,
			"remote_system":	37.4273
		}
	},
	"error":	"OUT OF ORDER - incoming packet = 3 and received packet = 4 AND SP = 5",
	"error":	"OUT OF ORDER - incoming packet = 2 and received packet = 4 AND SP = 5",
	"error":	"OUT OF ORDER - incoming packet = 1 and received packet = 4 AND SP = 5",
	"error":	"OUT OF ORDER - incoming packet = 415 and received packet = 416 AND SP = 5",
	"error":	"OUT OF ORDER - incoming packet = 421 and received packet = 422 AND SP = 5",
	"error":	"OUT OF ORDER - incoming packet = 2274 and received packet = 2275 AND SP = 5",
	"error":	"OUT OF ORDER - incoming packet = 2281 and received packet = 2283 AND SP = 5",
	"error":	"OUT OF ORDER - incoming packet = 2282 and received packet = 2283 AND SP = 5",
	"error":	"OUT OF ORDER - incoming packet = 2287 and received packet = 2288 AND SP = 5",
	"error":	"OUT OF ORDER - incoming packet = 2600 and received packet = 2601 AND SP = 5",
	"error":	"OUT OF ORDER - incoming packet = 2888 and received packet = 2889 AND SP = 5",
	"error":	"OUT OF ORDER - incoming packet = 2890 and received packet = 2891 AND SP = 5",
	"error":	"OUT OF ORDER - incoming packet = 2903 and received packet = 2904 AND SP = 5",
	"error":	"OUT OF ORDER - incoming packet = 2909 and received packet = 2911 AND SP = 5",
	"error":	"OUT OF ORDER - incoming packet = 2912 and received packet = 2914 AND SP = 5",
	"error":	"OUT OF ORDER - incoming packet = 2917 and received packet = 2920 AND SP = 5",
	"error":	"OUT OF ORDER - incoming packet = 2941 and received packet = 2942 AND SP = 5",
	"error":	"OUT OF ORDER - incoming packet = 2952 and received packet = 2953 AND SP = 5"
}
