{
	"start":	{
		"connected":	[{
				"socket":	5,
				"local_host":	"10.0.0.17",
				"local_port":	3388,
				"remote_host":	"10.0.0.2",
				"remote_port":	36046
			}],
		"version":	"iperf 3.0.7",
		"system_info":	"Linux CS3 5.4.197-0504197-generic #202206060747 SMP Mon Jun 6 09:27:47 UTC 2022 x86_64 x86_64 x86_64 GNU/Linux\n",
		"timestamp":	{
			"time":	"Mon, 25 Jul 2022 21:50:31 GMT",
			"timesecs":	1658785831
		},
		"accepted_connection":	{
			"host":	"10.0.0.2",
			"port":	36044
		},
		"cookie":	"BS2.1658785831.413774.724a6bf909b1a1",
		"tcp_mss_default":	1448,
		"test_start":	{
			"protocol":	"TCP",
			"num_streams":	1,
			"blksize":	131072,
			"omit":	0,
			"duration":	1,
			"bytes":	0,
			"blocks":	0,
			"reverse":	0
		}
	},
	"intervals":	[{
			"streams":	[{
					"socket":	5,
					"start":	0,
					"end":	1.00022,
					"seconds":	1.00022,
					"bytes":	11372048,
					"bits_per_second":	9.09566e+07,
					"omitted":	false
				}],
			"sum":	{
				"start":	0,
				"end":	1.00022,
				"seconds":	1.00022,
				"bytes":	11372048,
				"bits_per_second":	9.09566e+07,
				"omitted":	false
			}
		}, {
			"streams":	[{
					"socket":	5,
					"start":	1.00022,
					"end":	1.02791,
					"seconds":	0.0276909,
					"bytes":	0,
					"bits_per_second":	0,
					"omitted":	false
				}],
			"sum":	{
				"start":	1.00022,
				"end":	1.02791,
				"seconds":	0.0276909,
				"bytes":	0,
				"bits_per_second":	0,
				"omitted":	false
			}
		}],
	"end":	{
		"streams":	[{
				"sender":	{
					"socket":	5,
					"start":	0,
					"end":	1.02791,
					"seconds":	1.02791,
					"bytes":	11372048,
					"bits_per_second":	8.85064e+07,
					"retransmits":	0
				},
				"receiver":	{
					"socket":	5,
					"start":	0,
					"end":	1.02791,
					"seconds":	1.02791,
					"bytes":	11372048,
					"bits_per_second":	8.85064e+07
				}
			}],
		"sum_sent":	{
			"start":	0,
			"end":	1.02791,
			"seconds":	1.02791,
			"bytes":	11372048,
			"bits_per_second":	8.85064e+07,
			"retransmits":	0
		},
		"sum_received":	{
			"start":	0,
			"end":	1.02791,
			"seconds":	1.02791,
			"bytes":	11372048,
			"bits_per_second":	8.85064e+07
		},
		"cpu_utilization_percent":	{
			"host_total":	2.08521,
			"host_user":	1.20809,
			"host_system":	0.877123,
			"remote_total":	5.89768,
			"remote_user":	3.09559,
			"remote_system":	2.80209
		}
	}
}
