{
	"start":	{
		"connected":	[{
				"socket":	5,
				"local_host":	"10.0.0.11",
				"local_port":	3826,
				"remote_host":	"10.0.0.2",
				"remote_port":	34448
			}],
		"version":	"iperf 3.7",
		"system_info":	"Linux H11 5.4.197-0504197-generic #202206060747 SMP Mon Jun 6 09:27:47 UTC 2022 x86_64",
		"target_bitrate":	15000000,
		"sock_bufsize":	0,
		"sndbuf_actual":	87380,
		"rcvbuf_actual":	87380,
		"timestamp":	{
			"time":	"Mon, 01 Aug 2022 00:23:15 GMT",
			"timesecs":	1659313395
		},
		"accepted_connection":	{
			"host":	"10.0.0.2",
			"port":	34446
		},
		"cookie":	"o7ymmly2uhkg5zftst7kpie27cikx7pgrdyz",
		"tcp_mss_default":	0,
		"target_bitrate":	15000000,
		"test_start":	{
			"protocol":	"TCP",
			"num_streams":	1,
			"blksize":	131072,
			"omit":	0,
			"duration":	5,
			"bytes":	0,
			"blocks":	0,
			"reverse":	0,
			"tos":	0
		}
	},
	"intervals":	[{
			"streams":	[{
					"socket":	5,
					"start":	0,
					"end":	1.000963,
					"seconds":	1.0009629726409912,
					"bytes":	1966080,
					"bits_per_second":	15713508.321392512,
					"omitted":	false,
					"sender":	false
				}],
			"sum":	{
				"start":	0,
				"end":	1.000963,
				"seconds":	1.0009629726409912,
				"bytes":	1966080,
				"bits_per_second":	15713508.321392512,
				"omitted":	false,
				"sender":	false
			}
		}, {
			"streams":	[{
					"socket":	5,
					"start":	1.000963,
					"end":	2.000348,
					"seconds":	0.99938499927520752,
					"bytes":	1835008,
					"bits_per_second":	14689097.805797113,
					"omitted":	false,
					"sender":	false
				}],
			"sum":	{
				"start":	1.000963,
				"end":	2.000348,
				"seconds":	0.99938499927520752,
				"bytes":	1835008,
				"bits_per_second":	14689097.805797113,
				"omitted":	false,
				"sender":	false
			}
		}, {
			"streams":	[{
					"socket":	5,
					"start":	2.000348,
					"end":	3.000302,
					"seconds":	0.9999539852142334,
					"bytes":	1835008,
					"bits_per_second":	14680739.531084418,
					"omitted":	false,
					"sender":	false
				}],
			"sum":	{
				"start":	2.000348,
				"end":	3.000302,
				"seconds":	0.9999539852142334,
				"bytes":	1835008,
				"bits_per_second":	14680739.531084418,
				"omitted":	false,
				"sender":	false
			}
		}, {
			"streams":	[{
					"socket":	5,
					"start":	3.000302,
					"end":	4.000258,
					"seconds":	0.99995601177215576,
					"bytes":	1966080,
					"bits_per_second":	15729331.905435694,
					"omitted":	false,
					"sender":	false
				}],
			"sum":	{
				"start":	3.000302,
				"end":	4.000258,
				"seconds":	0.99995601177215576,
				"bytes":	1966080,
				"bits_per_second":	15729331.905435694,
				"omitted":	false,
				"sender":	false
			}
		}, {
			"streams":	[{
					"socket":	5,
					"start":	4.000258,
					"end":	5.000583,
					"seconds":	1.0003249645233154,
					"bytes":	1835008,
					"bits_per_second":	14675295.049739648,
					"omitted":	false,
					"sender":	false
				}],
			"sum":	{
				"start":	4.000258,
				"end":	5.000583,
				"seconds":	1.0003249645233154,
				"bytes":	1835008,
				"bits_per_second":	14675295.049739648,
				"omitted":	false,
				"sender":	false
			}
		}],
	"end":	{
		"streams":	[{
				"sender":	{
					"socket":	5,
					"start":	0,
					"end":	5.000774,
					"seconds":	5.000774,
					"bytes":	0,
					"bits_per_second":	0,
					"sender":	false
				},
				"receiver":	{
					"socket":	5,
					"start":	0,
					"end":	5.000774,
					"seconds":	5.000774,
					"bytes":	9437184,
					"bits_per_second":	15097157.360040667,
					"sender":	false
				}
			}],
		"sum_sent":	{
			"start":	0,
			"end":	5.000774,
			"seconds":	5.000774,
			"bytes":	0,
			"bits_per_second":	0,
			"sender":	false
		},
		"sum_received":	{
			"start":	0,
			"end":	5.000774,
			"seconds":	5.000774,
			"bytes":	9437184,
			"bits_per_second":	15097157.360040667,
			"sender":	false
		},
		"cpu_utilization_percent":	{
			"host_total":	1.9583744979249058,
			"host_user":	0.61458278294903634,
			"host_system":	1.3437717765258645,
			"remote_total":	0,
			"remote_user":	0,
			"remote_system":	0
		},
		"receiver_tcp_congestion":	"cubic"
	}
}
