{
	"start":	{
		"connected":	[{
				"socket":	5,
				"local_host":	"10.0.0.11",
				"local_port":	1596,
				"remote_host":	"10.0.0.5",
				"remote_port":	41782
			}],
		"version":	"iperf 3.0.7",
		"system_info":	"Linux H11 5.4.197-0504197-generic #202206060747 SMP Mon Jun 6 09:27:47 UTC 2022 x86_64 x86_64 x86_64 GNU/Linux\n",
		"timestamp":	{
			"time":	"Fri, 22 Jul 2022 16:23:58 GMT",
			"timesecs":	1658507038
		},
		"accepted_connection":	{
			"host":	"10.0.0.5",
			"port":	41780
		},
		"cookie":	"H5.1658507038.713426.096f96de3ca7351",
		"tcp_mss_default":	1448,
		"test_start":	{
			"protocol":	"TCP",
			"num_streams":	1,
			"blksize":	131072,
			"omit":	0,
			"duration":	5,
			"bytes":	0,
			"blocks":	0,
			"reverse":	0
		}
	},
	"intervals":	[{
			"streams":	[{
					"socket":	5,
					"start":	0,
					"end":	1.00011,
					"seconds":	1.00011,
					"bytes":	1696640,
					"bits_per_second":	1.35716e+07,
					"omitted":	false
				}],
			"sum":	{
				"start":	0,
				"end":	1.00011,
				"seconds":	1.00011,
				"bytes":	1696640,
				"bits_per_second":	1.35716e+07,
				"omitted":	false
			}
		}, {
			"streams":	[{
					"socket":	5,
					"start":	1.00011,
					"end":	2.00018,
					"seconds":	1.00007,
					"bytes":	1966080,
					"bits_per_second":	1.57275e+07,
					"omitted":	false
				}],
			"sum":	{
				"start":	1.00011,
				"end":	2.00018,
				"seconds":	1.00007,
				"bytes":	1966080,
				"bits_per_second":	1.57275e+07,
				"omitted":	false
			}
		}, {
			"streams":	[{
					"socket":	5,
					"start":	2.00018,
					"end":	3.00056,
					"seconds":	1.00038,
					"bytes":	1835008,
					"bits_per_second":	1.46745e+07,
					"omitted":	false
				}],
			"sum":	{
				"start":	2.00018,
				"end":	3.00056,
				"seconds":	1.00038,
				"bytes":	1835008,
				"bits_per_second":	1.46745e+07,
				"omitted":	false
			}
		}, {
			"streams":	[{
					"socket":	5,
					"start":	3.00056,
					"end":	4.0004,
					"seconds":	0.999837,
					"bytes":	1835008,
					"bits_per_second":	1.46825e+07,
					"omitted":	false
				}],
			"sum":	{
				"start":	3.00056,
				"end":	4.0004,
				"seconds":	0.999837,
				"bytes":	1835008,
				"bits_per_second":	1.46825e+07,
				"omitted":	false
			}
		}, {
			"streams":	[{
					"socket":	5,
					"start":	4.0004,
					"end":	5.00102,
					"seconds":	1.00063,
					"bytes":	1966080,
					"bits_per_second":	1.57188e+07,
					"omitted":	false
				}],
			"sum":	{
				"start":	4.0004,
				"end":	5.00102,
				"seconds":	1.00063,
				"bytes":	1966080,
				"bits_per_second":	1.57188e+07,
				"omitted":	false
			}
		}, {
			"streams":	[{
					"socket":	5,
					"start":	5.00102,
					"end":	5.0017,
					"seconds":	0.000674963,
					"bytes":	0,
					"bits_per_second":	0,
					"omitted":	false
				}],
			"sum":	{
				"start":	5.00102,
				"end":	5.0017,
				"seconds":	0.000674963,
				"bytes":	0,
				"bits_per_second":	0,
				"omitted":	false
			}
		}],
	"end":	{
		"streams":	[{
				"sender":	{
					"socket":	5,
					"start":	0,
					"end":	5.0017,
					"seconds":	5.0017,
					"bytes":	9298816,
					"bits_per_second":	1.4873e+07,
					"retransmits":	0
				},
				"receiver":	{
					"socket":	5,
					"start":	0,
					"end":	5.0017,
					"seconds":	5.0017,
					"bytes":	9298816,
					"bits_per_second":	1.4873e+07
				}
			}],
		"sum_sent":	{
			"start":	0,
			"end":	5.0017,
			"seconds":	5.0017,
			"bytes":	9298816,
			"bits_per_second":	1.4873e+07,
			"retransmits":	0
		},
		"sum_received":	{
			"start":	0,
			"end":	5.0017,
			"seconds":	5.0017,
			"bytes":	9298816,
			"bits_per_second":	1.4873e+07
		},
		"cpu_utilization_percent":	{
			"host_total":	1.2236,
			"host_user":	0.583635,
			"host_system":	0.639942,
			"remote_total":	0.542378,
			"remote_user":	0.138676,
			"remote_system":	0.403682
		}
	}
}
{
	"start":	{
		"connected":	[],
		"version":	"iperf 3.0.7",
		"system_info":	"Linux H11 5.4.197-0504197-generic #202206060747 SMP Mon Jun 6 09:27:47 UTC 2022 x86_64 x86_64 x86_64 GNU/Linux\n"
	},
	"intervals":	[],
	"end":	{
	},
	"error":	"interrupt - the server has terminated"
}
