{
	"start":	{
		"connected":	[{
				"socket":	5,
				"local_host":	"10.0.0.9",
				"local_port":	1666,
				"remote_host":	"10.0.0.2",
				"remote_port":	60442
			}],
		"version":	"iperf 3.0.7",
		"system_info":	"Linux H9 5.4.197-0504197-generic #202206060747 SMP Mon Jun 6 09:27:47 UTC 2022 x86_64 x86_64 x86_64 GNU/Linux\n",
		"timestamp":	{
			"time":	"Fri, 22 Jul 2022 09:30:14 GMT",
			"timesecs":	1658482214
		},
		"accepted_connection":	{
			"host":	"10.0.0.2",
			"port":	60440
		},
		"cookie":	"H2.1658482214.580472.4c4ef68725a7fa8",
		"tcp_mss_default":	1448,
		"test_start":	{
			"protocol":	"TCP",
			"num_streams":	1,
			"blksize":	131072,
			"omit":	0,
			"duration":	5,
			"bytes":	0,
			"blocks":	0,
			"reverse":	0
		}
	},
	"intervals":	[{
			"streams":	[{
					"socket":	5,
					"start":	0,
					"end":	1.00109,
					"seconds":	1.00109,
					"bytes":	1817576,
					"bits_per_second":	1.45248e+07,
					"omitted":	false
				}],
			"sum":	{
				"start":	0,
				"end":	1.00109,
				"seconds":	1.00109,
				"bytes":	1817576,
				"bits_per_second":	1.45248e+07,
				"omitted":	false
			}
		}, {
			"streams":	[{
					"socket":	5,
					"start":	1.00109,
					"end":	2.00107,
					"seconds":	0.999979,
					"bytes":	1835008,
					"bits_per_second":	1.46804e+07,
					"omitted":	false
				}],
			"sum":	{
				"start":	1.00109,
				"end":	2.00107,
				"seconds":	0.999979,
				"bytes":	1835008,
				"bits_per_second":	1.46804e+07,
				"omitted":	false
			}
		}, {
			"streams":	[{
					"socket":	5,
					"start":	2.00107,
					"end":	3.00088,
					"seconds":	0.999813,
					"bytes":	1835008,
					"bits_per_second":	1.46828e+07,
					"omitted":	false
				}],
			"sum":	{
				"start":	2.00107,
				"end":	3.00088,
				"seconds":	0.999813,
				"bytes":	1835008,
				"bits_per_second":	1.46828e+07,
				"omitted":	false
			}
		}, {
			"streams":	[{
					"socket":	5,
					"start":	3.00088,
					"end":	4.00065,
					"seconds":	0.999772,
					"bytes":	1835008,
					"bits_per_second":	1.46834e+07,
					"omitted":	false
				}],
			"sum":	{
				"start":	3.00088,
				"end":	4.00065,
				"seconds":	0.999772,
				"bytes":	1835008,
				"bits_per_second":	1.46834e+07,
				"omitted":	false
			}
		}, {
			"streams":	[{
					"socket":	5,
					"start":	4.00065,
					"end":	5.00044,
					"seconds":	0.999786,
					"bytes":	1966080,
					"bits_per_second":	1.5732e+07,
					"omitted":	false
				}],
			"sum":	{
				"start":	4.00065,
				"end":	5.00044,
				"seconds":	0.999786,
				"bytes":	1966080,
				"bits_per_second":	1.5732e+07,
				"omitted":	false
			}
		}, {
			"streams":	[{
					"socket":	5,
					"start":	5.00044,
					"end":	5.00164,
					"seconds":	0.0012002,
					"bytes":	0,
					"bits_per_second":	0,
					"omitted":	false
				}],
			"sum":	{
				"start":	5.00044,
				"end":	5.00164,
				"seconds":	0.0012002,
				"bytes":	0,
				"bits_per_second":	0,
				"omitted":	false
			}
		}],
	"end":	{
		"streams":	[{
				"sender":	{
					"socket":	5,
					"start":	0,
					"end":	5.00164,
					"seconds":	5.00164,
					"bytes":	9288680,
					"bits_per_second":	1.4857e+07,
					"retransmits":	0
				},
				"receiver":	{
					"socket":	5,
					"start":	0,
					"end":	5.00164,
					"seconds":	5.00164,
					"bytes":	9288680,
					"bits_per_second":	1.4857e+07
				}
			}],
		"sum_sent":	{
			"start":	0,
			"end":	5.00164,
			"seconds":	5.00164,
			"bytes":	9288680,
			"bits_per_second":	1.4857e+07,
			"retransmits":	0
		},
		"sum_received":	{
			"start":	0,
			"end":	5.00164,
			"seconds":	5.00164,
			"bytes":	9288680,
			"bits_per_second":	1.4857e+07
		},
		"cpu_utilization_percent":	{
			"host_total":	1.30659,
			"host_user":	0,
			"host_system":	1.30659,
			"remote_total":	0.30946,
			"remote_user":	0,
			"remote_system":	0.30942
		}
	}
}
